[2025-06-04T11:30:57.051+0000] {local_task_job_runner.py:123} INFO - ::group::Pre task execution logs
[2025-06-04T11:30:57.064+0000] {taskinstance.py:2613} INFO - Dependencies all met for dep_context=non-requeueable deps ti=<TaskInstance: curry_medallion_etl.submit_bronze_etl_job manual__2025-06-04T10:57:38.377169+00:00 [queued]>
[2025-06-04T11:30:57.070+0000] {taskinstance.py:2613} INFO - Dependencies all met for dep_context=requeueable deps ti=<TaskInstance: curry_medallion_etl.submit_bronze_etl_job manual__2025-06-04T10:57:38.377169+00:00 [queued]>
[2025-06-04T11:30:57.071+0000] {taskinstance.py:2866} INFO - Starting attempt 2 of 1
[2025-06-04T11:30:57.080+0000] {taskinstance.py:2889} INFO - Executing <Task(SparkSubmitOperator): submit_bronze_etl_job> on 2025-06-04 10:57:38.377169+00:00
[2025-06-04T11:30:57.083+0000] {standard_task_runner.py:72} INFO - Started process 188 to run task
[2025-06-04T11:30:57.090+0000] {standard_task_runner.py:104} INFO - Running: ['***', 'tasks', 'run', 'curry_medallion_etl', 'submit_bronze_etl_job', 'manual__2025-06-04T10:57:38.377169+00:00', '--job-id', '7', '--raw', '--subdir', 'DAGS_FOLDER/medallion_sales_etl_dag.py', '--cfg-path', '/tmp/tmp6sfegq2m']
[2025-06-04T11:30:57.092+0000] {standard_task_runner.py:105} INFO - Job 7: Subtask submit_bronze_etl_job
[2025-06-04T11:30:57.136+0000] {task_command.py:467} INFO - Running <TaskInstance: curry_medallion_etl.submit_bronze_etl_job manual__2025-06-04T10:57:38.377169+00:00 [running]> on host 3054c2588e28
[2025-06-04T11:30:57.196+0000] {taskinstance.py:3132} INFO - Exporting env vars: AIRFLOW_CTX_DAG_OWNER='qdinh18' AIRFLOW_CTX_DAG_ID='curry_medallion_etl' AIRFLOW_CTX_TASK_ID='submit_bronze_etl_job' AIRFLOW_CTX_EXECUTION_DATE='2025-06-04T10:57:38.377169+00:00' AIRFLOW_CTX_TRY_NUMBER='2' AIRFLOW_CTX_DAG_RUN_ID='manual__2025-06-04T10:57:38.377169+00:00'
[2025-06-04T11:30:57.196+0000] {taskinstance.py:731} INFO - ::endgroup::
[2025-06-04T11:30:57.228+0000] {base.py:84} INFO - Retrieving connection 'spark_default'
[2025-06-04T11:30:57.229+0000] {spark_submit.py:474} INFO - Spark-Submit cmd: spark-submit --master spark://spark-master:7077 --conf spark.executor.memory=2g --conf spark.sql.extensions=io.delta.sql.DeltaSparkSessionExtension --conf spark.sql.catalog.spark_catalog=org.apache.spark.sql.delta.catalog.DeltaCatalog --conf spark.hadoop.fs.s3a.endpoint=http://minio:9000 --conf spark.hadoop.fs.s3a.access.key=minioadmin --conf spark.hadoop.fs.s3a.secret.key=****** --conf spark.hadoop.fs.s3a.path.style.access=true --conf spark.hadoop.fs.s3a.impl=org.apache.hadoop.fs.s3a.S3AFileSystem --packages org.apache.hadoop:hadoop-aws:3.3.4,com.amazonaws:aws-java-sdk-bundle:1.12.262,io.delta:delta-spark_2.12:3.1.0 --name bronze_sc_stats_etl --verbose --queue root.default --deploy-mode client /opt/***/dags/bronze_ingestion_sc_stats_etl.py --output_path s3a://mybucket/bronze/curry_raw_data/
[2025-06-04T11:30:58.287+0000] {spark_submit.py:644} INFO - Using properties file: null
[2025-06-04T11:30:58.364+0000] {spark_submit.py:644} INFO - Parsed arguments:
[2025-06-04T11:30:58.364+0000] {spark_submit.py:644} INFO - master                  spark://spark-master:7077
[2025-06-04T11:30:58.365+0000] {spark_submit.py:644} INFO - remote                  null
[2025-06-04T11:30:58.366+0000] {spark_submit.py:644} INFO - deployMode              client
[2025-06-04T11:30:58.366+0000] {spark_submit.py:644} INFO - executorMemory          2g
[2025-06-04T11:30:58.367+0000] {spark_submit.py:644} INFO - executorCores           null
[2025-06-04T11:30:58.368+0000] {spark_submit.py:644} INFO - totalExecutorCores      null
[2025-06-04T11:30:58.368+0000] {spark_submit.py:644} INFO - propertiesFile          null
[2025-06-04T11:30:58.369+0000] {spark_submit.py:644} INFO - driverMemory            null
[2025-06-04T11:30:58.370+0000] {spark_submit.py:644} INFO - driverCores             null
[2025-06-04T11:30:58.371+0000] {spark_submit.py:644} INFO - driverExtraClassPath    null
[2025-06-04T11:30:58.375+0000] {spark_submit.py:644} INFO - driverExtraLibraryPath  null
[2025-06-04T11:30:58.376+0000] {spark_submit.py:644} INFO - driverExtraJavaOptions  null
[2025-06-04T11:30:58.377+0000] {spark_submit.py:644} INFO - supervise               false
[2025-06-04T11:30:58.377+0000] {spark_submit.py:644} INFO - queue                   root.default
[2025-06-04T11:30:58.377+0000] {spark_submit.py:644} INFO - numExecutors            null
[2025-06-04T11:30:58.378+0000] {spark_submit.py:644} INFO - files                   null
[2025-06-04T11:30:58.378+0000] {spark_submit.py:644} INFO - pyFiles                 null
[2025-06-04T11:30:58.379+0000] {spark_submit.py:644} INFO - archives                null
[2025-06-04T11:30:58.379+0000] {spark_submit.py:644} INFO - mainClass               null
[2025-06-04T11:30:58.379+0000] {spark_submit.py:644} INFO - primaryResource         file:/opt/***/dags/bronze_ingestion_sc_stats_etl.py
[2025-06-04T11:30:58.380+0000] {spark_submit.py:644} INFO - name                    bronze_sc_stats_etl
[2025-06-04T11:30:58.380+0000] {spark_submit.py:644} INFO - childArgs               [--output_path s3a://mybucket/bronze/curry_raw_data/]
[2025-06-04T11:30:58.381+0000] {spark_submit.py:644} INFO - jars                    null
[2025-06-04T11:30:58.381+0000] {spark_submit.py:644} INFO - packages                org.apache.hadoop:hadoop-aws:3.3.4,com.amazonaws:aws-java-sdk-bundle:1.12.262,io.delta:delta-spark_2.12:3.1.0
[2025-06-04T11:30:58.381+0000] {spark_submit.py:644} INFO - packagesExclusions      null
[2025-06-04T11:30:58.382+0000] {spark_submit.py:644} INFO - repositories            null
[2025-06-04T11:30:58.382+0000] {spark_submit.py:644} INFO - verbose                 true
[2025-06-04T11:30:58.382+0000] {spark_submit.py:644} INFO - 
[2025-06-04T11:30:58.382+0000] {spark_submit.py:644} INFO - Spark properties used, including those specified through
[2025-06-04T11:30:58.383+0000] {spark_submit.py:644} INFO - --conf and those from the properties file null:
[2025-06-04T11:30:58.383+0000] {spark_submit.py:644} INFO - (spark.executor.memory,2g)
[2025-06-04T11:30:58.383+0000] {spark_submit.py:644} INFO - (spark.hadoop.fs.s3a.access.key,*********(redacted))
[2025-06-04T11:30:58.383+0000] {spark_submit.py:644} INFO - (spark.hadoop.fs.s3a.endpoint,http://minio:9000)
[2025-06-04T11:30:58.383+0000] {spark_submit.py:644} INFO - (spark.hadoop.fs.s3a.impl,org.apache.hadoop.fs.s3a.S3AFileSystem)
[2025-06-04T11:30:58.383+0000] {spark_submit.py:644} INFO - (spark.hadoop.fs.s3a.path.style.access,true)
[2025-06-04T11:30:58.384+0000] {spark_submit.py:644} INFO - (spark.hadoop.fs.s3a.secret.key,*********(redacted))
[2025-06-04T11:30:58.384+0000] {spark_submit.py:644} INFO - (spark.sql.catalog.spark_catalog,org.apache.spark.sql.delta.catalog.DeltaCatalog)
[2025-06-04T11:30:58.384+0000] {spark_submit.py:644} INFO - (spark.sql.extensions,io.delta.sql.DeltaSparkSessionExtension)
[2025-06-04T11:30:58.384+0000] {spark_submit.py:644} INFO - 
[2025-06-04T11:30:58.384+0000] {spark_submit.py:644} INFO - 
[2025-06-04T11:30:58.472+0000] {spark_submit.py:644} INFO - :: loading settings :: url = jar:file:/home/***/.local/lib/python3.11/site-packages/pyspark/jars/ivy-2.5.1.jar!/org/apache/ivy/core/settings/ivysettings.xml
[2025-06-04T11:30:58.531+0000] {spark_submit.py:644} INFO - Ivy Default Cache set to: /home/***/.ivy2/cache
[2025-06-04T11:30:58.532+0000] {spark_submit.py:644} INFO - The jars for the packages stored in: /home/***/.ivy2/jars
[2025-06-04T11:30:58.534+0000] {spark_submit.py:644} INFO - org.apache.hadoop#hadoop-aws added as a dependency
[2025-06-04T11:30:58.534+0000] {spark_submit.py:644} INFO - com.amazonaws#aws-java-sdk-bundle added as a dependency
[2025-06-04T11:30:58.535+0000] {spark_submit.py:644} INFO - io.delta#delta-spark_2.12 added as a dependency
[2025-06-04T11:30:58.535+0000] {spark_submit.py:644} INFO - :: resolving dependencies :: org.apache.spark#spark-submit-parent-b16ea73c-6302-40a5-afa0-09b1f88ed095;1.0
[2025-06-04T11:30:58.536+0000] {spark_submit.py:644} INFO - confs: [default]
[2025-06-04T11:31:01.442+0000] {spark_submit.py:644} INFO - found org.apache.hadoop#hadoop-aws;3.3.4 in central
[2025-06-04T11:31:02.828+0000] {spark_submit.py:644} INFO - found com.amazonaws#aws-java-sdk-bundle;1.12.262 in central
[2025-06-04T11:31:05.555+0000] {spark_submit.py:644} INFO - found org.wildfly.openssl#wildfly-openssl;1.0.7.Final in central
[2025-06-04T11:31:05.613+0000] {spark_submit.py:644} INFO - found io.delta#delta-spark_2.12;3.1.0 in central
[2025-06-04T11:31:05.622+0000] {spark_submit.py:644} INFO - found io.delta#delta-storage;3.1.0 in central
[2025-06-04T11:31:05.813+0000] {spark_submit.py:644} INFO - found org.antlr#antlr4-runtime;4.9.3 in central
[2025-06-04T11:31:05.999+0000] {spark_submit.py:644} INFO - downloading https://repo1.maven.org/maven2/org/apache/hadoop/hadoop-aws/3.3.4/hadoop-aws-3.3.4.jar ...
[2025-06-04T11:31:06.723+0000] {spark_submit.py:644} INFO - [SUCCESSFUL ] org.apache.hadoop#hadoop-aws;3.3.4!hadoop-aws.jar (905ms)
[2025-06-04T11:31:06.903+0000] {spark_submit.py:644} INFO - downloading https://repo1.maven.org/maven2/com/amazonaws/aws-java-sdk-bundle/1.12.262/aws-java-sdk-bundle-1.12.262.jar ...
[2025-06-04T11:31:20.319+0000] {spark_submit.py:644} INFO - [SUCCESSFUL ] com.amazonaws#aws-java-sdk-bundle;1.12.262!aws-java-sdk-bundle.jar (13594ms)
[2025-06-04T11:31:20.500+0000] {spark_submit.py:644} INFO - downloading https://repo1.maven.org/maven2/io/delta/delta-spark_2.12/3.1.0/delta-spark_2.12-3.1.0.jar ...
[2025-06-04T11:31:20.922+0000] {spark_submit.py:644} INFO - [SUCCESSFUL ] io.delta#delta-spark_2.12;3.1.0!delta-spark_2.12.jar (602ms)
[2025-06-04T11:31:21.105+0000] {spark_submit.py:644} INFO - downloading https://repo1.maven.org/maven2/org/wildfly/openssl/wildfly-openssl/1.0.7.Final/wildfly-openssl-1.0.7.Final.jar ...
[2025-06-04T11:31:21.300+0000] {spark_submit.py:644} INFO - [SUCCESSFUL ] org.wildfly.openssl#wildfly-openssl;1.0.7.Final!wildfly-openssl.jar (378ms)
[2025-06-04T11:31:21.482+0000] {spark_submit.py:644} INFO - downloading https://repo1.maven.org/maven2/io/delta/delta-storage/3.1.0/delta-storage-3.1.0.jar ...
[2025-06-04T11:31:21.664+0000] {spark_submit.py:644} INFO - [SUCCESSFUL ] io.delta#delta-storage;3.1.0!delta-storage.jar (364ms)
[2025-06-04T11:31:21.845+0000] {spark_submit.py:644} INFO - downloading https://repo1.maven.org/maven2/org/antlr/antlr4-runtime/4.9.3/antlr4-runtime-4.9.3.jar ...
[2025-06-04T11:31:22.038+0000] {spark_submit.py:644} INFO - [SUCCESSFUL ] org.antlr#antlr4-runtime;4.9.3!antlr4-runtime.jar (373ms)
[2025-06-04T11:31:22.038+0000] {spark_submit.py:644} INFO - :: resolution report :: resolve 7283ms :: artifacts dl 16220ms
[2025-06-04T11:31:22.038+0000] {spark_submit.py:644} INFO - :: modules in use:
[2025-06-04T11:31:22.039+0000] {spark_submit.py:644} INFO - com.amazonaws#aws-java-sdk-bundle;1.12.262 from central in [default]
[2025-06-04T11:31:22.039+0000] {spark_submit.py:644} INFO - io.delta#delta-spark_2.12;3.1.0 from central in [default]
[2025-06-04T11:31:22.039+0000] {spark_submit.py:644} INFO - io.delta#delta-storage;3.1.0 from central in [default]
[2025-06-04T11:31:22.039+0000] {spark_submit.py:644} INFO - org.antlr#antlr4-runtime;4.9.3 from central in [default]
[2025-06-04T11:31:22.040+0000] {spark_submit.py:644} INFO - org.apache.hadoop#hadoop-aws;3.3.4 from central in [default]
[2025-06-04T11:31:22.040+0000] {spark_submit.py:644} INFO - org.wildfly.openssl#wildfly-openssl;1.0.7.Final from central in [default]
[2025-06-04T11:31:22.040+0000] {spark_submit.py:644} INFO - ---------------------------------------------------------------------
[2025-06-04T11:31:22.040+0000] {spark_submit.py:644} INFO - |                  |            modules            ||   artifacts   |
[2025-06-04T11:31:22.041+0000] {spark_submit.py:644} INFO - |       conf       | number| search|dwnlded|evicted|| number|dwnlded|
[2025-06-04T11:31:22.041+0000] {spark_submit.py:644} INFO - ---------------------------------------------------------------------
[2025-06-04T11:31:22.041+0000] {spark_submit.py:644} INFO - |      default     |   6   |   4   |   3   |   0   ||   6   |   6   |
[2025-06-04T11:31:22.041+0000] {spark_submit.py:644} INFO - ---------------------------------------------------------------------
[2025-06-04T11:31:22.041+0000] {spark_submit.py:644} INFO - :: retrieving :: org.apache.spark#spark-submit-parent-b16ea73c-6302-40a5-afa0-09b1f88ed095
[2025-06-04T11:31:22.041+0000] {spark_submit.py:644} INFO - confs: [default]
[2025-06-04T11:31:22.341+0000] {spark_submit.py:644} INFO - 6 artifacts copied, 0 already retrieved (281149kB/301ms)
[2025-06-04T11:31:22.463+0000] {spark_submit.py:644} INFO - 25/06/04 11:31:22 WARN NativeCodeLoader: Unable to load native-hadoop library for your platform... using builtin-java classes where applicable
[2025-06-04T11:31:22.584+0000] {spark_submit.py:644} INFO - Main class:
[2025-06-04T11:31:22.585+0000] {spark_submit.py:644} INFO - org.apache.spark.deploy.PythonRunner
[2025-06-04T11:31:22.585+0000] {spark_submit.py:644} INFO - Arguments:
[2025-06-04T11:31:22.585+0000] {spark_submit.py:644} INFO - file:/opt/***/dags/bronze_ingestion_sc_stats_etl.py
[2025-06-04T11:31:22.585+0000] {spark_submit.py:644} INFO - file:///home/***/.ivy2/jars/org.apache.hadoop_hadoop-aws-3.3.4.jar,file:///home/***/.ivy2/jars/com.amazonaws_aws-java-sdk-bundle-1.12.262.jar,file:///home/***/.ivy2/jars/io.delta_delta-spark_2.12-3.1.0.jar,file:///home/***/.ivy2/jars/org.wildfly.openssl_wildfly-openssl-1.0.7.Final.jar,file:///home/***/.ivy2/jars/io.delta_delta-storage-3.1.0.jar,file:///home/***/.ivy2/jars/org.antlr_antlr4-runtime-4.9.3.jar
[2025-06-04T11:31:22.585+0000] {spark_submit.py:644} INFO - --output_path
[2025-06-04T11:31:22.586+0000] {spark_submit.py:644} INFO - s3a://mybucket/bronze/curry_raw_data/
[2025-06-04T11:31:22.586+0000] {spark_submit.py:644} INFO - Spark config:
[2025-06-04T11:31:22.586+0000] {spark_submit.py:644} INFO - (spark.app.name,bronze_sc_stats_etl)
[2025-06-04T11:31:22.587+0000] {spark_submit.py:644} INFO - (spark.app.submitTime,1749036682576)
[2025-06-04T11:31:22.587+0000] {spark_submit.py:644} INFO - (spark.executor.memory,2g)
[2025-06-04T11:31:22.587+0000] {spark_submit.py:644} INFO - (spark.files,file:///home/***/.ivy2/jars/org.apache.hadoop_hadoop-aws-3.3.4.jar,file:///home/***/.ivy2/jars/com.amazonaws_aws-java-sdk-bundle-1.12.262.jar,file:///home/***/.ivy2/jars/io.delta_delta-spark_2.12-3.1.0.jar,file:///home/***/.ivy2/jars/org.wildfly.openssl_wildfly-openssl-1.0.7.Final.jar,file:///home/***/.ivy2/jars/io.delta_delta-storage-3.1.0.jar,file:///home/***/.ivy2/jars/org.antlr_antlr4-runtime-4.9.3.jar)
[2025-06-04T11:31:22.587+0000] {spark_submit.py:644} INFO - (spark.hadoop.fs.s3a.access.key,*********(redacted))
[2025-06-04T11:31:22.587+0000] {spark_submit.py:644} INFO - (spark.hadoop.fs.s3a.endpoint,http://minio:9000)
[2025-06-04T11:31:22.588+0000] {spark_submit.py:644} INFO - (spark.hadoop.fs.s3a.impl,org.apache.hadoop.fs.s3a.S3AFileSystem)
[2025-06-04T11:31:22.588+0000] {spark_submit.py:644} INFO - (spark.hadoop.fs.s3a.path.style.access,true)
[2025-06-04T11:31:22.588+0000] {spark_submit.py:644} INFO - (spark.hadoop.fs.s3a.secret.key,*********(redacted))
[2025-06-04T11:31:22.588+0000] {spark_submit.py:644} INFO - (spark.jars,file:///home/***/.ivy2/jars/org.apache.hadoop_hadoop-aws-3.3.4.jar,file:///home/***/.ivy2/jars/com.amazonaws_aws-java-sdk-bundle-1.12.262.jar,file:///home/***/.ivy2/jars/io.delta_delta-spark_2.12-3.1.0.jar,file:///home/***/.ivy2/jars/org.wildfly.openssl_wildfly-openssl-1.0.7.Final.jar,file:///home/***/.ivy2/jars/io.delta_delta-storage-3.1.0.jar,file:///home/***/.ivy2/jars/org.antlr_antlr4-runtime-4.9.3.jar)
[2025-06-04T11:31:22.589+0000] {spark_submit.py:644} INFO - (spark.master,spark://spark-master:7077)
[2025-06-04T11:31:22.589+0000] {spark_submit.py:644} INFO - (spark.repl.local.jars,file:///home/***/.ivy2/jars/org.apache.hadoop_hadoop-aws-3.3.4.jar,file:///home/***/.ivy2/jars/com.amazonaws_aws-java-sdk-bundle-1.12.262.jar,file:///home/***/.ivy2/jars/io.delta_delta-spark_2.12-3.1.0.jar,file:///home/***/.ivy2/jars/org.wildfly.openssl_wildfly-openssl-1.0.7.Final.jar,file:///home/***/.ivy2/jars/io.delta_delta-storage-3.1.0.jar,file:///home/***/.ivy2/jars/org.antlr_antlr4-runtime-4.9.3.jar)
[2025-06-04T11:31:22.589+0000] {spark_submit.py:644} INFO - (spark.sql.catalog.spark_catalog,org.apache.spark.sql.delta.catalog.DeltaCatalog)
[2025-06-04T11:31:22.589+0000] {spark_submit.py:644} INFO - (spark.sql.extensions,io.delta.sql.DeltaSparkSessionExtension)
[2025-06-04T11:31:22.590+0000] {spark_submit.py:644} INFO - (spark.submit.deployMode,client)
[2025-06-04T11:31:22.590+0000] {spark_submit.py:644} INFO - (spark.submit.pyFiles,/home/***/.ivy2/jars/org.apache.hadoop_hadoop-aws-3.3.4.jar,/home/***/.ivy2/jars/com.amazonaws_aws-java-sdk-bundle-1.12.262.jar,/home/***/.ivy2/jars/io.delta_delta-spark_2.12-3.1.0.jar,/home/***/.ivy2/jars/org.wildfly.openssl_wildfly-openssl-1.0.7.Final.jar,/home/***/.ivy2/jars/io.delta_delta-storage-3.1.0.jar,/home/***/.ivy2/jars/org.antlr_antlr4-runtime-4.9.3.jar)
[2025-06-04T11:31:22.590+0000] {spark_submit.py:644} INFO - Classpath elements:
[2025-06-04T11:31:22.590+0000] {spark_submit.py:644} INFO - file:///home/***/.ivy2/jars/org.apache.hadoop_hadoop-aws-3.3.4.jar
[2025-06-04T11:31:22.590+0000] {spark_submit.py:644} INFO - file:///home/***/.ivy2/jars/com.amazonaws_aws-java-sdk-bundle-1.12.262.jar
[2025-06-04T11:31:22.590+0000] {spark_submit.py:644} INFO - file:///home/***/.ivy2/jars/io.delta_delta-spark_2.12-3.1.0.jar
[2025-06-04T11:31:22.591+0000] {spark_submit.py:644} INFO - file:///home/***/.ivy2/jars/org.wildfly.openssl_wildfly-openssl-1.0.7.Final.jar
[2025-06-04T11:31:22.591+0000] {spark_submit.py:644} INFO - file:///home/***/.ivy2/jars/io.delta_delta-storage-3.1.0.jar
[2025-06-04T11:31:22.591+0000] {spark_submit.py:644} INFO - file:///home/***/.ivy2/jars/org.antlr_antlr4-runtime-4.9.3.jar
[2025-06-04T11:31:22.592+0000] {spark_submit.py:644} INFO - 
[2025-06-04T11:31:22.592+0000] {spark_submit.py:644} INFO - 
[2025-06-04T11:31:23.441+0000] {spark_submit.py:644} INFO - 25/06/04 11:31:23 INFO SparkContext: Running Spark version 3.5.2
[2025-06-04T11:31:23.441+0000] {spark_submit.py:644} INFO - 25/06/04 11:31:23 INFO SparkContext: OS info Linux, 6.10.14-linuxkit, aarch64
[2025-06-04T11:31:23.442+0000] {spark_submit.py:644} INFO - 25/06/04 11:31:23 INFO SparkContext: Java version 17.0.15
[2025-06-04T11:31:23.453+0000] {spark_submit.py:644} INFO - 25/06/04 11:31:23 INFO ResourceUtils: ==============================================================
[2025-06-04T11:31:23.454+0000] {spark_submit.py:644} INFO - 25/06/04 11:31:23 INFO ResourceUtils: No custom resources configured for spark.driver.
[2025-06-04T11:31:23.454+0000] {spark_submit.py:644} INFO - 25/06/04 11:31:23 INFO ResourceUtils: ==============================================================
[2025-06-04T11:31:23.454+0000] {spark_submit.py:644} INFO - 25/06/04 11:31:23 INFO SparkContext: Submitted application: BronzeIngestionStephenCurryStats
[2025-06-04T11:31:23.466+0000] {spark_submit.py:644} INFO - 25/06/04 11:31:23 INFO ResourceProfile: Default ResourceProfile created, executor resources: Map(memory -> name: memory, amount: 2048, script: , vendor: , offHeap -> name: offHeap, amount: 0, script: , vendor: ), task resources: Map(cpus -> name: cpus, amount: 1.0)
[2025-06-04T11:31:23.470+0000] {spark_submit.py:644} INFO - 25/06/04 11:31:23 INFO ResourceProfile: Limiting resource is cpu
[2025-06-04T11:31:23.470+0000] {spark_submit.py:644} INFO - 25/06/04 11:31:23 INFO ResourceProfileManager: Added ResourceProfile id: 0
[2025-06-04T11:31:23.499+0000] {spark_submit.py:644} INFO - 25/06/04 11:31:23 INFO SecurityManager: Changing view acls to: ***
[2025-06-04T11:31:23.499+0000] {spark_submit.py:644} INFO - 25/06/04 11:31:23 INFO SecurityManager: Changing modify acls to: ***
[2025-06-04T11:31:23.500+0000] {spark_submit.py:644} INFO - 25/06/04 11:31:23 INFO SecurityManager: Changing view acls groups to:
[2025-06-04T11:31:23.500+0000] {spark_submit.py:644} INFO - 25/06/04 11:31:23 INFO SecurityManager: Changing modify acls groups to:
[2025-06-04T11:31:23.500+0000] {spark_submit.py:644} INFO - 25/06/04 11:31:23 INFO SecurityManager: SecurityManager: authentication disabled; ui acls disabled; users with view permissions: ***; groups with view permissions: EMPTY; users with modify permissions: ***; groups with modify permissions: EMPTY
[2025-06-04T11:31:23.616+0000] {spark_submit.py:644} INFO - 25/06/04 11:31:23 INFO Utils: Successfully started service 'sparkDriver' on port 34303.
[2025-06-04T11:31:23.636+0000] {spark_submit.py:644} INFO - 25/06/04 11:31:23 INFO SparkEnv: Registering MapOutputTracker
[2025-06-04T11:31:23.661+0000] {spark_submit.py:644} INFO - 25/06/04 11:31:23 INFO SparkEnv: Registering BlockManagerMaster
[2025-06-04T11:31:23.670+0000] {spark_submit.py:644} INFO - 25/06/04 11:31:23 INFO BlockManagerMasterEndpoint: Using org.apache.spark.storage.DefaultTopologyMapper for getting topology information
[2025-06-04T11:31:23.671+0000] {spark_submit.py:644} INFO - 25/06/04 11:31:23 INFO BlockManagerMasterEndpoint: BlockManagerMasterEndpoint up
[2025-06-04T11:31:23.674+0000] {spark_submit.py:644} INFO - 25/06/04 11:31:23 INFO SparkEnv: Registering BlockManagerMasterHeartbeat
[2025-06-04T11:31:23.687+0000] {spark_submit.py:644} INFO - 25/06/04 11:31:23 INFO DiskBlockManager: Created local directory at /tmp/blockmgr-7f05a62b-605d-4493-a205-6786b7b843a0
[2025-06-04T11:31:23.694+0000] {spark_submit.py:644} INFO - 25/06/04 11:31:23 INFO MemoryStore: MemoryStore started with capacity 434.4 MiB
[2025-06-04T11:31:23.702+0000] {spark_submit.py:644} INFO - 25/06/04 11:31:23 INFO SparkEnv: Registering OutputCommitCoordinator
[2025-06-04T11:31:23.774+0000] {spark_submit.py:644} INFO - 25/06/04 11:31:23 INFO JettyUtils: Start Jetty 0.0.0.0:4040 for SparkUI
[2025-06-04T11:31:23.828+0000] {spark_submit.py:644} INFO - 25/06/04 11:31:23 INFO Utils: Successfully started service 'SparkUI' on port 4040.
[2025-06-04T11:31:23.853+0000] {spark_submit.py:644} INFO - 25/06/04 11:31:23 INFO SparkContext: Added JAR file:///home/***/.ivy2/jars/org.apache.hadoop_hadoop-aws-3.3.4.jar at spark://3054c2588e28:34303/jars/org.apache.hadoop_hadoop-aws-3.3.4.jar with timestamp 1749036683433
[2025-06-04T11:31:23.854+0000] {spark_submit.py:644} INFO - 25/06/04 11:31:23 INFO SparkContext: Added JAR file:///home/***/.ivy2/jars/com.amazonaws_aws-java-sdk-bundle-1.12.262.jar at spark://3054c2588e28:34303/jars/com.amazonaws_aws-java-sdk-bundle-1.12.262.jar with timestamp 1749036683433
[2025-06-04T11:31:23.855+0000] {spark_submit.py:644} INFO - 25/06/04 11:31:23 INFO SparkContext: Added JAR file:///home/***/.ivy2/jars/io.delta_delta-spark_2.12-3.1.0.jar at spark://3054c2588e28:34303/jars/io.delta_delta-spark_2.12-3.1.0.jar with timestamp 1749036683433
[2025-06-04T11:31:23.856+0000] {spark_submit.py:644} INFO - 25/06/04 11:31:23 INFO SparkContext: Added JAR file:///home/***/.ivy2/jars/org.wildfly.openssl_wildfly-openssl-1.0.7.Final.jar at spark://3054c2588e28:34303/jars/org.wildfly.openssl_wildfly-openssl-1.0.7.Final.jar with timestamp 1749036683433
[2025-06-04T11:31:23.856+0000] {spark_submit.py:644} INFO - 25/06/04 11:31:23 INFO SparkContext: Added JAR file:///home/***/.ivy2/jars/io.delta_delta-storage-3.1.0.jar at spark://3054c2588e28:34303/jars/io.delta_delta-storage-3.1.0.jar with timestamp 1749036683433
[2025-06-04T11:31:23.857+0000] {spark_submit.py:644} INFO - 25/06/04 11:31:23 INFO SparkContext: Added JAR file:///home/***/.ivy2/jars/org.antlr_antlr4-runtime-4.9.3.jar at spark://3054c2588e28:34303/jars/org.antlr_antlr4-runtime-4.9.3.jar with timestamp 1749036683433
[2025-06-04T11:31:23.857+0000] {spark_submit.py:644} INFO - 25/06/04 11:31:23 INFO SparkContext: Added file file:///home/***/.ivy2/jars/org.apache.hadoop_hadoop-aws-3.3.4.jar at spark://3054c2588e28:34303/files/org.apache.hadoop_hadoop-aws-3.3.4.jar with timestamp 1749036683433
[2025-06-04T11:31:23.857+0000] {spark_submit.py:644} INFO - 25/06/04 11:31:23 INFO Utils: Copying /home/***/.ivy2/jars/org.apache.hadoop_hadoop-aws-3.3.4.jar to /tmp/spark-f009e621-d7ce-4887-bdd1-2cc6e403557b/userFiles-c391248b-7132-45aa-bd41-39ade5fbd990/org.apache.hadoop_hadoop-aws-3.3.4.jar
[2025-06-04T11:31:23.864+0000] {spark_submit.py:644} INFO - 25/06/04 11:31:23 INFO SparkContext: Added file file:///home/***/.ivy2/jars/com.amazonaws_aws-java-sdk-bundle-1.12.262.jar at spark://3054c2588e28:34303/files/com.amazonaws_aws-java-sdk-bundle-1.12.262.jar with timestamp 1749036683433
[2025-06-04T11:31:23.864+0000] {spark_submit.py:644} INFO - 25/06/04 11:31:23 INFO Utils: Copying /home/***/.ivy2/jars/com.amazonaws_aws-java-sdk-bundle-1.12.262.jar to /tmp/spark-f009e621-d7ce-4887-bdd1-2cc6e403557b/userFiles-c391248b-7132-45aa-bd41-39ade5fbd990/com.amazonaws_aws-java-sdk-bundle-1.12.262.jar
[2025-06-04T11:31:24.073+0000] {spark_submit.py:644} INFO - 25/06/04 11:31:24 INFO SparkContext: Added file file:///home/***/.ivy2/jars/io.delta_delta-spark_2.12-3.1.0.jar at spark://3054c2588e28:34303/files/io.delta_delta-spark_2.12-3.1.0.jar with timestamp 1749036683433
[2025-06-04T11:31:24.074+0000] {spark_submit.py:644} INFO - 25/06/04 11:31:24 INFO Utils: Copying /home/***/.ivy2/jars/io.delta_delta-spark_2.12-3.1.0.jar to /tmp/spark-f009e621-d7ce-4887-bdd1-2cc6e403557b/userFiles-c391248b-7132-45aa-bd41-39ade5fbd990/io.delta_delta-spark_2.12-3.1.0.jar
[2025-06-04T11:31:24.080+0000] {spark_submit.py:644} INFO - 25/06/04 11:31:24 INFO SparkContext: Added file file:///home/***/.ivy2/jars/org.wildfly.openssl_wildfly-openssl-1.0.7.Final.jar at spark://3054c2588e28:34303/files/org.wildfly.openssl_wildfly-openssl-1.0.7.Final.jar with timestamp 1749036683433
[2025-06-04T11:31:24.081+0000] {spark_submit.py:644} INFO - 25/06/04 11:31:24 INFO Utils: Copying /home/***/.ivy2/jars/org.wildfly.openssl_wildfly-openssl-1.0.7.Final.jar to /tmp/spark-f009e621-d7ce-4887-bdd1-2cc6e403557b/userFiles-c391248b-7132-45aa-bd41-39ade5fbd990/org.wildfly.openssl_wildfly-openssl-1.0.7.Final.jar
[2025-06-04T11:31:24.085+0000] {spark_submit.py:644} INFO - 25/06/04 11:31:24 INFO SparkContext: Added file file:///home/***/.ivy2/jars/io.delta_delta-storage-3.1.0.jar at spark://3054c2588e28:34303/files/io.delta_delta-storage-3.1.0.jar with timestamp 1749036683433
[2025-06-04T11:31:24.085+0000] {spark_submit.py:644} INFO - 25/06/04 11:31:24 INFO Utils: Copying /home/***/.ivy2/jars/io.delta_delta-storage-3.1.0.jar to /tmp/spark-f009e621-d7ce-4887-bdd1-2cc6e403557b/userFiles-c391248b-7132-45aa-bd41-39ade5fbd990/io.delta_delta-storage-3.1.0.jar
[2025-06-04T11:31:24.089+0000] {spark_submit.py:644} INFO - 25/06/04 11:31:24 INFO SparkContext: Added file file:///home/***/.ivy2/jars/org.antlr_antlr4-runtime-4.9.3.jar at spark://3054c2588e28:34303/files/org.antlr_antlr4-runtime-4.9.3.jar with timestamp 1749036683433
[2025-06-04T11:31:24.089+0000] {spark_submit.py:644} INFO - 25/06/04 11:31:24 INFO Utils: Copying /home/***/.ivy2/jars/org.antlr_antlr4-runtime-4.9.3.jar to /tmp/spark-f009e621-d7ce-4887-bdd1-2cc6e403557b/userFiles-c391248b-7132-45aa-bd41-39ade5fbd990/org.antlr_antlr4-runtime-4.9.3.jar
[2025-06-04T11:31:24.159+0000] {spark_submit.py:644} INFO - 25/06/04 11:31:24 INFO StandaloneAppClient$ClientEndpoint: Connecting to master spark://spark-master:7077...
[2025-06-04T11:31:24.193+0000] {spark_submit.py:644} INFO - 25/06/04 11:31:24 INFO TransportClientFactory: Successfully created connection to spark-master/172.19.0.6:7077 after 19 ms (0 ms spent in bootstraps)
[2025-06-04T11:31:24.254+0000] {spark_submit.py:644} INFO - 25/06/04 11:31:24 INFO StandaloneSchedulerBackend: Connected to Spark cluster with app ID app-20250604113124-0001
[2025-06-04T11:31:24.259+0000] {spark_submit.py:644} INFO - 25/06/04 11:31:24 INFO Utils: Successfully started service 'org.apache.spark.network.netty.NettyBlockTransferService' on port 44485.
[2025-06-04T11:31:24.259+0000] {spark_submit.py:644} INFO - 25/06/04 11:31:24 INFO NettyBlockTransferService: Server created on 3054c2588e28:44485
[2025-06-04T11:31:24.261+0000] {spark_submit.py:644} INFO - 25/06/04 11:31:24 INFO BlockManager: Using org.apache.spark.storage.RandomBlockReplicationPolicy for block replication policy
[2025-06-04T11:31:24.268+0000] {spark_submit.py:644} INFO - 25/06/04 11:31:24 INFO BlockManagerMaster: Registering BlockManager BlockManagerId(driver, 3054c2588e28, 44485, None)
[2025-06-04T11:31:24.271+0000] {spark_submit.py:644} INFO - 25/06/04 11:31:24 INFO BlockManagerMasterEndpoint: Registering block manager 3054c2588e28:44485 with 434.4 MiB RAM, BlockManagerId(driver, 3054c2588e28, 44485, None)
[2025-06-04T11:31:24.273+0000] {spark_submit.py:644} INFO - 25/06/04 11:31:24 INFO BlockManagerMaster: Registered BlockManager BlockManagerId(driver, 3054c2588e28, 44485, None)
[2025-06-04T11:31:24.274+0000] {spark_submit.py:644} INFO - 25/06/04 11:31:24 INFO BlockManager: Initialized BlockManager: BlockManagerId(driver, 3054c2588e28, 44485, None)
[2025-06-04T11:31:24.410+0000] {spark_submit.py:644} INFO - 25/06/04 11:31:24 INFO StandaloneSchedulerBackend: SchedulerBackend is ready for scheduling beginning after reached minRegisteredResourcesRatio: 0.0
[2025-06-04T11:31:24.589+0000] {spark_submit.py:644} INFO - Bronze Ingestion: Spark session created.
[2025-06-04T11:31:24.593+0000] {spark_submit.py:644} INFO - 25/06/04 11:31:24 INFO SharedState: Setting hive.metastore.warehouse.dir ('null') to the value of spark.sql.warehouse.dir.
[2025-06-04T11:31:24.667+0000] {spark_submit.py:644} INFO - 25/06/04 11:31:24 WARN MetricsConfig: Cannot locate configuration: tried hadoop-metrics2-s3a-file-system.properties,hadoop-metrics2.properties
[2025-06-04T11:31:24.674+0000] {spark_submit.py:644} INFO - 25/06/04 11:31:24 INFO MetricsSystemImpl: Scheduled Metric snapshot period at 10 second(s).
[2025-06-04T11:31:24.674+0000] {spark_submit.py:644} INFO - 25/06/04 11:31:24 INFO MetricsSystemImpl: s3a-file-system metrics system started
[2025-06-04T11:31:25.032+0000] {spark_submit.py:644} INFO - 25/06/04 11:31:25 INFO SharedState: Warehouse path is 's3a://mybucket'.
[2025-06-04T11:31:25.704+0000] {spark_submit.py:644} INFO - 25/06/04 11:31:25 INFO InMemoryFileIndex: It took 26 ms to list leaf files for 1 paths.
[2025-06-04T11:31:26.155+0000] {spark_submit.py:644} INFO - Successfully loaded Stephen Curry stats from: /opt/***/data/Stephen Curry Stats.parquet
[2025-06-04T11:31:26.674+0000] {spark_submit.py:644} INFO - 25/06/04 11:31:26 INFO HiveConf: Found configuration file null
[2025-06-04T11:31:26.679+0000] {spark_submit.py:644} INFO - 25/06/04 11:31:26 INFO HiveUtils: Initializing HiveMetastoreConnection version 2.3.9 using Spark classes.
[2025-06-04T11:31:26.798+0000] {spark_submit.py:644} INFO - 25/06/04 11:31:26 INFO HiveClientImpl: Warehouse location for Hive client (version 2.3.9) is s3a://mybucket
[2025-06-04T11:31:26.831+0000] {spark_submit.py:644} INFO - 25/06/04 11:31:26 INFO metastore: Trying to connect to metastore with URI thrift://hive-metastore:9083
[2025-06-04T11:31:26.846+0000] {spark_submit.py:644} INFO - 25/06/04 11:31:26 INFO metastore: Opened a connection to metastore, current connections: 1
[2025-06-04T11:31:26.865+0000] {spark_submit.py:644} INFO - 25/06/04 11:31:26 INFO metastore: Connected to metastore.
[2025-06-04T11:31:27.175+0000] {spark_submit.py:644} INFO - Writing data to Bronze layer at: s3a://mybucket/bronze/curry_raw_data/
[2025-06-04T11:31:27.242+0000] {spark_submit.py:644} INFO - 25/06/04 11:31:27 WARN SparkStringUtils: Truncated the string representation of a plan since it was too large. This behavior can be adjusted by setting 'spark.sql.debug.maxToStringFields'.
[2025-06-04T11:31:27.924+0000] {spark_submit.py:644} INFO - 25/06/04 11:31:27 INFO DelegatingLogStore: LogStore `LogStoreAdapter(io.delta.storage.S3SingleDriverLogStore)` is used for scheme `s3a`
[2025-06-04T11:31:28.059+0000] {spark_submit.py:644} INFO - 25/06/04 11:31:28 INFO DeltaLog: Loading version 4.
[2025-06-04T11:31:28.361+0000] {spark_submit.py:644} INFO - 25/06/04 11:31:28 INFO DeltaLogFileIndex: Created DeltaLogFileIndex(JSON, numFilesInSegment: 5, totalFileSize: 11227)
[2025-06-04T11:31:28.539+0000] {spark_submit.py:644} INFO - 25/06/04 11:31:28 INFO DataSourceStrategy: Pruning directories with:
[2025-06-04T11:31:28.542+0000] {spark_submit.py:644} INFO - 25/06/04 11:31:28 INFO FileSourceStrategy: Pushed Filters:
[2025-06-04T11:31:28.543+0000] {spark_submit.py:644} INFO - 25/06/04 11:31:28 INFO FileSourceStrategy: Post-Scan Filters: (isnotnull(protocol#150.minReaderVersion) OR isnotnull(metaData#149.id))
[2025-06-04T11:31:28.797+0000] {spark_submit.py:644} INFO - 25/06/04 11:31:28 INFO CodeGenerator: Code generated in 172.567792 ms
[2025-06-04T11:31:28.827+0000] {spark_submit.py:644} INFO - 25/06/04 11:31:28 INFO MemoryStore: Block broadcast_0 stored as values in memory (estimated size 205.2 KiB, free 434.2 MiB)
[2025-06-04T11:31:28.858+0000] {spark_submit.py:644} INFO - 25/06/04 11:31:28 INFO MemoryStore: Block broadcast_0_piece0 stored as bytes in memory (estimated size 36.1 KiB, free 434.2 MiB)
[2025-06-04T11:31:28.862+0000] {spark_submit.py:644} INFO - 25/06/04 11:31:28 INFO BlockManagerInfo: Added broadcast_0_piece0 in memory on 3054c2588e28:44485 (size: 36.1 KiB, free: 434.4 MiB)
[2025-06-04T11:31:28.869+0000] {spark_submit.py:644} INFO - 25/06/04 11:31:28 INFO SparkContext: Created broadcast 0 from toString at String.java:4220
[2025-06-04T11:31:28.886+0000] {spark_submit.py:644} INFO - 25/06/04 11:31:28 INFO FileSourceScanExec: Planning scan with bin packing, max size: 10491373 bytes, open cost is considered as scanning 4194304 bytes.
[2025-06-04T11:31:28.978+0000] {spark_submit.py:644} INFO - 25/06/04 11:31:28 INFO SparkContext: Starting job: toString at String.java:4220
[2025-06-04T11:31:28.987+0000] {spark_submit.py:644} INFO - 25/06/04 11:31:28 INFO DAGScheduler: Got job 0 (toString at String.java:4220) with 2 output partitions
[2025-06-04T11:31:28.987+0000] {spark_submit.py:644} INFO - 25/06/04 11:31:28 INFO DAGScheduler: Final stage: ResultStage 0 (toString at String.java:4220)
[2025-06-04T11:31:28.987+0000] {spark_submit.py:644} INFO - 25/06/04 11:31:28 INFO DAGScheduler: Parents of final stage: List()
[2025-06-04T11:31:28.988+0000] {spark_submit.py:644} INFO - 25/06/04 11:31:28 INFO DAGScheduler: Missing parents: List()
[2025-06-04T11:31:28.990+0000] {spark_submit.py:644} INFO - 25/06/04 11:31:28 INFO DAGScheduler: Submitting ResultStage 0 (MapPartitionsRDD[3] at toString at String.java:4220), which has no missing parents
[2025-06-04T11:31:29.002+0000] {spark_submit.py:644} INFO - 25/06/04 11:31:29 INFO MemoryStore: Block broadcast_1 stored as values in memory (estimated size 40.0 KiB, free 434.1 MiB)
[2025-06-04T11:31:29.007+0000] {spark_submit.py:644} INFO - 25/06/04 11:31:29 INFO MemoryStore: Block broadcast_1_piece0 stored as bytes in memory (estimated size 13.7 KiB, free 434.1 MiB)
[2025-06-04T11:31:29.007+0000] {spark_submit.py:644} INFO - 25/06/04 11:31:29 INFO BlockManagerInfo: Added broadcast_1_piece0 in memory on 3054c2588e28:44485 (size: 13.7 KiB, free: 434.4 MiB)
[2025-06-04T11:31:29.008+0000] {spark_submit.py:644} INFO - 25/06/04 11:31:29 INFO SparkContext: Created broadcast 1 from broadcast at DAGScheduler.scala:1585
[2025-06-04T11:31:29.020+0000] {spark_submit.py:644} INFO - 25/06/04 11:31:29 INFO DAGScheduler: Submitting 2 missing tasks from ResultStage 0 (MapPartitionsRDD[3] at toString at String.java:4220) (first 15 tasks are for partitions Vector(0, 1))
[2025-06-04T11:31:29.020+0000] {spark_submit.py:644} INFO - 25/06/04 11:31:29 INFO TaskSchedulerImpl: Adding task set 0.0 with 2 tasks resource profile 0
[2025-06-04T11:31:44.041+0000] {spark_submit.py:644} INFO - 25/06/04 11:31:44 WARN TaskSchedulerImpl: Initial job has not accepted any resources; check your cluster UI to ensure that workers are registered and have sufficient resources
[2025-06-04T11:31:59.037+0000] {spark_submit.py:644} INFO - 25/06/04 11:31:59 WARN TaskSchedulerImpl: Initial job has not accepted any resources; check your cluster UI to ensure that workers are registered and have sufficient resources
[2025-06-04T11:32:08.718+0000] {local_task_job_runner.py:127} ERROR - Received SIGTERM. Terminating subprocesses
[2025-06-04T11:32:08.730+0000] {process_utils.py:132} INFO - Sending 15 to group 188. PIDs of all processes in the group: [193, 336, 188]
[2025-06-04T11:32:08.738+0000] {process_utils.py:87} INFO - Sending the signal 15 to group 188
[2025-06-04T11:32:08.739+0000] {taskinstance.py:3093} ERROR - Received SIGTERM. Terminating subprocesses.
[2025-06-04T11:32:08.740+0000] {spark_submit.py:770} INFO - Sending kill signal to spark-submit
[2025-06-04T11:32:08.773+0000] {taskinstance.py:3311} ERROR - Task failed with exception
Traceback (most recent call last):
  File "/home/airflow/.local/lib/python3.11/site-packages/airflow/models/taskinstance.py", line 767, in _execute_task
    result = _execute_callable(context=context, **execute_callable_kwargs)
             ^^^^^^^^^^^^^^^^^^^^^^^^^^^^^^^^^^^^^^^^^^^^^^^^^^^^^^^^^^^^^
  File "/home/airflow/.local/lib/python3.11/site-packages/airflow/models/taskinstance.py", line 733, in _execute_callable
    return ExecutionCallableRunner(
           ^^^^^^^^^^^^^^^^^^^^^^^^
  File "/home/airflow/.local/lib/python3.11/site-packages/airflow/utils/operator_helpers.py", line 252, in run
    return self.func(*args, **kwargs)
           ^^^^^^^^^^^^^^^^^^^^^^^^^^
  File "/home/airflow/.local/lib/python3.11/site-packages/airflow/models/baseoperator.py", line 417, in wrapper
    return func(self, *args, **kwargs)
           ^^^^^^^^^^^^^^^^^^^^^^^^^^^
  File "/home/airflow/.local/lib/python3.11/site-packages/airflow/providers/apache/spark/operators/spark_submit.py", line 197, in execute
    self._hook.submit(self.application)
  File "/home/airflow/.local/lib/python3.11/site-packages/airflow/providers/apache/spark/hooks/spark_submit.py", line 555, in submit
    self._process_spark_submit_log(iter(self._submit_sp.stdout))  # type: ignore
    ^^^^^^^^^^^^^^^^^^^^^^^^^^^^^^^^^^^^^^^^^^^^^^^^^^^^^^^^^^^^
  File "/home/airflow/.local/lib/python3.11/site-packages/airflow/providers/apache/spark/hooks/spark_submit.py", line 603, in _process_spark_submit_log
    for line in itr:
  File "/home/airflow/.local/lib/python3.11/site-packages/airflow/models/taskinstance.py", line 3095, in signal_handler
    raise AirflowTaskTerminated("Task received SIGTERM signal")
airflow.exceptions.AirflowTaskTerminated: Task received SIGTERM signal
[2025-06-04T11:32:08.786+0000] {taskinstance.py:1225} INFO - Marking task as FAILED. dag_id=curry_medallion_etl, task_id=submit_bronze_etl_job, run_id=manual__2025-06-04T10:57:38.377169+00:00, execution_date=20250604T105738, start_date=20250604T113057, end_date=20250604T113208
[2025-06-04T11:32:08.801+0000] {taskinstance.py:340} INFO - ::group::Post task execution logs
[2025-06-04T11:32:08.813+0000] {process_utils.py:80} INFO - Process psutil.Process(pid=193, status='terminated', started='11:30:57') (193) terminated with exit code None
[2025-06-04T11:32:08.814+0000] {process_utils.py:80} INFO - Process psutil.Process(pid=336, status='terminated', started='11:31:22') (336) terminated with exit code None
[2025-06-04T11:32:08.815+0000] {process_utils.py:80} INFO - Process psutil.Process(pid=188, status='terminated', exitcode=2, started='11:30:57') (188) terminated with exit code 2
[2025-06-04T11:32:08.815+0000] {local_task_job_runner.py:266} INFO - Task exited with return code 143
[2025-06-04T11:32:08.831+0000] {taskinstance.py:3895} INFO - 0 downstream tasks scheduled from follow-on schedule check
