[2025-05-31T09:45:01.486+0000] {local_task_job_runner.py:123} INFO - ::group::Pre task execution logs
[2025-05-31T09:45:01.495+0000] {taskinstance.py:2613} INFO - Dependencies all met for dep_context=non-requeueable deps ti=<TaskInstance: medallion_sales_etl.submit_bronze_sales_etl_job manual__2025-05-31T09:44:59.998597+00:00 [queued]>
[2025-05-31T09:45:01.498+0000] {taskinstance.py:2613} INFO - Dependencies all met for dep_context=requeueable deps ti=<TaskInstance: medallion_sales_etl.submit_bronze_sales_etl_job manual__2025-05-31T09:44:59.998597+00:00 [queued]>
[2025-05-31T09:45:01.498+0000] {taskinstance.py:2866} INFO - Starting attempt 1 of 1
[2025-05-31T09:45:01.503+0000] {taskinstance.py:2889} INFO - Executing <Task(SparkSubmitOperator): submit_bronze_sales_etl_job> on 2025-05-31 09:44:59.998597+00:00
[2025-05-31T09:45:01.505+0000] {standard_task_runner.py:72} INFO - Started process 195 to run task
[2025-05-31T09:45:01.507+0000] {standard_task_runner.py:104} INFO - Running: ['***', 'tasks', 'run', 'medallion_sales_etl', 'submit_bronze_sales_etl_job', 'manual__2025-05-31T09:44:59.998597+00:00', '--job-id', '26', '--raw', '--subdir', 'DAGS_FOLDER/medallion_sales_etl_dag.py', '--cfg-path', '/tmp/tmp_fu2za51']
[2025-05-31T09:45:01.509+0000] {standard_task_runner.py:105} INFO - Job 26: Subtask submit_bronze_sales_etl_job
[2025-05-31T09:45:01.534+0000] {task_command.py:467} INFO - Running <TaskInstance: medallion_sales_etl.submit_bronze_sales_etl_job manual__2025-05-31T09:44:59.998597+00:00 [running]> on host 9c13b1a04276
[2025-05-31T09:45:01.579+0000] {taskinstance.py:3132} INFO - Exporting env vars: AIRFLOW_CTX_DAG_OWNER='***' AIRFLOW_CTX_DAG_ID='medallion_sales_etl' AIRFLOW_CTX_TASK_ID='submit_bronze_sales_etl_job' AIRFLOW_CTX_EXECUTION_DATE='2025-05-31T09:44:59.998597+00:00' AIRFLOW_CTX_TRY_NUMBER='1' AIRFLOW_CTX_DAG_RUN_ID='manual__2025-05-31T09:44:59.998597+00:00'
[2025-05-31T09:45:01.580+0000] {taskinstance.py:731} INFO - ::endgroup::
[2025-05-31T09:45:01.596+0000] {base.py:84} INFO - Retrieving connection 'spark_default'
[2025-05-31T09:45:01.597+0000] {spark_submit.py:474} INFO - Spark-Submit cmd: spark-submit --master spark://spark-master:7077 --conf spark.executor.memory=2g --conf spark.sql.extensions=io.delta.sql.DeltaSparkSessionExtension --conf spark.sql.catalog.spark_catalog=org.apache.spark.sql.delta.catalog.DeltaCatalog --conf spark.hadoop.fs.s3a.endpoint=http://minio:9000 --conf spark.hadoop.fs.s3a.access.key=minioadmin --conf spark.hadoop.fs.s3a.secret.key=****** --conf spark.hadoop.fs.s3a.path.style.access=true --conf spark.hadoop.fs.s3a.impl=org.apache.hadoop.fs.s3a.S3AFileSystem --conf spark.local.dir=/opt/***/dags/spark_temp --packages org.apache.hadoop:hadoop-aws:3.3.4,com.amazonaws:aws-java-sdk-bundle:1.12.262,io.delta:delta-spark_2.12:3.1.0 --name bronze_sales_etl_spark_job --verbose --queue root.default --deploy-mode client /opt/***/dags/bronze_ingestion_sales_etl.py --output_path s3a://qdinh18/bronze/sales_data/
[2025-05-31T09:45:02.207+0000] {spark_submit.py:644} INFO - Using properties file: null
[2025-05-31T09:45:02.259+0000] {spark_submit.py:644} INFO - Parsed arguments:
[2025-05-31T09:45:02.259+0000] {spark_submit.py:644} INFO - master                  spark://spark-master:7077
[2025-05-31T09:45:02.261+0000] {spark_submit.py:644} INFO - remote                  null
[2025-05-31T09:45:02.261+0000] {spark_submit.py:644} INFO - deployMode              client
[2025-05-31T09:45:02.261+0000] {spark_submit.py:644} INFO - executorMemory          2g
[2025-05-31T09:45:02.262+0000] {spark_submit.py:644} INFO - executorCores           null
[2025-05-31T09:45:02.262+0000] {spark_submit.py:644} INFO - totalExecutorCores      null
[2025-05-31T09:45:02.263+0000] {spark_submit.py:644} INFO - propertiesFile          null
[2025-05-31T09:45:02.263+0000] {spark_submit.py:644} INFO - driverMemory            null
[2025-05-31T09:45:02.263+0000] {spark_submit.py:644} INFO - driverCores             null
[2025-05-31T09:45:02.263+0000] {spark_submit.py:644} INFO - driverExtraClassPath    null
[2025-05-31T09:45:02.263+0000] {spark_submit.py:644} INFO - driverExtraLibraryPath  null
[2025-05-31T09:45:02.263+0000] {spark_submit.py:644} INFO - driverExtraJavaOptions  null
[2025-05-31T09:45:02.264+0000] {spark_submit.py:644} INFO - supervise               false
[2025-05-31T09:45:02.264+0000] {spark_submit.py:644} INFO - queue                   root.default
[2025-05-31T09:45:02.264+0000] {spark_submit.py:644} INFO - numExecutors            null
[2025-05-31T09:45:02.264+0000] {spark_submit.py:644} INFO - files                   null
[2025-05-31T09:45:02.264+0000] {spark_submit.py:644} INFO - pyFiles                 null
[2025-05-31T09:45:02.264+0000] {spark_submit.py:644} INFO - archives                null
[2025-05-31T09:45:02.264+0000] {spark_submit.py:644} INFO - mainClass               null
[2025-05-31T09:45:02.265+0000] {spark_submit.py:644} INFO - primaryResource         file:/opt/***/dags/bronze_ingestion_sales_etl.py
[2025-05-31T09:45:02.265+0000] {spark_submit.py:644} INFO - name                    bronze_sales_etl_spark_job
[2025-05-31T09:45:02.265+0000] {spark_submit.py:644} INFO - childArgs               [--output_path s3a://qdinh18/bronze/sales_data/]
[2025-05-31T09:45:02.265+0000] {spark_submit.py:644} INFO - jars                    null
[2025-05-31T09:45:02.265+0000] {spark_submit.py:644} INFO - packages                org.apache.hadoop:hadoop-aws:3.3.4,com.amazonaws:aws-java-sdk-bundle:1.12.262,io.delta:delta-spark_2.12:3.1.0
[2025-05-31T09:45:02.265+0000] {spark_submit.py:644} INFO - packagesExclusions      null
[2025-05-31T09:45:02.265+0000] {spark_submit.py:644} INFO - repositories            null
[2025-05-31T09:45:02.265+0000] {spark_submit.py:644} INFO - verbose                 true
[2025-05-31T09:45:02.266+0000] {spark_submit.py:644} INFO - 
[2025-05-31T09:45:02.266+0000] {spark_submit.py:644} INFO - Spark properties used, including those specified through
[2025-05-31T09:45:02.266+0000] {spark_submit.py:644} INFO - --conf and those from the properties file null:
[2025-05-31T09:45:02.266+0000] {spark_submit.py:644} INFO - (spark.executor.memory,2g)
[2025-05-31T09:45:02.266+0000] {spark_submit.py:644} INFO - (spark.hadoop.fs.s3a.access.key,*********(redacted))
[2025-05-31T09:45:02.266+0000] {spark_submit.py:644} INFO - (spark.hadoop.fs.s3a.endpoint,http://minio:9000)
[2025-05-31T09:45:02.266+0000] {spark_submit.py:644} INFO - (spark.hadoop.fs.s3a.impl,org.apache.hadoop.fs.s3a.S3AFileSystem)
[2025-05-31T09:45:02.267+0000] {spark_submit.py:644} INFO - (spark.hadoop.fs.s3a.path.style.access,true)
[2025-05-31T09:45:02.267+0000] {spark_submit.py:644} INFO - (spark.hadoop.fs.s3a.secret.key,*********(redacted))
[2025-05-31T09:45:02.267+0000] {spark_submit.py:644} INFO - (spark.local.dir,/opt/***/dags/spark_temp)
[2025-05-31T09:45:02.267+0000] {spark_submit.py:644} INFO - (spark.sql.catalog.spark_catalog,org.apache.spark.sql.delta.catalog.DeltaCatalog)
[2025-05-31T09:45:02.267+0000] {spark_submit.py:644} INFO - (spark.sql.extensions,io.delta.sql.DeltaSparkSessionExtension)
[2025-05-31T09:45:02.267+0000] {spark_submit.py:644} INFO - 
[2025-05-31T09:45:02.267+0000] {spark_submit.py:644} INFO - 
[2025-05-31T09:45:02.321+0000] {spark_submit.py:644} INFO - :: loading settings :: url = jar:file:/home/***/.local/lib/python3.11/site-packages/pyspark/jars/ivy-2.5.1.jar!/org/apache/ivy/core/settings/ivysettings.xml
[2025-05-31T09:45:02.356+0000] {spark_submit.py:644} INFO - Ivy Default Cache set to: /home/***/.ivy2/cache
[2025-05-31T09:45:02.356+0000] {spark_submit.py:644} INFO - The jars for the packages stored in: /home/***/.ivy2/jars
[2025-05-31T09:45:02.365+0000] {spark_submit.py:644} INFO - org.apache.hadoop#hadoop-aws added as a dependency
[2025-05-31T09:45:02.365+0000] {spark_submit.py:644} INFO - com.amazonaws#aws-java-sdk-bundle added as a dependency
[2025-05-31T09:45:02.365+0000] {spark_submit.py:644} INFO - io.delta#delta-spark_2.12 added as a dependency
[2025-05-31T09:45:02.365+0000] {spark_submit.py:644} INFO - :: resolving dependencies :: org.apache.spark#spark-submit-parent-28b11feb-9f60-4b9b-8ce6-ee179a725fb2;1.0
[2025-05-31T09:45:02.365+0000] {spark_submit.py:644} INFO - confs: [default]
[2025-05-31T09:45:06.271+0000] {spark_submit.py:644} INFO - found org.apache.hadoop#hadoop-aws;3.3.4 in central
[2025-05-31T09:45:07.863+0000] {spark_submit.py:644} INFO - found com.amazonaws#aws-java-sdk-bundle;1.12.262 in central
[2025-05-31T09:45:10.541+0000] {spark_submit.py:644} INFO - found org.wildfly.openssl#wildfly-openssl;1.0.7.Final in central
[2025-05-31T09:45:10.898+0000] {spark_submit.py:644} INFO - found io.delta#delta-spark_2.12;3.1.0 in central
[2025-05-31T09:45:11.251+0000] {spark_submit.py:644} INFO - found io.delta#delta-storage;3.1.0 in central
[2025-05-31T09:45:13.262+0000] {spark_submit.py:644} INFO - found org.antlr#antlr4-runtime;4.9.3 in central
[2025-05-31T09:45:13.440+0000] {spark_submit.py:644} INFO - downloading https://repo1.maven.org/maven2/org/apache/hadoop/hadoop-aws/3.3.4/hadoop-aws-3.3.4.jar ...
[2025-05-31T09:45:14.102+0000] {spark_submit.py:644} INFO - [SUCCESSFUL ] org.apache.hadoop#hadoop-aws;3.3.4!hadoop-aws.jar (830ms)
[2025-05-31T09:45:14.273+0000] {spark_submit.py:644} INFO - downloading https://repo1.maven.org/maven2/com/amazonaws/aws-java-sdk-bundle/1.12.262/aws-java-sdk-bundle-1.12.262.jar ...
[2025-05-31T09:45:26.222+0000] {spark_submit.py:644} INFO - [SUCCESSFUL ] com.amazonaws#aws-java-sdk-bundle;1.12.262!aws-java-sdk-bundle.jar (12118ms)
[2025-05-31T09:45:26.400+0000] {spark_submit.py:644} INFO - downloading https://repo1.maven.org/maven2/io/delta/delta-spark_2.12/3.1.0/delta-spark_2.12-3.1.0.jar ...
[2025-05-31T09:45:26.770+0000] {spark_submit.py:644} INFO - [SUCCESSFUL ] io.delta#delta-spark_2.12;3.1.0!delta-spark_2.12.jar (547ms)
[2025-05-31T09:45:26.937+0000] {spark_submit.py:644} INFO - downloading https://repo1.maven.org/maven2/org/wildfly/openssl/wildfly-openssl/1.0.7.Final/wildfly-openssl-1.0.7.Final.jar ...
[2025-05-31T09:45:27.112+0000] {spark_submit.py:644} INFO - [SUCCESSFUL ] org.wildfly.openssl#wildfly-openssl;1.0.7.Final!wildfly-openssl.jar (342ms)
[2025-05-31T09:45:27.279+0000] {spark_submit.py:644} INFO - downloading https://repo1.maven.org/maven2/io/delta/delta-storage/3.1.0/delta-storage-3.1.0.jar ...
[2025-05-31T09:45:27.446+0000] {spark_submit.py:644} INFO - [SUCCESSFUL ] io.delta#delta-storage;3.1.0!delta-storage.jar (332ms)
[2025-05-31T09:45:27.610+0000] {spark_submit.py:644} INFO - downloading https://repo1.maven.org/maven2/org/antlr/antlr4-runtime/4.9.3/antlr4-runtime-4.9.3.jar ...
[2025-05-31T09:45:27.786+0000] {spark_submit.py:644} INFO - [SUCCESSFUL ] org.antlr#antlr4-runtime;4.9.3!antlr4-runtime.jar (340ms)
[2025-05-31T09:45:27.787+0000] {spark_submit.py:644} INFO - :: resolution report :: resolve 10911ms :: artifacts dl 14517ms
[2025-05-31T09:45:27.788+0000] {spark_submit.py:644} INFO - :: modules in use:
[2025-05-31T09:45:27.788+0000] {spark_submit.py:644} INFO - com.amazonaws#aws-java-sdk-bundle;1.12.262 from central in [default]
[2025-05-31T09:45:27.788+0000] {spark_submit.py:644} INFO - io.delta#delta-spark_2.12;3.1.0 from central in [default]
[2025-05-31T09:45:27.789+0000] {spark_submit.py:644} INFO - io.delta#delta-storage;3.1.0 from central in [default]
[2025-05-31T09:45:27.789+0000] {spark_submit.py:644} INFO - org.antlr#antlr4-runtime;4.9.3 from central in [default]
[2025-05-31T09:45:27.789+0000] {spark_submit.py:644} INFO - org.apache.hadoop#hadoop-aws;3.3.4 from central in [default]
[2025-05-31T09:45:27.790+0000] {spark_submit.py:644} INFO - org.wildfly.openssl#wildfly-openssl;1.0.7.Final from central in [default]
[2025-05-31T09:45:27.790+0000] {spark_submit.py:644} INFO - ---------------------------------------------------------------------
[2025-05-31T09:45:27.790+0000] {spark_submit.py:644} INFO - |                  |            modules            ||   artifacts   |
[2025-05-31T09:45:27.790+0000] {spark_submit.py:644} INFO - |       conf       | number| search|dwnlded|evicted|| number|dwnlded|
[2025-05-31T09:45:27.791+0000] {spark_submit.py:644} INFO - ---------------------------------------------------------------------
[2025-05-31T09:45:27.791+0000] {spark_submit.py:644} INFO - |      default     |   6   |   6   |   6   |   0   ||   6   |   6   |
[2025-05-31T09:45:27.792+0000] {spark_submit.py:644} INFO - ---------------------------------------------------------------------
[2025-05-31T09:45:27.792+0000] {spark_submit.py:644} INFO - :: retrieving :: org.apache.spark#spark-submit-parent-28b11feb-9f60-4b9b-8ce6-ee179a725fb2
[2025-05-31T09:45:27.792+0000] {spark_submit.py:644} INFO - confs: [default]
[2025-05-31T09:45:28.010+0000] {spark_submit.py:644} INFO - 6 artifacts copied, 0 already retrieved (281149kB/218ms)
[2025-05-31T09:45:28.103+0000] {spark_submit.py:644} INFO - 25/05/31 09:45:28 WARN NativeCodeLoader: Unable to load native-hadoop library for your platform... using builtin-java classes where applicable
[2025-05-31T09:45:28.192+0000] {spark_submit.py:644} INFO - Main class:
[2025-05-31T09:45:28.193+0000] {spark_submit.py:644} INFO - org.apache.spark.deploy.PythonRunner
[2025-05-31T09:45:28.193+0000] {spark_submit.py:644} INFO - Arguments:
[2025-05-31T09:45:28.193+0000] {spark_submit.py:644} INFO - file:/opt/***/dags/bronze_ingestion_sales_etl.py
[2025-05-31T09:45:28.194+0000] {spark_submit.py:644} INFO - file:///home/***/.ivy2/jars/org.apache.hadoop_hadoop-aws-3.3.4.jar,file:///home/***/.ivy2/jars/com.amazonaws_aws-java-sdk-bundle-1.12.262.jar,file:///home/***/.ivy2/jars/io.delta_delta-spark_2.12-3.1.0.jar,file:///home/***/.ivy2/jars/org.wildfly.openssl_wildfly-openssl-1.0.7.Final.jar,file:///home/***/.ivy2/jars/io.delta_delta-storage-3.1.0.jar,file:///home/***/.ivy2/jars/org.antlr_antlr4-runtime-4.9.3.jar
[2025-05-31T09:45:28.194+0000] {spark_submit.py:644} INFO - --output_path
[2025-05-31T09:45:28.194+0000] {spark_submit.py:644} INFO - s3a://qdinh18/bronze/sales_data/
[2025-05-31T09:45:28.195+0000] {spark_submit.py:644} INFO - Spark config:
[2025-05-31T09:45:28.195+0000] {spark_submit.py:644} INFO - (spark.app.name,bronze_sales_etl_spark_job)
[2025-05-31T09:45:28.195+0000] {spark_submit.py:644} INFO - (spark.app.submitTime,1748684728182)
[2025-05-31T09:45:28.195+0000] {spark_submit.py:644} INFO - (spark.executor.memory,2g)
[2025-05-31T09:45:28.195+0000] {spark_submit.py:644} INFO - (spark.files,file:///home/***/.ivy2/jars/org.apache.hadoop_hadoop-aws-3.3.4.jar,file:///home/***/.ivy2/jars/com.amazonaws_aws-java-sdk-bundle-1.12.262.jar,file:///home/***/.ivy2/jars/io.delta_delta-spark_2.12-3.1.0.jar,file:///home/***/.ivy2/jars/org.wildfly.openssl_wildfly-openssl-1.0.7.Final.jar,file:///home/***/.ivy2/jars/io.delta_delta-storage-3.1.0.jar,file:///home/***/.ivy2/jars/org.antlr_antlr4-runtime-4.9.3.jar)
[2025-05-31T09:45:28.196+0000] {spark_submit.py:644} INFO - (spark.hadoop.fs.s3a.access.key,*********(redacted))
[2025-05-31T09:45:28.196+0000] {spark_submit.py:644} INFO - (spark.hadoop.fs.s3a.endpoint,http://minio:9000)
[2025-05-31T09:45:28.196+0000] {spark_submit.py:644} INFO - (spark.hadoop.fs.s3a.impl,org.apache.hadoop.fs.s3a.S3AFileSystem)
[2025-05-31T09:45:28.196+0000] {spark_submit.py:644} INFO - (spark.hadoop.fs.s3a.path.style.access,true)
[2025-05-31T09:45:28.196+0000] {spark_submit.py:644} INFO - (spark.hadoop.fs.s3a.secret.key,*********(redacted))
[2025-05-31T09:45:28.196+0000] {spark_submit.py:644} INFO - (spark.jars,file:///home/***/.ivy2/jars/org.apache.hadoop_hadoop-aws-3.3.4.jar,file:///home/***/.ivy2/jars/com.amazonaws_aws-java-sdk-bundle-1.12.262.jar,file:///home/***/.ivy2/jars/io.delta_delta-spark_2.12-3.1.0.jar,file:///home/***/.ivy2/jars/org.wildfly.openssl_wildfly-openssl-1.0.7.Final.jar,file:///home/***/.ivy2/jars/io.delta_delta-storage-3.1.0.jar,file:///home/***/.ivy2/jars/org.antlr_antlr4-runtime-4.9.3.jar)
[2025-05-31T09:45:28.197+0000] {spark_submit.py:644} INFO - (spark.local.dir,/opt/***/dags/spark_temp)
[2025-05-31T09:45:28.197+0000] {spark_submit.py:644} INFO - (spark.master,spark://spark-master:7077)
[2025-05-31T09:45:28.197+0000] {spark_submit.py:644} INFO - (spark.repl.local.jars,file:///home/***/.ivy2/jars/org.apache.hadoop_hadoop-aws-3.3.4.jar,file:///home/***/.ivy2/jars/com.amazonaws_aws-java-sdk-bundle-1.12.262.jar,file:///home/***/.ivy2/jars/io.delta_delta-spark_2.12-3.1.0.jar,file:///home/***/.ivy2/jars/org.wildfly.openssl_wildfly-openssl-1.0.7.Final.jar,file:///home/***/.ivy2/jars/io.delta_delta-storage-3.1.0.jar,file:///home/***/.ivy2/jars/org.antlr_antlr4-runtime-4.9.3.jar)
[2025-05-31T09:45:28.197+0000] {spark_submit.py:644} INFO - (spark.sql.catalog.spark_catalog,org.apache.spark.sql.delta.catalog.DeltaCatalog)
[2025-05-31T09:45:28.197+0000] {spark_submit.py:644} INFO - (spark.sql.extensions,io.delta.sql.DeltaSparkSessionExtension)
[2025-05-31T09:45:28.198+0000] {spark_submit.py:644} INFO - (spark.submit.deployMode,client)
[2025-05-31T09:45:28.198+0000] {spark_submit.py:644} INFO - (spark.submit.pyFiles,/home/***/.ivy2/jars/org.apache.hadoop_hadoop-aws-3.3.4.jar,/home/***/.ivy2/jars/com.amazonaws_aws-java-sdk-bundle-1.12.262.jar,/home/***/.ivy2/jars/io.delta_delta-spark_2.12-3.1.0.jar,/home/***/.ivy2/jars/org.wildfly.openssl_wildfly-openssl-1.0.7.Final.jar,/home/***/.ivy2/jars/io.delta_delta-storage-3.1.0.jar,/home/***/.ivy2/jars/org.antlr_antlr4-runtime-4.9.3.jar)
[2025-05-31T09:45:28.198+0000] {spark_submit.py:644} INFO - Classpath elements:
[2025-05-31T09:45:28.198+0000] {spark_submit.py:644} INFO - file:///home/***/.ivy2/jars/org.apache.hadoop_hadoop-aws-3.3.4.jar
[2025-05-31T09:45:28.198+0000] {spark_submit.py:644} INFO - file:///home/***/.ivy2/jars/com.amazonaws_aws-java-sdk-bundle-1.12.262.jar
[2025-05-31T09:45:28.199+0000] {spark_submit.py:644} INFO - file:///home/***/.ivy2/jars/io.delta_delta-spark_2.12-3.1.0.jar
[2025-05-31T09:45:28.199+0000] {spark_submit.py:644} INFO - file:///home/***/.ivy2/jars/org.wildfly.openssl_wildfly-openssl-1.0.7.Final.jar
[2025-05-31T09:45:28.199+0000] {spark_submit.py:644} INFO - file:///home/***/.ivy2/jars/io.delta_delta-storage-3.1.0.jar
[2025-05-31T09:45:28.199+0000] {spark_submit.py:644} INFO - file:///home/***/.ivy2/jars/org.antlr_antlr4-runtime-4.9.3.jar
[2025-05-31T09:45:28.199+0000] {spark_submit.py:644} INFO - 
[2025-05-31T09:45:28.200+0000] {spark_submit.py:644} INFO - 
[2025-05-31T09:45:28.789+0000] {spark_submit.py:644} INFO - 25/05/31 09:45:28 INFO SparkContext: Running Spark version 3.5.2
[2025-05-31T09:45:28.790+0000] {spark_submit.py:644} INFO - 25/05/31 09:45:28 INFO SparkContext: OS info Linux, 6.10.14-linuxkit, aarch64
[2025-05-31T09:45:28.790+0000] {spark_submit.py:644} INFO - 25/05/31 09:45:28 INFO SparkContext: Java version 17.0.15
[2025-05-31T09:45:28.792+0000] {spark_submit.py:644} INFO - 25/05/31 09:45:28 WARN SparkConf: Note that spark.local.dir will be overridden by the value set by the cluster manager (via SPARK_LOCAL_DIRS in mesos/standalone/kubernetes and LOCAL_DIRS in YARN).
[2025-05-31T09:45:28.801+0000] {spark_submit.py:644} INFO - 25/05/31 09:45:28 INFO ResourceUtils: ==============================================================
[2025-05-31T09:45:28.801+0000] {spark_submit.py:644} INFO - 25/05/31 09:45:28 INFO ResourceUtils: No custom resources configured for spark.driver.
[2025-05-31T09:45:28.801+0000] {spark_submit.py:644} INFO - 25/05/31 09:45:28 INFO ResourceUtils: ==============================================================
[2025-05-31T09:45:28.802+0000] {spark_submit.py:644} INFO - 25/05/31 09:45:28 INFO SparkContext: Submitted application: MedallionETLBronzeStage
[2025-05-31T09:45:28.812+0000] {spark_submit.py:644} INFO - 25/05/31 09:45:28 INFO ResourceProfile: Default ResourceProfile created, executor resources: Map(memory -> name: memory, amount: 2048, script: , vendor: , offHeap -> name: offHeap, amount: 0, script: , vendor: ), task resources: Map(cpus -> name: cpus, amount: 1.0)
[2025-05-31T09:45:28.816+0000] {spark_submit.py:644} INFO - 25/05/31 09:45:28 INFO ResourceProfile: Limiting resource is cpu
[2025-05-31T09:45:28.817+0000] {spark_submit.py:644} INFO - 25/05/31 09:45:28 INFO ResourceProfileManager: Added ResourceProfile id: 0
[2025-05-31T09:45:28.843+0000] {spark_submit.py:644} INFO - 25/05/31 09:45:28 INFO SecurityManager: Changing view acls to: ***
[2025-05-31T09:45:28.844+0000] {spark_submit.py:644} INFO - 25/05/31 09:45:28 INFO SecurityManager: Changing modify acls to: ***
[2025-05-31T09:45:28.844+0000] {spark_submit.py:644} INFO - 25/05/31 09:45:28 INFO SecurityManager: Changing view acls groups to:
[2025-05-31T09:45:28.844+0000] {spark_submit.py:644} INFO - 25/05/31 09:45:28 INFO SecurityManager: Changing modify acls groups to:
[2025-05-31T09:45:28.844+0000] {spark_submit.py:644} INFO - 25/05/31 09:45:28 INFO SecurityManager: SecurityManager: authentication disabled; ui acls disabled; users with view permissions: ***; groups with view permissions: EMPTY; users with modify permissions: ***; groups with modify permissions: EMPTY
[2025-05-31T09:45:28.940+0000] {spark_submit.py:644} INFO - 25/05/31 09:45:28 INFO Utils: Successfully started service 'sparkDriver' on port 38179.
[2025-05-31T09:45:28.956+0000] {spark_submit.py:644} INFO - 25/05/31 09:45:28 INFO SparkEnv: Registering MapOutputTracker
[2025-05-31T09:45:28.972+0000] {spark_submit.py:644} INFO - 25/05/31 09:45:28 INFO SparkEnv: Registering BlockManagerMaster
[2025-05-31T09:45:28.979+0000] {spark_submit.py:644} INFO - 25/05/31 09:45:28 INFO BlockManagerMasterEndpoint: Using org.apache.spark.storage.DefaultTopologyMapper for getting topology information
[2025-05-31T09:45:28.980+0000] {spark_submit.py:644} INFO - 25/05/31 09:45:28 INFO BlockManagerMasterEndpoint: BlockManagerMasterEndpoint up
[2025-05-31T09:45:28.982+0000] {spark_submit.py:644} INFO - 25/05/31 09:45:28 INFO SparkEnv: Registering BlockManagerMasterHeartbeat
[2025-05-31T09:45:28.993+0000] {spark_submit.py:644} INFO - 25/05/31 09:45:28 INFO DiskBlockManager: Created local directory at /opt/***/dags/spark_temp/blockmgr-0398d361-60e9-4c60-b3fb-a4a1c46b7ed9
[2025-05-31T09:45:29.000+0000] {spark_submit.py:644} INFO - 25/05/31 09:45:29 INFO MemoryStore: MemoryStore started with capacity 434.4 MiB
[2025-05-31T09:45:29.007+0000] {spark_submit.py:644} INFO - 25/05/31 09:45:29 INFO SparkEnv: Registering OutputCommitCoordinator
[2025-05-31T09:45:29.070+0000] {spark_submit.py:644} INFO - 25/05/31 09:45:29 INFO JettyUtils: Start Jetty 0.0.0.0:4040 for SparkUI
[2025-05-31T09:45:29.103+0000] {spark_submit.py:644} INFO - 25/05/31 09:45:29 INFO Utils: Successfully started service 'SparkUI' on port 4040.
[2025-05-31T09:45:29.124+0000] {spark_submit.py:644} INFO - 25/05/31 09:45:29 INFO SparkContext: Added JAR file:///home/***/.ivy2/jars/org.apache.hadoop_hadoop-aws-3.3.4.jar at spark://9c13b1a04276:38179/jars/org.apache.hadoop_hadoop-aws-3.3.4.jar with timestamp 1748684728783
[2025-05-31T09:45:29.124+0000] {spark_submit.py:644} INFO - 25/05/31 09:45:29 INFO SparkContext: Added JAR file:///home/***/.ivy2/jars/com.amazonaws_aws-java-sdk-bundle-1.12.262.jar at spark://9c13b1a04276:38179/jars/com.amazonaws_aws-java-sdk-bundle-1.12.262.jar with timestamp 1748684728783
[2025-05-31T09:45:29.124+0000] {spark_submit.py:644} INFO - 25/05/31 09:45:29 INFO SparkContext: Added JAR file:///home/***/.ivy2/jars/io.delta_delta-spark_2.12-3.1.0.jar at spark://9c13b1a04276:38179/jars/io.delta_delta-spark_2.12-3.1.0.jar with timestamp 1748684728783
[2025-05-31T09:45:29.125+0000] {spark_submit.py:644} INFO - 25/05/31 09:45:29 INFO SparkContext: Added JAR file:///home/***/.ivy2/jars/org.wildfly.openssl_wildfly-openssl-1.0.7.Final.jar at spark://9c13b1a04276:38179/jars/org.wildfly.openssl_wildfly-openssl-1.0.7.Final.jar with timestamp 1748684728783
[2025-05-31T09:45:29.125+0000] {spark_submit.py:644} INFO - 25/05/31 09:45:29 INFO SparkContext: Added JAR file:///home/***/.ivy2/jars/io.delta_delta-storage-3.1.0.jar at spark://9c13b1a04276:38179/jars/io.delta_delta-storage-3.1.0.jar with timestamp 1748684728783
[2025-05-31T09:45:29.125+0000] {spark_submit.py:644} INFO - 25/05/31 09:45:29 INFO SparkContext: Added JAR file:///home/***/.ivy2/jars/org.antlr_antlr4-runtime-4.9.3.jar at spark://9c13b1a04276:38179/jars/org.antlr_antlr4-runtime-4.9.3.jar with timestamp 1748684728783
[2025-05-31T09:45:29.126+0000] {spark_submit.py:644} INFO - 25/05/31 09:45:29 INFO SparkContext: Added file file:///home/***/.ivy2/jars/org.apache.hadoop_hadoop-aws-3.3.4.jar at spark://9c13b1a04276:38179/files/org.apache.hadoop_hadoop-aws-3.3.4.jar with timestamp 1748684728783
[2025-05-31T09:45:29.126+0000] {spark_submit.py:644} INFO - 25/05/31 09:45:29 INFO Utils: Copying /home/***/.ivy2/jars/org.apache.hadoop_hadoop-aws-3.3.4.jar to /opt/***/dags/spark_temp/spark-c0de9dc4-3bce-4bcc-86dd-45b3b49d84a6/userFiles-72689922-3021-432b-be21-7e005ebac59d/org.apache.hadoop_hadoop-aws-3.3.4.jar
[2025-05-31T09:45:29.135+0000] {spark_submit.py:644} INFO - 25/05/31 09:45:29 INFO SparkContext: Added file file:///home/***/.ivy2/jars/com.amazonaws_aws-java-sdk-bundle-1.12.262.jar at spark://9c13b1a04276:38179/files/com.amazonaws_aws-java-sdk-bundle-1.12.262.jar with timestamp 1748684728783
[2025-05-31T09:45:29.136+0000] {spark_submit.py:644} INFO - 25/05/31 09:45:29 INFO Utils: Copying /home/***/.ivy2/jars/com.amazonaws_aws-java-sdk-bundle-1.12.262.jar to /opt/***/dags/spark_temp/spark-c0de9dc4-3bce-4bcc-86dd-45b3b49d84a6/userFiles-72689922-3021-432b-be21-7e005ebac59d/com.amazonaws_aws-java-sdk-bundle-1.12.262.jar
[2025-05-31T09:45:29.554+0000] {spark_submit.py:644} INFO - 25/05/31 09:45:29 INFO SparkContext: Added file file:///home/***/.ivy2/jars/io.delta_delta-spark_2.12-3.1.0.jar at spark://9c13b1a04276:38179/files/io.delta_delta-spark_2.12-3.1.0.jar with timestamp 1748684728783
[2025-05-31T09:45:29.555+0000] {spark_submit.py:644} INFO - 25/05/31 09:45:29 INFO Utils: Copying /home/***/.ivy2/jars/io.delta_delta-spark_2.12-3.1.0.jar to /opt/***/dags/spark_temp/spark-c0de9dc4-3bce-4bcc-86dd-45b3b49d84a6/userFiles-72689922-3021-432b-be21-7e005ebac59d/io.delta_delta-spark_2.12-3.1.0.jar
[2025-05-31T09:45:29.565+0000] {spark_submit.py:644} INFO - 25/05/31 09:45:29 INFO SparkContext: Added file file:///home/***/.ivy2/jars/org.wildfly.openssl_wildfly-openssl-1.0.7.Final.jar at spark://9c13b1a04276:38179/files/org.wildfly.openssl_wildfly-openssl-1.0.7.Final.jar with timestamp 1748684728783
[2025-05-31T09:45:29.566+0000] {spark_submit.py:644} INFO - 25/05/31 09:45:29 INFO Utils: Copying /home/***/.ivy2/jars/org.wildfly.openssl_wildfly-openssl-1.0.7.Final.jar to /opt/***/dags/spark_temp/spark-c0de9dc4-3bce-4bcc-86dd-45b3b49d84a6/userFiles-72689922-3021-432b-be21-7e005ebac59d/org.wildfly.openssl_wildfly-openssl-1.0.7.Final.jar
[2025-05-31T09:45:29.569+0000] {spark_submit.py:644} INFO - 25/05/31 09:45:29 INFO SparkContext: Added file file:///home/***/.ivy2/jars/io.delta_delta-storage-3.1.0.jar at spark://9c13b1a04276:38179/files/io.delta_delta-storage-3.1.0.jar with timestamp 1748684728783
[2025-05-31T09:45:29.570+0000] {spark_submit.py:644} INFO - 25/05/31 09:45:29 INFO Utils: Copying /home/***/.ivy2/jars/io.delta_delta-storage-3.1.0.jar to /opt/***/dags/spark_temp/spark-c0de9dc4-3bce-4bcc-86dd-45b3b49d84a6/userFiles-72689922-3021-432b-be21-7e005ebac59d/io.delta_delta-storage-3.1.0.jar
[2025-05-31T09:45:29.572+0000] {spark_submit.py:644} INFO - 25/05/31 09:45:29 INFO SparkContext: Added file file:///home/***/.ivy2/jars/org.antlr_antlr4-runtime-4.9.3.jar at spark://9c13b1a04276:38179/files/org.antlr_antlr4-runtime-4.9.3.jar with timestamp 1748684728783
[2025-05-31T09:45:29.573+0000] {spark_submit.py:644} INFO - 25/05/31 09:45:29 INFO Utils: Copying /home/***/.ivy2/jars/org.antlr_antlr4-runtime-4.9.3.jar to /opt/***/dags/spark_temp/spark-c0de9dc4-3bce-4bcc-86dd-45b3b49d84a6/userFiles-72689922-3021-432b-be21-7e005ebac59d/org.antlr_antlr4-runtime-4.9.3.jar
[2025-05-31T09:45:29.623+0000] {spark_submit.py:644} INFO - 25/05/31 09:45:29 INFO StandaloneAppClient$ClientEndpoint: Connecting to master spark://spark-master:7077...
[2025-05-31T09:45:29.646+0000] {spark_submit.py:644} INFO - 25/05/31 09:45:29 INFO TransportClientFactory: Successfully created connection to spark-master/172.19.0.7:7077 after 13 ms (0 ms spent in bootstraps)
[2025-05-31T09:45:29.729+0000] {spark_submit.py:644} INFO - 25/05/31 09:45:29 INFO StandaloneSchedulerBackend: Connected to Spark cluster with app ID app-20250531094529-0000
[2025-05-31T09:45:29.734+0000] {spark_submit.py:644} INFO - 25/05/31 09:45:29 INFO Utils: Successfully started service 'org.apache.spark.network.netty.NettyBlockTransferService' on port 44349.
[2025-05-31T09:45:29.735+0000] {spark_submit.py:644} INFO - 25/05/31 09:45:29 INFO NettyBlockTransferService: Server created on 9c13b1a04276:44349
[2025-05-31T09:45:29.736+0000] {spark_submit.py:644} INFO - 25/05/31 09:45:29 INFO BlockManager: Using org.apache.spark.storage.RandomBlockReplicationPolicy for block replication policy
[2025-05-31T09:45:29.739+0000] {spark_submit.py:644} INFO - 25/05/31 09:45:29 INFO BlockManagerMaster: Registering BlockManager BlockManagerId(driver, 9c13b1a04276, 44349, None)
[2025-05-31T09:45:29.742+0000] {spark_submit.py:644} INFO - 25/05/31 09:45:29 INFO BlockManagerMasterEndpoint: Registering block manager 9c13b1a04276:44349 with 434.4 MiB RAM, BlockManagerId(driver, 9c13b1a04276, 44349, None)
[2025-05-31T09:45:29.743+0000] {spark_submit.py:644} INFO - 25/05/31 09:45:29 INFO StandaloneAppClient$ClientEndpoint: Executor added: app-20250531094529-0000/0 on worker-20250531094414-172.19.0.8-40321 (172.19.0.8:40321) with 4 core(s)
[2025-05-31T09:45:29.744+0000] {spark_submit.py:644} INFO - 25/05/31 09:45:29 INFO BlockManagerMaster: Registered BlockManager BlockManagerId(driver, 9c13b1a04276, 44349, None)
[2025-05-31T09:45:29.749+0000] {spark_submit.py:644} INFO - 25/05/31 09:45:29 INFO StandaloneSchedulerBackend: Granted executor ID app-20250531094529-0000/0 on hostPort 172.19.0.8:40321 with 4 core(s), 2.0 GiB RAM
[2025-05-31T09:45:29.749+0000] {spark_submit.py:644} INFO - 25/05/31 09:45:29 INFO BlockManager: Initialized BlockManager: BlockManagerId(driver, 9c13b1a04276, 44349, None)
[2025-05-31T09:45:29.860+0000] {spark_submit.py:644} INFO - 25/05/31 09:45:29 INFO StandaloneAppClient$ClientEndpoint: Executor updated: app-20250531094529-0000/0 is now RUNNING
[2025-05-31T09:45:29.890+0000] {spark_submit.py:644} INFO - 25/05/31 09:45:29 INFO StandaloneSchedulerBackend: SchedulerBackend is ready for scheduling beginning after reached minRegisteredResourcesRatio: 0.0
[2025-05-31T09:45:30.029+0000] {spark_submit.py:644} INFO - Bronze Ingestion: Spark session created.
[2025-05-31T09:45:31.045+0000] {spark_submit.py:644} INFO - 25/05/31 09:45:31 INFO SharedState: Setting hive.metastore.warehouse.dir ('null') to the value of spark.sql.warehouse.dir.
[2025-05-31T09:45:31.046+0000] {spark_submit.py:644} INFO - 25/05/31 09:45:31 INFO SharedState: Warehouse path is 'file:/opt/***/spark-warehouse'.
[2025-05-31T09:45:31.445+0000] {spark_submit.py:644} INFO - 25/05/31 09:45:31 INFO StandaloneSchedulerBackend$StandaloneDriverEndpoint: Registered executor NettyRpcEndpointRef(spark-client://Executor) (172.19.0.8:49434) with ID 0,  ResourceProfileId 0
[2025-05-31T09:45:31.492+0000] {spark_submit.py:644} INFO - 25/05/31 09:45:31 INFO BlockManagerMasterEndpoint: Registering block manager 172.19.0.8:40711 with 1048.8 MiB RAM, BlockManagerId(0, 172.19.0.8, 40711, None)
[2025-05-31T09:45:31.892+0000] {spark_submit.py:644} INFO - Writing DataFrame to MinIO path: s3a://qdinh18/bronze/sales_data/ in Delta format
[2025-05-31T09:45:32.365+0000] {spark_submit.py:644} INFO - 25/05/31 09:45:32 WARN MetricsConfig: Cannot locate configuration: tried hadoop-metrics2-s3a-file-system.properties,hadoop-metrics2.properties
[2025-05-31T09:45:32.372+0000] {spark_submit.py:644} INFO - 25/05/31 09:45:32 INFO MetricsSystemImpl: Scheduled Metric snapshot period at 10 second(s).
[2025-05-31T09:45:32.372+0000] {spark_submit.py:644} INFO - 25/05/31 09:45:32 INFO MetricsSystemImpl: s3a-file-system metrics system started
[2025-05-31T09:45:32.762+0000] {spark_submit.py:644} INFO - 25/05/31 09:45:32 INFO DelegatingLogStore: LogStore `LogStoreAdapter(io.delta.storage.S3SingleDriverLogStore)` is used for scheme `s3a`
[2025-05-31T09:45:32.918+0000] {spark_submit.py:644} INFO - 25/05/31 09:45:32 INFO DeltaLog: Creating initial snapshot without metadata, because the directory is empty
[2025-05-31T09:45:33.508+0000] {spark_submit.py:644} INFO - 25/05/31 09:45:33 INFO InitialSnapshot: [tableId=cf6e50bf-c684-4713-bd87-629d55bcbe7d] Created snapshot InitialSnapshot(path=s3a://qdinh18/bronze/sales_data/_delta_log, version=-1, metadata=Metadata(9923b0bb-372d-486c-bb35-a2d920db582c,null,null,Format(parquet,Map()),null,List(),Map(),Some(1748684733506)), logSegment=LogSegment(s3a://qdinh18/bronze/sales_data/_delta_log,-1,List(),org.apache.spark.sql.delta.EmptyCheckpointProvider$@25693e20,-1), checksumOpt=None)
[2025-05-31T09:45:33.551+0000] {spark_submit.py:644} INFO - 25/05/31 09:45:33 INFO DeltaLog: No delta log found for the Delta table at s3a://qdinh18/bronze/sales_data/_delta_log
[2025-05-31T09:45:33.551+0000] {spark_submit.py:644} INFO - 25/05/31 09:45:33 INFO InitialSnapshot: [tableId=9923b0bb-372d-486c-bb35-a2d920db582c] Created snapshot InitialSnapshot(path=s3a://qdinh18/bronze/sales_data/_delta_log, version=-1, metadata=Metadata(8eea6565-72f4-4bca-8a4b-bccbd37a1f83,null,null,Format(parquet,Map()),null,List(),Map(),Some(1748684733551)), logSegment=LogSegment(s3a://qdinh18/bronze/sales_data/_delta_log,-1,List(),org.apache.spark.sql.delta.EmptyCheckpointProvider$@25693e20,-1), checksumOpt=None)
[2025-05-31T09:45:33.618+0000] {spark_submit.py:644} INFO - 25/05/31 09:45:33 INFO OptimisticTransaction: [tableId=8eea6565,txnId=4b9dc421] Updated metadata from - to Metadata(5ca8af8d-1283-4ffb-8b02-aa367bfcadad,null,null,Format(parquet,Map()),{"type":"struct","fields":[{"name":"order_id","type":"string","nullable":true,"metadata":{}},{"name":"customer_id","type":"string","nullable":true,"metadata":{}},{"name":"product_id","type":"string","nullable":true,"metadata":{}},{"name":"quantity","type":"integer","nullable":true,"metadata":{}},{"name":"price","type":"double","nullable":true,"metadata":{}},{"name":"order_date","type":"date","nullable":true,"metadata":{}},{"name":"status","type":"string","nullable":true,"metadata":{}},{"name":"processing_ts","type":"timestamp","nullable":true,"metadata":{}}]},List(),Map(),Some(1748684733604))
[2025-05-31T09:45:33.891+0000] {spark_submit.py:644} INFO - 25/05/31 09:45:33 INFO ParquetUtils: Using default output committer for Parquet: org.apache.parquet.hadoop.ParquetOutputCommitter
[2025-05-31T09:45:34.031+0000] {spark_submit.py:644} INFO - 25/05/31 09:45:34 INFO CodeGenerator: Code generated in 96.146791 ms
[2025-05-31T09:45:34.091+0000] {spark_submit.py:644} INFO - 25/05/31 09:45:34 INFO SparkContext: Starting job: save at NativeMethodAccessorImpl.java:0
[2025-05-31T09:45:34.099+0000] {spark_submit.py:644} INFO - 25/05/31 09:45:34 INFO DAGScheduler: Got job 0 (save at NativeMethodAccessorImpl.java:0) with 2 output partitions
[2025-05-31T09:45:34.099+0000] {spark_submit.py:644} INFO - 25/05/31 09:45:34 INFO DAGScheduler: Final stage: ResultStage 0 (save at NativeMethodAccessorImpl.java:0)
[2025-05-31T09:45:34.099+0000] {spark_submit.py:644} INFO - 25/05/31 09:45:34 INFO DAGScheduler: Parents of final stage: List()
[2025-05-31T09:45:34.100+0000] {spark_submit.py:644} INFO - 25/05/31 09:45:34 INFO DAGScheduler: Missing parents: List()
[2025-05-31T09:45:34.101+0000] {spark_submit.py:644} INFO - 25/05/31 09:45:34 INFO DAGScheduler: Submitting ResultStage 0 (MapPartitionsRDD[5] at save at NativeMethodAccessorImpl.java:0), which has no missing parents
[2025-05-31T09:45:34.158+0000] {spark_submit.py:644} INFO - 25/05/31 09:45:34 INFO MemoryStore: Block broadcast_0 stored as values in memory (estimated size 352.6 KiB, free 434.1 MiB)
[2025-05-31T09:45:34.175+0000] {spark_submit.py:644} INFO - 25/05/31 09:45:34 INFO MemoryStore: Block broadcast_0_piece0 stored as bytes in memory (estimated size 127.1 KiB, free 433.9 MiB)
[2025-05-31T09:45:34.177+0000] {spark_submit.py:644} INFO - 25/05/31 09:45:34 INFO BlockManagerInfo: Added broadcast_0_piece0 in memory on 9c13b1a04276:44349 (size: 127.1 KiB, free: 434.3 MiB)
[2025-05-31T09:45:34.180+0000] {spark_submit.py:644} INFO - 25/05/31 09:45:34 INFO SparkContext: Created broadcast 0 from broadcast at DAGScheduler.scala:1585
[2025-05-31T09:45:34.191+0000] {spark_submit.py:644} INFO - 25/05/31 09:45:34 INFO DAGScheduler: Submitting 2 missing tasks from ResultStage 0 (MapPartitionsRDD[5] at save at NativeMethodAccessorImpl.java:0) (first 15 tasks are for partitions Vector(0, 1))
[2025-05-31T09:45:34.193+0000] {spark_submit.py:644} INFO - 25/05/31 09:45:34 INFO TaskSchedulerImpl: Adding task set 0.0 with 2 tasks resource profile 0
[2025-05-31T09:45:34.211+0000] {spark_submit.py:644} INFO - 25/05/31 09:45:34 INFO TaskSetManager: Starting task 0.0 in stage 0.0 (TID 0) (172.19.0.8, executor 0, partition 0, PROCESS_LOCAL, 10306 bytes)
[2025-05-31T09:45:34.213+0000] {spark_submit.py:644} INFO - 25/05/31 09:45:34 INFO TaskSetManager: Starting task 1.0 in stage 0.0 (TID 1) (172.19.0.8, executor 0, partition 1, PROCESS_LOCAL, 10389 bytes)
[2025-05-31T09:45:34.343+0000] {spark_submit.py:644} INFO - 25/05/31 09:45:34 INFO BlockManagerInfo: Added broadcast_0_piece0 in memory on 172.19.0.8:40711 (size: 127.1 KiB, free: 1048.7 MiB)
[2025-05-31T09:45:37.758+0000] {spark_submit.py:644} INFO - 25/05/31 09:45:37 INFO TaskSetManager: Finished task 0.0 in stage 0.0 (TID 0) in 3557 ms on 172.19.0.8 (executor 0) (1/2)
[2025-05-31T09:45:37.760+0000] {spark_submit.py:644} INFO - 25/05/31 09:45:37 INFO TaskSetManager: Finished task 1.0 in stage 0.0 (TID 1) in 3547 ms on 172.19.0.8 (executor 0) (2/2)
[2025-05-31T09:45:37.760+0000] {spark_submit.py:644} INFO - 25/05/31 09:45:37 INFO TaskSchedulerImpl: Removed TaskSet 0.0, whose tasks have all completed, from pool
[2025-05-31T09:45:37.762+0000] {spark_submit.py:644} INFO - 25/05/31 09:45:37 INFO PythonAccumulatorV2: Connected to AccumulatorServer at host: 127.0.0.1 port: 37527
[2025-05-31T09:45:37.785+0000] {spark_submit.py:644} INFO - 25/05/31 09:45:37 INFO DAGScheduler: ResultStage 0 (save at NativeMethodAccessorImpl.java:0) finished in 3.678 s
[2025-05-31T09:45:37.787+0000] {spark_submit.py:644} INFO - 25/05/31 09:45:37 INFO DAGScheduler: Job 0 is finished. Cancelling potential speculative or zombie tasks for this job
[2025-05-31T09:45:37.787+0000] {spark_submit.py:644} INFO - 25/05/31 09:45:37 INFO TaskSchedulerImpl: Killing all running tasks in stage 0: Stage finished
[2025-05-31T09:45:37.788+0000] {spark_submit.py:644} INFO - 25/05/31 09:45:37 INFO DAGScheduler: Job 0 finished: save at NativeMethodAccessorImpl.java:0, took 3.696578 s
[2025-05-31T09:45:37.789+0000] {spark_submit.py:644} INFO - 25/05/31 09:45:37 INFO DeltaFileFormatWriter: Start to commit write Job 87778716-03b5-49c0-9cb9-5f7703bb6d7a.
[2025-05-31T09:45:37.790+0000] {spark_submit.py:644} INFO - 25/05/31 09:45:37 INFO DeltaFileFormatWriter: Write Job 87778716-03b5-49c0-9cb9-5f7703bb6d7a committed. Elapsed time: 0 ms.
[2025-05-31T09:45:37.792+0000] {spark_submit.py:644} INFO - 25/05/31 09:45:37 INFO DeltaFileFormatWriter: Finished processing stats for write job 87778716-03b5-49c0-9cb9-5f7703bb6d7a.
[2025-05-31T09:45:38.128+0000] {spark_submit.py:644} INFO - 25/05/31 09:45:38 INFO BlockManagerInfo: Removed broadcast_0_piece0 on 9c13b1a04276:44349 in memory (size: 127.1 KiB, free: 434.4 MiB)
[2025-05-31T09:45:38.136+0000] {spark_submit.py:644} INFO - 25/05/31 09:45:38 INFO BlockManagerInfo: Removed broadcast_0_piece0 on 172.19.0.8:40711 in memory (size: 127.1 KiB, free: 1048.8 MiB)
[2025-05-31T09:45:38.505+0000] {spark_submit.py:644} INFO - 25/05/31 09:45:38 INFO CodeGenerator: Code generated in 192.599042 ms
[2025-05-31T09:45:38.526+0000] {spark_submit.py:644} INFO - 25/05/31 09:45:38 INFO SparkContext: Starting job: $anonfun$recordDeltaOperationInternal$1 at DatabricksLogging.scala:128
[2025-05-31T09:45:38.526+0000] {spark_submit.py:644} INFO - 25/05/31 09:45:38 INFO DAGScheduler: Job 1 finished: $anonfun$recordDeltaOperationInternal$1 at DatabricksLogging.scala:128, took 0.000197 s
[2025-05-31T09:45:38.557+0000] {spark_submit.py:644} INFO - 25/05/31 09:45:38 INFO OptimisticTransaction: [tableId=8eea6565,txnId=4b9dc421] Attempting to commit version 0 with 5 actions with Serializable isolation level
[2025-05-31T09:45:38.691+0000] {spark_submit.py:644} INFO - 25/05/31 09:45:38 INFO DeltaLog: Creating a new snapshot v0 for commit version 0
[2025-05-31T09:45:38.691+0000] {spark_submit.py:644} INFO - 25/05/31 09:45:38 INFO DeltaLog: Loading version 0.
[2025-05-31T09:45:38.697+0000] {spark_submit.py:644} INFO - 25/05/31 09:45:38 INFO DeltaLogFileIndex: Created DeltaLogFileIndex(JSON, numFilesInSegment: 1, totalFileSize: 2865)
[2025-05-31T09:45:38.755+0000] {spark_submit.py:644} INFO - 25/05/31 09:45:38 INFO DataSourceStrategy: Pruning directories with:
[2025-05-31T09:45:38.758+0000] {spark_submit.py:644} INFO - 25/05/31 09:45:38 INFO FileSourceStrategy: Pushed Filters:
[2025-05-31T09:45:38.759+0000] {spark_submit.py:644} INFO - 25/05/31 09:45:38 INFO FileSourceStrategy: Post-Scan Filters: (isnotnull(protocol#331.minReaderVersion) OR isnotnull(metaData#330.id))
[2025-05-31T09:45:38.794+0000] {spark_submit.py:644} INFO - 25/05/31 09:45:38 INFO CodeGenerator: Code generated in 20.785916 ms
[2025-05-31T09:45:38.804+0000] {spark_submit.py:644} INFO - 25/05/31 09:45:38 INFO MemoryStore: Block broadcast_1 stored as values in memory (estimated size 205.2 KiB, free 434.2 MiB)
[2025-05-31T09:45:38.812+0000] {spark_submit.py:644} INFO - 25/05/31 09:45:38 INFO MemoryStore: Block broadcast_1_piece0 stored as bytes in memory (estimated size 36.1 KiB, free 434.2 MiB)
[2025-05-31T09:45:38.813+0000] {spark_submit.py:644} INFO - 25/05/31 09:45:38 INFO BlockManagerInfo: Added broadcast_1_piece0 in memory on 9c13b1a04276:44349 (size: 36.1 KiB, free: 434.4 MiB)
[2025-05-31T09:45:38.814+0000] {spark_submit.py:644} INFO - 25/05/31 09:45:38 INFO SparkContext: Created broadcast 1 from toString at String.java:4220
[2025-05-31T09:45:38.825+0000] {spark_submit.py:644} INFO - 25/05/31 09:45:38 INFO FileSourceScanExec: Planning scan with bin packing, max size: 4194304 bytes, open cost is considered as scanning 4194304 bytes.
[2025-05-31T09:45:38.851+0000] {spark_submit.py:644} INFO - 25/05/31 09:45:38 INFO SparkContext: Starting job: toString at String.java:4220
[2025-05-31T09:45:38.852+0000] {spark_submit.py:644} INFO - 25/05/31 09:45:38 INFO DAGScheduler: Got job 2 (toString at String.java:4220) with 1 output partitions
[2025-05-31T09:45:38.852+0000] {spark_submit.py:644} INFO - 25/05/31 09:45:38 INFO DAGScheduler: Final stage: ResultStage 1 (toString at String.java:4220)
[2025-05-31T09:45:38.852+0000] {spark_submit.py:644} INFO - 25/05/31 09:45:38 INFO DAGScheduler: Parents of final stage: List()
[2025-05-31T09:45:38.853+0000] {spark_submit.py:644} INFO - 25/05/31 09:45:38 INFO DAGScheduler: Missing parents: List()
[2025-05-31T09:45:38.853+0000] {spark_submit.py:644} INFO - 25/05/31 09:45:38 INFO DAGScheduler: Submitting ResultStage 1 (MapPartitionsRDD[13] at toString at String.java:4220), which has no missing parents
[2025-05-31T09:45:38.855+0000] {spark_submit.py:644} INFO - 25/05/31 09:45:38 INFO MemoryStore: Block broadcast_2 stored as values in memory (estimated size 40.0 KiB, free 434.1 MiB)
[2025-05-31T09:45:38.856+0000] {spark_submit.py:644} INFO - 25/05/31 09:45:38 INFO MemoryStore: Block broadcast_2_piece0 stored as bytes in memory (estimated size 13.7 KiB, free 434.1 MiB)
[2025-05-31T09:45:38.857+0000] {spark_submit.py:644} INFO - 25/05/31 09:45:38 INFO BlockManagerInfo: Added broadcast_2_piece0 in memory on 9c13b1a04276:44349 (size: 13.7 KiB, free: 434.4 MiB)
[2025-05-31T09:45:38.857+0000] {spark_submit.py:644} INFO - 25/05/31 09:45:38 INFO SparkContext: Created broadcast 2 from broadcast at DAGScheduler.scala:1585
[2025-05-31T09:45:38.857+0000] {spark_submit.py:644} INFO - 25/05/31 09:45:38 INFO DAGScheduler: Submitting 1 missing tasks from ResultStage 1 (MapPartitionsRDD[13] at toString at String.java:4220) (first 15 tasks are for partitions Vector(0))
[2025-05-31T09:45:38.858+0000] {spark_submit.py:644} INFO - 25/05/31 09:45:38 INFO TaskSchedulerImpl: Adding task set 1.0 with 1 tasks resource profile 0
[2025-05-31T09:45:38.859+0000] {spark_submit.py:644} INFO - 25/05/31 09:45:38 INFO TaskSetManager: Starting task 0.0 in stage 1.0 (TID 2) (172.19.0.8, executor 0, partition 0, PROCESS_LOCAL, 10831 bytes)
[2025-05-31T09:45:38.881+0000] {spark_submit.py:644} INFO - 25/05/31 09:45:38 INFO BlockManagerInfo: Added broadcast_2_piece0 in memory on 172.19.0.8:40711 (size: 13.7 KiB, free: 1048.8 MiB)
[2025-05-31T09:45:39.025+0000] {spark_submit.py:644} INFO - 25/05/31 09:45:39 INFO BlockManagerInfo: Added broadcast_1_piece0 in memory on 172.19.0.8:40711 (size: 36.1 KiB, free: 1048.8 MiB)
[2025-05-31T09:45:39.097+0000] {spark_submit.py:644} INFO - 25/05/31 09:45:39 INFO TaskSetManager: Finished task 0.0 in stage 1.0 (TID 2) in 238 ms on 172.19.0.8 (executor 0) (1/1)
[2025-05-31T09:45:39.097+0000] {spark_submit.py:644} INFO - 25/05/31 09:45:39 INFO TaskSchedulerImpl: Removed TaskSet 1.0, whose tasks have all completed, from pool
[2025-05-31T09:45:39.098+0000] {spark_submit.py:644} INFO - 25/05/31 09:45:39 INFO DAGScheduler: ResultStage 1 (toString at String.java:4220) finished in 0.243 s
[2025-05-31T09:45:39.098+0000] {spark_submit.py:644} INFO - 25/05/31 09:45:39 INFO DAGScheduler: Job 2 is finished. Cancelling potential speculative or zombie tasks for this job
[2025-05-31T09:45:39.098+0000] {spark_submit.py:644} INFO - 25/05/31 09:45:39 INFO TaskSchedulerImpl: Killing all running tasks in stage 1: Stage finished
[2025-05-31T09:45:39.098+0000] {spark_submit.py:644} INFO - 25/05/31 09:45:39 INFO DAGScheduler: Job 2 finished: toString at String.java:4220, took 0.246576 s
[2025-05-31T09:45:39.121+0000] {spark_submit.py:644} INFO - 25/05/31 09:45:39 INFO CodeGenerator: Code generated in 14.219375 ms
[2025-05-31T09:45:39.124+0000] {spark_submit.py:644} INFO - 25/05/31 09:45:39 INFO Snapshot: [tableId=8eea6565-72f4-4bca-8a4b-bccbd37a1f83] Created snapshot Snapshot(path=s3a://qdinh18/bronze/sales_data/_delta_log, version=0, metadata=Metadata(5ca8af8d-1283-4ffb-8b02-aa367bfcadad,null,null,Format(parquet,Map()),{"type":"struct","fields":[{"name":"order_id","type":"string","nullable":true,"metadata":{}},{"name":"customer_id","type":"string","nullable":true,"metadata":{}},{"name":"product_id","type":"string","nullable":true,"metadata":{}},{"name":"quantity","type":"integer","nullable":true,"metadata":{}},{"name":"price","type":"double","nullable":true,"metadata":{}},{"name":"order_date","type":"date","nullable":true,"metadata":{}},{"name":"status","type":"string","nullable":true,"metadata":{}},{"name":"processing_ts","type":"timestamp","nullable":true,"metadata":{}}]},List(),Map(),Some(1748684733604)), logSegment=LogSegment(s3a://qdinh18/bronze/sales_data/_delta_log,0,WrappedArray(S3AFileStatus{path=s3a://qdinh18/bronze/sales_data/_delta_log/00000000000000000000.json; isDirectory=false; length=2865; replication=1; blocksize=33554432; modification_time=1748684738658; access_time=0; owner=***; group=***; permission=rw-rw-rw-; isSymlink=false; hasAcl=false; isEncrypted=true; isErasureCoded=false} isEmptyDirectory=FALSE eTag=dd196c5a97ddcfd3f91c7a918a6079ba versionId=null),org.apache.spark.sql.delta.EmptyCheckpointProvider$@25693e20,1748684738658), checksumOpt=None)
[2025-05-31T09:45:39.125+0000] {spark_submit.py:644} INFO - 25/05/31 09:45:39 INFO DeltaLog: Updated snapshot to Snapshot(path=s3a://qdinh18/bronze/sales_data/_delta_log, version=0, metadata=Metadata(5ca8af8d-1283-4ffb-8b02-aa367bfcadad,null,null,Format(parquet,Map()),{"type":"struct","fields":[{"name":"order_id","type":"string","nullable":true,"metadata":{}},{"name":"customer_id","type":"string","nullable":true,"metadata":{}},{"name":"product_id","type":"string","nullable":true,"metadata":{}},{"name":"quantity","type":"integer","nullable":true,"metadata":{}},{"name":"price","type":"double","nullable":true,"metadata":{}},{"name":"order_date","type":"date","nullable":true,"metadata":{}},{"name":"status","type":"string","nullable":true,"metadata":{}},{"name":"processing_ts","type":"timestamp","nullable":true,"metadata":{}}]},List(),Map(),Some(1748684733604)), logSegment=LogSegment(s3a://qdinh18/bronze/sales_data/_delta_log,0,WrappedArray(S3AFileStatus{path=s3a://qdinh18/bronze/sales_data/_delta_log/00000000000000000000.json; isDirectory=false; length=2865; replication=1; blocksize=33554432; modification_time=1748684738658; access_time=0; owner=***; group=***; permission=rw-rw-rw-; isSymlink=false; hasAcl=false; isEncrypted=true; isErasureCoded=false} isEmptyDirectory=FALSE eTag=dd196c5a97ddcfd3f91c7a918a6079ba versionId=null),org.apache.spark.sql.delta.EmptyCheckpointProvider$@25693e20,1748684738658), checksumOpt=None)
[2025-05-31T09:45:39.128+0000] {spark_submit.py:644} INFO - 25/05/31 09:45:39 INFO Snapshot: [tableId=5ca8af8d-1283-4ffb-8b02-aa367bfcadad] DELTA: Compute snapshot for version: 0
[2025-05-31T09:45:39.135+0000] {spark_submit.py:644} INFO - 25/05/31 09:45:39 INFO MemoryStore: Block broadcast_3 stored as values in memory (estimated size 204.9 KiB, free 433.9 MiB)
[2025-05-31T09:45:39.140+0000] {spark_submit.py:644} INFO - 25/05/31 09:45:39 INFO MemoryStore: Block broadcast_3_piece0 stored as bytes in memory (estimated size 36.0 KiB, free 433.9 MiB)
[2025-05-31T09:45:39.140+0000] {spark_submit.py:644} INFO - 25/05/31 09:45:39 INFO BlockManagerInfo: Added broadcast_3_piece0 in memory on 9c13b1a04276:44349 (size: 36.0 KiB, free: 434.3 MiB)
[2025-05-31T09:45:39.141+0000] {spark_submit.py:644} INFO - 25/05/31 09:45:39 INFO SparkContext: Created broadcast 3 from $anonfun$recordDeltaOperationInternal$1 at DatabricksLogging.scala:128
[2025-05-31T09:45:39.224+0000] {spark_submit.py:644} INFO - 25/05/31 09:45:39 INFO BlockManagerInfo: Removed broadcast_2_piece0 on 9c13b1a04276:44349 in memory (size: 13.7 KiB, free: 434.3 MiB)
[2025-05-31T09:45:39.226+0000] {spark_submit.py:644} INFO - 25/05/31 09:45:39 INFO BlockManagerInfo: Removed broadcast_2_piece0 on 172.19.0.8:40711 in memory (size: 13.7 KiB, free: 1048.8 MiB)
[2025-05-31T09:45:39.233+0000] {spark_submit.py:644} INFO - 25/05/31 09:45:39 INFO BlockManagerInfo: Removed broadcast_1_piece0 on 9c13b1a04276:44349 in memory (size: 36.1 KiB, free: 434.4 MiB)
[2025-05-31T09:45:39.234+0000] {spark_submit.py:644} INFO - 25/05/31 09:45:39 INFO BlockManagerInfo: Removed broadcast_1_piece0 on 172.19.0.8:40711 in memory (size: 36.1 KiB, free: 1048.8 MiB)
[2025-05-31T09:45:39.327+0000] {spark_submit.py:644} INFO - 25/05/31 09:45:39 INFO DataSourceStrategy: Pruning directories with:
[2025-05-31T09:45:39.328+0000] {spark_submit.py:644} INFO - 25/05/31 09:45:39 INFO FileSourceStrategy: Pushed Filters:
[2025-05-31T09:45:39.328+0000] {spark_submit.py:644} INFO - 25/05/31 09:45:39 INFO FileSourceStrategy: Post-Scan Filters:
[2025-05-31T09:45:39.351+0000] {spark_submit.py:644} INFO - 25/05/31 09:45:39 WARN SparkStringUtils: Truncated the string representation of a plan since it was too large. This behavior can be adjusted by setting 'spark.sql.debug.maxToStringFields'.
[2025-05-31T09:45:39.440+0000] {spark_submit.py:644} INFO - 25/05/31 09:45:39 INFO CodeGenerator: Code generated in 48.435375 ms
[2025-05-31T09:45:39.443+0000] {spark_submit.py:644} INFO - 25/05/31 09:45:39 INFO MemoryStore: Block broadcast_4 stored as values in memory (estimated size 205.2 KiB, free 434.0 MiB)
[2025-05-31T09:45:39.449+0000] {spark_submit.py:644} INFO - 25/05/31 09:45:39 INFO MemoryStore: Block broadcast_4_piece0 stored as bytes in memory (estimated size 36.1 KiB, free 433.9 MiB)
[2025-05-31T09:45:39.450+0000] {spark_submit.py:644} INFO - 25/05/31 09:45:39 INFO BlockManagerInfo: Added broadcast_4_piece0 in memory on 9c13b1a04276:44349 (size: 36.1 KiB, free: 434.3 MiB)
[2025-05-31T09:45:39.450+0000] {spark_submit.py:644} INFO - 25/05/31 09:45:39 INFO SparkContext: Created broadcast 4 from $anonfun$recordDeltaOperationInternal$1 at DatabricksLogging.scala:128
[2025-05-31T09:45:39.451+0000] {spark_submit.py:644} INFO - 25/05/31 09:45:39 INFO FileSourceScanExec: Planning scan with bin packing, max size: 4194304 bytes, open cost is considered as scanning 4194304 bytes.
[2025-05-31T09:45:39.471+0000] {spark_submit.py:644} INFO - 25/05/31 09:45:39 INFO DAGScheduler: Registering RDD 17 ($anonfun$recordDeltaOperationInternal$1 at DatabricksLogging.scala:128) as input to shuffle 0
[2025-05-31T09:45:39.473+0000] {spark_submit.py:644} INFO - 25/05/31 09:45:39 INFO DAGScheduler: Got map stage job 3 ($anonfun$recordDeltaOperationInternal$1 at DatabricksLogging.scala:128) with 1 output partitions
[2025-05-31T09:45:39.473+0000] {spark_submit.py:644} INFO - 25/05/31 09:45:39 INFO DAGScheduler: Final stage: ShuffleMapStage 2 ($anonfun$recordDeltaOperationInternal$1 at DatabricksLogging.scala:128)
[2025-05-31T09:45:39.474+0000] {spark_submit.py:644} INFO - 25/05/31 09:45:39 INFO DAGScheduler: Parents of final stage: List()
[2025-05-31T09:45:39.474+0000] {spark_submit.py:644} INFO - 25/05/31 09:45:39 INFO DAGScheduler: Missing parents: List()
[2025-05-31T09:45:39.474+0000] {spark_submit.py:644} INFO - 25/05/31 09:45:39 INFO DAGScheduler: Submitting ShuffleMapStage 2 (MapPartitionsRDD[17] at $anonfun$recordDeltaOperationInternal$1 at DatabricksLogging.scala:128), which has no missing parents
[2025-05-31T09:45:39.480+0000] {spark_submit.py:644} INFO - 25/05/31 09:45:39 INFO MemoryStore: Block broadcast_5 stored as values in memory (estimated size 105.6 KiB, free 433.8 MiB)
[2025-05-31T09:45:39.482+0000] {spark_submit.py:644} INFO - 25/05/31 09:45:39 INFO MemoryStore: Block broadcast_5_piece0 stored as bytes in memory (estimated size 32.6 KiB, free 433.8 MiB)
[2025-05-31T09:45:39.483+0000] {spark_submit.py:644} INFO - 25/05/31 09:45:39 INFO BlockManagerInfo: Added broadcast_5_piece0 in memory on 9c13b1a04276:44349 (size: 32.6 KiB, free: 434.3 MiB)
[2025-05-31T09:45:39.483+0000] {spark_submit.py:644} INFO - 25/05/31 09:45:39 INFO SparkContext: Created broadcast 5 from broadcast at DAGScheduler.scala:1585
[2025-05-31T09:45:39.484+0000] {spark_submit.py:644} INFO - 25/05/31 09:45:39 INFO DAGScheduler: Submitting 1 missing tasks from ShuffleMapStage 2 (MapPartitionsRDD[17] at $anonfun$recordDeltaOperationInternal$1 at DatabricksLogging.scala:128) (first 15 tasks are for partitions Vector(0))
[2025-05-31T09:45:39.484+0000] {spark_submit.py:644} INFO - 25/05/31 09:45:39 INFO TaskSchedulerImpl: Adding task set 2.0 with 1 tasks resource profile 0
[2025-05-31T09:45:39.486+0000] {spark_submit.py:644} INFO - 25/05/31 09:45:39 INFO TaskSetManager: Starting task 0.0 in stage 2.0 (TID 3) (172.19.0.8, executor 0, partition 0, PROCESS_LOCAL, 10820 bytes)
[2025-05-31T09:45:39.496+0000] {spark_submit.py:644} INFO - 25/05/31 09:45:39 INFO BlockManagerInfo: Added broadcast_5_piece0 in memory on 172.19.0.8:40711 (size: 32.6 KiB, free: 1048.8 MiB)
[2025-05-31T09:45:39.717+0000] {spark_submit.py:644} INFO - 25/05/31 09:45:39 INFO BlockManagerInfo: Added broadcast_4_piece0 in memory on 172.19.0.8:40711 (size: 36.1 KiB, free: 1048.7 MiB)
[2025-05-31T09:45:39.763+0000] {spark_submit.py:644} INFO - 25/05/31 09:45:39 INFO TaskSetManager: Finished task 0.0 in stage 2.0 (TID 3) in 278 ms on 172.19.0.8 (executor 0) (1/1)
[2025-05-31T09:45:39.764+0000] {spark_submit.py:644} INFO - 25/05/31 09:45:39 INFO TaskSchedulerImpl: Removed TaskSet 2.0, whose tasks have all completed, from pool
[2025-05-31T09:45:39.765+0000] {spark_submit.py:644} INFO - 25/05/31 09:45:39 INFO DAGScheduler: ShuffleMapStage 2 ($anonfun$recordDeltaOperationInternal$1 at DatabricksLogging.scala:128) finished in 0.289 s
[2025-05-31T09:45:39.765+0000] {spark_submit.py:644} INFO - 25/05/31 09:45:39 INFO DAGScheduler: looking for newly runnable stages
[2025-05-31T09:45:39.765+0000] {spark_submit.py:644} INFO - 25/05/31 09:45:39 INFO DAGScheduler: running: Set()
[2025-05-31T09:45:39.765+0000] {spark_submit.py:644} INFO - 25/05/31 09:45:39 INFO DAGScheduler: waiting: Set()
[2025-05-31T09:45:39.765+0000] {spark_submit.py:644} INFO - 25/05/31 09:45:39 INFO DAGScheduler: failed: Set()
[2025-05-31T09:45:40.029+0000] {spark_submit.py:644} INFO - 25/05/31 09:45:40 INFO CodeGenerator: Generated method too long to be JIT compiled: org.apache.spark.sql.catalyst.expressions.GeneratedClass$GeneratedIteratorForCodegenStage3.serializefromobject_doConsume_0$ is 24899 bytes
[2025-05-31T09:45:40.030+0000] {spark_submit.py:644} INFO - 25/05/31 09:45:40 INFO CodeGenerator: Code generated in 145.123708 ms
[2025-05-31T09:45:40.076+0000] {spark_submit.py:644} INFO - 25/05/31 09:45:40 INFO CodeGenerator: Code generated in 29.104333 ms
[2025-05-31T09:45:40.184+0000] {spark_submit.py:644} INFO - 25/05/31 09:45:40 INFO BlockManagerInfo: Removed broadcast_5_piece0 on 9c13b1a04276:44349 in memory (size: 32.6 KiB, free: 434.3 MiB)
[2025-05-31T09:45:40.185+0000] {spark_submit.py:644} INFO - 25/05/31 09:45:40 INFO BlockManagerInfo: Removed broadcast_5_piece0 on 172.19.0.8:40711 in memory (size: 32.6 KiB, free: 1048.8 MiB)
[2025-05-31T09:45:40.215+0000] {spark_submit.py:644} INFO - 25/05/31 09:45:40 INFO CodeGenerator: Code generated in 26.431667 ms
[2025-05-31T09:45:40.220+0000] {spark_submit.py:644} INFO - 25/05/31 09:45:40 INFO DAGScheduler: Registering RDD 27 ($anonfun$recordDeltaOperationInternal$1 at DatabricksLogging.scala:128) as input to shuffle 1
[2025-05-31T09:45:40.220+0000] {spark_submit.py:644} INFO - 25/05/31 09:45:40 INFO DAGScheduler: Got map stage job 4 ($anonfun$recordDeltaOperationInternal$1 at DatabricksLogging.scala:128) with 50 output partitions
[2025-05-31T09:45:40.221+0000] {spark_submit.py:644} INFO - 25/05/31 09:45:40 INFO DAGScheduler: Final stage: ShuffleMapStage 4 ($anonfun$recordDeltaOperationInternal$1 at DatabricksLogging.scala:128)
[2025-05-31T09:45:40.221+0000] {spark_submit.py:644} INFO - 25/05/31 09:45:40 INFO DAGScheduler: Parents of final stage: List(ShuffleMapStage 3)
[2025-05-31T09:45:40.221+0000] {spark_submit.py:644} INFO - 25/05/31 09:45:40 INFO DAGScheduler: Missing parents: List()
[2025-05-31T09:45:40.222+0000] {spark_submit.py:644} INFO - 25/05/31 09:45:40 INFO DAGScheduler: Submitting ShuffleMapStage 4 (MapPartitionsRDD[27] at $anonfun$recordDeltaOperationInternal$1 at DatabricksLogging.scala:128), which has no missing parents
[2025-05-31T09:45:40.244+0000] {spark_submit.py:644} INFO - 25/05/31 09:45:40 INFO MemoryStore: Block broadcast_6 stored as values in memory (estimated size 602.5 KiB, free 433.3 MiB)
[2025-05-31T09:45:40.246+0000] {spark_submit.py:644} INFO - 25/05/31 09:45:40 INFO MemoryStore: Block broadcast_6_piece0 stored as bytes in memory (estimated size 138.0 KiB, free 433.2 MiB)
[2025-05-31T09:45:40.246+0000] {spark_submit.py:644} INFO - 25/05/31 09:45:40 INFO BlockManagerInfo: Added broadcast_6_piece0 in memory on 9c13b1a04276:44349 (size: 138.0 KiB, free: 434.2 MiB)
[2025-05-31T09:45:40.247+0000] {spark_submit.py:644} INFO - 25/05/31 09:45:40 INFO SparkContext: Created broadcast 6 from broadcast at DAGScheduler.scala:1585
[2025-05-31T09:45:40.247+0000] {spark_submit.py:644} INFO - 25/05/31 09:45:40 INFO DAGScheduler: Submitting 50 missing tasks from ShuffleMapStage 4 (MapPartitionsRDD[27] at $anonfun$recordDeltaOperationInternal$1 at DatabricksLogging.scala:128) (first 15 tasks are for partitions Vector(0, 1, 2, 3, 4, 5, 6, 7, 8, 9, 10, 11, 12, 13, 14))
[2025-05-31T09:45:40.247+0000] {spark_submit.py:644} INFO - 25/05/31 09:45:40 INFO TaskSchedulerImpl: Adding task set 4.0 with 50 tasks resource profile 0
[2025-05-31T09:45:40.250+0000] {spark_submit.py:644} INFO - 25/05/31 09:45:40 INFO TaskSetManager: Starting task 42.0 in stage 4.0 (TID 4) (172.19.0.8, executor 0, partition 42, NODE_LOCAL, 10175 bytes)
[2025-05-31T09:45:40.251+0000] {spark_submit.py:644} INFO - 25/05/31 09:45:40 INFO TaskSetManager: Starting task 44.0 in stage 4.0 (TID 5) (172.19.0.8, executor 0, partition 44, NODE_LOCAL, 10175 bytes)
[2025-05-31T09:45:40.251+0000] {spark_submit.py:644} INFO - 25/05/31 09:45:40 INFO TaskSetManager: Starting task 47.0 in stage 4.0 (TID 6) (172.19.0.8, executor 0, partition 47, NODE_LOCAL, 10175 bytes)
[2025-05-31T09:45:40.251+0000] {spark_submit.py:644} INFO - 25/05/31 09:45:40 INFO TaskSetManager: Starting task 0.0 in stage 4.0 (TID 7) (172.19.0.8, executor 0, partition 0, PROCESS_LOCAL, 10175 bytes)
[2025-05-31T09:45:40.272+0000] {spark_submit.py:644} INFO - 25/05/31 09:45:40 INFO BlockManagerInfo: Added broadcast_6_piece0 in memory on 172.19.0.8:40711 (size: 138.0 KiB, free: 1048.6 MiB)
[2025-05-31T09:45:40.419+0000] {spark_submit.py:644} INFO - 25/05/31 09:45:40 INFO MapOutputTrackerMasterEndpoint: Asked to send map output locations for shuffle 0 to 172.19.0.8:49434
[2025-05-31T09:45:40.893+0000] {spark_submit.py:644} INFO - 25/05/31 09:45:40 INFO BlockManagerInfo: Added rdd_24_0 in memory on 172.19.0.8:40711 (size: 46.0 B, free: 1048.6 MiB)
[2025-05-31T09:45:40.894+0000] {spark_submit.py:644} INFO - 25/05/31 09:45:40 INFO BlockManagerInfo: Added rdd_24_47 in memory on 172.19.0.8:40711 (size: 608.0 B, free: 1048.6 MiB)
[2025-05-31T09:45:40.894+0000] {spark_submit.py:644} INFO - 25/05/31 09:45:40 INFO BlockManagerInfo: Added rdd_24_44 in memory on 172.19.0.8:40711 (size: 613.0 B, free: 1048.6 MiB)
[2025-05-31T09:45:40.895+0000] {spark_submit.py:644} INFO - 25/05/31 09:45:40 INFO BlockManagerInfo: Added rdd_24_42 in memory on 172.19.0.8:40711 (size: 570.0 B, free: 1048.6 MiB)
[2025-05-31T09:45:41.011+0000] {spark_submit.py:644} INFO - 25/05/31 09:45:41 INFO TaskSetManager: Starting task 1.0 in stage 4.0 (TID 8) (172.19.0.8, executor 0, partition 1, PROCESS_LOCAL, 10175 bytes)
[2025-05-31T09:45:41.013+0000] {spark_submit.py:644} INFO - 25/05/31 09:45:41 INFO TaskSetManager: Finished task 44.0 in stage 4.0 (TID 5) in 762 ms on 172.19.0.8 (executor 0) (1/50)
[2025-05-31T09:45:41.015+0000] {spark_submit.py:644} INFO - 25/05/31 09:45:41 INFO TaskSetManager: Starting task 2.0 in stage 4.0 (TID 9) (172.19.0.8, executor 0, partition 2, PROCESS_LOCAL, 10175 bytes)
[2025-05-31T09:45:41.015+0000] {spark_submit.py:644} INFO - 25/05/31 09:45:41 INFO TaskSetManager: Starting task 3.0 in stage 4.0 (TID 10) (172.19.0.8, executor 0, partition 3, PROCESS_LOCAL, 10175 bytes)
[2025-05-31T09:45:41.016+0000] {spark_submit.py:644} INFO - 25/05/31 09:45:41 INFO TaskSetManager: Finished task 0.0 in stage 4.0 (TID 7) in 762 ms on 172.19.0.8 (executor 0) (2/50)
[2025-05-31T09:45:41.018+0000] {spark_submit.py:644} INFO - 25/05/31 09:45:41 INFO TaskSetManager: Starting task 4.0 in stage 4.0 (TID 11) (172.19.0.8, executor 0, partition 4, PROCESS_LOCAL, 10175 bytes)
[2025-05-31T09:45:41.019+0000] {spark_submit.py:644} INFO - 25/05/31 09:45:41 INFO TaskSetManager: Finished task 47.0 in stage 4.0 (TID 6) in 763 ms on 172.19.0.8 (executor 0) (3/50)
[2025-05-31T09:45:41.023+0000] {spark_submit.py:644} INFO - 25/05/31 09:45:41 INFO TaskSetManager: Finished task 42.0 in stage 4.0 (TID 4) in 766 ms on 172.19.0.8 (executor 0) (4/50)
[2025-05-31T09:45:41.109+0000] {spark_submit.py:644} INFO - 25/05/31 09:45:41 INFO BlockManagerInfo: Added rdd_24_2 in memory on 172.19.0.8:40711 (size: 46.0 B, free: 1048.6 MiB)
[2025-05-31T09:45:41.110+0000] {spark_submit.py:644} INFO - 25/05/31 09:45:41 INFO BlockManagerInfo: Added rdd_24_3 in memory on 172.19.0.8:40711 (size: 46.0 B, free: 1048.6 MiB)
[2025-05-31T09:45:41.111+0000] {spark_submit.py:644} INFO - 25/05/31 09:45:41 INFO BlockManagerInfo: Added rdd_24_1 in memory on 172.19.0.8:40711 (size: 46.0 B, free: 1048.6 MiB)
[2025-05-31T09:45:41.112+0000] {spark_submit.py:644} INFO - 25/05/31 09:45:41 INFO BlockManagerInfo: Added rdd_24_4 in memory on 172.19.0.8:40711 (size: 46.0 B, free: 1048.6 MiB)
[2025-05-31T09:45:41.142+0000] {spark_submit.py:644} INFO - 25/05/31 09:45:41 INFO TaskSetManager: Starting task 5.0 in stage 4.0 (TID 12) (172.19.0.8, executor 0, partition 5, PROCESS_LOCAL, 10175 bytes)
[2025-05-31T09:45:41.143+0000] {spark_submit.py:644} INFO - 25/05/31 09:45:41 INFO TaskSetManager: Finished task 3.0 in stage 4.0 (TID 10) in 129 ms on 172.19.0.8 (executor 0) (5/50)
[2025-05-31T09:45:41.144+0000] {spark_submit.py:644} INFO - 25/05/31 09:45:41 INFO TaskSetManager: Starting task 6.0 in stage 4.0 (TID 13) (172.19.0.8, executor 0, partition 6, PROCESS_LOCAL, 10175 bytes)
[2025-05-31T09:45:41.145+0000] {spark_submit.py:644} INFO - 25/05/31 09:45:41 INFO TaskSetManager: Finished task 2.0 in stage 4.0 (TID 9) in 131 ms on 172.19.0.8 (executor 0) (6/50)
[2025-05-31T09:45:41.145+0000] {spark_submit.py:644} INFO - 25/05/31 09:45:41 INFO TaskSetManager: Starting task 7.0 in stage 4.0 (TID 14) (172.19.0.8, executor 0, partition 7, PROCESS_LOCAL, 10175 bytes)
[2025-05-31T09:45:41.145+0000] {spark_submit.py:644} INFO - 25/05/31 09:45:41 INFO TaskSetManager: Starting task 8.0 in stage 4.0 (TID 15) (172.19.0.8, executor 0, partition 8, PROCESS_LOCAL, 10175 bytes)
[2025-05-31T09:45:41.146+0000] {spark_submit.py:644} INFO - 25/05/31 09:45:41 INFO TaskSetManager: Finished task 1.0 in stage 4.0 (TID 8) in 134 ms on 172.19.0.8 (executor 0) (7/50)
[2025-05-31T09:45:41.146+0000] {spark_submit.py:644} INFO - 25/05/31 09:45:41 INFO TaskSetManager: Finished task 4.0 in stage 4.0 (TID 11) in 132 ms on 172.19.0.8 (executor 0) (8/50)
[2025-05-31T09:45:41.217+0000] {spark_submit.py:644} INFO - 25/05/31 09:45:41 INFO BlockManagerInfo: Added rdd_24_5 in memory on 172.19.0.8:40711 (size: 46.0 B, free: 1048.6 MiB)
[2025-05-31T09:45:41.222+0000] {spark_submit.py:644} INFO - 25/05/31 09:45:41 INFO BlockManagerInfo: Added rdd_24_6 in memory on 172.19.0.8:40711 (size: 46.0 B, free: 1048.6 MiB)
[2025-05-31T09:45:41.228+0000] {spark_submit.py:644} INFO - 25/05/31 09:45:41 INFO BlockManagerInfo: Added rdd_24_7 in memory on 172.19.0.8:40711 (size: 46.0 B, free: 1048.6 MiB)
[2025-05-31T09:45:41.234+0000] {spark_submit.py:644} INFO - 25/05/31 09:45:41 INFO BlockManagerInfo: Added rdd_24_8 in memory on 172.19.0.8:40711 (size: 46.0 B, free: 1048.6 MiB)
[2025-05-31T09:45:41.246+0000] {spark_submit.py:644} INFO - 25/05/31 09:45:41 INFO TaskSetManager: Starting task 9.0 in stage 4.0 (TID 16) (172.19.0.8, executor 0, partition 9, PROCESS_LOCAL, 10175 bytes)
[2025-05-31T09:45:41.247+0000] {spark_submit.py:644} INFO - 25/05/31 09:45:41 INFO TaskSetManager: Finished task 5.0 in stage 4.0 (TID 12) in 105 ms on 172.19.0.8 (executor 0) (9/50)
[2025-05-31T09:45:41.248+0000] {spark_submit.py:644} INFO - 25/05/31 09:45:41 INFO TaskSetManager: Starting task 10.0 in stage 4.0 (TID 17) (172.19.0.8, executor 0, partition 10, PROCESS_LOCAL, 10175 bytes)
[2025-05-31T09:45:41.248+0000] {spark_submit.py:644} INFO - 25/05/31 09:45:41 INFO TaskSetManager: Finished task 6.0 in stage 4.0 (TID 13) in 105 ms on 172.19.0.8 (executor 0) (10/50)
[2025-05-31T09:45:41.254+0000] {spark_submit.py:644} INFO - 25/05/31 09:45:41 INFO TaskSetManager: Starting task 11.0 in stage 4.0 (TID 18) (172.19.0.8, executor 0, partition 11, PROCESS_LOCAL, 10175 bytes)
[2025-05-31T09:45:41.256+0000] {spark_submit.py:644} INFO - 25/05/31 09:45:41 INFO TaskSetManager: Finished task 7.0 in stage 4.0 (TID 14) in 111 ms on 172.19.0.8 (executor 0) (11/50)
[2025-05-31T09:45:41.256+0000] {spark_submit.py:644} INFO - 25/05/31 09:45:41 INFO TaskSetManager: Starting task 12.0 in stage 4.0 (TID 19) (172.19.0.8, executor 0, partition 12, PROCESS_LOCAL, 10175 bytes)
[2025-05-31T09:45:41.257+0000] {spark_submit.py:644} INFO - 25/05/31 09:45:41 INFO TaskSetManager: Finished task 8.0 in stage 4.0 (TID 15) in 111 ms on 172.19.0.8 (executor 0) (12/50)
[2025-05-31T09:45:41.303+0000] {spark_submit.py:644} INFO - 25/05/31 09:45:41 INFO BlockManagerInfo: Added rdd_24_10 in memory on 172.19.0.8:40711 (size: 46.0 B, free: 1048.6 MiB)
[2025-05-31T09:45:41.309+0000] {spark_submit.py:644} INFO - 25/05/31 09:45:41 INFO BlockManagerInfo: Added rdd_24_11 in memory on 172.19.0.8:40711 (size: 46.0 B, free: 1048.6 MiB)
[2025-05-31T09:45:41.309+0000] {spark_submit.py:644} INFO - 25/05/31 09:45:41 INFO BlockManagerInfo: Added rdd_24_12 in memory on 172.19.0.8:40711 (size: 46.0 B, free: 1048.6 MiB)
[2025-05-31T09:45:41.319+0000] {spark_submit.py:644} INFO - 25/05/31 09:45:41 INFO BlockManagerInfo: Added rdd_24_9 in memory on 172.19.0.8:40711 (size: 46.0 B, free: 1048.6 MiB)
[2025-05-31T09:45:41.335+0000] {spark_submit.py:644} INFO - 25/05/31 09:45:41 INFO TaskSetManager: Starting task 13.0 in stage 4.0 (TID 20) (172.19.0.8, executor 0, partition 13, PROCESS_LOCAL, 10175 bytes)
[2025-05-31T09:45:41.337+0000] {spark_submit.py:644} INFO - 25/05/31 09:45:41 INFO TaskSetManager: Finished task 10.0 in stage 4.0 (TID 17) in 84 ms on 172.19.0.8 (executor 0) (13/50)
[2025-05-31T09:45:41.343+0000] {spark_submit.py:644} INFO - 25/05/31 09:45:41 INFO TaskSetManager: Starting task 14.0 in stage 4.0 (TID 21) (172.19.0.8, executor 0, partition 14, PROCESS_LOCAL, 10175 bytes)
[2025-05-31T09:45:41.344+0000] {spark_submit.py:644} INFO - 25/05/31 09:45:41 INFO TaskSetManager: Finished task 11.0 in stage 4.0 (TID 18) in 89 ms on 172.19.0.8 (executor 0) (14/50)
[2025-05-31T09:45:41.344+0000] {spark_submit.py:644} INFO - 25/05/31 09:45:41 INFO TaskSetManager: Starting task 15.0 in stage 4.0 (TID 22) (172.19.0.8, executor 0, partition 15, PROCESS_LOCAL, 10175 bytes)
[2025-05-31T09:45:41.345+0000] {spark_submit.py:644} INFO - 25/05/31 09:45:41 INFO TaskSetManager: Starting task 16.0 in stage 4.0 (TID 23) (172.19.0.8, executor 0, partition 16, PROCESS_LOCAL, 10175 bytes)
[2025-05-31T09:45:41.345+0000] {spark_submit.py:644} INFO - 25/05/31 09:45:41 INFO TaskSetManager: Finished task 9.0 in stage 4.0 (TID 16) in 98 ms on 172.19.0.8 (executor 0) (15/50)
[2025-05-31T09:45:41.346+0000] {spark_submit.py:644} INFO - 25/05/31 09:45:41 INFO TaskSetManager: Finished task 12.0 in stage 4.0 (TID 19) in 90 ms on 172.19.0.8 (executor 0) (16/50)
[2025-05-31T09:45:41.367+0000] {spark_submit.py:644} INFO - 25/05/31 09:45:41 INFO BlockManagerInfo: Added rdd_24_13 in memory on 172.19.0.8:40711 (size: 46.0 B, free: 1048.6 MiB)
[2025-05-31T09:45:41.388+0000] {spark_submit.py:644} INFO - 25/05/31 09:45:41 INFO TaskSetManager: Starting task 17.0 in stage 4.0 (TID 24) (172.19.0.8, executor 0, partition 17, PROCESS_LOCAL, 10175 bytes)
[2025-05-31T09:45:41.388+0000] {spark_submit.py:644} INFO - 25/05/31 09:45:41 INFO TaskSetManager: Finished task 13.0 in stage 4.0 (TID 20) in 58 ms on 172.19.0.8 (executor 0) (17/50)
[2025-05-31T09:45:41.393+0000] {spark_submit.py:644} INFO - 25/05/31 09:45:41 INFO BlockManagerInfo: Added rdd_24_16 in memory on 172.19.0.8:40711 (size: 46.0 B, free: 1048.6 MiB)
[2025-05-31T09:45:41.398+0000] {spark_submit.py:644} INFO - 25/05/31 09:45:41 INFO BlockManagerInfo: Added rdd_24_15 in memory on 172.19.0.8:40711 (size: 46.0 B, free: 1048.6 MiB)
[2025-05-31T09:45:41.401+0000] {spark_submit.py:644} INFO - 25/05/31 09:45:41 INFO BlockManagerInfo: Added rdd_24_14 in memory on 172.19.0.8:40711 (size: 46.0 B, free: 1048.6 MiB)
[2025-05-31T09:45:41.416+0000] {spark_submit.py:644} INFO - 25/05/31 09:45:41 INFO TaskSetManager: Starting task 18.0 in stage 4.0 (TID 25) (172.19.0.8, executor 0, partition 18, PROCESS_LOCAL, 10175 bytes)
[2025-05-31T09:45:41.417+0000] {spark_submit.py:644} INFO - 25/05/31 09:45:41 INFO TaskSetManager: Finished task 16.0 in stage 4.0 (TID 23) in 73 ms on 172.19.0.8 (executor 0) (18/50)
[2025-05-31T09:45:41.421+0000] {spark_submit.py:644} INFO - 25/05/31 09:45:41 INFO TaskSetManager: Starting task 19.0 in stage 4.0 (TID 26) (172.19.0.8, executor 0, partition 19, PROCESS_LOCAL, 10175 bytes)
[2025-05-31T09:45:41.422+0000] {spark_submit.py:644} INFO - 25/05/31 09:45:41 INFO TaskSetManager: Finished task 14.0 in stage 4.0 (TID 21) in 79 ms on 172.19.0.8 (executor 0) (19/50)
[2025-05-31T09:45:41.424+0000] {spark_submit.py:644} INFO - 25/05/31 09:45:41 INFO TaskSetManager: Starting task 20.0 in stage 4.0 (TID 27) (172.19.0.8, executor 0, partition 20, PROCESS_LOCAL, 10175 bytes)
[2025-05-31T09:45:41.424+0000] {spark_submit.py:644} INFO - 25/05/31 09:45:41 INFO TaskSetManager: Finished task 15.0 in stage 4.0 (TID 22) in 81 ms on 172.19.0.8 (executor 0) (20/50)
[2025-05-31T09:45:41.430+0000] {spark_submit.py:644} INFO - 25/05/31 09:45:41 INFO BlockManagerInfo: Added rdd_24_17 in memory on 172.19.0.8:40711 (size: 46.0 B, free: 1048.6 MiB)
[2025-05-31T09:45:41.451+0000] {spark_submit.py:644} INFO - 25/05/31 09:45:41 INFO TaskSetManager: Starting task 21.0 in stage 4.0 (TID 28) (172.19.0.8, executor 0, partition 21, PROCESS_LOCAL, 10175 bytes)
[2025-05-31T09:45:41.452+0000] {spark_submit.py:644} INFO - 25/05/31 09:45:41 INFO TaskSetManager: Finished task 17.0 in stage 4.0 (TID 24) in 64 ms on 172.19.0.8 (executor 0) (21/50)
[2025-05-31T09:45:41.462+0000] {spark_submit.py:644} INFO - 25/05/31 09:45:41 INFO BlockManagerInfo: Added rdd_24_18 in memory on 172.19.0.8:40711 (size: 46.0 B, free: 1048.6 MiB)
[2025-05-31T09:45:41.477+0000] {spark_submit.py:644} INFO - 25/05/31 09:45:41 INFO BlockManagerInfo: Added rdd_24_20 in memory on 172.19.0.8:40711 (size: 46.0 B, free: 1048.6 MiB)
[2025-05-31T09:45:41.478+0000] {spark_submit.py:644} INFO - 25/05/31 09:45:41 INFO BlockManagerInfo: Added rdd_24_19 in memory on 172.19.0.8:40711 (size: 46.0 B, free: 1048.6 MiB)
[2025-05-31T09:45:41.497+0000] {spark_submit.py:644} INFO - 25/05/31 09:45:41 INFO TaskSetManager: Starting task 22.0 in stage 4.0 (TID 29) (172.19.0.8, executor 0, partition 22, PROCESS_LOCAL, 10175 bytes)
[2025-05-31T09:45:41.498+0000] {spark_submit.py:644} INFO - 25/05/31 09:45:41 INFO TaskSetManager: Finished task 18.0 in stage 4.0 (TID 25) in 82 ms on 172.19.0.8 (executor 0) (22/50)
[2025-05-31T09:45:41.503+0000] {spark_submit.py:644} INFO - 25/05/31 09:45:41 INFO BlockManagerInfo: Added rdd_24_21 in memory on 172.19.0.8:40711 (size: 46.0 B, free: 1048.6 MiB)
[2025-05-31T09:45:41.505+0000] {spark_submit.py:644} INFO - 25/05/31 09:45:41 INFO TaskSetManager: Starting task 23.0 in stage 4.0 (TID 30) (172.19.0.8, executor 0, partition 23, PROCESS_LOCAL, 10175 bytes)
[2025-05-31T09:45:41.506+0000] {spark_submit.py:644} INFO - 25/05/31 09:45:41 INFO TaskSetManager: Starting task 24.0 in stage 4.0 (TID 31) (172.19.0.8, executor 0, partition 24, PROCESS_LOCAL, 10175 bytes)
[2025-05-31T09:45:41.507+0000] {spark_submit.py:644} INFO - 25/05/31 09:45:41 INFO TaskSetManager: Finished task 19.0 in stage 4.0 (TID 26) in 86 ms on 172.19.0.8 (executor 0) (23/50)
[2025-05-31T09:45:41.507+0000] {spark_submit.py:644} INFO - 25/05/31 09:45:41 INFO TaskSetManager: Finished task 20.0 in stage 4.0 (TID 27) in 84 ms on 172.19.0.8 (executor 0) (24/50)
[2025-05-31T09:45:41.521+0000] {spark_submit.py:644} INFO - 25/05/31 09:45:41 INFO TaskSetManager: Starting task 25.0 in stage 4.0 (TID 32) (172.19.0.8, executor 0, partition 25, PROCESS_LOCAL, 10175 bytes)
[2025-05-31T09:45:41.522+0000] {spark_submit.py:644} INFO - 25/05/31 09:45:41 INFO TaskSetManager: Finished task 21.0 in stage 4.0 (TID 28) in 70 ms on 172.19.0.8 (executor 0) (25/50)
[2025-05-31T09:45:41.549+0000] {spark_submit.py:644} INFO - 25/05/31 09:45:41 INFO BlockManagerInfo: Added rdd_24_22 in memory on 172.19.0.8:40711 (size: 46.0 B, free: 1048.6 MiB)
[2025-05-31T09:45:41.554+0000] {spark_submit.py:644} INFO - 25/05/31 09:45:41 INFO BlockManagerInfo: Added rdd_24_23 in memory on 172.19.0.8:40711 (size: 46.0 B, free: 1048.6 MiB)
[2025-05-31T09:45:41.567+0000] {spark_submit.py:644} INFO - 25/05/31 09:45:41 INFO BlockManagerInfo: Added rdd_24_24 in memory on 172.19.0.8:40711 (size: 46.0 B, free: 1048.6 MiB)
[2025-05-31T09:45:41.568+0000] {spark_submit.py:644} INFO - 25/05/31 09:45:41 INFO BlockManagerInfo: Added rdd_24_25 in memory on 172.19.0.8:40711 (size: 46.0 B, free: 1048.6 MiB)
[2025-05-31T09:45:41.568+0000] {spark_submit.py:644} INFO - 25/05/31 09:45:41 INFO TaskSetManager: Starting task 26.0 in stage 4.0 (TID 33) (172.19.0.8, executor 0, partition 26, PROCESS_LOCAL, 10175 bytes)
[2025-05-31T09:45:41.569+0000] {spark_submit.py:644} INFO - 25/05/31 09:45:41 INFO TaskSetManager: Finished task 22.0 in stage 4.0 (TID 29) in 71 ms on 172.19.0.8 (executor 0) (26/50)
[2025-05-31T09:45:41.571+0000] {spark_submit.py:644} INFO - 25/05/31 09:45:41 INFO TaskSetManager: Starting task 27.0 in stage 4.0 (TID 34) (172.19.0.8, executor 0, partition 27, PROCESS_LOCAL, 10175 bytes)
[2025-05-31T09:45:41.572+0000] {spark_submit.py:644} INFO - 25/05/31 09:45:41 INFO TaskSetManager: Finished task 23.0 in stage 4.0 (TID 30) in 66 ms on 172.19.0.8 (executor 0) (27/50)
[2025-05-31T09:45:41.588+0000] {spark_submit.py:644} INFO - 25/05/31 09:45:41 INFO TaskSetManager: Starting task 28.0 in stage 4.0 (TID 35) (172.19.0.8, executor 0, partition 28, PROCESS_LOCAL, 10175 bytes)
[2025-05-31T09:45:41.589+0000] {spark_submit.py:644} INFO - 25/05/31 09:45:41 INFO TaskSetManager: Finished task 24.0 in stage 4.0 (TID 31) in 83 ms on 172.19.0.8 (executor 0) (28/50)
[2025-05-31T09:45:41.591+0000] {spark_submit.py:644} INFO - 25/05/31 09:45:41 INFO TaskSetManager: Starting task 29.0 in stage 4.0 (TID 36) (172.19.0.8, executor 0, partition 29, PROCESS_LOCAL, 10175 bytes)
[2025-05-31T09:45:41.593+0000] {spark_submit.py:644} INFO - 25/05/31 09:45:41 INFO TaskSetManager: Finished task 25.0 in stage 4.0 (TID 32) in 70 ms on 172.19.0.8 (executor 0) (29/50)
[2025-05-31T09:45:41.603+0000] {spark_submit.py:644} INFO - 25/05/31 09:45:41 INFO BlockManagerInfo: Added rdd_24_26 in memory on 172.19.0.8:40711 (size: 46.0 B, free: 1048.6 MiB)
[2025-05-31T09:45:41.608+0000] {spark_submit.py:644} INFO - 25/05/31 09:45:41 INFO BlockManagerInfo: Added rdd_24_27 in memory on 172.19.0.8:40711 (size: 46.0 B, free: 1048.6 MiB)
[2025-05-31T09:45:41.624+0000] {spark_submit.py:644} INFO - 25/05/31 09:45:41 INFO TaskSetManager: Starting task 30.0 in stage 4.0 (TID 37) (172.19.0.8, executor 0, partition 30, PROCESS_LOCAL, 10175 bytes)
[2025-05-31T09:45:41.624+0000] {spark_submit.py:644} INFO - 25/05/31 09:45:41 INFO TaskSetManager: Finished task 26.0 in stage 4.0 (TID 33) in 56 ms on 172.19.0.8 (executor 0) (30/50)
[2025-05-31T09:45:41.627+0000] {spark_submit.py:644} INFO - 25/05/31 09:45:41 INFO TaskSetManager: Starting task 31.0 in stage 4.0 (TID 38) (172.19.0.8, executor 0, partition 31, PROCESS_LOCAL, 10175 bytes)
[2025-05-31T09:45:41.627+0000] {spark_submit.py:644} INFO - 25/05/31 09:45:41 INFO TaskSetManager: Finished task 27.0 in stage 4.0 (TID 34) in 56 ms on 172.19.0.8 (executor 0) (31/50)
[2025-05-31T09:45:41.637+0000] {spark_submit.py:644} INFO - 25/05/31 09:45:41 INFO BlockManagerInfo: Added rdd_24_28 in memory on 172.19.0.8:40711 (size: 46.0 B, free: 1048.6 MiB)
[2025-05-31T09:45:41.641+0000] {spark_submit.py:644} INFO - 25/05/31 09:45:41 INFO BlockManagerInfo: Added rdd_24_29 in memory on 172.19.0.8:40711 (size: 46.0 B, free: 1048.6 MiB)
[2025-05-31T09:45:41.666+0000] {spark_submit.py:644} INFO - 25/05/31 09:45:41 INFO TaskSetManager: Starting task 32.0 in stage 4.0 (TID 39) (172.19.0.8, executor 0, partition 32, PROCESS_LOCAL, 10175 bytes)
[2025-05-31T09:45:41.668+0000] {spark_submit.py:644} INFO - 25/05/31 09:45:41 INFO TaskSetManager: Starting task 33.0 in stage 4.0 (TID 40) (172.19.0.8, executor 0, partition 33, PROCESS_LOCAL, 10175 bytes)
[2025-05-31T09:45:41.669+0000] {spark_submit.py:644} INFO - 25/05/31 09:45:41 INFO TaskSetManager: Finished task 28.0 in stage 4.0 (TID 35) in 79 ms on 172.19.0.8 (executor 0) (32/50)
[2025-05-31T09:45:41.670+0000] {spark_submit.py:644} INFO - 25/05/31 09:45:41 INFO TaskSetManager: Finished task 29.0 in stage 4.0 (TID 36) in 77 ms on 172.19.0.8 (executor 0) (33/50)
[2025-05-31T09:45:41.676+0000] {spark_submit.py:644} INFO - 25/05/31 09:45:41 INFO BlockManagerInfo: Added rdd_24_31 in memory on 172.19.0.8:40711 (size: 46.0 B, free: 1048.6 MiB)
[2025-05-31T09:45:41.690+0000] {spark_submit.py:644} INFO - 25/05/31 09:45:41 INFO BlockManagerInfo: Added rdd_24_30 in memory on 172.19.0.8:40711 (size: 46.0 B, free: 1048.6 MiB)
[2025-05-31T09:45:41.701+0000] {spark_submit.py:644} INFO - 25/05/31 09:45:41 INFO TaskSetManager: Starting task 34.0 in stage 4.0 (TID 41) (172.19.0.8, executor 0, partition 34, PROCESS_LOCAL, 10175 bytes)
[2025-05-31T09:45:41.702+0000] {spark_submit.py:644} INFO - 25/05/31 09:45:41 INFO TaskSetManager: Finished task 31.0 in stage 4.0 (TID 38) in 74 ms on 172.19.0.8 (executor 0) (34/50)
[2025-05-31T09:45:41.710+0000] {spark_submit.py:644} INFO - 25/05/31 09:45:41 INFO TaskSetManager: Starting task 35.0 in stage 4.0 (TID 42) (172.19.0.8, executor 0, partition 35, PROCESS_LOCAL, 10175 bytes)
[2025-05-31T09:45:41.710+0000] {spark_submit.py:644} INFO - 25/05/31 09:45:41 INFO TaskSetManager: Finished task 30.0 in stage 4.0 (TID 37) in 87 ms on 172.19.0.8 (executor 0) (35/50)
[2025-05-31T09:45:41.722+0000] {spark_submit.py:644} INFO - 25/05/31 09:45:41 INFO BlockManagerInfo: Added rdd_24_33 in memory on 172.19.0.8:40711 (size: 46.0 B, free: 1048.6 MiB)
[2025-05-31T09:45:41.732+0000] {spark_submit.py:644} INFO - 25/05/31 09:45:41 INFO BlockManagerInfo: Added rdd_24_32 in memory on 172.19.0.8:40711 (size: 46.0 B, free: 1048.6 MiB)
[2025-05-31T09:45:41.752+0000] {spark_submit.py:644} INFO - 25/05/31 09:45:41 INFO BlockManagerInfo: Added rdd_24_34 in memory on 172.19.0.8:40711 (size: 46.0 B, free: 1048.6 MiB)
[2025-05-31T09:45:41.754+0000] {spark_submit.py:644} INFO - 25/05/31 09:45:41 INFO TaskSetManager: Starting task 36.0 in stage 4.0 (TID 43) (172.19.0.8, executor 0, partition 36, PROCESS_LOCAL, 10175 bytes)
[2025-05-31T09:45:41.755+0000] {spark_submit.py:644} INFO - 25/05/31 09:45:41 INFO TaskSetManager: Finished task 33.0 in stage 4.0 (TID 40) in 88 ms on 172.19.0.8 (executor 0) (36/50)
[2025-05-31T09:45:41.757+0000] {spark_submit.py:644} INFO - 25/05/31 09:45:41 INFO TaskSetManager: Starting task 37.0 in stage 4.0 (TID 44) (172.19.0.8, executor 0, partition 37, PROCESS_LOCAL, 10175 bytes)
[2025-05-31T09:45:41.758+0000] {spark_submit.py:644} INFO - 25/05/31 09:45:41 INFO BlockManagerInfo: Added rdd_24_35 in memory on 172.19.0.8:40711 (size: 46.0 B, free: 1048.6 MiB)
[2025-05-31T09:45:41.759+0000] {spark_submit.py:644} INFO - 25/05/31 09:45:41 INFO TaskSetManager: Finished task 32.0 in stage 4.0 (TID 39) in 91 ms on 172.19.0.8 (executor 0) (37/50)
[2025-05-31T09:45:41.771+0000] {spark_submit.py:644} INFO - 25/05/31 09:45:41 INFO TaskSetManager: Starting task 38.0 in stage 4.0 (TID 45) (172.19.0.8, executor 0, partition 38, PROCESS_LOCAL, 10175 bytes)
[2025-05-31T09:45:41.772+0000] {spark_submit.py:644} INFO - 25/05/31 09:45:41 INFO TaskSetManager: Finished task 34.0 in stage 4.0 (TID 41) in 71 ms on 172.19.0.8 (executor 0) (38/50)
[2025-05-31T09:45:41.775+0000] {spark_submit.py:644} INFO - 25/05/31 09:45:41 INFO TaskSetManager: Starting task 39.0 in stage 4.0 (TID 46) (172.19.0.8, executor 0, partition 39, PROCESS_LOCAL, 10175 bytes)
[2025-05-31T09:45:41.776+0000] {spark_submit.py:644} INFO - 25/05/31 09:45:41 INFO TaskSetManager: Finished task 35.0 in stage 4.0 (TID 42) in 66 ms on 172.19.0.8 (executor 0) (39/50)
[2025-05-31T09:45:41.795+0000] {spark_submit.py:644} INFO - 25/05/31 09:45:41 INFO BlockManagerInfo: Added rdd_24_37 in memory on 172.19.0.8:40711 (size: 46.0 B, free: 1048.6 MiB)
[2025-05-31T09:45:41.795+0000] {spark_submit.py:644} INFO - 25/05/31 09:45:41 INFO BlockManagerInfo: Added rdd_24_36 in memory on 172.19.0.8:40711 (size: 46.0 B, free: 1048.6 MiB)
[2025-05-31T09:45:41.806+0000] {spark_submit.py:644} INFO - 25/05/31 09:45:41 INFO BlockManagerInfo: Added rdd_24_38 in memory on 172.19.0.8:40711 (size: 46.0 B, free: 1048.6 MiB)
[2025-05-31T09:45:41.808+0000] {spark_submit.py:644} INFO - 25/05/31 09:45:41 INFO BlockManagerInfo: Added rdd_24_39 in memory on 172.19.0.8:40711 (size: 46.0 B, free: 1048.6 MiB)
[2025-05-31T09:45:41.812+0000] {spark_submit.py:644} INFO - 25/05/31 09:45:41 INFO TaskSetManager: Starting task 40.0 in stage 4.0 (TID 47) (172.19.0.8, executor 0, partition 40, PROCESS_LOCAL, 10175 bytes)
[2025-05-31T09:45:41.813+0000] {spark_submit.py:644} INFO - 25/05/31 09:45:41 INFO TaskSetManager: Finished task 36.0 in stage 4.0 (TID 43) in 60 ms on 172.19.0.8 (executor 0) (40/50)
[2025-05-31T09:45:41.814+0000] {spark_submit.py:644} INFO - 25/05/31 09:45:41 INFO TaskSetManager: Starting task 41.0 in stage 4.0 (TID 48) (172.19.0.8, executor 0, partition 41, PROCESS_LOCAL, 10175 bytes)
[2025-05-31T09:45:41.815+0000] {spark_submit.py:644} INFO - 25/05/31 09:45:41 INFO TaskSetManager: Finished task 37.0 in stage 4.0 (TID 44) in 57 ms on 172.19.0.8 (executor 0) (41/50)
[2025-05-31T09:45:41.820+0000] {spark_submit.py:644} INFO - 25/05/31 09:45:41 INFO TaskSetManager: Starting task 43.0 in stage 4.0 (TID 49) (172.19.0.8, executor 0, partition 43, PROCESS_LOCAL, 10175 bytes)
[2025-05-31T09:45:41.821+0000] {spark_submit.py:644} INFO - 25/05/31 09:45:41 INFO TaskSetManager: Starting task 45.0 in stage 4.0 (TID 50) (172.19.0.8, executor 0, partition 45, PROCESS_LOCAL, 10175 bytes)
[2025-05-31T09:45:41.822+0000] {spark_submit.py:644} INFO - 25/05/31 09:45:41 INFO TaskSetManager: Finished task 38.0 in stage 4.0 (TID 45) in 51 ms on 172.19.0.8 (executor 0) (42/50)
[2025-05-31T09:45:41.822+0000] {spark_submit.py:644} INFO - 25/05/31 09:45:41 INFO TaskSetManager: Finished task 39.0 in stage 4.0 (TID 46) in 48 ms on 172.19.0.8 (executor 0) (43/50)
[2025-05-31T09:45:41.850+0000] {spark_submit.py:644} INFO - 25/05/31 09:45:41 INFO BlockManagerInfo: Added rdd_24_41 in memory on 172.19.0.8:40711 (size: 46.0 B, free: 1048.6 MiB)
[2025-05-31T09:45:41.850+0000] {spark_submit.py:644} INFO - 25/05/31 09:45:41 INFO BlockManagerInfo: Added rdd_24_40 in memory on 172.19.0.8:40711 (size: 46.0 B, free: 1048.6 MiB)
[2025-05-31T09:45:41.856+0000] {spark_submit.py:644} INFO - 25/05/31 09:45:41 INFO BlockManagerInfo: Added rdd_24_45 in memory on 172.19.0.8:40711 (size: 46.0 B, free: 1048.6 MiB)
[2025-05-31T09:45:41.857+0000] {spark_submit.py:644} INFO - 25/05/31 09:45:41 INFO BlockManagerInfo: Added rdd_24_43 in memory on 172.19.0.8:40711 (size: 46.0 B, free: 1048.6 MiB)
[2025-05-31T09:45:41.869+0000] {spark_submit.py:644} INFO - 25/05/31 09:45:41 INFO TaskSetManager: Starting task 46.0 in stage 4.0 (TID 51) (172.19.0.8, executor 0, partition 46, PROCESS_LOCAL, 10175 bytes)
[2025-05-31T09:45:41.870+0000] {spark_submit.py:644} INFO - 25/05/31 09:45:41 INFO TaskSetManager: Finished task 40.0 in stage 4.0 (TID 47) in 57 ms on 172.19.0.8 (executor 0) (44/50)
[2025-05-31T09:45:41.871+0000] {spark_submit.py:644} INFO - 25/05/31 09:45:41 INFO TaskSetManager: Starting task 48.0 in stage 4.0 (TID 52) (172.19.0.8, executor 0, partition 48, PROCESS_LOCAL, 10175 bytes)
[2025-05-31T09:45:41.871+0000] {spark_submit.py:644} INFO - 25/05/31 09:45:41 INFO TaskSetManager: Finished task 41.0 in stage 4.0 (TID 48) in 58 ms on 172.19.0.8 (executor 0) (45/50)
[2025-05-31T09:45:41.872+0000] {spark_submit.py:644} INFO - 25/05/31 09:45:41 INFO TaskSetManager: Starting task 49.0 in stage 4.0 (TID 53) (172.19.0.8, executor 0, partition 49, PROCESS_LOCAL, 10175 bytes)
[2025-05-31T09:45:41.873+0000] {spark_submit.py:644} INFO - 25/05/31 09:45:41 INFO TaskSetManager: Finished task 45.0 in stage 4.0 (TID 50) in 52 ms on 172.19.0.8 (executor 0) (46/50)
[2025-05-31T09:45:41.873+0000] {spark_submit.py:644} INFO - 25/05/31 09:45:41 INFO TaskSetManager: Finished task 43.0 in stage 4.0 (TID 49) in 53 ms on 172.19.0.8 (executor 0) (47/50)
[2025-05-31T09:45:41.900+0000] {spark_submit.py:644} INFO - 25/05/31 09:45:41 INFO BlockManagerInfo: Added rdd_24_46 in memory on 172.19.0.8:40711 (size: 46.0 B, free: 1048.6 MiB)
[2025-05-31T09:45:41.901+0000] {spark_submit.py:644} INFO - 25/05/31 09:45:41 INFO BlockManagerInfo: Added rdd_24_49 in memory on 172.19.0.8:40711 (size: 46.0 B, free: 1048.6 MiB)
[2025-05-31T09:45:41.901+0000] {spark_submit.py:644} INFO - 25/05/31 09:45:41 INFO BlockManagerInfo: Added rdd_24_48 in memory on 172.19.0.8:40711 (size: 46.0 B, free: 1048.6 MiB)
[2025-05-31T09:45:41.924+0000] {spark_submit.py:644} INFO - 25/05/31 09:45:41 INFO TaskSetManager: Finished task 49.0 in stage 4.0 (TID 53) in 52 ms on 172.19.0.8 (executor 0) (48/50)
[2025-05-31T09:45:41.925+0000] {spark_submit.py:644} INFO - 25/05/31 09:45:41 INFO TaskSetManager: Finished task 48.0 in stage 4.0 (TID 52) in 54 ms on 172.19.0.8 (executor 0) (49/50)
[2025-05-31T09:45:41.925+0000] {spark_submit.py:644} INFO - 25/05/31 09:45:41 INFO TaskSetManager: Finished task 46.0 in stage 4.0 (TID 51) in 55 ms on 172.19.0.8 (executor 0) (50/50)
[2025-05-31T09:45:41.925+0000] {spark_submit.py:644} INFO - 25/05/31 09:45:41 INFO TaskSchedulerImpl: Removed TaskSet 4.0, whose tasks have all completed, from pool
[2025-05-31T09:45:41.925+0000] {spark_submit.py:644} INFO - 25/05/31 09:45:41 INFO DAGScheduler: ShuffleMapStage 4 ($anonfun$recordDeltaOperationInternal$1 at DatabricksLogging.scala:128) finished in 1.698 s
[2025-05-31T09:45:41.926+0000] {spark_submit.py:644} INFO - 25/05/31 09:45:41 INFO DAGScheduler: looking for newly runnable stages
[2025-05-31T09:45:41.926+0000] {spark_submit.py:644} INFO - 25/05/31 09:45:41 INFO DAGScheduler: running: Set()
[2025-05-31T09:45:41.926+0000] {spark_submit.py:644} INFO - 25/05/31 09:45:41 INFO DAGScheduler: waiting: Set()
[2025-05-31T09:45:41.926+0000] {spark_submit.py:644} INFO - 25/05/31 09:45:41 INFO DAGScheduler: failed: Set()
[2025-05-31T09:45:41.942+0000] {spark_submit.py:644} INFO - 25/05/31 09:45:41 INFO SparkContext: Starting job: $anonfun$recordDeltaOperationInternal$1 at DatabricksLogging.scala:128
[2025-05-31T09:45:41.943+0000] {spark_submit.py:644} INFO - 25/05/31 09:45:41 INFO DAGScheduler: Got job 5 ($anonfun$recordDeltaOperationInternal$1 at DatabricksLogging.scala:128) with 1 output partitions
[2025-05-31T09:45:41.944+0000] {spark_submit.py:644} INFO - 25/05/31 09:45:41 INFO DAGScheduler: Final stage: ResultStage 7 ($anonfun$recordDeltaOperationInternal$1 at DatabricksLogging.scala:128)
[2025-05-31T09:45:41.944+0000] {spark_submit.py:644} INFO - 25/05/31 09:45:41 INFO DAGScheduler: Parents of final stage: List(ShuffleMapStage 6)
[2025-05-31T09:45:41.944+0000] {spark_submit.py:644} INFO - 25/05/31 09:45:41 INFO DAGScheduler: Missing parents: List()
[2025-05-31T09:45:41.944+0000] {spark_submit.py:644} INFO - 25/05/31 09:45:41 INFO DAGScheduler: Submitting ResultStage 7 (MapPartitionsRDD[30] at $anonfun$recordDeltaOperationInternal$1 at DatabricksLogging.scala:128), which has no missing parents
[2025-05-31T09:45:41.947+0000] {spark_submit.py:644} INFO - 25/05/31 09:45:41 INFO MemoryStore: Block broadcast_7 stored as values in memory (estimated size 533.8 KiB, free 432.7 MiB)
[2025-05-31T09:45:41.949+0000] {spark_submit.py:644} INFO - 25/05/31 09:45:41 INFO MemoryStore: Block broadcast_7_piece0 stored as bytes in memory (estimated size 124.5 KiB, free 432.6 MiB)
[2025-05-31T09:45:41.949+0000] {spark_submit.py:644} INFO - 25/05/31 09:45:41 INFO BlockManagerInfo: Added broadcast_7_piece0 in memory on 9c13b1a04276:44349 (size: 124.5 KiB, free: 434.1 MiB)
[2025-05-31T09:45:41.950+0000] {spark_submit.py:644} INFO - 25/05/31 09:45:41 INFO SparkContext: Created broadcast 7 from broadcast at DAGScheduler.scala:1585
[2025-05-31T09:45:41.950+0000] {spark_submit.py:644} INFO - 25/05/31 09:45:41 INFO DAGScheduler: Submitting 1 missing tasks from ResultStage 7 (MapPartitionsRDD[30] at $anonfun$recordDeltaOperationInternal$1 at DatabricksLogging.scala:128) (first 15 tasks are for partitions Vector(0))
[2025-05-31T09:45:41.950+0000] {spark_submit.py:644} INFO - 25/05/31 09:45:41 INFO TaskSchedulerImpl: Adding task set 7.0 with 1 tasks resource profile 0
[2025-05-31T09:45:41.951+0000] {spark_submit.py:644} INFO - 25/05/31 09:45:41 INFO TaskSetManager: Starting task 0.0 in stage 7.0 (TID 54) (172.19.0.8, executor 0, partition 0, NODE_LOCAL, 10186 bytes)
[2025-05-31T09:45:41.957+0000] {spark_submit.py:644} INFO - 25/05/31 09:45:41 INFO BlockManagerInfo: Added broadcast_7_piece0 in memory on 172.19.0.8:40711 (size: 124.5 KiB, free: 1048.5 MiB)
[2025-05-31T09:45:41.965+0000] {spark_submit.py:644} INFO - 25/05/31 09:45:41 INFO MapOutputTrackerMasterEndpoint: Asked to send map output locations for shuffle 1 to 172.19.0.8:49434
[2025-05-31T09:45:41.996+0000] {spark_submit.py:644} INFO - 25/05/31 09:45:41 INFO TaskSetManager: Finished task 0.0 in stage 7.0 (TID 54) in 45 ms on 172.19.0.8 (executor 0) (1/1)
[2025-05-31T09:45:41.997+0000] {spark_submit.py:644} INFO - 25/05/31 09:45:41 INFO TaskSchedulerImpl: Removed TaskSet 7.0, whose tasks have all completed, from pool
[2025-05-31T09:45:41.997+0000] {spark_submit.py:644} INFO - 25/05/31 09:45:41 INFO DAGScheduler: ResultStage 7 ($anonfun$recordDeltaOperationInternal$1 at DatabricksLogging.scala:128) finished in 0.053 s
[2025-05-31T09:45:41.997+0000] {spark_submit.py:644} INFO - 25/05/31 09:45:41 INFO DAGScheduler: Job 5 is finished. Cancelling potential speculative or zombie tasks for this job
[2025-05-31T09:45:41.998+0000] {spark_submit.py:644} INFO - 25/05/31 09:45:41 INFO TaskSchedulerImpl: Killing all running tasks in stage 7: Stage finished
[2025-05-31T09:45:41.998+0000] {spark_submit.py:644} INFO - 25/05/31 09:45:41 INFO DAGScheduler: Job 5 finished: $anonfun$recordDeltaOperationInternal$1 at DatabricksLogging.scala:128, took 0.054619 s
[2025-05-31T09:45:42.024+0000] {spark_submit.py:644} INFO - 25/05/31 09:45:42 INFO CodeGenerator: Code generated in 17.647375 ms
[2025-05-31T09:45:42.025+0000] {spark_submit.py:644} INFO - 25/05/31 09:45:42 INFO Snapshot: [tableId=5ca8af8d-1283-4ffb-8b02-aa367bfcadad] DELTA: Done
[2025-05-31T09:45:42.036+0000] {spark_submit.py:644} INFO - 25/05/31 09:45:42 INFO OptimisticTransaction: [tableId=8eea6565,txnId=4b9dc421] Committed delta #0 to s3a://qdinh18/bronze/sales_data/_delta_log
[2025-05-31T09:45:42.039+0000] {spark_submit.py:644} INFO - Successfully wrote data to s3a://qdinh18/bronze/sales_data/ in Delta format
[2025-05-31T09:45:42.040+0000] {spark_submit.py:644} INFO - Data ingestion to s3a://qdinh18/bronze/sales_data/ completed.
[2025-05-31T09:45:42.040+0000] {spark_submit.py:644} INFO - 25/05/31 09:45:42 INFO SparkContext: SparkContext is stopping with exitCode 0.
[2025-05-31T09:45:42.050+0000] {spark_submit.py:644} INFO - 25/05/31 09:45:42 INFO SparkUI: Stopped Spark web UI at http://9c13b1a04276:4040
[2025-05-31T09:45:42.052+0000] {spark_submit.py:644} INFO - 25/05/31 09:45:42 INFO StandaloneSchedulerBackend: Shutting down all executors
[2025-05-31T09:45:42.052+0000] {spark_submit.py:644} INFO - 25/05/31 09:45:42 INFO StandaloneSchedulerBackend$StandaloneDriverEndpoint: Asking each executor to shut down
[2025-05-31T09:45:42.067+0000] {spark_submit.py:644} INFO - 25/05/31 09:45:42 INFO MapOutputTrackerMasterEndpoint: MapOutputTrackerMasterEndpoint stopped!
[2025-05-31T09:45:42.092+0000] {spark_submit.py:644} INFO - 25/05/31 09:45:42 INFO MemoryStore: MemoryStore cleared
[2025-05-31T09:45:42.094+0000] {spark_submit.py:644} INFO - 25/05/31 09:45:42 INFO BlockManager: BlockManager stopped
[2025-05-31T09:45:42.095+0000] {spark_submit.py:644} INFO - 25/05/31 09:45:42 INFO BlockManagerMaster: BlockManagerMaster stopped
[2025-05-31T09:45:42.097+0000] {spark_submit.py:644} INFO - 25/05/31 09:45:42 INFO OutputCommitCoordinator$OutputCommitCoordinatorEndpoint: OutputCommitCoordinator stopped!
[2025-05-31T09:45:42.103+0000] {spark_submit.py:644} INFO - 25/05/31 09:45:42 INFO SparkContext: Successfully stopped SparkContext
[2025-05-31T09:45:42.855+0000] {spark_submit.py:644} INFO - 25/05/31 09:45:42 INFO ShutdownHookManager: Shutdown hook called
[2025-05-31T09:45:42.856+0000] {spark_submit.py:644} INFO - 25/05/31 09:45:42 INFO ShutdownHookManager: Deleting directory /tmp/spark-93a24c55-2556-4771-91be-62ae123f8ef1
[2025-05-31T09:45:42.858+0000] {spark_submit.py:644} INFO - 25/05/31 09:45:42 INFO ShutdownHookManager: Deleting directory /opt/***/dags/spark_temp/spark-c0de9dc4-3bce-4bcc-86dd-45b3b49d84a6
[2025-05-31T09:45:42.861+0000] {spark_submit.py:644} INFO - 25/05/31 09:45:42 INFO ShutdownHookManager: Deleting directory /opt/***/dags/spark_temp/spark-c0de9dc4-3bce-4bcc-86dd-45b3b49d84a6/pyspark-029ac616-2a04-446a-ba4e-2d3c17c77fad
[2025-05-31T09:45:42.867+0000] {spark_submit.py:644} INFO - 25/05/31 09:45:42 INFO MetricsSystemImpl: Stopping s3a-file-system metrics system...
[2025-05-31T09:45:42.867+0000] {spark_submit.py:644} INFO - 25/05/31 09:45:42 INFO MetricsSystemImpl: s3a-file-system metrics system stopped.
[2025-05-31T09:45:42.867+0000] {spark_submit.py:644} INFO - 25/05/31 09:45:42 INFO MetricsSystemImpl: s3a-file-system metrics system shutdown complete.
[2025-05-31T09:45:42.906+0000] {taskinstance.py:340} INFO - ::group::Post task execution logs
[2025-05-31T09:45:42.907+0000] {taskinstance.py:352} INFO - Marking task as SUCCESS. dag_id=medallion_sales_etl, task_id=submit_bronze_sales_etl_job, run_id=manual__2025-05-31T09:44:59.998597+00:00, execution_date=20250531T094459, start_date=20250531T094501, end_date=20250531T094542
[2025-05-31T09:45:42.948+0000] {local_task_job_runner.py:266} INFO - Task exited with return code 0
[2025-05-31T09:45:42.962+0000] {taskinstance.py:3895} INFO - 1 downstream tasks scheduled from follow-on schedule check
[2025-05-31T09:45:42.963+0000] {local_task_job_runner.py:245} INFO - ::endgroup::
