[2025-06-07T16:25:24.298+0000] {local_task_job_runner.py:123} INFO - ::group::Pre task execution logs
[2025-06-07T16:25:24.307+0000] {taskinstance.py:2613} INFO - Dependencies all met for dep_context=non-requeueable deps ti=<TaskInstance: stephen_curry_stats_medallion_etl.bronze_to_silver manual__2025-06-07T16:24:20.918775+00:00 [queued]>
[2025-06-07T16:25:24.311+0000] {taskinstance.py:2613} INFO - Dependencies all met for dep_context=requeueable deps ti=<TaskInstance: stephen_curry_stats_medallion_etl.bronze_to_silver manual__2025-06-07T16:24:20.918775+00:00 [queued]>
[2025-06-07T16:25:24.311+0000] {taskinstance.py:2866} INFO - Starting attempt 1 of 1
[2025-06-07T16:25:24.316+0000] {taskinstance.py:2889} INFO - Executing <Task(SparkSubmitOperator): bronze_to_silver> on 2025-06-07 16:24:20.918775+00:00
[2025-06-07T16:25:24.319+0000] {standard_task_runner.py:72} INFO - Started process 572 to run task
[2025-06-07T16:25:24.321+0000] {standard_task_runner.py:104} INFO - Running: ['***', 'tasks', 'run', 'stephen_curry_stats_medallion_etl', 'bronze_to_silver', 'manual__2025-06-07T16:24:20.918775+00:00', '--job-id', '8', '--raw', '--subdir', 'DAGS_FOLDER/medallion_sales_etl_dag.py', '--cfg-path', '/tmp/tmp9p54d2d3']
[2025-06-07T16:25:24.323+0000] {standard_task_runner.py:105} INFO - Job 8: Subtask bronze_to_silver
[2025-06-07T16:25:24.350+0000] {task_command.py:467} INFO - Running <TaskInstance: stephen_curry_stats_medallion_etl.bronze_to_silver manual__2025-06-07T16:24:20.918775+00:00 [running]> on host ae00baecdfb8
[2025-06-07T16:25:24.392+0000] {taskinstance.py:3132} INFO - Exporting env vars: AIRFLOW_CTX_DAG_OWNER='***' AIRFLOW_CTX_DAG_ID='stephen_curry_stats_medallion_etl' AIRFLOW_CTX_TASK_ID='bronze_to_silver' AIRFLOW_CTX_EXECUTION_DATE='2025-06-07T16:24:20.918775+00:00' AIRFLOW_CTX_TRY_NUMBER='1' AIRFLOW_CTX_DAG_RUN_ID='manual__2025-06-07T16:24:20.918775+00:00'
[2025-06-07T16:25:24.393+0000] {taskinstance.py:731} INFO - ::endgroup::
[2025-06-07T16:25:24.411+0000] {base.py:84} INFO - Retrieving connection 'spark_default'
[2025-06-07T16:25:24.412+0000] {spark_submit.py:474} INFO - Spark-Submit cmd: spark-submit --master spark://spark-master:7077 --conf spark.executor.memory=2g --conf spark.sql.extensions=io.delta.sql.DeltaSparkSessionExtension --conf spark.sql.catalog.spark_catalog=org.apache.spark.sql.delta.catalog.DeltaCatalog --conf spark.hadoop.fs.s3a.endpoint=http://minio:9000 --conf spark.hadoop.fs.s3a.access.key=minioadmin --conf spark.hadoop.fs.s3a.secret.key=****** --conf spark.hadoop.fs.s3a.path.style.access=true --conf spark.hadoop.fs.s3a.impl=org.apache.hadoop.fs.s3a.S3AFileSystem --conf spark.hadoop.fs.s3a.aws.credentials.provider=org.apache.hadoop.fs.s3a.SimpleAWSCredentialsProvider --packages org.apache.hadoop:hadoop-aws:3.3.4,com.amazonaws:aws-java-sdk-bundle:1.12.262,io.delta:delta-spark_2.12:3.1.0 --name arrow-spark --queue root.default --deploy-mode client dags/bronze_to_silver_sc_stats_etl.py --input_path s3a://mybucket/sc_stats_db/bronze/raw_data --output_path s3a://mybucket/sc_stats_db/silver/transformed_data
[2025-06-07T16:25:25.109+0000] {spark_submit.py:644} INFO - :: loading settings :: url = jar:file:/home/***/.local/lib/python3.11/site-packages/pyspark/jars/ivy-2.5.1.jar!/org/apache/ivy/core/settings/ivysettings.xml
[2025-06-07T16:25:25.144+0000] {spark_submit.py:644} INFO - Ivy Default Cache set to: /home/***/.ivy2/cache
[2025-06-07T16:25:25.145+0000] {spark_submit.py:644} INFO - The jars for the packages stored in: /home/***/.ivy2/jars
[2025-06-07T16:25:25.147+0000] {spark_submit.py:644} INFO - org.apache.hadoop#hadoop-aws added as a dependency
[2025-06-07T16:25:25.147+0000] {spark_submit.py:644} INFO - com.amazonaws#aws-java-sdk-bundle added as a dependency
[2025-06-07T16:25:25.147+0000] {spark_submit.py:644} INFO - io.delta#delta-spark_2.12 added as a dependency
[2025-06-07T16:25:25.148+0000] {spark_submit.py:644} INFO - :: resolving dependencies :: org.apache.spark#spark-submit-parent-07f0ac38-fea7-4bb7-8bd6-6fa418e672a8;1.0
[2025-06-07T16:25:25.148+0000] {spark_submit.py:644} INFO - confs: [default]
[2025-06-07T16:25:25.239+0000] {spark_submit.py:644} INFO - found org.apache.hadoop#hadoop-aws;3.3.4 in central
[2025-06-07T16:25:25.253+0000] {spark_submit.py:644} INFO - found com.amazonaws#aws-java-sdk-bundle;1.12.262 in central
[2025-06-07T16:25:25.263+0000] {spark_submit.py:644} INFO - found org.wildfly.openssl#wildfly-openssl;1.0.7.Final in central
[2025-06-07T16:25:25.271+0000] {spark_submit.py:644} INFO - found io.delta#delta-spark_2.12;3.1.0 in central
[2025-06-07T16:25:25.284+0000] {spark_submit.py:644} INFO - found io.delta#delta-storage;3.1.0 in central
[2025-06-07T16:25:25.294+0000] {spark_submit.py:644} INFO - found org.antlr#antlr4-runtime;4.9.3 in central
[2025-06-07T16:25:25.311+0000] {spark_submit.py:644} INFO - :: resolution report :: resolve 157ms :: artifacts dl 7ms
[2025-06-07T16:25:25.311+0000] {spark_submit.py:644} INFO - :: modules in use:
[2025-06-07T16:25:25.312+0000] {spark_submit.py:644} INFO - com.amazonaws#aws-java-sdk-bundle;1.12.262 from central in [default]
[2025-06-07T16:25:25.312+0000] {spark_submit.py:644} INFO - io.delta#delta-spark_2.12;3.1.0 from central in [default]
[2025-06-07T16:25:25.312+0000] {spark_submit.py:644} INFO - io.delta#delta-storage;3.1.0 from central in [default]
[2025-06-07T16:25:25.312+0000] {spark_submit.py:644} INFO - org.antlr#antlr4-runtime;4.9.3 from central in [default]
[2025-06-07T16:25:25.312+0000] {spark_submit.py:644} INFO - org.apache.hadoop#hadoop-aws;3.3.4 from central in [default]
[2025-06-07T16:25:25.313+0000] {spark_submit.py:644} INFO - org.wildfly.openssl#wildfly-openssl;1.0.7.Final from central in [default]
[2025-06-07T16:25:25.313+0000] {spark_submit.py:644} INFO - ---------------------------------------------------------------------
[2025-06-07T16:25:25.313+0000] {spark_submit.py:644} INFO - |                  |            modules            ||   artifacts   |
[2025-06-07T16:25:25.313+0000] {spark_submit.py:644} INFO - |       conf       | number| search|dwnlded|evicted|| number|dwnlded|
[2025-06-07T16:25:25.313+0000] {spark_submit.py:644} INFO - ---------------------------------------------------------------------
[2025-06-07T16:25:25.313+0000] {spark_submit.py:644} INFO - |      default     |   6   |   0   |   0   |   0   ||   6   |   0   |
[2025-06-07T16:25:25.313+0000] {spark_submit.py:644} INFO - ---------------------------------------------------------------------
[2025-06-07T16:25:25.314+0000] {spark_submit.py:644} INFO - :: retrieving :: org.apache.spark#spark-submit-parent-07f0ac38-fea7-4bb7-8bd6-6fa418e672a8
[2025-06-07T16:25:25.314+0000] {spark_submit.py:644} INFO - confs: [default]
[2025-06-07T16:25:25.317+0000] {spark_submit.py:644} INFO - 0 artifacts copied, 6 already retrieved (0kB/3ms)
[2025-06-07T16:25:25.405+0000] {spark_submit.py:644} INFO - 25/06/07 16:25:25 WARN NativeCodeLoader: Unable to load native-hadoop library for your platform... using builtin-java classes where applicable
[2025-06-07T16:25:26.125+0000] {spark_submit.py:644} INFO - 25/06/07 16:25:26 INFO SparkContext: Running Spark version 3.5.2
[2025-06-07T16:25:26.125+0000] {spark_submit.py:644} INFO - 25/06/07 16:25:26 INFO SparkContext: OS info Linux, 6.10.14-linuxkit, aarch64
[2025-06-07T16:25:26.125+0000] {spark_submit.py:644} INFO - 25/06/07 16:25:26 INFO SparkContext: Java version 17.0.15
[2025-06-07T16:25:26.136+0000] {spark_submit.py:644} INFO - 25/06/07 16:25:26 INFO ResourceUtils: ==============================================================
[2025-06-07T16:25:26.136+0000] {spark_submit.py:644} INFO - 25/06/07 16:25:26 INFO ResourceUtils: No custom resources configured for spark.driver.
[2025-06-07T16:25:26.136+0000] {spark_submit.py:644} INFO - 25/06/07 16:25:26 INFO ResourceUtils: ==============================================================
[2025-06-07T16:25:26.137+0000] {spark_submit.py:644} INFO - 25/06/07 16:25:26 INFO SparkContext: Submitted application: BronzeToSilverStephenCurryStats
[2025-06-07T16:25:26.147+0000] {spark_submit.py:644} INFO - 25/06/07 16:25:26 INFO ResourceProfile: Default ResourceProfile created, executor resources: Map(memory -> name: memory, amount: 2048, script: , vendor: , offHeap -> name: offHeap, amount: 0, script: , vendor: ), task resources: Map(cpus -> name: cpus, amount: 1.0)
[2025-06-07T16:25:26.152+0000] {spark_submit.py:644} INFO - 25/06/07 16:25:26 INFO ResourceProfile: Limiting resource is cpu
[2025-06-07T16:25:26.152+0000] {spark_submit.py:644} INFO - 25/06/07 16:25:26 INFO ResourceProfileManager: Added ResourceProfile id: 0
[2025-06-07T16:25:26.183+0000] {spark_submit.py:644} INFO - 25/06/07 16:25:26 INFO SecurityManager: Changing view acls to: ***
[2025-06-07T16:25:26.184+0000] {spark_submit.py:644} INFO - 25/06/07 16:25:26 INFO SecurityManager: Changing modify acls to: ***
[2025-06-07T16:25:26.184+0000] {spark_submit.py:644} INFO - 25/06/07 16:25:26 INFO SecurityManager: Changing view acls groups to:
[2025-06-07T16:25:26.184+0000] {spark_submit.py:644} INFO - 25/06/07 16:25:26 INFO SecurityManager: Changing modify acls groups to:
[2025-06-07T16:25:26.184+0000] {spark_submit.py:644} INFO - 25/06/07 16:25:26 INFO SecurityManager: SecurityManager: authentication disabled; ui acls disabled; users with view permissions: ***; groups with view permissions: EMPTY; users with modify permissions: ***; groups with modify permissions: EMPTY
[2025-06-07T16:25:26.299+0000] {spark_submit.py:644} INFO - 25/06/07 16:25:26 INFO Utils: Successfully started service 'sparkDriver' on port 35873.
[2025-06-07T16:25:26.311+0000] {spark_submit.py:644} INFO - 25/06/07 16:25:26 INFO SparkEnv: Registering MapOutputTracker
[2025-06-07T16:25:26.327+0000] {spark_submit.py:644} INFO - 25/06/07 16:25:26 INFO SparkEnv: Registering BlockManagerMaster
[2025-06-07T16:25:26.335+0000] {spark_submit.py:644} INFO - 25/06/07 16:25:26 INFO BlockManagerMasterEndpoint: Using org.apache.spark.storage.DefaultTopologyMapper for getting topology information
[2025-06-07T16:25:26.335+0000] {spark_submit.py:644} INFO - 25/06/07 16:25:26 INFO BlockManagerMasterEndpoint: BlockManagerMasterEndpoint up
[2025-06-07T16:25:26.337+0000] {spark_submit.py:644} INFO - 25/06/07 16:25:26 INFO SparkEnv: Registering BlockManagerMasterHeartbeat
[2025-06-07T16:25:26.346+0000] {spark_submit.py:644} INFO - 25/06/07 16:25:26 INFO DiskBlockManager: Created local directory at /tmp/blockmgr-cd0b6848-3099-44f0-a6d1-784881622341
[2025-06-07T16:25:26.353+0000] {spark_submit.py:644} INFO - 25/06/07 16:25:26 INFO MemoryStore: MemoryStore started with capacity 434.4 MiB
[2025-06-07T16:25:26.360+0000] {spark_submit.py:644} INFO - 25/06/07 16:25:26 INFO SparkEnv: Registering OutputCommitCoordinator
[2025-06-07T16:25:26.415+0000] {spark_submit.py:644} INFO - 25/06/07 16:25:26 INFO JettyUtils: Start Jetty 0.0.0.0:4040 for SparkUI
[2025-06-07T16:25:26.450+0000] {spark_submit.py:644} INFO - 25/06/07 16:25:26 INFO Utils: Successfully started service 'SparkUI' on port 4040.
[2025-06-07T16:25:26.467+0000] {spark_submit.py:644} INFO - 25/06/07 16:25:26 INFO SparkContext: Added JAR file:///home/***/.ivy2/jars/org.apache.hadoop_hadoop-aws-3.3.4.jar at spark://ae00baecdfb8:35873/jars/org.apache.hadoop_hadoop-aws-3.3.4.jar with timestamp 1749313526121
[2025-06-07T16:25:26.467+0000] {spark_submit.py:644} INFO - 25/06/07 16:25:26 INFO SparkContext: Added JAR file:///home/***/.ivy2/jars/com.amazonaws_aws-java-sdk-bundle-1.12.262.jar at spark://ae00baecdfb8:35873/jars/com.amazonaws_aws-java-sdk-bundle-1.12.262.jar with timestamp 1749313526121
[2025-06-07T16:25:26.467+0000] {spark_submit.py:644} INFO - 25/06/07 16:25:26 INFO SparkContext: Added JAR file:///home/***/.ivy2/jars/io.delta_delta-spark_2.12-3.1.0.jar at spark://ae00baecdfb8:35873/jars/io.delta_delta-spark_2.12-3.1.0.jar with timestamp 1749313526121
[2025-06-07T16:25:26.468+0000] {spark_submit.py:644} INFO - 25/06/07 16:25:26 INFO SparkContext: Added JAR file:///home/***/.ivy2/jars/org.wildfly.openssl_wildfly-openssl-1.0.7.Final.jar at spark://ae00baecdfb8:35873/jars/org.wildfly.openssl_wildfly-openssl-1.0.7.Final.jar with timestamp 1749313526121
[2025-06-07T16:25:26.468+0000] {spark_submit.py:644} INFO - 25/06/07 16:25:26 INFO SparkContext: Added JAR file:///home/***/.ivy2/jars/io.delta_delta-storage-3.1.0.jar at spark://ae00baecdfb8:35873/jars/io.delta_delta-storage-3.1.0.jar with timestamp 1749313526121
[2025-06-07T16:25:26.468+0000] {spark_submit.py:644} INFO - 25/06/07 16:25:26 INFO SparkContext: Added JAR file:///home/***/.ivy2/jars/org.antlr_antlr4-runtime-4.9.3.jar at spark://ae00baecdfb8:35873/jars/org.antlr_antlr4-runtime-4.9.3.jar with timestamp 1749313526121
[2025-06-07T16:25:26.469+0000] {spark_submit.py:644} INFO - 25/06/07 16:25:26 INFO SparkContext: Added file file:///home/***/.ivy2/jars/org.apache.hadoop_hadoop-aws-3.3.4.jar at spark://ae00baecdfb8:35873/files/org.apache.hadoop_hadoop-aws-3.3.4.jar with timestamp 1749313526121
[2025-06-07T16:25:26.470+0000] {spark_submit.py:644} INFO - 25/06/07 16:25:26 INFO Utils: Copying /home/***/.ivy2/jars/org.apache.hadoop_hadoop-aws-3.3.4.jar to /tmp/spark-575c521c-ff0c-47e3-80a7-22d30927cadd/userFiles-e417ac49-9a43-4864-b7fc-115ffb0b72df/org.apache.hadoop_hadoop-aws-3.3.4.jar
[2025-06-07T16:25:26.474+0000] {spark_submit.py:644} INFO - 25/06/07 16:25:26 INFO SparkContext: Added file file:///home/***/.ivy2/jars/com.amazonaws_aws-java-sdk-bundle-1.12.262.jar at spark://ae00baecdfb8:35873/files/com.amazonaws_aws-java-sdk-bundle-1.12.262.jar with timestamp 1749313526121
[2025-06-07T16:25:26.475+0000] {spark_submit.py:644} INFO - 25/06/07 16:25:26 INFO Utils: Copying /home/***/.ivy2/jars/com.amazonaws_aws-java-sdk-bundle-1.12.262.jar to /tmp/spark-575c521c-ff0c-47e3-80a7-22d30927cadd/userFiles-e417ac49-9a43-4864-b7fc-115ffb0b72df/com.amazonaws_aws-java-sdk-bundle-1.12.262.jar
[2025-06-07T16:25:26.614+0000] {spark_submit.py:644} INFO - 25/06/07 16:25:26 INFO SparkContext: Added file file:///home/***/.ivy2/jars/io.delta_delta-spark_2.12-3.1.0.jar at spark://ae00baecdfb8:35873/files/io.delta_delta-spark_2.12-3.1.0.jar with timestamp 1749313526121
[2025-06-07T16:25:26.614+0000] {spark_submit.py:644} INFO - 25/06/07 16:25:26 INFO Utils: Copying /home/***/.ivy2/jars/io.delta_delta-spark_2.12-3.1.0.jar to /tmp/spark-575c521c-ff0c-47e3-80a7-22d30927cadd/userFiles-e417ac49-9a43-4864-b7fc-115ffb0b72df/io.delta_delta-spark_2.12-3.1.0.jar
[2025-06-07T16:25:26.618+0000] {spark_submit.py:644} INFO - 25/06/07 16:25:26 INFO SparkContext: Added file file:///home/***/.ivy2/jars/org.wildfly.openssl_wildfly-openssl-1.0.7.Final.jar at spark://ae00baecdfb8:35873/files/org.wildfly.openssl_wildfly-openssl-1.0.7.Final.jar with timestamp 1749313526121
[2025-06-07T16:25:26.618+0000] {spark_submit.py:644} INFO - 25/06/07 16:25:26 INFO Utils: Copying /home/***/.ivy2/jars/org.wildfly.openssl_wildfly-openssl-1.0.7.Final.jar to /tmp/spark-575c521c-ff0c-47e3-80a7-22d30927cadd/userFiles-e417ac49-9a43-4864-b7fc-115ffb0b72df/org.wildfly.openssl_wildfly-openssl-1.0.7.Final.jar
[2025-06-07T16:25:26.620+0000] {spark_submit.py:644} INFO - 25/06/07 16:25:26 INFO SparkContext: Added file file:///home/***/.ivy2/jars/io.delta_delta-storage-3.1.0.jar at spark://ae00baecdfb8:35873/files/io.delta_delta-storage-3.1.0.jar with timestamp 1749313526121
[2025-06-07T16:25:26.620+0000] {spark_submit.py:644} INFO - 25/06/07 16:25:26 INFO Utils: Copying /home/***/.ivy2/jars/io.delta_delta-storage-3.1.0.jar to /tmp/spark-575c521c-ff0c-47e3-80a7-22d30927cadd/userFiles-e417ac49-9a43-4864-b7fc-115ffb0b72df/io.delta_delta-storage-3.1.0.jar
[2025-06-07T16:25:26.623+0000] {spark_submit.py:644} INFO - 25/06/07 16:25:26 INFO SparkContext: Added file file:///home/***/.ivy2/jars/org.antlr_antlr4-runtime-4.9.3.jar at spark://ae00baecdfb8:35873/files/org.antlr_antlr4-runtime-4.9.3.jar with timestamp 1749313526121
[2025-06-07T16:25:26.624+0000] {spark_submit.py:644} INFO - 25/06/07 16:25:26 INFO Utils: Copying /home/***/.ivy2/jars/org.antlr_antlr4-runtime-4.9.3.jar to /tmp/spark-575c521c-ff0c-47e3-80a7-22d30927cadd/userFiles-e417ac49-9a43-4864-b7fc-115ffb0b72df/org.antlr_antlr4-runtime-4.9.3.jar
[2025-06-07T16:25:26.671+0000] {spark_submit.py:644} INFO - 25/06/07 16:25:26 INFO StandaloneAppClient$ClientEndpoint: Connecting to master spark://spark-master:7077...
[2025-06-07T16:25:26.693+0000] {spark_submit.py:644} INFO - 25/06/07 16:25:26 INFO TransportClientFactory: Successfully created connection to spark-master/172.19.0.4:7077 after 13 ms (0 ms spent in bootstraps)
[2025-06-07T16:25:26.742+0000] {spark_submit.py:644} INFO - 25/06/07 16:25:26 INFO StandaloneSchedulerBackend: Connected to Spark cluster with app ID app-20250607162526-0001
[2025-06-07T16:25:26.743+0000] {spark_submit.py:644} INFO - 25/06/07 16:25:26 INFO StandaloneAppClient$ClientEndpoint: Executor added: app-20250607162526-0001/0 on worker-20250607162203-172.19.0.7-36315 (172.19.0.7:36315) with 4 core(s)
[2025-06-07T16:25:26.745+0000] {spark_submit.py:644} INFO - 25/06/07 16:25:26 INFO StandaloneSchedulerBackend: Granted executor ID app-20250607162526-0001/0 on hostPort 172.19.0.7:36315 with 4 core(s), 2.0 GiB RAM
[2025-06-07T16:25:26.748+0000] {spark_submit.py:644} INFO - 25/06/07 16:25:26 INFO Utils: Successfully started service 'org.apache.spark.network.netty.NettyBlockTransferService' on port 46641.
[2025-06-07T16:25:26.748+0000] {spark_submit.py:644} INFO - 25/06/07 16:25:26 INFO NettyBlockTransferService: Server created on ae00baecdfb8:46641
[2025-06-07T16:25:26.749+0000] {spark_submit.py:644} INFO - 25/06/07 16:25:26 INFO BlockManager: Using org.apache.spark.storage.RandomBlockReplicationPolicy for block replication policy
[2025-06-07T16:25:26.752+0000] {spark_submit.py:644} INFO - 25/06/07 16:25:26 INFO BlockManagerMaster: Registering BlockManager BlockManagerId(driver, ae00baecdfb8, 46641, None)
[2025-06-07T16:25:26.755+0000] {spark_submit.py:644} INFO - 25/06/07 16:25:26 INFO BlockManagerMasterEndpoint: Registering block manager ae00baecdfb8:46641 with 434.4 MiB RAM, BlockManagerId(driver, ae00baecdfb8, 46641, None)
[2025-06-07T16:25:26.757+0000] {spark_submit.py:644} INFO - 25/06/07 16:25:26 INFO BlockManagerMaster: Registered BlockManager BlockManagerId(driver, ae00baecdfb8, 46641, None)
[2025-06-07T16:25:26.757+0000] {spark_submit.py:644} INFO - 25/06/07 16:25:26 INFO BlockManager: Initialized BlockManager: BlockManagerId(driver, ae00baecdfb8, 46641, None)
[2025-06-07T16:25:26.771+0000] {spark_submit.py:644} INFO - 25/06/07 16:25:26 INFO StandaloneAppClient$ClientEndpoint: Executor updated: app-20250607162526-0001/0 is now RUNNING
[2025-06-07T16:25:26.874+0000] {spark_submit.py:644} INFO - 25/06/07 16:25:26 INFO StandaloneSchedulerBackend: SchedulerBackend is ready for scheduling beginning after reached minRegisteredResourcesRatio: 0.0
[2025-06-07T16:25:26.999+0000] {spark_submit.py:644} INFO - Bronze to Silver: Spark session created.
[2025-06-07T16:25:27.003+0000] {spark_submit.py:644} INFO - 25/06/07 16:25:27 INFO SharedState: Setting hive.metastore.warehouse.dir ('null') to the value of spark.sql.warehouse.dir.
[2025-06-07T16:25:27.006+0000] {spark_submit.py:644} INFO - 25/06/07 16:25:27 INFO SharedState: Warehouse path is 'file:/tmp/spark-warehouse'.
[2025-06-07T16:25:27.449+0000] {spark_submit.py:644} INFO - 25/06/07 16:25:27 WARN MetricsConfig: Cannot locate configuration: tried hadoop-metrics2-s3a-file-system.properties,hadoop-metrics2.properties
[2025-06-07T16:25:27.455+0000] {spark_submit.py:644} INFO - 25/06/07 16:25:27 INFO MetricsSystemImpl: Scheduled Metric snapshot period at 10 second(s).
[2025-06-07T16:25:27.456+0000] {spark_submit.py:644} INFO - 25/06/07 16:25:27 INFO MetricsSystemImpl: s3a-file-system metrics system started
[2025-06-07T16:25:27.943+0000] {spark_submit.py:644} INFO - 25/06/07 16:25:27 INFO StandaloneSchedulerBackend$StandaloneDriverEndpoint: Registered executor NettyRpcEndpointRef(spark-client://Executor) (172.19.0.7:48518) with ID 0,  ResourceProfileId 0
[2025-06-07T16:25:27.981+0000] {spark_submit.py:644} INFO - 25/06/07 16:25:27 INFO BlockManagerMasterEndpoint: Registering block manager 172.19.0.7:32831 with 1048.8 MiB RAM, BlockManagerId(0, 172.19.0.7, 32831, None)
[2025-06-07T16:25:27.982+0000] {spark_submit.py:644} INFO - 25/06/07 16:25:27 INFO InMemoryFileIndex: It took 34 ms to list leaf files for 1 paths.
[2025-06-07T16:25:28.225+0000] {spark_submit.py:644} INFO - 25/06/07 16:25:28 INFO SparkContext: Starting job: load at NativeMethodAccessorImpl.java:0
[2025-06-07T16:25:28.234+0000] {spark_submit.py:644} INFO - 25/06/07 16:25:28 INFO DAGScheduler: Got job 0 (load at NativeMethodAccessorImpl.java:0) with 1 output partitions
[2025-06-07T16:25:28.234+0000] {spark_submit.py:644} INFO - 25/06/07 16:25:28 INFO DAGScheduler: Final stage: ResultStage 0 (load at NativeMethodAccessorImpl.java:0)
[2025-06-07T16:25:28.234+0000] {spark_submit.py:644} INFO - 25/06/07 16:25:28 INFO DAGScheduler: Parents of final stage: List()
[2025-06-07T16:25:28.235+0000] {spark_submit.py:644} INFO - 25/06/07 16:25:28 INFO DAGScheduler: Missing parents: List()
[2025-06-07T16:25:28.237+0000] {spark_submit.py:644} INFO - 25/06/07 16:25:28 INFO DAGScheduler: Submitting ResultStage 0 (MapPartitionsRDD[1] at load at NativeMethodAccessorImpl.java:0), which has no missing parents
[2025-06-07T16:25:28.269+0000] {spark_submit.py:644} INFO - 25/06/07 16:25:28 INFO MemoryStore: Block broadcast_0 stored as values in memory (estimated size 107.1 KiB, free 434.3 MiB)
[2025-06-07T16:25:28.289+0000] {spark_submit.py:644} INFO - 25/06/07 16:25:28 INFO MemoryStore: Block broadcast_0_piece0 stored as bytes in memory (estimated size 38.8 KiB, free 434.3 MiB)
[2025-06-07T16:25:28.290+0000] {spark_submit.py:644} INFO - 25/06/07 16:25:28 INFO BlockManagerInfo: Added broadcast_0_piece0 in memory on ae00baecdfb8:46641 (size: 38.8 KiB, free: 434.4 MiB)
[2025-06-07T16:25:28.294+0000] {spark_submit.py:644} INFO - 25/06/07 16:25:28 INFO SparkContext: Created broadcast 0 from broadcast at DAGScheduler.scala:1585
[2025-06-07T16:25:28.308+0000] {spark_submit.py:644} INFO - 25/06/07 16:25:28 INFO DAGScheduler: Submitting 1 missing tasks from ResultStage 0 (MapPartitionsRDD[1] at load at NativeMethodAccessorImpl.java:0) (first 15 tasks are for partitions Vector(0))
[2025-06-07T16:25:28.309+0000] {spark_submit.py:644} INFO - 25/06/07 16:25:28 INFO TaskSchedulerImpl: Adding task set 0.0 with 1 tasks resource profile 0
[2025-06-07T16:25:29.006+0000] {spark_submit.py:644} INFO - 25/06/07 16:25:29 INFO TaskSetManager: Starting task 0.0 in stage 0.0 (TID 0) (172.19.0.7, executor 0, partition 0, PROCESS_LOCAL, 10354 bytes)
[2025-06-07T16:25:29.119+0000] {spark_submit.py:644} INFO - 25/06/07 16:25:29 INFO BlockManagerInfo: Added broadcast_0_piece0 in memory on 172.19.0.7:32831 (size: 38.8 KiB, free: 1048.8 MiB)
[2025-06-07T16:25:30.022+0000] {spark_submit.py:644} INFO - 25/06/07 16:25:30 INFO TaskSetManager: Finished task 0.0 in stage 0.0 (TID 0) in 1025 ms on 172.19.0.7 (executor 0) (1/1)
[2025-06-07T16:25:30.023+0000] {spark_submit.py:644} INFO - 25/06/07 16:25:30 INFO TaskSchedulerImpl: Removed TaskSet 0.0, whose tasks have all completed, from pool
[2025-06-07T16:25:30.026+0000] {spark_submit.py:644} INFO - 25/06/07 16:25:30 INFO DAGScheduler: ResultStage 0 (load at NativeMethodAccessorImpl.java:0) finished in 1.779 s
[2025-06-07T16:25:30.027+0000] {spark_submit.py:644} INFO - 25/06/07 16:25:30 INFO DAGScheduler: Job 0 is finished. Cancelling potential speculative or zombie tasks for this job
[2025-06-07T16:25:30.028+0000] {spark_submit.py:644} INFO - 25/06/07 16:25:30 INFO TaskSchedulerImpl: Killing all running tasks in stage 0: Stage finished
[2025-06-07T16:25:30.029+0000] {spark_submit.py:644} INFO - 25/06/07 16:25:30 INFO DAGScheduler: Job 0 finished: load at NativeMethodAccessorImpl.java:0, took 1.803869 s
[2025-06-07T16:25:30.203+0000] {spark_submit.py:644} INFO - 25/06/07 16:25:30 INFO BlockManagerInfo: Removed broadcast_0_piece0 on ae00baecdfb8:46641 in memory (size: 38.8 KiB, free: 434.4 MiB)
[2025-06-07T16:25:30.206+0000] {spark_submit.py:644} INFO - 25/06/07 16:25:30 INFO BlockManagerInfo: Removed broadcast_0_piece0 on 172.19.0.7:32831 in memory (size: 38.8 KiB, free: 1048.8 MiB)
[2025-06-07T16:25:30.371+0000] {spark_submit.py:644} INFO - Successfully read bronze data from s3a://mybucket/sc_stats_db/bronze/raw_data
[2025-06-07T16:25:30.496+0000] {spark_submit.py:644} INFO - Writing data to Silver layer
[2025-06-07T16:25:30.720+0000] {spark_submit.py:644} INFO - 25/06/07 16:25:30 INFO FileSourceStrategy: Pushed Filters:
[2025-06-07T16:25:30.721+0000] {spark_submit.py:644} INFO - 25/06/07 16:25:30 INFO FileSourceStrategy: Post-Scan Filters:
[2025-06-07T16:25:30.750+0000] {spark_submit.py:644} INFO - 25/06/07 16:25:30 WARN SparkStringUtils: Truncated the string representation of a plan since it was too large. This behavior can be adjusted by setting 'spark.sql.debug.maxToStringFields'.
[2025-06-07T16:25:30.855+0000] {spark_submit.py:644} INFO - 25/06/07 16:25:30 INFO ParquetUtils: Using default output committer for Parquet: org.apache.parquet.hadoop.ParquetOutputCommitter
[2025-06-07T16:25:30.875+0000] {spark_submit.py:644} INFO - 25/06/07 16:25:30 INFO FileOutputCommitter: File Output Committer Algorithm version is 1
[2025-06-07T16:25:30.875+0000] {spark_submit.py:644} INFO - 25/06/07 16:25:30 INFO FileOutputCommitter: FileOutputCommitter skip cleanup _temporary folders under output directory:false, ignore cleanup failures: false
[2025-06-07T16:25:30.875+0000] {spark_submit.py:644} INFO - 25/06/07 16:25:30 INFO SQLHadoopMapReduceCommitProtocol: Using user defined output committer class org.apache.parquet.hadoop.ParquetOutputCommitter
[2025-06-07T16:25:30.875+0000] {spark_submit.py:644} INFO - 25/06/07 16:25:30 INFO FileOutputCommitter: File Output Committer Algorithm version is 1
[2025-06-07T16:25:30.875+0000] {spark_submit.py:644} INFO - 25/06/07 16:25:30 INFO FileOutputCommitter: FileOutputCommitter skip cleanup _temporary folders under output directory:false, ignore cleanup failures: false
[2025-06-07T16:25:30.876+0000] {spark_submit.py:644} INFO - 25/06/07 16:25:30 INFO SQLHadoopMapReduceCommitProtocol: Using output committer class org.apache.parquet.hadoop.ParquetOutputCommitter
[2025-06-07T16:25:31.081+0000] {spark_submit.py:644} INFO - 25/06/07 16:25:31 INFO CodeGenerator: Code generated in 135.73125 ms
[2025-06-07T16:25:31.092+0000] {spark_submit.py:644} INFO - 25/06/07 16:25:31 INFO MemoryStore: Block broadcast_1 stored as values in memory (estimated size 209.6 KiB, free 434.2 MiB)
[2025-06-07T16:25:31.097+0000] {spark_submit.py:644} INFO - 25/06/07 16:25:31 INFO MemoryStore: Block broadcast_1_piece0 stored as bytes in memory (estimated size 37.0 KiB, free 434.2 MiB)
[2025-06-07T16:25:31.097+0000] {spark_submit.py:644} INFO - 25/06/07 16:25:31 INFO BlockManagerInfo: Added broadcast_1_piece0 in memory on ae00baecdfb8:46641 (size: 37.0 KiB, free: 434.4 MiB)
[2025-06-07T16:25:31.098+0000] {spark_submit.py:644} INFO - 25/06/07 16:25:31 INFO SparkContext: Created broadcast 1 from save at NativeMethodAccessorImpl.java:0
[2025-06-07T16:25:31.105+0000] {spark_submit.py:644} INFO - 25/06/07 16:25:31 INFO FileSourceScanExec: Planning scan with bin packing, max size: 4194304 bytes, open cost is considered as scanning 4194304 bytes.
[2025-06-07T16:25:31.126+0000] {spark_submit.py:644} INFO - 25/06/07 16:25:31 INFO SparkContext: Starting job: save at NativeMethodAccessorImpl.java:0
[2025-06-07T16:25:31.127+0000] {spark_submit.py:644} INFO - 25/06/07 16:25:31 INFO DAGScheduler: Got job 1 (save at NativeMethodAccessorImpl.java:0) with 1 output partitions
[2025-06-07T16:25:31.127+0000] {spark_submit.py:644} INFO - 25/06/07 16:25:31 INFO DAGScheduler: Final stage: ResultStage 1 (save at NativeMethodAccessorImpl.java:0)
[2025-06-07T16:25:31.127+0000] {spark_submit.py:644} INFO - 25/06/07 16:25:31 INFO DAGScheduler: Parents of final stage: List()
[2025-06-07T16:25:31.128+0000] {spark_submit.py:644} INFO - 25/06/07 16:25:31 INFO DAGScheduler: Missing parents: List()
[2025-06-07T16:25:31.128+0000] {spark_submit.py:644} INFO - 25/06/07 16:25:31 INFO DAGScheduler: Submitting ResultStage 1 (MapPartitionsRDD[5] at save at NativeMethodAccessorImpl.java:0), which has no missing parents
[2025-06-07T16:25:31.150+0000] {spark_submit.py:644} INFO - 25/06/07 16:25:31 INFO MemoryStore: Block broadcast_2 stored as values in memory (estimated size 246.2 KiB, free 433.9 MiB)
[2025-06-07T16:25:31.151+0000] {spark_submit.py:644} INFO - 25/06/07 16:25:31 INFO MemoryStore: Block broadcast_2_piece0 stored as bytes in memory (estimated size 85.4 KiB, free 433.8 MiB)
[2025-06-07T16:25:31.152+0000] {spark_submit.py:644} INFO - 25/06/07 16:25:31 INFO BlockManagerInfo: Added broadcast_2_piece0 in memory on ae00baecdfb8:46641 (size: 85.4 KiB, free: 434.3 MiB)
[2025-06-07T16:25:31.152+0000] {spark_submit.py:644} INFO - 25/06/07 16:25:31 INFO SparkContext: Created broadcast 2 from broadcast at DAGScheduler.scala:1585
[2025-06-07T16:25:31.152+0000] {spark_submit.py:644} INFO - 25/06/07 16:25:31 INFO DAGScheduler: Submitting 1 missing tasks from ResultStage 1 (MapPartitionsRDD[5] at save at NativeMethodAccessorImpl.java:0) (first 15 tasks are for partitions Vector(0))
[2025-06-07T16:25:31.153+0000] {spark_submit.py:644} INFO - 25/06/07 16:25:31 INFO TaskSchedulerImpl: Adding task set 1.0 with 1 tasks resource profile 0
[2025-06-07T16:25:31.155+0000] {spark_submit.py:644} INFO - 25/06/07 16:25:31 INFO TaskSetManager: Starting task 0.0 in stage 1.0 (TID 1) (172.19.0.7, executor 0, partition 0, PROCESS_LOCAL, 10859 bytes)
[2025-06-07T16:25:31.176+0000] {spark_submit.py:644} INFO - 25/06/07 16:25:31 INFO BlockManagerInfo: Added broadcast_2_piece0 in memory on 172.19.0.7:32831 (size: 85.4 KiB, free: 1048.7 MiB)
[2025-06-07T16:25:31.649+0000] {spark_submit.py:644} INFO - 25/06/07 16:25:31 INFO BlockManagerInfo: Added broadcast_1_piece0 in memory on 172.19.0.7:32831 (size: 37.0 KiB, free: 1048.7 MiB)
[2025-06-07T16:25:32.026+0000] {spark_submit.py:644} INFO - 25/06/07 16:25:32 INFO TaskSetManager: Finished task 0.0 in stage 1.0 (TID 1) in 872 ms on 172.19.0.7 (executor 0) (1/1)
[2025-06-07T16:25:32.026+0000] {spark_submit.py:644} INFO - 25/06/07 16:25:32 INFO TaskSchedulerImpl: Removed TaskSet 1.0, whose tasks have all completed, from pool
[2025-06-07T16:25:32.028+0000] {spark_submit.py:644} INFO - 25/06/07 16:25:32 INFO DAGScheduler: ResultStage 1 (save at NativeMethodAccessorImpl.java:0) finished in 0.899 s
[2025-06-07T16:25:32.028+0000] {spark_submit.py:644} INFO - 25/06/07 16:25:32 INFO DAGScheduler: Job 1 is finished. Cancelling potential speculative or zombie tasks for this job
[2025-06-07T16:25:32.029+0000] {spark_submit.py:644} INFO - 25/06/07 16:25:32 INFO TaskSchedulerImpl: Killing all running tasks in stage 1: Stage finished
[2025-06-07T16:25:32.029+0000] {spark_submit.py:644} INFO - 25/06/07 16:25:32 INFO DAGScheduler: Job 1 finished: save at NativeMethodAccessorImpl.java:0, took 0.902246 s
[2025-06-07T16:25:32.031+0000] {spark_submit.py:644} INFO - 25/06/07 16:25:32 INFO FileFormatWriter: Start to commit write Job e8fc00de-a313-46bc-969f-8c6ea5317df7.
[2025-06-07T16:25:32.141+0000] {spark_submit.py:644} INFO - 25/06/07 16:25:32 INFO FileFormatWriter: Write Job e8fc00de-a313-46bc-969f-8c6ea5317df7 committed. Elapsed time: 109 ms.
[2025-06-07T16:25:32.143+0000] {spark_submit.py:644} INFO - 25/06/07 16:25:32 INFO FileFormatWriter: Finished processing stats for write job e8fc00de-a313-46bc-969f-8c6ea5317df7.
[2025-06-07T16:25:32.144+0000] {spark_submit.py:644} INFO - Successfully wrote data to silver path: s3a://mybucket/sc_stats_db/silver/transformed_data
[2025-06-07T16:25:32.145+0000] {spark_submit.py:644} INFO - Bronze to Silver transformation completed successfully.
[2025-06-07T16:25:32.145+0000] {spark_submit.py:644} INFO - 25/06/07 16:25:32 INFO SparkContext: SparkContext is stopping with exitCode 0.
[2025-06-07T16:25:32.150+0000] {spark_submit.py:644} INFO - 25/06/07 16:25:32 INFO SparkUI: Stopped Spark web UI at http://ae00baecdfb8:4040
[2025-06-07T16:25:32.152+0000] {spark_submit.py:644} INFO - 25/06/07 16:25:32 INFO StandaloneSchedulerBackend: Shutting down all executors
[2025-06-07T16:25:32.152+0000] {spark_submit.py:644} INFO - 25/06/07 16:25:32 INFO StandaloneSchedulerBackend$StandaloneDriverEndpoint: Asking each executor to shut down
[2025-06-07T16:25:32.161+0000] {spark_submit.py:644} INFO - 25/06/07 16:25:32 INFO MapOutputTrackerMasterEndpoint: MapOutputTrackerMasterEndpoint stopped!
[2025-06-07T16:25:32.170+0000] {spark_submit.py:644} INFO - 25/06/07 16:25:32 INFO MemoryStore: MemoryStore cleared
[2025-06-07T16:25:32.173+0000] {spark_submit.py:644} INFO - 25/06/07 16:25:32 INFO BlockManager: BlockManager stopped
[2025-06-07T16:25:32.173+0000] {spark_submit.py:644} INFO - 25/06/07 16:25:32 INFO BlockManagerMaster: BlockManagerMaster stopped
[2025-06-07T16:25:32.174+0000] {spark_submit.py:644} INFO - 25/06/07 16:25:32 INFO OutputCommitCoordinator$OutputCommitCoordinatorEndpoint: OutputCommitCoordinator stopped!
[2025-06-07T16:25:32.195+0000] {spark_submit.py:644} INFO - 25/06/07 16:25:32 INFO SparkContext: Successfully stopped SparkContext
[2025-06-07T16:25:32.444+0000] {spark_submit.py:644} INFO - 25/06/07 16:25:32 INFO ShutdownHookManager: Shutdown hook called
[2025-06-07T16:25:32.444+0000] {spark_submit.py:644} INFO - 25/06/07 16:25:32 INFO ShutdownHookManager: Deleting directory /tmp/spark-575c521c-ff0c-47e3-80a7-22d30927cadd/pyspark-968848a9-75db-453e-a5e5-a31b395d54a2
[2025-06-07T16:25:32.447+0000] {spark_submit.py:644} INFO - 25/06/07 16:25:32 INFO ShutdownHookManager: Deleting directory /tmp/spark-575c521c-ff0c-47e3-80a7-22d30927cadd
[2025-06-07T16:25:32.448+0000] {spark_submit.py:644} INFO - 25/06/07 16:25:32 INFO ShutdownHookManager: Deleting directory /tmp/spark-9d414095-03b0-42af-ac6e-7b8b3aa2e436
[2025-06-07T16:25:32.452+0000] {spark_submit.py:644} INFO - 25/06/07 16:25:32 INFO MetricsSystemImpl: Stopping s3a-file-system metrics system...
[2025-06-07T16:25:32.452+0000] {spark_submit.py:644} INFO - 25/06/07 16:25:32 INFO MetricsSystemImpl: s3a-file-system metrics system stopped.
[2025-06-07T16:25:32.452+0000] {spark_submit.py:644} INFO - 25/06/07 16:25:32 INFO MetricsSystemImpl: s3a-file-system metrics system shutdown complete.
[2025-06-07T16:25:32.487+0000] {taskinstance.py:340} INFO - ::group::Post task execution logs
[2025-06-07T16:25:32.487+0000] {taskinstance.py:352} INFO - Marking task as SUCCESS. dag_id=stephen_curry_stats_medallion_etl, task_id=bronze_to_silver, run_id=manual__2025-06-07T16:24:20.918775+00:00, execution_date=20250607T162420, start_date=20250607T162524, end_date=20250607T162532
[2025-06-07T16:25:32.523+0000] {local_task_job_runner.py:266} INFO - Task exited with return code 0
[2025-06-07T16:25:32.534+0000] {taskinstance.py:3895} INFO - 1 downstream tasks scheduled from follow-on schedule check
[2025-06-07T16:25:32.535+0000] {local_task_job_runner.py:245} INFO - ::endgroup::
