[2025-06-01T08:35:46.758+0000] {local_task_job_runner.py:123} INFO - ::group::Pre task execution logs
[2025-06-01T08:35:46.768+0000] {taskinstance.py:2613} INFO - Dependencies all met for dep_context=non-requeueable deps ti=<TaskInstance: curry_medallion_etl.submit_bronze_etl_job manual__2025-06-01T08:35:45.255852+00:00 [queued]>
[2025-06-01T08:35:46.771+0000] {taskinstance.py:2613} INFO - Dependencies all met for dep_context=requeueable deps ti=<TaskInstance: curry_medallion_etl.submit_bronze_etl_job manual__2025-06-01T08:35:45.255852+00:00 [queued]>
[2025-06-01T08:35:46.772+0000] {taskinstance.py:2866} INFO - Starting attempt 1 of 1
[2025-06-01T08:35:46.777+0000] {taskinstance.py:2889} INFO - Executing <Task(SparkSubmitOperator): submit_bronze_etl_job> on 2025-06-01 08:35:45.255852+00:00
[2025-06-01T08:35:46.779+0000] {standard_task_runner.py:72} INFO - Started process 195 to run task
[2025-06-01T08:35:46.781+0000] {standard_task_runner.py:104} INFO - Running: ['***', 'tasks', 'run', 'curry_medallion_etl', 'submit_bronze_etl_job', 'manual__2025-06-01T08:35:45.255852+00:00', '--job-id', '18', '--raw', '--subdir', 'DAGS_FOLDER/medallion_sales_etl_dag.py', '--cfg-path', '/tmp/tmpz9hejch4']
[2025-06-01T08:35:46.783+0000] {standard_task_runner.py:105} INFO - Job 18: Subtask submit_bronze_etl_job
[2025-06-01T08:35:46.808+0000] {task_command.py:467} INFO - Running <TaskInstance: curry_medallion_etl.submit_bronze_etl_job manual__2025-06-01T08:35:45.255852+00:00 [running]> on host 842ba354b5dc
[2025-06-01T08:35:46.850+0000] {taskinstance.py:3132} INFO - Exporting env vars: AIRFLOW_CTX_DAG_OWNER='qdinh18' AIRFLOW_CTX_DAG_ID='curry_medallion_etl' AIRFLOW_CTX_TASK_ID='submit_bronze_etl_job' AIRFLOW_CTX_EXECUTION_DATE='2025-06-01T08:35:45.255852+00:00' AIRFLOW_CTX_TRY_NUMBER='1' AIRFLOW_CTX_DAG_RUN_ID='manual__2025-06-01T08:35:45.255852+00:00'
[2025-06-01T08:35:46.850+0000] {taskinstance.py:731} INFO - ::endgroup::
[2025-06-01T08:35:46.866+0000] {base.py:84} INFO - Retrieving connection 'spark_default'
[2025-06-01T08:35:46.867+0000] {spark_submit.py:474} INFO - Spark-Submit cmd: spark-submit --master spark://spark-master:7077 --conf spark.executor.memory=2g --conf spark.sql.extensions=io.delta.sql.DeltaSparkSessionExtension --conf spark.sql.catalog.spark_catalog=org.apache.spark.sql.delta.catalog.DeltaCatalog --conf spark.hadoop.fs.s3a.endpoint=http://minio:9000 --conf spark.hadoop.fs.s3a.access.key=minioadmin --conf spark.hadoop.fs.s3a.secret.key=****** --conf spark.hadoop.fs.s3a.path.style.access=true --conf spark.hadoop.fs.s3a.impl=org.apache.hadoop.fs.s3a.S3AFileSystem --packages org.apache.hadoop:hadoop-aws:3.3.4,com.amazonaws:aws-java-sdk-bundle:1.12.262,io.delta:delta-spark_2.12:3.1.0 --name bronze_sc_stats_etl --verbose --queue root.default --deploy-mode client /opt/***/dags/bronze_ingestion_sc_stats_etl.py --output_path s3a://mybucket/bronze/curry_raw_data/
[2025-06-01T08:35:47.467+0000] {spark_submit.py:644} INFO - Using properties file: null
[2025-06-01T08:35:47.519+0000] {spark_submit.py:644} INFO - Parsed arguments:
[2025-06-01T08:35:47.519+0000] {spark_submit.py:644} INFO - master                  spark://spark-master:7077
[2025-06-01T08:35:47.519+0000] {spark_submit.py:644} INFO - remote                  null
[2025-06-01T08:35:47.519+0000] {spark_submit.py:644} INFO - deployMode              client
[2025-06-01T08:35:47.520+0000] {spark_submit.py:644} INFO - executorMemory          2g
[2025-06-01T08:35:47.520+0000] {spark_submit.py:644} INFO - executorCores           null
[2025-06-01T08:35:47.520+0000] {spark_submit.py:644} INFO - totalExecutorCores      null
[2025-06-01T08:35:47.520+0000] {spark_submit.py:644} INFO - propertiesFile          null
[2025-06-01T08:35:47.520+0000] {spark_submit.py:644} INFO - driverMemory            null
[2025-06-01T08:35:47.521+0000] {spark_submit.py:644} INFO - driverCores             null
[2025-06-01T08:35:47.521+0000] {spark_submit.py:644} INFO - driverExtraClassPath    null
[2025-06-01T08:35:47.521+0000] {spark_submit.py:644} INFO - driverExtraLibraryPath  null
[2025-06-01T08:35:47.521+0000] {spark_submit.py:644} INFO - driverExtraJavaOptions  null
[2025-06-01T08:35:47.521+0000] {spark_submit.py:644} INFO - supervise               false
[2025-06-01T08:35:47.522+0000] {spark_submit.py:644} INFO - queue                   root.default
[2025-06-01T08:35:47.522+0000] {spark_submit.py:644} INFO - numExecutors            null
[2025-06-01T08:35:47.522+0000] {spark_submit.py:644} INFO - files                   null
[2025-06-01T08:35:47.522+0000] {spark_submit.py:644} INFO - pyFiles                 null
[2025-06-01T08:35:47.522+0000] {spark_submit.py:644} INFO - archives                null
[2025-06-01T08:35:47.522+0000] {spark_submit.py:644} INFO - mainClass               null
[2025-06-01T08:35:47.522+0000] {spark_submit.py:644} INFO - primaryResource         file:/opt/***/dags/bronze_ingestion_sc_stats_etl.py
[2025-06-01T08:35:47.522+0000] {spark_submit.py:644} INFO - name                    bronze_sc_stats_etl
[2025-06-01T08:35:47.522+0000] {spark_submit.py:644} INFO - childArgs               [--output_path s3a://mybucket/bronze/curry_raw_data/]
[2025-06-01T08:35:47.522+0000] {spark_submit.py:644} INFO - jars                    null
[2025-06-01T08:35:47.523+0000] {spark_submit.py:644} INFO - packages                org.apache.hadoop:hadoop-aws:3.3.4,com.amazonaws:aws-java-sdk-bundle:1.12.262,io.delta:delta-spark_2.12:3.1.0
[2025-06-01T08:35:47.523+0000] {spark_submit.py:644} INFO - packagesExclusions      null
[2025-06-01T08:35:47.523+0000] {spark_submit.py:644} INFO - repositories            null
[2025-06-01T08:35:47.523+0000] {spark_submit.py:644} INFO - verbose                 true
[2025-06-01T08:35:47.523+0000] {spark_submit.py:644} INFO - 
[2025-06-01T08:35:47.523+0000] {spark_submit.py:644} INFO - Spark properties used, including those specified through
[2025-06-01T08:35:47.523+0000] {spark_submit.py:644} INFO - --conf and those from the properties file null:
[2025-06-01T08:35:47.523+0000] {spark_submit.py:644} INFO - (spark.executor.memory,2g)
[2025-06-01T08:35:47.523+0000] {spark_submit.py:644} INFO - (spark.hadoop.fs.s3a.access.key,*********(redacted))
[2025-06-01T08:35:47.523+0000] {spark_submit.py:644} INFO - (spark.hadoop.fs.s3a.endpoint,http://minio:9000)
[2025-06-01T08:35:47.523+0000] {spark_submit.py:644} INFO - (spark.hadoop.fs.s3a.impl,org.apache.hadoop.fs.s3a.S3AFileSystem)
[2025-06-01T08:35:47.524+0000] {spark_submit.py:644} INFO - (spark.hadoop.fs.s3a.path.style.access,true)
[2025-06-01T08:35:47.524+0000] {spark_submit.py:644} INFO - (spark.hadoop.fs.s3a.secret.key,*********(redacted))
[2025-06-01T08:35:47.524+0000] {spark_submit.py:644} INFO - (spark.sql.catalog.spark_catalog,org.apache.spark.sql.delta.catalog.DeltaCatalog)
[2025-06-01T08:35:47.524+0000] {spark_submit.py:644} INFO - (spark.sql.extensions,io.delta.sql.DeltaSparkSessionExtension)
[2025-06-01T08:35:47.524+0000] {spark_submit.py:644} INFO - 
[2025-06-01T08:35:47.524+0000] {spark_submit.py:644} INFO - 
[2025-06-01T08:35:47.586+0000] {spark_submit.py:644} INFO - :: loading settings :: url = jar:file:/home/***/.local/lib/python3.11/site-packages/pyspark/jars/ivy-2.5.1.jar!/org/apache/ivy/core/settings/ivysettings.xml
[2025-06-01T08:35:47.620+0000] {spark_submit.py:644} INFO - Ivy Default Cache set to: /home/***/.ivy2/cache
[2025-06-01T08:35:47.621+0000] {spark_submit.py:644} INFO - The jars for the packages stored in: /home/***/.ivy2/jars
[2025-06-01T08:35:47.623+0000] {spark_submit.py:644} INFO - org.apache.hadoop#hadoop-aws added as a dependency
[2025-06-01T08:35:47.624+0000] {spark_submit.py:644} INFO - com.amazonaws#aws-java-sdk-bundle added as a dependency
[2025-06-01T08:35:47.624+0000] {spark_submit.py:644} INFO - io.delta#delta-spark_2.12 added as a dependency
[2025-06-01T08:35:47.624+0000] {spark_submit.py:644} INFO - :: resolving dependencies :: org.apache.spark#spark-submit-parent-1a2a362c-1f3d-4072-aae6-bfec171cddfa;1.0
[2025-06-01T08:35:47.625+0000] {spark_submit.py:644} INFO - confs: [default]
[2025-06-01T08:35:51.687+0000] {spark_submit.py:644} INFO - found org.apache.hadoop#hadoop-aws;3.3.4 in central
[2025-06-01T08:35:53.212+0000] {spark_submit.py:644} INFO - found com.amazonaws#aws-java-sdk-bundle;1.12.262 in central
[2025-06-01T08:35:56.054+0000] {spark_submit.py:644} INFO - found org.wildfly.openssl#wildfly-openssl;1.0.7.Final in central
[2025-06-01T08:35:56.434+0000] {spark_submit.py:644} INFO - found io.delta#delta-spark_2.12;3.1.0 in central
[2025-06-01T08:35:56.811+0000] {spark_submit.py:644} INFO - found io.delta#delta-storage;3.1.0 in central
[2025-06-01T08:35:59.228+0000] {spark_submit.py:644} INFO - found org.antlr#antlr4-runtime;4.9.3 in central
[2025-06-01T08:35:59.421+0000] {spark_submit.py:644} INFO - downloading https://repo1.maven.org/maven2/org/apache/hadoop/hadoop-aws/3.3.4/hadoop-aws-3.3.4.jar ...
[2025-06-01T08:36:00.138+0000] {spark_submit.py:644} INFO - [SUCCESSFUL ] org.apache.hadoop#hadoop-aws;3.3.4!hadoop-aws.jar (900ms)
[2025-06-01T08:36:00.321+0000] {spark_submit.py:644} INFO - downloading https://repo1.maven.org/maven2/com/amazonaws/aws-java-sdk-bundle/1.12.262/aws-java-sdk-bundle-1.12.262.jar ...
[2025-06-01T08:36:13.049+0000] {spark_submit.py:644} INFO - [SUCCESSFUL ] com.amazonaws#aws-java-sdk-bundle;1.12.262!aws-java-sdk-bundle.jar (12910ms)
[2025-06-01T08:36:13.232+0000] {spark_submit.py:644} INFO - downloading https://repo1.maven.org/maven2/io/delta/delta-spark_2.12/3.1.0/delta-spark_2.12-3.1.0.jar ...
[2025-06-01T08:36:13.635+0000] {spark_submit.py:644} INFO - [SUCCESSFUL ] io.delta#delta-spark_2.12;3.1.0!delta-spark_2.12.jar (585ms)
[2025-06-01T08:36:13.814+0000] {spark_submit.py:644} INFO - downloading https://repo1.maven.org/maven2/org/wildfly/openssl/wildfly-openssl/1.0.7.Final/wildfly-openssl-1.0.7.Final.jar ...
[2025-06-01T08:36:14.002+0000] {spark_submit.py:644} INFO - [SUCCESSFUL ] org.wildfly.openssl#wildfly-openssl;1.0.7.Final!wildfly-openssl.jar (366ms)
[2025-06-01T08:36:14.183+0000] {spark_submit.py:644} INFO - downloading https://repo1.maven.org/maven2/io/delta/delta-storage/3.1.0/delta-storage-3.1.0.jar ...
[2025-06-01T08:36:14.369+0000] {spark_submit.py:644} INFO - [SUCCESSFUL ] io.delta#delta-storage;3.1.0!delta-storage.jar (366ms)
[2025-06-01T08:36:14.549+0000] {spark_submit.py:644} INFO - downloading https://repo1.maven.org/maven2/org/antlr/antlr4-runtime/4.9.3/antlr4-runtime-4.9.3.jar ...
[2025-06-01T08:36:14.736+0000] {spark_submit.py:644} INFO - [SUCCESSFUL ] org.antlr#antlr4-runtime;4.9.3!antlr4-runtime.jar (365ms)
[2025-06-01T08:36:14.737+0000] {spark_submit.py:644} INFO - :: resolution report :: resolve 11613ms :: artifacts dl 15499ms
[2025-06-01T08:36:14.737+0000] {spark_submit.py:644} INFO - :: modules in use:
[2025-06-01T08:36:14.738+0000] {spark_submit.py:644} INFO - com.amazonaws#aws-java-sdk-bundle;1.12.262 from central in [default]
[2025-06-01T08:36:14.738+0000] {spark_submit.py:644} INFO - io.delta#delta-spark_2.12;3.1.0 from central in [default]
[2025-06-01T08:36:14.739+0000] {spark_submit.py:644} INFO - io.delta#delta-storage;3.1.0 from central in [default]
[2025-06-01T08:36:14.739+0000] {spark_submit.py:644} INFO - org.antlr#antlr4-runtime;4.9.3 from central in [default]
[2025-06-01T08:36:14.739+0000] {spark_submit.py:644} INFO - org.apache.hadoop#hadoop-aws;3.3.4 from central in [default]
[2025-06-01T08:36:14.740+0000] {spark_submit.py:644} INFO - org.wildfly.openssl#wildfly-openssl;1.0.7.Final from central in [default]
[2025-06-01T08:36:14.740+0000] {spark_submit.py:644} INFO - ---------------------------------------------------------------------
[2025-06-01T08:36:14.741+0000] {spark_submit.py:644} INFO - |                  |            modules            ||   artifacts   |
[2025-06-01T08:36:14.741+0000] {spark_submit.py:644} INFO - |       conf       | number| search|dwnlded|evicted|| number|dwnlded|
[2025-06-01T08:36:14.741+0000] {spark_submit.py:644} INFO - ---------------------------------------------------------------------
[2025-06-01T08:36:14.742+0000] {spark_submit.py:644} INFO - |      default     |   6   |   6   |   6   |   0   ||   6   |   6   |
[2025-06-01T08:36:14.742+0000] {spark_submit.py:644} INFO - ---------------------------------------------------------------------
[2025-06-01T08:36:14.742+0000] {spark_submit.py:644} INFO - :: retrieving :: org.apache.spark#spark-submit-parent-1a2a362c-1f3d-4072-aae6-bfec171cddfa
[2025-06-01T08:36:14.743+0000] {spark_submit.py:644} INFO - confs: [default]
[2025-06-01T08:36:14.959+0000] {spark_submit.py:644} INFO - 6 artifacts copied, 0 already retrieved (281149kB/216ms)
[2025-06-01T08:36:15.048+0000] {spark_submit.py:644} INFO - 25/06/01 08:36:15 WARN NativeCodeLoader: Unable to load native-hadoop library for your platform... using builtin-java classes where applicable
[2025-06-01T08:36:15.139+0000] {spark_submit.py:644} INFO - Main class:
[2025-06-01T08:36:15.139+0000] {spark_submit.py:644} INFO - org.apache.spark.deploy.PythonRunner
[2025-06-01T08:36:15.139+0000] {spark_submit.py:644} INFO - Arguments:
[2025-06-01T08:36:15.139+0000] {spark_submit.py:644} INFO - file:/opt/***/dags/bronze_ingestion_sc_stats_etl.py
[2025-06-01T08:36:15.139+0000] {spark_submit.py:644} INFO - file:///home/***/.ivy2/jars/org.apache.hadoop_hadoop-aws-3.3.4.jar,file:///home/***/.ivy2/jars/com.amazonaws_aws-java-sdk-bundle-1.12.262.jar,file:///home/***/.ivy2/jars/io.delta_delta-spark_2.12-3.1.0.jar,file:///home/***/.ivy2/jars/org.wildfly.openssl_wildfly-openssl-1.0.7.Final.jar,file:///home/***/.ivy2/jars/io.delta_delta-storage-3.1.0.jar,file:///home/***/.ivy2/jars/org.antlr_antlr4-runtime-4.9.3.jar
[2025-06-01T08:36:15.140+0000] {spark_submit.py:644} INFO - --output_path
[2025-06-01T08:36:15.140+0000] {spark_submit.py:644} INFO - s3a://mybucket/bronze/curry_raw_data/
[2025-06-01T08:36:15.140+0000] {spark_submit.py:644} INFO - Spark config:
[2025-06-01T08:36:15.141+0000] {spark_submit.py:644} INFO - (spark.app.name,bronze_sc_stats_etl)
[2025-06-01T08:36:15.141+0000] {spark_submit.py:644} INFO - (spark.app.submitTime,1748766975131)
[2025-06-01T08:36:15.141+0000] {spark_submit.py:644} INFO - (spark.executor.memory,2g)
[2025-06-01T08:36:15.141+0000] {spark_submit.py:644} INFO - (spark.files,file:///home/***/.ivy2/jars/org.apache.hadoop_hadoop-aws-3.3.4.jar,file:///home/***/.ivy2/jars/com.amazonaws_aws-java-sdk-bundle-1.12.262.jar,file:///home/***/.ivy2/jars/io.delta_delta-spark_2.12-3.1.0.jar,file:///home/***/.ivy2/jars/org.wildfly.openssl_wildfly-openssl-1.0.7.Final.jar,file:///home/***/.ivy2/jars/io.delta_delta-storage-3.1.0.jar,file:///home/***/.ivy2/jars/org.antlr_antlr4-runtime-4.9.3.jar)
[2025-06-01T08:36:15.141+0000] {spark_submit.py:644} INFO - (spark.hadoop.fs.s3a.access.key,*********(redacted))
[2025-06-01T08:36:15.141+0000] {spark_submit.py:644} INFO - (spark.hadoop.fs.s3a.endpoint,http://minio:9000)
[2025-06-01T08:36:15.142+0000] {spark_submit.py:644} INFO - (spark.hadoop.fs.s3a.impl,org.apache.hadoop.fs.s3a.S3AFileSystem)
[2025-06-01T08:36:15.142+0000] {spark_submit.py:644} INFO - (spark.hadoop.fs.s3a.path.style.access,true)
[2025-06-01T08:36:15.142+0000] {spark_submit.py:644} INFO - (spark.hadoop.fs.s3a.secret.key,*********(redacted))
[2025-06-01T08:36:15.142+0000] {spark_submit.py:644} INFO - (spark.jars,file:///home/***/.ivy2/jars/org.apache.hadoop_hadoop-aws-3.3.4.jar,file:///home/***/.ivy2/jars/com.amazonaws_aws-java-sdk-bundle-1.12.262.jar,file:///home/***/.ivy2/jars/io.delta_delta-spark_2.12-3.1.0.jar,file:///home/***/.ivy2/jars/org.wildfly.openssl_wildfly-openssl-1.0.7.Final.jar,file:///home/***/.ivy2/jars/io.delta_delta-storage-3.1.0.jar,file:///home/***/.ivy2/jars/org.antlr_antlr4-runtime-4.9.3.jar)
[2025-06-01T08:36:15.142+0000] {spark_submit.py:644} INFO - (spark.master,spark://spark-master:7077)
[2025-06-01T08:36:15.142+0000] {spark_submit.py:644} INFO - (spark.repl.local.jars,file:///home/***/.ivy2/jars/org.apache.hadoop_hadoop-aws-3.3.4.jar,file:///home/***/.ivy2/jars/com.amazonaws_aws-java-sdk-bundle-1.12.262.jar,file:///home/***/.ivy2/jars/io.delta_delta-spark_2.12-3.1.0.jar,file:///home/***/.ivy2/jars/org.wildfly.openssl_wildfly-openssl-1.0.7.Final.jar,file:///home/***/.ivy2/jars/io.delta_delta-storage-3.1.0.jar,file:///home/***/.ivy2/jars/org.antlr_antlr4-runtime-4.9.3.jar)
[2025-06-01T08:36:15.142+0000] {spark_submit.py:644} INFO - (spark.sql.catalog.spark_catalog,org.apache.spark.sql.delta.catalog.DeltaCatalog)
[2025-06-01T08:36:15.142+0000] {spark_submit.py:644} INFO - (spark.sql.extensions,io.delta.sql.DeltaSparkSessionExtension)
[2025-06-01T08:36:15.143+0000] {spark_submit.py:644} INFO - (spark.submit.deployMode,client)
[2025-06-01T08:36:15.143+0000] {spark_submit.py:644} INFO - (spark.submit.pyFiles,/home/***/.ivy2/jars/org.apache.hadoop_hadoop-aws-3.3.4.jar,/home/***/.ivy2/jars/com.amazonaws_aws-java-sdk-bundle-1.12.262.jar,/home/***/.ivy2/jars/io.delta_delta-spark_2.12-3.1.0.jar,/home/***/.ivy2/jars/org.wildfly.openssl_wildfly-openssl-1.0.7.Final.jar,/home/***/.ivy2/jars/io.delta_delta-storage-3.1.0.jar,/home/***/.ivy2/jars/org.antlr_antlr4-runtime-4.9.3.jar)
[2025-06-01T08:36:15.143+0000] {spark_submit.py:644} INFO - Classpath elements:
[2025-06-01T08:36:15.143+0000] {spark_submit.py:644} INFO - file:///home/***/.ivy2/jars/org.apache.hadoop_hadoop-aws-3.3.4.jar
[2025-06-01T08:36:15.143+0000] {spark_submit.py:644} INFO - file:///home/***/.ivy2/jars/com.amazonaws_aws-java-sdk-bundle-1.12.262.jar
[2025-06-01T08:36:15.143+0000] {spark_submit.py:644} INFO - file:///home/***/.ivy2/jars/io.delta_delta-spark_2.12-3.1.0.jar
[2025-06-01T08:36:15.143+0000] {spark_submit.py:644} INFO - file:///home/***/.ivy2/jars/org.wildfly.openssl_wildfly-openssl-1.0.7.Final.jar
[2025-06-01T08:36:15.144+0000] {spark_submit.py:644} INFO - file:///home/***/.ivy2/jars/io.delta_delta-storage-3.1.0.jar
[2025-06-01T08:36:15.144+0000] {spark_submit.py:644} INFO - file:///home/***/.ivy2/jars/org.antlr_antlr4-runtime-4.9.3.jar
[2025-06-01T08:36:15.144+0000] {spark_submit.py:644} INFO - 
[2025-06-01T08:36:15.144+0000] {spark_submit.py:644} INFO - 
[2025-06-01T08:36:15.733+0000] {spark_submit.py:644} INFO - 25/06/01 08:36:15 INFO SparkContext: Running Spark version 3.5.2
[2025-06-01T08:36:15.733+0000] {spark_submit.py:644} INFO - 25/06/01 08:36:15 INFO SparkContext: OS info Linux, 6.10.14-linuxkit, aarch64
[2025-06-01T08:36:15.733+0000] {spark_submit.py:644} INFO - 25/06/01 08:36:15 INFO SparkContext: Java version 17.0.15
[2025-06-01T08:36:15.743+0000] {spark_submit.py:644} INFO - 25/06/01 08:36:15 INFO ResourceUtils: ==============================================================
[2025-06-01T08:36:15.743+0000] {spark_submit.py:644} INFO - 25/06/01 08:36:15 INFO ResourceUtils: No custom resources configured for spark.driver.
[2025-06-01T08:36:15.743+0000] {spark_submit.py:644} INFO - 25/06/01 08:36:15 INFO ResourceUtils: ==============================================================
[2025-06-01T08:36:15.743+0000] {spark_submit.py:644} INFO - 25/06/01 08:36:15 INFO SparkContext: Submitted application: BronzeIngestionStephenCurryStats
[2025-06-01T08:36:15.754+0000] {spark_submit.py:644} INFO - 25/06/01 08:36:15 INFO ResourceProfile: Default ResourceProfile created, executor resources: Map(memory -> name: memory, amount: 2048, script: , vendor: , offHeap -> name: offHeap, amount: 0, script: , vendor: ), task resources: Map(cpus -> name: cpus, amount: 1.0)
[2025-06-01T08:36:15.758+0000] {spark_submit.py:644} INFO - 25/06/01 08:36:15 INFO ResourceProfile: Limiting resource is cpu
[2025-06-01T08:36:15.758+0000] {spark_submit.py:644} INFO - 25/06/01 08:36:15 INFO ResourceProfileManager: Added ResourceProfile id: 0
[2025-06-01T08:36:15.785+0000] {spark_submit.py:644} INFO - 25/06/01 08:36:15 INFO SecurityManager: Changing view acls to: ***
[2025-06-01T08:36:15.785+0000] {spark_submit.py:644} INFO - 25/06/01 08:36:15 INFO SecurityManager: Changing modify acls to: ***
[2025-06-01T08:36:15.785+0000] {spark_submit.py:644} INFO - 25/06/01 08:36:15 INFO SecurityManager: Changing view acls groups to:
[2025-06-01T08:36:15.785+0000] {spark_submit.py:644} INFO - 25/06/01 08:36:15 INFO SecurityManager: Changing modify acls groups to:
[2025-06-01T08:36:15.786+0000] {spark_submit.py:644} INFO - 25/06/01 08:36:15 INFO SecurityManager: SecurityManager: authentication disabled; ui acls disabled; users with view permissions: ***; groups with view permissions: EMPTY; users with modify permissions: ***; groups with modify permissions: EMPTY
[2025-06-01T08:36:15.905+0000] {spark_submit.py:644} INFO - 25/06/01 08:36:15 INFO Utils: Successfully started service 'sparkDriver' on port 45499.
[2025-06-01T08:36:15.921+0000] {spark_submit.py:644} INFO - 25/06/01 08:36:15 INFO SparkEnv: Registering MapOutputTracker
[2025-06-01T08:36:15.937+0000] {spark_submit.py:644} INFO - 25/06/01 08:36:15 INFO SparkEnv: Registering BlockManagerMaster
[2025-06-01T08:36:15.945+0000] {spark_submit.py:644} INFO - 25/06/01 08:36:15 INFO BlockManagerMasterEndpoint: Using org.apache.spark.storage.DefaultTopologyMapper for getting topology information
[2025-06-01T08:36:15.945+0000] {spark_submit.py:644} INFO - 25/06/01 08:36:15 INFO BlockManagerMasterEndpoint: BlockManagerMasterEndpoint up
[2025-06-01T08:36:15.947+0000] {spark_submit.py:644} INFO - 25/06/01 08:36:15 INFO SparkEnv: Registering BlockManagerMasterHeartbeat
[2025-06-01T08:36:15.958+0000] {spark_submit.py:644} INFO - 25/06/01 08:36:15 INFO DiskBlockManager: Created local directory at /tmp/blockmgr-2e77bd3f-d180-4262-8240-391810d138ac
[2025-06-01T08:36:15.966+0000] {spark_submit.py:644} INFO - 25/06/01 08:36:15 INFO MemoryStore: MemoryStore started with capacity 434.4 MiB
[2025-06-01T08:36:15.973+0000] {spark_submit.py:644} INFO - 25/06/01 08:36:15 INFO SparkEnv: Registering OutputCommitCoordinator
[2025-06-01T08:36:16.032+0000] {spark_submit.py:644} INFO - 25/06/01 08:36:16 INFO JettyUtils: Start Jetty 0.0.0.0:4040 for SparkUI
[2025-06-01T08:36:16.066+0000] {spark_submit.py:644} INFO - 25/06/01 08:36:16 INFO Utils: Successfully started service 'SparkUI' on port 4040.
[2025-06-01T08:36:16.086+0000] {spark_submit.py:644} INFO - 25/06/01 08:36:16 INFO SparkContext: Added JAR file:///home/***/.ivy2/jars/org.apache.hadoop_hadoop-aws-3.3.4.jar at spark://842ba354b5dc:45499/jars/org.apache.hadoop_hadoop-aws-3.3.4.jar with timestamp 1748766975728
[2025-06-01T08:36:16.086+0000] {spark_submit.py:644} INFO - 25/06/01 08:36:16 INFO SparkContext: Added JAR file:///home/***/.ivy2/jars/com.amazonaws_aws-java-sdk-bundle-1.12.262.jar at spark://842ba354b5dc:45499/jars/com.amazonaws_aws-java-sdk-bundle-1.12.262.jar with timestamp 1748766975728
[2025-06-01T08:36:16.087+0000] {spark_submit.py:644} INFO - 25/06/01 08:36:16 INFO SparkContext: Added JAR file:///home/***/.ivy2/jars/io.delta_delta-spark_2.12-3.1.0.jar at spark://842ba354b5dc:45499/jars/io.delta_delta-spark_2.12-3.1.0.jar with timestamp 1748766975728
[2025-06-01T08:36:16.087+0000] {spark_submit.py:644} INFO - 25/06/01 08:36:16 INFO SparkContext: Added JAR file:///home/***/.ivy2/jars/org.wildfly.openssl_wildfly-openssl-1.0.7.Final.jar at spark://842ba354b5dc:45499/jars/org.wildfly.openssl_wildfly-openssl-1.0.7.Final.jar with timestamp 1748766975728
[2025-06-01T08:36:16.087+0000] {spark_submit.py:644} INFO - 25/06/01 08:36:16 INFO SparkContext: Added JAR file:///home/***/.ivy2/jars/io.delta_delta-storage-3.1.0.jar at spark://842ba354b5dc:45499/jars/io.delta_delta-storage-3.1.0.jar with timestamp 1748766975728
[2025-06-01T08:36:16.087+0000] {spark_submit.py:644} INFO - 25/06/01 08:36:16 INFO SparkContext: Added JAR file:///home/***/.ivy2/jars/org.antlr_antlr4-runtime-4.9.3.jar at spark://842ba354b5dc:45499/jars/org.antlr_antlr4-runtime-4.9.3.jar with timestamp 1748766975728
[2025-06-01T08:36:16.088+0000] {spark_submit.py:644} INFO - 25/06/01 08:36:16 INFO SparkContext: Added file file:///home/***/.ivy2/jars/org.apache.hadoop_hadoop-aws-3.3.4.jar at spark://842ba354b5dc:45499/files/org.apache.hadoop_hadoop-aws-3.3.4.jar with timestamp 1748766975728
[2025-06-01T08:36:16.089+0000] {spark_submit.py:644} INFO - 25/06/01 08:36:16 INFO Utils: Copying /home/***/.ivy2/jars/org.apache.hadoop_hadoop-aws-3.3.4.jar to /tmp/spark-a3c4c77a-f6ad-42bb-96e0-14b5efd253a5/userFiles-301dd364-4e3c-4b45-885f-782754790a10/org.apache.hadoop_hadoop-aws-3.3.4.jar
[2025-06-01T08:36:16.096+0000] {spark_submit.py:644} INFO - 25/06/01 08:36:16 INFO SparkContext: Added file file:///home/***/.ivy2/jars/com.amazonaws_aws-java-sdk-bundle-1.12.262.jar at spark://842ba354b5dc:45499/files/com.amazonaws_aws-java-sdk-bundle-1.12.262.jar with timestamp 1748766975728
[2025-06-01T08:36:16.097+0000] {spark_submit.py:644} INFO - 25/06/01 08:36:16 INFO Utils: Copying /home/***/.ivy2/jars/com.amazonaws_aws-java-sdk-bundle-1.12.262.jar to /tmp/spark-a3c4c77a-f6ad-42bb-96e0-14b5efd253a5/userFiles-301dd364-4e3c-4b45-885f-782754790a10/com.amazonaws_aws-java-sdk-bundle-1.12.262.jar
[2025-06-01T08:36:16.173+0000] {spark_submit.py:644} INFO - 25/06/01 08:36:16 INFO SparkContext: Added file file:///home/***/.ivy2/jars/io.delta_delta-spark_2.12-3.1.0.jar at spark://842ba354b5dc:45499/files/io.delta_delta-spark_2.12-3.1.0.jar with timestamp 1748766975728
[2025-06-01T08:36:16.173+0000] {spark_submit.py:644} INFO - 25/06/01 08:36:16 INFO Utils: Copying /home/***/.ivy2/jars/io.delta_delta-spark_2.12-3.1.0.jar to /tmp/spark-a3c4c77a-f6ad-42bb-96e0-14b5efd253a5/userFiles-301dd364-4e3c-4b45-885f-782754790a10/io.delta_delta-spark_2.12-3.1.0.jar
[2025-06-01T08:36:16.176+0000] {spark_submit.py:644} INFO - 25/06/01 08:36:16 INFO SparkContext: Added file file:///home/***/.ivy2/jars/org.wildfly.openssl_wildfly-openssl-1.0.7.Final.jar at spark://842ba354b5dc:45499/files/org.wildfly.openssl_wildfly-openssl-1.0.7.Final.jar with timestamp 1748766975728
[2025-06-01T08:36:16.177+0000] {spark_submit.py:644} INFO - 25/06/01 08:36:16 INFO Utils: Copying /home/***/.ivy2/jars/org.wildfly.openssl_wildfly-openssl-1.0.7.Final.jar to /tmp/spark-a3c4c77a-f6ad-42bb-96e0-14b5efd253a5/userFiles-301dd364-4e3c-4b45-885f-782754790a10/org.wildfly.openssl_wildfly-openssl-1.0.7.Final.jar
[2025-06-01T08:36:16.178+0000] {spark_submit.py:644} INFO - 25/06/01 08:36:16 INFO SparkContext: Added file file:///home/***/.ivy2/jars/io.delta_delta-storage-3.1.0.jar at spark://842ba354b5dc:45499/files/io.delta_delta-storage-3.1.0.jar with timestamp 1748766975728
[2025-06-01T08:36:16.179+0000] {spark_submit.py:644} INFO - 25/06/01 08:36:16 INFO Utils: Copying /home/***/.ivy2/jars/io.delta_delta-storage-3.1.0.jar to /tmp/spark-a3c4c77a-f6ad-42bb-96e0-14b5efd253a5/userFiles-301dd364-4e3c-4b45-885f-782754790a10/io.delta_delta-storage-3.1.0.jar
[2025-06-01T08:36:16.180+0000] {spark_submit.py:644} INFO - 25/06/01 08:36:16 INFO SparkContext: Added file file:///home/***/.ivy2/jars/org.antlr_antlr4-runtime-4.9.3.jar at spark://842ba354b5dc:45499/files/org.antlr_antlr4-runtime-4.9.3.jar with timestamp 1748766975728
[2025-06-01T08:36:16.181+0000] {spark_submit.py:644} INFO - 25/06/01 08:36:16 INFO Utils: Copying /home/***/.ivy2/jars/org.antlr_antlr4-runtime-4.9.3.jar to /tmp/spark-a3c4c77a-f6ad-42bb-96e0-14b5efd253a5/userFiles-301dd364-4e3c-4b45-885f-782754790a10/org.antlr_antlr4-runtime-4.9.3.jar
[2025-06-01T08:36:16.227+0000] {spark_submit.py:644} INFO - 25/06/01 08:36:16 INFO StandaloneAppClient$ClientEndpoint: Connecting to master spark://spark-master:7077...
[2025-06-01T08:36:16.249+0000] {spark_submit.py:644} INFO - 25/06/01 08:36:16 INFO TransportClientFactory: Successfully created connection to spark-master/172.18.0.4:7077 after 12 ms (0 ms spent in bootstraps)
[2025-06-01T08:36:16.321+0000] {spark_submit.py:644} INFO - 25/06/01 08:36:16 INFO StandaloneSchedulerBackend: Connected to Spark cluster with app ID app-20250601083616-0000
[2025-06-01T08:36:16.325+0000] {spark_submit.py:644} INFO - 25/06/01 08:36:16 INFO Utils: Successfully started service 'org.apache.spark.network.netty.NettyBlockTransferService' on port 42065.
[2025-06-01T08:36:16.325+0000] {spark_submit.py:644} INFO - 25/06/01 08:36:16 INFO NettyBlockTransferService: Server created on 842ba354b5dc:42065
[2025-06-01T08:36:16.327+0000] {spark_submit.py:644} INFO - 25/06/01 08:36:16 INFO BlockManager: Using org.apache.spark.storage.RandomBlockReplicationPolicy for block replication policy
[2025-06-01T08:36:16.330+0000] {spark_submit.py:644} INFO - 25/06/01 08:36:16 INFO BlockManagerMaster: Registering BlockManager BlockManagerId(driver, 842ba354b5dc, 42065, None)
[2025-06-01T08:36:16.332+0000] {spark_submit.py:644} INFO - 25/06/01 08:36:16 INFO BlockManagerMasterEndpoint: Registering block manager 842ba354b5dc:42065 with 434.4 MiB RAM, BlockManagerId(driver, 842ba354b5dc, 42065, None)
[2025-06-01T08:36:16.333+0000] {spark_submit.py:644} INFO - 25/06/01 08:36:16 INFO BlockManagerMaster: Registered BlockManager BlockManagerId(driver, 842ba354b5dc, 42065, None)
[2025-06-01T08:36:16.334+0000] {spark_submit.py:644} INFO - 25/06/01 08:36:16 INFO StandaloneAppClient$ClientEndpoint: Executor added: app-20250601083616-0000/0 on worker-20250601083433-172.18.0.5-35139 (172.18.0.5:35139) with 4 core(s)
[2025-06-01T08:36:16.335+0000] {spark_submit.py:644} INFO - 25/06/01 08:36:16 INFO BlockManager: Initialized BlockManager: BlockManagerId(driver, 842ba354b5dc, 42065, None)
[2025-06-01T08:36:16.335+0000] {spark_submit.py:644} INFO - 25/06/01 08:36:16 INFO StandaloneSchedulerBackend: Granted executor ID app-20250601083616-0000/0 on hostPort 172.18.0.5:35139 with 4 core(s), 2.0 GiB RAM
[2025-06-01T08:36:16.440+0000] {spark_submit.py:644} INFO - 25/06/01 08:36:16 INFO StandaloneSchedulerBackend: SchedulerBackend is ready for scheduling beginning after reached minRegisteredResourcesRatio: 0.0
[2025-06-01T08:36:16.480+0000] {spark_submit.py:644} INFO - 25/06/01 08:36:16 INFO StandaloneAppClient$ClientEndpoint: Executor updated: app-20250601083616-0000/0 is now RUNNING
[2025-06-01T08:36:16.584+0000] {spark_submit.py:644} INFO - Bronze Ingestion: Spark session created.
[2025-06-01T08:36:16.589+0000] {spark_submit.py:644} INFO - 25/06/01 08:36:16 INFO SharedState: Setting hive.metastore.warehouse.dir ('null') to the value of spark.sql.warehouse.dir.
[2025-06-01T08:36:16.590+0000] {spark_submit.py:644} INFO - 25/06/01 08:36:16 INFO SharedState: Warehouse path is 'file:/opt/***/spark-warehouse'.
[2025-06-01T08:36:17.062+0000] {spark_submit.py:644} INFO - 25/06/01 08:36:17 INFO InMemoryFileIndex: It took 24 ms to list leaf files for 1 paths.
[2025-06-01T08:36:17.464+0000] {spark_submit.py:644} INFO - Successfully loaded Stephen Curry stats from: /opt/***/data/Stephen Curry Stats.parquet
[2025-06-01T08:36:17.465+0000] {spark_submit.py:644} INFO - Writing data to Bronze layer at: s3a://mybucket/bronze/curry_raw_data/
[2025-06-01T08:36:17.701+0000] {spark_submit.py:644} INFO - 25/06/01 08:36:17 INFO StandaloneSchedulerBackend$StandaloneDriverEndpoint: Registered executor NettyRpcEndpointRef(spark-client://Executor) (172.18.0.5:53916) with ID 0,  ResourceProfileId 0
[2025-06-01T08:36:17.712+0000] {spark_submit.py:644} INFO - 25/06/01 08:36:17 WARN SparkStringUtils: Truncated the string representation of a plan since it was too large. This behavior can be adjusted by setting 'spark.sql.debug.maxToStringFields'.
[2025-06-01T08:36:17.741+0000] {spark_submit.py:644} INFO - 25/06/01 08:36:17 INFO BlockManagerMasterEndpoint: Registering block manager 172.18.0.5:34171 with 1048.8 MiB RAM, BlockManagerId(0, 172.18.0.5, 34171, None)
[2025-06-01T08:36:17.830+0000] {spark_submit.py:644} INFO - 25/06/01 08:36:17 WARN MetricsConfig: Cannot locate configuration: tried hadoop-metrics2-s3a-file-system.properties,hadoop-metrics2.properties
[2025-06-01T08:36:17.837+0000] {spark_submit.py:644} INFO - 25/06/01 08:36:17 INFO MetricsSystemImpl: Scheduled Metric snapshot period at 10 second(s).
[2025-06-01T08:36:17.837+0000] {spark_submit.py:644} INFO - 25/06/01 08:36:17 INFO MetricsSystemImpl: s3a-file-system metrics system started
[2025-06-01T08:36:18.311+0000] {spark_submit.py:644} INFO - 25/06/01 08:36:18 INFO DelegatingLogStore: LogStore `LogStoreAdapter(io.delta.storage.S3SingleDriverLogStore)` is used for scheme `s3a`
[2025-06-01T08:36:18.414+0000] {spark_submit.py:644} INFO - 25/06/01 08:36:18 INFO DeltaLog: Creating initial snapshot without metadata, because the directory is empty
[2025-06-01T08:36:19.343+0000] {spark_submit.py:644} INFO - 25/06/01 08:36:19 INFO InitialSnapshot: [tableId=d96f775c-7b36-4326-8373-569b06425af2] Created snapshot InitialSnapshot(path=s3a://mybucket/bronze/curry_raw_data/_delta_log, version=-1, metadata=Metadata(216e6e02-8e7d-4ad0-9bce-61791182f5fa,null,null,Format(parquet,Map()),null,List(),Map(),Some(1748766979339)), logSegment=LogSegment(s3a://mybucket/bronze/curry_raw_data/_delta_log,-1,List(),org.apache.spark.sql.delta.EmptyCheckpointProvider$@218ff751,-1), checksumOpt=None)
[2025-06-01T08:36:19.388+0000] {spark_submit.py:644} INFO - 25/06/01 08:36:19 INFO DeltaLog: No delta log found for the Delta table at s3a://mybucket/bronze/curry_raw_data/_delta_log
[2025-06-01T08:36:19.389+0000] {spark_submit.py:644} INFO - 25/06/01 08:36:19 INFO InitialSnapshot: [tableId=216e6e02-8e7d-4ad0-9bce-61791182f5fa] Created snapshot InitialSnapshot(path=s3a://mybucket/bronze/curry_raw_data/_delta_log, version=-1, metadata=Metadata(175148a5-3f1a-464a-8a76-3a1d28e29cc6,null,null,Format(parquet,Map()),null,List(),Map(),Some(1748766979389)), logSegment=LogSegment(s3a://mybucket/bronze/curry_raw_data/_delta_log,-1,List(),org.apache.spark.sql.delta.EmptyCheckpointProvider$@218ff751,-1), checksumOpt=None)
[2025-06-01T08:36:19.629+0000] {spark_submit.py:644} INFO - Error writing data to Bronze layer: [DELTA_INVALID_CHARACTERS_IN_COLUMN_NAMES] Found invalid character(s) among ' ,;{}()\n\t=' in the column names of your schema. Please use other characters and try again.
[2025-06-01T08:36:19.633+0000] {spark_submit.py:644} INFO - 25/06/01 08:36:19 INFO SparkContext: SparkContext is stopping with exitCode 0.
[2025-06-01T08:36:19.641+0000] {spark_submit.py:644} INFO - 25/06/01 08:36:19 INFO SparkUI: Stopped Spark web UI at http://842ba354b5dc:4040
[2025-06-01T08:36:19.645+0000] {spark_submit.py:644} INFO - 25/06/01 08:36:19 INFO StandaloneSchedulerBackend: Shutting down all executors
[2025-06-01T08:36:19.645+0000] {spark_submit.py:644} INFO - 25/06/01 08:36:19 INFO StandaloneSchedulerBackend$StandaloneDriverEndpoint: Asking each executor to shut down
[2025-06-01T08:36:19.665+0000] {spark_submit.py:644} INFO - 25/06/01 08:36:19 INFO MapOutputTrackerMasterEndpoint: MapOutputTrackerMasterEndpoint stopped!
[2025-06-01T08:36:19.694+0000] {spark_submit.py:644} INFO - 25/06/01 08:36:19 INFO MemoryStore: MemoryStore cleared
[2025-06-01T08:36:19.695+0000] {spark_submit.py:644} INFO - 25/06/01 08:36:19 INFO BlockManager: BlockManager stopped
[2025-06-01T08:36:19.704+0000] {spark_submit.py:644} INFO - 25/06/01 08:36:19 INFO BlockManagerMaster: BlockManagerMaster stopped
[2025-06-01T08:36:19.707+0000] {spark_submit.py:644} INFO - 25/06/01 08:36:19 INFO OutputCommitCoordinator$OutputCommitCoordinatorEndpoint: OutputCommitCoordinator stopped!
[2025-06-01T08:36:19.733+0000] {spark_submit.py:644} INFO - 25/06/01 08:36:19 INFO SparkContext: Successfully stopped SparkContext
[2025-06-01T08:36:19.972+0000] {spark_submit.py:644} INFO - Traceback (most recent call last):
[2025-06-01T08:36:19.973+0000] {spark_submit.py:644} INFO - File "/opt/***/dags/bronze_ingestion_sc_stats_etl.py", line 77, in <module>
[2025-06-01T08:36:19.975+0000] {spark_submit.py:644} INFO - main(args.output_path)
[2025-06-01T08:36:19.975+0000] {spark_submit.py:644} INFO - File "/opt/***/dags/bronze_ingestion_sc_stats_etl.py", line 61, in main
[2025-06-01T08:36:19.975+0000] {spark_submit.py:644} INFO - df.write.format("delta").mode("overwrite").save(output_path_arg)
[2025-06-01T08:36:19.976+0000] {spark_submit.py:644} INFO - File "/home/***/.local/lib/python3.11/site-packages/pyspark/python/lib/pyspark.zip/pyspark/sql/readwriter.py", line 1463, in save
[2025-06-01T08:36:19.977+0000] {spark_submit.py:644} INFO - File "/home/***/.local/lib/python3.11/site-packages/pyspark/python/lib/py4j-0.10.9.7-src.zip/py4j/java_gateway.py", line 1322, in __call__
[2025-06-01T08:36:19.977+0000] {spark_submit.py:644} INFO - File "/home/***/.local/lib/python3.11/site-packages/pyspark/python/lib/pyspark.zip/pyspark/errors/exceptions/captured.py", line 185, in deco
[2025-06-01T08:36:19.980+0000] {spark_submit.py:644} INFO - pyspark.errors.exceptions.captured.AnalysisException: [DELTA_INVALID_CHARACTERS_IN_COLUMN_NAMES] Found invalid character(s) among ' ,;{}()\n\t=' in the column names of your schema. Please use other characters and try again.
[2025-06-01T08:36:20.020+0000] {spark_submit.py:644} INFO - 25/06/01 08:36:20 INFO ShutdownHookManager: Shutdown hook called
[2025-06-01T08:36:20.021+0000] {spark_submit.py:644} INFO - 25/06/01 08:36:20 INFO ShutdownHookManager: Deleting directory /tmp/spark-1bc6514a-3810-44cc-af5e-583a453c0fed
[2025-06-01T08:36:20.023+0000] {spark_submit.py:644} INFO - 25/06/01 08:36:20 INFO ShutdownHookManager: Deleting directory /tmp/spark-a3c4c77a-f6ad-42bb-96e0-14b5efd253a5
[2025-06-01T08:36:20.025+0000] {spark_submit.py:644} INFO - 25/06/01 08:36:20 INFO ShutdownHookManager: Deleting directory /tmp/spark-a3c4c77a-f6ad-42bb-96e0-14b5efd253a5/pyspark-7abb0a73-6c9b-4720-b530-3011967e901f
[2025-06-01T08:36:20.030+0000] {spark_submit.py:644} INFO - 25/06/01 08:36:20 INFO MetricsSystemImpl: Stopping s3a-file-system metrics system...
[2025-06-01T08:36:20.030+0000] {spark_submit.py:644} INFO - 25/06/01 08:36:20 INFO MetricsSystemImpl: s3a-file-system metrics system stopped.
[2025-06-01T08:36:20.030+0000] {spark_submit.py:644} INFO - 25/06/01 08:36:20 INFO MetricsSystemImpl: s3a-file-system metrics system shutdown complete.
[2025-06-01T08:36:20.064+0000] {taskinstance.py:3311} ERROR - Task failed with exception
Traceback (most recent call last):
  File "/home/airflow/.local/lib/python3.11/site-packages/airflow/models/taskinstance.py", line 767, in _execute_task
    result = _execute_callable(context=context, **execute_callable_kwargs)
             ^^^^^^^^^^^^^^^^^^^^^^^^^^^^^^^^^^^^^^^^^^^^^^^^^^^^^^^^^^^^^
  File "/home/airflow/.local/lib/python3.11/site-packages/airflow/models/taskinstance.py", line 733, in _execute_callable
    return ExecutionCallableRunner(
           ^^^^^^^^^^^^^^^^^^^^^^^^
  File "/home/airflow/.local/lib/python3.11/site-packages/airflow/utils/operator_helpers.py", line 252, in run
    return self.func(*args, **kwargs)
           ^^^^^^^^^^^^^^^^^^^^^^^^^^
  File "/home/airflow/.local/lib/python3.11/site-packages/airflow/models/baseoperator.py", line 417, in wrapper
    return func(self, *args, **kwargs)
           ^^^^^^^^^^^^^^^^^^^^^^^^^^^
  File "/home/airflow/.local/lib/python3.11/site-packages/airflow/providers/apache/spark/operators/spark_submit.py", line 197, in execute
    self._hook.submit(self.application)
  File "/home/airflow/.local/lib/python3.11/site-packages/airflow/providers/apache/spark/hooks/spark_submit.py", line 566, in submit
    raise AirflowException(
airflow.exceptions.AirflowException: Cannot execute: spark-submit --master spark://spark-master:7077 --conf spark.executor.memory=2g --conf spark.sql.extensions=io.delta.sql.DeltaSparkSessionExtension --conf spark.sql.catalog.spark_catalog=org.apache.spark.sql.delta.catalog.DeltaCatalog --conf spark.hadoop.fs.s3a.endpoint=http://minio:9000 --conf spark.hadoop.fs.s3a.access.key=minioadmin --conf spark.hadoop.fs.s3a.secret.key=****** --conf spark.hadoop.fs.s3a.path.style.access=true --conf spark.hadoop.fs.s3a.impl=org.apache.hadoop.fs.s3a.S3AFileSystem --packages org.apache.hadoop:hadoop-aws:3.3.4,com.amazonaws:aws-java-sdk-bundle:1.12.262,io.delta:delta-spark_2.12:3.1.0 --name bronze_sc_stats_etl --verbose --queue root.default --deploy-mode client /opt/***/dags/bronze_ingestion_sc_stats_etl.py --output_path s3a://mybucket/bronze/curry_raw_data/. Error code is: 1.
[2025-06-01T08:36:20.067+0000] {taskinstance.py:1225} INFO - Marking task as FAILED. dag_id=curry_medallion_etl, task_id=submit_bronze_etl_job, run_id=manual__2025-06-01T08:35:45.255852+00:00, execution_date=20250601T083545, start_date=20250601T083546, end_date=20250601T083620
[2025-06-01T08:36:20.074+0000] {taskinstance.py:340} INFO - ::group::Post task execution logs
[2025-06-01T08:36:20.074+0000] {standard_task_runner.py:124} ERROR - Failed to execute job 18 for task submit_bronze_etl_job (Cannot execute: spark-submit --master spark://spark-master:7077 --conf spark.executor.memory=2g --conf spark.sql.extensions=io.delta.sql.DeltaSparkSessionExtension --conf spark.sql.catalog.spark_catalog=org.apache.spark.sql.delta.catalog.DeltaCatalog --conf spark.hadoop.fs.s3a.endpoint=http://minio:9000 --conf spark.hadoop.fs.s3a.access.key=minioadmin --conf spark.hadoop.fs.s3a.secret.key=****** --conf spark.hadoop.fs.s3a.path.style.access=true --conf spark.hadoop.fs.s3a.impl=org.apache.hadoop.fs.s3a.S3AFileSystem --packages org.apache.hadoop:hadoop-aws:3.3.4,com.amazonaws:aws-java-sdk-bundle:1.12.262,io.delta:delta-spark_2.12:3.1.0 --name bronze_sc_stats_etl --verbose --queue root.default --deploy-mode client /opt/***/dags/bronze_ingestion_sc_stats_etl.py --output_path s3a://mybucket/bronze/curry_raw_data/. Error code is: 1.; 195)
Traceback (most recent call last):
  File "/home/airflow/.local/lib/python3.11/site-packages/airflow/task/task_runner/standard_task_runner.py", line 117, in _start_by_fork
    ret = args.func(args, dag=self.dag)
          ^^^^^^^^^^^^^^^^^^^^^^^^^^^^^
  File "/home/airflow/.local/lib/python3.11/site-packages/airflow/cli/cli_config.py", line 49, in command
    return func(*args, **kwargs)
           ^^^^^^^^^^^^^^^^^^^^^
  File "/home/airflow/.local/lib/python3.11/site-packages/airflow/utils/cli.py", line 116, in wrapper
    return f(*args, **kwargs)
           ^^^^^^^^^^^^^^^^^^
  File "/home/airflow/.local/lib/python3.11/site-packages/airflow/cli/commands/task_command.py", line 483, in task_run
    task_return_code = _run_task_by_selected_method(args, _dag, ti)
                       ^^^^^^^^^^^^^^^^^^^^^^^^^^^^^^^^^^^^^^^^^^^^
  File "/home/airflow/.local/lib/python3.11/site-packages/airflow/cli/commands/task_command.py", line 256, in _run_task_by_selected_method
    return _run_raw_task(args, ti)
           ^^^^^^^^^^^^^^^^^^^^^^^
  File "/home/airflow/.local/lib/python3.11/site-packages/airflow/cli/commands/task_command.py", line 341, in _run_raw_task
    return ti._run_raw_task(
           ^^^^^^^^^^^^^^^^^
  File "/home/airflow/.local/lib/python3.11/site-packages/airflow/utils/session.py", line 97, in wrapper
    return func(*args, session=session, **kwargs)
           ^^^^^^^^^^^^^^^^^^^^^^^^^^^^^^^^^^^^^^
  File "/home/airflow/.local/lib/python3.11/site-packages/airflow/models/taskinstance.py", line 3005, in _run_raw_task
    return _run_raw_task(
           ^^^^^^^^^^^^^^
  File "/home/airflow/.local/lib/python3.11/site-packages/airflow/models/taskinstance.py", line 273, in _run_raw_task
    TaskInstance._execute_task_with_callbacks(
  File "/home/airflow/.local/lib/python3.11/site-packages/airflow/models/taskinstance.py", line 3159, in _execute_task_with_callbacks
    result = self._execute_task(context, task_orig)
             ^^^^^^^^^^^^^^^^^^^^^^^^^^^^^^^^^^^^^^
  File "/home/airflow/.local/lib/python3.11/site-packages/airflow/models/taskinstance.py", line 3183, in _execute_task
    return _execute_task(self, context, task_orig)
           ^^^^^^^^^^^^^^^^^^^^^^^^^^^^^^^^^^^^^^^
  File "/home/airflow/.local/lib/python3.11/site-packages/airflow/models/taskinstance.py", line 767, in _execute_task
    result = _execute_callable(context=context, **execute_callable_kwargs)
             ^^^^^^^^^^^^^^^^^^^^^^^^^^^^^^^^^^^^^^^^^^^^^^^^^^^^^^^^^^^^^
  File "/home/airflow/.local/lib/python3.11/site-packages/airflow/models/taskinstance.py", line 733, in _execute_callable
    return ExecutionCallableRunner(
           ^^^^^^^^^^^^^^^^^^^^^^^^
  File "/home/airflow/.local/lib/python3.11/site-packages/airflow/utils/operator_helpers.py", line 252, in run
    return self.func(*args, **kwargs)
           ^^^^^^^^^^^^^^^^^^^^^^^^^^
  File "/home/airflow/.local/lib/python3.11/site-packages/airflow/models/baseoperator.py", line 417, in wrapper
    return func(self, *args, **kwargs)
           ^^^^^^^^^^^^^^^^^^^^^^^^^^^
  File "/home/airflow/.local/lib/python3.11/site-packages/airflow/providers/apache/spark/operators/spark_submit.py", line 197, in execute
    self._hook.submit(self.application)
  File "/home/airflow/.local/lib/python3.11/site-packages/airflow/providers/apache/spark/hooks/spark_submit.py", line 566, in submit
    raise AirflowException(
airflow.exceptions.AirflowException: Cannot execute: spark-submit --master spark://spark-master:7077 --conf spark.executor.memory=2g --conf spark.sql.extensions=io.delta.sql.DeltaSparkSessionExtension --conf spark.sql.catalog.spark_catalog=org.apache.spark.sql.delta.catalog.DeltaCatalog --conf spark.hadoop.fs.s3a.endpoint=http://minio:9000 --conf spark.hadoop.fs.s3a.access.key=minioadmin --conf spark.hadoop.fs.s3a.secret.key=****** --conf spark.hadoop.fs.s3a.path.style.access=true --conf spark.hadoop.fs.s3a.impl=org.apache.hadoop.fs.s3a.S3AFileSystem --packages org.apache.hadoop:hadoop-aws:3.3.4,com.amazonaws:aws-java-sdk-bundle:1.12.262,io.delta:delta-spark_2.12:3.1.0 --name bronze_sc_stats_etl --verbose --queue root.default --deploy-mode client /opt/***/dags/bronze_ingestion_sc_stats_etl.py --output_path s3a://mybucket/bronze/curry_raw_data/. Error code is: 1.
[2025-06-01T08:36:20.123+0000] {local_task_job_runner.py:266} INFO - Task exited with return code 1
[2025-06-01T08:36:20.136+0000] {taskinstance.py:3895} INFO - 0 downstream tasks scheduled from follow-on schedule check
[2025-06-01T08:36:20.138+0000] {local_task_job_runner.py:245} INFO - ::endgroup::
