[2025-06-04T11:30:57.051+0000] {local_task_job_runner.py:123} INFO - ::group::Pre task execution logs
[2025-06-04T11:30:57.065+0000] {taskinstance.py:2613} INFO - Dependencies all met for dep_context=non-requeueable deps ti=<TaskInstance: curry_medallion_etl.submit_bronze_etl_job manual__2025-06-04T11:12:38.214196+00:00 [queued]>
[2025-06-04T11:30:57.071+0000] {taskinstance.py:2613} INFO - Dependencies all met for dep_context=requeueable deps ti=<TaskInstance: curry_medallion_etl.submit_bronze_etl_job manual__2025-06-04T11:12:38.214196+00:00 [queued]>
[2025-06-04T11:30:57.071+0000] {taskinstance.py:2866} INFO - Starting attempt 2 of 1
[2025-06-04T11:30:57.080+0000] {taskinstance.py:2889} INFO - Executing <Task(SparkSubmitOperator): submit_bronze_etl_job> on 2025-06-04 11:12:38.214196+00:00
[2025-06-04T11:30:57.083+0000] {standard_task_runner.py:72} INFO - Started process 189 to run task
[2025-06-04T11:30:57.089+0000] {standard_task_runner.py:104} INFO - Running: ['***', 'tasks', 'run', 'curry_medallion_etl', 'submit_bronze_etl_job', 'manual__2025-06-04T11:12:38.214196+00:00', '--job-id', '8', '--raw', '--subdir', 'DAGS_FOLDER/medallion_sales_etl_dag.py', '--cfg-path', '/tmp/tmp0gkgpinf']
[2025-06-04T11:30:57.092+0000] {standard_task_runner.py:105} INFO - Job 8: Subtask submit_bronze_etl_job
[2025-06-04T11:30:57.135+0000] {task_command.py:467} INFO - Running <TaskInstance: curry_medallion_etl.submit_bronze_etl_job manual__2025-06-04T11:12:38.214196+00:00 [running]> on host 3054c2588e28
[2025-06-04T11:30:57.196+0000] {taskinstance.py:3132} INFO - Exporting env vars: AIRFLOW_CTX_DAG_OWNER='qdinh18' AIRFLOW_CTX_DAG_ID='curry_medallion_etl' AIRFLOW_CTX_TASK_ID='submit_bronze_etl_job' AIRFLOW_CTX_EXECUTION_DATE='2025-06-04T11:12:38.214196+00:00' AIRFLOW_CTX_TRY_NUMBER='2' AIRFLOW_CTX_DAG_RUN_ID='manual__2025-06-04T11:12:38.214196+00:00'
[2025-06-04T11:30:57.197+0000] {taskinstance.py:731} INFO - ::endgroup::
[2025-06-04T11:30:57.227+0000] {base.py:84} INFO - Retrieving connection 'spark_default'
[2025-06-04T11:30:57.229+0000] {spark_submit.py:474} INFO - Spark-Submit cmd: spark-submit --master spark://spark-master:7077 --conf spark.executor.memory=2g --conf spark.sql.extensions=io.delta.sql.DeltaSparkSessionExtension --conf spark.sql.catalog.spark_catalog=org.apache.spark.sql.delta.catalog.DeltaCatalog --conf spark.hadoop.fs.s3a.endpoint=http://minio:9000 --conf spark.hadoop.fs.s3a.access.key=minioadmin --conf spark.hadoop.fs.s3a.secret.key=****** --conf spark.hadoop.fs.s3a.path.style.access=true --conf spark.hadoop.fs.s3a.impl=org.apache.hadoop.fs.s3a.S3AFileSystem --packages org.apache.hadoop:hadoop-aws:3.3.4,com.amazonaws:aws-java-sdk-bundle:1.12.262,io.delta:delta-spark_2.12:3.1.0 --name bronze_sc_stats_etl --verbose --queue root.default --deploy-mode client /opt/***/dags/bronze_ingestion_sc_stats_etl.py --output_path s3a://mybucket/bronze/curry_raw_data/
[2025-06-04T11:30:58.287+0000] {spark_submit.py:644} INFO - Using properties file: null
[2025-06-04T11:30:58.364+0000] {spark_submit.py:644} INFO - Parsed arguments:
[2025-06-04T11:30:58.365+0000] {spark_submit.py:644} INFO - master                  spark://spark-master:7077
[2025-06-04T11:30:58.366+0000] {spark_submit.py:644} INFO - remote                  null
[2025-06-04T11:30:58.367+0000] {spark_submit.py:644} INFO - deployMode              client
[2025-06-04T11:30:58.367+0000] {spark_submit.py:644} INFO - executorMemory          2g
[2025-06-04T11:30:58.368+0000] {spark_submit.py:644} INFO - executorCores           null
[2025-06-04T11:30:58.368+0000] {spark_submit.py:644} INFO - totalExecutorCores      null
[2025-06-04T11:30:58.369+0000] {spark_submit.py:644} INFO - propertiesFile          null
[2025-06-04T11:30:58.370+0000] {spark_submit.py:644} INFO - driverMemory            null
[2025-06-04T11:30:58.371+0000] {spark_submit.py:644} INFO - driverCores             null
[2025-06-04T11:30:58.372+0000] {spark_submit.py:644} INFO - driverExtraClassPath    null
[2025-06-04T11:30:58.372+0000] {spark_submit.py:644} INFO - driverExtraLibraryPath  null
[2025-06-04T11:30:58.373+0000] {spark_submit.py:644} INFO - driverExtraJavaOptions  null
[2025-06-04T11:30:58.376+0000] {spark_submit.py:644} INFO - supervise               false
[2025-06-04T11:30:58.376+0000] {spark_submit.py:644} INFO - queue                   root.default
[2025-06-04T11:30:58.376+0000] {spark_submit.py:644} INFO - numExecutors            null
[2025-06-04T11:30:58.377+0000] {spark_submit.py:644} INFO - files                   null
[2025-06-04T11:30:58.377+0000] {spark_submit.py:644} INFO - pyFiles                 null
[2025-06-04T11:30:58.378+0000] {spark_submit.py:644} INFO - archives                null
[2025-06-04T11:30:58.378+0000] {spark_submit.py:644} INFO - mainClass               null
[2025-06-04T11:30:58.378+0000] {spark_submit.py:644} INFO - primaryResource         file:/opt/***/dags/bronze_ingestion_sc_stats_etl.py
[2025-06-04T11:30:58.379+0000] {spark_submit.py:644} INFO - name                    bronze_sc_stats_etl
[2025-06-04T11:30:58.379+0000] {spark_submit.py:644} INFO - childArgs               [--output_path s3a://mybucket/bronze/curry_raw_data/]
[2025-06-04T11:30:58.380+0000] {spark_submit.py:644} INFO - jars                    null
[2025-06-04T11:30:58.380+0000] {spark_submit.py:644} INFO - packages                org.apache.hadoop:hadoop-aws:3.3.4,com.amazonaws:aws-java-sdk-bundle:1.12.262,io.delta:delta-spark_2.12:3.1.0
[2025-06-04T11:30:58.380+0000] {spark_submit.py:644} INFO - packagesExclusions      null
[2025-06-04T11:30:58.381+0000] {spark_submit.py:644} INFO - repositories            null
[2025-06-04T11:30:58.381+0000] {spark_submit.py:644} INFO - verbose                 true
[2025-06-04T11:30:58.381+0000] {spark_submit.py:644} INFO - 
[2025-06-04T11:30:58.381+0000] {spark_submit.py:644} INFO - Spark properties used, including those specified through
[2025-06-04T11:30:58.382+0000] {spark_submit.py:644} INFO - --conf and those from the properties file null:
[2025-06-04T11:30:58.382+0000] {spark_submit.py:644} INFO - (spark.executor.memory,2g)
[2025-06-04T11:30:58.382+0000] {spark_submit.py:644} INFO - (spark.hadoop.fs.s3a.access.key,*********(redacted))
[2025-06-04T11:30:58.382+0000] {spark_submit.py:644} INFO - (spark.hadoop.fs.s3a.endpoint,http://minio:9000)
[2025-06-04T11:30:58.383+0000] {spark_submit.py:644} INFO - (spark.hadoop.fs.s3a.impl,org.apache.hadoop.fs.s3a.S3AFileSystem)
[2025-06-04T11:30:58.383+0000] {spark_submit.py:644} INFO - (spark.hadoop.fs.s3a.path.style.access,true)
[2025-06-04T11:30:58.383+0000] {spark_submit.py:644} INFO - (spark.hadoop.fs.s3a.secret.key,*********(redacted))
[2025-06-04T11:30:58.383+0000] {spark_submit.py:644} INFO - (spark.sql.catalog.spark_catalog,org.apache.spark.sql.delta.catalog.DeltaCatalog)
[2025-06-04T11:30:58.383+0000] {spark_submit.py:644} INFO - (spark.sql.extensions,io.delta.sql.DeltaSparkSessionExtension)
[2025-06-04T11:30:58.384+0000] {spark_submit.py:644} INFO - 
[2025-06-04T11:30:58.384+0000] {spark_submit.py:644} INFO - 
[2025-06-04T11:30:58.470+0000] {spark_submit.py:644} INFO - :: loading settings :: url = jar:file:/home/***/.local/lib/python3.11/site-packages/pyspark/jars/ivy-2.5.1.jar!/org/apache/ivy/core/settings/ivysettings.xml
[2025-06-04T11:30:58.533+0000] {spark_submit.py:644} INFO - Ivy Default Cache set to: /home/***/.ivy2/cache
[2025-06-04T11:30:58.534+0000] {spark_submit.py:644} INFO - The jars for the packages stored in: /home/***/.ivy2/jars
[2025-06-04T11:30:58.537+0000] {spark_submit.py:644} INFO - org.apache.hadoop#hadoop-aws added as a dependency
[2025-06-04T11:30:58.538+0000] {spark_submit.py:644} INFO - com.amazonaws#aws-java-sdk-bundle added as a dependency
[2025-06-04T11:30:58.538+0000] {spark_submit.py:644} INFO - io.delta#delta-spark_2.12 added as a dependency
[2025-06-04T11:30:58.539+0000] {spark_submit.py:644} INFO - :: resolving dependencies :: org.apache.spark#spark-submit-parent-0ed92869-f7cf-4dc6-915e-5e7b1a516571;1.0
[2025-06-04T11:30:58.539+0000] {spark_submit.py:644} INFO - confs: [default]
[2025-06-04T11:31:02.835+0000] {spark_submit.py:644} INFO - found com.amazonaws#aws-java-sdk-bundle;1.12.262 in central
[2025-06-04T11:31:03.214+0000] {spark_submit.py:644} INFO - found io.delta#delta-spark_2.12;3.1.0 in central
[2025-06-04T11:31:03.586+0000] {spark_submit.py:644} INFO - found io.delta#delta-storage;3.1.0 in central
[2025-06-04T11:31:05.715+0000] {spark_submit.py:644} INFO - found org.antlr#antlr4-runtime;4.9.3 in central
[2025-06-04T11:31:05.899+0000] {spark_submit.py:644} INFO - downloading https://repo1.maven.org/maven2/com/amazonaws/aws-java-sdk-bundle/1.12.262/aws-java-sdk-bundle-1.12.262.jar ...
[2025-06-04T11:31:25.357+0000] {spark_submit.py:644} INFO - :: resolution report :: resolve 7181ms :: artifacts dl 19638ms
[2025-06-04T11:31:25.360+0000] {spark_submit.py:644} INFO - :: modules in use:
[2025-06-04T11:31:25.361+0000] {spark_submit.py:644} INFO - com.amazonaws#aws-java-sdk-bundle;1.12.262 from central in [default]
[2025-06-04T11:31:25.362+0000] {spark_submit.py:644} INFO - io.delta#delta-spark_2.12;3.1.0 from central in [default]
[2025-06-04T11:31:25.362+0000] {spark_submit.py:644} INFO - io.delta#delta-storage;3.1.0 from central in [default]
[2025-06-04T11:31:25.363+0000] {spark_submit.py:644} INFO - org.antlr#antlr4-runtime;4.9.3 from central in [default]
[2025-06-04T11:31:25.363+0000] {spark_submit.py:644} INFO - ---------------------------------------------------------------------
[2025-06-04T11:31:25.364+0000] {spark_submit.py:644} INFO - |                  |            modules            ||   artifacts   |
[2025-06-04T11:31:25.364+0000] {spark_submit.py:644} INFO - |       conf       | number| search|dwnlded|evicted|| number|dwnlded|
[2025-06-04T11:31:25.364+0000] {spark_submit.py:644} INFO - ---------------------------------------------------------------------
[2025-06-04T11:31:25.365+0000] {spark_submit.py:644} INFO - |      default     |   5   |   4   |   4   |   0   ||   4   |   0   |
[2025-06-04T11:31:25.365+0000] {spark_submit.py:644} INFO - ---------------------------------------------------------------------
[2025-06-04T11:31:25.365+0000] {spark_submit.py:644} INFO - 
[2025-06-04T11:31:25.365+0000] {spark_submit.py:644} INFO - :: problems summary ::
[2025-06-04T11:31:25.366+0000] {spark_submit.py:644} INFO - :::: WARNINGS
[2025-06-04T11:31:25.366+0000] {spark_submit.py:644} INFO - problem while downloading module descriptor: https://repo1.maven.org/maven2/org/apache/hadoop/hadoop-aws/3.3.4/hadoop-aws-3.3.4.pom: Downloaded file size (0) doesn't match expected Content Length (25377) for https://repo1.maven.org/maven2/org/apache/hadoop/hadoop-aws/3.3.4/hadoop-aws-3.3.4.pom. Please retry. (233ms)
[2025-06-04T11:31:25.366+0000] {spark_submit.py:644} INFO - 
[2025-06-04T11:31:25.366+0000] {spark_submit.py:644} INFO - module not found: org.apache.hadoop#hadoop-aws;3.3.4
[2025-06-04T11:31:25.367+0000] {spark_submit.py:644} INFO - 
[2025-06-04T11:31:25.367+0000] {spark_submit.py:644} INFO - ==== local-m2-cache: tried
[2025-06-04T11:31:25.367+0000] {spark_submit.py:644} INFO - 
[2025-06-04T11:31:25.367+0000] {spark_submit.py:644} INFO - file:/home/***/.m2/repository/org/apache/hadoop/hadoop-aws/3.3.4/hadoop-aws-3.3.4.pom
[2025-06-04T11:31:25.367+0000] {spark_submit.py:644} INFO - 
[2025-06-04T11:31:25.368+0000] {spark_submit.py:644} INFO - -- artifact org.apache.hadoop#hadoop-aws;3.3.4!hadoop-aws.jar:
[2025-06-04T11:31:25.368+0000] {spark_submit.py:644} INFO - 
[2025-06-04T11:31:25.368+0000] {spark_submit.py:644} INFO - file:/home/***/.m2/repository/org/apache/hadoop/hadoop-aws/3.3.4/hadoop-aws-3.3.4.jar
[2025-06-04T11:31:25.368+0000] {spark_submit.py:644} INFO - 
[2025-06-04T11:31:25.368+0000] {spark_submit.py:644} INFO - ==== local-ivy-cache: tried
[2025-06-04T11:31:25.368+0000] {spark_submit.py:644} INFO - 
[2025-06-04T11:31:25.369+0000] {spark_submit.py:644} INFO - /home/***/.ivy2/local/org.apache.hadoop/hadoop-aws/3.3.4/ivys/ivy.xml
[2025-06-04T11:31:25.369+0000] {spark_submit.py:644} INFO - 
[2025-06-04T11:31:25.369+0000] {spark_submit.py:644} INFO - -- artifact org.apache.hadoop#hadoop-aws;3.3.4!hadoop-aws.jar:
[2025-06-04T11:31:25.369+0000] {spark_submit.py:644} INFO - 
[2025-06-04T11:31:25.370+0000] {spark_submit.py:644} INFO - /home/***/.ivy2/local/org.apache.hadoop/hadoop-aws/3.3.4/jars/hadoop-aws.jar
[2025-06-04T11:31:25.370+0000] {spark_submit.py:644} INFO - 
[2025-06-04T11:31:25.371+0000] {spark_submit.py:644} INFO - ==== central: tried
[2025-06-04T11:31:25.371+0000] {spark_submit.py:644} INFO - 
[2025-06-04T11:31:25.371+0000] {spark_submit.py:644} INFO - https://repo1.maven.org/maven2/org/apache/hadoop/hadoop-aws/3.3.4/hadoop-aws-3.3.4.pom
[2025-06-04T11:31:25.371+0000] {spark_submit.py:644} INFO - 
[2025-06-04T11:31:25.372+0000] {spark_submit.py:644} INFO - ==== spark-packages: tried
[2025-06-04T11:31:25.372+0000] {spark_submit.py:644} INFO - 
[2025-06-04T11:31:25.372+0000] {spark_submit.py:644} INFO - https://repos.spark-packages.org/org/apache/hadoop/hadoop-aws/3.3.4/hadoop-aws-3.3.4.pom
[2025-06-04T11:31:25.372+0000] {spark_submit.py:644} INFO - 
[2025-06-04T11:31:25.373+0000] {spark_submit.py:644} INFO - -- artifact org.apache.hadoop#hadoop-aws;3.3.4!hadoop-aws.jar:
[2025-06-04T11:31:25.373+0000] {spark_submit.py:644} INFO - 
[2025-06-04T11:31:25.373+0000] {spark_submit.py:644} INFO - https://repos.spark-packages.org/org/apache/hadoop/hadoop-aws/3.3.4/hadoop-aws-3.3.4.jar
[2025-06-04T11:31:25.374+0000] {spark_submit.py:644} INFO - 
[2025-06-04T11:31:25.374+0000] {spark_submit.py:644} INFO - [FAILED     ] com.amazonaws#aws-java-sdk-bundle;1.12.262!aws-java-sdk-bundle.jar: Downloaded file size (0) doesn't match expected Content Length (280645251) for https://repo1.maven.org/maven2/com/amazonaws/aws-java-sdk-bundle/1.12.262/aws-java-sdk-bundle-1.12.262.jar. Please retry. (19634ms)
[2025-06-04T11:31:25.374+0000] {spark_submit.py:644} INFO - 
[2025-06-04T11:31:25.374+0000] {spark_submit.py:644} INFO - [FAILED     ] com.amazonaws#aws-java-sdk-bundle;1.12.262!aws-java-sdk-bundle.jar: Downloaded file size (0) doesn't match expected Content Length (280645251) for https://repo1.maven.org/maven2/com/amazonaws/aws-java-sdk-bundle/1.12.262/aws-java-sdk-bundle-1.12.262.jar. Please retry. (19634ms)
[2025-06-04T11:31:25.374+0000] {spark_submit.py:644} INFO - 
[2025-06-04T11:31:25.374+0000] {spark_submit.py:644} INFO - ==== central: tried
[2025-06-04T11:31:25.375+0000] {spark_submit.py:644} INFO - 
[2025-06-04T11:31:25.375+0000] {spark_submit.py:644} INFO - https://repo1.maven.org/maven2/com/amazonaws/aws-java-sdk-bundle/1.12.262/aws-java-sdk-bundle-1.12.262.jar
[2025-06-04T11:31:25.375+0000] {spark_submit.py:644} INFO - 
[2025-06-04T11:31:25.375+0000] {spark_submit.py:644} INFO - ::::::::::::::::::::::::::::::::::::::::::::::
[2025-06-04T11:31:25.375+0000] {spark_submit.py:644} INFO - 
[2025-06-04T11:31:25.375+0000] {spark_submit.py:644} INFO - ::          UNRESOLVED DEPENDENCIES         ::
[2025-06-04T11:31:25.376+0000] {spark_submit.py:644} INFO - 
[2025-06-04T11:31:25.379+0000] {spark_submit.py:644} INFO - ::::::::::::::::::::::::::::::::::::::::::::::
[2025-06-04T11:31:25.379+0000] {spark_submit.py:644} INFO - 
[2025-06-04T11:31:25.380+0000] {spark_submit.py:644} INFO - :: org.apache.hadoop#hadoop-aws;3.3.4: not found
[2025-06-04T11:31:25.380+0000] {spark_submit.py:644} INFO - 
[2025-06-04T11:31:25.380+0000] {spark_submit.py:644} INFO - ::::::::::::::::::::::::::::::::::::::::::::::
[2025-06-04T11:31:25.380+0000] {spark_submit.py:644} INFO - 
[2025-06-04T11:31:25.380+0000] {spark_submit.py:644} INFO - 
[2025-06-04T11:31:25.381+0000] {spark_submit.py:644} INFO - ::::::::::::::::::::::::::::::::::::::::::::::
[2025-06-04T11:31:25.381+0000] {spark_submit.py:644} INFO - 
[2025-06-04T11:31:25.381+0000] {spark_submit.py:644} INFO - ::              FAILED DOWNLOADS            ::
[2025-06-04T11:31:25.381+0000] {spark_submit.py:644} INFO - 
[2025-06-04T11:31:25.381+0000] {spark_submit.py:644} INFO - :: ^ see resolution messages for details  ^ ::
[2025-06-04T11:31:25.381+0000] {spark_submit.py:644} INFO - 
[2025-06-04T11:31:25.382+0000] {spark_submit.py:644} INFO - ::::::::::::::::::::::::::::::::::::::::::::::
[2025-06-04T11:31:25.382+0000] {spark_submit.py:644} INFO - 
[2025-06-04T11:31:25.382+0000] {spark_submit.py:644} INFO - :: com.amazonaws#aws-java-sdk-bundle;1.12.262!aws-java-sdk-bundle.jar
[2025-06-04T11:31:25.382+0000] {spark_submit.py:644} INFO - 
[2025-06-04T11:31:25.383+0000] {spark_submit.py:644} INFO - ::::::::::::::::::::::::::::::::::::::::::::::
[2025-06-04T11:31:25.383+0000] {spark_submit.py:644} INFO - 
[2025-06-04T11:31:25.383+0000] {spark_submit.py:644} INFO - 
[2025-06-04T11:31:25.383+0000] {spark_submit.py:644} INFO - 
[2025-06-04T11:31:25.384+0000] {spark_submit.py:644} INFO - :: USE VERBOSE OR DEBUG MESSAGE LEVEL FOR MORE DETAILS
[2025-06-04T11:31:25.384+0000] {spark_submit.py:644} INFO - Exception in thread "main" java.lang.RuntimeException: [unresolved dependency: org.apache.hadoop#hadoop-aws;3.3.4: not found, download failed: com.amazonaws#aws-java-sdk-bundle;1.12.262!aws-java-sdk-bundle.jar]
[2025-06-04T11:31:25.384+0000] {spark_submit.py:644} INFO - at org.apache.spark.deploy.SparkSubmitUtils$.resolveMavenCoordinates(SparkSubmit.scala:1608)
[2025-06-04T11:31:25.384+0000] {spark_submit.py:644} INFO - at org.apache.spark.util.DependencyUtils$.resolveMavenDependencies(DependencyUtils.scala:185)
[2025-06-04T11:31:25.384+0000] {spark_submit.py:644} INFO - at org.apache.spark.deploy.SparkSubmit.prepareSubmitEnvironment(SparkSubmit.scala:334)
[2025-06-04T11:31:25.385+0000] {spark_submit.py:644} INFO - at org.apache.spark.deploy.SparkSubmit.org$apache$spark$deploy$SparkSubmit$$runMain(SparkSubmit.scala:964)
[2025-06-04T11:31:25.385+0000] {spark_submit.py:644} INFO - at org.apache.spark.deploy.SparkSubmit.doRunMain$1(SparkSubmit.scala:194)
[2025-06-04T11:31:25.385+0000] {spark_submit.py:644} INFO - at org.apache.spark.deploy.SparkSubmit.submit(SparkSubmit.scala:217)
[2025-06-04T11:31:25.385+0000] {spark_submit.py:644} INFO - at org.apache.spark.deploy.SparkSubmit.doSubmit(SparkSubmit.scala:91)
[2025-06-04T11:31:25.385+0000] {spark_submit.py:644} INFO - at org.apache.spark.deploy.SparkSubmit$$anon$2.doSubmit(SparkSubmit.scala:1120)
[2025-06-04T11:31:25.386+0000] {spark_submit.py:644} INFO - at org.apache.spark.deploy.SparkSubmit$.main(SparkSubmit.scala:1129)
[2025-06-04T11:31:25.386+0000] {spark_submit.py:644} INFO - at org.apache.spark.deploy.SparkSubmit.main(SparkSubmit.scala)
[2025-06-04T11:31:25.397+0000] {taskinstance.py:3311} ERROR - Task failed with exception
Traceback (most recent call last):
  File "/home/airflow/.local/lib/python3.11/site-packages/airflow/models/taskinstance.py", line 767, in _execute_task
    result = _execute_callable(context=context, **execute_callable_kwargs)
             ^^^^^^^^^^^^^^^^^^^^^^^^^^^^^^^^^^^^^^^^^^^^^^^^^^^^^^^^^^^^^
  File "/home/airflow/.local/lib/python3.11/site-packages/airflow/models/taskinstance.py", line 733, in _execute_callable
    return ExecutionCallableRunner(
           ^^^^^^^^^^^^^^^^^^^^^^^^
  File "/home/airflow/.local/lib/python3.11/site-packages/airflow/utils/operator_helpers.py", line 252, in run
    return self.func(*args, **kwargs)
           ^^^^^^^^^^^^^^^^^^^^^^^^^^
  File "/home/airflow/.local/lib/python3.11/site-packages/airflow/models/baseoperator.py", line 417, in wrapper
    return func(self, *args, **kwargs)
           ^^^^^^^^^^^^^^^^^^^^^^^^^^^
  File "/home/airflow/.local/lib/python3.11/site-packages/airflow/providers/apache/spark/operators/spark_submit.py", line 197, in execute
    self._hook.submit(self.application)
  File "/home/airflow/.local/lib/python3.11/site-packages/airflow/providers/apache/spark/hooks/spark_submit.py", line 566, in submit
    raise AirflowException(
airflow.exceptions.AirflowException: Cannot execute: spark-submit --master spark://spark-master:7077 --conf spark.executor.memory=2g --conf spark.sql.extensions=io.delta.sql.DeltaSparkSessionExtension --conf spark.sql.catalog.spark_catalog=org.apache.spark.sql.delta.catalog.DeltaCatalog --conf spark.hadoop.fs.s3a.endpoint=http://minio:9000 --conf spark.hadoop.fs.s3a.access.key=minioadmin --conf spark.hadoop.fs.s3a.secret.key=****** --conf spark.hadoop.fs.s3a.path.style.access=true --conf spark.hadoop.fs.s3a.impl=org.apache.hadoop.fs.s3a.S3AFileSystem --packages org.apache.hadoop:hadoop-aws:3.3.4,com.amazonaws:aws-java-sdk-bundle:1.12.262,io.delta:delta-spark_2.12:3.1.0 --name bronze_sc_stats_etl --verbose --queue root.default --deploy-mode client /opt/***/dags/bronze_ingestion_sc_stats_etl.py --output_path s3a://mybucket/bronze/curry_raw_data/. Error code is: 1.
[2025-06-04T11:31:25.401+0000] {taskinstance.py:1225} INFO - Marking task as FAILED. dag_id=curry_medallion_etl, task_id=submit_bronze_etl_job, run_id=manual__2025-06-04T11:12:38.214196+00:00, execution_date=20250604T111238, start_date=20250604T113057, end_date=20250604T113125
[2025-06-04T11:31:25.413+0000] {taskinstance.py:340} INFO - ::group::Post task execution logs
[2025-06-04T11:31:25.413+0000] {standard_task_runner.py:124} ERROR - Failed to execute job 8 for task submit_bronze_etl_job (Cannot execute: spark-submit --master spark://spark-master:7077 --conf spark.executor.memory=2g --conf spark.sql.extensions=io.delta.sql.DeltaSparkSessionExtension --conf spark.sql.catalog.spark_catalog=org.apache.spark.sql.delta.catalog.DeltaCatalog --conf spark.hadoop.fs.s3a.endpoint=http://minio:9000 --conf spark.hadoop.fs.s3a.access.key=minioadmin --conf spark.hadoop.fs.s3a.secret.key=****** --conf spark.hadoop.fs.s3a.path.style.access=true --conf spark.hadoop.fs.s3a.impl=org.apache.hadoop.fs.s3a.S3AFileSystem --packages org.apache.hadoop:hadoop-aws:3.3.4,com.amazonaws:aws-java-sdk-bundle:1.12.262,io.delta:delta-spark_2.12:3.1.0 --name bronze_sc_stats_etl --verbose --queue root.default --deploy-mode client /opt/***/dags/bronze_ingestion_sc_stats_etl.py --output_path s3a://mybucket/bronze/curry_raw_data/. Error code is: 1.; 189)
Traceback (most recent call last):
  File "/home/airflow/.local/lib/python3.11/site-packages/airflow/task/task_runner/standard_task_runner.py", line 117, in _start_by_fork
    ret = args.func(args, dag=self.dag)
          ^^^^^^^^^^^^^^^^^^^^^^^^^^^^^
  File "/home/airflow/.local/lib/python3.11/site-packages/airflow/cli/cli_config.py", line 49, in command
    return func(*args, **kwargs)
           ^^^^^^^^^^^^^^^^^^^^^
  File "/home/airflow/.local/lib/python3.11/site-packages/airflow/utils/cli.py", line 116, in wrapper
    return f(*args, **kwargs)
           ^^^^^^^^^^^^^^^^^^
  File "/home/airflow/.local/lib/python3.11/site-packages/airflow/cli/commands/task_command.py", line 483, in task_run
    task_return_code = _run_task_by_selected_method(args, _dag, ti)
                       ^^^^^^^^^^^^^^^^^^^^^^^^^^^^^^^^^^^^^^^^^^^^
  File "/home/airflow/.local/lib/python3.11/site-packages/airflow/cli/commands/task_command.py", line 256, in _run_task_by_selected_method
    return _run_raw_task(args, ti)
           ^^^^^^^^^^^^^^^^^^^^^^^
  File "/home/airflow/.local/lib/python3.11/site-packages/airflow/cli/commands/task_command.py", line 341, in _run_raw_task
    return ti._run_raw_task(
           ^^^^^^^^^^^^^^^^^
  File "/home/airflow/.local/lib/python3.11/site-packages/airflow/utils/session.py", line 97, in wrapper
    return func(*args, session=session, **kwargs)
           ^^^^^^^^^^^^^^^^^^^^^^^^^^^^^^^^^^^^^^
  File "/home/airflow/.local/lib/python3.11/site-packages/airflow/models/taskinstance.py", line 3005, in _run_raw_task
    return _run_raw_task(
           ^^^^^^^^^^^^^^
  File "/home/airflow/.local/lib/python3.11/site-packages/airflow/models/taskinstance.py", line 273, in _run_raw_task
    TaskInstance._execute_task_with_callbacks(
  File "/home/airflow/.local/lib/python3.11/site-packages/airflow/models/taskinstance.py", line 3159, in _execute_task_with_callbacks
    result = self._execute_task(context, task_orig)
             ^^^^^^^^^^^^^^^^^^^^^^^^^^^^^^^^^^^^^^
  File "/home/airflow/.local/lib/python3.11/site-packages/airflow/models/taskinstance.py", line 3183, in _execute_task
    return _execute_task(self, context, task_orig)
           ^^^^^^^^^^^^^^^^^^^^^^^^^^^^^^^^^^^^^^^
  File "/home/airflow/.local/lib/python3.11/site-packages/airflow/models/taskinstance.py", line 767, in _execute_task
    result = _execute_callable(context=context, **execute_callable_kwargs)
             ^^^^^^^^^^^^^^^^^^^^^^^^^^^^^^^^^^^^^^^^^^^^^^^^^^^^^^^^^^^^^
  File "/home/airflow/.local/lib/python3.11/site-packages/airflow/models/taskinstance.py", line 733, in _execute_callable
    return ExecutionCallableRunner(
           ^^^^^^^^^^^^^^^^^^^^^^^^
  File "/home/airflow/.local/lib/python3.11/site-packages/airflow/utils/operator_helpers.py", line 252, in run
    return self.func(*args, **kwargs)
           ^^^^^^^^^^^^^^^^^^^^^^^^^^
  File "/home/airflow/.local/lib/python3.11/site-packages/airflow/models/baseoperator.py", line 417, in wrapper
    return func(self, *args, **kwargs)
           ^^^^^^^^^^^^^^^^^^^^^^^^^^^
  File "/home/airflow/.local/lib/python3.11/site-packages/airflow/providers/apache/spark/operators/spark_submit.py", line 197, in execute
    self._hook.submit(self.application)
  File "/home/airflow/.local/lib/python3.11/site-packages/airflow/providers/apache/spark/hooks/spark_submit.py", line 566, in submit
    raise AirflowException(
airflow.exceptions.AirflowException: Cannot execute: spark-submit --master spark://spark-master:7077 --conf spark.executor.memory=2g --conf spark.sql.extensions=io.delta.sql.DeltaSparkSessionExtension --conf spark.sql.catalog.spark_catalog=org.apache.spark.sql.delta.catalog.DeltaCatalog --conf spark.hadoop.fs.s3a.endpoint=http://minio:9000 --conf spark.hadoop.fs.s3a.access.key=minioadmin --conf spark.hadoop.fs.s3a.secret.key=****** --conf spark.hadoop.fs.s3a.path.style.access=true --conf spark.hadoop.fs.s3a.impl=org.apache.hadoop.fs.s3a.S3AFileSystem --packages org.apache.hadoop:hadoop-aws:3.3.4,com.amazonaws:aws-java-sdk-bundle:1.12.262,io.delta:delta-spark_2.12:3.1.0 --name bronze_sc_stats_etl --verbose --queue root.default --deploy-mode client /opt/***/dags/bronze_ingestion_sc_stats_etl.py --output_path s3a://mybucket/bronze/curry_raw_data/. Error code is: 1.
[2025-06-04T11:31:25.453+0000] {local_task_job_runner.py:266} INFO - Task exited with return code 1
[2025-06-04T11:31:25.469+0000] {taskinstance.py:3895} INFO - 0 downstream tasks scheduled from follow-on schedule check
[2025-06-04T11:31:25.471+0000] {local_task_job_runner.py:245} INFO - ::endgroup::
