[2025-06-07T16:25:33.314+0000] {local_task_job_runner.py:123} INFO - ::group::Pre task execution logs
[2025-06-07T16:25:33.323+0000] {taskinstance.py:2613} INFO - Dependencies all met for dep_context=non-requeueable deps ti=<TaskInstance: stephen_curry_stats_medallion_etl.silver_to_gold manual__2025-06-07T16:24:20.918775+00:00 [queued]>
[2025-06-07T16:25:33.327+0000] {taskinstance.py:2613} INFO - Dependencies all met for dep_context=requeueable deps ti=<TaskInstance: stephen_curry_stats_medallion_etl.silver_to_gold manual__2025-06-07T16:24:20.918775+00:00 [queued]>
[2025-06-07T16:25:33.327+0000] {taskinstance.py:2866} INFO - Starting attempt 1 of 1
[2025-06-07T16:25:33.332+0000] {taskinstance.py:2889} INFO - Executing <Task(SparkSubmitOperator): silver_to_gold> on 2025-06-07 16:24:20.918775+00:00
[2025-06-07T16:25:33.334+0000] {standard_task_runner.py:72} INFO - Started process 793 to run task
[2025-06-07T16:25:33.336+0000] {standard_task_runner.py:104} INFO - Running: ['***', 'tasks', 'run', 'stephen_curry_stats_medallion_etl', 'silver_to_gold', 'manual__2025-06-07T16:24:20.918775+00:00', '--job-id', '9', '--raw', '--subdir', 'DAGS_FOLDER/medallion_sales_etl_dag.py', '--cfg-path', '/tmp/tmpyfdawxsk']
[2025-06-07T16:25:33.338+0000] {standard_task_runner.py:105} INFO - Job 9: Subtask silver_to_gold
[2025-06-07T16:25:33.366+0000] {task_command.py:467} INFO - Running <TaskInstance: stephen_curry_stats_medallion_etl.silver_to_gold manual__2025-06-07T16:24:20.918775+00:00 [running]> on host ae00baecdfb8
[2025-06-07T16:25:33.408+0000] {taskinstance.py:3132} INFO - Exporting env vars: AIRFLOW_CTX_DAG_OWNER='***' AIRFLOW_CTX_DAG_ID='stephen_curry_stats_medallion_etl' AIRFLOW_CTX_TASK_ID='silver_to_gold' AIRFLOW_CTX_EXECUTION_DATE='2025-06-07T16:24:20.918775+00:00' AIRFLOW_CTX_TRY_NUMBER='1' AIRFLOW_CTX_DAG_RUN_ID='manual__2025-06-07T16:24:20.918775+00:00'
[2025-06-07T16:25:33.408+0000] {taskinstance.py:731} INFO - ::endgroup::
[2025-06-07T16:25:33.423+0000] {base.py:84} INFO - Retrieving connection 'spark_default'
[2025-06-07T16:25:33.425+0000] {spark_submit.py:474} INFO - Spark-Submit cmd: spark-submit --master spark://spark-master:7077 --conf spark.executor.memory=2g --conf spark.sql.extensions=io.delta.sql.DeltaSparkSessionExtension --conf spark.sql.catalog.spark_catalog=org.apache.spark.sql.delta.catalog.DeltaCatalog --conf spark.hadoop.fs.s3a.endpoint=http://minio:9000 --conf spark.hadoop.fs.s3a.access.key=minioadmin --conf spark.hadoop.fs.s3a.secret.key=****** --conf spark.hadoop.fs.s3a.path.style.access=true --conf spark.hadoop.fs.s3a.impl=org.apache.hadoop.fs.s3a.S3AFileSystem --conf spark.hadoop.fs.s3a.aws.credentials.provider=org.apache.hadoop.fs.s3a.SimpleAWSCredentialsProvider --packages org.apache.hadoop:hadoop-aws:3.3.4,com.amazonaws:aws-java-sdk-bundle:1.12.262,io.delta:delta-spark_2.12:3.1.0 --name arrow-spark --queue root.default --deploy-mode client dags/silver_to_gold_sc_summary_etl.py --input_path s3a://mybucket/sc_stats_db/silver/transformed_data --output_path s3a://mybucket/sc_stats_db/gold/summary_data
[2025-06-07T16:25:34.111+0000] {spark_submit.py:644} INFO - :: loading settings :: url = jar:file:/home/***/.local/lib/python3.11/site-packages/pyspark/jars/ivy-2.5.1.jar!/org/apache/ivy/core/settings/ivysettings.xml
[2025-06-07T16:25:34.145+0000] {spark_submit.py:644} INFO - Ivy Default Cache set to: /home/***/.ivy2/cache
[2025-06-07T16:25:34.145+0000] {spark_submit.py:644} INFO - The jars for the packages stored in: /home/***/.ivy2/jars
[2025-06-07T16:25:34.147+0000] {spark_submit.py:644} INFO - org.apache.hadoop#hadoop-aws added as a dependency
[2025-06-07T16:25:34.147+0000] {spark_submit.py:644} INFO - com.amazonaws#aws-java-sdk-bundle added as a dependency
[2025-06-07T16:25:34.147+0000] {spark_submit.py:644} INFO - io.delta#delta-spark_2.12 added as a dependency
[2025-06-07T16:25:34.147+0000] {spark_submit.py:644} INFO - :: resolving dependencies :: org.apache.spark#spark-submit-parent-6cdaf8e4-20d8-438e-b961-d7aa95d6fb4a;1.0
[2025-06-07T16:25:34.148+0000] {spark_submit.py:644} INFO - confs: [default]
[2025-06-07T16:25:34.225+0000] {spark_submit.py:644} INFO - found org.apache.hadoop#hadoop-aws;3.3.4 in central
[2025-06-07T16:25:34.238+0000] {spark_submit.py:644} INFO - found com.amazonaws#aws-java-sdk-bundle;1.12.262 in central
[2025-06-07T16:25:34.250+0000] {spark_submit.py:644} INFO - found org.wildfly.openssl#wildfly-openssl;1.0.7.Final in central
[2025-06-07T16:25:34.258+0000] {spark_submit.py:644} INFO - found io.delta#delta-spark_2.12;3.1.0 in central
[2025-06-07T16:25:34.267+0000] {spark_submit.py:644} INFO - found io.delta#delta-storage;3.1.0 in central
[2025-06-07T16:25:34.273+0000] {spark_submit.py:644} INFO - found org.antlr#antlr4-runtime;4.9.3 in central
[2025-06-07T16:25:34.287+0000] {spark_submit.py:644} INFO - :: resolution report :: resolve 134ms :: artifacts dl 6ms
[2025-06-07T16:25:34.287+0000] {spark_submit.py:644} INFO - :: modules in use:
[2025-06-07T16:25:34.287+0000] {spark_submit.py:644} INFO - com.amazonaws#aws-java-sdk-bundle;1.12.262 from central in [default]
[2025-06-07T16:25:34.288+0000] {spark_submit.py:644} INFO - io.delta#delta-spark_2.12;3.1.0 from central in [default]
[2025-06-07T16:25:34.288+0000] {spark_submit.py:644} INFO - io.delta#delta-storage;3.1.0 from central in [default]
[2025-06-07T16:25:34.288+0000] {spark_submit.py:644} INFO - org.antlr#antlr4-runtime;4.9.3 from central in [default]
[2025-06-07T16:25:34.288+0000] {spark_submit.py:644} INFO - org.apache.hadoop#hadoop-aws;3.3.4 from central in [default]
[2025-06-07T16:25:34.288+0000] {spark_submit.py:644} INFO - org.wildfly.openssl#wildfly-openssl;1.0.7.Final from central in [default]
[2025-06-07T16:25:34.288+0000] {spark_submit.py:644} INFO - ---------------------------------------------------------------------
[2025-06-07T16:25:34.288+0000] {spark_submit.py:644} INFO - |                  |            modules            ||   artifacts   |
[2025-06-07T16:25:34.288+0000] {spark_submit.py:644} INFO - |       conf       | number| search|dwnlded|evicted|| number|dwnlded|
[2025-06-07T16:25:34.288+0000] {spark_submit.py:644} INFO - ---------------------------------------------------------------------
[2025-06-07T16:25:34.289+0000] {spark_submit.py:644} INFO - |      default     |   6   |   0   |   0   |   0   ||   6   |   0   |
[2025-06-07T16:25:34.289+0000] {spark_submit.py:644} INFO - ---------------------------------------------------------------------
[2025-06-07T16:25:34.290+0000] {spark_submit.py:644} INFO - :: retrieving :: org.apache.spark#spark-submit-parent-6cdaf8e4-20d8-438e-b961-d7aa95d6fb4a
[2025-06-07T16:25:34.290+0000] {spark_submit.py:644} INFO - confs: [default]
[2025-06-07T16:25:34.293+0000] {spark_submit.py:644} INFO - 0 artifacts copied, 6 already retrieved (0kB/4ms)
[2025-06-07T16:25:34.381+0000] {spark_submit.py:644} INFO - 25/06/07 16:25:34 WARN NativeCodeLoader: Unable to load native-hadoop library for your platform... using builtin-java classes where applicable
[2025-06-07T16:25:35.059+0000] {spark_submit.py:644} INFO - 25/06/07 16:25:35 INFO SparkContext: Running Spark version 3.5.2
[2025-06-07T16:25:35.060+0000] {spark_submit.py:644} INFO - 25/06/07 16:25:35 INFO SparkContext: OS info Linux, 6.10.14-linuxkit, aarch64
[2025-06-07T16:25:35.060+0000] {spark_submit.py:644} INFO - 25/06/07 16:25:35 INFO SparkContext: Java version 17.0.15
[2025-06-07T16:25:35.070+0000] {spark_submit.py:644} INFO - 25/06/07 16:25:35 INFO ResourceUtils: ==============================================================
[2025-06-07T16:25:35.070+0000] {spark_submit.py:644} INFO - 25/06/07 16:25:35 INFO ResourceUtils: No custom resources configured for spark.driver.
[2025-06-07T16:25:35.070+0000] {spark_submit.py:644} INFO - 25/06/07 16:25:35 INFO ResourceUtils: ==============================================================
[2025-06-07T16:25:35.070+0000] {spark_submit.py:644} INFO - 25/06/07 16:25:35 INFO SparkContext: Submitted application: SilverToGoldStephenCurryStats
[2025-06-07T16:25:35.081+0000] {spark_submit.py:644} INFO - 25/06/07 16:25:35 INFO ResourceProfile: Default ResourceProfile created, executor resources: Map(memory -> name: memory, amount: 2048, script: , vendor: , offHeap -> name: offHeap, amount: 0, script: , vendor: ), task resources: Map(cpus -> name: cpus, amount: 1.0)
[2025-06-07T16:25:35.086+0000] {spark_submit.py:644} INFO - 25/06/07 16:25:35 INFO ResourceProfile: Limiting resource is cpu
[2025-06-07T16:25:35.086+0000] {spark_submit.py:644} INFO - 25/06/07 16:25:35 INFO ResourceProfileManager: Added ResourceProfile id: 0
[2025-06-07T16:25:35.112+0000] {spark_submit.py:644} INFO - 25/06/07 16:25:35 INFO SecurityManager: Changing view acls to: ***
[2025-06-07T16:25:35.113+0000] {spark_submit.py:644} INFO - 25/06/07 16:25:35 INFO SecurityManager: Changing modify acls to: ***
[2025-06-07T16:25:35.113+0000] {spark_submit.py:644} INFO - 25/06/07 16:25:35 INFO SecurityManager: Changing view acls groups to:
[2025-06-07T16:25:35.113+0000] {spark_submit.py:644} INFO - 25/06/07 16:25:35 INFO SecurityManager: Changing modify acls groups to:
[2025-06-07T16:25:35.113+0000] {spark_submit.py:644} INFO - 25/06/07 16:25:35 INFO SecurityManager: SecurityManager: authentication disabled; ui acls disabled; users with view permissions: ***; groups with view permissions: EMPTY; users with modify permissions: ***; groups with modify permissions: EMPTY
[2025-06-07T16:25:35.222+0000] {spark_submit.py:644} INFO - 25/06/07 16:25:35 INFO Utils: Successfully started service 'sparkDriver' on port 44113.
[2025-06-07T16:25:35.235+0000] {spark_submit.py:644} INFO - 25/06/07 16:25:35 INFO SparkEnv: Registering MapOutputTracker
[2025-06-07T16:25:35.258+0000] {spark_submit.py:644} INFO - 25/06/07 16:25:35 INFO SparkEnv: Registering BlockManagerMaster
[2025-06-07T16:25:35.267+0000] {spark_submit.py:644} INFO - 25/06/07 16:25:35 INFO BlockManagerMasterEndpoint: Using org.apache.spark.storage.DefaultTopologyMapper for getting topology information
[2025-06-07T16:25:35.267+0000] {spark_submit.py:644} INFO - 25/06/07 16:25:35 INFO BlockManagerMasterEndpoint: BlockManagerMasterEndpoint up
[2025-06-07T16:25:35.269+0000] {spark_submit.py:644} INFO - 25/06/07 16:25:35 INFO SparkEnv: Registering BlockManagerMasterHeartbeat
[2025-06-07T16:25:35.281+0000] {spark_submit.py:644} INFO - 25/06/07 16:25:35 INFO DiskBlockManager: Created local directory at /tmp/blockmgr-87185f08-c419-4fec-b446-377743023c5b
[2025-06-07T16:25:35.287+0000] {spark_submit.py:644} INFO - 25/06/07 16:25:35 INFO MemoryStore: MemoryStore started with capacity 434.4 MiB
[2025-06-07T16:25:35.294+0000] {spark_submit.py:644} INFO - 25/06/07 16:25:35 INFO SparkEnv: Registering OutputCommitCoordinator
[2025-06-07T16:25:35.351+0000] {spark_submit.py:644} INFO - 25/06/07 16:25:35 INFO JettyUtils: Start Jetty 0.0.0.0:4040 for SparkUI
[2025-06-07T16:25:35.381+0000] {spark_submit.py:644} INFO - 25/06/07 16:25:35 INFO Utils: Successfully started service 'SparkUI' on port 4040.
[2025-06-07T16:25:35.401+0000] {spark_submit.py:644} INFO - 25/06/07 16:25:35 INFO SparkContext: Added JAR file:///home/***/.ivy2/jars/org.apache.hadoop_hadoop-aws-3.3.4.jar at spark://ae00baecdfb8:44113/jars/org.apache.hadoop_hadoop-aws-3.3.4.jar with timestamp 1749313535051
[2025-06-07T16:25:35.401+0000] {spark_submit.py:644} INFO - 25/06/07 16:25:35 INFO SparkContext: Added JAR file:///home/***/.ivy2/jars/com.amazonaws_aws-java-sdk-bundle-1.12.262.jar at spark://ae00baecdfb8:44113/jars/com.amazonaws_aws-java-sdk-bundle-1.12.262.jar with timestamp 1749313535051
[2025-06-07T16:25:35.401+0000] {spark_submit.py:644} INFO - 25/06/07 16:25:35 INFO SparkContext: Added JAR file:///home/***/.ivy2/jars/io.delta_delta-spark_2.12-3.1.0.jar at spark://ae00baecdfb8:44113/jars/io.delta_delta-spark_2.12-3.1.0.jar with timestamp 1749313535051
[2025-06-07T16:25:35.401+0000] {spark_submit.py:644} INFO - 25/06/07 16:25:35 INFO SparkContext: Added JAR file:///home/***/.ivy2/jars/org.wildfly.openssl_wildfly-openssl-1.0.7.Final.jar at spark://ae00baecdfb8:44113/jars/org.wildfly.openssl_wildfly-openssl-1.0.7.Final.jar with timestamp 1749313535051
[2025-06-07T16:25:35.402+0000] {spark_submit.py:644} INFO - 25/06/07 16:25:35 INFO SparkContext: Added JAR file:///home/***/.ivy2/jars/io.delta_delta-storage-3.1.0.jar at spark://ae00baecdfb8:44113/jars/io.delta_delta-storage-3.1.0.jar with timestamp 1749313535051
[2025-06-07T16:25:35.402+0000] {spark_submit.py:644} INFO - 25/06/07 16:25:35 INFO SparkContext: Added JAR file:///home/***/.ivy2/jars/org.antlr_antlr4-runtime-4.9.3.jar at spark://ae00baecdfb8:44113/jars/org.antlr_antlr4-runtime-4.9.3.jar with timestamp 1749313535051
[2025-06-07T16:25:35.403+0000] {spark_submit.py:644} INFO - 25/06/07 16:25:35 INFO SparkContext: Added file file:///home/***/.ivy2/jars/org.apache.hadoop_hadoop-aws-3.3.4.jar at spark://ae00baecdfb8:44113/files/org.apache.hadoop_hadoop-aws-3.3.4.jar with timestamp 1749313535051
[2025-06-07T16:25:35.404+0000] {spark_submit.py:644} INFO - 25/06/07 16:25:35 INFO Utils: Copying /home/***/.ivy2/jars/org.apache.hadoop_hadoop-aws-3.3.4.jar to /tmp/spark-adf82ca0-3edd-4d41-8168-082ca95a619c/userFiles-a7f2e5f8-ccd7-4c3f-82f8-7f31d5d324e8/org.apache.hadoop_hadoop-aws-3.3.4.jar
[2025-06-07T16:25:35.409+0000] {spark_submit.py:644} INFO - 25/06/07 16:25:35 INFO SparkContext: Added file file:///home/***/.ivy2/jars/com.amazonaws_aws-java-sdk-bundle-1.12.262.jar at spark://ae00baecdfb8:44113/files/com.amazonaws_aws-java-sdk-bundle-1.12.262.jar with timestamp 1749313535051
[2025-06-07T16:25:35.409+0000] {spark_submit.py:644} INFO - 25/06/07 16:25:35 INFO Utils: Copying /home/***/.ivy2/jars/com.amazonaws_aws-java-sdk-bundle-1.12.262.jar to /tmp/spark-adf82ca0-3edd-4d41-8168-082ca95a619c/userFiles-a7f2e5f8-ccd7-4c3f-82f8-7f31d5d324e8/com.amazonaws_aws-java-sdk-bundle-1.12.262.jar
[2025-06-07T16:25:35.454+0000] {spark_submit.py:644} INFO - 25/06/07 16:25:35 INFO SparkContext: Added file file:///home/***/.ivy2/jars/io.delta_delta-spark_2.12-3.1.0.jar at spark://ae00baecdfb8:44113/files/io.delta_delta-spark_2.12-3.1.0.jar with timestamp 1749313535051
[2025-06-07T16:25:35.455+0000] {spark_submit.py:644} INFO - 25/06/07 16:25:35 INFO Utils: Copying /home/***/.ivy2/jars/io.delta_delta-spark_2.12-3.1.0.jar to /tmp/spark-adf82ca0-3edd-4d41-8168-082ca95a619c/userFiles-a7f2e5f8-ccd7-4c3f-82f8-7f31d5d324e8/io.delta_delta-spark_2.12-3.1.0.jar
[2025-06-07T16:25:35.457+0000] {spark_submit.py:644} INFO - 25/06/07 16:25:35 INFO SparkContext: Added file file:///home/***/.ivy2/jars/org.wildfly.openssl_wildfly-openssl-1.0.7.Final.jar at spark://ae00baecdfb8:44113/files/org.wildfly.openssl_wildfly-openssl-1.0.7.Final.jar with timestamp 1749313535051
[2025-06-07T16:25:35.457+0000] {spark_submit.py:644} INFO - 25/06/07 16:25:35 INFO Utils: Copying /home/***/.ivy2/jars/org.wildfly.openssl_wildfly-openssl-1.0.7.Final.jar to /tmp/spark-adf82ca0-3edd-4d41-8168-082ca95a619c/userFiles-a7f2e5f8-ccd7-4c3f-82f8-7f31d5d324e8/org.wildfly.openssl_wildfly-openssl-1.0.7.Final.jar
[2025-06-07T16:25:35.459+0000] {spark_submit.py:644} INFO - 25/06/07 16:25:35 INFO SparkContext: Added file file:///home/***/.ivy2/jars/io.delta_delta-storage-3.1.0.jar at spark://ae00baecdfb8:44113/files/io.delta_delta-storage-3.1.0.jar with timestamp 1749313535051
[2025-06-07T16:25:35.459+0000] {spark_submit.py:644} INFO - 25/06/07 16:25:35 INFO Utils: Copying /home/***/.ivy2/jars/io.delta_delta-storage-3.1.0.jar to /tmp/spark-adf82ca0-3edd-4d41-8168-082ca95a619c/userFiles-a7f2e5f8-ccd7-4c3f-82f8-7f31d5d324e8/io.delta_delta-storage-3.1.0.jar
[2025-06-07T16:25:35.461+0000] {spark_submit.py:644} INFO - 25/06/07 16:25:35 INFO SparkContext: Added file file:///home/***/.ivy2/jars/org.antlr_antlr4-runtime-4.9.3.jar at spark://ae00baecdfb8:44113/files/org.antlr_antlr4-runtime-4.9.3.jar with timestamp 1749313535051
[2025-06-07T16:25:35.461+0000] {spark_submit.py:644} INFO - 25/06/07 16:25:35 INFO Utils: Copying /home/***/.ivy2/jars/org.antlr_antlr4-runtime-4.9.3.jar to /tmp/spark-adf82ca0-3edd-4d41-8168-082ca95a619c/userFiles-a7f2e5f8-ccd7-4c3f-82f8-7f31d5d324e8/org.antlr_antlr4-runtime-4.9.3.jar
[2025-06-07T16:25:35.501+0000] {spark_submit.py:644} INFO - 25/06/07 16:25:35 INFO StandaloneAppClient$ClientEndpoint: Connecting to master spark://spark-master:7077...
[2025-06-07T16:25:35.522+0000] {spark_submit.py:644} INFO - 25/06/07 16:25:35 INFO TransportClientFactory: Successfully created connection to spark-master/172.19.0.4:7077 after 12 ms (0 ms spent in bootstraps)
[2025-06-07T16:25:35.562+0000] {spark_submit.py:644} INFO - 25/06/07 16:25:35 INFO StandaloneSchedulerBackend: Connected to Spark cluster with app ID app-20250607162535-0002
[2025-06-07T16:25:35.563+0000] {spark_submit.py:644} INFO - 25/06/07 16:25:35 INFO StandaloneAppClient$ClientEndpoint: Executor added: app-20250607162535-0002/0 on worker-20250607162203-172.19.0.7-36315 (172.19.0.7:36315) with 4 core(s)
[2025-06-07T16:25:35.564+0000] {spark_submit.py:644} INFO - 25/06/07 16:25:35 INFO StandaloneSchedulerBackend: Granted executor ID app-20250607162535-0002/0 on hostPort 172.19.0.7:36315 with 4 core(s), 2.0 GiB RAM
[2025-06-07T16:25:35.567+0000] {spark_submit.py:644} INFO - 25/06/07 16:25:35 INFO Utils: Successfully started service 'org.apache.spark.network.netty.NettyBlockTransferService' on port 36349.
[2025-06-07T16:25:35.567+0000] {spark_submit.py:644} INFO - 25/06/07 16:25:35 INFO NettyBlockTransferService: Server created on ae00baecdfb8:36349
[2025-06-07T16:25:35.569+0000] {spark_submit.py:644} INFO - 25/06/07 16:25:35 INFO BlockManager: Using org.apache.spark.storage.RandomBlockReplicationPolicy for block replication policy
[2025-06-07T16:25:35.571+0000] {spark_submit.py:644} INFO - 25/06/07 16:25:35 INFO BlockManagerMaster: Registering BlockManager BlockManagerId(driver, ae00baecdfb8, 36349, None)
[2025-06-07T16:25:35.574+0000] {spark_submit.py:644} INFO - 25/06/07 16:25:35 INFO BlockManagerMasterEndpoint: Registering block manager ae00baecdfb8:36349 with 434.4 MiB RAM, BlockManagerId(driver, ae00baecdfb8, 36349, None)
[2025-06-07T16:25:35.575+0000] {spark_submit.py:644} INFO - 25/06/07 16:25:35 INFO BlockManagerMaster: Registered BlockManager BlockManagerId(driver, ae00baecdfb8, 36349, None)
[2025-06-07T16:25:35.577+0000] {spark_submit.py:644} INFO - 25/06/07 16:25:35 INFO BlockManager: Initialized BlockManager: BlockManagerId(driver, ae00baecdfb8, 36349, None)
[2025-06-07T16:25:35.582+0000] {spark_submit.py:644} INFO - 25/06/07 16:25:35 INFO StandaloneAppClient$ClientEndpoint: Executor updated: app-20250607162535-0002/0 is now RUNNING
[2025-06-07T16:25:35.695+0000] {spark_submit.py:644} INFO - 25/06/07 16:25:35 INFO StandaloneSchedulerBackend: SchedulerBackend is ready for scheduling beginning after reached minRegisteredResourcesRatio: 0.0
[2025-06-07T16:25:35.820+0000] {spark_submit.py:644} INFO - Silver to Gold: Spark session created.
[2025-06-07T16:25:35.823+0000] {spark_submit.py:644} INFO - 25/06/07 16:25:35 INFO SharedState: Setting hive.metastore.warehouse.dir ('null') to the value of spark.sql.warehouse.dir.
[2025-06-07T16:25:35.825+0000] {spark_submit.py:644} INFO - 25/06/07 16:25:35 INFO SharedState: Warehouse path is 'file:/tmp/spark-warehouse'.
[2025-06-07T16:25:36.248+0000] {spark_submit.py:644} INFO - 25/06/07 16:25:36 WARN MetricsConfig: Cannot locate configuration: tried hadoop-metrics2-s3a-file-system.properties,hadoop-metrics2.properties
[2025-06-07T16:25:36.255+0000] {spark_submit.py:644} INFO - 25/06/07 16:25:36 INFO MetricsSystemImpl: Scheduled Metric snapshot period at 10 second(s).
[2025-06-07T16:25:36.255+0000] {spark_submit.py:644} INFO - 25/06/07 16:25:36 INFO MetricsSystemImpl: s3a-file-system metrics system started
[2025-06-07T16:25:36.720+0000] {spark_submit.py:644} INFO - 25/06/07 16:25:36 INFO StandaloneSchedulerBackend$StandaloneDriverEndpoint: Registered executor NettyRpcEndpointRef(spark-client://Executor) (172.19.0.7:58746) with ID 0,  ResourceProfileId 0
[2025-06-07T16:25:36.757+0000] {spark_submit.py:644} INFO - 25/06/07 16:25:36 INFO BlockManagerMasterEndpoint: Registering block manager 172.19.0.7:37785 with 1048.8 MiB RAM, BlockManagerId(0, 172.19.0.7, 37785, None)
[2025-06-07T16:25:36.767+0000] {spark_submit.py:644} INFO - 25/06/07 16:25:36 INFO InMemoryFileIndex: It took 33 ms to list leaf files for 1 paths.
[2025-06-07T16:25:37.015+0000] {spark_submit.py:644} INFO - 25/06/07 16:25:37 INFO SparkContext: Starting job: load at NativeMethodAccessorImpl.java:0
[2025-06-07T16:25:37.025+0000] {spark_submit.py:644} INFO - 25/06/07 16:25:37 INFO DAGScheduler: Got job 0 (load at NativeMethodAccessorImpl.java:0) with 1 output partitions
[2025-06-07T16:25:37.026+0000] {spark_submit.py:644} INFO - 25/06/07 16:25:37 INFO DAGScheduler: Final stage: ResultStage 0 (load at NativeMethodAccessorImpl.java:0)
[2025-06-07T16:25:37.027+0000] {spark_submit.py:644} INFO - 25/06/07 16:25:37 INFO DAGScheduler: Parents of final stage: List()
[2025-06-07T16:25:37.029+0000] {spark_submit.py:644} INFO - 25/06/07 16:25:37 INFO DAGScheduler: Missing parents: List()
[2025-06-07T16:25:37.030+0000] {spark_submit.py:644} INFO - 25/06/07 16:25:37 INFO DAGScheduler: Submitting ResultStage 0 (MapPartitionsRDD[1] at load at NativeMethodAccessorImpl.java:0), which has no missing parents
[2025-06-07T16:25:37.060+0000] {spark_submit.py:644} INFO - 25/06/07 16:25:37 INFO MemoryStore: Block broadcast_0 stored as values in memory (estimated size 107.1 KiB, free 434.3 MiB)
[2025-06-07T16:25:37.084+0000] {spark_submit.py:644} INFO - 25/06/07 16:25:37 INFO MemoryStore: Block broadcast_0_piece0 stored as bytes in memory (estimated size 38.8 KiB, free 434.3 MiB)
[2025-06-07T16:25:37.091+0000] {spark_submit.py:644} INFO - 25/06/07 16:25:37 INFO BlockManagerInfo: Added broadcast_0_piece0 in memory on ae00baecdfb8:36349 (size: 38.8 KiB, free: 434.4 MiB)
[2025-06-07T16:25:37.094+0000] {spark_submit.py:644} INFO - 25/06/07 16:25:37 INFO SparkContext: Created broadcast 0 from broadcast at DAGScheduler.scala:1585
[2025-06-07T16:25:37.120+0000] {spark_submit.py:644} INFO - 25/06/07 16:25:37 INFO DAGScheduler: Submitting 1 missing tasks from ResultStage 0 (MapPartitionsRDD[1] at load at NativeMethodAccessorImpl.java:0) (first 15 tasks are for partitions Vector(0))
[2025-06-07T16:25:37.120+0000] {spark_submit.py:644} INFO - 25/06/07 16:25:37 INFO TaskSchedulerImpl: Adding task set 0.0 with 1 tasks resource profile 0
[2025-06-07T16:25:37.657+0000] {spark_submit.py:644} INFO - 25/06/07 16:25:37 INFO TaskSetManager: Starting task 0.0 in stage 0.0 (TID 0) (172.19.0.7, executor 0, partition 0, PROCESS_LOCAL, 10362 bytes)
[2025-06-07T16:25:37.767+0000] {spark_submit.py:644} INFO - 25/06/07 16:25:37 INFO BlockManagerInfo: Added broadcast_0_piece0 in memory on 172.19.0.7:37785 (size: 38.8 KiB, free: 1048.8 MiB)
[2025-06-07T16:25:38.547+0000] {spark_submit.py:644} INFO - 25/06/07 16:25:38 INFO TaskSetManager: Finished task 0.0 in stage 0.0 (TID 0) in 901 ms on 172.19.0.7 (executor 0) (1/1)
[2025-06-07T16:25:38.549+0000] {spark_submit.py:644} INFO - 25/06/07 16:25:38 INFO TaskSchedulerImpl: Removed TaskSet 0.0, whose tasks have all completed, from pool
[2025-06-07T16:25:38.551+0000] {spark_submit.py:644} INFO - 25/06/07 16:25:38 INFO DAGScheduler: ResultStage 0 (load at NativeMethodAccessorImpl.java:0) finished in 1.515 s
[2025-06-07T16:25:38.553+0000] {spark_submit.py:644} INFO - 25/06/07 16:25:38 INFO DAGScheduler: Job 0 is finished. Cancelling potential speculative or zombie tasks for this job
[2025-06-07T16:25:38.553+0000] {spark_submit.py:644} INFO - 25/06/07 16:25:38 INFO TaskSchedulerImpl: Killing all running tasks in stage 0: Stage finished
[2025-06-07T16:25:38.554+0000] {spark_submit.py:644} INFO - 25/06/07 16:25:38 INFO DAGScheduler: Job 0 finished: load at NativeMethodAccessorImpl.java:0, took 1.538665 s
[2025-06-07T16:25:38.738+0000] {spark_submit.py:644} INFO - 25/06/07 16:25:38 INFO BlockManagerInfo: Removed broadcast_0_piece0 on ae00baecdfb8:36349 in memory (size: 38.8 KiB, free: 434.4 MiB)
[2025-06-07T16:25:38.743+0000] {spark_submit.py:644} INFO - 25/06/07 16:25:38 INFO BlockManagerInfo: Removed broadcast_0_piece0 on 172.19.0.7:37785 in memory (size: 38.8 KiB, free: 1048.8 MiB)
[2025-06-07T16:25:38.908+0000] {spark_submit.py:644} INFO - Successfully read silver data from s3a://mybucket/sc_stats_db/silver/transformed_data
[2025-06-07T16:25:38.954+0000] {spark_submit.py:644} INFO - Writing data to Gold layer
[2025-06-07T16:25:39.169+0000] {spark_submit.py:644} INFO - 25/06/07 16:25:39 INFO FileSourceStrategy: Pushed Filters:
[2025-06-07T16:25:39.169+0000] {spark_submit.py:644} INFO - 25/06/07 16:25:39 INFO FileSourceStrategy: Post-Scan Filters:
[2025-06-07T16:25:39.203+0000] {spark_submit.py:644} INFO - 25/06/07 16:25:39 WARN SparkStringUtils: Truncated the string representation of a plan since it was too large. This behavior can be adjusted by setting 'spark.sql.debug.maxToStringFields'.
[2025-06-07T16:25:39.313+0000] {spark_submit.py:644} INFO - 25/06/07 16:25:39 INFO ParquetUtils: Using default output committer for Parquet: org.apache.parquet.hadoop.ParquetOutputCommitter
[2025-06-07T16:25:39.327+0000] {spark_submit.py:644} INFO - 25/06/07 16:25:39 INFO FileOutputCommitter: File Output Committer Algorithm version is 1
[2025-06-07T16:25:39.327+0000] {spark_submit.py:644} INFO - 25/06/07 16:25:39 INFO FileOutputCommitter: FileOutputCommitter skip cleanup _temporary folders under output directory:false, ignore cleanup failures: false
[2025-06-07T16:25:39.328+0000] {spark_submit.py:644} INFO - 25/06/07 16:25:39 INFO SQLHadoopMapReduceCommitProtocol: Using user defined output committer class org.apache.parquet.hadoop.ParquetOutputCommitter
[2025-06-07T16:25:39.328+0000] {spark_submit.py:644} INFO - 25/06/07 16:25:39 INFO FileOutputCommitter: File Output Committer Algorithm version is 1
[2025-06-07T16:25:39.328+0000] {spark_submit.py:644} INFO - 25/06/07 16:25:39 INFO FileOutputCommitter: FileOutputCommitter skip cleanup _temporary folders under output directory:false, ignore cleanup failures: false
[2025-06-07T16:25:39.328+0000] {spark_submit.py:644} INFO - 25/06/07 16:25:39 INFO SQLHadoopMapReduceCommitProtocol: Using output committer class org.apache.parquet.hadoop.ParquetOutputCommitter
[2025-06-07T16:25:39.516+0000] {spark_submit.py:644} INFO - 25/06/07 16:25:39 INFO CodeGenerator: Code generated in 121.83 ms
[2025-06-07T16:25:39.527+0000] {spark_submit.py:644} INFO - 25/06/07 16:25:39 INFO MemoryStore: Block broadcast_1 stored as values in memory (estimated size 209.8 KiB, free 434.2 MiB)
[2025-06-07T16:25:39.535+0000] {spark_submit.py:644} INFO - 25/06/07 16:25:39 INFO MemoryStore: Block broadcast_1_piece0 stored as bytes in memory (estimated size 37.0 KiB, free 434.2 MiB)
[2025-06-07T16:25:39.535+0000] {spark_submit.py:644} INFO - 25/06/07 16:25:39 INFO BlockManagerInfo: Added broadcast_1_piece0 in memory on ae00baecdfb8:36349 (size: 37.0 KiB, free: 434.4 MiB)
[2025-06-07T16:25:39.536+0000] {spark_submit.py:644} INFO - 25/06/07 16:25:39 INFO SparkContext: Created broadcast 1 from save at NativeMethodAccessorImpl.java:0
[2025-06-07T16:25:39.543+0000] {spark_submit.py:644} INFO - 25/06/07 16:25:39 INFO FileSourceScanExec: Planning scan with bin packing, max size: 4194304 bytes, open cost is considered as scanning 4194304 bytes.
[2025-06-07T16:25:39.570+0000] {spark_submit.py:644} INFO - 25/06/07 16:25:39 INFO SparkContext: Starting job: save at NativeMethodAccessorImpl.java:0
[2025-06-07T16:25:39.571+0000] {spark_submit.py:644} INFO - 25/06/07 16:25:39 INFO DAGScheduler: Got job 1 (save at NativeMethodAccessorImpl.java:0) with 1 output partitions
[2025-06-07T16:25:39.571+0000] {spark_submit.py:644} INFO - 25/06/07 16:25:39 INFO DAGScheduler: Final stage: ResultStage 1 (save at NativeMethodAccessorImpl.java:0)
[2025-06-07T16:25:39.572+0000] {spark_submit.py:644} INFO - 25/06/07 16:25:39 INFO DAGScheduler: Parents of final stage: List()
[2025-06-07T16:25:39.572+0000] {spark_submit.py:644} INFO - 25/06/07 16:25:39 INFO DAGScheduler: Missing parents: List()
[2025-06-07T16:25:39.572+0000] {spark_submit.py:644} INFO - 25/06/07 16:25:39 INFO DAGScheduler: Submitting ResultStage 1 (MapPartitionsRDD[5] at save at NativeMethodAccessorImpl.java:0), which has no missing parents
[2025-06-07T16:25:39.597+0000] {spark_submit.py:644} INFO - 25/06/07 16:25:39 INFO MemoryStore: Block broadcast_2 stored as values in memory (estimated size 242.4 KiB, free 433.9 MiB)
[2025-06-07T16:25:39.604+0000] {spark_submit.py:644} INFO - 25/06/07 16:25:39 INFO MemoryStore: Block broadcast_2_piece0 stored as bytes in memory (estimated size 83.0 KiB, free 433.8 MiB)
[2025-06-07T16:25:39.605+0000] {spark_submit.py:644} INFO - 25/06/07 16:25:39 INFO BlockManagerInfo: Added broadcast_2_piece0 in memory on ae00baecdfb8:36349 (size: 83.0 KiB, free: 434.3 MiB)
[2025-06-07T16:25:39.606+0000] {spark_submit.py:644} INFO - 25/06/07 16:25:39 INFO SparkContext: Created broadcast 2 from broadcast at DAGScheduler.scala:1585
[2025-06-07T16:25:39.608+0000] {spark_submit.py:644} INFO - 25/06/07 16:25:39 INFO DAGScheduler: Submitting 1 missing tasks from ResultStage 1 (MapPartitionsRDD[5] at save at NativeMethodAccessorImpl.java:0) (first 15 tasks are for partitions Vector(0))
[2025-06-07T16:25:39.608+0000] {spark_submit.py:644} INFO - 25/06/07 16:25:39 INFO TaskSchedulerImpl: Adding task set 1.0 with 1 tasks resource profile 0
[2025-06-07T16:25:39.612+0000] {spark_submit.py:644} INFO - 25/06/07 16:25:39 INFO TaskSetManager: Starting task 0.0 in stage 1.0 (TID 1) (172.19.0.7, executor 0, partition 0, PROCESS_LOCAL, 10867 bytes)
[2025-06-07T16:25:39.639+0000] {spark_submit.py:644} INFO - 25/06/07 16:25:39 INFO BlockManagerInfo: Added broadcast_2_piece0 in memory on 172.19.0.7:37785 (size: 83.0 KiB, free: 1048.7 MiB)
[2025-06-07T16:25:40.059+0000] {spark_submit.py:644} INFO - 25/06/07 16:25:40 INFO BlockManagerInfo: Added broadcast_1_piece0 in memory on 172.19.0.7:37785 (size: 37.0 KiB, free: 1048.7 MiB)
[2025-06-07T16:25:40.486+0000] {spark_submit.py:644} INFO - 25/06/07 16:25:40 INFO TaskSetManager: Finished task 0.0 in stage 1.0 (TID 1) in 876 ms on 172.19.0.7 (executor 0) (1/1)
[2025-06-07T16:25:40.486+0000] {spark_submit.py:644} INFO - 25/06/07 16:25:40 INFO TaskSchedulerImpl: Removed TaskSet 1.0, whose tasks have all completed, from pool
[2025-06-07T16:25:40.487+0000] {spark_submit.py:644} INFO - 25/06/07 16:25:40 INFO DAGScheduler: ResultStage 1 (save at NativeMethodAccessorImpl.java:0) finished in 0.913 s
[2025-06-07T16:25:40.487+0000] {spark_submit.py:644} INFO - 25/06/07 16:25:40 INFO DAGScheduler: Job 1 is finished. Cancelling potential speculative or zombie tasks for this job
[2025-06-07T16:25:40.487+0000] {spark_submit.py:644} INFO - 25/06/07 16:25:40 INFO TaskSchedulerImpl: Killing all running tasks in stage 1: Stage finished
[2025-06-07T16:25:40.488+0000] {spark_submit.py:644} INFO - 25/06/07 16:25:40 INFO DAGScheduler: Job 1 finished: save at NativeMethodAccessorImpl.java:0, took 0.916921 s
[2025-06-07T16:25:40.489+0000] {spark_submit.py:644} INFO - 25/06/07 16:25:40 INFO FileFormatWriter: Start to commit write Job 9979e889-4fd9-4b90-bc13-7c259463ce67.
[2025-06-07T16:25:40.602+0000] {spark_submit.py:644} INFO - 25/06/07 16:25:40 INFO FileFormatWriter: Write Job 9979e889-4fd9-4b90-bc13-7c259463ce67 committed. Elapsed time: 112 ms.
[2025-06-07T16:25:40.603+0000] {spark_submit.py:644} INFO - 25/06/07 16:25:40 INFO FileFormatWriter: Finished processing stats for write job 9979e889-4fd9-4b90-bc13-7c259463ce67.
[2025-06-07T16:25:40.605+0000] {spark_submit.py:644} INFO - Successfully wrote data to gold path: s3a://mybucket/sc_stats_db/gold/summary_data
[2025-06-07T16:25:40.605+0000] {spark_submit.py:644} INFO - Silver to Gold transformation completed successfully.
[2025-06-07T16:25:40.606+0000] {spark_submit.py:644} INFO - 25/06/07 16:25:40 INFO SparkContext: SparkContext is stopping with exitCode 0.
[2025-06-07T16:25:40.610+0000] {spark_submit.py:644} INFO - 25/06/07 16:25:40 INFO SparkUI: Stopped Spark web UI at http://ae00baecdfb8:4040
[2025-06-07T16:25:40.612+0000] {spark_submit.py:644} INFO - 25/06/07 16:25:40 INFO StandaloneSchedulerBackend: Shutting down all executors
[2025-06-07T16:25:40.612+0000] {spark_submit.py:644} INFO - 25/06/07 16:25:40 INFO StandaloneSchedulerBackend$StandaloneDriverEndpoint: Asking each executor to shut down
[2025-06-07T16:25:40.621+0000] {spark_submit.py:644} INFO - 25/06/07 16:25:40 INFO MapOutputTrackerMasterEndpoint: MapOutputTrackerMasterEndpoint stopped!
[2025-06-07T16:25:40.631+0000] {spark_submit.py:644} INFO - 25/06/07 16:25:40 INFO MemoryStore: MemoryStore cleared
[2025-06-07T16:25:40.631+0000] {spark_submit.py:644} INFO - 25/06/07 16:25:40 INFO BlockManager: BlockManager stopped
[2025-06-07T16:25:40.633+0000] {spark_submit.py:644} INFO - 25/06/07 16:25:40 INFO BlockManagerMaster: BlockManagerMaster stopped
[2025-06-07T16:25:40.634+0000] {spark_submit.py:644} INFO - 25/06/07 16:25:40 INFO OutputCommitCoordinator$OutputCommitCoordinatorEndpoint: OutputCommitCoordinator stopped!
[2025-06-07T16:25:40.655+0000] {spark_submit.py:644} INFO - 25/06/07 16:25:40 INFO SparkContext: Successfully stopped SparkContext
[2025-06-07T16:25:40.748+0000] {spark_submit.py:644} INFO - 25/06/07 16:25:40 INFO ShutdownHookManager: Shutdown hook called
[2025-06-07T16:25:40.748+0000] {spark_submit.py:644} INFO - 25/06/07 16:25:40 INFO ShutdownHookManager: Deleting directory /tmp/spark-1b5bb81c-a11b-4d83-84b7-7a9fa0ac30a3
[2025-06-07T16:25:40.750+0000] {spark_submit.py:644} INFO - 25/06/07 16:25:40 INFO ShutdownHookManager: Deleting directory /tmp/spark-adf82ca0-3edd-4d41-8168-082ca95a619c
[2025-06-07T16:25:40.752+0000] {spark_submit.py:644} INFO - 25/06/07 16:25:40 INFO ShutdownHookManager: Deleting directory /tmp/spark-adf82ca0-3edd-4d41-8168-082ca95a619c/pyspark-a9d38f69-39fd-4d8d-a0e8-ad3b3588cc02
[2025-06-07T16:25:40.755+0000] {spark_submit.py:644} INFO - 25/06/07 16:25:40 INFO MetricsSystemImpl: Stopping s3a-file-system metrics system...
[2025-06-07T16:25:40.755+0000] {spark_submit.py:644} INFO - 25/06/07 16:25:40 INFO MetricsSystemImpl: s3a-file-system metrics system stopped.
[2025-06-07T16:25:40.756+0000] {spark_submit.py:644} INFO - 25/06/07 16:25:40 INFO MetricsSystemImpl: s3a-file-system metrics system shutdown complete.
[2025-06-07T16:25:40.790+0000] {taskinstance.py:340} INFO - ::group::Post task execution logs
[2025-06-07T16:25:40.790+0000] {taskinstance.py:352} INFO - Marking task as SUCCESS. dag_id=stephen_curry_stats_medallion_etl, task_id=silver_to_gold, run_id=manual__2025-06-07T16:24:20.918775+00:00, execution_date=20250607T162420, start_date=20250607T162533, end_date=20250607T162540
[2025-06-07T16:25:40.826+0000] {local_task_job_runner.py:266} INFO - Task exited with return code 0
[2025-06-07T16:25:40.836+0000] {taskinstance.py:3895} INFO - 0 downstream tasks scheduled from follow-on schedule check
[2025-06-07T16:25:40.836+0000] {local_task_job_runner.py:245} INFO - ::endgroup::
