[2025-06-07T14:22:30.364+0000] {local_task_job_runner.py:123} INFO - ::group::Pre task execution logs
[2025-06-07T14:22:30.375+0000] {taskinstance.py:2613} INFO - Dependencies all met for dep_context=non-requeueable deps ti=<TaskInstance: stephen_curry_stats_medallion_etl.silver_to_gold manual__2025-06-07T14:22:29.223954+00:00 [queued]>
[2025-06-07T14:22:30.381+0000] {taskinstance.py:2613} INFO - Dependencies all met for dep_context=requeueable deps ti=<TaskInstance: stephen_curry_stats_medallion_etl.silver_to_gold manual__2025-06-07T14:22:29.223954+00:00 [queued]>
[2025-06-07T14:22:30.381+0000] {taskinstance.py:2866} INFO - Starting attempt 1 of 1
[2025-06-07T14:22:30.389+0000] {taskinstance.py:2889} INFO - Executing <Task(SparkSubmitOperator): silver_to_gold> on 2025-06-07 14:22:29.223954+00:00
[2025-06-07T14:22:30.393+0000] {standard_task_runner.py:72} INFO - Started process 5249 to run task
[2025-06-07T14:22:30.395+0000] {standard_task_runner.py:104} INFO - Running: ['***', 'tasks', 'run', 'stephen_curry_stats_medallion_etl', 'silver_to_gold', 'manual__2025-06-07T14:22:29.223954+00:00', '--job-id', '101', '--raw', '--subdir', 'DAGS_FOLDER/medallion_sales_etl_dag.py', '--cfg-path', '/tmp/tmp_bl64ojo']
[2025-06-07T14:22:30.397+0000] {standard_task_runner.py:105} INFO - Job 101: Subtask silver_to_gold
[2025-06-07T14:22:30.430+0000] {task_command.py:467} INFO - Running <TaskInstance: stephen_curry_stats_medallion_etl.silver_to_gold manual__2025-06-07T14:22:29.223954+00:00 [running]> on host 5ebb95484de3
[2025-06-07T14:22:30.481+0000] {taskinstance.py:3132} INFO - Exporting env vars: AIRFLOW_CTX_DAG_OWNER='***' AIRFLOW_CTX_DAG_ID='stephen_curry_stats_medallion_etl' AIRFLOW_CTX_TASK_ID='silver_to_gold' AIRFLOW_CTX_EXECUTION_DATE='2025-06-07T14:22:29.223954+00:00' AIRFLOW_CTX_TRY_NUMBER='1' AIRFLOW_CTX_DAG_RUN_ID='manual__2025-06-07T14:22:29.223954+00:00'
[2025-06-07T14:22:30.481+0000] {taskinstance.py:731} INFO - ::endgroup::
[2025-06-07T14:22:30.499+0000] {base.py:84} INFO - Retrieving connection 'spark_default'
[2025-06-07T14:22:30.500+0000] {spark_submit.py:474} INFO - Spark-Submit cmd: spark-submit --master spark://spark-master:7077 --conf spark.executor.memory=2g --conf spark.sql.extensions=io.delta.sql.DeltaSparkSessionExtension --conf spark.sql.catalog.spark_catalog=org.apache.spark.sql.delta.catalog.DeltaCatalog --conf spark.hadoop.fs.s3a.endpoint=http://minio:9000 --conf spark.hadoop.fs.s3a.access.key=None --conf spark.hadoop.fs.s3a.secret.key=****** --conf spark.hadoop.fs.s3a.path.style.access=true --conf spark.hadoop.fs.s3a.impl=org.apache.hadoop.fs.s3a.S3AFileSystem --conf spark.hadoop.fs.s3a.aws.credentials.provider=org.apache.hadoop.fs.s3a.SimpleAWSCredentialsProvider --packages org.apache.hadoop:hadoop-aws:3.3.4,com.amazonaws:aws-java-sdk-bundle:1.12.262,io.delta:delta-spark_2.12:3.1.0 --name arrow-spark --queue root.default --deploy-mode client dags/silver_to_gold_sc_summary_etl.py --output_path s3a://mybucket/sc_stats_db.db/bronze
[2025-06-07T14:22:31.330+0000] {spark_submit.py:644} INFO - :: loading settings :: url = jar:file:/home/***/.local/lib/python3.11/site-packages/pyspark/jars/ivy-2.5.1.jar!/org/apache/ivy/core/settings/ivysettings.xml
[2025-06-07T14:22:31.386+0000] {spark_submit.py:644} INFO - Ivy Default Cache set to: /home/***/.ivy2/cache
[2025-06-07T14:22:31.387+0000] {spark_submit.py:644} INFO - The jars for the packages stored in: /home/***/.ivy2/jars
[2025-06-07T14:22:31.391+0000] {spark_submit.py:644} INFO - org.apache.hadoop#hadoop-aws added as a dependency
[2025-06-07T14:22:31.392+0000] {spark_submit.py:644} INFO - com.amazonaws#aws-java-sdk-bundle added as a dependency
[2025-06-07T14:22:31.393+0000] {spark_submit.py:644} INFO - io.delta#delta-spark_2.12 added as a dependency
[2025-06-07T14:22:31.395+0000] {spark_submit.py:644} INFO - :: resolving dependencies :: org.apache.spark#spark-submit-parent-ff62c766-595c-4511-9cf6-596176fe9642;1.0
[2025-06-07T14:22:31.396+0000] {spark_submit.py:644} INFO - confs: [default]
[2025-06-07T14:22:31.494+0000] {spark_submit.py:644} INFO - found org.apache.hadoop#hadoop-aws;3.3.4 in central
[2025-06-07T14:22:31.514+0000] {spark_submit.py:644} INFO - found com.amazonaws#aws-java-sdk-bundle;1.12.262 in central
[2025-06-07T14:22:31.532+0000] {spark_submit.py:644} INFO - found org.wildfly.openssl#wildfly-openssl;1.0.7.Final in central
[2025-06-07T14:22:31.556+0000] {spark_submit.py:644} INFO - found io.delta#delta-spark_2.12;3.1.0 in central
[2025-06-07T14:22:31.566+0000] {spark_submit.py:644} INFO - found io.delta#delta-storage;3.1.0 in central
[2025-06-07T14:22:31.577+0000] {spark_submit.py:644} INFO - found org.antlr#antlr4-runtime;4.9.3 in central
[2025-06-07T14:22:31.600+0000] {spark_submit.py:644} INFO - :: resolution report :: resolve 203ms :: artifacts dl 7ms
[2025-06-07T14:22:31.601+0000] {spark_submit.py:644} INFO - :: modules in use:
[2025-06-07T14:22:31.601+0000] {spark_submit.py:644} INFO - com.amazonaws#aws-java-sdk-bundle;1.12.262 from central in [default]
[2025-06-07T14:22:31.602+0000] {spark_submit.py:644} INFO - io.delta#delta-spark_2.12;3.1.0 from central in [default]
[2025-06-07T14:22:31.602+0000] {spark_submit.py:644} INFO - io.delta#delta-storage;3.1.0 from central in [default]
[2025-06-07T14:22:31.602+0000] {spark_submit.py:644} INFO - org.antlr#antlr4-runtime;4.9.3 from central in [default]
[2025-06-07T14:22:31.602+0000] {spark_submit.py:644} INFO - org.apache.hadoop#hadoop-aws;3.3.4 from central in [default]
[2025-06-07T14:22:31.602+0000] {spark_submit.py:644} INFO - org.wildfly.openssl#wildfly-openssl;1.0.7.Final from central in [default]
[2025-06-07T14:22:31.602+0000] {spark_submit.py:644} INFO - ---------------------------------------------------------------------
[2025-06-07T14:22:31.602+0000] {spark_submit.py:644} INFO - |                  |            modules            ||   artifacts   |
[2025-06-07T14:22:31.603+0000] {spark_submit.py:644} INFO - |       conf       | number| search|dwnlded|evicted|| number|dwnlded|
[2025-06-07T14:22:31.603+0000] {spark_submit.py:644} INFO - ---------------------------------------------------------------------
[2025-06-07T14:22:31.603+0000] {spark_submit.py:644} INFO - |      default     |   6   |   0   |   0   |   0   ||   6   |   0   |
[2025-06-07T14:22:31.603+0000] {spark_submit.py:644} INFO - ---------------------------------------------------------------------
[2025-06-07T14:22:31.604+0000] {spark_submit.py:644} INFO - :: retrieving :: org.apache.spark#spark-submit-parent-ff62c766-595c-4511-9cf6-596176fe9642
[2025-06-07T14:22:31.604+0000] {spark_submit.py:644} INFO - confs: [default]
[2025-06-07T14:22:31.609+0000] {spark_submit.py:644} INFO - 0 artifacts copied, 6 already retrieved (0kB/4ms)
[2025-06-07T14:22:31.788+0000] {spark_submit.py:644} INFO - 25/06/07 14:22:31 WARN NativeCodeLoader: Unable to load native-hadoop library for your platform... using builtin-java classes where applicable
[2025-06-07T14:22:32.659+0000] {spark_submit.py:644} INFO - 25/06/07 14:22:32 INFO SparkContext: Running Spark version 3.5.2
[2025-06-07T14:22:32.661+0000] {spark_submit.py:644} INFO - 25/06/07 14:22:32 INFO SparkContext: OS info Linux, 6.10.14-linuxkit, aarch64
[2025-06-07T14:22:32.661+0000] {spark_submit.py:644} INFO - 25/06/07 14:22:32 INFO SparkContext: Java version 17.0.15
[2025-06-07T14:22:32.674+0000] {spark_submit.py:644} INFO - 25/06/07 14:22:32 INFO ResourceUtils: ==============================================================
[2025-06-07T14:22:32.674+0000] {spark_submit.py:644} INFO - 25/06/07 14:22:32 INFO ResourceUtils: No custom resources configured for spark.driver.
[2025-06-07T14:22:32.675+0000] {spark_submit.py:644} INFO - 25/06/07 14:22:32 INFO ResourceUtils: ==============================================================
[2025-06-07T14:22:32.676+0000] {spark_submit.py:644} INFO - 25/06/07 14:22:32 INFO SparkContext: Submitted application: SilverToGoldStephenCurryStats
[2025-06-07T14:22:32.699+0000] {spark_submit.py:644} INFO - 25/06/07 14:22:32 INFO ResourceProfile: Default ResourceProfile created, executor resources: Map(memory -> name: memory, amount: 2048, script: , vendor: , offHeap -> name: offHeap, amount: 0, script: , vendor: ), task resources: Map(cpus -> name: cpus, amount: 1.0)
[2025-06-07T14:22:32.704+0000] {spark_submit.py:644} INFO - 25/06/07 14:22:32 INFO ResourceProfile: Limiting resource is cpu
[2025-06-07T14:22:32.711+0000] {spark_submit.py:644} INFO - 25/06/07 14:22:32 INFO ResourceProfileManager: Added ResourceProfile id: 0
[2025-06-07T14:22:32.739+0000] {spark_submit.py:644} INFO - 25/06/07 14:22:32 INFO SecurityManager: Changing view acls to: ***
[2025-06-07T14:22:32.739+0000] {spark_submit.py:644} INFO - 25/06/07 14:22:32 INFO SecurityManager: Changing modify acls to: ***
[2025-06-07T14:22:32.740+0000] {spark_submit.py:644} INFO - 25/06/07 14:22:32 INFO SecurityManager: Changing view acls groups to:
[2025-06-07T14:22:32.740+0000] {spark_submit.py:644} INFO - 25/06/07 14:22:32 INFO SecurityManager: Changing modify acls groups to:
[2025-06-07T14:22:32.740+0000] {spark_submit.py:644} INFO - 25/06/07 14:22:32 INFO SecurityManager: SecurityManager: authentication disabled; ui acls disabled; users with view permissions: ***; groups with view permissions: EMPTY; users with modify permissions: ***; groups with modify permissions: EMPTY
[2025-06-07T14:22:32.879+0000] {spark_submit.py:644} INFO - 25/06/07 14:22:32 INFO Utils: Successfully started service 'sparkDriver' on port 40887.
[2025-06-07T14:22:32.906+0000] {spark_submit.py:644} INFO - 25/06/07 14:22:32 INFO SparkEnv: Registering MapOutputTracker
[2025-06-07T14:22:32.937+0000] {spark_submit.py:644} INFO - 25/06/07 14:22:32 INFO SparkEnv: Registering BlockManagerMaster
[2025-06-07T14:22:32.956+0000] {spark_submit.py:644} INFO - 25/06/07 14:22:32 INFO BlockManagerMasterEndpoint: Using org.apache.spark.storage.DefaultTopologyMapper for getting topology information
[2025-06-07T14:22:32.957+0000] {spark_submit.py:644} INFO - 25/06/07 14:22:32 INFO BlockManagerMasterEndpoint: BlockManagerMasterEndpoint up
[2025-06-07T14:22:32.961+0000] {spark_submit.py:644} INFO - 25/06/07 14:22:32 INFO SparkEnv: Registering BlockManagerMasterHeartbeat
[2025-06-07T14:22:32.978+0000] {spark_submit.py:644} INFO - 25/06/07 14:22:32 INFO DiskBlockManager: Created local directory at /tmp/blockmgr-fb0a95b0-d175-4388-9ab2-bdcfead3a392
[2025-06-07T14:22:32.992+0000] {spark_submit.py:644} INFO - 25/06/07 14:22:32 INFO MemoryStore: MemoryStore started with capacity 434.4 MiB
[2025-06-07T14:22:33.002+0000] {spark_submit.py:644} INFO - 25/06/07 14:22:33 INFO SparkEnv: Registering OutputCommitCoordinator
[2025-06-07T14:22:33.081+0000] {spark_submit.py:644} INFO - 25/06/07 14:22:33 INFO JettyUtils: Start Jetty 0.0.0.0:4040 for SparkUI
[2025-06-07T14:22:33.122+0000] {spark_submit.py:644} INFO - 25/06/07 14:22:33 INFO Utils: Successfully started service 'SparkUI' on port 4040.
[2025-06-07T14:22:33.147+0000] {spark_submit.py:644} INFO - 25/06/07 14:22:33 INFO SparkContext: Added JAR file:///home/***/.ivy2/jars/org.apache.hadoop_hadoop-aws-3.3.4.jar at spark://5ebb95484de3:40887/jars/org.apache.hadoop_hadoop-aws-3.3.4.jar with timestamp 1749306152653
[2025-06-07T14:22:33.148+0000] {spark_submit.py:644} INFO - 25/06/07 14:22:33 INFO SparkContext: Added JAR file:///home/***/.ivy2/jars/com.amazonaws_aws-java-sdk-bundle-1.12.262.jar at spark://5ebb95484de3:40887/jars/com.amazonaws_aws-java-sdk-bundle-1.12.262.jar with timestamp 1749306152653
[2025-06-07T14:22:33.149+0000] {spark_submit.py:644} INFO - 25/06/07 14:22:33 INFO SparkContext: Added JAR file:///home/***/.ivy2/jars/io.delta_delta-spark_2.12-3.1.0.jar at spark://5ebb95484de3:40887/jars/io.delta_delta-spark_2.12-3.1.0.jar with timestamp 1749306152653
[2025-06-07T14:22:33.150+0000] {spark_submit.py:644} INFO - 25/06/07 14:22:33 INFO SparkContext: Added JAR file:///home/***/.ivy2/jars/org.wildfly.openssl_wildfly-openssl-1.0.7.Final.jar at spark://5ebb95484de3:40887/jars/org.wildfly.openssl_wildfly-openssl-1.0.7.Final.jar with timestamp 1749306152653
[2025-06-07T14:22:33.150+0000] {spark_submit.py:644} INFO - 25/06/07 14:22:33 INFO SparkContext: Added JAR file:///home/***/.ivy2/jars/io.delta_delta-storage-3.1.0.jar at spark://5ebb95484de3:40887/jars/io.delta_delta-storage-3.1.0.jar with timestamp 1749306152653
[2025-06-07T14:22:33.151+0000] {spark_submit.py:644} INFO - 25/06/07 14:22:33 INFO SparkContext: Added JAR file:///home/***/.ivy2/jars/org.antlr_antlr4-runtime-4.9.3.jar at spark://5ebb95484de3:40887/jars/org.antlr_antlr4-runtime-4.9.3.jar with timestamp 1749306152653
[2025-06-07T14:22:33.152+0000] {spark_submit.py:644} INFO - 25/06/07 14:22:33 INFO SparkContext: Added file file:///home/***/.ivy2/jars/org.apache.hadoop_hadoop-aws-3.3.4.jar at spark://5ebb95484de3:40887/files/org.apache.hadoop_hadoop-aws-3.3.4.jar with timestamp 1749306152653
[2025-06-07T14:22:33.153+0000] {spark_submit.py:644} INFO - 25/06/07 14:22:33 INFO Utils: Copying /home/***/.ivy2/jars/org.apache.hadoop_hadoop-aws-3.3.4.jar to /tmp/spark-1bf3aef6-dd32-4c0c-adeb-4c4dccee40fa/userFiles-26bc7bca-2838-4c0d-b0da-902e9a3afd1e/org.apache.hadoop_hadoop-aws-3.3.4.jar
[2025-06-07T14:22:33.157+0000] {spark_submit.py:644} INFO - 25/06/07 14:22:33 INFO SparkContext: Added file file:///home/***/.ivy2/jars/com.amazonaws_aws-java-sdk-bundle-1.12.262.jar at spark://5ebb95484de3:40887/files/com.amazonaws_aws-java-sdk-bundle-1.12.262.jar with timestamp 1749306152653
[2025-06-07T14:22:33.157+0000] {spark_submit.py:644} INFO - 25/06/07 14:22:33 INFO Utils: Copying /home/***/.ivy2/jars/com.amazonaws_aws-java-sdk-bundle-1.12.262.jar to /tmp/spark-1bf3aef6-dd32-4c0c-adeb-4c4dccee40fa/userFiles-26bc7bca-2838-4c0d-b0da-902e9a3afd1e/com.amazonaws_aws-java-sdk-bundle-1.12.262.jar
[2025-06-07T14:22:33.215+0000] {spark_submit.py:644} INFO - 25/06/07 14:22:33 INFO SparkContext: Added file file:///home/***/.ivy2/jars/io.delta_delta-spark_2.12-3.1.0.jar at spark://5ebb95484de3:40887/files/io.delta_delta-spark_2.12-3.1.0.jar with timestamp 1749306152653
[2025-06-07T14:22:33.216+0000] {spark_submit.py:644} INFO - 25/06/07 14:22:33 INFO Utils: Copying /home/***/.ivy2/jars/io.delta_delta-spark_2.12-3.1.0.jar to /tmp/spark-1bf3aef6-dd32-4c0c-adeb-4c4dccee40fa/userFiles-26bc7bca-2838-4c0d-b0da-902e9a3afd1e/io.delta_delta-spark_2.12-3.1.0.jar
[2025-06-07T14:22:33.223+0000] {spark_submit.py:644} INFO - 25/06/07 14:22:33 INFO SparkContext: Added file file:///home/***/.ivy2/jars/org.wildfly.openssl_wildfly-openssl-1.0.7.Final.jar at spark://5ebb95484de3:40887/files/org.wildfly.openssl_wildfly-openssl-1.0.7.Final.jar with timestamp 1749306152653
[2025-06-07T14:22:33.224+0000] {spark_submit.py:644} INFO - 25/06/07 14:22:33 INFO Utils: Copying /home/***/.ivy2/jars/org.wildfly.openssl_wildfly-openssl-1.0.7.Final.jar to /tmp/spark-1bf3aef6-dd32-4c0c-adeb-4c4dccee40fa/userFiles-26bc7bca-2838-4c0d-b0da-902e9a3afd1e/org.wildfly.openssl_wildfly-openssl-1.0.7.Final.jar
[2025-06-07T14:22:33.225+0000] {spark_submit.py:644} INFO - 25/06/07 14:22:33 INFO SparkContext: Added file file:///home/***/.ivy2/jars/io.delta_delta-storage-3.1.0.jar at spark://5ebb95484de3:40887/files/io.delta_delta-storage-3.1.0.jar with timestamp 1749306152653
[2025-06-07T14:22:33.226+0000] {spark_submit.py:644} INFO - 25/06/07 14:22:33 INFO Utils: Copying /home/***/.ivy2/jars/io.delta_delta-storage-3.1.0.jar to /tmp/spark-1bf3aef6-dd32-4c0c-adeb-4c4dccee40fa/userFiles-26bc7bca-2838-4c0d-b0da-902e9a3afd1e/io.delta_delta-storage-3.1.0.jar
[2025-06-07T14:22:33.228+0000] {spark_submit.py:644} INFO - 25/06/07 14:22:33 INFO SparkContext: Added file file:///home/***/.ivy2/jars/org.antlr_antlr4-runtime-4.9.3.jar at spark://5ebb95484de3:40887/files/org.antlr_antlr4-runtime-4.9.3.jar with timestamp 1749306152653
[2025-06-07T14:22:33.228+0000] {spark_submit.py:644} INFO - 25/06/07 14:22:33 INFO Utils: Copying /home/***/.ivy2/jars/org.antlr_antlr4-runtime-4.9.3.jar to /tmp/spark-1bf3aef6-dd32-4c0c-adeb-4c4dccee40fa/userFiles-26bc7bca-2838-4c0d-b0da-902e9a3afd1e/org.antlr_antlr4-runtime-4.9.3.jar
[2025-06-07T14:22:33.302+0000] {spark_submit.py:644} INFO - 25/06/07 14:22:33 INFO StandaloneAppClient$ClientEndpoint: Connecting to master spark://spark-master:7077...
[2025-06-07T14:22:33.330+0000] {spark_submit.py:644} INFO - 25/06/07 14:22:33 INFO TransportClientFactory: Successfully created connection to spark-master/172.19.0.6:7077 after 15 ms (0 ms spent in bootstraps)
[2025-06-07T14:22:33.378+0000] {spark_submit.py:644} INFO - 25/06/07 14:22:33 INFO StandaloneSchedulerBackend: Connected to Spark cluster with app ID app-20250607142233-0019
[2025-06-07T14:22:33.380+0000] {spark_submit.py:644} INFO - 25/06/07 14:22:33 INFO StandaloneAppClient$ClientEndpoint: Executor added: app-20250607142233-0019/0 on worker-20250607120528-172.19.0.7-44613 (172.19.0.7:44613) with 4 core(s)
[2025-06-07T14:22:33.381+0000] {spark_submit.py:644} INFO - 25/06/07 14:22:33 INFO StandaloneSchedulerBackend: Granted executor ID app-20250607142233-0019/0 on hostPort 172.19.0.7:44613 with 4 core(s), 2.0 GiB RAM
[2025-06-07T14:22:33.385+0000] {spark_submit.py:644} INFO - 25/06/07 14:22:33 INFO Utils: Successfully started service 'org.apache.spark.network.netty.NettyBlockTransferService' on port 42035.
[2025-06-07T14:22:33.386+0000] {spark_submit.py:644} INFO - 25/06/07 14:22:33 INFO NettyBlockTransferService: Server created on 5ebb95484de3:42035
[2025-06-07T14:22:33.387+0000] {spark_submit.py:644} INFO - 25/06/07 14:22:33 INFO BlockManager: Using org.apache.spark.storage.RandomBlockReplicationPolicy for block replication policy
[2025-06-07T14:22:33.393+0000] {spark_submit.py:644} INFO - 25/06/07 14:22:33 INFO BlockManagerMaster: Registering BlockManager BlockManagerId(driver, 5ebb95484de3, 42035, None)
[2025-06-07T14:22:33.399+0000] {spark_submit.py:644} INFO - 25/06/07 14:22:33 INFO BlockManagerMasterEndpoint: Registering block manager 5ebb95484de3:42035 with 434.4 MiB RAM, BlockManagerId(driver, 5ebb95484de3, 42035, None)
[2025-06-07T14:22:33.400+0000] {spark_submit.py:644} INFO - 25/06/07 14:22:33 INFO BlockManagerMaster: Registered BlockManager BlockManagerId(driver, 5ebb95484de3, 42035, None)
[2025-06-07T14:22:33.402+0000] {spark_submit.py:644} INFO - 25/06/07 14:22:33 INFO BlockManager: Initialized BlockManager: BlockManagerId(driver, 5ebb95484de3, 42035, None)
[2025-06-07T14:22:33.402+0000] {spark_submit.py:644} INFO - 25/06/07 14:22:33 INFO StandaloneAppClient$ClientEndpoint: Executor updated: app-20250607142233-0019/0 is now RUNNING
[2025-06-07T14:22:33.536+0000] {spark_submit.py:644} INFO - 25/06/07 14:22:33 INFO StandaloneSchedulerBackend: SchedulerBackend is ready for scheduling beginning after reached minRegisteredResourcesRatio: 0.0
[2025-06-07T14:22:33.745+0000] {spark_submit.py:644} INFO - Silver to Gold: Spark session created.
[2025-06-07T14:22:33.750+0000] {spark_submit.py:644} INFO - 25/06/07 14:22:33 INFO SharedState: Setting hive.metastore.warehouse.dir ('null') to the value of spark.sql.warehouse.dir.
[2025-06-07T14:22:33.831+0000] {spark_submit.py:644} INFO - 25/06/07 14:22:33 WARN MetricsConfig: Cannot locate configuration: tried hadoop-metrics2-s3a-file-system.properties,hadoop-metrics2.properties
[2025-06-07T14:22:33.835+0000] {spark_submit.py:644} INFO - 25/06/07 14:22:33 INFO MetricsSystemImpl: Scheduled Metric snapshot period at 10 second(s).
[2025-06-07T14:22:33.838+0000] {spark_submit.py:644} INFO - 25/06/07 14:22:33 INFO MetricsSystemImpl: s3a-file-system metrics system started
[2025-06-07T14:22:34.347+0000] {spark_submit.py:644} INFO - 25/06/07 14:22:34 INFO SharedState: Warehouse path is 's3a://mybucket'.
[2025-06-07T14:22:35.013+0000] {spark_submit.py:644} INFO - 25/06/07 14:22:35 INFO StandaloneSchedulerBackend$StandaloneDriverEndpoint: Registered executor NettyRpcEndpointRef(spark-client://Executor) (172.19.0.7:52746) with ID 0,  ResourceProfileId 0
[2025-06-07T14:22:35.072+0000] {spark_submit.py:644} INFO - 25/06/07 14:22:35 INFO BlockManagerMasterEndpoint: Registering block manager 172.19.0.7:32949 with 1048.8 MiB RAM, BlockManagerId(0, 172.19.0.7, 32949, None)
[2025-06-07T14:22:35.143+0000] {spark_submit.py:644} INFO - 25/06/07 14:22:35 INFO HiveConf: Found configuration file null
[2025-06-07T14:22:35.152+0000] {spark_submit.py:644} INFO - 25/06/07 14:22:35 INFO HiveUtils: Initializing HiveMetastoreConnection version 2.3.9 using Spark classes.
[2025-06-07T14:22:35.303+0000] {spark_submit.py:644} INFO - 25/06/07 14:22:35 INFO HiveClientImpl: Warehouse location for Hive client (version 2.3.9) is s3a://mybucket
[2025-06-07T14:22:35.330+0000] {spark_submit.py:644} INFO - 25/06/07 14:22:35 INFO metastore: Trying to connect to metastore with URI thrift://hive-metastore:9083
[2025-06-07T14:22:35.344+0000] {spark_submit.py:644} INFO - 25/06/07 14:22:35 INFO metastore: Opened a connection to metastore, current connections: 1
[2025-06-07T14:22:35.358+0000] {spark_submit.py:644} INFO - 25/06/07 14:22:35 INFO metastore: Connected to metastore.
[2025-06-07T14:22:35.873+0000] {spark_submit.py:644} INFO - 25/06/07 14:22:35 INFO SparkContext: SparkContext is stopping with exitCode 0.
[2025-06-07T14:22:35.876+0000] {spark_submit.py:644} INFO - Error in silver to gold transformation: [TABLE_OR_VIEW_NOT_FOUND] The table or view `sc_stats_db`.`silver_sc_stats` cannot be found. Verify the spelling and correctness of the schema and catalog.
[2025-06-07T14:22:35.876+0000] {spark_submit.py:644} INFO - If you did not qualify the name with a schema, verify the current_schema() output, or qualify the name with the correct schema and catalog.
[2025-06-07T14:22:35.876+0000] {spark_submit.py:644} INFO - To tolerate the error on drop use DROP VIEW IF EXISTS or DROP TABLE IF EXISTS.;
[2025-06-07T14:22:35.877+0000] {spark_submit.py:644} INFO - 'UnresolvedRelation [sc_stats_db, silver_sc_stats], [], false
[2025-06-07T14:22:35.877+0000] {spark_submit.py:644} INFO - 
[2025-06-07T14:22:35.888+0000] {spark_submit.py:644} INFO - 25/06/07 14:22:35 INFO SparkUI: Stopped Spark web UI at http://5ebb95484de3:4040
[2025-06-07T14:22:35.891+0000] {spark_submit.py:644} INFO - 25/06/07 14:22:35 INFO StandaloneSchedulerBackend: Shutting down all executors
[2025-06-07T14:22:35.898+0000] {spark_submit.py:644} INFO - 25/06/07 14:22:35 INFO StandaloneSchedulerBackend$StandaloneDriverEndpoint: Asking each executor to shut down
[2025-06-07T14:22:35.912+0000] {spark_submit.py:644} INFO - 25/06/07 14:22:35 INFO MapOutputTrackerMasterEndpoint: MapOutputTrackerMasterEndpoint stopped!
[2025-06-07T14:22:35.939+0000] {spark_submit.py:644} INFO - 25/06/07 14:22:35 INFO MemoryStore: MemoryStore cleared
[2025-06-07T14:22:35.941+0000] {spark_submit.py:644} INFO - 25/06/07 14:22:35 INFO BlockManager: BlockManager stopped
[2025-06-07T14:22:35.942+0000] {spark_submit.py:644} INFO - 25/06/07 14:22:35 INFO BlockManagerMaster: BlockManagerMaster stopped
[2025-06-07T14:22:35.944+0000] {spark_submit.py:644} INFO - 25/06/07 14:22:35 INFO OutputCommitCoordinator$OutputCommitCoordinatorEndpoint: OutputCommitCoordinator stopped!
[2025-06-07T14:22:35.958+0000] {spark_submit.py:644} INFO - 25/06/07 14:22:35 ERROR TransportRequestHandler: Error sending result StreamResponse[streamId=/jars/com.amazonaws_aws-java-sdk-bundle-1.12.262.jar,byteCount=280645251,body=FileSegmentManagedBuffer[file=/home/***/.ivy2/jars/com.amazonaws_aws-java-sdk-bundle-1.12.262.jar,offset=0,length=280645251]] to /172.19.0.7:52748; closing connection
[2025-06-07T14:22:35.959+0000] {spark_submit.py:644} INFO - io.netty.channel.StacklessClosedChannelException
[2025-06-07T14:22:35.959+0000] {spark_submit.py:644} INFO - at io.netty.channel.AbstractChannel.close(ChannelPromise)(Unknown Source)
[2025-06-07T14:22:35.978+0000] {spark_submit.py:644} INFO - 25/06/07 14:22:35 INFO SparkContext: Successfully stopped SparkContext
[2025-06-07T14:22:36.057+0000] {spark_submit.py:644} INFO - Traceback (most recent call last):
[2025-06-07T14:22:36.057+0000] {spark_submit.py:644} INFO - File "/opt/***/dags/silver_to_gold_sc_summary_etl.py", line 81, in <module>
[2025-06-07T14:22:36.058+0000] {spark_submit.py:644} INFO - main()
[2025-06-07T14:22:36.058+0000] {spark_submit.py:644} INFO - ^^^^^^
[2025-06-07T14:22:36.058+0000] {spark_submit.py:644} INFO - File "/opt/***/dags/silver_to_gold_sc_summary_etl.py", line 23, in main
[2025-06-07T14:22:36.058+0000] {spark_submit.py:644} INFO - silver_df = spark.table("sc_stats_db.silver_sc_stats")
[2025-06-07T14:22:36.058+0000] {spark_submit.py:644} INFO - ^^^^^^^^^^^^^^^^^^^^^^^^^^^^^^^^^^^^^^^^^^
[2025-06-07T14:22:36.059+0000] {spark_submit.py:644} INFO - File "/home/***/.local/lib/python3.11/site-packages/pyspark/python/lib/pyspark.zip/pyspark/sql/session.py", line 1667, in table
[2025-06-07T14:22:36.059+0000] {spark_submit.py:644} INFO - File "/home/***/.local/lib/python3.11/site-packages/pyspark/python/lib/py4j-0.10.9.7-src.zip/py4j/java_gateway.py", line 1322, in __call__
[2025-06-07T14:22:36.059+0000] {spark_submit.py:644} INFO - File "/home/***/.local/lib/python3.11/site-packages/pyspark/python/lib/pyspark.zip/pyspark/errors/exceptions/captured.py", line 185, in deco
[2025-06-07T14:22:36.061+0000] {spark_submit.py:644} INFO - pyspark.errors.exceptions.captured.AnalysisException: [TABLE_OR_VIEW_NOT_FOUND] The table or view `sc_stats_db`.`silver_sc_stats` cannot be found. Verify the spelling and correctness of the schema and catalog.
[2025-06-07T14:22:36.061+0000] {spark_submit.py:644} INFO - If you did not qualify the name with a schema, verify the current_schema() output, or qualify the name with the correct schema and catalog.
[2025-06-07T14:22:36.061+0000] {spark_submit.py:644} INFO - To tolerate the error on drop use DROP VIEW IF EXISTS or DROP TABLE IF EXISTS.;
[2025-06-07T14:22:36.061+0000] {spark_submit.py:644} INFO - 'UnresolvedRelation [sc_stats_db, silver_sc_stats], [], false
[2025-06-07T14:22:36.061+0000] {spark_submit.py:644} INFO - 
[2025-06-07T14:22:36.091+0000] {spark_submit.py:644} INFO - 25/06/07 14:22:36 INFO ShutdownHookManager: Shutdown hook called
[2025-06-07T14:22:36.092+0000] {spark_submit.py:644} INFO - 25/06/07 14:22:36 INFO ShutdownHookManager: Deleting directory /tmp/spark-7dcffad9-a850-42ca-82fb-a117a2471bc2
[2025-06-07T14:22:36.095+0000] {spark_submit.py:644} INFO - 25/06/07 14:22:36 INFO ShutdownHookManager: Deleting directory /tmp/spark-1bf3aef6-dd32-4c0c-adeb-4c4dccee40fa
[2025-06-07T14:22:36.097+0000] {spark_submit.py:644} INFO - 25/06/07 14:22:36 INFO ShutdownHookManager: Deleting directory /tmp/spark-1bf3aef6-dd32-4c0c-adeb-4c4dccee40fa/pyspark-1773fdb3-6f58-4f95-bbf8-9fd969516604
[2025-06-07T14:22:36.104+0000] {spark_submit.py:644} INFO - 25/06/07 14:22:36 INFO MetricsSystemImpl: Stopping s3a-file-system metrics system...
[2025-06-07T14:22:36.104+0000] {spark_submit.py:644} INFO - 25/06/07 14:22:36 INFO MetricsSystemImpl: s3a-file-system metrics system stopped.
[2025-06-07T14:22:36.105+0000] {spark_submit.py:644} INFO - 25/06/07 14:22:36 INFO MetricsSystemImpl: s3a-file-system metrics system shutdown complete.
[2025-06-07T14:22:36.153+0000] {taskinstance.py:3311} ERROR - Task failed with exception
Traceback (most recent call last):
  File "/home/airflow/.local/lib/python3.11/site-packages/airflow/models/taskinstance.py", line 767, in _execute_task
    result = _execute_callable(context=context, **execute_callable_kwargs)
             ^^^^^^^^^^^^^^^^^^^^^^^^^^^^^^^^^^^^^^^^^^^^^^^^^^^^^^^^^^^^^
  File "/home/airflow/.local/lib/python3.11/site-packages/airflow/models/taskinstance.py", line 733, in _execute_callable
    return ExecutionCallableRunner(
           ^^^^^^^^^^^^^^^^^^^^^^^^
  File "/home/airflow/.local/lib/python3.11/site-packages/airflow/utils/operator_helpers.py", line 252, in run
    return self.func(*args, **kwargs)
           ^^^^^^^^^^^^^^^^^^^^^^^^^^
  File "/home/airflow/.local/lib/python3.11/site-packages/airflow/models/baseoperator.py", line 417, in wrapper
    return func(self, *args, **kwargs)
           ^^^^^^^^^^^^^^^^^^^^^^^^^^^
  File "/home/airflow/.local/lib/python3.11/site-packages/airflow/providers/apache/spark/operators/spark_submit.py", line 197, in execute
    self._hook.submit(self.application)
  File "/home/airflow/.local/lib/python3.11/site-packages/airflow/providers/apache/spark/hooks/spark_submit.py", line 566, in submit
    raise AirflowException(
airflow.exceptions.AirflowException: Cannot execute: spark-submit --master spark://spark-master:7077 --conf spark.executor.memory=2g --conf spark.sql.extensions=io.delta.sql.DeltaSparkSessionExtension --conf spark.sql.catalog.spark_catalog=org.apache.spark.sql.delta.catalog.DeltaCatalog --conf spark.hadoop.fs.s3a.endpoint=http://minio:9000 --conf spark.hadoop.fs.s3a.access.key=None --conf spark.hadoop.fs.s3a.secret.key=****** --conf spark.hadoop.fs.s3a.path.style.access=true --conf spark.hadoop.fs.s3a.impl=org.apache.hadoop.fs.s3a.S3AFileSystem --conf spark.hadoop.fs.s3a.aws.credentials.provider=org.apache.hadoop.fs.s3a.SimpleAWSCredentialsProvider --packages org.apache.hadoop:hadoop-aws:3.3.4,com.amazonaws:aws-java-sdk-bundle:1.12.262,io.delta:delta-spark_2.12:3.1.0 --name arrow-spark --queue root.default --deploy-mode client dags/silver_to_gold_sc_summary_etl.py --output_path s3a://mybucket/sc_stats_db.db/bronze. Error code is: 1.
[2025-06-07T14:22:36.156+0000] {taskinstance.py:1225} INFO - Marking task as FAILED. dag_id=stephen_curry_stats_medallion_etl, task_id=silver_to_gold, run_id=manual__2025-06-07T14:22:29.223954+00:00, execution_date=20250607T142229, start_date=20250607T142230, end_date=20250607T142236
[2025-06-07T14:22:36.291+0000] {taskinstance.py:340} INFO - ::group::Post task execution logs
[2025-06-07T14:22:36.292+0000] {standard_task_runner.py:124} ERROR - Failed to execute job 101 for task silver_to_gold (Cannot execute: spark-submit --master spark://spark-master:7077 --conf spark.executor.memory=2g --conf spark.sql.extensions=io.delta.sql.DeltaSparkSessionExtension --conf spark.sql.catalog.spark_catalog=org.apache.spark.sql.delta.catalog.DeltaCatalog --conf spark.hadoop.fs.s3a.endpoint=http://minio:9000 --conf spark.hadoop.fs.s3a.access.key=None --conf spark.hadoop.fs.s3a.secret.key=****** --conf spark.hadoop.fs.s3a.path.style.access=true --conf spark.hadoop.fs.s3a.impl=org.apache.hadoop.fs.s3a.S3AFileSystem --conf spark.hadoop.fs.s3a.aws.credentials.provider=org.apache.hadoop.fs.s3a.SimpleAWSCredentialsProvider --packages org.apache.hadoop:hadoop-aws:3.3.4,com.amazonaws:aws-java-sdk-bundle:1.12.262,io.delta:delta-spark_2.12:3.1.0 --name arrow-spark --queue root.default --deploy-mode client dags/silver_to_gold_sc_summary_etl.py --output_path s3a://mybucket/sc_stats_db.db/bronze. Error code is: 1.; 5249)
Traceback (most recent call last):
  File "/home/airflow/.local/lib/python3.11/site-packages/airflow/task/task_runner/standard_task_runner.py", line 117, in _start_by_fork
    ret = args.func(args, dag=self.dag)
          ^^^^^^^^^^^^^^^^^^^^^^^^^^^^^
  File "/home/airflow/.local/lib/python3.11/site-packages/airflow/cli/cli_config.py", line 49, in command
    return func(*args, **kwargs)
           ^^^^^^^^^^^^^^^^^^^^^
  File "/home/airflow/.local/lib/python3.11/site-packages/airflow/utils/cli.py", line 116, in wrapper
    return f(*args, **kwargs)
           ^^^^^^^^^^^^^^^^^^
  File "/home/airflow/.local/lib/python3.11/site-packages/airflow/cli/commands/task_command.py", line 483, in task_run
    task_return_code = _run_task_by_selected_method(args, _dag, ti)
                       ^^^^^^^^^^^^^^^^^^^^^^^^^^^^^^^^^^^^^^^^^^^^
  File "/home/airflow/.local/lib/python3.11/site-packages/airflow/cli/commands/task_command.py", line 256, in _run_task_by_selected_method
    return _run_raw_task(args, ti)
           ^^^^^^^^^^^^^^^^^^^^^^^
  File "/home/airflow/.local/lib/python3.11/site-packages/airflow/cli/commands/task_command.py", line 341, in _run_raw_task
    return ti._run_raw_task(
           ^^^^^^^^^^^^^^^^^
  File "/home/airflow/.local/lib/python3.11/site-packages/airflow/utils/session.py", line 97, in wrapper
    return func(*args, session=session, **kwargs)
           ^^^^^^^^^^^^^^^^^^^^^^^^^^^^^^^^^^^^^^
  File "/home/airflow/.local/lib/python3.11/site-packages/airflow/models/taskinstance.py", line 3005, in _run_raw_task
    return _run_raw_task(
           ^^^^^^^^^^^^^^
  File "/home/airflow/.local/lib/python3.11/site-packages/airflow/models/taskinstance.py", line 273, in _run_raw_task
    TaskInstance._execute_task_with_callbacks(
  File "/home/airflow/.local/lib/python3.11/site-packages/airflow/models/taskinstance.py", line 3159, in _execute_task_with_callbacks
    result = self._execute_task(context, task_orig)
             ^^^^^^^^^^^^^^^^^^^^^^^^^^^^^^^^^^^^^^
  File "/home/airflow/.local/lib/python3.11/site-packages/airflow/models/taskinstance.py", line 3183, in _execute_task
    return _execute_task(self, context, task_orig)
           ^^^^^^^^^^^^^^^^^^^^^^^^^^^^^^^^^^^^^^^
  File "/home/airflow/.local/lib/python3.11/site-packages/airflow/models/taskinstance.py", line 767, in _execute_task
    result = _execute_callable(context=context, **execute_callable_kwargs)
             ^^^^^^^^^^^^^^^^^^^^^^^^^^^^^^^^^^^^^^^^^^^^^^^^^^^^^^^^^^^^^
  File "/home/airflow/.local/lib/python3.11/site-packages/airflow/models/taskinstance.py", line 733, in _execute_callable
    return ExecutionCallableRunner(
           ^^^^^^^^^^^^^^^^^^^^^^^^
  File "/home/airflow/.local/lib/python3.11/site-packages/airflow/utils/operator_helpers.py", line 252, in run
    return self.func(*args, **kwargs)
           ^^^^^^^^^^^^^^^^^^^^^^^^^^
  File "/home/airflow/.local/lib/python3.11/site-packages/airflow/models/baseoperator.py", line 417, in wrapper
    return func(self, *args, **kwargs)
           ^^^^^^^^^^^^^^^^^^^^^^^^^^^
  File "/home/airflow/.local/lib/python3.11/site-packages/airflow/providers/apache/spark/operators/spark_submit.py", line 197, in execute
    self._hook.submit(self.application)
  File "/home/airflow/.local/lib/python3.11/site-packages/airflow/providers/apache/spark/hooks/spark_submit.py", line 566, in submit
    raise AirflowException(
airflow.exceptions.AirflowException: Cannot execute: spark-submit --master spark://spark-master:7077 --conf spark.executor.memory=2g --conf spark.sql.extensions=io.delta.sql.DeltaSparkSessionExtension --conf spark.sql.catalog.spark_catalog=org.apache.spark.sql.delta.catalog.DeltaCatalog --conf spark.hadoop.fs.s3a.endpoint=http://minio:9000 --conf spark.hadoop.fs.s3a.access.key=None --conf spark.hadoop.fs.s3a.secret.key=****** --conf spark.hadoop.fs.s3a.path.style.access=true --conf spark.hadoop.fs.s3a.impl=org.apache.hadoop.fs.s3a.S3AFileSystem --conf spark.hadoop.fs.s3a.aws.credentials.provider=org.apache.hadoop.fs.s3a.SimpleAWSCredentialsProvider --packages org.apache.hadoop:hadoop-aws:3.3.4,com.amazonaws:aws-java-sdk-bundle:1.12.262,io.delta:delta-spark_2.12:3.1.0 --name arrow-spark --queue root.default --deploy-mode client dags/silver_to_gold_sc_summary_etl.py --output_path s3a://mybucket/sc_stats_db.db/bronze. Error code is: 1.
[2025-06-07T14:22:36.325+0000] {local_task_job_runner.py:266} INFO - Task exited with return code 1
[2025-06-07T14:22:36.338+0000] {local_task_job_runner.py:245} INFO - ::endgroup::
