[2025-06-07T10:25:21.042+0000] {local_task_job_runner.py:123} INFO - ::group::Pre task execution logs
[2025-06-07T10:25:21.051+0000] {taskinstance.py:2613} INFO - Dependencies all met for dep_context=non-requeueable deps ti=<TaskInstance: curry_medallion_etl.submit_bronze_etl_job manual__2025-06-07T10:25:19.285076+00:00 [queued]>
[2025-06-07T10:25:21.054+0000] {taskinstance.py:2613} INFO - Dependencies all met for dep_context=requeueable deps ti=<TaskInstance: curry_medallion_etl.submit_bronze_etl_job manual__2025-06-07T10:25:19.285076+00:00 [queued]>
[2025-06-07T10:25:21.054+0000] {taskinstance.py:2866} INFO - Starting attempt 1 of 1
[2025-06-07T10:25:21.059+0000] {taskinstance.py:2889} INFO - Executing <Task(SparkSubmitOperator): submit_bronze_etl_job> on 2025-06-07 10:25:19.285076+00:00
[2025-06-07T10:25:21.061+0000] {standard_task_runner.py:72} INFO - Started process 4393 to run task
[2025-06-07T10:25:21.063+0000] {standard_task_runner.py:104} INFO - Running: ['***', 'tasks', 'run', 'curry_medallion_etl', 'submit_bronze_etl_job', 'manual__2025-06-07T10:25:19.285076+00:00', '--job-id', '30', '--raw', '--subdir', 'DAGS_FOLDER/medallion_sales_etl_dag.py', '--cfg-path', '/tmp/tmp17eioevv']
[2025-06-07T10:25:21.065+0000] {standard_task_runner.py:105} INFO - Job 30: Subtask submit_bronze_etl_job
[2025-06-07T10:25:21.090+0000] {task_command.py:467} INFO - Running <TaskInstance: curry_medallion_etl.submit_bronze_etl_job manual__2025-06-07T10:25:19.285076+00:00 [running]> on host 1ed3a5ab4297
[2025-06-07T10:25:21.137+0000] {taskinstance.py:3132} INFO - Exporting env vars: AIRFLOW_CTX_DAG_OWNER='qdinh18' AIRFLOW_CTX_DAG_ID='curry_medallion_etl' AIRFLOW_CTX_TASK_ID='submit_bronze_etl_job' AIRFLOW_CTX_EXECUTION_DATE='2025-06-07T10:25:19.285076+00:00' AIRFLOW_CTX_TRY_NUMBER='1' AIRFLOW_CTX_DAG_RUN_ID='manual__2025-06-07T10:25:19.285076+00:00'
[2025-06-07T10:25:21.138+0000] {taskinstance.py:731} INFO - ::endgroup::
[2025-06-07T10:25:21.154+0000] {base.py:84} INFO - Retrieving connection 'spark_default'
[2025-06-07T10:25:21.155+0000] {spark_submit.py:474} INFO - Spark-Submit cmd: spark-submit --master spark://spark-master:7077 --conf spark.executor.memory=2g --conf spark.sql.extensions=io.delta.sql.DeltaSparkSessionExtension --conf spark.sql.catalog.spark_catalog=org.apache.spark.sql.delta.catalog.DeltaCatalog --conf spark.hadoop.fs.s3a.endpoint=http://minio:9000 --conf spark.hadoop.fs.s3a.access.key=minioadmin --conf spark.hadoop.fs.s3a.secret.key=****** --conf spark.hadoop.fs.s3a.path.style.access=true --conf spark.hadoop.fs.s3a.impl=org.apache.hadoop.fs.s3a.S3AFileSystem --packages org.apache.hadoop:hadoop-aws:3.3.4,com.amazonaws:aws-java-sdk-bundle:1.12.262,io.delta:delta-spark_2.12:3.1.0 --name bronze_sc_stats_etl --verbose --queue root.default --deploy-mode client /opt/***/dags/bronze_ingestion_sc_stats_etl.py --output_path s3a://mybucket/bronze/curry_raw_data/
[2025-06-07T10:25:21.767+0000] {spark_submit.py:644} INFO - Using properties file: null
[2025-06-07T10:25:21.818+0000] {spark_submit.py:644} INFO - Parsed arguments:
[2025-06-07T10:25:21.819+0000] {spark_submit.py:644} INFO - master                  spark://spark-master:7077
[2025-06-07T10:25:21.819+0000] {spark_submit.py:644} INFO - remote                  null
[2025-06-07T10:25:21.819+0000] {spark_submit.py:644} INFO - deployMode              client
[2025-06-07T10:25:21.819+0000] {spark_submit.py:644} INFO - executorMemory          2g
[2025-06-07T10:25:21.820+0000] {spark_submit.py:644} INFO - executorCores           null
[2025-06-07T10:25:21.820+0000] {spark_submit.py:644} INFO - totalExecutorCores      null
[2025-06-07T10:25:21.820+0000] {spark_submit.py:644} INFO - propertiesFile          null
[2025-06-07T10:25:21.820+0000] {spark_submit.py:644} INFO - driverMemory            null
[2025-06-07T10:25:21.820+0000] {spark_submit.py:644} INFO - driverCores             null
[2025-06-07T10:25:21.820+0000] {spark_submit.py:644} INFO - driverExtraClassPath    null
[2025-06-07T10:25:21.821+0000] {spark_submit.py:644} INFO - driverExtraLibraryPath  null
[2025-06-07T10:25:21.821+0000] {spark_submit.py:644} INFO - driverExtraJavaOptions  null
[2025-06-07T10:25:21.821+0000] {spark_submit.py:644} INFO - supervise               false
[2025-06-07T10:25:21.821+0000] {spark_submit.py:644} INFO - queue                   root.default
[2025-06-07T10:25:21.821+0000] {spark_submit.py:644} INFO - numExecutors            null
[2025-06-07T10:25:21.821+0000] {spark_submit.py:644} INFO - files                   null
[2025-06-07T10:25:21.822+0000] {spark_submit.py:644} INFO - pyFiles                 null
[2025-06-07T10:25:21.822+0000] {spark_submit.py:644} INFO - archives                null
[2025-06-07T10:25:21.822+0000] {spark_submit.py:644} INFO - mainClass               null
[2025-06-07T10:25:21.822+0000] {spark_submit.py:644} INFO - primaryResource         file:/opt/***/dags/bronze_ingestion_sc_stats_etl.py
[2025-06-07T10:25:21.822+0000] {spark_submit.py:644} INFO - name                    bronze_sc_stats_etl
[2025-06-07T10:25:21.823+0000] {spark_submit.py:644} INFO - childArgs               [--output_path s3a://mybucket/bronze/curry_raw_data/]
[2025-06-07T10:25:21.823+0000] {spark_submit.py:644} INFO - jars                    null
[2025-06-07T10:25:21.823+0000] {spark_submit.py:644} INFO - packages                org.apache.hadoop:hadoop-aws:3.3.4,com.amazonaws:aws-java-sdk-bundle:1.12.262,io.delta:delta-spark_2.12:3.1.0
[2025-06-07T10:25:21.823+0000] {spark_submit.py:644} INFO - packagesExclusions      null
[2025-06-07T10:25:21.824+0000] {spark_submit.py:644} INFO - repositories            null
[2025-06-07T10:25:21.824+0000] {spark_submit.py:644} INFO - verbose                 true
[2025-06-07T10:25:21.824+0000] {spark_submit.py:644} INFO - 
[2025-06-07T10:25:21.824+0000] {spark_submit.py:644} INFO - Spark properties used, including those specified through
[2025-06-07T10:25:21.824+0000] {spark_submit.py:644} INFO - --conf and those from the properties file null:
[2025-06-07T10:25:21.825+0000] {spark_submit.py:644} INFO - (spark.executor.memory,2g)
[2025-06-07T10:25:21.825+0000] {spark_submit.py:644} INFO - (spark.hadoop.fs.s3a.access.key,*********(redacted))
[2025-06-07T10:25:21.825+0000] {spark_submit.py:644} INFO - (spark.hadoop.fs.s3a.endpoint,http://minio:9000)
[2025-06-07T10:25:21.825+0000] {spark_submit.py:644} INFO - (spark.hadoop.fs.s3a.impl,org.apache.hadoop.fs.s3a.S3AFileSystem)
[2025-06-07T10:25:21.825+0000] {spark_submit.py:644} INFO - (spark.hadoop.fs.s3a.path.style.access,true)
[2025-06-07T10:25:21.825+0000] {spark_submit.py:644} INFO - (spark.hadoop.fs.s3a.secret.key,*********(redacted))
[2025-06-07T10:25:21.826+0000] {spark_submit.py:644} INFO - (spark.sql.catalog.spark_catalog,org.apache.spark.sql.delta.catalog.DeltaCatalog)
[2025-06-07T10:25:21.826+0000] {spark_submit.py:644} INFO - (spark.sql.extensions,io.delta.sql.DeltaSparkSessionExtension)
[2025-06-07T10:25:21.826+0000] {spark_submit.py:644} INFO - 
[2025-06-07T10:25:21.826+0000] {spark_submit.py:644} INFO - 
[2025-06-07T10:25:21.882+0000] {spark_submit.py:644} INFO - :: loading settings :: url = jar:file:/home/***/.local/lib/python3.11/site-packages/pyspark/jars/ivy-2.5.1.jar!/org/apache/ivy/core/settings/ivysettings.xml
[2025-06-07T10:25:21.915+0000] {spark_submit.py:644} INFO - Ivy Default Cache set to: /home/***/.ivy2/cache
[2025-06-07T10:25:21.915+0000] {spark_submit.py:644} INFO - The jars for the packages stored in: /home/***/.ivy2/jars
[2025-06-07T10:25:21.917+0000] {spark_submit.py:644} INFO - org.apache.hadoop#hadoop-aws added as a dependency
[2025-06-07T10:25:21.917+0000] {spark_submit.py:644} INFO - com.amazonaws#aws-java-sdk-bundle added as a dependency
[2025-06-07T10:25:21.918+0000] {spark_submit.py:644} INFO - io.delta#delta-spark_2.12 added as a dependency
[2025-06-07T10:25:21.918+0000] {spark_submit.py:644} INFO - :: resolving dependencies :: org.apache.spark#spark-submit-parent-fcc848c0-87fe-4a3a-996b-e242dcaa452b;1.0
[2025-06-07T10:25:21.918+0000] {spark_submit.py:644} INFO - confs: [default]
[2025-06-07T10:25:21.998+0000] {spark_submit.py:644} INFO - found org.apache.hadoop#hadoop-aws;3.3.4 in central
[2025-06-07T10:25:22.010+0000] {spark_submit.py:644} INFO - found com.amazonaws#aws-java-sdk-bundle;1.12.262 in central
[2025-06-07T10:25:22.021+0000] {spark_submit.py:644} INFO - found org.wildfly.openssl#wildfly-openssl;1.0.7.Final in central
[2025-06-07T10:25:22.030+0000] {spark_submit.py:644} INFO - found io.delta#delta-spark_2.12;3.1.0 in central
[2025-06-07T10:25:22.039+0000] {spark_submit.py:644} INFO - found io.delta#delta-storage;3.1.0 in central
[2025-06-07T10:25:22.047+0000] {spark_submit.py:644} INFO - found org.antlr#antlr4-runtime;4.9.3 in central
[2025-06-07T10:25:22.057+0000] {spark_submit.py:644} INFO - :: resolution report :: resolve 134ms :: artifacts dl 5ms
[2025-06-07T10:25:22.058+0000] {spark_submit.py:644} INFO - :: modules in use:
[2025-06-07T10:25:22.058+0000] {spark_submit.py:644} INFO - com.amazonaws#aws-java-sdk-bundle;1.12.262 from central in [default]
[2025-06-07T10:25:22.058+0000] {spark_submit.py:644} INFO - io.delta#delta-spark_2.12;3.1.0 from central in [default]
[2025-06-07T10:25:22.058+0000] {spark_submit.py:644} INFO - io.delta#delta-storage;3.1.0 from central in [default]
[2025-06-07T10:25:22.058+0000] {spark_submit.py:644} INFO - org.antlr#antlr4-runtime;4.9.3 from central in [default]
[2025-06-07T10:25:22.059+0000] {spark_submit.py:644} INFO - org.apache.hadoop#hadoop-aws;3.3.4 from central in [default]
[2025-06-07T10:25:22.059+0000] {spark_submit.py:644} INFO - org.wildfly.openssl#wildfly-openssl;1.0.7.Final from central in [default]
[2025-06-07T10:25:22.059+0000] {spark_submit.py:644} INFO - ---------------------------------------------------------------------
[2025-06-07T10:25:22.059+0000] {spark_submit.py:644} INFO - |                  |            modules            ||   artifacts   |
[2025-06-07T10:25:22.060+0000] {spark_submit.py:644} INFO - |       conf       | number| search|dwnlded|evicted|| number|dwnlded|
[2025-06-07T10:25:22.060+0000] {spark_submit.py:644} INFO - ---------------------------------------------------------------------
[2025-06-07T10:25:22.060+0000] {spark_submit.py:644} INFO - |      default     |   6   |   0   |   0   |   0   ||   6   |   0   |
[2025-06-07T10:25:22.060+0000] {spark_submit.py:644} INFO - ---------------------------------------------------------------------
[2025-06-07T10:25:22.060+0000] {spark_submit.py:644} INFO - :: retrieving :: org.apache.spark#spark-submit-parent-fcc848c0-87fe-4a3a-996b-e242dcaa452b
[2025-06-07T10:25:22.061+0000] {spark_submit.py:644} INFO - confs: [default]
[2025-06-07T10:25:22.064+0000] {spark_submit.py:644} INFO - 0 artifacts copied, 6 already retrieved (0kB/3ms)
[2025-06-07T10:25:22.154+0000] {spark_submit.py:644} INFO - 25/06/07 10:25:22 WARN NativeCodeLoader: Unable to load native-hadoop library for your platform... using builtin-java classes where applicable
[2025-06-07T10:25:22.243+0000] {spark_submit.py:644} INFO - Main class:
[2025-06-07T10:25:22.244+0000] {spark_submit.py:644} INFO - org.apache.spark.deploy.PythonRunner
[2025-06-07T10:25:22.244+0000] {spark_submit.py:644} INFO - Arguments:
[2025-06-07T10:25:22.244+0000] {spark_submit.py:644} INFO - file:/opt/***/dags/bronze_ingestion_sc_stats_etl.py
[2025-06-07T10:25:22.245+0000] {spark_submit.py:644} INFO - file:///home/***/.ivy2/jars/org.apache.hadoop_hadoop-aws-3.3.4.jar,file:///home/***/.ivy2/jars/com.amazonaws_aws-java-sdk-bundle-1.12.262.jar,file:///home/***/.ivy2/jars/io.delta_delta-spark_2.12-3.1.0.jar,file:///home/***/.ivy2/jars/org.wildfly.openssl_wildfly-openssl-1.0.7.Final.jar,file:///home/***/.ivy2/jars/io.delta_delta-storage-3.1.0.jar,file:///home/***/.ivy2/jars/org.antlr_antlr4-runtime-4.9.3.jar
[2025-06-07T10:25:22.245+0000] {spark_submit.py:644} INFO - --output_path
[2025-06-07T10:25:22.245+0000] {spark_submit.py:644} INFO - s3a://mybucket/bronze/curry_raw_data/
[2025-06-07T10:25:22.246+0000] {spark_submit.py:644} INFO - Spark config:
[2025-06-07T10:25:22.246+0000] {spark_submit.py:644} INFO - (spark.app.name,bronze_sc_stats_etl)
[2025-06-07T10:25:22.246+0000] {spark_submit.py:644} INFO - (spark.app.submitTime,1749291922235)
[2025-06-07T10:25:22.250+0000] {spark_submit.py:644} INFO - (spark.executor.memory,2g)
[2025-06-07T10:25:22.250+0000] {spark_submit.py:644} INFO - (spark.files,file:///home/***/.ivy2/jars/org.apache.hadoop_hadoop-aws-3.3.4.jar,file:///home/***/.ivy2/jars/com.amazonaws_aws-java-sdk-bundle-1.12.262.jar,file:///home/***/.ivy2/jars/io.delta_delta-spark_2.12-3.1.0.jar,file:///home/***/.ivy2/jars/org.wildfly.openssl_wildfly-openssl-1.0.7.Final.jar,file:///home/***/.ivy2/jars/io.delta_delta-storage-3.1.0.jar,file:///home/***/.ivy2/jars/org.antlr_antlr4-runtime-4.9.3.jar)
[2025-06-07T10:25:22.250+0000] {spark_submit.py:644} INFO - (spark.hadoop.fs.s3a.access.key,*********(redacted))
[2025-06-07T10:25:22.251+0000] {spark_submit.py:644} INFO - (spark.hadoop.fs.s3a.endpoint,http://minio:9000)
[2025-06-07T10:25:22.251+0000] {spark_submit.py:644} INFO - (spark.hadoop.fs.s3a.impl,org.apache.hadoop.fs.s3a.S3AFileSystem)
[2025-06-07T10:25:22.251+0000] {spark_submit.py:644} INFO - (spark.hadoop.fs.s3a.path.style.access,true)
[2025-06-07T10:25:22.251+0000] {spark_submit.py:644} INFO - (spark.hadoop.fs.s3a.secret.key,*********(redacted))
[2025-06-07T10:25:22.251+0000] {spark_submit.py:644} INFO - (spark.jars,file:///home/***/.ivy2/jars/org.apache.hadoop_hadoop-aws-3.3.4.jar,file:///home/***/.ivy2/jars/com.amazonaws_aws-java-sdk-bundle-1.12.262.jar,file:///home/***/.ivy2/jars/io.delta_delta-spark_2.12-3.1.0.jar,file:///home/***/.ivy2/jars/org.wildfly.openssl_wildfly-openssl-1.0.7.Final.jar,file:///home/***/.ivy2/jars/io.delta_delta-storage-3.1.0.jar,file:///home/***/.ivy2/jars/org.antlr_antlr4-runtime-4.9.3.jar)
[2025-06-07T10:25:22.252+0000] {spark_submit.py:644} INFO - (spark.master,spark://spark-master:7077)
[2025-06-07T10:25:22.252+0000] {spark_submit.py:644} INFO - (spark.repl.local.jars,file:///home/***/.ivy2/jars/org.apache.hadoop_hadoop-aws-3.3.4.jar,file:///home/***/.ivy2/jars/com.amazonaws_aws-java-sdk-bundle-1.12.262.jar,file:///home/***/.ivy2/jars/io.delta_delta-spark_2.12-3.1.0.jar,file:///home/***/.ivy2/jars/org.wildfly.openssl_wildfly-openssl-1.0.7.Final.jar,file:///home/***/.ivy2/jars/io.delta_delta-storage-3.1.0.jar,file:///home/***/.ivy2/jars/org.antlr_antlr4-runtime-4.9.3.jar)
[2025-06-07T10:25:22.252+0000] {spark_submit.py:644} INFO - (spark.sql.catalog.spark_catalog,org.apache.spark.sql.delta.catalog.DeltaCatalog)
[2025-06-07T10:25:22.252+0000] {spark_submit.py:644} INFO - (spark.sql.extensions,io.delta.sql.DeltaSparkSessionExtension)
[2025-06-07T10:25:22.252+0000] {spark_submit.py:644} INFO - (spark.submit.deployMode,client)
[2025-06-07T10:25:22.252+0000] {spark_submit.py:644} INFO - (spark.submit.pyFiles,/home/***/.ivy2/jars/org.apache.hadoop_hadoop-aws-3.3.4.jar,/home/***/.ivy2/jars/com.amazonaws_aws-java-sdk-bundle-1.12.262.jar,/home/***/.ivy2/jars/io.delta_delta-spark_2.12-3.1.0.jar,/home/***/.ivy2/jars/org.wildfly.openssl_wildfly-openssl-1.0.7.Final.jar,/home/***/.ivy2/jars/io.delta_delta-storage-3.1.0.jar,/home/***/.ivy2/jars/org.antlr_antlr4-runtime-4.9.3.jar)
[2025-06-07T10:25:22.253+0000] {spark_submit.py:644} INFO - Classpath elements:
[2025-06-07T10:25:22.253+0000] {spark_submit.py:644} INFO - file:///home/***/.ivy2/jars/org.apache.hadoop_hadoop-aws-3.3.4.jar
[2025-06-07T10:25:22.253+0000] {spark_submit.py:644} INFO - file:///home/***/.ivy2/jars/com.amazonaws_aws-java-sdk-bundle-1.12.262.jar
[2025-06-07T10:25:22.253+0000] {spark_submit.py:644} INFO - file:///home/***/.ivy2/jars/io.delta_delta-spark_2.12-3.1.0.jar
[2025-06-07T10:25:22.253+0000] {spark_submit.py:644} INFO - file:///home/***/.ivy2/jars/org.wildfly.openssl_wildfly-openssl-1.0.7.Final.jar
[2025-06-07T10:25:22.254+0000] {spark_submit.py:644} INFO - file:///home/***/.ivy2/jars/io.delta_delta-storage-3.1.0.jar
[2025-06-07T10:25:22.254+0000] {spark_submit.py:644} INFO - file:///home/***/.ivy2/jars/org.antlr_antlr4-runtime-4.9.3.jar
[2025-06-07T10:25:22.254+0000] {spark_submit.py:644} INFO - 
[2025-06-07T10:25:22.254+0000] {spark_submit.py:644} INFO - 
[2025-06-07T10:25:22.848+0000] {spark_submit.py:644} INFO - 25/06/07 10:25:22 INFO SparkContext: Running Spark version 3.5.2
[2025-06-07T10:25:22.849+0000] {spark_submit.py:644} INFO - 25/06/07 10:25:22 INFO SparkContext: OS info Linux, 6.10.14-linuxkit, aarch64
[2025-06-07T10:25:22.849+0000] {spark_submit.py:644} INFO - 25/06/07 10:25:22 INFO SparkContext: Java version 17.0.15
[2025-06-07T10:25:22.862+0000] {spark_submit.py:644} INFO - 25/06/07 10:25:22 INFO ResourceUtils: ==============================================================
[2025-06-07T10:25:22.863+0000] {spark_submit.py:644} INFO - 25/06/07 10:25:22 INFO ResourceUtils: No custom resources configured for spark.driver.
[2025-06-07T10:25:22.863+0000] {spark_submit.py:644} INFO - 25/06/07 10:25:22 INFO ResourceUtils: ==============================================================
[2025-06-07T10:25:22.863+0000] {spark_submit.py:644} INFO - 25/06/07 10:25:22 INFO SparkContext: Submitted application: BronzeIngestionStephenCurryStats
[2025-06-07T10:25:22.872+0000] {spark_submit.py:644} INFO - 25/06/07 10:25:22 INFO ResourceProfile: Default ResourceProfile created, executor resources: Map(memory -> name: memory, amount: 2048, script: , vendor: , offHeap -> name: offHeap, amount: 0, script: , vendor: ), task resources: Map(cpus -> name: cpus, amount: 1.0)
[2025-06-07T10:25:22.876+0000] {spark_submit.py:644} INFO - 25/06/07 10:25:22 INFO ResourceProfile: Limiting resource is cpu
[2025-06-07T10:25:22.877+0000] {spark_submit.py:644} INFO - 25/06/07 10:25:22 INFO ResourceProfileManager: Added ResourceProfile id: 0
[2025-06-07T10:25:22.902+0000] {spark_submit.py:644} INFO - 25/06/07 10:25:22 INFO SecurityManager: Changing view acls to: ***
[2025-06-07T10:25:22.902+0000] {spark_submit.py:644} INFO - 25/06/07 10:25:22 INFO SecurityManager: Changing modify acls to: ***
[2025-06-07T10:25:22.902+0000] {spark_submit.py:644} INFO - 25/06/07 10:25:22 INFO SecurityManager: Changing view acls groups to:
[2025-06-07T10:25:22.903+0000] {spark_submit.py:644} INFO - 25/06/07 10:25:22 INFO SecurityManager: Changing modify acls groups to:
[2025-06-07T10:25:22.903+0000] {spark_submit.py:644} INFO - 25/06/07 10:25:22 INFO SecurityManager: SecurityManager: authentication disabled; ui acls disabled; users with view permissions: ***; groups with view permissions: EMPTY; users with modify permissions: ***; groups with modify permissions: EMPTY
[2025-06-07T10:25:23.005+0000] {spark_submit.py:644} INFO - 25/06/07 10:25:23 INFO Utils: Successfully started service 'sparkDriver' on port 39197.
[2025-06-07T10:25:23.025+0000] {spark_submit.py:644} INFO - 25/06/07 10:25:23 INFO SparkEnv: Registering MapOutputTracker
[2025-06-07T10:25:23.048+0000] {spark_submit.py:644} INFO - 25/06/07 10:25:23 INFO SparkEnv: Registering BlockManagerMaster
[2025-06-07T10:25:23.055+0000] {spark_submit.py:644} INFO - 25/06/07 10:25:23 INFO BlockManagerMasterEndpoint: Using org.apache.spark.storage.DefaultTopologyMapper for getting topology information
[2025-06-07T10:25:23.056+0000] {spark_submit.py:644} INFO - 25/06/07 10:25:23 INFO BlockManagerMasterEndpoint: BlockManagerMasterEndpoint up
[2025-06-07T10:25:23.057+0000] {spark_submit.py:644} INFO - 25/06/07 10:25:23 INFO SparkEnv: Registering BlockManagerMasterHeartbeat
[2025-06-07T10:25:23.066+0000] {spark_submit.py:644} INFO - 25/06/07 10:25:23 INFO DiskBlockManager: Created local directory at /tmp/blockmgr-795e7a92-e11c-47f1-afdb-e81f4a0bb0a6
[2025-06-07T10:25:23.073+0000] {spark_submit.py:644} INFO - 25/06/07 10:25:23 INFO MemoryStore: MemoryStore started with capacity 434.4 MiB
[2025-06-07T10:25:23.081+0000] {spark_submit.py:644} INFO - 25/06/07 10:25:23 INFO SparkEnv: Registering OutputCommitCoordinator
[2025-06-07T10:25:23.138+0000] {spark_submit.py:644} INFO - 25/06/07 10:25:23 INFO JettyUtils: Start Jetty 0.0.0.0:4040 for SparkUI
[2025-06-07T10:25:23.171+0000] {spark_submit.py:644} INFO - 25/06/07 10:25:23 INFO Utils: Successfully started service 'SparkUI' on port 4040.
[2025-06-07T10:25:23.194+0000] {spark_submit.py:644} INFO - 25/06/07 10:25:23 INFO SparkContext: Added JAR file:///home/***/.ivy2/jars/org.apache.hadoop_hadoop-aws-3.3.4.jar at spark://1ed3a5ab4297:39197/jars/org.apache.hadoop_hadoop-aws-3.3.4.jar with timestamp 1749291922845
[2025-06-07T10:25:23.195+0000] {spark_submit.py:644} INFO - 25/06/07 10:25:23 INFO SparkContext: Added JAR file:///home/***/.ivy2/jars/com.amazonaws_aws-java-sdk-bundle-1.12.262.jar at spark://1ed3a5ab4297:39197/jars/com.amazonaws_aws-java-sdk-bundle-1.12.262.jar with timestamp 1749291922845
[2025-06-07T10:25:23.195+0000] {spark_submit.py:644} INFO - 25/06/07 10:25:23 INFO SparkContext: Added JAR file:///home/***/.ivy2/jars/io.delta_delta-spark_2.12-3.1.0.jar at spark://1ed3a5ab4297:39197/jars/io.delta_delta-spark_2.12-3.1.0.jar with timestamp 1749291922845
[2025-06-07T10:25:23.195+0000] {spark_submit.py:644} INFO - 25/06/07 10:25:23 INFO SparkContext: Added JAR file:///home/***/.ivy2/jars/org.wildfly.openssl_wildfly-openssl-1.0.7.Final.jar at spark://1ed3a5ab4297:39197/jars/org.wildfly.openssl_wildfly-openssl-1.0.7.Final.jar with timestamp 1749291922845
[2025-06-07T10:25:23.195+0000] {spark_submit.py:644} INFO - 25/06/07 10:25:23 INFO SparkContext: Added JAR file:///home/***/.ivy2/jars/io.delta_delta-storage-3.1.0.jar at spark://1ed3a5ab4297:39197/jars/io.delta_delta-storage-3.1.0.jar with timestamp 1749291922845
[2025-06-07T10:25:23.195+0000] {spark_submit.py:644} INFO - 25/06/07 10:25:23 INFO SparkContext: Added JAR file:///home/***/.ivy2/jars/org.antlr_antlr4-runtime-4.9.3.jar at spark://1ed3a5ab4297:39197/jars/org.antlr_antlr4-runtime-4.9.3.jar with timestamp 1749291922845
[2025-06-07T10:25:23.196+0000] {spark_submit.py:644} INFO - 25/06/07 10:25:23 INFO SparkContext: Added file file:///home/***/.ivy2/jars/org.apache.hadoop_hadoop-aws-3.3.4.jar at spark://1ed3a5ab4297:39197/files/org.apache.hadoop_hadoop-aws-3.3.4.jar with timestamp 1749291922845
[2025-06-07T10:25:23.197+0000] {spark_submit.py:644} INFO - 25/06/07 10:25:23 INFO Utils: Copying /home/***/.ivy2/jars/org.apache.hadoop_hadoop-aws-3.3.4.jar to /tmp/spark-5ff6bc85-7354-47e1-acb0-cc1a66c944d1/userFiles-c7287c84-f986-4429-a828-f19215283ae4/org.apache.hadoop_hadoop-aws-3.3.4.jar
[2025-06-07T10:25:23.205+0000] {spark_submit.py:644} INFO - 25/06/07 10:25:23 INFO SparkContext: Added file file:///home/***/.ivy2/jars/com.amazonaws_aws-java-sdk-bundle-1.12.262.jar at spark://1ed3a5ab4297:39197/files/com.amazonaws_aws-java-sdk-bundle-1.12.262.jar with timestamp 1749291922845
[2025-06-07T10:25:23.205+0000] {spark_submit.py:644} INFO - 25/06/07 10:25:23 INFO Utils: Copying /home/***/.ivy2/jars/com.amazonaws_aws-java-sdk-bundle-1.12.262.jar to /tmp/spark-5ff6bc85-7354-47e1-acb0-cc1a66c944d1/userFiles-c7287c84-f986-4429-a828-f19215283ae4/com.amazonaws_aws-java-sdk-bundle-1.12.262.jar
[2025-06-07T10:25:23.274+0000] {spark_submit.py:644} INFO - 25/06/07 10:25:23 INFO SparkContext: Added file file:///home/***/.ivy2/jars/io.delta_delta-spark_2.12-3.1.0.jar at spark://1ed3a5ab4297:39197/files/io.delta_delta-spark_2.12-3.1.0.jar with timestamp 1749291922845
[2025-06-07T10:25:23.275+0000] {spark_submit.py:644} INFO - 25/06/07 10:25:23 INFO Utils: Copying /home/***/.ivy2/jars/io.delta_delta-spark_2.12-3.1.0.jar to /tmp/spark-5ff6bc85-7354-47e1-acb0-cc1a66c944d1/userFiles-c7287c84-f986-4429-a828-f19215283ae4/io.delta_delta-spark_2.12-3.1.0.jar
[2025-06-07T10:25:23.279+0000] {spark_submit.py:644} INFO - 25/06/07 10:25:23 INFO SparkContext: Added file file:///home/***/.ivy2/jars/org.wildfly.openssl_wildfly-openssl-1.0.7.Final.jar at spark://1ed3a5ab4297:39197/files/org.wildfly.openssl_wildfly-openssl-1.0.7.Final.jar with timestamp 1749291922845
[2025-06-07T10:25:23.279+0000] {spark_submit.py:644} INFO - 25/06/07 10:25:23 INFO Utils: Copying /home/***/.ivy2/jars/org.wildfly.openssl_wildfly-openssl-1.0.7.Final.jar to /tmp/spark-5ff6bc85-7354-47e1-acb0-cc1a66c944d1/userFiles-c7287c84-f986-4429-a828-f19215283ae4/org.wildfly.openssl_wildfly-openssl-1.0.7.Final.jar
[2025-06-07T10:25:23.281+0000] {spark_submit.py:644} INFO - 25/06/07 10:25:23 INFO SparkContext: Added file file:///home/***/.ivy2/jars/io.delta_delta-storage-3.1.0.jar at spark://1ed3a5ab4297:39197/files/io.delta_delta-storage-3.1.0.jar with timestamp 1749291922845
[2025-06-07T10:25:23.281+0000] {spark_submit.py:644} INFO - 25/06/07 10:25:23 INFO Utils: Copying /home/***/.ivy2/jars/io.delta_delta-storage-3.1.0.jar to /tmp/spark-5ff6bc85-7354-47e1-acb0-cc1a66c944d1/userFiles-c7287c84-f986-4429-a828-f19215283ae4/io.delta_delta-storage-3.1.0.jar
[2025-06-07T10:25:23.283+0000] {spark_submit.py:644} INFO - 25/06/07 10:25:23 INFO SparkContext: Added file file:///home/***/.ivy2/jars/org.antlr_antlr4-runtime-4.9.3.jar at spark://1ed3a5ab4297:39197/files/org.antlr_antlr4-runtime-4.9.3.jar with timestamp 1749291922845
[2025-06-07T10:25:23.283+0000] {spark_submit.py:644} INFO - 25/06/07 10:25:23 INFO Utils: Copying /home/***/.ivy2/jars/org.antlr_antlr4-runtime-4.9.3.jar to /tmp/spark-5ff6bc85-7354-47e1-acb0-cc1a66c944d1/userFiles-c7287c84-f986-4429-a828-f19215283ae4/org.antlr_antlr4-runtime-4.9.3.jar
[2025-06-07T10:25:23.320+0000] {spark_submit.py:644} INFO - 25/06/07 10:25:23 INFO StandaloneAppClient$ClientEndpoint: Connecting to master spark://spark-master:7077...
[2025-06-07T10:25:23.343+0000] {spark_submit.py:644} INFO - 25/06/07 10:25:23 INFO TransportClientFactory: Successfully created connection to spark-master/172.19.0.6:7077 after 12 ms (0 ms spent in bootstraps)
[2025-06-07T10:25:23.384+0000] {spark_submit.py:644} INFO - 25/06/07 10:25:23 INFO StandaloneSchedulerBackend: Connected to Spark cluster with app ID app-20250607102523-0012
[2025-06-07T10:25:23.385+0000] {spark_submit.py:644} INFO - 25/06/07 10:25:23 INFO StandaloneAppClient$ClientEndpoint: Executor added: app-20250607102523-0012/0 on worker-20250607084629-172.19.0.7-38989 (172.19.0.7:38989) with 4 core(s)
[2025-06-07T10:25:23.386+0000] {spark_submit.py:644} INFO - 25/06/07 10:25:23 INFO StandaloneSchedulerBackend: Granted executor ID app-20250607102523-0012/0 on hostPort 172.19.0.7:38989 with 4 core(s), 2.0 GiB RAM
[2025-06-07T10:25:23.389+0000] {spark_submit.py:644} INFO - 25/06/07 10:25:23 INFO Utils: Successfully started service 'org.apache.spark.network.netty.NettyBlockTransferService' on port 46545.
[2025-06-07T10:25:23.389+0000] {spark_submit.py:644} INFO - 25/06/07 10:25:23 INFO NettyBlockTransferService: Server created on 1ed3a5ab4297:46545
[2025-06-07T10:25:23.390+0000] {spark_submit.py:644} INFO - 25/06/07 10:25:23 INFO BlockManager: Using org.apache.spark.storage.RandomBlockReplicationPolicy for block replication policy
[2025-06-07T10:25:23.394+0000] {spark_submit.py:644} INFO - 25/06/07 10:25:23 INFO BlockManagerMaster: Registering BlockManager BlockManagerId(driver, 1ed3a5ab4297, 46545, None)
[2025-06-07T10:25:23.397+0000] {spark_submit.py:644} INFO - 25/06/07 10:25:23 INFO BlockManagerMasterEndpoint: Registering block manager 1ed3a5ab4297:46545 with 434.4 MiB RAM, BlockManagerId(driver, 1ed3a5ab4297, 46545, None)
[2025-06-07T10:25:23.399+0000] {spark_submit.py:644} INFO - 25/06/07 10:25:23 INFO BlockManagerMaster: Registered BlockManager BlockManagerId(driver, 1ed3a5ab4297, 46545, None)
[2025-06-07T10:25:23.400+0000] {spark_submit.py:644} INFO - 25/06/07 10:25:23 INFO BlockManager: Initialized BlockManager: BlockManagerId(driver, 1ed3a5ab4297, 46545, None)
[2025-06-07T10:25:23.408+0000] {spark_submit.py:644} INFO - 25/06/07 10:25:23 INFO StandaloneAppClient$ClientEndpoint: Executor updated: app-20250607102523-0012/0 is now RUNNING
[2025-06-07T10:25:23.521+0000] {spark_submit.py:644} INFO - 25/06/07 10:25:23 INFO StandaloneSchedulerBackend: SchedulerBackend is ready for scheduling beginning after reached minRegisteredResourcesRatio: 0.0
[2025-06-07T10:25:23.662+0000] {spark_submit.py:644} INFO - Bronze Ingestion: Spark session created.
[2025-06-07T10:25:23.666+0000] {spark_submit.py:644} INFO - 25/06/07 10:25:23 INFO SharedState: Setting hive.metastore.warehouse.dir ('null') to the value of spark.sql.warehouse.dir.
[2025-06-07T10:25:23.742+0000] {spark_submit.py:644} INFO - 25/06/07 10:25:23 WARN MetricsConfig: Cannot locate configuration: tried hadoop-metrics2-s3a-file-system.properties,hadoop-metrics2.properties
[2025-06-07T10:25:23.749+0000] {spark_submit.py:644} INFO - 25/06/07 10:25:23 INFO MetricsSystemImpl: Scheduled Metric snapshot period at 10 second(s).
[2025-06-07T10:25:23.750+0000] {spark_submit.py:644} INFO - 25/06/07 10:25:23 INFO MetricsSystemImpl: s3a-file-system metrics system started
[2025-06-07T10:25:24.129+0000] {spark_submit.py:644} INFO - 25/06/07 10:25:24 INFO SharedState: Warehouse path is 's3a://mybucket'.
[2025-06-07T10:25:24.567+0000] {spark_submit.py:644} INFO - 25/06/07 10:25:24 INFO StandaloneSchedulerBackend$StandaloneDriverEndpoint: Registered executor NettyRpcEndpointRef(spark-client://Executor) (172.19.0.7:57984) with ID 0,  ResourceProfileId 0
[2025-06-07T10:25:24.605+0000] {spark_submit.py:644} INFO - 25/06/07 10:25:24 INFO BlockManagerMasterEndpoint: Registering block manager 172.19.0.7:35999 with 1048.8 MiB RAM, BlockManagerId(0, 172.19.0.7, 35999, None)
[2025-06-07T10:25:24.607+0000] {spark_submit.py:644} INFO - 25/06/07 10:25:24 INFO InMemoryFileIndex: It took 22 ms to list leaf files for 1 paths.
[2025-06-07T10:25:25.064+0000] {spark_submit.py:644} INFO - Successfully loaded Stephen Curry stats from: /opt/***/data/Stephen Curry Stats.parquet
[2025-06-07T10:25:25.684+0000] {spark_submit.py:644} INFO - 25/06/07 10:25:25 INFO HiveConf: Found configuration file null
[2025-06-07T10:25:25.691+0000] {spark_submit.py:644} INFO - 25/06/07 10:25:25 INFO HiveUtils: Initializing HiveMetastoreConnection version 2.3.9 using Spark classes.
[2025-06-07T10:25:25.813+0000] {spark_submit.py:644} INFO - 25/06/07 10:25:25 INFO HiveClientImpl: Warehouse location for Hive client (version 2.3.9) is s3a://mybucket
[2025-06-07T10:25:25.831+0000] {spark_submit.py:644} INFO - 25/06/07 10:25:25 INFO metastore: Trying to connect to metastore with URI thrift://hive-metastore:9083
[2025-06-07T10:25:25.841+0000] {spark_submit.py:644} INFO - 25/06/07 10:25:25 INFO metastore: Opened a connection to metastore, current connections: 1
[2025-06-07T10:25:25.853+0000] {spark_submit.py:644} INFO - 25/06/07 10:25:25 INFO metastore: Connected to metastore.
[2025-06-07T10:25:25.899+0000] {spark_submit.py:644} INFO - Writing data to managed table: sc_stats_db.bronze_sc_stats
[2025-06-07T10:25:26.013+0000] {spark_submit.py:644} INFO - 25/06/07 10:25:26 WARN SparkStringUtils: Truncated the string representation of a plan since it was too large. This behavior can be adjusted by setting 'spark.sql.debug.maxToStringFields'.
[2025-06-07T10:25:26.117+0000] {spark_submit.py:644} INFO - 25/06/07 10:25:26 INFO DelegatingLogStore: LogStore `LogStoreAdapter(io.delta.storage.S3SingleDriverLogStore)` is used for scheme `s3a`
[2025-06-07T10:28:34.109+0000] {spark_submit.py:644} INFO - 25/06/07 10:28:34 ERROR StandaloneSchedulerBackend: Application has been killed. Reason: Master removed our application: KILLED
[2025-06-07T10:28:34.118+0000] {spark_submit.py:644} INFO - 25/06/07 10:28:34 INFO SparkContext: SparkContext is stopping with exitCode 0.
[2025-06-07T10:28:34.119+0000] {spark_submit.py:644} INFO - 25/06/07 10:28:34 ERROR Inbox: Ignoring error
[2025-06-07T10:28:34.119+0000] {spark_submit.py:644} INFO - org.apache.spark.SparkException: Exiting due to error from cluster scheduler: Master removed our application: KILLED
[2025-06-07T10:28:34.119+0000] {spark_submit.py:644} INFO - at org.apache.spark.errors.SparkCoreErrors$.clusterSchedulerError(SparkCoreErrors.scala:291)
[2025-06-07T10:28:34.119+0000] {spark_submit.py:644} INFO - at org.apache.spark.scheduler.TaskSchedulerImpl.error(TaskSchedulerImpl.scala:981)
[2025-06-07T10:28:34.120+0000] {spark_submit.py:644} INFO - at org.apache.spark.scheduler.cluster.StandaloneSchedulerBackend.dead(StandaloneSchedulerBackend.scala:165)
[2025-06-07T10:28:34.120+0000] {spark_submit.py:644} INFO - at org.apache.spark.deploy.client.StandaloneAppClient$ClientEndpoint.markDead(StandaloneAppClient.scala:263)
[2025-06-07T10:28:34.120+0000] {spark_submit.py:644} INFO - at org.apache.spark.deploy.client.StandaloneAppClient$ClientEndpoint$$anonfun$receive$1.applyOrElse(StandaloneAppClient.scala:170)
[2025-06-07T10:28:34.121+0000] {spark_submit.py:644} INFO - at org.apache.spark.rpc.netty.Inbox.$anonfun$process$1(Inbox.scala:115)
[2025-06-07T10:28:34.121+0000] {spark_submit.py:644} INFO - at org.apache.spark.rpc.netty.Inbox.safelyCall(Inbox.scala:213)
[2025-06-07T10:28:34.121+0000] {spark_submit.py:644} INFO - at org.apache.spark.rpc.netty.Inbox.process(Inbox.scala:100)
[2025-06-07T10:28:34.122+0000] {spark_submit.py:644} INFO - at org.apache.spark.rpc.netty.MessageLoop.org$apache$spark$rpc$netty$MessageLoop$$receiveLoop(MessageLoop.scala:75)
[2025-06-07T10:28:34.122+0000] {spark_submit.py:644} INFO - at org.apache.spark.rpc.netty.MessageLoop$$anon$1.run(MessageLoop.scala:41)
[2025-06-07T10:28:34.123+0000] {spark_submit.py:644} INFO - at java.base/java.util.concurrent.ThreadPoolExecutor.runWorker(ThreadPoolExecutor.java:1136)
[2025-06-07T10:28:34.125+0000] {spark_submit.py:644} INFO - at java.base/java.util.concurrent.ThreadPoolExecutor$Worker.run(ThreadPoolExecutor.java:635)
[2025-06-07T10:28:34.126+0000] {spark_submit.py:644} INFO - at java.base/java.lang.Thread.run(Thread.java:840)
[2025-06-07T10:28:34.128+0000] {spark_submit.py:644} INFO - 25/06/07 10:28:34 INFO SparkUI: Stopped Spark web UI at http://1ed3a5ab4297:4040
[2025-06-07T10:28:34.132+0000] {spark_submit.py:644} INFO - 25/06/07 10:28:34 INFO StandaloneSchedulerBackend: Shutting down all executors
[2025-06-07T10:28:34.134+0000] {spark_submit.py:644} INFO - 25/06/07 10:28:34 INFO StandaloneSchedulerBackend$StandaloneDriverEndpoint: Asking each executor to shut down
[2025-06-07T10:28:34.147+0000] {spark_submit.py:644} INFO - 25/06/07 10:28:34 INFO MapOutputTrackerMasterEndpoint: MapOutputTrackerMasterEndpoint stopped!
[2025-06-07T10:28:34.155+0000] {spark_submit.py:644} INFO - 25/06/07 10:28:34 INFO MemoryStore: MemoryStore cleared
[2025-06-07T10:28:34.156+0000] {spark_submit.py:644} INFO - 25/06/07 10:28:34 INFO BlockManager: BlockManager stopped
[2025-06-07T10:28:34.161+0000] {spark_submit.py:644} INFO - 25/06/07 10:28:34 INFO BlockManagerMaster: BlockManagerMaster stopped
[2025-06-07T10:28:34.162+0000] {spark_submit.py:644} INFO - 25/06/07 10:28:34 INFO OutputCommitCoordinator$OutputCommitCoordinatorEndpoint: OutputCommitCoordinator stopped!
[2025-06-07T10:28:34.185+0000] {spark_submit.py:644} INFO - 25/06/07 10:28:34 INFO SparkContext: Successfully stopped SparkContext
[2025-06-07T10:59:34.649+0000] {local_task_job_runner.py:127} ERROR - Received SIGTERM. Terminating subprocesses
[2025-06-07T10:59:34.665+0000] {process_utils.py:132} INFO - Sending 15 to group 4393. PIDs of all processes in the group: [4395, 4456, 4393]
[2025-06-07T10:59:34.669+0000] {process_utils.py:87} INFO - Sending the signal 15 to group 4393
[2025-06-07T10:59:34.695+0000] {taskinstance.py:3093} ERROR - Received SIGTERM. Terminating subprocesses.
[2025-06-07T10:59:34.743+0000] {spark_submit.py:770} INFO - Sending kill signal to spark-submit
[2025-06-07T10:59:34.839+0000] {taskinstance.py:3311} ERROR - Task failed with exception
Traceback (most recent call last):
  File "/home/airflow/.local/lib/python3.11/site-packages/airflow/models/taskinstance.py", line 767, in _execute_task
    result = _execute_callable(context=context, **execute_callable_kwargs)
             ^^^^^^^^^^^^^^^^^^^^^^^^^^^^^^^^^^^^^^^^^^^^^^^^^^^^^^^^^^^^^
  File "/home/airflow/.local/lib/python3.11/site-packages/airflow/models/taskinstance.py", line 733, in _execute_callable
    return ExecutionCallableRunner(
           ^^^^^^^^^^^^^^^^^^^^^^^^
  File "/home/airflow/.local/lib/python3.11/site-packages/airflow/utils/operator_helpers.py", line 252, in run
    return self.func(*args, **kwargs)
           ^^^^^^^^^^^^^^^^^^^^^^^^^^
  File "/home/airflow/.local/lib/python3.11/site-packages/airflow/models/baseoperator.py", line 417, in wrapper
    return func(self, *args, **kwargs)
           ^^^^^^^^^^^^^^^^^^^^^^^^^^^
  File "/home/airflow/.local/lib/python3.11/site-packages/airflow/providers/apache/spark/operators/spark_submit.py", line 197, in execute
    self._hook.submit(self.application)
  File "/home/airflow/.local/lib/python3.11/site-packages/airflow/providers/apache/spark/hooks/spark_submit.py", line 555, in submit
    self._process_spark_submit_log(iter(self._submit_sp.stdout))  # type: ignore
    ^^^^^^^^^^^^^^^^^^^^^^^^^^^^^^^^^^^^^^^^^^^^^^^^^^^^^^^^^^^^
  File "/home/airflow/.local/lib/python3.11/site-packages/airflow/providers/apache/spark/hooks/spark_submit.py", line 603, in _process_spark_submit_log
    for line in itr:
  File "/home/airflow/.local/lib/python3.11/site-packages/airflow/models/taskinstance.py", line 3095, in signal_handler
    raise AirflowTaskTerminated("Task received SIGTERM signal")
airflow.exceptions.AirflowTaskTerminated: Task received SIGTERM signal
[2025-06-07T10:59:34.881+0000] {taskinstance.py:1225} INFO - Marking task as FAILED. dag_id=curry_medallion_etl, task_id=submit_bronze_etl_job, run_id=manual__2025-06-07T10:25:19.285076+00:00, execution_date=20250607T102519, start_date=20250607T102521, end_date=20250607T105934
[2025-06-07T10:59:34.912+0000] {taskinstance.py:340} INFO - ::group::Post task execution logs
[2025-06-07T10:59:34.984+0000] {process_utils.py:80} INFO - Process psutil.Process(pid=4393, status='terminated', exitcode=2, started='10:25:21') (4393) terminated with exit code 2
[2025-06-07T10:59:34.986+0000] {process_utils.py:80} INFO - Process psutil.Process(pid=4456, status='terminated', started='10:25:22') (4456) terminated with exit code None
[2025-06-07T10:59:34.988+0000] {process_utils.py:80} INFO - Process psutil.Process(pid=4395, status='terminated', started='10:25:21') (4395) terminated with exit code None
[2025-06-07T10:59:34.993+0000] {local_task_job_runner.py:266} INFO - Task exited with return code 143
[2025-06-07T10:59:35.040+0000] {taskinstance.py:3895} INFO - 0 downstream tasks scheduled from follow-on schedule check
[2025-06-07T10:59:36.856+0000] {local_task_job_runner.py:127} ERROR - Received SIGTERM. Terminating subprocesses
