[2025-06-03T05:39:49.676+0000] {local_task_job_runner.py:123} INFO - ::group::Pre task execution logs
[2025-06-03T05:39:49.686+0000] {taskinstance.py:2613} INFO - Dependencies all met for dep_context=non-requeueable deps ti=<TaskInstance: curry_medallion_etl.submit_silver_to_gold_job manual__2025-06-03T05:39:43.825482+00:00 [queued]>
[2025-06-03T05:39:49.689+0000] {taskinstance.py:2613} INFO - Dependencies all met for dep_context=requeueable deps ti=<TaskInstance: curry_medallion_etl.submit_silver_to_gold_job manual__2025-06-03T05:39:43.825482+00:00 [queued]>
[2025-06-03T05:39:49.689+0000] {taskinstance.py:2866} INFO - Starting attempt 1 of 1
[2025-06-03T05:39:49.695+0000] {taskinstance.py:2889} INFO - Executing <Task(SparkSubmitOperator): submit_silver_to_gold_job> on 2025-06-03 05:39:43.825482+00:00
[2025-06-03T05:39:49.697+0000] {standard_task_runner.py:72} INFO - Started process 3028 to run task
[2025-06-03T05:39:49.699+0000] {standard_task_runner.py:104} INFO - Running: ['***', 'tasks', 'run', 'curry_medallion_etl', 'submit_silver_to_gold_job', 'manual__2025-06-03T05:39:43.825482+00:00', '--job-id', '33', '--raw', '--subdir', 'DAGS_FOLDER/medallion_sales_etl_dag.py', '--cfg-path', '/tmp/tmpg61peijx']
[2025-06-03T05:39:49.701+0000] {standard_task_runner.py:105} INFO - Job 33: Subtask submit_silver_to_gold_job
[2025-06-03T05:39:49.727+0000] {task_command.py:467} INFO - Running <TaskInstance: curry_medallion_etl.submit_silver_to_gold_job manual__2025-06-03T05:39:43.825482+00:00 [running]> on host c6e050ed47eb
[2025-06-03T05:39:49.772+0000] {taskinstance.py:3132} INFO - Exporting env vars: AIRFLOW_CTX_DAG_OWNER='qdinh18' AIRFLOW_CTX_DAG_ID='curry_medallion_etl' AIRFLOW_CTX_TASK_ID='submit_silver_to_gold_job' AIRFLOW_CTX_EXECUTION_DATE='2025-06-03T05:39:43.825482+00:00' AIRFLOW_CTX_TRY_NUMBER='1' AIRFLOW_CTX_DAG_RUN_ID='manual__2025-06-03T05:39:43.825482+00:00'
[2025-06-03T05:39:49.773+0000] {taskinstance.py:731} INFO - ::endgroup::
[2025-06-03T05:39:49.788+0000] {base.py:84} INFO - Retrieving connection 'spark_default'
[2025-06-03T05:39:49.789+0000] {spark_submit.py:474} INFO - Spark-Submit cmd: spark-submit --master spark://spark-master:7077 --conf spark.executor.memory=2g --conf spark.sql.extensions=io.delta.sql.DeltaSparkSessionExtension --conf spark.sql.catalog.spark_catalog=org.apache.spark.sql.delta.catalog.DeltaCatalog --conf spark.hadoop.fs.s3a.endpoint=http://minio:9000 --conf spark.hadoop.fs.s3a.access.key=minioadmin --conf spark.hadoop.fs.s3a.secret.key=****** --conf spark.hadoop.fs.s3a.path.style.access=true --conf spark.hadoop.fs.s3a.impl=org.apache.hadoop.fs.s3a.S3AFileSystem --packages org.apache.hadoop:hadoop-aws:3.3.4,com.amazonaws:aws-java-sdk-bundle:1.12.262,io.delta:delta-spark_2.12:3.1.0 --name silver_to_gold_sc_summary_etl --verbose --queue root.default --deploy-mode client /opt/***/dags/silver_to_gold_sc_summary_etl.py --input_path s3a://mybucket/silver/curry_transformed/ --output_path s3a://mybucket/gold/season_summary/
[2025-06-03T05:39:50.395+0000] {spark_submit.py:644} INFO - Using properties file: null
[2025-06-03T05:39:50.446+0000] {spark_submit.py:644} INFO - Parsed arguments:
[2025-06-03T05:39:50.447+0000] {spark_submit.py:644} INFO - master                  spark://spark-master:7077
[2025-06-03T05:39:50.447+0000] {spark_submit.py:644} INFO - remote                  null
[2025-06-03T05:39:50.447+0000] {spark_submit.py:644} INFO - deployMode              client
[2025-06-03T05:39:50.447+0000] {spark_submit.py:644} INFO - executorMemory          2g
[2025-06-03T05:39:50.448+0000] {spark_submit.py:644} INFO - executorCores           null
[2025-06-03T05:39:50.448+0000] {spark_submit.py:644} INFO - totalExecutorCores      null
[2025-06-03T05:39:50.448+0000] {spark_submit.py:644} INFO - propertiesFile          null
[2025-06-03T05:39:50.448+0000] {spark_submit.py:644} INFO - driverMemory            null
[2025-06-03T05:39:50.448+0000] {spark_submit.py:644} INFO - driverCores             null
[2025-06-03T05:39:50.448+0000] {spark_submit.py:644} INFO - driverExtraClassPath    null
[2025-06-03T05:39:50.448+0000] {spark_submit.py:644} INFO - driverExtraLibraryPath  null
[2025-06-03T05:39:50.449+0000] {spark_submit.py:644} INFO - driverExtraJavaOptions  null
[2025-06-03T05:39:50.449+0000] {spark_submit.py:644} INFO - supervise               false
[2025-06-03T05:39:50.449+0000] {spark_submit.py:644} INFO - queue                   root.default
[2025-06-03T05:39:50.449+0000] {spark_submit.py:644} INFO - numExecutors            null
[2025-06-03T05:39:50.449+0000] {spark_submit.py:644} INFO - files                   null
[2025-06-03T05:39:50.449+0000] {spark_submit.py:644} INFO - pyFiles                 null
[2025-06-03T05:39:50.449+0000] {spark_submit.py:644} INFO - archives                null
[2025-06-03T05:39:50.449+0000] {spark_submit.py:644} INFO - mainClass               null
[2025-06-03T05:39:50.450+0000] {spark_submit.py:644} INFO - primaryResource         file:/opt/***/dags/silver_to_gold_sc_summary_etl.py
[2025-06-03T05:39:50.450+0000] {spark_submit.py:644} INFO - name                    silver_to_gold_sc_summary_etl
[2025-06-03T05:39:50.450+0000] {spark_submit.py:644} INFO - childArgs               [--input_path s3a://mybucket/silver/curry_transformed/ --output_path s3a://mybucket/gold/season_summary/]
[2025-06-03T05:39:50.450+0000] {spark_submit.py:644} INFO - jars                    null
[2025-06-03T05:39:50.450+0000] {spark_submit.py:644} INFO - packages                org.apache.hadoop:hadoop-aws:3.3.4,com.amazonaws:aws-java-sdk-bundle:1.12.262,io.delta:delta-spark_2.12:3.1.0
[2025-06-03T05:39:50.450+0000] {spark_submit.py:644} INFO - packagesExclusions      null
[2025-06-03T05:39:50.450+0000] {spark_submit.py:644} INFO - repositories            null
[2025-06-03T05:39:50.450+0000] {spark_submit.py:644} INFO - verbose                 true
[2025-06-03T05:39:50.450+0000] {spark_submit.py:644} INFO - 
[2025-06-03T05:39:50.450+0000] {spark_submit.py:644} INFO - Spark properties used, including those specified through
[2025-06-03T05:39:50.451+0000] {spark_submit.py:644} INFO - --conf and those from the properties file null:
[2025-06-03T05:39:50.451+0000] {spark_submit.py:644} INFO - (spark.executor.memory,2g)
[2025-06-03T05:39:50.451+0000] {spark_submit.py:644} INFO - (spark.hadoop.fs.s3a.access.key,*********(redacted))
[2025-06-03T05:39:50.451+0000] {spark_submit.py:644} INFO - (spark.hadoop.fs.s3a.endpoint,http://minio:9000)
[2025-06-03T05:39:50.451+0000] {spark_submit.py:644} INFO - (spark.hadoop.fs.s3a.impl,org.apache.hadoop.fs.s3a.S3AFileSystem)
[2025-06-03T05:39:50.451+0000] {spark_submit.py:644} INFO - (spark.hadoop.fs.s3a.path.style.access,true)
[2025-06-03T05:39:50.451+0000] {spark_submit.py:644} INFO - (spark.hadoop.fs.s3a.secret.key,*********(redacted))
[2025-06-03T05:39:50.452+0000] {spark_submit.py:644} INFO - (spark.sql.catalog.spark_catalog,org.apache.spark.sql.delta.catalog.DeltaCatalog)
[2025-06-03T05:39:50.452+0000] {spark_submit.py:644} INFO - (spark.sql.extensions,io.delta.sql.DeltaSparkSessionExtension)
[2025-06-03T05:39:50.452+0000] {spark_submit.py:644} INFO - 
[2025-06-03T05:39:50.452+0000] {spark_submit.py:644} INFO - 
[2025-06-03T05:39:50.510+0000] {spark_submit.py:644} INFO - :: loading settings :: url = jar:file:/home/***/.local/lib/python3.11/site-packages/pyspark/jars/ivy-2.5.1.jar!/org/apache/ivy/core/settings/ivysettings.xml
[2025-06-03T05:39:50.543+0000] {spark_submit.py:644} INFO - Ivy Default Cache set to: /home/***/.ivy2/cache
[2025-06-03T05:39:50.543+0000] {spark_submit.py:644} INFO - The jars for the packages stored in: /home/***/.ivy2/jars
[2025-06-03T05:39:50.545+0000] {spark_submit.py:644} INFO - org.apache.hadoop#hadoop-aws added as a dependency
[2025-06-03T05:39:50.545+0000] {spark_submit.py:644} INFO - com.amazonaws#aws-java-sdk-bundle added as a dependency
[2025-06-03T05:39:50.546+0000] {spark_submit.py:644} INFO - io.delta#delta-spark_2.12 added as a dependency
[2025-06-03T05:39:50.546+0000] {spark_submit.py:644} INFO - :: resolving dependencies :: org.apache.spark#spark-submit-parent-cf435a2d-e96f-46c3-8750-c6b2a219f5a7;1.0
[2025-06-03T05:39:50.546+0000] {spark_submit.py:644} INFO - confs: [default]
[2025-06-03T05:39:50.628+0000] {spark_submit.py:644} INFO - found org.apache.hadoop#hadoop-aws;3.3.4 in central
[2025-06-03T05:39:50.639+0000] {spark_submit.py:644} INFO - found com.amazonaws#aws-java-sdk-bundle;1.12.262 in central
[2025-06-03T05:39:50.650+0000] {spark_submit.py:644} INFO - found org.wildfly.openssl#wildfly-openssl;1.0.7.Final in central
[2025-06-03T05:39:50.659+0000] {spark_submit.py:644} INFO - found io.delta#delta-spark_2.12;3.1.0 in central
[2025-06-03T05:39:50.669+0000] {spark_submit.py:644} INFO - found io.delta#delta-storage;3.1.0 in central
[2025-06-03T05:39:50.677+0000] {spark_submit.py:644} INFO - found org.antlr#antlr4-runtime;4.9.3 in central
[2025-06-03T05:39:50.687+0000] {spark_submit.py:644} INFO - :: resolution report :: resolve 137ms :: artifacts dl 5ms
[2025-06-03T05:39:50.688+0000] {spark_submit.py:644} INFO - :: modules in use:
[2025-06-03T05:39:50.688+0000] {spark_submit.py:644} INFO - com.amazonaws#aws-java-sdk-bundle;1.12.262 from central in [default]
[2025-06-03T05:39:50.689+0000] {spark_submit.py:644} INFO - io.delta#delta-spark_2.12;3.1.0 from central in [default]
[2025-06-03T05:39:50.689+0000] {spark_submit.py:644} INFO - io.delta#delta-storage;3.1.0 from central in [default]
[2025-06-03T05:39:50.689+0000] {spark_submit.py:644} INFO - org.antlr#antlr4-runtime;4.9.3 from central in [default]
[2025-06-03T05:39:50.689+0000] {spark_submit.py:644} INFO - org.apache.hadoop#hadoop-aws;3.3.4 from central in [default]
[2025-06-03T05:39:50.689+0000] {spark_submit.py:644} INFO - org.wildfly.openssl#wildfly-openssl;1.0.7.Final from central in [default]
[2025-06-03T05:39:50.690+0000] {spark_submit.py:644} INFO - ---------------------------------------------------------------------
[2025-06-03T05:39:50.690+0000] {spark_submit.py:644} INFO - |                  |            modules            ||   artifacts   |
[2025-06-03T05:39:50.690+0000] {spark_submit.py:644} INFO - |       conf       | number| search|dwnlded|evicted|| number|dwnlded|
[2025-06-03T05:39:50.690+0000] {spark_submit.py:644} INFO - ---------------------------------------------------------------------
[2025-06-03T05:39:50.691+0000] {spark_submit.py:644} INFO - |      default     |   6   |   0   |   0   |   0   ||   6   |   0   |
[2025-06-03T05:39:50.691+0000] {spark_submit.py:644} INFO - ---------------------------------------------------------------------
[2025-06-03T05:39:50.691+0000] {spark_submit.py:644} INFO - :: retrieving :: org.apache.spark#spark-submit-parent-cf435a2d-e96f-46c3-8750-c6b2a219f5a7
[2025-06-03T05:39:50.691+0000] {spark_submit.py:644} INFO - confs: [default]
[2025-06-03T05:39:50.695+0000] {spark_submit.py:644} INFO - 0 artifacts copied, 6 already retrieved (0kB/5ms)
[2025-06-03T05:39:50.791+0000] {spark_submit.py:644} INFO - 25/06/03 05:39:50 WARN NativeCodeLoader: Unable to load native-hadoop library for your platform... using builtin-java classes where applicable
[2025-06-03T05:39:50.907+0000] {spark_submit.py:644} INFO - Main class:
[2025-06-03T05:39:50.907+0000] {spark_submit.py:644} INFO - org.apache.spark.deploy.PythonRunner
[2025-06-03T05:39:50.907+0000] {spark_submit.py:644} INFO - Arguments:
[2025-06-03T05:39:50.908+0000] {spark_submit.py:644} INFO - file:/opt/***/dags/silver_to_gold_sc_summary_etl.py
[2025-06-03T05:39:50.908+0000] {spark_submit.py:644} INFO - file:///home/***/.ivy2/jars/org.apache.hadoop_hadoop-aws-3.3.4.jar,file:///home/***/.ivy2/jars/com.amazonaws_aws-java-sdk-bundle-1.12.262.jar,file:///home/***/.ivy2/jars/io.delta_delta-spark_2.12-3.1.0.jar,file:///home/***/.ivy2/jars/org.wildfly.openssl_wildfly-openssl-1.0.7.Final.jar,file:///home/***/.ivy2/jars/io.delta_delta-storage-3.1.0.jar,file:///home/***/.ivy2/jars/org.antlr_antlr4-runtime-4.9.3.jar
[2025-06-03T05:39:50.908+0000] {spark_submit.py:644} INFO - --input_path
[2025-06-03T05:39:50.908+0000] {spark_submit.py:644} INFO - s3a://mybucket/silver/curry_transformed/
[2025-06-03T05:39:50.908+0000] {spark_submit.py:644} INFO - --output_path
[2025-06-03T05:39:50.908+0000] {spark_submit.py:644} INFO - s3a://mybucket/gold/season_summary/
[2025-06-03T05:39:50.909+0000] {spark_submit.py:644} INFO - Spark config:
[2025-06-03T05:39:50.909+0000] {spark_submit.py:644} INFO - (spark.app.name,silver_to_gold_sc_summary_etl)
[2025-06-03T05:39:50.909+0000] {spark_submit.py:644} INFO - (spark.app.submitTime,1748929190898)
[2025-06-03T05:39:50.909+0000] {spark_submit.py:644} INFO - (spark.executor.memory,2g)
[2025-06-03T05:39:50.909+0000] {spark_submit.py:644} INFO - (spark.files,file:///home/***/.ivy2/jars/org.apache.hadoop_hadoop-aws-3.3.4.jar,file:///home/***/.ivy2/jars/com.amazonaws_aws-java-sdk-bundle-1.12.262.jar,file:///home/***/.ivy2/jars/io.delta_delta-spark_2.12-3.1.0.jar,file:///home/***/.ivy2/jars/org.wildfly.openssl_wildfly-openssl-1.0.7.Final.jar,file:///home/***/.ivy2/jars/io.delta_delta-storage-3.1.0.jar,file:///home/***/.ivy2/jars/org.antlr_antlr4-runtime-4.9.3.jar)
[2025-06-03T05:39:50.909+0000] {spark_submit.py:644} INFO - (spark.hadoop.fs.s3a.access.key,*********(redacted))
[2025-06-03T05:39:50.910+0000] {spark_submit.py:644} INFO - (spark.hadoop.fs.s3a.endpoint,http://minio:9000)
[2025-06-03T05:39:50.910+0000] {spark_submit.py:644} INFO - (spark.hadoop.fs.s3a.impl,org.apache.hadoop.fs.s3a.S3AFileSystem)
[2025-06-03T05:39:50.910+0000] {spark_submit.py:644} INFO - (spark.hadoop.fs.s3a.path.style.access,true)
[2025-06-03T05:39:50.910+0000] {spark_submit.py:644} INFO - (spark.hadoop.fs.s3a.secret.key,*********(redacted))
[2025-06-03T05:39:50.910+0000] {spark_submit.py:644} INFO - (spark.jars,file:///home/***/.ivy2/jars/org.apache.hadoop_hadoop-aws-3.3.4.jar,file:///home/***/.ivy2/jars/com.amazonaws_aws-java-sdk-bundle-1.12.262.jar,file:///home/***/.ivy2/jars/io.delta_delta-spark_2.12-3.1.0.jar,file:///home/***/.ivy2/jars/org.wildfly.openssl_wildfly-openssl-1.0.7.Final.jar,file:///home/***/.ivy2/jars/io.delta_delta-storage-3.1.0.jar,file:///home/***/.ivy2/jars/org.antlr_antlr4-runtime-4.9.3.jar)
[2025-06-03T05:39:50.910+0000] {spark_submit.py:644} INFO - (spark.master,spark://spark-master:7077)
[2025-06-03T05:39:50.910+0000] {spark_submit.py:644} INFO - (spark.repl.local.jars,file:///home/***/.ivy2/jars/org.apache.hadoop_hadoop-aws-3.3.4.jar,file:///home/***/.ivy2/jars/com.amazonaws_aws-java-sdk-bundle-1.12.262.jar,file:///home/***/.ivy2/jars/io.delta_delta-spark_2.12-3.1.0.jar,file:///home/***/.ivy2/jars/org.wildfly.openssl_wildfly-openssl-1.0.7.Final.jar,file:///home/***/.ivy2/jars/io.delta_delta-storage-3.1.0.jar,file:///home/***/.ivy2/jars/org.antlr_antlr4-runtime-4.9.3.jar)
[2025-06-03T05:39:50.911+0000] {spark_submit.py:644} INFO - (spark.sql.catalog.spark_catalog,org.apache.spark.sql.delta.catalog.DeltaCatalog)
[2025-06-03T05:39:50.911+0000] {spark_submit.py:644} INFO - (spark.sql.extensions,io.delta.sql.DeltaSparkSessionExtension)
[2025-06-03T05:39:50.911+0000] {spark_submit.py:644} INFO - (spark.submit.deployMode,client)
[2025-06-03T05:39:50.911+0000] {spark_submit.py:644} INFO - (spark.submit.pyFiles,/home/***/.ivy2/jars/org.apache.hadoop_hadoop-aws-3.3.4.jar,/home/***/.ivy2/jars/com.amazonaws_aws-java-sdk-bundle-1.12.262.jar,/home/***/.ivy2/jars/io.delta_delta-spark_2.12-3.1.0.jar,/home/***/.ivy2/jars/org.wildfly.openssl_wildfly-openssl-1.0.7.Final.jar,/home/***/.ivy2/jars/io.delta_delta-storage-3.1.0.jar,/home/***/.ivy2/jars/org.antlr_antlr4-runtime-4.9.3.jar)
[2025-06-03T05:39:50.911+0000] {spark_submit.py:644} INFO - Classpath elements:
[2025-06-03T05:39:50.911+0000] {spark_submit.py:644} INFO - file:///home/***/.ivy2/jars/org.apache.hadoop_hadoop-aws-3.3.4.jar
[2025-06-03T05:39:50.912+0000] {spark_submit.py:644} INFO - file:///home/***/.ivy2/jars/com.amazonaws_aws-java-sdk-bundle-1.12.262.jar
[2025-06-03T05:39:50.912+0000] {spark_submit.py:644} INFO - file:///home/***/.ivy2/jars/io.delta_delta-spark_2.12-3.1.0.jar
[2025-06-03T05:39:50.912+0000] {spark_submit.py:644} INFO - file:///home/***/.ivy2/jars/org.wildfly.openssl_wildfly-openssl-1.0.7.Final.jar
[2025-06-03T05:39:50.912+0000] {spark_submit.py:644} INFO - file:///home/***/.ivy2/jars/io.delta_delta-storage-3.1.0.jar
[2025-06-03T05:39:50.912+0000] {spark_submit.py:644} INFO - file:///home/***/.ivy2/jars/org.antlr_antlr4-runtime-4.9.3.jar
[2025-06-03T05:39:50.912+0000] {spark_submit.py:644} INFO - 
[2025-06-03T05:39:50.912+0000] {spark_submit.py:644} INFO - 
[2025-06-03T05:39:51.506+0000] {spark_submit.py:644} INFO - 25/06/03 05:39:51 INFO ShutdownHookManager: Shutdown hook called
[2025-06-03T05:39:51.507+0000] {spark_submit.py:644} INFO - 25/06/03 05:39:51 INFO ShutdownHookManager: Deleting directory /tmp/spark-4d72df19-c09e-4d10-9915-9c517be2443d
[2025-06-03T05:39:51.545+0000] {taskinstance.py:340} INFO - ::group::Post task execution logs
[2025-06-03T05:39:51.545+0000] {taskinstance.py:352} INFO - Marking task as SUCCESS. dag_id=curry_medallion_etl, task_id=submit_silver_to_gold_job, run_id=manual__2025-06-03T05:39:43.825482+00:00, execution_date=20250603T053943, start_date=20250603T053949, end_date=20250603T053951
[2025-06-03T05:39:51.570+0000] {local_task_job_runner.py:266} INFO - Task exited with return code 0
[2025-06-03T05:39:51.581+0000] {taskinstance.py:3895} INFO - 0 downstream tasks scheduled from follow-on schedule check
[2025-06-03T05:39:51.582+0000] {local_task_job_runner.py:245} INFO - ::endgroup::
