[2025-06-03T07:17:42.969+0000] {local_task_job_runner.py:123} INFO - ::group::Pre task execution logs
[2025-06-03T07:17:42.980+0000] {taskinstance.py:2613} INFO - Dependencies all met for dep_context=non-requeueable deps ti=<TaskInstance: curry_medallion_etl.submit_bronze_etl_job manual__2025-06-03T07:17:42.038314+00:00 [queued]>
[2025-06-03T07:17:42.984+0000] {taskinstance.py:2613} INFO - Dependencies all met for dep_context=requeueable deps ti=<TaskInstance: curry_medallion_etl.submit_bronze_etl_job manual__2025-06-03T07:17:42.038314+00:00 [queued]>
[2025-06-03T07:17:42.984+0000] {taskinstance.py:2866} INFO - Starting attempt 1 of 1
[2025-06-03T07:17:42.990+0000] {taskinstance.py:2889} INFO - Executing <Task(SparkSubmitOperator): submit_bronze_etl_job> on 2025-06-03 07:17:42.038314+00:00
[2025-06-03T07:17:42.993+0000] {standard_task_runner.py:72} INFO - Started process 1710 to run task
[2025-06-03T07:17:42.995+0000] {standard_task_runner.py:104} INFO - Running: ['***', 'tasks', 'run', 'curry_medallion_etl', 'submit_bronze_etl_job', 'manual__2025-06-03T07:17:42.038314+00:00', '--job-id', '10', '--raw', '--subdir', 'DAGS_FOLDER/medallion_sales_etl_dag.py', '--cfg-path', '/tmp/tmpjcz0rwz0']
[2025-06-03T07:17:42.996+0000] {standard_task_runner.py:105} INFO - Job 10: Subtask submit_bronze_etl_job
[2025-06-03T07:17:43.023+0000] {task_command.py:467} INFO - Running <TaskInstance: curry_medallion_etl.submit_bronze_etl_job manual__2025-06-03T07:17:42.038314+00:00 [running]> on host eff93630df4f
[2025-06-03T07:17:43.070+0000] {taskinstance.py:3132} INFO - Exporting env vars: AIRFLOW_CTX_DAG_OWNER='qdinh18' AIRFLOW_CTX_DAG_ID='curry_medallion_etl' AIRFLOW_CTX_TASK_ID='submit_bronze_etl_job' AIRFLOW_CTX_EXECUTION_DATE='2025-06-03T07:17:42.038314+00:00' AIRFLOW_CTX_TRY_NUMBER='1' AIRFLOW_CTX_DAG_RUN_ID='manual__2025-06-03T07:17:42.038314+00:00'
[2025-06-03T07:17:43.070+0000] {taskinstance.py:731} INFO - ::endgroup::
[2025-06-03T07:17:43.094+0000] {base.py:84} INFO - Retrieving connection 'spark_default'
[2025-06-03T07:17:43.095+0000] {spark_submit.py:474} INFO - Spark-Submit cmd: spark-submit --master spark://spark-master:7077 --conf spark.executor.memory=2g --conf spark.sql.extensions=io.delta.sql.DeltaSparkSessionExtension --conf spark.sql.catalog.spark_catalog=org.apache.spark.sql.delta.catalog.DeltaCatalog --conf spark.hadoop.fs.s3a.endpoint=http://minio:9000 --conf spark.hadoop.fs.s3a.access.key=minioadmin --conf spark.hadoop.fs.s3a.secret.key=****** --conf spark.hadoop.fs.s3a.path.style.access=true --conf spark.hadoop.fs.s3a.impl=org.apache.hadoop.fs.s3a.S3AFileSystem --packages org.apache.hadoop:hadoop-aws:3.3.4,com.amazonaws:aws-java-sdk-bundle:1.12.262,io.delta:delta-spark_2.12:3.1.0 --name bronze_sc_stats_etl --verbose --queue root.default --deploy-mode client /opt/***/dags/bronze_ingestion_sc_stats_etl.py --output_path s3a://mybucket/bronze/curry_raw_data/
[2025-06-03T07:17:44.007+0000] {spark_submit.py:644} INFO - Using properties file: null
[2025-06-03T07:17:44.068+0000] {spark_submit.py:644} INFO - Parsed arguments:
[2025-06-03T07:17:44.069+0000] {spark_submit.py:644} INFO - master                  spark://spark-master:7077
[2025-06-03T07:17:44.069+0000] {spark_submit.py:644} INFO - remote                  null
[2025-06-03T07:17:44.069+0000] {spark_submit.py:644} INFO - deployMode              client
[2025-06-03T07:17:44.069+0000] {spark_submit.py:644} INFO - executorMemory          2g
[2025-06-03T07:17:44.069+0000] {spark_submit.py:644} INFO - executorCores           null
[2025-06-03T07:17:44.069+0000] {spark_submit.py:644} INFO - totalExecutorCores      null
[2025-06-03T07:17:44.069+0000] {spark_submit.py:644} INFO - propertiesFile          null
[2025-06-03T07:17:44.069+0000] {spark_submit.py:644} INFO - driverMemory            null
[2025-06-03T07:17:44.070+0000] {spark_submit.py:644} INFO - driverCores             null
[2025-06-03T07:17:44.070+0000] {spark_submit.py:644} INFO - driverExtraClassPath    null
[2025-06-03T07:17:44.070+0000] {spark_submit.py:644} INFO - driverExtraLibraryPath  null
[2025-06-03T07:17:44.070+0000] {spark_submit.py:644} INFO - driverExtraJavaOptions  null
[2025-06-03T07:17:44.070+0000] {spark_submit.py:644} INFO - supervise               false
[2025-06-03T07:17:44.070+0000] {spark_submit.py:644} INFO - queue                   root.default
[2025-06-03T07:17:44.070+0000] {spark_submit.py:644} INFO - numExecutors            null
[2025-06-03T07:17:44.070+0000] {spark_submit.py:644} INFO - files                   null
[2025-06-03T07:17:44.070+0000] {spark_submit.py:644} INFO - pyFiles                 null
[2025-06-03T07:17:44.071+0000] {spark_submit.py:644} INFO - archives                null
[2025-06-03T07:17:44.071+0000] {spark_submit.py:644} INFO - mainClass               null
[2025-06-03T07:17:44.071+0000] {spark_submit.py:644} INFO - primaryResource         file:/opt/***/dags/bronze_ingestion_sc_stats_etl.py
[2025-06-03T07:17:44.071+0000] {spark_submit.py:644} INFO - name                    bronze_sc_stats_etl
[2025-06-03T07:17:44.071+0000] {spark_submit.py:644} INFO - childArgs               [--output_path s3a://mybucket/bronze/curry_raw_data/]
[2025-06-03T07:17:44.071+0000] {spark_submit.py:644} INFO - jars                    null
[2025-06-03T07:17:44.071+0000] {spark_submit.py:644} INFO - packages                org.apache.hadoop:hadoop-aws:3.3.4,com.amazonaws:aws-java-sdk-bundle:1.12.262,io.delta:delta-spark_2.12:3.1.0
[2025-06-03T07:17:44.071+0000] {spark_submit.py:644} INFO - packagesExclusions      null
[2025-06-03T07:17:44.071+0000] {spark_submit.py:644} INFO - repositories            null
[2025-06-03T07:17:44.072+0000] {spark_submit.py:644} INFO - verbose                 true
[2025-06-03T07:17:44.072+0000] {spark_submit.py:644} INFO - 
[2025-06-03T07:17:44.072+0000] {spark_submit.py:644} INFO - Spark properties used, including those specified through
[2025-06-03T07:17:44.072+0000] {spark_submit.py:644} INFO - --conf and those from the properties file null:
[2025-06-03T07:17:44.072+0000] {spark_submit.py:644} INFO - (spark.executor.memory,2g)
[2025-06-03T07:17:44.072+0000] {spark_submit.py:644} INFO - (spark.hadoop.fs.s3a.access.key,*********(redacted))
[2025-06-03T07:17:44.072+0000] {spark_submit.py:644} INFO - (spark.hadoop.fs.s3a.endpoint,http://minio:9000)
[2025-06-03T07:17:44.072+0000] {spark_submit.py:644} INFO - (spark.hadoop.fs.s3a.impl,org.apache.hadoop.fs.s3a.S3AFileSystem)
[2025-06-03T07:17:44.073+0000] {spark_submit.py:644} INFO - (spark.hadoop.fs.s3a.path.style.access,true)
[2025-06-03T07:17:44.073+0000] {spark_submit.py:644} INFO - (spark.hadoop.fs.s3a.secret.key,*********(redacted))
[2025-06-03T07:17:44.073+0000] {spark_submit.py:644} INFO - (spark.sql.catalog.spark_catalog,org.apache.spark.sql.delta.catalog.DeltaCatalog)
[2025-06-03T07:17:44.073+0000] {spark_submit.py:644} INFO - (spark.sql.extensions,io.delta.sql.DeltaSparkSessionExtension)
[2025-06-03T07:17:44.073+0000] {spark_submit.py:644} INFO - 
[2025-06-03T07:17:44.073+0000] {spark_submit.py:644} INFO - 
[2025-06-03T07:17:44.153+0000] {spark_submit.py:644} INFO - :: loading settings :: url = jar:file:/home/***/.local/lib/python3.11/site-packages/pyspark/jars/ivy-2.5.1.jar!/org/apache/ivy/core/settings/ivysettings.xml
[2025-06-03T07:17:44.201+0000] {spark_submit.py:644} INFO - Ivy Default Cache set to: /home/***/.ivy2/cache
[2025-06-03T07:17:44.201+0000] {spark_submit.py:644} INFO - The jars for the packages stored in: /home/***/.ivy2/jars
[2025-06-03T07:17:44.203+0000] {spark_submit.py:644} INFO - org.apache.hadoop#hadoop-aws added as a dependency
[2025-06-03T07:17:44.203+0000] {spark_submit.py:644} INFO - com.amazonaws#aws-java-sdk-bundle added as a dependency
[2025-06-03T07:17:44.203+0000] {spark_submit.py:644} INFO - io.delta#delta-spark_2.12 added as a dependency
[2025-06-03T07:17:44.204+0000] {spark_submit.py:644} INFO - :: resolving dependencies :: org.apache.spark#spark-submit-parent-e63d44a8-3f64-4922-bf82-815d2bbad4d8;1.0
[2025-06-03T07:17:44.204+0000] {spark_submit.py:644} INFO - confs: [default]
[2025-06-03T07:17:44.299+0000] {spark_submit.py:644} INFO - found org.apache.hadoop#hadoop-aws;3.3.4 in central
[2025-06-03T07:17:44.309+0000] {spark_submit.py:644} INFO - found com.amazonaws#aws-java-sdk-bundle;1.12.262 in central
[2025-06-03T07:17:44.322+0000] {spark_submit.py:644} INFO - found org.wildfly.openssl#wildfly-openssl;1.0.7.Final in central
[2025-06-03T07:17:44.331+0000] {spark_submit.py:644} INFO - found io.delta#delta-spark_2.12;3.1.0 in central
[2025-06-03T07:17:44.340+0000] {spark_submit.py:644} INFO - found io.delta#delta-storage;3.1.0 in central
[2025-06-03T07:17:44.350+0000] {spark_submit.py:644} INFO - found org.antlr#antlr4-runtime;4.9.3 in central
[2025-06-03T07:17:44.362+0000] {spark_submit.py:644} INFO - :: resolution report :: resolve 152ms :: artifacts dl 5ms
[2025-06-03T07:17:44.362+0000] {spark_submit.py:644} INFO - :: modules in use:
[2025-06-03T07:17:44.362+0000] {spark_submit.py:644} INFO - com.amazonaws#aws-java-sdk-bundle;1.12.262 from central in [default]
[2025-06-03T07:17:44.362+0000] {spark_submit.py:644} INFO - io.delta#delta-spark_2.12;3.1.0 from central in [default]
[2025-06-03T07:17:44.362+0000] {spark_submit.py:644} INFO - io.delta#delta-storage;3.1.0 from central in [default]
[2025-06-03T07:17:44.362+0000] {spark_submit.py:644} INFO - org.antlr#antlr4-runtime;4.9.3 from central in [default]
[2025-06-03T07:17:44.363+0000] {spark_submit.py:644} INFO - org.apache.hadoop#hadoop-aws;3.3.4 from central in [default]
[2025-06-03T07:17:44.363+0000] {spark_submit.py:644} INFO - org.wildfly.openssl#wildfly-openssl;1.0.7.Final from central in [default]
[2025-06-03T07:17:44.363+0000] {spark_submit.py:644} INFO - ---------------------------------------------------------------------
[2025-06-03T07:17:44.363+0000] {spark_submit.py:644} INFO - |                  |            modules            ||   artifacts   |
[2025-06-03T07:17:44.363+0000] {spark_submit.py:644} INFO - |       conf       | number| search|dwnlded|evicted|| number|dwnlded|
[2025-06-03T07:17:44.363+0000] {spark_submit.py:644} INFO - ---------------------------------------------------------------------
[2025-06-03T07:17:44.363+0000] {spark_submit.py:644} INFO - |      default     |   6   |   0   |   0   |   0   ||   6   |   0   |
[2025-06-03T07:17:44.363+0000] {spark_submit.py:644} INFO - ---------------------------------------------------------------------
[2025-06-03T07:17:44.365+0000] {spark_submit.py:644} INFO - :: retrieving :: org.apache.spark#spark-submit-parent-e63d44a8-3f64-4922-bf82-815d2bbad4d8
[2025-06-03T07:17:44.365+0000] {spark_submit.py:644} INFO - confs: [default]
[2025-06-03T07:17:44.368+0000] {spark_submit.py:644} INFO - 0 artifacts copied, 6 already retrieved (0kB/3ms)
[2025-06-03T07:17:44.487+0000] {spark_submit.py:644} INFO - 25/06/03 07:17:44 WARN NativeCodeLoader: Unable to load native-hadoop library for your platform... using builtin-java classes where applicable
[2025-06-03T07:17:44.602+0000] {spark_submit.py:644} INFO - Main class:
[2025-06-03T07:17:44.603+0000] {spark_submit.py:644} INFO - org.apache.spark.deploy.PythonRunner
[2025-06-03T07:17:44.603+0000] {spark_submit.py:644} INFO - Arguments:
[2025-06-03T07:17:44.603+0000] {spark_submit.py:644} INFO - file:/opt/***/dags/bronze_ingestion_sc_stats_etl.py
[2025-06-03T07:17:44.604+0000] {spark_submit.py:644} INFO - file:///home/***/.ivy2/jars/org.apache.hadoop_hadoop-aws-3.3.4.jar,file:///home/***/.ivy2/jars/com.amazonaws_aws-java-sdk-bundle-1.12.262.jar,file:///home/***/.ivy2/jars/io.delta_delta-spark_2.12-3.1.0.jar,file:///home/***/.ivy2/jars/org.wildfly.openssl_wildfly-openssl-1.0.7.Final.jar,file:///home/***/.ivy2/jars/io.delta_delta-storage-3.1.0.jar,file:///home/***/.ivy2/jars/org.antlr_antlr4-runtime-4.9.3.jar
[2025-06-03T07:17:44.604+0000] {spark_submit.py:644} INFO - --output_path
[2025-06-03T07:17:44.604+0000] {spark_submit.py:644} INFO - s3a://mybucket/bronze/curry_raw_data/
[2025-06-03T07:17:44.604+0000] {spark_submit.py:644} INFO - Spark config:
[2025-06-03T07:17:44.604+0000] {spark_submit.py:644} INFO - (spark.app.name,bronze_sc_stats_etl)
[2025-06-03T07:17:44.604+0000] {spark_submit.py:644} INFO - (spark.app.submitTime,1748935064593)
[2025-06-03T07:17:44.605+0000] {spark_submit.py:644} INFO - (spark.executor.memory,2g)
[2025-06-03T07:17:44.605+0000] {spark_submit.py:644} INFO - (spark.files,file:///home/***/.ivy2/jars/org.apache.hadoop_hadoop-aws-3.3.4.jar,file:///home/***/.ivy2/jars/com.amazonaws_aws-java-sdk-bundle-1.12.262.jar,file:///home/***/.ivy2/jars/io.delta_delta-spark_2.12-3.1.0.jar,file:///home/***/.ivy2/jars/org.wildfly.openssl_wildfly-openssl-1.0.7.Final.jar,file:///home/***/.ivy2/jars/io.delta_delta-storage-3.1.0.jar,file:///home/***/.ivy2/jars/org.antlr_antlr4-runtime-4.9.3.jar)
[2025-06-03T07:17:44.605+0000] {spark_submit.py:644} INFO - (spark.hadoop.fs.s3a.access.key,*********(redacted))
[2025-06-03T07:17:44.605+0000] {spark_submit.py:644} INFO - (spark.hadoop.fs.s3a.endpoint,http://minio:9000)
[2025-06-03T07:17:44.605+0000] {spark_submit.py:644} INFO - (spark.hadoop.fs.s3a.impl,org.apache.hadoop.fs.s3a.S3AFileSystem)
[2025-06-03T07:17:44.605+0000] {spark_submit.py:644} INFO - (spark.hadoop.fs.s3a.path.style.access,true)
[2025-06-03T07:17:44.605+0000] {spark_submit.py:644} INFO - (spark.hadoop.fs.s3a.secret.key,*********(redacted))
[2025-06-03T07:17:44.606+0000] {spark_submit.py:644} INFO - (spark.jars,file:///home/***/.ivy2/jars/org.apache.hadoop_hadoop-aws-3.3.4.jar,file:///home/***/.ivy2/jars/com.amazonaws_aws-java-sdk-bundle-1.12.262.jar,file:///home/***/.ivy2/jars/io.delta_delta-spark_2.12-3.1.0.jar,file:///home/***/.ivy2/jars/org.wildfly.openssl_wildfly-openssl-1.0.7.Final.jar,file:///home/***/.ivy2/jars/io.delta_delta-storage-3.1.0.jar,file:///home/***/.ivy2/jars/org.antlr_antlr4-runtime-4.9.3.jar)
[2025-06-03T07:17:44.606+0000] {spark_submit.py:644} INFO - (spark.master,spark://spark-master:7077)
[2025-06-03T07:17:44.606+0000] {spark_submit.py:644} INFO - (spark.repl.local.jars,file:///home/***/.ivy2/jars/org.apache.hadoop_hadoop-aws-3.3.4.jar,file:///home/***/.ivy2/jars/com.amazonaws_aws-java-sdk-bundle-1.12.262.jar,file:///home/***/.ivy2/jars/io.delta_delta-spark_2.12-3.1.0.jar,file:///home/***/.ivy2/jars/org.wildfly.openssl_wildfly-openssl-1.0.7.Final.jar,file:///home/***/.ivy2/jars/io.delta_delta-storage-3.1.0.jar,file:///home/***/.ivy2/jars/org.antlr_antlr4-runtime-4.9.3.jar)
[2025-06-03T07:17:44.606+0000] {spark_submit.py:644} INFO - (spark.sql.catalog.spark_catalog,org.apache.spark.sql.delta.catalog.DeltaCatalog)
[2025-06-03T07:17:44.606+0000] {spark_submit.py:644} INFO - (spark.sql.extensions,io.delta.sql.DeltaSparkSessionExtension)
[2025-06-03T07:17:44.607+0000] {spark_submit.py:644} INFO - (spark.submit.deployMode,client)
[2025-06-03T07:17:44.607+0000] {spark_submit.py:644} INFO - (spark.submit.pyFiles,/home/***/.ivy2/jars/org.apache.hadoop_hadoop-aws-3.3.4.jar,/home/***/.ivy2/jars/com.amazonaws_aws-java-sdk-bundle-1.12.262.jar,/home/***/.ivy2/jars/io.delta_delta-spark_2.12-3.1.0.jar,/home/***/.ivy2/jars/org.wildfly.openssl_wildfly-openssl-1.0.7.Final.jar,/home/***/.ivy2/jars/io.delta_delta-storage-3.1.0.jar,/home/***/.ivy2/jars/org.antlr_antlr4-runtime-4.9.3.jar)
[2025-06-03T07:17:44.607+0000] {spark_submit.py:644} INFO - Classpath elements:
[2025-06-03T07:17:44.607+0000] {spark_submit.py:644} INFO - file:///home/***/.ivy2/jars/org.apache.hadoop_hadoop-aws-3.3.4.jar
[2025-06-03T07:17:44.607+0000] {spark_submit.py:644} INFO - file:///home/***/.ivy2/jars/com.amazonaws_aws-java-sdk-bundle-1.12.262.jar
[2025-06-03T07:17:44.607+0000] {spark_submit.py:644} INFO - file:///home/***/.ivy2/jars/io.delta_delta-spark_2.12-3.1.0.jar
[2025-06-03T07:17:44.607+0000] {spark_submit.py:644} INFO - file:///home/***/.ivy2/jars/org.wildfly.openssl_wildfly-openssl-1.0.7.Final.jar
[2025-06-03T07:17:44.608+0000] {spark_submit.py:644} INFO - file:///home/***/.ivy2/jars/io.delta_delta-storage-3.1.0.jar
[2025-06-03T07:17:44.608+0000] {spark_submit.py:644} INFO - file:///home/***/.ivy2/jars/org.antlr_antlr4-runtime-4.9.3.jar
[2025-06-03T07:17:44.608+0000] {spark_submit.py:644} INFO - 
[2025-06-03T07:17:44.608+0000] {spark_submit.py:644} INFO - 
[2025-06-03T07:17:45.354+0000] {spark_submit.py:644} INFO - 25/06/03 07:17:45 INFO SparkContext: Running Spark version 3.5.2
[2025-06-03T07:17:45.355+0000] {spark_submit.py:644} INFO - 25/06/03 07:17:45 INFO SparkContext: OS info Linux, 6.10.14-linuxkit, aarch64
[2025-06-03T07:17:45.355+0000] {spark_submit.py:644} INFO - 25/06/03 07:17:45 INFO SparkContext: Java version 17.0.15
[2025-06-03T07:17:45.375+0000] {spark_submit.py:644} INFO - 25/06/03 07:17:45 INFO ResourceUtils: ==============================================================
[2025-06-03T07:17:45.375+0000] {spark_submit.py:644} INFO - 25/06/03 07:17:45 INFO ResourceUtils: No custom resources configured for spark.driver.
[2025-06-03T07:17:45.375+0000] {spark_submit.py:644} INFO - 25/06/03 07:17:45 INFO ResourceUtils: ==============================================================
[2025-06-03T07:17:45.376+0000] {spark_submit.py:644} INFO - 25/06/03 07:17:45 INFO SparkContext: Submitted application: BronzeIngestionStephenCurryStats
[2025-06-03T07:17:45.391+0000] {spark_submit.py:644} INFO - 25/06/03 07:17:45 INFO ResourceProfile: Default ResourceProfile created, executor resources: Map(memory -> name: memory, amount: 2048, script: , vendor: , offHeap -> name: offHeap, amount: 0, script: , vendor: ), task resources: Map(cpus -> name: cpus, amount: 1.0)
[2025-06-03T07:17:45.397+0000] {spark_submit.py:644} INFO - 25/06/03 07:17:45 INFO ResourceProfile: Limiting resource is cpu
[2025-06-03T07:17:45.397+0000] {spark_submit.py:644} INFO - 25/06/03 07:17:45 INFO ResourceProfileManager: Added ResourceProfile id: 0
[2025-06-03T07:17:45.435+0000] {spark_submit.py:644} INFO - 25/06/03 07:17:45 INFO SecurityManager: Changing view acls to: ***
[2025-06-03T07:17:45.435+0000] {spark_submit.py:644} INFO - 25/06/03 07:17:45 INFO SecurityManager: Changing modify acls to: ***
[2025-06-03T07:17:45.435+0000] {spark_submit.py:644} INFO - 25/06/03 07:17:45 INFO SecurityManager: Changing view acls groups to:
[2025-06-03T07:17:45.435+0000] {spark_submit.py:644} INFO - 25/06/03 07:17:45 INFO SecurityManager: Changing modify acls groups to:
[2025-06-03T07:17:45.435+0000] {spark_submit.py:644} INFO - 25/06/03 07:17:45 INFO SecurityManager: SecurityManager: authentication disabled; ui acls disabled; users with view permissions: ***; groups with view permissions: EMPTY; users with modify permissions: ***; groups with modify permissions: EMPTY
[2025-06-03T07:17:45.561+0000] {spark_submit.py:644} INFO - 25/06/03 07:17:45 INFO Utils: Successfully started service 'sparkDriver' on port 44317.
[2025-06-03T07:17:45.582+0000] {spark_submit.py:644} INFO - 25/06/03 07:17:45 INFO SparkEnv: Registering MapOutputTracker
[2025-06-03T07:17:45.608+0000] {spark_submit.py:644} INFO - 25/06/03 07:17:45 INFO SparkEnv: Registering BlockManagerMaster
[2025-06-03T07:17:45.618+0000] {spark_submit.py:644} INFO - 25/06/03 07:17:45 INFO BlockManagerMasterEndpoint: Using org.apache.spark.storage.DefaultTopologyMapper for getting topology information
[2025-06-03T07:17:45.619+0000] {spark_submit.py:644} INFO - 25/06/03 07:17:45 INFO BlockManagerMasterEndpoint: BlockManagerMasterEndpoint up
[2025-06-03T07:17:45.621+0000] {spark_submit.py:644} INFO - 25/06/03 07:17:45 INFO SparkEnv: Registering BlockManagerMasterHeartbeat
[2025-06-03T07:17:45.636+0000] {spark_submit.py:644} INFO - 25/06/03 07:17:45 INFO DiskBlockManager: Created local directory at /tmp/blockmgr-75429c3b-0af8-481b-b116-61002ab70ea0
[2025-06-03T07:17:45.643+0000] {spark_submit.py:644} INFO - 25/06/03 07:17:45 INFO MemoryStore: MemoryStore started with capacity 434.4 MiB
[2025-06-03T07:17:45.651+0000] {spark_submit.py:644} INFO - 25/06/03 07:17:45 INFO SparkEnv: Registering OutputCommitCoordinator
[2025-06-03T07:17:45.723+0000] {spark_submit.py:644} INFO - 25/06/03 07:17:45 INFO JettyUtils: Start Jetty 0.0.0.0:4040 for SparkUI
[2025-06-03T07:17:45.760+0000] {spark_submit.py:644} INFO - 25/06/03 07:17:45 INFO Utils: Successfully started service 'SparkUI' on port 4040.
[2025-06-03T07:17:45.783+0000] {spark_submit.py:644} INFO - 25/06/03 07:17:45 INFO SparkContext: Added JAR file:///home/***/.ivy2/jars/org.apache.hadoop_hadoop-aws-3.3.4.jar at spark://eff93630df4f:44317/jars/org.apache.hadoop_hadoop-aws-3.3.4.jar with timestamp 1748935065351
[2025-06-03T07:17:45.783+0000] {spark_submit.py:644} INFO - 25/06/03 07:17:45 INFO SparkContext: Added JAR file:///home/***/.ivy2/jars/com.amazonaws_aws-java-sdk-bundle-1.12.262.jar at spark://eff93630df4f:44317/jars/com.amazonaws_aws-java-sdk-bundle-1.12.262.jar with timestamp 1748935065351
[2025-06-03T07:17:45.783+0000] {spark_submit.py:644} INFO - 25/06/03 07:17:45 INFO SparkContext: Added JAR file:///home/***/.ivy2/jars/io.delta_delta-spark_2.12-3.1.0.jar at spark://eff93630df4f:44317/jars/io.delta_delta-spark_2.12-3.1.0.jar with timestamp 1748935065351
[2025-06-03T07:17:45.783+0000] {spark_submit.py:644} INFO - 25/06/03 07:17:45 INFO SparkContext: Added JAR file:///home/***/.ivy2/jars/org.wildfly.openssl_wildfly-openssl-1.0.7.Final.jar at spark://eff93630df4f:44317/jars/org.wildfly.openssl_wildfly-openssl-1.0.7.Final.jar with timestamp 1748935065351
[2025-06-03T07:17:45.783+0000] {spark_submit.py:644} INFO - 25/06/03 07:17:45 INFO SparkContext: Added JAR file:///home/***/.ivy2/jars/io.delta_delta-storage-3.1.0.jar at spark://eff93630df4f:44317/jars/io.delta_delta-storage-3.1.0.jar with timestamp 1748935065351
[2025-06-03T07:17:45.783+0000] {spark_submit.py:644} INFO - 25/06/03 07:17:45 INFO SparkContext: Added JAR file:///home/***/.ivy2/jars/org.antlr_antlr4-runtime-4.9.3.jar at spark://eff93630df4f:44317/jars/org.antlr_antlr4-runtime-4.9.3.jar with timestamp 1748935065351
[2025-06-03T07:17:45.784+0000] {spark_submit.py:644} INFO - 25/06/03 07:17:45 INFO SparkContext: Added file file:///home/***/.ivy2/jars/org.apache.hadoop_hadoop-aws-3.3.4.jar at spark://eff93630df4f:44317/files/org.apache.hadoop_hadoop-aws-3.3.4.jar with timestamp 1748935065351
[2025-06-03T07:17:45.785+0000] {spark_submit.py:644} INFO - 25/06/03 07:17:45 INFO Utils: Copying /home/***/.ivy2/jars/org.apache.hadoop_hadoop-aws-3.3.4.jar to /tmp/spark-3af8a8de-8c6b-495a-954d-9a64a1a4d3ab/userFiles-4009e176-8dbd-494c-b256-558c2f489731/org.apache.hadoop_hadoop-aws-3.3.4.jar
[2025-06-03T07:17:45.793+0000] {spark_submit.py:644} INFO - 25/06/03 07:17:45 INFO SparkContext: Added file file:///home/***/.ivy2/jars/com.amazonaws_aws-java-sdk-bundle-1.12.262.jar at spark://eff93630df4f:44317/files/com.amazonaws_aws-java-sdk-bundle-1.12.262.jar with timestamp 1748935065351
[2025-06-03T07:17:45.793+0000] {spark_submit.py:644} INFO - 25/06/03 07:17:45 INFO Utils: Copying /home/***/.ivy2/jars/com.amazonaws_aws-java-sdk-bundle-1.12.262.jar to /tmp/spark-3af8a8de-8c6b-495a-954d-9a64a1a4d3ab/userFiles-4009e176-8dbd-494c-b256-558c2f489731/com.amazonaws_aws-java-sdk-bundle-1.12.262.jar
[2025-06-03T07:17:46.237+0000] {spark_submit.py:644} INFO - 25/06/03 07:17:46 INFO SparkContext: Added file file:///home/***/.ivy2/jars/io.delta_delta-spark_2.12-3.1.0.jar at spark://eff93630df4f:44317/files/io.delta_delta-spark_2.12-3.1.0.jar with timestamp 1748935065351
[2025-06-03T07:17:46.237+0000] {spark_submit.py:644} INFO - 25/06/03 07:17:46 INFO Utils: Copying /home/***/.ivy2/jars/io.delta_delta-spark_2.12-3.1.0.jar to /tmp/spark-3af8a8de-8c6b-495a-954d-9a64a1a4d3ab/userFiles-4009e176-8dbd-494c-b256-558c2f489731/io.delta_delta-spark_2.12-3.1.0.jar
[2025-06-03T07:17:46.254+0000] {spark_submit.py:644} INFO - 25/06/03 07:17:46 INFO SparkContext: Added file file:///home/***/.ivy2/jars/org.wildfly.openssl_wildfly-openssl-1.0.7.Final.jar at spark://eff93630df4f:44317/files/org.wildfly.openssl_wildfly-openssl-1.0.7.Final.jar with timestamp 1748935065351
[2025-06-03T07:17:46.254+0000] {spark_submit.py:644} INFO - 25/06/03 07:17:46 INFO Utils: Copying /home/***/.ivy2/jars/org.wildfly.openssl_wildfly-openssl-1.0.7.Final.jar to /tmp/spark-3af8a8de-8c6b-495a-954d-9a64a1a4d3ab/userFiles-4009e176-8dbd-494c-b256-558c2f489731/org.wildfly.openssl_wildfly-openssl-1.0.7.Final.jar
[2025-06-03T07:17:46.257+0000] {spark_submit.py:644} INFO - 25/06/03 07:17:46 INFO SparkContext: Added file file:///home/***/.ivy2/jars/io.delta_delta-storage-3.1.0.jar at spark://eff93630df4f:44317/files/io.delta_delta-storage-3.1.0.jar with timestamp 1748935065351
[2025-06-03T07:17:46.257+0000] {spark_submit.py:644} INFO - 25/06/03 07:17:46 INFO Utils: Copying /home/***/.ivy2/jars/io.delta_delta-storage-3.1.0.jar to /tmp/spark-3af8a8de-8c6b-495a-954d-9a64a1a4d3ab/userFiles-4009e176-8dbd-494c-b256-558c2f489731/io.delta_delta-storage-3.1.0.jar
[2025-06-03T07:17:46.259+0000] {spark_submit.py:644} INFO - 25/06/03 07:17:46 INFO SparkContext: Added file file:///home/***/.ivy2/jars/org.antlr_antlr4-runtime-4.9.3.jar at spark://eff93630df4f:44317/files/org.antlr_antlr4-runtime-4.9.3.jar with timestamp 1748935065351
[2025-06-03T07:17:46.259+0000] {spark_submit.py:644} INFO - 25/06/03 07:17:46 INFO Utils: Copying /home/***/.ivy2/jars/org.antlr_antlr4-runtime-4.9.3.jar to /tmp/spark-3af8a8de-8c6b-495a-954d-9a64a1a4d3ab/userFiles-4009e176-8dbd-494c-b256-558c2f489731/org.antlr_antlr4-runtime-4.9.3.jar
[2025-06-03T07:17:46.311+0000] {spark_submit.py:644} INFO - 25/06/03 07:17:46 INFO StandaloneAppClient$ClientEndpoint: Connecting to master spark://spark-master:7077...
[2025-06-03T07:17:46.339+0000] {spark_submit.py:644} INFO - 25/06/03 07:17:46 INFO TransportClientFactory: Successfully created connection to spark-master/172.18.0.5:7077 after 15 ms (0 ms spent in bootstraps)
[2025-06-03T07:17:46.400+0000] {spark_submit.py:644} INFO - 25/06/03 07:17:46 INFO StandaloneSchedulerBackend: Connected to Spark cluster with app ID app-20250603071746-0003
[2025-06-03T07:17:46.401+0000] {spark_submit.py:644} INFO - 25/06/03 07:17:46 INFO StandaloneAppClient$ClientEndpoint: Executor added: app-20250603071746-0003/0 on worker-20250603060346-172.18.0.7-40055 (172.18.0.7:40055) with 4 core(s)
[2025-06-03T07:17:46.402+0000] {spark_submit.py:644} INFO - 25/06/03 07:17:46 INFO StandaloneSchedulerBackend: Granted executor ID app-20250603071746-0003/0 on hostPort 172.18.0.7:40055 with 4 core(s), 2.0 GiB RAM
[2025-06-03T07:17:46.407+0000] {spark_submit.py:644} INFO - 25/06/03 07:17:46 INFO Utils: Successfully started service 'org.apache.spark.network.netty.NettyBlockTransferService' on port 33131.
[2025-06-03T07:17:46.407+0000] {spark_submit.py:644} INFO - 25/06/03 07:17:46 INFO NettyBlockTransferService: Server created on eff93630df4f:33131
[2025-06-03T07:17:46.409+0000] {spark_submit.py:644} INFO - 25/06/03 07:17:46 INFO BlockManager: Using org.apache.spark.storage.RandomBlockReplicationPolicy for block replication policy
[2025-06-03T07:17:46.414+0000] {spark_submit.py:644} INFO - 25/06/03 07:17:46 INFO BlockManagerMaster: Registering BlockManager BlockManagerId(driver, eff93630df4f, 33131, None)
[2025-06-03T07:17:46.416+0000] {spark_submit.py:644} INFO - 25/06/03 07:17:46 INFO BlockManagerMasterEndpoint: Registering block manager eff93630df4f:33131 with 434.4 MiB RAM, BlockManagerId(driver, eff93630df4f, 33131, None)
[2025-06-03T07:17:46.417+0000] {spark_submit.py:644} INFO - 25/06/03 07:17:46 INFO BlockManagerMaster: Registered BlockManager BlockManagerId(driver, eff93630df4f, 33131, None)
[2025-06-03T07:17:46.418+0000] {spark_submit.py:644} INFO - 25/06/03 07:17:46 INFO BlockManager: Initialized BlockManager: BlockManagerId(driver, eff93630df4f, 33131, None)
[2025-06-03T07:17:46.442+0000] {spark_submit.py:644} INFO - 25/06/03 07:17:46 INFO StandaloneAppClient$ClientEndpoint: Executor updated: app-20250603071746-0003/0 is now RUNNING
[2025-06-03T07:17:46.565+0000] {spark_submit.py:644} INFO - 25/06/03 07:17:46 INFO StandaloneSchedulerBackend: SchedulerBackend is ready for scheduling beginning after reached minRegisteredResourcesRatio: 0.0
[2025-06-03T07:17:46.740+0000] {spark_submit.py:644} INFO - Bronze Ingestion: Spark session created.
[2025-06-03T07:17:46.744+0000] {spark_submit.py:644} INFO - 25/06/03 07:17:46 INFO SharedState: Setting hive.metastore.warehouse.dir ('null') to the value of spark.sql.warehouse.dir.
[2025-06-03T07:17:46.828+0000] {spark_submit.py:644} INFO - 25/06/03 07:17:46 WARN MetricsConfig: Cannot locate configuration: tried hadoop-metrics2-s3a-file-system.properties,hadoop-metrics2.properties
[2025-06-03T07:17:46.835+0000] {spark_submit.py:644} INFO - 25/06/03 07:17:46 INFO MetricsSystemImpl: Scheduled Metric snapshot period at 10 second(s).
[2025-06-03T07:17:46.835+0000] {spark_submit.py:644} INFO - 25/06/03 07:17:46 INFO MetricsSystemImpl: s3a-file-system metrics system started
[2025-06-03T07:17:47.299+0000] {spark_submit.py:644} INFO - 25/06/03 07:17:47 INFO SharedState: Warehouse path is 's3a://mybucket'.
[2025-06-03T07:17:48.006+0000] {spark_submit.py:644} INFO - 25/06/03 07:17:48 INFO InMemoryFileIndex: It took 37 ms to list leaf files for 1 paths.
[2025-06-03T07:17:48.033+0000] {spark_submit.py:644} INFO - 25/06/03 07:17:48 INFO StandaloneSchedulerBackend$StandaloneDriverEndpoint: Registered executor NettyRpcEndpointRef(spark-client://Executor) (172.18.0.7:34950) with ID 0,  ResourceProfileId 0
[2025-06-03T07:17:48.092+0000] {spark_submit.py:644} INFO - 25/06/03 07:17:48 INFO BlockManagerMasterEndpoint: Registering block manager 172.18.0.7:41301 with 1048.8 MiB RAM, BlockManagerId(0, 172.18.0.7, 41301, None)
[2025-06-03T07:17:48.777+0000] {spark_submit.py:644} INFO - Successfully loaded Stephen Curry stats from: /opt/***/data/Stephen Curry Stats.parquet
[2025-06-03T07:17:49.719+0000] {spark_submit.py:644} INFO - 25/06/03 07:17:49 INFO HiveConf: Found configuration file null
[2025-06-03T07:17:49.726+0000] {spark_submit.py:644} INFO - 25/06/03 07:17:49 INFO HiveUtils: Initializing HiveMetastoreConnection version 2.3.9 using Spark classes.
[2025-06-03T07:17:49.864+0000] {spark_submit.py:644} INFO - 25/06/03 07:17:49 INFO HiveClientImpl: Warehouse location for Hive client (version 2.3.9) is s3a://mybucket
[2025-06-03T07:17:49.892+0000] {spark_submit.py:644} INFO - 25/06/03 07:17:49 INFO metastore: Trying to connect to metastore with URI thrift://hive-metastore:9083
[2025-06-03T07:17:49.908+0000] {spark_submit.py:644} INFO - 25/06/03 07:17:49 INFO metastore: Opened a connection to metastore, current connections: 1
[2025-06-03T07:17:49.935+0000] {spark_submit.py:644} INFO - 25/06/03 07:17:49 INFO metastore: Connected to metastore.
[2025-06-03T07:17:50.001+0000] {spark_submit.py:644} INFO - Writing data to Bronze layer at: s3a://mybucket/bronze/curry_raw_data/
[2025-06-03T07:17:50.329+0000] {spark_submit.py:644} INFO - 25/06/03 07:17:50 INFO InMemoryFileIndex: It took 111 ms to list leaf files for 1 paths.
[2025-06-03T07:17:50.490+0000] {spark_submit.py:644} INFO - 25/06/03 07:17:50 WARN SparkStringUtils: Truncated the string representation of a plan since it was too large. This behavior can be adjusted by setting 'spark.sql.debug.maxToStringFields'.
[2025-06-03T07:17:50.539+0000] {spark_submit.py:644} INFO - 25/06/03 07:17:50 INFO FileSourceStrategy: Pushed Filters:
[2025-06-03T07:17:50.539+0000] {spark_submit.py:644} INFO - 25/06/03 07:17:50 INFO FileSourceStrategy: Post-Scan Filters:
[2025-06-03T07:17:50.741+0000] {spark_submit.py:644} INFO - 25/06/03 07:17:50 INFO ParquetUtils: Using default output committer for Parquet: org.apache.parquet.hadoop.ParquetOutputCommitter
[2025-06-03T07:17:50.767+0000] {spark_submit.py:644} INFO - 25/06/03 07:17:50 INFO FileOutputCommitter: File Output Committer Algorithm version is 1
[2025-06-03T07:17:50.768+0000] {spark_submit.py:644} INFO - 25/06/03 07:17:50 INFO FileOutputCommitter: FileOutputCommitter skip cleanup _temporary folders under output directory:false, ignore cleanup failures: false
[2025-06-03T07:17:50.770+0000] {spark_submit.py:644} INFO - 25/06/03 07:17:50 INFO SQLHadoopMapReduceCommitProtocol: Using user defined output committer class org.apache.parquet.hadoop.ParquetOutputCommitter
[2025-06-03T07:17:50.770+0000] {spark_submit.py:644} INFO - 25/06/03 07:17:50 INFO FileOutputCommitter: File Output Committer Algorithm version is 1
[2025-06-03T07:17:50.770+0000] {spark_submit.py:644} INFO - 25/06/03 07:17:50 INFO FileOutputCommitter: FileOutputCommitter skip cleanup _temporary folders under output directory:false, ignore cleanup failures: false
[2025-06-03T07:17:50.771+0000] {spark_submit.py:644} INFO - 25/06/03 07:17:50 INFO SQLHadoopMapReduceCommitProtocol: Using output committer class org.apache.parquet.hadoop.ParquetOutputCommitter
[2025-06-03T07:17:51.000+0000] {spark_submit.py:644} INFO - 25/06/03 07:17:51 INFO CodeGenerator: Code generated in 133.11025 ms
[2025-06-03T07:17:51.034+0000] {spark_submit.py:644} INFO - 25/06/03 07:17:51 INFO MemoryStore: Block broadcast_0 stored as values in memory (estimated size 209.8 KiB, free 434.2 MiB)
[2025-06-03T07:17:51.065+0000] {spark_submit.py:644} INFO - 25/06/03 07:17:51 INFO MemoryStore: Block broadcast_0_piece0 stored as bytes in memory (estimated size 37.2 KiB, free 434.2 MiB)
[2025-06-03T07:17:51.069+0000] {spark_submit.py:644} INFO - 25/06/03 07:17:51 INFO BlockManagerInfo: Added broadcast_0_piece0 in memory on eff93630df4f:33131 (size: 37.2 KiB, free: 434.4 MiB)
[2025-06-03T07:17:51.073+0000] {spark_submit.py:644} INFO - 25/06/03 07:17:51 INFO SparkContext: Created broadcast 0 from saveAsTable at NativeMethodAccessorImpl.java:0
[2025-06-03T07:17:51.088+0000] {spark_submit.py:644} INFO - 25/06/03 07:17:51 INFO FileSourceScanExec: Planning scan with bin packing, max size: 4194304 bytes, open cost is considered as scanning 4194304 bytes.
[2025-06-03T07:17:51.151+0000] {spark_submit.py:644} INFO - 25/06/03 07:17:51 INFO SparkContext: Starting job: saveAsTable at NativeMethodAccessorImpl.java:0
[2025-06-03T07:17:51.165+0000] {spark_submit.py:644} INFO - 25/06/03 07:17:51 INFO DAGScheduler: Got job 0 (saveAsTable at NativeMethodAccessorImpl.java:0) with 1 output partitions
[2025-06-03T07:17:51.166+0000] {spark_submit.py:644} INFO - 25/06/03 07:17:51 INFO DAGScheduler: Final stage: ResultStage 0 (saveAsTable at NativeMethodAccessorImpl.java:0)
[2025-06-03T07:17:51.166+0000] {spark_submit.py:644} INFO - 25/06/03 07:17:51 INFO DAGScheduler: Parents of final stage: List()
[2025-06-03T07:17:51.166+0000] {spark_submit.py:644} INFO - 25/06/03 07:17:51 INFO DAGScheduler: Missing parents: List()
[2025-06-03T07:17:51.168+0000] {spark_submit.py:644} INFO - 25/06/03 07:17:51 INFO DAGScheduler: Submitting ResultStage 0 (MapPartitionsRDD[3] at saveAsTable at NativeMethodAccessorImpl.java:0), which has no missing parents
[2025-06-03T07:17:51.239+0000] {spark_submit.py:644} INFO - 25/06/03 07:17:51 INFO MemoryStore: Block broadcast_1 stored as values in memory (estimated size 241.7 KiB, free 433.9 MiB)
[2025-06-03T07:17:51.250+0000] {spark_submit.py:644} INFO - 25/06/03 07:17:51 INFO MemoryStore: Block broadcast_1_piece0 stored as bytes in memory (estimated size 83.0 KiB, free 433.8 MiB)
[2025-06-03T07:17:51.252+0000] {spark_submit.py:644} INFO - 25/06/03 07:17:51 INFO BlockManagerInfo: Added broadcast_1_piece0 in memory on eff93630df4f:33131 (size: 83.0 KiB, free: 434.3 MiB)
[2025-06-03T07:17:51.252+0000] {spark_submit.py:644} INFO - 25/06/03 07:17:51 INFO SparkContext: Created broadcast 1 from broadcast at DAGScheduler.scala:1585
[2025-06-03T07:17:51.267+0000] {spark_submit.py:644} INFO - 25/06/03 07:17:51 INFO DAGScheduler: Submitting 1 missing tasks from ResultStage 0 (MapPartitionsRDD[3] at saveAsTable at NativeMethodAccessorImpl.java:0) (first 15 tasks are for partitions Vector(0))
[2025-06-03T07:17:51.271+0000] {spark_submit.py:644} INFO - 25/06/03 07:17:51 INFO TaskSchedulerImpl: Adding task set 0.0 with 1 tasks resource profile 0
[2025-06-03T07:17:51.290+0000] {spark_submit.py:644} INFO - 25/06/03 07:17:51 INFO TaskSetManager: Starting task 0.0 in stage 0.0 (TID 0) (172.18.0.7, executor 0, partition 0, PROCESS_LOCAL, 10805 bytes)
[2025-06-03T07:17:51.460+0000] {spark_submit.py:644} INFO - 25/06/03 07:17:51 INFO BlockManagerInfo: Added broadcast_1_piece0 in memory on 172.18.0.7:41301 (size: 83.0 KiB, free: 1048.7 MiB)
[2025-06-03T07:17:52.932+0000] {spark_submit.py:644} INFO - 25/06/03 07:17:52 INFO BlockManagerInfo: Added broadcast_0_piece0 in memory on 172.18.0.7:41301 (size: 37.2 KiB, free: 1048.7 MiB)
[2025-06-03T07:17:53.445+0000] {spark_submit.py:644} INFO - 25/06/03 07:17:53 INFO TaskSetManager: Finished task 0.0 in stage 0.0 (TID 0) in 2162 ms on 172.18.0.7 (executor 0) (1/1)
[2025-06-03T07:17:53.446+0000] {spark_submit.py:644} INFO - 25/06/03 07:17:53 INFO TaskSchedulerImpl: Removed TaskSet 0.0, whose tasks have all completed, from pool
[2025-06-03T07:17:53.450+0000] {spark_submit.py:644} INFO - 25/06/03 07:17:53 INFO DAGScheduler: ResultStage 0 (saveAsTable at NativeMethodAccessorImpl.java:0) finished in 2.274 s
[2025-06-03T07:17:53.452+0000] {spark_submit.py:644} INFO - 25/06/03 07:17:53 INFO DAGScheduler: Job 0 is finished. Cancelling potential speculative or zombie tasks for this job
[2025-06-03T07:17:53.453+0000] {spark_submit.py:644} INFO - 25/06/03 07:17:53 INFO TaskSchedulerImpl: Killing all running tasks in stage 0: Stage finished
[2025-06-03T07:17:53.457+0000] {spark_submit.py:644} INFO - 25/06/03 07:17:53 INFO DAGScheduler: Job 0 finished: saveAsTable at NativeMethodAccessorImpl.java:0, took 2.302290 s
[2025-06-03T07:17:53.457+0000] {spark_submit.py:644} INFO - 25/06/03 07:17:53 INFO FileFormatWriter: Start to commit write Job a88b9b6e-b45c-4dde-b3a9-fd9c87bbf32b.
[2025-06-03T07:17:53.581+0000] {spark_submit.py:644} INFO - 25/06/03 07:17:53 INFO FileFormatWriter: Write Job a88b9b6e-b45c-4dde-b3a9-fd9c87bbf32b committed. Elapsed time: 125 ms.
[2025-06-03T07:17:53.583+0000] {spark_submit.py:644} INFO - 25/06/03 07:17:53 INFO FileFormatWriter: Finished processing stats for write job a88b9b6e-b45c-4dde-b3a9-fd9c87bbf32b.
[2025-06-03T07:17:53.601+0000] {spark_submit.py:644} INFO - 25/06/03 07:17:53 INFO InMemoryFileIndex: It took 4 ms to list leaf files for 1 paths.
[2025-06-03T07:17:53.620+0000] {spark_submit.py:644} INFO - 25/06/03 07:17:53 INFO HiveExternalCatalog: Persisting file based data source table `spark_catalog`.`sc_stats_db`.`bronze_sc_stats` into Hive metastore in Hive compatible format.
[2025-06-03T07:17:53.634+0000] {spark_submit.py:644} INFO - 25/06/03 07:17:53 INFO SQLStdHiveAccessController: Created SQLStdHiveAccessController for session context : HiveAuthzSessionContext [sessionString=822df727-c073-4d3d-ab43-fa617b553b79, clientType=HIVECLI]
[2025-06-03T07:17:53.635+0000] {spark_submit.py:644} INFO - 25/06/03 07:17:53 WARN SessionState: METASTORE_FILTER_HOOK will be ignored, since hive.security.authorization.manager is set to instance of HiveAuthorizerFactory.
[2025-06-03T07:17:53.635+0000] {spark_submit.py:644} INFO - 25/06/03 07:17:53 INFO metastore: Mestastore configuration hive.metastore.filter.hook changed from org.apache.hadoop.hive.metastore.DefaultMetaStoreFilterHookImpl to org.apache.hadoop.hive.ql.security.authorization.plugin.AuthorizationMetaStoreFilterHook
[2025-06-03T07:17:53.637+0000] {spark_submit.py:644} INFO - 25/06/03 07:17:53 INFO metastore: Closed a connection to metastore, current connections: 0
[2025-06-03T07:17:53.638+0000] {spark_submit.py:644} INFO - 25/06/03 07:17:53 INFO metastore: Trying to connect to metastore with URI thrift://hive-metastore:9083
[2025-06-03T07:17:53.638+0000] {spark_submit.py:644} INFO - 25/06/03 07:17:53 INFO metastore: Opened a connection to metastore, current connections: 1
[2025-06-03T07:17:53.638+0000] {spark_submit.py:644} INFO - 25/06/03 07:17:53 INFO metastore: Connected to metastore.
[2025-06-03T07:17:53.684+0000] {spark_submit.py:644} INFO - 25/06/03 07:17:53 INFO metastore: Trying to connect to metastore with URI thrift://hive-metastore:9083
[2025-06-03T07:17:53.684+0000] {spark_submit.py:644} INFO - 25/06/03 07:17:53 INFO metastore: Opened a connection to metastore, current connections: 2
[2025-06-03T07:17:53.685+0000] {spark_submit.py:644} INFO - 25/06/03 07:17:53 INFO metastore: Connected to metastore.
[2025-06-03T07:17:53.753+0000] {spark_submit.py:644} INFO - Successfully wrote data to: s3a://mybucket/bronze/curry_raw_data/ and registered table sc_stats_db.bronze_sc_stats
[2025-06-03T07:17:53.753+0000] {spark_submit.py:644} INFO - Bronze ingestion job completed successfully.
[2025-06-03T07:17:53.753+0000] {spark_submit.py:644} INFO - 25/06/03 07:17:53 INFO SparkContext: SparkContext is stopping with exitCode 0.
[2025-06-03T07:17:53.763+0000] {spark_submit.py:644} INFO - 25/06/03 07:17:53 INFO SparkUI: Stopped Spark web UI at http://eff93630df4f:4040
[2025-06-03T07:17:53.764+0000] {spark_submit.py:644} INFO - 25/06/03 07:17:53 INFO StandaloneSchedulerBackend: Shutting down all executors
[2025-06-03T07:17:53.765+0000] {spark_submit.py:644} INFO - 25/06/03 07:17:53 INFO StandaloneSchedulerBackend$StandaloneDriverEndpoint: Asking each executor to shut down
[2025-06-03T07:17:53.778+0000] {spark_submit.py:644} INFO - 25/06/03 07:17:53 INFO MapOutputTrackerMasterEndpoint: MapOutputTrackerMasterEndpoint stopped!
[2025-06-03T07:17:53.787+0000] {spark_submit.py:644} INFO - 25/06/03 07:17:53 INFO MemoryStore: MemoryStore cleared
[2025-06-03T07:17:53.788+0000] {spark_submit.py:644} INFO - 25/06/03 07:17:53 INFO BlockManager: BlockManager stopped
[2025-06-03T07:17:53.794+0000] {spark_submit.py:644} INFO - 25/06/03 07:17:53 INFO BlockManagerMaster: BlockManagerMaster stopped
[2025-06-03T07:17:53.795+0000] {spark_submit.py:644} INFO - 25/06/03 07:17:53 INFO OutputCommitCoordinator$OutputCommitCoordinatorEndpoint: OutputCommitCoordinator stopped!
[2025-06-03T07:17:53.808+0000] {spark_submit.py:644} INFO - 25/06/03 07:17:53 INFO SparkContext: Successfully stopped SparkContext
[2025-06-03T07:17:54.142+0000] {spark_submit.py:644} INFO - 25/06/03 07:17:54 INFO ShutdownHookManager: Shutdown hook called
[2025-06-03T07:17:54.143+0000] {spark_submit.py:644} INFO - 25/06/03 07:17:54 INFO ShutdownHookManager: Deleting directory /tmp/spark-3af8a8de-8c6b-495a-954d-9a64a1a4d3ab/pyspark-69e6792d-6807-4dc5-8e83-a9bbf8022175
[2025-06-03T07:17:54.144+0000] {spark_submit.py:644} INFO - 25/06/03 07:17:54 INFO ShutdownHookManager: Deleting directory /tmp/spark-3af8a8de-8c6b-495a-954d-9a64a1a4d3ab
[2025-06-03T07:17:54.146+0000] {spark_submit.py:644} INFO - 25/06/03 07:17:54 INFO ShutdownHookManager: Deleting directory /tmp/spark-df703351-d652-498c-8ac8-0c50e13f6c8d
[2025-06-03T07:17:54.149+0000] {spark_submit.py:644} INFO - 25/06/03 07:17:54 INFO MetricsSystemImpl: Stopping s3a-file-system metrics system...
[2025-06-03T07:17:54.150+0000] {spark_submit.py:644} INFO - 25/06/03 07:17:54 INFO MetricsSystemImpl: s3a-file-system metrics system stopped.
[2025-06-03T07:17:54.150+0000] {spark_submit.py:644} INFO - 25/06/03 07:17:54 INFO MetricsSystemImpl: s3a-file-system metrics system shutdown complete.
[2025-06-03T07:17:54.183+0000] {taskinstance.py:340} INFO - ::group::Post task execution logs
[2025-06-03T07:17:54.183+0000] {taskinstance.py:352} INFO - Marking task as SUCCESS. dag_id=curry_medallion_etl, task_id=submit_bronze_etl_job, run_id=manual__2025-06-03T07:17:42.038314+00:00, execution_date=20250603T071742, start_date=20250603T071742, end_date=20250603T071754
[2025-06-03T07:17:54.233+0000] {local_task_job_runner.py:266} INFO - Task exited with return code 0
[2025-06-03T07:17:54.248+0000] {taskinstance.py:3895} INFO - 1 downstream tasks scheduled from follow-on schedule check
[2025-06-03T07:17:54.249+0000] {local_task_job_runner.py:245} INFO - ::endgroup::
