[2025-06-01T08:23:21.025+0000] {local_task_job_runner.py:123} INFO - ::group::Pre task execution logs
[2025-06-01T08:23:21.034+0000] {taskinstance.py:2613} INFO - Dependencies all met for dep_context=non-requeueable deps ti=<TaskInstance: curry_medallion_etl.submit_bronze_etl_job manual__2025-06-01T08:23:19.393715+00:00 [queued]>
[2025-06-01T08:23:21.038+0000] {taskinstance.py:2613} INFO - Dependencies all met for dep_context=requeueable deps ti=<TaskInstance: curry_medallion_etl.submit_bronze_etl_job manual__2025-06-01T08:23:19.393715+00:00 [queued]>
[2025-06-01T08:23:21.038+0000] {taskinstance.py:2866} INFO - Starting attempt 1 of 1
[2025-06-01T08:23:21.043+0000] {taskinstance.py:2889} INFO - Executing <Task(SparkSubmitOperator): submit_bronze_etl_job> on 2025-06-01 08:23:19.393715+00:00
[2025-06-01T08:23:21.045+0000] {standard_task_runner.py:72} INFO - Started process 2934 to run task
[2025-06-01T08:23:21.047+0000] {standard_task_runner.py:104} INFO - Running: ['***', 'tasks', 'run', 'curry_medallion_etl', 'submit_bronze_etl_job', 'manual__2025-06-01T08:23:19.393715+00:00', '--job-id', '13', '--raw', '--subdir', 'DAGS_FOLDER/medallion_sales_etl_dag.py', '--cfg-path', '/tmp/tmp2fs6ofwf']
[2025-06-01T08:23:21.049+0000] {standard_task_runner.py:105} INFO - Job 13: Subtask submit_bronze_etl_job
[2025-06-01T08:23:21.076+0000] {task_command.py:467} INFO - Running <TaskInstance: curry_medallion_etl.submit_bronze_etl_job manual__2025-06-01T08:23:19.393715+00:00 [running]> on host 5272c5e55b21
[2025-06-01T08:23:21.124+0000] {taskinstance.py:3132} INFO - Exporting env vars: AIRFLOW_CTX_DAG_OWNER='qdinh18' AIRFLOW_CTX_DAG_ID='curry_medallion_etl' AIRFLOW_CTX_TASK_ID='submit_bronze_etl_job' AIRFLOW_CTX_EXECUTION_DATE='2025-06-01T08:23:19.393715+00:00' AIRFLOW_CTX_TRY_NUMBER='1' AIRFLOW_CTX_DAG_RUN_ID='manual__2025-06-01T08:23:19.393715+00:00'
[2025-06-01T08:23:21.125+0000] {taskinstance.py:731} INFO - ::endgroup::
[2025-06-01T08:23:21.144+0000] {base.py:84} INFO - Retrieving connection 'spark_default'
[2025-06-01T08:23:21.145+0000] {spark_submit.py:474} INFO - Spark-Submit cmd: spark-submit --master spark://spark-master:7077 --conf spark.executor.memory=2g --conf spark.sql.extensions=io.delta.sql.DeltaSparkSessionExtension --conf spark.sql.catalog.spark_catalog=org.apache.spark.sql.delta.catalog.DeltaCatalog --conf spark.hadoop.fs.s3a.endpoint=http://minio:9000 --conf spark.hadoop.fs.s3a.access.key=minioadmin --conf spark.hadoop.fs.s3a.secret.key=****** --conf spark.hadoop.fs.s3a.path.style.access=true --conf spark.hadoop.fs.s3a.impl=org.apache.hadoop.fs.s3a.S3AFileSystem --packages org.apache.hadoop:hadoop-aws:3.3.4,com.amazonaws:aws-java-sdk-bundle:1.12.262,io.delta:delta-spark_2.12:3.1.0 --name bronze_sc_stats_etl --verbose --queue root.default --deploy-mode client /opt/***/dags/bronze_ingestion_sc_stats_etl.py --output_path s3a://mybucket/bronze/curry_raw_data/
[2025-06-01T08:23:21.819+0000] {spark_submit.py:644} INFO - Using properties file: null
[2025-06-01T08:23:21.873+0000] {spark_submit.py:644} INFO - Parsed arguments:
[2025-06-01T08:23:21.873+0000] {spark_submit.py:644} INFO - master                  spark://spark-master:7077
[2025-06-01T08:23:21.874+0000] {spark_submit.py:644} INFO - remote                  null
[2025-06-01T08:23:21.874+0000] {spark_submit.py:644} INFO - deployMode              client
[2025-06-01T08:23:21.874+0000] {spark_submit.py:644} INFO - executorMemory          2g
[2025-06-01T08:23:21.874+0000] {spark_submit.py:644} INFO - executorCores           null
[2025-06-01T08:23:21.874+0000] {spark_submit.py:644} INFO - totalExecutorCores      null
[2025-06-01T08:23:21.874+0000] {spark_submit.py:644} INFO - propertiesFile          null
[2025-06-01T08:23:21.874+0000] {spark_submit.py:644} INFO - driverMemory            null
[2025-06-01T08:23:21.874+0000] {spark_submit.py:644} INFO - driverCores             null
[2025-06-01T08:23:21.874+0000] {spark_submit.py:644} INFO - driverExtraClassPath    null
[2025-06-01T08:23:21.875+0000] {spark_submit.py:644} INFO - driverExtraLibraryPath  null
[2025-06-01T08:23:21.875+0000] {spark_submit.py:644} INFO - driverExtraJavaOptions  null
[2025-06-01T08:23:21.875+0000] {spark_submit.py:644} INFO - supervise               false
[2025-06-01T08:23:21.875+0000] {spark_submit.py:644} INFO - queue                   root.default
[2025-06-01T08:23:21.875+0000] {spark_submit.py:644} INFO - numExecutors            null
[2025-06-01T08:23:21.875+0000] {spark_submit.py:644} INFO - files                   null
[2025-06-01T08:23:21.876+0000] {spark_submit.py:644} INFO - pyFiles                 null
[2025-06-01T08:23:21.876+0000] {spark_submit.py:644} INFO - archives                null
[2025-06-01T08:23:21.876+0000] {spark_submit.py:644} INFO - mainClass               null
[2025-06-01T08:23:21.876+0000] {spark_submit.py:644} INFO - primaryResource         file:/opt/***/dags/bronze_ingestion_sc_stats_etl.py
[2025-06-01T08:23:21.876+0000] {spark_submit.py:644} INFO - name                    bronze_sc_stats_etl
[2025-06-01T08:23:21.876+0000] {spark_submit.py:644} INFO - childArgs               [--output_path s3a://mybucket/bronze/curry_raw_data/]
[2025-06-01T08:23:21.876+0000] {spark_submit.py:644} INFO - jars                    null
[2025-06-01T08:23:21.876+0000] {spark_submit.py:644} INFO - packages                org.apache.hadoop:hadoop-aws:3.3.4,com.amazonaws:aws-java-sdk-bundle:1.12.262,io.delta:delta-spark_2.12:3.1.0
[2025-06-01T08:23:21.876+0000] {spark_submit.py:644} INFO - packagesExclusions      null
[2025-06-01T08:23:21.877+0000] {spark_submit.py:644} INFO - repositories            null
[2025-06-01T08:23:21.877+0000] {spark_submit.py:644} INFO - verbose                 true
[2025-06-01T08:23:21.877+0000] {spark_submit.py:644} INFO - 
[2025-06-01T08:23:21.877+0000] {spark_submit.py:644} INFO - Spark properties used, including those specified through
[2025-06-01T08:23:21.877+0000] {spark_submit.py:644} INFO - --conf and those from the properties file null:
[2025-06-01T08:23:21.877+0000] {spark_submit.py:644} INFO - (spark.executor.memory,2g)
[2025-06-01T08:23:21.877+0000] {spark_submit.py:644} INFO - (spark.hadoop.fs.s3a.access.key,*********(redacted))
[2025-06-01T08:23:21.877+0000] {spark_submit.py:644} INFO - (spark.hadoop.fs.s3a.endpoint,http://minio:9000)
[2025-06-01T08:23:21.878+0000] {spark_submit.py:644} INFO - (spark.hadoop.fs.s3a.impl,org.apache.hadoop.fs.s3a.S3AFileSystem)
[2025-06-01T08:23:21.878+0000] {spark_submit.py:644} INFO - (spark.hadoop.fs.s3a.path.style.access,true)
[2025-06-01T08:23:21.878+0000] {spark_submit.py:644} INFO - (spark.hadoop.fs.s3a.secret.key,*********(redacted))
[2025-06-01T08:23:21.878+0000] {spark_submit.py:644} INFO - (spark.sql.catalog.spark_catalog,org.apache.spark.sql.delta.catalog.DeltaCatalog)
[2025-06-01T08:23:21.878+0000] {spark_submit.py:644} INFO - (spark.sql.extensions,io.delta.sql.DeltaSparkSessionExtension)
[2025-06-01T08:23:21.878+0000] {spark_submit.py:644} INFO - 
[2025-06-01T08:23:21.878+0000] {spark_submit.py:644} INFO - 
[2025-06-01T08:23:21.940+0000] {spark_submit.py:644} INFO - :: loading settings :: url = jar:file:/home/***/.local/lib/python3.11/site-packages/pyspark/jars/ivy-2.5.1.jar!/org/apache/ivy/core/settings/ivysettings.xml
[2025-06-01T08:23:21.975+0000] {spark_submit.py:644} INFO - Ivy Default Cache set to: /home/***/.ivy2/cache
[2025-06-01T08:23:21.976+0000] {spark_submit.py:644} INFO - The jars for the packages stored in: /home/***/.ivy2/jars
[2025-06-01T08:23:21.978+0000] {spark_submit.py:644} INFO - org.apache.hadoop#hadoop-aws added as a dependency
[2025-06-01T08:23:21.979+0000] {spark_submit.py:644} INFO - com.amazonaws#aws-java-sdk-bundle added as a dependency
[2025-06-01T08:23:21.979+0000] {spark_submit.py:644} INFO - io.delta#delta-spark_2.12 added as a dependency
[2025-06-01T08:23:21.979+0000] {spark_submit.py:644} INFO - :: resolving dependencies :: org.apache.spark#spark-submit-parent-0723a4dc-b8f4-4418-b633-cfe2ae92528f;1.0
[2025-06-01T08:23:21.979+0000] {spark_submit.py:644} INFO - confs: [default]
[2025-06-01T08:23:22.061+0000] {spark_submit.py:644} INFO - found org.apache.hadoop#hadoop-aws;3.3.4 in central
[2025-06-01T08:23:22.074+0000] {spark_submit.py:644} INFO - found com.amazonaws#aws-java-sdk-bundle;1.12.262 in central
[2025-06-01T08:23:22.086+0000] {spark_submit.py:644} INFO - found org.wildfly.openssl#wildfly-openssl;1.0.7.Final in central
[2025-06-01T08:23:22.095+0000] {spark_submit.py:644} INFO - found io.delta#delta-spark_2.12;3.1.0 in central
[2025-06-01T08:23:22.103+0000] {spark_submit.py:644} INFO - found io.delta#delta-storage;3.1.0 in central
[2025-06-01T08:23:22.110+0000] {spark_submit.py:644} INFO - found org.antlr#antlr4-runtime;4.9.3 in central
[2025-06-01T08:23:22.124+0000] {spark_submit.py:644} INFO - :: resolution report :: resolve 138ms :: artifacts dl 7ms
[2025-06-01T08:23:22.124+0000] {spark_submit.py:644} INFO - :: modules in use:
[2025-06-01T08:23:22.124+0000] {spark_submit.py:644} INFO - com.amazonaws#aws-java-sdk-bundle;1.12.262 from central in [default]
[2025-06-01T08:23:22.125+0000] {spark_submit.py:644} INFO - io.delta#delta-spark_2.12;3.1.0 from central in [default]
[2025-06-01T08:23:22.125+0000] {spark_submit.py:644} INFO - io.delta#delta-storage;3.1.0 from central in [default]
[2025-06-01T08:23:22.125+0000] {spark_submit.py:644} INFO - org.antlr#antlr4-runtime;4.9.3 from central in [default]
[2025-06-01T08:23:22.125+0000] {spark_submit.py:644} INFO - org.apache.hadoop#hadoop-aws;3.3.4 from central in [default]
[2025-06-01T08:23:22.125+0000] {spark_submit.py:644} INFO - org.wildfly.openssl#wildfly-openssl;1.0.7.Final from central in [default]
[2025-06-01T08:23:22.125+0000] {spark_submit.py:644} INFO - ---------------------------------------------------------------------
[2025-06-01T08:23:22.125+0000] {spark_submit.py:644} INFO - |                  |            modules            ||   artifacts   |
[2025-06-01T08:23:22.125+0000] {spark_submit.py:644} INFO - |       conf       | number| search|dwnlded|evicted|| number|dwnlded|
[2025-06-01T08:23:22.125+0000] {spark_submit.py:644} INFO - ---------------------------------------------------------------------
[2025-06-01T08:23:22.125+0000] {spark_submit.py:644} INFO - |      default     |   6   |   0   |   0   |   0   ||   6   |   0   |
[2025-06-01T08:23:22.126+0000] {spark_submit.py:644} INFO - ---------------------------------------------------------------------
[2025-06-01T08:23:22.126+0000] {spark_submit.py:644} INFO - :: retrieving :: org.apache.spark#spark-submit-parent-0723a4dc-b8f4-4418-b633-cfe2ae92528f
[2025-06-01T08:23:22.127+0000] {spark_submit.py:644} INFO - confs: [default]
[2025-06-01T08:23:22.131+0000] {spark_submit.py:644} INFO - 0 artifacts copied, 6 already retrieved (0kB/5ms)
[2025-06-01T08:23:22.226+0000] {spark_submit.py:644} INFO - 25/06/01 08:23:22 WARN NativeCodeLoader: Unable to load native-hadoop library for your platform... using builtin-java classes where applicable
[2025-06-01T08:23:22.323+0000] {spark_submit.py:644} INFO - Main class:
[2025-06-01T08:23:22.323+0000] {spark_submit.py:644} INFO - org.apache.spark.deploy.PythonRunner
[2025-06-01T08:23:22.323+0000] {spark_submit.py:644} INFO - Arguments:
[2025-06-01T08:23:22.324+0000] {spark_submit.py:644} INFO - file:/opt/***/dags/bronze_ingestion_sc_stats_etl.py
[2025-06-01T08:23:22.324+0000] {spark_submit.py:644} INFO - file:///home/***/.ivy2/jars/org.apache.hadoop_hadoop-aws-3.3.4.jar,file:///home/***/.ivy2/jars/com.amazonaws_aws-java-sdk-bundle-1.12.262.jar,file:///home/***/.ivy2/jars/io.delta_delta-spark_2.12-3.1.0.jar,file:///home/***/.ivy2/jars/org.wildfly.openssl_wildfly-openssl-1.0.7.Final.jar,file:///home/***/.ivy2/jars/io.delta_delta-storage-3.1.0.jar,file:///home/***/.ivy2/jars/org.antlr_antlr4-runtime-4.9.3.jar
[2025-06-01T08:23:22.324+0000] {spark_submit.py:644} INFO - --output_path
[2025-06-01T08:23:22.324+0000] {spark_submit.py:644} INFO - s3a://mybucket/bronze/curry_raw_data/
[2025-06-01T08:23:22.325+0000] {spark_submit.py:644} INFO - Spark config:
[2025-06-01T08:23:22.325+0000] {spark_submit.py:644} INFO - (spark.app.name,bronze_sc_stats_etl)
[2025-06-01T08:23:22.325+0000] {spark_submit.py:644} INFO - (spark.app.submitTime,1748766202314)
[2025-06-01T08:23:22.325+0000] {spark_submit.py:644} INFO - (spark.executor.memory,2g)
[2025-06-01T08:23:22.326+0000] {spark_submit.py:644} INFO - (spark.files,file:///home/***/.ivy2/jars/org.apache.hadoop_hadoop-aws-3.3.4.jar,file:///home/***/.ivy2/jars/com.amazonaws_aws-java-sdk-bundle-1.12.262.jar,file:///home/***/.ivy2/jars/io.delta_delta-spark_2.12-3.1.0.jar,file:///home/***/.ivy2/jars/org.wildfly.openssl_wildfly-openssl-1.0.7.Final.jar,file:///home/***/.ivy2/jars/io.delta_delta-storage-3.1.0.jar,file:///home/***/.ivy2/jars/org.antlr_antlr4-runtime-4.9.3.jar)
[2025-06-01T08:23:22.326+0000] {spark_submit.py:644} INFO - (spark.hadoop.fs.s3a.access.key,*********(redacted))
[2025-06-01T08:23:22.326+0000] {spark_submit.py:644} INFO - (spark.hadoop.fs.s3a.endpoint,http://minio:9000)
[2025-06-01T08:23:22.326+0000] {spark_submit.py:644} INFO - (spark.hadoop.fs.s3a.impl,org.apache.hadoop.fs.s3a.S3AFileSystem)
[2025-06-01T08:23:22.326+0000] {spark_submit.py:644} INFO - (spark.hadoop.fs.s3a.path.style.access,true)
[2025-06-01T08:23:22.326+0000] {spark_submit.py:644} INFO - (spark.hadoop.fs.s3a.secret.key,*********(redacted))
[2025-06-01T08:23:22.326+0000] {spark_submit.py:644} INFO - (spark.jars,file:///home/***/.ivy2/jars/org.apache.hadoop_hadoop-aws-3.3.4.jar,file:///home/***/.ivy2/jars/com.amazonaws_aws-java-sdk-bundle-1.12.262.jar,file:///home/***/.ivy2/jars/io.delta_delta-spark_2.12-3.1.0.jar,file:///home/***/.ivy2/jars/org.wildfly.openssl_wildfly-openssl-1.0.7.Final.jar,file:///home/***/.ivy2/jars/io.delta_delta-storage-3.1.0.jar,file:///home/***/.ivy2/jars/org.antlr_antlr4-runtime-4.9.3.jar)
[2025-06-01T08:23:22.327+0000] {spark_submit.py:644} INFO - (spark.master,spark://spark-master:7077)
[2025-06-01T08:23:22.327+0000] {spark_submit.py:644} INFO - (spark.repl.local.jars,file:///home/***/.ivy2/jars/org.apache.hadoop_hadoop-aws-3.3.4.jar,file:///home/***/.ivy2/jars/com.amazonaws_aws-java-sdk-bundle-1.12.262.jar,file:///home/***/.ivy2/jars/io.delta_delta-spark_2.12-3.1.0.jar,file:///home/***/.ivy2/jars/org.wildfly.openssl_wildfly-openssl-1.0.7.Final.jar,file:///home/***/.ivy2/jars/io.delta_delta-storage-3.1.0.jar,file:///home/***/.ivy2/jars/org.antlr_antlr4-runtime-4.9.3.jar)
[2025-06-01T08:23:22.327+0000] {spark_submit.py:644} INFO - (spark.sql.catalog.spark_catalog,org.apache.spark.sql.delta.catalog.DeltaCatalog)
[2025-06-01T08:23:22.327+0000] {spark_submit.py:644} INFO - (spark.sql.extensions,io.delta.sql.DeltaSparkSessionExtension)
[2025-06-01T08:23:22.327+0000] {spark_submit.py:644} INFO - (spark.submit.deployMode,client)
[2025-06-01T08:23:22.328+0000] {spark_submit.py:644} INFO - (spark.submit.pyFiles,/home/***/.ivy2/jars/org.apache.hadoop_hadoop-aws-3.3.4.jar,/home/***/.ivy2/jars/com.amazonaws_aws-java-sdk-bundle-1.12.262.jar,/home/***/.ivy2/jars/io.delta_delta-spark_2.12-3.1.0.jar,/home/***/.ivy2/jars/org.wildfly.openssl_wildfly-openssl-1.0.7.Final.jar,/home/***/.ivy2/jars/io.delta_delta-storage-3.1.0.jar,/home/***/.ivy2/jars/org.antlr_antlr4-runtime-4.9.3.jar)
[2025-06-01T08:23:22.328+0000] {spark_submit.py:644} INFO - Classpath elements:
[2025-06-01T08:23:22.328+0000] {spark_submit.py:644} INFO - file:///home/***/.ivy2/jars/org.apache.hadoop_hadoop-aws-3.3.4.jar
[2025-06-01T08:23:22.328+0000] {spark_submit.py:644} INFO - file:///home/***/.ivy2/jars/com.amazonaws_aws-java-sdk-bundle-1.12.262.jar
[2025-06-01T08:23:22.328+0000] {spark_submit.py:644} INFO - file:///home/***/.ivy2/jars/io.delta_delta-spark_2.12-3.1.0.jar
[2025-06-01T08:23:22.328+0000] {spark_submit.py:644} INFO - file:///home/***/.ivy2/jars/org.wildfly.openssl_wildfly-openssl-1.0.7.Final.jar
[2025-06-01T08:23:22.329+0000] {spark_submit.py:644} INFO - file:///home/***/.ivy2/jars/io.delta_delta-storage-3.1.0.jar
[2025-06-01T08:23:22.329+0000] {spark_submit.py:644} INFO - file:///home/***/.ivy2/jars/org.antlr_antlr4-runtime-4.9.3.jar
[2025-06-01T08:23:22.329+0000] {spark_submit.py:644} INFO - 
[2025-06-01T08:23:22.329+0000] {spark_submit.py:644} INFO - 
[2025-06-01T08:23:22.393+0000] {spark_submit.py:644} INFO - python3: can't open file '/opt/***/dags/bronze_ingestion_sc_stats_etl.py': [Errno 2] No such file or directory
[2025-06-01T08:23:22.399+0000] {spark_submit.py:644} INFO - 25/06/01 08:23:22 INFO ShutdownHookManager: Shutdown hook called
[2025-06-01T08:23:22.399+0000] {spark_submit.py:644} INFO - 25/06/01 08:23:22 INFO ShutdownHookManager: Deleting directory /tmp/spark-f33e317c-b7f8-4474-93ad-81d764dd790a
[2025-06-01T08:23:22.426+0000] {taskinstance.py:3311} ERROR - Task failed with exception
Traceback (most recent call last):
  File "/home/airflow/.local/lib/python3.11/site-packages/airflow/models/taskinstance.py", line 767, in _execute_task
    result = _execute_callable(context=context, **execute_callable_kwargs)
             ^^^^^^^^^^^^^^^^^^^^^^^^^^^^^^^^^^^^^^^^^^^^^^^^^^^^^^^^^^^^^
  File "/home/airflow/.local/lib/python3.11/site-packages/airflow/models/taskinstance.py", line 733, in _execute_callable
    return ExecutionCallableRunner(
           ^^^^^^^^^^^^^^^^^^^^^^^^
  File "/home/airflow/.local/lib/python3.11/site-packages/airflow/utils/operator_helpers.py", line 252, in run
    return self.func(*args, **kwargs)
           ^^^^^^^^^^^^^^^^^^^^^^^^^^
  File "/home/airflow/.local/lib/python3.11/site-packages/airflow/models/baseoperator.py", line 417, in wrapper
    return func(self, *args, **kwargs)
           ^^^^^^^^^^^^^^^^^^^^^^^^^^^
  File "/home/airflow/.local/lib/python3.11/site-packages/airflow/providers/apache/spark/operators/spark_submit.py", line 197, in execute
    self._hook.submit(self.application)
  File "/home/airflow/.local/lib/python3.11/site-packages/airflow/providers/apache/spark/hooks/spark_submit.py", line 566, in submit
    raise AirflowException(
airflow.exceptions.AirflowException: Cannot execute: spark-submit --master spark://spark-master:7077 --conf spark.executor.memory=2g --conf spark.sql.extensions=io.delta.sql.DeltaSparkSessionExtension --conf spark.sql.catalog.spark_catalog=org.apache.spark.sql.delta.catalog.DeltaCatalog --conf spark.hadoop.fs.s3a.endpoint=http://minio:9000 --conf spark.hadoop.fs.s3a.access.key=minioadmin --conf spark.hadoop.fs.s3a.secret.key=****** --conf spark.hadoop.fs.s3a.path.style.access=true --conf spark.hadoop.fs.s3a.impl=org.apache.hadoop.fs.s3a.S3AFileSystem --packages org.apache.hadoop:hadoop-aws:3.3.4,com.amazonaws:aws-java-sdk-bundle:1.12.262,io.delta:delta-spark_2.12:3.1.0 --name bronze_sc_stats_etl --verbose --queue root.default --deploy-mode client /opt/***/dags/bronze_ingestion_sc_stats_etl.py --output_path s3a://mybucket/bronze/curry_raw_data/. Error code is: 2.
[2025-06-01T08:23:22.431+0000] {taskinstance.py:1225} INFO - Marking task as FAILED. dag_id=curry_medallion_etl, task_id=submit_bronze_etl_job, run_id=manual__2025-06-01T08:23:19.393715+00:00, execution_date=20250601T082319, start_date=20250601T082321, end_date=20250601T082322
[2025-06-01T08:23:22.437+0000] {taskinstance.py:340} INFO - ::group::Post task execution logs
[2025-06-01T08:23:22.437+0000] {standard_task_runner.py:124} ERROR - Failed to execute job 13 for task submit_bronze_etl_job (Cannot execute: spark-submit --master spark://spark-master:7077 --conf spark.executor.memory=2g --conf spark.sql.extensions=io.delta.sql.DeltaSparkSessionExtension --conf spark.sql.catalog.spark_catalog=org.apache.spark.sql.delta.catalog.DeltaCatalog --conf spark.hadoop.fs.s3a.endpoint=http://minio:9000 --conf spark.hadoop.fs.s3a.access.key=minioadmin --conf spark.hadoop.fs.s3a.secret.key=****** --conf spark.hadoop.fs.s3a.path.style.access=true --conf spark.hadoop.fs.s3a.impl=org.apache.hadoop.fs.s3a.S3AFileSystem --packages org.apache.hadoop:hadoop-aws:3.3.4,com.amazonaws:aws-java-sdk-bundle:1.12.262,io.delta:delta-spark_2.12:3.1.0 --name bronze_sc_stats_etl --verbose --queue root.default --deploy-mode client /opt/***/dags/bronze_ingestion_sc_stats_etl.py --output_path s3a://mybucket/bronze/curry_raw_data/. Error code is: 2.; 2934)
Traceback (most recent call last):
  File "/home/airflow/.local/lib/python3.11/site-packages/airflow/task/task_runner/standard_task_runner.py", line 117, in _start_by_fork
    ret = args.func(args, dag=self.dag)
          ^^^^^^^^^^^^^^^^^^^^^^^^^^^^^
  File "/home/airflow/.local/lib/python3.11/site-packages/airflow/cli/cli_config.py", line 49, in command
    return func(*args, **kwargs)
           ^^^^^^^^^^^^^^^^^^^^^
  File "/home/airflow/.local/lib/python3.11/site-packages/airflow/utils/cli.py", line 116, in wrapper
    return f(*args, **kwargs)
           ^^^^^^^^^^^^^^^^^^
  File "/home/airflow/.local/lib/python3.11/site-packages/airflow/cli/commands/task_command.py", line 483, in task_run
    task_return_code = _run_task_by_selected_method(args, _dag, ti)
                       ^^^^^^^^^^^^^^^^^^^^^^^^^^^^^^^^^^^^^^^^^^^^
  File "/home/airflow/.local/lib/python3.11/site-packages/airflow/cli/commands/task_command.py", line 256, in _run_task_by_selected_method
    return _run_raw_task(args, ti)
           ^^^^^^^^^^^^^^^^^^^^^^^
  File "/home/airflow/.local/lib/python3.11/site-packages/airflow/cli/commands/task_command.py", line 341, in _run_raw_task
    return ti._run_raw_task(
           ^^^^^^^^^^^^^^^^^
  File "/home/airflow/.local/lib/python3.11/site-packages/airflow/utils/session.py", line 97, in wrapper
    return func(*args, session=session, **kwargs)
           ^^^^^^^^^^^^^^^^^^^^^^^^^^^^^^^^^^^^^^
  File "/home/airflow/.local/lib/python3.11/site-packages/airflow/models/taskinstance.py", line 3005, in _run_raw_task
    return _run_raw_task(
           ^^^^^^^^^^^^^^
  File "/home/airflow/.local/lib/python3.11/site-packages/airflow/models/taskinstance.py", line 273, in _run_raw_task
    TaskInstance._execute_task_with_callbacks(
  File "/home/airflow/.local/lib/python3.11/site-packages/airflow/models/taskinstance.py", line 3159, in _execute_task_with_callbacks
    result = self._execute_task(context, task_orig)
             ^^^^^^^^^^^^^^^^^^^^^^^^^^^^^^^^^^^^^^
  File "/home/airflow/.local/lib/python3.11/site-packages/airflow/models/taskinstance.py", line 3183, in _execute_task
    return _execute_task(self, context, task_orig)
           ^^^^^^^^^^^^^^^^^^^^^^^^^^^^^^^^^^^^^^^
  File "/home/airflow/.local/lib/python3.11/site-packages/airflow/models/taskinstance.py", line 767, in _execute_task
    result = _execute_callable(context=context, **execute_callable_kwargs)
             ^^^^^^^^^^^^^^^^^^^^^^^^^^^^^^^^^^^^^^^^^^^^^^^^^^^^^^^^^^^^^
  File "/home/airflow/.local/lib/python3.11/site-packages/airflow/models/taskinstance.py", line 733, in _execute_callable
    return ExecutionCallableRunner(
           ^^^^^^^^^^^^^^^^^^^^^^^^
  File "/home/airflow/.local/lib/python3.11/site-packages/airflow/utils/operator_helpers.py", line 252, in run
    return self.func(*args, **kwargs)
           ^^^^^^^^^^^^^^^^^^^^^^^^^^
  File "/home/airflow/.local/lib/python3.11/site-packages/airflow/models/baseoperator.py", line 417, in wrapper
    return func(self, *args, **kwargs)
           ^^^^^^^^^^^^^^^^^^^^^^^^^^^
  File "/home/airflow/.local/lib/python3.11/site-packages/airflow/providers/apache/spark/operators/spark_submit.py", line 197, in execute
    self._hook.submit(self.application)
  File "/home/airflow/.local/lib/python3.11/site-packages/airflow/providers/apache/spark/hooks/spark_submit.py", line 566, in submit
    raise AirflowException(
airflow.exceptions.AirflowException: Cannot execute: spark-submit --master spark://spark-master:7077 --conf spark.executor.memory=2g --conf spark.sql.extensions=io.delta.sql.DeltaSparkSessionExtension --conf spark.sql.catalog.spark_catalog=org.apache.spark.sql.delta.catalog.DeltaCatalog --conf spark.hadoop.fs.s3a.endpoint=http://minio:9000 --conf spark.hadoop.fs.s3a.access.key=minioadmin --conf spark.hadoop.fs.s3a.secret.key=****** --conf spark.hadoop.fs.s3a.path.style.access=true --conf spark.hadoop.fs.s3a.impl=org.apache.hadoop.fs.s3a.S3AFileSystem --packages org.apache.hadoop:hadoop-aws:3.3.4,com.amazonaws:aws-java-sdk-bundle:1.12.262,io.delta:delta-spark_2.12:3.1.0 --name bronze_sc_stats_etl --verbose --queue root.default --deploy-mode client /opt/***/dags/bronze_ingestion_sc_stats_etl.py --output_path s3a://mybucket/bronze/curry_raw_data/. Error code is: 2.
[2025-06-01T08:23:22.469+0000] {local_task_job_runner.py:266} INFO - Task exited with return code 1
[2025-06-01T08:23:22.482+0000] {taskinstance.py:3895} INFO - 0 downstream tasks scheduled from follow-on schedule check
[2025-06-01T08:23:22.484+0000] {local_task_job_runner.py:245} INFO - ::endgroup::
