[2025-06-07T11:07:25.459+0000] {local_task_job_runner.py:123} INFO - ::group::Pre task execution logs
[2025-06-07T11:07:25.468+0000] {taskinstance.py:2613} INFO - Dependencies all met for dep_context=non-requeueable deps ti=<TaskInstance: curry_medallion_etl.submit_bronze_etl_job manual__2025-06-07T11:07:23.886346+00:00 [queued]>
[2025-06-07T11:07:25.471+0000] {taskinstance.py:2613} INFO - Dependencies all met for dep_context=requeueable deps ti=<TaskInstance: curry_medallion_etl.submit_bronze_etl_job manual__2025-06-07T11:07:23.886346+00:00 [queued]>
[2025-06-07T11:07:25.472+0000] {taskinstance.py:2866} INFO - Starting attempt 1 of 1
[2025-06-07T11:07:25.477+0000] {taskinstance.py:2889} INFO - Executing <Task(SparkSubmitOperator): submit_bronze_etl_job> on 2025-06-07 11:07:23.886346+00:00
[2025-06-07T11:07:25.479+0000] {standard_task_runner.py:72} INFO - Started process 478 to run task
[2025-06-07T11:07:25.481+0000] {standard_task_runner.py:104} INFO - Running: ['***', 'tasks', 'run', 'curry_medallion_etl', 'submit_bronze_etl_job', 'manual__2025-06-07T11:07:23.886346+00:00', '--job-id', '47', '--raw', '--subdir', 'DAGS_FOLDER/medallion_sales_etl_dag.py', '--cfg-path', '/tmp/tmpuzwlaej6']
[2025-06-07T11:07:25.483+0000] {standard_task_runner.py:105} INFO - Job 47: Subtask submit_bronze_etl_job
[2025-06-07T11:07:25.510+0000] {task_command.py:467} INFO - Running <TaskInstance: curry_medallion_etl.submit_bronze_etl_job manual__2025-06-07T11:07:23.886346+00:00 [running]> on host 00aaff77bf7f
[2025-06-07T11:07:25.559+0000] {taskinstance.py:3132} INFO - Exporting env vars: AIRFLOW_CTX_DAG_OWNER='qdinh18' AIRFLOW_CTX_DAG_ID='curry_medallion_etl' AIRFLOW_CTX_TASK_ID='submit_bronze_etl_job' AIRFLOW_CTX_EXECUTION_DATE='2025-06-07T11:07:23.886346+00:00' AIRFLOW_CTX_TRY_NUMBER='1' AIRFLOW_CTX_DAG_RUN_ID='manual__2025-06-07T11:07:23.886346+00:00'
[2025-06-07T11:07:25.559+0000] {taskinstance.py:731} INFO - ::endgroup::
[2025-06-07T11:07:25.576+0000] {base.py:84} INFO - Retrieving connection 'spark_default'
[2025-06-07T11:07:25.577+0000] {spark_submit.py:474} INFO - Spark-Submit cmd: spark-submit --master spark://spark-master:7077 --conf spark.executor.memory=2g --conf spark.sql.extensions=io.delta.sql.DeltaSparkSessionExtension --conf spark.sql.catalog.spark_catalog=org.apache.spark.sql.delta.catalog.DeltaCatalog --conf spark.hadoop.fs.s3a.endpoint=http://minio:9000 --conf spark.hadoop.fs.s3a.access.key=minioadmin --conf spark.hadoop.fs.s3a.secret.key=****** --conf spark.hadoop.fs.s3a.path.style.access=true --conf spark.hadoop.fs.s3a.impl=org.apache.hadoop.fs.s3a.S3AFileSystem --packages org.apache.hadoop:hadoop-aws:3.3.4,com.amazonaws:aws-java-sdk-bundle:1.12.262,io.delta:delta-spark_2.12:3.1.0 --name bronze_sc_stats_etl --verbose --queue root.default --deploy-mode client /opt/***/dags/bronze_ingestion_sc_stats_etl.py --output_path s3a://mybucket/bronze/curry_raw_data/
[2025-06-07T11:07:26.219+0000] {spark_submit.py:644} INFO - Using properties file: null
[2025-06-07T11:07:26.274+0000] {spark_submit.py:644} INFO - Parsed arguments:
[2025-06-07T11:07:26.277+0000] {spark_submit.py:644} INFO - master                  spark://spark-master:7077
[2025-06-07T11:07:26.277+0000] {spark_submit.py:644} INFO - remote                  null
[2025-06-07T11:07:26.277+0000] {spark_submit.py:644} INFO - deployMode              client
[2025-06-07T11:07:26.277+0000] {spark_submit.py:644} INFO - executorMemory          2g
[2025-06-07T11:07:26.277+0000] {spark_submit.py:644} INFO - executorCores           null
[2025-06-07T11:07:26.277+0000] {spark_submit.py:644} INFO - totalExecutorCores      null
[2025-06-07T11:07:26.278+0000] {spark_submit.py:644} INFO - propertiesFile          null
[2025-06-07T11:07:26.278+0000] {spark_submit.py:644} INFO - driverMemory            null
[2025-06-07T11:07:26.278+0000] {spark_submit.py:644} INFO - driverCores             null
[2025-06-07T11:07:26.278+0000] {spark_submit.py:644} INFO - driverExtraClassPath    null
[2025-06-07T11:07:26.279+0000] {spark_submit.py:644} INFO - driverExtraLibraryPath  null
[2025-06-07T11:07:26.279+0000] {spark_submit.py:644} INFO - driverExtraJavaOptions  null
[2025-06-07T11:07:26.279+0000] {spark_submit.py:644} INFO - supervise               false
[2025-06-07T11:07:26.279+0000] {spark_submit.py:644} INFO - queue                   root.default
[2025-06-07T11:07:26.280+0000] {spark_submit.py:644} INFO - numExecutors            null
[2025-06-07T11:07:26.280+0000] {spark_submit.py:644} INFO - files                   null
[2025-06-07T11:07:26.280+0000] {spark_submit.py:644} INFO - pyFiles                 null
[2025-06-07T11:07:26.280+0000] {spark_submit.py:644} INFO - archives                null
[2025-06-07T11:07:26.280+0000] {spark_submit.py:644} INFO - mainClass               null
[2025-06-07T11:07:26.281+0000] {spark_submit.py:644} INFO - primaryResource         file:/opt/***/dags/bronze_ingestion_sc_stats_etl.py
[2025-06-07T11:07:26.281+0000] {spark_submit.py:644} INFO - name                    bronze_sc_stats_etl
[2025-06-07T11:07:26.281+0000] {spark_submit.py:644} INFO - childArgs               [--output_path s3a://mybucket/bronze/curry_raw_data/]
[2025-06-07T11:07:26.281+0000] {spark_submit.py:644} INFO - jars                    null
[2025-06-07T11:07:26.281+0000] {spark_submit.py:644} INFO - packages                org.apache.hadoop:hadoop-aws:3.3.4,com.amazonaws:aws-java-sdk-bundle:1.12.262,io.delta:delta-spark_2.12:3.1.0
[2025-06-07T11:07:26.281+0000] {spark_submit.py:644} INFO - packagesExclusions      null
[2025-06-07T11:07:26.282+0000] {spark_submit.py:644} INFO - repositories            null
[2025-06-07T11:07:26.282+0000] {spark_submit.py:644} INFO - verbose                 true
[2025-06-07T11:07:26.282+0000] {spark_submit.py:644} INFO - 
[2025-06-07T11:07:26.282+0000] {spark_submit.py:644} INFO - Spark properties used, including those specified through
[2025-06-07T11:07:26.283+0000] {spark_submit.py:644} INFO - --conf and those from the properties file null:
[2025-06-07T11:07:26.283+0000] {spark_submit.py:644} INFO - (spark.executor.memory,2g)
[2025-06-07T11:07:26.283+0000] {spark_submit.py:644} INFO - (spark.hadoop.fs.s3a.access.key,*********(redacted))
[2025-06-07T11:07:26.283+0000] {spark_submit.py:644} INFO - (spark.hadoop.fs.s3a.endpoint,http://minio:9000)
[2025-06-07T11:07:26.283+0000] {spark_submit.py:644} INFO - (spark.hadoop.fs.s3a.impl,org.apache.hadoop.fs.s3a.S3AFileSystem)
[2025-06-07T11:07:26.283+0000] {spark_submit.py:644} INFO - (spark.hadoop.fs.s3a.path.style.access,true)
[2025-06-07T11:07:26.283+0000] {spark_submit.py:644} INFO - (spark.hadoop.fs.s3a.secret.key,*********(redacted))
[2025-06-07T11:07:26.284+0000] {spark_submit.py:644} INFO - (spark.sql.catalog.spark_catalog,org.apache.spark.sql.delta.catalog.DeltaCatalog)
[2025-06-07T11:07:26.284+0000] {spark_submit.py:644} INFO - (spark.sql.extensions,io.delta.sql.DeltaSparkSessionExtension)
[2025-06-07T11:07:26.284+0000] {spark_submit.py:644} INFO - 
[2025-06-07T11:07:26.284+0000] {spark_submit.py:644} INFO - 
[2025-06-07T11:07:26.339+0000] {spark_submit.py:644} INFO - :: loading settings :: url = jar:file:/home/***/.local/lib/python3.11/site-packages/pyspark/jars/ivy-2.5.1.jar!/org/apache/ivy/core/settings/ivysettings.xml
[2025-06-07T11:07:26.372+0000] {spark_submit.py:644} INFO - Ivy Default Cache set to: /home/***/.ivy2/cache
[2025-06-07T11:07:26.373+0000] {spark_submit.py:644} INFO - The jars for the packages stored in: /home/***/.ivy2/jars
[2025-06-07T11:07:26.374+0000] {spark_submit.py:644} INFO - org.apache.hadoop#hadoop-aws added as a dependency
[2025-06-07T11:07:26.375+0000] {spark_submit.py:644} INFO - com.amazonaws#aws-java-sdk-bundle added as a dependency
[2025-06-07T11:07:26.375+0000] {spark_submit.py:644} INFO - io.delta#delta-spark_2.12 added as a dependency
[2025-06-07T11:07:26.375+0000] {spark_submit.py:644} INFO - :: resolving dependencies :: org.apache.spark#spark-submit-parent-371bdf9d-3593-402b-97cf-b53ee921b8bc;1.0
[2025-06-07T11:07:26.375+0000] {spark_submit.py:644} INFO - confs: [default]
[2025-06-07T11:07:26.469+0000] {spark_submit.py:644} INFO - found org.apache.hadoop#hadoop-aws;3.3.4 in central
[2025-06-07T11:07:26.483+0000] {spark_submit.py:644} INFO - found com.amazonaws#aws-java-sdk-bundle;1.12.262 in central
[2025-06-07T11:07:26.495+0000] {spark_submit.py:644} INFO - found org.wildfly.openssl#wildfly-openssl;1.0.7.Final in central
[2025-06-07T11:07:26.504+0000] {spark_submit.py:644} INFO - found io.delta#delta-spark_2.12;3.1.0 in central
[2025-06-07T11:07:26.515+0000] {spark_submit.py:644} INFO - found io.delta#delta-storage;3.1.0 in central
[2025-06-07T11:07:26.524+0000] {spark_submit.py:644} INFO - found org.antlr#antlr4-runtime;4.9.3 in central
[2025-06-07T11:07:26.539+0000] {spark_submit.py:644} INFO - :: resolution report :: resolve 158ms :: artifacts dl 6ms
[2025-06-07T11:07:26.540+0000] {spark_submit.py:644} INFO - :: modules in use:
[2025-06-07T11:07:26.540+0000] {spark_submit.py:644} INFO - com.amazonaws#aws-java-sdk-bundle;1.12.262 from central in [default]
[2025-06-07T11:07:26.540+0000] {spark_submit.py:644} INFO - io.delta#delta-spark_2.12;3.1.0 from central in [default]
[2025-06-07T11:07:26.541+0000] {spark_submit.py:644} INFO - io.delta#delta-storage;3.1.0 from central in [default]
[2025-06-07T11:07:26.541+0000] {spark_submit.py:644} INFO - org.antlr#antlr4-runtime;4.9.3 from central in [default]
[2025-06-07T11:07:26.541+0000] {spark_submit.py:644} INFO - org.apache.hadoop#hadoop-aws;3.3.4 from central in [default]
[2025-06-07T11:07:26.541+0000] {spark_submit.py:644} INFO - org.wildfly.openssl#wildfly-openssl;1.0.7.Final from central in [default]
[2025-06-07T11:07:26.542+0000] {spark_submit.py:644} INFO - ---------------------------------------------------------------------
[2025-06-07T11:07:26.542+0000] {spark_submit.py:644} INFO - |                  |            modules            ||   artifacts   |
[2025-06-07T11:07:26.542+0000] {spark_submit.py:644} INFO - |       conf       | number| search|dwnlded|evicted|| number|dwnlded|
[2025-06-07T11:07:26.542+0000] {spark_submit.py:644} INFO - ---------------------------------------------------------------------
[2025-06-07T11:07:26.542+0000] {spark_submit.py:644} INFO - |      default     |   6   |   0   |   0   |   0   ||   6   |   0   |
[2025-06-07T11:07:26.543+0000] {spark_submit.py:644} INFO - ---------------------------------------------------------------------
[2025-06-07T11:07:26.543+0000] {spark_submit.py:644} INFO - :: retrieving :: org.apache.spark#spark-submit-parent-371bdf9d-3593-402b-97cf-b53ee921b8bc
[2025-06-07T11:07:26.543+0000] {spark_submit.py:644} INFO - confs: [default]
[2025-06-07T11:07:26.547+0000] {spark_submit.py:644} INFO - 0 artifacts copied, 6 already retrieved (0kB/4ms)
[2025-06-07T11:07:26.646+0000] {spark_submit.py:644} INFO - 25/06/07 11:07:26 WARN NativeCodeLoader: Unable to load native-hadoop library for your platform... using builtin-java classes where applicable
[2025-06-07T11:07:26.739+0000] {spark_submit.py:644} INFO - Main class:
[2025-06-07T11:07:26.740+0000] {spark_submit.py:644} INFO - org.apache.spark.deploy.PythonRunner
[2025-06-07T11:07:26.740+0000] {spark_submit.py:644} INFO - Arguments:
[2025-06-07T11:07:26.740+0000] {spark_submit.py:644} INFO - file:/opt/***/dags/bronze_ingestion_sc_stats_etl.py
[2025-06-07T11:07:26.741+0000] {spark_submit.py:644} INFO - file:///home/***/.ivy2/jars/org.apache.hadoop_hadoop-aws-3.3.4.jar,file:///home/***/.ivy2/jars/com.amazonaws_aws-java-sdk-bundle-1.12.262.jar,file:///home/***/.ivy2/jars/io.delta_delta-spark_2.12-3.1.0.jar,file:///home/***/.ivy2/jars/org.wildfly.openssl_wildfly-openssl-1.0.7.Final.jar,file:///home/***/.ivy2/jars/io.delta_delta-storage-3.1.0.jar,file:///home/***/.ivy2/jars/org.antlr_antlr4-runtime-4.9.3.jar
[2025-06-07T11:07:26.741+0000] {spark_submit.py:644} INFO - --output_path
[2025-06-07T11:07:26.741+0000] {spark_submit.py:644} INFO - s3a://mybucket/bronze/curry_raw_data/
[2025-06-07T11:07:26.741+0000] {spark_submit.py:644} INFO - Spark config:
[2025-06-07T11:07:26.742+0000] {spark_submit.py:644} INFO - (spark.app.name,bronze_sc_stats_etl)
[2025-06-07T11:07:26.742+0000] {spark_submit.py:644} INFO - (spark.app.submitTime,1749294446730)
[2025-06-07T11:07:26.742+0000] {spark_submit.py:644} INFO - (spark.executor.memory,2g)
[2025-06-07T11:07:26.742+0000] {spark_submit.py:644} INFO - (spark.files,file:///home/***/.ivy2/jars/org.apache.hadoop_hadoop-aws-3.3.4.jar,file:///home/***/.ivy2/jars/com.amazonaws_aws-java-sdk-bundle-1.12.262.jar,file:///home/***/.ivy2/jars/io.delta_delta-spark_2.12-3.1.0.jar,file:///home/***/.ivy2/jars/org.wildfly.openssl_wildfly-openssl-1.0.7.Final.jar,file:///home/***/.ivy2/jars/io.delta_delta-storage-3.1.0.jar,file:///home/***/.ivy2/jars/org.antlr_antlr4-runtime-4.9.3.jar)
[2025-06-07T11:07:26.743+0000] {spark_submit.py:644} INFO - (spark.hadoop.fs.s3a.access.key,*********(redacted))
[2025-06-07T11:07:26.743+0000] {spark_submit.py:644} INFO - (spark.hadoop.fs.s3a.endpoint,http://minio:9000)
[2025-06-07T11:07:26.743+0000] {spark_submit.py:644} INFO - (spark.hadoop.fs.s3a.impl,org.apache.hadoop.fs.s3a.S3AFileSystem)
[2025-06-07T11:07:26.743+0000] {spark_submit.py:644} INFO - (spark.hadoop.fs.s3a.path.style.access,true)
[2025-06-07T11:07:26.743+0000] {spark_submit.py:644} INFO - (spark.hadoop.fs.s3a.secret.key,*********(redacted))
[2025-06-07T11:07:26.744+0000] {spark_submit.py:644} INFO - (spark.jars,file:///home/***/.ivy2/jars/org.apache.hadoop_hadoop-aws-3.3.4.jar,file:///home/***/.ivy2/jars/com.amazonaws_aws-java-sdk-bundle-1.12.262.jar,file:///home/***/.ivy2/jars/io.delta_delta-spark_2.12-3.1.0.jar,file:///home/***/.ivy2/jars/org.wildfly.openssl_wildfly-openssl-1.0.7.Final.jar,file:///home/***/.ivy2/jars/io.delta_delta-storage-3.1.0.jar,file:///home/***/.ivy2/jars/org.antlr_antlr4-runtime-4.9.3.jar)
[2025-06-07T11:07:26.744+0000] {spark_submit.py:644} INFO - (spark.master,spark://spark-master:7077)
[2025-06-07T11:07:26.744+0000] {spark_submit.py:644} INFO - (spark.repl.local.jars,file:///home/***/.ivy2/jars/org.apache.hadoop_hadoop-aws-3.3.4.jar,file:///home/***/.ivy2/jars/com.amazonaws_aws-java-sdk-bundle-1.12.262.jar,file:///home/***/.ivy2/jars/io.delta_delta-spark_2.12-3.1.0.jar,file:///home/***/.ivy2/jars/org.wildfly.openssl_wildfly-openssl-1.0.7.Final.jar,file:///home/***/.ivy2/jars/io.delta_delta-storage-3.1.0.jar,file:///home/***/.ivy2/jars/org.antlr_antlr4-runtime-4.9.3.jar)
[2025-06-07T11:07:26.744+0000] {spark_submit.py:644} INFO - (spark.sql.catalog.spark_catalog,org.apache.spark.sql.delta.catalog.DeltaCatalog)
[2025-06-07T11:07:26.745+0000] {spark_submit.py:644} INFO - (spark.sql.extensions,io.delta.sql.DeltaSparkSessionExtension)
[2025-06-07T11:07:26.745+0000] {spark_submit.py:644} INFO - (spark.submit.deployMode,client)
[2025-06-07T11:07:26.745+0000] {spark_submit.py:644} INFO - (spark.submit.pyFiles,/home/***/.ivy2/jars/org.apache.hadoop_hadoop-aws-3.3.4.jar,/home/***/.ivy2/jars/com.amazonaws_aws-java-sdk-bundle-1.12.262.jar,/home/***/.ivy2/jars/io.delta_delta-spark_2.12-3.1.0.jar,/home/***/.ivy2/jars/org.wildfly.openssl_wildfly-openssl-1.0.7.Final.jar,/home/***/.ivy2/jars/io.delta_delta-storage-3.1.0.jar,/home/***/.ivy2/jars/org.antlr_antlr4-runtime-4.9.3.jar)
[2025-06-07T11:07:26.745+0000] {spark_submit.py:644} INFO - Classpath elements:
[2025-06-07T11:07:26.745+0000] {spark_submit.py:644} INFO - file:///home/***/.ivy2/jars/org.apache.hadoop_hadoop-aws-3.3.4.jar
[2025-06-07T11:07:26.746+0000] {spark_submit.py:644} INFO - file:///home/***/.ivy2/jars/com.amazonaws_aws-java-sdk-bundle-1.12.262.jar
[2025-06-07T11:07:26.746+0000] {spark_submit.py:644} INFO - file:///home/***/.ivy2/jars/io.delta_delta-spark_2.12-3.1.0.jar
[2025-06-07T11:07:26.746+0000] {spark_submit.py:644} INFO - file:///home/***/.ivy2/jars/org.wildfly.openssl_wildfly-openssl-1.0.7.Final.jar
[2025-06-07T11:07:26.746+0000] {spark_submit.py:644} INFO - file:///home/***/.ivy2/jars/io.delta_delta-storage-3.1.0.jar
[2025-06-07T11:07:26.746+0000] {spark_submit.py:644} INFO - file:///home/***/.ivy2/jars/org.antlr_antlr4-runtime-4.9.3.jar
[2025-06-07T11:07:26.747+0000] {spark_submit.py:644} INFO - 
[2025-06-07T11:07:26.747+0000] {spark_submit.py:644} INFO - 
[2025-06-07T11:07:27.354+0000] {spark_submit.py:644} INFO - 25/06/07 11:07:27 INFO SparkContext: Running Spark version 3.5.2
[2025-06-07T11:07:27.355+0000] {spark_submit.py:644} INFO - 25/06/07 11:07:27 INFO SparkContext: OS info Linux, 6.10.14-linuxkit, aarch64
[2025-06-07T11:07:27.355+0000] {spark_submit.py:644} INFO - 25/06/07 11:07:27 INFO SparkContext: Java version 17.0.15
[2025-06-07T11:07:27.367+0000] {spark_submit.py:644} INFO - 25/06/07 11:07:27 INFO ResourceUtils: ==============================================================
[2025-06-07T11:07:27.367+0000] {spark_submit.py:644} INFO - 25/06/07 11:07:27 INFO ResourceUtils: No custom resources configured for spark.driver.
[2025-06-07T11:07:27.368+0000] {spark_submit.py:644} INFO - 25/06/07 11:07:27 INFO ResourceUtils: ==============================================================
[2025-06-07T11:07:27.368+0000] {spark_submit.py:644} INFO - 25/06/07 11:07:27 INFO SparkContext: Submitted application: BronzeIngestionStephenCurryStats
[2025-06-07T11:07:27.380+0000] {spark_submit.py:644} INFO - 25/06/07 11:07:27 INFO ResourceProfile: Default ResourceProfile created, executor resources: Map(memory -> name: memory, amount: 2048, script: , vendor: , offHeap -> name: offHeap, amount: 0, script: , vendor: ), task resources: Map(cpus -> name: cpus, amount: 1.0)
[2025-06-07T11:07:27.384+0000] {spark_submit.py:644} INFO - 25/06/07 11:07:27 INFO ResourceProfile: Limiting resource is cpu
[2025-06-07T11:07:27.385+0000] {spark_submit.py:644} INFO - 25/06/07 11:07:27 INFO ResourceProfileManager: Added ResourceProfile id: 0
[2025-06-07T11:07:27.413+0000] {spark_submit.py:644} INFO - 25/06/07 11:07:27 INFO SecurityManager: Changing view acls to: ***
[2025-06-07T11:07:27.414+0000] {spark_submit.py:644} INFO - 25/06/07 11:07:27 INFO SecurityManager: Changing modify acls to: ***
[2025-06-07T11:07:27.414+0000] {spark_submit.py:644} INFO - 25/06/07 11:07:27 INFO SecurityManager: Changing view acls groups to:
[2025-06-07T11:07:27.414+0000] {spark_submit.py:644} INFO - 25/06/07 11:07:27 INFO SecurityManager: Changing modify acls groups to:
[2025-06-07T11:07:27.414+0000] {spark_submit.py:644} INFO - 25/06/07 11:07:27 INFO SecurityManager: SecurityManager: authentication disabled; ui acls disabled; users with view permissions: ***; groups with view permissions: EMPTY; users with modify permissions: ***; groups with modify permissions: EMPTY
[2025-06-07T11:07:27.542+0000] {spark_submit.py:644} INFO - 25/06/07 11:07:27 INFO Utils: Successfully started service 'sparkDriver' on port 37291.
[2025-06-07T11:07:27.561+0000] {spark_submit.py:644} INFO - 25/06/07 11:07:27 INFO SparkEnv: Registering MapOutputTracker
[2025-06-07T11:07:27.585+0000] {spark_submit.py:644} INFO - 25/06/07 11:07:27 INFO SparkEnv: Registering BlockManagerMaster
[2025-06-07T11:07:27.593+0000] {spark_submit.py:644} INFO - 25/06/07 11:07:27 INFO BlockManagerMasterEndpoint: Using org.apache.spark.storage.DefaultTopologyMapper for getting topology information
[2025-06-07T11:07:27.593+0000] {spark_submit.py:644} INFO - 25/06/07 11:07:27 INFO BlockManagerMasterEndpoint: BlockManagerMasterEndpoint up
[2025-06-07T11:07:27.596+0000] {spark_submit.py:644} INFO - 25/06/07 11:07:27 INFO SparkEnv: Registering BlockManagerMasterHeartbeat
[2025-06-07T11:07:27.607+0000] {spark_submit.py:644} INFO - 25/06/07 11:07:27 INFO DiskBlockManager: Created local directory at /tmp/blockmgr-635e6ee7-5573-456c-89f9-d7baa655a0ef
[2025-06-07T11:07:27.614+0000] {spark_submit.py:644} INFO - 25/06/07 11:07:27 INFO MemoryStore: MemoryStore started with capacity 434.4 MiB
[2025-06-07T11:07:27.623+0000] {spark_submit.py:644} INFO - 25/06/07 11:07:27 INFO SparkEnv: Registering OutputCommitCoordinator
[2025-06-07T11:07:27.686+0000] {spark_submit.py:644} INFO - 25/06/07 11:07:27 INFO JettyUtils: Start Jetty 0.0.0.0:4040 for SparkUI
[2025-06-07T11:07:27.719+0000] {spark_submit.py:644} INFO - 25/06/07 11:07:27 INFO Utils: Successfully started service 'SparkUI' on port 4040.
[2025-06-07T11:07:27.738+0000] {spark_submit.py:644} INFO - 25/06/07 11:07:27 INFO SparkContext: Added JAR file:///home/***/.ivy2/jars/org.apache.hadoop_hadoop-aws-3.3.4.jar at spark://00aaff77bf7f:37291/jars/org.apache.hadoop_hadoop-aws-3.3.4.jar with timestamp 1749294447350
[2025-06-07T11:07:27.738+0000] {spark_submit.py:644} INFO - 25/06/07 11:07:27 INFO SparkContext: Added JAR file:///home/***/.ivy2/jars/com.amazonaws_aws-java-sdk-bundle-1.12.262.jar at spark://00aaff77bf7f:37291/jars/com.amazonaws_aws-java-sdk-bundle-1.12.262.jar with timestamp 1749294447350
[2025-06-07T11:07:27.739+0000] {spark_submit.py:644} INFO - 25/06/07 11:07:27 INFO SparkContext: Added JAR file:///home/***/.ivy2/jars/io.delta_delta-spark_2.12-3.1.0.jar at spark://00aaff77bf7f:37291/jars/io.delta_delta-spark_2.12-3.1.0.jar with timestamp 1749294447350
[2025-06-07T11:07:27.739+0000] {spark_submit.py:644} INFO - 25/06/07 11:07:27 INFO SparkContext: Added JAR file:///home/***/.ivy2/jars/org.wildfly.openssl_wildfly-openssl-1.0.7.Final.jar at spark://00aaff77bf7f:37291/jars/org.wildfly.openssl_wildfly-openssl-1.0.7.Final.jar with timestamp 1749294447350
[2025-06-07T11:07:27.739+0000] {spark_submit.py:644} INFO - 25/06/07 11:07:27 INFO SparkContext: Added JAR file:///home/***/.ivy2/jars/io.delta_delta-storage-3.1.0.jar at spark://00aaff77bf7f:37291/jars/io.delta_delta-storage-3.1.0.jar with timestamp 1749294447350
[2025-06-07T11:07:27.740+0000] {spark_submit.py:644} INFO - 25/06/07 11:07:27 INFO SparkContext: Added JAR file:///home/***/.ivy2/jars/org.antlr_antlr4-runtime-4.9.3.jar at spark://00aaff77bf7f:37291/jars/org.antlr_antlr4-runtime-4.9.3.jar with timestamp 1749294447350
[2025-06-07T11:07:27.741+0000] {spark_submit.py:644} INFO - 25/06/07 11:07:27 INFO SparkContext: Added file file:///home/***/.ivy2/jars/org.apache.hadoop_hadoop-aws-3.3.4.jar at spark://00aaff77bf7f:37291/files/org.apache.hadoop_hadoop-aws-3.3.4.jar with timestamp 1749294447350
[2025-06-07T11:07:27.742+0000] {spark_submit.py:644} INFO - 25/06/07 11:07:27 INFO Utils: Copying /home/***/.ivy2/jars/org.apache.hadoop_hadoop-aws-3.3.4.jar to /tmp/spark-b3a114cd-a413-4900-9f3f-6fdfe674b881/userFiles-28cac215-e13f-4d31-9cfe-3827aca6b9ef/org.apache.hadoop_hadoop-aws-3.3.4.jar
[2025-06-07T11:07:27.748+0000] {spark_submit.py:644} INFO - 25/06/07 11:07:27 INFO SparkContext: Added file file:///home/***/.ivy2/jars/com.amazonaws_aws-java-sdk-bundle-1.12.262.jar at spark://00aaff77bf7f:37291/files/com.amazonaws_aws-java-sdk-bundle-1.12.262.jar with timestamp 1749294447350
[2025-06-07T11:07:27.748+0000] {spark_submit.py:644} INFO - 25/06/07 11:07:27 INFO Utils: Copying /home/***/.ivy2/jars/com.amazonaws_aws-java-sdk-bundle-1.12.262.jar to /tmp/spark-b3a114cd-a413-4900-9f3f-6fdfe674b881/userFiles-28cac215-e13f-4d31-9cfe-3827aca6b9ef/com.amazonaws_aws-java-sdk-bundle-1.12.262.jar
[2025-06-07T11:07:27.798+0000] {spark_submit.py:644} INFO - 25/06/07 11:07:27 INFO SparkContext: Added file file:///home/***/.ivy2/jars/io.delta_delta-spark_2.12-3.1.0.jar at spark://00aaff77bf7f:37291/files/io.delta_delta-spark_2.12-3.1.0.jar with timestamp 1749294447350
[2025-06-07T11:07:27.798+0000] {spark_submit.py:644} INFO - 25/06/07 11:07:27 INFO Utils: Copying /home/***/.ivy2/jars/io.delta_delta-spark_2.12-3.1.0.jar to /tmp/spark-b3a114cd-a413-4900-9f3f-6fdfe674b881/userFiles-28cac215-e13f-4d31-9cfe-3827aca6b9ef/io.delta_delta-spark_2.12-3.1.0.jar
[2025-06-07T11:07:27.801+0000] {spark_submit.py:644} INFO - 25/06/07 11:07:27 INFO SparkContext: Added file file:///home/***/.ivy2/jars/org.wildfly.openssl_wildfly-openssl-1.0.7.Final.jar at spark://00aaff77bf7f:37291/files/org.wildfly.openssl_wildfly-openssl-1.0.7.Final.jar with timestamp 1749294447350
[2025-06-07T11:07:27.801+0000] {spark_submit.py:644} INFO - 25/06/07 11:07:27 INFO Utils: Copying /home/***/.ivy2/jars/org.wildfly.openssl_wildfly-openssl-1.0.7.Final.jar to /tmp/spark-b3a114cd-a413-4900-9f3f-6fdfe674b881/userFiles-28cac215-e13f-4d31-9cfe-3827aca6b9ef/org.wildfly.openssl_wildfly-openssl-1.0.7.Final.jar
[2025-06-07T11:07:27.803+0000] {spark_submit.py:644} INFO - 25/06/07 11:07:27 INFO SparkContext: Added file file:///home/***/.ivy2/jars/io.delta_delta-storage-3.1.0.jar at spark://00aaff77bf7f:37291/files/io.delta_delta-storage-3.1.0.jar with timestamp 1749294447350
[2025-06-07T11:07:27.803+0000] {spark_submit.py:644} INFO - 25/06/07 11:07:27 INFO Utils: Copying /home/***/.ivy2/jars/io.delta_delta-storage-3.1.0.jar to /tmp/spark-b3a114cd-a413-4900-9f3f-6fdfe674b881/userFiles-28cac215-e13f-4d31-9cfe-3827aca6b9ef/io.delta_delta-storage-3.1.0.jar
[2025-06-07T11:07:27.805+0000] {spark_submit.py:644} INFO - 25/06/07 11:07:27 INFO SparkContext: Added file file:///home/***/.ivy2/jars/org.antlr_antlr4-runtime-4.9.3.jar at spark://00aaff77bf7f:37291/files/org.antlr_antlr4-runtime-4.9.3.jar with timestamp 1749294447350
[2025-06-07T11:07:27.806+0000] {spark_submit.py:644} INFO - 25/06/07 11:07:27 INFO Utils: Copying /home/***/.ivy2/jars/org.antlr_antlr4-runtime-4.9.3.jar to /tmp/spark-b3a114cd-a413-4900-9f3f-6fdfe674b881/userFiles-28cac215-e13f-4d31-9cfe-3827aca6b9ef/org.antlr_antlr4-runtime-4.9.3.jar
[2025-06-07T11:07:27.847+0000] {spark_submit.py:644} INFO - 25/06/07 11:07:27 INFO StandaloneAppClient$ClientEndpoint: Connecting to master spark://spark-master:7077...
[2025-06-07T11:07:27.869+0000] {spark_submit.py:644} INFO - 25/06/07 11:07:27 INFO TransportClientFactory: Successfully created connection to spark-master/172.19.0.5:7077 after 12 ms (0 ms spent in bootstraps)
[2025-06-07T11:07:27.916+0000] {spark_submit.py:644} INFO - 25/06/07 11:07:27 INFO StandaloneSchedulerBackend: Connected to Spark cluster with app ID app-20250607110727-0001
[2025-06-07T11:07:27.916+0000] {spark_submit.py:644} INFO - 25/06/07 11:07:27 INFO StandaloneAppClient$ClientEndpoint: Executor added: app-20250607110727-0001/0 on worker-20250607110008-172.19.0.7-41057 (172.19.0.7:41057) with 4 core(s)
[2025-06-07T11:07:27.917+0000] {spark_submit.py:644} INFO - 25/06/07 11:07:27 INFO StandaloneSchedulerBackend: Granted executor ID app-20250607110727-0001/0 on hostPort 172.19.0.7:41057 with 4 core(s), 2.0 GiB RAM
[2025-06-07T11:07:27.920+0000] {spark_submit.py:644} INFO - 25/06/07 11:07:27 INFO Utils: Successfully started service 'org.apache.spark.network.netty.NettyBlockTransferService' on port 45975.
[2025-06-07T11:07:27.921+0000] {spark_submit.py:644} INFO - 25/06/07 11:07:27 INFO NettyBlockTransferService: Server created on 00aaff77bf7f:45975
[2025-06-07T11:07:27.922+0000] {spark_submit.py:644} INFO - 25/06/07 11:07:27 INFO BlockManager: Using org.apache.spark.storage.RandomBlockReplicationPolicy for block replication policy
[2025-06-07T11:07:27.924+0000] {spark_submit.py:644} INFO - 25/06/07 11:07:27 INFO BlockManagerMaster: Registering BlockManager BlockManagerId(driver, 00aaff77bf7f, 45975, None)
[2025-06-07T11:07:27.926+0000] {spark_submit.py:644} INFO - 25/06/07 11:07:27 INFO BlockManagerMasterEndpoint: Registering block manager 00aaff77bf7f:45975 with 434.4 MiB RAM, BlockManagerId(driver, 00aaff77bf7f, 45975, None)
[2025-06-07T11:07:27.927+0000] {spark_submit.py:644} INFO - 25/06/07 11:07:27 INFO BlockManagerMaster: Registered BlockManager BlockManagerId(driver, 00aaff77bf7f, 45975, None)
[2025-06-07T11:07:27.928+0000] {spark_submit.py:644} INFO - 25/06/07 11:07:27 INFO BlockManager: Initialized BlockManager: BlockManagerId(driver, 00aaff77bf7f, 45975, None)
[2025-06-07T11:07:27.940+0000] {spark_submit.py:644} INFO - 25/06/07 11:07:27 INFO StandaloneAppClient$ClientEndpoint: Executor updated: app-20250607110727-0001/0 is now RUNNING
[2025-06-07T11:07:28.051+0000] {spark_submit.py:644} INFO - 25/06/07 11:07:28 INFO StandaloneSchedulerBackend: SchedulerBackend is ready for scheduling beginning after reached minRegisteredResourcesRatio: 0.0
[2025-06-07T11:07:28.182+0000] {spark_submit.py:644} INFO - Bronze Ingestion: Spark session created.
[2025-06-07T11:07:28.189+0000] {spark_submit.py:644} INFO - 25/06/07 11:07:28 INFO SharedState: Setting hive.metastore.warehouse.dir ('null') to the value of spark.sql.warehouse.dir.
[2025-06-07T11:07:28.247+0000] {spark_submit.py:644} INFO - 25/06/07 11:07:28 WARN MetricsConfig: Cannot locate configuration: tried hadoop-metrics2-s3a-file-system.properties,hadoop-metrics2.properties
[2025-06-07T11:07:28.254+0000] {spark_submit.py:644} INFO - 25/06/07 11:07:28 INFO MetricsSystemImpl: Scheduled Metric snapshot period at 10 second(s).
[2025-06-07T11:07:28.255+0000] {spark_submit.py:644} INFO - 25/06/07 11:07:28 INFO MetricsSystemImpl: s3a-file-system metrics system started
[2025-06-07T11:07:28.634+0000] {spark_submit.py:644} INFO - 25/06/07 11:07:28 INFO SharedState: Warehouse path is 's3a://mybucket/warehouse'.
[2025-06-07T11:07:29.135+0000] {spark_submit.py:644} INFO - 25/06/07 11:07:29 INFO InMemoryFileIndex: It took 20 ms to list leaf files for 1 paths.
[2025-06-07T11:07:29.173+0000] {spark_submit.py:644} INFO - 25/06/07 11:07:29 INFO StandaloneSchedulerBackend$StandaloneDriverEndpoint: Registered executor NettyRpcEndpointRef(spark-client://Executor) (172.19.0.7:34322) with ID 0,  ResourceProfileId 0
[2025-06-07T11:07:29.214+0000] {spark_submit.py:644} INFO - 25/06/07 11:07:29 INFO BlockManagerMasterEndpoint: Registering block manager 172.19.0.7:36471 with 1048.8 MiB RAM, BlockManagerId(0, 172.19.0.7, 36471, None)
[2025-06-07T11:07:29.586+0000] {spark_submit.py:644} INFO - Successfully loaded Stephen Curry stats from: /opt/***/data/Stephen Curry Stats.parquet
[2025-06-07T11:07:30.085+0000] {spark_submit.py:644} INFO - 25/06/07 11:07:30 INFO HiveConf: Found configuration file null
[2025-06-07T11:07:30.090+0000] {spark_submit.py:644} INFO - 25/06/07 11:07:30 INFO HiveUtils: Initializing HiveMetastoreConnection version 2.3.9 using Spark classes.
[2025-06-07T11:07:30.191+0000] {spark_submit.py:644} INFO - 25/06/07 11:07:30 INFO HiveClientImpl: Warehouse location for Hive client (version 2.3.9) is s3a://mybucket/warehouse
[2025-06-07T11:07:30.209+0000] {spark_submit.py:644} INFO - 25/06/07 11:07:30 INFO metastore: Trying to connect to metastore with URI thrift://hive-metastore:9083
[2025-06-07T11:07:30.220+0000] {spark_submit.py:644} INFO - 25/06/07 11:07:30 INFO metastore: Opened a connection to metastore, current connections: 1
[2025-06-07T11:07:30.231+0000] {spark_submit.py:644} INFO - 25/06/07 11:07:30 INFO metastore: Connected to metastore.
[2025-06-07T11:07:30.416+0000] {spark_submit.py:644} INFO - Error writing data to Bronze layer: org.apache.hadoop.hive.ql.metadata.HiveException: MetaException(message:Got exception: java.nio.file.AccessDeniedException s3a://mybucket/warehouse/sc_stats_db.db: getFileStatus on s3a://mybucket/warehouse/sc_stats_db.db: com.amazonaws.services.s3.model.AmazonS3Exception: Forbidden (Service: Amazon S3; Status Code: 403; Error Code: 403 Forbidden; Request ID: 1846BE08CD52DAEC; S3 Extended Request ID: dd9025bab4ad464b049177c95eb6ebf374d3b3fd1af9251148b658df7ac2e3e8; Proxy: null), S3 Extended Request ID: dd9025bab4ad464b049177c95eb6ebf374d3b3fd1af9251148b658df7ac2e3e8:403 Forbidden)
[2025-06-07T11:07:30.417+0000] {spark_submit.py:644} INFO - 25/06/07 11:07:30 INFO SparkContext: SparkContext is stopping with exitCode 0.
[2025-06-07T11:07:30.422+0000] {spark_submit.py:644} INFO - 25/06/07 11:07:30 INFO SparkUI: Stopped Spark web UI at http://00aaff77bf7f:4040
[2025-06-07T11:07:30.424+0000] {spark_submit.py:644} INFO - 25/06/07 11:07:30 INFO StandaloneSchedulerBackend: Shutting down all executors
[2025-06-07T11:07:30.425+0000] {spark_submit.py:644} INFO - 25/06/07 11:07:30 INFO StandaloneSchedulerBackend$StandaloneDriverEndpoint: Asking each executor to shut down
[2025-06-07T11:07:30.434+0000] {spark_submit.py:644} INFO - 25/06/07 11:07:30 INFO MapOutputTrackerMasterEndpoint: MapOutputTrackerMasterEndpoint stopped!
[2025-06-07T11:07:30.444+0000] {spark_submit.py:644} INFO - 25/06/07 11:07:30 INFO MemoryStore: MemoryStore cleared
[2025-06-07T11:07:30.445+0000] {spark_submit.py:644} INFO - 25/06/07 11:07:30 INFO BlockManager: BlockManager stopped
[2025-06-07T11:07:30.448+0000] {spark_submit.py:644} INFO - 25/06/07 11:07:30 INFO BlockManagerMaster: BlockManagerMaster stopped
[2025-06-07T11:07:30.449+0000] {spark_submit.py:644} INFO - 25/06/07 11:07:30 INFO OutputCommitCoordinator$OutputCommitCoordinatorEndpoint: OutputCommitCoordinator stopped!
[2025-06-07T11:07:30.469+0000] {spark_submit.py:644} INFO - 25/06/07 11:07:30 INFO SparkContext: Successfully stopped SparkContext
[2025-06-07T11:07:30.572+0000] {spark_submit.py:644} INFO - Traceback (most recent call last):
[2025-06-07T11:07:30.573+0000] {spark_submit.py:644} INFO - File "/opt/***/dags/bronze_ingestion_sc_stats_etl.py", line 87, in <module>
[2025-06-07T11:07:30.573+0000] {spark_submit.py:644} INFO - main(args.output_path)
[2025-06-07T11:07:30.573+0000] {spark_submit.py:644} INFO - File "/opt/***/dags/bronze_ingestion_sc_stats_etl.py", line 65, in main
[2025-06-07T11:07:30.574+0000] {spark_submit.py:644} INFO - spark.sql("CREATE DATABASE IF NOT EXISTS sc_stats_db")
[2025-06-07T11:07:30.574+0000] {spark_submit.py:644} INFO - File "/home/***/.local/lib/python3.11/site-packages/pyspark/python/lib/pyspark.zip/pyspark/sql/session.py", line 1631, in sql
[2025-06-07T11:07:30.574+0000] {spark_submit.py:644} INFO - File "/home/***/.local/lib/python3.11/site-packages/pyspark/python/lib/py4j-0.10.9.7-src.zip/py4j/java_gateway.py", line 1322, in __call__
[2025-06-07T11:07:30.574+0000] {spark_submit.py:644} INFO - File "/home/***/.local/lib/python3.11/site-packages/pyspark/python/lib/pyspark.zip/pyspark/errors/exceptions/captured.py", line 185, in deco
[2025-06-07T11:07:30.575+0000] {spark_submit.py:644} INFO - pyspark.errors.exceptions.captured.AnalysisException: org.apache.hadoop.hive.ql.metadata.HiveException: MetaException(message:Got exception: java.nio.file.AccessDeniedException s3a://mybucket/warehouse/sc_stats_db.db: getFileStatus on s3a://mybucket/warehouse/sc_stats_db.db: com.amazonaws.services.s3.model.AmazonS3Exception: Forbidden (Service: Amazon S3; Status Code: 403; Error Code: 403 Forbidden; Request ID: 1846BE08CD52DAEC; S3 Extended Request ID: dd9025bab4ad464b049177c95eb6ebf374d3b3fd1af9251148b658df7ac2e3e8; Proxy: null), S3 Extended Request ID: dd9025bab4ad464b049177c95eb6ebf374d3b3fd1af9251148b658df7ac2e3e8:403 Forbidden)
[2025-06-07T11:07:30.605+0000] {spark_submit.py:644} INFO - 25/06/07 11:07:30 INFO ShutdownHookManager: Shutdown hook called
[2025-06-07T11:07:30.605+0000] {spark_submit.py:644} INFO - 25/06/07 11:07:30 INFO ShutdownHookManager: Deleting directory /tmp/spark-3f75c9f7-6279-4511-9c2c-b9f790939ae3
[2025-06-07T11:07:30.607+0000] {spark_submit.py:644} INFO - 25/06/07 11:07:30 INFO ShutdownHookManager: Deleting directory /tmp/spark-b3a114cd-a413-4900-9f3f-6fdfe674b881/pyspark-0afe101c-f549-4f7c-bd69-8ce778105b34
[2025-06-07T11:07:30.609+0000] {spark_submit.py:644} INFO - 25/06/07 11:07:30 INFO ShutdownHookManager: Deleting directory /tmp/spark-b3a114cd-a413-4900-9f3f-6fdfe674b881
[2025-06-07T11:07:30.612+0000] {spark_submit.py:644} INFO - 25/06/07 11:07:30 INFO MetricsSystemImpl: Stopping s3a-file-system metrics system...
[2025-06-07T11:07:30.612+0000] {spark_submit.py:644} INFO - 25/06/07 11:07:30 INFO MetricsSystemImpl: s3a-file-system metrics system stopped.
[2025-06-07T11:07:30.612+0000] {spark_submit.py:644} INFO - 25/06/07 11:07:30 INFO MetricsSystemImpl: s3a-file-system metrics system shutdown complete.
[2025-06-07T11:07:30.650+0000] {taskinstance.py:3311} ERROR - Task failed with exception
Traceback (most recent call last):
  File "/home/airflow/.local/lib/python3.11/site-packages/airflow/models/taskinstance.py", line 767, in _execute_task
    result = _execute_callable(context=context, **execute_callable_kwargs)
             ^^^^^^^^^^^^^^^^^^^^^^^^^^^^^^^^^^^^^^^^^^^^^^^^^^^^^^^^^^^^^
  File "/home/airflow/.local/lib/python3.11/site-packages/airflow/models/taskinstance.py", line 733, in _execute_callable
    return ExecutionCallableRunner(
           ^^^^^^^^^^^^^^^^^^^^^^^^
  File "/home/airflow/.local/lib/python3.11/site-packages/airflow/utils/operator_helpers.py", line 252, in run
    return self.func(*args, **kwargs)
           ^^^^^^^^^^^^^^^^^^^^^^^^^^
  File "/home/airflow/.local/lib/python3.11/site-packages/airflow/models/baseoperator.py", line 417, in wrapper
    return func(self, *args, **kwargs)
           ^^^^^^^^^^^^^^^^^^^^^^^^^^^
  File "/home/airflow/.local/lib/python3.11/site-packages/airflow/providers/apache/spark/operators/spark_submit.py", line 197, in execute
    self._hook.submit(self.application)
  File "/home/airflow/.local/lib/python3.11/site-packages/airflow/providers/apache/spark/hooks/spark_submit.py", line 566, in submit
    raise AirflowException(
airflow.exceptions.AirflowException: Cannot execute: spark-submit --master spark://spark-master:7077 --conf spark.executor.memory=2g --conf spark.sql.extensions=io.delta.sql.DeltaSparkSessionExtension --conf spark.sql.catalog.spark_catalog=org.apache.spark.sql.delta.catalog.DeltaCatalog --conf spark.hadoop.fs.s3a.endpoint=http://minio:9000 --conf spark.hadoop.fs.s3a.access.key=minioadmin --conf spark.hadoop.fs.s3a.secret.key=****** --conf spark.hadoop.fs.s3a.path.style.access=true --conf spark.hadoop.fs.s3a.impl=org.apache.hadoop.fs.s3a.S3AFileSystem --packages org.apache.hadoop:hadoop-aws:3.3.4,com.amazonaws:aws-java-sdk-bundle:1.12.262,io.delta:delta-spark_2.12:3.1.0 --name bronze_sc_stats_etl --verbose --queue root.default --deploy-mode client /opt/***/dags/bronze_ingestion_sc_stats_etl.py --output_path s3a://mybucket/bronze/curry_raw_data/. Error code is: 1.
[2025-06-07T11:07:30.652+0000] {taskinstance.py:1225} INFO - Marking task as FAILED. dag_id=curry_medallion_etl, task_id=submit_bronze_etl_job, run_id=manual__2025-06-07T11:07:23.886346+00:00, execution_date=20250607T110723, start_date=20250607T110725, end_date=20250607T110730
[2025-06-07T11:07:30.658+0000] {taskinstance.py:340} INFO - ::group::Post task execution logs
[2025-06-07T11:07:30.658+0000] {standard_task_runner.py:124} ERROR - Failed to execute job 47 for task submit_bronze_etl_job (Cannot execute: spark-submit --master spark://spark-master:7077 --conf spark.executor.memory=2g --conf spark.sql.extensions=io.delta.sql.DeltaSparkSessionExtension --conf spark.sql.catalog.spark_catalog=org.apache.spark.sql.delta.catalog.DeltaCatalog --conf spark.hadoop.fs.s3a.endpoint=http://minio:9000 --conf spark.hadoop.fs.s3a.access.key=minioadmin --conf spark.hadoop.fs.s3a.secret.key=****** --conf spark.hadoop.fs.s3a.path.style.access=true --conf spark.hadoop.fs.s3a.impl=org.apache.hadoop.fs.s3a.S3AFileSystem --packages org.apache.hadoop:hadoop-aws:3.3.4,com.amazonaws:aws-java-sdk-bundle:1.12.262,io.delta:delta-spark_2.12:3.1.0 --name bronze_sc_stats_etl --verbose --queue root.default --deploy-mode client /opt/***/dags/bronze_ingestion_sc_stats_etl.py --output_path s3a://mybucket/bronze/curry_raw_data/. Error code is: 1.; 478)
Traceback (most recent call last):
  File "/home/airflow/.local/lib/python3.11/site-packages/airflow/task/task_runner/standard_task_runner.py", line 117, in _start_by_fork
    ret = args.func(args, dag=self.dag)
          ^^^^^^^^^^^^^^^^^^^^^^^^^^^^^
  File "/home/airflow/.local/lib/python3.11/site-packages/airflow/cli/cli_config.py", line 49, in command
    return func(*args, **kwargs)
           ^^^^^^^^^^^^^^^^^^^^^
  File "/home/airflow/.local/lib/python3.11/site-packages/airflow/utils/cli.py", line 116, in wrapper
    return f(*args, **kwargs)
           ^^^^^^^^^^^^^^^^^^
  File "/home/airflow/.local/lib/python3.11/site-packages/airflow/cli/commands/task_command.py", line 483, in task_run
    task_return_code = _run_task_by_selected_method(args, _dag, ti)
                       ^^^^^^^^^^^^^^^^^^^^^^^^^^^^^^^^^^^^^^^^^^^^
  File "/home/airflow/.local/lib/python3.11/site-packages/airflow/cli/commands/task_command.py", line 256, in _run_task_by_selected_method
    return _run_raw_task(args, ti)
           ^^^^^^^^^^^^^^^^^^^^^^^
  File "/home/airflow/.local/lib/python3.11/site-packages/airflow/cli/commands/task_command.py", line 341, in _run_raw_task
    return ti._run_raw_task(
           ^^^^^^^^^^^^^^^^^
  File "/home/airflow/.local/lib/python3.11/site-packages/airflow/utils/session.py", line 97, in wrapper
    return func(*args, session=session, **kwargs)
           ^^^^^^^^^^^^^^^^^^^^^^^^^^^^^^^^^^^^^^
  File "/home/airflow/.local/lib/python3.11/site-packages/airflow/models/taskinstance.py", line 3005, in _run_raw_task
    return _run_raw_task(
           ^^^^^^^^^^^^^^
  File "/home/airflow/.local/lib/python3.11/site-packages/airflow/models/taskinstance.py", line 273, in _run_raw_task
    TaskInstance._execute_task_with_callbacks(
  File "/home/airflow/.local/lib/python3.11/site-packages/airflow/models/taskinstance.py", line 3159, in _execute_task_with_callbacks
    result = self._execute_task(context, task_orig)
             ^^^^^^^^^^^^^^^^^^^^^^^^^^^^^^^^^^^^^^
  File "/home/airflow/.local/lib/python3.11/site-packages/airflow/models/taskinstance.py", line 3183, in _execute_task
    return _execute_task(self, context, task_orig)
           ^^^^^^^^^^^^^^^^^^^^^^^^^^^^^^^^^^^^^^^
  File "/home/airflow/.local/lib/python3.11/site-packages/airflow/models/taskinstance.py", line 767, in _execute_task
    result = _execute_callable(context=context, **execute_callable_kwargs)
             ^^^^^^^^^^^^^^^^^^^^^^^^^^^^^^^^^^^^^^^^^^^^^^^^^^^^^^^^^^^^^
  File "/home/airflow/.local/lib/python3.11/site-packages/airflow/models/taskinstance.py", line 733, in _execute_callable
    return ExecutionCallableRunner(
           ^^^^^^^^^^^^^^^^^^^^^^^^
  File "/home/airflow/.local/lib/python3.11/site-packages/airflow/utils/operator_helpers.py", line 252, in run
    return self.func(*args, **kwargs)
           ^^^^^^^^^^^^^^^^^^^^^^^^^^
  File "/home/airflow/.local/lib/python3.11/site-packages/airflow/models/baseoperator.py", line 417, in wrapper
    return func(self, *args, **kwargs)
           ^^^^^^^^^^^^^^^^^^^^^^^^^^^
  File "/home/airflow/.local/lib/python3.11/site-packages/airflow/providers/apache/spark/operators/spark_submit.py", line 197, in execute
    self._hook.submit(self.application)
  File "/home/airflow/.local/lib/python3.11/site-packages/airflow/providers/apache/spark/hooks/spark_submit.py", line 566, in submit
    raise AirflowException(
airflow.exceptions.AirflowException: Cannot execute: spark-submit --master spark://spark-master:7077 --conf spark.executor.memory=2g --conf spark.sql.extensions=io.delta.sql.DeltaSparkSessionExtension --conf spark.sql.catalog.spark_catalog=org.apache.spark.sql.delta.catalog.DeltaCatalog --conf spark.hadoop.fs.s3a.endpoint=http://minio:9000 --conf spark.hadoop.fs.s3a.access.key=minioadmin --conf spark.hadoop.fs.s3a.secret.key=****** --conf spark.hadoop.fs.s3a.path.style.access=true --conf spark.hadoop.fs.s3a.impl=org.apache.hadoop.fs.s3a.S3AFileSystem --packages org.apache.hadoop:hadoop-aws:3.3.4,com.amazonaws:aws-java-sdk-bundle:1.12.262,io.delta:delta-spark_2.12:3.1.0 --name bronze_sc_stats_etl --verbose --queue root.default --deploy-mode client /opt/***/dags/bronze_ingestion_sc_stats_etl.py --output_path s3a://mybucket/bronze/curry_raw_data/. Error code is: 1.
[2025-06-07T11:07:30.686+0000] {local_task_job_runner.py:266} INFO - Task exited with return code 1
[2025-06-07T11:07:30.699+0000] {taskinstance.py:3895} INFO - 0 downstream tasks scheduled from follow-on schedule check
[2025-06-07T11:07:30.701+0000] {local_task_job_runner.py:245} INFO - ::endgroup::
