[2025-06-07T14:21:49.195+0000] {local_task_job_runner.py:123} INFO - ::group::Pre task execution logs
[2025-06-07T14:21:49.209+0000] {taskinstance.py:2613} INFO - Dependencies all met for dep_context=non-requeueable deps ti=<TaskInstance: stephen_curry_stats_medallion_etl.silver_to_gold manual__2025-06-07T14:21:48.420358+00:00 [queued]>
[2025-06-07T14:21:49.214+0000] {taskinstance.py:2613} INFO - Dependencies all met for dep_context=requeueable deps ti=<TaskInstance: stephen_curry_stats_medallion_etl.silver_to_gold manual__2025-06-07T14:21:48.420358+00:00 [queued]>
[2025-06-07T14:21:49.215+0000] {taskinstance.py:2866} INFO - Starting attempt 1 of 1
[2025-06-07T14:21:49.225+0000] {taskinstance.py:2889} INFO - Executing <Task(SparkSubmitOperator): silver_to_gold> on 2025-06-07 14:21:48.420358+00:00
[2025-06-07T14:21:49.228+0000] {standard_task_runner.py:72} INFO - Started process 4673 to run task
[2025-06-07T14:21:49.230+0000] {standard_task_runner.py:104} INFO - Running: ['***', 'tasks', 'run', 'stephen_curry_stats_medallion_etl', 'silver_to_gold', 'manual__2025-06-07T14:21:48.420358+00:00', '--job-id', '96', '--raw', '--subdir', 'DAGS_FOLDER/medallion_sales_etl_dag.py', '--cfg-path', '/tmp/tmpkui9l8om']
[2025-06-07T14:21:49.232+0000] {standard_task_runner.py:105} INFO - Job 96: Subtask silver_to_gold
[2025-06-07T14:21:49.264+0000] {task_command.py:467} INFO - Running <TaskInstance: stephen_curry_stats_medallion_etl.silver_to_gold manual__2025-06-07T14:21:48.420358+00:00 [running]> on host 5ebb95484de3
[2025-06-07T14:21:49.312+0000] {taskinstance.py:3132} INFO - Exporting env vars: AIRFLOW_CTX_DAG_OWNER='***' AIRFLOW_CTX_DAG_ID='stephen_curry_stats_medallion_etl' AIRFLOW_CTX_TASK_ID='silver_to_gold' AIRFLOW_CTX_EXECUTION_DATE='2025-06-07T14:21:48.420358+00:00' AIRFLOW_CTX_TRY_NUMBER='1' AIRFLOW_CTX_DAG_RUN_ID='manual__2025-06-07T14:21:48.420358+00:00'
[2025-06-07T14:21:49.313+0000] {taskinstance.py:731} INFO - ::endgroup::
[2025-06-07T14:21:49.329+0000] {base.py:84} INFO - Retrieving connection 'spark_default'
[2025-06-07T14:21:49.330+0000] {spark_submit.py:474} INFO - Spark-Submit cmd: spark-submit --master spark://spark-master:7077 --conf spark.executor.memory=2g --conf spark.sql.extensions=io.delta.sql.DeltaSparkSessionExtension --conf spark.sql.catalog.spark_catalog=org.apache.spark.sql.delta.catalog.DeltaCatalog --conf spark.hadoop.fs.s3a.endpoint=http://minio:9000 --conf spark.hadoop.fs.s3a.access.key=None --conf spark.hadoop.fs.s3a.secret.key=****** --conf spark.hadoop.fs.s3a.path.style.access=true --conf spark.hadoop.fs.s3a.impl=org.apache.hadoop.fs.s3a.S3AFileSystem --conf spark.hadoop.fs.s3a.aws.credentials.provider=org.apache.hadoop.fs.s3a.SimpleAWSCredentialsProvider --packages org.apache.hadoop:hadoop-aws:3.3.4,com.amazonaws:aws-java-sdk-bundle:1.12.262,io.delta:delta-spark_2.12:3.1.0 --name arrow-spark --queue root.default --deploy-mode client dags/silver_to_gold_sc_summary_etl.py
[2025-06-07T14:21:50.103+0000] {spark_submit.py:644} INFO - :: loading settings :: url = jar:file:/home/***/.local/lib/python3.11/site-packages/pyspark/jars/ivy-2.5.1.jar!/org/apache/ivy/core/settings/ivysettings.xml
[2025-06-07T14:21:50.142+0000] {spark_submit.py:644} INFO - Ivy Default Cache set to: /home/***/.ivy2/cache
[2025-06-07T14:21:50.142+0000] {spark_submit.py:644} INFO - The jars for the packages stored in: /home/***/.ivy2/jars
[2025-06-07T14:21:50.144+0000] {spark_submit.py:644} INFO - org.apache.hadoop#hadoop-aws added as a dependency
[2025-06-07T14:21:50.145+0000] {spark_submit.py:644} INFO - com.amazonaws#aws-java-sdk-bundle added as a dependency
[2025-06-07T14:21:50.146+0000] {spark_submit.py:644} INFO - io.delta#delta-spark_2.12 added as a dependency
[2025-06-07T14:21:50.146+0000] {spark_submit.py:644} INFO - :: resolving dependencies :: org.apache.spark#spark-submit-parent-37685751-ec09-4f24-9c3a-efdd93ec0245;1.0
[2025-06-07T14:21:50.146+0000] {spark_submit.py:644} INFO - confs: [default]
[2025-06-07T14:21:50.244+0000] {spark_submit.py:644} INFO - found org.apache.hadoop#hadoop-aws;3.3.4 in central
[2025-06-07T14:21:50.257+0000] {spark_submit.py:644} INFO - found com.amazonaws#aws-java-sdk-bundle;1.12.262 in central
[2025-06-07T14:21:50.274+0000] {spark_submit.py:644} INFO - found org.wildfly.openssl#wildfly-openssl;1.0.7.Final in central
[2025-06-07T14:21:50.290+0000] {spark_submit.py:644} INFO - found io.delta#delta-spark_2.12;3.1.0 in central
[2025-06-07T14:21:50.302+0000] {spark_submit.py:644} INFO - found io.delta#delta-storage;3.1.0 in central
[2025-06-07T14:21:50.313+0000] {spark_submit.py:644} INFO - found org.antlr#antlr4-runtime;4.9.3 in central
[2025-06-07T14:21:50.330+0000] {spark_submit.py:644} INFO - :: resolution report :: resolve 175ms :: artifacts dl 9ms
[2025-06-07T14:21:50.331+0000] {spark_submit.py:644} INFO - :: modules in use:
[2025-06-07T14:21:50.332+0000] {spark_submit.py:644} INFO - com.amazonaws#aws-java-sdk-bundle;1.12.262 from central in [default]
[2025-06-07T14:21:50.332+0000] {spark_submit.py:644} INFO - io.delta#delta-spark_2.12;3.1.0 from central in [default]
[2025-06-07T14:21:50.332+0000] {spark_submit.py:644} INFO - io.delta#delta-storage;3.1.0 from central in [default]
[2025-06-07T14:21:50.333+0000] {spark_submit.py:644} INFO - org.antlr#antlr4-runtime;4.9.3 from central in [default]
[2025-06-07T14:21:50.333+0000] {spark_submit.py:644} INFO - org.apache.hadoop#hadoop-aws;3.3.4 from central in [default]
[2025-06-07T14:21:50.336+0000] {spark_submit.py:644} INFO - org.wildfly.openssl#wildfly-openssl;1.0.7.Final from central in [default]
[2025-06-07T14:21:50.336+0000] {spark_submit.py:644} INFO - ---------------------------------------------------------------------
[2025-06-07T14:21:50.337+0000] {spark_submit.py:644} INFO - |                  |            modules            ||   artifacts   |
[2025-06-07T14:21:50.337+0000] {spark_submit.py:644} INFO - |       conf       | number| search|dwnlded|evicted|| number|dwnlded|
[2025-06-07T14:21:50.337+0000] {spark_submit.py:644} INFO - ---------------------------------------------------------------------
[2025-06-07T14:21:50.339+0000] {spark_submit.py:644} INFO - |      default     |   6   |   0   |   0   |   0   ||   6   |   0   |
[2025-06-07T14:21:50.339+0000] {spark_submit.py:644} INFO - ---------------------------------------------------------------------
[2025-06-07T14:21:50.339+0000] {spark_submit.py:644} INFO - :: retrieving :: org.apache.spark#spark-submit-parent-37685751-ec09-4f24-9c3a-efdd93ec0245
[2025-06-07T14:21:50.340+0000] {spark_submit.py:644} INFO - confs: [default]
[2025-06-07T14:21:50.341+0000] {spark_submit.py:644} INFO - 0 artifacts copied, 6 already retrieved (0kB/7ms)
[2025-06-07T14:21:50.468+0000] {spark_submit.py:644} INFO - 25/06/07 14:21:50 WARN NativeCodeLoader: Unable to load native-hadoop library for your platform... using builtin-java classes where applicable
[2025-06-07T14:21:51.290+0000] {spark_submit.py:644} INFO - 25/06/07 14:21:51 INFO SparkContext: Running Spark version 3.5.2
[2025-06-07T14:21:51.290+0000] {spark_submit.py:644} INFO - 25/06/07 14:21:51 INFO SparkContext: OS info Linux, 6.10.14-linuxkit, aarch64
[2025-06-07T14:21:51.290+0000] {spark_submit.py:644} INFO - 25/06/07 14:21:51 INFO SparkContext: Java version 17.0.15
[2025-06-07T14:21:51.304+0000] {spark_submit.py:644} INFO - 25/06/07 14:21:51 INFO ResourceUtils: ==============================================================
[2025-06-07T14:21:51.305+0000] {spark_submit.py:644} INFO - 25/06/07 14:21:51 INFO ResourceUtils: No custom resources configured for spark.driver.
[2025-06-07T14:21:51.305+0000] {spark_submit.py:644} INFO - 25/06/07 14:21:51 INFO ResourceUtils: ==============================================================
[2025-06-07T14:21:51.306+0000] {spark_submit.py:644} INFO - 25/06/07 14:21:51 INFO SparkContext: Submitted application: SilverToGoldStephenCurryStats
[2025-06-07T14:21:51.328+0000] {spark_submit.py:644} INFO - 25/06/07 14:21:51 INFO ResourceProfile: Default ResourceProfile created, executor resources: Map(memory -> name: memory, amount: 2048, script: , vendor: , offHeap -> name: offHeap, amount: 0, script: , vendor: ), task resources: Map(cpus -> name: cpus, amount: 1.0)
[2025-06-07T14:21:51.334+0000] {spark_submit.py:644} INFO - 25/06/07 14:21:51 INFO ResourceProfile: Limiting resource is cpu
[2025-06-07T14:21:51.335+0000] {spark_submit.py:644} INFO - 25/06/07 14:21:51 INFO ResourceProfileManager: Added ResourceProfile id: 0
[2025-06-07T14:21:51.368+0000] {spark_submit.py:644} INFO - 25/06/07 14:21:51 INFO SecurityManager: Changing view acls to: ***
[2025-06-07T14:21:51.369+0000] {spark_submit.py:644} INFO - 25/06/07 14:21:51 INFO SecurityManager: Changing modify acls to: ***
[2025-06-07T14:21:51.370+0000] {spark_submit.py:644} INFO - 25/06/07 14:21:51 INFO SecurityManager: Changing view acls groups to:
[2025-06-07T14:21:51.372+0000] {spark_submit.py:644} INFO - 25/06/07 14:21:51 INFO SecurityManager: Changing modify acls groups to:
[2025-06-07T14:21:51.374+0000] {spark_submit.py:644} INFO - 25/06/07 14:21:51 INFO SecurityManager: SecurityManager: authentication disabled; ui acls disabled; users with view permissions: ***; groups with view permissions: EMPTY; users with modify permissions: ***; groups with modify permissions: EMPTY
[2025-06-07T14:21:51.502+0000] {spark_submit.py:644} INFO - 25/06/07 14:21:51 INFO Utils: Successfully started service 'sparkDriver' on port 40389.
[2025-06-07T14:21:51.525+0000] {spark_submit.py:644} INFO - 25/06/07 14:21:51 INFO SparkEnv: Registering MapOutputTracker
[2025-06-07T14:21:51.550+0000] {spark_submit.py:644} INFO - 25/06/07 14:21:51 INFO SparkEnv: Registering BlockManagerMaster
[2025-06-07T14:21:51.561+0000] {spark_submit.py:644} INFO - 25/06/07 14:21:51 INFO BlockManagerMasterEndpoint: Using org.apache.spark.storage.DefaultTopologyMapper for getting topology information
[2025-06-07T14:21:51.561+0000] {spark_submit.py:644} INFO - 25/06/07 14:21:51 INFO BlockManagerMasterEndpoint: BlockManagerMasterEndpoint up
[2025-06-07T14:21:51.563+0000] {spark_submit.py:644} INFO - 25/06/07 14:21:51 INFO SparkEnv: Registering BlockManagerMasterHeartbeat
[2025-06-07T14:21:51.576+0000] {spark_submit.py:644} INFO - 25/06/07 14:21:51 INFO DiskBlockManager: Created local directory at /tmp/blockmgr-1280abdb-7f78-47c4-af5d-e8a180c53689
[2025-06-07T14:21:51.584+0000] {spark_submit.py:644} INFO - 25/06/07 14:21:51 INFO MemoryStore: MemoryStore started with capacity 434.4 MiB
[2025-06-07T14:21:51.592+0000] {spark_submit.py:644} INFO - 25/06/07 14:21:51 INFO SparkEnv: Registering OutputCommitCoordinator
[2025-06-07T14:21:51.659+0000] {spark_submit.py:644} INFO - 25/06/07 14:21:51 INFO JettyUtils: Start Jetty 0.0.0.0:4040 for SparkUI
[2025-06-07T14:21:51.720+0000] {spark_submit.py:644} INFO - 25/06/07 14:21:51 INFO Utils: Successfully started service 'SparkUI' on port 4040.
[2025-06-07T14:21:51.751+0000] {spark_submit.py:644} INFO - 25/06/07 14:21:51 INFO SparkContext: Added JAR file:///home/***/.ivy2/jars/org.apache.hadoop_hadoop-aws-3.3.4.jar at spark://5ebb95484de3:40389/jars/org.apache.hadoop_hadoop-aws-3.3.4.jar with timestamp 1749306111282
[2025-06-07T14:21:51.752+0000] {spark_submit.py:644} INFO - 25/06/07 14:21:51 INFO SparkContext: Added JAR file:///home/***/.ivy2/jars/com.amazonaws_aws-java-sdk-bundle-1.12.262.jar at spark://5ebb95484de3:40389/jars/com.amazonaws_aws-java-sdk-bundle-1.12.262.jar with timestamp 1749306111282
[2025-06-07T14:21:51.753+0000] {spark_submit.py:644} INFO - 25/06/07 14:21:51 INFO SparkContext: Added JAR file:///home/***/.ivy2/jars/io.delta_delta-spark_2.12-3.1.0.jar at spark://5ebb95484de3:40389/jars/io.delta_delta-spark_2.12-3.1.0.jar with timestamp 1749306111282
[2025-06-07T14:21:51.753+0000] {spark_submit.py:644} INFO - 25/06/07 14:21:51 INFO SparkContext: Added JAR file:///home/***/.ivy2/jars/org.wildfly.openssl_wildfly-openssl-1.0.7.Final.jar at spark://5ebb95484de3:40389/jars/org.wildfly.openssl_wildfly-openssl-1.0.7.Final.jar with timestamp 1749306111282
[2025-06-07T14:21:51.753+0000] {spark_submit.py:644} INFO - 25/06/07 14:21:51 INFO SparkContext: Added JAR file:///home/***/.ivy2/jars/io.delta_delta-storage-3.1.0.jar at spark://5ebb95484de3:40389/jars/io.delta_delta-storage-3.1.0.jar with timestamp 1749306111282
[2025-06-07T14:21:51.753+0000] {spark_submit.py:644} INFO - 25/06/07 14:21:51 INFO SparkContext: Added JAR file:///home/***/.ivy2/jars/org.antlr_antlr4-runtime-4.9.3.jar at spark://5ebb95484de3:40389/jars/org.antlr_antlr4-runtime-4.9.3.jar with timestamp 1749306111282
[2025-06-07T14:21:51.754+0000] {spark_submit.py:644} INFO - 25/06/07 14:21:51 INFO SparkContext: Added file file:///home/***/.ivy2/jars/org.apache.hadoop_hadoop-aws-3.3.4.jar at spark://5ebb95484de3:40389/files/org.apache.hadoop_hadoop-aws-3.3.4.jar with timestamp 1749306111282
[2025-06-07T14:21:51.754+0000] {spark_submit.py:644} INFO - 25/06/07 14:21:51 INFO Utils: Copying /home/***/.ivy2/jars/org.apache.hadoop_hadoop-aws-3.3.4.jar to /tmp/spark-c7e23cb8-d087-4515-828f-21d8a8c3f176/userFiles-9cdf9fe7-e309-4b14-b2d8-706b4d1a21e3/org.apache.hadoop_hadoop-aws-3.3.4.jar
[2025-06-07T14:21:51.758+0000] {spark_submit.py:644} INFO - 25/06/07 14:21:51 INFO SparkContext: Added file file:///home/***/.ivy2/jars/com.amazonaws_aws-java-sdk-bundle-1.12.262.jar at spark://5ebb95484de3:40389/files/com.amazonaws_aws-java-sdk-bundle-1.12.262.jar with timestamp 1749306111282
[2025-06-07T14:21:51.758+0000] {spark_submit.py:644} INFO - 25/06/07 14:21:51 INFO Utils: Copying /home/***/.ivy2/jars/com.amazonaws_aws-java-sdk-bundle-1.12.262.jar to /tmp/spark-c7e23cb8-d087-4515-828f-21d8a8c3f176/userFiles-9cdf9fe7-e309-4b14-b2d8-706b4d1a21e3/com.amazonaws_aws-java-sdk-bundle-1.12.262.jar
[2025-06-07T14:21:51.809+0000] {spark_submit.py:644} INFO - 25/06/07 14:21:51 INFO SparkContext: Added file file:///home/***/.ivy2/jars/io.delta_delta-spark_2.12-3.1.0.jar at spark://5ebb95484de3:40389/files/io.delta_delta-spark_2.12-3.1.0.jar with timestamp 1749306111282
[2025-06-07T14:21:51.810+0000] {spark_submit.py:644} INFO - 25/06/07 14:21:51 INFO Utils: Copying /home/***/.ivy2/jars/io.delta_delta-spark_2.12-3.1.0.jar to /tmp/spark-c7e23cb8-d087-4515-828f-21d8a8c3f176/userFiles-9cdf9fe7-e309-4b14-b2d8-706b4d1a21e3/io.delta_delta-spark_2.12-3.1.0.jar
[2025-06-07T14:21:51.812+0000] {spark_submit.py:644} INFO - 25/06/07 14:21:51 INFO SparkContext: Added file file:///home/***/.ivy2/jars/org.wildfly.openssl_wildfly-openssl-1.0.7.Final.jar at spark://5ebb95484de3:40389/files/org.wildfly.openssl_wildfly-openssl-1.0.7.Final.jar with timestamp 1749306111282
[2025-06-07T14:21:51.813+0000] {spark_submit.py:644} INFO - 25/06/07 14:21:51 INFO Utils: Copying /home/***/.ivy2/jars/org.wildfly.openssl_wildfly-openssl-1.0.7.Final.jar to /tmp/spark-c7e23cb8-d087-4515-828f-21d8a8c3f176/userFiles-9cdf9fe7-e309-4b14-b2d8-706b4d1a21e3/org.wildfly.openssl_wildfly-openssl-1.0.7.Final.jar
[2025-06-07T14:21:51.815+0000] {spark_submit.py:644} INFO - 25/06/07 14:21:51 INFO SparkContext: Added file file:///home/***/.ivy2/jars/io.delta_delta-storage-3.1.0.jar at spark://5ebb95484de3:40389/files/io.delta_delta-storage-3.1.0.jar with timestamp 1749306111282
[2025-06-07T14:21:51.816+0000] {spark_submit.py:644} INFO - 25/06/07 14:21:51 INFO Utils: Copying /home/***/.ivy2/jars/io.delta_delta-storage-3.1.0.jar to /tmp/spark-c7e23cb8-d087-4515-828f-21d8a8c3f176/userFiles-9cdf9fe7-e309-4b14-b2d8-706b4d1a21e3/io.delta_delta-storage-3.1.0.jar
[2025-06-07T14:21:51.818+0000] {spark_submit.py:644} INFO - 25/06/07 14:21:51 INFO SparkContext: Added file file:///home/***/.ivy2/jars/org.antlr_antlr4-runtime-4.9.3.jar at spark://5ebb95484de3:40389/files/org.antlr_antlr4-runtime-4.9.3.jar with timestamp 1749306111282
[2025-06-07T14:21:51.818+0000] {spark_submit.py:644} INFO - 25/06/07 14:21:51 INFO Utils: Copying /home/***/.ivy2/jars/org.antlr_antlr4-runtime-4.9.3.jar to /tmp/spark-c7e23cb8-d087-4515-828f-21d8a8c3f176/userFiles-9cdf9fe7-e309-4b14-b2d8-706b4d1a21e3/org.antlr_antlr4-runtime-4.9.3.jar
[2025-06-07T14:21:51.873+0000] {spark_submit.py:644} INFO - 25/06/07 14:21:51 INFO StandaloneAppClient$ClientEndpoint: Connecting to master spark://spark-master:7077...
[2025-06-07T14:21:51.901+0000] {spark_submit.py:644} INFO - 25/06/07 14:21:51 INFO TransportClientFactory: Successfully created connection to spark-master/172.19.0.6:7077 after 14 ms (0 ms spent in bootstraps)
[2025-06-07T14:21:52.006+0000] {spark_submit.py:644} INFO - 25/06/07 14:21:52 INFO StandaloneSchedulerBackend: Connected to Spark cluster with app ID app-20250607142151-0016
[2025-06-07T14:21:52.007+0000] {spark_submit.py:644} INFO - 25/06/07 14:21:52 INFO StandaloneAppClient$ClientEndpoint: Executor added: app-20250607142151-0016/0 on worker-20250607120528-172.19.0.7-44613 (172.19.0.7:44613) with 4 core(s)
[2025-06-07T14:21:52.007+0000] {spark_submit.py:644} INFO - 25/06/07 14:21:52 INFO StandaloneSchedulerBackend: Granted executor ID app-20250607142151-0016/0 on hostPort 172.19.0.7:44613 with 4 core(s), 2.0 GiB RAM
[2025-06-07T14:21:52.008+0000] {spark_submit.py:644} INFO - 25/06/07 14:21:52 INFO Utils: Successfully started service 'org.apache.spark.network.netty.NettyBlockTransferService' on port 32931.
[2025-06-07T14:21:52.009+0000] {spark_submit.py:644} INFO - 25/06/07 14:21:52 INFO NettyBlockTransferService: Server created on 5ebb95484de3:32931
[2025-06-07T14:21:52.010+0000] {spark_submit.py:644} INFO - 25/06/07 14:21:52 INFO BlockManager: Using org.apache.spark.storage.RandomBlockReplicationPolicy for block replication policy
[2025-06-07T14:21:52.015+0000] {spark_submit.py:644} INFO - 25/06/07 14:21:52 INFO BlockManagerMaster: Registering BlockManager BlockManagerId(driver, 5ebb95484de3, 32931, None)
[2025-06-07T14:21:52.017+0000] {spark_submit.py:644} INFO - 25/06/07 14:21:52 INFO BlockManagerMasterEndpoint: Registering block manager 5ebb95484de3:32931 with 434.4 MiB RAM, BlockManagerId(driver, 5ebb95484de3, 32931, None)
[2025-06-07T14:21:52.018+0000] {spark_submit.py:644} INFO - 25/06/07 14:21:52 INFO BlockManagerMaster: Registered BlockManager BlockManagerId(driver, 5ebb95484de3, 32931, None)
[2025-06-07T14:21:52.019+0000] {spark_submit.py:644} INFO - 25/06/07 14:21:52 INFO StandaloneAppClient$ClientEndpoint: Executor updated: app-20250607142151-0016/0 is now RUNNING
[2025-06-07T14:21:52.020+0000] {spark_submit.py:644} INFO - 25/06/07 14:21:52 INFO BlockManager: Initialized BlockManager: BlockManagerId(driver, 5ebb95484de3, 32931, None)
[2025-06-07T14:21:52.138+0000] {spark_submit.py:644} INFO - 25/06/07 14:21:52 INFO StandaloneSchedulerBackend: SchedulerBackend is ready for scheduling beginning after reached minRegisteredResourcesRatio: 0.0
[2025-06-07T14:21:52.284+0000] {spark_submit.py:644} INFO - Silver to Gold: Spark session created.
[2025-06-07T14:21:52.291+0000] {spark_submit.py:644} INFO - 25/06/07 14:21:52 INFO SharedState: Setting hive.metastore.warehouse.dir ('null') to the value of spark.sql.warehouse.dir.
[2025-06-07T14:21:52.378+0000] {spark_submit.py:644} INFO - 25/06/07 14:21:52 WARN MetricsConfig: Cannot locate configuration: tried hadoop-metrics2-s3a-file-system.properties,hadoop-metrics2.properties
[2025-06-07T14:21:52.393+0000] {spark_submit.py:644} INFO - 25/06/07 14:21:52 INFO MetricsSystemImpl: Scheduled Metric snapshot period at 10 second(s).
[2025-06-07T14:21:52.395+0000] {spark_submit.py:644} INFO - 25/06/07 14:21:52 INFO MetricsSystemImpl: s3a-file-system metrics system started
[2025-06-07T14:21:52.906+0000] {spark_submit.py:644} INFO - 25/06/07 14:21:52 INFO SharedState: Warehouse path is 's3a://mybucket'.
[2025-06-07T14:21:53.538+0000] {spark_submit.py:644} INFO - 25/06/07 14:21:53 INFO StandaloneSchedulerBackend$StandaloneDriverEndpoint: Registered executor NettyRpcEndpointRef(spark-client://Executor) (172.19.0.7:48710) with ID 0,  ResourceProfileId 0
[2025-06-07T14:21:53.586+0000] {spark_submit.py:644} INFO - 25/06/07 14:21:53 INFO BlockManagerMasterEndpoint: Registering block manager 172.19.0.7:43625 with 1048.8 MiB RAM, BlockManagerId(0, 172.19.0.7, 43625, None)
[2025-06-07T14:21:53.674+0000] {spark_submit.py:644} INFO - 25/06/07 14:21:53 INFO HiveConf: Found configuration file null
[2025-06-07T14:21:53.682+0000] {spark_submit.py:644} INFO - 25/06/07 14:21:53 INFO HiveUtils: Initializing HiveMetastoreConnection version 2.3.9 using Spark classes.
[2025-06-07T14:21:53.829+0000] {spark_submit.py:644} INFO - 25/06/07 14:21:53 INFO HiveClientImpl: Warehouse location for Hive client (version 2.3.9) is s3a://mybucket
[2025-06-07T14:21:53.867+0000] {spark_submit.py:644} INFO - 25/06/07 14:21:53 INFO metastore: Trying to connect to metastore with URI thrift://hive-metastore:9083
[2025-06-07T14:21:53.882+0000] {spark_submit.py:644} INFO - 25/06/07 14:21:53 INFO metastore: Opened a connection to metastore, current connections: 1
[2025-06-07T14:21:53.901+0000] {spark_submit.py:644} INFO - 25/06/07 14:21:53 INFO metastore: Connected to metastore.
[2025-06-07T14:21:54.529+0000] {spark_submit.py:644} INFO - Error in silver to gold transformation: [TABLE_OR_VIEW_NOT_FOUND] The table or view `sc_stats_db`.`silver_sc_stats` cannot be found. Verify the spelling and correctness of the schema and catalog.
[2025-06-07T14:21:54.530+0000] {spark_submit.py:644} INFO - If you did not qualify the name with a schema, verify the current_schema() output, or qualify the name with the correct schema and catalog.
[2025-06-07T14:21:54.531+0000] {spark_submit.py:644} INFO - To tolerate the error on drop use DROP VIEW IF EXISTS or DROP TABLE IF EXISTS.;
[2025-06-07T14:21:54.532+0000] {spark_submit.py:644} INFO - 'UnresolvedRelation [sc_stats_db, silver_sc_stats], [], false
[2025-06-07T14:21:54.532+0000] {spark_submit.py:644} INFO - 
[2025-06-07T14:21:54.533+0000] {spark_submit.py:644} INFO - 25/06/07 14:21:54 INFO SparkContext: SparkContext is stopping with exitCode 0.
[2025-06-07T14:21:54.542+0000] {spark_submit.py:644} INFO - 25/06/07 14:21:54 INFO SparkUI: Stopped Spark web UI at http://5ebb95484de3:4040
[2025-06-07T14:21:54.547+0000] {spark_submit.py:644} INFO - 25/06/07 14:21:54 INFO StandaloneSchedulerBackend: Shutting down all executors
[2025-06-07T14:21:54.548+0000] {spark_submit.py:644} INFO - 25/06/07 14:21:54 INFO StandaloneSchedulerBackend$StandaloneDriverEndpoint: Asking each executor to shut down
[2025-06-07T14:21:54.566+0000] {spark_submit.py:644} INFO - 25/06/07 14:21:54 INFO MapOutputTrackerMasterEndpoint: MapOutputTrackerMasterEndpoint stopped!
[2025-06-07T14:21:54.575+0000] {spark_submit.py:644} INFO - 25/06/07 14:21:54 INFO MemoryStore: MemoryStore cleared
[2025-06-07T14:21:54.576+0000] {spark_submit.py:644} INFO - 25/06/07 14:21:54 INFO BlockManager: BlockManager stopped
[2025-06-07T14:21:54.580+0000] {spark_submit.py:644} INFO - 25/06/07 14:21:54 INFO BlockManagerMaster: BlockManagerMaster stopped
[2025-06-07T14:21:54.582+0000] {spark_submit.py:644} INFO - 25/06/07 14:21:54 INFO OutputCommitCoordinator$OutputCommitCoordinatorEndpoint: OutputCommitCoordinator stopped!
[2025-06-07T14:21:54.591+0000] {spark_submit.py:644} INFO - 25/06/07 14:21:54 ERROR TransportRequestHandler: Error sending result StreamResponse[streamId=/jars/com.amazonaws_aws-java-sdk-bundle-1.12.262.jar,byteCount=280645251,body=FileSegmentManagedBuffer[file=/home/***/.ivy2/jars/com.amazonaws_aws-java-sdk-bundle-1.12.262.jar,offset=0,length=280645251]] to /172.19.0.7:48726; closing connection
[2025-06-07T14:21:54.593+0000] {spark_submit.py:644} INFO - io.netty.channel.StacklessClosedChannelException
[2025-06-07T14:21:54.597+0000] {spark_submit.py:644} INFO - at io.netty.channel.AbstractChannel.close(ChannelPromise)(Unknown Source)
[2025-06-07T14:21:54.615+0000] {spark_submit.py:644} INFO - 25/06/07 14:21:54 INFO SparkContext: Successfully stopped SparkContext
[2025-06-07T14:21:54.659+0000] {spark_submit.py:644} INFO - Traceback (most recent call last):
[2025-06-07T14:21:54.660+0000] {spark_submit.py:644} INFO - File "/opt/***/dags/silver_to_gold_sc_summary_etl.py", line 81, in <module>
[2025-06-07T14:21:54.661+0000] {spark_submit.py:644} INFO - main()
[2025-06-07T14:21:54.661+0000] {spark_submit.py:644} INFO - ^^^^^^
[2025-06-07T14:21:54.662+0000] {spark_submit.py:644} INFO - File "/opt/***/dags/silver_to_gold_sc_summary_etl.py", line 23, in main
[2025-06-07T14:21:54.662+0000] {spark_submit.py:644} INFO - silver_df = spark.table("sc_stats_db.silver_sc_stats")
[2025-06-07T14:21:54.662+0000] {spark_submit.py:644} INFO - ^^^^^^^^^^^^^^^^^^^^^^^^^^^^^^^^^^^^^^^^^^
[2025-06-07T14:21:54.662+0000] {spark_submit.py:644} INFO - File "/home/***/.local/lib/python3.11/site-packages/pyspark/python/lib/pyspark.zip/pyspark/sql/session.py", line 1667, in table
[2025-06-07T14:21:54.663+0000] {spark_submit.py:644} INFO - File "/home/***/.local/lib/python3.11/site-packages/pyspark/python/lib/py4j-0.10.9.7-src.zip/py4j/java_gateway.py", line 1322, in __call__
[2025-06-07T14:21:54.664+0000] {spark_submit.py:644} INFO - File "/home/***/.local/lib/python3.11/site-packages/pyspark/python/lib/pyspark.zip/pyspark/errors/exceptions/captured.py", line 185, in deco
[2025-06-07T14:21:54.664+0000] {spark_submit.py:644} INFO - pyspark.errors.exceptions.captured.AnalysisException: [TABLE_OR_VIEW_NOT_FOUND] The table or view `sc_stats_db`.`silver_sc_stats` cannot be found. Verify the spelling and correctness of the schema and catalog.
[2025-06-07T14:21:54.664+0000] {spark_submit.py:644} INFO - If you did not qualify the name with a schema, verify the current_schema() output, or qualify the name with the correct schema and catalog.
[2025-06-07T14:21:54.664+0000] {spark_submit.py:644} INFO - To tolerate the error on drop use DROP VIEW IF EXISTS or DROP TABLE IF EXISTS.;
[2025-06-07T14:21:54.664+0000] {spark_submit.py:644} INFO - 'UnresolvedRelation [sc_stats_db, silver_sc_stats], [], false
[2025-06-07T14:21:54.665+0000] {spark_submit.py:644} INFO - 
[2025-06-07T14:21:54.712+0000] {spark_submit.py:644} INFO - 25/06/07 14:21:54 INFO ShutdownHookManager: Shutdown hook called
[2025-06-07T14:21:54.714+0000] {spark_submit.py:644} INFO - 25/06/07 14:21:54 INFO ShutdownHookManager: Deleting directory /tmp/spark-53907c05-b22d-4d2e-80f6-f13eb4544243
[2025-06-07T14:21:54.715+0000] {spark_submit.py:644} INFO - 25/06/07 14:21:54 INFO ShutdownHookManager: Deleting directory /tmp/spark-c7e23cb8-d087-4515-828f-21d8a8c3f176/pyspark-abbab55b-002b-4b3d-8362-892638a672eb
[2025-06-07T14:21:54.717+0000] {spark_submit.py:644} INFO - 25/06/07 14:21:54 INFO ShutdownHookManager: Deleting directory /tmp/spark-c7e23cb8-d087-4515-828f-21d8a8c3f176
[2025-06-07T14:21:54.721+0000] {spark_submit.py:644} INFO - 25/06/07 14:21:54 INFO MetricsSystemImpl: Stopping s3a-file-system metrics system...
[2025-06-07T14:21:54.725+0000] {spark_submit.py:644} INFO - 25/06/07 14:21:54 INFO MetricsSystemImpl: s3a-file-system metrics system stopped.
[2025-06-07T14:21:54.725+0000] {spark_submit.py:644} INFO - 25/06/07 14:21:54 INFO MetricsSystemImpl: s3a-file-system metrics system shutdown complete.
[2025-06-07T14:21:54.786+0000] {taskinstance.py:3311} ERROR - Task failed with exception
Traceback (most recent call last):
  File "/home/airflow/.local/lib/python3.11/site-packages/airflow/models/taskinstance.py", line 767, in _execute_task
    result = _execute_callable(context=context, **execute_callable_kwargs)
             ^^^^^^^^^^^^^^^^^^^^^^^^^^^^^^^^^^^^^^^^^^^^^^^^^^^^^^^^^^^^^
  File "/home/airflow/.local/lib/python3.11/site-packages/airflow/models/taskinstance.py", line 733, in _execute_callable
    return ExecutionCallableRunner(
           ^^^^^^^^^^^^^^^^^^^^^^^^
  File "/home/airflow/.local/lib/python3.11/site-packages/airflow/utils/operator_helpers.py", line 252, in run
    return self.func(*args, **kwargs)
           ^^^^^^^^^^^^^^^^^^^^^^^^^^
  File "/home/airflow/.local/lib/python3.11/site-packages/airflow/models/baseoperator.py", line 417, in wrapper
    return func(self, *args, **kwargs)
           ^^^^^^^^^^^^^^^^^^^^^^^^^^^
  File "/home/airflow/.local/lib/python3.11/site-packages/airflow/providers/apache/spark/operators/spark_submit.py", line 197, in execute
    self._hook.submit(self.application)
  File "/home/airflow/.local/lib/python3.11/site-packages/airflow/providers/apache/spark/hooks/spark_submit.py", line 566, in submit
    raise AirflowException(
airflow.exceptions.AirflowException: Cannot execute: spark-submit --master spark://spark-master:7077 --conf spark.executor.memory=2g --conf spark.sql.extensions=io.delta.sql.DeltaSparkSessionExtension --conf spark.sql.catalog.spark_catalog=org.apache.spark.sql.delta.catalog.DeltaCatalog --conf spark.hadoop.fs.s3a.endpoint=http://minio:9000 --conf spark.hadoop.fs.s3a.access.key=None --conf spark.hadoop.fs.s3a.secret.key=****** --conf spark.hadoop.fs.s3a.path.style.access=true --conf spark.hadoop.fs.s3a.impl=org.apache.hadoop.fs.s3a.S3AFileSystem --conf spark.hadoop.fs.s3a.aws.credentials.provider=org.apache.hadoop.fs.s3a.SimpleAWSCredentialsProvider --packages org.apache.hadoop:hadoop-aws:3.3.4,com.amazonaws:aws-java-sdk-bundle:1.12.262,io.delta:delta-spark_2.12:3.1.0 --name arrow-spark --queue root.default --deploy-mode client dags/silver_to_gold_sc_summary_etl.py. Error code is: 1.
[2025-06-07T14:21:54.790+0000] {taskinstance.py:1225} INFO - Marking task as FAILED. dag_id=stephen_curry_stats_medallion_etl, task_id=silver_to_gold, run_id=manual__2025-06-07T14:21:48.420358+00:00, execution_date=20250607T142148, start_date=20250607T142149, end_date=20250607T142154
[2025-06-07T14:21:54.849+0000] {taskinstance.py:340} INFO - ::group::Post task execution logs
[2025-06-07T14:21:54.850+0000] {standard_task_runner.py:124} ERROR - Failed to execute job 96 for task silver_to_gold (Cannot execute: spark-submit --master spark://spark-master:7077 --conf spark.executor.memory=2g --conf spark.sql.extensions=io.delta.sql.DeltaSparkSessionExtension --conf spark.sql.catalog.spark_catalog=org.apache.spark.sql.delta.catalog.DeltaCatalog --conf spark.hadoop.fs.s3a.endpoint=http://minio:9000 --conf spark.hadoop.fs.s3a.access.key=None --conf spark.hadoop.fs.s3a.secret.key=****** --conf spark.hadoop.fs.s3a.path.style.access=true --conf spark.hadoop.fs.s3a.impl=org.apache.hadoop.fs.s3a.S3AFileSystem --conf spark.hadoop.fs.s3a.aws.credentials.provider=org.apache.hadoop.fs.s3a.SimpleAWSCredentialsProvider --packages org.apache.hadoop:hadoop-aws:3.3.4,com.amazonaws:aws-java-sdk-bundle:1.12.262,io.delta:delta-spark_2.12:3.1.0 --name arrow-spark --queue root.default --deploy-mode client dags/silver_to_gold_sc_summary_etl.py. Error code is: 1.; 4673)
Traceback (most recent call last):
  File "/home/airflow/.local/lib/python3.11/site-packages/airflow/task/task_runner/standard_task_runner.py", line 117, in _start_by_fork
    ret = args.func(args, dag=self.dag)
          ^^^^^^^^^^^^^^^^^^^^^^^^^^^^^
  File "/home/airflow/.local/lib/python3.11/site-packages/airflow/cli/cli_config.py", line 49, in command
    return func(*args, **kwargs)
           ^^^^^^^^^^^^^^^^^^^^^
  File "/home/airflow/.local/lib/python3.11/site-packages/airflow/utils/cli.py", line 116, in wrapper
    return f(*args, **kwargs)
           ^^^^^^^^^^^^^^^^^^
  File "/home/airflow/.local/lib/python3.11/site-packages/airflow/cli/commands/task_command.py", line 483, in task_run
    task_return_code = _run_task_by_selected_method(args, _dag, ti)
                       ^^^^^^^^^^^^^^^^^^^^^^^^^^^^^^^^^^^^^^^^^^^^
  File "/home/airflow/.local/lib/python3.11/site-packages/airflow/cli/commands/task_command.py", line 256, in _run_task_by_selected_method
    return _run_raw_task(args, ti)
           ^^^^^^^^^^^^^^^^^^^^^^^
  File "/home/airflow/.local/lib/python3.11/site-packages/airflow/cli/commands/task_command.py", line 341, in _run_raw_task
    return ti._run_raw_task(
           ^^^^^^^^^^^^^^^^^
  File "/home/airflow/.local/lib/python3.11/site-packages/airflow/utils/session.py", line 97, in wrapper
    return func(*args, session=session, **kwargs)
           ^^^^^^^^^^^^^^^^^^^^^^^^^^^^^^^^^^^^^^
  File "/home/airflow/.local/lib/python3.11/site-packages/airflow/models/taskinstance.py", line 3005, in _run_raw_task
    return _run_raw_task(
           ^^^^^^^^^^^^^^
  File "/home/airflow/.local/lib/python3.11/site-packages/airflow/models/taskinstance.py", line 273, in _run_raw_task
    TaskInstance._execute_task_with_callbacks(
  File "/home/airflow/.local/lib/python3.11/site-packages/airflow/models/taskinstance.py", line 3159, in _execute_task_with_callbacks
    result = self._execute_task(context, task_orig)
             ^^^^^^^^^^^^^^^^^^^^^^^^^^^^^^^^^^^^^^
  File "/home/airflow/.local/lib/python3.11/site-packages/airflow/models/taskinstance.py", line 3183, in _execute_task
    return _execute_task(self, context, task_orig)
           ^^^^^^^^^^^^^^^^^^^^^^^^^^^^^^^^^^^^^^^
  File "/home/airflow/.local/lib/python3.11/site-packages/airflow/models/taskinstance.py", line 767, in _execute_task
    result = _execute_callable(context=context, **execute_callable_kwargs)
             ^^^^^^^^^^^^^^^^^^^^^^^^^^^^^^^^^^^^^^^^^^^^^^^^^^^^^^^^^^^^^
  File "/home/airflow/.local/lib/python3.11/site-packages/airflow/models/taskinstance.py", line 733, in _execute_callable
    return ExecutionCallableRunner(
           ^^^^^^^^^^^^^^^^^^^^^^^^
  File "/home/airflow/.local/lib/python3.11/site-packages/airflow/utils/operator_helpers.py", line 252, in run
    return self.func(*args, **kwargs)
           ^^^^^^^^^^^^^^^^^^^^^^^^^^
  File "/home/airflow/.local/lib/python3.11/site-packages/airflow/models/baseoperator.py", line 417, in wrapper
    return func(self, *args, **kwargs)
           ^^^^^^^^^^^^^^^^^^^^^^^^^^^
  File "/home/airflow/.local/lib/python3.11/site-packages/airflow/providers/apache/spark/operators/spark_submit.py", line 197, in execute
    self._hook.submit(self.application)
  File "/home/airflow/.local/lib/python3.11/site-packages/airflow/providers/apache/spark/hooks/spark_submit.py", line 566, in submit
    raise AirflowException(
airflow.exceptions.AirflowException: Cannot execute: spark-submit --master spark://spark-master:7077 --conf spark.executor.memory=2g --conf spark.sql.extensions=io.delta.sql.DeltaSparkSessionExtension --conf spark.sql.catalog.spark_catalog=org.apache.spark.sql.delta.catalog.DeltaCatalog --conf spark.hadoop.fs.s3a.endpoint=http://minio:9000 --conf spark.hadoop.fs.s3a.access.key=None --conf spark.hadoop.fs.s3a.secret.key=****** --conf spark.hadoop.fs.s3a.path.style.access=true --conf spark.hadoop.fs.s3a.impl=org.apache.hadoop.fs.s3a.S3AFileSystem --conf spark.hadoop.fs.s3a.aws.credentials.provider=org.apache.hadoop.fs.s3a.SimpleAWSCredentialsProvider --packages org.apache.hadoop:hadoop-aws:3.3.4,com.amazonaws:aws-java-sdk-bundle:1.12.262,io.delta:delta-spark_2.12:3.1.0 --name arrow-spark --queue root.default --deploy-mode client dags/silver_to_gold_sc_summary_etl.py. Error code is: 1.
[2025-06-07T14:21:54.881+0000] {local_task_job_runner.py:266} INFO - Task exited with return code 1
[2025-06-07T14:21:54.894+0000] {taskinstance.py:3895} INFO - 0 downstream tasks scheduled from follow-on schedule check
[2025-06-07T14:21:54.895+0000] {local_task_job_runner.py:245} INFO - ::endgroup::
