[2025-06-07T16:24:21.711+0000] {local_task_job_runner.py:123} INFO - ::group::Pre task execution logs
[2025-06-07T16:24:21.720+0000] {taskinstance.py:2613} INFO - Dependencies all met for dep_context=non-requeueable deps ti=<TaskInstance: stephen_curry_stats_medallion_etl.bronze_ingestion manual__2025-06-07T16:24:20.918775+00:00 [queued]>
[2025-06-07T16:24:21.724+0000] {taskinstance.py:2613} INFO - Dependencies all met for dep_context=requeueable deps ti=<TaskInstance: stephen_curry_stats_medallion_etl.bronze_ingestion manual__2025-06-07T16:24:20.918775+00:00 [queued]>
[2025-06-07T16:24:21.724+0000] {taskinstance.py:2866} INFO - Starting attempt 1 of 1
[2025-06-07T16:24:21.729+0000] {taskinstance.py:2889} INFO - Executing <Task(SparkSubmitOperator): bronze_ingestion> on 2025-06-07 16:24:20.918775+00:00
[2025-06-07T16:24:21.731+0000] {standard_task_runner.py:72} INFO - Started process 315 to run task
[2025-06-07T16:24:21.733+0000] {standard_task_runner.py:104} INFO - Running: ['***', 'tasks', 'run', 'stephen_curry_stats_medallion_etl', 'bronze_ingestion', 'manual__2025-06-07T16:24:20.918775+00:00', '--job-id', '7', '--raw', '--subdir', 'DAGS_FOLDER/medallion_sales_etl_dag.py', '--cfg-path', '/tmp/tmp6cc3juit']
[2025-06-07T16:24:21.734+0000] {standard_task_runner.py:105} INFO - Job 7: Subtask bronze_ingestion
[2025-06-07T16:24:21.760+0000] {task_command.py:467} INFO - Running <TaskInstance: stephen_curry_stats_medallion_etl.bronze_ingestion manual__2025-06-07T16:24:20.918775+00:00 [running]> on host ae00baecdfb8
[2025-06-07T16:24:21.802+0000] {taskinstance.py:3132} INFO - Exporting env vars: AIRFLOW_CTX_DAG_OWNER='***' AIRFLOW_CTX_DAG_ID='stephen_curry_stats_medallion_etl' AIRFLOW_CTX_TASK_ID='bronze_ingestion' AIRFLOW_CTX_EXECUTION_DATE='2025-06-07T16:24:20.918775+00:00' AIRFLOW_CTX_TRY_NUMBER='1' AIRFLOW_CTX_DAG_RUN_ID='manual__2025-06-07T16:24:20.918775+00:00'
[2025-06-07T16:24:21.803+0000] {taskinstance.py:731} INFO - ::endgroup::
[2025-06-07T16:24:21.817+0000] {base.py:84} INFO - Retrieving connection 'spark_default'
[2025-06-07T16:24:21.819+0000] {spark_submit.py:474} INFO - Spark-Submit cmd: spark-submit --master spark://spark-master:7077 --conf spark.executor.memory=2g --conf spark.sql.extensions=io.delta.sql.DeltaSparkSessionExtension --conf spark.sql.catalog.spark_catalog=org.apache.spark.sql.delta.catalog.DeltaCatalog --conf spark.hadoop.fs.s3a.endpoint=http://minio:9000 --conf spark.hadoop.fs.s3a.access.key=minioadmin --conf spark.hadoop.fs.s3a.secret.key=****** --conf spark.hadoop.fs.s3a.path.style.access=true --conf spark.hadoop.fs.s3a.impl=org.apache.hadoop.fs.s3a.S3AFileSystem --conf spark.hadoop.fs.s3a.aws.credentials.provider=org.apache.hadoop.fs.s3a.SimpleAWSCredentialsProvider --packages org.apache.hadoop:hadoop-aws:3.3.4,com.amazonaws:aws-java-sdk-bundle:1.12.262,io.delta:delta-spark_2.12:3.1.0 --name arrow-spark --queue root.default --deploy-mode client dags/bronze_ingestion_sc_stats_etl.py --output_path s3a://mybucket/sc_stats_db/bronze/raw_data
[2025-06-07T16:24:22.546+0000] {spark_submit.py:644} INFO - :: loading settings :: url = jar:file:/home/***/.local/lib/python3.11/site-packages/pyspark/jars/ivy-2.5.1.jar!/org/apache/ivy/core/settings/ivysettings.xml
[2025-06-07T16:24:22.591+0000] {spark_submit.py:644} INFO - Ivy Default Cache set to: /home/***/.ivy2/cache
[2025-06-07T16:24:22.591+0000] {spark_submit.py:644} INFO - The jars for the packages stored in: /home/***/.ivy2/jars
[2025-06-07T16:24:22.592+0000] {spark_submit.py:644} INFO - org.apache.hadoop#hadoop-aws added as a dependency
[2025-06-07T16:24:22.593+0000] {spark_submit.py:644} INFO - com.amazonaws#aws-java-sdk-bundle added as a dependency
[2025-06-07T16:24:22.593+0000] {spark_submit.py:644} INFO - io.delta#delta-spark_2.12 added as a dependency
[2025-06-07T16:24:22.593+0000] {spark_submit.py:644} INFO - :: resolving dependencies :: org.apache.spark#spark-submit-parent-f6f724df-ec3f-4ae4-abb4-7d8832b4e385;1.0
[2025-06-07T16:24:22.593+0000] {spark_submit.py:644} INFO - confs: [default]
[2025-06-07T16:24:26.684+0000] {spark_submit.py:644} INFO - found org.apache.hadoop#hadoop-aws;3.3.4 in central
[2025-06-07T16:24:28.329+0000] {spark_submit.py:644} INFO - found com.amazonaws#aws-java-sdk-bundle;1.12.262 in central
[2025-06-07T16:24:30.989+0000] {spark_submit.py:644} INFO - found org.wildfly.openssl#wildfly-openssl;1.0.7.Final in central
[2025-06-07T16:24:31.347+0000] {spark_submit.py:644} INFO - found io.delta#delta-spark_2.12;3.1.0 in central
[2025-06-07T16:24:31.700+0000] {spark_submit.py:644} INFO - found io.delta#delta-storage;3.1.0 in central
[2025-06-07T16:24:33.745+0000] {spark_submit.py:644} INFO - found org.antlr#antlr4-runtime;4.9.3 in central
[2025-06-07T16:24:33.931+0000] {spark_submit.py:644} INFO - downloading https://repo1.maven.org/maven2/org/apache/hadoop/hadoop-aws/3.3.4/hadoop-aws-3.3.4.jar ...
[2025-06-07T16:24:34.607+0000] {spark_submit.py:644} INFO - [SUCCESSFUL ] org.apache.hadoop#hadoop-aws;3.3.4!hadoop-aws.jar (852ms)
[2025-06-07T16:24:34.781+0000] {spark_submit.py:644} INFO - downloading https://repo1.maven.org/maven2/com/amazonaws/aws-java-sdk-bundle/1.12.262/aws-java-sdk-bundle-1.12.262.jar ...
[2025-06-07T16:25:12.581+0000] {spark_submit.py:644} INFO - [SUCCESSFUL ] com.amazonaws#aws-java-sdk-bundle;1.12.262!aws-java-sdk-bundle.jar (37972ms)
[2025-06-07T16:25:12.754+0000] {spark_submit.py:644} INFO - downloading https://repo1.maven.org/maven2/io/delta/delta-spark_2.12/3.1.0/delta-spark_2.12-3.1.0.jar ...
[2025-06-07T16:25:13.844+0000] {spark_submit.py:644} INFO - [SUCCESSFUL ] io.delta#delta-spark_2.12;3.1.0!delta-spark_2.12.jar (1261ms)
[2025-06-07T16:25:14.013+0000] {spark_submit.py:644} INFO - downloading https://repo1.maven.org/maven2/org/wildfly/openssl/wildfly-openssl/1.0.7.Final/wildfly-openssl-1.0.7.Final.jar ...
[2025-06-07T16:25:14.239+0000] {spark_submit.py:644} INFO - [SUCCESSFUL ] org.wildfly.openssl#wildfly-openssl;1.0.7.Final!wildfly-openssl.jar (393ms)
[2025-06-07T16:25:14.419+0000] {spark_submit.py:644} INFO - downloading https://repo1.maven.org/maven2/io/delta/delta-storage/3.1.0/delta-storage-3.1.0.jar ...
[2025-06-07T16:25:14.594+0000] {spark_submit.py:644} INFO - [SUCCESSFUL ] io.delta#delta-storage;3.1.0!delta-storage.jar (354ms)
[2025-06-07T16:25:14.771+0000] {spark_submit.py:644} INFO - downloading https://repo1.maven.org/maven2/org/antlr/antlr4-runtime/4.9.3/antlr4-runtime-4.9.3.jar ...
[2025-06-07T16:25:14.987+0000] {spark_submit.py:644} INFO - [SUCCESSFUL ] org.antlr#antlr4-runtime;4.9.3!antlr4-runtime.jar (391ms)
[2025-06-07T16:25:14.988+0000] {spark_submit.py:644} INFO - :: resolution report :: resolve 11160ms :: artifacts dl 41234ms
[2025-06-07T16:25:14.988+0000] {spark_submit.py:644} INFO - :: modules in use:
[2025-06-07T16:25:14.989+0000] {spark_submit.py:644} INFO - com.amazonaws#aws-java-sdk-bundle;1.12.262 from central in [default]
[2025-06-07T16:25:14.989+0000] {spark_submit.py:644} INFO - io.delta#delta-spark_2.12;3.1.0 from central in [default]
[2025-06-07T16:25:14.990+0000] {spark_submit.py:644} INFO - io.delta#delta-storage;3.1.0 from central in [default]
[2025-06-07T16:25:14.991+0000] {spark_submit.py:644} INFO - org.antlr#antlr4-runtime;4.9.3 from central in [default]
[2025-06-07T16:25:14.991+0000] {spark_submit.py:644} INFO - org.apache.hadoop#hadoop-aws;3.3.4 from central in [default]
[2025-06-07T16:25:14.992+0000] {spark_submit.py:644} INFO - org.wildfly.openssl#wildfly-openssl;1.0.7.Final from central in [default]
[2025-06-07T16:25:14.992+0000] {spark_submit.py:644} INFO - ---------------------------------------------------------------------
[2025-06-07T16:25:14.993+0000] {spark_submit.py:644} INFO - |                  |            modules            ||   artifacts   |
[2025-06-07T16:25:14.993+0000] {spark_submit.py:644} INFO - |       conf       | number| search|dwnlded|evicted|| number|dwnlded|
[2025-06-07T16:25:14.994+0000] {spark_submit.py:644} INFO - ---------------------------------------------------------------------
[2025-06-07T16:25:14.994+0000] {spark_submit.py:644} INFO - |      default     |   6   |   6   |   6   |   0   ||   6   |   6   |
[2025-06-07T16:25:14.994+0000] {spark_submit.py:644} INFO - ---------------------------------------------------------------------
[2025-06-07T16:25:14.995+0000] {spark_submit.py:644} INFO - :: retrieving :: org.apache.spark#spark-submit-parent-f6f724df-ec3f-4ae4-abb4-7d8832b4e385
[2025-06-07T16:25:14.995+0000] {spark_submit.py:644} INFO - confs: [default]
[2025-06-07T16:25:15.308+0000] {spark_submit.py:644} INFO - 6 artifacts copied, 0 already retrieved (281149kB/314ms)
[2025-06-07T16:25:15.426+0000] {spark_submit.py:644} INFO - 25/06/07 16:25:15 WARN NativeCodeLoader: Unable to load native-hadoop library for your platform... using builtin-java classes where applicable
[2025-06-07T16:25:16.177+0000] {spark_submit.py:644} INFO - 25/06/07 16:25:16 INFO SparkContext: Running Spark version 3.5.2
[2025-06-07T16:25:16.180+0000] {spark_submit.py:644} INFO - 25/06/07 16:25:16 INFO SparkContext: OS info Linux, 6.10.14-linuxkit, aarch64
[2025-06-07T16:25:16.180+0000] {spark_submit.py:644} INFO - 25/06/07 16:25:16 INFO SparkContext: Java version 17.0.15
[2025-06-07T16:25:16.189+0000] {spark_submit.py:644} INFO - 25/06/07 16:25:16 INFO ResourceUtils: ==============================================================
[2025-06-07T16:25:16.190+0000] {spark_submit.py:644} INFO - 25/06/07 16:25:16 INFO ResourceUtils: No custom resources configured for spark.driver.
[2025-06-07T16:25:16.190+0000] {spark_submit.py:644} INFO - 25/06/07 16:25:16 INFO ResourceUtils: ==============================================================
[2025-06-07T16:25:16.190+0000] {spark_submit.py:644} INFO - 25/06/07 16:25:16 INFO SparkContext: Submitted application: BronzeIngestionStephenCurryStats
[2025-06-07T16:25:16.201+0000] {spark_submit.py:644} INFO - 25/06/07 16:25:16 INFO ResourceProfile: Default ResourceProfile created, executor resources: Map(memory -> name: memory, amount: 2048, script: , vendor: , offHeap -> name: offHeap, amount: 0, script: , vendor: ), task resources: Map(cpus -> name: cpus, amount: 1.0)
[2025-06-07T16:25:16.205+0000] {spark_submit.py:644} INFO - 25/06/07 16:25:16 INFO ResourceProfile: Limiting resource is cpu
[2025-06-07T16:25:16.205+0000] {spark_submit.py:644} INFO - 25/06/07 16:25:16 INFO ResourceProfileManager: Added ResourceProfile id: 0
[2025-06-07T16:25:16.237+0000] {spark_submit.py:644} INFO - 25/06/07 16:25:16 INFO SecurityManager: Changing view acls to: ***
[2025-06-07T16:25:16.238+0000] {spark_submit.py:644} INFO - 25/06/07 16:25:16 INFO SecurityManager: Changing modify acls to: ***
[2025-06-07T16:25:16.238+0000] {spark_submit.py:644} INFO - 25/06/07 16:25:16 INFO SecurityManager: Changing view acls groups to:
[2025-06-07T16:25:16.238+0000] {spark_submit.py:644} INFO - 25/06/07 16:25:16 INFO SecurityManager: Changing modify acls groups to:
[2025-06-07T16:25:16.238+0000] {spark_submit.py:644} INFO - 25/06/07 16:25:16 INFO SecurityManager: SecurityManager: authentication disabled; ui acls disabled; users with view permissions: ***; groups with view permissions: EMPTY; users with modify permissions: ***; groups with modify permissions: EMPTY
[2025-06-07T16:25:16.353+0000] {spark_submit.py:644} INFO - 25/06/07 16:25:16 INFO Utils: Successfully started service 'sparkDriver' on port 46877.
[2025-06-07T16:25:16.371+0000] {spark_submit.py:644} INFO - 25/06/07 16:25:16 INFO SparkEnv: Registering MapOutputTracker
[2025-06-07T16:25:16.392+0000] {spark_submit.py:644} INFO - 25/06/07 16:25:16 INFO SparkEnv: Registering BlockManagerMaster
[2025-06-07T16:25:16.403+0000] {spark_submit.py:644} INFO - 25/06/07 16:25:16 INFO BlockManagerMasterEndpoint: Using org.apache.spark.storage.DefaultTopologyMapper for getting topology information
[2025-06-07T16:25:16.403+0000] {spark_submit.py:644} INFO - 25/06/07 16:25:16 INFO BlockManagerMasterEndpoint: BlockManagerMasterEndpoint up
[2025-06-07T16:25:16.405+0000] {spark_submit.py:644} INFO - 25/06/07 16:25:16 INFO SparkEnv: Registering BlockManagerMasterHeartbeat
[2025-06-07T16:25:16.419+0000] {spark_submit.py:644} INFO - 25/06/07 16:25:16 INFO DiskBlockManager: Created local directory at /tmp/blockmgr-4f598b32-332c-4d13-9f7b-455d45595be8
[2025-06-07T16:25:16.426+0000] {spark_submit.py:644} INFO - 25/06/07 16:25:16 INFO MemoryStore: MemoryStore started with capacity 434.4 MiB
[2025-06-07T16:25:16.434+0000] {spark_submit.py:644} INFO - 25/06/07 16:25:16 INFO SparkEnv: Registering OutputCommitCoordinator
[2025-06-07T16:25:16.504+0000] {spark_submit.py:644} INFO - 25/06/07 16:25:16 INFO JettyUtils: Start Jetty 0.0.0.0:4040 for SparkUI
[2025-06-07T16:25:16.541+0000] {spark_submit.py:644} INFO - 25/06/07 16:25:16 INFO Utils: Successfully started service 'SparkUI' on port 4040.
[2025-06-07T16:25:16.562+0000] {spark_submit.py:644} INFO - 25/06/07 16:25:16 INFO SparkContext: Added JAR file:///home/***/.ivy2/jars/org.apache.hadoop_hadoop-aws-3.3.4.jar at spark://ae00baecdfb8:46877/jars/org.apache.hadoop_hadoop-aws-3.3.4.jar with timestamp 1749313516172
[2025-06-07T16:25:16.563+0000] {spark_submit.py:644} INFO - 25/06/07 16:25:16 INFO SparkContext: Added JAR file:///home/***/.ivy2/jars/com.amazonaws_aws-java-sdk-bundle-1.12.262.jar at spark://ae00baecdfb8:46877/jars/com.amazonaws_aws-java-sdk-bundle-1.12.262.jar with timestamp 1749313516172
[2025-06-07T16:25:16.563+0000] {spark_submit.py:644} INFO - 25/06/07 16:25:16 INFO SparkContext: Added JAR file:///home/***/.ivy2/jars/io.delta_delta-spark_2.12-3.1.0.jar at spark://ae00baecdfb8:46877/jars/io.delta_delta-spark_2.12-3.1.0.jar with timestamp 1749313516172
[2025-06-07T16:25:16.563+0000] {spark_submit.py:644} INFO - 25/06/07 16:25:16 INFO SparkContext: Added JAR file:///home/***/.ivy2/jars/org.wildfly.openssl_wildfly-openssl-1.0.7.Final.jar at spark://ae00baecdfb8:46877/jars/org.wildfly.openssl_wildfly-openssl-1.0.7.Final.jar with timestamp 1749313516172
[2025-06-07T16:25:16.564+0000] {spark_submit.py:644} INFO - 25/06/07 16:25:16 INFO SparkContext: Added JAR file:///home/***/.ivy2/jars/io.delta_delta-storage-3.1.0.jar at spark://ae00baecdfb8:46877/jars/io.delta_delta-storage-3.1.0.jar with timestamp 1749313516172
[2025-06-07T16:25:16.564+0000] {spark_submit.py:644} INFO - 25/06/07 16:25:16 INFO SparkContext: Added JAR file:///home/***/.ivy2/jars/org.antlr_antlr4-runtime-4.9.3.jar at spark://ae00baecdfb8:46877/jars/org.antlr_antlr4-runtime-4.9.3.jar with timestamp 1749313516172
[2025-06-07T16:25:16.564+0000] {spark_submit.py:644} INFO - 25/06/07 16:25:16 INFO SparkContext: Added file file:///home/***/.ivy2/jars/org.apache.hadoop_hadoop-aws-3.3.4.jar at spark://ae00baecdfb8:46877/files/org.apache.hadoop_hadoop-aws-3.3.4.jar with timestamp 1749313516172
[2025-06-07T16:25:16.566+0000] {spark_submit.py:644} INFO - 25/06/07 16:25:16 INFO Utils: Copying /home/***/.ivy2/jars/org.apache.hadoop_hadoop-aws-3.3.4.jar to /tmp/spark-40f39411-cbbb-493e-a993-e6dc25c5c5f5/userFiles-6c43236a-4341-44f0-9f5a-74102fdcea3b/org.apache.hadoop_hadoop-aws-3.3.4.jar
[2025-06-07T16:25:16.573+0000] {spark_submit.py:644} INFO - 25/06/07 16:25:16 INFO SparkContext: Added file file:///home/***/.ivy2/jars/com.amazonaws_aws-java-sdk-bundle-1.12.262.jar at spark://ae00baecdfb8:46877/files/com.amazonaws_aws-java-sdk-bundle-1.12.262.jar with timestamp 1749313516172
[2025-06-07T16:25:16.573+0000] {spark_submit.py:644} INFO - 25/06/07 16:25:16 INFO Utils: Copying /home/***/.ivy2/jars/com.amazonaws_aws-java-sdk-bundle-1.12.262.jar to /tmp/spark-40f39411-cbbb-493e-a993-e6dc25c5c5f5/userFiles-6c43236a-4341-44f0-9f5a-74102fdcea3b/com.amazonaws_aws-java-sdk-bundle-1.12.262.jar
[2025-06-07T16:25:16.754+0000] {spark_submit.py:644} INFO - 25/06/07 16:25:16 INFO SparkContext: Added file file:///home/***/.ivy2/jars/io.delta_delta-spark_2.12-3.1.0.jar at spark://ae00baecdfb8:46877/files/io.delta_delta-spark_2.12-3.1.0.jar with timestamp 1749313516172
[2025-06-07T16:25:16.754+0000] {spark_submit.py:644} INFO - 25/06/07 16:25:16 INFO Utils: Copying /home/***/.ivy2/jars/io.delta_delta-spark_2.12-3.1.0.jar to /tmp/spark-40f39411-cbbb-493e-a993-e6dc25c5c5f5/userFiles-6c43236a-4341-44f0-9f5a-74102fdcea3b/io.delta_delta-spark_2.12-3.1.0.jar
[2025-06-07T16:25:16.760+0000] {spark_submit.py:644} INFO - 25/06/07 16:25:16 INFO SparkContext: Added file file:///home/***/.ivy2/jars/org.wildfly.openssl_wildfly-openssl-1.0.7.Final.jar at spark://ae00baecdfb8:46877/files/org.wildfly.openssl_wildfly-openssl-1.0.7.Final.jar with timestamp 1749313516172
[2025-06-07T16:25:16.760+0000] {spark_submit.py:644} INFO - 25/06/07 16:25:16 INFO Utils: Copying /home/***/.ivy2/jars/org.wildfly.openssl_wildfly-openssl-1.0.7.Final.jar to /tmp/spark-40f39411-cbbb-493e-a993-e6dc25c5c5f5/userFiles-6c43236a-4341-44f0-9f5a-74102fdcea3b/org.wildfly.openssl_wildfly-openssl-1.0.7.Final.jar
[2025-06-07T16:25:16.762+0000] {spark_submit.py:644} INFO - 25/06/07 16:25:16 INFO SparkContext: Added file file:///home/***/.ivy2/jars/io.delta_delta-storage-3.1.0.jar at spark://ae00baecdfb8:46877/files/io.delta_delta-storage-3.1.0.jar with timestamp 1749313516172
[2025-06-07T16:25:16.762+0000] {spark_submit.py:644} INFO - 25/06/07 16:25:16 INFO Utils: Copying /home/***/.ivy2/jars/io.delta_delta-storage-3.1.0.jar to /tmp/spark-40f39411-cbbb-493e-a993-e6dc25c5c5f5/userFiles-6c43236a-4341-44f0-9f5a-74102fdcea3b/io.delta_delta-storage-3.1.0.jar
[2025-06-07T16:25:16.764+0000] {spark_submit.py:644} INFO - 25/06/07 16:25:16 INFO SparkContext: Added file file:///home/***/.ivy2/jars/org.antlr_antlr4-runtime-4.9.3.jar at spark://ae00baecdfb8:46877/files/org.antlr_antlr4-runtime-4.9.3.jar with timestamp 1749313516172
[2025-06-07T16:25:16.765+0000] {spark_submit.py:644} INFO - 25/06/07 16:25:16 INFO Utils: Copying /home/***/.ivy2/jars/org.antlr_antlr4-runtime-4.9.3.jar to /tmp/spark-40f39411-cbbb-493e-a993-e6dc25c5c5f5/userFiles-6c43236a-4341-44f0-9f5a-74102fdcea3b/org.antlr_antlr4-runtime-4.9.3.jar
[2025-06-07T16:25:16.911+0000] {spark_submit.py:644} INFO - 25/06/07 16:25:16 INFO StandaloneAppClient$ClientEndpoint: Connecting to master spark://spark-master:7077...
[2025-06-07T16:25:16.938+0000] {spark_submit.py:644} INFO - 25/06/07 16:25:16 INFO TransportClientFactory: Successfully created connection to spark-master/172.19.0.4:7077 after 16 ms (0 ms spent in bootstraps)
[2025-06-07T16:25:17.016+0000] {spark_submit.py:644} INFO - 25/06/07 16:25:17 INFO StandaloneSchedulerBackend: Connected to Spark cluster with app ID app-20250607162517-0000
[2025-06-07T16:25:17.022+0000] {spark_submit.py:644} INFO - 25/06/07 16:25:17 INFO Utils: Successfully started service 'org.apache.spark.network.netty.NettyBlockTransferService' on port 44395.
[2025-06-07T16:25:17.022+0000] {spark_submit.py:644} INFO - 25/06/07 16:25:17 INFO NettyBlockTransferService: Server created on ae00baecdfb8:44395
[2025-06-07T16:25:17.023+0000] {spark_submit.py:644} INFO - 25/06/07 16:25:17 INFO BlockManager: Using org.apache.spark.storage.RandomBlockReplicationPolicy for block replication policy
[2025-06-07T16:25:17.027+0000] {spark_submit.py:644} INFO - 25/06/07 16:25:17 INFO StandaloneAppClient$ClientEndpoint: Executor added: app-20250607162517-0000/0 on worker-20250607162203-172.19.0.7-36315 (172.19.0.7:36315) with 4 core(s)
[2025-06-07T16:25:17.029+0000] {spark_submit.py:644} INFO - 25/06/07 16:25:17 INFO StandaloneSchedulerBackend: Granted executor ID app-20250607162517-0000/0 on hostPort 172.19.0.7:36315 with 4 core(s), 2.0 GiB RAM
[2025-06-07T16:25:17.029+0000] {spark_submit.py:644} INFO - 25/06/07 16:25:17 INFO BlockManagerMaster: Registering BlockManager BlockManagerId(driver, ae00baecdfb8, 44395, None)
[2025-06-07T16:25:17.030+0000] {spark_submit.py:644} INFO - 25/06/07 16:25:17 INFO BlockManagerMasterEndpoint: Registering block manager ae00baecdfb8:44395 with 434.4 MiB RAM, BlockManagerId(driver, ae00baecdfb8, 44395, None)
[2025-06-07T16:25:17.031+0000] {spark_submit.py:644} INFO - 25/06/07 16:25:17 INFO BlockManagerMaster: Registered BlockManager BlockManagerId(driver, ae00baecdfb8, 44395, None)
[2025-06-07T16:25:17.033+0000] {spark_submit.py:644} INFO - 25/06/07 16:25:17 INFO BlockManager: Initialized BlockManager: BlockManagerId(driver, ae00baecdfb8, 44395, None)
[2025-06-07T16:25:17.101+0000] {spark_submit.py:644} INFO - 25/06/07 16:25:17 INFO StandaloneAppClient$ClientEndpoint: Executor updated: app-20250607162517-0000/0 is now RUNNING
[2025-06-07T16:25:17.167+0000] {spark_submit.py:644} INFO - 25/06/07 16:25:17 INFO StandaloneSchedulerBackend: SchedulerBackend is ready for scheduling beginning after reached minRegisteredResourcesRatio: 0.0
[2025-06-07T16:25:17.354+0000] {spark_submit.py:644} INFO - Bronze Ingestion: Spark session created.
[2025-06-07T16:25:17.358+0000] {spark_submit.py:644} INFO - 25/06/07 16:25:17 INFO SharedState: Setting hive.metastore.warehouse.dir ('null') to the value of spark.sql.warehouse.dir.
[2025-06-07T16:25:17.359+0000] {spark_submit.py:644} INFO - 25/06/07 16:25:17 INFO SharedState: Warehouse path is 'file:/tmp/spark-warehouse'.
[2025-06-07T16:25:17.964+0000] {spark_submit.py:644} INFO - 25/06/07 16:25:17 INFO InMemoryFileIndex: It took 26 ms to list leaf files for 1 paths.
[2025-06-07T16:25:18.325+0000] {spark_submit.py:644} INFO - 25/06/07 16:25:18 INFO StandaloneSchedulerBackend$StandaloneDriverEndpoint: Registered executor NettyRpcEndpointRef(spark-client://Executor) (172.19.0.7:46014) with ID 0,  ResourceProfileId 0
[2025-06-07T16:25:18.362+0000] {spark_submit.py:644} INFO - 25/06/07 16:25:18 INFO BlockManagerMasterEndpoint: Registering block manager 172.19.0.7:35579 with 1048.8 MiB RAM, BlockManagerId(0, 172.19.0.7, 35579, None)
[2025-06-07T16:25:18.429+0000] {spark_submit.py:644} INFO - Successfully loaded Stephen Curry stats from: /opt/***/data/Stephen Curry Stats.parquet
[2025-06-07T16:25:18.574+0000] {spark_submit.py:644} INFO - 25/06/07 16:25:18 WARN MetricsConfig: Cannot locate configuration: tried hadoop-metrics2-s3a-file-system.properties,hadoop-metrics2.properties
[2025-06-07T16:25:18.583+0000] {spark_submit.py:644} INFO - 25/06/07 16:25:18 INFO MetricsSystemImpl: Scheduled Metric snapshot period at 10 second(s).
[2025-06-07T16:25:18.583+0000] {spark_submit.py:644} INFO - 25/06/07 16:25:18 INFO MetricsSystemImpl: s3a-file-system metrics system started
[2025-06-07T16:25:19.578+0000] {spark_submit.py:644} INFO - 25/06/07 16:25:19 INFO FileSourceStrategy: Pushed Filters:
[2025-06-07T16:25:19.583+0000] {spark_submit.py:644} INFO - 25/06/07 16:25:19 INFO FileSourceStrategy: Post-Scan Filters:
[2025-06-07T16:25:19.651+0000] {spark_submit.py:644} INFO - 25/06/07 16:25:19 WARN SparkStringUtils: Truncated the string representation of a plan since it was too large. This behavior can be adjusted by setting 'spark.sql.debug.maxToStringFields'.
[2025-06-07T16:25:19.956+0000] {spark_submit.py:644} INFO - 25/06/07 16:25:19 INFO ParquetUtils: Using default output committer for Parquet: org.apache.parquet.hadoop.ParquetOutputCommitter
[2025-06-07T16:25:19.986+0000] {spark_submit.py:644} INFO - 25/06/07 16:25:19 INFO FileOutputCommitter: File Output Committer Algorithm version is 1
[2025-06-07T16:25:19.987+0000] {spark_submit.py:644} INFO - 25/06/07 16:25:19 INFO FileOutputCommitter: FileOutputCommitter skip cleanup _temporary folders under output directory:false, ignore cleanup failures: false
[2025-06-07T16:25:19.989+0000] {spark_submit.py:644} INFO - 25/06/07 16:25:19 INFO SQLHadoopMapReduceCommitProtocol: Using user defined output committer class org.apache.parquet.hadoop.ParquetOutputCommitter
[2025-06-07T16:25:19.990+0000] {spark_submit.py:644} INFO - 25/06/07 16:25:19 INFO FileOutputCommitter: File Output Committer Algorithm version is 1
[2025-06-07T16:25:19.990+0000] {spark_submit.py:644} INFO - 25/06/07 16:25:19 INFO FileOutputCommitter: FileOutputCommitter skip cleanup _temporary folders under output directory:false, ignore cleanup failures: false
[2025-06-07T16:25:19.991+0000] {spark_submit.py:644} INFO - 25/06/07 16:25:19 INFO SQLHadoopMapReduceCommitProtocol: Using output committer class org.apache.parquet.hadoop.ParquetOutputCommitter
[2025-06-07T16:25:20.404+0000] {spark_submit.py:644} INFO - 25/06/07 16:25:20 INFO CodeGenerator: Code generated in 244.5085 ms
[2025-06-07T16:25:20.436+0000] {spark_submit.py:644} INFO - 25/06/07 16:25:20 INFO MemoryStore: Block broadcast_0 stored as values in memory (estimated size 209.6 KiB, free 434.2 MiB)
[2025-06-07T16:25:20.464+0000] {spark_submit.py:644} INFO - 25/06/07 16:25:20 INFO MemoryStore: Block broadcast_0_piece0 stored as bytes in memory (estimated size 37.0 KiB, free 434.2 MiB)
[2025-06-07T16:25:20.466+0000] {spark_submit.py:644} INFO - 25/06/07 16:25:20 INFO BlockManagerInfo: Added broadcast_0_piece0 in memory on ae00baecdfb8:44395 (size: 37.0 KiB, free: 434.4 MiB)
[2025-06-07T16:25:20.474+0000] {spark_submit.py:644} INFO - 25/06/07 16:25:20 INFO SparkContext: Created broadcast 0 from save at NativeMethodAccessorImpl.java:0
[2025-06-07T16:25:20.488+0000] {spark_submit.py:644} INFO - 25/06/07 16:25:20 INFO FileSourceScanExec: Planning scan with bin packing, max size: 4194304 bytes, open cost is considered as scanning 4194304 bytes.
[2025-06-07T16:25:20.533+0000] {spark_submit.py:644} INFO - 25/06/07 16:25:20 INFO SparkContext: Starting job: save at NativeMethodAccessorImpl.java:0
[2025-06-07T16:25:20.539+0000] {spark_submit.py:644} INFO - 25/06/07 16:25:20 INFO DAGScheduler: Got job 0 (save at NativeMethodAccessorImpl.java:0) with 1 output partitions
[2025-06-07T16:25:20.539+0000] {spark_submit.py:644} INFO - 25/06/07 16:25:20 INFO DAGScheduler: Final stage: ResultStage 0 (save at NativeMethodAccessorImpl.java:0)
[2025-06-07T16:25:20.539+0000] {spark_submit.py:644} INFO - 25/06/07 16:25:20 INFO DAGScheduler: Parents of final stage: List()
[2025-06-07T16:25:20.539+0000] {spark_submit.py:644} INFO - 25/06/07 16:25:20 INFO DAGScheduler: Missing parents: List()
[2025-06-07T16:25:20.546+0000] {spark_submit.py:644} INFO - 25/06/07 16:25:20 INFO DAGScheduler: Submitting ResultStage 0 (MapPartitionsRDD[3] at save at NativeMethodAccessorImpl.java:0), which has no missing parents
[2025-06-07T16:25:20.602+0000] {spark_submit.py:644} INFO - 25/06/07 16:25:20 INFO MemoryStore: Block broadcast_1 stored as values in memory (estimated size 241.3 KiB, free 433.9 MiB)
[2025-06-07T16:25:20.607+0000] {spark_submit.py:644} INFO - 25/06/07 16:25:20 INFO MemoryStore: Block broadcast_1_piece0 stored as bytes in memory (estimated size 82.9 KiB, free 433.8 MiB)
[2025-06-07T16:25:20.608+0000] {spark_submit.py:644} INFO - 25/06/07 16:25:20 INFO BlockManagerInfo: Added broadcast_1_piece0 in memory on ae00baecdfb8:44395 (size: 82.9 KiB, free: 434.3 MiB)
[2025-06-07T16:25:20.608+0000] {spark_submit.py:644} INFO - 25/06/07 16:25:20 INFO SparkContext: Created broadcast 1 from broadcast at DAGScheduler.scala:1585
[2025-06-07T16:25:20.618+0000] {spark_submit.py:644} INFO - 25/06/07 16:25:20 INFO DAGScheduler: Submitting 1 missing tasks from ResultStage 0 (MapPartitionsRDD[3] at save at NativeMethodAccessorImpl.java:0) (first 15 tasks are for partitions Vector(0))
[2025-06-07T16:25:20.619+0000] {spark_submit.py:644} INFO - 25/06/07 16:25:20 INFO TaskSchedulerImpl: Adding task set 0.0 with 1 tasks resource profile 0
[2025-06-07T16:25:20.637+0000] {spark_submit.py:644} INFO - 25/06/07 16:25:20 INFO TaskSetManager: Starting task 0.0 in stage 0.0 (TID 0) (172.19.0.7, executor 0, partition 0, PROCESS_LOCAL, 10805 bytes)
[2025-06-07T16:25:20.785+0000] {spark_submit.py:644} INFO - 25/06/07 16:25:20 INFO BlockManagerInfo: Added broadcast_1_piece0 in memory on 172.19.0.7:35579 (size: 82.9 KiB, free: 1048.7 MiB)
[2025-06-07T16:25:22.073+0000] {spark_submit.py:644} INFO - 25/06/07 16:25:22 INFO BlockManagerInfo: Added broadcast_0_piece0 in memory on 172.19.0.7:35579 (size: 37.0 KiB, free: 1048.7 MiB)
[2025-06-07T16:25:22.528+0000] {spark_submit.py:644} INFO - 25/06/07 16:25:22 INFO TaskSetManager: Finished task 0.0 in stage 0.0 (TID 0) in 1898 ms on 172.19.0.7 (executor 0) (1/1)
[2025-06-07T16:25:22.529+0000] {spark_submit.py:644} INFO - 25/06/07 16:25:22 INFO TaskSchedulerImpl: Removed TaskSet 0.0, whose tasks have all completed, from pool
[2025-06-07T16:25:22.532+0000] {spark_submit.py:644} INFO - 25/06/07 16:25:22 INFO DAGScheduler: ResultStage 0 (save at NativeMethodAccessorImpl.java:0) finished in 1.978 s
[2025-06-07T16:25:22.533+0000] {spark_submit.py:644} INFO - 25/06/07 16:25:22 INFO DAGScheduler: Job 0 is finished. Cancelling potential speculative or zombie tasks for this job
[2025-06-07T16:25:22.533+0000] {spark_submit.py:644} INFO - 25/06/07 16:25:22 INFO TaskSchedulerImpl: Killing all running tasks in stage 0: Stage finished
[2025-06-07T16:25:22.534+0000] {spark_submit.py:644} INFO - 25/06/07 16:25:22 INFO DAGScheduler: Job 0 finished: save at NativeMethodAccessorImpl.java:0, took 2.001306 s
[2025-06-07T16:25:22.536+0000] {spark_submit.py:644} INFO - 25/06/07 16:25:22 INFO FileFormatWriter: Start to commit write Job 02685951-04ed-410f-a740-570fc2f34e57.
[2025-06-07T16:25:22.656+0000] {spark_submit.py:644} INFO - 25/06/07 16:25:22 INFO FileFormatWriter: Write Job 02685951-04ed-410f-a740-570fc2f34e57 committed. Elapsed time: 120 ms.
[2025-06-07T16:25:22.658+0000] {spark_submit.py:644} INFO - 25/06/07 16:25:22 INFO FileFormatWriter: Finished processing stats for write job 02685951-04ed-410f-a740-570fc2f34e57.
[2025-06-07T16:25:22.660+0000] {spark_submit.py:644} INFO - Successfully wrote data to: s3a://mybucket/sc_stats_db/bronze/raw_data
[2025-06-07T16:25:22.660+0000] {spark_submit.py:644} INFO - Bronze ingestion job completed successfully.
[2025-06-07T16:25:22.660+0000] {spark_submit.py:644} INFO - 25/06/07 16:25:22 INFO SparkContext: SparkContext is stopping with exitCode 0.
[2025-06-07T16:25:22.666+0000] {spark_submit.py:644} INFO - 25/06/07 16:25:22 INFO SparkUI: Stopped Spark web UI at http://ae00baecdfb8:4040
[2025-06-07T16:25:22.668+0000] {spark_submit.py:644} INFO - 25/06/07 16:25:22 INFO StandaloneSchedulerBackend: Shutting down all executors
[2025-06-07T16:25:22.668+0000] {spark_submit.py:644} INFO - 25/06/07 16:25:22 INFO StandaloneSchedulerBackend$StandaloneDriverEndpoint: Asking each executor to shut down
[2025-06-07T16:25:22.680+0000] {spark_submit.py:644} INFO - 25/06/07 16:25:22 INFO MapOutputTrackerMasterEndpoint: MapOutputTrackerMasterEndpoint stopped!
[2025-06-07T16:25:22.691+0000] {spark_submit.py:644} INFO - 25/06/07 16:25:22 INFO MemoryStore: MemoryStore cleared
[2025-06-07T16:25:22.695+0000] {spark_submit.py:644} INFO - 25/06/07 16:25:22 INFO BlockManager: BlockManager stopped
[2025-06-07T16:25:22.701+0000] {spark_submit.py:644} INFO - 25/06/07 16:25:22 INFO BlockManagerMaster: BlockManagerMaster stopped
[2025-06-07T16:25:22.703+0000] {spark_submit.py:644} INFO - 25/06/07 16:25:22 INFO OutputCommitCoordinator$OutputCommitCoordinatorEndpoint: OutputCommitCoordinator stopped!
[2025-06-07T16:25:22.728+0000] {spark_submit.py:644} INFO - 25/06/07 16:25:22 INFO SparkContext: Successfully stopped SparkContext
[2025-06-07T16:25:23.242+0000] {spark_submit.py:644} INFO - 25/06/07 16:25:23 INFO ShutdownHookManager: Shutdown hook called
[2025-06-07T16:25:23.242+0000] {spark_submit.py:644} INFO - 25/06/07 16:25:23 INFO ShutdownHookManager: Deleting directory /tmp/spark-40f39411-cbbb-493e-a993-e6dc25c5c5f5
[2025-06-07T16:25:23.244+0000] {spark_submit.py:644} INFO - 25/06/07 16:25:23 INFO ShutdownHookManager: Deleting directory /tmp/spark-18171717-e350-4f15-87fa-e1aa9f1ebaee
[2025-06-07T16:25:23.246+0000] {spark_submit.py:644} INFO - 25/06/07 16:25:23 INFO ShutdownHookManager: Deleting directory /tmp/spark-40f39411-cbbb-493e-a993-e6dc25c5c5f5/pyspark-578fde9d-4b44-4fb3-929c-27f2f74da658
[2025-06-07T16:25:23.249+0000] {spark_submit.py:644} INFO - 25/06/07 16:25:23 INFO MetricsSystemImpl: Stopping s3a-file-system metrics system...
[2025-06-07T16:25:23.250+0000] {spark_submit.py:644} INFO - 25/06/07 16:25:23 INFO MetricsSystemImpl: s3a-file-system metrics system stopped.
[2025-06-07T16:25:23.250+0000] {spark_submit.py:644} INFO - 25/06/07 16:25:23 INFO MetricsSystemImpl: s3a-file-system metrics system shutdown complete.
[2025-06-07T16:25:23.280+0000] {taskinstance.py:340} INFO - ::group::Post task execution logs
[2025-06-07T16:25:23.281+0000] {taskinstance.py:352} INFO - Marking task as SUCCESS. dag_id=stephen_curry_stats_medallion_etl, task_id=bronze_ingestion, run_id=manual__2025-06-07T16:24:20.918775+00:00, execution_date=20250607T162420, start_date=20250607T162421, end_date=20250607T162523
[2025-06-07T16:25:23.323+0000] {local_task_job_runner.py:266} INFO - Task exited with return code 0
[2025-06-07T16:25:23.340+0000] {taskinstance.py:3895} INFO - 1 downstream tasks scheduled from follow-on schedule check
[2025-06-07T16:25:23.340+0000] {local_task_job_runner.py:245} INFO - ::endgroup::
