[2025-06-07T14:16:23.251+0000] {local_task_job_runner.py:123} INFO - ::group::Pre task execution logs
[2025-06-07T14:16:23.265+0000] {taskinstance.py:2613} INFO - Dependencies all met for dep_context=non-requeueable deps ti=<TaskInstance: stephen_curry_stats_medallion_etl.silver_to_gold manual__2025-06-07T14:16:22.737892+00:00 [queued]>
[2025-06-07T14:16:23.270+0000] {taskinstance.py:2613} INFO - Dependencies all met for dep_context=requeueable deps ti=<TaskInstance: stephen_curry_stats_medallion_etl.silver_to_gold manual__2025-06-07T14:16:22.737892+00:00 [queued]>
[2025-06-07T14:16:23.270+0000] {taskinstance.py:2866} INFO - Starting attempt 1 of 1
[2025-06-07T14:16:23.277+0000] {taskinstance.py:2889} INFO - Executing <Task(SparkSubmitOperator): silver_to_gold> on 2025-06-07 14:16:22.737892+00:00
[2025-06-07T14:16:23.282+0000] {standard_task_runner.py:72} INFO - Started process 3481 to run task
[2025-06-07T14:16:23.287+0000] {standard_task_runner.py:104} INFO - Running: ['***', 'tasks', 'run', 'stephen_curry_stats_medallion_etl', 'silver_to_gold', 'manual__2025-06-07T14:16:22.737892+00:00', '--job-id', '90', '--raw', '--subdir', 'DAGS_FOLDER/medallion_sales_etl_dag.py', '--cfg-path', '/tmp/tmpz57zr2pp']
[2025-06-07T14:16:23.289+0000] {standard_task_runner.py:105} INFO - Job 90: Subtask silver_to_gold
[2025-06-07T14:16:23.324+0000] {task_command.py:467} INFO - Running <TaskInstance: stephen_curry_stats_medallion_etl.silver_to_gold manual__2025-06-07T14:16:22.737892+00:00 [running]> on host 5ebb95484de3
[2025-06-07T14:16:23.374+0000] {taskinstance.py:3132} INFO - Exporting env vars: AIRFLOW_CTX_DAG_OWNER='***' AIRFLOW_CTX_DAG_ID='stephen_curry_stats_medallion_etl' AIRFLOW_CTX_TASK_ID='silver_to_gold' AIRFLOW_CTX_EXECUTION_DATE='2025-06-07T14:16:22.737892+00:00' AIRFLOW_CTX_TRY_NUMBER='1' AIRFLOW_CTX_DAG_RUN_ID='manual__2025-06-07T14:16:22.737892+00:00'
[2025-06-07T14:16:23.374+0000] {taskinstance.py:731} INFO - ::endgroup::
[2025-06-07T14:16:23.392+0000] {base.py:84} INFO - Retrieving connection 'spark_default'
[2025-06-07T14:16:23.393+0000] {spark_submit.py:474} INFO - Spark-Submit cmd: spark-submit --master spark://spark-master:7077 --conf spark.executor.memory=2g --conf spark.sql.extensions=io.delta.sql.DeltaSparkSessionExtension --conf spark.sql.catalog.spark_catalog=org.apache.spark.sql.delta.catalog.DeltaCatalog --conf spark.hadoop.fs.s3a.endpoint=http://minio:9000 --conf spark.hadoop.fs.s3a.access.key=None --conf spark.hadoop.fs.s3a.secret.key=****** --conf spark.hadoop.fs.s3a.path.style.access=true --conf spark.hadoop.fs.s3a.impl=org.apache.hadoop.fs.s3a.S3AFileSystem --conf spark.hadoop.fs.s3a.aws.credentials.provider=org.apache.hadoop.fs.s3a.SimpleAWSCredentialsProvider --packages org.apache.hadoop:hadoop-aws:3.3.4,com.amazonaws:aws-java-sdk-bundle:1.12.262,io.delta:delta-spark_2.12:3.1.0 --name arrow-spark --queue root.default --deploy-mode client dags/silver_to_gold_sc_summary_etl.py
[2025-06-07T14:16:24.206+0000] {spark_submit.py:644} INFO - :: loading settings :: url = jar:file:/home/***/.local/lib/python3.11/site-packages/pyspark/jars/ivy-2.5.1.jar!/org/apache/ivy/core/settings/ivysettings.xml
[2025-06-07T14:16:24.259+0000] {spark_submit.py:644} INFO - Ivy Default Cache set to: /home/***/.ivy2/cache
[2025-06-07T14:16:24.263+0000] {spark_submit.py:644} INFO - The jars for the packages stored in: /home/***/.ivy2/jars
[2025-06-07T14:16:24.263+0000] {spark_submit.py:644} INFO - org.apache.hadoop#hadoop-aws added as a dependency
[2025-06-07T14:16:24.264+0000] {spark_submit.py:644} INFO - com.amazonaws#aws-java-sdk-bundle added as a dependency
[2025-06-07T14:16:24.264+0000] {spark_submit.py:644} INFO - io.delta#delta-spark_2.12 added as a dependency
[2025-06-07T14:16:24.264+0000] {spark_submit.py:644} INFO - :: resolving dependencies :: org.apache.spark#spark-submit-parent-d25690a2-fdb9-486e-bc3e-54a49c9228f9;1.0
[2025-06-07T14:16:24.264+0000] {spark_submit.py:644} INFO - confs: [default]
[2025-06-07T14:16:24.377+0000] {spark_submit.py:644} INFO - found org.apache.hadoop#hadoop-aws;3.3.4 in central
[2025-06-07T14:16:24.400+0000] {spark_submit.py:644} INFO - found com.amazonaws#aws-java-sdk-bundle;1.12.262 in central
[2025-06-07T14:16:24.414+0000] {spark_submit.py:644} INFO - found org.wildfly.openssl#wildfly-openssl;1.0.7.Final in central
[2025-06-07T14:16:24.424+0000] {spark_submit.py:644} INFO - found io.delta#delta-spark_2.12;3.1.0 in central
[2025-06-07T14:16:24.436+0000] {spark_submit.py:644} INFO - found io.delta#delta-storage;3.1.0 in central
[2025-06-07T14:16:24.446+0000] {spark_submit.py:644} INFO - found org.antlr#antlr4-runtime;4.9.3 in central
[2025-06-07T14:16:24.462+0000] {spark_submit.py:644} INFO - :: resolution report :: resolve 191ms :: artifacts dl 7ms
[2025-06-07T14:16:24.464+0000] {spark_submit.py:644} INFO - :: modules in use:
[2025-06-07T14:16:24.465+0000] {spark_submit.py:644} INFO - com.amazonaws#aws-java-sdk-bundle;1.12.262 from central in [default]
[2025-06-07T14:16:24.465+0000] {spark_submit.py:644} INFO - io.delta#delta-spark_2.12;3.1.0 from central in [default]
[2025-06-07T14:16:24.465+0000] {spark_submit.py:644} INFO - io.delta#delta-storage;3.1.0 from central in [default]
[2025-06-07T14:16:24.466+0000] {spark_submit.py:644} INFO - org.antlr#antlr4-runtime;4.9.3 from central in [default]
[2025-06-07T14:16:24.466+0000] {spark_submit.py:644} INFO - org.apache.hadoop#hadoop-aws;3.3.4 from central in [default]
[2025-06-07T14:16:24.466+0000] {spark_submit.py:644} INFO - org.wildfly.openssl#wildfly-openssl;1.0.7.Final from central in [default]
[2025-06-07T14:16:24.466+0000] {spark_submit.py:644} INFO - ---------------------------------------------------------------------
[2025-06-07T14:16:24.466+0000] {spark_submit.py:644} INFO - |                  |            modules            ||   artifacts   |
[2025-06-07T14:16:24.466+0000] {spark_submit.py:644} INFO - |       conf       | number| search|dwnlded|evicted|| number|dwnlded|
[2025-06-07T14:16:24.466+0000] {spark_submit.py:644} INFO - ---------------------------------------------------------------------
[2025-06-07T14:16:24.467+0000] {spark_submit.py:644} INFO - |      default     |   6   |   0   |   0   |   0   ||   6   |   0   |
[2025-06-07T14:16:24.467+0000] {spark_submit.py:644} INFO - ---------------------------------------------------------------------
[2025-06-07T14:16:24.467+0000] {spark_submit.py:644} INFO - :: retrieving :: org.apache.spark#spark-submit-parent-d25690a2-fdb9-486e-bc3e-54a49c9228f9
[2025-06-07T14:16:24.467+0000] {spark_submit.py:644} INFO - confs: [default]
[2025-06-07T14:16:24.468+0000] {spark_submit.py:644} INFO - 0 artifacts copied, 6 already retrieved (0kB/4ms)
[2025-06-07T14:16:24.579+0000] {spark_submit.py:644} INFO - 25/06/07 14:16:24 WARN NativeCodeLoader: Unable to load native-hadoop library for your platform... using builtin-java classes where applicable
[2025-06-07T14:16:25.362+0000] {spark_submit.py:644} INFO - 25/06/07 14:16:25 INFO SparkContext: Running Spark version 3.5.2
[2025-06-07T14:16:25.364+0000] {spark_submit.py:644} INFO - 25/06/07 14:16:25 INFO SparkContext: OS info Linux, 6.10.14-linuxkit, aarch64
[2025-06-07T14:16:25.365+0000] {spark_submit.py:644} INFO - 25/06/07 14:16:25 INFO SparkContext: Java version 17.0.15
[2025-06-07T14:16:25.378+0000] {spark_submit.py:644} INFO - 25/06/07 14:16:25 INFO ResourceUtils: ==============================================================
[2025-06-07T14:16:25.379+0000] {spark_submit.py:644} INFO - 25/06/07 14:16:25 INFO ResourceUtils: No custom resources configured for spark.driver.
[2025-06-07T14:16:25.381+0000] {spark_submit.py:644} INFO - 25/06/07 14:16:25 INFO ResourceUtils: ==============================================================
[2025-06-07T14:16:25.382+0000] {spark_submit.py:644} INFO - 25/06/07 14:16:25 INFO SparkContext: Submitted application: SilverToGoldStephenCurryStats
[2025-06-07T14:16:25.406+0000] {spark_submit.py:644} INFO - 25/06/07 14:16:25 INFO ResourceProfile: Default ResourceProfile created, executor resources: Map(memory -> name: memory, amount: 2048, script: , vendor: , offHeap -> name: offHeap, amount: 0, script: , vendor: ), task resources: Map(cpus -> name: cpus, amount: 1.0)
[2025-06-07T14:16:25.422+0000] {spark_submit.py:644} INFO - 25/06/07 14:16:25 INFO ResourceProfile: Limiting resource is cpu
[2025-06-07T14:16:25.423+0000] {spark_submit.py:644} INFO - 25/06/07 14:16:25 INFO ResourceProfileManager: Added ResourceProfile id: 0
[2025-06-07T14:16:25.465+0000] {spark_submit.py:644} INFO - 25/06/07 14:16:25 INFO SecurityManager: Changing view acls to: ***
[2025-06-07T14:16:25.466+0000] {spark_submit.py:644} INFO - 25/06/07 14:16:25 INFO SecurityManager: Changing modify acls to: ***
[2025-06-07T14:16:25.466+0000] {spark_submit.py:644} INFO - 25/06/07 14:16:25 INFO SecurityManager: Changing view acls groups to:
[2025-06-07T14:16:25.466+0000] {spark_submit.py:644} INFO - 25/06/07 14:16:25 INFO SecurityManager: Changing modify acls groups to:
[2025-06-07T14:16:25.466+0000] {spark_submit.py:644} INFO - 25/06/07 14:16:25 INFO SecurityManager: SecurityManager: authentication disabled; ui acls disabled; users with view permissions: ***; groups with view permissions: EMPTY; users with modify permissions: ***; groups with modify permissions: EMPTY
[2025-06-07T14:16:25.597+0000] {spark_submit.py:644} INFO - 25/06/07 14:16:25 INFO Utils: Successfully started service 'sparkDriver' on port 45775.
[2025-06-07T14:16:25.619+0000] {spark_submit.py:644} INFO - 25/06/07 14:16:25 INFO SparkEnv: Registering MapOutputTracker
[2025-06-07T14:16:25.648+0000] {spark_submit.py:644} INFO - 25/06/07 14:16:25 INFO SparkEnv: Registering BlockManagerMaster
[2025-06-07T14:16:25.658+0000] {spark_submit.py:644} INFO - 25/06/07 14:16:25 INFO BlockManagerMasterEndpoint: Using org.apache.spark.storage.DefaultTopologyMapper for getting topology information
[2025-06-07T14:16:25.659+0000] {spark_submit.py:644} INFO - 25/06/07 14:16:25 INFO BlockManagerMasterEndpoint: BlockManagerMasterEndpoint up
[2025-06-07T14:16:25.661+0000] {spark_submit.py:644} INFO - 25/06/07 14:16:25 INFO SparkEnv: Registering BlockManagerMasterHeartbeat
[2025-06-07T14:16:25.685+0000] {spark_submit.py:644} INFO - 25/06/07 14:16:25 INFO DiskBlockManager: Created local directory at /tmp/blockmgr-e160b2cd-00f3-4a7b-aa5a-5ebdabffd490
[2025-06-07T14:16:25.694+0000] {spark_submit.py:644} INFO - 25/06/07 14:16:25 INFO MemoryStore: MemoryStore started with capacity 434.4 MiB
[2025-06-07T14:16:25.704+0000] {spark_submit.py:644} INFO - 25/06/07 14:16:25 INFO SparkEnv: Registering OutputCommitCoordinator
[2025-06-07T14:16:25.786+0000] {spark_submit.py:644} INFO - 25/06/07 14:16:25 INFO JettyUtils: Start Jetty 0.0.0.0:4040 for SparkUI
[2025-06-07T14:16:25.824+0000] {spark_submit.py:644} INFO - 25/06/07 14:16:25 WARN Utils: Service 'SparkUI' could not bind on port 4040. Attempting port 4041.
[2025-06-07T14:16:25.831+0000] {spark_submit.py:644} INFO - 25/06/07 14:16:25 INFO Utils: Successfully started service 'SparkUI' on port 4041.
[2025-06-07T14:16:25.865+0000] {spark_submit.py:644} INFO - 25/06/07 14:16:25 INFO SparkContext: Added JAR file:///home/***/.ivy2/jars/org.apache.hadoop_hadoop-aws-3.3.4.jar at spark://5ebb95484de3:45775/jars/org.apache.hadoop_hadoop-aws-3.3.4.jar with timestamp 1749305785356
[2025-06-07T14:16:25.865+0000] {spark_submit.py:644} INFO - 25/06/07 14:16:25 INFO SparkContext: Added JAR file:///home/***/.ivy2/jars/com.amazonaws_aws-java-sdk-bundle-1.12.262.jar at spark://5ebb95484de3:45775/jars/com.amazonaws_aws-java-sdk-bundle-1.12.262.jar with timestamp 1749305785356
[2025-06-07T14:16:25.866+0000] {spark_submit.py:644} INFO - 25/06/07 14:16:25 INFO SparkContext: Added JAR file:///home/***/.ivy2/jars/io.delta_delta-spark_2.12-3.1.0.jar at spark://5ebb95484de3:45775/jars/io.delta_delta-spark_2.12-3.1.0.jar with timestamp 1749305785356
[2025-06-07T14:16:25.866+0000] {spark_submit.py:644} INFO - 25/06/07 14:16:25 INFO SparkContext: Added JAR file:///home/***/.ivy2/jars/org.wildfly.openssl_wildfly-openssl-1.0.7.Final.jar at spark://5ebb95484de3:45775/jars/org.wildfly.openssl_wildfly-openssl-1.0.7.Final.jar with timestamp 1749305785356
[2025-06-07T14:16:25.866+0000] {spark_submit.py:644} INFO - 25/06/07 14:16:25 INFO SparkContext: Added JAR file:///home/***/.ivy2/jars/io.delta_delta-storage-3.1.0.jar at spark://5ebb95484de3:45775/jars/io.delta_delta-storage-3.1.0.jar with timestamp 1749305785356
[2025-06-07T14:16:25.866+0000] {spark_submit.py:644} INFO - 25/06/07 14:16:25 INFO SparkContext: Added JAR file:///home/***/.ivy2/jars/org.antlr_antlr4-runtime-4.9.3.jar at spark://5ebb95484de3:45775/jars/org.antlr_antlr4-runtime-4.9.3.jar with timestamp 1749305785356
[2025-06-07T14:16:25.867+0000] {spark_submit.py:644} INFO - 25/06/07 14:16:25 INFO SparkContext: Added file file:///home/***/.ivy2/jars/org.apache.hadoop_hadoop-aws-3.3.4.jar at spark://5ebb95484de3:45775/files/org.apache.hadoop_hadoop-aws-3.3.4.jar with timestamp 1749305785356
[2025-06-07T14:16:25.868+0000] {spark_submit.py:644} INFO - 25/06/07 14:16:25 INFO Utils: Copying /home/***/.ivy2/jars/org.apache.hadoop_hadoop-aws-3.3.4.jar to /tmp/spark-419e76eb-4f14-4fc2-8674-8300aee90290/userFiles-191893e2-834f-40d9-b3f6-479c3448fb05/org.apache.hadoop_hadoop-aws-3.3.4.jar
[2025-06-07T14:16:25.875+0000] {spark_submit.py:644} INFO - 25/06/07 14:16:25 INFO SparkContext: Added file file:///home/***/.ivy2/jars/com.amazonaws_aws-java-sdk-bundle-1.12.262.jar at spark://5ebb95484de3:45775/files/com.amazonaws_aws-java-sdk-bundle-1.12.262.jar with timestamp 1749305785356
[2025-06-07T14:16:25.878+0000] {spark_submit.py:644} INFO - 25/06/07 14:16:25 INFO Utils: Copying /home/***/.ivy2/jars/com.amazonaws_aws-java-sdk-bundle-1.12.262.jar to /tmp/spark-419e76eb-4f14-4fc2-8674-8300aee90290/userFiles-191893e2-834f-40d9-b3f6-479c3448fb05/com.amazonaws_aws-java-sdk-bundle-1.12.262.jar
[2025-06-07T14:16:26.030+0000] {spark_submit.py:644} INFO - 25/06/07 14:16:26 INFO SparkContext: Added file file:///home/***/.ivy2/jars/io.delta_delta-spark_2.12-3.1.0.jar at spark://5ebb95484de3:45775/files/io.delta_delta-spark_2.12-3.1.0.jar with timestamp 1749305785356
[2025-06-07T14:16:26.031+0000] {spark_submit.py:644} INFO - 25/06/07 14:16:26 INFO Utils: Copying /home/***/.ivy2/jars/io.delta_delta-spark_2.12-3.1.0.jar to /tmp/spark-419e76eb-4f14-4fc2-8674-8300aee90290/userFiles-191893e2-834f-40d9-b3f6-479c3448fb05/io.delta_delta-spark_2.12-3.1.0.jar
[2025-06-07T14:16:26.040+0000] {spark_submit.py:644} INFO - 25/06/07 14:16:26 INFO SparkContext: Added file file:///home/***/.ivy2/jars/org.wildfly.openssl_wildfly-openssl-1.0.7.Final.jar at spark://5ebb95484de3:45775/files/org.wildfly.openssl_wildfly-openssl-1.0.7.Final.jar with timestamp 1749305785356
[2025-06-07T14:16:26.041+0000] {spark_submit.py:644} INFO - 25/06/07 14:16:26 INFO Utils: Copying /home/***/.ivy2/jars/org.wildfly.openssl_wildfly-openssl-1.0.7.Final.jar to /tmp/spark-419e76eb-4f14-4fc2-8674-8300aee90290/userFiles-191893e2-834f-40d9-b3f6-479c3448fb05/org.wildfly.openssl_wildfly-openssl-1.0.7.Final.jar
[2025-06-07T14:16:26.044+0000] {spark_submit.py:644} INFO - 25/06/07 14:16:26 INFO SparkContext: Added file file:///home/***/.ivy2/jars/io.delta_delta-storage-3.1.0.jar at spark://5ebb95484de3:45775/files/io.delta_delta-storage-3.1.0.jar with timestamp 1749305785356
[2025-06-07T14:16:26.045+0000] {spark_submit.py:644} INFO - 25/06/07 14:16:26 INFO Utils: Copying /home/***/.ivy2/jars/io.delta_delta-storage-3.1.0.jar to /tmp/spark-419e76eb-4f14-4fc2-8674-8300aee90290/userFiles-191893e2-834f-40d9-b3f6-479c3448fb05/io.delta_delta-storage-3.1.0.jar
[2025-06-07T14:16:26.047+0000] {spark_submit.py:644} INFO - 25/06/07 14:16:26 INFO SparkContext: Added file file:///home/***/.ivy2/jars/org.antlr_antlr4-runtime-4.9.3.jar at spark://5ebb95484de3:45775/files/org.antlr_antlr4-runtime-4.9.3.jar with timestamp 1749305785356
[2025-06-07T14:16:26.048+0000] {spark_submit.py:644} INFO - 25/06/07 14:16:26 INFO Utils: Copying /home/***/.ivy2/jars/org.antlr_antlr4-runtime-4.9.3.jar to /tmp/spark-419e76eb-4f14-4fc2-8674-8300aee90290/userFiles-191893e2-834f-40d9-b3f6-479c3448fb05/org.antlr_antlr4-runtime-4.9.3.jar
[2025-06-07T14:16:26.099+0000] {spark_submit.py:644} INFO - 25/06/07 14:16:26 INFO StandaloneAppClient$ClientEndpoint: Connecting to master spark://spark-master:7077...
[2025-06-07T14:16:26.124+0000] {spark_submit.py:644} INFO - 25/06/07 14:16:26 INFO TransportClientFactory: Successfully created connection to spark-master/172.19.0.6:7077 after 17 ms (0 ms spent in bootstraps)
[2025-06-07T14:16:26.186+0000] {spark_submit.py:644} INFO - 25/06/07 14:16:26 INFO StandaloneSchedulerBackend: Connected to Spark cluster with app ID app-20250607141626-0011
[2025-06-07T14:16:26.192+0000] {spark_submit.py:644} INFO - 25/06/07 14:16:26 INFO Utils: Successfully started service 'org.apache.spark.network.netty.NettyBlockTransferService' on port 36079.
[2025-06-07T14:16:26.192+0000] {spark_submit.py:644} INFO - 25/06/07 14:16:26 INFO NettyBlockTransferService: Server created on 5ebb95484de3:36079
[2025-06-07T14:16:26.193+0000] {spark_submit.py:644} INFO - 25/06/07 14:16:26 INFO BlockManager: Using org.apache.spark.storage.RandomBlockReplicationPolicy for block replication policy
[2025-06-07T14:16:26.197+0000] {spark_submit.py:644} INFO - 25/06/07 14:16:26 INFO BlockManagerMaster: Registering BlockManager BlockManagerId(driver, 5ebb95484de3, 36079, None)
[2025-06-07T14:16:26.199+0000] {spark_submit.py:644} INFO - 25/06/07 14:16:26 INFO BlockManagerMasterEndpoint: Registering block manager 5ebb95484de3:36079 with 434.4 MiB RAM, BlockManagerId(driver, 5ebb95484de3, 36079, None)
[2025-06-07T14:16:26.200+0000] {spark_submit.py:644} INFO - 25/06/07 14:16:26 INFO BlockManagerMaster: Registered BlockManager BlockManagerId(driver, 5ebb95484de3, 36079, None)
[2025-06-07T14:16:26.201+0000] {spark_submit.py:644} INFO - 25/06/07 14:16:26 INFO BlockManager: Initialized BlockManager: BlockManagerId(driver, 5ebb95484de3, 36079, None)
[2025-06-07T14:16:26.400+0000] {spark_submit.py:644} INFO - 25/06/07 14:16:26 INFO StandaloneSchedulerBackend: SchedulerBackend is ready for scheduling beginning after reached minRegisteredResourcesRatio: 0.0
[2025-06-07T14:16:26.548+0000] {spark_submit.py:644} INFO - Silver to Gold: Spark session created.
[2025-06-07T14:16:26.551+0000] {spark_submit.py:644} INFO - 25/06/07 14:16:26 INFO SharedState: Setting hive.metastore.warehouse.dir ('null') to the value of spark.sql.warehouse.dir.
[2025-06-07T14:16:26.631+0000] {spark_submit.py:644} INFO - 25/06/07 14:16:26 WARN MetricsConfig: Cannot locate configuration: tried hadoop-metrics2-s3a-file-system.properties,hadoop-metrics2.properties
[2025-06-07T14:16:26.639+0000] {spark_submit.py:644} INFO - 25/06/07 14:16:26 INFO MetricsSystemImpl: Scheduled Metric snapshot period at 10 second(s).
[2025-06-07T14:16:26.641+0000] {spark_submit.py:644} INFO - 25/06/07 14:16:26 INFO MetricsSystemImpl: s3a-file-system metrics system started
[2025-06-07T14:16:27.122+0000] {spark_submit.py:644} INFO - 25/06/07 14:16:27 INFO SharedState: Warehouse path is 's3a://mybucket'.
[2025-06-07T14:16:27.989+0000] {spark_submit.py:644} INFO - 25/06/07 14:16:27 INFO HiveConf: Found configuration file null
[2025-06-07T14:16:27.997+0000] {spark_submit.py:644} INFO - 25/06/07 14:16:27 INFO HiveUtils: Initializing HiveMetastoreConnection version 2.3.9 using Spark classes.
[2025-06-07T14:16:28.139+0000] {spark_submit.py:644} INFO - 25/06/07 14:16:28 INFO HiveClientImpl: Warehouse location for Hive client (version 2.3.9) is s3a://mybucket
[2025-06-07T14:16:28.159+0000] {spark_submit.py:644} INFO - 25/06/07 14:16:28 INFO metastore: Trying to connect to metastore with URI thrift://hive-metastore:9083
[2025-06-07T14:16:28.172+0000] {spark_submit.py:644} INFO - 25/06/07 14:16:28 INFO metastore: Opened a connection to metastore, current connections: 1
[2025-06-07T14:16:28.185+0000] {spark_submit.py:644} INFO - 25/06/07 14:16:28 INFO metastore: Connected to metastore.
[2025-06-07T14:16:28.572+0000] {spark_submit.py:644} INFO - 25/06/07 14:16:28 INFO StandaloneAppClient$ClientEndpoint: Executor added: app-20250607141626-0011/0 on worker-20250607120528-172.19.0.7-44613 (172.19.0.7:44613) with 4 core(s)
[2025-06-07T14:16:28.576+0000] {spark_submit.py:644} INFO - 25/06/07 14:16:28 INFO StandaloneSchedulerBackend: Granted executor ID app-20250607141626-0011/0 on hostPort 172.19.0.7:44613 with 4 core(s), 2.0 GiB RAM
[2025-06-07T14:16:28.601+0000] {spark_submit.py:644} INFO - 25/06/07 14:16:28 INFO StandaloneAppClient$ClientEndpoint: Executor updated: app-20250607141626-0011/0 is now RUNNING
[2025-06-07T14:16:28.665+0000] {spark_submit.py:644} INFO - Error in silver to gold transformation: [TABLE_OR_VIEW_NOT_FOUND] The table or view `sc_stats_db`.`silver_sc_stats` cannot be found. Verify the spelling and correctness of the schema and catalog.
[2025-06-07T14:16:28.666+0000] {spark_submit.py:644} INFO - If you did not qualify the name with a schema, verify the current_schema() output, or qualify the name with the correct schema and catalog.
[2025-06-07T14:16:28.667+0000] {spark_submit.py:644} INFO - To tolerate the error on drop use DROP VIEW IF EXISTS or DROP TABLE IF EXISTS.;
[2025-06-07T14:16:28.668+0000] {spark_submit.py:644} INFO - 'UnresolvedRelation [sc_stats_db, silver_sc_stats], [], false
[2025-06-07T14:16:28.668+0000] {spark_submit.py:644} INFO - 
[2025-06-07T14:16:28.669+0000] {spark_submit.py:644} INFO - 25/06/07 14:16:28 INFO SparkContext: SparkContext is stopping with exitCode 0.
[2025-06-07T14:16:28.674+0000] {spark_submit.py:644} INFO - 25/06/07 14:16:28 INFO SparkUI: Stopped Spark web UI at http://5ebb95484de3:4041
[2025-06-07T14:16:28.679+0000] {spark_submit.py:644} INFO - 25/06/07 14:16:28 INFO StandaloneSchedulerBackend: Shutting down all executors
[2025-06-07T14:16:28.682+0000] {spark_submit.py:644} INFO - 25/06/07 14:16:28 INFO StandaloneSchedulerBackend$StandaloneDriverEndpoint: Asking each executor to shut down
[2025-06-07T14:16:28.709+0000] {spark_submit.py:644} INFO - 25/06/07 14:16:28 INFO MapOutputTrackerMasterEndpoint: MapOutputTrackerMasterEndpoint stopped!
[2025-06-07T14:16:28.719+0000] {spark_submit.py:644} INFO - 25/06/07 14:16:28 INFO MemoryStore: MemoryStore cleared
[2025-06-07T14:16:28.721+0000] {spark_submit.py:644} INFO - 25/06/07 14:16:28 INFO BlockManager: BlockManager stopped
[2025-06-07T14:16:28.724+0000] {spark_submit.py:644} INFO - 25/06/07 14:16:28 INFO BlockManagerMaster: BlockManagerMaster stopped
[2025-06-07T14:16:28.726+0000] {spark_submit.py:644} INFO - 25/06/07 14:16:28 INFO OutputCommitCoordinator$OutputCommitCoordinatorEndpoint: OutputCommitCoordinator stopped!
[2025-06-07T14:16:28.756+0000] {spark_submit.py:644} INFO - 25/06/07 14:16:28 INFO SparkContext: Successfully stopped SparkContext
[2025-06-07T14:16:28.918+0000] {spark_submit.py:644} INFO - Traceback (most recent call last):
[2025-06-07T14:16:28.919+0000] {spark_submit.py:644} INFO - File "/opt/***/dags/silver_to_gold_sc_summary_etl.py", line 81, in <module>
[2025-06-07T14:16:28.920+0000] {spark_submit.py:644} INFO - main()
[2025-06-07T14:16:28.920+0000] {spark_submit.py:644} INFO - ^^^^^^
[2025-06-07T14:16:28.921+0000] {spark_submit.py:644} INFO - File "/opt/***/dags/silver_to_gold_sc_summary_etl.py", line 23, in main
[2025-06-07T14:16:28.921+0000] {spark_submit.py:644} INFO - silver_df = spark.table("sc_stats_db.silver_sc_stats")
[2025-06-07T14:16:28.921+0000] {spark_submit.py:644} INFO - ^^^^^^^^^^^^^^^^^^^^^^^^^^^^^^^^^^^^^^^^^^
[2025-06-07T14:16:28.921+0000] {spark_submit.py:644} INFO - File "/home/***/.local/lib/python3.11/site-packages/pyspark/python/lib/pyspark.zip/pyspark/sql/session.py", line 1667, in table
[2025-06-07T14:16:28.922+0000] {spark_submit.py:644} INFO - File "/home/***/.local/lib/python3.11/site-packages/pyspark/python/lib/py4j-0.10.9.7-src.zip/py4j/java_gateway.py", line 1322, in __call__
[2025-06-07T14:16:28.923+0000] {spark_submit.py:644} INFO - File "/home/***/.local/lib/python3.11/site-packages/pyspark/python/lib/pyspark.zip/pyspark/errors/exceptions/captured.py", line 185, in deco
[2025-06-07T14:16:28.923+0000] {spark_submit.py:644} INFO - pyspark.errors.exceptions.captured.AnalysisException: [TABLE_OR_VIEW_NOT_FOUND] The table or view `sc_stats_db`.`silver_sc_stats` cannot be found. Verify the spelling and correctness of the schema and catalog.
[2025-06-07T14:16:28.923+0000] {spark_submit.py:644} INFO - If you did not qualify the name with a schema, verify the current_schema() output, or qualify the name with the correct schema and catalog.
[2025-06-07T14:16:28.923+0000] {spark_submit.py:644} INFO - To tolerate the error on drop use DROP VIEW IF EXISTS or DROP TABLE IF EXISTS.;
[2025-06-07T14:16:28.924+0000] {spark_submit.py:644} INFO - 'UnresolvedRelation [sc_stats_db, silver_sc_stats], [], false
[2025-06-07T14:16:28.925+0000] {spark_submit.py:644} INFO - 
[2025-06-07T14:16:28.974+0000] {spark_submit.py:644} INFO - 25/06/07 14:16:28 INFO ShutdownHookManager: Shutdown hook called
[2025-06-07T14:16:28.975+0000] {spark_submit.py:644} INFO - 25/06/07 14:16:28 INFO ShutdownHookManager: Deleting directory /tmp/spark-419e76eb-4f14-4fc2-8674-8300aee90290/pyspark-c5a1c8e3-0103-4ac0-b7bc-8f350eb1c45e
[2025-06-07T14:16:28.977+0000] {spark_submit.py:644} INFO - 25/06/07 14:16:28 INFO ShutdownHookManager: Deleting directory /tmp/spark-419e76eb-4f14-4fc2-8674-8300aee90290
[2025-06-07T14:16:28.981+0000] {spark_submit.py:644} INFO - 25/06/07 14:16:28 INFO ShutdownHookManager: Deleting directory /tmp/spark-20ffde6e-bca7-48c3-852d-8cd0043c0a9f
[2025-06-07T14:16:28.986+0000] {spark_submit.py:644} INFO - 25/06/07 14:16:28 INFO MetricsSystemImpl: Stopping s3a-file-system metrics system...
[2025-06-07T14:16:28.989+0000] {spark_submit.py:644} INFO - 25/06/07 14:16:28 INFO MetricsSystemImpl: s3a-file-system metrics system stopped.
[2025-06-07T14:16:28.991+0000] {spark_submit.py:644} INFO - 25/06/07 14:16:28 INFO MetricsSystemImpl: s3a-file-system metrics system shutdown complete.
[2025-06-07T14:16:29.018+0000] {taskinstance.py:3311} ERROR - Task failed with exception
Traceback (most recent call last):
  File "/home/airflow/.local/lib/python3.11/site-packages/airflow/models/taskinstance.py", line 767, in _execute_task
    result = _execute_callable(context=context, **execute_callable_kwargs)
             ^^^^^^^^^^^^^^^^^^^^^^^^^^^^^^^^^^^^^^^^^^^^^^^^^^^^^^^^^^^^^
  File "/home/airflow/.local/lib/python3.11/site-packages/airflow/models/taskinstance.py", line 733, in _execute_callable
    return ExecutionCallableRunner(
           ^^^^^^^^^^^^^^^^^^^^^^^^
  File "/home/airflow/.local/lib/python3.11/site-packages/airflow/utils/operator_helpers.py", line 252, in run
    return self.func(*args, **kwargs)
           ^^^^^^^^^^^^^^^^^^^^^^^^^^
  File "/home/airflow/.local/lib/python3.11/site-packages/airflow/models/baseoperator.py", line 417, in wrapper
    return func(self, *args, **kwargs)
           ^^^^^^^^^^^^^^^^^^^^^^^^^^^
  File "/home/airflow/.local/lib/python3.11/site-packages/airflow/providers/apache/spark/operators/spark_submit.py", line 197, in execute
    self._hook.submit(self.application)
  File "/home/airflow/.local/lib/python3.11/site-packages/airflow/providers/apache/spark/hooks/spark_submit.py", line 566, in submit
    raise AirflowException(
airflow.exceptions.AirflowException: Cannot execute: spark-submit --master spark://spark-master:7077 --conf spark.executor.memory=2g --conf spark.sql.extensions=io.delta.sql.DeltaSparkSessionExtension --conf spark.sql.catalog.spark_catalog=org.apache.spark.sql.delta.catalog.DeltaCatalog --conf spark.hadoop.fs.s3a.endpoint=http://minio:9000 --conf spark.hadoop.fs.s3a.access.key=None --conf spark.hadoop.fs.s3a.secret.key=****** --conf spark.hadoop.fs.s3a.path.style.access=true --conf spark.hadoop.fs.s3a.impl=org.apache.hadoop.fs.s3a.S3AFileSystem --conf spark.hadoop.fs.s3a.aws.credentials.provider=org.apache.hadoop.fs.s3a.SimpleAWSCredentialsProvider --packages org.apache.hadoop:hadoop-aws:3.3.4,com.amazonaws:aws-java-sdk-bundle:1.12.262,io.delta:delta-spark_2.12:3.1.0 --name arrow-spark --queue root.default --deploy-mode client dags/silver_to_gold_sc_summary_etl.py. Error code is: 1.
[2025-06-07T14:16:29.021+0000] {taskinstance.py:1225} INFO - Marking task as FAILED. dag_id=stephen_curry_stats_medallion_etl, task_id=silver_to_gold, run_id=manual__2025-06-07T14:16:22.737892+00:00, execution_date=20250607T141622, start_date=20250607T141623, end_date=20250607T141629
[2025-06-07T14:16:29.028+0000] {taskinstance.py:340} INFO - ::group::Post task execution logs
[2025-06-07T14:16:29.028+0000] {standard_task_runner.py:124} ERROR - Failed to execute job 90 for task silver_to_gold (Cannot execute: spark-submit --master spark://spark-master:7077 --conf spark.executor.memory=2g --conf spark.sql.extensions=io.delta.sql.DeltaSparkSessionExtension --conf spark.sql.catalog.spark_catalog=org.apache.spark.sql.delta.catalog.DeltaCatalog --conf spark.hadoop.fs.s3a.endpoint=http://minio:9000 --conf spark.hadoop.fs.s3a.access.key=None --conf spark.hadoop.fs.s3a.secret.key=****** --conf spark.hadoop.fs.s3a.path.style.access=true --conf spark.hadoop.fs.s3a.impl=org.apache.hadoop.fs.s3a.S3AFileSystem --conf spark.hadoop.fs.s3a.aws.credentials.provider=org.apache.hadoop.fs.s3a.SimpleAWSCredentialsProvider --packages org.apache.hadoop:hadoop-aws:3.3.4,com.amazonaws:aws-java-sdk-bundle:1.12.262,io.delta:delta-spark_2.12:3.1.0 --name arrow-spark --queue root.default --deploy-mode client dags/silver_to_gold_sc_summary_etl.py. Error code is: 1.; 3481)
Traceback (most recent call last):
  File "/home/airflow/.local/lib/python3.11/site-packages/airflow/task/task_runner/standard_task_runner.py", line 117, in _start_by_fork
    ret = args.func(args, dag=self.dag)
          ^^^^^^^^^^^^^^^^^^^^^^^^^^^^^
  File "/home/airflow/.local/lib/python3.11/site-packages/airflow/cli/cli_config.py", line 49, in command
    return func(*args, **kwargs)
           ^^^^^^^^^^^^^^^^^^^^^
  File "/home/airflow/.local/lib/python3.11/site-packages/airflow/utils/cli.py", line 116, in wrapper
    return f(*args, **kwargs)
           ^^^^^^^^^^^^^^^^^^
  File "/home/airflow/.local/lib/python3.11/site-packages/airflow/cli/commands/task_command.py", line 483, in task_run
    task_return_code = _run_task_by_selected_method(args, _dag, ti)
                       ^^^^^^^^^^^^^^^^^^^^^^^^^^^^^^^^^^^^^^^^^^^^
  File "/home/airflow/.local/lib/python3.11/site-packages/airflow/cli/commands/task_command.py", line 256, in _run_task_by_selected_method
    return _run_raw_task(args, ti)
           ^^^^^^^^^^^^^^^^^^^^^^^
  File "/home/airflow/.local/lib/python3.11/site-packages/airflow/cli/commands/task_command.py", line 341, in _run_raw_task
    return ti._run_raw_task(
           ^^^^^^^^^^^^^^^^^
  File "/home/airflow/.local/lib/python3.11/site-packages/airflow/utils/session.py", line 97, in wrapper
    return func(*args, session=session, **kwargs)
           ^^^^^^^^^^^^^^^^^^^^^^^^^^^^^^^^^^^^^^
  File "/home/airflow/.local/lib/python3.11/site-packages/airflow/models/taskinstance.py", line 3005, in _run_raw_task
    return _run_raw_task(
           ^^^^^^^^^^^^^^
  File "/home/airflow/.local/lib/python3.11/site-packages/airflow/models/taskinstance.py", line 273, in _run_raw_task
    TaskInstance._execute_task_with_callbacks(
  File "/home/airflow/.local/lib/python3.11/site-packages/airflow/models/taskinstance.py", line 3159, in _execute_task_with_callbacks
    result = self._execute_task(context, task_orig)
             ^^^^^^^^^^^^^^^^^^^^^^^^^^^^^^^^^^^^^^
  File "/home/airflow/.local/lib/python3.11/site-packages/airflow/models/taskinstance.py", line 3183, in _execute_task
    return _execute_task(self, context, task_orig)
           ^^^^^^^^^^^^^^^^^^^^^^^^^^^^^^^^^^^^^^^
  File "/home/airflow/.local/lib/python3.11/site-packages/airflow/models/taskinstance.py", line 767, in _execute_task
    result = _execute_callable(context=context, **execute_callable_kwargs)
             ^^^^^^^^^^^^^^^^^^^^^^^^^^^^^^^^^^^^^^^^^^^^^^^^^^^^^^^^^^^^^
  File "/home/airflow/.local/lib/python3.11/site-packages/airflow/models/taskinstance.py", line 733, in _execute_callable
    return ExecutionCallableRunner(
           ^^^^^^^^^^^^^^^^^^^^^^^^
  File "/home/airflow/.local/lib/python3.11/site-packages/airflow/utils/operator_helpers.py", line 252, in run
    return self.func(*args, **kwargs)
           ^^^^^^^^^^^^^^^^^^^^^^^^^^
  File "/home/airflow/.local/lib/python3.11/site-packages/airflow/models/baseoperator.py", line 417, in wrapper
    return func(self, *args, **kwargs)
           ^^^^^^^^^^^^^^^^^^^^^^^^^^^
  File "/home/airflow/.local/lib/python3.11/site-packages/airflow/providers/apache/spark/operators/spark_submit.py", line 197, in execute
    self._hook.submit(self.application)
  File "/home/airflow/.local/lib/python3.11/site-packages/airflow/providers/apache/spark/hooks/spark_submit.py", line 566, in submit
    raise AirflowException(
airflow.exceptions.AirflowException: Cannot execute: spark-submit --master spark://spark-master:7077 --conf spark.executor.memory=2g --conf spark.sql.extensions=io.delta.sql.DeltaSparkSessionExtension --conf spark.sql.catalog.spark_catalog=org.apache.spark.sql.delta.catalog.DeltaCatalog --conf spark.hadoop.fs.s3a.endpoint=http://minio:9000 --conf spark.hadoop.fs.s3a.access.key=None --conf spark.hadoop.fs.s3a.secret.key=****** --conf spark.hadoop.fs.s3a.path.style.access=true --conf spark.hadoop.fs.s3a.impl=org.apache.hadoop.fs.s3a.S3AFileSystem --conf spark.hadoop.fs.s3a.aws.credentials.provider=org.apache.hadoop.fs.s3a.SimpleAWSCredentialsProvider --packages org.apache.hadoop:hadoop-aws:3.3.4,com.amazonaws:aws-java-sdk-bundle:1.12.262,io.delta:delta-spark_2.12:3.1.0 --name arrow-spark --queue root.default --deploy-mode client dags/silver_to_gold_sc_summary_etl.py. Error code is: 1.
[2025-06-07T14:16:29.044+0000] {local_task_job_runner.py:266} INFO - Task exited with return code 1
[2025-06-07T14:16:29.059+0000] {taskinstance.py:3895} INFO - 0 downstream tasks scheduled from follow-on schedule check
[2025-06-07T14:16:29.060+0000] {local_task_job_runner.py:245} INFO - ::endgroup::
