[2025-05-31T05:22:40.964+0000] {local_task_job_runner.py:123} INFO - ::group::Pre task execution logs
[2025-05-31T05:22:40.973+0000] {taskinstance.py:2613} INFO - Dependencies all met for dep_context=non-requeueable deps ti=<TaskInstance: medallion_sales_etl.submit_medallion_sales_etl_job manual__2025-05-31T05:22:40.218489+00:00 [queued]>
[2025-05-31T05:22:40.976+0000] {taskinstance.py:2613} INFO - Dependencies all met for dep_context=requeueable deps ti=<TaskInstance: medallion_sales_etl.submit_medallion_sales_etl_job manual__2025-05-31T05:22:40.218489+00:00 [queued]>
[2025-05-31T05:22:40.976+0000] {taskinstance.py:2866} INFO - Starting attempt 1 of 2
[2025-05-31T05:22:40.982+0000] {taskinstance.py:2889} INFO - Executing <Task(SparkSubmitOperator): submit_medallion_sales_etl_job> on 2025-05-31 05:22:40.218489+00:00
[2025-05-31T05:22:40.985+0000] {standard_task_runner.py:72} INFO - Started process 457 to run task
[2025-05-31T05:22:40.987+0000] {standard_task_runner.py:104} INFO - Running: ['***', 'tasks', 'run', 'medallion_sales_etl', 'submit_medallion_sales_etl_job', 'manual__2025-05-31T05:22:40.218489+00:00', '--job-id', '4', '--raw', '--subdir', 'DAGS_FOLDER/medallion_sales_etl_dag.py', '--cfg-path', '/tmp/tmp0lqap9kx']
[2025-05-31T05:22:40.988+0000] {standard_task_runner.py:105} INFO - Job 4: Subtask submit_medallion_sales_etl_job
[2025-05-31T05:22:41.015+0000] {task_command.py:467} INFO - Running <TaskInstance: medallion_sales_etl.submit_medallion_sales_etl_job manual__2025-05-31T05:22:40.218489+00:00 [running]> on host eb9714469121
[2025-05-31T05:22:41.056+0000] {taskinstance.py:3132} INFO - Exporting env vars: AIRFLOW_CTX_DAG_OWNER='***' AIRFLOW_CTX_DAG_ID='medallion_sales_etl' AIRFLOW_CTX_TASK_ID='submit_medallion_sales_etl_job' AIRFLOW_CTX_EXECUTION_DATE='2025-05-31T05:22:40.218489+00:00' AIRFLOW_CTX_TRY_NUMBER='1' AIRFLOW_CTX_DAG_RUN_ID='manual__2025-05-31T05:22:40.218489+00:00'
[2025-05-31T05:22:41.056+0000] {taskinstance.py:731} INFO - ::endgroup::
[2025-05-31T05:22:41.072+0000] {base.py:84} INFO - Retrieving connection 'spark_default'
[2025-05-31T05:22:41.072+0000] {spark_submit.py:474} INFO - Spark-Submit cmd: spark-submit --master spark://spark-master:7077 --name medallion_sales_etl_spark_job --verbose --queue root.default --deploy-mode client /opt/***/dags/medallion_etl.py
[2025-05-31T05:22:41.652+0000] {spark_submit.py:644} INFO - Using properties file: null
[2025-05-31T05:22:41.708+0000] {spark_submit.py:644} INFO - Parsed arguments:
[2025-05-31T05:22:41.708+0000] {spark_submit.py:644} INFO - master                  spark://spark-master:7077
[2025-05-31T05:22:41.708+0000] {spark_submit.py:644} INFO - remote                  null
[2025-05-31T05:22:41.709+0000] {spark_submit.py:644} INFO - deployMode              client
[2025-05-31T05:22:41.709+0000] {spark_submit.py:644} INFO - executorMemory          null
[2025-05-31T05:22:41.709+0000] {spark_submit.py:644} INFO - executorCores           null
[2025-05-31T05:22:41.709+0000] {spark_submit.py:644} INFO - totalExecutorCores      null
[2025-05-31T05:22:41.709+0000] {spark_submit.py:644} INFO - propertiesFile          null
[2025-05-31T05:22:41.709+0000] {spark_submit.py:644} INFO - driverMemory            null
[2025-05-31T05:22:41.709+0000] {spark_submit.py:644} INFO - driverCores             null
[2025-05-31T05:22:41.709+0000] {spark_submit.py:644} INFO - driverExtraClassPath    null
[2025-05-31T05:22:41.709+0000] {spark_submit.py:644} INFO - driverExtraLibraryPath  null
[2025-05-31T05:22:41.710+0000] {spark_submit.py:644} INFO - driverExtraJavaOptions  null
[2025-05-31T05:22:41.710+0000] {spark_submit.py:644} INFO - supervise               false
[2025-05-31T05:22:41.710+0000] {spark_submit.py:644} INFO - queue                   root.default
[2025-05-31T05:22:41.710+0000] {spark_submit.py:644} INFO - numExecutors            null
[2025-05-31T05:22:41.710+0000] {spark_submit.py:644} INFO - files                   null
[2025-05-31T05:22:41.710+0000] {spark_submit.py:644} INFO - pyFiles                 null
[2025-05-31T05:22:41.711+0000] {spark_submit.py:644} INFO - archives                null
[2025-05-31T05:22:41.711+0000] {spark_submit.py:644} INFO - mainClass               null
[2025-05-31T05:22:41.711+0000] {spark_submit.py:644} INFO - primaryResource         file:/opt/***/dags/medallion_etl.py
[2025-05-31T05:22:41.711+0000] {spark_submit.py:644} INFO - name                    medallion_sales_etl_spark_job
[2025-05-31T05:22:41.711+0000] {spark_submit.py:644} INFO - childArgs               []
[2025-05-31T05:22:41.711+0000] {spark_submit.py:644} INFO - jars                    null
[2025-05-31T05:22:41.711+0000] {spark_submit.py:644} INFO - packages                null
[2025-05-31T05:22:41.712+0000] {spark_submit.py:644} INFO - packagesExclusions      null
[2025-05-31T05:22:41.712+0000] {spark_submit.py:644} INFO - repositories            null
[2025-05-31T05:22:41.712+0000] {spark_submit.py:644} INFO - verbose                 true
[2025-05-31T05:22:41.712+0000] {spark_submit.py:644} INFO - 
[2025-05-31T05:22:41.712+0000] {spark_submit.py:644} INFO - Spark properties used, including those specified through
[2025-05-31T05:22:41.712+0000] {spark_submit.py:644} INFO - --conf and those from the properties file null:
[2025-05-31T05:22:41.712+0000] {spark_submit.py:644} INFO - 
[2025-05-31T05:22:41.713+0000] {spark_submit.py:644} INFO - 
[2025-05-31T05:22:41.713+0000] {spark_submit.py:644} INFO - 
[2025-05-31T05:22:41.836+0000] {spark_submit.py:644} INFO - Main class:
[2025-05-31T05:22:41.837+0000] {spark_submit.py:644} INFO - org.apache.spark.deploy.PythonRunner
[2025-05-31T05:22:41.837+0000] {spark_submit.py:644} INFO - Arguments:
[2025-05-31T05:22:41.837+0000] {spark_submit.py:644} INFO - file:/opt/***/dags/medallion_etl.py
[2025-05-31T05:22:41.838+0000] {spark_submit.py:644} INFO - null
[2025-05-31T05:22:41.838+0000] {spark_submit.py:644} INFO - Spark config:
[2025-05-31T05:22:41.838+0000] {spark_submit.py:644} INFO - (spark.app.name,medallion_sales_etl_spark_job)
[2025-05-31T05:22:41.839+0000] {spark_submit.py:644} INFO - (spark.app.submitTime,1748668961828)
[2025-05-31T05:22:41.839+0000] {spark_submit.py:644} INFO - (spark.master,spark://spark-master:7077)
[2025-05-31T05:22:41.839+0000] {spark_submit.py:644} INFO - (spark.submit.deployMode,client)
[2025-05-31T05:22:41.839+0000] {spark_submit.py:644} INFO - (spark.submit.pyFiles,)
[2025-05-31T05:22:41.839+0000] {spark_submit.py:644} INFO - Classpath elements:
[2025-05-31T05:22:41.839+0000] {spark_submit.py:644} INFO - 
[2025-05-31T05:22:41.839+0000] {spark_submit.py:644} INFO - 
[2025-05-31T05:22:41.839+0000] {spark_submit.py:644} INFO - 
[2025-05-31T05:22:42.384+0000] {spark_submit.py:644} INFO - 25/05/31 05:22:42 INFO SparkContext: Running Spark version 3.5.2
[2025-05-31T05:22:42.385+0000] {spark_submit.py:644} INFO - 25/05/31 05:22:42 INFO SparkContext: OS info Linux, 6.10.14-linuxkit, aarch64
[2025-05-31T05:22:42.386+0000] {spark_submit.py:644} INFO - 25/05/31 05:22:42 INFO SparkContext: Java version 17.0.15
[2025-05-31T05:22:42.413+0000] {spark_submit.py:644} INFO - 25/05/31 05:22:42 WARN NativeCodeLoader: Unable to load native-hadoop library for your platform... using builtin-java classes where applicable
[2025-05-31T05:22:42.455+0000] {spark_submit.py:644} INFO - 25/05/31 05:22:42 INFO ResourceUtils: ==============================================================
[2025-05-31T05:22:42.456+0000] {spark_submit.py:644} INFO - 25/05/31 05:22:42 INFO ResourceUtils: No custom resources configured for spark.driver.
[2025-05-31T05:22:42.456+0000] {spark_submit.py:644} INFO - 25/05/31 05:22:42 INFO ResourceUtils: ==============================================================
[2025-05-31T05:22:42.456+0000] {spark_submit.py:644} INFO - 25/05/31 05:22:42 INFO SparkContext: Submitted application: SampleDataToMinIO
[2025-05-31T05:22:42.465+0000] {spark_submit.py:644} INFO - 25/05/31 05:22:42 INFO ResourceProfile: Default ResourceProfile created, executor resources: Map(memory -> name: memory, amount: 1024, script: , vendor: , offHeap -> name: offHeap, amount: 0, script: , vendor: ), task resources: Map(cpus -> name: cpus, amount: 1.0)
[2025-05-31T05:22:42.470+0000] {spark_submit.py:644} INFO - 25/05/31 05:22:42 INFO ResourceProfile: Limiting resource is cpu
[2025-05-31T05:22:42.470+0000] {spark_submit.py:644} INFO - 25/05/31 05:22:42 INFO ResourceProfileManager: Added ResourceProfile id: 0
[2025-05-31T05:22:42.495+0000] {spark_submit.py:644} INFO - 25/05/31 05:22:42 INFO SecurityManager: Changing view acls to: ***
[2025-05-31T05:22:42.496+0000] {spark_submit.py:644} INFO - 25/05/31 05:22:42 INFO SecurityManager: Changing modify acls to: ***
[2025-05-31T05:22:42.496+0000] {spark_submit.py:644} INFO - 25/05/31 05:22:42 INFO SecurityManager: Changing view acls groups to:
[2025-05-31T05:22:42.496+0000] {spark_submit.py:644} INFO - 25/05/31 05:22:42 INFO SecurityManager: Changing modify acls groups to:
[2025-05-31T05:22:42.496+0000] {spark_submit.py:644} INFO - 25/05/31 05:22:42 INFO SecurityManager: SecurityManager: authentication disabled; ui acls disabled; users with view permissions: ***; groups with view permissions: EMPTY; users with modify permissions: ***; groups with modify permissions: EMPTY
[2025-05-31T05:22:42.606+0000] {spark_submit.py:644} INFO - 25/05/31 05:22:42 INFO Utils: Successfully started service 'sparkDriver' on port 42053.
[2025-05-31T05:22:42.621+0000] {spark_submit.py:644} INFO - 25/05/31 05:22:42 INFO SparkEnv: Registering MapOutputTracker
[2025-05-31T05:22:42.641+0000] {spark_submit.py:644} INFO - 25/05/31 05:22:42 INFO SparkEnv: Registering BlockManagerMaster
[2025-05-31T05:22:42.648+0000] {spark_submit.py:644} INFO - 25/05/31 05:22:42 INFO BlockManagerMasterEndpoint: Using org.apache.spark.storage.DefaultTopologyMapper for getting topology information
[2025-05-31T05:22:42.649+0000] {spark_submit.py:644} INFO - 25/05/31 05:22:42 INFO BlockManagerMasterEndpoint: BlockManagerMasterEndpoint up
[2025-05-31T05:22:42.651+0000] {spark_submit.py:644} INFO - 25/05/31 05:22:42 INFO SparkEnv: Registering BlockManagerMasterHeartbeat
[2025-05-31T05:22:42.661+0000] {spark_submit.py:644} INFO - 25/05/31 05:22:42 INFO DiskBlockManager: Created local directory at /tmp/blockmgr-ee1a15bd-d6ac-4182-a973-cea0de60ce05
[2025-05-31T05:22:42.668+0000] {spark_submit.py:644} INFO - 25/05/31 05:22:42 INFO MemoryStore: MemoryStore started with capacity 434.4 MiB
[2025-05-31T05:22:42.674+0000] {spark_submit.py:644} INFO - 25/05/31 05:22:42 INFO SparkEnv: Registering OutputCommitCoordinator
[2025-05-31T05:22:42.739+0000] {spark_submit.py:644} INFO - 25/05/31 05:22:42 INFO JettyUtils: Start Jetty 0.0.0.0:4040 for SparkUI
[2025-05-31T05:22:42.773+0000] {spark_submit.py:644} INFO - 25/05/31 05:22:42 INFO Utils: Successfully started service 'SparkUI' on port 4040.
[2025-05-31T05:22:42.837+0000] {spark_submit.py:644} INFO - 25/05/31 05:22:42 INFO StandaloneAppClient$ClientEndpoint: Connecting to master spark://spark-master:7077...
[2025-05-31T05:22:42.860+0000] {spark_submit.py:644} INFO - 25/05/31 05:22:42 INFO TransportClientFactory: Successfully created connection to spark-master/172.19.0.5:7077 after 12 ms (0 ms spent in bootstraps)
[2025-05-31T05:22:42.903+0000] {spark_submit.py:644} INFO - 25/05/31 05:22:42 INFO StandaloneSchedulerBackend: Connected to Spark cluster with app ID app-20250531052242-0001
[2025-05-31T05:22:42.904+0000] {spark_submit.py:644} INFO - 25/05/31 05:22:42 INFO StandaloneAppClient$ClientEndpoint: Executor added: app-20250531052242-0001/0 on worker-20250531051810-172.19.0.6-36989 (172.19.0.6:36989) with 4 core(s)
[2025-05-31T05:22:42.905+0000] {spark_submit.py:644} INFO - 25/05/31 05:22:42 INFO StandaloneSchedulerBackend: Granted executor ID app-20250531052242-0001/0 on hostPort 172.19.0.6:36989 with 4 core(s), 1024.0 MiB RAM
[2025-05-31T05:22:42.907+0000] {spark_submit.py:644} INFO - 25/05/31 05:22:42 INFO Utils: Successfully started service 'org.apache.spark.network.netty.NettyBlockTransferService' on port 45633.
[2025-05-31T05:22:42.908+0000] {spark_submit.py:644} INFO - 25/05/31 05:22:42 INFO NettyBlockTransferService: Server created on eb9714469121:45633
[2025-05-31T05:22:42.909+0000] {spark_submit.py:644} INFO - 25/05/31 05:22:42 INFO BlockManager: Using org.apache.spark.storage.RandomBlockReplicationPolicy for block replication policy
[2025-05-31T05:22:42.911+0000] {spark_submit.py:644} INFO - 25/05/31 05:22:42 INFO BlockManagerMaster: Registering BlockManager BlockManagerId(driver, eb9714469121, 45633, None)
[2025-05-31T05:22:42.913+0000] {spark_submit.py:644} INFO - 25/05/31 05:22:42 INFO BlockManagerMasterEndpoint: Registering block manager eb9714469121:45633 with 434.4 MiB RAM, BlockManagerId(driver, eb9714469121, 45633, None)
[2025-05-31T05:22:42.915+0000] {spark_submit.py:644} INFO - 25/05/31 05:22:42 INFO BlockManagerMaster: Registered BlockManager BlockManagerId(driver, eb9714469121, 45633, None)
[2025-05-31T05:22:42.916+0000] {spark_submit.py:644} INFO - 25/05/31 05:22:42 INFO BlockManager: Initialized BlockManager: BlockManagerId(driver, eb9714469121, 45633, None)
[2025-05-31T05:22:42.924+0000] {spark_submit.py:644} INFO - 25/05/31 05:22:42 INFO StandaloneAppClient$ClientEndpoint: Executor updated: app-20250531052242-0001/0 is now RUNNING
[2025-05-31T05:22:43.024+0000] {spark_submit.py:644} INFO - 25/05/31 05:22:43 INFO StandaloneSchedulerBackend: SchedulerBackend is ready for scheduling beginning after reached minRegisteredResourcesRatio: 0.0
[2025-05-31T05:22:43.119+0000] {spark_submit.py:644} INFO - Spark session created and configured for MinIO.
[2025-05-31T05:22:43.120+0000] {spark_submit.py:644} INFO - Spark version: 3.5.2
[2025-05-31T05:22:43.514+0000] {spark_submit.py:644} INFO - 25/05/31 05:22:43 INFO SharedState: Setting hive.metastore.warehouse.dir ('null') to the value of spark.sql.warehouse.dir.
[2025-05-31T05:22:43.519+0000] {spark_submit.py:644} INFO - 25/05/31 05:22:43 INFO SharedState: Warehouse path is 'file:/opt/***/spark-warehouse'.
[2025-05-31T05:22:44.183+0000] {spark_submit.py:644} INFO - Sample Bronze DataFrame created:
[2025-05-31T05:22:44.510+0000] {spark_submit.py:644} INFO - 25/05/31 05:22:44 INFO StandaloneSchedulerBackend$StandaloneDriverEndpoint: Registered executor NettyRpcEndpointRef(spark-client://Executor) (172.19.0.6:39022) with ID 0,  ResourceProfileId 0
[2025-05-31T05:22:44.552+0000] {spark_submit.py:644} INFO - 25/05/31 05:22:44 INFO BlockManagerMasterEndpoint: Registering block manager 172.19.0.6:33871 with 434.4 MiB RAM, BlockManagerId(0, 172.19.0.6, 33871, None)
[2025-05-31T05:22:44.595+0000] {spark_submit.py:644} INFO - 25/05/31 05:22:44 INFO CodeGenerator: Code generated in 96.006917 ms
[2025-05-31T05:22:44.618+0000] {spark_submit.py:644} INFO - 25/05/31 05:22:44 INFO SparkContext: Starting job: showString at NativeMethodAccessorImpl.java:0
[2025-05-31T05:22:44.626+0000] {spark_submit.py:644} INFO - 25/05/31 05:22:44 INFO DAGScheduler: Got job 0 (showString at NativeMethodAccessorImpl.java:0) with 1 output partitions
[2025-05-31T05:22:44.626+0000] {spark_submit.py:644} INFO - 25/05/31 05:22:44 INFO DAGScheduler: Final stage: ResultStage 0 (showString at NativeMethodAccessorImpl.java:0)
[2025-05-31T05:22:44.626+0000] {spark_submit.py:644} INFO - 25/05/31 05:22:44 INFO DAGScheduler: Parents of final stage: List()
[2025-05-31T05:22:44.626+0000] {spark_submit.py:644} INFO - 25/05/31 05:22:44 INFO DAGScheduler: Missing parents: List()
[2025-05-31T05:22:44.628+0000] {spark_submit.py:644} INFO - 25/05/31 05:22:44 INFO DAGScheduler: Submitting ResultStage 0 (MapPartitionsRDD[6] at showString at NativeMethodAccessorImpl.java:0), which has no missing parents
[2025-05-31T05:22:44.672+0000] {spark_submit.py:644} INFO - 25/05/31 05:22:44 INFO MemoryStore: Block broadcast_0 stored as values in memory (estimated size 14.7 KiB, free 434.4 MiB)
[2025-05-31T05:22:44.689+0000] {spark_submit.py:644} INFO - 25/05/31 05:22:44 INFO MemoryStore: Block broadcast_0_piece0 stored as bytes in memory (estimated size 7.4 KiB, free 434.4 MiB)
[2025-05-31T05:22:44.691+0000] {spark_submit.py:644} INFO - 25/05/31 05:22:44 INFO BlockManagerInfo: Added broadcast_0_piece0 in memory on eb9714469121:45633 (size: 7.4 KiB, free: 434.4 MiB)
[2025-05-31T05:22:44.693+0000] {spark_submit.py:644} INFO - 25/05/31 05:22:44 INFO SparkContext: Created broadcast 0 from broadcast at DAGScheduler.scala:1585
[2025-05-31T05:22:44.704+0000] {spark_submit.py:644} INFO - 25/05/31 05:22:44 INFO DAGScheduler: Submitting 1 missing tasks from ResultStage 0 (MapPartitionsRDD[6] at showString at NativeMethodAccessorImpl.java:0) (first 15 tasks are for partitions Vector(0))
[2025-05-31T05:22:44.705+0000] {spark_submit.py:644} INFO - 25/05/31 05:22:44 INFO TaskSchedulerImpl: Adding task set 0.0 with 1 tasks resource profile 0
[2025-05-31T05:22:44.720+0000] {spark_submit.py:644} INFO - 25/05/31 05:22:44 INFO TaskSetManager: Starting task 0.0 in stage 0.0 (TID 0) (172.19.0.6, executor 0, partition 0, PROCESS_LOCAL, 9074 bytes)
[2025-05-31T05:22:44.803+0000] {spark_submit.py:644} INFO - 25/05/31 05:22:44 INFO StandaloneAppClient$ClientEndpoint: Executor updated: app-20250531052242-0001/0 is now EXITED (Command exited with code 50)
[2025-05-31T05:22:44.804+0000] {spark_submit.py:644} INFO - 25/05/31 05:22:44 INFO StandaloneSchedulerBackend: Executor app-20250531052242-0001/0 removed: Command exited with code 50
[2025-05-31T05:22:44.804+0000] {spark_submit.py:644} INFO - 25/05/31 05:22:44 INFO StandaloneAppClient$ClientEndpoint: Executor added: app-20250531052242-0001/1 on worker-20250531051810-172.19.0.6-36989 (172.19.0.6:36989) with 4 core(s)
[2025-05-31T05:22:44.805+0000] {spark_submit.py:644} INFO - 25/05/31 05:22:44 INFO StandaloneSchedulerBackend: Granted executor ID app-20250531052242-0001/1 on hostPort 172.19.0.6:36989 with 4 core(s), 1024.0 MiB RAM
[2025-05-31T05:22:44.806+0000] {spark_submit.py:644} INFO - 25/05/31 05:22:44 ERROR TaskSchedulerImpl: Lost executor 0 on 172.19.0.6: Command exited with code 50
[2025-05-31T05:22:44.810+0000] {spark_submit.py:644} INFO - 25/05/31 05:22:44 WARN TaskSetManager: Lost task 0.0 in stage 0.0 (TID 0) (172.19.0.6 executor 0): ExecutorLostFailure (executor 0 exited caused by one of the running tasks) Reason: Command exited with code 50
[2025-05-31T05:22:44.815+0000] {spark_submit.py:644} INFO - 25/05/31 05:22:44 INFO DAGScheduler: Executor lost: 0 (epoch 0)
[2025-05-31T05:22:44.820+0000] {spark_submit.py:644} INFO - 25/05/31 05:22:44 INFO StandaloneAppClient$ClientEndpoint: Executor updated: app-20250531052242-0001/1 is now RUNNING
[2025-05-31T05:22:44.820+0000] {spark_submit.py:644} INFO - 25/05/31 05:22:44 INFO BlockManagerMasterEndpoint: Trying to remove executor 0 from BlockManagerMaster.
[2025-05-31T05:22:44.821+0000] {spark_submit.py:644} INFO - 25/05/31 05:22:44 INFO BlockManagerMasterEndpoint: Removing block manager BlockManagerId(0, 172.19.0.6, 33871, None)
[2025-05-31T05:22:44.821+0000] {spark_submit.py:644} INFO - 25/05/31 05:22:44 INFO BlockManagerMaster: Removed 0 successfully in removeExecutor
[2025-05-31T05:22:44.821+0000] {spark_submit.py:644} INFO - 25/05/31 05:22:44 INFO DAGScheduler: Shuffle files lost for executor: 0 (epoch 0)
[2025-05-31T05:22:46.244+0000] {spark_submit.py:644} INFO - 25/05/31 05:22:46 INFO StandaloneSchedulerBackend$StandaloneDriverEndpoint: Registered executor NettyRpcEndpointRef(spark-client://Executor) (172.19.0.6:39044) with ID 1,  ResourceProfileId 0
[2025-05-31T05:22:46.282+0000] {spark_submit.py:644} INFO - 25/05/31 05:22:46 INFO BlockManagerMasterEndpoint: Registering block manager 172.19.0.6:41605 with 434.4 MiB RAM, BlockManagerId(1, 172.19.0.6, 41605, None)
[2025-05-31T05:22:46.301+0000] {spark_submit.py:644} INFO - 25/05/31 05:22:46 INFO TaskSetManager: Starting task 0.1 in stage 0.0 (TID 1) (172.19.0.6, executor 1, partition 0, PROCESS_LOCAL, 9074 bytes)
[2025-05-31T05:22:46.379+0000] {spark_submit.py:644} INFO - 25/05/31 05:22:46 INFO StandaloneAppClient$ClientEndpoint: Executor updated: app-20250531052242-0001/1 is now EXITED (Command exited with code 50)
[2025-05-31T05:22:46.379+0000] {spark_submit.py:644} INFO - 25/05/31 05:22:46 INFO StandaloneSchedulerBackend: Executor app-20250531052242-0001/1 removed: Command exited with code 50
[2025-05-31T05:22:46.380+0000] {spark_submit.py:644} INFO - 25/05/31 05:22:46 INFO StandaloneAppClient$ClientEndpoint: Executor added: app-20250531052242-0001/2 on worker-20250531051810-172.19.0.6-36989 (172.19.0.6:36989) with 4 core(s)
[2025-05-31T05:22:46.380+0000] {spark_submit.py:644} INFO - 25/05/31 05:22:46 INFO StandaloneSchedulerBackend: Granted executor ID app-20250531052242-0001/2 on hostPort 172.19.0.6:36989 with 4 core(s), 1024.0 MiB RAM
[2025-05-31T05:22:46.381+0000] {spark_submit.py:644} INFO - 25/05/31 05:22:46 ERROR TaskSchedulerImpl: Lost executor 1 on 172.19.0.6: Command exited with code 50
[2025-05-31T05:22:46.381+0000] {spark_submit.py:644} INFO - 25/05/31 05:22:46 WARN TaskSetManager: Lost task 0.1 in stage 0.0 (TID 1) (172.19.0.6 executor 1): ExecutorLostFailure (executor 1 exited caused by one of the running tasks) Reason: Command exited with code 50
[2025-05-31T05:22:46.382+0000] {spark_submit.py:644} INFO - 25/05/31 05:22:46 INFO DAGScheduler: Executor lost: 1 (epoch 1)
[2025-05-31T05:22:46.382+0000] {spark_submit.py:644} INFO - 25/05/31 05:22:46 INFO BlockManagerMasterEndpoint: Trying to remove executor 1 from BlockManagerMaster.
[2025-05-31T05:22:46.382+0000] {spark_submit.py:644} INFO - 25/05/31 05:22:46 INFO BlockManagerMasterEndpoint: Removing block manager BlockManagerId(1, 172.19.0.6, 41605, None)
[2025-05-31T05:22:46.382+0000] {spark_submit.py:644} INFO - 25/05/31 05:22:46 INFO BlockManagerMaster: Removed 1 successfully in removeExecutor
[2025-05-31T05:22:46.382+0000] {spark_submit.py:644} INFO - 25/05/31 05:22:46 INFO DAGScheduler: Shuffle files lost for executor: 1 (epoch 1)
[2025-05-31T05:22:46.394+0000] {spark_submit.py:644} INFO - 25/05/31 05:22:46 INFO StandaloneAppClient$ClientEndpoint: Executor updated: app-20250531052242-0001/2 is now RUNNING
[2025-05-31T05:22:47.744+0000] {spark_submit.py:644} INFO - 25/05/31 05:22:47 INFO StandaloneSchedulerBackend$StandaloneDriverEndpoint: Registered executor NettyRpcEndpointRef(spark-client://Executor) (172.19.0.6:36024) with ID 2,  ResourceProfileId 0
[2025-05-31T05:22:47.784+0000] {spark_submit.py:644} INFO - 25/05/31 05:22:47 INFO BlockManagerMasterEndpoint: Registering block manager 172.19.0.6:43315 with 434.4 MiB RAM, BlockManagerId(2, 172.19.0.6, 43315, None)
[2025-05-31T05:22:47.807+0000] {spark_submit.py:644} INFO - 25/05/31 05:22:47 INFO TaskSetManager: Starting task 0.2 in stage 0.0 (TID 2) (172.19.0.6, executor 2, partition 0, PROCESS_LOCAL, 9074 bytes)
[2025-05-31T05:22:47.905+0000] {spark_submit.py:644} INFO - 25/05/31 05:22:47 INFO StandaloneAppClient$ClientEndpoint: Executor updated: app-20250531052242-0001/2 is now EXITED (Command exited with code 50)
[2025-05-31T05:22:47.906+0000] {spark_submit.py:644} INFO - 25/05/31 05:22:47 INFO StandaloneSchedulerBackend: Executor app-20250531052242-0001/2 removed: Command exited with code 50
[2025-05-31T05:22:47.906+0000] {spark_submit.py:644} INFO - 25/05/31 05:22:47 INFO StandaloneAppClient$ClientEndpoint: Executor added: app-20250531052242-0001/3 on worker-20250531051810-172.19.0.6-36989 (172.19.0.6:36989) with 4 core(s)
[2025-05-31T05:22:47.907+0000] {spark_submit.py:644} INFO - 25/05/31 05:22:47 ERROR TaskSchedulerImpl: Lost executor 2 on 172.19.0.6: Command exited with code 50
[2025-05-31T05:22:47.907+0000] {spark_submit.py:644} INFO - 25/05/31 05:22:47 INFO StandaloneSchedulerBackend: Granted executor ID app-20250531052242-0001/3 on hostPort 172.19.0.6:36989 with 4 core(s), 1024.0 MiB RAM
[2025-05-31T05:22:47.907+0000] {spark_submit.py:644} INFO - 25/05/31 05:22:47 WARN TaskSetManager: Lost task 0.2 in stage 0.0 (TID 2) (172.19.0.6 executor 2): ExecutorLostFailure (executor 2 exited caused by one of the running tasks) Reason: Command exited with code 50
[2025-05-31T05:22:47.907+0000] {spark_submit.py:644} INFO - 25/05/31 05:22:47 INFO DAGScheduler: Executor lost: 2 (epoch 2)
[2025-05-31T05:22:47.907+0000] {spark_submit.py:644} INFO - 25/05/31 05:22:47 INFO BlockManagerMasterEndpoint: Trying to remove executor 2 from BlockManagerMaster.
[2025-05-31T05:22:47.908+0000] {spark_submit.py:644} INFO - 25/05/31 05:22:47 INFO BlockManagerMasterEndpoint: Removing block manager BlockManagerId(2, 172.19.0.6, 43315, None)
[2025-05-31T05:22:47.908+0000] {spark_submit.py:644} INFO - 25/05/31 05:22:47 INFO BlockManagerMaster: Removed 2 successfully in removeExecutor
[2025-05-31T05:22:47.908+0000] {spark_submit.py:644} INFO - 25/05/31 05:22:47 INFO DAGScheduler: Shuffle files lost for executor: 2 (epoch 2)
[2025-05-31T05:22:47.919+0000] {spark_submit.py:644} INFO - 25/05/31 05:22:47 INFO StandaloneAppClient$ClientEndpoint: Executor updated: app-20250531052242-0001/3 is now RUNNING
[2025-05-31T05:22:49.333+0000] {spark_submit.py:644} INFO - 25/05/31 05:22:49 INFO StandaloneSchedulerBackend$StandaloneDriverEndpoint: Registered executor NettyRpcEndpointRef(spark-client://Executor) (172.19.0.6:36044) with ID 3,  ResourceProfileId 0
[2025-05-31T05:22:49.371+0000] {spark_submit.py:644} INFO - 25/05/31 05:22:49 INFO BlockManagerMasterEndpoint: Registering block manager 172.19.0.6:41669 with 434.4 MiB RAM, BlockManagerId(3, 172.19.0.6, 41669, None)
[2025-05-31T05:22:49.393+0000] {spark_submit.py:644} INFO - 25/05/31 05:22:49 INFO TaskSetManager: Starting task 0.3 in stage 0.0 (TID 3) (172.19.0.6, executor 3, partition 0, PROCESS_LOCAL, 9074 bytes)
[2025-05-31T05:22:49.481+0000] {spark_submit.py:644} INFO - 25/05/31 05:22:49 INFO StandaloneAppClient$ClientEndpoint: Executor updated: app-20250531052242-0001/3 is now EXITED (Command exited with code 50)
[2025-05-31T05:22:49.482+0000] {spark_submit.py:644} INFO - 25/05/31 05:22:49 INFO StandaloneSchedulerBackend: Executor app-20250531052242-0001/3 removed: Command exited with code 50
[2025-05-31T05:22:49.483+0000] {spark_submit.py:644} INFO - 25/05/31 05:22:49 INFO StandaloneAppClient$ClientEndpoint: Executor added: app-20250531052242-0001/4 on worker-20250531051810-172.19.0.6-36989 (172.19.0.6:36989) with 4 core(s)
[2025-05-31T05:22:49.483+0000] {spark_submit.py:644} INFO - 25/05/31 05:22:49 INFO StandaloneSchedulerBackend: Granted executor ID app-20250531052242-0001/4 on hostPort 172.19.0.6:36989 with 4 core(s), 1024.0 MiB RAM
[2025-05-31T05:22:49.483+0000] {spark_submit.py:644} INFO - 25/05/31 05:22:49 ERROR TaskSchedulerImpl: Lost executor 3 on 172.19.0.6: Command exited with code 50
[2025-05-31T05:22:49.484+0000] {spark_submit.py:644} INFO - 25/05/31 05:22:49 WARN TaskSetManager: Lost task 0.3 in stage 0.0 (TID 3) (172.19.0.6 executor 3): ExecutorLostFailure (executor 3 exited caused by one of the running tasks) Reason: Command exited with code 50
[2025-05-31T05:22:49.484+0000] {spark_submit.py:644} INFO - 25/05/31 05:22:49 ERROR TaskSetManager: Task 0 in stage 0.0 failed 4 times; aborting job
[2025-05-31T05:22:49.485+0000] {spark_submit.py:644} INFO - 25/05/31 05:22:49 INFO TaskSchedulerImpl: Removed TaskSet 0.0, whose tasks have all completed, from pool
[2025-05-31T05:22:49.486+0000] {spark_submit.py:644} INFO - 25/05/31 05:22:49 INFO TaskSchedulerImpl: Cancelling stage 0
[2025-05-31T05:22:49.486+0000] {spark_submit.py:644} INFO - 25/05/31 05:22:49 INFO TaskSchedulerImpl: Killing all running tasks in stage 0: Stage cancelled: Job aborted due to stage failure: Task 0 in stage 0.0 failed 4 times, most recent failure: Lost task 0.3 in stage 0.0 (TID 3) (172.19.0.6 executor 3): ExecutorLostFailure (executor 3 exited caused by one of the running tasks) Reason: Command exited with code 50
[2025-05-31T05:22:49.487+0000] {spark_submit.py:644} INFO - Driver stacktrace:
[2025-05-31T05:22:49.487+0000] {spark_submit.py:644} INFO - 25/05/31 05:22:49 INFO DAGScheduler: ResultStage 0 (showString at NativeMethodAccessorImpl.java:0) failed in 4.853 s due to Job aborted due to stage failure: Task 0 in stage 0.0 failed 4 times, most recent failure: Lost task 0.3 in stage 0.0 (TID 3) (172.19.0.6 executor 3): ExecutorLostFailure (executor 3 exited caused by one of the running tasks) Reason: Command exited with code 50
[2025-05-31T05:22:49.488+0000] {spark_submit.py:644} INFO - Driver stacktrace:
[2025-05-31T05:22:49.490+0000] {spark_submit.py:644} INFO - 25/05/31 05:22:49 INFO DAGScheduler: Job 0 failed: showString at NativeMethodAccessorImpl.java:0, took 4.871758 s
[2025-05-31T05:22:49.491+0000] {spark_submit.py:644} INFO - 25/05/31 05:22:49 INFO DAGScheduler: Executor lost: 3 (epoch 3)
[2025-05-31T05:22:49.492+0000] {spark_submit.py:644} INFO - 25/05/31 05:22:49 INFO BlockManagerMasterEndpoint: Trying to remove executor 3 from BlockManagerMaster.
[2025-05-31T05:22:49.493+0000] {spark_submit.py:644} INFO - 25/05/31 05:22:49 INFO BlockManagerMasterEndpoint: Removing block manager BlockManagerId(3, 172.19.0.6, 41669, None)
[2025-05-31T05:22:49.493+0000] {spark_submit.py:644} INFO - 25/05/31 05:22:49 INFO BlockManagerMaster: Removed 3 successfully in removeExecutor
[2025-05-31T05:22:49.493+0000] {spark_submit.py:644} INFO - 25/05/31 05:22:49 INFO DAGScheduler: Shuffle files lost for executor: 3 (epoch 3)
[2025-05-31T05:22:49.498+0000] {spark_submit.py:644} INFO - 25/05/31 05:22:49 INFO StandaloneAppClient$ClientEndpoint: Executor updated: app-20250531052242-0001/4 is now RUNNING
[2025-05-31T05:22:49.573+0000] {spark_submit.py:644} INFO - Traceback (most recent call last):
[2025-05-31T05:22:49.574+0000] {spark_submit.py:644} INFO - File "/opt/***/dags/medallion_etl.py", line 65, in <module>
[2025-05-31T05:22:49.574+0000] {spark_submit.py:644} INFO - main()
[2025-05-31T05:22:49.576+0000] {spark_submit.py:644} INFO - ^^^^^^
[2025-05-31T05:22:49.576+0000] {spark_submit.py:644} INFO - File "/opt/***/dags/medallion_etl.py", line 43, in main
[2025-05-31T05:22:49.576+0000] {spark_submit.py:644} INFO - bronze_df.show()
[2025-05-31T05:22:49.577+0000] {spark_submit.py:644} INFO - File "/home/***/.local/lib/python3.11/site-packages/pyspark/python/lib/pyspark.zip/pyspark/sql/dataframe.py", line 947, in show
[2025-05-31T05:22:49.577+0000] {spark_submit.py:644} INFO - File "/home/***/.local/lib/python3.11/site-packages/pyspark/python/lib/pyspark.zip/pyspark/sql/dataframe.py", line 965, in _show_string
[2025-05-31T05:22:49.577+0000] {spark_submit.py:644} INFO - File "/home/***/.local/lib/python3.11/site-packages/pyspark/python/lib/py4j-0.10.9.7-src.zip/py4j/java_gateway.py", line 1322, in __call__
[2025-05-31T05:22:49.578+0000] {spark_submit.py:644} INFO - File "/home/***/.local/lib/python3.11/site-packages/pyspark/python/lib/pyspark.zip/pyspark/errors/exceptions/captured.py", line 179, in deco
[2025-05-31T05:22:49.578+0000] {spark_submit.py:644} INFO - File "/home/***/.local/lib/python3.11/site-packages/pyspark/python/lib/py4j-0.10.9.7-src.zip/py4j/protocol.py", line 326, in get_return_value
[2025-05-31T05:22:49.579+0000] {spark_submit.py:644} INFO - py4j.protocol.Py4JJavaError: An error occurred while calling o49.showString.
[2025-05-31T05:22:49.579+0000] {spark_submit.py:644} INFO - : org.apache.spark.SparkException: Job aborted due to stage failure: Task 0 in stage 0.0 failed 4 times, most recent failure: Lost task 0.3 in stage 0.0 (TID 3) (172.19.0.6 executor 3): ExecutorLostFailure (executor 3 exited caused by one of the running tasks) Reason: Command exited with code 50
[2025-05-31T05:22:49.579+0000] {spark_submit.py:644} INFO - Driver stacktrace:
[2025-05-31T05:22:49.579+0000] {spark_submit.py:644} INFO - at org.apache.spark.scheduler.DAGScheduler.failJobAndIndependentStages(DAGScheduler.scala:2856)
[2025-05-31T05:22:49.579+0000] {spark_submit.py:644} INFO - at org.apache.spark.scheduler.DAGScheduler.$anonfun$abortStage$2(DAGScheduler.scala:2792)
[2025-05-31T05:22:49.580+0000] {spark_submit.py:644} INFO - at org.apache.spark.scheduler.DAGScheduler.$anonfun$abortStage$2$adapted(DAGScheduler.scala:2791)
[2025-05-31T05:22:49.580+0000] {spark_submit.py:644} INFO - at scala.collection.mutable.ResizableArray.foreach(ResizableArray.scala:62)
[2025-05-31T05:22:49.580+0000] {spark_submit.py:644} INFO - at scala.collection.mutable.ResizableArray.foreach$(ResizableArray.scala:55)
[2025-05-31T05:22:49.580+0000] {spark_submit.py:644} INFO - at scala.collection.mutable.ArrayBuffer.foreach(ArrayBuffer.scala:49)
[2025-05-31T05:22:49.580+0000] {spark_submit.py:644} INFO - at org.apache.spark.scheduler.DAGScheduler.abortStage(DAGScheduler.scala:2791)
[2025-05-31T05:22:49.580+0000] {spark_submit.py:644} INFO - at org.apache.spark.scheduler.DAGScheduler.$anonfun$handleTaskSetFailed$1(DAGScheduler.scala:1247)
[2025-05-31T05:22:49.581+0000] {spark_submit.py:644} INFO - at org.apache.spark.scheduler.DAGScheduler.$anonfun$handleTaskSetFailed$1$adapted(DAGScheduler.scala:1247)
[2025-05-31T05:22:49.581+0000] {spark_submit.py:644} INFO - at scala.Option.foreach(Option.scala:407)
[2025-05-31T05:22:49.581+0000] {spark_submit.py:644} INFO - at org.apache.spark.scheduler.DAGScheduler.handleTaskSetFailed(DAGScheduler.scala:1247)
[2025-05-31T05:22:49.581+0000] {spark_submit.py:644} INFO - at org.apache.spark.scheduler.DAGSchedulerEventProcessLoop.doOnReceive(DAGScheduler.scala:3060)
[2025-05-31T05:22:49.581+0000] {spark_submit.py:644} INFO - at org.apache.spark.scheduler.DAGSchedulerEventProcessLoop.onReceive(DAGScheduler.scala:2994)
[2025-05-31T05:22:49.581+0000] {spark_submit.py:644} INFO - at org.apache.spark.scheduler.DAGSchedulerEventProcessLoop.onReceive(DAGScheduler.scala:2983)
[2025-05-31T05:22:49.582+0000] {spark_submit.py:644} INFO - at org.apache.spark.util.EventLoop$$anon$1.run(EventLoop.scala:49)
[2025-05-31T05:22:49.582+0000] {spark_submit.py:644} INFO - at org.apache.spark.scheduler.DAGScheduler.runJob(DAGScheduler.scala:989)
[2025-05-31T05:22:49.582+0000] {spark_submit.py:644} INFO - at org.apache.spark.SparkContext.runJob(SparkContext.scala:2393)
[2025-05-31T05:22:49.582+0000] {spark_submit.py:644} INFO - at org.apache.spark.SparkContext.runJob(SparkContext.scala:2414)
[2025-05-31T05:22:49.583+0000] {spark_submit.py:644} INFO - at org.apache.spark.SparkContext.runJob(SparkContext.scala:2433)
[2025-05-31T05:22:49.583+0000] {spark_submit.py:644} INFO - at org.apache.spark.sql.execution.SparkPlan.executeTake(SparkPlan.scala:530)
[2025-05-31T05:22:49.586+0000] {spark_submit.py:644} INFO - at org.apache.spark.sql.execution.SparkPlan.executeTake(SparkPlan.scala:483)
[2025-05-31T05:22:49.587+0000] {spark_submit.py:644} INFO - at org.apache.spark.sql.execution.CollectLimitExec.executeCollect(limit.scala:61)
[2025-05-31T05:22:49.587+0000] {spark_submit.py:644} INFO - at org.apache.spark.sql.Dataset.collectFromPlan(Dataset.scala:4334)
[2025-05-31T05:22:49.588+0000] {spark_submit.py:644} INFO - at org.apache.spark.sql.Dataset.$anonfun$head$1(Dataset.scala:3316)
[2025-05-31T05:22:49.589+0000] {spark_submit.py:644} INFO - at org.apache.spark.sql.Dataset.$anonfun$withAction$2(Dataset.scala:4324)
[2025-05-31T05:22:49.590+0000] {spark_submit.py:644} INFO - at org.apache.spark.sql.execution.QueryExecution$.withInternalError(QueryExecution.scala:546)
[2025-05-31T05:22:49.590+0000] {spark_submit.py:644} INFO - at org.apache.spark.sql.Dataset.$anonfun$withAction$1(Dataset.scala:4322)
[2025-05-31T05:22:49.590+0000] {spark_submit.py:644} INFO - at org.apache.spark.sql.execution.SQLExecution$.$anonfun$withNewExecutionId$6(SQLExecution.scala:125)
[2025-05-31T05:22:49.590+0000] {spark_submit.py:644} INFO - at org.apache.spark.sql.execution.SQLExecution$.withSQLConfPropagated(SQLExecution.scala:201)
[2025-05-31T05:22:49.590+0000] {spark_submit.py:644} INFO - at org.apache.spark.sql.execution.SQLExecution$.$anonfun$withNewExecutionId$1(SQLExecution.scala:108)
[2025-05-31T05:22:49.591+0000] {spark_submit.py:644} INFO - at org.apache.spark.sql.SparkSession.withActive(SparkSession.scala:900)
[2025-05-31T05:22:49.591+0000] {spark_submit.py:644} INFO - at org.apache.spark.sql.execution.SQLExecution$.withNewExecutionId(SQLExecution.scala:66)
[2025-05-31T05:22:49.592+0000] {spark_submit.py:644} INFO - at org.apache.spark.sql.Dataset.withAction(Dataset.scala:4322)
[2025-05-31T05:22:49.592+0000] {spark_submit.py:644} INFO - at org.apache.spark.sql.Dataset.head(Dataset.scala:3316)
[2025-05-31T05:22:49.592+0000] {spark_submit.py:644} INFO - at org.apache.spark.sql.Dataset.take(Dataset.scala:3539)
[2025-05-31T05:22:49.593+0000] {spark_submit.py:644} INFO - at org.apache.spark.sql.Dataset.getRows(Dataset.scala:280)
[2025-05-31T05:22:49.593+0000] {spark_submit.py:644} INFO - at org.apache.spark.sql.Dataset.showString(Dataset.scala:315)
[2025-05-31T05:22:49.593+0000] {spark_submit.py:644} INFO - at java.base/jdk.internal.reflect.NativeMethodAccessorImpl.invoke0(Native Method)
[2025-05-31T05:22:49.593+0000] {spark_submit.py:644} INFO - at java.base/jdk.internal.reflect.NativeMethodAccessorImpl.invoke(NativeMethodAccessorImpl.java:77)
[2025-05-31T05:22:49.593+0000] {spark_submit.py:644} INFO - at java.base/jdk.internal.reflect.DelegatingMethodAccessorImpl.invoke(DelegatingMethodAccessorImpl.java:43)
[2025-05-31T05:22:49.593+0000] {spark_submit.py:644} INFO - at java.base/java.lang.reflect.Method.invoke(Method.java:569)
[2025-05-31T05:22:49.594+0000] {spark_submit.py:644} INFO - at py4j.reflection.MethodInvoker.invoke(MethodInvoker.java:244)
[2025-05-31T05:22:49.594+0000] {spark_submit.py:644} INFO - at py4j.reflection.ReflectionEngine.invoke(ReflectionEngine.java:374)
[2025-05-31T05:22:49.595+0000] {spark_submit.py:644} INFO - at py4j.Gateway.invoke(Gateway.java:282)
[2025-05-31T05:22:49.595+0000] {spark_submit.py:644} INFO - at py4j.commands.AbstractCommand.invokeMethod(AbstractCommand.java:132)
[2025-05-31T05:22:49.595+0000] {spark_submit.py:644} INFO - at py4j.commands.CallCommand.execute(CallCommand.java:79)
[2025-05-31T05:22:49.595+0000] {spark_submit.py:644} INFO - at py4j.ClientServerConnection.waitForCommands(ClientServerConnection.java:182)
[2025-05-31T05:22:49.595+0000] {spark_submit.py:644} INFO - at py4j.ClientServerConnection.run(ClientServerConnection.java:106)
[2025-05-31T05:22:49.595+0000] {spark_submit.py:644} INFO - at java.base/java.lang.Thread.run(Thread.java:840)
[2025-05-31T05:22:49.596+0000] {spark_submit.py:644} INFO - 
[2025-05-31T05:22:49.647+0000] {spark_submit.py:644} INFO - 25/05/31 05:22:49 INFO SparkContext: Invoking stop() from shutdown hook
[2025-05-31T05:22:49.648+0000] {spark_submit.py:644} INFO - 25/05/31 05:22:49 INFO SparkContext: SparkContext is stopping with exitCode 0.
[2025-05-31T05:22:49.655+0000] {spark_submit.py:644} INFO - 25/05/31 05:22:49 INFO SparkUI: Stopped Spark web UI at http://eb9714469121:4040
[2025-05-31T05:22:49.657+0000] {spark_submit.py:644} INFO - 25/05/31 05:22:49 INFO StandaloneSchedulerBackend: Shutting down all executors
[2025-05-31T05:22:49.657+0000] {spark_submit.py:644} INFO - 25/05/31 05:22:49 INFO StandaloneSchedulerBackend$StandaloneDriverEndpoint: Asking each executor to shut down
[2025-05-31T05:22:49.667+0000] {spark_submit.py:644} INFO - 25/05/31 05:22:49 INFO MapOutputTrackerMasterEndpoint: MapOutputTrackerMasterEndpoint stopped!
[2025-05-31T05:22:49.681+0000] {spark_submit.py:644} INFO - 25/05/31 05:22:49 INFO MemoryStore: MemoryStore cleared
[2025-05-31T05:22:49.685+0000] {spark_submit.py:644} INFO - 25/05/31 05:22:49 INFO BlockManager: BlockManager stopped
[2025-05-31T05:22:49.686+0000] {spark_submit.py:644} INFO - 25/05/31 05:22:49 INFO BlockManagerMaster: BlockManagerMaster stopped
[2025-05-31T05:22:49.690+0000] {spark_submit.py:644} INFO - 25/05/31 05:22:49 INFO OutputCommitCoordinator$OutputCommitCoordinatorEndpoint: OutputCommitCoordinator stopped!
[2025-05-31T05:22:49.692+0000] {spark_submit.py:644} INFO - 25/05/31 05:22:49 INFO SparkContext: Successfully stopped SparkContext
[2025-05-31T05:22:49.694+0000] {spark_submit.py:644} INFO - 25/05/31 05:22:49 INFO ShutdownHookManager: Shutdown hook called
[2025-05-31T05:22:49.694+0000] {spark_submit.py:644} INFO - 25/05/31 05:22:49 INFO ShutdownHookManager: Deleting directory /tmp/spark-13924a01-3348-4188-803d-41752b67fe59/pyspark-402060e2-9cd0-46f0-8cdd-5ba1d434c5cd
[2025-05-31T05:22:49.695+0000] {spark_submit.py:644} INFO - 25/05/31 05:22:49 INFO ShutdownHookManager: Deleting directory /tmp/spark-13924a01-3348-4188-803d-41752b67fe59
[2025-05-31T05:22:49.697+0000] {spark_submit.py:644} INFO - 25/05/31 05:22:49 INFO ShutdownHookManager: Deleting directory /tmp/spark-09a50491-0230-4c26-9d4a-bc2074a0512a
[2025-05-31T05:22:49.747+0000] {taskinstance.py:3311} ERROR - Task failed with exception
Traceback (most recent call last):
  File "/home/airflow/.local/lib/python3.11/site-packages/airflow/models/taskinstance.py", line 767, in _execute_task
    result = _execute_callable(context=context, **execute_callable_kwargs)
             ^^^^^^^^^^^^^^^^^^^^^^^^^^^^^^^^^^^^^^^^^^^^^^^^^^^^^^^^^^^^^
  File "/home/airflow/.local/lib/python3.11/site-packages/airflow/models/taskinstance.py", line 733, in _execute_callable
    return ExecutionCallableRunner(
           ^^^^^^^^^^^^^^^^^^^^^^^^
  File "/home/airflow/.local/lib/python3.11/site-packages/airflow/utils/operator_helpers.py", line 252, in run
    return self.func(*args, **kwargs)
           ^^^^^^^^^^^^^^^^^^^^^^^^^^
  File "/home/airflow/.local/lib/python3.11/site-packages/airflow/models/baseoperator.py", line 417, in wrapper
    return func(self, *args, **kwargs)
           ^^^^^^^^^^^^^^^^^^^^^^^^^^^
  File "/home/airflow/.local/lib/python3.11/site-packages/airflow/providers/apache/spark/operators/spark_submit.py", line 197, in execute
    self._hook.submit(self.application)
  File "/home/airflow/.local/lib/python3.11/site-packages/airflow/providers/apache/spark/hooks/spark_submit.py", line 566, in submit
    raise AirflowException(
airflow.exceptions.AirflowException: Cannot execute: spark-submit --master spark://spark-master:7077 --name medallion_sales_etl_spark_job --verbose --queue root.default --deploy-mode client /opt/***/dags/medallion_etl.py. Error code is: 1.
[2025-05-31T05:22:49.751+0000] {taskinstance.py:1225} INFO - Marking task as UP_FOR_RETRY. dag_id=medallion_sales_etl, task_id=submit_medallion_sales_etl_job, run_id=manual__2025-05-31T05:22:40.218489+00:00, execution_date=20250531T052240, start_date=20250531T052240, end_date=20250531T052249
[2025-05-31T05:22:49.760+0000] {taskinstance.py:340} INFO - ::group::Post task execution logs
[2025-05-31T05:22:49.760+0000] {standard_task_runner.py:124} ERROR - Failed to execute job 4 for task submit_medallion_sales_etl_job (Cannot execute: spark-submit --master spark://spark-master:7077 --name medallion_sales_etl_spark_job --verbose --queue root.default --deploy-mode client /opt/***/dags/medallion_etl.py. Error code is: 1.; 457)
Traceback (most recent call last):
  File "/home/airflow/.local/lib/python3.11/site-packages/airflow/task/task_runner/standard_task_runner.py", line 117, in _start_by_fork
    ret = args.func(args, dag=self.dag)
          ^^^^^^^^^^^^^^^^^^^^^^^^^^^^^
  File "/home/airflow/.local/lib/python3.11/site-packages/airflow/cli/cli_config.py", line 49, in command
    return func(*args, **kwargs)
           ^^^^^^^^^^^^^^^^^^^^^
  File "/home/airflow/.local/lib/python3.11/site-packages/airflow/utils/cli.py", line 116, in wrapper
    return f(*args, **kwargs)
           ^^^^^^^^^^^^^^^^^^
  File "/home/airflow/.local/lib/python3.11/site-packages/airflow/cli/commands/task_command.py", line 483, in task_run
    task_return_code = _run_task_by_selected_method(args, _dag, ti)
                       ^^^^^^^^^^^^^^^^^^^^^^^^^^^^^^^^^^^^^^^^^^^^
  File "/home/airflow/.local/lib/python3.11/site-packages/airflow/cli/commands/task_command.py", line 256, in _run_task_by_selected_method
    return _run_raw_task(args, ti)
           ^^^^^^^^^^^^^^^^^^^^^^^
  File "/home/airflow/.local/lib/python3.11/site-packages/airflow/cli/commands/task_command.py", line 341, in _run_raw_task
    return ti._run_raw_task(
           ^^^^^^^^^^^^^^^^^
  File "/home/airflow/.local/lib/python3.11/site-packages/airflow/utils/session.py", line 97, in wrapper
    return func(*args, session=session, **kwargs)
           ^^^^^^^^^^^^^^^^^^^^^^^^^^^^^^^^^^^^^^
  File "/home/airflow/.local/lib/python3.11/site-packages/airflow/models/taskinstance.py", line 3005, in _run_raw_task
    return _run_raw_task(
           ^^^^^^^^^^^^^^
  File "/home/airflow/.local/lib/python3.11/site-packages/airflow/models/taskinstance.py", line 273, in _run_raw_task
    TaskInstance._execute_task_with_callbacks(
  File "/home/airflow/.local/lib/python3.11/site-packages/airflow/models/taskinstance.py", line 3159, in _execute_task_with_callbacks
    result = self._execute_task(context, task_orig)
             ^^^^^^^^^^^^^^^^^^^^^^^^^^^^^^^^^^^^^^
  File "/home/airflow/.local/lib/python3.11/site-packages/airflow/models/taskinstance.py", line 3183, in _execute_task
    return _execute_task(self, context, task_orig)
           ^^^^^^^^^^^^^^^^^^^^^^^^^^^^^^^^^^^^^^^
  File "/home/airflow/.local/lib/python3.11/site-packages/airflow/models/taskinstance.py", line 767, in _execute_task
    result = _execute_callable(context=context, **execute_callable_kwargs)
             ^^^^^^^^^^^^^^^^^^^^^^^^^^^^^^^^^^^^^^^^^^^^^^^^^^^^^^^^^^^^^
  File "/home/airflow/.local/lib/python3.11/site-packages/airflow/models/taskinstance.py", line 733, in _execute_callable
    return ExecutionCallableRunner(
           ^^^^^^^^^^^^^^^^^^^^^^^^
  File "/home/airflow/.local/lib/python3.11/site-packages/airflow/utils/operator_helpers.py", line 252, in run
    return self.func(*args, **kwargs)
           ^^^^^^^^^^^^^^^^^^^^^^^^^^
  File "/home/airflow/.local/lib/python3.11/site-packages/airflow/models/baseoperator.py", line 417, in wrapper
    return func(self, *args, **kwargs)
           ^^^^^^^^^^^^^^^^^^^^^^^^^^^
  File "/home/airflow/.local/lib/python3.11/site-packages/airflow/providers/apache/spark/operators/spark_submit.py", line 197, in execute
    self._hook.submit(self.application)
  File "/home/airflow/.local/lib/python3.11/site-packages/airflow/providers/apache/spark/hooks/spark_submit.py", line 566, in submit
    raise AirflowException(
airflow.exceptions.AirflowException: Cannot execute: spark-submit --master spark://spark-master:7077 --name medallion_sales_etl_spark_job --verbose --queue root.default --deploy-mode client /opt/***/dags/medallion_etl.py. Error code is: 1.
[2025-05-31T05:22:49.790+0000] {local_task_job_runner.py:266} INFO - Task exited with return code 1
[2025-05-31T05:22:49.802+0000] {taskinstance.py:3895} INFO - 0 downstream tasks scheduled from follow-on schedule check
[2025-05-31T05:22:49.802+0000] {local_task_job_runner.py:245} INFO - ::endgroup::
