[2025-06-03T06:09:35.639+0000] {local_task_job_runner.py:123} INFO - ::group::Pre task execution logs
[2025-06-03T06:09:35.650+0000] {taskinstance.py:2613} INFO - Dependencies all met for dep_context=non-requeueable deps ti=<TaskInstance: curry_medallion_etl.submit_bronze_etl_job manual__2025-06-03T06:09:34.055538+00:00 [queued]>
[2025-06-03T06:09:35.653+0000] {taskinstance.py:2613} INFO - Dependencies all met for dep_context=requeueable deps ti=<TaskInstance: curry_medallion_etl.submit_bronze_etl_job manual__2025-06-03T06:09:34.055538+00:00 [queued]>
[2025-06-03T06:09:35.653+0000] {taskinstance.py:2866} INFO - Starting attempt 1 of 1
[2025-06-03T06:09:35.658+0000] {taskinstance.py:2889} INFO - Executing <Task(SparkSubmitOperator): submit_bronze_etl_job> on 2025-06-03 06:09:34.055538+00:00
[2025-06-03T06:09:35.660+0000] {standard_task_runner.py:72} INFO - Started process 295 to run task
[2025-06-03T06:09:35.662+0000] {standard_task_runner.py:104} INFO - Running: ['***', 'tasks', 'run', 'curry_medallion_etl', 'submit_bronze_etl_job', 'manual__2025-06-03T06:09:34.055538+00:00', '--job-id', '5', '--raw', '--subdir', 'DAGS_FOLDER/medallion_sales_etl_dag.py', '--cfg-path', '/tmp/tmp47hmy_l_']
[2025-06-03T06:09:35.664+0000] {standard_task_runner.py:105} INFO - Job 5: Subtask submit_bronze_etl_job
[2025-06-03T06:09:35.693+0000] {task_command.py:467} INFO - Running <TaskInstance: curry_medallion_etl.submit_bronze_etl_job manual__2025-06-03T06:09:34.055538+00:00 [running]> on host eff93630df4f
[2025-06-03T06:09:35.741+0000] {taskinstance.py:3132} INFO - Exporting env vars: AIRFLOW_CTX_DAG_OWNER='qdinh18' AIRFLOW_CTX_DAG_ID='curry_medallion_etl' AIRFLOW_CTX_TASK_ID='submit_bronze_etl_job' AIRFLOW_CTX_EXECUTION_DATE='2025-06-03T06:09:34.055538+00:00' AIRFLOW_CTX_TRY_NUMBER='1' AIRFLOW_CTX_DAG_RUN_ID='manual__2025-06-03T06:09:34.055538+00:00'
[2025-06-03T06:09:35.741+0000] {taskinstance.py:731} INFO - ::endgroup::
[2025-06-03T06:09:35.757+0000] {base.py:84} INFO - Retrieving connection 'spark_default'
[2025-06-03T06:09:35.759+0000] {spark_submit.py:474} INFO - Spark-Submit cmd: spark-submit --master spark://spark-master:7077 --conf spark.executor.memory=2g --conf spark.sql.extensions=io.delta.sql.DeltaSparkSessionExtension --conf spark.sql.catalog.spark_catalog=org.apache.spark.sql.delta.catalog.DeltaCatalog --conf spark.hadoop.fs.s3a.endpoint=http://minio:9000 --conf spark.hadoop.fs.s3a.access.key=minioadmin --conf spark.hadoop.fs.s3a.secret.key=****** --conf spark.hadoop.fs.s3a.path.style.access=true --conf spark.hadoop.fs.s3a.impl=org.apache.hadoop.fs.s3a.S3AFileSystem --packages org.apache.hadoop:hadoop-aws:3.3.4,com.amazonaws:aws-java-sdk-bundle:1.12.262,io.delta:delta-spark_2.12:3.1.0 --name bronze_sc_stats_etl --verbose --queue root.default --deploy-mode client /opt/***/dags/bronze_ingestion_sc_stats_etl.py --output_path s3a://mybucket/bronze/curry_raw_data/
[2025-06-03T06:09:36.379+0000] {spark_submit.py:644} INFO - Using properties file: null
[2025-06-03T06:09:36.434+0000] {spark_submit.py:644} INFO - Parsed arguments:
[2025-06-03T06:09:36.434+0000] {spark_submit.py:644} INFO - master                  spark://spark-master:7077
[2025-06-03T06:09:36.435+0000] {spark_submit.py:644} INFO - remote                  null
[2025-06-03T06:09:36.435+0000] {spark_submit.py:644} INFO - deployMode              client
[2025-06-03T06:09:36.435+0000] {spark_submit.py:644} INFO - executorMemory          2g
[2025-06-03T06:09:36.435+0000] {spark_submit.py:644} INFO - executorCores           null
[2025-06-03T06:09:36.435+0000] {spark_submit.py:644} INFO - totalExecutorCores      null
[2025-06-03T06:09:36.435+0000] {spark_submit.py:644} INFO - propertiesFile          null
[2025-06-03T06:09:36.436+0000] {spark_submit.py:644} INFO - driverMemory            null
[2025-06-03T06:09:36.436+0000] {spark_submit.py:644} INFO - driverCores             null
[2025-06-03T06:09:36.436+0000] {spark_submit.py:644} INFO - driverExtraClassPath    null
[2025-06-03T06:09:36.436+0000] {spark_submit.py:644} INFO - driverExtraLibraryPath  null
[2025-06-03T06:09:36.436+0000] {spark_submit.py:644} INFO - driverExtraJavaOptions  null
[2025-06-03T06:09:36.436+0000] {spark_submit.py:644} INFO - supervise               false
[2025-06-03T06:09:36.437+0000] {spark_submit.py:644} INFO - queue                   root.default
[2025-06-03T06:09:36.437+0000] {spark_submit.py:644} INFO - numExecutors            null
[2025-06-03T06:09:36.437+0000] {spark_submit.py:644} INFO - files                   null
[2025-06-03T06:09:36.437+0000] {spark_submit.py:644} INFO - pyFiles                 null
[2025-06-03T06:09:36.437+0000] {spark_submit.py:644} INFO - archives                null
[2025-06-03T06:09:36.437+0000] {spark_submit.py:644} INFO - mainClass               null
[2025-06-03T06:09:36.437+0000] {spark_submit.py:644} INFO - primaryResource         file:/opt/***/dags/bronze_ingestion_sc_stats_etl.py
[2025-06-03T06:09:36.437+0000] {spark_submit.py:644} INFO - name                    bronze_sc_stats_etl
[2025-06-03T06:09:36.437+0000] {spark_submit.py:644} INFO - childArgs               [--output_path s3a://mybucket/bronze/curry_raw_data/]
[2025-06-03T06:09:36.438+0000] {spark_submit.py:644} INFO - jars                    null
[2025-06-03T06:09:36.438+0000] {spark_submit.py:644} INFO - packages                org.apache.hadoop:hadoop-aws:3.3.4,com.amazonaws:aws-java-sdk-bundle:1.12.262,io.delta:delta-spark_2.12:3.1.0
[2025-06-03T06:09:36.438+0000] {spark_submit.py:644} INFO - packagesExclusions      null
[2025-06-03T06:09:36.438+0000] {spark_submit.py:644} INFO - repositories            null
[2025-06-03T06:09:36.438+0000] {spark_submit.py:644} INFO - verbose                 true
[2025-06-03T06:09:36.438+0000] {spark_submit.py:644} INFO - 
[2025-06-03T06:09:36.438+0000] {spark_submit.py:644} INFO - Spark properties used, including those specified through
[2025-06-03T06:09:36.438+0000] {spark_submit.py:644} INFO - --conf and those from the properties file null:
[2025-06-03T06:09:36.439+0000] {spark_submit.py:644} INFO - (spark.executor.memory,2g)
[2025-06-03T06:09:36.439+0000] {spark_submit.py:644} INFO - (spark.hadoop.fs.s3a.access.key,*********(redacted))
[2025-06-03T06:09:36.439+0000] {spark_submit.py:644} INFO - (spark.hadoop.fs.s3a.endpoint,http://minio:9000)
[2025-06-03T06:09:36.439+0000] {spark_submit.py:644} INFO - (spark.hadoop.fs.s3a.impl,org.apache.hadoop.fs.s3a.S3AFileSystem)
[2025-06-03T06:09:36.439+0000] {spark_submit.py:644} INFO - (spark.hadoop.fs.s3a.path.style.access,true)
[2025-06-03T06:09:36.439+0000] {spark_submit.py:644} INFO - (spark.hadoop.fs.s3a.secret.key,*********(redacted))
[2025-06-03T06:09:36.439+0000] {spark_submit.py:644} INFO - (spark.sql.catalog.spark_catalog,org.apache.spark.sql.delta.catalog.DeltaCatalog)
[2025-06-03T06:09:36.439+0000] {spark_submit.py:644} INFO - (spark.sql.extensions,io.delta.sql.DeltaSparkSessionExtension)
[2025-06-03T06:09:36.439+0000] {spark_submit.py:644} INFO - 
[2025-06-03T06:09:36.440+0000] {spark_submit.py:644} INFO - 
[2025-06-03T06:09:36.517+0000] {spark_submit.py:644} INFO - :: loading settings :: url = jar:file:/home/***/.local/lib/python3.11/site-packages/pyspark/jars/ivy-2.5.1.jar!/org/apache/ivy/core/settings/ivysettings.xml
[2025-06-03T06:09:36.564+0000] {spark_submit.py:644} INFO - Ivy Default Cache set to: /home/***/.ivy2/cache
[2025-06-03T06:09:36.565+0000] {spark_submit.py:644} INFO - The jars for the packages stored in: /home/***/.ivy2/jars
[2025-06-03T06:09:36.567+0000] {spark_submit.py:644} INFO - org.apache.hadoop#hadoop-aws added as a dependency
[2025-06-03T06:09:36.567+0000] {spark_submit.py:644} INFO - com.amazonaws#aws-java-sdk-bundle added as a dependency
[2025-06-03T06:09:36.567+0000] {spark_submit.py:644} INFO - io.delta#delta-spark_2.12 added as a dependency
[2025-06-03T06:09:36.567+0000] {spark_submit.py:644} INFO - :: resolving dependencies :: org.apache.spark#spark-submit-parent-824832d5-094e-4eaa-b324-eea362e02903;1.0
[2025-06-03T06:09:36.567+0000] {spark_submit.py:644} INFO - confs: [default]
[2025-06-03T06:09:40.474+0000] {spark_submit.py:644} INFO - found org.apache.hadoop#hadoop-aws;3.3.4 in central
[2025-06-03T06:09:42.030+0000] {spark_submit.py:644} INFO - found com.amazonaws#aws-java-sdk-bundle;1.12.262 in central
[2025-06-03T06:09:44.287+0000] {spark_submit.py:644} INFO - found org.wildfly.openssl#wildfly-openssl;1.0.7.Final in central
[2025-06-03T06:09:44.651+0000] {spark_submit.py:644} INFO - found io.delta#delta-spark_2.12;3.1.0 in central
[2025-06-03T06:09:45.006+0000] {spark_submit.py:644} INFO - found io.delta#delta-storage;3.1.0 in central
[2025-06-03T06:09:47.668+0000] {spark_submit.py:644} INFO - found org.antlr#antlr4-runtime;4.9.3 in central
[2025-06-03T06:09:47.848+0000] {spark_submit.py:644} INFO - downloading https://repo1.maven.org/maven2/org/apache/hadoop/hadoop-aws/3.3.4/hadoop-aws-3.3.4.jar ...
[2025-06-03T06:09:48.510+0000] {spark_submit.py:644} INFO - [SUCCESSFUL ] org.apache.hadoop#hadoop-aws;3.3.4!hadoop-aws.jar (832ms)
[2025-06-03T06:09:48.681+0000] {spark_submit.py:644} INFO - downloading https://repo1.maven.org/maven2/com/amazonaws/aws-java-sdk-bundle/1.12.262/aws-java-sdk-bundle-1.12.262.jar ...
[2025-06-03T06:10:00.424+0000] {spark_submit.py:644} INFO - [SUCCESSFUL ] com.amazonaws#aws-java-sdk-bundle;1.12.262!aws-java-sdk-bundle.jar (11914ms)
[2025-06-03T06:10:00.595+0000] {spark_submit.py:644} INFO - downloading https://repo1.maven.org/maven2/io/delta/delta-spark_2.12/3.1.0/delta-spark_2.12-3.1.0.jar ...
[2025-06-03T06:10:00.971+0000] {spark_submit.py:644} INFO - [SUCCESSFUL ] io.delta#delta-spark_2.12;3.1.0!delta-spark_2.12.jar (545ms)
[2025-06-03T06:10:01.140+0000] {spark_submit.py:644} INFO - downloading https://repo1.maven.org/maven2/org/wildfly/openssl/wildfly-openssl/1.0.7.Final/wildfly-openssl-1.0.7.Final.jar ...
[2025-06-03T06:10:01.315+0000] {spark_submit.py:644} INFO - [SUCCESSFUL ] org.wildfly.openssl#wildfly-openssl;1.0.7.Final!wildfly-openssl.jar (344ms)
[2025-06-03T06:10:01.483+0000] {spark_submit.py:644} INFO - downloading https://repo1.maven.org/maven2/io/delta/delta-storage/3.1.0/delta-storage-3.1.0.jar ...
[2025-06-03T06:10:01.655+0000] {spark_submit.py:644} INFO - [SUCCESSFUL ] io.delta#delta-storage;3.1.0!delta-storage.jar (338ms)
[2025-06-03T06:10:01.825+0000] {spark_submit.py:644} INFO - downloading https://repo1.maven.org/maven2/org/antlr/antlr4-runtime/4.9.3/antlr4-runtime-4.9.3.jar ...
[2025-06-03T06:10:02.005+0000] {spark_submit.py:644} INFO - [SUCCESSFUL ] org.antlr#antlr4-runtime;4.9.3!antlr4-runtime.jar (348ms)
[2025-06-03T06:10:02.005+0000] {spark_submit.py:644} INFO - :: resolution report :: resolve 11109ms :: artifacts dl 14329ms
[2025-06-03T06:10:02.006+0000] {spark_submit.py:644} INFO - :: modules in use:
[2025-06-03T06:10:02.006+0000] {spark_submit.py:644} INFO - com.amazonaws#aws-java-sdk-bundle;1.12.262 from central in [default]
[2025-06-03T06:10:02.006+0000] {spark_submit.py:644} INFO - io.delta#delta-spark_2.12;3.1.0 from central in [default]
[2025-06-03T06:10:02.007+0000] {spark_submit.py:644} INFO - io.delta#delta-storage;3.1.0 from central in [default]
[2025-06-03T06:10:02.007+0000] {spark_submit.py:644} INFO - org.antlr#antlr4-runtime;4.9.3 from central in [default]
[2025-06-03T06:10:02.007+0000] {spark_submit.py:644} INFO - org.apache.hadoop#hadoop-aws;3.3.4 from central in [default]
[2025-06-03T06:10:02.008+0000] {spark_submit.py:644} INFO - org.wildfly.openssl#wildfly-openssl;1.0.7.Final from central in [default]
[2025-06-03T06:10:02.008+0000] {spark_submit.py:644} INFO - ---------------------------------------------------------------------
[2025-06-03T06:10:02.009+0000] {spark_submit.py:644} INFO - |                  |            modules            ||   artifacts   |
[2025-06-03T06:10:02.009+0000] {spark_submit.py:644} INFO - |       conf       | number| search|dwnlded|evicted|| number|dwnlded|
[2025-06-03T06:10:02.009+0000] {spark_submit.py:644} INFO - ---------------------------------------------------------------------
[2025-06-03T06:10:02.010+0000] {spark_submit.py:644} INFO - |      default     |   6   |   6   |   6   |   0   ||   6   |   6   |
[2025-06-03T06:10:02.010+0000] {spark_submit.py:644} INFO - ---------------------------------------------------------------------
[2025-06-03T06:10:02.011+0000] {spark_submit.py:644} INFO - :: retrieving :: org.apache.spark#spark-submit-parent-824832d5-094e-4eaa-b324-eea362e02903
[2025-06-03T06:10:02.011+0000] {spark_submit.py:644} INFO - confs: [default]
[2025-06-03T06:10:02.233+0000] {spark_submit.py:644} INFO - 6 artifacts copied, 0 already retrieved (281149kB/223ms)
[2025-06-03T06:10:02.348+0000] {spark_submit.py:644} INFO - 25/06/03 06:10:02 WARN NativeCodeLoader: Unable to load native-hadoop library for your platform... using builtin-java classes where applicable
[2025-06-03T06:10:02.448+0000] {spark_submit.py:644} INFO - Main class:
[2025-06-03T06:10:02.448+0000] {spark_submit.py:644} INFO - org.apache.spark.deploy.PythonRunner
[2025-06-03T06:10:02.448+0000] {spark_submit.py:644} INFO - Arguments:
[2025-06-03T06:10:02.449+0000] {spark_submit.py:644} INFO - file:/opt/***/dags/bronze_ingestion_sc_stats_etl.py
[2025-06-03T06:10:02.449+0000] {spark_submit.py:644} INFO - file:///home/***/.ivy2/jars/org.apache.hadoop_hadoop-aws-3.3.4.jar,file:///home/***/.ivy2/jars/com.amazonaws_aws-java-sdk-bundle-1.12.262.jar,file:///home/***/.ivy2/jars/io.delta_delta-spark_2.12-3.1.0.jar,file:///home/***/.ivy2/jars/org.wildfly.openssl_wildfly-openssl-1.0.7.Final.jar,file:///home/***/.ivy2/jars/io.delta_delta-storage-3.1.0.jar,file:///home/***/.ivy2/jars/org.antlr_antlr4-runtime-4.9.3.jar
[2025-06-03T06:10:02.449+0000] {spark_submit.py:644} INFO - --output_path
[2025-06-03T06:10:02.449+0000] {spark_submit.py:644} INFO - s3a://mybucket/bronze/curry_raw_data/
[2025-06-03T06:10:02.449+0000] {spark_submit.py:644} INFO - Spark config:
[2025-06-03T06:10:02.450+0000] {spark_submit.py:644} INFO - (spark.app.name,bronze_sc_stats_etl)
[2025-06-03T06:10:02.450+0000] {spark_submit.py:644} INFO - (spark.app.submitTime,1748931002440)
[2025-06-03T06:10:02.450+0000] {spark_submit.py:644} INFO - (spark.executor.memory,2g)
[2025-06-03T06:10:02.450+0000] {spark_submit.py:644} INFO - (spark.files,file:///home/***/.ivy2/jars/org.apache.hadoop_hadoop-aws-3.3.4.jar,file:///home/***/.ivy2/jars/com.amazonaws_aws-java-sdk-bundle-1.12.262.jar,file:///home/***/.ivy2/jars/io.delta_delta-spark_2.12-3.1.0.jar,file:///home/***/.ivy2/jars/org.wildfly.openssl_wildfly-openssl-1.0.7.Final.jar,file:///home/***/.ivy2/jars/io.delta_delta-storage-3.1.0.jar,file:///home/***/.ivy2/jars/org.antlr_antlr4-runtime-4.9.3.jar)
[2025-06-03T06:10:02.450+0000] {spark_submit.py:644} INFO - (spark.hadoop.fs.s3a.access.key,*********(redacted))
[2025-06-03T06:10:02.450+0000] {spark_submit.py:644} INFO - (spark.hadoop.fs.s3a.endpoint,http://minio:9000)
[2025-06-03T06:10:02.450+0000] {spark_submit.py:644} INFO - (spark.hadoop.fs.s3a.impl,org.apache.hadoop.fs.s3a.S3AFileSystem)
[2025-06-03T06:10:02.450+0000] {spark_submit.py:644} INFO - (spark.hadoop.fs.s3a.path.style.access,true)
[2025-06-03T06:10:02.451+0000] {spark_submit.py:644} INFO - (spark.hadoop.fs.s3a.secret.key,*********(redacted))
[2025-06-03T06:10:02.451+0000] {spark_submit.py:644} INFO - (spark.jars,file:///home/***/.ivy2/jars/org.apache.hadoop_hadoop-aws-3.3.4.jar,file:///home/***/.ivy2/jars/com.amazonaws_aws-java-sdk-bundle-1.12.262.jar,file:///home/***/.ivy2/jars/io.delta_delta-spark_2.12-3.1.0.jar,file:///home/***/.ivy2/jars/org.wildfly.openssl_wildfly-openssl-1.0.7.Final.jar,file:///home/***/.ivy2/jars/io.delta_delta-storage-3.1.0.jar,file:///home/***/.ivy2/jars/org.antlr_antlr4-runtime-4.9.3.jar)
[2025-06-03T06:10:02.451+0000] {spark_submit.py:644} INFO - (spark.master,spark://spark-master:7077)
[2025-06-03T06:10:02.451+0000] {spark_submit.py:644} INFO - (spark.repl.local.jars,file:///home/***/.ivy2/jars/org.apache.hadoop_hadoop-aws-3.3.4.jar,file:///home/***/.ivy2/jars/com.amazonaws_aws-java-sdk-bundle-1.12.262.jar,file:///home/***/.ivy2/jars/io.delta_delta-spark_2.12-3.1.0.jar,file:///home/***/.ivy2/jars/org.wildfly.openssl_wildfly-openssl-1.0.7.Final.jar,file:///home/***/.ivy2/jars/io.delta_delta-storage-3.1.0.jar,file:///home/***/.ivy2/jars/org.antlr_antlr4-runtime-4.9.3.jar)
[2025-06-03T06:10:02.451+0000] {spark_submit.py:644} INFO - (spark.sql.catalog.spark_catalog,org.apache.spark.sql.delta.catalog.DeltaCatalog)
[2025-06-03T06:10:02.452+0000] {spark_submit.py:644} INFO - (spark.sql.extensions,io.delta.sql.DeltaSparkSessionExtension)
[2025-06-03T06:10:02.452+0000] {spark_submit.py:644} INFO - (spark.submit.deployMode,client)
[2025-06-03T06:10:02.452+0000] {spark_submit.py:644} INFO - (spark.submit.pyFiles,/home/***/.ivy2/jars/org.apache.hadoop_hadoop-aws-3.3.4.jar,/home/***/.ivy2/jars/com.amazonaws_aws-java-sdk-bundle-1.12.262.jar,/home/***/.ivy2/jars/io.delta_delta-spark_2.12-3.1.0.jar,/home/***/.ivy2/jars/org.wildfly.openssl_wildfly-openssl-1.0.7.Final.jar,/home/***/.ivy2/jars/io.delta_delta-storage-3.1.0.jar,/home/***/.ivy2/jars/org.antlr_antlr4-runtime-4.9.3.jar)
[2025-06-03T06:10:02.452+0000] {spark_submit.py:644} INFO - Classpath elements:
[2025-06-03T06:10:02.452+0000] {spark_submit.py:644} INFO - file:///home/***/.ivy2/jars/org.apache.hadoop_hadoop-aws-3.3.4.jar
[2025-06-03T06:10:02.452+0000] {spark_submit.py:644} INFO - file:///home/***/.ivy2/jars/com.amazonaws_aws-java-sdk-bundle-1.12.262.jar
[2025-06-03T06:10:02.453+0000] {spark_submit.py:644} INFO - file:///home/***/.ivy2/jars/io.delta_delta-spark_2.12-3.1.0.jar
[2025-06-03T06:10:02.453+0000] {spark_submit.py:644} INFO - file:///home/***/.ivy2/jars/org.wildfly.openssl_wildfly-openssl-1.0.7.Final.jar
[2025-06-03T06:10:02.453+0000] {spark_submit.py:644} INFO - file:///home/***/.ivy2/jars/io.delta_delta-storage-3.1.0.jar
[2025-06-03T06:10:02.453+0000] {spark_submit.py:644} INFO - file:///home/***/.ivy2/jars/org.antlr_antlr4-runtime-4.9.3.jar
[2025-06-03T06:10:02.453+0000] {spark_submit.py:644} INFO - 
[2025-06-03T06:10:02.453+0000] {spark_submit.py:644} INFO - 
[2025-06-03T06:10:03.100+0000] {spark_submit.py:644} INFO - 25/06/03 06:10:03 INFO SparkContext: Running Spark version 3.5.2
[2025-06-03T06:10:03.101+0000] {spark_submit.py:644} INFO - 25/06/03 06:10:03 INFO SparkContext: OS info Linux, 6.10.14-linuxkit, aarch64
[2025-06-03T06:10:03.101+0000] {spark_submit.py:644} INFO - 25/06/03 06:10:03 INFO SparkContext: Java version 17.0.15
[2025-06-03T06:10:03.113+0000] {spark_submit.py:644} INFO - 25/06/03 06:10:03 INFO ResourceUtils: ==============================================================
[2025-06-03T06:10:03.113+0000] {spark_submit.py:644} INFO - 25/06/03 06:10:03 INFO ResourceUtils: No custom resources configured for spark.driver.
[2025-06-03T06:10:03.113+0000] {spark_submit.py:644} INFO - 25/06/03 06:10:03 INFO ResourceUtils: ==============================================================
[2025-06-03T06:10:03.113+0000] {spark_submit.py:644} INFO - 25/06/03 06:10:03 INFO SparkContext: Submitted application: BronzeIngestionStephenCurryStats
[2025-06-03T06:10:03.126+0000] {spark_submit.py:644} INFO - 25/06/03 06:10:03 INFO ResourceProfile: Default ResourceProfile created, executor resources: Map(memory -> name: memory, amount: 2048, script: , vendor: , offHeap -> name: offHeap, amount: 0, script: , vendor: ), task resources: Map(cpus -> name: cpus, amount: 1.0)
[2025-06-03T06:10:03.130+0000] {spark_submit.py:644} INFO - 25/06/03 06:10:03 INFO ResourceProfile: Limiting resource is cpu
[2025-06-03T06:10:03.131+0000] {spark_submit.py:644} INFO - 25/06/03 06:10:03 INFO ResourceProfileManager: Added ResourceProfile id: 0
[2025-06-03T06:10:03.163+0000] {spark_submit.py:644} INFO - 25/06/03 06:10:03 INFO SecurityManager: Changing view acls to: ***
[2025-06-03T06:10:03.164+0000] {spark_submit.py:644} INFO - 25/06/03 06:10:03 INFO SecurityManager: Changing modify acls to: ***
[2025-06-03T06:10:03.164+0000] {spark_submit.py:644} INFO - 25/06/03 06:10:03 INFO SecurityManager: Changing view acls groups to:
[2025-06-03T06:10:03.164+0000] {spark_submit.py:644} INFO - 25/06/03 06:10:03 INFO SecurityManager: Changing modify acls groups to:
[2025-06-03T06:10:03.164+0000] {spark_submit.py:644} INFO - 25/06/03 06:10:03 INFO SecurityManager: SecurityManager: authentication disabled; ui acls disabled; users with view permissions: ***; groups with view permissions: EMPTY; users with modify permissions: ***; groups with modify permissions: EMPTY
[2025-06-03T06:10:03.289+0000] {spark_submit.py:644} INFO - 25/06/03 06:10:03 INFO Utils: Successfully started service 'sparkDriver' on port 45227.
[2025-06-03T06:10:03.310+0000] {spark_submit.py:644} INFO - 25/06/03 06:10:03 INFO SparkEnv: Registering MapOutputTracker
[2025-06-03T06:10:03.331+0000] {spark_submit.py:644} INFO - 25/06/03 06:10:03 INFO SparkEnv: Registering BlockManagerMaster
[2025-06-03T06:10:03.341+0000] {spark_submit.py:644} INFO - 25/06/03 06:10:03 INFO BlockManagerMasterEndpoint: Using org.apache.spark.storage.DefaultTopologyMapper for getting topology information
[2025-06-03T06:10:03.341+0000] {spark_submit.py:644} INFO - 25/06/03 06:10:03 INFO BlockManagerMasterEndpoint: BlockManagerMasterEndpoint up
[2025-06-03T06:10:03.344+0000] {spark_submit.py:644} INFO - 25/06/03 06:10:03 INFO SparkEnv: Registering BlockManagerMasterHeartbeat
[2025-06-03T06:10:03.358+0000] {spark_submit.py:644} INFO - 25/06/03 06:10:03 INFO DiskBlockManager: Created local directory at /tmp/blockmgr-227085ea-f38b-4063-8faf-037b233561fe
[2025-06-03T06:10:03.366+0000] {spark_submit.py:644} INFO - 25/06/03 06:10:03 INFO MemoryStore: MemoryStore started with capacity 434.4 MiB
[2025-06-03T06:10:03.374+0000] {spark_submit.py:644} INFO - 25/06/03 06:10:03 INFO SparkEnv: Registering OutputCommitCoordinator
[2025-06-03T06:10:03.454+0000] {spark_submit.py:644} INFO - 25/06/03 06:10:03 INFO JettyUtils: Start Jetty 0.0.0.0:4040 for SparkUI
[2025-06-03T06:10:03.492+0000] {spark_submit.py:644} INFO - 25/06/03 06:10:03 INFO Utils: Successfully started service 'SparkUI' on port 4040.
[2025-06-03T06:10:03.513+0000] {spark_submit.py:644} INFO - 25/06/03 06:10:03 INFO SparkContext: Added JAR file:///home/***/.ivy2/jars/org.apache.hadoop_hadoop-aws-3.3.4.jar at spark://eff93630df4f:45227/jars/org.apache.hadoop_hadoop-aws-3.3.4.jar with timestamp 1748931003095
[2025-06-03T06:10:03.514+0000] {spark_submit.py:644} INFO - 25/06/03 06:10:03 INFO SparkContext: Added JAR file:///home/***/.ivy2/jars/com.amazonaws_aws-java-sdk-bundle-1.12.262.jar at spark://eff93630df4f:45227/jars/com.amazonaws_aws-java-sdk-bundle-1.12.262.jar with timestamp 1748931003095
[2025-06-03T06:10:03.514+0000] {spark_submit.py:644} INFO - 25/06/03 06:10:03 INFO SparkContext: Added JAR file:///home/***/.ivy2/jars/io.delta_delta-spark_2.12-3.1.0.jar at spark://eff93630df4f:45227/jars/io.delta_delta-spark_2.12-3.1.0.jar with timestamp 1748931003095
[2025-06-03T06:10:03.514+0000] {spark_submit.py:644} INFO - 25/06/03 06:10:03 INFO SparkContext: Added JAR file:///home/***/.ivy2/jars/org.wildfly.openssl_wildfly-openssl-1.0.7.Final.jar at spark://eff93630df4f:45227/jars/org.wildfly.openssl_wildfly-openssl-1.0.7.Final.jar with timestamp 1748931003095
[2025-06-03T06:10:03.514+0000] {spark_submit.py:644} INFO - 25/06/03 06:10:03 INFO SparkContext: Added JAR file:///home/***/.ivy2/jars/io.delta_delta-storage-3.1.0.jar at spark://eff93630df4f:45227/jars/io.delta_delta-storage-3.1.0.jar with timestamp 1748931003095
[2025-06-03T06:10:03.514+0000] {spark_submit.py:644} INFO - 25/06/03 06:10:03 INFO SparkContext: Added JAR file:///home/***/.ivy2/jars/org.antlr_antlr4-runtime-4.9.3.jar at spark://eff93630df4f:45227/jars/org.antlr_antlr4-runtime-4.9.3.jar with timestamp 1748931003095
[2025-06-03T06:10:03.515+0000] {spark_submit.py:644} INFO - 25/06/03 06:10:03 INFO SparkContext: Added file file:///home/***/.ivy2/jars/org.apache.hadoop_hadoop-aws-3.3.4.jar at spark://eff93630df4f:45227/files/org.apache.hadoop_hadoop-aws-3.3.4.jar with timestamp 1748931003095
[2025-06-03T06:10:03.516+0000] {spark_submit.py:644} INFO - 25/06/03 06:10:03 INFO Utils: Copying /home/***/.ivy2/jars/org.apache.hadoop_hadoop-aws-3.3.4.jar to /tmp/spark-e7124dd3-850e-42aa-8026-e7227803de72/userFiles-d35bf12b-8880-448e-b244-4b3c0535f377/org.apache.hadoop_hadoop-aws-3.3.4.jar
[2025-06-03T06:10:03.525+0000] {spark_submit.py:644} INFO - 25/06/03 06:10:03 INFO SparkContext: Added file file:///home/***/.ivy2/jars/com.amazonaws_aws-java-sdk-bundle-1.12.262.jar at spark://eff93630df4f:45227/files/com.amazonaws_aws-java-sdk-bundle-1.12.262.jar with timestamp 1748931003095
[2025-06-03T06:10:03.525+0000] {spark_submit.py:644} INFO - 25/06/03 06:10:03 INFO Utils: Copying /home/***/.ivy2/jars/com.amazonaws_aws-java-sdk-bundle-1.12.262.jar to /tmp/spark-e7124dd3-850e-42aa-8026-e7227803de72/userFiles-d35bf12b-8880-448e-b244-4b3c0535f377/com.amazonaws_aws-java-sdk-bundle-1.12.262.jar
[2025-06-03T06:10:03.657+0000] {spark_submit.py:644} INFO - 25/06/03 06:10:03 INFO SparkContext: Added file file:///home/***/.ivy2/jars/io.delta_delta-spark_2.12-3.1.0.jar at spark://eff93630df4f:45227/files/io.delta_delta-spark_2.12-3.1.0.jar with timestamp 1748931003095
[2025-06-03T06:10:03.658+0000] {spark_submit.py:644} INFO - 25/06/03 06:10:03 INFO Utils: Copying /home/***/.ivy2/jars/io.delta_delta-spark_2.12-3.1.0.jar to /tmp/spark-e7124dd3-850e-42aa-8026-e7227803de72/userFiles-d35bf12b-8880-448e-b244-4b3c0535f377/io.delta_delta-spark_2.12-3.1.0.jar
[2025-06-03T06:10:03.663+0000] {spark_submit.py:644} INFO - 25/06/03 06:10:03 INFO SparkContext: Added file file:///home/***/.ivy2/jars/org.wildfly.openssl_wildfly-openssl-1.0.7.Final.jar at spark://eff93630df4f:45227/files/org.wildfly.openssl_wildfly-openssl-1.0.7.Final.jar with timestamp 1748931003095
[2025-06-03T06:10:03.663+0000] {spark_submit.py:644} INFO - 25/06/03 06:10:03 INFO Utils: Copying /home/***/.ivy2/jars/org.wildfly.openssl_wildfly-openssl-1.0.7.Final.jar to /tmp/spark-e7124dd3-850e-42aa-8026-e7227803de72/userFiles-d35bf12b-8880-448e-b244-4b3c0535f377/org.wildfly.openssl_wildfly-openssl-1.0.7.Final.jar
[2025-06-03T06:10:03.666+0000] {spark_submit.py:644} INFO - 25/06/03 06:10:03 INFO SparkContext: Added file file:///home/***/.ivy2/jars/io.delta_delta-storage-3.1.0.jar at spark://eff93630df4f:45227/files/io.delta_delta-storage-3.1.0.jar with timestamp 1748931003095
[2025-06-03T06:10:03.666+0000] {spark_submit.py:644} INFO - 25/06/03 06:10:03 INFO Utils: Copying /home/***/.ivy2/jars/io.delta_delta-storage-3.1.0.jar to /tmp/spark-e7124dd3-850e-42aa-8026-e7227803de72/userFiles-d35bf12b-8880-448e-b244-4b3c0535f377/io.delta_delta-storage-3.1.0.jar
[2025-06-03T06:10:03.670+0000] {spark_submit.py:644} INFO - 25/06/03 06:10:03 INFO SparkContext: Added file file:///home/***/.ivy2/jars/org.antlr_antlr4-runtime-4.9.3.jar at spark://eff93630df4f:45227/files/org.antlr_antlr4-runtime-4.9.3.jar with timestamp 1748931003095
[2025-06-03T06:10:03.672+0000] {spark_submit.py:644} INFO - 25/06/03 06:10:03 INFO Utils: Copying /home/***/.ivy2/jars/org.antlr_antlr4-runtime-4.9.3.jar to /tmp/spark-e7124dd3-850e-42aa-8026-e7227803de72/userFiles-d35bf12b-8880-448e-b244-4b3c0535f377/org.antlr_antlr4-runtime-4.9.3.jar
[2025-06-03T06:10:03.790+0000] {spark_submit.py:644} INFO - 25/06/03 06:10:03 INFO StandaloneAppClient$ClientEndpoint: Connecting to master spark://spark-master:7077...
[2025-06-03T06:10:03.819+0000] {spark_submit.py:644} INFO - 25/06/03 06:10:03 INFO TransportClientFactory: Successfully created connection to spark-master/172.18.0.5:7077 after 16 ms (0 ms spent in bootstraps)
[2025-06-03T06:10:03.909+0000] {spark_submit.py:644} INFO - 25/06/03 06:10:03 INFO StandaloneSchedulerBackend: Connected to Spark cluster with app ID app-20250603061003-0000
[2025-06-03T06:10:03.915+0000] {spark_submit.py:644} INFO - 25/06/03 06:10:03 INFO Utils: Successfully started service 'org.apache.spark.network.netty.NettyBlockTransferService' on port 34113.
[2025-06-03T06:10:03.916+0000] {spark_submit.py:644} INFO - 25/06/03 06:10:03 INFO NettyBlockTransferService: Server created on eff93630df4f:34113
[2025-06-03T06:10:03.917+0000] {spark_submit.py:644} INFO - 25/06/03 06:10:03 INFO BlockManager: Using org.apache.spark.storage.RandomBlockReplicationPolicy for block replication policy
[2025-06-03T06:10:03.923+0000] {spark_submit.py:644} INFO - 25/06/03 06:10:03 INFO BlockManagerMaster: Registering BlockManager BlockManagerId(driver, eff93630df4f, 34113, None)
[2025-06-03T06:10:03.925+0000] {spark_submit.py:644} INFO - 25/06/03 06:10:03 INFO BlockManagerMasterEndpoint: Registering block manager eff93630df4f:34113 with 434.4 MiB RAM, BlockManagerId(driver, eff93630df4f, 34113, None)
[2025-06-03T06:10:03.928+0000] {spark_submit.py:644} INFO - 25/06/03 06:10:03 INFO BlockManagerMaster: Registered BlockManager BlockManagerId(driver, eff93630df4f, 34113, None)
[2025-06-03T06:10:03.929+0000] {spark_submit.py:644} INFO - 25/06/03 06:10:03 INFO BlockManager: Initialized BlockManager: BlockManagerId(driver, eff93630df4f, 34113, None)
[2025-06-03T06:10:03.929+0000] {spark_submit.py:644} INFO - 25/06/03 06:10:03 INFO StandaloneAppClient$ClientEndpoint: Executor added: app-20250603061003-0000/0 on worker-20250603060346-172.18.0.7-40055 (172.18.0.7:40055) with 4 core(s)
[2025-06-03T06:10:03.930+0000] {spark_submit.py:644} INFO - 25/06/03 06:10:03 INFO StandaloneSchedulerBackend: Granted executor ID app-20250603061003-0000/0 on hostPort 172.18.0.7:40055 with 4 core(s), 2.0 GiB RAM
[2025-06-03T06:10:04.025+0000] {spark_submit.py:644} INFO - 25/06/03 06:10:04 INFO StandaloneAppClient$ClientEndpoint: Executor updated: app-20250603061003-0000/0 is now RUNNING
[2025-06-03T06:10:04.084+0000] {spark_submit.py:644} INFO - 25/06/03 06:10:04 INFO StandaloneSchedulerBackend: SchedulerBackend is ready for scheduling beginning after reached minRegisteredResourcesRatio: 0.0
[2025-06-03T06:10:04.270+0000] {spark_submit.py:644} INFO - Bronze Ingestion: Spark session created.
[2025-06-03T06:10:04.275+0000] {spark_submit.py:644} INFO - 25/06/03 06:10:04 INFO SharedState: Setting hive.metastore.warehouse.dir ('null') to the value of spark.sql.warehouse.dir.
[2025-06-03T06:10:04.356+0000] {spark_submit.py:644} INFO - 25/06/03 06:10:04 WARN MetricsConfig: Cannot locate configuration: tried hadoop-metrics2-s3a-file-system.properties,hadoop-metrics2.properties
[2025-06-03T06:10:04.364+0000] {spark_submit.py:644} INFO - 25/06/03 06:10:04 INFO MetricsSystemImpl: Scheduled Metric snapshot period at 10 second(s).
[2025-06-03T06:10:04.364+0000] {spark_submit.py:644} INFO - 25/06/03 06:10:04 INFO MetricsSystemImpl: s3a-file-system metrics system started
[2025-06-03T06:10:04.700+0000] {spark_submit.py:644} INFO - 25/06/03 06:10:04 INFO SharedState: Warehouse path is 's3a://mybucket'.
[2025-06-03T06:10:05.360+0000] {spark_submit.py:644} INFO - 25/06/03 06:10:05 INFO InMemoryFileIndex: It took 29 ms to list leaf files for 1 paths.
[2025-06-03T06:10:05.429+0000] {spark_submit.py:644} INFO - 25/06/03 06:10:05 INFO StandaloneSchedulerBackend$StandaloneDriverEndpoint: Registered executor NettyRpcEndpointRef(spark-client://Executor) (172.18.0.7:37440) with ID 0,  ResourceProfileId 0
[2025-06-03T06:10:05.480+0000] {spark_submit.py:644} INFO - 25/06/03 06:10:05 INFO BlockManagerMasterEndpoint: Registering block manager 172.18.0.7:38815 with 1048.8 MiB RAM, BlockManagerId(0, 172.18.0.7, 38815, None)
[2025-06-03T06:10:06.030+0000] {spark_submit.py:644} INFO - Successfully loaded Stephen Curry stats from: /opt/***/data/Stephen Curry Stats.parquet
[2025-06-03T06:10:06.846+0000] {spark_submit.py:644} INFO - 25/06/03 06:10:06 INFO HiveConf: Found configuration file null
[2025-06-03T06:10:06.854+0000] {spark_submit.py:644} INFO - 25/06/03 06:10:06 INFO HiveUtils: Initializing HiveMetastoreConnection version 2.3.9 using Spark classes.
[2025-06-03T06:10:06.969+0000] {spark_submit.py:644} INFO - 25/06/03 06:10:06 INFO HiveClientImpl: Warehouse location for Hive client (version 2.3.9) is s3a://mybucket
[2025-06-03T06:10:06.997+0000] {spark_submit.py:644} INFO - 25/06/03 06:10:06 INFO metastore: Trying to connect to metastore with URI thrift://hive-metastore:9083
[2025-06-03T06:10:07.012+0000] {spark_submit.py:644} INFO - 25/06/03 06:10:07 INFO metastore: Opened a connection to metastore, current connections: 1
[2025-06-03T06:10:07.045+0000] {spark_submit.py:644} INFO - 25/06/03 06:10:07 INFO metastore: Connected to metastore.
[2025-06-03T06:10:07.422+0000] {spark_submit.py:644} INFO - Writing data to Bronze layer at: s3a://mybucket/bronze/curry_raw_data/
[2025-06-03T06:10:07.507+0000] {spark_submit.py:644} INFO - 25/06/03 06:10:07 WARN SparkStringUtils: Truncated the string representation of a plan since it was too large. This behavior can be adjusted by setting 'spark.sql.debug.maxToStringFields'.
[2025-06-03T06:10:07.556+0000] {spark_submit.py:644} INFO - 25/06/03 06:10:07 INFO FileSourceStrategy: Pushed Filters:
[2025-06-03T06:10:07.557+0000] {spark_submit.py:644} INFO - 25/06/03 06:10:07 INFO FileSourceStrategy: Post-Scan Filters:
[2025-06-03T06:10:07.796+0000] {spark_submit.py:644} INFO - 25/06/03 06:10:07 INFO ParquetUtils: Using default output committer for Parquet: org.apache.parquet.hadoop.ParquetOutputCommitter
[2025-06-03T06:10:07.813+0000] {spark_submit.py:644} INFO - 25/06/03 06:10:07 INFO FileOutputCommitter: File Output Committer Algorithm version is 1
[2025-06-03T06:10:07.813+0000] {spark_submit.py:644} INFO - 25/06/03 06:10:07 INFO FileOutputCommitter: FileOutputCommitter skip cleanup _temporary folders under output directory:false, ignore cleanup failures: false
[2025-06-03T06:10:07.814+0000] {spark_submit.py:644} INFO - 25/06/03 06:10:07 INFO SQLHadoopMapReduceCommitProtocol: Using user defined output committer class org.apache.parquet.hadoop.ParquetOutputCommitter
[2025-06-03T06:10:07.814+0000] {spark_submit.py:644} INFO - 25/06/03 06:10:07 INFO FileOutputCommitter: File Output Committer Algorithm version is 1
[2025-06-03T06:10:07.814+0000] {spark_submit.py:644} INFO - 25/06/03 06:10:07 INFO FileOutputCommitter: FileOutputCommitter skip cleanup _temporary folders under output directory:false, ignore cleanup failures: false
[2025-06-03T06:10:07.814+0000] {spark_submit.py:644} INFO - 25/06/03 06:10:07 INFO SQLHadoopMapReduceCommitProtocol: Using output committer class org.apache.parquet.hadoop.ParquetOutputCommitter
[2025-06-03T06:10:08.046+0000] {spark_submit.py:644} INFO - 25/06/03 06:10:08 INFO CodeGenerator: Code generated in 136.279833 ms
[2025-06-03T06:10:08.079+0000] {spark_submit.py:644} INFO - 25/06/03 06:10:08 INFO MemoryStore: Block broadcast_0 stored as values in memory (estimated size 209.8 KiB, free 434.2 MiB)
[2025-06-03T06:10:08.124+0000] {spark_submit.py:644} INFO - 25/06/03 06:10:08 INFO MemoryStore: Block broadcast_0_piece0 stored as bytes in memory (estimated size 37.2 KiB, free 434.2 MiB)
[2025-06-03T06:10:08.125+0000] {spark_submit.py:644} INFO - 25/06/03 06:10:08 INFO BlockManagerInfo: Added broadcast_0_piece0 in memory on eff93630df4f:34113 (size: 37.2 KiB, free: 434.4 MiB)
[2025-06-03T06:10:08.129+0000] {spark_submit.py:644} INFO - 25/06/03 06:10:08 INFO SparkContext: Created broadcast 0 from saveAsTable at NativeMethodAccessorImpl.java:0
[2025-06-03T06:10:08.138+0000] {spark_submit.py:644} INFO - 25/06/03 06:10:08 INFO FileSourceScanExec: Planning scan with bin packing, max size: 4194304 bytes, open cost is considered as scanning 4194304 bytes.
[2025-06-03T06:10:08.246+0000] {spark_submit.py:644} INFO - 25/06/03 06:10:08 INFO SparkContext: Starting job: saveAsTable at NativeMethodAccessorImpl.java:0
[2025-06-03T06:10:08.260+0000] {spark_submit.py:644} INFO - 25/06/03 06:10:08 INFO DAGScheduler: Got job 0 (saveAsTable at NativeMethodAccessorImpl.java:0) with 1 output partitions
[2025-06-03T06:10:08.260+0000] {spark_submit.py:644} INFO - 25/06/03 06:10:08 INFO DAGScheduler: Final stage: ResultStage 0 (saveAsTable at NativeMethodAccessorImpl.java:0)
[2025-06-03T06:10:08.260+0000] {spark_submit.py:644} INFO - 25/06/03 06:10:08 INFO DAGScheduler: Parents of final stage: List()
[2025-06-03T06:10:08.261+0000] {spark_submit.py:644} INFO - 25/06/03 06:10:08 INFO DAGScheduler: Missing parents: List()
[2025-06-03T06:10:08.262+0000] {spark_submit.py:644} INFO - 25/06/03 06:10:08 INFO DAGScheduler: Submitting ResultStage 0 (MapPartitionsRDD[3] at saveAsTable at NativeMethodAccessorImpl.java:0), which has no missing parents
[2025-06-03T06:10:08.316+0000] {spark_submit.py:644} INFO - 25/06/03 06:10:08 INFO MemoryStore: Block broadcast_1 stored as values in memory (estimated size 241.7 KiB, free 433.9 MiB)
[2025-06-03T06:10:08.319+0000] {spark_submit.py:644} INFO - 25/06/03 06:10:08 INFO MemoryStore: Block broadcast_1_piece0 stored as bytes in memory (estimated size 83.1 KiB, free 433.8 MiB)
[2025-06-03T06:10:08.320+0000] {spark_submit.py:644} INFO - 25/06/03 06:10:08 INFO BlockManagerInfo: Added broadcast_1_piece0 in memory on eff93630df4f:34113 (size: 83.1 KiB, free: 434.3 MiB)
[2025-06-03T06:10:08.320+0000] {spark_submit.py:644} INFO - 25/06/03 06:10:08 INFO SparkContext: Created broadcast 1 from broadcast at DAGScheduler.scala:1585
[2025-06-03T06:10:08.333+0000] {spark_submit.py:644} INFO - 25/06/03 06:10:08 INFO DAGScheduler: Submitting 1 missing tasks from ResultStage 0 (MapPartitionsRDD[3] at saveAsTable at NativeMethodAccessorImpl.java:0) (first 15 tasks are for partitions Vector(0))
[2025-06-03T06:10:08.334+0000] {spark_submit.py:644} INFO - 25/06/03 06:10:08 INFO TaskSchedulerImpl: Adding task set 0.0 with 1 tasks resource profile 0
[2025-06-03T06:10:08.354+0000] {spark_submit.py:644} INFO - 25/06/03 06:10:08 INFO TaskSetManager: Starting task 0.0 in stage 0.0 (TID 0) (172.18.0.7, executor 0, partition 0, PROCESS_LOCAL, 10805 bytes)
[2025-06-03T06:10:08.519+0000] {spark_submit.py:644} INFO - 25/06/03 06:10:08 INFO BlockManagerInfo: Added broadcast_1_piece0 in memory on 172.18.0.7:38815 (size: 83.1 KiB, free: 1048.7 MiB)
[2025-06-03T06:10:09.930+0000] {spark_submit.py:644} INFO - 25/06/03 06:10:09 INFO BlockManagerInfo: Added broadcast_0_piece0 in memory on 172.18.0.7:38815 (size: 37.2 KiB, free: 1048.7 MiB)
[2025-06-03T06:10:10.412+0000] {spark_submit.py:644} INFO - 25/06/03 06:10:10 INFO TaskSetManager: Finished task 0.0 in stage 0.0 (TID 0) in 2064 ms on 172.18.0.7 (executor 0) (1/1)
[2025-06-03T06:10:10.413+0000] {spark_submit.py:644} INFO - 25/06/03 06:10:10 INFO TaskSchedulerImpl: Removed TaskSet 0.0, whose tasks have all completed, from pool
[2025-06-03T06:10:10.416+0000] {spark_submit.py:644} INFO - 25/06/03 06:10:10 INFO DAGScheduler: ResultStage 0 (saveAsTable at NativeMethodAccessorImpl.java:0) finished in 2.147 s
[2025-06-03T06:10:10.417+0000] {spark_submit.py:644} INFO - 25/06/03 06:10:10 INFO DAGScheduler: Job 0 is finished. Cancelling potential speculative or zombie tasks for this job
[2025-06-03T06:10:10.417+0000] {spark_submit.py:644} INFO - 25/06/03 06:10:10 INFO TaskSchedulerImpl: Killing all running tasks in stage 0: Stage finished
[2025-06-03T06:10:10.419+0000] {spark_submit.py:644} INFO - 25/06/03 06:10:10 INFO DAGScheduler: Job 0 finished: saveAsTable at NativeMethodAccessorImpl.java:0, took 2.172342 s
[2025-06-03T06:10:10.420+0000] {spark_submit.py:644} INFO - 25/06/03 06:10:10 INFO FileFormatWriter: Start to commit write Job 4ca98946-c225-4d84-8697-33cabb4ae370.
[2025-06-03T06:10:10.545+0000] {spark_submit.py:644} INFO - 25/06/03 06:10:10 INFO FileFormatWriter: Write Job 4ca98946-c225-4d84-8697-33cabb4ae370 committed. Elapsed time: 124 ms.
[2025-06-03T06:10:10.546+0000] {spark_submit.py:644} INFO - 25/06/03 06:10:10 INFO FileFormatWriter: Finished processing stats for write job 4ca98946-c225-4d84-8697-33cabb4ae370.
[2025-06-03T06:10:10.568+0000] {spark_submit.py:644} INFO - 25/06/03 06:10:10 INFO InMemoryFileIndex: It took 4 ms to list leaf files for 1 paths.
[2025-06-03T06:10:10.599+0000] {spark_submit.py:644} INFO - 25/06/03 06:10:10 INFO HiveExternalCatalog: Persisting file based data source table `spark_catalog`.`sc_stats_db`.`bronze_sc_stats` into Hive metastore in Hive compatible format.
[2025-06-03T06:10:10.635+0000] {spark_submit.py:644} INFO - 25/06/03 06:10:10 INFO SQLStdHiveAccessController: Created SQLStdHiveAccessController for session context : HiveAuthzSessionContext [sessionString=529a2fb2-099b-4096-ab21-c0d767d51550, clientType=HIVECLI]
[2025-06-03T06:10:10.636+0000] {spark_submit.py:644} INFO - 25/06/03 06:10:10 WARN SessionState: METASTORE_FILTER_HOOK will be ignored, since hive.security.authorization.manager is set to instance of HiveAuthorizerFactory.
[2025-06-03T06:10:10.637+0000] {spark_submit.py:644} INFO - 25/06/03 06:10:10 INFO metastore: Mestastore configuration hive.metastore.filter.hook changed from org.apache.hadoop.hive.metastore.DefaultMetaStoreFilterHookImpl to org.apache.hadoop.hive.ql.security.authorization.plugin.AuthorizationMetaStoreFilterHook
[2025-06-03T06:10:10.639+0000] {spark_submit.py:644} INFO - 25/06/03 06:10:10 INFO metastore: Closed a connection to metastore, current connections: 0
[2025-06-03T06:10:10.640+0000] {spark_submit.py:644} INFO - 25/06/03 06:10:10 INFO metastore: Trying to connect to metastore with URI thrift://hive-metastore:9083
[2025-06-03T06:10:10.640+0000] {spark_submit.py:644} INFO - 25/06/03 06:10:10 INFO metastore: Opened a connection to metastore, current connections: 1
[2025-06-03T06:10:10.641+0000] {spark_submit.py:644} INFO - 25/06/03 06:10:10 INFO metastore: Connected to metastore.
[2025-06-03T06:10:10.689+0000] {spark_submit.py:644} INFO - 25/06/03 06:10:10 INFO metastore: Trying to connect to metastore with URI thrift://hive-metastore:9083
[2025-06-03T06:10:10.690+0000] {spark_submit.py:644} INFO - 25/06/03 06:10:10 INFO metastore: Opened a connection to metastore, current connections: 2
[2025-06-03T06:10:10.690+0000] {spark_submit.py:644} INFO - 25/06/03 06:10:10 INFO metastore: Connected to metastore.
[2025-06-03T06:10:10.939+0000] {spark_submit.py:644} INFO - Successfully wrote data to: s3a://mybucket/bronze/curry_raw_data/ and registered table sc_stats_db.bronze_sc_stats
[2025-06-03T06:10:10.940+0000] {spark_submit.py:644} INFO - Bronze ingestion job completed successfully.
[2025-06-03T06:10:10.940+0000] {spark_submit.py:644} INFO - 25/06/03 06:10:10 INFO SparkContext: SparkContext is stopping with exitCode 0.
[2025-06-03T06:10:10.948+0000] {spark_submit.py:644} INFO - 25/06/03 06:10:10 INFO SparkUI: Stopped Spark web UI at http://eff93630df4f:4040
[2025-06-03T06:10:10.950+0000] {spark_submit.py:644} INFO - 25/06/03 06:10:10 INFO StandaloneSchedulerBackend: Shutting down all executors
[2025-06-03T06:10:10.950+0000] {spark_submit.py:644} INFO - 25/06/03 06:10:10 INFO StandaloneSchedulerBackend$StandaloneDriverEndpoint: Asking each executor to shut down
[2025-06-03T06:10:10.967+0000] {spark_submit.py:644} INFO - 25/06/03 06:10:10 INFO MapOutputTrackerMasterEndpoint: MapOutputTrackerMasterEndpoint stopped!
[2025-06-03T06:10:10.978+0000] {spark_submit.py:644} INFO - 25/06/03 06:10:10 INFO MemoryStore: MemoryStore cleared
[2025-06-03T06:10:10.978+0000] {spark_submit.py:644} INFO - 25/06/03 06:10:10 INFO BlockManager: BlockManager stopped
[2025-06-03T06:10:10.984+0000] {spark_submit.py:644} INFO - 25/06/03 06:10:10 INFO BlockManagerMaster: BlockManagerMaster stopped
[2025-06-03T06:10:10.985+0000] {spark_submit.py:644} INFO - 25/06/03 06:10:10 INFO OutputCommitCoordinator$OutputCommitCoordinatorEndpoint: OutputCommitCoordinator stopped!
[2025-06-03T06:10:11.008+0000] {spark_submit.py:644} INFO - 25/06/03 06:10:11 INFO SparkContext: Successfully stopped SparkContext
[2025-06-03T06:10:11.194+0000] {spark_submit.py:644} INFO - 25/06/03 06:10:11 INFO ShutdownHookManager: Shutdown hook called
[2025-06-03T06:10:11.194+0000] {spark_submit.py:644} INFO - 25/06/03 06:10:11 INFO ShutdownHookManager: Deleting directory /tmp/spark-e7124dd3-850e-42aa-8026-e7227803de72/pyspark-035b53cb-93d1-418f-a663-553350fa5172
[2025-06-03T06:10:11.196+0000] {spark_submit.py:644} INFO - 25/06/03 06:10:11 INFO ShutdownHookManager: Deleting directory /tmp/spark-716c8aac-24d5-4dc9-a90c-c5ec539f2087
[2025-06-03T06:10:11.198+0000] {spark_submit.py:644} INFO - 25/06/03 06:10:11 INFO ShutdownHookManager: Deleting directory /tmp/spark-e7124dd3-850e-42aa-8026-e7227803de72
[2025-06-03T06:10:11.201+0000] {spark_submit.py:644} INFO - 25/06/03 06:10:11 INFO MetricsSystemImpl: Stopping s3a-file-system metrics system...
[2025-06-03T06:10:11.201+0000] {spark_submit.py:644} INFO - 25/06/03 06:10:11 INFO MetricsSystemImpl: s3a-file-system metrics system stopped.
[2025-06-03T06:10:11.201+0000] {spark_submit.py:644} INFO - 25/06/03 06:10:11 INFO MetricsSystemImpl: s3a-file-system metrics system shutdown complete.
[2025-06-03T06:10:11.248+0000] {taskinstance.py:340} INFO - ::group::Post task execution logs
[2025-06-03T06:10:11.249+0000] {taskinstance.py:352} INFO - Marking task as SUCCESS. dag_id=curry_medallion_etl, task_id=submit_bronze_etl_job, run_id=manual__2025-06-03T06:09:34.055538+00:00, execution_date=20250603T060934, start_date=20250603T060935, end_date=20250603T061011
[2025-06-03T06:10:11.300+0000] {local_task_job_runner.py:266} INFO - Task exited with return code 0
[2025-06-03T06:10:11.314+0000] {taskinstance.py:3895} INFO - 1 downstream tasks scheduled from follow-on schedule check
[2025-06-03T06:10:11.315+0000] {local_task_job_runner.py:245} INFO - ::endgroup::
