[2025-06-03T07:18:07.369+0000] {local_task_job_runner.py:123} INFO - ::group::Pre task execution logs
[2025-06-03T07:18:07.381+0000] {taskinstance.py:2613} INFO - Dependencies all met for dep_context=non-requeueable deps ti=<TaskInstance: curry_medallion_etl.submit_silver_to_gold_job manual__2025-06-03T07:17:42.038314+00:00 [queued]>
[2025-06-03T07:18:07.385+0000] {taskinstance.py:2613} INFO - Dependencies all met for dep_context=requeueable deps ti=<TaskInstance: curry_medallion_etl.submit_silver_to_gold_job manual__2025-06-03T07:17:42.038314+00:00 [queued]>
[2025-06-03T07:18:07.385+0000] {taskinstance.py:2866} INFO - Starting attempt 1 of 1
[2025-06-03T07:18:07.391+0000] {taskinstance.py:2889} INFO - Executing <Task(SparkSubmitOperator): submit_silver_to_gold_job> on 2025-06-03 07:17:42.038314+00:00
[2025-06-03T07:18:07.393+0000] {standard_task_runner.py:72} INFO - Started process 2158 to run task
[2025-06-03T07:18:07.395+0000] {standard_task_runner.py:104} INFO - Running: ['***', 'tasks', 'run', 'curry_medallion_etl', 'submit_silver_to_gold_job', 'manual__2025-06-03T07:17:42.038314+00:00', '--job-id', '12', '--raw', '--subdir', 'DAGS_FOLDER/medallion_sales_etl_dag.py', '--cfg-path', '/tmp/tmp17pc2ywu']
[2025-06-03T07:18:07.397+0000] {standard_task_runner.py:105} INFO - Job 12: Subtask submit_silver_to_gold_job
[2025-06-03T07:18:07.424+0000] {task_command.py:467} INFO - Running <TaskInstance: curry_medallion_etl.submit_silver_to_gold_job manual__2025-06-03T07:17:42.038314+00:00 [running]> on host eff93630df4f
[2025-06-03T07:18:07.481+0000] {taskinstance.py:3132} INFO - Exporting env vars: AIRFLOW_CTX_DAG_OWNER='qdinh18' AIRFLOW_CTX_DAG_ID='curry_medallion_etl' AIRFLOW_CTX_TASK_ID='submit_silver_to_gold_job' AIRFLOW_CTX_EXECUTION_DATE='2025-06-03T07:17:42.038314+00:00' AIRFLOW_CTX_TRY_NUMBER='1' AIRFLOW_CTX_DAG_RUN_ID='manual__2025-06-03T07:17:42.038314+00:00'
[2025-06-03T07:18:07.482+0000] {taskinstance.py:731} INFO - ::endgroup::
[2025-06-03T07:18:07.524+0000] {base.py:84} INFO - Retrieving connection 'spark_default'
[2025-06-03T07:18:07.525+0000] {spark_submit.py:474} INFO - Spark-Submit cmd: spark-submit --master spark://spark-master:7077 --conf spark.executor.memory=2g --conf spark.sql.extensions=io.delta.sql.DeltaSparkSessionExtension --conf spark.sql.catalog.spark_catalog=org.apache.spark.sql.delta.catalog.DeltaCatalog --conf spark.hadoop.fs.s3a.endpoint=http://minio:9000 --conf spark.hadoop.fs.s3a.access.key=minioadmin --conf spark.hadoop.fs.s3a.secret.key=****** --conf spark.hadoop.fs.s3a.path.style.access=true --conf spark.hadoop.fs.s3a.impl=org.apache.hadoop.fs.s3a.S3AFileSystem --packages org.apache.hadoop:hadoop-aws:3.3.4,com.amazonaws:aws-java-sdk-bundle:1.12.262,io.delta:delta-spark_2.12:3.1.0 --name silver_to_gold_sc_summary_etl --verbose --queue root.default --deploy-mode client /opt/***/dags/silver_to_gold_sc_summary_etl.py --input_path s3a://mybucket/silver/curry_transformed/ --output_path s3a://mybucket/gold/season_summary/
[2025-06-03T07:18:08.474+0000] {spark_submit.py:644} INFO - Using properties file: null
[2025-06-03T07:18:08.528+0000] {spark_submit.py:644} INFO - Parsed arguments:
[2025-06-03T07:18:08.529+0000] {spark_submit.py:644} INFO - master                  spark://spark-master:7077
[2025-06-03T07:18:08.529+0000] {spark_submit.py:644} INFO - remote                  null
[2025-06-03T07:18:08.529+0000] {spark_submit.py:644} INFO - deployMode              client
[2025-06-03T07:18:08.529+0000] {spark_submit.py:644} INFO - executorMemory          2g
[2025-06-03T07:18:08.529+0000] {spark_submit.py:644} INFO - executorCores           null
[2025-06-03T07:18:08.530+0000] {spark_submit.py:644} INFO - totalExecutorCores      null
[2025-06-03T07:18:08.530+0000] {spark_submit.py:644} INFO - propertiesFile          null
[2025-06-03T07:18:08.530+0000] {spark_submit.py:644} INFO - driverMemory            null
[2025-06-03T07:18:08.530+0000] {spark_submit.py:644} INFO - driverCores             null
[2025-06-03T07:18:08.530+0000] {spark_submit.py:644} INFO - driverExtraClassPath    null
[2025-06-03T07:18:08.530+0000] {spark_submit.py:644} INFO - driverExtraLibraryPath  null
[2025-06-03T07:18:08.530+0000] {spark_submit.py:644} INFO - driverExtraJavaOptions  null
[2025-06-03T07:18:08.530+0000] {spark_submit.py:644} INFO - supervise               false
[2025-06-03T07:18:08.530+0000] {spark_submit.py:644} INFO - queue                   root.default
[2025-06-03T07:18:08.530+0000] {spark_submit.py:644} INFO - numExecutors            null
[2025-06-03T07:18:08.530+0000] {spark_submit.py:644} INFO - files                   null
[2025-06-03T07:18:08.531+0000] {spark_submit.py:644} INFO - pyFiles                 null
[2025-06-03T07:18:08.531+0000] {spark_submit.py:644} INFO - archives                null
[2025-06-03T07:18:08.531+0000] {spark_submit.py:644} INFO - mainClass               null
[2025-06-03T07:18:08.531+0000] {spark_submit.py:644} INFO - primaryResource         file:/opt/***/dags/silver_to_gold_sc_summary_etl.py
[2025-06-03T07:18:08.531+0000] {spark_submit.py:644} INFO - name                    silver_to_gold_sc_summary_etl
[2025-06-03T07:18:08.531+0000] {spark_submit.py:644} INFO - childArgs               [--input_path s3a://mybucket/silver/curry_transformed/ --output_path s3a://mybucket/gold/season_summary/]
[2025-06-03T07:18:08.531+0000] {spark_submit.py:644} INFO - jars                    null
[2025-06-03T07:18:08.531+0000] {spark_submit.py:644} INFO - packages                org.apache.hadoop:hadoop-aws:3.3.4,com.amazonaws:aws-java-sdk-bundle:1.12.262,io.delta:delta-spark_2.12:3.1.0
[2025-06-03T07:18:08.531+0000] {spark_submit.py:644} INFO - packagesExclusions      null
[2025-06-03T07:18:08.531+0000] {spark_submit.py:644} INFO - repositories            null
[2025-06-03T07:18:08.531+0000] {spark_submit.py:644} INFO - verbose                 true
[2025-06-03T07:18:08.532+0000] {spark_submit.py:644} INFO - 
[2025-06-03T07:18:08.532+0000] {spark_submit.py:644} INFO - Spark properties used, including those specified through
[2025-06-03T07:18:08.532+0000] {spark_submit.py:644} INFO - --conf and those from the properties file null:
[2025-06-03T07:18:08.532+0000] {spark_submit.py:644} INFO - (spark.executor.memory,2g)
[2025-06-03T07:18:08.532+0000] {spark_submit.py:644} INFO - (spark.hadoop.fs.s3a.access.key,*********(redacted))
[2025-06-03T07:18:08.532+0000] {spark_submit.py:644} INFO - (spark.hadoop.fs.s3a.endpoint,http://minio:9000)
[2025-06-03T07:18:08.533+0000] {spark_submit.py:644} INFO - (spark.hadoop.fs.s3a.impl,org.apache.hadoop.fs.s3a.S3AFileSystem)
[2025-06-03T07:18:08.533+0000] {spark_submit.py:644} INFO - (spark.hadoop.fs.s3a.path.style.access,true)
[2025-06-03T07:18:08.533+0000] {spark_submit.py:644} INFO - (spark.hadoop.fs.s3a.secret.key,*********(redacted))
[2025-06-03T07:18:08.533+0000] {spark_submit.py:644} INFO - (spark.sql.catalog.spark_catalog,org.apache.spark.sql.delta.catalog.DeltaCatalog)
[2025-06-03T07:18:08.533+0000] {spark_submit.py:644} INFO - (spark.sql.extensions,io.delta.sql.DeltaSparkSessionExtension)
[2025-06-03T07:18:08.533+0000] {spark_submit.py:644} INFO - 
[2025-06-03T07:18:08.533+0000] {spark_submit.py:644} INFO - 
[2025-06-03T07:18:08.604+0000] {spark_submit.py:644} INFO - :: loading settings :: url = jar:file:/home/***/.local/lib/python3.11/site-packages/pyspark/jars/ivy-2.5.1.jar!/org/apache/ivy/core/settings/ivysettings.xml
[2025-06-03T07:18:08.648+0000] {spark_submit.py:644} INFO - Ivy Default Cache set to: /home/***/.ivy2/cache
[2025-06-03T07:18:08.648+0000] {spark_submit.py:644} INFO - The jars for the packages stored in: /home/***/.ivy2/jars
[2025-06-03T07:18:08.650+0000] {spark_submit.py:644} INFO - org.apache.hadoop#hadoop-aws added as a dependency
[2025-06-03T07:18:08.650+0000] {spark_submit.py:644} INFO - com.amazonaws#aws-java-sdk-bundle added as a dependency
[2025-06-03T07:18:08.651+0000] {spark_submit.py:644} INFO - io.delta#delta-spark_2.12 added as a dependency
[2025-06-03T07:18:08.651+0000] {spark_submit.py:644} INFO - :: resolving dependencies :: org.apache.spark#spark-submit-parent-56e0e14e-a830-4d0c-80da-75f5b0ce91ea;1.0
[2025-06-03T07:18:08.651+0000] {spark_submit.py:644} INFO - confs: [default]
[2025-06-03T07:18:08.742+0000] {spark_submit.py:644} INFO - found org.apache.hadoop#hadoop-aws;3.3.4 in central
[2025-06-03T07:18:08.754+0000] {spark_submit.py:644} INFO - found com.amazonaws#aws-java-sdk-bundle;1.12.262 in central
[2025-06-03T07:18:08.765+0000] {spark_submit.py:644} INFO - found org.wildfly.openssl#wildfly-openssl;1.0.7.Final in central
[2025-06-03T07:18:08.773+0000] {spark_submit.py:644} INFO - found io.delta#delta-spark_2.12;3.1.0 in central
[2025-06-03T07:18:08.783+0000] {spark_submit.py:644} INFO - found io.delta#delta-storage;3.1.0 in central
[2025-06-03T07:18:08.790+0000] {spark_submit.py:644} INFO - found org.antlr#antlr4-runtime;4.9.3 in central
[2025-06-03T07:18:08.805+0000] {spark_submit.py:644} INFO - :: resolution report :: resolve 147ms :: artifacts dl 7ms
[2025-06-03T07:18:08.806+0000] {spark_submit.py:644} INFO - :: modules in use:
[2025-06-03T07:18:08.806+0000] {spark_submit.py:644} INFO - com.amazonaws#aws-java-sdk-bundle;1.12.262 from central in [default]
[2025-06-03T07:18:08.806+0000] {spark_submit.py:644} INFO - io.delta#delta-spark_2.12;3.1.0 from central in [default]
[2025-06-03T07:18:08.806+0000] {spark_submit.py:644} INFO - io.delta#delta-storage;3.1.0 from central in [default]
[2025-06-03T07:18:08.806+0000] {spark_submit.py:644} INFO - org.antlr#antlr4-runtime;4.9.3 from central in [default]
[2025-06-03T07:18:08.806+0000] {spark_submit.py:644} INFO - org.apache.hadoop#hadoop-aws;3.3.4 from central in [default]
[2025-06-03T07:18:08.806+0000] {spark_submit.py:644} INFO - org.wildfly.openssl#wildfly-openssl;1.0.7.Final from central in [default]
[2025-06-03T07:18:08.807+0000] {spark_submit.py:644} INFO - ---------------------------------------------------------------------
[2025-06-03T07:18:08.807+0000] {spark_submit.py:644} INFO - |                  |            modules            ||   artifacts   |
[2025-06-03T07:18:08.807+0000] {spark_submit.py:644} INFO - |       conf       | number| search|dwnlded|evicted|| number|dwnlded|
[2025-06-03T07:18:08.807+0000] {spark_submit.py:644} INFO - ---------------------------------------------------------------------
[2025-06-03T07:18:08.807+0000] {spark_submit.py:644} INFO - |      default     |   6   |   0   |   0   |   0   ||   6   |   0   |
[2025-06-03T07:18:08.807+0000] {spark_submit.py:644} INFO - ---------------------------------------------------------------------
[2025-06-03T07:18:08.808+0000] {spark_submit.py:644} INFO - :: retrieving :: org.apache.spark#spark-submit-parent-56e0e14e-a830-4d0c-80da-75f5b0ce91ea
[2025-06-03T07:18:08.809+0000] {spark_submit.py:644} INFO - confs: [default]
[2025-06-03T07:18:08.812+0000] {spark_submit.py:644} INFO - 0 artifacts copied, 6 already retrieved (0kB/4ms)
[2025-06-03T07:18:08.937+0000] {spark_submit.py:644} INFO - 25/06/03 07:18:08 WARN NativeCodeLoader: Unable to load native-hadoop library for your platform... using builtin-java classes where applicable
[2025-06-03T07:18:09.063+0000] {spark_submit.py:644} INFO - Main class:
[2025-06-03T07:18:09.063+0000] {spark_submit.py:644} INFO - org.apache.spark.deploy.PythonRunner
[2025-06-03T07:18:09.063+0000] {spark_submit.py:644} INFO - Arguments:
[2025-06-03T07:18:09.064+0000] {spark_submit.py:644} INFO - file:/opt/***/dags/silver_to_gold_sc_summary_etl.py
[2025-06-03T07:18:09.064+0000] {spark_submit.py:644} INFO - file:///home/***/.ivy2/jars/org.apache.hadoop_hadoop-aws-3.3.4.jar,file:///home/***/.ivy2/jars/com.amazonaws_aws-java-sdk-bundle-1.12.262.jar,file:///home/***/.ivy2/jars/io.delta_delta-spark_2.12-3.1.0.jar,file:///home/***/.ivy2/jars/org.wildfly.openssl_wildfly-openssl-1.0.7.Final.jar,file:///home/***/.ivy2/jars/io.delta_delta-storage-3.1.0.jar,file:///home/***/.ivy2/jars/org.antlr_antlr4-runtime-4.9.3.jar
[2025-06-03T07:18:09.064+0000] {spark_submit.py:644} INFO - --input_path
[2025-06-03T07:18:09.064+0000] {spark_submit.py:644} INFO - s3a://mybucket/silver/curry_transformed/
[2025-06-03T07:18:09.064+0000] {spark_submit.py:644} INFO - --output_path
[2025-06-03T07:18:09.064+0000] {spark_submit.py:644} INFO - s3a://mybucket/gold/season_summary/
[2025-06-03T07:18:09.065+0000] {spark_submit.py:644} INFO - Spark config:
[2025-06-03T07:18:09.065+0000] {spark_submit.py:644} INFO - (spark.app.name,silver_to_gold_sc_summary_etl)
[2025-06-03T07:18:09.065+0000] {spark_submit.py:644} INFO - (spark.app.submitTime,1748935089053)
[2025-06-03T07:18:09.065+0000] {spark_submit.py:644} INFO - (spark.executor.memory,2g)
[2025-06-03T07:18:09.066+0000] {spark_submit.py:644} INFO - (spark.files,file:///home/***/.ivy2/jars/org.apache.hadoop_hadoop-aws-3.3.4.jar,file:///home/***/.ivy2/jars/com.amazonaws_aws-java-sdk-bundle-1.12.262.jar,file:///home/***/.ivy2/jars/io.delta_delta-spark_2.12-3.1.0.jar,file:///home/***/.ivy2/jars/org.wildfly.openssl_wildfly-openssl-1.0.7.Final.jar,file:///home/***/.ivy2/jars/io.delta_delta-storage-3.1.0.jar,file:///home/***/.ivy2/jars/org.antlr_antlr4-runtime-4.9.3.jar)
[2025-06-03T07:18:09.066+0000] {spark_submit.py:644} INFO - (spark.hadoop.fs.s3a.access.key,*********(redacted))
[2025-06-03T07:18:09.066+0000] {spark_submit.py:644} INFO - (spark.hadoop.fs.s3a.endpoint,http://minio:9000)
[2025-06-03T07:18:09.067+0000] {spark_submit.py:644} INFO - (spark.hadoop.fs.s3a.impl,org.apache.hadoop.fs.s3a.S3AFileSystem)
[2025-06-03T07:18:09.068+0000] {spark_submit.py:644} INFO - (spark.hadoop.fs.s3a.path.style.access,true)
[2025-06-03T07:18:09.068+0000] {spark_submit.py:644} INFO - (spark.hadoop.fs.s3a.secret.key,*********(redacted))
[2025-06-03T07:18:09.068+0000] {spark_submit.py:644} INFO - (spark.jars,file:///home/***/.ivy2/jars/org.apache.hadoop_hadoop-aws-3.3.4.jar,file:///home/***/.ivy2/jars/com.amazonaws_aws-java-sdk-bundle-1.12.262.jar,file:///home/***/.ivy2/jars/io.delta_delta-spark_2.12-3.1.0.jar,file:///home/***/.ivy2/jars/org.wildfly.openssl_wildfly-openssl-1.0.7.Final.jar,file:///home/***/.ivy2/jars/io.delta_delta-storage-3.1.0.jar,file:///home/***/.ivy2/jars/org.antlr_antlr4-runtime-4.9.3.jar)
[2025-06-03T07:18:09.068+0000] {spark_submit.py:644} INFO - (spark.master,spark://spark-master:7077)
[2025-06-03T07:18:09.068+0000] {spark_submit.py:644} INFO - (spark.repl.local.jars,file:///home/***/.ivy2/jars/org.apache.hadoop_hadoop-aws-3.3.4.jar,file:///home/***/.ivy2/jars/com.amazonaws_aws-java-sdk-bundle-1.12.262.jar,file:///home/***/.ivy2/jars/io.delta_delta-spark_2.12-3.1.0.jar,file:///home/***/.ivy2/jars/org.wildfly.openssl_wildfly-openssl-1.0.7.Final.jar,file:///home/***/.ivy2/jars/io.delta_delta-storage-3.1.0.jar,file:///home/***/.ivy2/jars/org.antlr_antlr4-runtime-4.9.3.jar)
[2025-06-03T07:18:09.068+0000] {spark_submit.py:644} INFO - (spark.sql.catalog.spark_catalog,org.apache.spark.sql.delta.catalog.DeltaCatalog)
[2025-06-03T07:18:09.069+0000] {spark_submit.py:644} INFO - (spark.sql.extensions,io.delta.sql.DeltaSparkSessionExtension)
[2025-06-03T07:18:09.069+0000] {spark_submit.py:644} INFO - (spark.submit.deployMode,client)
[2025-06-03T07:18:09.069+0000] {spark_submit.py:644} INFO - (spark.submit.pyFiles,/home/***/.ivy2/jars/org.apache.hadoop_hadoop-aws-3.3.4.jar,/home/***/.ivy2/jars/com.amazonaws_aws-java-sdk-bundle-1.12.262.jar,/home/***/.ivy2/jars/io.delta_delta-spark_2.12-3.1.0.jar,/home/***/.ivy2/jars/org.wildfly.openssl_wildfly-openssl-1.0.7.Final.jar,/home/***/.ivy2/jars/io.delta_delta-storage-3.1.0.jar,/home/***/.ivy2/jars/org.antlr_antlr4-runtime-4.9.3.jar)
[2025-06-03T07:18:09.069+0000] {spark_submit.py:644} INFO - Classpath elements:
[2025-06-03T07:18:09.069+0000] {spark_submit.py:644} INFO - file:///home/***/.ivy2/jars/org.apache.hadoop_hadoop-aws-3.3.4.jar
[2025-06-03T07:18:09.069+0000] {spark_submit.py:644} INFO - file:///home/***/.ivy2/jars/com.amazonaws_aws-java-sdk-bundle-1.12.262.jar
[2025-06-03T07:18:09.070+0000] {spark_submit.py:644} INFO - file:///home/***/.ivy2/jars/io.delta_delta-spark_2.12-3.1.0.jar
[2025-06-03T07:18:09.070+0000] {spark_submit.py:644} INFO - file:///home/***/.ivy2/jars/org.wildfly.openssl_wildfly-openssl-1.0.7.Final.jar
[2025-06-03T07:18:09.070+0000] {spark_submit.py:644} INFO - file:///home/***/.ivy2/jars/io.delta_delta-storage-3.1.0.jar
[2025-06-03T07:18:09.070+0000] {spark_submit.py:644} INFO - file:///home/***/.ivy2/jars/org.antlr_antlr4-runtime-4.9.3.jar
[2025-06-03T07:18:09.070+0000] {spark_submit.py:644} INFO - 
[2025-06-03T07:18:09.070+0000] {spark_submit.py:644} INFO - 
[2025-06-03T07:18:09.769+0000] {spark_submit.py:644} INFO - 25/06/03 07:18:09 INFO SparkContext: Running Spark version 3.5.2
[2025-06-03T07:18:09.770+0000] {spark_submit.py:644} INFO - 25/06/03 07:18:09 INFO SparkContext: OS info Linux, 6.10.14-linuxkit, aarch64
[2025-06-03T07:18:09.770+0000] {spark_submit.py:644} INFO - 25/06/03 07:18:09 INFO SparkContext: Java version 17.0.15
[2025-06-03T07:18:09.782+0000] {spark_submit.py:644} INFO - 25/06/03 07:18:09 INFO ResourceUtils: ==============================================================
[2025-06-03T07:18:09.783+0000] {spark_submit.py:644} INFO - 25/06/03 07:18:09 INFO ResourceUtils: No custom resources configured for spark.driver.
[2025-06-03T07:18:09.784+0000] {spark_submit.py:644} INFO - 25/06/03 07:18:09 INFO ResourceUtils: ==============================================================
[2025-06-03T07:18:09.784+0000] {spark_submit.py:644} INFO - 25/06/03 07:18:09 INFO SparkContext: Submitted application: SilverToGoldStephenCurrySummaryETL
[2025-06-03T07:18:09.794+0000] {spark_submit.py:644} INFO - 25/06/03 07:18:09 INFO ResourceProfile: Default ResourceProfile created, executor resources: Map(memory -> name: memory, amount: 2048, script: , vendor: , offHeap -> name: offHeap, amount: 0, script: , vendor: ), task resources: Map(cpus -> name: cpus, amount: 1.0)
[2025-06-03T07:18:09.798+0000] {spark_submit.py:644} INFO - 25/06/03 07:18:09 INFO ResourceProfile: Limiting resource is cpu
[2025-06-03T07:18:09.798+0000] {spark_submit.py:644} INFO - 25/06/03 07:18:09 INFO ResourceProfileManager: Added ResourceProfile id: 0
[2025-06-03T07:18:09.832+0000] {spark_submit.py:644} INFO - 25/06/03 07:18:09 INFO SecurityManager: Changing view acls to: ***
[2025-06-03T07:18:09.838+0000] {spark_submit.py:644} INFO - 25/06/03 07:18:09 INFO SecurityManager: Changing modify acls to: ***
[2025-06-03T07:18:09.840+0000] {spark_submit.py:644} INFO - 25/06/03 07:18:09 INFO SecurityManager: Changing view acls groups to:
[2025-06-03T07:18:09.840+0000] {spark_submit.py:644} INFO - 25/06/03 07:18:09 INFO SecurityManager: Changing modify acls groups to:
[2025-06-03T07:18:09.840+0000] {spark_submit.py:644} INFO - 25/06/03 07:18:09 INFO SecurityManager: SecurityManager: authentication disabled; ui acls disabled; users with view permissions: ***; groups with view permissions: EMPTY; users with modify permissions: ***; groups with modify permissions: EMPTY
[2025-06-03T07:18:09.960+0000] {spark_submit.py:644} INFO - 25/06/03 07:18:09 INFO Utils: Successfully started service 'sparkDriver' on port 44177.
[2025-06-03T07:18:09.979+0000] {spark_submit.py:644} INFO - 25/06/03 07:18:09 INFO SparkEnv: Registering MapOutputTracker
[2025-06-03T07:18:10.002+0000] {spark_submit.py:644} INFO - 25/06/03 07:18:10 INFO SparkEnv: Registering BlockManagerMaster
[2025-06-03T07:18:10.011+0000] {spark_submit.py:644} INFO - 25/06/03 07:18:10 INFO BlockManagerMasterEndpoint: Using org.apache.spark.storage.DefaultTopologyMapper for getting topology information
[2025-06-03T07:18:10.011+0000] {spark_submit.py:644} INFO - 25/06/03 07:18:10 INFO BlockManagerMasterEndpoint: BlockManagerMasterEndpoint up
[2025-06-03T07:18:10.013+0000] {spark_submit.py:644} INFO - 25/06/03 07:18:10 INFO SparkEnv: Registering BlockManagerMasterHeartbeat
[2025-06-03T07:18:10.026+0000] {spark_submit.py:644} INFO - 25/06/03 07:18:10 INFO DiskBlockManager: Created local directory at /tmp/blockmgr-a388b7b0-fd47-4efe-aae8-05997a7451fd
[2025-06-03T07:18:10.035+0000] {spark_submit.py:644} INFO - 25/06/03 07:18:10 INFO MemoryStore: MemoryStore started with capacity 434.4 MiB
[2025-06-03T07:18:10.042+0000] {spark_submit.py:644} INFO - 25/06/03 07:18:10 INFO SparkEnv: Registering OutputCommitCoordinator
[2025-06-03T07:18:10.113+0000] {spark_submit.py:644} INFO - 25/06/03 07:18:10 INFO JettyUtils: Start Jetty 0.0.0.0:4040 for SparkUI
[2025-06-03T07:18:10.156+0000] {spark_submit.py:644} INFO - 25/06/03 07:18:10 INFO Utils: Successfully started service 'SparkUI' on port 4040.
[2025-06-03T07:18:10.180+0000] {spark_submit.py:644} INFO - 25/06/03 07:18:10 INFO SparkContext: Added JAR file:///home/***/.ivy2/jars/org.apache.hadoop_hadoop-aws-3.3.4.jar at spark://eff93630df4f:44177/jars/org.apache.hadoop_hadoop-aws-3.3.4.jar with timestamp 1748935089765
[2025-06-03T07:18:10.180+0000] {spark_submit.py:644} INFO - 25/06/03 07:18:10 INFO SparkContext: Added JAR file:///home/***/.ivy2/jars/com.amazonaws_aws-java-sdk-bundle-1.12.262.jar at spark://eff93630df4f:44177/jars/com.amazonaws_aws-java-sdk-bundle-1.12.262.jar with timestamp 1748935089765
[2025-06-03T07:18:10.180+0000] {spark_submit.py:644} INFO - 25/06/03 07:18:10 INFO SparkContext: Added JAR file:///home/***/.ivy2/jars/io.delta_delta-spark_2.12-3.1.0.jar at spark://eff93630df4f:44177/jars/io.delta_delta-spark_2.12-3.1.0.jar with timestamp 1748935089765
[2025-06-03T07:18:10.180+0000] {spark_submit.py:644} INFO - 25/06/03 07:18:10 INFO SparkContext: Added JAR file:///home/***/.ivy2/jars/org.wildfly.openssl_wildfly-openssl-1.0.7.Final.jar at spark://eff93630df4f:44177/jars/org.wildfly.openssl_wildfly-openssl-1.0.7.Final.jar with timestamp 1748935089765
[2025-06-03T07:18:10.181+0000] {spark_submit.py:644} INFO - 25/06/03 07:18:10 INFO SparkContext: Added JAR file:///home/***/.ivy2/jars/io.delta_delta-storage-3.1.0.jar at spark://eff93630df4f:44177/jars/io.delta_delta-storage-3.1.0.jar with timestamp 1748935089765
[2025-06-03T07:18:10.181+0000] {spark_submit.py:644} INFO - 25/06/03 07:18:10 INFO SparkContext: Added JAR file:///home/***/.ivy2/jars/org.antlr_antlr4-runtime-4.9.3.jar at spark://eff93630df4f:44177/jars/org.antlr_antlr4-runtime-4.9.3.jar with timestamp 1748935089765
[2025-06-03T07:18:10.182+0000] {spark_submit.py:644} INFO - 25/06/03 07:18:10 INFO SparkContext: Added file file:///home/***/.ivy2/jars/org.apache.hadoop_hadoop-aws-3.3.4.jar at spark://eff93630df4f:44177/files/org.apache.hadoop_hadoop-aws-3.3.4.jar with timestamp 1748935089765
[2025-06-03T07:18:10.184+0000] {spark_submit.py:644} INFO - 25/06/03 07:18:10 INFO Utils: Copying /home/***/.ivy2/jars/org.apache.hadoop_hadoop-aws-3.3.4.jar to /tmp/spark-1eee3d49-6588-46fa-bae5-35784b22ee1b/userFiles-050318cf-698a-44f8-b38d-7b372d1ba248/org.apache.hadoop_hadoop-aws-3.3.4.jar
[2025-06-03T07:18:10.191+0000] {spark_submit.py:644} INFO - 25/06/03 07:18:10 INFO SparkContext: Added file file:///home/***/.ivy2/jars/com.amazonaws_aws-java-sdk-bundle-1.12.262.jar at spark://eff93630df4f:44177/files/com.amazonaws_aws-java-sdk-bundle-1.12.262.jar with timestamp 1748935089765
[2025-06-03T07:18:10.192+0000] {spark_submit.py:644} INFO - 25/06/03 07:18:10 INFO Utils: Copying /home/***/.ivy2/jars/com.amazonaws_aws-java-sdk-bundle-1.12.262.jar to /tmp/spark-1eee3d49-6588-46fa-bae5-35784b22ee1b/userFiles-050318cf-698a-44f8-b38d-7b372d1ba248/com.amazonaws_aws-java-sdk-bundle-1.12.262.jar
[2025-06-03T07:18:10.326+0000] {spark_submit.py:644} INFO - 25/06/03 07:18:10 INFO SparkContext: Added file file:///home/***/.ivy2/jars/io.delta_delta-spark_2.12-3.1.0.jar at spark://eff93630df4f:44177/files/io.delta_delta-spark_2.12-3.1.0.jar with timestamp 1748935089765
[2025-06-03T07:18:10.327+0000] {spark_submit.py:644} INFO - 25/06/03 07:18:10 INFO Utils: Copying /home/***/.ivy2/jars/io.delta_delta-spark_2.12-3.1.0.jar to /tmp/spark-1eee3d49-6588-46fa-bae5-35784b22ee1b/userFiles-050318cf-698a-44f8-b38d-7b372d1ba248/io.delta_delta-spark_2.12-3.1.0.jar
[2025-06-03T07:18:10.330+0000] {spark_submit.py:644} INFO - 25/06/03 07:18:10 INFO SparkContext: Added file file:///home/***/.ivy2/jars/org.wildfly.openssl_wildfly-openssl-1.0.7.Final.jar at spark://eff93630df4f:44177/files/org.wildfly.openssl_wildfly-openssl-1.0.7.Final.jar with timestamp 1748935089765
[2025-06-03T07:18:10.331+0000] {spark_submit.py:644} INFO - 25/06/03 07:18:10 INFO Utils: Copying /home/***/.ivy2/jars/org.wildfly.openssl_wildfly-openssl-1.0.7.Final.jar to /tmp/spark-1eee3d49-6588-46fa-bae5-35784b22ee1b/userFiles-050318cf-698a-44f8-b38d-7b372d1ba248/org.wildfly.openssl_wildfly-openssl-1.0.7.Final.jar
[2025-06-03T07:18:10.333+0000] {spark_submit.py:644} INFO - 25/06/03 07:18:10 INFO SparkContext: Added file file:///home/***/.ivy2/jars/io.delta_delta-storage-3.1.0.jar at spark://eff93630df4f:44177/files/io.delta_delta-storage-3.1.0.jar with timestamp 1748935089765
[2025-06-03T07:18:10.333+0000] {spark_submit.py:644} INFO - 25/06/03 07:18:10 INFO Utils: Copying /home/***/.ivy2/jars/io.delta_delta-storage-3.1.0.jar to /tmp/spark-1eee3d49-6588-46fa-bae5-35784b22ee1b/userFiles-050318cf-698a-44f8-b38d-7b372d1ba248/io.delta_delta-storage-3.1.0.jar
[2025-06-03T07:18:10.335+0000] {spark_submit.py:644} INFO - 25/06/03 07:18:10 INFO SparkContext: Added file file:///home/***/.ivy2/jars/org.antlr_antlr4-runtime-4.9.3.jar at spark://eff93630df4f:44177/files/org.antlr_antlr4-runtime-4.9.3.jar with timestamp 1748935089765
[2025-06-03T07:18:10.335+0000] {spark_submit.py:644} INFO - 25/06/03 07:18:10 INFO Utils: Copying /home/***/.ivy2/jars/org.antlr_antlr4-runtime-4.9.3.jar to /tmp/spark-1eee3d49-6588-46fa-bae5-35784b22ee1b/userFiles-050318cf-698a-44f8-b38d-7b372d1ba248/org.antlr_antlr4-runtime-4.9.3.jar
[2025-06-03T07:18:10.381+0000] {spark_submit.py:644} INFO - 25/06/03 07:18:10 INFO StandaloneAppClient$ClientEndpoint: Connecting to master spark://spark-master:7077...
[2025-06-03T07:18:10.401+0000] {spark_submit.py:644} INFO - 25/06/03 07:18:10 INFO TransportClientFactory: Successfully created connection to spark-master/172.18.0.5:7077 after 11 ms (0 ms spent in bootstraps)
[2025-06-03T07:18:10.443+0000] {spark_submit.py:644} INFO - 25/06/03 07:18:10 INFO StandaloneSchedulerBackend: Connected to Spark cluster with app ID app-20250603071810-0005
[2025-06-03T07:18:10.447+0000] {spark_submit.py:644} INFO - 25/06/03 07:18:10 INFO StandaloneAppClient$ClientEndpoint: Executor added: app-20250603071810-0005/0 on worker-20250603060346-172.18.0.7-40055 (172.18.0.7:40055) with 4 core(s)
[2025-06-03T07:18:10.449+0000] {spark_submit.py:644} INFO - 25/06/03 07:18:10 INFO Utils: Successfully started service 'org.apache.spark.network.netty.NettyBlockTransferService' on port 44615.
[2025-06-03T07:18:10.449+0000] {spark_submit.py:644} INFO - 25/06/03 07:18:10 INFO StandaloneSchedulerBackend: Granted executor ID app-20250603071810-0005/0 on hostPort 172.18.0.7:40055 with 4 core(s), 2.0 GiB RAM
[2025-06-03T07:18:10.449+0000] {spark_submit.py:644} INFO - 25/06/03 07:18:10 INFO NettyBlockTransferService: Server created on eff93630df4f:44615
[2025-06-03T07:18:10.450+0000] {spark_submit.py:644} INFO - 25/06/03 07:18:10 INFO BlockManager: Using org.apache.spark.storage.RandomBlockReplicationPolicy for block replication policy
[2025-06-03T07:18:10.453+0000] {spark_submit.py:644} INFO - 25/06/03 07:18:10 INFO BlockManagerMaster: Registering BlockManager BlockManagerId(driver, eff93630df4f, 44615, None)
[2025-06-03T07:18:10.455+0000] {spark_submit.py:644} INFO - 25/06/03 07:18:10 INFO BlockManagerMasterEndpoint: Registering block manager eff93630df4f:44615 with 434.4 MiB RAM, BlockManagerId(driver, eff93630df4f, 44615, None)
[2025-06-03T07:18:10.456+0000] {spark_submit.py:644} INFO - 25/06/03 07:18:10 INFO BlockManagerMaster: Registered BlockManager BlockManagerId(driver, eff93630df4f, 44615, None)
[2025-06-03T07:18:10.457+0000] {spark_submit.py:644} INFO - 25/06/03 07:18:10 INFO BlockManager: Initialized BlockManager: BlockManagerId(driver, eff93630df4f, 44615, None)
[2025-06-03T07:18:10.478+0000] {spark_submit.py:644} INFO - 25/06/03 07:18:10 INFO StandaloneAppClient$ClientEndpoint: Executor updated: app-20250603071810-0005/0 is now RUNNING
[2025-06-03T07:18:10.569+0000] {spark_submit.py:644} INFO - 25/06/03 07:18:10 INFO StandaloneSchedulerBackend: SchedulerBackend is ready for scheduling beginning after reached minRegisteredResourcesRatio: 0.0
[2025-06-03T07:18:10.709+0000] {spark_submit.py:644} INFO - Reading Silver data from: s3a://mybucket/silver/curry_transformed/
[2025-06-03T07:18:10.713+0000] {spark_submit.py:644} INFO - 25/06/03 07:18:10 INFO SharedState: Setting hive.metastore.warehouse.dir ('null') to the value of spark.sql.warehouse.dir.
[2025-06-03T07:18:10.783+0000] {spark_submit.py:644} INFO - 25/06/03 07:18:10 WARN MetricsConfig: Cannot locate configuration: tried hadoop-metrics2-s3a-file-system.properties,hadoop-metrics2.properties
[2025-06-03T07:18:10.792+0000] {spark_submit.py:644} INFO - 25/06/03 07:18:10 INFO MetricsSystemImpl: Scheduled Metric snapshot period at 10 second(s).
[2025-06-03T07:18:10.793+0000] {spark_submit.py:644} INFO - 25/06/03 07:18:10 INFO MetricsSystemImpl: s3a-file-system metrics system started
[2025-06-03T07:18:11.173+0000] {spark_submit.py:644} INFO - 25/06/03 07:18:11 INFO SharedState: Warehouse path is 's3a://mybucket'.
[2025-06-03T07:18:11.720+0000] {spark_submit.py:644} INFO - 25/06/03 07:18:11 INFO InMemoryFileIndex: It took 32 ms to list leaf files for 1 paths.
[2025-06-03T07:18:11.963+0000] {spark_submit.py:644} INFO - 25/06/03 07:18:11 INFO SparkContext: Starting job: load at NativeMethodAccessorImpl.java:0
[2025-06-03T07:18:11.970+0000] {spark_submit.py:644} INFO - 25/06/03 07:18:11 INFO DAGScheduler: Got job 0 (load at NativeMethodAccessorImpl.java:0) with 1 output partitions
[2025-06-03T07:18:11.971+0000] {spark_submit.py:644} INFO - 25/06/03 07:18:11 INFO DAGScheduler: Final stage: ResultStage 0 (load at NativeMethodAccessorImpl.java:0)
[2025-06-03T07:18:11.971+0000] {spark_submit.py:644} INFO - 25/06/03 07:18:11 INFO DAGScheduler: Parents of final stage: List()
[2025-06-03T07:18:11.971+0000] {spark_submit.py:644} INFO - 25/06/03 07:18:11 INFO DAGScheduler: Missing parents: List()
[2025-06-03T07:18:11.973+0000] {spark_submit.py:644} INFO - 25/06/03 07:18:11 INFO DAGScheduler: Submitting ResultStage 0 (MapPartitionsRDD[1] at load at NativeMethodAccessorImpl.java:0), which has no missing parents
[2025-06-03T07:18:12.007+0000] {spark_submit.py:644} INFO - 25/06/03 07:18:12 INFO MemoryStore: Block broadcast_0 stored as values in memory (estimated size 107.3 KiB, free 434.3 MiB)
[2025-06-03T07:18:12.029+0000] {spark_submit.py:644} INFO - 25/06/03 07:18:12 INFO StandaloneSchedulerBackend$StandaloneDriverEndpoint: Registered executor NettyRpcEndpointRef(spark-client://Executor) (172.18.0.7:48884) with ID 0,  ResourceProfileId 0
[2025-06-03T07:18:12.034+0000] {spark_submit.py:644} INFO - 25/06/03 07:18:12 INFO MemoryStore: Block broadcast_0_piece0 stored as bytes in memory (estimated size 38.9 KiB, free 434.3 MiB)
[2025-06-03T07:18:12.036+0000] {spark_submit.py:644} INFO - 25/06/03 07:18:12 INFO BlockManagerInfo: Added broadcast_0_piece0 in memory on eff93630df4f:44615 (size: 38.9 KiB, free: 434.4 MiB)
[2025-06-03T07:18:12.042+0000] {spark_submit.py:644} INFO - 25/06/03 07:18:12 INFO SparkContext: Created broadcast 0 from broadcast at DAGScheduler.scala:1585
[2025-06-03T07:18:12.053+0000] {spark_submit.py:644} INFO - 25/06/03 07:18:12 INFO DAGScheduler: Submitting 1 missing tasks from ResultStage 0 (MapPartitionsRDD[1] at load at NativeMethodAccessorImpl.java:0) (first 15 tasks are for partitions Vector(0))
[2025-06-03T07:18:12.053+0000] {spark_submit.py:644} INFO - 25/06/03 07:18:12 INFO TaskSchedulerImpl: Adding task set 0.0 with 1 tasks resource profile 0
[2025-06-03T07:18:12.068+0000] {spark_submit.py:644} INFO - 25/06/03 07:18:12 INFO BlockManagerMasterEndpoint: Registering block manager 172.18.0.7:33285 with 1048.8 MiB RAM, BlockManagerId(0, 172.18.0.7, 33285, None)
[2025-06-03T07:18:13.151+0000] {spark_submit.py:644} INFO - 25/06/03 07:18:13 INFO TaskSetManager: Starting task 0.0 in stage 0.0 (TID 0) (172.18.0.7, executor 0, partition 0, PROCESS_LOCAL, 10351 bytes)
[2025-06-03T07:18:13.283+0000] {spark_submit.py:644} INFO - 25/06/03 07:18:13 INFO BlockManagerInfo: Added broadcast_0_piece0 in memory on 172.18.0.7:33285 (size: 38.9 KiB, free: 1048.8 MiB)
[2025-06-03T07:18:14.231+0000] {spark_submit.py:644} INFO - 25/06/03 07:18:14 INFO TaskSetManager: Finished task 0.0 in stage 0.0 (TID 0) in 1091 ms on 172.18.0.7 (executor 0) (1/1)
[2025-06-03T07:18:14.232+0000] {spark_submit.py:644} INFO - 25/06/03 07:18:14 INFO TaskSchedulerImpl: Removed TaskSet 0.0, whose tasks have all completed, from pool
[2025-06-03T07:18:14.235+0000] {spark_submit.py:644} INFO - 25/06/03 07:18:14 INFO DAGScheduler: ResultStage 0 (load at NativeMethodAccessorImpl.java:0) finished in 2.253 s
[2025-06-03T07:18:14.237+0000] {spark_submit.py:644} INFO - 25/06/03 07:18:14 INFO DAGScheduler: Job 0 is finished. Cancelling potential speculative or zombie tasks for this job
[2025-06-03T07:18:14.237+0000] {spark_submit.py:644} INFO - 25/06/03 07:18:14 INFO TaskSchedulerImpl: Killing all running tasks in stage 0: Stage finished
[2025-06-03T07:18:14.238+0000] {spark_submit.py:644} INFO - 25/06/03 07:18:14 INFO DAGScheduler: Job 0 finished: load at NativeMethodAccessorImpl.java:0, took 2.274955 s
[2025-06-03T07:18:14.424+0000] {spark_submit.py:644} INFO - 25/06/03 07:18:14 INFO BlockManagerInfo: Removed broadcast_0_piece0 on eff93630df4f:44615 in memory (size: 38.9 KiB, free: 434.4 MiB)
[2025-06-03T07:18:14.431+0000] {spark_submit.py:644} INFO - 25/06/03 07:18:14 INFO BlockManagerInfo: Removed broadcast_0_piece0 on 172.18.0.7:33285 in memory (size: 38.9 KiB, free: 1048.8 MiB)
[2025-06-03T07:18:14.615+0000] {spark_submit.py:644} INFO - Successfully loaded Silver data.
[2025-06-03T07:18:14.615+0000] {spark_submit.py:644} INFO - Generating Gold summary (avg/min/max PTS per season)...
[2025-06-03T07:18:14.719+0000] {spark_submit.py:644} INFO - Writing Gold summary to: s3a://mybucket/gold/season_summary/
[2025-06-03T07:18:14.719+0000] {spark_submit.py:644} INFO - Writing data to S3 path for Gold layer at: s3a://mybucket/gold/season_summary/
[2025-06-03T07:18:14.989+0000] {spark_submit.py:644} INFO - 25/06/03 07:18:14 INFO FileSourceStrategy: Pushed Filters:
[2025-06-03T07:18:14.990+0000] {spark_submit.py:644} INFO - 25/06/03 07:18:14 INFO FileSourceStrategy: Post-Scan Filters:
[2025-06-03T07:18:15.284+0000] {spark_submit.py:644} INFO - 25/06/03 07:18:15 INFO CodeGenerator: Code generated in 148.644875 ms
[2025-06-03T07:18:15.304+0000] {spark_submit.py:644} INFO - 25/06/03 07:18:15 INFO MemoryStore: Block broadcast_1 stored as values in memory (estimated size 206.8 KiB, free 434.2 MiB)
[2025-06-03T07:18:15.313+0000] {spark_submit.py:644} INFO - 25/06/03 07:18:15 INFO MemoryStore: Block broadcast_1_piece0 stored as bytes in memory (estimated size 36.6 KiB, free 434.2 MiB)
[2025-06-03T07:18:15.313+0000] {spark_submit.py:644} INFO - 25/06/03 07:18:15 INFO BlockManagerInfo: Added broadcast_1_piece0 in memory on eff93630df4f:44615 (size: 36.6 KiB, free: 434.4 MiB)
[2025-06-03T07:18:15.314+0000] {spark_submit.py:644} INFO - 25/06/03 07:18:15 INFO SparkContext: Created broadcast 1 from save at NativeMethodAccessorImpl.java:0
[2025-06-03T07:18:15.322+0000] {spark_submit.py:644} INFO - 25/06/03 07:18:15 INFO FileSourceScanExec: Planning scan with bin packing, max size: 4194304 bytes, open cost is considered as scanning 4194304 bytes.
[2025-06-03T07:18:15.391+0000] {spark_submit.py:644} INFO - 25/06/03 07:18:15 INFO DAGScheduler: Registering RDD 5 (save at NativeMethodAccessorImpl.java:0) as input to shuffle 0
[2025-06-03T07:18:15.394+0000] {spark_submit.py:644} INFO - 25/06/03 07:18:15 INFO DAGScheduler: Got map stage job 1 (save at NativeMethodAccessorImpl.java:0) with 1 output partitions
[2025-06-03T07:18:15.394+0000] {spark_submit.py:644} INFO - 25/06/03 07:18:15 INFO DAGScheduler: Final stage: ShuffleMapStage 1 (save at NativeMethodAccessorImpl.java:0)
[2025-06-03T07:18:15.394+0000] {spark_submit.py:644} INFO - 25/06/03 07:18:15 INFO DAGScheduler: Parents of final stage: List()
[2025-06-03T07:18:15.394+0000] {spark_submit.py:644} INFO - 25/06/03 07:18:15 INFO DAGScheduler: Missing parents: List()
[2025-06-03T07:18:15.395+0000] {spark_submit.py:644} INFO - 25/06/03 07:18:15 INFO DAGScheduler: Submitting ShuffleMapStage 1 (MapPartitionsRDD[5] at save at NativeMethodAccessorImpl.java:0), which has no missing parents
[2025-06-03T07:18:15.403+0000] {spark_submit.py:644} INFO - 25/06/03 07:18:15 INFO MemoryStore: Block broadcast_2 stored as values in memory (estimated size 48.3 KiB, free 434.1 MiB)
[2025-06-03T07:18:15.408+0000] {spark_submit.py:644} INFO - 25/06/03 07:18:15 INFO MemoryStore: Block broadcast_2_piece0 stored as bytes in memory (estimated size 20.4 KiB, free 434.1 MiB)
[2025-06-03T07:18:15.409+0000] {spark_submit.py:644} INFO - 25/06/03 07:18:15 INFO BlockManagerInfo: Added broadcast_2_piece0 in memory on eff93630df4f:44615 (size: 20.4 KiB, free: 434.3 MiB)
[2025-06-03T07:18:15.410+0000] {spark_submit.py:644} INFO - 25/06/03 07:18:15 INFO SparkContext: Created broadcast 2 from broadcast at DAGScheduler.scala:1585
[2025-06-03T07:18:15.411+0000] {spark_submit.py:644} INFO - 25/06/03 07:18:15 INFO DAGScheduler: Submitting 1 missing tasks from ShuffleMapStage 1 (MapPartitionsRDD[5] at save at NativeMethodAccessorImpl.java:0) (first 15 tasks are for partitions Vector(0))
[2025-06-03T07:18:15.411+0000] {spark_submit.py:644} INFO - 25/06/03 07:18:15 INFO TaskSchedulerImpl: Adding task set 1.0 with 1 tasks resource profile 0
[2025-06-03T07:18:15.415+0000] {spark_submit.py:644} INFO - 25/06/03 07:18:15 INFO TaskSetManager: Starting task 0.0 in stage 1.0 (TID 1) (172.18.0.7, executor 0, partition 0, PROCESS_LOCAL, 10845 bytes)
[2025-06-03T07:18:15.446+0000] {spark_submit.py:644} INFO - 25/06/03 07:18:15 INFO BlockManagerInfo: Added broadcast_2_piece0 in memory on 172.18.0.7:33285 (size: 20.4 KiB, free: 1048.8 MiB)
[2025-06-03T07:18:15.989+0000] {spark_submit.py:644} INFO - 25/06/03 07:18:15 INFO BlockManagerInfo: Added broadcast_1_piece0 in memory on 172.18.0.7:33285 (size: 36.6 KiB, free: 1048.7 MiB)
[2025-06-03T07:18:16.242+0000] {spark_submit.py:644} INFO - 25/06/03 07:18:16 INFO TaskSetManager: Finished task 0.0 in stage 1.0 (TID 1) in 830 ms on 172.18.0.7 (executor 0) (1/1)
[2025-06-03T07:18:16.243+0000] {spark_submit.py:644} INFO - 25/06/03 07:18:16 INFO TaskSchedulerImpl: Removed TaskSet 1.0, whose tasks have all completed, from pool
[2025-06-03T07:18:16.244+0000] {spark_submit.py:644} INFO - 25/06/03 07:18:16 INFO DAGScheduler: ShuffleMapStage 1 (save at NativeMethodAccessorImpl.java:0) finished in 0.847 s
[2025-06-03T07:18:16.244+0000] {spark_submit.py:644} INFO - 25/06/03 07:18:16 INFO DAGScheduler: looking for newly runnable stages
[2025-06-03T07:18:16.245+0000] {spark_submit.py:644} INFO - 25/06/03 07:18:16 INFO DAGScheduler: running: Set()
[2025-06-03T07:18:16.246+0000] {spark_submit.py:644} INFO - 25/06/03 07:18:16 INFO DAGScheduler: waiting: Set()
[2025-06-03T07:18:16.246+0000] {spark_submit.py:644} INFO - 25/06/03 07:18:16 INFO DAGScheduler: failed: Set()
[2025-06-03T07:18:16.260+0000] {spark_submit.py:644} INFO - 25/06/03 07:18:16 INFO ShufflePartitionsUtil: For shuffle(0), advisory target size: 67108864, actual target size 1048576, minimum partition size: 1048576
[2025-06-03T07:18:16.387+0000] {spark_submit.py:644} INFO - 25/06/03 07:18:16 INFO ParquetUtils: Using default output committer for Parquet: org.apache.parquet.hadoop.ParquetOutputCommitter
[2025-06-03T07:18:16.397+0000] {spark_submit.py:644} INFO - 25/06/03 07:18:16 INFO FileOutputCommitter: File Output Committer Algorithm version is 1
[2025-06-03T07:18:16.397+0000] {spark_submit.py:644} INFO - 25/06/03 07:18:16 INFO FileOutputCommitter: FileOutputCommitter skip cleanup _temporary folders under output directory:false, ignore cleanup failures: false
[2025-06-03T07:18:16.397+0000] {spark_submit.py:644} INFO - 25/06/03 07:18:16 INFO SQLHadoopMapReduceCommitProtocol: Using user defined output committer class org.apache.parquet.hadoop.ParquetOutputCommitter
[2025-06-03T07:18:16.397+0000] {spark_submit.py:644} INFO - 25/06/03 07:18:16 INFO FileOutputCommitter: File Output Committer Algorithm version is 1
[2025-06-03T07:18:16.398+0000] {spark_submit.py:644} INFO - 25/06/03 07:18:16 INFO FileOutputCommitter: FileOutputCommitter skip cleanup _temporary folders under output directory:false, ignore cleanup failures: false
[2025-06-03T07:18:16.398+0000] {spark_submit.py:644} INFO - 25/06/03 07:18:16 INFO SQLHadoopMapReduceCommitProtocol: Using output committer class org.apache.parquet.hadoop.ParquetOutputCommitter
[2025-06-03T07:18:16.427+0000] {spark_submit.py:644} INFO - 25/06/03 07:18:16 INFO HashAggregateExec: spark.sql.codegen.aggregate.map.twolevel.enabled is set to true, but current version of codegened fast hashmap does not support this aggregate.
[2025-06-03T07:18:16.453+0000] {spark_submit.py:644} INFO - 25/06/03 07:18:16 INFO CodeGenerator: Code generated in 19.024292 ms
[2025-06-03T07:18:16.471+0000] {spark_submit.py:644} INFO - 25/06/03 07:18:16 INFO SparkContext: Starting job: save at NativeMethodAccessorImpl.java:0
[2025-06-03T07:18:16.473+0000] {spark_submit.py:644} INFO - 25/06/03 07:18:16 INFO DAGScheduler: Got job 2 (save at NativeMethodAccessorImpl.java:0) with 1 output partitions
[2025-06-03T07:18:16.473+0000] {spark_submit.py:644} INFO - 25/06/03 07:18:16 INFO DAGScheduler: Final stage: ResultStage 3 (save at NativeMethodAccessorImpl.java:0)
[2025-06-03T07:18:16.474+0000] {spark_submit.py:644} INFO - 25/06/03 07:18:16 INFO DAGScheduler: Parents of final stage: List(ShuffleMapStage 2)
[2025-06-03T07:18:16.474+0000] {spark_submit.py:644} INFO - 25/06/03 07:18:16 INFO DAGScheduler: Missing parents: List()
[2025-06-03T07:18:16.474+0000] {spark_submit.py:644} INFO - 25/06/03 07:18:16 INFO DAGScheduler: Submitting ResultStage 3 (MapPartitionsRDD[8] at save at NativeMethodAccessorImpl.java:0), which has no missing parents
[2025-06-03T07:18:16.522+0000] {spark_submit.py:644} INFO - 25/06/03 07:18:16 INFO MemoryStore: Block broadcast_3 stored as values in memory (estimated size 259.0 KiB, free 433.8 MiB)
[2025-06-03T07:18:16.527+0000] {spark_submit.py:644} INFO - 25/06/03 07:18:16 INFO MemoryStore: Block broadcast_3_piece0 stored as bytes in memory (estimated size 95.6 KiB, free 433.7 MiB)
[2025-06-03T07:18:16.529+0000] {spark_submit.py:644} INFO - 25/06/03 07:18:16 INFO BlockManagerInfo: Removed broadcast_2_piece0 on eff93630df4f:44615 in memory (size: 20.4 KiB, free: 434.4 MiB)
[2025-06-03T07:18:16.530+0000] {spark_submit.py:644} INFO - 25/06/03 07:18:16 INFO BlockManagerInfo: Added broadcast_3_piece0 in memory on eff93630df4f:44615 (size: 95.6 KiB, free: 434.3 MiB)
[2025-06-03T07:18:16.530+0000] {spark_submit.py:644} INFO - 25/06/03 07:18:16 INFO SparkContext: Created broadcast 3 from broadcast at DAGScheduler.scala:1585
[2025-06-03T07:18:16.530+0000] {spark_submit.py:644} INFO - 25/06/03 07:18:16 INFO DAGScheduler: Submitting 1 missing tasks from ResultStage 3 (MapPartitionsRDD[8] at save at NativeMethodAccessorImpl.java:0) (first 15 tasks are for partitions Vector(0))
[2025-06-03T07:18:16.530+0000] {spark_submit.py:644} INFO - 25/06/03 07:18:16 INFO TaskSchedulerImpl: Adding task set 3.0 with 1 tasks resource profile 0
[2025-06-03T07:18:16.531+0000] {spark_submit.py:644} INFO - 25/06/03 07:18:16 INFO BlockManagerInfo: Removed broadcast_2_piece0 on 172.18.0.7:33285 in memory (size: 20.4 KiB, free: 1048.8 MiB)
[2025-06-03T07:18:16.533+0000] {spark_submit.py:644} INFO - 25/06/03 07:18:16 INFO TaskSetManager: Starting task 0.0 in stage 3.0 (TID 2) (172.18.0.7, executor 0, partition 0, NODE_LOCAL, 10186 bytes)
[2025-06-03T07:18:16.553+0000] {spark_submit.py:644} INFO - 25/06/03 07:18:16 INFO BlockManagerInfo: Added broadcast_3_piece0 in memory on 172.18.0.7:33285 (size: 95.6 KiB, free: 1048.7 MiB)
[2025-06-03T07:18:16.612+0000] {spark_submit.py:644} INFO - 25/06/03 07:18:16 INFO MapOutputTrackerMasterEndpoint: Asked to send map output locations for shuffle 0 to 172.18.0.7:48884
[2025-06-03T07:18:17.206+0000] {spark_submit.py:644} INFO - 25/06/03 07:18:17 INFO TaskSetManager: Finished task 0.0 in stage 3.0 (TID 2) in 675 ms on 172.18.0.7 (executor 0) (1/1)
[2025-06-03T07:18:17.207+0000] {spark_submit.py:644} INFO - 25/06/03 07:18:17 INFO TaskSchedulerImpl: Removed TaskSet 3.0, whose tasks have all completed, from pool
[2025-06-03T07:18:17.207+0000] {spark_submit.py:644} INFO - 25/06/03 07:18:17 INFO DAGScheduler: ResultStage 3 (save at NativeMethodAccessorImpl.java:0) finished in 0.707 s
[2025-06-03T07:18:17.207+0000] {spark_submit.py:644} INFO - 25/06/03 07:18:17 INFO DAGScheduler: Job 2 is finished. Cancelling potential speculative or zombie tasks for this job
[2025-06-03T07:18:17.207+0000] {spark_submit.py:644} INFO - 25/06/03 07:18:17 INFO TaskSchedulerImpl: Killing all running tasks in stage 3: Stage finished
[2025-06-03T07:18:17.208+0000] {spark_submit.py:644} INFO - 25/06/03 07:18:17 INFO DAGScheduler: Job 2 finished: save at NativeMethodAccessorImpl.java:0, took 0.736151 s
[2025-06-03T07:18:17.209+0000] {spark_submit.py:644} INFO - 25/06/03 07:18:17 INFO FileFormatWriter: Start to commit write Job 8697c883-b75b-4c17-8494-80916b4eac80.
[2025-06-03T07:18:17.323+0000] {spark_submit.py:644} INFO - 25/06/03 07:18:17 INFO FileFormatWriter: Write Job 8697c883-b75b-4c17-8494-80916b4eac80 committed. Elapsed time: 113 ms.
[2025-06-03T07:18:17.324+0000] {spark_submit.py:644} INFO - 25/06/03 07:18:17 INFO FileFormatWriter: Finished processing stats for write job 8697c883-b75b-4c17-8494-80916b4eac80.
[2025-06-03T07:18:17.326+0000] {spark_submit.py:644} INFO - Successfully wrote data to S3 path: s3a://mybucket/gold/season_summary/
[2025-06-03T07:18:17.387+0000] {spark_submit.py:644} INFO - 25/06/03 07:18:17 INFO HiveConf: Found configuration file null
[2025-06-03T07:18:17.392+0000] {spark_submit.py:644} INFO - 25/06/03 07:18:17 INFO HiveUtils: Initializing HiveMetastoreConnection version 2.3.9 using Spark classes.
[2025-06-03T07:18:17.493+0000] {spark_submit.py:644} INFO - 25/06/03 07:18:17 INFO HiveClientImpl: Warehouse location for Hive client (version 2.3.9) is s3a://mybucket
[2025-06-03T07:18:17.516+0000] {spark_submit.py:644} INFO - 25/06/03 07:18:17 INFO metastore: Trying to connect to metastore with URI thrift://hive-metastore:9083
[2025-06-03T07:18:17.529+0000] {spark_submit.py:644} INFO - 25/06/03 07:18:17 INFO metastore: Opened a connection to metastore, current connections: 1
[2025-06-03T07:18:17.540+0000] {spark_submit.py:644} INFO - 25/06/03 07:18:17 INFO metastore: Connected to metastore.
[2025-06-03T07:18:17.633+0000] {spark_submit.py:644} INFO - 25/06/03 07:18:17 INFO BlockManagerInfo: Removed broadcast_3_piece0 on eff93630df4f:44615 in memory (size: 95.6 KiB, free: 434.4 MiB)
[2025-06-03T07:18:17.634+0000] {spark_submit.py:644} INFO - 25/06/03 07:18:17 INFO BlockManagerInfo: Removed broadcast_3_piece0 on 172.18.0.7:33285 in memory (size: 95.6 KiB, free: 1048.8 MiB)
[2025-06-03T07:18:17.858+0000] {spark_submit.py:644} INFO - 25/06/03 07:18:17 INFO InMemoryFileIndex: It took 4 ms to list leaf files for 1 paths.
[2025-06-03T07:18:17.874+0000] {spark_submit.py:644} INFO - 25/06/03 07:18:17 INFO SparkContext: Starting job: sql at NativeMethodAccessorImpl.java:0
[2025-06-03T07:18:17.875+0000] {spark_submit.py:644} INFO - 25/06/03 07:18:17 INFO DAGScheduler: Got job 3 (sql at NativeMethodAccessorImpl.java:0) with 1 output partitions
[2025-06-03T07:18:17.875+0000] {spark_submit.py:644} INFO - 25/06/03 07:18:17 INFO DAGScheduler: Final stage: ResultStage 4 (sql at NativeMethodAccessorImpl.java:0)
[2025-06-03T07:18:17.875+0000] {spark_submit.py:644} INFO - 25/06/03 07:18:17 INFO DAGScheduler: Parents of final stage: List()
[2025-06-03T07:18:17.876+0000] {spark_submit.py:644} INFO - 25/06/03 07:18:17 INFO DAGScheduler: Missing parents: List()
[2025-06-03T07:18:17.876+0000] {spark_submit.py:644} INFO - 25/06/03 07:18:17 INFO DAGScheduler: Submitting ResultStage 4 (MapPartitionsRDD[10] at sql at NativeMethodAccessorImpl.java:0), which has no missing parents
[2025-06-03T07:18:17.880+0000] {spark_submit.py:644} INFO - 25/06/03 07:18:17 INFO MemoryStore: Block broadcast_4 stored as values in memory (estimated size 107.4 KiB, free 434.1 MiB)
[2025-06-03T07:18:17.885+0000] {spark_submit.py:644} INFO - 25/06/03 07:18:17 INFO MemoryStore: Block broadcast_4_piece0 stored as bytes in memory (estimated size 38.9 KiB, free 434.0 MiB)
[2025-06-03T07:18:17.885+0000] {spark_submit.py:644} INFO - 25/06/03 07:18:17 INFO BlockManagerInfo: Added broadcast_4_piece0 in memory on eff93630df4f:44615 (size: 38.9 KiB, free: 434.3 MiB)
[2025-06-03T07:18:17.886+0000] {spark_submit.py:644} INFO - 25/06/03 07:18:17 INFO SparkContext: Created broadcast 4 from broadcast at DAGScheduler.scala:1585
[2025-06-03T07:18:17.886+0000] {spark_submit.py:644} INFO - 25/06/03 07:18:17 INFO DAGScheduler: Submitting 1 missing tasks from ResultStage 4 (MapPartitionsRDD[10] at sql at NativeMethodAccessorImpl.java:0) (first 15 tasks are for partitions Vector(0))
[2025-06-03T07:18:17.886+0000] {spark_submit.py:644} INFO - 25/06/03 07:18:17 INFO TaskSchedulerImpl: Adding task set 4.0 with 1 tasks resource profile 0
[2025-06-03T07:18:17.887+0000] {spark_submit.py:644} INFO - 25/06/03 07:18:17 INFO TaskSetManager: Starting task 0.0 in stage 4.0 (TID 3) (172.18.0.7, executor 0, partition 0, PROCESS_LOCAL, 10346 bytes)
[2025-06-03T07:18:17.898+0000] {spark_submit.py:644} INFO - 25/06/03 07:18:17 INFO BlockManagerInfo: Added broadcast_4_piece0 in memory on 172.18.0.7:33285 (size: 38.9 KiB, free: 1048.7 MiB)
[2025-06-03T07:18:17.923+0000] {spark_submit.py:644} INFO - 25/06/03 07:18:17 INFO TaskSetManager: Finished task 0.0 in stage 4.0 (TID 3) in 35 ms on 172.18.0.7 (executor 0) (1/1)
[2025-06-03T07:18:17.923+0000] {spark_submit.py:644} INFO - 25/06/03 07:18:17 INFO TaskSchedulerImpl: Removed TaskSet 4.0, whose tasks have all completed, from pool
[2025-06-03T07:18:17.924+0000] {spark_submit.py:644} INFO - 25/06/03 07:18:17 INFO DAGScheduler: ResultStage 4 (sql at NativeMethodAccessorImpl.java:0) finished in 0.047 s
[2025-06-03T07:18:17.924+0000] {spark_submit.py:644} INFO - 25/06/03 07:18:17 INFO DAGScheduler: Job 3 is finished. Cancelling potential speculative or zombie tasks for this job
[2025-06-03T07:18:17.924+0000] {spark_submit.py:644} INFO - 25/06/03 07:18:17 INFO TaskSchedulerImpl: Killing all running tasks in stage 4: Stage finished
[2025-06-03T07:18:17.924+0000] {spark_submit.py:644} INFO - 25/06/03 07:18:17 INFO DAGScheduler: Job 3 finished: sql at NativeMethodAccessorImpl.java:0, took 0.049693 s
[2025-06-03T07:18:17.946+0000] {spark_submit.py:644} INFO - 25/06/03 07:18:17 INFO HiveExternalCatalog: Persisting file based data source table `spark_catalog`.`sc_stats_db`.`gold_sc_summary` into Hive metastore in Hive compatible format.
[2025-06-03T07:18:17.957+0000] {spark_submit.py:644} INFO - 25/06/03 07:18:17 INFO SQLStdHiveAccessController: Created SQLStdHiveAccessController for session context : HiveAuthzSessionContext [sessionString=7c6eca11-d188-405a-b0af-14c5d786ccad, clientType=HIVECLI]
[2025-06-03T07:18:17.958+0000] {spark_submit.py:644} INFO - 25/06/03 07:18:17 WARN SessionState: METASTORE_FILTER_HOOK will be ignored, since hive.security.authorization.manager is set to instance of HiveAuthorizerFactory.
[2025-06-03T07:18:17.959+0000] {spark_submit.py:644} INFO - 25/06/03 07:18:17 INFO metastore: Mestastore configuration hive.metastore.filter.hook changed from org.apache.hadoop.hive.metastore.DefaultMetaStoreFilterHookImpl to org.apache.hadoop.hive.ql.security.authorization.plugin.AuthorizationMetaStoreFilterHook
[2025-06-03T07:18:17.960+0000] {spark_submit.py:644} INFO - 25/06/03 07:18:17 INFO metastore: Closed a connection to metastore, current connections: 0
[2025-06-03T07:18:17.961+0000] {spark_submit.py:644} INFO - 25/06/03 07:18:17 INFO metastore: Trying to connect to metastore with URI thrift://hive-metastore:9083
[2025-06-03T07:18:17.961+0000] {spark_submit.py:644} INFO - 25/06/03 07:18:17 INFO metastore: Opened a connection to metastore, current connections: 1
[2025-06-03T07:18:17.962+0000] {spark_submit.py:644} INFO - 25/06/03 07:18:17 INFO metastore: Connected to metastore.
[2025-06-03T07:18:18.001+0000] {spark_submit.py:644} INFO - 25/06/03 07:18:18 INFO metastore: Trying to connect to metastore with URI thrift://hive-metastore:9083
[2025-06-03T07:18:18.001+0000] {spark_submit.py:644} INFO - 25/06/03 07:18:18 INFO metastore: Opened a connection to metastore, current connections: 2
[2025-06-03T07:18:18.002+0000] {spark_submit.py:644} INFO - 25/06/03 07:18:18 INFO metastore: Connected to metastore.
[2025-06-03T07:18:18.052+0000] {spark_submit.py:644} INFO - Successfully registered table sc_stats_db.gold_sc_summary pointing to s3a://mybucket/gold/season_summary/.
[2025-06-03T07:18:18.052+0000] {spark_submit.py:644} INFO - 25/06/03 07:18:18 INFO SparkContext: SparkContext is stopping with exitCode 0.
[2025-06-03T07:18:18.059+0000] {spark_submit.py:644} INFO - 25/06/03 07:18:18 INFO SparkUI: Stopped Spark web UI at http://eff93630df4f:4040
[2025-06-03T07:18:18.061+0000] {spark_submit.py:644} INFO - 25/06/03 07:18:18 INFO StandaloneSchedulerBackend: Shutting down all executors
[2025-06-03T07:18:18.062+0000] {spark_submit.py:644} INFO - 25/06/03 07:18:18 INFO StandaloneSchedulerBackend$StandaloneDriverEndpoint: Asking each executor to shut down
[2025-06-03T07:18:18.073+0000] {spark_submit.py:644} INFO - 25/06/03 07:18:18 INFO MapOutputTrackerMasterEndpoint: MapOutputTrackerMasterEndpoint stopped!
[2025-06-03T07:18:18.082+0000] {spark_submit.py:644} INFO - 25/06/03 07:18:18 INFO MemoryStore: MemoryStore cleared
[2025-06-03T07:18:18.082+0000] {spark_submit.py:644} INFO - 25/06/03 07:18:18 INFO BlockManager: BlockManager stopped
[2025-06-03T07:18:18.084+0000] {spark_submit.py:644} INFO - 25/06/03 07:18:18 INFO BlockManagerMaster: BlockManagerMaster stopped
[2025-06-03T07:18:18.086+0000] {spark_submit.py:644} INFO - 25/06/03 07:18:18 INFO OutputCommitCoordinator$OutputCommitCoordinatorEndpoint: OutputCommitCoordinator stopped!
[2025-06-03T07:18:18.108+0000] {spark_submit.py:644} INFO - 25/06/03 07:18:18 INFO SparkContext: Successfully stopped SparkContext
[2025-06-03T07:18:18.611+0000] {spark_submit.py:644} INFO - Silver to Gold summary job completed.
[2025-06-03T07:18:18.655+0000] {spark_submit.py:644} INFO - 25/06/03 07:18:18 INFO ShutdownHookManager: Shutdown hook called
[2025-06-03T07:18:18.655+0000] {spark_submit.py:644} INFO - 25/06/03 07:18:18 INFO ShutdownHookManager: Deleting directory /tmp/spark-11738fb6-5086-48b5-badb-50f987a64138
[2025-06-03T07:18:18.657+0000] {spark_submit.py:644} INFO - 25/06/03 07:18:18 INFO ShutdownHookManager: Deleting directory /tmp/spark-1eee3d49-6588-46fa-bae5-35784b22ee1b
[2025-06-03T07:18:18.659+0000] {spark_submit.py:644} INFO - 25/06/03 07:18:18 INFO ShutdownHookManager: Deleting directory /tmp/spark-1eee3d49-6588-46fa-bae5-35784b22ee1b/pyspark-0b1bb725-9557-4331-8eef-fbed70a3cfde
[2025-06-03T07:18:18.663+0000] {spark_submit.py:644} INFO - 25/06/03 07:18:18 INFO MetricsSystemImpl: Stopping s3a-file-system metrics system...
[2025-06-03T07:18:18.663+0000] {spark_submit.py:644} INFO - 25/06/03 07:18:18 INFO MetricsSystemImpl: s3a-file-system metrics system stopped.
[2025-06-03T07:18:18.663+0000] {spark_submit.py:644} INFO - 25/06/03 07:18:18 INFO MetricsSystemImpl: s3a-file-system metrics system shutdown complete.
[2025-06-03T07:18:18.709+0000] {taskinstance.py:340} INFO - ::group::Post task execution logs
[2025-06-03T07:18:18.709+0000] {taskinstance.py:352} INFO - Marking task as SUCCESS. dag_id=curry_medallion_etl, task_id=submit_silver_to_gold_job, run_id=manual__2025-06-03T07:17:42.038314+00:00, execution_date=20250603T071742, start_date=20250603T071807, end_date=20250603T071818
[2025-06-03T07:18:18.732+0000] {local_task_job_runner.py:266} INFO - Task exited with return code 0
[2025-06-03T07:18:18.741+0000] {taskinstance.py:3895} INFO - 0 downstream tasks scheduled from follow-on schedule check
[2025-06-03T07:18:18.742+0000] {local_task_job_runner.py:245} INFO - ::endgroup::
