[2025-06-03T06:10:23.044+0000] {local_task_job_runner.py:123} INFO - ::group::Pre task execution logs
[2025-06-03T06:10:23.058+0000] {taskinstance.py:2613} INFO - Dependencies all met for dep_context=non-requeueable deps ti=<TaskInstance: curry_medallion_etl.submit_silver_to_gold_job manual__2025-06-03T06:09:34.055538+00:00 [queued]>
[2025-06-03T06:10:23.063+0000] {taskinstance.py:2613} INFO - Dependencies all met for dep_context=requeueable deps ti=<TaskInstance: curry_medallion_etl.submit_silver_to_gold_job manual__2025-06-03T06:09:34.055538+00:00 [queued]>
[2025-06-03T06:10:23.063+0000] {taskinstance.py:2866} INFO - Starting attempt 1 of 1
[2025-06-03T06:10:23.069+0000] {taskinstance.py:2889} INFO - Executing <Task(SparkSubmitOperator): submit_silver_to_gold_job> on 2025-06-03 06:09:34.055538+00:00
[2025-06-03T06:10:23.072+0000] {standard_task_runner.py:72} INFO - Started process 783 to run task
[2025-06-03T06:10:23.074+0000] {standard_task_runner.py:104} INFO - Running: ['***', 'tasks', 'run', 'curry_medallion_etl', 'submit_silver_to_gold_job', 'manual__2025-06-03T06:09:34.055538+00:00', '--job-id', '7', '--raw', '--subdir', 'DAGS_FOLDER/medallion_sales_etl_dag.py', '--cfg-path', '/tmp/tmprzttln0t']
[2025-06-03T06:10:23.076+0000] {standard_task_runner.py:105} INFO - Job 7: Subtask submit_silver_to_gold_job
[2025-06-03T06:10:23.105+0000] {task_command.py:467} INFO - Running <TaskInstance: curry_medallion_etl.submit_silver_to_gold_job manual__2025-06-03T06:09:34.055538+00:00 [running]> on host eff93630df4f
[2025-06-03T06:10:23.150+0000] {taskinstance.py:3132} INFO - Exporting env vars: AIRFLOW_CTX_DAG_OWNER='qdinh18' AIRFLOW_CTX_DAG_ID='curry_medallion_etl' AIRFLOW_CTX_TASK_ID='submit_silver_to_gold_job' AIRFLOW_CTX_EXECUTION_DATE='2025-06-03T06:09:34.055538+00:00' AIRFLOW_CTX_TRY_NUMBER='1' AIRFLOW_CTX_DAG_RUN_ID='manual__2025-06-03T06:09:34.055538+00:00'
[2025-06-03T06:10:23.150+0000] {taskinstance.py:731} INFO - ::endgroup::
[2025-06-03T06:10:23.168+0000] {base.py:84} INFO - Retrieving connection 'spark_default'
[2025-06-03T06:10:23.169+0000] {spark_submit.py:474} INFO - Spark-Submit cmd: spark-submit --master spark://spark-master:7077 --conf spark.executor.memory=2g --conf spark.sql.extensions=io.delta.sql.DeltaSparkSessionExtension --conf spark.sql.catalog.spark_catalog=org.apache.spark.sql.delta.catalog.DeltaCatalog --conf spark.hadoop.fs.s3a.endpoint=http://minio:9000 --conf spark.hadoop.fs.s3a.access.key=minioadmin --conf spark.hadoop.fs.s3a.secret.key=****** --conf spark.hadoop.fs.s3a.path.style.access=true --conf spark.hadoop.fs.s3a.impl=org.apache.hadoop.fs.s3a.S3AFileSystem --packages org.apache.hadoop:hadoop-aws:3.3.4,com.amazonaws:aws-java-sdk-bundle:1.12.262,io.delta:delta-spark_2.12:3.1.0 --name silver_to_gold_sc_summary_etl --verbose --queue root.default --deploy-mode client /opt/***/dags/silver_to_gold_sc_summary_etl.py --input_path s3a://mybucket/silver/curry_transformed/ --output_path s3a://mybucket/gold/season_summary/
[2025-06-03T06:10:23.808+0000] {spark_submit.py:644} INFO - Using properties file: null
[2025-06-03T06:10:23.865+0000] {spark_submit.py:644} INFO - Parsed arguments:
[2025-06-03T06:10:23.865+0000] {spark_submit.py:644} INFO - master                  spark://spark-master:7077
[2025-06-03T06:10:23.865+0000] {spark_submit.py:644} INFO - remote                  null
[2025-06-03T06:10:23.866+0000] {spark_submit.py:644} INFO - deployMode              client
[2025-06-03T06:10:23.866+0000] {spark_submit.py:644} INFO - executorMemory          2g
[2025-06-03T06:10:23.866+0000] {spark_submit.py:644} INFO - executorCores           null
[2025-06-03T06:10:23.866+0000] {spark_submit.py:644} INFO - totalExecutorCores      null
[2025-06-03T06:10:23.866+0000] {spark_submit.py:644} INFO - propertiesFile          null
[2025-06-03T06:10:23.871+0000] {spark_submit.py:644} INFO - driverMemory            null
[2025-06-03T06:10:23.871+0000] {spark_submit.py:644} INFO - driverCores             null
[2025-06-03T06:10:23.873+0000] {spark_submit.py:644} INFO - driverExtraClassPath    null
[2025-06-03T06:10:23.873+0000] {spark_submit.py:644} INFO - driverExtraLibraryPath  null
[2025-06-03T06:10:23.877+0000] {spark_submit.py:644} INFO - driverExtraJavaOptions  null
[2025-06-03T06:10:23.878+0000] {spark_submit.py:644} INFO - supervise               false
[2025-06-03T06:10:23.878+0000] {spark_submit.py:644} INFO - queue                   root.default
[2025-06-03T06:10:23.878+0000] {spark_submit.py:644} INFO - numExecutors            null
[2025-06-03T06:10:23.878+0000] {spark_submit.py:644} INFO - files                   null
[2025-06-03T06:10:23.879+0000] {spark_submit.py:644} INFO - pyFiles                 null
[2025-06-03T06:10:23.879+0000] {spark_submit.py:644} INFO - archives                null
[2025-06-03T06:10:23.879+0000] {spark_submit.py:644} INFO - mainClass               null
[2025-06-03T06:10:23.879+0000] {spark_submit.py:644} INFO - primaryResource         file:/opt/***/dags/silver_to_gold_sc_summary_etl.py
[2025-06-03T06:10:23.879+0000] {spark_submit.py:644} INFO - name                    silver_to_gold_sc_summary_etl
[2025-06-03T06:10:23.879+0000] {spark_submit.py:644} INFO - childArgs               [--input_path s3a://mybucket/silver/curry_transformed/ --output_path s3a://mybucket/gold/season_summary/]
[2025-06-03T06:10:23.879+0000] {spark_submit.py:644} INFO - jars                    null
[2025-06-03T06:10:23.880+0000] {spark_submit.py:644} INFO - packages                org.apache.hadoop:hadoop-aws:3.3.4,com.amazonaws:aws-java-sdk-bundle:1.12.262,io.delta:delta-spark_2.12:3.1.0
[2025-06-03T06:10:23.880+0000] {spark_submit.py:644} INFO - packagesExclusions      null
[2025-06-03T06:10:23.880+0000] {spark_submit.py:644} INFO - repositories            null
[2025-06-03T06:10:23.880+0000] {spark_submit.py:644} INFO - verbose                 true
[2025-06-03T06:10:23.880+0000] {spark_submit.py:644} INFO - 
[2025-06-03T06:10:23.880+0000] {spark_submit.py:644} INFO - Spark properties used, including those specified through
[2025-06-03T06:10:23.880+0000] {spark_submit.py:644} INFO - --conf and those from the properties file null:
[2025-06-03T06:10:23.880+0000] {spark_submit.py:644} INFO - (spark.executor.memory,2g)
[2025-06-03T06:10:23.880+0000] {spark_submit.py:644} INFO - (spark.hadoop.fs.s3a.access.key,*********(redacted))
[2025-06-03T06:10:23.881+0000] {spark_submit.py:644} INFO - (spark.hadoop.fs.s3a.endpoint,http://minio:9000)
[2025-06-03T06:10:23.881+0000] {spark_submit.py:644} INFO - (spark.hadoop.fs.s3a.impl,org.apache.hadoop.fs.s3a.S3AFileSystem)
[2025-06-03T06:10:23.881+0000] {spark_submit.py:644} INFO - (spark.hadoop.fs.s3a.path.style.access,true)
[2025-06-03T06:10:23.881+0000] {spark_submit.py:644} INFO - (spark.hadoop.fs.s3a.secret.key,*********(redacted))
[2025-06-03T06:10:23.881+0000] {spark_submit.py:644} INFO - (spark.sql.catalog.spark_catalog,org.apache.spark.sql.delta.catalog.DeltaCatalog)
[2025-06-03T06:10:23.881+0000] {spark_submit.py:644} INFO - (spark.sql.extensions,io.delta.sql.DeltaSparkSessionExtension)
[2025-06-03T06:10:23.881+0000] {spark_submit.py:644} INFO - 
[2025-06-03T06:10:23.881+0000] {spark_submit.py:644} INFO - 
[2025-06-03T06:10:23.934+0000] {spark_submit.py:644} INFO - :: loading settings :: url = jar:file:/home/***/.local/lib/python3.11/site-packages/pyspark/jars/ivy-2.5.1.jar!/org/apache/ivy/core/settings/ivysettings.xml
[2025-06-03T06:10:23.971+0000] {spark_submit.py:644} INFO - Ivy Default Cache set to: /home/***/.ivy2/cache
[2025-06-03T06:10:23.972+0000] {spark_submit.py:644} INFO - The jars for the packages stored in: /home/***/.ivy2/jars
[2025-06-03T06:10:23.974+0000] {spark_submit.py:644} INFO - org.apache.hadoop#hadoop-aws added as a dependency
[2025-06-03T06:10:23.975+0000] {spark_submit.py:644} INFO - com.amazonaws#aws-java-sdk-bundle added as a dependency
[2025-06-03T06:10:23.975+0000] {spark_submit.py:644} INFO - io.delta#delta-spark_2.12 added as a dependency
[2025-06-03T06:10:23.975+0000] {spark_submit.py:644} INFO - :: resolving dependencies :: org.apache.spark#spark-submit-parent-c678d156-928c-46cb-a4fb-bc932273f2f6;1.0
[2025-06-03T06:10:23.975+0000] {spark_submit.py:644} INFO - confs: [default]
[2025-06-03T06:10:24.061+0000] {spark_submit.py:644} INFO - found org.apache.hadoop#hadoop-aws;3.3.4 in central
[2025-06-03T06:10:24.073+0000] {spark_submit.py:644} INFO - found com.amazonaws#aws-java-sdk-bundle;1.12.262 in central
[2025-06-03T06:10:24.085+0000] {spark_submit.py:644} INFO - found org.wildfly.openssl#wildfly-openssl;1.0.7.Final in central
[2025-06-03T06:10:24.095+0000] {spark_submit.py:644} INFO - found io.delta#delta-spark_2.12;3.1.0 in central
[2025-06-03T06:10:24.105+0000] {spark_submit.py:644} INFO - found io.delta#delta-storage;3.1.0 in central
[2025-06-03T06:10:24.113+0000] {spark_submit.py:644} INFO - found org.antlr#antlr4-runtime;4.9.3 in central
[2025-06-03T06:10:24.127+0000] {spark_submit.py:644} INFO - :: resolution report :: resolve 144ms :: artifacts dl 7ms
[2025-06-03T06:10:24.127+0000] {spark_submit.py:644} INFO - :: modules in use:
[2025-06-03T06:10:24.128+0000] {spark_submit.py:644} INFO - com.amazonaws#aws-java-sdk-bundle;1.12.262 from central in [default]
[2025-06-03T06:10:24.128+0000] {spark_submit.py:644} INFO - io.delta#delta-spark_2.12;3.1.0 from central in [default]
[2025-06-03T06:10:24.128+0000] {spark_submit.py:644} INFO - io.delta#delta-storage;3.1.0 from central in [default]
[2025-06-03T06:10:24.128+0000] {spark_submit.py:644} INFO - org.antlr#antlr4-runtime;4.9.3 from central in [default]
[2025-06-03T06:10:24.128+0000] {spark_submit.py:644} INFO - org.apache.hadoop#hadoop-aws;3.3.4 from central in [default]
[2025-06-03T06:10:24.128+0000] {spark_submit.py:644} INFO - org.wildfly.openssl#wildfly-openssl;1.0.7.Final from central in [default]
[2025-06-03T06:10:24.129+0000] {spark_submit.py:644} INFO - ---------------------------------------------------------------------
[2025-06-03T06:10:24.129+0000] {spark_submit.py:644} INFO - |                  |            modules            ||   artifacts   |
[2025-06-03T06:10:24.129+0000] {spark_submit.py:644} INFO - |       conf       | number| search|dwnlded|evicted|| number|dwnlded|
[2025-06-03T06:10:24.129+0000] {spark_submit.py:644} INFO - ---------------------------------------------------------------------
[2025-06-03T06:10:24.129+0000] {spark_submit.py:644} INFO - |      default     |   6   |   0   |   0   |   0   ||   6   |   0   |
[2025-06-03T06:10:24.129+0000] {spark_submit.py:644} INFO - ---------------------------------------------------------------------
[2025-06-03T06:10:24.130+0000] {spark_submit.py:644} INFO - :: retrieving :: org.apache.spark#spark-submit-parent-c678d156-928c-46cb-a4fb-bc932273f2f6
[2025-06-03T06:10:24.131+0000] {spark_submit.py:644} INFO - confs: [default]
[2025-06-03T06:10:24.134+0000] {spark_submit.py:644} INFO - 0 artifacts copied, 6 already retrieved (0kB/4ms)
[2025-06-03T06:10:24.231+0000] {spark_submit.py:644} INFO - 25/06/03 06:10:24 WARN NativeCodeLoader: Unable to load native-hadoop library for your platform... using builtin-java classes where applicable
[2025-06-03T06:10:24.327+0000] {spark_submit.py:644} INFO - Main class:
[2025-06-03T06:10:24.327+0000] {spark_submit.py:644} INFO - org.apache.spark.deploy.PythonRunner
[2025-06-03T06:10:24.327+0000] {spark_submit.py:644} INFO - Arguments:
[2025-06-03T06:10:24.328+0000] {spark_submit.py:644} INFO - file:/opt/***/dags/silver_to_gold_sc_summary_etl.py
[2025-06-03T06:10:24.328+0000] {spark_submit.py:644} INFO - file:///home/***/.ivy2/jars/org.apache.hadoop_hadoop-aws-3.3.4.jar,file:///home/***/.ivy2/jars/com.amazonaws_aws-java-sdk-bundle-1.12.262.jar,file:///home/***/.ivy2/jars/io.delta_delta-spark_2.12-3.1.0.jar,file:///home/***/.ivy2/jars/org.wildfly.openssl_wildfly-openssl-1.0.7.Final.jar,file:///home/***/.ivy2/jars/io.delta_delta-storage-3.1.0.jar,file:///home/***/.ivy2/jars/org.antlr_antlr4-runtime-4.9.3.jar
[2025-06-03T06:10:24.328+0000] {spark_submit.py:644} INFO - --input_path
[2025-06-03T06:10:24.328+0000] {spark_submit.py:644} INFO - s3a://mybucket/silver/curry_transformed/
[2025-06-03T06:10:24.328+0000] {spark_submit.py:644} INFO - --output_path
[2025-06-03T06:10:24.328+0000] {spark_submit.py:644} INFO - s3a://mybucket/gold/season_summary/
[2025-06-03T06:10:24.329+0000] {spark_submit.py:644} INFO - Spark config:
[2025-06-03T06:10:24.329+0000] {spark_submit.py:644} INFO - (spark.app.name,silver_to_gold_sc_summary_etl)
[2025-06-03T06:10:24.329+0000] {spark_submit.py:644} INFO - (spark.app.submitTime,1748931024317)
[2025-06-03T06:10:24.329+0000] {spark_submit.py:644} INFO - (spark.executor.memory,2g)
[2025-06-03T06:10:24.330+0000] {spark_submit.py:644} INFO - (spark.files,file:///home/***/.ivy2/jars/org.apache.hadoop_hadoop-aws-3.3.4.jar,file:///home/***/.ivy2/jars/com.amazonaws_aws-java-sdk-bundle-1.12.262.jar,file:///home/***/.ivy2/jars/io.delta_delta-spark_2.12-3.1.0.jar,file:///home/***/.ivy2/jars/org.wildfly.openssl_wildfly-openssl-1.0.7.Final.jar,file:///home/***/.ivy2/jars/io.delta_delta-storage-3.1.0.jar,file:///home/***/.ivy2/jars/org.antlr_antlr4-runtime-4.9.3.jar)
[2025-06-03T06:10:24.330+0000] {spark_submit.py:644} INFO - (spark.hadoop.fs.s3a.access.key,*********(redacted))
[2025-06-03T06:10:24.330+0000] {spark_submit.py:644} INFO - (spark.hadoop.fs.s3a.endpoint,http://minio:9000)
[2025-06-03T06:10:24.330+0000] {spark_submit.py:644} INFO - (spark.hadoop.fs.s3a.impl,org.apache.hadoop.fs.s3a.S3AFileSystem)
[2025-06-03T06:10:24.330+0000] {spark_submit.py:644} INFO - (spark.hadoop.fs.s3a.path.style.access,true)
[2025-06-03T06:10:24.330+0000] {spark_submit.py:644} INFO - (spark.hadoop.fs.s3a.secret.key,*********(redacted))
[2025-06-03T06:10:24.331+0000] {spark_submit.py:644} INFO - (spark.jars,file:///home/***/.ivy2/jars/org.apache.hadoop_hadoop-aws-3.3.4.jar,file:///home/***/.ivy2/jars/com.amazonaws_aws-java-sdk-bundle-1.12.262.jar,file:///home/***/.ivy2/jars/io.delta_delta-spark_2.12-3.1.0.jar,file:///home/***/.ivy2/jars/org.wildfly.openssl_wildfly-openssl-1.0.7.Final.jar,file:///home/***/.ivy2/jars/io.delta_delta-storage-3.1.0.jar,file:///home/***/.ivy2/jars/org.antlr_antlr4-runtime-4.9.3.jar)
[2025-06-03T06:10:24.331+0000] {spark_submit.py:644} INFO - (spark.master,spark://spark-master:7077)
[2025-06-03T06:10:24.331+0000] {spark_submit.py:644} INFO - (spark.repl.local.jars,file:///home/***/.ivy2/jars/org.apache.hadoop_hadoop-aws-3.3.4.jar,file:///home/***/.ivy2/jars/com.amazonaws_aws-java-sdk-bundle-1.12.262.jar,file:///home/***/.ivy2/jars/io.delta_delta-spark_2.12-3.1.0.jar,file:///home/***/.ivy2/jars/org.wildfly.openssl_wildfly-openssl-1.0.7.Final.jar,file:///home/***/.ivy2/jars/io.delta_delta-storage-3.1.0.jar,file:///home/***/.ivy2/jars/org.antlr_antlr4-runtime-4.9.3.jar)
[2025-06-03T06:10:24.331+0000] {spark_submit.py:644} INFO - (spark.sql.catalog.spark_catalog,org.apache.spark.sql.delta.catalog.DeltaCatalog)
[2025-06-03T06:10:24.332+0000] {spark_submit.py:644} INFO - (spark.sql.extensions,io.delta.sql.DeltaSparkSessionExtension)
[2025-06-03T06:10:24.332+0000] {spark_submit.py:644} INFO - (spark.submit.deployMode,client)
[2025-06-03T06:10:24.332+0000] {spark_submit.py:644} INFO - (spark.submit.pyFiles,/home/***/.ivy2/jars/org.apache.hadoop_hadoop-aws-3.3.4.jar,/home/***/.ivy2/jars/com.amazonaws_aws-java-sdk-bundle-1.12.262.jar,/home/***/.ivy2/jars/io.delta_delta-spark_2.12-3.1.0.jar,/home/***/.ivy2/jars/org.wildfly.openssl_wildfly-openssl-1.0.7.Final.jar,/home/***/.ivy2/jars/io.delta_delta-storage-3.1.0.jar,/home/***/.ivy2/jars/org.antlr_antlr4-runtime-4.9.3.jar)
[2025-06-03T06:10:24.332+0000] {spark_submit.py:644} INFO - Classpath elements:
[2025-06-03T06:10:24.332+0000] {spark_submit.py:644} INFO - file:///home/***/.ivy2/jars/org.apache.hadoop_hadoop-aws-3.3.4.jar
[2025-06-03T06:10:24.332+0000] {spark_submit.py:644} INFO - file:///home/***/.ivy2/jars/com.amazonaws_aws-java-sdk-bundle-1.12.262.jar
[2025-06-03T06:10:24.333+0000] {spark_submit.py:644} INFO - file:///home/***/.ivy2/jars/io.delta_delta-spark_2.12-3.1.0.jar
[2025-06-03T06:10:24.333+0000] {spark_submit.py:644} INFO - file:///home/***/.ivy2/jars/org.wildfly.openssl_wildfly-openssl-1.0.7.Final.jar
[2025-06-03T06:10:24.333+0000] {spark_submit.py:644} INFO - file:///home/***/.ivy2/jars/io.delta_delta-storage-3.1.0.jar
[2025-06-03T06:10:24.333+0000] {spark_submit.py:644} INFO - file:///home/***/.ivy2/jars/org.antlr_antlr4-runtime-4.9.3.jar
[2025-06-03T06:10:24.333+0000] {spark_submit.py:644} INFO - 
[2025-06-03T06:10:24.333+0000] {spark_submit.py:644} INFO - 
[2025-06-03T06:10:24.980+0000] {spark_submit.py:644} INFO - 25/06/03 06:10:24 INFO SparkContext: Running Spark version 3.5.2
[2025-06-03T06:10:24.980+0000] {spark_submit.py:644} INFO - 25/06/03 06:10:24 INFO SparkContext: OS info Linux, 6.10.14-linuxkit, aarch64
[2025-06-03T06:10:24.980+0000] {spark_submit.py:644} INFO - 25/06/03 06:10:24 INFO SparkContext: Java version 17.0.15
[2025-06-03T06:10:24.991+0000] {spark_submit.py:644} INFO - 25/06/03 06:10:24 INFO ResourceUtils: ==============================================================
[2025-06-03T06:10:24.991+0000] {spark_submit.py:644} INFO - 25/06/03 06:10:24 INFO ResourceUtils: No custom resources configured for spark.driver.
[2025-06-03T06:10:24.991+0000] {spark_submit.py:644} INFO - 25/06/03 06:10:24 INFO ResourceUtils: ==============================================================
[2025-06-03T06:10:24.992+0000] {spark_submit.py:644} INFO - 25/06/03 06:10:24 INFO SparkContext: Submitted application: SilverToGoldStephenCurrySummaryETL
[2025-06-03T06:10:25.003+0000] {spark_submit.py:644} INFO - 25/06/03 06:10:25 INFO ResourceProfile: Default ResourceProfile created, executor resources: Map(memory -> name: memory, amount: 2048, script: , vendor: , offHeap -> name: offHeap, amount: 0, script: , vendor: ), task resources: Map(cpus -> name: cpus, amount: 1.0)
[2025-06-03T06:10:25.008+0000] {spark_submit.py:644} INFO - 25/06/03 06:10:25 INFO ResourceProfile: Limiting resource is cpu
[2025-06-03T06:10:25.008+0000] {spark_submit.py:644} INFO - 25/06/03 06:10:25 INFO ResourceProfileManager: Added ResourceProfile id: 0
[2025-06-03T06:10:25.038+0000] {spark_submit.py:644} INFO - 25/06/03 06:10:25 INFO SecurityManager: Changing view acls to: ***
[2025-06-03T06:10:25.039+0000] {spark_submit.py:644} INFO - 25/06/03 06:10:25 INFO SecurityManager: Changing modify acls to: ***
[2025-06-03T06:10:25.039+0000] {spark_submit.py:644} INFO - 25/06/03 06:10:25 INFO SecurityManager: Changing view acls groups to:
[2025-06-03T06:10:25.039+0000] {spark_submit.py:644} INFO - 25/06/03 06:10:25 INFO SecurityManager: Changing modify acls groups to:
[2025-06-03T06:10:25.040+0000] {spark_submit.py:644} INFO - 25/06/03 06:10:25 INFO SecurityManager: SecurityManager: authentication disabled; ui acls disabled; users with view permissions: ***; groups with view permissions: EMPTY; users with modify permissions: ***; groups with modify permissions: EMPTY
[2025-06-03T06:10:25.163+0000] {spark_submit.py:644} INFO - 25/06/03 06:10:25 INFO Utils: Successfully started service 'sparkDriver' on port 34155.
[2025-06-03T06:10:25.177+0000] {spark_submit.py:644} INFO - 25/06/03 06:10:25 INFO SparkEnv: Registering MapOutputTracker
[2025-06-03T06:10:25.196+0000] {spark_submit.py:644} INFO - 25/06/03 06:10:25 INFO SparkEnv: Registering BlockManagerMaster
[2025-06-03T06:10:25.206+0000] {spark_submit.py:644} INFO - 25/06/03 06:10:25 INFO BlockManagerMasterEndpoint: Using org.apache.spark.storage.DefaultTopologyMapper for getting topology information
[2025-06-03T06:10:25.207+0000] {spark_submit.py:644} INFO - 25/06/03 06:10:25 INFO BlockManagerMasterEndpoint: BlockManagerMasterEndpoint up
[2025-06-03T06:10:25.210+0000] {spark_submit.py:644} INFO - 25/06/03 06:10:25 INFO SparkEnv: Registering BlockManagerMasterHeartbeat
[2025-06-03T06:10:25.220+0000] {spark_submit.py:644} INFO - 25/06/03 06:10:25 INFO DiskBlockManager: Created local directory at /tmp/blockmgr-42138f30-acba-49ae-909b-c1847ab565a5
[2025-06-03T06:10:25.228+0000] {spark_submit.py:644} INFO - 25/06/03 06:10:25 INFO MemoryStore: MemoryStore started with capacity 434.4 MiB
[2025-06-03T06:10:25.237+0000] {spark_submit.py:644} INFO - 25/06/03 06:10:25 INFO SparkEnv: Registering OutputCommitCoordinator
[2025-06-03T06:10:25.300+0000] {spark_submit.py:644} INFO - 25/06/03 06:10:25 INFO JettyUtils: Start Jetty 0.0.0.0:4040 for SparkUI
[2025-06-03T06:10:25.336+0000] {spark_submit.py:644} INFO - 25/06/03 06:10:25 INFO Utils: Successfully started service 'SparkUI' on port 4040.
[2025-06-03T06:10:25.358+0000] {spark_submit.py:644} INFO - 25/06/03 06:10:25 INFO SparkContext: Added JAR file:///home/***/.ivy2/jars/org.apache.hadoop_hadoop-aws-3.3.4.jar at spark://eff93630df4f:34155/jars/org.apache.hadoop_hadoop-aws-3.3.4.jar with timestamp 1748931024975
[2025-06-03T06:10:25.358+0000] {spark_submit.py:644} INFO - 25/06/03 06:10:25 INFO SparkContext: Added JAR file:///home/***/.ivy2/jars/com.amazonaws_aws-java-sdk-bundle-1.12.262.jar at spark://eff93630df4f:34155/jars/com.amazonaws_aws-java-sdk-bundle-1.12.262.jar with timestamp 1748931024975
[2025-06-03T06:10:25.359+0000] {spark_submit.py:644} INFO - 25/06/03 06:10:25 INFO SparkContext: Added JAR file:///home/***/.ivy2/jars/io.delta_delta-spark_2.12-3.1.0.jar at spark://eff93630df4f:34155/jars/io.delta_delta-spark_2.12-3.1.0.jar with timestamp 1748931024975
[2025-06-03T06:10:25.359+0000] {spark_submit.py:644} INFO - 25/06/03 06:10:25 INFO SparkContext: Added JAR file:///home/***/.ivy2/jars/org.wildfly.openssl_wildfly-openssl-1.0.7.Final.jar at spark://eff93630df4f:34155/jars/org.wildfly.openssl_wildfly-openssl-1.0.7.Final.jar with timestamp 1748931024975
[2025-06-03T06:10:25.359+0000] {spark_submit.py:644} INFO - 25/06/03 06:10:25 INFO SparkContext: Added JAR file:///home/***/.ivy2/jars/io.delta_delta-storage-3.1.0.jar at spark://eff93630df4f:34155/jars/io.delta_delta-storage-3.1.0.jar with timestamp 1748931024975
[2025-06-03T06:10:25.359+0000] {spark_submit.py:644} INFO - 25/06/03 06:10:25 INFO SparkContext: Added JAR file:///home/***/.ivy2/jars/org.antlr_antlr4-runtime-4.9.3.jar at spark://eff93630df4f:34155/jars/org.antlr_antlr4-runtime-4.9.3.jar with timestamp 1748931024975
[2025-06-03T06:10:25.360+0000] {spark_submit.py:644} INFO - 25/06/03 06:10:25 INFO SparkContext: Added file file:///home/***/.ivy2/jars/org.apache.hadoop_hadoop-aws-3.3.4.jar at spark://eff93630df4f:34155/files/org.apache.hadoop_hadoop-aws-3.3.4.jar with timestamp 1748931024975
[2025-06-03T06:10:25.361+0000] {spark_submit.py:644} INFO - 25/06/03 06:10:25 INFO Utils: Copying /home/***/.ivy2/jars/org.apache.hadoop_hadoop-aws-3.3.4.jar to /tmp/spark-ff4bd4e9-927f-4c5d-80b0-374f1f3ad0d9/userFiles-5b2352a2-370c-44ee-a719-d3bf986320d8/org.apache.hadoop_hadoop-aws-3.3.4.jar
[2025-06-03T06:10:25.366+0000] {spark_submit.py:644} INFO - 25/06/03 06:10:25 INFO SparkContext: Added file file:///home/***/.ivy2/jars/com.amazonaws_aws-java-sdk-bundle-1.12.262.jar at spark://eff93630df4f:34155/files/com.amazonaws_aws-java-sdk-bundle-1.12.262.jar with timestamp 1748931024975
[2025-06-03T06:10:25.366+0000] {spark_submit.py:644} INFO - 25/06/03 06:10:25 INFO Utils: Copying /home/***/.ivy2/jars/com.amazonaws_aws-java-sdk-bundle-1.12.262.jar to /tmp/spark-ff4bd4e9-927f-4c5d-80b0-374f1f3ad0d9/userFiles-5b2352a2-370c-44ee-a719-d3bf986320d8/com.amazonaws_aws-java-sdk-bundle-1.12.262.jar
[2025-06-03T06:10:25.457+0000] {spark_submit.py:644} INFO - 25/06/03 06:10:25 INFO SparkContext: Added file file:///home/***/.ivy2/jars/io.delta_delta-spark_2.12-3.1.0.jar at spark://eff93630df4f:34155/files/io.delta_delta-spark_2.12-3.1.0.jar with timestamp 1748931024975
[2025-06-03T06:10:25.458+0000] {spark_submit.py:644} INFO - 25/06/03 06:10:25 INFO Utils: Copying /home/***/.ivy2/jars/io.delta_delta-spark_2.12-3.1.0.jar to /tmp/spark-ff4bd4e9-927f-4c5d-80b0-374f1f3ad0d9/userFiles-5b2352a2-370c-44ee-a719-d3bf986320d8/io.delta_delta-spark_2.12-3.1.0.jar
[2025-06-03T06:10:25.461+0000] {spark_submit.py:644} INFO - 25/06/03 06:10:25 INFO SparkContext: Added file file:///home/***/.ivy2/jars/org.wildfly.openssl_wildfly-openssl-1.0.7.Final.jar at spark://eff93630df4f:34155/files/org.wildfly.openssl_wildfly-openssl-1.0.7.Final.jar with timestamp 1748931024975
[2025-06-03T06:10:25.462+0000] {spark_submit.py:644} INFO - 25/06/03 06:10:25 INFO Utils: Copying /home/***/.ivy2/jars/org.wildfly.openssl_wildfly-openssl-1.0.7.Final.jar to /tmp/spark-ff4bd4e9-927f-4c5d-80b0-374f1f3ad0d9/userFiles-5b2352a2-370c-44ee-a719-d3bf986320d8/org.wildfly.openssl_wildfly-openssl-1.0.7.Final.jar
[2025-06-03T06:10:25.463+0000] {spark_submit.py:644} INFO - 25/06/03 06:10:25 INFO SparkContext: Added file file:///home/***/.ivy2/jars/io.delta_delta-storage-3.1.0.jar at spark://eff93630df4f:34155/files/io.delta_delta-storage-3.1.0.jar with timestamp 1748931024975
[2025-06-03T06:10:25.464+0000] {spark_submit.py:644} INFO - 25/06/03 06:10:25 INFO Utils: Copying /home/***/.ivy2/jars/io.delta_delta-storage-3.1.0.jar to /tmp/spark-ff4bd4e9-927f-4c5d-80b0-374f1f3ad0d9/userFiles-5b2352a2-370c-44ee-a719-d3bf986320d8/io.delta_delta-storage-3.1.0.jar
[2025-06-03T06:10:25.466+0000] {spark_submit.py:644} INFO - 25/06/03 06:10:25 INFO SparkContext: Added file file:///home/***/.ivy2/jars/org.antlr_antlr4-runtime-4.9.3.jar at spark://eff93630df4f:34155/files/org.antlr_antlr4-runtime-4.9.3.jar with timestamp 1748931024975
[2025-06-03T06:10:25.466+0000] {spark_submit.py:644} INFO - 25/06/03 06:10:25 INFO Utils: Copying /home/***/.ivy2/jars/org.antlr_antlr4-runtime-4.9.3.jar to /tmp/spark-ff4bd4e9-927f-4c5d-80b0-374f1f3ad0d9/userFiles-5b2352a2-370c-44ee-a719-d3bf986320d8/org.antlr_antlr4-runtime-4.9.3.jar
[2025-06-03T06:10:25.506+0000] {spark_submit.py:644} INFO - 25/06/03 06:10:25 INFO StandaloneAppClient$ClientEndpoint: Connecting to master spark://spark-master:7077...
[2025-06-03T06:10:25.526+0000] {spark_submit.py:644} INFO - 25/06/03 06:10:25 INFO TransportClientFactory: Successfully created connection to spark-master/172.18.0.5:7077 after 11 ms (0 ms spent in bootstraps)
[2025-06-03T06:10:25.571+0000] {spark_submit.py:644} INFO - 25/06/03 06:10:25 INFO StandaloneSchedulerBackend: Connected to Spark cluster with app ID app-20250603061025-0002
[2025-06-03T06:10:25.572+0000] {spark_submit.py:644} INFO - 25/06/03 06:10:25 INFO StandaloneAppClient$ClientEndpoint: Executor added: app-20250603061025-0002/0 on worker-20250603060346-172.18.0.7-40055 (172.18.0.7:40055) with 4 core(s)
[2025-06-03T06:10:25.573+0000] {spark_submit.py:644} INFO - 25/06/03 06:10:25 INFO StandaloneSchedulerBackend: Granted executor ID app-20250603061025-0002/0 on hostPort 172.18.0.7:40055 with 4 core(s), 2.0 GiB RAM
[2025-06-03T06:10:25.576+0000] {spark_submit.py:644} INFO - 25/06/03 06:10:25 INFO Utils: Successfully started service 'org.apache.spark.network.netty.NettyBlockTransferService' on port 35337.
[2025-06-03T06:10:25.576+0000] {spark_submit.py:644} INFO - 25/06/03 06:10:25 INFO NettyBlockTransferService: Server created on eff93630df4f:35337
[2025-06-03T06:10:25.577+0000] {spark_submit.py:644} INFO - 25/06/03 06:10:25 INFO BlockManager: Using org.apache.spark.storage.RandomBlockReplicationPolicy for block replication policy
[2025-06-03T06:10:25.581+0000] {spark_submit.py:644} INFO - 25/06/03 06:10:25 INFO BlockManagerMaster: Registering BlockManager BlockManagerId(driver, eff93630df4f, 35337, None)
[2025-06-03T06:10:25.583+0000] {spark_submit.py:644} INFO - 25/06/03 06:10:25 INFO BlockManagerMasterEndpoint: Registering block manager eff93630df4f:35337 with 434.4 MiB RAM, BlockManagerId(driver, eff93630df4f, 35337, None)
[2025-06-03T06:10:25.585+0000] {spark_submit.py:644} INFO - 25/06/03 06:10:25 INFO BlockManagerMaster: Registered BlockManager BlockManagerId(driver, eff93630df4f, 35337, None)
[2025-06-03T06:10:25.586+0000] {spark_submit.py:644} INFO - 25/06/03 06:10:25 INFO BlockManager: Initialized BlockManager: BlockManagerId(driver, eff93630df4f, 35337, None)
[2025-06-03T06:10:25.592+0000] {spark_submit.py:644} INFO - 25/06/03 06:10:25 INFO StandaloneAppClient$ClientEndpoint: Executor updated: app-20250603061025-0002/0 is now RUNNING
[2025-06-03T06:10:25.700+0000] {spark_submit.py:644} INFO - 25/06/03 06:10:25 INFO StandaloneSchedulerBackend: SchedulerBackend is ready for scheduling beginning after reached minRegisteredResourcesRatio: 0.0
[2025-06-03T06:10:25.833+0000] {spark_submit.py:644} INFO - Reading Silver data from: s3a://mybucket/silver/curry_transformed/
[2025-06-03T06:10:25.836+0000] {spark_submit.py:644} INFO - 25/06/03 06:10:25 INFO SharedState: Setting hive.metastore.warehouse.dir ('null') to the value of spark.sql.warehouse.dir.
[2025-06-03T06:10:25.894+0000] {spark_submit.py:644} INFO - 25/06/03 06:10:25 WARN MetricsConfig: Cannot locate configuration: tried hadoop-metrics2-s3a-file-system.properties,hadoop-metrics2.properties
[2025-06-03T06:10:25.901+0000] {spark_submit.py:644} INFO - 25/06/03 06:10:25 INFO MetricsSystemImpl: Scheduled Metric snapshot period at 10 second(s).
[2025-06-03T06:10:25.901+0000] {spark_submit.py:644} INFO - 25/06/03 06:10:25 INFO MetricsSystemImpl: s3a-file-system metrics system started
[2025-06-03T06:10:26.287+0000] {spark_submit.py:644} INFO - 25/06/03 06:10:26 INFO SharedState: Warehouse path is 's3a://mybucket'.
[2025-06-03T06:10:26.854+0000] {spark_submit.py:644} INFO - 25/06/03 06:10:26 INFO InMemoryFileIndex: It took 37 ms to list leaf files for 1 paths.
[2025-06-03T06:10:27.049+0000] {spark_submit.py:644} INFO - 25/06/03 06:10:27 INFO StandaloneSchedulerBackend$StandaloneDriverEndpoint: Registered executor NettyRpcEndpointRef(spark-client://Executor) (172.18.0.7:40110) with ID 0,  ResourceProfileId 0
[2025-06-03T06:10:27.083+0000] {spark_submit.py:644} INFO - 25/06/03 06:10:27 INFO BlockManagerMasterEndpoint: Registering block manager 172.18.0.7:37903 with 1048.8 MiB RAM, BlockManagerId(0, 172.18.0.7, 37903, None)
[2025-06-03T06:10:27.096+0000] {spark_submit.py:644} INFO - 25/06/03 06:10:27 INFO SparkContext: Starting job: load at NativeMethodAccessorImpl.java:0
[2025-06-03T06:10:27.104+0000] {spark_submit.py:644} INFO - 25/06/03 06:10:27 INFO DAGScheduler: Got job 0 (load at NativeMethodAccessorImpl.java:0) with 1 output partitions
[2025-06-03T06:10:27.104+0000] {spark_submit.py:644} INFO - 25/06/03 06:10:27 INFO DAGScheduler: Final stage: ResultStage 0 (load at NativeMethodAccessorImpl.java:0)
[2025-06-03T06:10:27.104+0000] {spark_submit.py:644} INFO - 25/06/03 06:10:27 INFO DAGScheduler: Parents of final stage: List()
[2025-06-03T06:10:27.105+0000] {spark_submit.py:644} INFO - 25/06/03 06:10:27 INFO DAGScheduler: Missing parents: List()
[2025-06-03T06:10:27.107+0000] {spark_submit.py:644} INFO - 25/06/03 06:10:27 INFO DAGScheduler: Submitting ResultStage 0 (MapPartitionsRDD[1] at load at NativeMethodAccessorImpl.java:0), which has no missing parents
[2025-06-03T06:10:27.135+0000] {spark_submit.py:644} INFO - 25/06/03 06:10:27 INFO MemoryStore: Block broadcast_0 stored as values in memory (estimated size 107.3 KiB, free 434.3 MiB)
[2025-06-03T06:10:27.153+0000] {spark_submit.py:644} INFO - 25/06/03 06:10:27 INFO MemoryStore: Block broadcast_0_piece0 stored as bytes in memory (estimated size 38.9 KiB, free 434.3 MiB)
[2025-06-03T06:10:27.157+0000] {spark_submit.py:644} INFO - 25/06/03 06:10:27 INFO BlockManagerInfo: Added broadcast_0_piece0 in memory on eff93630df4f:35337 (size: 38.9 KiB, free: 434.4 MiB)
[2025-06-03T06:10:27.158+0000] {spark_submit.py:644} INFO - 25/06/03 06:10:27 INFO SparkContext: Created broadcast 0 from broadcast at DAGScheduler.scala:1585
[2025-06-03T06:10:27.170+0000] {spark_submit.py:644} INFO - 25/06/03 06:10:27 INFO DAGScheduler: Submitting 1 missing tasks from ResultStage 0 (MapPartitionsRDD[1] at load at NativeMethodAccessorImpl.java:0) (first 15 tasks are for partitions Vector(0))
[2025-06-03T06:10:27.170+0000] {spark_submit.py:644} INFO - 25/06/03 06:10:27 INFO TaskSchedulerImpl: Adding task set 0.0 with 1 tasks resource profile 0
[2025-06-03T06:10:28.070+0000] {spark_submit.py:644} INFO - 25/06/03 06:10:28 INFO TaskSetManager: Starting task 0.0 in stage 0.0 (TID 0) (172.18.0.7, executor 0, partition 0, PROCESS_LOCAL, 10351 bytes)
[2025-06-03T06:10:28.411+0000] {spark_submit.py:644} INFO - 25/06/03 06:10:28 INFO BlockManagerInfo: Added broadcast_0_piece0 in memory on 172.18.0.7:37903 (size: 38.9 KiB, free: 1048.8 MiB)
[2025-06-03T06:10:29.280+0000] {spark_submit.py:644} INFO - 25/06/03 06:10:29 INFO TaskSetManager: Finished task 0.0 in stage 0.0 (TID 0) in 1220 ms on 172.18.0.7 (executor 0) (1/1)
[2025-06-03T06:10:29.280+0000] {spark_submit.py:644} INFO - 25/06/03 06:10:29 INFO TaskSchedulerImpl: Removed TaskSet 0.0, whose tasks have all completed, from pool
[2025-06-03T06:10:29.284+0000] {spark_submit.py:644} INFO - 25/06/03 06:10:29 INFO DAGScheduler: ResultStage 0 (load at NativeMethodAccessorImpl.java:0) finished in 2.168 s
[2025-06-03T06:10:29.285+0000] {spark_submit.py:644} INFO - 25/06/03 06:10:29 INFO DAGScheduler: Job 0 is finished. Cancelling potential speculative or zombie tasks for this job
[2025-06-03T06:10:29.285+0000] {spark_submit.py:644} INFO - 25/06/03 06:10:29 INFO TaskSchedulerImpl: Killing all running tasks in stage 0: Stage finished
[2025-06-03T06:10:29.286+0000] {spark_submit.py:644} INFO - 25/06/03 06:10:29 INFO DAGScheduler: Job 0 finished: load at NativeMethodAccessorImpl.java:0, took 2.190058 s
[2025-06-03T06:10:29.427+0000] {spark_submit.py:644} INFO - 25/06/03 06:10:29 INFO BlockManagerInfo: Removed broadcast_0_piece0 on eff93630df4f:35337 in memory (size: 38.9 KiB, free: 434.4 MiB)
[2025-06-03T06:10:29.432+0000] {spark_submit.py:644} INFO - 25/06/03 06:10:29 INFO BlockManagerInfo: Removed broadcast_0_piece0 on 172.18.0.7:37903 in memory (size: 38.9 KiB, free: 1048.8 MiB)
[2025-06-03T06:10:29.671+0000] {spark_submit.py:644} INFO - Successfully loaded Silver data.
[2025-06-03T06:10:29.672+0000] {spark_submit.py:644} INFO - Generating Gold summary (avg/min/max PTS per season)...
[2025-06-03T06:10:29.753+0000] {spark_submit.py:644} INFO - Writing Gold summary to: s3a://mybucket/gold/season_summary/
[2025-06-03T06:10:30.090+0000] {spark_submit.py:644} INFO - 25/06/03 06:10:30 INFO HiveConf: Found configuration file null
[2025-06-03T06:10:30.096+0000] {spark_submit.py:644} INFO - 25/06/03 06:10:30 INFO HiveUtils: Initializing HiveMetastoreConnection version 2.3.9 using Spark classes.
[2025-06-03T06:10:30.203+0000] {spark_submit.py:644} INFO - 25/06/03 06:10:30 INFO HiveClientImpl: Warehouse location for Hive client (version 2.3.9) is s3a://mybucket
[2025-06-03T06:10:30.228+0000] {spark_submit.py:644} INFO - 25/06/03 06:10:30 INFO metastore: Trying to connect to metastore with URI thrift://hive-metastore:9083
[2025-06-03T06:10:30.238+0000] {spark_submit.py:644} INFO - 25/06/03 06:10:30 INFO metastore: Opened a connection to metastore, current connections: 1
[2025-06-03T06:10:30.250+0000] {spark_submit.py:644} INFO - 25/06/03 06:10:30 INFO metastore: Connected to metastore.
[2025-06-03T06:10:30.298+0000] {spark_submit.py:644} INFO - Writing data to S3 path for Gold layer at: s3a://mybucket/gold/season_summary/
[2025-06-03T06:10:30.386+0000] {spark_submit.py:644} INFO - 25/06/03 06:10:30 INFO FileSourceStrategy: Pushed Filters:
[2025-06-03T06:10:30.387+0000] {spark_submit.py:644} INFO - 25/06/03 06:10:30 INFO FileSourceStrategy: Post-Scan Filters:
[2025-06-03T06:10:30.652+0000] {spark_submit.py:644} INFO - 25/06/03 06:10:30 INFO CodeGenerator: Code generated in 147.860708 ms
[2025-06-03T06:10:30.672+0000] {spark_submit.py:644} INFO - 25/06/03 06:10:30 INFO MemoryStore: Block broadcast_1 stored as values in memory (estimated size 206.8 KiB, free 434.2 MiB)
[2025-06-03T06:10:30.677+0000] {spark_submit.py:644} INFO - 25/06/03 06:10:30 INFO MemoryStore: Block broadcast_1_piece0 stored as bytes in memory (estimated size 36.6 KiB, free 434.2 MiB)
[2025-06-03T06:10:30.677+0000] {spark_submit.py:644} INFO - 25/06/03 06:10:30 INFO BlockManagerInfo: Added broadcast_1_piece0 in memory on eff93630df4f:35337 (size: 36.6 KiB, free: 434.4 MiB)
[2025-06-03T06:10:30.678+0000] {spark_submit.py:644} INFO - 25/06/03 06:10:30 INFO SparkContext: Created broadcast 1 from save at NativeMethodAccessorImpl.java:0
[2025-06-03T06:10:30.685+0000] {spark_submit.py:644} INFO - 25/06/03 06:10:30 INFO FileSourceScanExec: Planning scan with bin packing, max size: 4194304 bytes, open cost is considered as scanning 4194304 bytes.
[2025-06-03T06:10:30.760+0000] {spark_submit.py:644} INFO - 25/06/03 06:10:30 INFO DAGScheduler: Registering RDD 5 (save at NativeMethodAccessorImpl.java:0) as input to shuffle 0
[2025-06-03T06:10:30.762+0000] {spark_submit.py:644} INFO - 25/06/03 06:10:30 INFO DAGScheduler: Got map stage job 1 (save at NativeMethodAccessorImpl.java:0) with 1 output partitions
[2025-06-03T06:10:30.763+0000] {spark_submit.py:644} INFO - 25/06/03 06:10:30 INFO DAGScheduler: Final stage: ShuffleMapStage 1 (save at NativeMethodAccessorImpl.java:0)
[2025-06-03T06:10:30.763+0000] {spark_submit.py:644} INFO - 25/06/03 06:10:30 INFO DAGScheduler: Parents of final stage: List()
[2025-06-03T06:10:30.763+0000] {spark_submit.py:644} INFO - 25/06/03 06:10:30 INFO DAGScheduler: Missing parents: List()
[2025-06-03T06:10:30.763+0000] {spark_submit.py:644} INFO - 25/06/03 06:10:30 INFO DAGScheduler: Submitting ShuffleMapStage 1 (MapPartitionsRDD[5] at save at NativeMethodAccessorImpl.java:0), which has no missing parents
[2025-06-03T06:10:30.771+0000] {spark_submit.py:644} INFO - 25/06/03 06:10:30 INFO MemoryStore: Block broadcast_2 stored as values in memory (estimated size 48.3 KiB, free 434.1 MiB)
[2025-06-03T06:10:30.773+0000] {spark_submit.py:644} INFO - 25/06/03 06:10:30 INFO MemoryStore: Block broadcast_2_piece0 stored as bytes in memory (estimated size 20.4 KiB, free 434.1 MiB)
[2025-06-03T06:10:30.773+0000] {spark_submit.py:644} INFO - 25/06/03 06:10:30 INFO BlockManagerInfo: Added broadcast_2_piece0 in memory on eff93630df4f:35337 (size: 20.4 KiB, free: 434.3 MiB)
[2025-06-03T06:10:30.774+0000] {spark_submit.py:644} INFO - 25/06/03 06:10:30 INFO SparkContext: Created broadcast 2 from broadcast at DAGScheduler.scala:1585
[2025-06-03T06:10:30.775+0000] {spark_submit.py:644} INFO - 25/06/03 06:10:30 INFO DAGScheduler: Submitting 1 missing tasks from ShuffleMapStage 1 (MapPartitionsRDD[5] at save at NativeMethodAccessorImpl.java:0) (first 15 tasks are for partitions Vector(0))
[2025-06-03T06:10:30.775+0000] {spark_submit.py:644} INFO - 25/06/03 06:10:30 INFO TaskSchedulerImpl: Adding task set 1.0 with 1 tasks resource profile 0
[2025-06-03T06:10:30.778+0000] {spark_submit.py:644} INFO - 25/06/03 06:10:30 INFO TaskSetManager: Starting task 0.0 in stage 1.0 (TID 1) (172.18.0.7, executor 0, partition 0, PROCESS_LOCAL, 10845 bytes)
[2025-06-03T06:10:30.804+0000] {spark_submit.py:644} INFO - 25/06/03 06:10:30 INFO BlockManagerInfo: Added broadcast_2_piece0 in memory on 172.18.0.7:37903 (size: 20.4 KiB, free: 1048.8 MiB)
[2025-06-03T06:10:31.298+0000] {spark_submit.py:644} INFO - 25/06/03 06:10:31 INFO BlockManagerInfo: Added broadcast_1_piece0 in memory on 172.18.0.7:37903 (size: 36.6 KiB, free: 1048.7 MiB)
[2025-06-03T06:10:31.525+0000] {spark_submit.py:644} INFO - 25/06/03 06:10:31 INFO TaskSetManager: Finished task 0.0 in stage 1.0 (TID 1) in 749 ms on 172.18.0.7 (executor 0) (1/1)
[2025-06-03T06:10:31.526+0000] {spark_submit.py:644} INFO - 25/06/03 06:10:31 INFO TaskSchedulerImpl: Removed TaskSet 1.0, whose tasks have all completed, from pool
[2025-06-03T06:10:31.527+0000] {spark_submit.py:644} INFO - 25/06/03 06:10:31 INFO DAGScheduler: ShuffleMapStage 1 (save at NativeMethodAccessorImpl.java:0) finished in 0.761 s
[2025-06-03T06:10:31.527+0000] {spark_submit.py:644} INFO - 25/06/03 06:10:31 INFO DAGScheduler: looking for newly runnable stages
[2025-06-03T06:10:31.527+0000] {spark_submit.py:644} INFO - 25/06/03 06:10:31 INFO DAGScheduler: running: Set()
[2025-06-03T06:10:31.527+0000] {spark_submit.py:644} INFO - 25/06/03 06:10:31 INFO DAGScheduler: waiting: Set()
[2025-06-03T06:10:31.528+0000] {spark_submit.py:644} INFO - 25/06/03 06:10:31 INFO DAGScheduler: failed: Set()
[2025-06-03T06:10:31.540+0000] {spark_submit.py:644} INFO - 25/06/03 06:10:31 INFO ShufflePartitionsUtil: For shuffle(0), advisory target size: 67108864, actual target size 1048576, minimum partition size: 1048576
[2025-06-03T06:10:31.657+0000] {spark_submit.py:644} INFO - 25/06/03 06:10:31 INFO ParquetUtils: Using default output committer for Parquet: org.apache.parquet.hadoop.ParquetOutputCommitter
[2025-06-03T06:10:31.667+0000] {spark_submit.py:644} INFO - 25/06/03 06:10:31 INFO FileOutputCommitter: File Output Committer Algorithm version is 1
[2025-06-03T06:10:31.667+0000] {spark_submit.py:644} INFO - 25/06/03 06:10:31 INFO FileOutputCommitter: FileOutputCommitter skip cleanup _temporary folders under output directory:false, ignore cleanup failures: false
[2025-06-03T06:10:31.667+0000] {spark_submit.py:644} INFO - 25/06/03 06:10:31 INFO SQLHadoopMapReduceCommitProtocol: Using user defined output committer class org.apache.parquet.hadoop.ParquetOutputCommitter
[2025-06-03T06:10:31.667+0000] {spark_submit.py:644} INFO - 25/06/03 06:10:31 INFO FileOutputCommitter: File Output Committer Algorithm version is 1
[2025-06-03T06:10:31.668+0000] {spark_submit.py:644} INFO - 25/06/03 06:10:31 INFO FileOutputCommitter: FileOutputCommitter skip cleanup _temporary folders under output directory:false, ignore cleanup failures: false
[2025-06-03T06:10:31.668+0000] {spark_submit.py:644} INFO - 25/06/03 06:10:31 INFO SQLHadoopMapReduceCommitProtocol: Using output committer class org.apache.parquet.hadoop.ParquetOutputCommitter
[2025-06-03T06:10:31.693+0000] {spark_submit.py:644} INFO - 25/06/03 06:10:31 INFO HashAggregateExec: spark.sql.codegen.aggregate.map.twolevel.enabled is set to true, but current version of codegened fast hashmap does not support this aggregate.
[2025-06-03T06:10:31.716+0000] {spark_submit.py:644} INFO - 25/06/03 06:10:31 INFO CodeGenerator: Code generated in 17.508167 ms
[2025-06-03T06:10:31.732+0000] {spark_submit.py:644} INFO - 25/06/03 06:10:31 INFO SparkContext: Starting job: save at NativeMethodAccessorImpl.java:0
[2025-06-03T06:10:31.733+0000] {spark_submit.py:644} INFO - 25/06/03 06:10:31 INFO DAGScheduler: Got job 2 (save at NativeMethodAccessorImpl.java:0) with 1 output partitions
[2025-06-03T06:10:31.733+0000] {spark_submit.py:644} INFO - 25/06/03 06:10:31 INFO DAGScheduler: Final stage: ResultStage 3 (save at NativeMethodAccessorImpl.java:0)
[2025-06-03T06:10:31.734+0000] {spark_submit.py:644} INFO - 25/06/03 06:10:31 INFO DAGScheduler: Parents of final stage: List(ShuffleMapStage 2)
[2025-06-03T06:10:31.734+0000] {spark_submit.py:644} INFO - 25/06/03 06:10:31 INFO DAGScheduler: Missing parents: List()
[2025-06-03T06:10:31.734+0000] {spark_submit.py:644} INFO - 25/06/03 06:10:31 INFO DAGScheduler: Submitting ResultStage 3 (MapPartitionsRDD[8] at save at NativeMethodAccessorImpl.java:0), which has no missing parents
[2025-06-03T06:10:31.754+0000] {spark_submit.py:644} INFO - 25/06/03 06:10:31 INFO MemoryStore: Block broadcast_3 stored as values in memory (estimated size 259.0 KiB, free 433.8 MiB)
[2025-06-03T06:10:31.755+0000] {spark_submit.py:644} INFO - 25/06/03 06:10:31 INFO MemoryStore: Block broadcast_3_piece0 stored as bytes in memory (estimated size 95.5 KiB, free 433.7 MiB)
[2025-06-03T06:10:31.756+0000] {spark_submit.py:644} INFO - 25/06/03 06:10:31 INFO BlockManagerInfo: Added broadcast_3_piece0 in memory on eff93630df4f:35337 (size: 95.5 KiB, free: 434.3 MiB)
[2025-06-03T06:10:31.756+0000] {spark_submit.py:644} INFO - 25/06/03 06:10:31 INFO SparkContext: Created broadcast 3 from broadcast at DAGScheduler.scala:1585
[2025-06-03T06:10:31.756+0000] {spark_submit.py:644} INFO - 25/06/03 06:10:31 INFO DAGScheduler: Submitting 1 missing tasks from ResultStage 3 (MapPartitionsRDD[8] at save at NativeMethodAccessorImpl.java:0) (first 15 tasks are for partitions Vector(0))
[2025-06-03T06:10:31.756+0000] {spark_submit.py:644} INFO - 25/06/03 06:10:31 INFO TaskSchedulerImpl: Adding task set 3.0 with 1 tasks resource profile 0
[2025-06-03T06:10:31.760+0000] {spark_submit.py:644} INFO - 25/06/03 06:10:31 INFO TaskSetManager: Starting task 0.0 in stage 3.0 (TID 2) (172.18.0.7, executor 0, partition 0, NODE_LOCAL, 10186 bytes)
[2025-06-03T06:10:31.773+0000] {spark_submit.py:644} INFO - 25/06/03 06:10:31 INFO BlockManagerInfo: Added broadcast_3_piece0 in memory on 172.18.0.7:37903 (size: 95.5 KiB, free: 1048.7 MiB)
[2025-06-03T06:10:31.837+0000] {spark_submit.py:644} INFO - 25/06/03 06:10:31 INFO MapOutputTrackerMasterEndpoint: Asked to send map output locations for shuffle 0 to 172.18.0.7:40110
[2025-06-03T06:10:32.319+0000] {spark_submit.py:644} INFO - 25/06/03 06:10:32 INFO TaskSetManager: Finished task 0.0 in stage 3.0 (TID 2) in 560 ms on 172.18.0.7 (executor 0) (1/1)
[2025-06-03T06:10:32.320+0000] {spark_submit.py:644} INFO - 25/06/03 06:10:32 INFO TaskSchedulerImpl: Removed TaskSet 3.0, whose tasks have all completed, from pool
[2025-06-03T06:10:32.320+0000] {spark_submit.py:644} INFO - 25/06/03 06:10:32 INFO DAGScheduler: ResultStage 3 (save at NativeMethodAccessorImpl.java:0) finished in 0.582 s
[2025-06-03T06:10:32.320+0000] {spark_submit.py:644} INFO - 25/06/03 06:10:32 INFO DAGScheduler: Job 2 is finished. Cancelling potential speculative or zombie tasks for this job
[2025-06-03T06:10:32.320+0000] {spark_submit.py:644} INFO - 25/06/03 06:10:32 INFO TaskSchedulerImpl: Killing all running tasks in stage 3: Stage finished
[2025-06-03T06:10:32.321+0000] {spark_submit.py:644} INFO - 25/06/03 06:10:32 INFO DAGScheduler: Job 2 finished: save at NativeMethodAccessorImpl.java:0, took 0.589083 s
[2025-06-03T06:10:32.322+0000] {spark_submit.py:644} INFO - 25/06/03 06:10:32 INFO FileFormatWriter: Start to commit write Job 1f7e85d9-e3bd-451b-970f-94f78ca17acd.
[2025-06-03T06:10:32.436+0000] {spark_submit.py:644} INFO - 25/06/03 06:10:32 INFO FileFormatWriter: Write Job 1f7e85d9-e3bd-451b-970f-94f78ca17acd committed. Elapsed time: 112 ms.
[2025-06-03T06:10:32.438+0000] {spark_submit.py:644} INFO - 25/06/03 06:10:32 INFO FileFormatWriter: Finished processing stats for write job 1f7e85d9-e3bd-451b-970f-94f78ca17acd.
[2025-06-03T06:10:32.439+0000] {spark_submit.py:644} INFO - Successfully wrote data to S3 path: s3a://mybucket/gold/season_summary/
[2025-06-03T06:10:32.517+0000] {spark_submit.py:644} INFO - 25/06/03 06:10:32 INFO InMemoryFileIndex: It took 4 ms to list leaf files for 1 paths.
[2025-06-03T06:10:32.534+0000] {spark_submit.py:644} INFO - 25/06/03 06:10:32 INFO SparkContext: Starting job: sql at NativeMethodAccessorImpl.java:0
[2025-06-03T06:10:32.535+0000] {spark_submit.py:644} INFO - 25/06/03 06:10:32 INFO DAGScheduler: Got job 3 (sql at NativeMethodAccessorImpl.java:0) with 1 output partitions
[2025-06-03T06:10:32.535+0000] {spark_submit.py:644} INFO - 25/06/03 06:10:32 INFO DAGScheduler: Final stage: ResultStage 4 (sql at NativeMethodAccessorImpl.java:0)
[2025-06-03T06:10:32.536+0000] {spark_submit.py:644} INFO - 25/06/03 06:10:32 INFO DAGScheduler: Parents of final stage: List()
[2025-06-03T06:10:32.536+0000] {spark_submit.py:644} INFO - 25/06/03 06:10:32 INFO DAGScheduler: Missing parents: List()
[2025-06-03T06:10:32.536+0000] {spark_submit.py:644} INFO - 25/06/03 06:10:32 INFO DAGScheduler: Submitting ResultStage 4 (MapPartitionsRDD[10] at sql at NativeMethodAccessorImpl.java:0), which has no missing parents
[2025-06-03T06:10:32.540+0000] {spark_submit.py:644} INFO - 25/06/03 06:10:32 INFO MemoryStore: Block broadcast_4 stored as values in memory (estimated size 107.4 KiB, free 433.6 MiB)
[2025-06-03T06:10:32.546+0000] {spark_submit.py:644} INFO - 25/06/03 06:10:32 INFO MemoryStore: Block broadcast_4_piece0 stored as bytes in memory (estimated size 38.9 KiB, free 433.6 MiB)
[2025-06-03T06:10:32.547+0000] {spark_submit.py:644} INFO - 25/06/03 06:10:32 INFO BlockManagerInfo: Added broadcast_4_piece0 in memory on eff93630df4f:35337 (size: 38.9 KiB, free: 434.2 MiB)
[2025-06-03T06:10:32.547+0000] {spark_submit.py:644} INFO - 25/06/03 06:10:32 INFO BlockManagerInfo: Removed broadcast_3_piece0 on eff93630df4f:35337 in memory (size: 95.5 KiB, free: 434.3 MiB)
[2025-06-03T06:10:32.548+0000] {spark_submit.py:644} INFO - 25/06/03 06:10:32 INFO SparkContext: Created broadcast 4 from broadcast at DAGScheduler.scala:1585
[2025-06-03T06:10:32.548+0000] {spark_submit.py:644} INFO - 25/06/03 06:10:32 INFO DAGScheduler: Submitting 1 missing tasks from ResultStage 4 (MapPartitionsRDD[10] at sql at NativeMethodAccessorImpl.java:0) (first 15 tasks are for partitions Vector(0))
[2025-06-03T06:10:32.548+0000] {spark_submit.py:644} INFO - 25/06/03 06:10:32 INFO TaskSchedulerImpl: Adding task set 4.0 with 1 tasks resource profile 0
[2025-06-03T06:10:32.549+0000] {spark_submit.py:644} INFO - 25/06/03 06:10:32 INFO TaskSetManager: Starting task 0.0 in stage 4.0 (TID 3) (172.18.0.7, executor 0, partition 0, PROCESS_LOCAL, 10346 bytes)
[2025-06-03T06:10:32.549+0000] {spark_submit.py:644} INFO - 25/06/03 06:10:32 INFO BlockManagerInfo: Removed broadcast_3_piece0 on 172.18.0.7:37903 in memory (size: 95.5 KiB, free: 1048.7 MiB)
[2025-06-03T06:10:32.553+0000] {spark_submit.py:644} INFO - 25/06/03 06:10:32 INFO BlockManagerInfo: Removed broadcast_2_piece0 on eff93630df4f:35337 in memory (size: 20.4 KiB, free: 434.3 MiB)
[2025-06-03T06:10:32.554+0000] {spark_submit.py:644} INFO - 25/06/03 06:10:32 INFO BlockManagerInfo: Removed broadcast_2_piece0 on 172.18.0.7:37903 in memory (size: 20.4 KiB, free: 1048.8 MiB)
[2025-06-03T06:10:32.560+0000] {spark_submit.py:644} INFO - 25/06/03 06:10:32 INFO BlockManagerInfo: Added broadcast_4_piece0 in memory on 172.18.0.7:37903 (size: 38.9 KiB, free: 1048.7 MiB)
[2025-06-03T06:10:32.561+0000] {spark_submit.py:644} INFO - 25/06/03 06:10:32 INFO BlockManagerInfo: Removed broadcast_1_piece0 on eff93630df4f:35337 in memory (size: 36.6 KiB, free: 434.4 MiB)
[2025-06-03T06:10:32.563+0000] {spark_submit.py:644} INFO - 25/06/03 06:10:32 INFO BlockManagerInfo: Removed broadcast_1_piece0 on 172.18.0.7:37903 in memory (size: 36.6 KiB, free: 1048.8 MiB)
[2025-06-03T06:10:32.579+0000] {spark_submit.py:644} INFO - 25/06/03 06:10:32 INFO TaskSetManager: Finished task 0.0 in stage 4.0 (TID 3) in 31 ms on 172.18.0.7 (executor 0) (1/1)
[2025-06-03T06:10:32.580+0000] {spark_submit.py:644} INFO - 25/06/03 06:10:32 INFO TaskSchedulerImpl: Removed TaskSet 4.0, whose tasks have all completed, from pool
[2025-06-03T06:10:32.580+0000] {spark_submit.py:644} INFO - 25/06/03 06:10:32 INFO DAGScheduler: ResultStage 4 (sql at NativeMethodAccessorImpl.java:0) finished in 0.044 s
[2025-06-03T06:10:32.580+0000] {spark_submit.py:644} INFO - 25/06/03 06:10:32 INFO DAGScheduler: Job 3 is finished. Cancelling potential speculative or zombie tasks for this job
[2025-06-03T06:10:32.581+0000] {spark_submit.py:644} INFO - 25/06/03 06:10:32 INFO TaskSchedulerImpl: Killing all running tasks in stage 4: Stage finished
[2025-06-03T06:10:32.581+0000] {spark_submit.py:644} INFO - 25/06/03 06:10:32 INFO DAGScheduler: Job 3 finished: sql at NativeMethodAccessorImpl.java:0, took 0.045629 s
[2025-06-03T06:10:32.605+0000] {spark_submit.py:644} INFO - 25/06/03 06:10:32 INFO HiveExternalCatalog: Persisting file based data source table `spark_catalog`.`sc_stats_db`.`gold_sc_summary` into Hive metastore in Hive compatible format.
[2025-06-03T06:10:32.643+0000] {spark_submit.py:644} INFO - 25/06/03 06:10:32 INFO SQLStdHiveAccessController: Created SQLStdHiveAccessController for session context : HiveAuthzSessionContext [sessionString=b2a2ba79-e83a-43c6-9cee-60c1439d2c28, clientType=HIVECLI]
[2025-06-03T06:10:32.644+0000] {spark_submit.py:644} INFO - 25/06/03 06:10:32 WARN SessionState: METASTORE_FILTER_HOOK will be ignored, since hive.security.authorization.manager is set to instance of HiveAuthorizerFactory.
[2025-06-03T06:10:32.644+0000] {spark_submit.py:644} INFO - 25/06/03 06:10:32 INFO metastore: Mestastore configuration hive.metastore.filter.hook changed from org.apache.hadoop.hive.metastore.DefaultMetaStoreFilterHookImpl to org.apache.hadoop.hive.ql.security.authorization.plugin.AuthorizationMetaStoreFilterHook
[2025-06-03T06:10:32.646+0000] {spark_submit.py:644} INFO - 25/06/03 06:10:32 INFO metastore: Closed a connection to metastore, current connections: 0
[2025-06-03T06:10:32.647+0000] {spark_submit.py:644} INFO - 25/06/03 06:10:32 INFO metastore: Trying to connect to metastore with URI thrift://hive-metastore:9083
[2025-06-03T06:10:32.647+0000] {spark_submit.py:644} INFO - 25/06/03 06:10:32 INFO metastore: Opened a connection to metastore, current connections: 1
[2025-06-03T06:10:32.648+0000] {spark_submit.py:644} INFO - 25/06/03 06:10:32 INFO metastore: Connected to metastore.
[2025-06-03T06:10:32.694+0000] {spark_submit.py:644} INFO - 25/06/03 06:10:32 INFO metastore: Trying to connect to metastore with URI thrift://hive-metastore:9083
[2025-06-03T06:10:32.695+0000] {spark_submit.py:644} INFO - 25/06/03 06:10:32 INFO metastore: Opened a connection to metastore, current connections: 2
[2025-06-03T06:10:32.695+0000] {spark_submit.py:644} INFO - 25/06/03 06:10:32 INFO metastore: Connected to metastore.
[2025-06-03T06:10:32.755+0000] {spark_submit.py:644} INFO - Successfully registered table sc_stats_db.gold_sc_summary pointing to s3a://mybucket/gold/season_summary/.
[2025-06-03T06:10:32.755+0000] {spark_submit.py:644} INFO - 25/06/03 06:10:32 INFO SparkContext: SparkContext is stopping with exitCode 0.
[2025-06-03T06:10:32.763+0000] {spark_submit.py:644} INFO - 25/06/03 06:10:32 INFO SparkUI: Stopped Spark web UI at http://eff93630df4f:4040
[2025-06-03T06:10:32.765+0000] {spark_submit.py:644} INFO - 25/06/03 06:10:32 INFO StandaloneSchedulerBackend: Shutting down all executors
[2025-06-03T06:10:32.765+0000] {spark_submit.py:644} INFO - 25/06/03 06:10:32 INFO StandaloneSchedulerBackend$StandaloneDriverEndpoint: Asking each executor to shut down
[2025-06-03T06:10:32.779+0000] {spark_submit.py:644} INFO - 25/06/03 06:10:32 INFO MapOutputTrackerMasterEndpoint: MapOutputTrackerMasterEndpoint stopped!
[2025-06-03T06:10:32.789+0000] {spark_submit.py:644} INFO - 25/06/03 06:10:32 INFO MemoryStore: MemoryStore cleared
[2025-06-03T06:10:32.789+0000] {spark_submit.py:644} INFO - 25/06/03 06:10:32 INFO BlockManager: BlockManager stopped
[2025-06-03T06:10:32.792+0000] {spark_submit.py:644} INFO - 25/06/03 06:10:32 INFO BlockManagerMaster: BlockManagerMaster stopped
[2025-06-03T06:10:32.794+0000] {spark_submit.py:644} INFO - 25/06/03 06:10:32 INFO OutputCommitCoordinator$OutputCommitCoordinatorEndpoint: OutputCommitCoordinator stopped!
[2025-06-03T06:10:32.829+0000] {spark_submit.py:644} INFO - 25/06/03 06:10:32 INFO SparkContext: Successfully stopped SparkContext
[2025-06-03T06:10:33.244+0000] {spark_submit.py:644} INFO - Silver to Gold summary job completed.
[2025-06-03T06:10:33.298+0000] {spark_submit.py:644} INFO - 25/06/03 06:10:33 INFO ShutdownHookManager: Shutdown hook called
[2025-06-03T06:10:33.299+0000] {spark_submit.py:644} INFO - 25/06/03 06:10:33 INFO ShutdownHookManager: Deleting directory /tmp/spark-ff4bd4e9-927f-4c5d-80b0-374f1f3ad0d9
[2025-06-03T06:10:33.301+0000] {spark_submit.py:644} INFO - 25/06/03 06:10:33 INFO ShutdownHookManager: Deleting directory /tmp/spark-e4064fd7-6f82-4396-8ef1-b1d71491f175
[2025-06-03T06:10:33.303+0000] {spark_submit.py:644} INFO - 25/06/03 06:10:33 INFO ShutdownHookManager: Deleting directory /tmp/spark-ff4bd4e9-927f-4c5d-80b0-374f1f3ad0d9/pyspark-36f55d25-b953-41df-8ddf-d5888d392108
[2025-06-03T06:10:33.307+0000] {spark_submit.py:644} INFO - 25/06/03 06:10:33 INFO MetricsSystemImpl: Stopping s3a-file-system metrics system...
[2025-06-03T06:10:33.307+0000] {spark_submit.py:644} INFO - 25/06/03 06:10:33 INFO MetricsSystemImpl: s3a-file-system metrics system stopped.
[2025-06-03T06:10:33.307+0000] {spark_submit.py:644} INFO - 25/06/03 06:10:33 INFO MetricsSystemImpl: s3a-file-system metrics system shutdown complete.
[2025-06-03T06:10:33.355+0000] {taskinstance.py:340} INFO - ::group::Post task execution logs
[2025-06-03T06:10:33.356+0000] {taskinstance.py:352} INFO - Marking task as SUCCESS. dag_id=curry_medallion_etl, task_id=submit_silver_to_gold_job, run_id=manual__2025-06-03T06:09:34.055538+00:00, execution_date=20250603T060934, start_date=20250603T061023, end_date=20250603T061033
[2025-06-03T06:10:33.374+0000] {local_task_job_runner.py:266} INFO - Task exited with return code 0
[2025-06-03T06:10:33.384+0000] {taskinstance.py:3895} INFO - 0 downstream tasks scheduled from follow-on schedule check
[2025-06-03T06:10:33.385+0000] {local_task_job_runner.py:245} INFO - ::endgroup::
