[2025-06-07T10:20:23.135+0000] {local_task_job_runner.py:123} INFO - ::group::Pre task execution logs
[2025-06-07T10:20:23.145+0000] {taskinstance.py:2613} INFO - Dependencies all met for dep_context=non-requeueable deps ti=<TaskInstance: curry_medallion_etl.submit_bronze_etl_job manual__2025-06-07T10:20:21.676644+00:00 [queued]>
[2025-06-07T10:20:23.148+0000] {taskinstance.py:2613} INFO - Dependencies all met for dep_context=requeueable deps ti=<TaskInstance: curry_medallion_etl.submit_bronze_etl_job manual__2025-06-07T10:20:21.676644+00:00 [queued]>
[2025-06-07T10:20:23.149+0000] {taskinstance.py:2866} INFO - Starting attempt 1 of 1
[2025-06-07T10:20:23.154+0000] {taskinstance.py:2889} INFO - Executing <Task(SparkSubmitOperator): submit_bronze_etl_job> on 2025-06-07 10:20:21.676644+00:00
[2025-06-07T10:20:23.157+0000] {standard_task_runner.py:72} INFO - Started process 4095 to run task
[2025-06-07T10:20:23.159+0000] {standard_task_runner.py:104} INFO - Running: ['***', 'tasks', 'run', 'curry_medallion_etl', 'submit_bronze_etl_job', 'manual__2025-06-07T10:20:21.676644+00:00', '--job-id', '26', '--raw', '--subdir', 'DAGS_FOLDER/medallion_sales_etl_dag.py', '--cfg-path', '/tmp/tmp0zq1tscw']
[2025-06-07T10:20:23.161+0000] {standard_task_runner.py:105} INFO - Job 26: Subtask submit_bronze_etl_job
[2025-06-07T10:20:23.188+0000] {task_command.py:467} INFO - Running <TaskInstance: curry_medallion_etl.submit_bronze_etl_job manual__2025-06-07T10:20:21.676644+00:00 [running]> on host 1ed3a5ab4297
[2025-06-07T10:20:23.232+0000] {taskinstance.py:3132} INFO - Exporting env vars: AIRFLOW_CTX_DAG_OWNER='qdinh18' AIRFLOW_CTX_DAG_ID='curry_medallion_etl' AIRFLOW_CTX_TASK_ID='submit_bronze_etl_job' AIRFLOW_CTX_EXECUTION_DATE='2025-06-07T10:20:21.676644+00:00' AIRFLOW_CTX_TRY_NUMBER='1' AIRFLOW_CTX_DAG_RUN_ID='manual__2025-06-07T10:20:21.676644+00:00'
[2025-06-07T10:20:23.232+0000] {taskinstance.py:731} INFO - ::endgroup::
[2025-06-07T10:20:23.249+0000] {base.py:84} INFO - Retrieving connection 'spark_default'
[2025-06-07T10:20:23.250+0000] {spark_submit.py:474} INFO - Spark-Submit cmd: spark-submit --master spark://spark-master:7077 --conf spark.executor.memory=2g --conf spark.sql.extensions=io.delta.sql.DeltaSparkSessionExtension --conf spark.sql.catalog.spark_catalog=org.apache.spark.sql.delta.catalog.DeltaCatalog --conf spark.hadoop.fs.s3a.endpoint=http://minio:9000 --conf spark.hadoop.fs.s3a.access.key=minioadmin --conf spark.hadoop.fs.s3a.secret.key=****** --conf spark.hadoop.fs.s3a.path.style.access=true --conf spark.hadoop.fs.s3a.impl=org.apache.hadoop.fs.s3a.S3AFileSystem --packages org.apache.hadoop:hadoop-aws:3.3.4,com.amazonaws:aws-java-sdk-bundle:1.12.262,io.delta:delta-core_2.12:3.2.0 --name bronze_sc_stats_etl --verbose --queue root.default --deploy-mode client /opt/***/dags/bronze_ingestion_sc_stats_etl.py
[2025-06-07T10:20:24.106+0000] {spark_submit.py:644} INFO - Using properties file: null
[2025-06-07T10:20:24.164+0000] {spark_submit.py:644} INFO - Parsed arguments:
[2025-06-07T10:20:24.165+0000] {spark_submit.py:644} INFO - master                  spark://spark-master:7077
[2025-06-07T10:20:24.165+0000] {spark_submit.py:644} INFO - remote                  null
[2025-06-07T10:20:24.165+0000] {spark_submit.py:644} INFO - deployMode              client
[2025-06-07T10:20:24.165+0000] {spark_submit.py:644} INFO - executorMemory          2g
[2025-06-07T10:20:24.165+0000] {spark_submit.py:644} INFO - executorCores           null
[2025-06-07T10:20:24.165+0000] {spark_submit.py:644} INFO - totalExecutorCores      null
[2025-06-07T10:20:24.166+0000] {spark_submit.py:644} INFO - propertiesFile          null
[2025-06-07T10:20:24.166+0000] {spark_submit.py:644} INFO - driverMemory            null
[2025-06-07T10:20:24.166+0000] {spark_submit.py:644} INFO - driverCores             null
[2025-06-07T10:20:24.166+0000] {spark_submit.py:644} INFO - driverExtraClassPath    null
[2025-06-07T10:20:24.166+0000] {spark_submit.py:644} INFO - driverExtraLibraryPath  null
[2025-06-07T10:20:24.166+0000] {spark_submit.py:644} INFO - driverExtraJavaOptions  null
[2025-06-07T10:20:24.166+0000] {spark_submit.py:644} INFO - supervise               false
[2025-06-07T10:20:24.166+0000] {spark_submit.py:644} INFO - queue                   root.default
[2025-06-07T10:20:24.167+0000] {spark_submit.py:644} INFO - numExecutors            null
[2025-06-07T10:20:24.167+0000] {spark_submit.py:644} INFO - files                   null
[2025-06-07T10:20:24.167+0000] {spark_submit.py:644} INFO - pyFiles                 null
[2025-06-07T10:20:24.167+0000] {spark_submit.py:644} INFO - archives                null
[2025-06-07T10:20:24.167+0000] {spark_submit.py:644} INFO - mainClass               null
[2025-06-07T10:20:24.167+0000] {spark_submit.py:644} INFO - primaryResource         file:/opt/***/dags/bronze_ingestion_sc_stats_etl.py
[2025-06-07T10:20:24.167+0000] {spark_submit.py:644} INFO - name                    bronze_sc_stats_etl
[2025-06-07T10:20:24.167+0000] {spark_submit.py:644} INFO - childArgs               []
[2025-06-07T10:20:24.168+0000] {spark_submit.py:644} INFO - jars                    null
[2025-06-07T10:20:24.168+0000] {spark_submit.py:644} INFO - packages                org.apache.hadoop:hadoop-aws:3.3.4,com.amazonaws:aws-java-sdk-bundle:1.12.262,io.delta:delta-core_2.12:3.2.0
[2025-06-07T10:20:24.168+0000] {spark_submit.py:644} INFO - packagesExclusions      null
[2025-06-07T10:20:24.168+0000] {spark_submit.py:644} INFO - repositories            null
[2025-06-07T10:20:24.169+0000] {spark_submit.py:644} INFO - verbose                 true
[2025-06-07T10:20:24.169+0000] {spark_submit.py:644} INFO - 
[2025-06-07T10:20:24.169+0000] {spark_submit.py:644} INFO - Spark properties used, including those specified through
[2025-06-07T10:20:24.169+0000] {spark_submit.py:644} INFO - --conf and those from the properties file null:
[2025-06-07T10:20:24.169+0000] {spark_submit.py:644} INFO - (spark.executor.memory,2g)
[2025-06-07T10:20:24.169+0000] {spark_submit.py:644} INFO - (spark.hadoop.fs.s3a.access.key,*********(redacted))
[2025-06-07T10:20:24.169+0000] {spark_submit.py:644} INFO - (spark.hadoop.fs.s3a.endpoint,http://minio:9000)
[2025-06-07T10:20:24.170+0000] {spark_submit.py:644} INFO - (spark.hadoop.fs.s3a.impl,org.apache.hadoop.fs.s3a.S3AFileSystem)
[2025-06-07T10:20:24.170+0000] {spark_submit.py:644} INFO - (spark.hadoop.fs.s3a.path.style.access,true)
[2025-06-07T10:20:24.170+0000] {spark_submit.py:644} INFO - (spark.hadoop.fs.s3a.secret.key,*********(redacted))
[2025-06-07T10:20:24.170+0000] {spark_submit.py:644} INFO - (spark.sql.catalog.spark_catalog,org.apache.spark.sql.delta.catalog.DeltaCatalog)
[2025-06-07T10:20:24.170+0000] {spark_submit.py:644} INFO - (spark.sql.extensions,io.delta.sql.DeltaSparkSessionExtension)
[2025-06-07T10:20:24.170+0000] {spark_submit.py:644} INFO - 
[2025-06-07T10:20:24.170+0000] {spark_submit.py:644} INFO - 
[2025-06-07T10:20:24.240+0000] {spark_submit.py:644} INFO - :: loading settings :: url = jar:file:/home/***/.local/lib/python3.11/site-packages/pyspark/jars/ivy-2.5.1.jar!/org/apache/ivy/core/settings/ivysettings.xml
[2025-06-07T10:20:24.284+0000] {spark_submit.py:644} INFO - Ivy Default Cache set to: /home/***/.ivy2/cache
[2025-06-07T10:20:24.285+0000] {spark_submit.py:644} INFO - The jars for the packages stored in: /home/***/.ivy2/jars
[2025-06-07T10:20:24.287+0000] {spark_submit.py:644} INFO - org.apache.hadoop#hadoop-aws added as a dependency
[2025-06-07T10:20:24.287+0000] {spark_submit.py:644} INFO - com.amazonaws#aws-java-sdk-bundle added as a dependency
[2025-06-07T10:20:24.287+0000] {spark_submit.py:644} INFO - io.delta#delta-core_2.12 added as a dependency
[2025-06-07T10:20:24.287+0000] {spark_submit.py:644} INFO - :: resolving dependencies :: org.apache.spark#spark-submit-parent-39dc82eb-3be7-42f5-8545-f2cb68d3659d;1.0
[2025-06-07T10:20:24.287+0000] {spark_submit.py:644} INFO - confs: [default]
[2025-06-07T10:20:24.380+0000] {spark_submit.py:644} INFO - found org.apache.hadoop#hadoop-aws;3.3.4 in central
[2025-06-07T10:20:24.392+0000] {spark_submit.py:644} INFO - found com.amazonaws#aws-java-sdk-bundle;1.12.262 in central
[2025-06-07T10:20:24.405+0000] {spark_submit.py:644} INFO - found org.wildfly.openssl#wildfly-openssl;1.0.7.Final in central
[2025-06-07T10:20:27.193+0000] {spark_submit.py:644} INFO - :: resolution report :: resolve 2899ms :: artifacts dl 7ms
[2025-06-07T10:20:27.195+0000] {spark_submit.py:644} INFO - :: modules in use:
[2025-06-07T10:20:27.195+0000] {spark_submit.py:644} INFO - com.amazonaws#aws-java-sdk-bundle;1.12.262 from central in [default]
[2025-06-07T10:20:27.196+0000] {spark_submit.py:644} INFO - org.apache.hadoop#hadoop-aws;3.3.4 from central in [default]
[2025-06-07T10:20:27.196+0000] {spark_submit.py:644} INFO - org.wildfly.openssl#wildfly-openssl;1.0.7.Final from central in [default]
[2025-06-07T10:20:27.197+0000] {spark_submit.py:644} INFO - ---------------------------------------------------------------------
[2025-06-07T10:20:27.197+0000] {spark_submit.py:644} INFO - |                  |            modules            ||   artifacts   |
[2025-06-07T10:20:27.198+0000] {spark_submit.py:644} INFO - |       conf       | number| search|dwnlded|evicted|| number|dwnlded|
[2025-06-07T10:20:27.198+0000] {spark_submit.py:644} INFO - ---------------------------------------------------------------------
[2025-06-07T10:20:27.198+0000] {spark_submit.py:644} INFO - |      default     |   4   |   0   |   0   |   0   ||   3   |   0   |
[2025-06-07T10:20:27.199+0000] {spark_submit.py:644} INFO - ---------------------------------------------------------------------
[2025-06-07T10:20:27.199+0000] {spark_submit.py:644} INFO - 
[2025-06-07T10:20:27.200+0000] {spark_submit.py:644} INFO - :: problems summary ::
[2025-06-07T10:20:27.200+0000] {spark_submit.py:644} INFO - :::: WARNINGS
[2025-06-07T10:20:27.200+0000] {spark_submit.py:644} INFO - module not found: io.delta#delta-core_2.12;3.2.0
[2025-06-07T10:20:27.201+0000] {spark_submit.py:644} INFO - 
[2025-06-07T10:20:27.201+0000] {spark_submit.py:644} INFO - ==== local-m2-cache: tried
[2025-06-07T10:20:27.201+0000] {spark_submit.py:644} INFO - 
[2025-06-07T10:20:27.202+0000] {spark_submit.py:644} INFO - file:/home/***/.m2/repository/io/delta/delta-core_2.12/3.2.0/delta-core_2.12-3.2.0.pom
[2025-06-07T10:20:27.202+0000] {spark_submit.py:644} INFO - 
[2025-06-07T10:20:27.202+0000] {spark_submit.py:644} INFO - -- artifact io.delta#delta-core_2.12;3.2.0!delta-core_2.12.jar:
[2025-06-07T10:20:27.203+0000] {spark_submit.py:644} INFO - 
[2025-06-07T10:20:27.203+0000] {spark_submit.py:644} INFO - file:/home/***/.m2/repository/io/delta/delta-core_2.12/3.2.0/delta-core_2.12-3.2.0.jar
[2025-06-07T10:20:27.203+0000] {spark_submit.py:644} INFO - 
[2025-06-07T10:20:27.204+0000] {spark_submit.py:644} INFO - ==== local-ivy-cache: tried
[2025-06-07T10:20:27.204+0000] {spark_submit.py:644} INFO - 
[2025-06-07T10:20:27.204+0000] {spark_submit.py:644} INFO - /home/***/.ivy2/local/io.delta/delta-core_2.12/3.2.0/ivys/ivy.xml
[2025-06-07T10:20:27.204+0000] {spark_submit.py:644} INFO - 
[2025-06-07T10:20:27.205+0000] {spark_submit.py:644} INFO - -- artifact io.delta#delta-core_2.12;3.2.0!delta-core_2.12.jar:
[2025-06-07T10:20:27.205+0000] {spark_submit.py:644} INFO - 
[2025-06-07T10:20:27.205+0000] {spark_submit.py:644} INFO - /home/***/.ivy2/local/io.delta/delta-core_2.12/3.2.0/jars/delta-core_2.12.jar
[2025-06-07T10:20:27.205+0000] {spark_submit.py:644} INFO - 
[2025-06-07T10:20:27.206+0000] {spark_submit.py:644} INFO - ==== central: tried
[2025-06-07T10:20:27.206+0000] {spark_submit.py:644} INFO - 
[2025-06-07T10:20:27.206+0000] {spark_submit.py:644} INFO - https://repo1.maven.org/maven2/io/delta/delta-core_2.12/3.2.0/delta-core_2.12-3.2.0.pom
[2025-06-07T10:20:27.206+0000] {spark_submit.py:644} INFO - 
[2025-06-07T10:20:27.207+0000] {spark_submit.py:644} INFO - -- artifact io.delta#delta-core_2.12;3.2.0!delta-core_2.12.jar:
[2025-06-07T10:20:27.207+0000] {spark_submit.py:644} INFO - 
[2025-06-07T10:20:27.207+0000] {spark_submit.py:644} INFO - https://repo1.maven.org/maven2/io/delta/delta-core_2.12/3.2.0/delta-core_2.12-3.2.0.jar
[2025-06-07T10:20:27.207+0000] {spark_submit.py:644} INFO - 
[2025-06-07T10:20:27.208+0000] {spark_submit.py:644} INFO - ==== spark-packages: tried
[2025-06-07T10:20:27.208+0000] {spark_submit.py:644} INFO - 
[2025-06-07T10:20:27.208+0000] {spark_submit.py:644} INFO - https://repos.spark-packages.org/io/delta/delta-core_2.12/3.2.0/delta-core_2.12-3.2.0.pom
[2025-06-07T10:20:27.208+0000] {spark_submit.py:644} INFO - 
[2025-06-07T10:20:27.208+0000] {spark_submit.py:644} INFO - -- artifact io.delta#delta-core_2.12;3.2.0!delta-core_2.12.jar:
[2025-06-07T10:20:27.209+0000] {spark_submit.py:644} INFO - 
[2025-06-07T10:20:27.209+0000] {spark_submit.py:644} INFO - https://repos.spark-packages.org/io/delta/delta-core_2.12/3.2.0/delta-core_2.12-3.2.0.jar
[2025-06-07T10:20:27.209+0000] {spark_submit.py:644} INFO - 
[2025-06-07T10:20:27.209+0000] {spark_submit.py:644} INFO - ::::::::::::::::::::::::::::::::::::::::::::::
[2025-06-07T10:20:27.210+0000] {spark_submit.py:644} INFO - 
[2025-06-07T10:20:27.210+0000] {spark_submit.py:644} INFO - ::          UNRESOLVED DEPENDENCIES         ::
[2025-06-07T10:20:27.210+0000] {spark_submit.py:644} INFO - 
[2025-06-07T10:20:27.210+0000] {spark_submit.py:644} INFO - ::::::::::::::::::::::::::::::::::::::::::::::
[2025-06-07T10:20:27.211+0000] {spark_submit.py:644} INFO - 
[2025-06-07T10:20:27.211+0000] {spark_submit.py:644} INFO - :: io.delta#delta-core_2.12;3.2.0: not found
[2025-06-07T10:20:27.211+0000] {spark_submit.py:644} INFO - 
[2025-06-07T10:20:27.211+0000] {spark_submit.py:644} INFO - ::::::::::::::::::::::::::::::::::::::::::::::
[2025-06-07T10:20:27.211+0000] {spark_submit.py:644} INFO - 
[2025-06-07T10:20:27.212+0000] {spark_submit.py:644} INFO - 
[2025-06-07T10:20:27.212+0000] {spark_submit.py:644} INFO - 
[2025-06-07T10:20:27.212+0000] {spark_submit.py:644} INFO - :: USE VERBOSE OR DEBUG MESSAGE LEVEL FOR MORE DETAILS
[2025-06-07T10:20:27.212+0000] {spark_submit.py:644} INFO - Exception in thread "main" java.lang.RuntimeException: [unresolved dependency: io.delta#delta-core_2.12;3.2.0: not found]
[2025-06-07T10:20:27.212+0000] {spark_submit.py:644} INFO - at org.apache.spark.deploy.SparkSubmitUtils$.resolveMavenCoordinates(SparkSubmit.scala:1608)
[2025-06-07T10:20:27.213+0000] {spark_submit.py:644} INFO - at org.apache.spark.util.DependencyUtils$.resolveMavenDependencies(DependencyUtils.scala:185)
[2025-06-07T10:20:27.213+0000] {spark_submit.py:644} INFO - at org.apache.spark.deploy.SparkSubmit.prepareSubmitEnvironment(SparkSubmit.scala:334)
[2025-06-07T10:20:27.213+0000] {spark_submit.py:644} INFO - at org.apache.spark.deploy.SparkSubmit.org$apache$spark$deploy$SparkSubmit$$runMain(SparkSubmit.scala:964)
[2025-06-07T10:20:27.213+0000] {spark_submit.py:644} INFO - at org.apache.spark.deploy.SparkSubmit.doRunMain$1(SparkSubmit.scala:194)
[2025-06-07T10:20:27.214+0000] {spark_submit.py:644} INFO - at org.apache.spark.deploy.SparkSubmit.submit(SparkSubmit.scala:217)
[2025-06-07T10:20:27.214+0000] {spark_submit.py:644} INFO - at org.apache.spark.deploy.SparkSubmit.doSubmit(SparkSubmit.scala:91)
[2025-06-07T10:20:27.214+0000] {spark_submit.py:644} INFO - at org.apache.spark.deploy.SparkSubmit$$anon$2.doSubmit(SparkSubmit.scala:1120)
[2025-06-07T10:20:27.214+0000] {spark_submit.py:644} INFO - at org.apache.spark.deploy.SparkSubmit$.main(SparkSubmit.scala:1129)
[2025-06-07T10:20:27.214+0000] {spark_submit.py:644} INFO - at org.apache.spark.deploy.SparkSubmit.main(SparkSubmit.scala)
[2025-06-07T10:20:27.223+0000] {taskinstance.py:3311} ERROR - Task failed with exception
Traceback (most recent call last):
  File "/home/airflow/.local/lib/python3.11/site-packages/airflow/models/taskinstance.py", line 767, in _execute_task
    result = _execute_callable(context=context, **execute_callable_kwargs)
             ^^^^^^^^^^^^^^^^^^^^^^^^^^^^^^^^^^^^^^^^^^^^^^^^^^^^^^^^^^^^^
  File "/home/airflow/.local/lib/python3.11/site-packages/airflow/models/taskinstance.py", line 733, in _execute_callable
    return ExecutionCallableRunner(
           ^^^^^^^^^^^^^^^^^^^^^^^^
  File "/home/airflow/.local/lib/python3.11/site-packages/airflow/utils/operator_helpers.py", line 252, in run
    return self.func(*args, **kwargs)
           ^^^^^^^^^^^^^^^^^^^^^^^^^^
  File "/home/airflow/.local/lib/python3.11/site-packages/airflow/models/baseoperator.py", line 417, in wrapper
    return func(self, *args, **kwargs)
           ^^^^^^^^^^^^^^^^^^^^^^^^^^^
  File "/home/airflow/.local/lib/python3.11/site-packages/airflow/providers/apache/spark/operators/spark_submit.py", line 197, in execute
    self._hook.submit(self.application)
  File "/home/airflow/.local/lib/python3.11/site-packages/airflow/providers/apache/spark/hooks/spark_submit.py", line 566, in submit
    raise AirflowException(
airflow.exceptions.AirflowException: Cannot execute: spark-submit --master spark://spark-master:7077 --conf spark.executor.memory=2g --conf spark.sql.extensions=io.delta.sql.DeltaSparkSessionExtension --conf spark.sql.catalog.spark_catalog=org.apache.spark.sql.delta.catalog.DeltaCatalog --conf spark.hadoop.fs.s3a.endpoint=http://minio:9000 --conf spark.hadoop.fs.s3a.access.key=minioadmin --conf spark.hadoop.fs.s3a.secret.key=****** --conf spark.hadoop.fs.s3a.path.style.access=true --conf spark.hadoop.fs.s3a.impl=org.apache.hadoop.fs.s3a.S3AFileSystem --packages org.apache.hadoop:hadoop-aws:3.3.4,com.amazonaws:aws-java-sdk-bundle:1.12.262,io.delta:delta-core_2.12:3.2.0 --name bronze_sc_stats_etl --verbose --queue root.default --deploy-mode client /opt/***/dags/bronze_ingestion_sc_stats_etl.py. Error code is: 1.
[2025-06-07T10:20:27.231+0000] {taskinstance.py:1225} INFO - Marking task as FAILED. dag_id=curry_medallion_etl, task_id=submit_bronze_etl_job, run_id=manual__2025-06-07T10:20:21.676644+00:00, execution_date=20250607T102021, start_date=20250607T102023, end_date=20250607T102027
[2025-06-07T10:20:27.240+0000] {taskinstance.py:340} INFO - ::group::Post task execution logs
[2025-06-07T10:20:27.240+0000] {standard_task_runner.py:124} ERROR - Failed to execute job 26 for task submit_bronze_etl_job (Cannot execute: spark-submit --master spark://spark-master:7077 --conf spark.executor.memory=2g --conf spark.sql.extensions=io.delta.sql.DeltaSparkSessionExtension --conf spark.sql.catalog.spark_catalog=org.apache.spark.sql.delta.catalog.DeltaCatalog --conf spark.hadoop.fs.s3a.endpoint=http://minio:9000 --conf spark.hadoop.fs.s3a.access.key=minioadmin --conf spark.hadoop.fs.s3a.secret.key=****** --conf spark.hadoop.fs.s3a.path.style.access=true --conf spark.hadoop.fs.s3a.impl=org.apache.hadoop.fs.s3a.S3AFileSystem --packages org.apache.hadoop:hadoop-aws:3.3.4,com.amazonaws:aws-java-sdk-bundle:1.12.262,io.delta:delta-core_2.12:3.2.0 --name bronze_sc_stats_etl --verbose --queue root.default --deploy-mode client /opt/***/dags/bronze_ingestion_sc_stats_etl.py. Error code is: 1.; 4095)
Traceback (most recent call last):
  File "/home/airflow/.local/lib/python3.11/site-packages/airflow/task/task_runner/standard_task_runner.py", line 117, in _start_by_fork
    ret = args.func(args, dag=self.dag)
          ^^^^^^^^^^^^^^^^^^^^^^^^^^^^^
  File "/home/airflow/.local/lib/python3.11/site-packages/airflow/cli/cli_config.py", line 49, in command
    return func(*args, **kwargs)
           ^^^^^^^^^^^^^^^^^^^^^
  File "/home/airflow/.local/lib/python3.11/site-packages/airflow/utils/cli.py", line 116, in wrapper
    return f(*args, **kwargs)
           ^^^^^^^^^^^^^^^^^^
  File "/home/airflow/.local/lib/python3.11/site-packages/airflow/cli/commands/task_command.py", line 483, in task_run
    task_return_code = _run_task_by_selected_method(args, _dag, ti)
                       ^^^^^^^^^^^^^^^^^^^^^^^^^^^^^^^^^^^^^^^^^^^^
  File "/home/airflow/.local/lib/python3.11/site-packages/airflow/cli/commands/task_command.py", line 256, in _run_task_by_selected_method
    return _run_raw_task(args, ti)
           ^^^^^^^^^^^^^^^^^^^^^^^
  File "/home/airflow/.local/lib/python3.11/site-packages/airflow/cli/commands/task_command.py", line 341, in _run_raw_task
    return ti._run_raw_task(
           ^^^^^^^^^^^^^^^^^
  File "/home/airflow/.local/lib/python3.11/site-packages/airflow/utils/session.py", line 97, in wrapper
    return func(*args, session=session, **kwargs)
           ^^^^^^^^^^^^^^^^^^^^^^^^^^^^^^^^^^^^^^
  File "/home/airflow/.local/lib/python3.11/site-packages/airflow/models/taskinstance.py", line 3005, in _run_raw_task
    return _run_raw_task(
           ^^^^^^^^^^^^^^
  File "/home/airflow/.local/lib/python3.11/site-packages/airflow/models/taskinstance.py", line 273, in _run_raw_task
    TaskInstance._execute_task_with_callbacks(
  File "/home/airflow/.local/lib/python3.11/site-packages/airflow/models/taskinstance.py", line 3159, in _execute_task_with_callbacks
    result = self._execute_task(context, task_orig)
             ^^^^^^^^^^^^^^^^^^^^^^^^^^^^^^^^^^^^^^
  File "/home/airflow/.local/lib/python3.11/site-packages/airflow/models/taskinstance.py", line 3183, in _execute_task
    return _execute_task(self, context, task_orig)
           ^^^^^^^^^^^^^^^^^^^^^^^^^^^^^^^^^^^^^^^
  File "/home/airflow/.local/lib/python3.11/site-packages/airflow/models/taskinstance.py", line 767, in _execute_task
    result = _execute_callable(context=context, **execute_callable_kwargs)
             ^^^^^^^^^^^^^^^^^^^^^^^^^^^^^^^^^^^^^^^^^^^^^^^^^^^^^^^^^^^^^
  File "/home/airflow/.local/lib/python3.11/site-packages/airflow/models/taskinstance.py", line 733, in _execute_callable
    return ExecutionCallableRunner(
           ^^^^^^^^^^^^^^^^^^^^^^^^
  File "/home/airflow/.local/lib/python3.11/site-packages/airflow/utils/operator_helpers.py", line 252, in run
    return self.func(*args, **kwargs)
           ^^^^^^^^^^^^^^^^^^^^^^^^^^
  File "/home/airflow/.local/lib/python3.11/site-packages/airflow/models/baseoperator.py", line 417, in wrapper
    return func(self, *args, **kwargs)
           ^^^^^^^^^^^^^^^^^^^^^^^^^^^
  File "/home/airflow/.local/lib/python3.11/site-packages/airflow/providers/apache/spark/operators/spark_submit.py", line 197, in execute
    self._hook.submit(self.application)
  File "/home/airflow/.local/lib/python3.11/site-packages/airflow/providers/apache/spark/hooks/spark_submit.py", line 566, in submit
    raise AirflowException(
airflow.exceptions.AirflowException: Cannot execute: spark-submit --master spark://spark-master:7077 --conf spark.executor.memory=2g --conf spark.sql.extensions=io.delta.sql.DeltaSparkSessionExtension --conf spark.sql.catalog.spark_catalog=org.apache.spark.sql.delta.catalog.DeltaCatalog --conf spark.hadoop.fs.s3a.endpoint=http://minio:9000 --conf spark.hadoop.fs.s3a.access.key=minioadmin --conf spark.hadoop.fs.s3a.secret.key=****** --conf spark.hadoop.fs.s3a.path.style.access=true --conf spark.hadoop.fs.s3a.impl=org.apache.hadoop.fs.s3a.S3AFileSystem --packages org.apache.hadoop:hadoop-aws:3.3.4,com.amazonaws:aws-java-sdk-bundle:1.12.262,io.delta:delta-core_2.12:3.2.0 --name bronze_sc_stats_etl --verbose --queue root.default --deploy-mode client /opt/***/dags/bronze_ingestion_sc_stats_etl.py. Error code is: 1.
[2025-06-07T10:20:27.258+0000] {local_task_job_runner.py:266} INFO - Task exited with return code 1
[2025-06-07T10:20:27.272+0000] {taskinstance.py:3895} INFO - 0 downstream tasks scheduled from follow-on schedule check
[2025-06-07T10:20:27.275+0000] {local_task_job_runner.py:245} INFO - ::endgroup::
