[2025-06-08T08:29:23.902+0000] {local_task_job_runner.py:123} INFO - ::group::Pre task execution logs
[2025-06-08T08:29:23.912+0000] {taskinstance.py:2613} INFO - Dependencies all met for dep_context=non-requeueable deps ti=<TaskInstance: stephen_curry_stats_medallion_etl.silver_to_gold manual__2025-06-08T08:28:57.057290+00:00 [queued]>
[2025-06-08T08:29:23.916+0000] {taskinstance.py:2613} INFO - Dependencies all met for dep_context=requeueable deps ti=<TaskInstance: stephen_curry_stats_medallion_etl.silver_to_gold manual__2025-06-08T08:28:57.057290+00:00 [queued]>
[2025-06-08T08:29:23.916+0000] {taskinstance.py:2866} INFO - Starting attempt 1 of 1
[2025-06-08T08:29:23.921+0000] {taskinstance.py:2889} INFO - Executing <Task(SparkSubmitOperator): silver_to_gold> on 2025-06-08 08:28:57.057290+00:00
[2025-06-08T08:29:23.923+0000] {standard_task_runner.py:72} INFO - Started process 11717 to run task
[2025-06-08T08:29:23.926+0000] {standard_task_runner.py:104} INFO - Running: ['***', 'tasks', 'run', 'stephen_curry_stats_medallion_etl', 'silver_to_gold', 'manual__2025-06-08T08:28:57.057290+00:00', '--job-id', '54', '--raw', '--subdir', 'DAGS_FOLDER/medallion_sales_etl_dag.py', '--cfg-path', '/tmp/tmpx7gx07x_']
[2025-06-08T08:29:23.927+0000] {standard_task_runner.py:105} INFO - Job 54: Subtask silver_to_gold
[2025-06-08T08:29:23.954+0000] {task_command.py:467} INFO - Running <TaskInstance: stephen_curry_stats_medallion_etl.silver_to_gold manual__2025-06-08T08:28:57.057290+00:00 [running]> on host ae00baecdfb8
[2025-06-08T08:29:23.998+0000] {taskinstance.py:3132} INFO - Exporting env vars: AIRFLOW_CTX_DAG_OWNER='***' AIRFLOW_CTX_DAG_ID='stephen_curry_stats_medallion_etl' AIRFLOW_CTX_TASK_ID='silver_to_gold' AIRFLOW_CTX_EXECUTION_DATE='2025-06-08T08:28:57.057290+00:00' AIRFLOW_CTX_TRY_NUMBER='1' AIRFLOW_CTX_DAG_RUN_ID='manual__2025-06-08T08:28:57.057290+00:00'
[2025-06-08T08:29:23.999+0000] {taskinstance.py:731} INFO - ::endgroup::
[2025-06-08T08:29:24.014+0000] {base.py:84} INFO - Retrieving connection 'spark_default'
[2025-06-08T08:29:24.015+0000] {spark_submit.py:474} INFO - Spark-Submit cmd: spark-submit --master spark://spark-master:7077 --conf spark.executor.memory=2g --conf spark.sql.extensions=io.delta.sql.DeltaSparkSessionExtension --conf spark.sql.catalog.spark_catalog=org.apache.spark.sql.delta.catalog.DeltaCatalog --conf spark.hadoop.fs.s3a.endpoint=http://minio:9000 --conf spark.hadoop.fs.s3a.access.key=minioadmin --conf spark.hadoop.fs.s3a.secret.key=****** --conf spark.hadoop.fs.s3a.path.style.access=true --conf spark.hadoop.fs.s3a.impl=org.apache.hadoop.fs.s3a.S3AFileSystem --conf spark.hadoop.fs.s3a.aws.credentials.provider=org.apache.hadoop.fs.s3a.SimpleAWSCredentialsProvider --packages org.apache.hadoop:hadoop-aws:3.3.4,com.amazonaws:aws-java-sdk-bundle:1.12.262,io.delta:delta-spark_2.12:3.1.0 --name arrow-spark --queue root.default --deploy-mode client dags/silver_to_gold_sc_summary_etl.py --input_path s3a://mybucket/sc_stats_db/silver/transformed_data --output_path s3a://mybucket/sc_stats_db/gold/summary_data
[2025-06-08T08:29:24.714+0000] {spark_submit.py:644} INFO - :: loading settings :: url = jar:file:/home/***/.local/lib/python3.11/site-packages/pyspark/jars/ivy-2.5.1.jar!/org/apache/ivy/core/settings/ivysettings.xml
[2025-06-08T08:29:24.749+0000] {spark_submit.py:644} INFO - Ivy Default Cache set to: /home/***/.ivy2/cache
[2025-06-08T08:29:24.749+0000] {spark_submit.py:644} INFO - The jars for the packages stored in: /home/***/.ivy2/jars
[2025-06-08T08:29:24.751+0000] {spark_submit.py:644} INFO - org.apache.hadoop#hadoop-aws added as a dependency
[2025-06-08T08:29:24.751+0000] {spark_submit.py:644} INFO - com.amazonaws#aws-java-sdk-bundle added as a dependency
[2025-06-08T08:29:24.752+0000] {spark_submit.py:644} INFO - io.delta#delta-spark_2.12 added as a dependency
[2025-06-08T08:29:24.752+0000] {spark_submit.py:644} INFO - :: resolving dependencies :: org.apache.spark#spark-submit-parent-8db44884-c799-4f10-a6da-4d2ead189fcf;1.0
[2025-06-08T08:29:24.752+0000] {spark_submit.py:644} INFO - confs: [default]
[2025-06-08T08:29:24.830+0000] {spark_submit.py:644} INFO - found org.apache.hadoop#hadoop-aws;3.3.4 in central
[2025-06-08T08:29:24.841+0000] {spark_submit.py:644} INFO - found com.amazonaws#aws-java-sdk-bundle;1.12.262 in central
[2025-06-08T08:29:24.854+0000] {spark_submit.py:644} INFO - found org.wildfly.openssl#wildfly-openssl;1.0.7.Final in central
[2025-06-08T08:29:24.865+0000] {spark_submit.py:644} INFO - found io.delta#delta-spark_2.12;3.1.0 in central
[2025-06-08T08:29:24.884+0000] {spark_submit.py:644} INFO - found io.delta#delta-storage;3.1.0 in central
[2025-06-08T08:29:24.893+0000] {spark_submit.py:644} INFO - found org.antlr#antlr4-runtime;4.9.3 in central
[2025-06-08T08:29:24.909+0000] {spark_submit.py:644} INFO - :: resolution report :: resolve 152ms :: artifacts dl 6ms
[2025-06-08T08:29:24.909+0000] {spark_submit.py:644} INFO - :: modules in use:
[2025-06-08T08:29:24.909+0000] {spark_submit.py:644} INFO - com.amazonaws#aws-java-sdk-bundle;1.12.262 from central in [default]
[2025-06-08T08:29:24.910+0000] {spark_submit.py:644} INFO - io.delta#delta-spark_2.12;3.1.0 from central in [default]
[2025-06-08T08:29:24.910+0000] {spark_submit.py:644} INFO - io.delta#delta-storage;3.1.0 from central in [default]
[2025-06-08T08:29:24.910+0000] {spark_submit.py:644} INFO - org.antlr#antlr4-runtime;4.9.3 from central in [default]
[2025-06-08T08:29:24.910+0000] {spark_submit.py:644} INFO - org.apache.hadoop#hadoop-aws;3.3.4 from central in [default]
[2025-06-08T08:29:24.910+0000] {spark_submit.py:644} INFO - org.wildfly.openssl#wildfly-openssl;1.0.7.Final from central in [default]
[2025-06-08T08:29:24.911+0000] {spark_submit.py:644} INFO - ---------------------------------------------------------------------
[2025-06-08T08:29:24.911+0000] {spark_submit.py:644} INFO - |                  |            modules            ||   artifacts   |
[2025-06-08T08:29:24.911+0000] {spark_submit.py:644} INFO - |       conf       | number| search|dwnlded|evicted|| number|dwnlded|
[2025-06-08T08:29:24.911+0000] {spark_submit.py:644} INFO - ---------------------------------------------------------------------
[2025-06-08T08:29:24.911+0000] {spark_submit.py:644} INFO - |      default     |   6   |   0   |   0   |   0   ||   6   |   0   |
[2025-06-08T08:29:24.911+0000] {spark_submit.py:644} INFO - ---------------------------------------------------------------------
[2025-06-08T08:29:24.913+0000] {spark_submit.py:644} INFO - :: retrieving :: org.apache.spark#spark-submit-parent-8db44884-c799-4f10-a6da-4d2ead189fcf
[2025-06-08T08:29:24.913+0000] {spark_submit.py:644} INFO - confs: [default]
[2025-06-08T08:29:24.916+0000] {spark_submit.py:644} INFO - 0 artifacts copied, 6 already retrieved (0kB/3ms)
[2025-06-08T08:29:25.015+0000] {spark_submit.py:644} INFO - 25/06/08 08:29:25 WARN NativeCodeLoader: Unable to load native-hadoop library for your platform... using builtin-java classes where applicable
[2025-06-08T08:29:25.701+0000] {spark_submit.py:644} INFO - 25/06/08 08:29:25 INFO SparkContext: Running Spark version 3.5.2
[2025-06-08T08:29:25.702+0000] {spark_submit.py:644} INFO - 25/06/08 08:29:25 INFO SparkContext: OS info Linux, 6.10.14-linuxkit, aarch64
[2025-06-08T08:29:25.702+0000] {spark_submit.py:644} INFO - 25/06/08 08:29:25 INFO SparkContext: Java version 17.0.15
[2025-06-08T08:29:25.718+0000] {spark_submit.py:644} INFO - 25/06/08 08:29:25 INFO ResourceUtils: ==============================================================
[2025-06-08T08:29:25.718+0000] {spark_submit.py:644} INFO - 25/06/08 08:29:25 INFO ResourceUtils: No custom resources configured for spark.driver.
[2025-06-08T08:29:25.718+0000] {spark_submit.py:644} INFO - 25/06/08 08:29:25 INFO ResourceUtils: ==============================================================
[2025-06-08T08:29:25.719+0000] {spark_submit.py:644} INFO - 25/06/08 08:29:25 INFO SparkContext: Submitted application: SilverToGoldStephenCurryStats
[2025-06-08T08:29:25.729+0000] {spark_submit.py:644} INFO - 25/06/08 08:29:25 INFO ResourceProfile: Default ResourceProfile created, executor resources: Map(memory -> name: memory, amount: 2048, script: , vendor: , offHeap -> name: offHeap, amount: 0, script: , vendor: ), task resources: Map(cpus -> name: cpus, amount: 1.0)
[2025-06-08T08:29:25.734+0000] {spark_submit.py:644} INFO - 25/06/08 08:29:25 INFO ResourceProfile: Limiting resource is cpu
[2025-06-08T08:29:25.734+0000] {spark_submit.py:644} INFO - 25/06/08 08:29:25 INFO ResourceProfileManager: Added ResourceProfile id: 0
[2025-06-08T08:29:25.767+0000] {spark_submit.py:644} INFO - 25/06/08 08:29:25 INFO SecurityManager: Changing view acls to: ***
[2025-06-08T08:29:25.767+0000] {spark_submit.py:644} INFO - 25/06/08 08:29:25 INFO SecurityManager: Changing modify acls to: ***
[2025-06-08T08:29:25.767+0000] {spark_submit.py:644} INFO - 25/06/08 08:29:25 INFO SecurityManager: Changing view acls groups to:
[2025-06-08T08:29:25.767+0000] {spark_submit.py:644} INFO - 25/06/08 08:29:25 INFO SecurityManager: Changing modify acls groups to:
[2025-06-08T08:29:25.768+0000] {spark_submit.py:644} INFO - 25/06/08 08:29:25 INFO SecurityManager: SecurityManager: authentication disabled; ui acls disabled; users with view permissions: ***; groups with view permissions: EMPTY; users with modify permissions: ***; groups with modify permissions: EMPTY
[2025-06-08T08:29:25.881+0000] {spark_submit.py:644} INFO - 25/06/08 08:29:25 INFO Utils: Successfully started service 'sparkDriver' on port 43501.
[2025-06-08T08:29:25.899+0000] {spark_submit.py:644} INFO - 25/06/08 08:29:25 INFO SparkEnv: Registering MapOutputTracker
[2025-06-08T08:29:25.923+0000] {spark_submit.py:644} INFO - 25/06/08 08:29:25 INFO SparkEnv: Registering BlockManagerMaster
[2025-06-08T08:29:25.930+0000] {spark_submit.py:644} INFO - 25/06/08 08:29:25 INFO BlockManagerMasterEndpoint: Using org.apache.spark.storage.DefaultTopologyMapper for getting topology information
[2025-06-08T08:29:25.930+0000] {spark_submit.py:644} INFO - 25/06/08 08:29:25 INFO BlockManagerMasterEndpoint: BlockManagerMasterEndpoint up
[2025-06-08T08:29:25.932+0000] {spark_submit.py:644} INFO - 25/06/08 08:29:25 INFO SparkEnv: Registering BlockManagerMasterHeartbeat
[2025-06-08T08:29:25.942+0000] {spark_submit.py:644} INFO - 25/06/08 08:29:25 INFO DiskBlockManager: Created local directory at /tmp/blockmgr-5c737df6-4106-40f2-92b7-0d3a9ec37e0e
[2025-06-08T08:29:25.948+0000] {spark_submit.py:644} INFO - 25/06/08 08:29:25 INFO MemoryStore: MemoryStore started with capacity 434.4 MiB
[2025-06-08T08:29:25.955+0000] {spark_submit.py:644} INFO - 25/06/08 08:29:25 INFO SparkEnv: Registering OutputCommitCoordinator
[2025-06-08T08:29:26.012+0000] {spark_submit.py:644} INFO - 25/06/08 08:29:26 INFO JettyUtils: Start Jetty 0.0.0.0:4040 for SparkUI
[2025-06-08T08:29:26.045+0000] {spark_submit.py:644} INFO - 25/06/08 08:29:26 INFO Utils: Successfully started service 'SparkUI' on port 4040.
[2025-06-08T08:29:26.063+0000] {spark_submit.py:644} INFO - 25/06/08 08:29:26 INFO SparkContext: Added JAR file:///home/***/.ivy2/jars/org.apache.hadoop_hadoop-aws-3.3.4.jar at spark://ae00baecdfb8:43501/jars/org.apache.hadoop_hadoop-aws-3.3.4.jar with timestamp 1749371365697
[2025-06-08T08:29:26.064+0000] {spark_submit.py:644} INFO - 25/06/08 08:29:26 INFO SparkContext: Added JAR file:///home/***/.ivy2/jars/com.amazonaws_aws-java-sdk-bundle-1.12.262.jar at spark://ae00baecdfb8:43501/jars/com.amazonaws_aws-java-sdk-bundle-1.12.262.jar with timestamp 1749371365697
[2025-06-08T08:29:26.064+0000] {spark_submit.py:644} INFO - 25/06/08 08:29:26 INFO SparkContext: Added JAR file:///home/***/.ivy2/jars/io.delta_delta-spark_2.12-3.1.0.jar at spark://ae00baecdfb8:43501/jars/io.delta_delta-spark_2.12-3.1.0.jar with timestamp 1749371365697
[2025-06-08T08:29:26.064+0000] {spark_submit.py:644} INFO - 25/06/08 08:29:26 INFO SparkContext: Added JAR file:///home/***/.ivy2/jars/org.wildfly.openssl_wildfly-openssl-1.0.7.Final.jar at spark://ae00baecdfb8:43501/jars/org.wildfly.openssl_wildfly-openssl-1.0.7.Final.jar with timestamp 1749371365697
[2025-06-08T08:29:26.064+0000] {spark_submit.py:644} INFO - 25/06/08 08:29:26 INFO SparkContext: Added JAR file:///home/***/.ivy2/jars/io.delta_delta-storage-3.1.0.jar at spark://ae00baecdfb8:43501/jars/io.delta_delta-storage-3.1.0.jar with timestamp 1749371365697
[2025-06-08T08:29:26.064+0000] {spark_submit.py:644} INFO - 25/06/08 08:29:26 INFO SparkContext: Added JAR file:///home/***/.ivy2/jars/org.antlr_antlr4-runtime-4.9.3.jar at spark://ae00baecdfb8:43501/jars/org.antlr_antlr4-runtime-4.9.3.jar with timestamp 1749371365697
[2025-06-08T08:29:26.065+0000] {spark_submit.py:644} INFO - 25/06/08 08:29:26 INFO SparkContext: Added file file:///home/***/.ivy2/jars/org.apache.hadoop_hadoop-aws-3.3.4.jar at spark://ae00baecdfb8:43501/files/org.apache.hadoop_hadoop-aws-3.3.4.jar with timestamp 1749371365697
[2025-06-08T08:29:26.066+0000] {spark_submit.py:644} INFO - 25/06/08 08:29:26 INFO Utils: Copying /home/***/.ivy2/jars/org.apache.hadoop_hadoop-aws-3.3.4.jar to /tmp/spark-252b51fe-02a1-4859-9868-be5c899d0f4d/userFiles-987f09dc-ea45-4438-8f88-2a42df8f11c6/org.apache.hadoop_hadoop-aws-3.3.4.jar
[2025-06-08T08:29:26.071+0000] {spark_submit.py:644} INFO - 25/06/08 08:29:26 INFO SparkContext: Added file file:///home/***/.ivy2/jars/com.amazonaws_aws-java-sdk-bundle-1.12.262.jar at spark://ae00baecdfb8:43501/files/com.amazonaws_aws-java-sdk-bundle-1.12.262.jar with timestamp 1749371365697
[2025-06-08T08:29:26.071+0000] {spark_submit.py:644} INFO - 25/06/08 08:29:26 INFO Utils: Copying /home/***/.ivy2/jars/com.amazonaws_aws-java-sdk-bundle-1.12.262.jar to /tmp/spark-252b51fe-02a1-4859-9868-be5c899d0f4d/userFiles-987f09dc-ea45-4438-8f88-2a42df8f11c6/com.amazonaws_aws-java-sdk-bundle-1.12.262.jar
[2025-06-08T08:29:26.141+0000] {spark_submit.py:644} INFO - 25/06/08 08:29:26 INFO SparkContext: Added file file:///home/***/.ivy2/jars/io.delta_delta-spark_2.12-3.1.0.jar at spark://ae00baecdfb8:43501/files/io.delta_delta-spark_2.12-3.1.0.jar with timestamp 1749371365697
[2025-06-08T08:29:26.141+0000] {spark_submit.py:644} INFO - 25/06/08 08:29:26 INFO Utils: Copying /home/***/.ivy2/jars/io.delta_delta-spark_2.12-3.1.0.jar to /tmp/spark-252b51fe-02a1-4859-9868-be5c899d0f4d/userFiles-987f09dc-ea45-4438-8f88-2a42df8f11c6/io.delta_delta-spark_2.12-3.1.0.jar
[2025-06-08T08:29:26.144+0000] {spark_submit.py:644} INFO - 25/06/08 08:29:26 INFO SparkContext: Added file file:///home/***/.ivy2/jars/org.wildfly.openssl_wildfly-openssl-1.0.7.Final.jar at spark://ae00baecdfb8:43501/files/org.wildfly.openssl_wildfly-openssl-1.0.7.Final.jar with timestamp 1749371365697
[2025-06-08T08:29:26.145+0000] {spark_submit.py:644} INFO - 25/06/08 08:29:26 INFO Utils: Copying /home/***/.ivy2/jars/org.wildfly.openssl_wildfly-openssl-1.0.7.Final.jar to /tmp/spark-252b51fe-02a1-4859-9868-be5c899d0f4d/userFiles-987f09dc-ea45-4438-8f88-2a42df8f11c6/org.wildfly.openssl_wildfly-openssl-1.0.7.Final.jar
[2025-06-08T08:29:26.146+0000] {spark_submit.py:644} INFO - 25/06/08 08:29:26 INFO SparkContext: Added file file:///home/***/.ivy2/jars/io.delta_delta-storage-3.1.0.jar at spark://ae00baecdfb8:43501/files/io.delta_delta-storage-3.1.0.jar with timestamp 1749371365697
[2025-06-08T08:29:26.147+0000] {spark_submit.py:644} INFO - 25/06/08 08:29:26 INFO Utils: Copying /home/***/.ivy2/jars/io.delta_delta-storage-3.1.0.jar to /tmp/spark-252b51fe-02a1-4859-9868-be5c899d0f4d/userFiles-987f09dc-ea45-4438-8f88-2a42df8f11c6/io.delta_delta-storage-3.1.0.jar
[2025-06-08T08:29:26.148+0000] {spark_submit.py:644} INFO - 25/06/08 08:29:26 INFO SparkContext: Added file file:///home/***/.ivy2/jars/org.antlr_antlr4-runtime-4.9.3.jar at spark://ae00baecdfb8:43501/files/org.antlr_antlr4-runtime-4.9.3.jar with timestamp 1749371365697
[2025-06-08T08:29:26.149+0000] {spark_submit.py:644} INFO - 25/06/08 08:29:26 INFO Utils: Copying /home/***/.ivy2/jars/org.antlr_antlr4-runtime-4.9.3.jar to /tmp/spark-252b51fe-02a1-4859-9868-be5c899d0f4d/userFiles-987f09dc-ea45-4438-8f88-2a42df8f11c6/org.antlr_antlr4-runtime-4.9.3.jar
[2025-06-08T08:29:26.187+0000] {spark_submit.py:644} INFO - 25/06/08 08:29:26 INFO StandaloneAppClient$ClientEndpoint: Connecting to master spark://spark-master:7077...
[2025-06-08T08:29:26.210+0000] {spark_submit.py:644} INFO - 25/06/08 08:29:26 INFO TransportClientFactory: Successfully created connection to spark-master/172.19.0.4:7077 after 11 ms (0 ms spent in bootstraps)
[2025-06-08T08:29:26.253+0000] {spark_submit.py:644} INFO - 25/06/08 08:29:26 INFO StandaloneSchedulerBackend: Connected to Spark cluster with app ID app-20250608082926-0025
[2025-06-08T08:29:26.255+0000] {spark_submit.py:644} INFO - 25/06/08 08:29:26 INFO StandaloneAppClient$ClientEndpoint: Executor added: app-20250608082926-0025/0 on worker-20250607171945-172.19.0.6-40061 (172.19.0.6:40061) with 4 core(s)
[2025-06-08T08:29:26.255+0000] {spark_submit.py:644} INFO - 25/06/08 08:29:26 INFO StandaloneSchedulerBackend: Granted executor ID app-20250608082926-0025/0 on hostPort 172.19.0.6:40061 with 4 core(s), 2.0 GiB RAM
[2025-06-08T08:29:26.258+0000] {spark_submit.py:644} INFO - 25/06/08 08:29:26 INFO Utils: Successfully started service 'org.apache.spark.network.netty.NettyBlockTransferService' on port 41505.
[2025-06-08T08:29:26.258+0000] {spark_submit.py:644} INFO - 25/06/08 08:29:26 INFO NettyBlockTransferService: Server created on ae00baecdfb8:41505
[2025-06-08T08:29:26.259+0000] {spark_submit.py:644} INFO - 25/06/08 08:29:26 INFO BlockManager: Using org.apache.spark.storage.RandomBlockReplicationPolicy for block replication policy
[2025-06-08T08:29:26.263+0000] {spark_submit.py:644} INFO - 25/06/08 08:29:26 INFO BlockManagerMaster: Registering BlockManager BlockManagerId(driver, ae00baecdfb8, 41505, None)
[2025-06-08T08:29:26.265+0000] {spark_submit.py:644} INFO - 25/06/08 08:29:26 INFO BlockManagerMasterEndpoint: Registering block manager ae00baecdfb8:41505 with 434.4 MiB RAM, BlockManagerId(driver, ae00baecdfb8, 41505, None)
[2025-06-08T08:29:26.267+0000] {spark_submit.py:644} INFO - 25/06/08 08:29:26 INFO BlockManagerMaster: Registered BlockManager BlockManagerId(driver, ae00baecdfb8, 41505, None)
[2025-06-08T08:29:26.267+0000] {spark_submit.py:644} INFO - 25/06/08 08:29:26 INFO BlockManager: Initialized BlockManager: BlockManagerId(driver, ae00baecdfb8, 41505, None)
[2025-06-08T08:29:26.292+0000] {spark_submit.py:644} INFO - 25/06/08 08:29:26 INFO StandaloneAppClient$ClientEndpoint: Executor updated: app-20250608082926-0025/0 is now RUNNING
[2025-06-08T08:29:26.374+0000] {spark_submit.py:644} INFO - 25/06/08 08:29:26 INFO StandaloneSchedulerBackend: SchedulerBackend is ready for scheduling beginning after reached minRegisteredResourcesRatio: 0.0
[2025-06-08T08:29:26.510+0000] {spark_submit.py:644} INFO - Silver to Gold: Spark session created.
[2025-06-08T08:29:26.525+0000] {spark_submit.py:644} INFO - 25/06/08 08:29:26 INFO SharedState: Setting hive.metastore.warehouse.dir ('null') to the value of spark.sql.warehouse.dir.
[2025-06-08T08:29:26.528+0000] {spark_submit.py:644} INFO - 25/06/08 08:29:26 INFO SharedState: Warehouse path is 'file:/tmp/spark-warehouse'.
[2025-06-08T08:29:26.981+0000] {spark_submit.py:644} INFO - 25/06/08 08:29:26 WARN MetricsConfig: Cannot locate configuration: tried hadoop-metrics2-s3a-file-system.properties,hadoop-metrics2.properties
[2025-06-08T08:29:26.988+0000] {spark_submit.py:644} INFO - 25/06/08 08:29:26 INFO MetricsSystemImpl: Scheduled Metric snapshot period at 10 second(s).
[2025-06-08T08:29:26.988+0000] {spark_submit.py:644} INFO - 25/06/08 08:29:26 INFO MetricsSystemImpl: s3a-file-system metrics system started
[2025-06-08T08:29:27.526+0000] {spark_submit.py:644} INFO - 25/06/08 08:29:27 INFO StandaloneSchedulerBackend$StandaloneDriverEndpoint: Registered executor NettyRpcEndpointRef(spark-client://Executor) (172.19.0.6:51812) with ID 0,  ResourceProfileId 0
[2025-06-08T08:29:27.564+0000] {spark_submit.py:644} INFO - 25/06/08 08:29:27 INFO InMemoryFileIndex: It took 36 ms to list leaf files for 1 paths.
[2025-06-08T08:29:27.566+0000] {spark_submit.py:644} INFO - 25/06/08 08:29:27 INFO BlockManagerMasterEndpoint: Registering block manager 172.19.0.6:35197 with 1048.8 MiB RAM, BlockManagerId(0, 172.19.0.6, 35197, None)
[2025-06-08T08:29:27.830+0000] {spark_submit.py:644} INFO - 25/06/08 08:29:27 INFO SparkContext: Starting job: parquet at NativeMethodAccessorImpl.java:0
[2025-06-08T08:29:27.840+0000] {spark_submit.py:644} INFO - 25/06/08 08:29:27 INFO DAGScheduler: Got job 0 (parquet at NativeMethodAccessorImpl.java:0) with 1 output partitions
[2025-06-08T08:29:27.841+0000] {spark_submit.py:644} INFO - 25/06/08 08:29:27 INFO DAGScheduler: Final stage: ResultStage 0 (parquet at NativeMethodAccessorImpl.java:0)
[2025-06-08T08:29:27.841+0000] {spark_submit.py:644} INFO - 25/06/08 08:29:27 INFO DAGScheduler: Parents of final stage: List()
[2025-06-08T08:29:27.841+0000] {spark_submit.py:644} INFO - 25/06/08 08:29:27 INFO DAGScheduler: Missing parents: List()
[2025-06-08T08:29:27.842+0000] {spark_submit.py:644} INFO - 25/06/08 08:29:27 INFO DAGScheduler: Submitting ResultStage 0 (MapPartitionsRDD[1] at parquet at NativeMethodAccessorImpl.java:0), which has no missing parents
[2025-06-08T08:29:27.875+0000] {spark_submit.py:644} INFO - 25/06/08 08:29:27 INFO MemoryStore: Block broadcast_0 stored as values in memory (estimated size 107.3 KiB, free 434.3 MiB)
[2025-06-08T08:29:27.895+0000] {spark_submit.py:644} INFO - 25/06/08 08:29:27 INFO MemoryStore: Block broadcast_0_piece0 stored as bytes in memory (estimated size 38.9 KiB, free 434.3 MiB)
[2025-06-08T08:29:27.899+0000] {spark_submit.py:644} INFO - 25/06/08 08:29:27 INFO BlockManagerInfo: Added broadcast_0_piece0 in memory on ae00baecdfb8:41505 (size: 38.9 KiB, free: 434.4 MiB)
[2025-06-08T08:29:27.907+0000] {spark_submit.py:644} INFO - 25/06/08 08:29:27 INFO SparkContext: Created broadcast 0 from broadcast at DAGScheduler.scala:1585
[2025-06-08T08:29:27.923+0000] {spark_submit.py:644} INFO - 25/06/08 08:29:27 INFO DAGScheduler: Submitting 1 missing tasks from ResultStage 0 (MapPartitionsRDD[1] at parquet at NativeMethodAccessorImpl.java:0) (first 15 tasks are for partitions Vector(0))
[2025-06-08T08:29:27.925+0000] {spark_submit.py:644} INFO - 25/06/08 08:29:27 INFO TaskSchedulerImpl: Adding task set 0.0 with 1 tasks resource profile 0
[2025-06-08T08:29:28.509+0000] {spark_submit.py:644} INFO - 25/06/08 08:29:28 INFO TaskSetManager: Starting task 0.0 in stage 0.0 (TID 0) (172.19.0.6, executor 0, partition 0, PROCESS_LOCAL, 10362 bytes)
[2025-06-08T08:29:28.626+0000] {spark_submit.py:644} INFO - 25/06/08 08:29:28 INFO BlockManagerInfo: Added broadcast_0_piece0 in memory on 172.19.0.6:35197 (size: 38.9 KiB, free: 1048.8 MiB)
[2025-06-08T08:29:29.650+0000] {spark_submit.py:644} INFO - 25/06/08 08:29:29 INFO TaskSetManager: Finished task 0.0 in stage 0.0 (TID 0) in 1149 ms on 172.19.0.6 (executor 0) (1/1)
[2025-06-08T08:29:29.651+0000] {spark_submit.py:644} INFO - 25/06/08 08:29:29 INFO TaskSchedulerImpl: Removed TaskSet 0.0, whose tasks have all completed, from pool
[2025-06-08T08:29:29.654+0000] {spark_submit.py:644} INFO - 25/06/08 08:29:29 INFO DAGScheduler: ResultStage 0 (parquet at NativeMethodAccessorImpl.java:0) finished in 1.801 s
[2025-06-08T08:29:29.655+0000] {spark_submit.py:644} INFO - 25/06/08 08:29:29 INFO DAGScheduler: Job 0 is finished. Cancelling potential speculative or zombie tasks for this job
[2025-06-08T08:29:29.656+0000] {spark_submit.py:644} INFO - 25/06/08 08:29:29 INFO TaskSchedulerImpl: Killing all running tasks in stage 0: Stage finished
[2025-06-08T08:29:29.657+0000] {spark_submit.py:644} INFO - 25/06/08 08:29:29 INFO DAGScheduler: Job 0 finished: parquet at NativeMethodAccessorImpl.java:0, took 1.827144 s
[2025-06-08T08:29:29.851+0000] {spark_submit.py:644} INFO - 25/06/08 08:29:29 INFO BlockManagerInfo: Removed broadcast_0_piece0 on ae00baecdfb8:41505 in memory (size: 38.9 KiB, free: 434.4 MiB)
[2025-06-08T08:29:29.856+0000] {spark_submit.py:644} INFO - 25/06/08 08:29:29 INFO BlockManagerInfo: Removed broadcast_0_piece0 on 172.19.0.6:35197 in memory (size: 38.9 KiB, free: 1048.8 MiB)
[2025-06-08T08:29:30.075+0000] {spark_submit.py:644} INFO - Writing data to Gold layer
[2025-06-08T08:29:30.202+0000] {spark_submit.py:644} INFO - 25/06/08 08:29:30 INFO HiveConf: Found configuration file null
[2025-06-08T08:29:30.214+0000] {spark_submit.py:644} INFO - 25/06/08 08:29:30 INFO HiveUtils: Initializing HiveMetastoreConnection version 2.3.9 using Spark classes.
[2025-06-08T08:29:30.327+0000] {spark_submit.py:644} INFO - 25/06/08 08:29:30 INFO HiveClientImpl: Warehouse location for Hive client (version 2.3.9) is file:/tmp/spark-warehouse
[2025-06-08T08:29:30.349+0000] {spark_submit.py:644} INFO - 25/06/08 08:29:30 INFO metastore: Trying to connect to metastore with URI thrift://hive-metastore:9083
[2025-06-08T08:29:30.358+0000] {spark_submit.py:644} INFO - 25/06/08 08:29:30 INFO metastore: Opened a connection to metastore, current connections: 1
[2025-06-08T08:29:30.369+0000] {spark_submit.py:644} INFO - 25/06/08 08:29:30 INFO metastore: Connected to metastore.
[2025-06-08T08:29:30.498+0000] {spark_submit.py:644} INFO - 25/06/08 08:29:30 WARN HadoopFSUtils: The directory s3a://mybucket/sc_stats_db/gold/summary_data was not found. Was it deleted very recently?
[2025-06-08T08:29:30.498+0000] {spark_submit.py:644} INFO - 25/06/08 08:29:30 INFO InMemoryFileIndex: It took 7 ms to list leaf files for 1 paths.
[2025-06-08T08:29:30.775+0000] {spark_submit.py:644} INFO - 25/06/08 08:29:30 WARN SparkStringUtils: Truncated the string representation of a plan since it was too large. This behavior can be adjusted by setting 'spark.sql.debug.maxToStringFields'.
[2025-06-08T08:29:30.836+0000] {spark_submit.py:644} INFO - 25/06/08 08:29:30 INFO FileSourceStrategy: Pushed Filters:
[2025-06-08T08:29:30.836+0000] {spark_submit.py:644} INFO - 25/06/08 08:29:30 INFO FileSourceStrategy: Post-Scan Filters:
[2025-06-08T08:29:30.881+0000] {spark_submit.py:644} INFO - 25/06/08 08:29:30 INFO ParquetUtils: Using default output committer for Parquet: org.apache.parquet.hadoop.ParquetOutputCommitter
[2025-06-08T08:29:30.896+0000] {spark_submit.py:644} INFO - 25/06/08 08:29:30 INFO FileOutputCommitter: File Output Committer Algorithm version is 1
[2025-06-08T08:29:30.896+0000] {spark_submit.py:644} INFO - 25/06/08 08:29:30 INFO FileOutputCommitter: FileOutputCommitter skip cleanup _temporary folders under output directory:false, ignore cleanup failures: false
[2025-06-08T08:29:30.896+0000] {spark_submit.py:644} INFO - 25/06/08 08:29:30 INFO SQLHadoopMapReduceCommitProtocol: Using user defined output committer class org.apache.parquet.hadoop.ParquetOutputCommitter
[2025-06-08T08:29:30.897+0000] {spark_submit.py:644} INFO - 25/06/08 08:29:30 INFO FileOutputCommitter: File Output Committer Algorithm version is 1
[2025-06-08T08:29:30.897+0000] {spark_submit.py:644} INFO - 25/06/08 08:29:30 INFO FileOutputCommitter: FileOutputCommitter skip cleanup _temporary folders under output directory:false, ignore cleanup failures: false
[2025-06-08T08:29:30.897+0000] {spark_submit.py:644} INFO - 25/06/08 08:29:30 INFO SQLHadoopMapReduceCommitProtocol: Using output committer class org.apache.parquet.hadoop.ParquetOutputCommitter
[2025-06-08T08:29:31.153+0000] {spark_submit.py:644} INFO - 25/06/08 08:29:31 INFO CodeGenerator: Code generated in 127.799459 ms
[2025-06-08T08:29:31.165+0000] {spark_submit.py:644} INFO - 25/06/08 08:29:31 INFO MemoryStore: Block broadcast_1 stored as values in memory (estimated size 210.1 KiB, free 434.2 MiB)
[2025-06-08T08:29:31.172+0000] {spark_submit.py:644} INFO - 25/06/08 08:29:31 INFO MemoryStore: Block broadcast_1_piece0 stored as bytes in memory (estimated size 37.1 KiB, free 434.2 MiB)
[2025-06-08T08:29:31.178+0000] {spark_submit.py:644} INFO - 25/06/08 08:29:31 INFO BlockManagerInfo: Added broadcast_1_piece0 in memory on ae00baecdfb8:41505 (size: 37.1 KiB, free: 434.4 MiB)
[2025-06-08T08:29:31.178+0000] {spark_submit.py:644} INFO - 25/06/08 08:29:31 INFO SparkContext: Created broadcast 1 from saveAsTable at NativeMethodAccessorImpl.java:0
[2025-06-08T08:29:31.180+0000] {spark_submit.py:644} INFO - 25/06/08 08:29:31 INFO FileSourceScanExec: Planning scan with bin packing, max size: 4194304 bytes, open cost is considered as scanning 4194304 bytes.
[2025-06-08T08:29:31.205+0000] {spark_submit.py:644} INFO - 25/06/08 08:29:31 INFO SparkContext: Starting job: saveAsTable at NativeMethodAccessorImpl.java:0
[2025-06-08T08:29:31.206+0000] {spark_submit.py:644} INFO - 25/06/08 08:29:31 INFO DAGScheduler: Got job 1 (saveAsTable at NativeMethodAccessorImpl.java:0) with 1 output partitions
[2025-06-08T08:29:31.206+0000] {spark_submit.py:644} INFO - 25/06/08 08:29:31 INFO DAGScheduler: Final stage: ResultStage 1 (saveAsTable at NativeMethodAccessorImpl.java:0)
[2025-06-08T08:29:31.207+0000] {spark_submit.py:644} INFO - 25/06/08 08:29:31 INFO DAGScheduler: Parents of final stage: List()
[2025-06-08T08:29:31.207+0000] {spark_submit.py:644} INFO - 25/06/08 08:29:31 INFO DAGScheduler: Missing parents: List()
[2025-06-08T08:29:31.207+0000] {spark_submit.py:644} INFO - 25/06/08 08:29:31 INFO DAGScheduler: Submitting ResultStage 1 (MapPartitionsRDD[5] at saveAsTable at NativeMethodAccessorImpl.java:0), which has no missing parents
[2025-06-08T08:29:31.232+0000] {spark_submit.py:644} INFO - 25/06/08 08:29:31 INFO MemoryStore: Block broadcast_2 stored as values in memory (estimated size 242.8 KiB, free 433.9 MiB)
[2025-06-08T08:29:31.236+0000] {spark_submit.py:644} INFO - 25/06/08 08:29:31 INFO MemoryStore: Block broadcast_2_piece0 stored as bytes in memory (estimated size 83.2 KiB, free 433.8 MiB)
[2025-06-08T08:29:31.236+0000] {spark_submit.py:644} INFO - 25/06/08 08:29:31 INFO BlockManagerInfo: Added broadcast_2_piece0 in memory on ae00baecdfb8:41505 (size: 83.2 KiB, free: 434.3 MiB)
[2025-06-08T08:29:31.237+0000] {spark_submit.py:644} INFO - 25/06/08 08:29:31 INFO SparkContext: Created broadcast 2 from broadcast at DAGScheduler.scala:1585
[2025-06-08T08:29:31.237+0000] {spark_submit.py:644} INFO - 25/06/08 08:29:31 INFO DAGScheduler: Submitting 1 missing tasks from ResultStage 1 (MapPartitionsRDD[5] at saveAsTable at NativeMethodAccessorImpl.java:0) (first 15 tasks are for partitions Vector(0))
[2025-06-08T08:29:31.237+0000] {spark_submit.py:644} INFO - 25/06/08 08:29:31 INFO TaskSchedulerImpl: Adding task set 1.0 with 1 tasks resource profile 0
[2025-06-08T08:29:31.240+0000] {spark_submit.py:644} INFO - 25/06/08 08:29:31 INFO TaskSetManager: Starting task 0.0 in stage 1.0 (TID 1) (172.19.0.6, executor 0, partition 0, PROCESS_LOCAL, 10867 bytes)
[2025-06-08T08:29:31.263+0000] {spark_submit.py:644} INFO - 25/06/08 08:29:31 INFO BlockManagerInfo: Added broadcast_2_piece0 in memory on 172.19.0.6:35197 (size: 83.2 KiB, free: 1048.7 MiB)
[2025-06-08T08:29:31.723+0000] {spark_submit.py:644} INFO - 25/06/08 08:29:31 INFO BlockManagerInfo: Added broadcast_1_piece0 in memory on 172.19.0.6:35197 (size: 37.1 KiB, free: 1048.7 MiB)
[2025-06-08T08:29:32.178+0000] {spark_submit.py:644} INFO - 25/06/08 08:29:32 INFO TaskSetManager: Finished task 0.0 in stage 1.0 (TID 1) in 939 ms on 172.19.0.6 (executor 0) (1/1)
[2025-06-08T08:29:32.178+0000] {spark_submit.py:644} INFO - 25/06/08 08:29:32 INFO TaskSchedulerImpl: Removed TaskSet 1.0, whose tasks have all completed, from pool
[2025-06-08T08:29:32.179+0000] {spark_submit.py:644} INFO - 25/06/08 08:29:32 INFO DAGScheduler: ResultStage 1 (saveAsTable at NativeMethodAccessorImpl.java:0) finished in 0.970 s
[2025-06-08T08:29:32.179+0000] {spark_submit.py:644} INFO - 25/06/08 08:29:32 INFO DAGScheduler: Job 1 is finished. Cancelling potential speculative or zombie tasks for this job
[2025-06-08T08:29:32.179+0000] {spark_submit.py:644} INFO - 25/06/08 08:29:32 INFO TaskSchedulerImpl: Killing all running tasks in stage 1: Stage finished
[2025-06-08T08:29:32.179+0000] {spark_submit.py:644} INFO - 25/06/08 08:29:32 INFO DAGScheduler: Job 1 finished: saveAsTable at NativeMethodAccessorImpl.java:0, took 0.973964 s
[2025-06-08T08:29:32.180+0000] {spark_submit.py:644} INFO - 25/06/08 08:29:32 INFO FileFormatWriter: Start to commit write Job e8cd816b-2ceb-4f23-b0da-c6ce1c37964e.
[2025-06-08T08:29:32.292+0000] {spark_submit.py:644} INFO - 25/06/08 08:29:32 INFO FileFormatWriter: Write Job e8cd816b-2ceb-4f23-b0da-c6ce1c37964e committed. Elapsed time: 110 ms.
[2025-06-08T08:29:32.293+0000] {spark_submit.py:644} INFO - 25/06/08 08:29:32 INFO FileFormatWriter: Finished processing stats for write job e8cd816b-2ceb-4f23-b0da-c6ce1c37964e.
[2025-06-08T08:29:32.313+0000] {spark_submit.py:644} INFO - 25/06/08 08:29:32 INFO InMemoryFileIndex: It took 4 ms to list leaf files for 1 paths.
[2025-06-08T08:29:32.330+0000] {spark_submit.py:644} INFO - 25/06/08 08:29:32 INFO HiveExternalCatalog: Persisting file based data source table `spark_catalog`.`sc_stats_db`.`gold_sc_summary` into Hive metastore in Hive compatible format.
[2025-06-08T08:29:32.341+0000] {spark_submit.py:644} INFO - 25/06/08 08:29:32 INFO SQLStdHiveAccessController: Created SQLStdHiveAccessController for session context : HiveAuthzSessionContext [sessionString=c0a17e67-8d0d-468b-af89-73ee4cbab296, clientType=HIVECLI]
[2025-06-08T08:29:32.342+0000] {spark_submit.py:644} INFO - 25/06/08 08:29:32 WARN SessionState: METASTORE_FILTER_HOOK will be ignored, since hive.security.authorization.manager is set to instance of HiveAuthorizerFactory.
[2025-06-08T08:29:32.343+0000] {spark_submit.py:644} INFO - 25/06/08 08:29:32 INFO metastore: Mestastore configuration hive.metastore.filter.hook changed from org.apache.hadoop.hive.metastore.DefaultMetaStoreFilterHookImpl to org.apache.hadoop.hive.ql.security.authorization.plugin.AuthorizationMetaStoreFilterHook
[2025-06-08T08:29:32.344+0000] {spark_submit.py:644} INFO - 25/06/08 08:29:32 INFO metastore: Closed a connection to metastore, current connections: 0
[2025-06-08T08:29:32.345+0000] {spark_submit.py:644} INFO - 25/06/08 08:29:32 INFO metastore: Trying to connect to metastore with URI thrift://hive-metastore:9083
[2025-06-08T08:29:32.346+0000] {spark_submit.py:644} INFO - 25/06/08 08:29:32 INFO metastore: Opened a connection to metastore, current connections: 1
[2025-06-08T08:29:32.346+0000] {spark_submit.py:644} INFO - 25/06/08 08:29:32 INFO metastore: Connected to metastore.
[2025-06-08T08:29:32.380+0000] {spark_submit.py:644} INFO - 25/06/08 08:29:32 INFO metastore: Trying to connect to metastore with URI thrift://hive-metastore:9083
[2025-06-08T08:29:32.380+0000] {spark_submit.py:644} INFO - 25/06/08 08:29:32 INFO metastore: Opened a connection to metastore, current connections: 2
[2025-06-08T08:29:32.381+0000] {spark_submit.py:644} INFO - 25/06/08 08:29:32 INFO metastore: Connected to metastore.
[2025-06-08T08:29:32.405+0000] {spark_submit.py:644} INFO - 25/06/08 08:29:32 WARN HiveExternalCatalog: Could not persist `spark_catalog`.`sc_stats_db`.`gold_sc_summary` in a Hive compatible way. Persisting it into Hive metastore in Spark SQL specific format.
[2025-06-08T08:29:32.405+0000] {spark_submit.py:644} INFO - org.apache.hadoop.hive.ql.metadata.HiveException: MetaException(message:Got exception: java.nio.file.AccessDeniedException s3a://mybucket/sc_stats_db/gold/summary_data: getFileStatus on s3a://mybucket/sc_stats_db/gold/summary_data: com.amazonaws.services.s3.model.AmazonS3Exception: Forbidden (Service: Amazon S3; Status Code: 403; Error Code: 403 Forbidden; Request ID: 184703FE9FDC2C85; S3 Extended Request ID: dd9025bab4ad464b049177c95eb6ebf374d3b3fd1af9251148b658df7ac2e3e8; Proxy: null), S3 Extended Request ID: dd9025bab4ad464b049177c95eb6ebf374d3b3fd1af9251148b658df7ac2e3e8:403 Forbidden)
[2025-06-08T08:29:32.405+0000] {spark_submit.py:644} INFO - at org.apache.hadoop.hive.ql.metadata.Hive.createTable(Hive.java:869)
[2025-06-08T08:29:32.406+0000] {spark_submit.py:644} INFO - at org.apache.hadoop.hive.ql.metadata.Hive.createTable(Hive.java:874)
[2025-06-08T08:29:32.406+0000] {spark_submit.py:644} INFO - at org.apache.spark.sql.hive.client.Shim_v0_12.createTable(HiveShim.scala:614)
[2025-06-08T08:29:32.406+0000] {spark_submit.py:644} INFO - at org.apache.spark.sql.hive.client.HiveClientImpl.$anonfun$createTable$1(HiveClientImpl.scala:573)
[2025-06-08T08:29:32.406+0000] {spark_submit.py:644} INFO - at scala.runtime.java8.JFunction0$mcV$sp.apply(JFunction0$mcV$sp.java:23)
[2025-06-08T08:29:32.406+0000] {spark_submit.py:644} INFO - at org.apache.spark.sql.hive.client.HiveClientImpl.$anonfun$withHiveState$1(HiveClientImpl.scala:303)
[2025-06-08T08:29:32.406+0000] {spark_submit.py:644} INFO - at org.apache.spark.sql.hive.client.HiveClientImpl.liftedTree1$1(HiveClientImpl.scala:234)
[2025-06-08T08:29:32.407+0000] {spark_submit.py:644} INFO - at org.apache.spark.sql.hive.client.HiveClientImpl.retryLocked(HiveClientImpl.scala:233)
[2025-06-08T08:29:32.407+0000] {spark_submit.py:644} INFO - at org.apache.spark.sql.hive.client.HiveClientImpl.withHiveState(HiveClientImpl.scala:283)
[2025-06-08T08:29:32.407+0000] {spark_submit.py:644} INFO - at org.apache.spark.sql.hive.client.HiveClientImpl.createTable(HiveClientImpl.scala:571)
[2025-06-08T08:29:32.407+0000] {spark_submit.py:644} INFO - at org.apache.spark.sql.hive.HiveExternalCatalog.saveTableIntoHive(HiveExternalCatalog.scala:526)
[2025-06-08T08:29:32.407+0000] {spark_submit.py:644} INFO - at org.apache.spark.sql.hive.HiveExternalCatalog.createDataSourceTable(HiveExternalCatalog.scala:415)
[2025-06-08T08:29:32.407+0000] {spark_submit.py:644} INFO - at org.apache.spark.sql.hive.HiveExternalCatalog.$anonfun$createTable$1(HiveExternalCatalog.scala:274)
[2025-06-08T08:29:32.408+0000] {spark_submit.py:644} INFO - at scala.runtime.java8.JFunction0$mcV$sp.apply(JFunction0$mcV$sp.java:23)
[2025-06-08T08:29:32.408+0000] {spark_submit.py:644} INFO - at org.apache.spark.sql.hive.HiveExternalCatalog.withClient(HiveExternalCatalog.scala:99)
[2025-06-08T08:29:32.408+0000] {spark_submit.py:644} INFO - at org.apache.spark.sql.hive.HiveExternalCatalog.createTable(HiveExternalCatalog.scala:245)
[2025-06-08T08:29:32.408+0000] {spark_submit.py:644} INFO - at org.apache.spark.sql.catalyst.catalog.ExternalCatalogWithListener.createTable(ExternalCatalogWithListener.scala:94)
[2025-06-08T08:29:32.408+0000] {spark_submit.py:644} INFO - at org.apache.spark.sql.catalyst.catalog.SessionCatalog.createTable(SessionCatalog.scala:406)
[2025-06-08T08:29:32.408+0000] {spark_submit.py:644} INFO - at org.apache.spark.sql.execution.command.CreateDataSourceTableAsSelectCommand.run(createDataSourceTables.scala:193)
[2025-06-08T08:29:32.408+0000] {spark_submit.py:644} INFO - at org.apache.spark.sql.execution.command.ExecutedCommandExec.sideEffectResult$lzycompute(commands.scala:75)
[2025-06-08T08:29:32.408+0000] {spark_submit.py:644} INFO - at org.apache.spark.sql.execution.command.ExecutedCommandExec.sideEffectResult(commands.scala:73)
[2025-06-08T08:29:32.409+0000] {spark_submit.py:644} INFO - at org.apache.spark.sql.execution.command.ExecutedCommandExec.executeCollect(commands.scala:84)
[2025-06-08T08:29:32.409+0000] {spark_submit.py:644} INFO - at org.apache.spark.sql.execution.QueryExecution$$anonfun$eagerlyExecuteCommands$1.$anonfun$applyOrElse$1(QueryExecution.scala:107)
[2025-06-08T08:29:32.409+0000] {spark_submit.py:644} INFO - at org.apache.spark.sql.execution.SQLExecution$.$anonfun$withNewExecutionId$6(SQLExecution.scala:125)
[2025-06-08T08:29:32.409+0000] {spark_submit.py:644} INFO - at org.apache.spark.sql.execution.SQLExecution$.withSQLConfPropagated(SQLExecution.scala:201)
[2025-06-08T08:29:32.409+0000] {spark_submit.py:644} INFO - at org.apache.spark.sql.execution.SQLExecution$.$anonfun$withNewExecutionId$1(SQLExecution.scala:108)
[2025-06-08T08:29:32.409+0000] {spark_submit.py:644} INFO - at org.apache.spark.sql.SparkSession.withActive(SparkSession.scala:900)
[2025-06-08T08:29:32.409+0000] {spark_submit.py:644} INFO - at org.apache.spark.sql.execution.SQLExecution$.withNewExecutionId(SQLExecution.scala:66)
[2025-06-08T08:29:32.409+0000] {spark_submit.py:644} INFO - at org.apache.spark.sql.execution.QueryExecution$$anonfun$eagerlyExecuteCommands$1.applyOrElse(QueryExecution.scala:107)
[2025-06-08T08:29:32.410+0000] {spark_submit.py:644} INFO - at org.apache.spark.sql.execution.QueryExecution$$anonfun$eagerlyExecuteCommands$1.applyOrElse(QueryExecution.scala:98)
[2025-06-08T08:29:32.410+0000] {spark_submit.py:644} INFO - at org.apache.spark.sql.catalyst.trees.TreeNode.$anonfun$transformDownWithPruning$1(TreeNode.scala:461)
[2025-06-08T08:29:32.410+0000] {spark_submit.py:644} INFO - at org.apache.spark.sql.catalyst.trees.CurrentOrigin$.withOrigin(origin.scala:76)
[2025-06-08T08:29:32.410+0000] {spark_submit.py:644} INFO - at org.apache.spark.sql.catalyst.trees.TreeNode.transformDownWithPruning(TreeNode.scala:461)
[2025-06-08T08:29:32.410+0000] {spark_submit.py:644} INFO - at org.apache.spark.sql.catalyst.plans.logical.LogicalPlan.org$apache$spark$sql$catalyst$plans$logical$AnalysisHelper$$super$transformDownWithPruning(LogicalPlan.scala:32)
[2025-06-08T08:29:32.410+0000] {spark_submit.py:644} INFO - at org.apache.spark.sql.catalyst.plans.logical.AnalysisHelper.transformDownWithPruning(AnalysisHelper.scala:267)
[2025-06-08T08:29:32.410+0000] {spark_submit.py:644} INFO - at org.apache.spark.sql.catalyst.plans.logical.AnalysisHelper.transformDownWithPruning$(AnalysisHelper.scala:263)
[2025-06-08T08:29:32.410+0000] {spark_submit.py:644} INFO - at org.apache.spark.sql.catalyst.plans.logical.LogicalPlan.transformDownWithPruning(LogicalPlan.scala:32)
[2025-06-08T08:29:32.411+0000] {spark_submit.py:644} INFO - at org.apache.spark.sql.catalyst.plans.logical.LogicalPlan.transformDownWithPruning(LogicalPlan.scala:32)
[2025-06-08T08:29:32.411+0000] {spark_submit.py:644} INFO - at org.apache.spark.sql.catalyst.trees.TreeNode.transformDown(TreeNode.scala:437)
[2025-06-08T08:29:32.411+0000] {spark_submit.py:644} INFO - at org.apache.spark.sql.execution.QueryExecution.eagerlyExecuteCommands(QueryExecution.scala:98)
[2025-06-08T08:29:32.411+0000] {spark_submit.py:644} INFO - at org.apache.spark.sql.execution.QueryExecution.commandExecuted$lzycompute(QueryExecution.scala:85)
[2025-06-08T08:29:32.411+0000] {spark_submit.py:644} INFO - at org.apache.spark.sql.execution.QueryExecution.commandExecuted(QueryExecution.scala:83)
[2025-06-08T08:29:32.411+0000] {spark_submit.py:644} INFO - at org.apache.spark.sql.execution.QueryExecution.assertCommandExecuted(QueryExecution.scala:142)
[2025-06-08T08:29:32.411+0000] {spark_submit.py:644} INFO - at org.apache.spark.sql.DataFrameWriter.runCommand(DataFrameWriter.scala:859)
[2025-06-08T08:29:32.411+0000] {spark_submit.py:644} INFO - at org.apache.spark.sql.DataFrameWriter.createTable(DataFrameWriter.scala:700)
[2025-06-08T08:29:32.411+0000] {spark_submit.py:644} INFO - at org.apache.spark.sql.DataFrameWriter.saveAsTable(DataFrameWriter.scala:674)
[2025-06-08T08:29:32.412+0000] {spark_submit.py:644} INFO - at org.apache.spark.sql.DataFrameWriter.saveAsTable(DataFrameWriter.scala:571)
[2025-06-08T08:29:32.412+0000] {spark_submit.py:644} INFO - at java.base/jdk.internal.reflect.NativeMethodAccessorImpl.invoke0(Native Method)
[2025-06-08T08:29:32.412+0000] {spark_submit.py:644} INFO - at java.base/jdk.internal.reflect.NativeMethodAccessorImpl.invoke(NativeMethodAccessorImpl.java:77)
[2025-06-08T08:29:32.412+0000] {spark_submit.py:644} INFO - at java.base/jdk.internal.reflect.DelegatingMethodAccessorImpl.invoke(DelegatingMethodAccessorImpl.java:43)
[2025-06-08T08:29:32.412+0000] {spark_submit.py:644} INFO - at java.base/java.lang.reflect.Method.invoke(Method.java:569)
[2025-06-08T08:29:32.412+0000] {spark_submit.py:644} INFO - at py4j.reflection.MethodInvoker.invoke(MethodInvoker.java:244)
[2025-06-08T08:29:32.412+0000] {spark_submit.py:644} INFO - at py4j.reflection.ReflectionEngine.invoke(ReflectionEngine.java:374)
[2025-06-08T08:29:32.412+0000] {spark_submit.py:644} INFO - at py4j.Gateway.invoke(Gateway.java:282)
[2025-06-08T08:29:32.412+0000] {spark_submit.py:644} INFO - at py4j.commands.AbstractCommand.invokeMethod(AbstractCommand.java:132)
[2025-06-08T08:29:32.412+0000] {spark_submit.py:644} INFO - at py4j.commands.CallCommand.execute(CallCommand.java:79)
[2025-06-08T08:29:32.413+0000] {spark_submit.py:644} INFO - at py4j.ClientServerConnection.waitForCommands(ClientServerConnection.java:182)
[2025-06-08T08:29:32.413+0000] {spark_submit.py:644} INFO - at py4j.ClientServerConnection.run(ClientServerConnection.java:106)
[2025-06-08T08:29:32.413+0000] {spark_submit.py:644} INFO - at java.base/java.lang.Thread.run(Thread.java:840)
[2025-06-08T08:29:32.413+0000] {spark_submit.py:644} INFO - Caused by: MetaException(message:Got exception: java.nio.file.AccessDeniedException s3a://mybucket/sc_stats_db/gold/summary_data: getFileStatus on s3a://mybucket/sc_stats_db/gold/summary_data: com.amazonaws.services.s3.model.AmazonS3Exception: Forbidden (Service: Amazon S3; Status Code: 403; Error Code: 403 Forbidden; Request ID: 184703FE9FDC2C85; S3 Extended Request ID: dd9025bab4ad464b049177c95eb6ebf374d3b3fd1af9251148b658df7ac2e3e8; Proxy: null), S3 Extended Request ID: dd9025bab4ad464b049177c95eb6ebf374d3b3fd1af9251148b658df7ac2e3e8:403 Forbidden)
[2025-06-08T08:29:32.413+0000] {spark_submit.py:644} INFO - at org.apache.hadoop.hive.metastore.api.ThriftHiveMetastore$create_table_with_environment_context_result$create_table_with_environment_context_resultStandardScheme.read(ThriftHiveMetastore.java:42225)
[2025-06-08T08:29:32.413+0000] {spark_submit.py:644} INFO - at org.apache.hadoop.hive.metastore.api.ThriftHiveMetastore$create_table_with_environment_context_result$create_table_with_environment_context_resultStandardScheme.read(ThriftHiveMetastore.java:42193)
[2025-06-08T08:29:32.413+0000] {spark_submit.py:644} INFO - at org.apache.hadoop.hive.metastore.api.ThriftHiveMetastore$create_table_with_environment_context_result.read(ThriftHiveMetastore.java:42119)
[2025-06-08T08:29:32.413+0000] {spark_submit.py:644} INFO - at org.apache.thrift.TServiceClient.receiveBase(TServiceClient.java:88)
[2025-06-08T08:29:32.413+0000] {spark_submit.py:644} INFO - at org.apache.hadoop.hive.metastore.api.ThriftHiveMetastore$Client.recv_create_table_with_environment_context(ThriftHiveMetastore.java:1203)
[2025-06-08T08:29:32.413+0000] {spark_submit.py:644} INFO - at org.apache.hadoop.hive.metastore.api.ThriftHiveMetastore$Client.create_table_with_environment_context(ThriftHiveMetastore.java:1189)
[2025-06-08T08:29:32.413+0000] {spark_submit.py:644} INFO - at org.apache.hadoop.hive.metastore.HiveMetaStoreClient.create_table_with_environment_context(HiveMetaStoreClient.java:2396)
[2025-06-08T08:29:32.414+0000] {spark_submit.py:644} INFO - at org.apache.hadoop.hive.ql.metadata.SessionHiveMetaStoreClient.create_table_with_environment_context(SessionHiveMetaStoreClient.java:93)
[2025-06-08T08:29:32.414+0000] {spark_submit.py:644} INFO - at org.apache.hadoop.hive.metastore.HiveMetaStoreClient.createTable(HiveMetaStoreClient.java:750)
[2025-06-08T08:29:32.414+0000] {spark_submit.py:644} INFO - at org.apache.hadoop.hive.metastore.HiveMetaStoreClient.createTable(HiveMetaStoreClient.java:738)
[2025-06-08T08:29:32.414+0000] {spark_submit.py:644} INFO - at java.base/jdk.internal.reflect.NativeMethodAccessorImpl.invoke0(Native Method)
[2025-06-08T08:29:32.414+0000] {spark_submit.py:644} INFO - at java.base/jdk.internal.reflect.NativeMethodAccessorImpl.invoke(NativeMethodAccessorImpl.java:77)
[2025-06-08T08:29:32.414+0000] {spark_submit.py:644} INFO - at java.base/jdk.internal.reflect.DelegatingMethodAccessorImpl.invoke(DelegatingMethodAccessorImpl.java:43)
[2025-06-08T08:29:32.414+0000] {spark_submit.py:644} INFO - at java.base/java.lang.reflect.Method.invoke(Method.java:569)
[2025-06-08T08:29:32.414+0000] {spark_submit.py:644} INFO - at org.apache.hadoop.hive.metastore.RetryingMetaStoreClient.invoke(RetryingMetaStoreClient.java:173)
[2025-06-08T08:29:32.415+0000] {spark_submit.py:644} INFO - at jdk.proxy2/jdk.proxy2.$Proxy44.createTable(Unknown Source)
[2025-06-08T08:29:32.415+0000] {spark_submit.py:644} INFO - at java.base/jdk.internal.reflect.NativeMethodAccessorImpl.invoke0(Native Method)
[2025-06-08T08:29:32.415+0000] {spark_submit.py:644} INFO - at java.base/jdk.internal.reflect.NativeMethodAccessorImpl.invoke(NativeMethodAccessorImpl.java:77)
[2025-06-08T08:29:32.415+0000] {spark_submit.py:644} INFO - at java.base/jdk.internal.reflect.DelegatingMethodAccessorImpl.invoke(DelegatingMethodAccessorImpl.java:43)
[2025-06-08T08:29:32.415+0000] {spark_submit.py:644} INFO - at java.base/java.lang.reflect.Method.invoke(Method.java:569)
[2025-06-08T08:29:32.415+0000] {spark_submit.py:644} INFO - at org.apache.hadoop.hive.metastore.HiveMetaStoreClient$SynchronizedHandler.invoke(HiveMetaStoreClient.java:2327)
[2025-06-08T08:29:32.415+0000] {spark_submit.py:644} INFO - at jdk.proxy2/jdk.proxy2.$Proxy44.createTable(Unknown Source)
[2025-06-08T08:29:32.416+0000] {spark_submit.py:644} INFO - at org.apache.hadoop.hive.ql.metadata.Hive.createTable(Hive.java:859)
[2025-06-08T08:29:32.416+0000] {spark_submit.py:644} INFO - ... 58 more
[2025-06-08T08:29:32.478+0000] {spark_submit.py:644} INFO - Successfully wrote data to gold table
[2025-06-08T08:29:32.479+0000] {spark_submit.py:644} INFO - Silver to Gold transformation completed successfully.
[2025-06-08T08:29:32.479+0000] {spark_submit.py:644} INFO - 25/06/08 08:29:32 INFO SparkContext: SparkContext is stopping with exitCode 0.
[2025-06-08T08:29:32.484+0000] {spark_submit.py:644} INFO - 25/06/08 08:29:32 INFO SparkUI: Stopped Spark web UI at http://ae00baecdfb8:4040
[2025-06-08T08:29:32.488+0000] {spark_submit.py:644} INFO - 25/06/08 08:29:32 INFO StandaloneSchedulerBackend: Shutting down all executors
[2025-06-08T08:29:32.489+0000] {spark_submit.py:644} INFO - 25/06/08 08:29:32 INFO StandaloneSchedulerBackend$StandaloneDriverEndpoint: Asking each executor to shut down
[2025-06-08T08:29:32.499+0000] {spark_submit.py:644} INFO - 25/06/08 08:29:32 INFO MapOutputTrackerMasterEndpoint: MapOutputTrackerMasterEndpoint stopped!
[2025-06-08T08:29:32.507+0000] {spark_submit.py:644} INFO - 25/06/08 08:29:32 INFO MemoryStore: MemoryStore cleared
[2025-06-08T08:29:32.508+0000] {spark_submit.py:644} INFO - 25/06/08 08:29:32 INFO BlockManager: BlockManager stopped
[2025-06-08T08:29:32.510+0000] {spark_submit.py:644} INFO - 25/06/08 08:29:32 INFO BlockManagerMaster: BlockManagerMaster stopped
[2025-06-08T08:29:32.511+0000] {spark_submit.py:644} INFO - 25/06/08 08:29:32 INFO OutputCommitCoordinator$OutputCommitCoordinatorEndpoint: OutputCommitCoordinator stopped!
[2025-06-08T08:29:32.535+0000] {spark_submit.py:644} INFO - 25/06/08 08:29:32 INFO SparkContext: Successfully stopped SparkContext
[2025-06-08T08:29:32.968+0000] {spark_submit.py:644} INFO - 25/06/08 08:29:32 INFO ShutdownHookManager: Shutdown hook called
[2025-06-08T08:29:32.969+0000] {spark_submit.py:644} INFO - 25/06/08 08:29:32 INFO ShutdownHookManager: Deleting directory /tmp/spark-252b51fe-02a1-4859-9868-be5c899d0f4d/pyspark-a2873174-23fe-423b-bb14-c6a7f9217975
[2025-06-08T08:29:32.971+0000] {spark_submit.py:644} INFO - 25/06/08 08:29:32 INFO ShutdownHookManager: Deleting directory /tmp/spark-252b51fe-02a1-4859-9868-be5c899d0f4d
[2025-06-08T08:29:32.973+0000] {spark_submit.py:644} INFO - 25/06/08 08:29:32 INFO ShutdownHookManager: Deleting directory /tmp/spark-b6918f8d-8494-42f6-a3d9-795483904c88
[2025-06-08T08:29:32.977+0000] {spark_submit.py:644} INFO - 25/06/08 08:29:32 INFO MetricsSystemImpl: Stopping s3a-file-system metrics system...
[2025-06-08T08:29:32.977+0000] {spark_submit.py:644} INFO - 25/06/08 08:29:32 INFO MetricsSystemImpl: s3a-file-system metrics system stopped.
[2025-06-08T08:29:32.977+0000] {spark_submit.py:644} INFO - 25/06/08 08:29:32 INFO MetricsSystemImpl: s3a-file-system metrics system shutdown complete.
[2025-06-08T08:29:33.010+0000] {taskinstance.py:340} INFO - ::group::Post task execution logs
[2025-06-08T08:29:33.010+0000] {taskinstance.py:352} INFO - Marking task as SUCCESS. dag_id=stephen_curry_stats_medallion_etl, task_id=silver_to_gold, run_id=manual__2025-06-08T08:28:57.057290+00:00, execution_date=20250608T082857, start_date=20250608T082923, end_date=20250608T082933
[2025-06-08T08:29:33.028+0000] {local_task_job_runner.py:266} INFO - Task exited with return code 0
[2025-06-08T08:29:33.037+0000] {taskinstance.py:3895} INFO - 0 downstream tasks scheduled from follow-on schedule check
[2025-06-08T08:29:33.037+0000] {local_task_job_runner.py:245} INFO - ::endgroup::
