[2025-06-07T10:24:30.647+0000] {local_task_job_runner.py:123} INFO - ::group::Pre task execution logs
[2025-06-07T10:24:30.656+0000] {taskinstance.py:2613} INFO - Dependencies all met for dep_context=non-requeueable deps ti=<TaskInstance: curry_medallion_etl.submit_bronze_etl_job manual__2025-06-07T10:24:28.530450+00:00 [queued]>
[2025-06-07T10:24:30.660+0000] {taskinstance.py:2613} INFO - Dependencies all met for dep_context=requeueable deps ti=<TaskInstance: curry_medallion_etl.submit_bronze_etl_job manual__2025-06-07T10:24:28.530450+00:00 [queued]>
[2025-06-07T10:24:30.660+0000] {taskinstance.py:2866} INFO - Starting attempt 1 of 1
[2025-06-07T10:24:30.665+0000] {taskinstance.py:2889} INFO - Executing <Task(SparkSubmitOperator): submit_bronze_etl_job> on 2025-06-07 10:24:28.530450+00:00
[2025-06-07T10:24:30.667+0000] {standard_task_runner.py:72} INFO - Started process 4208 to run task
[2025-06-07T10:24:30.669+0000] {standard_task_runner.py:104} INFO - Running: ['***', 'tasks', 'run', 'curry_medallion_etl', 'submit_bronze_etl_job', 'manual__2025-06-07T10:24:28.530450+00:00', '--job-id', '28', '--raw', '--subdir', 'DAGS_FOLDER/medallion_sales_etl_dag.py', '--cfg-path', '/tmp/tmpislbah37']
[2025-06-07T10:24:30.671+0000] {standard_task_runner.py:105} INFO - Job 28: Subtask submit_bronze_etl_job
[2025-06-07T10:24:30.696+0000] {task_command.py:467} INFO - Running <TaskInstance: curry_medallion_etl.submit_bronze_etl_job manual__2025-06-07T10:24:28.530450+00:00 [running]> on host 1ed3a5ab4297
[2025-06-07T10:24:30.740+0000] {taskinstance.py:3132} INFO - Exporting env vars: AIRFLOW_CTX_DAG_OWNER='***' AIRFLOW_CTX_DAG_ID='curry_medallion_etl' AIRFLOW_CTX_TASK_ID='submit_bronze_etl_job' AIRFLOW_CTX_EXECUTION_DATE='2025-06-07T10:24:28.530450+00:00' AIRFLOW_CTX_TRY_NUMBER='1' AIRFLOW_CTX_DAG_RUN_ID='manual__2025-06-07T10:24:28.530450+00:00'
[2025-06-07T10:24:30.741+0000] {taskinstance.py:731} INFO - ::endgroup::
[2025-06-07T10:24:30.756+0000] {base.py:84} INFO - Retrieving connection 'spark_default'
[2025-06-07T10:24:30.756+0000] {spark_submit.py:474} INFO - Spark-Submit cmd: spark-submit --master spark://spark-master:7077 --name bronze_sc_stats_etl --verbose --queue root.default --deploy-mode client /opt/***/dags/bronze_ingestion_sc_stats_etl.py
[2025-06-07T10:24:31.335+0000] {spark_submit.py:644} INFO - Using properties file: null
[2025-06-07T10:24:31.389+0000] {spark_submit.py:644} INFO - Parsed arguments:
[2025-06-07T10:24:31.390+0000] {spark_submit.py:644} INFO - master                  spark://spark-master:7077
[2025-06-07T10:24:31.390+0000] {spark_submit.py:644} INFO - remote                  null
[2025-06-07T10:24:31.390+0000] {spark_submit.py:644} INFO - deployMode              client
[2025-06-07T10:24:31.391+0000] {spark_submit.py:644} INFO - executorMemory          null
[2025-06-07T10:24:31.391+0000] {spark_submit.py:644} INFO - executorCores           null
[2025-06-07T10:24:31.391+0000] {spark_submit.py:644} INFO - totalExecutorCores      null
[2025-06-07T10:24:31.391+0000] {spark_submit.py:644} INFO - propertiesFile          null
[2025-06-07T10:24:31.391+0000] {spark_submit.py:644} INFO - driverMemory            null
[2025-06-07T10:24:31.392+0000] {spark_submit.py:644} INFO - driverCores             null
[2025-06-07T10:24:31.392+0000] {spark_submit.py:644} INFO - driverExtraClassPath    null
[2025-06-07T10:24:31.392+0000] {spark_submit.py:644} INFO - driverExtraLibraryPath  null
[2025-06-07T10:24:31.392+0000] {spark_submit.py:644} INFO - driverExtraJavaOptions  null
[2025-06-07T10:24:31.392+0000] {spark_submit.py:644} INFO - supervise               false
[2025-06-07T10:24:31.393+0000] {spark_submit.py:644} INFO - queue                   root.default
[2025-06-07T10:24:31.393+0000] {spark_submit.py:644} INFO - numExecutors            null
[2025-06-07T10:24:31.393+0000] {spark_submit.py:644} INFO - files                   null
[2025-06-07T10:24:31.393+0000] {spark_submit.py:644} INFO - pyFiles                 null
[2025-06-07T10:24:31.393+0000] {spark_submit.py:644} INFO - archives                null
[2025-06-07T10:24:31.393+0000] {spark_submit.py:644} INFO - mainClass               null
[2025-06-07T10:24:31.394+0000] {spark_submit.py:644} INFO - primaryResource         file:/opt/***/dags/bronze_ingestion_sc_stats_etl.py
[2025-06-07T10:24:31.394+0000] {spark_submit.py:644} INFO - name                    bronze_sc_stats_etl
[2025-06-07T10:24:31.394+0000] {spark_submit.py:644} INFO - childArgs               []
[2025-06-07T10:24:31.394+0000] {spark_submit.py:644} INFO - jars                    null
[2025-06-07T10:24:31.395+0000] {spark_submit.py:644} INFO - packages                null
[2025-06-07T10:24:31.395+0000] {spark_submit.py:644} INFO - packagesExclusions      null
[2025-06-07T10:24:31.395+0000] {spark_submit.py:644} INFO - repositories            null
[2025-06-07T10:24:31.395+0000] {spark_submit.py:644} INFO - verbose                 true
[2025-06-07T10:24:31.396+0000] {spark_submit.py:644} INFO - 
[2025-06-07T10:24:31.396+0000] {spark_submit.py:644} INFO - Spark properties used, including those specified through
[2025-06-07T10:24:31.396+0000] {spark_submit.py:644} INFO - --conf and those from the properties file null:
[2025-06-07T10:24:31.396+0000] {spark_submit.py:644} INFO - 
[2025-06-07T10:24:31.396+0000] {spark_submit.py:644} INFO - 
[2025-06-07T10:24:31.396+0000] {spark_submit.py:644} INFO - 
[2025-06-07T10:24:31.527+0000] {spark_submit.py:644} INFO - Main class:
[2025-06-07T10:24:31.527+0000] {spark_submit.py:644} INFO - org.apache.spark.deploy.PythonRunner
[2025-06-07T10:24:31.528+0000] {spark_submit.py:644} INFO - Arguments:
[2025-06-07T10:24:31.528+0000] {spark_submit.py:644} INFO - file:/opt/***/dags/bronze_ingestion_sc_stats_etl.py
[2025-06-07T10:24:31.528+0000] {spark_submit.py:644} INFO - null
[2025-06-07T10:24:31.529+0000] {spark_submit.py:644} INFO - Spark config:
[2025-06-07T10:24:31.529+0000] {spark_submit.py:644} INFO - (spark.app.name,bronze_sc_stats_etl)
[2025-06-07T10:24:31.529+0000] {spark_submit.py:644} INFO - (spark.app.submitTime,1749291871519)
[2025-06-07T10:24:31.529+0000] {spark_submit.py:644} INFO - (spark.master,spark://spark-master:7077)
[2025-06-07T10:24:31.530+0000] {spark_submit.py:644} INFO - (spark.submit.deployMode,client)
[2025-06-07T10:24:31.530+0000] {spark_submit.py:644} INFO - (spark.submit.pyFiles,)
[2025-06-07T10:24:31.530+0000] {spark_submit.py:644} INFO - Classpath elements:
[2025-06-07T10:24:31.530+0000] {spark_submit.py:644} INFO - 
[2025-06-07T10:24:31.531+0000] {spark_submit.py:644} INFO - 
[2025-06-07T10:24:31.531+0000] {spark_submit.py:644} INFO - 
[2025-06-07T10:24:32.199+0000] {spark_submit.py:644} INFO - 25/06/07 10:24:32 INFO SparkContext: Running Spark version 3.5.2
[2025-06-07T10:24:32.200+0000] {spark_submit.py:644} INFO - 25/06/07 10:24:32 INFO SparkContext: OS info Linux, 6.10.14-linuxkit, aarch64
[2025-06-07T10:24:32.201+0000] {spark_submit.py:644} INFO - 25/06/07 10:24:32 INFO SparkContext: Java version 17.0.15
[2025-06-07T10:24:32.238+0000] {spark_submit.py:644} INFO - 25/06/07 10:24:32 WARN NativeCodeLoader: Unable to load native-hadoop library for your platform... using builtin-java classes where applicable
[2025-06-07T10:24:32.289+0000] {spark_submit.py:644} INFO - 25/06/07 10:24:32 INFO ResourceUtils: ==============================================================
[2025-06-07T10:24:32.289+0000] {spark_submit.py:644} INFO - 25/06/07 10:24:32 INFO ResourceUtils: No custom resources configured for spark.driver.
[2025-06-07T10:24:32.290+0000] {spark_submit.py:644} INFO - 25/06/07 10:24:32 INFO ResourceUtils: ==============================================================
[2025-06-07T10:24:32.290+0000] {spark_submit.py:644} INFO - 25/06/07 10:24:32 INFO SparkContext: Submitted application: BronzeIngestionStephenCurryStats
[2025-06-07T10:24:32.302+0000] {spark_submit.py:644} INFO - 25/06/07 10:24:32 INFO ResourceProfile: Default ResourceProfile created, executor resources: Map(memory -> name: memory, amount: 1024, script: , vendor: , offHeap -> name: offHeap, amount: 0, script: , vendor: ), task resources: Map(cpus -> name: cpus, amount: 1.0)
[2025-06-07T10:24:32.306+0000] {spark_submit.py:644} INFO - 25/06/07 10:24:32 INFO ResourceProfile: Limiting resource is cpu
[2025-06-07T10:24:32.307+0000] {spark_submit.py:644} INFO - 25/06/07 10:24:32 INFO ResourceProfileManager: Added ResourceProfile id: 0
[2025-06-07T10:24:32.343+0000] {spark_submit.py:644} INFO - 25/06/07 10:24:32 INFO SecurityManager: Changing view acls to: ***
[2025-06-07T10:24:32.344+0000] {spark_submit.py:644} INFO - 25/06/07 10:24:32 INFO SecurityManager: Changing modify acls to: ***
[2025-06-07T10:24:32.344+0000] {spark_submit.py:644} INFO - 25/06/07 10:24:32 INFO SecurityManager: Changing view acls groups to:
[2025-06-07T10:24:32.345+0000] {spark_submit.py:644} INFO - 25/06/07 10:24:32 INFO SecurityManager: Changing modify acls groups to:
[2025-06-07T10:24:32.345+0000] {spark_submit.py:644} INFO - 25/06/07 10:24:32 INFO SecurityManager: SecurityManager: authentication disabled; ui acls disabled; users with view permissions: ***; groups with view permissions: EMPTY; users with modify permissions: ***; groups with modify permissions: EMPTY
[2025-06-07T10:24:32.471+0000] {spark_submit.py:644} INFO - 25/06/07 10:24:32 INFO Utils: Successfully started service 'sparkDriver' on port 46091.
[2025-06-07T10:24:32.491+0000] {spark_submit.py:644} INFO - 25/06/07 10:24:32 INFO SparkEnv: Registering MapOutputTracker
[2025-06-07T10:24:32.512+0000] {spark_submit.py:644} INFO - 25/06/07 10:24:32 INFO SparkEnv: Registering BlockManagerMaster
[2025-06-07T10:24:32.521+0000] {spark_submit.py:644} INFO - 25/06/07 10:24:32 INFO BlockManagerMasterEndpoint: Using org.apache.spark.storage.DefaultTopologyMapper for getting topology information
[2025-06-07T10:24:32.522+0000] {spark_submit.py:644} INFO - 25/06/07 10:24:32 INFO BlockManagerMasterEndpoint: BlockManagerMasterEndpoint up
[2025-06-07T10:24:32.524+0000] {spark_submit.py:644} INFO - 25/06/07 10:24:32 INFO SparkEnv: Registering BlockManagerMasterHeartbeat
[2025-06-07T10:24:32.538+0000] {spark_submit.py:644} INFO - 25/06/07 10:24:32 INFO DiskBlockManager: Created local directory at /tmp/blockmgr-74b9be3a-02fd-4285-96bb-e1314b2df86a
[2025-06-07T10:24:32.545+0000] {spark_submit.py:644} INFO - 25/06/07 10:24:32 INFO MemoryStore: MemoryStore started with capacity 434.4 MiB
[2025-06-07T10:24:32.552+0000] {spark_submit.py:644} INFO - 25/06/07 10:24:32 INFO SparkEnv: Registering OutputCommitCoordinator
[2025-06-07T10:24:32.622+0000] {spark_submit.py:644} INFO - 25/06/07 10:24:32 INFO JettyUtils: Start Jetty 0.0.0.0:4040 for SparkUI
[2025-06-07T10:24:32.659+0000] {spark_submit.py:644} INFO - 25/06/07 10:24:32 INFO Utils: Successfully started service 'SparkUI' on port 4040.
[2025-06-07T10:24:32.725+0000] {spark_submit.py:644} INFO - 25/06/07 10:24:32 INFO StandaloneAppClient$ClientEndpoint: Connecting to master spark://spark-master:7077...
[2025-06-07T10:24:32.752+0000] {spark_submit.py:644} INFO - 25/06/07 10:24:32 INFO TransportClientFactory: Successfully created connection to spark-master/172.19.0.6:7077 after 14 ms (0 ms spent in bootstraps)
[2025-06-07T10:24:32.798+0000] {spark_submit.py:644} INFO - 25/06/07 10:24:32 INFO StandaloneSchedulerBackend: Connected to Spark cluster with app ID app-20250607102432-0011
[2025-06-07T10:24:32.799+0000] {spark_submit.py:644} INFO - 25/06/07 10:24:32 INFO StandaloneAppClient$ClientEndpoint: Executor added: app-20250607102432-0011/0 on worker-20250607084629-172.19.0.7-38989 (172.19.0.7:38989) with 4 core(s)
[2025-06-07T10:24:32.801+0000] {spark_submit.py:644} INFO - 25/06/07 10:24:32 INFO StandaloneSchedulerBackend: Granted executor ID app-20250607102432-0011/0 on hostPort 172.19.0.7:38989 with 4 core(s), 1024.0 MiB RAM
[2025-06-07T10:24:32.803+0000] {spark_submit.py:644} INFO - 25/06/07 10:24:32 INFO Utils: Successfully started service 'org.apache.spark.network.netty.NettyBlockTransferService' on port 43801.
[2025-06-07T10:24:32.804+0000] {spark_submit.py:644} INFO - 25/06/07 10:24:32 INFO NettyBlockTransferService: Server created on 1ed3a5ab4297:43801
[2025-06-07T10:24:32.805+0000] {spark_submit.py:644} INFO - 25/06/07 10:24:32 INFO BlockManager: Using org.apache.spark.storage.RandomBlockReplicationPolicy for block replication policy
[2025-06-07T10:24:32.809+0000] {spark_submit.py:644} INFO - 25/06/07 10:24:32 INFO BlockManagerMaster: Registering BlockManager BlockManagerId(driver, 1ed3a5ab4297, 43801, None)
[2025-06-07T10:24:32.812+0000] {spark_submit.py:644} INFO - 25/06/07 10:24:32 INFO BlockManagerMasterEndpoint: Registering block manager 1ed3a5ab4297:43801 with 434.4 MiB RAM, BlockManagerId(driver, 1ed3a5ab4297, 43801, None)
[2025-06-07T10:24:32.816+0000] {spark_submit.py:644} INFO - 25/06/07 10:24:32 INFO BlockManagerMaster: Registered BlockManager BlockManagerId(driver, 1ed3a5ab4297, 43801, None)
[2025-06-07T10:24:32.816+0000] {spark_submit.py:644} INFO - 25/06/07 10:24:32 INFO BlockManager: Initialized BlockManager: BlockManagerId(driver, 1ed3a5ab4297, 43801, None)
[2025-06-07T10:24:32.818+0000] {spark_submit.py:644} INFO - 25/06/07 10:24:32 INFO StandaloneAppClient$ClientEndpoint: Executor updated: app-20250607102432-0011/0 is now RUNNING
[2025-06-07T10:24:32.940+0000] {spark_submit.py:644} INFO - 25/06/07 10:24:32 INFO StandaloneSchedulerBackend: SchedulerBackend is ready for scheduling beginning after reached minRegisteredResourcesRatio: 0.0
[2025-06-07T10:24:33.050+0000] {spark_submit.py:644} INFO - 25/06/07 10:24:33 WARN SparkSession: Cannot use io.delta.sql.DeltaSparkSessionExtension to configure session extensions.
[2025-06-07T10:24:33.051+0000] {spark_submit.py:644} INFO - java.lang.ClassNotFoundException: io.delta.sql.DeltaSparkSessionExtension
[2025-06-07T10:24:33.051+0000] {spark_submit.py:644} INFO - at java.base/java.net.URLClassLoader.findClass(URLClassLoader.java:445)
[2025-06-07T10:24:33.052+0000] {spark_submit.py:644} INFO - at java.base/java.lang.ClassLoader.loadClass(ClassLoader.java:592)
[2025-06-07T10:24:33.052+0000] {spark_submit.py:644} INFO - at java.base/java.lang.ClassLoader.loadClass(ClassLoader.java:525)
[2025-06-07T10:24:33.052+0000] {spark_submit.py:644} INFO - at java.base/java.lang.Class.forName0(Native Method)
[2025-06-07T10:24:33.052+0000] {spark_submit.py:644} INFO - at java.base/java.lang.Class.forName(Class.java:467)
[2025-06-07T10:24:33.053+0000] {spark_submit.py:644} INFO - at org.apache.spark.util.SparkClassUtils.classForName(SparkClassUtils.scala:41)
[2025-06-07T10:24:33.053+0000] {spark_submit.py:644} INFO - at org.apache.spark.util.SparkClassUtils.classForName$(SparkClassUtils.scala:36)
[2025-06-07T10:24:33.053+0000] {spark_submit.py:644} INFO - at org.apache.spark.util.Utils$.classForName(Utils.scala:94)
[2025-06-07T10:24:33.054+0000] {spark_submit.py:644} INFO - at org.apache.spark.sql.SparkSession$.$anonfun$applyExtensions$2(SparkSession.scala:1367)
[2025-06-07T10:24:33.054+0000] {spark_submit.py:644} INFO - at org.apache.spark.sql.SparkSession$.$anonfun$applyExtensions$2$adapted(SparkSession.scala:1365)
[2025-06-07T10:24:33.054+0000] {spark_submit.py:644} INFO - at scala.collection.mutable.ResizableArray.foreach(ResizableArray.scala:62)
[2025-06-07T10:24:33.054+0000] {spark_submit.py:644} INFO - at scala.collection.mutable.ResizableArray.foreach$(ResizableArray.scala:55)
[2025-06-07T10:24:33.054+0000] {spark_submit.py:644} INFO - at scala.collection.mutable.ArrayBuffer.foreach(ArrayBuffer.scala:49)
[2025-06-07T10:24:33.055+0000] {spark_submit.py:644} INFO - at org.apache.spark.sql.SparkSession$.org$apache$spark$sql$SparkSession$$applyExtensions(SparkSession.scala:1365)
[2025-06-07T10:24:33.055+0000] {spark_submit.py:644} INFO - at org.apache.spark.sql.SparkSession.<init>(SparkSession.scala:105)
[2025-06-07T10:24:33.055+0000] {spark_submit.py:644} INFO - at java.base/jdk.internal.reflect.NativeConstructorAccessorImpl.newInstance0(Native Method)
[2025-06-07T10:24:33.055+0000] {spark_submit.py:644} INFO - at java.base/jdk.internal.reflect.NativeConstructorAccessorImpl.newInstance(NativeConstructorAccessorImpl.java:77)
[2025-06-07T10:24:33.055+0000] {spark_submit.py:644} INFO - at java.base/jdk.internal.reflect.DelegatingConstructorAccessorImpl.newInstance(DelegatingConstructorAccessorImpl.java:45)
[2025-06-07T10:24:33.055+0000] {spark_submit.py:644} INFO - at java.base/java.lang.reflect.Constructor.newInstanceWithCaller(Constructor.java:500)
[2025-06-07T10:24:33.055+0000] {spark_submit.py:644} INFO - at java.base/java.lang.reflect.Constructor.newInstance(Constructor.java:481)
[2025-06-07T10:24:33.056+0000] {spark_submit.py:644} INFO - at py4j.reflection.MethodInvoker.invoke(MethodInvoker.java:247)
[2025-06-07T10:24:33.056+0000] {spark_submit.py:644} INFO - at py4j.reflection.ReflectionEngine.invoke(ReflectionEngine.java:374)
[2025-06-07T10:24:33.056+0000] {spark_submit.py:644} INFO - at py4j.Gateway.invoke(Gateway.java:238)
[2025-06-07T10:24:33.056+0000] {spark_submit.py:644} INFO - at py4j.commands.ConstructorCommand.invokeConstructor(ConstructorCommand.java:80)
[2025-06-07T10:24:33.056+0000] {spark_submit.py:644} INFO - at py4j.commands.ConstructorCommand.execute(ConstructorCommand.java:69)
[2025-06-07T10:24:33.056+0000] {spark_submit.py:644} INFO - at py4j.ClientServerConnection.waitForCommands(ClientServerConnection.java:182)
[2025-06-07T10:24:33.056+0000] {spark_submit.py:644} INFO - at py4j.ClientServerConnection.run(ClientServerConnection.java:106)
[2025-06-07T10:24:33.057+0000] {spark_submit.py:644} INFO - at java.base/java.lang.Thread.run(Thread.java:840)
[2025-06-07T10:24:33.058+0000] {spark_submit.py:644} INFO - Bronze Ingestion: Spark session created.
[2025-06-07T10:24:33.098+0000] {spark_submit.py:644} INFO - 25/06/07 10:24:33 INFO SharedState: Setting hive.metastore.warehouse.dir ('null') to the value of spark.sql.warehouse.dir.
[2025-06-07T10:24:33.102+0000] {spark_submit.py:644} INFO - 25/06/07 10:24:33 WARN SharedState: Cannot qualify the warehouse path, leaving it unqualified.
[2025-06-07T10:24:33.102+0000] {spark_submit.py:644} INFO - java.lang.RuntimeException: java.lang.ClassNotFoundException: Class org.apache.hadoop.fs.s3a.S3AFileSystem not found
[2025-06-07T10:24:33.103+0000] {spark_submit.py:644} INFO - at org.apache.hadoop.conf.Configuration.getClass(Configuration.java:2688)
[2025-06-07T10:24:33.103+0000] {spark_submit.py:644} INFO - at org.apache.hadoop.fs.FileSystem.getFileSystemClass(FileSystem.java:3431)
[2025-06-07T10:24:33.103+0000] {spark_submit.py:644} INFO - at org.apache.hadoop.fs.FileSystem.createFileSystem(FileSystem.java:3466)
[2025-06-07T10:24:33.104+0000] {spark_submit.py:644} INFO - at org.apache.hadoop.fs.FileSystem.access$300(FileSystem.java:174)
[2025-06-07T10:24:33.105+0000] {spark_submit.py:644} INFO - at org.apache.hadoop.fs.FileSystem$Cache.getInternal(FileSystem.java:3574)
[2025-06-07T10:24:33.105+0000] {spark_submit.py:644} INFO - at org.apache.hadoop.fs.FileSystem$Cache.get(FileSystem.java:3521)
[2025-06-07T10:24:33.105+0000] {spark_submit.py:644} INFO - at org.apache.hadoop.fs.FileSystem.get(FileSystem.java:540)
[2025-06-07T10:24:33.105+0000] {spark_submit.py:644} INFO - at org.apache.hadoop.fs.Path.getFileSystem(Path.java:365)
[2025-06-07T10:24:33.105+0000] {spark_submit.py:644} INFO - at org.apache.spark.sql.internal.SharedState$.qualifyWarehousePath(SharedState.scala:288)
[2025-06-07T10:24:33.105+0000] {spark_submit.py:644} INFO - at org.apache.spark.sql.internal.SharedState.liftedTree1$1(SharedState.scala:80)
[2025-06-07T10:24:33.105+0000] {spark_submit.py:644} INFO - at org.apache.spark.sql.internal.SharedState.<init>(SharedState.scala:79)
[2025-06-07T10:24:33.106+0000] {spark_submit.py:644} INFO - at org.apache.spark.sql.SparkSession.$anonfun$sharedState$1(SparkSession.scala:143)
[2025-06-07T10:24:33.106+0000] {spark_submit.py:644} INFO - at scala.Option.getOrElse(Option.scala:189)
[2025-06-07T10:24:33.106+0000] {spark_submit.py:644} INFO - at org.apache.spark.sql.SparkSession.sharedState$lzycompute(SparkSession.scala:143)
[2025-06-07T10:24:33.106+0000] {spark_submit.py:644} INFO - at org.apache.spark.sql.SparkSession.sharedState(SparkSession.scala:142)
[2025-06-07T10:24:33.106+0000] {spark_submit.py:644} INFO - at org.apache.spark.sql.SparkSession.$anonfun$sessionState$2(SparkSession.scala:162)
[2025-06-07T10:24:33.107+0000] {spark_submit.py:644} INFO - at scala.Option.getOrElse(Option.scala:189)
[2025-06-07T10:24:33.107+0000] {spark_submit.py:644} INFO - at org.apache.spark.sql.SparkSession.sessionState$lzycompute(SparkSession.scala:160)
[2025-06-07T10:24:33.107+0000] {spark_submit.py:644} INFO - at org.apache.spark.sql.SparkSession.sessionState(SparkSession.scala:157)
[2025-06-07T10:24:33.107+0000] {spark_submit.py:644} INFO - at org.apache.spark.sql.DataFrameReader.<init>(DataFrameReader.scala:699)
[2025-06-07T10:24:33.107+0000] {spark_submit.py:644} INFO - at org.apache.spark.sql.SparkSession.read(SparkSession.scala:783)
[2025-06-07T10:24:33.107+0000] {spark_submit.py:644} INFO - at java.base/jdk.internal.reflect.NativeMethodAccessorImpl.invoke0(Native Method)
[2025-06-07T10:24:33.108+0000] {spark_submit.py:644} INFO - at java.base/jdk.internal.reflect.NativeMethodAccessorImpl.invoke(NativeMethodAccessorImpl.java:77)
[2025-06-07T10:24:33.108+0000] {spark_submit.py:644} INFO - at java.base/jdk.internal.reflect.DelegatingMethodAccessorImpl.invoke(DelegatingMethodAccessorImpl.java:43)
[2025-06-07T10:24:33.108+0000] {spark_submit.py:644} INFO - at java.base/java.lang.reflect.Method.invoke(Method.java:569)
[2025-06-07T10:24:33.109+0000] {spark_submit.py:644} INFO - at py4j.reflection.MethodInvoker.invoke(MethodInvoker.java:244)
[2025-06-07T10:24:33.109+0000] {spark_submit.py:644} INFO - at py4j.reflection.ReflectionEngine.invoke(ReflectionEngine.java:374)
[2025-06-07T10:24:33.109+0000] {spark_submit.py:644} INFO - at py4j.Gateway.invoke(Gateway.java:282)
[2025-06-07T10:24:33.110+0000] {spark_submit.py:644} INFO - at py4j.commands.AbstractCommand.invokeMethod(AbstractCommand.java:132)
[2025-06-07T10:24:33.110+0000] {spark_submit.py:644} INFO - at py4j.commands.CallCommand.execute(CallCommand.java:79)
[2025-06-07T10:24:33.110+0000] {spark_submit.py:644} INFO - at py4j.ClientServerConnection.waitForCommands(ClientServerConnection.java:182)
[2025-06-07T10:24:33.110+0000] {spark_submit.py:644} INFO - at py4j.ClientServerConnection.run(ClientServerConnection.java:106)
[2025-06-07T10:24:33.111+0000] {spark_submit.py:644} INFO - at java.base/java.lang.Thread.run(Thread.java:840)
[2025-06-07T10:24:33.111+0000] {spark_submit.py:644} INFO - Caused by: java.lang.ClassNotFoundException: Class org.apache.hadoop.fs.s3a.S3AFileSystem not found
[2025-06-07T10:24:33.111+0000] {spark_submit.py:644} INFO - at org.apache.hadoop.conf.Configuration.getClassByName(Configuration.java:2592)
[2025-06-07T10:24:33.111+0000] {spark_submit.py:644} INFO - at org.apache.hadoop.conf.Configuration.getClass(Configuration.java:2686)
[2025-06-07T10:24:33.112+0000] {spark_submit.py:644} INFO - ... 32 more
[2025-06-07T10:24:33.783+0000] {spark_submit.py:644} INFO - 25/06/07 10:24:33 INFO InMemoryFileIndex: It took 26 ms to list leaf files for 1 paths.
[2025-06-07T10:24:34.075+0000] {spark_submit.py:644} INFO - 25/06/07 10:24:34 INFO StandaloneSchedulerBackend$StandaloneDriverEndpoint: Registered executor NettyRpcEndpointRef(spark-client://Executor) (172.19.0.7:35874) with ID 0,  ResourceProfileId 0
[2025-06-07T10:24:34.114+0000] {spark_submit.py:644} INFO - 25/06/07 10:24:34 INFO BlockManagerMasterEndpoint: Registering block manager 172.19.0.7:46491 with 434.4 MiB RAM, BlockManagerId(0, 172.19.0.7, 46491, None)
[2025-06-07T10:24:34.186+0000] {spark_submit.py:644} INFO - Successfully loaded Stephen Curry stats from: /opt/***/data/Stephen Curry Stats.parquet
[2025-06-07T10:24:34.474+0000] {spark_submit.py:644} INFO - Error writing data to Bronze layer: An error occurred while calling o39.sql.
[2025-06-07T10:24:34.475+0000] {spark_submit.py:644} INFO - : org.apache.spark.SparkException: Cannot find catalog plugin class for catalog 'spark_catalog': org.apache.spark.sql.delta.catalog.DeltaCatalog.
[2025-06-07T10:24:34.475+0000] {spark_submit.py:644} INFO - at org.apache.spark.sql.errors.QueryExecutionErrors$.catalogPluginClassNotFoundForCatalogError(QueryExecutionErrors.scala:1926)
[2025-06-07T10:24:34.475+0000] {spark_submit.py:644} INFO - at org.apache.spark.sql.connector.catalog.Catalogs$.load(Catalogs.scala:70)
[2025-06-07T10:24:34.476+0000] {spark_submit.py:644} INFO - at org.apache.spark.sql.connector.catalog.CatalogManager.loadV2SessionCatalog(CatalogManager.scala:68)
[2025-06-07T10:24:34.476+0000] {spark_submit.py:644} INFO - at org.apache.spark.sql.connector.catalog.CatalogManager.$anonfun$v2SessionCatalog$2(CatalogManager.scala:87)
[2025-06-07T10:24:34.476+0000] {spark_submit.py:644} INFO - at scala.collection.mutable.HashMap.getOrElseUpdate(HashMap.scala:86)
[2025-06-07T10:24:34.477+0000] {spark_submit.py:644} INFO - at org.apache.spark.sql.connector.catalog.CatalogManager.$anonfun$v2SessionCatalog$1(CatalogManager.scala:87)
[2025-06-07T10:24:34.477+0000] {spark_submit.py:644} INFO - at scala.Option.map(Option.scala:230)
[2025-06-07T10:24:34.477+0000] {spark_submit.py:644} INFO - at org.apache.spark.sql.connector.catalog.CatalogManager.v2SessionCatalog(CatalogManager.scala:86)
[2025-06-07T10:24:34.477+0000] {spark_submit.py:644} INFO - at org.apache.spark.sql.connector.catalog.CatalogManager.catalog(CatalogManager.scala:52)
[2025-06-07T10:24:34.479+0000] {spark_submit.py:644} INFO - at org.apache.spark.sql.connector.catalog.CatalogManager.currentCatalog(CatalogManager.scala:135)
[2025-06-07T10:24:34.479+0000] {spark_submit.py:644} INFO - at org.apache.spark.sql.connector.catalog.LookupCatalog.currentCatalog(LookupCatalog.scala:34)
[2025-06-07T10:24:34.479+0000] {spark_submit.py:644} INFO - at org.apache.spark.sql.connector.catalog.LookupCatalog.currentCatalog$(LookupCatalog.scala:34)
[2025-06-07T10:24:34.480+0000] {spark_submit.py:644} INFO - at org.apache.spark.sql.catalyst.analysis.ResolveCatalogs.currentCatalog(ResolveCatalogs.scala:27)
[2025-06-07T10:24:34.480+0000] {spark_submit.py:644} INFO - at org.apache.spark.sql.connector.catalog.LookupCatalog$CatalogAndNamespace$.unapply(LookupCatalog.scala:89)
[2025-06-07T10:24:34.480+0000] {spark_submit.py:644} INFO - at org.apache.spark.sql.catalyst.analysis.ResolveCatalogs$$anonfun$apply$1.applyOrElse(ResolveCatalogs.scala:51)
[2025-06-07T10:24:34.480+0000] {spark_submit.py:644} INFO - at org.apache.spark.sql.catalyst.analysis.ResolveCatalogs$$anonfun$apply$1.applyOrElse(ResolveCatalogs.scala:30)
[2025-06-07T10:24:34.481+0000] {spark_submit.py:644} INFO - at org.apache.spark.sql.catalyst.plans.logical.AnalysisHelper.$anonfun$resolveOperatorsDownWithPruning$2(AnalysisHelper.scala:170)
[2025-06-07T10:24:34.481+0000] {spark_submit.py:644} INFO - at org.apache.spark.sql.catalyst.trees.CurrentOrigin$.withOrigin(origin.scala:76)
[2025-06-07T10:24:34.481+0000] {spark_submit.py:644} INFO - at org.apache.spark.sql.catalyst.plans.logical.AnalysisHelper.$anonfun$resolveOperatorsDownWithPruning$1(AnalysisHelper.scala:170)
[2025-06-07T10:24:34.481+0000] {spark_submit.py:644} INFO - at org.apache.spark.sql.catalyst.plans.logical.AnalysisHelper$.allowInvokingTransformsInAnalyzer(AnalysisHelper.scala:323)
[2025-06-07T10:24:34.482+0000] {spark_submit.py:644} INFO - at org.apache.spark.sql.catalyst.plans.logical.AnalysisHelper.resolveOperatorsDownWithPruning(AnalysisHelper.scala:168)
[2025-06-07T10:24:34.482+0000] {spark_submit.py:644} INFO - at org.apache.spark.sql.catalyst.plans.logical.AnalysisHelper.resolveOperatorsDownWithPruning$(AnalysisHelper.scala:164)
[2025-06-07T10:24:34.482+0000] {spark_submit.py:644} INFO - at org.apache.spark.sql.catalyst.plans.logical.LogicalPlan.resolveOperatorsDownWithPruning(LogicalPlan.scala:32)
[2025-06-07T10:24:34.482+0000] {spark_submit.py:644} INFO - at org.apache.spark.sql.catalyst.plans.logical.AnalysisHelper.$anonfun$resolveOperatorsDownWithPruning$4(AnalysisHelper.scala:175)
[2025-06-07T10:24:34.482+0000] {spark_submit.py:644} INFO - at org.apache.spark.sql.catalyst.trees.UnaryLike.mapChildren(TreeNode.scala:1216)
[2025-06-07T10:24:34.483+0000] {spark_submit.py:644} INFO - at org.apache.spark.sql.catalyst.trees.UnaryLike.mapChildren$(TreeNode.scala:1215)
[2025-06-07T10:24:34.483+0000] {spark_submit.py:644} INFO - at org.apache.spark.sql.catalyst.plans.logical.CreateNamespace.mapChildren(v2Commands.scala:549)
[2025-06-07T10:24:34.483+0000] {spark_submit.py:644} INFO - at org.apache.spark.sql.catalyst.plans.logical.AnalysisHelper.$anonfun$resolveOperatorsDownWithPruning$1(AnalysisHelper.scala:175)
[2025-06-07T10:24:34.483+0000] {spark_submit.py:644} INFO - at org.apache.spark.sql.catalyst.plans.logical.AnalysisHelper$.allowInvokingTransformsInAnalyzer(AnalysisHelper.scala:323)
[2025-06-07T10:24:34.484+0000] {spark_submit.py:644} INFO - at org.apache.spark.sql.catalyst.plans.logical.AnalysisHelper.resolveOperatorsDownWithPruning(AnalysisHelper.scala:168)
[2025-06-07T10:24:34.484+0000] {spark_submit.py:644} INFO - at org.apache.spark.sql.catalyst.plans.logical.AnalysisHelper.resolveOperatorsDownWithPruning$(AnalysisHelper.scala:164)
[2025-06-07T10:24:34.484+0000] {spark_submit.py:644} INFO - at org.apache.spark.sql.catalyst.plans.logical.LogicalPlan.resolveOperatorsDownWithPruning(LogicalPlan.scala:32)
[2025-06-07T10:24:34.484+0000] {spark_submit.py:644} INFO - at org.apache.spark.sql.catalyst.plans.logical.AnalysisHelper.resolveOperatorsWithPruning(AnalysisHelper.scala:99)
[2025-06-07T10:24:34.485+0000] {spark_submit.py:644} INFO - at org.apache.spark.sql.catalyst.plans.logical.AnalysisHelper.resolveOperatorsWithPruning$(AnalysisHelper.scala:96)
[2025-06-07T10:24:34.485+0000] {spark_submit.py:644} INFO - at org.apache.spark.sql.catalyst.plans.logical.LogicalPlan.resolveOperatorsWithPruning(LogicalPlan.scala:32)
[2025-06-07T10:24:34.485+0000] {spark_submit.py:644} INFO - at org.apache.spark.sql.catalyst.plans.logical.AnalysisHelper.resolveOperators(AnalysisHelper.scala:76)
[2025-06-07T10:24:34.485+0000] {spark_submit.py:644} INFO - at org.apache.spark.sql.catalyst.plans.logical.AnalysisHelper.resolveOperators$(AnalysisHelper.scala:75)
[2025-06-07T10:24:34.486+0000] {spark_submit.py:644} INFO - at org.apache.spark.sql.catalyst.plans.logical.LogicalPlan.resolveOperators(LogicalPlan.scala:32)
[2025-06-07T10:24:34.486+0000] {spark_submit.py:644} INFO - at org.apache.spark.sql.catalyst.analysis.ResolveCatalogs.apply(ResolveCatalogs.scala:30)
[2025-06-07T10:24:34.486+0000] {spark_submit.py:644} INFO - at org.apache.spark.sql.catalyst.analysis.ResolveCatalogs.apply(ResolveCatalogs.scala:27)
[2025-06-07T10:24:34.487+0000] {spark_submit.py:644} INFO - at org.apache.spark.sql.catalyst.rules.RuleExecutor.$anonfun$execute$2(RuleExecutor.scala:222)
[2025-06-07T10:24:34.487+0000] {spark_submit.py:644} INFO - at scala.collection.LinearSeqOptimized.foldLeft(LinearSeqOptimized.scala:126)
[2025-06-07T10:24:34.487+0000] {spark_submit.py:644} INFO - at scala.collection.LinearSeqOptimized.foldLeft$(LinearSeqOptimized.scala:122)
[2025-06-07T10:24:34.487+0000] {spark_submit.py:644} INFO - at scala.collection.immutable.List.foldLeft(List.scala:91)
[2025-06-07T10:24:34.487+0000] {spark_submit.py:644} INFO - at org.apache.spark.sql.catalyst.rules.RuleExecutor.$anonfun$execute$1(RuleExecutor.scala:219)
[2025-06-07T10:24:34.488+0000] {spark_submit.py:644} INFO - at org.apache.spark.sql.catalyst.rules.RuleExecutor.$anonfun$execute$1$adapted(RuleExecutor.scala:211)
[2025-06-07T10:24:34.488+0000] {spark_submit.py:644} INFO - at scala.collection.immutable.List.foreach(List.scala:431)
[2025-06-07T10:24:34.488+0000] {spark_submit.py:644} INFO - at org.apache.spark.sql.catalyst.rules.RuleExecutor.execute(RuleExecutor.scala:211)
[2025-06-07T10:24:34.490+0000] {spark_submit.py:644} INFO - at org.apache.spark.sql.catalyst.analysis.Analyzer.org$apache$spark$sql$catalyst$analysis$Analyzer$$executeSameContext(Analyzer.scala:240)
[2025-06-07T10:24:34.490+0000] {spark_submit.py:644} INFO - at org.apache.spark.sql.catalyst.analysis.Analyzer.$anonfun$execute$1(Analyzer.scala:236)
[2025-06-07T10:24:34.491+0000] {spark_submit.py:644} INFO - at org.apache.spark.sql.catalyst.analysis.AnalysisContext$.withNewAnalysisContext(Analyzer.scala:187)
[2025-06-07T10:24:34.491+0000] {spark_submit.py:644} INFO - at org.apache.spark.sql.catalyst.analysis.Analyzer.execute(Analyzer.scala:236)
[2025-06-07T10:24:34.492+0000] {spark_submit.py:644} INFO - at org.apache.spark.sql.catalyst.analysis.Analyzer.execute(Analyzer.scala:202)
[2025-06-07T10:24:34.492+0000] {spark_submit.py:644} INFO - at org.apache.spark.sql.catalyst.rules.RuleExecutor.$anonfun$executeAndTrack$1(RuleExecutor.scala:182)
[2025-06-07T10:24:34.492+0000] {spark_submit.py:644} INFO - at org.apache.spark.sql.catalyst.QueryPlanningTracker$.withTracker(QueryPlanningTracker.scala:89)
[2025-06-07T10:24:34.492+0000] {spark_submit.py:644} INFO - at org.apache.spark.sql.catalyst.rules.RuleExecutor.executeAndTrack(RuleExecutor.scala:182)
[2025-06-07T10:24:34.492+0000] {spark_submit.py:644} INFO - at org.apache.spark.sql.catalyst.analysis.Analyzer.$anonfun$executeAndCheck$1(Analyzer.scala:223)
[2025-06-07T10:24:34.492+0000] {spark_submit.py:644} INFO - at org.apache.spark.sql.catalyst.plans.logical.AnalysisHelper$.markInAnalyzer(AnalysisHelper.scala:330)
[2025-06-07T10:24:34.493+0000] {spark_submit.py:644} INFO - at org.apache.spark.sql.catalyst.analysis.Analyzer.executeAndCheck(Analyzer.scala:222)
[2025-06-07T10:24:34.493+0000] {spark_submit.py:644} INFO - at org.apache.spark.sql.execution.QueryExecution.$anonfun$analyzed$1(QueryExecution.scala:77)
[2025-06-07T10:24:34.493+0000] {spark_submit.py:644} INFO - at org.apache.spark.sql.catalyst.QueryPlanningTracker.measurePhase(QueryPlanningTracker.scala:138)
[2025-06-07T10:24:34.493+0000] {spark_submit.py:644} INFO - at org.apache.spark.sql.execution.QueryExecution.$anonfun$executePhase$2(QueryExecution.scala:219)
[2025-06-07T10:24:34.494+0000] {spark_submit.py:644} INFO - at org.apache.spark.sql.execution.QueryExecution$.withInternalError(QueryExecution.scala:546)
[2025-06-07T10:24:34.496+0000] {spark_submit.py:644} INFO - at org.apache.spark.sql.execution.QueryExecution.$anonfun$executePhase$1(QueryExecution.scala:219)
[2025-06-07T10:24:34.497+0000] {spark_submit.py:644} INFO - at org.apache.spark.sql.SparkSession.withActive(SparkSession.scala:900)
[2025-06-07T10:24:34.497+0000] {spark_submit.py:644} INFO - at org.apache.spark.sql.execution.QueryExecution.executePhase(QueryExecution.scala:218)
[2025-06-07T10:24:34.498+0000] {spark_submit.py:644} INFO - at org.apache.spark.sql.execution.QueryExecution.analyzed$lzycompute(QueryExecution.scala:77)
[2025-06-07T10:24:34.498+0000] {spark_submit.py:644} INFO - at org.apache.spark.sql.execution.QueryExecution.analyzed(QueryExecution.scala:74)
[2025-06-07T10:24:34.499+0000] {spark_submit.py:644} INFO - at org.apache.spark.sql.execution.QueryExecution.assertAnalyzed(QueryExecution.scala:66)
[2025-06-07T10:24:34.499+0000] {spark_submit.py:644} INFO - at org.apache.spark.sql.Dataset$.$anonfun$ofRows$2(Dataset.scala:99)
[2025-06-07T10:24:34.500+0000] {spark_submit.py:644} INFO - at org.apache.spark.sql.SparkSession.withActive(SparkSession.scala:900)
[2025-06-07T10:24:34.500+0000] {spark_submit.py:644} INFO - at org.apache.spark.sql.Dataset$.ofRows(Dataset.scala:97)
[2025-06-07T10:24:34.500+0000] {spark_submit.py:644} INFO - at org.apache.spark.sql.SparkSession.$anonfun$sql$1(SparkSession.scala:638)
[2025-06-07T10:24:34.501+0000] {spark_submit.py:644} INFO - at org.apache.spark.sql.SparkSession.withActive(SparkSession.scala:900)
[2025-06-07T10:24:34.501+0000] {spark_submit.py:644} INFO - at org.apache.spark.sql.SparkSession.sql(SparkSession.scala:629)
[2025-06-07T10:24:34.501+0000] {spark_submit.py:644} INFO - at org.apache.spark.sql.SparkSession.sql(SparkSession.scala:659)
[2025-06-07T10:24:34.501+0000] {spark_submit.py:644} INFO - at java.base/jdk.internal.reflect.NativeMethodAccessorImpl.invoke0(Native Method)
[2025-06-07T10:24:34.502+0000] {spark_submit.py:644} INFO - at java.base/jdk.internal.reflect.NativeMethodAccessorImpl.invoke(NativeMethodAccessorImpl.java:77)
[2025-06-07T10:24:34.502+0000] {spark_submit.py:644} INFO - at java.base/jdk.internal.reflect.DelegatingMethodAccessorImpl.invoke(DelegatingMethodAccessorImpl.java:43)
[2025-06-07T10:24:34.503+0000] {spark_submit.py:644} INFO - at java.base/java.lang.reflect.Method.invoke(Method.java:569)
[2025-06-07T10:24:34.503+0000] {spark_submit.py:644} INFO - at py4j.reflection.MethodInvoker.invoke(MethodInvoker.java:244)
[2025-06-07T10:24:34.503+0000] {spark_submit.py:644} INFO - at py4j.reflection.ReflectionEngine.invoke(ReflectionEngine.java:374)
[2025-06-07T10:24:34.504+0000] {spark_submit.py:644} INFO - at py4j.Gateway.invoke(Gateway.java:282)
[2025-06-07T10:24:34.504+0000] {spark_submit.py:644} INFO - at py4j.commands.AbstractCommand.invokeMethod(AbstractCommand.java:132)
[2025-06-07T10:24:34.505+0000] {spark_submit.py:644} INFO - at py4j.commands.CallCommand.execute(CallCommand.java:79)
[2025-06-07T10:24:34.505+0000] {spark_submit.py:644} INFO - at py4j.ClientServerConnection.waitForCommands(ClientServerConnection.java:182)
[2025-06-07T10:24:34.505+0000] {spark_submit.py:644} INFO - at py4j.ClientServerConnection.run(ClientServerConnection.java:106)
[2025-06-07T10:24:34.506+0000] {spark_submit.py:644} INFO - at java.base/java.lang.Thread.run(Thread.java:840)
[2025-06-07T10:24:34.506+0000] {spark_submit.py:644} INFO - Caused by: java.lang.ClassNotFoundException: org.apache.spark.sql.delta.catalog.DeltaCatalog
[2025-06-07T10:24:34.506+0000] {spark_submit.py:644} INFO - at java.base/java.net.URLClassLoader.findClass(URLClassLoader.java:445)
[2025-06-07T10:24:34.506+0000] {spark_submit.py:644} INFO - at java.base/java.lang.ClassLoader.loadClass(ClassLoader.java:592)
[2025-06-07T10:24:34.507+0000] {spark_submit.py:644} INFO - at java.base/java.lang.ClassLoader.loadClass(ClassLoader.java:525)
[2025-06-07T10:24:34.507+0000] {spark_submit.py:644} INFO - at org.apache.spark.sql.connector.catalog.Catalogs$.load(Catalogs.scala:60)
[2025-06-07T10:24:34.507+0000] {spark_submit.py:644} INFO - ... 86 more
[2025-06-07T10:24:34.507+0000] {spark_submit.py:644} INFO - 
[2025-06-07T10:24:34.507+0000] {spark_submit.py:644} INFO - 25/06/07 10:24:34 INFO SparkContext: SparkContext is stopping with exitCode 0.
[2025-06-07T10:24:34.508+0000] {spark_submit.py:644} INFO - 25/06/07 10:24:34 INFO SparkUI: Stopped Spark web UI at http://1ed3a5ab4297:4040
[2025-06-07T10:24:34.508+0000] {spark_submit.py:644} INFO - 25/06/07 10:24:34 INFO StandaloneSchedulerBackend: Shutting down all executors
[2025-06-07T10:24:34.508+0000] {spark_submit.py:644} INFO - 25/06/07 10:24:34 INFO StandaloneSchedulerBackend$StandaloneDriverEndpoint: Asking each executor to shut down
[2025-06-07T10:24:34.508+0000] {spark_submit.py:644} INFO - 25/06/07 10:24:34 INFO MapOutputTrackerMasterEndpoint: MapOutputTrackerMasterEndpoint stopped!
[2025-06-07T10:24:34.508+0000] {spark_submit.py:644} INFO - 25/06/07 10:24:34 INFO MemoryStore: MemoryStore cleared
[2025-06-07T10:24:34.509+0000] {spark_submit.py:644} INFO - 25/06/07 10:24:34 INFO BlockManager: BlockManager stopped
[2025-06-07T10:24:34.511+0000] {spark_submit.py:644} INFO - 25/06/07 10:24:34 INFO BlockManagerMaster: BlockManagerMaster stopped
[2025-06-07T10:24:34.512+0000] {spark_submit.py:644} INFO - 25/06/07 10:24:34 INFO OutputCommitCoordinator$OutputCommitCoordinatorEndpoint: OutputCommitCoordinator stopped!
[2025-06-07T10:24:34.517+0000] {spark_submit.py:644} INFO - 25/06/07 10:24:34 INFO SparkContext: Successfully stopped SparkContext
[2025-06-07T10:24:34.958+0000] {spark_submit.py:644} INFO - Traceback (most recent call last):
[2025-06-07T10:24:34.959+0000] {spark_submit.py:644} INFO - File "/opt/***/dags/bronze_ingestion_sc_stats_etl.py", line 84, in <module>
[2025-06-07T10:24:34.959+0000] {spark_submit.py:644} INFO - main()
[2025-06-07T10:24:34.960+0000] {spark_submit.py:644} INFO - File "/opt/***/dags/bronze_ingestion_sc_stats_etl.py", line 65, in main
[2025-06-07T10:24:34.960+0000] {spark_submit.py:644} INFO - spark.sql("CREATE DATABASE IF NOT EXISTS sc_stats_db")
[2025-06-07T10:24:34.960+0000] {spark_submit.py:644} INFO - File "/home/***/.local/lib/python3.11/site-packages/pyspark/python/lib/pyspark.zip/pyspark/sql/session.py", line 1631, in sql
[2025-06-07T10:24:34.961+0000] {spark_submit.py:644} INFO - File "/home/***/.local/lib/python3.11/site-packages/pyspark/python/lib/py4j-0.10.9.7-src.zip/py4j/java_gateway.py", line 1322, in __call__
[2025-06-07T10:24:34.961+0000] {spark_submit.py:644} INFO - File "/home/***/.local/lib/python3.11/site-packages/pyspark/python/lib/pyspark.zip/pyspark/errors/exceptions/captured.py", line 179, in deco
[2025-06-07T10:24:34.961+0000] {spark_submit.py:644} INFO - File "/home/***/.local/lib/python3.11/site-packages/pyspark/python/lib/py4j-0.10.9.7-src.zip/py4j/protocol.py", line 326, in get_return_value
[2025-06-07T10:24:35.001+0000] {spark_submit.py:644} INFO - py4j.protocol.Py4JJavaError: An error occurred while calling o39.sql.
[2025-06-07T10:24:35.002+0000] {spark_submit.py:644} INFO - : org.apache.spark.SparkException: Cannot find catalog plugin class for catalog 'spark_catalog': org.apache.spark.sql.delta.catalog.DeltaCatalog.
[2025-06-07T10:24:35.002+0000] {spark_submit.py:644} INFO - at org.apache.spark.sql.errors.QueryExecutionErrors$.catalogPluginClassNotFoundForCatalogError(QueryExecutionErrors.scala:1926)
[2025-06-07T10:24:35.002+0000] {spark_submit.py:644} INFO - at org.apache.spark.sql.connector.catalog.Catalogs$.load(Catalogs.scala:70)
[2025-06-07T10:24:35.002+0000] {spark_submit.py:644} INFO - at org.apache.spark.sql.connector.catalog.CatalogManager.loadV2SessionCatalog(CatalogManager.scala:68)
[2025-06-07T10:24:35.003+0000] {spark_submit.py:644} INFO - at org.apache.spark.sql.connector.catalog.CatalogManager.$anonfun$v2SessionCatalog$2(CatalogManager.scala:87)
[2025-06-07T10:24:35.003+0000] {spark_submit.py:644} INFO - at scala.collection.mutable.HashMap.getOrElseUpdate(HashMap.scala:86)
[2025-06-07T10:24:35.003+0000] {spark_submit.py:644} INFO - at org.apache.spark.sql.connector.catalog.CatalogManager.$anonfun$v2SessionCatalog$1(CatalogManager.scala:87)
[2025-06-07T10:24:35.003+0000] {spark_submit.py:644} INFO - at scala.Option.map(Option.scala:230)
[2025-06-07T10:24:35.004+0000] {spark_submit.py:644} INFO - at org.apache.spark.sql.connector.catalog.CatalogManager.v2SessionCatalog(CatalogManager.scala:86)
[2025-06-07T10:24:35.004+0000] {spark_submit.py:644} INFO - at org.apache.spark.sql.connector.catalog.CatalogManager.catalog(CatalogManager.scala:52)
[2025-06-07T10:24:35.005+0000] {spark_submit.py:644} INFO - at org.apache.spark.sql.connector.catalog.CatalogManager.currentCatalog(CatalogManager.scala:135)
[2025-06-07T10:24:35.005+0000] {spark_submit.py:644} INFO - at org.apache.spark.sql.connector.catalog.LookupCatalog.currentCatalog(LookupCatalog.scala:34)
[2025-06-07T10:24:35.005+0000] {spark_submit.py:644} INFO - at org.apache.spark.sql.connector.catalog.LookupCatalog.currentCatalog$(LookupCatalog.scala:34)
[2025-06-07T10:24:35.005+0000] {spark_submit.py:644} INFO - at org.apache.spark.sql.catalyst.analysis.ResolveCatalogs.currentCatalog(ResolveCatalogs.scala:27)
[2025-06-07T10:24:35.005+0000] {spark_submit.py:644} INFO - at org.apache.spark.sql.connector.catalog.LookupCatalog$CatalogAndNamespace$.unapply(LookupCatalog.scala:89)
[2025-06-07T10:24:35.006+0000] {spark_submit.py:644} INFO - at org.apache.spark.sql.catalyst.analysis.ResolveCatalogs$$anonfun$apply$1.applyOrElse(ResolveCatalogs.scala:51)
[2025-06-07T10:24:35.006+0000] {spark_submit.py:644} INFO - at org.apache.spark.sql.catalyst.analysis.ResolveCatalogs$$anonfun$apply$1.applyOrElse(ResolveCatalogs.scala:30)
[2025-06-07T10:24:35.006+0000] {spark_submit.py:644} INFO - at org.apache.spark.sql.catalyst.plans.logical.AnalysisHelper.$anonfun$resolveOperatorsDownWithPruning$2(AnalysisHelper.scala:170)
[2025-06-07T10:24:35.006+0000] {spark_submit.py:644} INFO - at org.apache.spark.sql.catalyst.trees.CurrentOrigin$.withOrigin(origin.scala:76)
[2025-06-07T10:24:35.007+0000] {spark_submit.py:644} INFO - at org.apache.spark.sql.catalyst.plans.logical.AnalysisHelper.$anonfun$resolveOperatorsDownWithPruning$1(AnalysisHelper.scala:170)
[2025-06-07T10:24:35.007+0000] {spark_submit.py:644} INFO - at org.apache.spark.sql.catalyst.plans.logical.AnalysisHelper$.allowInvokingTransformsInAnalyzer(AnalysisHelper.scala:323)
[2025-06-07T10:24:35.007+0000] {spark_submit.py:644} INFO - at org.apache.spark.sql.catalyst.plans.logical.AnalysisHelper.resolveOperatorsDownWithPruning(AnalysisHelper.scala:168)
[2025-06-07T10:24:35.007+0000] {spark_submit.py:644} INFO - at org.apache.spark.sql.catalyst.plans.logical.AnalysisHelper.resolveOperatorsDownWithPruning$(AnalysisHelper.scala:164)
[2025-06-07T10:24:35.008+0000] {spark_submit.py:644} INFO - at org.apache.spark.sql.catalyst.plans.logical.LogicalPlan.resolveOperatorsDownWithPruning(LogicalPlan.scala:32)
[2025-06-07T10:24:35.008+0000] {spark_submit.py:644} INFO - at org.apache.spark.sql.catalyst.plans.logical.AnalysisHelper.$anonfun$resolveOperatorsDownWithPruning$4(AnalysisHelper.scala:175)
[2025-06-07T10:24:35.008+0000] {spark_submit.py:644} INFO - at org.apache.spark.sql.catalyst.trees.UnaryLike.mapChildren(TreeNode.scala:1216)
[2025-06-07T10:24:35.008+0000] {spark_submit.py:644} INFO - at org.apache.spark.sql.catalyst.trees.UnaryLike.mapChildren$(TreeNode.scala:1215)
[2025-06-07T10:24:35.009+0000] {spark_submit.py:644} INFO - at org.apache.spark.sql.catalyst.plans.logical.CreateNamespace.mapChildren(v2Commands.scala:549)
[2025-06-07T10:24:35.009+0000] {spark_submit.py:644} INFO - at org.apache.spark.sql.catalyst.plans.logical.AnalysisHelper.$anonfun$resolveOperatorsDownWithPruning$1(AnalysisHelper.scala:175)
[2025-06-07T10:24:35.009+0000] {spark_submit.py:644} INFO - at org.apache.spark.sql.catalyst.plans.logical.AnalysisHelper$.allowInvokingTransformsInAnalyzer(AnalysisHelper.scala:323)
[2025-06-07T10:24:35.010+0000] {spark_submit.py:644} INFO - at org.apache.spark.sql.catalyst.plans.logical.AnalysisHelper.resolveOperatorsDownWithPruning(AnalysisHelper.scala:168)
[2025-06-07T10:24:35.010+0000] {spark_submit.py:644} INFO - at org.apache.spark.sql.catalyst.plans.logical.AnalysisHelper.resolveOperatorsDownWithPruning$(AnalysisHelper.scala:164)
[2025-06-07T10:24:35.010+0000] {spark_submit.py:644} INFO - at org.apache.spark.sql.catalyst.plans.logical.LogicalPlan.resolveOperatorsDownWithPruning(LogicalPlan.scala:32)
[2025-06-07T10:24:35.010+0000] {spark_submit.py:644} INFO - at org.apache.spark.sql.catalyst.plans.logical.AnalysisHelper.resolveOperatorsWithPruning(AnalysisHelper.scala:99)
[2025-06-07T10:24:35.010+0000] {spark_submit.py:644} INFO - at org.apache.spark.sql.catalyst.plans.logical.AnalysisHelper.resolveOperatorsWithPruning$(AnalysisHelper.scala:96)
[2025-06-07T10:24:35.011+0000] {spark_submit.py:644} INFO - at org.apache.spark.sql.catalyst.plans.logical.LogicalPlan.resolveOperatorsWithPruning(LogicalPlan.scala:32)
[2025-06-07T10:24:35.011+0000] {spark_submit.py:644} INFO - at org.apache.spark.sql.catalyst.plans.logical.AnalysisHelper.resolveOperators(AnalysisHelper.scala:76)
[2025-06-07T10:24:35.011+0000] {spark_submit.py:644} INFO - at org.apache.spark.sql.catalyst.plans.logical.AnalysisHelper.resolveOperators$(AnalysisHelper.scala:75)
[2025-06-07T10:24:35.011+0000] {spark_submit.py:644} INFO - at org.apache.spark.sql.catalyst.plans.logical.LogicalPlan.resolveOperators(LogicalPlan.scala:32)
[2025-06-07T10:24:35.012+0000] {spark_submit.py:644} INFO - at org.apache.spark.sql.catalyst.analysis.ResolveCatalogs.apply(ResolveCatalogs.scala:30)
[2025-06-07T10:24:35.012+0000] {spark_submit.py:644} INFO - at org.apache.spark.sql.catalyst.analysis.ResolveCatalogs.apply(ResolveCatalogs.scala:27)
[2025-06-07T10:24:35.012+0000] {spark_submit.py:644} INFO - at org.apache.spark.sql.catalyst.rules.RuleExecutor.$anonfun$execute$2(RuleExecutor.scala:222)
[2025-06-07T10:24:35.012+0000] {spark_submit.py:644} INFO - at scala.collection.LinearSeqOptimized.foldLeft(LinearSeqOptimized.scala:126)
[2025-06-07T10:24:35.012+0000] {spark_submit.py:644} INFO - at scala.collection.LinearSeqOptimized.foldLeft$(LinearSeqOptimized.scala:122)
[2025-06-07T10:24:35.013+0000] {spark_submit.py:644} INFO - at scala.collection.immutable.List.foldLeft(List.scala:91)
[2025-06-07T10:24:35.013+0000] {spark_submit.py:644} INFO - at org.apache.spark.sql.catalyst.rules.RuleExecutor.$anonfun$execute$1(RuleExecutor.scala:219)
[2025-06-07T10:24:35.013+0000] {spark_submit.py:644} INFO - at org.apache.spark.sql.catalyst.rules.RuleExecutor.$anonfun$execute$1$adapted(RuleExecutor.scala:211)
[2025-06-07T10:24:35.014+0000] {spark_submit.py:644} INFO - at scala.collection.immutable.List.foreach(List.scala:431)
[2025-06-07T10:24:35.014+0000] {spark_submit.py:644} INFO - at org.apache.spark.sql.catalyst.rules.RuleExecutor.execute(RuleExecutor.scala:211)
[2025-06-07T10:24:35.014+0000] {spark_submit.py:644} INFO - at org.apache.spark.sql.catalyst.analysis.Analyzer.org$apache$spark$sql$catalyst$analysis$Analyzer$$executeSameContext(Analyzer.scala:240)
[2025-06-07T10:24:35.015+0000] {spark_submit.py:644} INFO - at org.apache.spark.sql.catalyst.analysis.Analyzer.$anonfun$execute$1(Analyzer.scala:236)
[2025-06-07T10:24:35.015+0000] {spark_submit.py:644} INFO - at org.apache.spark.sql.catalyst.analysis.AnalysisContext$.withNewAnalysisContext(Analyzer.scala:187)
[2025-06-07T10:24:35.015+0000] {spark_submit.py:644} INFO - at org.apache.spark.sql.catalyst.analysis.Analyzer.execute(Analyzer.scala:236)
[2025-06-07T10:24:35.015+0000] {spark_submit.py:644} INFO - at org.apache.spark.sql.catalyst.analysis.Analyzer.execute(Analyzer.scala:202)
[2025-06-07T10:24:35.015+0000] {spark_submit.py:644} INFO - at org.apache.spark.sql.catalyst.rules.RuleExecutor.$anonfun$executeAndTrack$1(RuleExecutor.scala:182)
[2025-06-07T10:24:35.016+0000] {spark_submit.py:644} INFO - at org.apache.spark.sql.catalyst.QueryPlanningTracker$.withTracker(QueryPlanningTracker.scala:89)
[2025-06-07T10:24:35.016+0000] {spark_submit.py:644} INFO - at org.apache.spark.sql.catalyst.rules.RuleExecutor.executeAndTrack(RuleExecutor.scala:182)
[2025-06-07T10:24:35.016+0000] {spark_submit.py:644} INFO - at org.apache.spark.sql.catalyst.analysis.Analyzer.$anonfun$executeAndCheck$1(Analyzer.scala:223)
[2025-06-07T10:24:35.016+0000] {spark_submit.py:644} INFO - at org.apache.spark.sql.catalyst.plans.logical.AnalysisHelper$.markInAnalyzer(AnalysisHelper.scala:330)
[2025-06-07T10:24:35.017+0000] {spark_submit.py:644} INFO - at org.apache.spark.sql.catalyst.analysis.Analyzer.executeAndCheck(Analyzer.scala:222)
[2025-06-07T10:24:35.017+0000] {spark_submit.py:644} INFO - at org.apache.spark.sql.execution.QueryExecution.$anonfun$analyzed$1(QueryExecution.scala:77)
[2025-06-07T10:24:35.017+0000] {spark_submit.py:644} INFO - at org.apache.spark.sql.catalyst.QueryPlanningTracker.measurePhase(QueryPlanningTracker.scala:138)
[2025-06-07T10:24:35.017+0000] {spark_submit.py:644} INFO - at org.apache.spark.sql.execution.QueryExecution.$anonfun$executePhase$2(QueryExecution.scala:219)
[2025-06-07T10:24:35.017+0000] {spark_submit.py:644} INFO - at org.apache.spark.sql.execution.QueryExecution$.withInternalError(QueryExecution.scala:546)
[2025-06-07T10:24:35.018+0000] {spark_submit.py:644} INFO - at org.apache.spark.sql.execution.QueryExecution.$anonfun$executePhase$1(QueryExecution.scala:219)
[2025-06-07T10:24:35.018+0000] {spark_submit.py:644} INFO - at org.apache.spark.sql.SparkSession.withActive(SparkSession.scala:900)
[2025-06-07T10:24:35.018+0000] {spark_submit.py:644} INFO - at org.apache.spark.sql.execution.QueryExecution.executePhase(QueryExecution.scala:218)
[2025-06-07T10:24:35.018+0000] {spark_submit.py:644} INFO - at org.apache.spark.sql.execution.QueryExecution.analyzed$lzycompute(QueryExecution.scala:77)
[2025-06-07T10:24:35.018+0000] {spark_submit.py:644} INFO - at org.apache.spark.sql.execution.QueryExecution.analyzed(QueryExecution.scala:74)
[2025-06-07T10:24:35.019+0000] {spark_submit.py:644} INFO - at org.apache.spark.sql.execution.QueryExecution.assertAnalyzed(QueryExecution.scala:66)
[2025-06-07T10:24:35.020+0000] {spark_submit.py:644} INFO - at org.apache.spark.sql.Dataset$.$anonfun$ofRows$2(Dataset.scala:99)
[2025-06-07T10:24:35.020+0000] {spark_submit.py:644} INFO - at org.apache.spark.sql.SparkSession.withActive(SparkSession.scala:900)
[2025-06-07T10:24:35.020+0000] {spark_submit.py:644} INFO - at org.apache.spark.sql.Dataset$.ofRows(Dataset.scala:97)
[2025-06-07T10:24:35.021+0000] {spark_submit.py:644} INFO - at org.apache.spark.sql.SparkSession.$anonfun$sql$1(SparkSession.scala:638)
[2025-06-07T10:24:35.021+0000] {spark_submit.py:644} INFO - at org.apache.spark.sql.SparkSession.withActive(SparkSession.scala:900)
[2025-06-07T10:24:35.021+0000] {spark_submit.py:644} INFO - at org.apache.spark.sql.SparkSession.sql(SparkSession.scala:629)
[2025-06-07T10:24:35.022+0000] {spark_submit.py:644} INFO - at org.apache.spark.sql.SparkSession.sql(SparkSession.scala:659)
[2025-06-07T10:24:35.022+0000] {spark_submit.py:644} INFO - at java.base/jdk.internal.reflect.NativeMethodAccessorImpl.invoke0(Native Method)
[2025-06-07T10:24:35.022+0000] {spark_submit.py:644} INFO - at java.base/jdk.internal.reflect.NativeMethodAccessorImpl.invoke(NativeMethodAccessorImpl.java:77)
[2025-06-07T10:24:35.023+0000] {spark_submit.py:644} INFO - at java.base/jdk.internal.reflect.DelegatingMethodAccessorImpl.invoke(DelegatingMethodAccessorImpl.java:43)
[2025-06-07T10:24:35.023+0000] {spark_submit.py:644} INFO - at java.base/java.lang.reflect.Method.invoke(Method.java:569)
[2025-06-07T10:24:35.023+0000] {spark_submit.py:644} INFO - at py4j.reflection.MethodInvoker.invoke(MethodInvoker.java:244)
[2025-06-07T10:24:35.023+0000] {spark_submit.py:644} INFO - at py4j.reflection.ReflectionEngine.invoke(ReflectionEngine.java:374)
[2025-06-07T10:24:35.024+0000] {spark_submit.py:644} INFO - at py4j.Gateway.invoke(Gateway.java:282)
[2025-06-07T10:24:35.024+0000] {spark_submit.py:644} INFO - at py4j.commands.AbstractCommand.invokeMethod(AbstractCommand.java:132)
[2025-06-07T10:24:35.024+0000] {spark_submit.py:644} INFO - at py4j.commands.CallCommand.execute(CallCommand.java:79)
[2025-06-07T10:24:35.024+0000] {spark_submit.py:644} INFO - at py4j.ClientServerConnection.waitForCommands(ClientServerConnection.java:182)
[2025-06-07T10:24:35.025+0000] {spark_submit.py:644} INFO - at py4j.ClientServerConnection.run(ClientServerConnection.java:106)
[2025-06-07T10:24:35.025+0000] {spark_submit.py:644} INFO - at java.base/java.lang.Thread.run(Thread.java:840)
[2025-06-07T10:24:35.025+0000] {spark_submit.py:644} INFO - Caused by: java.lang.ClassNotFoundException: org.apache.spark.sql.delta.catalog.DeltaCatalog
[2025-06-07T10:24:35.025+0000] {spark_submit.py:644} INFO - at java.base/java.net.URLClassLoader.findClass(URLClassLoader.java:445)
[2025-06-07T10:24:35.025+0000] {spark_submit.py:644} INFO - at java.base/java.lang.ClassLoader.loadClass(ClassLoader.java:592)
[2025-06-07T10:24:35.026+0000] {spark_submit.py:644} INFO - at java.base/java.lang.ClassLoader.loadClass(ClassLoader.java:525)
[2025-06-07T10:24:35.026+0000] {spark_submit.py:644} INFO - at org.apache.spark.sql.connector.catalog.Catalogs$.load(Catalogs.scala:60)
[2025-06-07T10:24:35.026+0000] {spark_submit.py:644} INFO - ... 86 more
[2025-06-07T10:24:35.026+0000] {spark_submit.py:644} INFO - 
[2025-06-07T10:24:35.039+0000] {spark_submit.py:644} INFO - 25/06/07 10:24:35 INFO ShutdownHookManager: Shutdown hook called
[2025-06-07T10:24:35.039+0000] {spark_submit.py:644} INFO - 25/06/07 10:24:35 INFO ShutdownHookManager: Deleting directory /tmp/spark-8e2d2ae6-0771-4774-90d2-ea9dcf31de57
[2025-06-07T10:24:35.041+0000] {spark_submit.py:644} INFO - 25/06/07 10:24:35 INFO ShutdownHookManager: Deleting directory /tmp/spark-78fd015d-ee23-4ebd-ad49-19fa93d9e9a0
[2025-06-07T10:24:35.043+0000] {spark_submit.py:644} INFO - 25/06/07 10:24:35 INFO ShutdownHookManager: Deleting directory /tmp/spark-8e2d2ae6-0771-4774-90d2-ea9dcf31de57/pyspark-f010861e-b9ea-4659-8c11-37455e2259a5
[2025-06-07T10:24:35.069+0000] {taskinstance.py:3311} ERROR - Task failed with exception
Traceback (most recent call last):
  File "/home/airflow/.local/lib/python3.11/site-packages/airflow/models/taskinstance.py", line 767, in _execute_task
    result = _execute_callable(context=context, **execute_callable_kwargs)
             ^^^^^^^^^^^^^^^^^^^^^^^^^^^^^^^^^^^^^^^^^^^^^^^^^^^^^^^^^^^^^
  File "/home/airflow/.local/lib/python3.11/site-packages/airflow/models/taskinstance.py", line 733, in _execute_callable
    return ExecutionCallableRunner(
           ^^^^^^^^^^^^^^^^^^^^^^^^
  File "/home/airflow/.local/lib/python3.11/site-packages/airflow/utils/operator_helpers.py", line 252, in run
    return self.func(*args, **kwargs)
           ^^^^^^^^^^^^^^^^^^^^^^^^^^
  File "/home/airflow/.local/lib/python3.11/site-packages/airflow/models/baseoperator.py", line 417, in wrapper
    return func(self, *args, **kwargs)
           ^^^^^^^^^^^^^^^^^^^^^^^^^^^
  File "/home/airflow/.local/lib/python3.11/site-packages/airflow/providers/apache/spark/operators/spark_submit.py", line 197, in execute
    self._hook.submit(self.application)
  File "/home/airflow/.local/lib/python3.11/site-packages/airflow/providers/apache/spark/hooks/spark_submit.py", line 566, in submit
    raise AirflowException(
airflow.exceptions.AirflowException: Cannot execute: spark-submit --master spark://spark-master:7077 --name bronze_sc_stats_etl --verbose --queue root.default --deploy-mode client /opt/***/dags/bronze_ingestion_sc_stats_etl.py. Error code is: 1.
[2025-06-07T10:24:35.072+0000] {taskinstance.py:1225} INFO - Marking task as FAILED. dag_id=curry_medallion_etl, task_id=submit_bronze_etl_job, run_id=manual__2025-06-07T10:24:28.530450+00:00, execution_date=20250607T102428, start_date=20250607T102430, end_date=20250607T102435
[2025-06-07T10:24:35.078+0000] {taskinstance.py:340} INFO - ::group::Post task execution logs
[2025-06-07T10:24:35.079+0000] {standard_task_runner.py:124} ERROR - Failed to execute job 28 for task submit_bronze_etl_job (Cannot execute: spark-submit --master spark://spark-master:7077 --name bronze_sc_stats_etl --verbose --queue root.default --deploy-mode client /opt/***/dags/bronze_ingestion_sc_stats_etl.py. Error code is: 1.; 4208)
Traceback (most recent call last):
  File "/home/airflow/.local/lib/python3.11/site-packages/airflow/task/task_runner/standard_task_runner.py", line 117, in _start_by_fork
    ret = args.func(args, dag=self.dag)
          ^^^^^^^^^^^^^^^^^^^^^^^^^^^^^
  File "/home/airflow/.local/lib/python3.11/site-packages/airflow/cli/cli_config.py", line 49, in command
    return func(*args, **kwargs)
           ^^^^^^^^^^^^^^^^^^^^^
  File "/home/airflow/.local/lib/python3.11/site-packages/airflow/utils/cli.py", line 116, in wrapper
    return f(*args, **kwargs)
           ^^^^^^^^^^^^^^^^^^
  File "/home/airflow/.local/lib/python3.11/site-packages/airflow/cli/commands/task_command.py", line 483, in task_run
    task_return_code = _run_task_by_selected_method(args, _dag, ti)
                       ^^^^^^^^^^^^^^^^^^^^^^^^^^^^^^^^^^^^^^^^^^^^
  File "/home/airflow/.local/lib/python3.11/site-packages/airflow/cli/commands/task_command.py", line 256, in _run_task_by_selected_method
    return _run_raw_task(args, ti)
           ^^^^^^^^^^^^^^^^^^^^^^^
  File "/home/airflow/.local/lib/python3.11/site-packages/airflow/cli/commands/task_command.py", line 341, in _run_raw_task
    return ti._run_raw_task(
           ^^^^^^^^^^^^^^^^^
  File "/home/airflow/.local/lib/python3.11/site-packages/airflow/utils/session.py", line 97, in wrapper
    return func(*args, session=session, **kwargs)
           ^^^^^^^^^^^^^^^^^^^^^^^^^^^^^^^^^^^^^^
  File "/home/airflow/.local/lib/python3.11/site-packages/airflow/models/taskinstance.py", line 3005, in _run_raw_task
    return _run_raw_task(
           ^^^^^^^^^^^^^^
  File "/home/airflow/.local/lib/python3.11/site-packages/airflow/models/taskinstance.py", line 273, in _run_raw_task
    TaskInstance._execute_task_with_callbacks(
  File "/home/airflow/.local/lib/python3.11/site-packages/airflow/models/taskinstance.py", line 3159, in _execute_task_with_callbacks
    result = self._execute_task(context, task_orig)
             ^^^^^^^^^^^^^^^^^^^^^^^^^^^^^^^^^^^^^^
  File "/home/airflow/.local/lib/python3.11/site-packages/airflow/models/taskinstance.py", line 3183, in _execute_task
    return _execute_task(self, context, task_orig)
           ^^^^^^^^^^^^^^^^^^^^^^^^^^^^^^^^^^^^^^^
  File "/home/airflow/.local/lib/python3.11/site-packages/airflow/models/taskinstance.py", line 767, in _execute_task
    result = _execute_callable(context=context, **execute_callable_kwargs)
             ^^^^^^^^^^^^^^^^^^^^^^^^^^^^^^^^^^^^^^^^^^^^^^^^^^^^^^^^^^^^^
  File "/home/airflow/.local/lib/python3.11/site-packages/airflow/models/taskinstance.py", line 733, in _execute_callable
    return ExecutionCallableRunner(
           ^^^^^^^^^^^^^^^^^^^^^^^^
  File "/home/airflow/.local/lib/python3.11/site-packages/airflow/utils/operator_helpers.py", line 252, in run
    return self.func(*args, **kwargs)
           ^^^^^^^^^^^^^^^^^^^^^^^^^^
  File "/home/airflow/.local/lib/python3.11/site-packages/airflow/models/baseoperator.py", line 417, in wrapper
    return func(self, *args, **kwargs)
           ^^^^^^^^^^^^^^^^^^^^^^^^^^^
  File "/home/airflow/.local/lib/python3.11/site-packages/airflow/providers/apache/spark/operators/spark_submit.py", line 197, in execute
    self._hook.submit(self.application)
  File "/home/airflow/.local/lib/python3.11/site-packages/airflow/providers/apache/spark/hooks/spark_submit.py", line 566, in submit
    raise AirflowException(
airflow.exceptions.AirflowException: Cannot execute: spark-submit --master spark://spark-master:7077 --name bronze_sc_stats_etl --verbose --queue root.default --deploy-mode client /opt/***/dags/bronze_ingestion_sc_stats_etl.py. Error code is: 1.
[2025-06-07T10:24:35.126+0000] {local_task_job_runner.py:266} INFO - Task exited with return code 1
[2025-06-07T10:24:35.141+0000] {taskinstance.py:3895} INFO - 0 downstream tasks scheduled from follow-on schedule check
[2025-06-07T10:24:35.143+0000] {local_task_job_runner.py:245} INFO - ::endgroup::
