[2025-06-04T12:51:24.100+0000] {local_task_job_runner.py:123} INFO - ::group::Pre task execution logs
[2025-06-04T12:51:24.110+0000] {taskinstance.py:2613} INFO - Dependencies all met for dep_context=non-requeueable deps ti=<TaskInstance: curry_medallion_etl.submit_bronze_etl_job manual__2025-06-04T12:51:22.474067+00:00 [queued]>
[2025-06-04T12:51:24.113+0000] {taskinstance.py:2613} INFO - Dependencies all met for dep_context=requeueable deps ti=<TaskInstance: curry_medallion_etl.submit_bronze_etl_job manual__2025-06-04T12:51:22.474067+00:00 [queued]>
[2025-06-04T12:51:24.113+0000] {taskinstance.py:2866} INFO - Starting attempt 1 of 1
[2025-06-04T12:51:24.118+0000] {taskinstance.py:2889} INFO - Executing <Task(SparkSubmitOperator): submit_bronze_etl_job> on 2025-06-04 12:51:22.474067+00:00
[2025-06-04T12:51:24.120+0000] {standard_task_runner.py:72} INFO - Started process 200 to run task
[2025-06-04T12:51:24.122+0000] {standard_task_runner.py:104} INFO - Running: ['***', 'tasks', 'run', 'curry_medallion_etl', 'submit_bronze_etl_job', 'manual__2025-06-04T12:51:22.474067+00:00', '--job-id', '3', '--raw', '--subdir', 'DAGS_FOLDER/medallion_sales_etl_dag.py', '--cfg-path', '/tmp/tmp60omxl2d']
[2025-06-04T12:51:24.123+0000] {standard_task_runner.py:105} INFO - Job 3: Subtask submit_bronze_etl_job
[2025-06-04T12:51:24.148+0000] {task_command.py:467} INFO - Running <TaskInstance: curry_medallion_etl.submit_bronze_etl_job manual__2025-06-04T12:51:22.474067+00:00 [running]> on host 7a96f6941b0b
[2025-06-04T12:51:24.189+0000] {taskinstance.py:3132} INFO - Exporting env vars: AIRFLOW_CTX_DAG_OWNER='qdinh18' AIRFLOW_CTX_DAG_ID='curry_medallion_etl' AIRFLOW_CTX_TASK_ID='submit_bronze_etl_job' AIRFLOW_CTX_EXECUTION_DATE='2025-06-04T12:51:22.474067+00:00' AIRFLOW_CTX_TRY_NUMBER='1' AIRFLOW_CTX_DAG_RUN_ID='manual__2025-06-04T12:51:22.474067+00:00'
[2025-06-04T12:51:24.190+0000] {taskinstance.py:731} INFO - ::endgroup::
[2025-06-04T12:51:24.204+0000] {base.py:84} INFO - Retrieving connection 'spark_default'
[2025-06-04T12:51:24.206+0000] {spark_submit.py:474} INFO - Spark-Submit cmd: spark-submit --master spark://spark-master:7077 --conf spark.executor.memory=2g --conf spark.sql.extensions=io.delta.sql.DeltaSparkSessionExtension --conf spark.sql.catalog.spark_catalog=org.apache.spark.sql.delta.catalog.DeltaCatalog --conf spark.hadoop.fs.s3a.endpoint=http://minio:9000 --conf spark.hadoop.fs.s3a.access.key=minioadmin --conf spark.hadoop.fs.s3a.secret.key=****** --conf spark.hadoop.fs.s3a.path.style.access=true --conf spark.hadoop.fs.s3a.impl=org.apache.hadoop.fs.s3a.S3AFileSystem --packages org.apache.hadoop:hadoop-aws:3.3.4,com.amazonaws:aws-java-sdk-bundle:1.12.262,io.delta:delta-spark_2.12:3.1.0 --name bronze_sc_stats_etl --verbose --queue root.default --deploy-mode client /opt/***/dags/bronze_ingestion_sc_stats_etl.py --output_path s3a://mybucket/bronze/curry_raw_data/
[2025-06-04T12:51:24.808+0000] {spark_submit.py:644} INFO - Using properties file: null
[2025-06-04T12:51:24.856+0000] {spark_submit.py:644} INFO - Parsed arguments:
[2025-06-04T12:51:24.856+0000] {spark_submit.py:644} INFO - master                  spark://spark-master:7077
[2025-06-04T12:51:24.857+0000] {spark_submit.py:644} INFO - remote                  null
[2025-06-04T12:51:24.857+0000] {spark_submit.py:644} INFO - deployMode              client
[2025-06-04T12:51:24.857+0000] {spark_submit.py:644} INFO - executorMemory          2g
[2025-06-04T12:51:24.857+0000] {spark_submit.py:644} INFO - executorCores           null
[2025-06-04T12:51:24.857+0000] {spark_submit.py:644} INFO - totalExecutorCores      null
[2025-06-04T12:51:24.857+0000] {spark_submit.py:644} INFO - propertiesFile          null
[2025-06-04T12:51:24.857+0000] {spark_submit.py:644} INFO - driverMemory            null
[2025-06-04T12:51:24.858+0000] {spark_submit.py:644} INFO - driverCores             null
[2025-06-04T12:51:24.858+0000] {spark_submit.py:644} INFO - driverExtraClassPath    null
[2025-06-04T12:51:24.858+0000] {spark_submit.py:644} INFO - driverExtraLibraryPath  null
[2025-06-04T12:51:24.858+0000] {spark_submit.py:644} INFO - driverExtraJavaOptions  null
[2025-06-04T12:51:24.858+0000] {spark_submit.py:644} INFO - supervise               false
[2025-06-04T12:51:24.858+0000] {spark_submit.py:644} INFO - queue                   root.default
[2025-06-04T12:51:24.858+0000] {spark_submit.py:644} INFO - numExecutors            null
[2025-06-04T12:51:24.859+0000] {spark_submit.py:644} INFO - files                   null
[2025-06-04T12:51:24.859+0000] {spark_submit.py:644} INFO - pyFiles                 null
[2025-06-04T12:51:24.859+0000] {spark_submit.py:644} INFO - archives                null
[2025-06-04T12:51:24.859+0000] {spark_submit.py:644} INFO - mainClass               null
[2025-06-04T12:51:24.859+0000] {spark_submit.py:644} INFO - primaryResource         file:/opt/***/dags/bronze_ingestion_sc_stats_etl.py
[2025-06-04T12:51:24.859+0000] {spark_submit.py:644} INFO - name                    bronze_sc_stats_etl
[2025-06-04T12:51:24.859+0000] {spark_submit.py:644} INFO - childArgs               [--output_path s3a://mybucket/bronze/curry_raw_data/]
[2025-06-04T12:51:24.859+0000] {spark_submit.py:644} INFO - jars                    null
[2025-06-04T12:51:24.859+0000] {spark_submit.py:644} INFO - packages                org.apache.hadoop:hadoop-aws:3.3.4,com.amazonaws:aws-java-sdk-bundle:1.12.262,io.delta:delta-spark_2.12:3.1.0
[2025-06-04T12:51:24.860+0000] {spark_submit.py:644} INFO - packagesExclusions      null
[2025-06-04T12:51:24.860+0000] {spark_submit.py:644} INFO - repositories            null
[2025-06-04T12:51:24.860+0000] {spark_submit.py:644} INFO - verbose                 true
[2025-06-04T12:51:24.860+0000] {spark_submit.py:644} INFO - 
[2025-06-04T12:51:24.860+0000] {spark_submit.py:644} INFO - Spark properties used, including those specified through
[2025-06-04T12:51:24.860+0000] {spark_submit.py:644} INFO - --conf and those from the properties file null:
[2025-06-04T12:51:24.860+0000] {spark_submit.py:644} INFO - (spark.executor.memory,2g)
[2025-06-04T12:51:24.860+0000] {spark_submit.py:644} INFO - (spark.hadoop.fs.s3a.access.key,*********(redacted))
[2025-06-04T12:51:24.861+0000] {spark_submit.py:644} INFO - (spark.hadoop.fs.s3a.endpoint,http://minio:9000)
[2025-06-04T12:51:24.861+0000] {spark_submit.py:644} INFO - (spark.hadoop.fs.s3a.impl,org.apache.hadoop.fs.s3a.S3AFileSystem)
[2025-06-04T12:51:24.861+0000] {spark_submit.py:644} INFO - (spark.hadoop.fs.s3a.path.style.access,true)
[2025-06-04T12:51:24.861+0000] {spark_submit.py:644} INFO - (spark.hadoop.fs.s3a.secret.key,*********(redacted))
[2025-06-04T12:51:24.861+0000] {spark_submit.py:644} INFO - (spark.sql.catalog.spark_catalog,org.apache.spark.sql.delta.catalog.DeltaCatalog)
[2025-06-04T12:51:24.861+0000] {spark_submit.py:644} INFO - (spark.sql.extensions,io.delta.sql.DeltaSparkSessionExtension)
[2025-06-04T12:51:24.861+0000] {spark_submit.py:644} INFO - 
[2025-06-04T12:51:24.862+0000] {spark_submit.py:644} INFO - 
[2025-06-04T12:51:24.916+0000] {spark_submit.py:644} INFO - :: loading settings :: url = jar:file:/home/***/.local/lib/python3.11/site-packages/pyspark/jars/ivy-2.5.1.jar!/org/apache/ivy/core/settings/ivysettings.xml
[2025-06-04T12:51:24.950+0000] {spark_submit.py:644} INFO - Ivy Default Cache set to: /home/***/.ivy2/cache
[2025-06-04T12:51:24.950+0000] {spark_submit.py:644} INFO - The jars for the packages stored in: /home/***/.ivy2/jars
[2025-06-04T12:51:24.952+0000] {spark_submit.py:644} INFO - org.apache.hadoop#hadoop-aws added as a dependency
[2025-06-04T12:51:24.953+0000] {spark_submit.py:644} INFO - com.amazonaws#aws-java-sdk-bundle added as a dependency
[2025-06-04T12:51:24.953+0000] {spark_submit.py:644} INFO - io.delta#delta-spark_2.12 added as a dependency
[2025-06-04T12:51:24.953+0000] {spark_submit.py:644} INFO - :: resolving dependencies :: org.apache.spark#spark-submit-parent-c7a699a3-a5b6-44b1-ba8d-2c33b6115860;1.0
[2025-06-04T12:51:24.953+0000] {spark_submit.py:644} INFO - confs: [default]
[2025-06-04T12:51:29.011+0000] {spark_submit.py:644} INFO - found org.apache.hadoop#hadoop-aws;3.3.4 in central
[2025-06-04T12:51:30.576+0000] {spark_submit.py:644} INFO - found com.amazonaws#aws-java-sdk-bundle;1.12.262 in central
[2025-06-04T12:51:33.399+0000] {spark_submit.py:644} INFO - found org.wildfly.openssl#wildfly-openssl;1.0.7.Final in central
[2025-06-04T12:51:33.784+0000] {spark_submit.py:644} INFO - found io.delta#delta-spark_2.12;3.1.0 in central
[2025-06-04T12:51:34.157+0000] {spark_submit.py:644} INFO - found io.delta#delta-storage;3.1.0 in central
[2025-06-04T12:51:36.468+0000] {spark_submit.py:644} INFO - found org.antlr#antlr4-runtime;4.9.3 in central
[2025-06-04T12:51:36.656+0000] {spark_submit.py:644} INFO - downloading https://repo1.maven.org/maven2/org/apache/hadoop/hadoop-aws/3.3.4/hadoop-aws-3.3.4.jar ...
[2025-06-04T12:51:37.357+0000] {spark_submit.py:644} INFO - [SUCCESSFUL ] org.apache.hadoop#hadoop-aws;3.3.4!hadoop-aws.jar (879ms)
[2025-06-04T12:51:37.534+0000] {spark_submit.py:644} INFO - downloading https://repo1.maven.org/maven2/com/amazonaws/aws-java-sdk-bundle/1.12.262/aws-java-sdk-bundle-1.12.262.jar ...
[2025-06-04T12:52:18.283+0000] {spark_submit.py:644} INFO - [SUCCESSFUL ] com.amazonaws#aws-java-sdk-bundle;1.12.262!aws-java-sdk-bundle.jar (40925ms)
[2025-06-04T12:52:18.461+0000] {spark_submit.py:644} INFO - downloading https://repo1.maven.org/maven2/io/delta/delta-spark_2.12/3.1.0/delta-spark_2.12-3.1.0.jar ...
[2025-06-04T12:52:19.328+0000] {spark_submit.py:644} INFO - [SUCCESSFUL ] io.delta#delta-spark_2.12;3.1.0!delta-spark_2.12.jar (1044ms)
[2025-06-04T12:52:19.505+0000] {spark_submit.py:644} INFO - downloading https://repo1.maven.org/maven2/org/wildfly/openssl/wildfly-openssl/1.0.7.Final/wildfly-openssl-1.0.7.Final.jar ...
[2025-06-04T12:52:19.725+0000] {spark_submit.py:644} INFO - [SUCCESSFUL ] org.wildfly.openssl#wildfly-openssl;1.0.7.Final!wildfly-openssl.jar (395ms)
[2025-06-04T12:52:19.906+0000] {spark_submit.py:644} INFO - downloading https://repo1.maven.org/maven2/io/delta/delta-storage/3.1.0/delta-storage-3.1.0.jar ...
[2025-06-04T12:52:20.086+0000] {spark_submit.py:644} INFO - [SUCCESSFUL ] io.delta#delta-storage;3.1.0!delta-storage.jar (359ms)
[2025-06-04T12:52:20.262+0000] {spark_submit.py:644} INFO - downloading https://repo1.maven.org/maven2/org/antlr/antlr4-runtime/4.9.3/antlr4-runtime-4.9.3.jar ...
[2025-06-04T12:52:20.471+0000] {spark_submit.py:644} INFO - [SUCCESSFUL ] org.antlr#antlr4-runtime;4.9.3!antlr4-runtime.jar (383ms)
[2025-06-04T12:52:20.472+0000] {spark_submit.py:644} INFO - :: resolution report :: resolve 11523ms :: artifacts dl 43995ms
[2025-06-04T12:52:20.472+0000] {spark_submit.py:644} INFO - :: modules in use:
[2025-06-04T12:52:20.472+0000] {spark_submit.py:644} INFO - com.amazonaws#aws-java-sdk-bundle;1.12.262 from central in [default]
[2025-06-04T12:52:20.473+0000] {spark_submit.py:644} INFO - io.delta#delta-spark_2.12;3.1.0 from central in [default]
[2025-06-04T12:52:20.473+0000] {spark_submit.py:644} INFO - io.delta#delta-storage;3.1.0 from central in [default]
[2025-06-04T12:52:20.473+0000] {spark_submit.py:644} INFO - org.antlr#antlr4-runtime;4.9.3 from central in [default]
[2025-06-04T12:52:20.473+0000] {spark_submit.py:644} INFO - org.apache.hadoop#hadoop-aws;3.3.4 from central in [default]
[2025-06-04T12:52:20.474+0000] {spark_submit.py:644} INFO - org.wildfly.openssl#wildfly-openssl;1.0.7.Final from central in [default]
[2025-06-04T12:52:20.474+0000] {spark_submit.py:644} INFO - ---------------------------------------------------------------------
[2025-06-04T12:52:20.474+0000] {spark_submit.py:644} INFO - |                  |            modules            ||   artifacts   |
[2025-06-04T12:52:20.474+0000] {spark_submit.py:644} INFO - |       conf       | number| search|dwnlded|evicted|| number|dwnlded|
[2025-06-04T12:52:20.475+0000] {spark_submit.py:644} INFO - ---------------------------------------------------------------------
[2025-06-04T12:52:20.475+0000] {spark_submit.py:644} INFO - |      default     |   6   |   6   |   6   |   0   ||   6   |   6   |
[2025-06-04T12:52:20.475+0000] {spark_submit.py:644} INFO - ---------------------------------------------------------------------
[2025-06-04T12:52:20.476+0000] {spark_submit.py:644} INFO - :: retrieving :: org.apache.spark#spark-submit-parent-c7a699a3-a5b6-44b1-ba8d-2c33b6115860
[2025-06-04T12:52:20.477+0000] {spark_submit.py:644} INFO - confs: [default]
[2025-06-04T12:52:20.751+0000] {spark_submit.py:644} INFO - 6 artifacts copied, 0 already retrieved (281149kB/275ms)
[2025-06-04T12:52:20.873+0000] {spark_submit.py:644} INFO - 25/06/04 12:52:20 WARN NativeCodeLoader: Unable to load native-hadoop library for your platform... using builtin-java classes where applicable
[2025-06-04T12:52:20.981+0000] {spark_submit.py:644} INFO - Main class:
[2025-06-04T12:52:20.981+0000] {spark_submit.py:644} INFO - org.apache.spark.deploy.PythonRunner
[2025-06-04T12:52:20.982+0000] {spark_submit.py:644} INFO - Arguments:
[2025-06-04T12:52:20.982+0000] {spark_submit.py:644} INFO - file:/opt/***/dags/bronze_ingestion_sc_stats_etl.py
[2025-06-04T12:52:20.982+0000] {spark_submit.py:644} INFO - file:///home/***/.ivy2/jars/org.apache.hadoop_hadoop-aws-3.3.4.jar,file:///home/***/.ivy2/jars/com.amazonaws_aws-java-sdk-bundle-1.12.262.jar,file:///home/***/.ivy2/jars/io.delta_delta-spark_2.12-3.1.0.jar,file:///home/***/.ivy2/jars/org.wildfly.openssl_wildfly-openssl-1.0.7.Final.jar,file:///home/***/.ivy2/jars/io.delta_delta-storage-3.1.0.jar,file:///home/***/.ivy2/jars/org.antlr_antlr4-runtime-4.9.3.jar
[2025-06-04T12:52:20.982+0000] {spark_submit.py:644} INFO - --output_path
[2025-06-04T12:52:20.982+0000] {spark_submit.py:644} INFO - s3a://mybucket/bronze/curry_raw_data/
[2025-06-04T12:52:20.982+0000] {spark_submit.py:644} INFO - Spark config:
[2025-06-04T12:52:20.982+0000] {spark_submit.py:644} INFO - (spark.app.name,bronze_sc_stats_etl)
[2025-06-04T12:52:20.983+0000] {spark_submit.py:644} INFO - (spark.app.submitTime,1749041540973)
[2025-06-04T12:52:20.983+0000] {spark_submit.py:644} INFO - (spark.executor.memory,2g)
[2025-06-04T12:52:20.983+0000] {spark_submit.py:644} INFO - (spark.files,file:///home/***/.ivy2/jars/org.apache.hadoop_hadoop-aws-3.3.4.jar,file:///home/***/.ivy2/jars/com.amazonaws_aws-java-sdk-bundle-1.12.262.jar,file:///home/***/.ivy2/jars/io.delta_delta-spark_2.12-3.1.0.jar,file:///home/***/.ivy2/jars/org.wildfly.openssl_wildfly-openssl-1.0.7.Final.jar,file:///home/***/.ivy2/jars/io.delta_delta-storage-3.1.0.jar,file:///home/***/.ivy2/jars/org.antlr_antlr4-runtime-4.9.3.jar)
[2025-06-04T12:52:20.983+0000] {spark_submit.py:644} INFO - (spark.hadoop.fs.s3a.access.key,*********(redacted))
[2025-06-04T12:52:20.983+0000] {spark_submit.py:644} INFO - (spark.hadoop.fs.s3a.endpoint,http://minio:9000)
[2025-06-04T12:52:20.983+0000] {spark_submit.py:644} INFO - (spark.hadoop.fs.s3a.impl,org.apache.hadoop.fs.s3a.S3AFileSystem)
[2025-06-04T12:52:20.984+0000] {spark_submit.py:644} INFO - (spark.hadoop.fs.s3a.path.style.access,true)
[2025-06-04T12:52:20.984+0000] {spark_submit.py:644} INFO - (spark.hadoop.fs.s3a.secret.key,*********(redacted))
[2025-06-04T12:52:20.984+0000] {spark_submit.py:644} INFO - (spark.jars,file:///home/***/.ivy2/jars/org.apache.hadoop_hadoop-aws-3.3.4.jar,file:///home/***/.ivy2/jars/com.amazonaws_aws-java-sdk-bundle-1.12.262.jar,file:///home/***/.ivy2/jars/io.delta_delta-spark_2.12-3.1.0.jar,file:///home/***/.ivy2/jars/org.wildfly.openssl_wildfly-openssl-1.0.7.Final.jar,file:///home/***/.ivy2/jars/io.delta_delta-storage-3.1.0.jar,file:///home/***/.ivy2/jars/org.antlr_antlr4-runtime-4.9.3.jar)
[2025-06-04T12:52:20.984+0000] {spark_submit.py:644} INFO - (spark.master,spark://spark-master:7077)
[2025-06-04T12:52:20.984+0000] {spark_submit.py:644} INFO - (spark.repl.local.jars,file:///home/***/.ivy2/jars/org.apache.hadoop_hadoop-aws-3.3.4.jar,file:///home/***/.ivy2/jars/com.amazonaws_aws-java-sdk-bundle-1.12.262.jar,file:///home/***/.ivy2/jars/io.delta_delta-spark_2.12-3.1.0.jar,file:///home/***/.ivy2/jars/org.wildfly.openssl_wildfly-openssl-1.0.7.Final.jar,file:///home/***/.ivy2/jars/io.delta_delta-storage-3.1.0.jar,file:///home/***/.ivy2/jars/org.antlr_antlr4-runtime-4.9.3.jar)
[2025-06-04T12:52:20.984+0000] {spark_submit.py:644} INFO - (spark.sql.catalog.spark_catalog,org.apache.spark.sql.delta.catalog.DeltaCatalog)
[2025-06-04T12:52:20.984+0000] {spark_submit.py:644} INFO - (spark.sql.extensions,io.delta.sql.DeltaSparkSessionExtension)
[2025-06-04T12:52:20.985+0000] {spark_submit.py:644} INFO - (spark.submit.deployMode,client)
[2025-06-04T12:52:20.985+0000] {spark_submit.py:644} INFO - (spark.submit.pyFiles,/home/***/.ivy2/jars/org.apache.hadoop_hadoop-aws-3.3.4.jar,/home/***/.ivy2/jars/com.amazonaws_aws-java-sdk-bundle-1.12.262.jar,/home/***/.ivy2/jars/io.delta_delta-spark_2.12-3.1.0.jar,/home/***/.ivy2/jars/org.wildfly.openssl_wildfly-openssl-1.0.7.Final.jar,/home/***/.ivy2/jars/io.delta_delta-storage-3.1.0.jar,/home/***/.ivy2/jars/org.antlr_antlr4-runtime-4.9.3.jar)
[2025-06-04T12:52:20.985+0000] {spark_submit.py:644} INFO - Classpath elements:
[2025-06-04T12:52:20.985+0000] {spark_submit.py:644} INFO - file:///home/***/.ivy2/jars/org.apache.hadoop_hadoop-aws-3.3.4.jar
[2025-06-04T12:52:20.985+0000] {spark_submit.py:644} INFO - file:///home/***/.ivy2/jars/com.amazonaws_aws-java-sdk-bundle-1.12.262.jar
[2025-06-04T12:52:20.985+0000] {spark_submit.py:644} INFO - file:///home/***/.ivy2/jars/io.delta_delta-spark_2.12-3.1.0.jar
[2025-06-04T12:52:20.985+0000] {spark_submit.py:644} INFO - file:///home/***/.ivy2/jars/org.wildfly.openssl_wildfly-openssl-1.0.7.Final.jar
[2025-06-04T12:52:20.986+0000] {spark_submit.py:644} INFO - file:///home/***/.ivy2/jars/io.delta_delta-storage-3.1.0.jar
[2025-06-04T12:52:20.986+0000] {spark_submit.py:644} INFO - file:///home/***/.ivy2/jars/org.antlr_antlr4-runtime-4.9.3.jar
[2025-06-04T12:52:20.986+0000] {spark_submit.py:644} INFO - 
[2025-06-04T12:52:20.986+0000] {spark_submit.py:644} INFO - 
[2025-06-04T12:52:21.647+0000] {spark_submit.py:644} INFO - 25/06/04 12:52:21 INFO SparkContext: Running Spark version 3.5.2
[2025-06-04T12:52:21.647+0000] {spark_submit.py:644} INFO - 25/06/04 12:52:21 INFO SparkContext: OS info Linux, 6.10.14-linuxkit, aarch64
[2025-06-04T12:52:21.648+0000] {spark_submit.py:644} INFO - 25/06/04 12:52:21 INFO SparkContext: Java version 17.0.15
[2025-06-04T12:52:21.659+0000] {spark_submit.py:644} INFO - 25/06/04 12:52:21 INFO ResourceUtils: ==============================================================
[2025-06-04T12:52:21.660+0000] {spark_submit.py:644} INFO - 25/06/04 12:52:21 INFO ResourceUtils: No custom resources configured for spark.driver.
[2025-06-04T12:52:21.660+0000] {spark_submit.py:644} INFO - 25/06/04 12:52:21 INFO ResourceUtils: ==============================================================
[2025-06-04T12:52:21.660+0000] {spark_submit.py:644} INFO - 25/06/04 12:52:21 INFO SparkContext: Submitted application: BronzeIngestionStephenCurryStats
[2025-06-04T12:52:21.673+0000] {spark_submit.py:644} INFO - 25/06/04 12:52:21 INFO ResourceProfile: Default ResourceProfile created, executor resources: Map(memory -> name: memory, amount: 2048, script: , vendor: , offHeap -> name: offHeap, amount: 0, script: , vendor: ), task resources: Map(cpus -> name: cpus, amount: 1.0)
[2025-06-04T12:52:21.677+0000] {spark_submit.py:644} INFO - 25/06/04 12:52:21 INFO ResourceProfile: Limiting resource is cpu
[2025-06-04T12:52:21.677+0000] {spark_submit.py:644} INFO - 25/06/04 12:52:21 INFO ResourceProfileManager: Added ResourceProfile id: 0
[2025-06-04T12:52:21.711+0000] {spark_submit.py:644} INFO - 25/06/04 12:52:21 INFO SecurityManager: Changing view acls to: ***
[2025-06-04T12:52:21.711+0000] {spark_submit.py:644} INFO - 25/06/04 12:52:21 INFO SecurityManager: Changing modify acls to: ***
[2025-06-04T12:52:21.711+0000] {spark_submit.py:644} INFO - 25/06/04 12:52:21 INFO SecurityManager: Changing view acls groups to:
[2025-06-04T12:52:21.712+0000] {spark_submit.py:644} INFO - 25/06/04 12:52:21 INFO SecurityManager: Changing modify acls groups to:
[2025-06-04T12:52:21.712+0000] {spark_submit.py:644} INFO - 25/06/04 12:52:21 INFO SecurityManager: SecurityManager: authentication disabled; ui acls disabled; users with view permissions: ***; groups with view permissions: EMPTY; users with modify permissions: ***; groups with modify permissions: EMPTY
[2025-06-04T12:52:21.829+0000] {spark_submit.py:644} INFO - 25/06/04 12:52:21 INFO Utils: Successfully started service 'sparkDriver' on port 32811.
[2025-06-04T12:52:21.849+0000] {spark_submit.py:644} INFO - 25/06/04 12:52:21 INFO SparkEnv: Registering MapOutputTracker
[2025-06-04T12:52:21.870+0000] {spark_submit.py:644} INFO - 25/06/04 12:52:21 INFO SparkEnv: Registering BlockManagerMaster
[2025-06-04T12:52:21.880+0000] {spark_submit.py:644} INFO - 25/06/04 12:52:21 INFO BlockManagerMasterEndpoint: Using org.apache.spark.storage.DefaultTopologyMapper for getting topology information
[2025-06-04T12:52:21.881+0000] {spark_submit.py:644} INFO - 25/06/04 12:52:21 INFO BlockManagerMasterEndpoint: BlockManagerMasterEndpoint up
[2025-06-04T12:52:21.883+0000] {spark_submit.py:644} INFO - 25/06/04 12:52:21 INFO SparkEnv: Registering BlockManagerMasterHeartbeat
[2025-06-04T12:52:21.896+0000] {spark_submit.py:644} INFO - 25/06/04 12:52:21 INFO DiskBlockManager: Created local directory at /tmp/blockmgr-9be8e3c0-2ffb-4a78-b9cb-2a306cdfd0d3
[2025-06-04T12:52:21.904+0000] {spark_submit.py:644} INFO - 25/06/04 12:52:21 INFO MemoryStore: MemoryStore started with capacity 434.4 MiB
[2025-06-04T12:52:21.913+0000] {spark_submit.py:644} INFO - 25/06/04 12:52:21 INFO SparkEnv: Registering OutputCommitCoordinator
[2025-06-04T12:52:21.990+0000] {spark_submit.py:644} INFO - 25/06/04 12:52:21 INFO JettyUtils: Start Jetty 0.0.0.0:4040 for SparkUI
[2025-06-04T12:52:22.030+0000] {spark_submit.py:644} INFO - 25/06/04 12:52:22 INFO Utils: Successfully started service 'SparkUI' on port 4040.
[2025-06-04T12:52:22.051+0000] {spark_submit.py:644} INFO - 25/06/04 12:52:22 INFO SparkContext: Added JAR file:///home/***/.ivy2/jars/org.apache.hadoop_hadoop-aws-3.3.4.jar at spark://7a96f6941b0b:32811/jars/org.apache.hadoop_hadoop-aws-3.3.4.jar with timestamp 1749041541640
[2025-06-04T12:52:22.051+0000] {spark_submit.py:644} INFO - 25/06/04 12:52:22 INFO SparkContext: Added JAR file:///home/***/.ivy2/jars/com.amazonaws_aws-java-sdk-bundle-1.12.262.jar at spark://7a96f6941b0b:32811/jars/com.amazonaws_aws-java-sdk-bundle-1.12.262.jar with timestamp 1749041541640
[2025-06-04T12:52:22.052+0000] {spark_submit.py:644} INFO - 25/06/04 12:52:22 INFO SparkContext: Added JAR file:///home/***/.ivy2/jars/io.delta_delta-spark_2.12-3.1.0.jar at spark://7a96f6941b0b:32811/jars/io.delta_delta-spark_2.12-3.1.0.jar with timestamp 1749041541640
[2025-06-04T12:52:22.052+0000] {spark_submit.py:644} INFO - 25/06/04 12:52:22 INFO SparkContext: Added JAR file:///home/***/.ivy2/jars/org.wildfly.openssl_wildfly-openssl-1.0.7.Final.jar at spark://7a96f6941b0b:32811/jars/org.wildfly.openssl_wildfly-openssl-1.0.7.Final.jar with timestamp 1749041541640
[2025-06-04T12:52:22.052+0000] {spark_submit.py:644} INFO - 25/06/04 12:52:22 INFO SparkContext: Added JAR file:///home/***/.ivy2/jars/io.delta_delta-storage-3.1.0.jar at spark://7a96f6941b0b:32811/jars/io.delta_delta-storage-3.1.0.jar with timestamp 1749041541640
[2025-06-04T12:52:22.052+0000] {spark_submit.py:644} INFO - 25/06/04 12:52:22 INFO SparkContext: Added JAR file:///home/***/.ivy2/jars/org.antlr_antlr4-runtime-4.9.3.jar at spark://7a96f6941b0b:32811/jars/org.antlr_antlr4-runtime-4.9.3.jar with timestamp 1749041541640
[2025-06-04T12:52:22.053+0000] {spark_submit.py:644} INFO - 25/06/04 12:52:22 INFO SparkContext: Added file file:///home/***/.ivy2/jars/org.apache.hadoop_hadoop-aws-3.3.4.jar at spark://7a96f6941b0b:32811/files/org.apache.hadoop_hadoop-aws-3.3.4.jar with timestamp 1749041541640
[2025-06-04T12:52:22.054+0000] {spark_submit.py:644} INFO - 25/06/04 12:52:22 INFO Utils: Copying /home/***/.ivy2/jars/org.apache.hadoop_hadoop-aws-3.3.4.jar to /tmp/spark-c4955c2c-b70d-401b-b6c0-c5c239577cdf/userFiles-b3ab4d91-41a5-4a7f-9127-f6387c64ae10/org.apache.hadoop_hadoop-aws-3.3.4.jar
[2025-06-04T12:52:22.068+0000] {spark_submit.py:644} INFO - 25/06/04 12:52:22 INFO SparkContext: Added file file:///home/***/.ivy2/jars/com.amazonaws_aws-java-sdk-bundle-1.12.262.jar at spark://7a96f6941b0b:32811/files/com.amazonaws_aws-java-sdk-bundle-1.12.262.jar with timestamp 1749041541640
[2025-06-04T12:52:22.068+0000] {spark_submit.py:644} INFO - 25/06/04 12:52:22 INFO Utils: Copying /home/***/.ivy2/jars/com.amazonaws_aws-java-sdk-bundle-1.12.262.jar to /tmp/spark-c4955c2c-b70d-401b-b6c0-c5c239577cdf/userFiles-b3ab4d91-41a5-4a7f-9127-f6387c64ae10/com.amazonaws_aws-java-sdk-bundle-1.12.262.jar
[2025-06-04T12:52:22.160+0000] {spark_submit.py:644} INFO - 25/06/04 12:52:22 INFO SparkContext: Added file file:///home/***/.ivy2/jars/io.delta_delta-spark_2.12-3.1.0.jar at spark://7a96f6941b0b:32811/files/io.delta_delta-spark_2.12-3.1.0.jar with timestamp 1749041541640
[2025-06-04T12:52:22.163+0000] {spark_submit.py:644} INFO - 25/06/04 12:52:22 INFO Utils: Copying /home/***/.ivy2/jars/io.delta_delta-spark_2.12-3.1.0.jar to /tmp/spark-c4955c2c-b70d-401b-b6c0-c5c239577cdf/userFiles-b3ab4d91-41a5-4a7f-9127-f6387c64ae10/io.delta_delta-spark_2.12-3.1.0.jar
[2025-06-04T12:52:22.165+0000] {spark_submit.py:644} INFO - 25/06/04 12:52:22 INFO SparkContext: Added file file:///home/***/.ivy2/jars/org.wildfly.openssl_wildfly-openssl-1.0.7.Final.jar at spark://7a96f6941b0b:32811/files/org.wildfly.openssl_wildfly-openssl-1.0.7.Final.jar with timestamp 1749041541640
[2025-06-04T12:52:22.165+0000] {spark_submit.py:644} INFO - 25/06/04 12:52:22 INFO Utils: Copying /home/***/.ivy2/jars/org.wildfly.openssl_wildfly-openssl-1.0.7.Final.jar to /tmp/spark-c4955c2c-b70d-401b-b6c0-c5c239577cdf/userFiles-b3ab4d91-41a5-4a7f-9127-f6387c64ae10/org.wildfly.openssl_wildfly-openssl-1.0.7.Final.jar
[2025-06-04T12:52:22.167+0000] {spark_submit.py:644} INFO - 25/06/04 12:52:22 INFO SparkContext: Added file file:///home/***/.ivy2/jars/io.delta_delta-storage-3.1.0.jar at spark://7a96f6941b0b:32811/files/io.delta_delta-storage-3.1.0.jar with timestamp 1749041541640
[2025-06-04T12:52:22.173+0000] {spark_submit.py:644} INFO - 25/06/04 12:52:22 INFO Utils: Copying /home/***/.ivy2/jars/io.delta_delta-storage-3.1.0.jar to /tmp/spark-c4955c2c-b70d-401b-b6c0-c5c239577cdf/userFiles-b3ab4d91-41a5-4a7f-9127-f6387c64ae10/io.delta_delta-storage-3.1.0.jar
[2025-06-04T12:52:22.173+0000] {spark_submit.py:644} INFO - 25/06/04 12:52:22 INFO SparkContext: Added file file:///home/***/.ivy2/jars/org.antlr_antlr4-runtime-4.9.3.jar at spark://7a96f6941b0b:32811/files/org.antlr_antlr4-runtime-4.9.3.jar with timestamp 1749041541640
[2025-06-04T12:52:22.173+0000] {spark_submit.py:644} INFO - 25/06/04 12:52:22 INFO Utils: Copying /home/***/.ivy2/jars/org.antlr_antlr4-runtime-4.9.3.jar to /tmp/spark-c4955c2c-b70d-401b-b6c0-c5c239577cdf/userFiles-b3ab4d91-41a5-4a7f-9127-f6387c64ae10/org.antlr_antlr4-runtime-4.9.3.jar
[2025-06-04T12:52:22.224+0000] {spark_submit.py:644} INFO - 25/06/04 12:52:22 INFO StandaloneAppClient$ClientEndpoint: Connecting to master spark://spark-master:7077...
[2025-06-04T12:52:22.250+0000] {spark_submit.py:644} INFO - 25/06/04 12:52:22 INFO TransportClientFactory: Successfully created connection to spark-master/172.19.0.6:7077 after 13 ms (0 ms spent in bootstraps)
[2025-06-04T12:52:22.333+0000] {spark_submit.py:644} INFO - 25/06/04 12:52:22 INFO StandaloneSchedulerBackend: Connected to Spark cluster with app ID app-20250604125222-0000
[2025-06-04T12:52:22.338+0000] {spark_submit.py:644} INFO - 25/06/04 12:52:22 INFO Utils: Successfully started service 'org.apache.spark.network.netty.NettyBlockTransferService' on port 34991.
[2025-06-04T12:52:22.338+0000] {spark_submit.py:644} INFO - 25/06/04 12:52:22 INFO NettyBlockTransferService: Server created on 7a96f6941b0b:34991
[2025-06-04T12:52:22.339+0000] {spark_submit.py:644} INFO - 25/06/04 12:52:22 INFO BlockManager: Using org.apache.spark.storage.RandomBlockReplicationPolicy for block replication policy
[2025-06-04T12:52:22.343+0000] {spark_submit.py:644} INFO - 25/06/04 12:52:22 INFO BlockManagerMaster: Registering BlockManager BlockManagerId(driver, 7a96f6941b0b, 34991, None)
[2025-06-04T12:52:22.344+0000] {spark_submit.py:644} INFO - 25/06/04 12:52:22 INFO BlockManagerMasterEndpoint: Registering block manager 7a96f6941b0b:34991 with 434.4 MiB RAM, BlockManagerId(driver, 7a96f6941b0b, 34991, None)
[2025-06-04T12:52:22.346+0000] {spark_submit.py:644} INFO - 25/06/04 12:52:22 INFO BlockManagerMaster: Registered BlockManager BlockManagerId(driver, 7a96f6941b0b, 34991, None)
[2025-06-04T12:52:22.346+0000] {spark_submit.py:644} INFO - 25/06/04 12:52:22 INFO BlockManager: Initialized BlockManager: BlockManagerId(driver, 7a96f6941b0b, 34991, None)
[2025-06-04T12:52:22.539+0000] {spark_submit.py:644} INFO - 25/06/04 12:52:22 INFO StandaloneSchedulerBackend: SchedulerBackend is ready for scheduling beginning after reached minRegisteredResourcesRatio: 0.0
[2025-06-04T12:52:22.679+0000] {spark_submit.py:644} INFO - Bronze Ingestion: Spark session created.
[2025-06-04T12:52:22.682+0000] {spark_submit.py:644} INFO - 25/06/04 12:52:22 INFO SharedState: Setting hive.metastore.warehouse.dir ('null') to the value of spark.sql.warehouse.dir.
[2025-06-04T12:52:22.742+0000] {spark_submit.py:644} INFO - 25/06/04 12:52:22 WARN MetricsConfig: Cannot locate configuration: tried hadoop-metrics2-s3a-file-system.properties,hadoop-metrics2.properties
[2025-06-04T12:52:22.748+0000] {spark_submit.py:644} INFO - 25/06/04 12:52:22 INFO MetricsSystemImpl: Scheduled Metric snapshot period at 10 second(s).
[2025-06-04T12:52:22.749+0000] {spark_submit.py:644} INFO - 25/06/04 12:52:22 INFO MetricsSystemImpl: s3a-file-system metrics system started
[2025-06-04T12:52:23.027+0000] {spark_submit.py:644} INFO - 25/06/04 12:52:23 INFO SharedState: Warehouse path is 's3a://mybucket'.
[2025-06-04T12:52:23.559+0000] {spark_submit.py:644} INFO - 25/06/04 12:52:23 INFO InMemoryFileIndex: It took 23 ms to list leaf files for 1 paths.
[2025-06-04T12:52:23.946+0000] {spark_submit.py:644} INFO - Successfully loaded Stephen Curry stats from: /opt/***/data/Stephen Curry Stats.parquet
[2025-06-04T12:52:24.355+0000] {spark_submit.py:644} INFO - 25/06/04 12:52:24 INFO HiveConf: Found configuration file null
[2025-06-04T12:52:24.360+0000] {spark_submit.py:644} INFO - 25/06/04 12:52:24 INFO HiveUtils: Initializing HiveMetastoreConnection version 2.3.9 using Spark classes.
[2025-06-04T12:52:24.463+0000] {spark_submit.py:644} INFO - 25/06/04 12:52:24 INFO HiveClientImpl: Warehouse location for Hive client (version 2.3.9) is s3a://mybucket
[2025-06-04T12:52:24.488+0000] {spark_submit.py:644} INFO - 25/06/04 12:52:24 INFO metastore: Trying to connect to metastore with URI thrift://hive-metastore:9083
[2025-06-04T12:52:24.501+0000] {spark_submit.py:644} INFO - 25/06/04 12:52:24 INFO metastore: Opened a connection to metastore, current connections: 1
[2025-06-04T12:52:24.516+0000] {spark_submit.py:644} INFO - 25/06/04 12:52:24 INFO metastore: Connected to metastore.
[2025-06-04T12:52:24.731+0000] {spark_submit.py:644} INFO - Writing data to Bronze layer at: s3a://mybucket/bronze/curry_raw_data/
[2025-06-04T12:52:24.805+0000] {spark_submit.py:644} INFO - 25/06/04 12:52:24 WARN SparkStringUtils: Truncated the string representation of a plan since it was too large. This behavior can be adjusted by setting 'spark.sql.debug.maxToStringFields'.
[2025-06-04T12:52:25.392+0000] {spark_submit.py:644} INFO - 25/06/04 12:52:25 INFO DelegatingLogStore: LogStore `LogStoreAdapter(io.delta.storage.S3SingleDriverLogStore)` is used for scheme `s3a`
[2025-06-04T12:52:25.516+0000] {spark_submit.py:644} INFO - 25/06/04 12:52:25 INFO DeltaLog: Loading version 4.
[2025-06-04T12:52:25.757+0000] {spark_submit.py:644} INFO - 25/06/04 12:52:25 INFO DeltaLogFileIndex: Created DeltaLogFileIndex(JSON, numFilesInSegment: 5, totalFileSize: 11227)
[2025-06-04T12:52:25.890+0000] {spark_submit.py:644} INFO - 25/06/04 12:52:25 INFO DataSourceStrategy: Pruning directories with:
[2025-06-04T12:52:25.893+0000] {spark_submit.py:644} INFO - 25/06/04 12:52:25 INFO FileSourceStrategy: Pushed Filters:
[2025-06-04T12:52:25.894+0000] {spark_submit.py:644} INFO - 25/06/04 12:52:25 INFO FileSourceStrategy: Post-Scan Filters: (isnotnull(protocol#150.minReaderVersion) OR isnotnull(metaData#149.id))
[2025-06-04T12:52:26.114+0000] {spark_submit.py:644} INFO - 25/06/04 12:52:26 INFO CodeGenerator: Code generated in 141.239041 ms
[2025-06-04T12:52:26.143+0000] {spark_submit.py:644} INFO - 25/06/04 12:52:26 INFO MemoryStore: Block broadcast_0 stored as values in memory (estimated size 205.2 KiB, free 434.2 MiB)
[2025-06-04T12:52:26.168+0000] {spark_submit.py:644} INFO - 25/06/04 12:52:26 INFO MemoryStore: Block broadcast_0_piece0 stored as bytes in memory (estimated size 36.1 KiB, free 434.2 MiB)
[2025-06-04T12:52:26.169+0000] {spark_submit.py:644} INFO - 25/06/04 12:52:26 INFO BlockManagerInfo: Added broadcast_0_piece0 in memory on 7a96f6941b0b:34991 (size: 36.1 KiB, free: 434.4 MiB)
[2025-06-04T12:52:26.172+0000] {spark_submit.py:644} INFO - 25/06/04 12:52:26 INFO SparkContext: Created broadcast 0 from toString at String.java:4220
[2025-06-04T12:52:26.183+0000] {spark_submit.py:644} INFO - 25/06/04 12:52:26 INFO FileSourceScanExec: Planning scan with bin packing, max size: 10491373 bytes, open cost is considered as scanning 4194304 bytes.
[2025-06-04T12:52:26.275+0000] {spark_submit.py:644} INFO - 25/06/04 12:52:26 INFO SparkContext: Starting job: toString at String.java:4220
[2025-06-04T12:52:26.282+0000] {spark_submit.py:644} INFO - 25/06/04 12:52:26 INFO DAGScheduler: Got job 0 (toString at String.java:4220) with 2 output partitions
[2025-06-04T12:52:26.283+0000] {spark_submit.py:644} INFO - 25/06/04 12:52:26 INFO DAGScheduler: Final stage: ResultStage 0 (toString at String.java:4220)
[2025-06-04T12:52:26.283+0000] {spark_submit.py:644} INFO - 25/06/04 12:52:26 INFO DAGScheduler: Parents of final stage: List()
[2025-06-04T12:52:26.283+0000] {spark_submit.py:644} INFO - 25/06/04 12:52:26 INFO DAGScheduler: Missing parents: List()
[2025-06-04T12:52:26.284+0000] {spark_submit.py:644} INFO - 25/06/04 12:52:26 INFO DAGScheduler: Submitting ResultStage 0 (MapPartitionsRDD[3] at toString at String.java:4220), which has no missing parents
[2025-06-04T12:52:26.293+0000] {spark_submit.py:644} INFO - 25/06/04 12:52:26 INFO MemoryStore: Block broadcast_1 stored as values in memory (estimated size 40.0 KiB, free 434.1 MiB)
[2025-06-04T12:52:26.297+0000] {spark_submit.py:644} INFO - 25/06/04 12:52:26 INFO MemoryStore: Block broadcast_1_piece0 stored as bytes in memory (estimated size 13.7 KiB, free 434.1 MiB)
[2025-06-04T12:52:26.297+0000] {spark_submit.py:644} INFO - 25/06/04 12:52:26 INFO BlockManagerInfo: Added broadcast_1_piece0 in memory on 7a96f6941b0b:34991 (size: 13.7 KiB, free: 434.4 MiB)
[2025-06-04T12:52:26.298+0000] {spark_submit.py:644} INFO - 25/06/04 12:52:26 INFO SparkContext: Created broadcast 1 from broadcast at DAGScheduler.scala:1585
[2025-06-04T12:52:26.308+0000] {spark_submit.py:644} INFO - 25/06/04 12:52:26 INFO DAGScheduler: Submitting 2 missing tasks from ResultStage 0 (MapPartitionsRDD[3] at toString at String.java:4220) (first 15 tasks are for partitions Vector(0, 1))
[2025-06-04T12:52:26.309+0000] {spark_submit.py:644} INFO - 25/06/04 12:52:26 INFO TaskSchedulerImpl: Adding task set 0.0 with 2 tasks resource profile 0
[2025-06-04T12:52:41.322+0000] {spark_submit.py:644} INFO - 25/06/04 12:52:41 WARN TaskSchedulerImpl: Initial job has not accepted any resources; check your cluster UI to ensure that workers are registered and have sufficient resources
[2025-06-04T12:52:56.322+0000] {spark_submit.py:644} INFO - 25/06/04 12:52:56 WARN TaskSchedulerImpl: Initial job has not accepted any resources; check your cluster UI to ensure that workers are registered and have sufficient resources
[2025-06-04T12:53:11.322+0000] {spark_submit.py:644} INFO - 25/06/04 12:53:11 WARN TaskSchedulerImpl: Initial job has not accepted any resources; check your cluster UI to ensure that workers are registered and have sufficient resources
[2025-06-04T12:53:26.318+0000] {spark_submit.py:644} INFO - 25/06/04 12:53:26 WARN TaskSchedulerImpl: Initial job has not accepted any resources; check your cluster UI to ensure that workers are registered and have sufficient resources
[2025-06-04T12:53:41.322+0000] {spark_submit.py:644} INFO - 25/06/04 12:53:41 WARN TaskSchedulerImpl: Initial job has not accepted any resources; check your cluster UI to ensure that workers are registered and have sufficient resources
[2025-06-04T12:53:56.322+0000] {spark_submit.py:644} INFO - 25/06/04 12:53:56 WARN TaskSchedulerImpl: Initial job has not accepted any resources; check your cluster UI to ensure that workers are registered and have sufficient resources
[2025-06-04T12:54:11.317+0000] {spark_submit.py:644} INFO - 25/06/04 12:54:11 WARN TaskSchedulerImpl: Initial job has not accepted any resources; check your cluster UI to ensure that workers are registered and have sufficient resources
[2025-06-04T12:54:26.317+0000] {spark_submit.py:644} INFO - 25/06/04 12:54:26 WARN TaskSchedulerImpl: Initial job has not accepted any resources; check your cluster UI to ensure that workers are registered and have sufficient resources
[2025-06-04T12:54:41.321+0000] {spark_submit.py:644} INFO - 25/06/04 12:54:41 WARN TaskSchedulerImpl: Initial job has not accepted any resources; check your cluster UI to ensure that workers are registered and have sufficient resources
[2025-06-04T12:54:56.317+0000] {spark_submit.py:644} INFO - 25/06/04 12:54:56 WARN TaskSchedulerImpl: Initial job has not accepted any resources; check your cluster UI to ensure that workers are registered and have sufficient resources
[2025-06-04T12:55:11.318+0000] {spark_submit.py:644} INFO - 25/06/04 12:55:11 WARN TaskSchedulerImpl: Initial job has not accepted any resources; check your cluster UI to ensure that workers are registered and have sufficient resources
[2025-06-04T12:55:26.317+0000] {spark_submit.py:644} INFO - 25/06/04 12:55:26 WARN TaskSchedulerImpl: Initial job has not accepted any resources; check your cluster UI to ensure that workers are registered and have sufficient resources
[2025-06-04T12:55:32.340+0000] {spark_submit.py:644} INFO - 25/06/04 12:55:32 INFO StandaloneAppClient$ClientEndpoint: Master removed worker worker-20250604124947-172.19.0.7-40515: 172.19.0.7:40515 got disassociated
[2025-06-04T12:55:32.340+0000] {spark_submit.py:644} INFO - 25/06/04 12:55:32 INFO StandaloneSchedulerBackend: Worker worker-20250604124947-172.19.0.7-40515 removed: 172.19.0.7:40515 got disassociated
[2025-06-04T12:55:32.342+0000] {spark_submit.py:644} INFO - 25/06/04 12:55:32 INFO TaskSchedulerImpl: Handle removed worker worker-20250604124947-172.19.0.7-40515: 172.19.0.7:40515 got disassociated
[2025-06-04T12:55:32.344+0000] {spark_submit.py:644} INFO - 25/06/04 12:55:32 INFO DAGScheduler: Shuffle files lost for worker worker-20250604124947-172.19.0.7-40515 on host 172.19.0.7
[2025-06-04T12:55:37.182+0000] {spark_submit.py:644} INFO - 25/06/04 12:55:37 WARN StandaloneAppClient$ClientEndpoint: Connection to spark-master:7077 failed; waiting for master to reconnect...
[2025-06-04T12:55:37.183+0000] {spark_submit.py:644} INFO - 25/06/04 12:55:37 WARN StandaloneSchedulerBackend: Disconnected from Spark cluster! Waiting for reconnection...
[2025-06-04T12:55:37.183+0000] {spark_submit.py:644} INFO - 25/06/04 12:55:37 WARN StandaloneAppClient$ClientEndpoint: Connection to spark-master:7077 failed; waiting for master to reconnect...
[2025-06-04T12:55:41.317+0000] {spark_submit.py:644} INFO - 25/06/04 12:55:41 WARN TaskSchedulerImpl: Initial job has not accepted any resources; check your cluster UI to ensure that workers are registered and have sufficient resources
[2025-06-04T12:55:56.316+0000] {spark_submit.py:644} INFO - 25/06/04 12:55:56 WARN TaskSchedulerImpl: Initial job has not accepted any resources; check your cluster UI to ensure that workers are registered and have sufficient resources
[2025-06-04T12:56:11.317+0000] {spark_submit.py:644} INFO - 25/06/04 12:56:11 WARN TaskSchedulerImpl: Initial job has not accepted any resources; check your cluster UI to ensure that workers are registered and have sufficient resources
[2025-06-04T12:56:26.317+0000] {spark_submit.py:644} INFO - 25/06/04 12:56:26 WARN TaskSchedulerImpl: Initial job has not accepted any resources; check your cluster UI to ensure that workers are registered and have sufficient resources
[2025-06-04T12:56:41.320+0000] {spark_submit.py:644} INFO - 25/06/04 12:56:41 WARN TaskSchedulerImpl: Initial job has not accepted any resources; check your cluster UI to ensure that workers are registered and have sufficient resources
[2025-06-04T12:56:56.320+0000] {spark_submit.py:644} INFO - 25/06/04 12:56:56 WARN TaskSchedulerImpl: Initial job has not accepted any resources; check your cluster UI to ensure that workers are registered and have sufficient resources
[2025-06-04T12:57:11.317+0000] {spark_submit.py:644} INFO - 25/06/04 12:57:11 WARN TaskSchedulerImpl: Initial job has not accepted any resources; check your cluster UI to ensure that workers are registered and have sufficient resources
[2025-06-04T12:57:26.323+0000] {spark_submit.py:644} INFO - 25/06/04 12:57:26 WARN TaskSchedulerImpl: Initial job has not accepted any resources; check your cluster UI to ensure that workers are registered and have sufficient resources
[2025-06-04T12:57:41.317+0000] {spark_submit.py:644} INFO - 25/06/04 12:57:41 WARN TaskSchedulerImpl: Initial job has not accepted any resources; check your cluster UI to ensure that workers are registered and have sufficient resources
[2025-06-04T12:57:56.316+0000] {spark_submit.py:644} INFO - 25/06/04 12:57:56 WARN TaskSchedulerImpl: Initial job has not accepted any resources; check your cluster UI to ensure that workers are registered and have sufficient resources
[2025-06-04T12:58:11.317+0000] {spark_submit.py:644} INFO - 25/06/04 12:58:11 WARN TaskSchedulerImpl: Initial job has not accepted any resources; check your cluster UI to ensure that workers are registered and have sufficient resources
[2025-06-04T12:58:26.319+0000] {spark_submit.py:644} INFO - 25/06/04 12:58:26 WARN TaskSchedulerImpl: Initial job has not accepted any resources; check your cluster UI to ensure that workers are registered and have sufficient resources
[2025-06-04T12:58:41.320+0000] {spark_submit.py:644} INFO - 25/06/04 12:58:41 WARN TaskSchedulerImpl: Initial job has not accepted any resources; check your cluster UI to ensure that workers are registered and have sufficient resources
[2025-06-04T12:58:56.318+0000] {spark_submit.py:644} INFO - 25/06/04 12:58:56 WARN TaskSchedulerImpl: Initial job has not accepted any resources; check your cluster UI to ensure that workers are registered and have sufficient resources
[2025-06-04T12:59:11.320+0000] {spark_submit.py:644} INFO - 25/06/04 12:59:11 WARN TaskSchedulerImpl: Initial job has not accepted any resources; check your cluster UI to ensure that workers are registered and have sufficient resources
[2025-06-04T12:59:26.321+0000] {spark_submit.py:644} INFO - 25/06/04 12:59:26 WARN TaskSchedulerImpl: Initial job has not accepted any resources; check your cluster UI to ensure that workers are registered and have sufficient resources
[2025-06-04T12:59:41.320+0000] {spark_submit.py:644} INFO - 25/06/04 12:59:41 WARN TaskSchedulerImpl: Initial job has not accepted any resources; check your cluster UI to ensure that workers are registered and have sufficient resources
[2025-06-04T12:59:56.318+0000] {spark_submit.py:644} INFO - 25/06/04 12:59:56 WARN TaskSchedulerImpl: Initial job has not accepted any resources; check your cluster UI to ensure that workers are registered and have sufficient resources
[2025-06-04T13:00:11.316+0000] {spark_submit.py:644} INFO - 25/06/04 13:00:11 WARN TaskSchedulerImpl: Initial job has not accepted any resources; check your cluster UI to ensure that workers are registered and have sufficient resources
[2025-06-04T13:00:26.322+0000] {spark_submit.py:644} INFO - 25/06/04 13:00:26 WARN TaskSchedulerImpl: Initial job has not accepted any resources; check your cluster UI to ensure that workers are registered and have sufficient resources
[2025-06-04T13:00:41.316+0000] {spark_submit.py:644} INFO - 25/06/04 13:00:41 WARN TaskSchedulerImpl: Initial job has not accepted any resources; check your cluster UI to ensure that workers are registered and have sufficient resources
[2025-06-04T13:00:56.318+0000] {spark_submit.py:644} INFO - 25/06/04 13:00:56 WARN TaskSchedulerImpl: Initial job has not accepted any resources; check your cluster UI to ensure that workers are registered and have sufficient resources
[2025-06-04T13:01:11.319+0000] {spark_submit.py:644} INFO - 25/06/04 13:01:11 WARN TaskSchedulerImpl: Initial job has not accepted any resources; check your cluster UI to ensure that workers are registered and have sufficient resources
[2025-06-04T13:01:26.316+0000] {spark_submit.py:644} INFO - 25/06/04 13:01:26 WARN TaskSchedulerImpl: Initial job has not accepted any resources; check your cluster UI to ensure that workers are registered and have sufficient resources
[2025-06-04T13:01:41.320+0000] {spark_submit.py:644} INFO - 25/06/04 13:01:41 WARN TaskSchedulerImpl: Initial job has not accepted any resources; check your cluster UI to ensure that workers are registered and have sufficient resources
[2025-06-04T13:01:56.319+0000] {spark_submit.py:644} INFO - 25/06/04 13:01:56 WARN TaskSchedulerImpl: Initial job has not accepted any resources; check your cluster UI to ensure that workers are registered and have sufficient resources
[2025-06-04T13:02:01.915+0000] {local_task_job_runner.py:127} ERROR - Received SIGTERM. Terminating subprocesses
[2025-06-04T13:02:01.920+0000] {process_utils.py:132} INFO - Sending 15 to group 200. PIDs of all processes in the group: [202, 275, 200]
[2025-06-04T13:02:01.922+0000] {process_utils.py:87} INFO - Sending the signal 15 to group 200
[2025-06-04T13:02:01.926+0000] {taskinstance.py:3093} ERROR - Received SIGTERM. Terminating subprocesses.
[2025-06-04T13:02:01.930+0000] {spark_submit.py:770} INFO - Sending kill signal to spark-submit
[2025-06-04T13:02:01.927+0000] {process_utils.py:80} INFO - Process psutil.Process(pid=275, status='terminated', started='12:52:20') (275) terminated with exit code None
[2025-06-04T13:02:01.960+0000] {taskinstance.py:3311} ERROR - Task failed with exception
Traceback (most recent call last):
  File "/home/airflow/.local/lib/python3.11/site-packages/airflow/models/taskinstance.py", line 767, in _execute_task
    result = _execute_callable(context=context, **execute_callable_kwargs)
             ^^^^^^^^^^^^^^^^^^^^^^^^^^^^^^^^^^^^^^^^^^^^^^^^^^^^^^^^^^^^^
  File "/home/airflow/.local/lib/python3.11/site-packages/airflow/models/taskinstance.py", line 733, in _execute_callable
    return ExecutionCallableRunner(
           ^^^^^^^^^^^^^^^^^^^^^^^^
  File "/home/airflow/.local/lib/python3.11/site-packages/airflow/utils/operator_helpers.py", line 252, in run
    return self.func(*args, **kwargs)
           ^^^^^^^^^^^^^^^^^^^^^^^^^^
  File "/home/airflow/.local/lib/python3.11/site-packages/airflow/models/baseoperator.py", line 417, in wrapper
    return func(self, *args, **kwargs)
           ^^^^^^^^^^^^^^^^^^^^^^^^^^^
  File "/home/airflow/.local/lib/python3.11/site-packages/airflow/providers/apache/spark/operators/spark_submit.py", line 197, in execute
    self._hook.submit(self.application)
  File "/home/airflow/.local/lib/python3.11/site-packages/airflow/providers/apache/spark/hooks/spark_submit.py", line 555, in submit
    self._process_spark_submit_log(iter(self._submit_sp.stdout))  # type: ignore
    ^^^^^^^^^^^^^^^^^^^^^^^^^^^^^^^^^^^^^^^^^^^^^^^^^^^^^^^^^^^^
  File "/home/airflow/.local/lib/python3.11/site-packages/airflow/providers/apache/spark/hooks/spark_submit.py", line 603, in _process_spark_submit_log
    for line in itr:
  File "/home/airflow/.local/lib/python3.11/site-packages/airflow/models/taskinstance.py", line 3095, in signal_handler
    raise AirflowTaskTerminated("Task received SIGTERM signal")
airflow.exceptions.AirflowTaskTerminated: Task received SIGTERM signal
[2025-06-04T13:02:01.992+0000] {taskinstance.py:1225} INFO - Marking task as FAILED. dag_id=curry_medallion_etl, task_id=submit_bronze_etl_job, run_id=manual__2025-06-04T12:51:22.474067+00:00, execution_date=20250604T125122, start_date=20250604T125124, end_date=20250604T130201
[2025-06-04T13:02:02.070+0000] {taskinstance.py:340} INFO - ::group::Post task execution logs
[2025-06-04T13:02:02.158+0000] {process_utils.py:80} INFO - Process psutil.Process(pid=200, status='terminated', exitcode=2, started='12:51:24') (200) terminated with exit code 2
[2025-06-04T13:02:02.164+0000] {process_utils.py:80} INFO - Process psutil.Process(pid=202, status='terminated', started='12:51:24') (202) terminated with exit code None
[2025-06-04T13:02:02.167+0000] {local_task_job_runner.py:266} INFO - Task exited with return code 143
[2025-06-04T13:02:02.252+0000] {taskinstance.py:3895} INFO - 0 downstream tasks scheduled from follow-on schedule check
[2025-06-04T13:02:03.592+0000] {local_task_job_runner.py:127} ERROR - Received SIGTERM. Terminating subprocesses
