[2025-06-03T03:47:30.823+0000] {local_task_job_runner.py:123} INFO - ::group::Pre task execution logs
[2025-06-03T03:47:30.834+0000] {taskinstance.py:2613} INFO - Dependencies all met for dep_context=non-requeueable deps ti=<TaskInstance: curry_medallion_etl.submit_bronze_etl_job manual__2025-06-03T03:47:29.326869+00:00 [queued]>
[2025-06-03T03:47:30.838+0000] {taskinstance.py:2613} INFO - Dependencies all met for dep_context=requeueable deps ti=<TaskInstance: curry_medallion_etl.submit_bronze_etl_job manual__2025-06-03T03:47:29.326869+00:00 [queued]>
[2025-06-03T03:47:30.838+0000] {taskinstance.py:2866} INFO - Starting attempt 1 of 1
[2025-06-03T03:47:30.845+0000] {taskinstance.py:2889} INFO - Executing <Task(SparkSubmitOperator): submit_bronze_etl_job> on 2025-06-03 03:47:29.326869+00:00
[2025-06-03T03:47:30.848+0000] {standard_task_runner.py:72} INFO - Started process 2558 to run task
[2025-06-03T03:47:30.850+0000] {standard_task_runner.py:104} INFO - Running: ['***', 'tasks', 'run', 'curry_medallion_etl', 'submit_bronze_etl_job', 'manual__2025-06-03T03:47:29.326869+00:00', '--job-id', '26', '--raw', '--subdir', 'DAGS_FOLDER/medallion_sales_etl_dag.py', '--cfg-path', '/tmp/tmpipn1zkvk']
[2025-06-03T03:47:30.852+0000] {standard_task_runner.py:105} INFO - Job 26: Subtask submit_bronze_etl_job
[2025-06-03T03:47:30.883+0000] {task_command.py:467} INFO - Running <TaskInstance: curry_medallion_etl.submit_bronze_etl_job manual__2025-06-03T03:47:29.326869+00:00 [running]> on host 083f94398a74
[2025-06-03T03:47:30.937+0000] {taskinstance.py:3132} INFO - Exporting env vars: AIRFLOW_CTX_DAG_OWNER='qdinh18' AIRFLOW_CTX_DAG_ID='curry_medallion_etl' AIRFLOW_CTX_TASK_ID='submit_bronze_etl_job' AIRFLOW_CTX_EXECUTION_DATE='2025-06-03T03:47:29.326869+00:00' AIRFLOW_CTX_TRY_NUMBER='1' AIRFLOW_CTX_DAG_RUN_ID='manual__2025-06-03T03:47:29.326869+00:00'
[2025-06-03T03:47:30.938+0000] {taskinstance.py:731} INFO - ::endgroup::
[2025-06-03T03:47:30.955+0000] {base.py:84} INFO - Retrieving connection 'spark_default'
[2025-06-03T03:47:30.956+0000] {spark_submit.py:474} INFO - Spark-Submit cmd: spark-submit --master spark://spark-master:7077 --conf spark.executor.memory=2g --conf spark.sql.extensions=io.delta.sql.DeltaSparkSessionExtension --conf spark.sql.catalog.spark_catalog=org.apache.spark.sql.delta.catalog.DeltaCatalog --conf spark.hadoop.fs.s3a.endpoint=http://minio:9000 --conf spark.hadoop.fs.s3a.access.key=minioadmin --conf spark.hadoop.fs.s3a.secret.key=****** --conf spark.hadoop.fs.s3a.path.style.access=true --conf spark.hadoop.fs.s3a.impl=org.apache.hadoop.fs.s3a.S3AFileSystem --packages org.apache.hadoop:hadoop-aws:3.3.4,com.amazonaws:aws-java-sdk-bundle:1.12.262,io.delta:delta-spark_2.12:3.1.0 --name bronze_sc_stats_etl --verbose --queue root.default --deploy-mode client /opt/***/dags/bronze_ingestion_sc_stats_etl.py --output_path s3a://mybucket/bronze/curry_raw_data/
[2025-06-03T03:47:31.854+0000] {spark_submit.py:644} INFO - Using properties file: null
[2025-06-03T03:47:31.911+0000] {spark_submit.py:644} INFO - Parsed arguments:
[2025-06-03T03:47:31.912+0000] {spark_submit.py:644} INFO - master                  spark://spark-master:7077
[2025-06-03T03:47:31.912+0000] {spark_submit.py:644} INFO - remote                  null
[2025-06-03T03:47:31.912+0000] {spark_submit.py:644} INFO - deployMode              client
[2025-06-03T03:47:31.912+0000] {spark_submit.py:644} INFO - executorMemory          2g
[2025-06-03T03:47:31.912+0000] {spark_submit.py:644} INFO - executorCores           null
[2025-06-03T03:47:31.912+0000] {spark_submit.py:644} INFO - totalExecutorCores      null
[2025-06-03T03:47:31.913+0000] {spark_submit.py:644} INFO - propertiesFile          null
[2025-06-03T03:47:31.913+0000] {spark_submit.py:644} INFO - driverMemory            null
[2025-06-03T03:47:31.913+0000] {spark_submit.py:644} INFO - driverCores             null
[2025-06-03T03:47:31.913+0000] {spark_submit.py:644} INFO - driverExtraClassPath    null
[2025-06-03T03:47:31.913+0000] {spark_submit.py:644} INFO - driverExtraLibraryPath  null
[2025-06-03T03:47:31.913+0000] {spark_submit.py:644} INFO - driverExtraJavaOptions  null
[2025-06-03T03:47:31.914+0000] {spark_submit.py:644} INFO - supervise               false
[2025-06-03T03:47:31.914+0000] {spark_submit.py:644} INFO - queue                   root.default
[2025-06-03T03:47:31.914+0000] {spark_submit.py:644} INFO - numExecutors            null
[2025-06-03T03:47:31.914+0000] {spark_submit.py:644} INFO - files                   null
[2025-06-03T03:47:31.914+0000] {spark_submit.py:644} INFO - pyFiles                 null
[2025-06-03T03:47:31.914+0000] {spark_submit.py:644} INFO - archives                null
[2025-06-03T03:47:31.915+0000] {spark_submit.py:644} INFO - mainClass               null
[2025-06-03T03:47:31.915+0000] {spark_submit.py:644} INFO - primaryResource         file:/opt/***/dags/bronze_ingestion_sc_stats_etl.py
[2025-06-03T03:47:31.915+0000] {spark_submit.py:644} INFO - name                    bronze_sc_stats_etl
[2025-06-03T03:47:31.915+0000] {spark_submit.py:644} INFO - childArgs               [--output_path s3a://mybucket/bronze/curry_raw_data/]
[2025-06-03T03:47:31.915+0000] {spark_submit.py:644} INFO - jars                    null
[2025-06-03T03:47:31.915+0000] {spark_submit.py:644} INFO - packages                org.apache.hadoop:hadoop-aws:3.3.4,com.amazonaws:aws-java-sdk-bundle:1.12.262,io.delta:delta-spark_2.12:3.1.0
[2025-06-03T03:47:31.915+0000] {spark_submit.py:644} INFO - packagesExclusions      null
[2025-06-03T03:47:31.916+0000] {spark_submit.py:644} INFO - repositories            null
[2025-06-03T03:47:31.916+0000] {spark_submit.py:644} INFO - verbose                 true
[2025-06-03T03:47:31.916+0000] {spark_submit.py:644} INFO - 
[2025-06-03T03:47:31.916+0000] {spark_submit.py:644} INFO - Spark properties used, including those specified through
[2025-06-03T03:47:31.916+0000] {spark_submit.py:644} INFO - --conf and those from the properties file null:
[2025-06-03T03:47:31.916+0000] {spark_submit.py:644} INFO - (spark.executor.memory,2g)
[2025-06-03T03:47:31.916+0000] {spark_submit.py:644} INFO - (spark.hadoop.fs.s3a.access.key,*********(redacted))
[2025-06-03T03:47:31.916+0000] {spark_submit.py:644} INFO - (spark.hadoop.fs.s3a.endpoint,http://minio:9000)
[2025-06-03T03:47:31.916+0000] {spark_submit.py:644} INFO - (spark.hadoop.fs.s3a.impl,org.apache.hadoop.fs.s3a.S3AFileSystem)
[2025-06-03T03:47:31.917+0000] {spark_submit.py:644} INFO - (spark.hadoop.fs.s3a.path.style.access,true)
[2025-06-03T03:47:31.917+0000] {spark_submit.py:644} INFO - (spark.hadoop.fs.s3a.secret.key,*********(redacted))
[2025-06-03T03:47:31.917+0000] {spark_submit.py:644} INFO - (spark.sql.catalog.spark_catalog,org.apache.spark.sql.delta.catalog.DeltaCatalog)
[2025-06-03T03:47:31.917+0000] {spark_submit.py:644} INFO - (spark.sql.extensions,io.delta.sql.DeltaSparkSessionExtension)
[2025-06-03T03:47:31.917+0000] {spark_submit.py:644} INFO - 
[2025-06-03T03:47:31.917+0000] {spark_submit.py:644} INFO - 
[2025-06-03T03:47:31.989+0000] {spark_submit.py:644} INFO - :: loading settings :: url = jar:file:/home/***/.local/lib/python3.11/site-packages/pyspark/jars/ivy-2.5.1.jar!/org/apache/ivy/core/settings/ivysettings.xml
[2025-06-03T03:47:32.033+0000] {spark_submit.py:644} INFO - Ivy Default Cache set to: /home/***/.ivy2/cache
[2025-06-03T03:47:32.033+0000] {spark_submit.py:644} INFO - The jars for the packages stored in: /home/***/.ivy2/jars
[2025-06-03T03:47:32.035+0000] {spark_submit.py:644} INFO - org.apache.hadoop#hadoop-aws added as a dependency
[2025-06-03T03:47:32.035+0000] {spark_submit.py:644} INFO - com.amazonaws#aws-java-sdk-bundle added as a dependency
[2025-06-03T03:47:32.035+0000] {spark_submit.py:644} INFO - io.delta#delta-spark_2.12 added as a dependency
[2025-06-03T03:47:32.036+0000] {spark_submit.py:644} INFO - :: resolving dependencies :: org.apache.spark#spark-submit-parent-14a9950f-58bc-4ef8-9d4f-9207acfe9df9;1.0
[2025-06-03T03:47:32.036+0000] {spark_submit.py:644} INFO - confs: [default]
[2025-06-03T03:47:32.131+0000] {spark_submit.py:644} INFO - found org.apache.hadoop#hadoop-aws;3.3.4 in central
[2025-06-03T03:47:32.144+0000] {spark_submit.py:644} INFO - found com.amazonaws#aws-java-sdk-bundle;1.12.262 in central
[2025-06-03T03:47:32.156+0000] {spark_submit.py:644} INFO - found org.wildfly.openssl#wildfly-openssl;1.0.7.Final in central
[2025-06-03T03:47:32.165+0000] {spark_submit.py:644} INFO - found io.delta#delta-spark_2.12;3.1.0 in central
[2025-06-03T03:47:32.175+0000] {spark_submit.py:644} INFO - found io.delta#delta-storage;3.1.0 in central
[2025-06-03T03:47:32.185+0000] {spark_submit.py:644} INFO - found org.antlr#antlr4-runtime;4.9.3 in central
[2025-06-03T03:47:32.197+0000] {spark_submit.py:644} INFO - :: resolution report :: resolve 156ms :: artifacts dl 6ms
[2025-06-03T03:47:32.197+0000] {spark_submit.py:644} INFO - :: modules in use:
[2025-06-03T03:47:32.197+0000] {spark_submit.py:644} INFO - com.amazonaws#aws-java-sdk-bundle;1.12.262 from central in [default]
[2025-06-03T03:47:32.198+0000] {spark_submit.py:644} INFO - io.delta#delta-spark_2.12;3.1.0 from central in [default]
[2025-06-03T03:47:32.198+0000] {spark_submit.py:644} INFO - io.delta#delta-storage;3.1.0 from central in [default]
[2025-06-03T03:47:32.198+0000] {spark_submit.py:644} INFO - org.antlr#antlr4-runtime;4.9.3 from central in [default]
[2025-06-03T03:47:32.198+0000] {spark_submit.py:644} INFO - org.apache.hadoop#hadoop-aws;3.3.4 from central in [default]
[2025-06-03T03:47:32.198+0000] {spark_submit.py:644} INFO - org.wildfly.openssl#wildfly-openssl;1.0.7.Final from central in [default]
[2025-06-03T03:47:32.198+0000] {spark_submit.py:644} INFO - ---------------------------------------------------------------------
[2025-06-03T03:47:32.199+0000] {spark_submit.py:644} INFO - |                  |            modules            ||   artifacts   |
[2025-06-03T03:47:32.199+0000] {spark_submit.py:644} INFO - |       conf       | number| search|dwnlded|evicted|| number|dwnlded|
[2025-06-03T03:47:32.199+0000] {spark_submit.py:644} INFO - ---------------------------------------------------------------------
[2025-06-03T03:47:32.199+0000] {spark_submit.py:644} INFO - |      default     |   6   |   0   |   0   |   0   ||   6   |   0   |
[2025-06-03T03:47:32.199+0000] {spark_submit.py:644} INFO - ---------------------------------------------------------------------
[2025-06-03T03:47:32.200+0000] {spark_submit.py:644} INFO - :: retrieving :: org.apache.spark#spark-submit-parent-14a9950f-58bc-4ef8-9d4f-9207acfe9df9
[2025-06-03T03:47:32.201+0000] {spark_submit.py:644} INFO - confs: [default]
[2025-06-03T03:47:32.204+0000] {spark_submit.py:644} INFO - 0 artifacts copied, 6 already retrieved (0kB/4ms)
[2025-06-03T03:47:32.318+0000] {spark_submit.py:644} INFO - 25/06/03 03:47:32 WARN NativeCodeLoader: Unable to load native-hadoop library for your platform... using builtin-java classes where applicable
[2025-06-03T03:47:32.421+0000] {spark_submit.py:644} INFO - Main class:
[2025-06-03T03:47:32.421+0000] {spark_submit.py:644} INFO - org.apache.spark.deploy.PythonRunner
[2025-06-03T03:47:32.422+0000] {spark_submit.py:644} INFO - Arguments:
[2025-06-03T03:47:32.422+0000] {spark_submit.py:644} INFO - file:/opt/***/dags/bronze_ingestion_sc_stats_etl.py
[2025-06-03T03:47:32.422+0000] {spark_submit.py:644} INFO - file:///home/***/.ivy2/jars/org.apache.hadoop_hadoop-aws-3.3.4.jar,file:///home/***/.ivy2/jars/com.amazonaws_aws-java-sdk-bundle-1.12.262.jar,file:///home/***/.ivy2/jars/io.delta_delta-spark_2.12-3.1.0.jar,file:///home/***/.ivy2/jars/org.wildfly.openssl_wildfly-openssl-1.0.7.Final.jar,file:///home/***/.ivy2/jars/io.delta_delta-storage-3.1.0.jar,file:///home/***/.ivy2/jars/org.antlr_antlr4-runtime-4.9.3.jar
[2025-06-03T03:47:32.422+0000] {spark_submit.py:644} INFO - --output_path
[2025-06-03T03:47:32.422+0000] {spark_submit.py:644} INFO - s3a://mybucket/bronze/curry_raw_data/
[2025-06-03T03:47:32.423+0000] {spark_submit.py:644} INFO - Spark config:
[2025-06-03T03:47:32.423+0000] {spark_submit.py:644} INFO - (spark.app.name,bronze_sc_stats_etl)
[2025-06-03T03:47:32.423+0000] {spark_submit.py:644} INFO - (spark.app.submitTime,1748922452413)
[2025-06-03T03:47:32.423+0000] {spark_submit.py:644} INFO - (spark.executor.memory,2g)
[2025-06-03T03:47:32.423+0000] {spark_submit.py:644} INFO - (spark.files,file:///home/***/.ivy2/jars/org.apache.hadoop_hadoop-aws-3.3.4.jar,file:///home/***/.ivy2/jars/com.amazonaws_aws-java-sdk-bundle-1.12.262.jar,file:///home/***/.ivy2/jars/io.delta_delta-spark_2.12-3.1.0.jar,file:///home/***/.ivy2/jars/org.wildfly.openssl_wildfly-openssl-1.0.7.Final.jar,file:///home/***/.ivy2/jars/io.delta_delta-storage-3.1.0.jar,file:///home/***/.ivy2/jars/org.antlr_antlr4-runtime-4.9.3.jar)
[2025-06-03T03:47:32.423+0000] {spark_submit.py:644} INFO - (spark.hadoop.fs.s3a.access.key,*********(redacted))
[2025-06-03T03:47:32.424+0000] {spark_submit.py:644} INFO - (spark.hadoop.fs.s3a.endpoint,http://minio:9000)
[2025-06-03T03:47:32.424+0000] {spark_submit.py:644} INFO - (spark.hadoop.fs.s3a.impl,org.apache.hadoop.fs.s3a.S3AFileSystem)
[2025-06-03T03:47:32.424+0000] {spark_submit.py:644} INFO - (spark.hadoop.fs.s3a.path.style.access,true)
[2025-06-03T03:47:32.424+0000] {spark_submit.py:644} INFO - (spark.hadoop.fs.s3a.secret.key,*********(redacted))
[2025-06-03T03:47:32.424+0000] {spark_submit.py:644} INFO - (spark.jars,file:///home/***/.ivy2/jars/org.apache.hadoop_hadoop-aws-3.3.4.jar,file:///home/***/.ivy2/jars/com.amazonaws_aws-java-sdk-bundle-1.12.262.jar,file:///home/***/.ivy2/jars/io.delta_delta-spark_2.12-3.1.0.jar,file:///home/***/.ivy2/jars/org.wildfly.openssl_wildfly-openssl-1.0.7.Final.jar,file:///home/***/.ivy2/jars/io.delta_delta-storage-3.1.0.jar,file:///home/***/.ivy2/jars/org.antlr_antlr4-runtime-4.9.3.jar)
[2025-06-03T03:47:32.425+0000] {spark_submit.py:644} INFO - (spark.master,spark://spark-master:7077)
[2025-06-03T03:47:32.425+0000] {spark_submit.py:644} INFO - (spark.repl.local.jars,file:///home/***/.ivy2/jars/org.apache.hadoop_hadoop-aws-3.3.4.jar,file:///home/***/.ivy2/jars/com.amazonaws_aws-java-sdk-bundle-1.12.262.jar,file:///home/***/.ivy2/jars/io.delta_delta-spark_2.12-3.1.0.jar,file:///home/***/.ivy2/jars/org.wildfly.openssl_wildfly-openssl-1.0.7.Final.jar,file:///home/***/.ivy2/jars/io.delta_delta-storage-3.1.0.jar,file:///home/***/.ivy2/jars/org.antlr_antlr4-runtime-4.9.3.jar)
[2025-06-03T03:47:32.425+0000] {spark_submit.py:644} INFO - (spark.sql.catalog.spark_catalog,org.apache.spark.sql.delta.catalog.DeltaCatalog)
[2025-06-03T03:47:32.425+0000] {spark_submit.py:644} INFO - (spark.sql.extensions,io.delta.sql.DeltaSparkSessionExtension)
[2025-06-03T03:47:32.425+0000] {spark_submit.py:644} INFO - (spark.submit.deployMode,client)
[2025-06-03T03:47:32.425+0000] {spark_submit.py:644} INFO - (spark.submit.pyFiles,/home/***/.ivy2/jars/org.apache.hadoop_hadoop-aws-3.3.4.jar,/home/***/.ivy2/jars/com.amazonaws_aws-java-sdk-bundle-1.12.262.jar,/home/***/.ivy2/jars/io.delta_delta-spark_2.12-3.1.0.jar,/home/***/.ivy2/jars/org.wildfly.openssl_wildfly-openssl-1.0.7.Final.jar,/home/***/.ivy2/jars/io.delta_delta-storage-3.1.0.jar,/home/***/.ivy2/jars/org.antlr_antlr4-runtime-4.9.3.jar)
[2025-06-03T03:47:32.426+0000] {spark_submit.py:644} INFO - Classpath elements:
[2025-06-03T03:47:32.426+0000] {spark_submit.py:644} INFO - file:///home/***/.ivy2/jars/org.apache.hadoop_hadoop-aws-3.3.4.jar
[2025-06-03T03:47:32.426+0000] {spark_submit.py:644} INFO - file:///home/***/.ivy2/jars/com.amazonaws_aws-java-sdk-bundle-1.12.262.jar
[2025-06-03T03:47:32.426+0000] {spark_submit.py:644} INFO - file:///home/***/.ivy2/jars/io.delta_delta-spark_2.12-3.1.0.jar
[2025-06-03T03:47:32.426+0000] {spark_submit.py:644} INFO - file:///home/***/.ivy2/jars/org.wildfly.openssl_wildfly-openssl-1.0.7.Final.jar
[2025-06-03T03:47:32.426+0000] {spark_submit.py:644} INFO - file:///home/***/.ivy2/jars/io.delta_delta-storage-3.1.0.jar
[2025-06-03T03:47:32.426+0000] {spark_submit.py:644} INFO - file:///home/***/.ivy2/jars/org.antlr_antlr4-runtime-4.9.3.jar
[2025-06-03T03:47:32.427+0000] {spark_submit.py:644} INFO - 
[2025-06-03T03:47:32.427+0000] {spark_submit.py:644} INFO - 
[2025-06-03T03:47:33.155+0000] {spark_submit.py:644} INFO - 25/06/03 03:47:33 INFO SparkContext: Running Spark version 3.5.2
[2025-06-03T03:47:33.156+0000] {spark_submit.py:644} INFO - 25/06/03 03:47:33 INFO SparkContext: OS info Linux, 6.10.14-linuxkit, aarch64
[2025-06-03T03:47:33.156+0000] {spark_submit.py:644} INFO - 25/06/03 03:47:33 INFO SparkContext: Java version 17.0.15
[2025-06-03T03:47:33.171+0000] {spark_submit.py:644} INFO - 25/06/03 03:47:33 INFO ResourceUtils: ==============================================================
[2025-06-03T03:47:33.172+0000] {spark_submit.py:644} INFO - 25/06/03 03:47:33 INFO ResourceUtils: No custom resources configured for spark.driver.
[2025-06-03T03:47:33.172+0000] {spark_submit.py:644} INFO - 25/06/03 03:47:33 INFO ResourceUtils: ==============================================================
[2025-06-03T03:47:33.172+0000] {spark_submit.py:644} INFO - 25/06/03 03:47:33 INFO SparkContext: Submitted application: BronzeIngestionStephenCurryStats
[2025-06-03T03:47:33.184+0000] {spark_submit.py:644} INFO - 25/06/03 03:47:33 INFO ResourceProfile: Default ResourceProfile created, executor resources: Map(memory -> name: memory, amount: 2048, script: , vendor: , offHeap -> name: offHeap, amount: 0, script: , vendor: ), task resources: Map(cpus -> name: cpus, amount: 1.0)
[2025-06-03T03:47:33.189+0000] {spark_submit.py:644} INFO - 25/06/03 03:47:33 INFO ResourceProfile: Limiting resource is cpu
[2025-06-03T03:47:33.190+0000] {spark_submit.py:644} INFO - 25/06/03 03:47:33 INFO ResourceProfileManager: Added ResourceProfile id: 0
[2025-06-03T03:47:33.229+0000] {spark_submit.py:644} INFO - 25/06/03 03:47:33 INFO SecurityManager: Changing view acls to: ***
[2025-06-03T03:47:33.230+0000] {spark_submit.py:644} INFO - 25/06/03 03:47:33 INFO SecurityManager: Changing modify acls to: ***
[2025-06-03T03:47:33.230+0000] {spark_submit.py:644} INFO - 25/06/03 03:47:33 INFO SecurityManager: Changing view acls groups to:
[2025-06-03T03:47:33.230+0000] {spark_submit.py:644} INFO - 25/06/03 03:47:33 INFO SecurityManager: Changing modify acls groups to:
[2025-06-03T03:47:33.230+0000] {spark_submit.py:644} INFO - 25/06/03 03:47:33 INFO SecurityManager: SecurityManager: authentication disabled; ui acls disabled; users with view permissions: ***; groups with view permissions: EMPTY; users with modify permissions: ***; groups with modify permissions: EMPTY
[2025-06-03T03:47:33.365+0000] {spark_submit.py:644} INFO - 25/06/03 03:47:33 INFO Utils: Successfully started service 'sparkDriver' on port 46415.
[2025-06-03T03:47:33.389+0000] {spark_submit.py:644} INFO - 25/06/03 03:47:33 INFO SparkEnv: Registering MapOutputTracker
[2025-06-03T03:47:33.415+0000] {spark_submit.py:644} INFO - 25/06/03 03:47:33 INFO SparkEnv: Registering BlockManagerMaster
[2025-06-03T03:47:33.426+0000] {spark_submit.py:644} INFO - 25/06/03 03:47:33 INFO BlockManagerMasterEndpoint: Using org.apache.spark.storage.DefaultTopologyMapper for getting topology information
[2025-06-03T03:47:33.426+0000] {spark_submit.py:644} INFO - 25/06/03 03:47:33 INFO BlockManagerMasterEndpoint: BlockManagerMasterEndpoint up
[2025-06-03T03:47:33.429+0000] {spark_submit.py:644} INFO - 25/06/03 03:47:33 INFO SparkEnv: Registering BlockManagerMasterHeartbeat
[2025-06-03T03:47:33.445+0000] {spark_submit.py:644} INFO - 25/06/03 03:47:33 INFO DiskBlockManager: Created local directory at /tmp/blockmgr-ebb6b086-024c-4f67-8707-22a94fde746c
[2025-06-03T03:47:33.453+0000] {spark_submit.py:644} INFO - 25/06/03 03:47:33 INFO MemoryStore: MemoryStore started with capacity 434.4 MiB
[2025-06-03T03:47:33.462+0000] {spark_submit.py:644} INFO - 25/06/03 03:47:33 INFO SparkEnv: Registering OutputCommitCoordinator
[2025-06-03T03:47:33.546+0000] {spark_submit.py:644} INFO - 25/06/03 03:47:33 INFO JettyUtils: Start Jetty 0.0.0.0:4040 for SparkUI
[2025-06-03T03:47:33.587+0000] {spark_submit.py:644} INFO - 25/06/03 03:47:33 INFO Utils: Successfully started service 'SparkUI' on port 4040.
[2025-06-03T03:47:33.609+0000] {spark_submit.py:644} INFO - 25/06/03 03:47:33 INFO SparkContext: Added JAR file:///home/***/.ivy2/jars/org.apache.hadoop_hadoop-aws-3.3.4.jar at spark://083f94398a74:46415/jars/org.apache.hadoop_hadoop-aws-3.3.4.jar with timestamp 1748922453151
[2025-06-03T03:47:33.609+0000] {spark_submit.py:644} INFO - 25/06/03 03:47:33 INFO SparkContext: Added JAR file:///home/***/.ivy2/jars/com.amazonaws_aws-java-sdk-bundle-1.12.262.jar at spark://083f94398a74:46415/jars/com.amazonaws_aws-java-sdk-bundle-1.12.262.jar with timestamp 1748922453151
[2025-06-03T03:47:33.610+0000] {spark_submit.py:644} INFO - 25/06/03 03:47:33 INFO SparkContext: Added JAR file:///home/***/.ivy2/jars/io.delta_delta-spark_2.12-3.1.0.jar at spark://083f94398a74:46415/jars/io.delta_delta-spark_2.12-3.1.0.jar with timestamp 1748922453151
[2025-06-03T03:47:33.610+0000] {spark_submit.py:644} INFO - 25/06/03 03:47:33 INFO SparkContext: Added JAR file:///home/***/.ivy2/jars/org.wildfly.openssl_wildfly-openssl-1.0.7.Final.jar at spark://083f94398a74:46415/jars/org.wildfly.openssl_wildfly-openssl-1.0.7.Final.jar with timestamp 1748922453151
[2025-06-03T03:47:33.610+0000] {spark_submit.py:644} INFO - 25/06/03 03:47:33 INFO SparkContext: Added JAR file:///home/***/.ivy2/jars/io.delta_delta-storage-3.1.0.jar at spark://083f94398a74:46415/jars/io.delta_delta-storage-3.1.0.jar with timestamp 1748922453151
[2025-06-03T03:47:33.610+0000] {spark_submit.py:644} INFO - 25/06/03 03:47:33 INFO SparkContext: Added JAR file:///home/***/.ivy2/jars/org.antlr_antlr4-runtime-4.9.3.jar at spark://083f94398a74:46415/jars/org.antlr_antlr4-runtime-4.9.3.jar with timestamp 1748922453151
[2025-06-03T03:47:33.611+0000] {spark_submit.py:644} INFO - 25/06/03 03:47:33 INFO SparkContext: Added file file:///home/***/.ivy2/jars/org.apache.hadoop_hadoop-aws-3.3.4.jar at spark://083f94398a74:46415/files/org.apache.hadoop_hadoop-aws-3.3.4.jar with timestamp 1748922453151
[2025-06-03T03:47:33.612+0000] {spark_submit.py:644} INFO - 25/06/03 03:47:33 INFO Utils: Copying /home/***/.ivy2/jars/org.apache.hadoop_hadoop-aws-3.3.4.jar to /tmp/spark-e414ae00-93fc-4a5f-a75b-9cf66684935c/userFiles-7381760d-0153-4dd7-ad44-97439c632542/org.apache.hadoop_hadoop-aws-3.3.4.jar
[2025-06-03T03:47:33.622+0000] {spark_submit.py:644} INFO - 25/06/03 03:47:33 INFO SparkContext: Added file file:///home/***/.ivy2/jars/com.amazonaws_aws-java-sdk-bundle-1.12.262.jar at spark://083f94398a74:46415/files/com.amazonaws_aws-java-sdk-bundle-1.12.262.jar with timestamp 1748922453151
[2025-06-03T03:47:33.622+0000] {spark_submit.py:644} INFO - 25/06/03 03:47:33 INFO Utils: Copying /home/***/.ivy2/jars/com.amazonaws_aws-java-sdk-bundle-1.12.262.jar to /tmp/spark-e414ae00-93fc-4a5f-a75b-9cf66684935c/userFiles-7381760d-0153-4dd7-ad44-97439c632542/com.amazonaws_aws-java-sdk-bundle-1.12.262.jar
[2025-06-03T03:47:33.887+0000] {spark_submit.py:644} INFO - 25/06/03 03:47:33 INFO SparkContext: Added file file:///home/***/.ivy2/jars/io.delta_delta-spark_2.12-3.1.0.jar at spark://083f94398a74:46415/files/io.delta_delta-spark_2.12-3.1.0.jar with timestamp 1748922453151
[2025-06-03T03:47:33.889+0000] {spark_submit.py:644} INFO - 25/06/03 03:47:33 INFO Utils: Copying /home/***/.ivy2/jars/io.delta_delta-spark_2.12-3.1.0.jar to /tmp/spark-e414ae00-93fc-4a5f-a75b-9cf66684935c/userFiles-7381760d-0153-4dd7-ad44-97439c632542/io.delta_delta-spark_2.12-3.1.0.jar
[2025-06-03T03:47:33.925+0000] {spark_submit.py:644} INFO - 25/06/03 03:47:33 INFO SparkContext: Added file file:///home/***/.ivy2/jars/org.wildfly.openssl_wildfly-openssl-1.0.7.Final.jar at spark://083f94398a74:46415/files/org.wildfly.openssl_wildfly-openssl-1.0.7.Final.jar with timestamp 1748922453151
[2025-06-03T03:47:33.926+0000] {spark_submit.py:644} INFO - 25/06/03 03:47:33 INFO Utils: Copying /home/***/.ivy2/jars/org.wildfly.openssl_wildfly-openssl-1.0.7.Final.jar to /tmp/spark-e414ae00-93fc-4a5f-a75b-9cf66684935c/userFiles-7381760d-0153-4dd7-ad44-97439c632542/org.wildfly.openssl_wildfly-openssl-1.0.7.Final.jar
[2025-06-03T03:47:33.929+0000] {spark_submit.py:644} INFO - 25/06/03 03:47:33 INFO SparkContext: Added file file:///home/***/.ivy2/jars/io.delta_delta-storage-3.1.0.jar at spark://083f94398a74:46415/files/io.delta_delta-storage-3.1.0.jar with timestamp 1748922453151
[2025-06-03T03:47:33.930+0000] {spark_submit.py:644} INFO - 25/06/03 03:47:33 INFO Utils: Copying /home/***/.ivy2/jars/io.delta_delta-storage-3.1.0.jar to /tmp/spark-e414ae00-93fc-4a5f-a75b-9cf66684935c/userFiles-7381760d-0153-4dd7-ad44-97439c632542/io.delta_delta-storage-3.1.0.jar
[2025-06-03T03:47:33.932+0000] {spark_submit.py:644} INFO - 25/06/03 03:47:33 INFO SparkContext: Added file file:///home/***/.ivy2/jars/org.antlr_antlr4-runtime-4.9.3.jar at spark://083f94398a74:46415/files/org.antlr_antlr4-runtime-4.9.3.jar with timestamp 1748922453151
[2025-06-03T03:47:33.933+0000] {spark_submit.py:644} INFO - 25/06/03 03:47:33 INFO Utils: Copying /home/***/.ivy2/jars/org.antlr_antlr4-runtime-4.9.3.jar to /tmp/spark-e414ae00-93fc-4a5f-a75b-9cf66684935c/userFiles-7381760d-0153-4dd7-ad44-97439c632542/org.antlr_antlr4-runtime-4.9.3.jar
[2025-06-03T03:47:33.993+0000] {spark_submit.py:644} INFO - 25/06/03 03:47:33 INFO StandaloneAppClient$ClientEndpoint: Connecting to master spark://spark-master:7077...
[2025-06-03T03:47:34.019+0000] {spark_submit.py:644} INFO - 25/06/03 03:47:34 INFO TransportClientFactory: Successfully created connection to spark-master/172.18.0.6:7077 after 14 ms (0 ms spent in bootstraps)
[2025-06-03T03:47:34.074+0000] {spark_submit.py:644} INFO - 25/06/03 03:47:34 INFO StandaloneSchedulerBackend: Connected to Spark cluster with app ID app-20250603034734-0007
[2025-06-03T03:47:34.075+0000] {spark_submit.py:644} INFO - 25/06/03 03:47:34 INFO StandaloneAppClient$ClientEndpoint: Executor added: app-20250603034734-0007/0 on worker-20250603030932-172.18.0.7-43297 (172.18.0.7:43297) with 4 core(s)
[2025-06-03T03:47:34.076+0000] {spark_submit.py:644} INFO - 25/06/03 03:47:34 INFO StandaloneSchedulerBackend: Granted executor ID app-20250603034734-0007/0 on hostPort 172.18.0.7:43297 with 4 core(s), 2.0 GiB RAM
[2025-06-03T03:47:34.080+0000] {spark_submit.py:644} INFO - 25/06/03 03:47:34 INFO Utils: Successfully started service 'org.apache.spark.network.netty.NettyBlockTransferService' on port 46845.
[2025-06-03T03:47:34.080+0000] {spark_submit.py:644} INFO - 25/06/03 03:47:34 INFO NettyBlockTransferService: Server created on 083f94398a74:46845
[2025-06-03T03:47:34.082+0000] {spark_submit.py:644} INFO - 25/06/03 03:47:34 INFO BlockManager: Using org.apache.spark.storage.RandomBlockReplicationPolicy for block replication policy
[2025-06-03T03:47:34.086+0000] {spark_submit.py:644} INFO - 25/06/03 03:47:34 INFO BlockManagerMaster: Registering BlockManager BlockManagerId(driver, 083f94398a74, 46845, None)
[2025-06-03T03:47:34.088+0000] {spark_submit.py:644} INFO - 25/06/03 03:47:34 INFO BlockManagerMasterEndpoint: Registering block manager 083f94398a74:46845 with 434.4 MiB RAM, BlockManagerId(driver, 083f94398a74, 46845, None)
[2025-06-03T03:47:34.090+0000] {spark_submit.py:644} INFO - 25/06/03 03:47:34 INFO BlockManagerMaster: Registered BlockManager BlockManagerId(driver, 083f94398a74, 46845, None)
[2025-06-03T03:47:34.091+0000] {spark_submit.py:644} INFO - 25/06/03 03:47:34 INFO BlockManager: Initialized BlockManager: BlockManagerId(driver, 083f94398a74, 46845, None)
[2025-06-03T03:47:34.123+0000] {spark_submit.py:644} INFO - 25/06/03 03:47:34 INFO StandaloneAppClient$ClientEndpoint: Executor updated: app-20250603034734-0007/0 is now RUNNING
[2025-06-03T03:47:34.228+0000] {spark_submit.py:644} INFO - 25/06/03 03:47:34 INFO StandaloneSchedulerBackend: SchedulerBackend is ready for scheduling beginning after reached minRegisteredResourcesRatio: 0.0
[2025-06-03T03:47:34.366+0000] {spark_submit.py:644} INFO - Bronze Ingestion: Spark session created.
[2025-06-03T03:47:34.370+0000] {spark_submit.py:644} INFO - 25/06/03 03:47:34 INFO SharedState: Setting hive.metastore.warehouse.dir ('null') to the value of spark.sql.warehouse.dir.
[2025-06-03T03:47:34.458+0000] {spark_submit.py:644} INFO - 25/06/03 03:47:34 WARN MetricsConfig: Cannot locate configuration: tried hadoop-metrics2-s3a-file-system.properties,hadoop-metrics2.properties
[2025-06-03T03:47:34.464+0000] {spark_submit.py:644} INFO - 25/06/03 03:47:34 INFO MetricsSystemImpl: Scheduled Metric snapshot period at 10 second(s).
[2025-06-03T03:47:34.464+0000] {spark_submit.py:644} INFO - 25/06/03 03:47:34 INFO MetricsSystemImpl: s3a-file-system metrics system started
[2025-06-03T03:47:34.867+0000] {spark_submit.py:644} INFO - 25/06/03 03:47:34 INFO SharedState: Warehouse path is 's3a://mybucket'.
[2025-06-03T03:47:35.365+0000] {spark_submit.py:644} INFO - 25/06/03 03:47:35 INFO InMemoryFileIndex: It took 20 ms to list leaf files for 1 paths.
[2025-06-03T03:47:35.399+0000] {spark_submit.py:644} INFO - 25/06/03 03:47:35 INFO StandaloneSchedulerBackend$StandaloneDriverEndpoint: Registered executor NettyRpcEndpointRef(spark-client://Executor) (172.18.0.7:56264) with ID 0,  ResourceProfileId 0
[2025-06-03T03:47:35.443+0000] {spark_submit.py:644} INFO - 25/06/03 03:47:35 INFO BlockManagerMasterEndpoint: Registering block manager 172.18.0.7:37575 with 1048.8 MiB RAM, BlockManagerId(0, 172.18.0.7, 37575, None)
[2025-06-03T03:47:35.893+0000] {spark_submit.py:644} INFO - Successfully loaded Stephen Curry stats from: /opt/***/data/Stephen Curry Stats.parquet
[2025-06-03T03:47:36.683+0000] {spark_submit.py:644} INFO - 25/06/03 03:47:36 INFO HiveConf: Found configuration file null
[2025-06-03T03:47:36.691+0000] {spark_submit.py:644} INFO - 25/06/03 03:47:36 INFO HiveUtils: Initializing HiveMetastoreConnection version 2.3.9 using Spark classes.
[2025-06-03T03:47:37.083+0000] {spark_submit.py:644} INFO - 25/06/03 03:47:37 INFO HiveClientImpl: Warehouse location for Hive client (version 2.3.9) is s3a://mybucket
[2025-06-03T03:47:37.111+0000] {spark_submit.py:644} INFO - 25/06/03 03:47:37 INFO metastore: Trying to connect to metastore with URI thrift://hive-metastore:9083
[2025-06-03T03:47:37.128+0000] {spark_submit.py:644} INFO - 25/06/03 03:47:37 INFO metastore: Opened a connection to metastore, current connections: 1
[2025-06-03T03:47:37.146+0000] {spark_submit.py:644} INFO - 25/06/03 03:47:37 INFO metastore: Connected to metastore.
[2025-06-03T03:47:37.224+0000] {spark_submit.py:644} INFO - Writing data to Bronze layer at: s3a://mybucket/bronze/curry_raw_data/
[2025-06-03T03:47:37.410+0000] {spark_submit.py:644} INFO - 25/06/03 03:47:37 INFO DelegatingLogStore: LogStore `LogStoreAdapter(io.delta.storage.S3SingleDriverLogStore)` is used for scheme `s3a`
[2025-06-03T03:47:37.537+0000] {spark_submit.py:644} INFO - 25/06/03 03:47:37 INFO DeltaLog: Loading version 4.
[2025-06-03T03:47:38.321+0000] {spark_submit.py:644} INFO - 25/06/03 03:47:38 INFO DeltaLogFileIndex: Created DeltaLogFileIndex(JSON, numFilesInSegment: 5, totalFileSize: 11293)
[2025-06-03T03:47:38.463+0000] {spark_submit.py:644} INFO - 25/06/03 03:47:38 INFO DataSourceStrategy: Pruning directories with:
[2025-06-03T03:47:38.467+0000] {spark_submit.py:644} INFO - 25/06/03 03:47:38 INFO FileSourceStrategy: Pushed Filters:
[2025-06-03T03:47:38.468+0000] {spark_submit.py:644} INFO - 25/06/03 03:47:38 INFO FileSourceStrategy: Post-Scan Filters: (isnotnull(protocol#92.minReaderVersion) OR isnotnull(metaData#91.id))
[2025-06-03T03:47:38.709+0000] {spark_submit.py:644} INFO - 25/06/03 03:47:38 INFO CodeGenerator: Code generated in 149.377 ms
[2025-06-03T03:47:38.753+0000] {spark_submit.py:644} INFO - 25/06/03 03:47:38 INFO MemoryStore: Block broadcast_0 stored as values in memory (estimated size 205.2 KiB, free 434.2 MiB)
[2025-06-03T03:47:38.789+0000] {spark_submit.py:644} INFO - 25/06/03 03:47:38 INFO MemoryStore: Block broadcast_0_piece0 stored as bytes in memory (estimated size 36.1 KiB, free 434.2 MiB)
[2025-06-03T03:47:38.792+0000] {spark_submit.py:644} INFO - 25/06/03 03:47:38 INFO BlockManagerInfo: Added broadcast_0_piece0 in memory on 083f94398a74:46845 (size: 36.1 KiB, free: 434.4 MiB)
[2025-06-03T03:47:38.795+0000] {spark_submit.py:644} INFO - 25/06/03 03:47:38 INFO SparkContext: Created broadcast 0 from toString at String.java:4220
[2025-06-03T03:47:38.813+0000] {spark_submit.py:644} INFO - 25/06/03 03:47:38 INFO FileSourceScanExec: Planning scan with bin packing, max size: 5245703 bytes, open cost is considered as scanning 4194304 bytes.
[2025-06-03T03:47:38.926+0000] {spark_submit.py:644} INFO - 25/06/03 03:47:38 INFO SparkContext: Starting job: toString at String.java:4220
[2025-06-03T03:47:38.934+0000] {spark_submit.py:644} INFO - 25/06/03 03:47:38 INFO DAGScheduler: Got job 0 (toString at String.java:4220) with 3 output partitions
[2025-06-03T03:47:38.935+0000] {spark_submit.py:644} INFO - 25/06/03 03:47:38 INFO DAGScheduler: Final stage: ResultStage 0 (toString at String.java:4220)
[2025-06-03T03:47:38.935+0000] {spark_submit.py:644} INFO - 25/06/03 03:47:38 INFO DAGScheduler: Parents of final stage: List()
[2025-06-03T03:47:38.935+0000] {spark_submit.py:644} INFO - 25/06/03 03:47:38 INFO DAGScheduler: Missing parents: List()
[2025-06-03T03:47:38.937+0000] {spark_submit.py:644} INFO - 25/06/03 03:47:38 INFO DAGScheduler: Submitting ResultStage 0 (MapPartitionsRDD[3] at toString at String.java:4220), which has no missing parents
[2025-06-03T03:47:38.948+0000] {spark_submit.py:644} INFO - 25/06/03 03:47:38 INFO MemoryStore: Block broadcast_1 stored as values in memory (estimated size 40.1 KiB, free 434.1 MiB)
[2025-06-03T03:47:38.952+0000] {spark_submit.py:644} INFO - 25/06/03 03:47:38 INFO MemoryStore: Block broadcast_1_piece0 stored as bytes in memory (estimated size 13.8 KiB, free 434.1 MiB)
[2025-06-03T03:47:38.953+0000] {spark_submit.py:644} INFO - 25/06/03 03:47:38 INFO BlockManagerInfo: Added broadcast_1_piece0 in memory on 083f94398a74:46845 (size: 13.8 KiB, free: 434.4 MiB)
[2025-06-03T03:47:38.953+0000] {spark_submit.py:644} INFO - 25/06/03 03:47:38 INFO SparkContext: Created broadcast 1 from broadcast at DAGScheduler.scala:1585
[2025-06-03T03:47:38.965+0000] {spark_submit.py:644} INFO - 25/06/03 03:47:38 INFO DAGScheduler: Submitting 3 missing tasks from ResultStage 0 (MapPartitionsRDD[3] at toString at String.java:4220) (first 15 tasks are for partitions Vector(0, 1, 2))
[2025-06-03T03:47:38.966+0000] {spark_submit.py:644} INFO - 25/06/03 03:47:38 INFO TaskSchedulerImpl: Adding task set 0.0 with 3 tasks resource profile 0
[2025-06-03T03:47:38.986+0000] {spark_submit.py:644} INFO - 25/06/03 03:47:38 INFO TaskSetManager: Starting task 0.0 in stage 0.0 (TID 0) (172.18.0.7, executor 0, partition 0, PROCESS_LOCAL, 10991 bytes)
[2025-06-03T03:47:38.989+0000] {spark_submit.py:644} INFO - 25/06/03 03:47:38 INFO TaskSetManager: Starting task 1.0 in stage 0.0 (TID 1) (172.18.0.7, executor 0, partition 1, PROCESS_LOCAL, 10991 bytes)
[2025-06-03T03:47:38.989+0000] {spark_submit.py:644} INFO - 25/06/03 03:47:38 INFO TaskSetManager: Starting task 2.0 in stage 0.0 (TID 2) (172.18.0.7, executor 0, partition 2, PROCESS_LOCAL, 10836 bytes)
[2025-06-03T03:47:39.168+0000] {spark_submit.py:644} INFO - 25/06/03 03:47:39 INFO BlockManagerInfo: Added broadcast_1_piece0 in memory on 172.18.0.7:37575 (size: 13.8 KiB, free: 1048.8 MiB)
[2025-06-03T03:47:39.864+0000] {spark_submit.py:644} INFO - 25/06/03 03:47:39 INFO BlockManagerInfo: Added broadcast_0_piece0 in memory on 172.18.0.7:37575 (size: 36.1 KiB, free: 1048.8 MiB)
[2025-06-03T03:47:40.541+0000] {spark_submit.py:644} INFO - 25/06/03 03:47:40 INFO TaskSetManager: Finished task 1.0 in stage 0.0 (TID 1) in 1553 ms on 172.18.0.7 (executor 0) (1/3)
[2025-06-03T03:47:40.542+0000] {spark_submit.py:644} INFO - 25/06/03 03:47:40 INFO TaskSetManager: Finished task 2.0 in stage 0.0 (TID 2) in 1553 ms on 172.18.0.7 (executor 0) (2/3)
[2025-06-03T03:47:40.542+0000] {spark_submit.py:644} INFO - 25/06/03 03:47:40 INFO TaskSetManager: Finished task 0.0 in stage 0.0 (TID 0) in 1563 ms on 172.18.0.7 (executor 0) (3/3)
[2025-06-03T03:47:40.543+0000] {spark_submit.py:644} INFO - 25/06/03 03:47:40 INFO TaskSchedulerImpl: Removed TaskSet 0.0, whose tasks have all completed, from pool
[2025-06-03T03:47:40.546+0000] {spark_submit.py:644} INFO - 25/06/03 03:47:40 INFO DAGScheduler: ResultStage 0 (toString at String.java:4220) finished in 1.600 s
[2025-06-03T03:47:40.547+0000] {spark_submit.py:644} INFO - 25/06/03 03:47:40 INFO DAGScheduler: Job 0 is finished. Cancelling potential speculative or zombie tasks for this job
[2025-06-03T03:47:40.548+0000] {spark_submit.py:644} INFO - 25/06/03 03:47:40 INFO TaskSchedulerImpl: Killing all running tasks in stage 0: Stage finished
[2025-06-03T03:47:40.549+0000] {spark_submit.py:644} INFO - 25/06/03 03:47:40 INFO DAGScheduler: Job 0 finished: toString at String.java:4220, took 1.622421 s
[2025-06-03T03:47:40.595+0000] {spark_submit.py:644} INFO - 25/06/03 03:47:40 INFO CodeGenerator: Code generated in 30.308709 ms
[2025-06-03T03:47:40.599+0000] {spark_submit.py:644} INFO - 25/06/03 03:47:40 INFO Snapshot: [tableId=6a510f4a-7078-4962-aaa9-6fecc30450fa] Created snapshot Snapshot(path=s3a://mybucket/bronze/curry_raw_data/_delta_log, version=4, metadata=Metadata(7734b353-d27a-48e8-8c3a-2ad7458f197d,null,null,Format(parquet,Map()),{"type":"struct","fields":[{"name":"Season_year","type":"string","nullable":true,"metadata":{}},{"name":"Season_div","type":"string","nullable":true,"metadata":{}},{"name":"Date","type":"string","nullable":true,"metadata":{}},{"name":"OPP","type":"string","nullable":true,"metadata":{}},{"name":"Result","type":"string","nullable":true,"metadata":{}},{"name":"T_Score","type":"long","nullable":true,"metadata":{}},{"name":"O_Score","type":"long","nullable":true,"metadata":{}},{"name":"MIN","type":"double","nullable":true,"metadata":{}},{"name":"FG","type":"string","nullable":true,"metadata":{}},{"name":"FGM","type":"long","nullable":true,"metadata":{}},{"name":"FGA","type":"long","nullable":true,"metadata":{}},{"name":"FG_Percentage","type":"double","nullable":true,"metadata":{}},{"name":"3PT","type":"string","nullable":true,"metadata":{}},{"name":"3PTM","type":"long","nullable":true,"metadata":{}},{"name":"3PTA","type":"long","nullable":true,"metadata":{}},{"name":"3P_Percentage","type":"double","nullable":true,"metadata":{}},{"name":"FT","type":"string","nullable":true,"metadata":{}},{"name":"FTM","type":"long","nullable":true,"metadata":{}},{"name":"FTA","type":"long","nullable":true,"metadata":{}},{"name":"FT_Percentage","type":"double","nullable":true,"metadata":{}},{"name":"REB","type":"long","nullable":true,"metadata":{}},{"name":"AST","type":"long","nullable":true,"metadata":{}},{"name":"BLK","type":"long","nullable":true,"metadata":{}},{"name":"STL","type":"long","nullable":true,"metadata":{}},{"name":"PF","type":"long","nullable":true,"metadata":{}},{"name":"TO","type":"long","nullable":true,"metadata":{}},{"name":"PTS","type":"long","nullable":true,"metadata":{}}]},List(),Map(),Some(1748920897139)), logSegment=LogSegment(s3a://mybucket/bronze/curry_raw_data/_delta_log,4,WrappedArray(S3AFileStatus{path=s3a://mybucket/bronze/curry_raw_data/_delta_log/00000000000000000000.json; isDirectory=false; length=3905; replication=1; blocksize=33554432; modification_time=1748920902251; access_time=0; owner=***; group=***; permission=rw-rw-rw-; isSymlink=false; hasAcl=false; isEncrypted=true; isErasureCoded=false} isEmptyDirectory=FALSE eTag=dbd3610c384313551007c7967ceb1cc4 versionId=null, S3AFileStatus{path=s3a://mybucket/bronze/curry_raw_data/_delta_log/00000000000000000001.json; isDirectory=false; length=1847; replication=1; blocksize=33554432; modification_time=1748921244785; access_time=0; owner=***; group=***; permission=rw-rw-rw-; isSymlink=false; hasAcl=false; isEncrypted=true; isErasureCoded=false} isEmptyDirectory=FALSE eTag=5ba20a585de9a135cb3affdf0eb14d0a versionId=null, S3AFileStatus{path=s3a://mybucket/bronze/curry_raw_data/_delta_log/00000000000000000002.json; isDirectory=false; length=1847; replication=1; blocksize=33554432; modification_time=1748921332058; access_time=0; owner=***; group=***; permission=rw-rw-rw-; isSymlink=false; hasAcl=false; isEncrypted=true; isErasureCoded=false} isEmptyDirectory=FALSE eTag=b21834abf916af273f30437dc33138c5 versionId=null, S3AFileStatus{path=s3a://mybucket/bronze/curry_raw_data/_delta_log/00000000000000000003.json; isDirectory=false; length=1847; replication=1; blocksize=33554432; modification_time=1748921548069; access_time=0; owner=***; group=***; permission=rw-rw-rw-; isSymlink=false; hasAcl=false; isEncrypted=true; isErasureCoded=false} isEmptyDirectory=FALSE eTag=728592617556a23654bdbb748ab1f8a8 versionId=null, S3AFileStatus{path=s3a://mybucket/bronze/curry_raw_data/_delta_log/00000000000000000004.json; isDirectory=false; length=1847; replication=1; blocksize=33554432; modification_time=1748922025590; access_time=0; owner=***; group=***; permission=rw-rw-rw-; isSymlink=false; hasAcl=false; isEncrypted=true; isErasureCoded=false} isEmptyDirectory=FALSE eTag=aa56fa5fb360a2e1993985ddceb84b76 versionId=null),org.apache.spark.sql.delta.EmptyCheckpointProvider$@1aa699b2,1748922025590), checksumOpt=None)
[2025-06-03T03:47:40.866+0000] {spark_submit.py:644} INFO - 25/06/03 03:47:40 WARN SparkStringUtils: Truncated the string representation of a plan since it was too large. This behavior can be adjusted by setting 'spark.sql.debug.maxToStringFields'.
[2025-06-03T03:47:40.892+0000] {spark_submit.py:644} INFO - 25/06/03 03:47:40 INFO FileSourceStrategy: Pushed Filters:
[2025-06-03T03:47:40.893+0000] {spark_submit.py:644} INFO - 25/06/03 03:47:40 INFO FileSourceStrategy: Post-Scan Filters:
[2025-06-03T03:47:41.026+0000] {spark_submit.py:644} INFO - 25/06/03 03:47:41 INFO ParquetUtils: Using default output committer for Parquet: org.apache.parquet.hadoop.ParquetOutputCommitter
[2025-06-03T03:47:41.041+0000] {spark_submit.py:644} INFO - 25/06/03 03:47:41 INFO FileOutputCommitter: File Output Committer Algorithm version is 1
[2025-06-03T03:47:41.041+0000] {spark_submit.py:644} INFO - 25/06/03 03:47:41 INFO FileOutputCommitter: FileOutputCommitter skip cleanup _temporary folders under output directory:false, ignore cleanup failures: false
[2025-06-03T03:47:41.041+0000] {spark_submit.py:644} INFO - 25/06/03 03:47:41 INFO SQLHadoopMapReduceCommitProtocol: Using user defined output committer class org.apache.parquet.hadoop.ParquetOutputCommitter
[2025-06-03T03:47:41.042+0000] {spark_submit.py:644} INFO - 25/06/03 03:47:41 INFO FileOutputCommitter: File Output Committer Algorithm version is 1
[2025-06-03T03:47:41.042+0000] {spark_submit.py:644} INFO - 25/06/03 03:47:41 INFO FileOutputCommitter: FileOutputCommitter skip cleanup _temporary folders under output directory:false, ignore cleanup failures: false
[2025-06-03T03:47:41.042+0000] {spark_submit.py:644} INFO - 25/06/03 03:47:41 INFO SQLHadoopMapReduceCommitProtocol: Using output committer class org.apache.parquet.hadoop.ParquetOutputCommitter
[2025-06-03T03:47:41.079+0000] {spark_submit.py:644} INFO - 25/06/03 03:47:41 INFO BlockManagerInfo: Removed broadcast_1_piece0 on 083f94398a74:46845 in memory (size: 13.8 KiB, free: 434.4 MiB)
[2025-06-03T03:47:41.086+0000] {spark_submit.py:644} INFO - 25/06/03 03:47:41 INFO BlockManagerInfo: Removed broadcast_1_piece0 on 172.18.0.7:37575 in memory (size: 13.8 KiB, free: 1048.8 MiB)
[2025-06-03T03:47:41.105+0000] {spark_submit.py:644} INFO - 25/06/03 03:47:41 INFO CodeGenerator: Code generated in 28.869167 ms
[2025-06-03T03:47:41.113+0000] {spark_submit.py:644} INFO - 25/06/03 03:47:41 INFO MemoryStore: Block broadcast_2 stored as values in memory (estimated size 209.8 KiB, free 434.0 MiB)
[2025-06-03T03:47:41.119+0000] {spark_submit.py:644} INFO - 25/06/03 03:47:41 INFO MemoryStore: Block broadcast_2_piece0 stored as bytes in memory (estimated size 37.1 KiB, free 433.9 MiB)
[2025-06-03T03:47:41.120+0000] {spark_submit.py:644} INFO - 25/06/03 03:47:41 INFO BlockManagerInfo: Added broadcast_2_piece0 in memory on 083f94398a74:46845 (size: 37.1 KiB, free: 434.3 MiB)
[2025-06-03T03:47:41.120+0000] {spark_submit.py:644} INFO - 25/06/03 03:47:41 INFO SparkContext: Created broadcast 2 from saveAsTable at NativeMethodAccessorImpl.java:0
[2025-06-03T03:47:41.125+0000] {spark_submit.py:644} INFO - 25/06/03 03:47:41 INFO FileSourceScanExec: Planning scan with bin packing, max size: 4194304 bytes, open cost is considered as scanning 4194304 bytes.
[2025-06-03T03:47:41.132+0000] {spark_submit.py:644} INFO - 25/06/03 03:47:41 INFO SparkContext: Starting job: saveAsTable at NativeMethodAccessorImpl.java:0
[2025-06-03T03:47:41.133+0000] {spark_submit.py:644} INFO - 25/06/03 03:47:41 INFO DAGScheduler: Got job 1 (saveAsTable at NativeMethodAccessorImpl.java:0) with 1 output partitions
[2025-06-03T03:47:41.133+0000] {spark_submit.py:644} INFO - 25/06/03 03:47:41 INFO DAGScheduler: Final stage: ResultStage 1 (saveAsTable at NativeMethodAccessorImpl.java:0)
[2025-06-03T03:47:41.134+0000] {spark_submit.py:644} INFO - 25/06/03 03:47:41 INFO DAGScheduler: Parents of final stage: List()
[2025-06-03T03:47:41.134+0000] {spark_submit.py:644} INFO - 25/06/03 03:47:41 INFO DAGScheduler: Missing parents: List()
[2025-06-03T03:47:41.134+0000] {spark_submit.py:644} INFO - 25/06/03 03:47:41 INFO DAGScheduler: Submitting ResultStage 1 (MapPartitionsRDD[7] at saveAsTable at NativeMethodAccessorImpl.java:0), which has no missing parents
[2025-06-03T03:47:41.143+0000] {spark_submit.py:644} INFO - 25/06/03 03:47:41 INFO BlockManagerInfo: Removed broadcast_0_piece0 on 083f94398a74:46845 in memory (size: 36.1 KiB, free: 434.4 MiB)
[2025-06-03T03:47:41.148+0000] {spark_submit.py:644} INFO - 25/06/03 03:47:41 INFO BlockManagerInfo: Removed broadcast_0_piece0 on 172.18.0.7:37575 in memory (size: 36.1 KiB, free: 1048.8 MiB)
[2025-06-03T03:47:41.161+0000] {spark_submit.py:644} INFO - 25/06/03 03:47:41 INFO MemoryStore: Block broadcast_3 stored as values in memory (estimated size 241.7 KiB, free 433.9 MiB)
[2025-06-03T03:47:41.162+0000] {spark_submit.py:644} INFO - 25/06/03 03:47:41 INFO MemoryStore: Block broadcast_3_piece0 stored as bytes in memory (estimated size 83.1 KiB, free 433.8 MiB)
[2025-06-03T03:47:41.162+0000] {spark_submit.py:644} INFO - 25/06/03 03:47:41 INFO BlockManagerInfo: Added broadcast_3_piece0 in memory on 083f94398a74:46845 (size: 83.1 KiB, free: 434.3 MiB)
[2025-06-03T03:47:41.163+0000] {spark_submit.py:644} INFO - 25/06/03 03:47:41 INFO SparkContext: Created broadcast 3 from broadcast at DAGScheduler.scala:1585
[2025-06-03T03:47:41.163+0000] {spark_submit.py:644} INFO - 25/06/03 03:47:41 INFO DAGScheduler: Submitting 1 missing tasks from ResultStage 1 (MapPartitionsRDD[7] at saveAsTable at NativeMethodAccessorImpl.java:0) (first 15 tasks are for partitions Vector(0))
[2025-06-03T03:47:41.163+0000] {spark_submit.py:644} INFO - 25/06/03 03:47:41 INFO TaskSchedulerImpl: Adding task set 1.0 with 1 tasks resource profile 0
[2025-06-03T03:47:41.165+0000] {spark_submit.py:644} INFO - 25/06/03 03:47:41 INFO TaskSetManager: Starting task 0.0 in stage 1.0 (TID 3) (172.18.0.7, executor 0, partition 0, PROCESS_LOCAL, 10805 bytes)
[2025-06-03T03:47:41.180+0000] {spark_submit.py:644} INFO - 25/06/03 03:47:41 INFO BlockManagerInfo: Added broadcast_3_piece0 in memory on 172.18.0.7:37575 (size: 83.1 KiB, free: 1048.7 MiB)
[2025-06-03T03:47:41.490+0000] {spark_submit.py:644} INFO - 25/06/03 03:47:41 INFO BlockManagerInfo: Added broadcast_2_piece0 in memory on 172.18.0.7:37575 (size: 37.1 KiB, free: 1048.7 MiB)
[2025-06-03T03:47:41.933+0000] {spark_submit.py:644} INFO - 25/06/03 03:47:41 INFO TaskSetManager: Finished task 0.0 in stage 1.0 (TID 3) in 768 ms on 172.18.0.7 (executor 0) (1/1)
[2025-06-03T03:47:41.933+0000] {spark_submit.py:644} INFO - 25/06/03 03:47:41 INFO TaskSchedulerImpl: Removed TaskSet 1.0, whose tasks have all completed, from pool
[2025-06-03T03:47:41.934+0000] {spark_submit.py:644} INFO - 25/06/03 03:47:41 INFO DAGScheduler: ResultStage 1 (saveAsTable at NativeMethodAccessorImpl.java:0) finished in 0.800 s
[2025-06-03T03:47:41.934+0000] {spark_submit.py:644} INFO - 25/06/03 03:47:41 INFO DAGScheduler: Job 1 is finished. Cancelling potential speculative or zombie tasks for this job
[2025-06-03T03:47:41.934+0000] {spark_submit.py:644} INFO - 25/06/03 03:47:41 INFO TaskSchedulerImpl: Killing all running tasks in stage 1: Stage finished
[2025-06-03T03:47:41.934+0000] {spark_submit.py:644} INFO - 25/06/03 03:47:41 INFO DAGScheduler: Job 1 finished: saveAsTable at NativeMethodAccessorImpl.java:0, took 0.802257 s
[2025-06-03T03:47:41.935+0000] {spark_submit.py:644} INFO - 25/06/03 03:47:41 INFO FileFormatWriter: Start to commit write Job a8e1ea7f-3cef-4871-b4a0-fd98444e6cee.
[2025-06-03T03:47:42.065+0000] {spark_submit.py:644} INFO - 25/06/03 03:47:42 INFO FileFormatWriter: Write Job a8e1ea7f-3cef-4871-b4a0-fd98444e6cee committed. Elapsed time: 129 ms.
[2025-06-03T03:47:42.068+0000] {spark_submit.py:644} INFO - 25/06/03 03:47:42 INFO FileFormatWriter: Finished processing stats for write job a8e1ea7f-3cef-4871-b4a0-fd98444e6cee.
[2025-06-03T03:47:42.093+0000] {spark_submit.py:644} INFO - 25/06/03 03:47:42 INFO InMemoryFileIndex: It took 4 ms to list leaf files for 1 paths.
[2025-06-03T03:47:42.114+0000] {spark_submit.py:644} INFO - 25/06/03 03:47:42 INFO HiveExternalCatalog: Persisting file based data source table `spark_catalog`.`sc_stats_db`.`bronze_sc_stats` into Hive metastore in Hive compatible format.
[2025-06-03T03:47:42.132+0000] {spark_submit.py:644} INFO - 25/06/03 03:47:42 INFO SQLStdHiveAccessController: Created SQLStdHiveAccessController for session context : HiveAuthzSessionContext [sessionString=7dccf70d-6733-4117-b37b-dd25a09c0488, clientType=HIVECLI]
[2025-06-03T03:47:42.133+0000] {spark_submit.py:644} INFO - 25/06/03 03:47:42 WARN SessionState: METASTORE_FILTER_HOOK will be ignored, since hive.security.authorization.manager is set to instance of HiveAuthorizerFactory.
[2025-06-03T03:47:42.133+0000] {spark_submit.py:644} INFO - 25/06/03 03:47:42 INFO metastore: Mestastore configuration hive.metastore.filter.hook changed from org.apache.hadoop.hive.metastore.DefaultMetaStoreFilterHookImpl to org.apache.hadoop.hive.ql.security.authorization.plugin.AuthorizationMetaStoreFilterHook
[2025-06-03T03:47:42.135+0000] {spark_submit.py:644} INFO - 25/06/03 03:47:42 INFO metastore: Closed a connection to metastore, current connections: 0
[2025-06-03T03:47:42.136+0000] {spark_submit.py:644} INFO - 25/06/03 03:47:42 INFO metastore: Trying to connect to metastore with URI thrift://hive-metastore:9083
[2025-06-03T03:47:42.136+0000] {spark_submit.py:644} INFO - 25/06/03 03:47:42 INFO metastore: Opened a connection to metastore, current connections: 1
[2025-06-03T03:47:42.136+0000] {spark_submit.py:644} INFO - 25/06/03 03:47:42 INFO metastore: Connected to metastore.
[2025-06-03T03:47:42.177+0000] {spark_submit.py:644} INFO - 25/06/03 03:47:42 INFO metastore: Trying to connect to metastore with URI thrift://hive-metastore:9083
[2025-06-03T03:47:42.177+0000] {spark_submit.py:644} INFO - 25/06/03 03:47:42 INFO metastore: Opened a connection to metastore, current connections: 2
[2025-06-03T03:47:42.178+0000] {spark_submit.py:644} INFO - 25/06/03 03:47:42 INFO metastore: Connected to metastore.
[2025-06-03T03:47:42.299+0000] {spark_submit.py:644} INFO - Successfully wrote data to: s3a://mybucket/bronze/curry_raw_data/ and registered table sc_stats_db.bronze_sc_stats
[2025-06-03T03:47:42.299+0000] {spark_submit.py:644} INFO - Bronze ingestion job completed successfully.
[2025-06-03T03:47:42.299+0000] {spark_submit.py:644} INFO - 25/06/03 03:47:42 INFO SparkContext: SparkContext is stopping with exitCode 0.
[2025-06-03T03:47:42.308+0000] {spark_submit.py:644} INFO - 25/06/03 03:47:42 INFO SparkUI: Stopped Spark web UI at http://083f94398a74:4040
[2025-06-03T03:47:42.310+0000] {spark_submit.py:644} INFO - 25/06/03 03:47:42 INFO StandaloneSchedulerBackend: Shutting down all executors
[2025-06-03T03:47:42.310+0000] {spark_submit.py:644} INFO - 25/06/03 03:47:42 INFO StandaloneSchedulerBackend$StandaloneDriverEndpoint: Asking each executor to shut down
[2025-06-03T03:47:42.327+0000] {spark_submit.py:644} INFO - 25/06/03 03:47:42 INFO MapOutputTrackerMasterEndpoint: MapOutputTrackerMasterEndpoint stopped!
[2025-06-03T03:47:42.337+0000] {spark_submit.py:644} INFO - 25/06/03 03:47:42 INFO MemoryStore: MemoryStore cleared
[2025-06-03T03:47:42.337+0000] {spark_submit.py:644} INFO - 25/06/03 03:47:42 INFO BlockManager: BlockManager stopped
[2025-06-03T03:47:42.339+0000] {spark_submit.py:644} INFO - 25/06/03 03:47:42 INFO BlockManagerMaster: BlockManagerMaster stopped
[2025-06-03T03:47:42.340+0000] {spark_submit.py:644} INFO - 25/06/03 03:47:42 INFO OutputCommitCoordinator$OutputCommitCoordinatorEndpoint: OutputCommitCoordinator stopped!
[2025-06-03T03:47:42.351+0000] {spark_submit.py:644} INFO - 25/06/03 03:47:42 INFO SparkContext: Successfully stopped SparkContext
[2025-06-03T03:47:42.814+0000] {spark_submit.py:644} INFO - 25/06/03 03:47:42 INFO ShutdownHookManager: Shutdown hook called
[2025-06-03T03:47:42.814+0000] {spark_submit.py:644} INFO - 25/06/03 03:47:42 INFO ShutdownHookManager: Deleting directory /tmp/spark-cf09071a-1c59-4e55-95b4-8e181842a890
[2025-06-03T03:47:42.816+0000] {spark_submit.py:644} INFO - 25/06/03 03:47:42 INFO ShutdownHookManager: Deleting directory /tmp/spark-e414ae00-93fc-4a5f-a75b-9cf66684935c/pyspark-4d629563-3b7b-43c0-badc-1cfe3476f057
[2025-06-03T03:47:42.818+0000] {spark_submit.py:644} INFO - 25/06/03 03:47:42 INFO ShutdownHookManager: Deleting directory /tmp/spark-e414ae00-93fc-4a5f-a75b-9cf66684935c
[2025-06-03T03:47:42.822+0000] {spark_submit.py:644} INFO - 25/06/03 03:47:42 INFO MetricsSystemImpl: Stopping s3a-file-system metrics system...
[2025-06-03T03:47:42.822+0000] {spark_submit.py:644} INFO - 25/06/03 03:47:42 INFO MetricsSystemImpl: s3a-file-system metrics system stopped.
[2025-06-03T03:47:42.822+0000] {spark_submit.py:644} INFO - 25/06/03 03:47:42 INFO MetricsSystemImpl: s3a-file-system metrics system shutdown complete.
[2025-06-03T03:47:42.870+0000] {taskinstance.py:340} INFO - ::group::Post task execution logs
[2025-06-03T03:47:42.871+0000] {taskinstance.py:352} INFO - Marking task as SUCCESS. dag_id=curry_medallion_etl, task_id=submit_bronze_etl_job, run_id=manual__2025-06-03T03:47:29.326869+00:00, execution_date=20250603T034729, start_date=20250603T034730, end_date=20250603T034742
[2025-06-03T03:47:42.922+0000] {local_task_job_runner.py:266} INFO - Task exited with return code 0
[2025-06-03T03:47:42.938+0000] {taskinstance.py:3895} INFO - 1 downstream tasks scheduled from follow-on schedule check
[2025-06-03T03:47:42.939+0000] {local_task_job_runner.py:245} INFO - ::endgroup::
