[2025-05-31T04:29:24.700+0000] {local_task_job_runner.py:123} INFO - ::group::Pre task execution logs
[2025-05-31T04:29:24.709+0000] {taskinstance.py:2613} INFO - Dependencies all met for dep_context=non-requeueable deps ti=<TaskInstance: medallion_sales_etl.submit_medallion_sales_etl_job manual__2025-05-31T04:29:23.773917+00:00 [queued]>
[2025-05-31T04:29:24.712+0000] {taskinstance.py:2613} INFO - Dependencies all met for dep_context=requeueable deps ti=<TaskInstance: medallion_sales_etl.submit_medallion_sales_etl_job manual__2025-05-31T04:29:23.773917+00:00 [queued]>
[2025-05-31T04:29:24.712+0000] {taskinstance.py:2866} INFO - Starting attempt 1 of 2
[2025-05-31T04:29:24.717+0000] {taskinstance.py:2889} INFO - Executing <Task(SparkSubmitOperator): submit_medallion_sales_etl_job> on 2025-05-31 04:29:23.773917+00:00
[2025-05-31T04:29:24.719+0000] {standard_task_runner.py:72} INFO - Started process 212 to run task
[2025-05-31T04:29:24.721+0000] {standard_task_runner.py:104} INFO - Running: ['***', 'tasks', 'run', 'medallion_sales_etl', 'submit_medallion_sales_etl_job', 'manual__2025-05-31T04:29:23.773917+00:00', '--job-id', '2', '--raw', '--subdir', 'DAGS_FOLDER/medallion_sales_etl_dag.py', '--cfg-path', '/tmp/tmpeodfs_rn']
[2025-05-31T04:29:24.723+0000] {standard_task_runner.py:105} INFO - Job 2: Subtask submit_medallion_sales_etl_job
[2025-05-31T04:29:24.751+0000] {task_command.py:467} INFO - Running <TaskInstance: medallion_sales_etl.submit_medallion_sales_etl_job manual__2025-05-31T04:29:23.773917+00:00 [running]> on host 640bdd282f6c
[2025-05-31T04:29:24.803+0000] {taskinstance.py:3132} INFO - Exporting env vars: AIRFLOW_CTX_DAG_OWNER='***' AIRFLOW_CTX_DAG_ID='medallion_sales_etl' AIRFLOW_CTX_TASK_ID='submit_medallion_sales_etl_job' AIRFLOW_CTX_EXECUTION_DATE='2025-05-31T04:29:23.773917+00:00' AIRFLOW_CTX_TRY_NUMBER='1' AIRFLOW_CTX_DAG_RUN_ID='manual__2025-05-31T04:29:23.773917+00:00'
[2025-05-31T04:29:24.803+0000] {taskinstance.py:731} INFO - ::endgroup::
[2025-05-31T04:29:24.837+0000] {base.py:84} INFO - Retrieving connection 'spark_default'
[2025-05-31T04:29:24.838+0000] {spark_submit.py:474} INFO - Spark-Submit cmd: spark-submit --master spark:7077 --conf spark.master=spark://spark-master:7077 --name medallion_sales_etl_spark_job --verbose --queue root.default --deploy-mode client /opt/***/dags/medallion_etl.py
[2025-05-31T04:29:25.582+0000] {spark_submit.py:644} INFO - Using properties file: null
[2025-05-31T04:29:25.638+0000] {spark_submit.py:644} INFO - Parsed arguments:
[2025-05-31T04:29:25.639+0000] {spark_submit.py:644} INFO - master                  spark:7077
[2025-05-31T04:29:25.639+0000] {spark_submit.py:644} INFO - remote                  null
[2025-05-31T04:29:25.639+0000] {spark_submit.py:644} INFO - deployMode              client
[2025-05-31T04:29:25.639+0000] {spark_submit.py:644} INFO - executorMemory          null
[2025-05-31T04:29:25.639+0000] {spark_submit.py:644} INFO - executorCores           null
[2025-05-31T04:29:25.639+0000] {spark_submit.py:644} INFO - totalExecutorCores      null
[2025-05-31T04:29:25.640+0000] {spark_submit.py:644} INFO - propertiesFile          null
[2025-05-31T04:29:25.640+0000] {spark_submit.py:644} INFO - driverMemory            null
[2025-05-31T04:29:25.640+0000] {spark_submit.py:644} INFO - driverCores             null
[2025-05-31T04:29:25.640+0000] {spark_submit.py:644} INFO - driverExtraClassPath    null
[2025-05-31T04:29:25.640+0000] {spark_submit.py:644} INFO - driverExtraLibraryPath  null
[2025-05-31T04:29:25.640+0000] {spark_submit.py:644} INFO - driverExtraJavaOptions  null
[2025-05-31T04:29:25.640+0000] {spark_submit.py:644} INFO - supervise               false
[2025-05-31T04:29:25.640+0000] {spark_submit.py:644} INFO - queue                   root.default
[2025-05-31T04:29:25.640+0000] {spark_submit.py:644} INFO - numExecutors            null
[2025-05-31T04:29:25.641+0000] {spark_submit.py:644} INFO - files                   null
[2025-05-31T04:29:25.641+0000] {spark_submit.py:644} INFO - pyFiles                 null
[2025-05-31T04:29:25.641+0000] {spark_submit.py:644} INFO - archives                null
[2025-05-31T04:29:25.641+0000] {spark_submit.py:644} INFO - mainClass               null
[2025-05-31T04:29:25.641+0000] {spark_submit.py:644} INFO - primaryResource         file:/opt/***/dags/medallion_etl.py
[2025-05-31T04:29:25.641+0000] {spark_submit.py:644} INFO - name                    medallion_sales_etl_spark_job
[2025-05-31T04:29:25.641+0000] {spark_submit.py:644} INFO - childArgs               []
[2025-05-31T04:29:25.641+0000] {spark_submit.py:644} INFO - jars                    null
[2025-05-31T04:29:25.641+0000] {spark_submit.py:644} INFO - packages                null
[2025-05-31T04:29:25.641+0000] {spark_submit.py:644} INFO - packagesExclusions      null
[2025-05-31T04:29:25.642+0000] {spark_submit.py:644} INFO - repositories            null
[2025-05-31T04:29:25.642+0000] {spark_submit.py:644} INFO - verbose                 true
[2025-05-31T04:29:25.642+0000] {spark_submit.py:644} INFO - 
[2025-05-31T04:29:25.642+0000] {spark_submit.py:644} INFO - Spark properties used, including those specified through
[2025-05-31T04:29:25.642+0000] {spark_submit.py:644} INFO - --conf and those from the properties file null:
[2025-05-31T04:29:25.642+0000] {spark_submit.py:644} INFO - (spark.master,spark://spark-master:7077)
[2025-05-31T04:29:25.642+0000] {spark_submit.py:644} INFO - 
[2025-05-31T04:29:25.642+0000] {spark_submit.py:644} INFO - 
[2025-05-31T04:29:25.781+0000] {spark_submit.py:644} INFO - Main class:
[2025-05-31T04:29:25.783+0000] {spark_submit.py:644} INFO - org.apache.spark.deploy.PythonRunner
[2025-05-31T04:29:25.783+0000] {spark_submit.py:644} INFO - Arguments:
[2025-05-31T04:29:25.783+0000] {spark_submit.py:644} INFO - file:/opt/***/dags/medallion_etl.py
[2025-05-31T04:29:25.783+0000] {spark_submit.py:644} INFO - null
[2025-05-31T04:29:25.784+0000] {spark_submit.py:644} INFO - Spark config:
[2025-05-31T04:29:25.784+0000] {spark_submit.py:644} INFO - (spark.app.name,medallion_sales_etl_spark_job)
[2025-05-31T04:29:25.784+0000] {spark_submit.py:644} INFO - (spark.app.submitTime,1748665765771)
[2025-05-31T04:29:25.784+0000] {spark_submit.py:644} INFO - (spark.master,spark:7077)
[2025-05-31T04:29:25.784+0000] {spark_submit.py:644} INFO - (spark.submit.deployMode,client)
[2025-05-31T04:29:25.784+0000] {spark_submit.py:644} INFO - (spark.submit.pyFiles,)
[2025-05-31T04:29:25.784+0000] {spark_submit.py:644} INFO - Classpath elements:
[2025-05-31T04:29:25.784+0000] {spark_submit.py:644} INFO - 
[2025-05-31T04:29:25.785+0000] {spark_submit.py:644} INFO - 
[2025-05-31T04:29:25.785+0000] {spark_submit.py:644} INFO - 
[2025-05-31T04:29:26.383+0000] {spark_submit.py:644} INFO - 25/05/31 04:29:26 INFO SparkContext: Running Spark version 3.5.2
[2025-05-31T04:29:26.384+0000] {spark_submit.py:644} INFO - 25/05/31 04:29:26 INFO SparkContext: OS info Linux, 6.10.14-linuxkit, aarch64
[2025-05-31T04:29:26.384+0000] {spark_submit.py:644} INFO - 25/05/31 04:29:26 INFO SparkContext: Java version 17.0.15
[2025-05-31T04:29:26.420+0000] {spark_submit.py:644} INFO - 25/05/31 04:29:26 WARN NativeCodeLoader: Unable to load native-hadoop library for your platform... using builtin-java classes where applicable
[2025-05-31T04:29:26.468+0000] {spark_submit.py:644} INFO - 25/05/31 04:29:26 INFO ResourceUtils: ==============================================================
[2025-05-31T04:29:26.468+0000] {spark_submit.py:644} INFO - 25/05/31 04:29:26 INFO ResourceUtils: No custom resources configured for spark.driver.
[2025-05-31T04:29:26.468+0000] {spark_submit.py:644} INFO - 25/05/31 04:29:26 INFO ResourceUtils: ==============================================================
[2025-05-31T04:29:26.468+0000] {spark_submit.py:644} INFO - 25/05/31 04:29:26 INFO SparkContext: Submitted application: MedallionETL
[2025-05-31T04:29:26.479+0000] {spark_submit.py:644} INFO - 25/05/31 04:29:26 INFO ResourceProfile: Default ResourceProfile created, executor resources: Map(cores -> name: cores, amount: 1, script: , vendor: , memory -> name: memory, amount: 1024, script: , vendor: , offHeap -> name: offHeap, amount: 0, script: , vendor: ), task resources: Map(cpus -> name: cpus, amount: 1.0)
[2025-05-31T04:29:26.484+0000] {spark_submit.py:644} INFO - 25/05/31 04:29:26 INFO ResourceProfile: Limiting resource is cpu
[2025-05-31T04:29:26.484+0000] {spark_submit.py:644} INFO - 25/05/31 04:29:26 INFO ResourceProfileManager: Added ResourceProfile id: 0
[2025-05-31T04:29:26.520+0000] {spark_submit.py:644} INFO - 25/05/31 04:29:26 INFO SecurityManager: Changing view acls to: ***
[2025-05-31T04:29:26.521+0000] {spark_submit.py:644} INFO - 25/05/31 04:29:26 INFO SecurityManager: Changing modify acls to: ***
[2025-05-31T04:29:26.521+0000] {spark_submit.py:644} INFO - 25/05/31 04:29:26 INFO SecurityManager: Changing view acls groups to:
[2025-05-31T04:29:26.521+0000] {spark_submit.py:644} INFO - 25/05/31 04:29:26 INFO SecurityManager: Changing modify acls groups to:
[2025-05-31T04:29:26.521+0000] {spark_submit.py:644} INFO - 25/05/31 04:29:26 INFO SecurityManager: SecurityManager: authentication disabled; ui acls disabled; users with view permissions: ***; groups with view permissions: EMPTY; users with modify permissions: ***; groups with modify permissions: EMPTY
[2025-05-31T04:29:26.649+0000] {spark_submit.py:644} INFO - 25/05/31 04:29:26 INFO Utils: Successfully started service 'sparkDriver' on port 33711.
[2025-05-31T04:29:26.667+0000] {spark_submit.py:644} INFO - 25/05/31 04:29:26 INFO SparkEnv: Registering MapOutputTracker
[2025-05-31T04:29:26.687+0000] {spark_submit.py:644} INFO - 25/05/31 04:29:26 INFO SparkEnv: Registering BlockManagerMaster
[2025-05-31T04:29:26.697+0000] {spark_submit.py:644} INFO - 25/05/31 04:29:26 INFO BlockManagerMasterEndpoint: Using org.apache.spark.storage.DefaultTopologyMapper for getting topology information
[2025-05-31T04:29:26.697+0000] {spark_submit.py:644} INFO - 25/05/31 04:29:26 INFO BlockManagerMasterEndpoint: BlockManagerMasterEndpoint up
[2025-05-31T04:29:26.699+0000] {spark_submit.py:644} INFO - 25/05/31 04:29:26 INFO SparkEnv: Registering BlockManagerMasterHeartbeat
[2025-05-31T04:29:26.713+0000] {spark_submit.py:644} INFO - 25/05/31 04:29:26 INFO DiskBlockManager: Created local directory at /tmp/blockmgr-68305d04-c52f-4590-9fe6-781dfaf03e0a
[2025-05-31T04:29:26.720+0000] {spark_submit.py:644} INFO - 25/05/31 04:29:26 INFO MemoryStore: MemoryStore started with capacity 434.4 MiB
[2025-05-31T04:29:26.729+0000] {spark_submit.py:644} INFO - 25/05/31 04:29:26 INFO SparkEnv: Registering OutputCommitCoordinator
[2025-05-31T04:29:26.801+0000] {spark_submit.py:644} INFO - 25/05/31 04:29:26 INFO JettyUtils: Start Jetty 0.0.0.0:4040 for SparkUI
[2025-05-31T04:29:26.837+0000] {spark_submit.py:644} INFO - 25/05/31 04:29:26 INFO Utils: Successfully started service 'SparkUI' on port 4040.
[2025-05-31T04:29:26.863+0000] {spark_submit.py:644} INFO - 25/05/31 04:29:26 ERROR SparkContext: Error initializing SparkContext.
[2025-05-31T04:29:26.864+0000] {spark_submit.py:644} INFO - org.apache.spark.SparkException: Could not parse Master URL: 'spark:7077'
[2025-05-31T04:29:26.864+0000] {spark_submit.py:644} INFO - at org.apache.spark.SparkContext$.org$apache$spark$SparkContext$$createTaskScheduler(SparkContext.scala:3194)
[2025-05-31T04:29:26.864+0000] {spark_submit.py:644} INFO - at org.apache.spark.SparkContext.<init>(SparkContext.scala:577)
[2025-05-31T04:29:26.864+0000] {spark_submit.py:644} INFO - at org.apache.spark.api.java.JavaSparkContext.<init>(JavaSparkContext.scala:58)
[2025-05-31T04:29:26.864+0000] {spark_submit.py:644} INFO - at java.base/jdk.internal.reflect.NativeConstructorAccessorImpl.newInstance0(Native Method)
[2025-05-31T04:29:26.864+0000] {spark_submit.py:644} INFO - at java.base/jdk.internal.reflect.NativeConstructorAccessorImpl.newInstance(NativeConstructorAccessorImpl.java:77)
[2025-05-31T04:29:26.865+0000] {spark_submit.py:644} INFO - at java.base/jdk.internal.reflect.DelegatingConstructorAccessorImpl.newInstance(DelegatingConstructorAccessorImpl.java:45)
[2025-05-31T04:29:26.865+0000] {spark_submit.py:644} INFO - at java.base/java.lang.reflect.Constructor.newInstanceWithCaller(Constructor.java:500)
[2025-05-31T04:29:26.865+0000] {spark_submit.py:644} INFO - at java.base/java.lang.reflect.Constructor.newInstance(Constructor.java:481)
[2025-05-31T04:29:26.865+0000] {spark_submit.py:644} INFO - at py4j.reflection.MethodInvoker.invoke(MethodInvoker.java:247)
[2025-05-31T04:29:26.865+0000] {spark_submit.py:644} INFO - at py4j.reflection.ReflectionEngine.invoke(ReflectionEngine.java:374)
[2025-05-31T04:29:26.865+0000] {spark_submit.py:644} INFO - at py4j.Gateway.invoke(Gateway.java:238)
[2025-05-31T04:29:26.865+0000] {spark_submit.py:644} INFO - at py4j.commands.ConstructorCommand.invokeConstructor(ConstructorCommand.java:80)
[2025-05-31T04:29:26.866+0000] {spark_submit.py:644} INFO - at py4j.commands.ConstructorCommand.execute(ConstructorCommand.java:69)
[2025-05-31T04:29:26.866+0000] {spark_submit.py:644} INFO - at py4j.ClientServerConnection.waitForCommands(ClientServerConnection.java:182)
[2025-05-31T04:29:26.866+0000] {spark_submit.py:644} INFO - at py4j.ClientServerConnection.run(ClientServerConnection.java:106)
[2025-05-31T04:29:26.866+0000] {spark_submit.py:644} INFO - at java.base/java.lang.Thread.run(Thread.java:840)
[2025-05-31T04:29:26.867+0000] {spark_submit.py:644} INFO - 25/05/31 04:29:26 INFO SparkContext: SparkContext is stopping with exitCode 0.
[2025-05-31T04:29:26.869+0000] {spark_submit.py:644} INFO - 25/05/31 04:29:26 INFO SparkUI: Stopped Spark web UI at http://640bdd282f6c:4040
[2025-05-31T04:29:26.886+0000] {spark_submit.py:644} INFO - 25/05/31 04:29:26 INFO MapOutputTrackerMasterEndpoint: MapOutputTrackerMasterEndpoint stopped!
[2025-05-31T04:29:26.892+0000] {spark_submit.py:644} INFO - 25/05/31 04:29:26 INFO MemoryStore: MemoryStore cleared
[2025-05-31T04:29:26.892+0000] {spark_submit.py:644} INFO - 25/05/31 04:29:26 INFO BlockManager: BlockManager stopped
[2025-05-31T04:29:26.896+0000] {spark_submit.py:644} INFO - 25/05/31 04:29:26 INFO BlockManagerMaster: BlockManagerMaster stopped
[2025-05-31T04:29:26.896+0000] {spark_submit.py:644} INFO - 25/05/31 04:29:26 WARN MetricsSystem: Stopping a MetricsSystem that is not running
[2025-05-31T04:29:26.898+0000] {spark_submit.py:644} INFO - 25/05/31 04:29:26 INFO OutputCommitCoordinator$OutputCommitCoordinatorEndpoint: OutputCommitCoordinator stopped!
[2025-05-31T04:29:26.902+0000] {spark_submit.py:644} INFO - 25/05/31 04:29:26 INFO SparkContext: Successfully stopped SparkContext
[2025-05-31T04:29:26.902+0000] {spark_submit.py:644} INFO - Traceback (most recent call last):
[2025-05-31T04:29:26.902+0000] {spark_submit.py:644} INFO - File "/opt/***/dags/medallion_etl.py", line 30, in <module>
[2025-05-31T04:29:26.903+0000] {spark_submit.py:644} INFO - main()
[2025-05-31T04:29:26.903+0000] {spark_submit.py:644} INFO - ^^^^^^
[2025-05-31T04:29:26.903+0000] {spark_submit.py:644} INFO - File "/opt/***/dags/medallion_etl.py", line 6, in main
[2025-05-31T04:29:26.903+0000] {spark_submit.py:644} INFO - .getOrCreate()
[2025-05-31T04:29:26.903+0000] {spark_submit.py:644} INFO - ^^^^^^^^^^^^^
[2025-05-31T04:29:26.903+0000] {spark_submit.py:644} INFO - File "/home/***/.local/lib/python3.11/site-packages/pyspark/python/lib/pyspark.zip/pyspark/sql/session.py", line 497, in getOrCreate
[2025-05-31T04:29:26.903+0000] {spark_submit.py:644} INFO - File "/home/***/.local/lib/python3.11/site-packages/pyspark/python/lib/pyspark.zip/pyspark/context.py", line 515, in getOrCreate
[2025-05-31T04:29:26.904+0000] {spark_submit.py:644} INFO - File "/home/***/.local/lib/python3.11/site-packages/pyspark/python/lib/pyspark.zip/pyspark/context.py", line 203, in __init__
[2025-05-31T04:29:26.904+0000] {spark_submit.py:644} INFO - File "/home/***/.local/lib/python3.11/site-packages/pyspark/python/lib/pyspark.zip/pyspark/context.py", line 296, in _do_init
[2025-05-31T04:29:26.904+0000] {spark_submit.py:644} INFO - File "/home/***/.local/lib/python3.11/site-packages/pyspark/python/lib/pyspark.zip/pyspark/context.py", line 421, in _initialize_context
[2025-05-31T04:29:26.904+0000] {spark_submit.py:644} INFO - File "/home/***/.local/lib/python3.11/site-packages/pyspark/python/lib/py4j-0.10.9.7-src.zip/py4j/java_gateway.py", line 1587, in __call__
[2025-05-31T04:29:26.904+0000] {spark_submit.py:644} INFO - File "/home/***/.local/lib/python3.11/site-packages/pyspark/python/lib/py4j-0.10.9.7-src.zip/py4j/protocol.py", line 326, in get_return_value
[2025-05-31T04:29:26.904+0000] {spark_submit.py:644} INFO - py4j.protocol.Py4JJavaError: An error occurred while calling None.org.apache.spark.api.java.JavaSparkContext.
[2025-05-31T04:29:26.904+0000] {spark_submit.py:644} INFO - : org.apache.spark.SparkException: Could not parse Master URL: 'spark:7077'
[2025-05-31T04:29:26.904+0000] {spark_submit.py:644} INFO - at org.apache.spark.SparkContext$.org$apache$spark$SparkContext$$createTaskScheduler(SparkContext.scala:3194)
[2025-05-31T04:29:26.905+0000] {spark_submit.py:644} INFO - at org.apache.spark.SparkContext.<init>(SparkContext.scala:577)
[2025-05-31T04:29:26.905+0000] {spark_submit.py:644} INFO - at org.apache.spark.api.java.JavaSparkContext.<init>(JavaSparkContext.scala:58)
[2025-05-31T04:29:26.905+0000] {spark_submit.py:644} INFO - at java.base/jdk.internal.reflect.NativeConstructorAccessorImpl.newInstance0(Native Method)
[2025-05-31T04:29:26.905+0000] {spark_submit.py:644} INFO - at java.base/jdk.internal.reflect.NativeConstructorAccessorImpl.newInstance(NativeConstructorAccessorImpl.java:77)
[2025-05-31T04:29:26.905+0000] {spark_submit.py:644} INFO - at java.base/jdk.internal.reflect.DelegatingConstructorAccessorImpl.newInstance(DelegatingConstructorAccessorImpl.java:45)
[2025-05-31T04:29:26.905+0000] {spark_submit.py:644} INFO - at java.base/java.lang.reflect.Constructor.newInstanceWithCaller(Constructor.java:500)
[2025-05-31T04:29:26.905+0000] {spark_submit.py:644} INFO - at java.base/java.lang.reflect.Constructor.newInstance(Constructor.java:481)
[2025-05-31T04:29:26.905+0000] {spark_submit.py:644} INFO - at py4j.reflection.MethodInvoker.invoke(MethodInvoker.java:247)
[2025-05-31T04:29:26.905+0000] {spark_submit.py:644} INFO - at py4j.reflection.ReflectionEngine.invoke(ReflectionEngine.java:374)
[2025-05-31T04:29:26.905+0000] {spark_submit.py:644} INFO - at py4j.Gateway.invoke(Gateway.java:238)
[2025-05-31T04:29:26.905+0000] {spark_submit.py:644} INFO - at py4j.commands.ConstructorCommand.invokeConstructor(ConstructorCommand.java:80)
[2025-05-31T04:29:26.906+0000] {spark_submit.py:644} INFO - at py4j.commands.ConstructorCommand.execute(ConstructorCommand.java:69)
[2025-05-31T04:29:26.906+0000] {spark_submit.py:644} INFO - at py4j.ClientServerConnection.waitForCommands(ClientServerConnection.java:182)
[2025-05-31T04:29:26.906+0000] {spark_submit.py:644} INFO - at py4j.ClientServerConnection.run(ClientServerConnection.java:106)
[2025-05-31T04:29:26.906+0000] {spark_submit.py:644} INFO - at java.base/java.lang.Thread.run(Thread.java:840)
[2025-05-31T04:29:26.906+0000] {spark_submit.py:644} INFO - 
[2025-05-31T04:29:26.930+0000] {spark_submit.py:644} INFO - 25/05/31 04:29:26 INFO ShutdownHookManager: Shutdown hook called
[2025-05-31T04:29:26.930+0000] {spark_submit.py:644} INFO - 25/05/31 04:29:26 INFO ShutdownHookManager: Deleting directory /tmp/spark-8d52de30-e858-4825-bb6d-de8eb5fe1d95
[2025-05-31T04:29:26.932+0000] {spark_submit.py:644} INFO - 25/05/31 04:29:26 INFO ShutdownHookManager: Deleting directory /tmp/spark-5dd5f206-f301-4310-9818-256bc2495679
[2025-05-31T04:29:26.954+0000] {taskinstance.py:3311} ERROR - Task failed with exception
Traceback (most recent call last):
  File "/home/airflow/.local/lib/python3.11/site-packages/airflow/models/taskinstance.py", line 767, in _execute_task
    result = _execute_callable(context=context, **execute_callable_kwargs)
             ^^^^^^^^^^^^^^^^^^^^^^^^^^^^^^^^^^^^^^^^^^^^^^^^^^^^^^^^^^^^^
  File "/home/airflow/.local/lib/python3.11/site-packages/airflow/models/taskinstance.py", line 733, in _execute_callable
    return ExecutionCallableRunner(
           ^^^^^^^^^^^^^^^^^^^^^^^^
  File "/home/airflow/.local/lib/python3.11/site-packages/airflow/utils/operator_helpers.py", line 252, in run
    return self.func(*args, **kwargs)
           ^^^^^^^^^^^^^^^^^^^^^^^^^^
  File "/home/airflow/.local/lib/python3.11/site-packages/airflow/models/baseoperator.py", line 417, in wrapper
    return func(self, *args, **kwargs)
           ^^^^^^^^^^^^^^^^^^^^^^^^^^^
  File "/home/airflow/.local/lib/python3.11/site-packages/airflow/providers/apache/spark/operators/spark_submit.py", line 197, in execute
    self._hook.submit(self.application)
  File "/home/airflow/.local/lib/python3.11/site-packages/airflow/providers/apache/spark/hooks/spark_submit.py", line 566, in submit
    raise AirflowException(
airflow.exceptions.AirflowException: Cannot execute: spark-submit --master spark:7077 --conf spark.master=spark://spark-master:7077 --name medallion_sales_etl_spark_job --verbose --queue root.default --deploy-mode client /opt/***/dags/medallion_etl.py. Error code is: 1.
[2025-05-31T04:29:26.960+0000] {taskinstance.py:1225} INFO - Marking task as UP_FOR_RETRY. dag_id=medallion_sales_etl, task_id=submit_medallion_sales_etl_job, run_id=manual__2025-05-31T04:29:23.773917+00:00, execution_date=20250531T042923, start_date=20250531T042924, end_date=20250531T042926
[2025-05-31T04:29:26.967+0000] {taskinstance.py:340} INFO - ::group::Post task execution logs
[2025-05-31T04:29:26.968+0000] {standard_task_runner.py:124} ERROR - Failed to execute job 2 for task submit_medallion_sales_etl_job (Cannot execute: spark-submit --master spark:7077 --conf spark.master=spark://spark-master:7077 --name medallion_sales_etl_spark_job --verbose --queue root.default --deploy-mode client /opt/***/dags/medallion_etl.py. Error code is: 1.; 212)
Traceback (most recent call last):
  File "/home/airflow/.local/lib/python3.11/site-packages/airflow/task/task_runner/standard_task_runner.py", line 117, in _start_by_fork
    ret = args.func(args, dag=self.dag)
          ^^^^^^^^^^^^^^^^^^^^^^^^^^^^^
  File "/home/airflow/.local/lib/python3.11/site-packages/airflow/cli/cli_config.py", line 49, in command
    return func(*args, **kwargs)
           ^^^^^^^^^^^^^^^^^^^^^
  File "/home/airflow/.local/lib/python3.11/site-packages/airflow/utils/cli.py", line 116, in wrapper
    return f(*args, **kwargs)
           ^^^^^^^^^^^^^^^^^^
  File "/home/airflow/.local/lib/python3.11/site-packages/airflow/cli/commands/task_command.py", line 483, in task_run
    task_return_code = _run_task_by_selected_method(args, _dag, ti)
                       ^^^^^^^^^^^^^^^^^^^^^^^^^^^^^^^^^^^^^^^^^^^^
  File "/home/airflow/.local/lib/python3.11/site-packages/airflow/cli/commands/task_command.py", line 256, in _run_task_by_selected_method
    return _run_raw_task(args, ti)
           ^^^^^^^^^^^^^^^^^^^^^^^
  File "/home/airflow/.local/lib/python3.11/site-packages/airflow/cli/commands/task_command.py", line 341, in _run_raw_task
    return ti._run_raw_task(
           ^^^^^^^^^^^^^^^^^
  File "/home/airflow/.local/lib/python3.11/site-packages/airflow/utils/session.py", line 97, in wrapper
    return func(*args, session=session, **kwargs)
           ^^^^^^^^^^^^^^^^^^^^^^^^^^^^^^^^^^^^^^
  File "/home/airflow/.local/lib/python3.11/site-packages/airflow/models/taskinstance.py", line 3005, in _run_raw_task
    return _run_raw_task(
           ^^^^^^^^^^^^^^
  File "/home/airflow/.local/lib/python3.11/site-packages/airflow/models/taskinstance.py", line 273, in _run_raw_task
    TaskInstance._execute_task_with_callbacks(
  File "/home/airflow/.local/lib/python3.11/site-packages/airflow/models/taskinstance.py", line 3159, in _execute_task_with_callbacks
    result = self._execute_task(context, task_orig)
             ^^^^^^^^^^^^^^^^^^^^^^^^^^^^^^^^^^^^^^
  File "/home/airflow/.local/lib/python3.11/site-packages/airflow/models/taskinstance.py", line 3183, in _execute_task
    return _execute_task(self, context, task_orig)
           ^^^^^^^^^^^^^^^^^^^^^^^^^^^^^^^^^^^^^^^
  File "/home/airflow/.local/lib/python3.11/site-packages/airflow/models/taskinstance.py", line 767, in _execute_task
    result = _execute_callable(context=context, **execute_callable_kwargs)
             ^^^^^^^^^^^^^^^^^^^^^^^^^^^^^^^^^^^^^^^^^^^^^^^^^^^^^^^^^^^^^
  File "/home/airflow/.local/lib/python3.11/site-packages/airflow/models/taskinstance.py", line 733, in _execute_callable
    return ExecutionCallableRunner(
           ^^^^^^^^^^^^^^^^^^^^^^^^
  File "/home/airflow/.local/lib/python3.11/site-packages/airflow/utils/operator_helpers.py", line 252, in run
    return self.func(*args, **kwargs)
           ^^^^^^^^^^^^^^^^^^^^^^^^^^
  File "/home/airflow/.local/lib/python3.11/site-packages/airflow/models/baseoperator.py", line 417, in wrapper
    return func(self, *args, **kwargs)
           ^^^^^^^^^^^^^^^^^^^^^^^^^^^
  File "/home/airflow/.local/lib/python3.11/site-packages/airflow/providers/apache/spark/operators/spark_submit.py", line 197, in execute
    self._hook.submit(self.application)
  File "/home/airflow/.local/lib/python3.11/site-packages/airflow/providers/apache/spark/hooks/spark_submit.py", line 566, in submit
    raise AirflowException(
airflow.exceptions.AirflowException: Cannot execute: spark-submit --master spark:7077 --conf spark.master=spark://spark-master:7077 --name medallion_sales_etl_spark_job --verbose --queue root.default --deploy-mode client /opt/***/dags/medallion_etl.py. Error code is: 1.
[2025-05-31T04:29:27.003+0000] {local_task_job_runner.py:266} INFO - Task exited with return code 1
[2025-05-31T04:29:27.016+0000] {taskinstance.py:3895} INFO - 0 downstream tasks scheduled from follow-on schedule check
[2025-05-31T04:29:27.017+0000] {local_task_job_runner.py:245} INFO - ::endgroup::
