[2025-06-07T12:31:39.795+0000] {local_task_job_runner.py:123} INFO - ::group::Pre task execution logs
[2025-06-07T12:31:39.803+0000] {taskinstance.py:2613} INFO - Dependencies all met for dep_context=non-requeueable deps ti=<TaskInstance: curry_medallion_etl.submit_bronze_etl_job manual__2025-06-07T12:31:37.712633+00:00 [queued]>
[2025-06-07T12:31:39.807+0000] {taskinstance.py:2613} INFO - Dependencies all met for dep_context=requeueable deps ti=<TaskInstance: curry_medallion_etl.submit_bronze_etl_job manual__2025-06-07T12:31:37.712633+00:00 [queued]>
[2025-06-07T12:31:39.807+0000] {taskinstance.py:2866} INFO - Starting attempt 1 of 1
[2025-06-07T12:31:39.812+0000] {taskinstance.py:2889} INFO - Executing <Task(SparkSubmitOperator): submit_bronze_etl_job> on 2025-06-07 12:31:37.712633+00:00
[2025-06-07T12:31:39.814+0000] {standard_task_runner.py:72} INFO - Started process 1145 to run task
[2025-06-07T12:31:39.816+0000] {standard_task_runner.py:104} INFO - Running: ['***', 'tasks', 'run', 'curry_medallion_etl', 'submit_bronze_etl_job', 'manual__2025-06-07T12:31:37.712633+00:00', '--job-id', '71', '--raw', '--subdir', 'DAGS_FOLDER/medallion_sales_etl_dag.py', '--cfg-path', '/tmp/tmpu5iobw9a']
[2025-06-07T12:31:39.817+0000] {standard_task_runner.py:105} INFO - Job 71: Subtask submit_bronze_etl_job
[2025-06-07T12:31:39.843+0000] {task_command.py:467} INFO - Running <TaskInstance: curry_medallion_etl.submit_bronze_etl_job manual__2025-06-07T12:31:37.712633+00:00 [running]> on host 5ebb95484de3
[2025-06-07T12:31:39.887+0000] {taskinstance.py:3132} INFO - Exporting env vars: AIRFLOW_CTX_DAG_OWNER='qdinh18' AIRFLOW_CTX_DAG_ID='curry_medallion_etl' AIRFLOW_CTX_TASK_ID='submit_bronze_etl_job' AIRFLOW_CTX_EXECUTION_DATE='2025-06-07T12:31:37.712633+00:00' AIRFLOW_CTX_TRY_NUMBER='1' AIRFLOW_CTX_DAG_RUN_ID='manual__2025-06-07T12:31:37.712633+00:00'
[2025-06-07T12:31:39.887+0000] {taskinstance.py:731} INFO - ::endgroup::
[2025-06-07T12:31:39.902+0000] {base.py:84} INFO - Retrieving connection 'spark_default'
[2025-06-07T12:31:39.903+0000] {spark_submit.py:474} INFO - Spark-Submit cmd: spark-submit --master spark://spark-master:7077 --conf spark.executor.memory=2g --conf spark.sql.warehouse.dir=s3a://mybucket/warehouse/ --conf spark.hadoop.fs.s3a.endpoint=http://minio:9000 --conf spark.hadoop.fs.s3a.access.key=minioadmin --conf spark.hadoop.fs.s3a.secret.key=****** --conf spark.hadoop.fs.s3a.path.style.access=true --conf spark.hadoop.fs.s3a.impl=org.apache.hadoop.fs.s3a.S3AFileSystem --packages org.apache.hadoop:hadoop-aws:3.3.4,com.amazonaws:aws-java-sdk-bundle:1.12.262 --name bronze_sc_stats_etl --verbose --queue root.default --deploy-mode client /opt/***/dags/bronze_ingestion_sc_stats_etl.py --output_path s3a://mybucket/bronze/curry_raw_data/
[2025-06-07T12:31:40.495+0000] {spark_submit.py:644} INFO - Using properties file: null
[2025-06-07T12:31:40.546+0000] {spark_submit.py:644} INFO - Parsed arguments:
[2025-06-07T12:31:40.547+0000] {spark_submit.py:644} INFO - master                  spark://spark-master:7077
[2025-06-07T12:31:40.547+0000] {spark_submit.py:644} INFO - remote                  null
[2025-06-07T12:31:40.547+0000] {spark_submit.py:644} INFO - deployMode              client
[2025-06-07T12:31:40.547+0000] {spark_submit.py:644} INFO - executorMemory          2g
[2025-06-07T12:31:40.548+0000] {spark_submit.py:644} INFO - executorCores           null
[2025-06-07T12:31:40.548+0000] {spark_submit.py:644} INFO - totalExecutorCores      null
[2025-06-07T12:31:40.548+0000] {spark_submit.py:644} INFO - propertiesFile          null
[2025-06-07T12:31:40.548+0000] {spark_submit.py:644} INFO - driverMemory            null
[2025-06-07T12:31:40.548+0000] {spark_submit.py:644} INFO - driverCores             null
[2025-06-07T12:31:40.548+0000] {spark_submit.py:644} INFO - driverExtraClassPath    null
[2025-06-07T12:31:40.548+0000] {spark_submit.py:644} INFO - driverExtraLibraryPath  null
[2025-06-07T12:31:40.549+0000] {spark_submit.py:644} INFO - driverExtraJavaOptions  null
[2025-06-07T12:31:40.549+0000] {spark_submit.py:644} INFO - supervise               false
[2025-06-07T12:31:40.549+0000] {spark_submit.py:644} INFO - queue                   root.default
[2025-06-07T12:31:40.549+0000] {spark_submit.py:644} INFO - numExecutors            null
[2025-06-07T12:31:40.549+0000] {spark_submit.py:644} INFO - files                   null
[2025-06-07T12:31:40.549+0000] {spark_submit.py:644} INFO - pyFiles                 null
[2025-06-07T12:31:40.550+0000] {spark_submit.py:644} INFO - archives                null
[2025-06-07T12:31:40.550+0000] {spark_submit.py:644} INFO - mainClass               null
[2025-06-07T12:31:40.550+0000] {spark_submit.py:644} INFO - primaryResource         file:/opt/***/dags/bronze_ingestion_sc_stats_etl.py
[2025-06-07T12:31:40.550+0000] {spark_submit.py:644} INFO - name                    bronze_sc_stats_etl
[2025-06-07T12:31:40.550+0000] {spark_submit.py:644} INFO - childArgs               [--output_path s3a://mybucket/bronze/curry_raw_data/]
[2025-06-07T12:31:40.550+0000] {spark_submit.py:644} INFO - jars                    null
[2025-06-07T12:31:40.550+0000] {spark_submit.py:644} INFO - packages                org.apache.hadoop:hadoop-aws:3.3.4,com.amazonaws:aws-java-sdk-bundle:1.12.262
[2025-06-07T12:31:40.551+0000] {spark_submit.py:644} INFO - packagesExclusions      null
[2025-06-07T12:31:40.551+0000] {spark_submit.py:644} INFO - repositories            null
[2025-06-07T12:31:40.551+0000] {spark_submit.py:644} INFO - verbose                 true
[2025-06-07T12:31:40.551+0000] {spark_submit.py:644} INFO - 
[2025-06-07T12:31:40.551+0000] {spark_submit.py:644} INFO - Spark properties used, including those specified through
[2025-06-07T12:31:40.551+0000] {spark_submit.py:644} INFO - --conf and those from the properties file null:
[2025-06-07T12:31:40.551+0000] {spark_submit.py:644} INFO - (spark.executor.memory,2g)
[2025-06-07T12:31:40.552+0000] {spark_submit.py:644} INFO - (spark.hadoop.fs.s3a.access.key,*********(redacted))
[2025-06-07T12:31:40.552+0000] {spark_submit.py:644} INFO - (spark.hadoop.fs.s3a.endpoint,http://minio:9000)
[2025-06-07T12:31:40.552+0000] {spark_submit.py:644} INFO - (spark.hadoop.fs.s3a.impl,org.apache.hadoop.fs.s3a.S3AFileSystem)
[2025-06-07T12:31:40.552+0000] {spark_submit.py:644} INFO - (spark.hadoop.fs.s3a.path.style.access,true)
[2025-06-07T12:31:40.552+0000] {spark_submit.py:644} INFO - (spark.hadoop.fs.s3a.secret.key,*********(redacted))
[2025-06-07T12:31:40.552+0000] {spark_submit.py:644} INFO - (spark.sql.warehouse.dir,s3a://mybucket/warehouse/)
[2025-06-07T12:31:40.552+0000] {spark_submit.py:644} INFO - 
[2025-06-07T12:31:40.552+0000] {spark_submit.py:644} INFO - 
[2025-06-07T12:31:40.612+0000] {spark_submit.py:644} INFO - :: loading settings :: url = jar:file:/home/***/.local/lib/python3.11/site-packages/pyspark/jars/ivy-2.5.1.jar!/org/apache/ivy/core/settings/ivysettings.xml
[2025-06-07T12:31:40.645+0000] {spark_submit.py:644} INFO - Ivy Default Cache set to: /home/***/.ivy2/cache
[2025-06-07T12:31:40.645+0000] {spark_submit.py:644} INFO - The jars for the packages stored in: /home/***/.ivy2/jars
[2025-06-07T12:31:40.647+0000] {spark_submit.py:644} INFO - org.apache.hadoop#hadoop-aws added as a dependency
[2025-06-07T12:31:40.647+0000] {spark_submit.py:644} INFO - com.amazonaws#aws-java-sdk-bundle added as a dependency
[2025-06-07T12:31:40.648+0000] {spark_submit.py:644} INFO - :: resolving dependencies :: org.apache.spark#spark-submit-parent-806e0758-9255-44f2-83a1-5764527fa4db;1.0
[2025-06-07T12:31:40.648+0000] {spark_submit.py:644} INFO - confs: [default]
[2025-06-07T12:31:40.730+0000] {spark_submit.py:644} INFO - found org.apache.hadoop#hadoop-aws;3.3.4 in central
[2025-06-07T12:31:40.742+0000] {spark_submit.py:644} INFO - found com.amazonaws#aws-java-sdk-bundle;1.12.262 in central
[2025-06-07T12:31:40.754+0000] {spark_submit.py:644} INFO - found org.wildfly.openssl#wildfly-openssl;1.0.7.Final in central
[2025-06-07T12:31:40.765+0000] {spark_submit.py:644} INFO - :: resolution report :: resolve 112ms :: artifacts dl 4ms
[2025-06-07T12:31:40.765+0000] {spark_submit.py:644} INFO - :: modules in use:
[2025-06-07T12:31:40.765+0000] {spark_submit.py:644} INFO - com.amazonaws#aws-java-sdk-bundle;1.12.262 from central in [default]
[2025-06-07T12:31:40.765+0000] {spark_submit.py:644} INFO - org.apache.hadoop#hadoop-aws;3.3.4 from central in [default]
[2025-06-07T12:31:40.766+0000] {spark_submit.py:644} INFO - org.wildfly.openssl#wildfly-openssl;1.0.7.Final from central in [default]
[2025-06-07T12:31:40.766+0000] {spark_submit.py:644} INFO - ---------------------------------------------------------------------
[2025-06-07T12:31:40.766+0000] {spark_submit.py:644} INFO - |                  |            modules            ||   artifacts   |
[2025-06-07T12:31:40.766+0000] {spark_submit.py:644} INFO - |       conf       | number| search|dwnlded|evicted|| number|dwnlded|
[2025-06-07T12:31:40.766+0000] {spark_submit.py:644} INFO - ---------------------------------------------------------------------
[2025-06-07T12:31:40.767+0000] {spark_submit.py:644} INFO - |      default     |   3   |   0   |   0   |   0   ||   3   |   0   |
[2025-06-07T12:31:40.767+0000] {spark_submit.py:644} INFO - ---------------------------------------------------------------------
[2025-06-07T12:31:40.767+0000] {spark_submit.py:644} INFO - :: retrieving :: org.apache.spark#spark-submit-parent-806e0758-9255-44f2-83a1-5764527fa4db
[2025-06-07T12:31:40.767+0000] {spark_submit.py:644} INFO - confs: [default]
[2025-06-07T12:31:40.768+0000] {spark_submit.py:644} INFO - 0 artifacts copied, 3 already retrieved (0kB/2ms)
[2025-06-07T12:31:40.857+0000] {spark_submit.py:644} INFO - 25/06/07 12:31:40 WARN NativeCodeLoader: Unable to load native-hadoop library for your platform... using builtin-java classes where applicable
[2025-06-07T12:31:40.944+0000] {spark_submit.py:644} INFO - Main class:
[2025-06-07T12:31:40.944+0000] {spark_submit.py:644} INFO - org.apache.spark.deploy.PythonRunner
[2025-06-07T12:31:40.945+0000] {spark_submit.py:644} INFO - Arguments:
[2025-06-07T12:31:40.945+0000] {spark_submit.py:644} INFO - file:/opt/***/dags/bronze_ingestion_sc_stats_etl.py
[2025-06-07T12:31:40.945+0000] {spark_submit.py:644} INFO - file:///home/***/.ivy2/jars/org.apache.hadoop_hadoop-aws-3.3.4.jar,file:///home/***/.ivy2/jars/com.amazonaws_aws-java-sdk-bundle-1.12.262.jar,file:///home/***/.ivy2/jars/org.wildfly.openssl_wildfly-openssl-1.0.7.Final.jar
[2025-06-07T12:31:40.945+0000] {spark_submit.py:644} INFO - --output_path
[2025-06-07T12:31:40.945+0000] {spark_submit.py:644} INFO - s3a://mybucket/bronze/curry_raw_data/
[2025-06-07T12:31:40.946+0000] {spark_submit.py:644} INFO - Spark config:
[2025-06-07T12:31:40.946+0000] {spark_submit.py:644} INFO - (spark.app.name,bronze_sc_stats_etl)
[2025-06-07T12:31:40.946+0000] {spark_submit.py:644} INFO - (spark.app.submitTime,1749299500935)
[2025-06-07T12:31:40.946+0000] {spark_submit.py:644} INFO - (spark.executor.memory,2g)
[2025-06-07T12:31:40.946+0000] {spark_submit.py:644} INFO - (spark.files,file:///home/***/.ivy2/jars/org.apache.hadoop_hadoop-aws-3.3.4.jar,file:///home/***/.ivy2/jars/com.amazonaws_aws-java-sdk-bundle-1.12.262.jar,file:///home/***/.ivy2/jars/org.wildfly.openssl_wildfly-openssl-1.0.7.Final.jar)
[2025-06-07T12:31:40.947+0000] {spark_submit.py:644} INFO - (spark.hadoop.fs.s3a.access.key,*********(redacted))
[2025-06-07T12:31:40.947+0000] {spark_submit.py:644} INFO - (spark.hadoop.fs.s3a.endpoint,http://minio:9000)
[2025-06-07T12:31:40.947+0000] {spark_submit.py:644} INFO - (spark.hadoop.fs.s3a.impl,org.apache.hadoop.fs.s3a.S3AFileSystem)
[2025-06-07T12:31:40.947+0000] {spark_submit.py:644} INFO - (spark.hadoop.fs.s3a.path.style.access,true)
[2025-06-07T12:31:40.947+0000] {spark_submit.py:644} INFO - (spark.hadoop.fs.s3a.secret.key,*********(redacted))
[2025-06-07T12:31:40.947+0000] {spark_submit.py:644} INFO - (spark.jars,file:///home/***/.ivy2/jars/org.apache.hadoop_hadoop-aws-3.3.4.jar,file:///home/***/.ivy2/jars/com.amazonaws_aws-java-sdk-bundle-1.12.262.jar,file:///home/***/.ivy2/jars/org.wildfly.openssl_wildfly-openssl-1.0.7.Final.jar)
[2025-06-07T12:31:40.948+0000] {spark_submit.py:644} INFO - (spark.master,spark://spark-master:7077)
[2025-06-07T12:31:40.948+0000] {spark_submit.py:644} INFO - (spark.repl.local.jars,file:///home/***/.ivy2/jars/org.apache.hadoop_hadoop-aws-3.3.4.jar,file:///home/***/.ivy2/jars/com.amazonaws_aws-java-sdk-bundle-1.12.262.jar,file:///home/***/.ivy2/jars/org.wildfly.openssl_wildfly-openssl-1.0.7.Final.jar)
[2025-06-07T12:31:40.948+0000] {spark_submit.py:644} INFO - (spark.sql.warehouse.dir,s3a://mybucket/warehouse/)
[2025-06-07T12:31:40.948+0000] {spark_submit.py:644} INFO - (spark.submit.deployMode,client)
[2025-06-07T12:31:40.948+0000] {spark_submit.py:644} INFO - (spark.submit.pyFiles,/home/***/.ivy2/jars/org.apache.hadoop_hadoop-aws-3.3.4.jar,/home/***/.ivy2/jars/com.amazonaws_aws-java-sdk-bundle-1.12.262.jar,/home/***/.ivy2/jars/org.wildfly.openssl_wildfly-openssl-1.0.7.Final.jar)
[2025-06-07T12:31:40.949+0000] {spark_submit.py:644} INFO - Classpath elements:
[2025-06-07T12:31:40.949+0000] {spark_submit.py:644} INFO - file:///home/***/.ivy2/jars/org.apache.hadoop_hadoop-aws-3.3.4.jar
[2025-06-07T12:31:40.949+0000] {spark_submit.py:644} INFO - file:///home/***/.ivy2/jars/com.amazonaws_aws-java-sdk-bundle-1.12.262.jar
[2025-06-07T12:31:40.949+0000] {spark_submit.py:644} INFO - file:///home/***/.ivy2/jars/org.wildfly.openssl_wildfly-openssl-1.0.7.Final.jar
[2025-06-07T12:31:40.949+0000] {spark_submit.py:644} INFO - 
[2025-06-07T12:31:40.949+0000] {spark_submit.py:644} INFO - 
[2025-06-07T12:31:41.545+0000] {spark_submit.py:644} INFO - 25/06/07 12:31:41 INFO SparkContext: Running Spark version 3.5.2
[2025-06-07T12:31:41.545+0000] {spark_submit.py:644} INFO - 25/06/07 12:31:41 INFO SparkContext: OS info Linux, 6.10.14-linuxkit, aarch64
[2025-06-07T12:31:41.545+0000] {spark_submit.py:644} INFO - 25/06/07 12:31:41 INFO SparkContext: Java version 17.0.15
[2025-06-07T12:31:41.555+0000] {spark_submit.py:644} INFO - 25/06/07 12:31:41 INFO ResourceUtils: ==============================================================
[2025-06-07T12:31:41.556+0000] {spark_submit.py:644} INFO - 25/06/07 12:31:41 INFO ResourceUtils: No custom resources configured for spark.driver.
[2025-06-07T12:31:41.556+0000] {spark_submit.py:644} INFO - 25/06/07 12:31:41 INFO ResourceUtils: ==============================================================
[2025-06-07T12:31:41.556+0000] {spark_submit.py:644} INFO - 25/06/07 12:31:41 INFO SparkContext: Submitted application: BronzeIngestionStephenCurryStats
[2025-06-07T12:31:41.567+0000] {spark_submit.py:644} INFO - 25/06/07 12:31:41 INFO ResourceProfile: Default ResourceProfile created, executor resources: Map(memory -> name: memory, amount: 2048, script: , vendor: , offHeap -> name: offHeap, amount: 0, script: , vendor: ), task resources: Map(cpus -> name: cpus, amount: 1.0)
[2025-06-07T12:31:41.571+0000] {spark_submit.py:644} INFO - 25/06/07 12:31:41 INFO ResourceProfile: Limiting resource is cpu
[2025-06-07T12:31:41.572+0000] {spark_submit.py:644} INFO - 25/06/07 12:31:41 INFO ResourceProfileManager: Added ResourceProfile id: 0
[2025-06-07T12:31:41.606+0000] {spark_submit.py:644} INFO - 25/06/07 12:31:41 INFO SecurityManager: Changing view acls to: ***
[2025-06-07T12:31:41.607+0000] {spark_submit.py:644} INFO - 25/06/07 12:31:41 INFO SecurityManager: Changing modify acls to: ***
[2025-06-07T12:31:41.607+0000] {spark_submit.py:644} INFO - 25/06/07 12:31:41 INFO SecurityManager: Changing view acls groups to:
[2025-06-07T12:31:41.607+0000] {spark_submit.py:644} INFO - 25/06/07 12:31:41 INFO SecurityManager: Changing modify acls groups to:
[2025-06-07T12:31:41.607+0000] {spark_submit.py:644} INFO - 25/06/07 12:31:41 INFO SecurityManager: SecurityManager: authentication disabled; ui acls disabled; users with view permissions: ***; groups with view permissions: EMPTY; users with modify permissions: ***; groups with modify permissions: EMPTY
[2025-06-07T12:31:41.721+0000] {spark_submit.py:644} INFO - 25/06/07 12:31:41 INFO Utils: Successfully started service 'sparkDriver' on port 45475.
[2025-06-07T12:31:41.736+0000] {spark_submit.py:644} INFO - 25/06/07 12:31:41 INFO SparkEnv: Registering MapOutputTracker
[2025-06-07T12:31:41.758+0000] {spark_submit.py:644} INFO - 25/06/07 12:31:41 INFO SparkEnv: Registering BlockManagerMaster
[2025-06-07T12:31:41.768+0000] {spark_submit.py:644} INFO - 25/06/07 12:31:41 INFO BlockManagerMasterEndpoint: Using org.apache.spark.storage.DefaultTopologyMapper for getting topology information
[2025-06-07T12:31:41.768+0000] {spark_submit.py:644} INFO - 25/06/07 12:31:41 INFO BlockManagerMasterEndpoint: BlockManagerMasterEndpoint up
[2025-06-07T12:31:41.770+0000] {spark_submit.py:644} INFO - 25/06/07 12:31:41 INFO SparkEnv: Registering BlockManagerMasterHeartbeat
[2025-06-07T12:31:41.779+0000] {spark_submit.py:644} INFO - 25/06/07 12:31:41 INFO DiskBlockManager: Created local directory at /tmp/blockmgr-c69e6b47-d1a2-4f26-963f-5dd2f3e6922f
[2025-06-07T12:31:41.785+0000] {spark_submit.py:644} INFO - 25/06/07 12:31:41 INFO MemoryStore: MemoryStore started with capacity 434.4 MiB
[2025-06-07T12:31:41.791+0000] {spark_submit.py:644} INFO - 25/06/07 12:31:41 INFO SparkEnv: Registering OutputCommitCoordinator
[2025-06-07T12:31:41.846+0000] {spark_submit.py:644} INFO - 25/06/07 12:31:41 INFO JettyUtils: Start Jetty 0.0.0.0:4040 for SparkUI
[2025-06-07T12:31:41.874+0000] {spark_submit.py:644} INFO - 25/06/07 12:31:41 INFO Utils: Successfully started service 'SparkUI' on port 4040.
[2025-06-07T12:31:41.892+0000] {spark_submit.py:644} INFO - 25/06/07 12:31:41 INFO SparkContext: Added JAR file:///home/***/.ivy2/jars/org.apache.hadoop_hadoop-aws-3.3.4.jar at spark://5ebb95484de3:45475/jars/org.apache.hadoop_hadoop-aws-3.3.4.jar with timestamp 1749299501541
[2025-06-07T12:31:41.899+0000] {spark_submit.py:644} INFO - 25/06/07 12:31:41 INFO SparkContext: Added JAR file:///home/***/.ivy2/jars/com.amazonaws_aws-java-sdk-bundle-1.12.262.jar at spark://5ebb95484de3:45475/jars/com.amazonaws_aws-java-sdk-bundle-1.12.262.jar with timestamp 1749299501541
[2025-06-07T12:31:41.899+0000] {spark_submit.py:644} INFO - 25/06/07 12:31:41 INFO SparkContext: Added JAR file:///home/***/.ivy2/jars/org.wildfly.openssl_wildfly-openssl-1.0.7.Final.jar at spark://5ebb95484de3:45475/jars/org.wildfly.openssl_wildfly-openssl-1.0.7.Final.jar with timestamp 1749299501541
[2025-06-07T12:31:41.900+0000] {spark_submit.py:644} INFO - 25/06/07 12:31:41 INFO SparkContext: Added file file:///home/***/.ivy2/jars/org.apache.hadoop_hadoop-aws-3.3.4.jar at spark://5ebb95484de3:45475/files/org.apache.hadoop_hadoop-aws-3.3.4.jar with timestamp 1749299501541
[2025-06-07T12:31:41.900+0000] {spark_submit.py:644} INFO - 25/06/07 12:31:41 INFO Utils: Copying /home/***/.ivy2/jars/org.apache.hadoop_hadoop-aws-3.3.4.jar to /tmp/spark-d04d4e38-8b59-4700-afc8-2f84607ddbd0/userFiles-e82e4a34-d30c-43ac-87e9-eb29ee3360e4/org.apache.hadoop_hadoop-aws-3.3.4.jar
[2025-06-07T12:31:41.902+0000] {spark_submit.py:644} INFO - 25/06/07 12:31:41 INFO SparkContext: Added file file:///home/***/.ivy2/jars/com.amazonaws_aws-java-sdk-bundle-1.12.262.jar at spark://5ebb95484de3:45475/files/com.amazonaws_aws-java-sdk-bundle-1.12.262.jar with timestamp 1749299501541
[2025-06-07T12:31:41.902+0000] {spark_submit.py:644} INFO - 25/06/07 12:31:41 INFO Utils: Copying /home/***/.ivy2/jars/com.amazonaws_aws-java-sdk-bundle-1.12.262.jar to /tmp/spark-d04d4e38-8b59-4700-afc8-2f84607ddbd0/userFiles-e82e4a34-d30c-43ac-87e9-eb29ee3360e4/com.amazonaws_aws-java-sdk-bundle-1.12.262.jar
[2025-06-07T12:31:41.971+0000] {spark_submit.py:644} INFO - 25/06/07 12:31:41 INFO SparkContext: Added file file:///home/***/.ivy2/jars/org.wildfly.openssl_wildfly-openssl-1.0.7.Final.jar at spark://5ebb95484de3:45475/files/org.wildfly.openssl_wildfly-openssl-1.0.7.Final.jar with timestamp 1749299501541
[2025-06-07T12:31:41.972+0000] {spark_submit.py:644} INFO - 25/06/07 12:31:41 INFO Utils: Copying /home/***/.ivy2/jars/org.wildfly.openssl_wildfly-openssl-1.0.7.Final.jar to /tmp/spark-d04d4e38-8b59-4700-afc8-2f84607ddbd0/userFiles-e82e4a34-d30c-43ac-87e9-eb29ee3360e4/org.wildfly.openssl_wildfly-openssl-1.0.7.Final.jar
[2025-06-07T12:31:42.016+0000] {spark_submit.py:644} INFO - 25/06/07 12:31:42 INFO StandaloneAppClient$ClientEndpoint: Connecting to master spark://spark-master:7077...
[2025-06-07T12:31:42.037+0000] {spark_submit.py:644} INFO - 25/06/07 12:31:42 INFO TransportClientFactory: Successfully created connection to spark-master/172.19.0.6:7077 after 11 ms (0 ms spent in bootstraps)
[2025-06-07T12:31:42.081+0000] {spark_submit.py:644} INFO - 25/06/07 12:31:42 INFO StandaloneSchedulerBackend: Connected to Spark cluster with app ID app-20250607123142-0003
[2025-06-07T12:31:42.083+0000] {spark_submit.py:644} INFO - 25/06/07 12:31:42 INFO StandaloneAppClient$ClientEndpoint: Executor added: app-20250607123142-0003/0 on worker-20250607120528-172.19.0.7-44613 (172.19.0.7:44613) with 4 core(s)
[2025-06-07T12:31:42.084+0000] {spark_submit.py:644} INFO - 25/06/07 12:31:42 INFO StandaloneSchedulerBackend: Granted executor ID app-20250607123142-0003/0 on hostPort 172.19.0.7:44613 with 4 core(s), 2.0 GiB RAM
[2025-06-07T12:31:42.086+0000] {spark_submit.py:644} INFO - 25/06/07 12:31:42 INFO Utils: Successfully started service 'org.apache.spark.network.netty.NettyBlockTransferService' on port 39267.
[2025-06-07T12:31:42.086+0000] {spark_submit.py:644} INFO - 25/06/07 12:31:42 INFO NettyBlockTransferService: Server created on 5ebb95484de3:39267
[2025-06-07T12:31:42.087+0000] {spark_submit.py:644} INFO - 25/06/07 12:31:42 INFO BlockManager: Using org.apache.spark.storage.RandomBlockReplicationPolicy for block replication policy
[2025-06-07T12:31:42.091+0000] {spark_submit.py:644} INFO - 25/06/07 12:31:42 INFO BlockManagerMaster: Registering BlockManager BlockManagerId(driver, 5ebb95484de3, 39267, None)
[2025-06-07T12:31:42.094+0000] {spark_submit.py:644} INFO - 25/06/07 12:31:42 INFO BlockManagerMasterEndpoint: Registering block manager 5ebb95484de3:39267 with 434.4 MiB RAM, BlockManagerId(driver, 5ebb95484de3, 39267, None)
[2025-06-07T12:31:42.095+0000] {spark_submit.py:644} INFO - 25/06/07 12:31:42 INFO BlockManagerMaster: Registered BlockManager BlockManagerId(driver, 5ebb95484de3, 39267, None)
[2025-06-07T12:31:42.097+0000] {spark_submit.py:644} INFO - 25/06/07 12:31:42 INFO BlockManager: Initialized BlockManager: BlockManagerId(driver, 5ebb95484de3, 39267, None)
[2025-06-07T12:31:42.103+0000] {spark_submit.py:644} INFO - 25/06/07 12:31:42 INFO StandaloneAppClient$ClientEndpoint: Executor updated: app-20250607123142-0003/0 is now RUNNING
[2025-06-07T12:31:42.227+0000] {spark_submit.py:644} INFO - 25/06/07 12:31:42 INFO StandaloneSchedulerBackend: SchedulerBackend is ready for scheduling beginning after reached minRegisteredResourcesRatio: 0.0
[2025-06-07T12:31:42.325+0000] {spark_submit.py:644} INFO - Bronze Ingestion: Spark session created.
[2025-06-07T12:31:42.329+0000] {spark_submit.py:644} INFO - 25/06/07 12:31:42 INFO SharedState: Setting hive.metastore.warehouse.dir ('null') to the value of spark.sql.warehouse.dir.
[2025-06-07T12:31:42.395+0000] {spark_submit.py:644} INFO - 25/06/07 12:31:42 WARN MetricsConfig: Cannot locate configuration: tried hadoop-metrics2-s3a-file-system.properties,hadoop-metrics2.properties
[2025-06-07T12:31:42.400+0000] {spark_submit.py:644} INFO - 25/06/07 12:31:42 INFO MetricsSystemImpl: Scheduled Metric snapshot period at 10 second(s).
[2025-06-07T12:31:42.401+0000] {spark_submit.py:644} INFO - 25/06/07 12:31:42 INFO MetricsSystemImpl: s3a-file-system metrics system started
[2025-06-07T12:31:42.801+0000] {spark_submit.py:644} INFO - 25/06/07 12:31:42 INFO SharedState: Warehouse path is 's3a://mybucket/warehouse'.
[2025-06-07T12:31:43.282+0000] {spark_submit.py:644} INFO - 25/06/07 12:31:43 INFO InMemoryFileIndex: It took 24 ms to list leaf files for 1 paths.
[2025-06-07T12:31:43.332+0000] {spark_submit.py:644} INFO - 25/06/07 12:31:43 INFO StandaloneSchedulerBackend$StandaloneDriverEndpoint: Registered executor NettyRpcEndpointRef(spark-client://Executor) (172.19.0.7:46660) with ID 0,  ResourceProfileId 0
[2025-06-07T12:31:43.377+0000] {spark_submit.py:644} INFO - 25/06/07 12:31:43 INFO BlockManagerMasterEndpoint: Registering block manager 172.19.0.7:46023 with 1048.8 MiB RAM, BlockManagerId(0, 172.19.0.7, 46023, None)
[2025-06-07T12:31:43.729+0000] {spark_submit.py:644} INFO - Successfully loaded Stephen Curry stats from: /opt/***/data/Stephen Curry Stats.parquet
[2025-06-07T12:31:43.731+0000] {spark_submit.py:644} INFO - Writing data to Bronze layer at: s3a://mybucket/bronze/curry_raw_data/
[2025-06-07T12:31:44.006+0000] {spark_submit.py:644} INFO - 25/06/07 12:31:44 INFO FileSourceStrategy: Pushed Filters:
[2025-06-07T12:31:44.006+0000] {spark_submit.py:644} INFO - 25/06/07 12:31:44 INFO FileSourceStrategy: Post-Scan Filters:
[2025-06-07T12:31:44.227+0000] {spark_submit.py:644} INFO - 25/06/07 12:31:44 WARN SparkStringUtils: Truncated the string representation of a plan since it was too large. This behavior can be adjusted by setting 'spark.sql.debug.maxToStringFields'.
[2025-06-07T12:31:44.415+0000] {spark_submit.py:644} INFO - 25/06/07 12:31:44 INFO ParquetUtils: Using default output committer for Parquet: org.apache.parquet.hadoop.ParquetOutputCommitter
[2025-06-07T12:31:44.429+0000] {spark_submit.py:644} INFO - 25/06/07 12:31:44 INFO FileOutputCommitter: File Output Committer Algorithm version is 1
[2025-06-07T12:31:44.429+0000] {spark_submit.py:644} INFO - 25/06/07 12:31:44 INFO FileOutputCommitter: FileOutputCommitter skip cleanup _temporary folders under output directory:false, ignore cleanup failures: false
[2025-06-07T12:31:44.429+0000] {spark_submit.py:644} INFO - 25/06/07 12:31:44 INFO SQLHadoopMapReduceCommitProtocol: Using user defined output committer class org.apache.parquet.hadoop.ParquetOutputCommitter
[2025-06-07T12:31:44.429+0000] {spark_submit.py:644} INFO - 25/06/07 12:31:44 INFO FileOutputCommitter: File Output Committer Algorithm version is 1
[2025-06-07T12:31:44.430+0000] {spark_submit.py:644} INFO - 25/06/07 12:31:44 INFO FileOutputCommitter: FileOutputCommitter skip cleanup _temporary folders under output directory:false, ignore cleanup failures: false
[2025-06-07T12:31:44.430+0000] {spark_submit.py:644} INFO - 25/06/07 12:31:44 INFO SQLHadoopMapReduceCommitProtocol: Using output committer class org.apache.parquet.hadoop.ParquetOutputCommitter
[2025-06-07T12:31:44.695+0000] {spark_submit.py:644} INFO - 25/06/07 12:31:44 INFO CodeGenerator: Code generated in 128.304791 ms
[2025-06-07T12:31:44.725+0000] {spark_submit.py:644} INFO - 25/06/07 12:31:44 INFO MemoryStore: Block broadcast_0 stored as values in memory (estimated size 207.8 KiB, free 434.2 MiB)
[2025-06-07T12:31:44.754+0000] {spark_submit.py:644} INFO - 25/06/07 12:31:44 INFO MemoryStore: Block broadcast_0_piece0 stored as bytes in memory (estimated size 36.7 KiB, free 434.2 MiB)
[2025-06-07T12:31:44.756+0000] {spark_submit.py:644} INFO - 25/06/07 12:31:44 INFO BlockManagerInfo: Added broadcast_0_piece0 in memory on 5ebb95484de3:39267 (size: 36.7 KiB, free: 434.4 MiB)
[2025-06-07T12:31:44.762+0000] {spark_submit.py:644} INFO - 25/06/07 12:31:44 INFO SparkContext: Created broadcast 0 from save at NativeMethodAccessorImpl.java:0
[2025-06-07T12:31:44.771+0000] {spark_submit.py:644} INFO - 25/06/07 12:31:44 INFO FileSourceScanExec: Planning scan with bin packing, max size: 4194304 bytes, open cost is considered as scanning 4194304 bytes.
[2025-06-07T12:31:44.831+0000] {spark_submit.py:644} INFO - 25/06/07 12:31:44 INFO SparkContext: Starting job: save at NativeMethodAccessorImpl.java:0
[2025-06-07T12:31:44.845+0000] {spark_submit.py:644} INFO - 25/06/07 12:31:44 INFO DAGScheduler: Got job 0 (save at NativeMethodAccessorImpl.java:0) with 1 output partitions
[2025-06-07T12:31:44.846+0000] {spark_submit.py:644} INFO - 25/06/07 12:31:44 INFO DAGScheduler: Final stage: ResultStage 0 (save at NativeMethodAccessorImpl.java:0)
[2025-06-07T12:31:44.846+0000] {spark_submit.py:644} INFO - 25/06/07 12:31:44 INFO DAGScheduler: Parents of final stage: List()
[2025-06-07T12:31:44.846+0000] {spark_submit.py:644} INFO - 25/06/07 12:31:44 INFO DAGScheduler: Missing parents: List()
[2025-06-07T12:31:44.848+0000] {spark_submit.py:644} INFO - 25/06/07 12:31:44 INFO DAGScheduler: Submitting ResultStage 0 (MapPartitionsRDD[3] at save at NativeMethodAccessorImpl.java:0), which has no missing parents
[2025-06-07T12:31:44.896+0000] {spark_submit.py:644} INFO - 25/06/07 12:31:44 INFO MemoryStore: Block broadcast_1 stored as values in memory (estimated size 238.8 KiB, free 433.9 MiB)
[2025-06-07T12:31:44.900+0000] {spark_submit.py:644} INFO - 25/06/07 12:31:44 INFO MemoryStore: Block broadcast_1_piece0 stored as bytes in memory (estimated size 82.0 KiB, free 433.8 MiB)
[2025-06-07T12:31:44.901+0000] {spark_submit.py:644} INFO - 25/06/07 12:31:44 INFO BlockManagerInfo: Added broadcast_1_piece0 in memory on 5ebb95484de3:39267 (size: 82.0 KiB, free: 434.3 MiB)
[2025-06-07T12:31:44.901+0000] {spark_submit.py:644} INFO - 25/06/07 12:31:44 INFO SparkContext: Created broadcast 1 from broadcast at DAGScheduler.scala:1585
[2025-06-07T12:31:44.910+0000] {spark_submit.py:644} INFO - 25/06/07 12:31:44 INFO DAGScheduler: Submitting 1 missing tasks from ResultStage 0 (MapPartitionsRDD[3] at save at NativeMethodAccessorImpl.java:0) (first 15 tasks are for partitions Vector(0))
[2025-06-07T12:31:44.911+0000] {spark_submit.py:644} INFO - 25/06/07 12:31:44 INFO TaskSchedulerImpl: Adding task set 0.0 with 1 tasks resource profile 0
[2025-06-07T12:31:44.930+0000] {spark_submit.py:644} INFO - 25/06/07 12:31:44 INFO TaskSetManager: Starting task 0.0 in stage 0.0 (TID 0) (172.19.0.7, executor 0, partition 0, PROCESS_LOCAL, 10352 bytes)
[2025-06-07T12:31:45.056+0000] {spark_submit.py:644} INFO - 25/06/07 12:31:45 INFO BlockManagerInfo: Added broadcast_1_piece0 in memory on 172.19.0.7:46023 (size: 82.0 KiB, free: 1048.7 MiB)
[2025-06-07T12:31:46.263+0000] {spark_submit.py:644} INFO - 25/06/07 12:31:46 INFO BlockManagerInfo: Added broadcast_0_piece0 in memory on 172.19.0.7:46023 (size: 36.7 KiB, free: 1048.7 MiB)
[2025-06-07T12:31:46.658+0000] {spark_submit.py:644} INFO - 25/06/07 12:31:46 INFO TaskSetManager: Finished task 0.0 in stage 0.0 (TID 0) in 1735 ms on 172.19.0.7 (executor 0) (1/1)
[2025-06-07T12:31:46.659+0000] {spark_submit.py:644} INFO - 25/06/07 12:31:46 INFO TaskSchedulerImpl: Removed TaskSet 0.0, whose tasks have all completed, from pool
[2025-06-07T12:31:46.661+0000] {spark_submit.py:644} INFO - 25/06/07 12:31:46 INFO DAGScheduler: ResultStage 0 (save at NativeMethodAccessorImpl.java:0) finished in 1.807 s
[2025-06-07T12:31:46.662+0000] {spark_submit.py:644} INFO - 25/06/07 12:31:46 INFO DAGScheduler: Job 0 is finished. Cancelling potential speculative or zombie tasks for this job
[2025-06-07T12:31:46.663+0000] {spark_submit.py:644} INFO - 25/06/07 12:31:46 INFO TaskSchedulerImpl: Killing all running tasks in stage 0: Stage finished
[2025-06-07T12:31:46.664+0000] {spark_submit.py:644} INFO - 25/06/07 12:31:46 INFO DAGScheduler: Job 0 finished: save at NativeMethodAccessorImpl.java:0, took 1.832876 s
[2025-06-07T12:31:46.665+0000] {spark_submit.py:644} INFO - 25/06/07 12:31:46 INFO FileFormatWriter: Start to commit write Job 024458b7-fa3c-4200-b84e-4791917618f0.
[2025-06-07T12:31:46.773+0000] {spark_submit.py:644} INFO - 25/06/07 12:31:46 INFO FileFormatWriter: Write Job 024458b7-fa3c-4200-b84e-4791917618f0 committed. Elapsed time: 106 ms.
[2025-06-07T12:31:46.775+0000] {spark_submit.py:644} INFO - 25/06/07 12:31:46 INFO FileFormatWriter: Finished processing stats for write job 024458b7-fa3c-4200-b84e-4791917618f0.
[2025-06-07T12:31:46.778+0000] {spark_submit.py:644} INFO - Successfully wrote Parquet data to S3 path: s3a://mybucket/bronze/curry_raw_data/
[2025-06-07T12:31:46.828+0000] {spark_submit.py:644} INFO - 25/06/07 12:31:46 INFO HiveConf: Found configuration file null
[2025-06-07T12:31:46.833+0000] {spark_submit.py:644} INFO - 25/06/07 12:31:46 INFO HiveUtils: Initializing HiveMetastoreConnection version 2.3.9 using Spark classes.
[2025-06-07T12:31:46.926+0000] {spark_submit.py:644} INFO - 25/06/07 12:31:46 INFO HiveClientImpl: Warehouse location for Hive client (version 2.3.9) is s3a://mybucket/warehouse
[2025-06-07T12:31:46.948+0000] {spark_submit.py:644} INFO - 25/06/07 12:31:46 INFO metastore: Trying to connect to metastore with URI thrift://hive-metastore:9083
[2025-06-07T12:31:46.957+0000] {spark_submit.py:644} INFO - 25/06/07 12:31:46 INFO BlockManagerInfo: Removed broadcast_1_piece0 on 5ebb95484de3:39267 in memory (size: 82.0 KiB, free: 434.4 MiB)
[2025-06-07T12:31:46.959+0000] {spark_submit.py:644} INFO - 25/06/07 12:31:46 INFO metastore: Opened a connection to metastore, current connections: 1
[2025-06-07T12:31:46.962+0000] {spark_submit.py:644} INFO - 25/06/07 12:31:46 INFO BlockManagerInfo: Removed broadcast_1_piece0 on 172.19.0.7:46023 in memory (size: 82.0 KiB, free: 1048.8 MiB)
[2025-06-07T12:31:46.969+0000] {spark_submit.py:644} INFO - 25/06/07 12:31:46 INFO metastore: Connected to metastore.
[2025-06-07T12:31:47.170+0000] {spark_submit.py:644} INFO - 25/06/07 12:31:47 INFO SQLStdHiveAccessController: Created SQLStdHiveAccessController for session context : HiveAuthzSessionContext [sessionString=a519989a-b1b6-4762-9b35-d431b0317d16, clientType=HIVECLI]
[2025-06-07T12:31:47.171+0000] {spark_submit.py:644} INFO - 25/06/07 12:31:47 WARN SessionState: METASTORE_FILTER_HOOK will be ignored, since hive.security.authorization.manager is set to instance of HiveAuthorizerFactory.
[2025-06-07T12:31:47.171+0000] {spark_submit.py:644} INFO - 25/06/07 12:31:47 INFO metastore: Mestastore configuration hive.metastore.filter.hook changed from org.apache.hadoop.hive.metastore.DefaultMetaStoreFilterHookImpl to org.apache.hadoop.hive.ql.security.authorization.plugin.AuthorizationMetaStoreFilterHook
[2025-06-07T12:31:47.173+0000] {spark_submit.py:644} INFO - 25/06/07 12:31:47 INFO metastore: Closed a connection to metastore, current connections: 0
[2025-06-07T12:31:47.174+0000] {spark_submit.py:644} INFO - 25/06/07 12:31:47 INFO metastore: Trying to connect to metastore with URI thrift://hive-metastore:9083
[2025-06-07T12:31:47.175+0000] {spark_submit.py:644} INFO - 25/06/07 12:31:47 INFO metastore: Opened a connection to metastore, current connections: 1
[2025-06-07T12:31:47.175+0000] {spark_submit.py:644} INFO - 25/06/07 12:31:47 INFO metastore: Connected to metastore.
[2025-06-07T12:31:47.207+0000] {spark_submit.py:644} INFO - 25/06/07 12:31:47 INFO metastore: Trying to connect to metastore with URI thrift://hive-metastore:9083
[2025-06-07T12:31:47.208+0000] {spark_submit.py:644} INFO - 25/06/07 12:31:47 INFO metastore: Opened a connection to metastore, current connections: 2
[2025-06-07T12:31:47.209+0000] {spark_submit.py:644} INFO - 25/06/07 12:31:47 INFO metastore: Connected to metastore.
[2025-06-07T12:31:47.396+0000] {spark_submit.py:644} INFO - Error writing data to Bronze layer: org.apache.hadoop.hive.ql.metadata.HiveException: MetaException(message:Got exception: java.nio.file.AccessDeniedException s3a://mybucket/bronze/curry_raw_data: getFileStatus on s3a://mybucket/bronze/curry_raw_data: com.amazonaws.services.s3.model.AmazonS3Exception: Forbidden (Service: Amazon S3; Status Code: 403; Error Code: 403 Forbidden; Request ID: 1846C2A2360EB47D; S3 Extended Request ID: dd9025bab4ad464b049177c95eb6ebf374d3b3fd1af9251148b658df7ac2e3e8; Proxy: null), S3 Extended Request ID: dd9025bab4ad464b049177c95eb6ebf374d3b3fd1af9251148b658df7ac2e3e8:403 Forbidden)
[2025-06-07T12:31:47.396+0000] {spark_submit.py:644} INFO - 25/06/07 12:31:47 INFO SparkContext: SparkContext is stopping with exitCode 0.
[2025-06-07T12:31:47.403+0000] {spark_submit.py:644} INFO - 25/06/07 12:31:47 INFO SparkUI: Stopped Spark web UI at http://5ebb95484de3:4040
[2025-06-07T12:31:47.405+0000] {spark_submit.py:644} INFO - 25/06/07 12:31:47 INFO StandaloneSchedulerBackend: Shutting down all executors
[2025-06-07T12:31:47.405+0000] {spark_submit.py:644} INFO - 25/06/07 12:31:47 INFO StandaloneSchedulerBackend$StandaloneDriverEndpoint: Asking each executor to shut down
[2025-06-07T12:31:47.416+0000] {spark_submit.py:644} INFO - 25/06/07 12:31:47 INFO MapOutputTrackerMasterEndpoint: MapOutputTrackerMasterEndpoint stopped!
[2025-06-07T12:31:47.426+0000] {spark_submit.py:644} INFO - 25/06/07 12:31:47 INFO MemoryStore: MemoryStore cleared
[2025-06-07T12:31:47.426+0000] {spark_submit.py:644} INFO - 25/06/07 12:31:47 INFO BlockManager: BlockManager stopped
[2025-06-07T12:31:47.428+0000] {spark_submit.py:644} INFO - 25/06/07 12:31:47 INFO BlockManagerMaster: BlockManagerMaster stopped
[2025-06-07T12:31:47.429+0000] {spark_submit.py:644} INFO - 25/06/07 12:31:47 INFO OutputCommitCoordinator$OutputCommitCoordinatorEndpoint: OutputCommitCoordinator stopped!
[2025-06-07T12:31:47.453+0000] {spark_submit.py:644} INFO - 25/06/07 12:31:47 INFO SparkContext: Successfully stopped SparkContext
[2025-06-07T12:31:47.757+0000] {spark_submit.py:644} INFO - Traceback (most recent call last):
[2025-06-07T12:31:47.757+0000] {spark_submit.py:644} INFO - File "/opt/***/dags/bronze_ingestion_sc_stats_etl.py", line 114, in <module>
[2025-06-07T12:31:47.758+0000] {spark_submit.py:644} INFO - main(args.output_path)
[2025-06-07T12:31:47.758+0000] {spark_submit.py:644} INFO - File "/opt/***/dags/bronze_ingestion_sc_stats_etl.py", line 99, in main
[2025-06-07T12:31:47.758+0000] {spark_submit.py:644} INFO - spark.sql(create_table_sql)
[2025-06-07T12:31:47.758+0000] {spark_submit.py:644} INFO - File "/home/***/.local/lib/python3.11/site-packages/pyspark/python/lib/pyspark.zip/pyspark/sql/session.py", line 1631, in sql
[2025-06-07T12:31:47.759+0000] {spark_submit.py:644} INFO - File "/home/***/.local/lib/python3.11/site-packages/pyspark/python/lib/py4j-0.10.9.7-src.zip/py4j/java_gateway.py", line 1322, in __call__
[2025-06-07T12:31:47.759+0000] {spark_submit.py:644} INFO - File "/home/***/.local/lib/python3.11/site-packages/pyspark/python/lib/pyspark.zip/pyspark/errors/exceptions/captured.py", line 185, in deco
[2025-06-07T12:31:47.761+0000] {spark_submit.py:644} INFO - pyspark.errors.exceptions.captured.AnalysisException: org.apache.hadoop.hive.ql.metadata.HiveException: MetaException(message:Got exception: java.nio.file.AccessDeniedException s3a://mybucket/bronze/curry_raw_data: getFileStatus on s3a://mybucket/bronze/curry_raw_data: com.amazonaws.services.s3.model.AmazonS3Exception: Forbidden (Service: Amazon S3; Status Code: 403; Error Code: 403 Forbidden; Request ID: 1846C2A2360EB47D; S3 Extended Request ID: dd9025bab4ad464b049177c95eb6ebf374d3b3fd1af9251148b658df7ac2e3e8; Proxy: null), S3 Extended Request ID: dd9025bab4ad464b049177c95eb6ebf374d3b3fd1af9251148b658df7ac2e3e8:403 Forbidden)
[2025-06-07T12:31:47.791+0000] {spark_submit.py:644} INFO - 25/06/07 12:31:47 INFO ShutdownHookManager: Shutdown hook called
[2025-06-07T12:31:47.792+0000] {spark_submit.py:644} INFO - 25/06/07 12:31:47 INFO ShutdownHookManager: Deleting directory /tmp/spark-b599830a-8e95-43af-b537-5e3111c9cbb2
[2025-06-07T12:31:47.793+0000] {spark_submit.py:644} INFO - 25/06/07 12:31:47 INFO ShutdownHookManager: Deleting directory /tmp/spark-d04d4e38-8b59-4700-afc8-2f84607ddbd0
[2025-06-07T12:31:47.795+0000] {spark_submit.py:644} INFO - 25/06/07 12:31:47 INFO ShutdownHookManager: Deleting directory /tmp/spark-d04d4e38-8b59-4700-afc8-2f84607ddbd0/pyspark-51e8c151-aeff-4666-9a04-8083d7bea1d2
[2025-06-07T12:31:47.802+0000] {spark_submit.py:644} INFO - 25/06/07 12:31:47 INFO MetricsSystemImpl: Stopping s3a-file-system metrics system...
[2025-06-07T12:31:47.803+0000] {spark_submit.py:644} INFO - 25/06/07 12:31:47 INFO MetricsSystemImpl: s3a-file-system metrics system stopped.
[2025-06-07T12:31:47.803+0000] {spark_submit.py:644} INFO - 25/06/07 12:31:47 INFO MetricsSystemImpl: s3a-file-system metrics system shutdown complete.
[2025-06-07T12:31:47.866+0000] {taskinstance.py:3311} ERROR - Task failed with exception
Traceback (most recent call last):
  File "/home/airflow/.local/lib/python3.11/site-packages/airflow/models/taskinstance.py", line 767, in _execute_task
    result = _execute_callable(context=context, **execute_callable_kwargs)
             ^^^^^^^^^^^^^^^^^^^^^^^^^^^^^^^^^^^^^^^^^^^^^^^^^^^^^^^^^^^^^
  File "/home/airflow/.local/lib/python3.11/site-packages/airflow/models/taskinstance.py", line 733, in _execute_callable
    return ExecutionCallableRunner(
           ^^^^^^^^^^^^^^^^^^^^^^^^
  File "/home/airflow/.local/lib/python3.11/site-packages/airflow/utils/operator_helpers.py", line 252, in run
    return self.func(*args, **kwargs)
           ^^^^^^^^^^^^^^^^^^^^^^^^^^
  File "/home/airflow/.local/lib/python3.11/site-packages/airflow/models/baseoperator.py", line 417, in wrapper
    return func(self, *args, **kwargs)
           ^^^^^^^^^^^^^^^^^^^^^^^^^^^
  File "/home/airflow/.local/lib/python3.11/site-packages/airflow/providers/apache/spark/operators/spark_submit.py", line 197, in execute
    self._hook.submit(self.application)
  File "/home/airflow/.local/lib/python3.11/site-packages/airflow/providers/apache/spark/hooks/spark_submit.py", line 566, in submit
    raise AirflowException(
airflow.exceptions.AirflowException: Cannot execute: spark-submit --master spark://spark-master:7077 --conf spark.executor.memory=2g --conf spark.sql.warehouse.dir=s3a://mybucket/warehouse/ --conf spark.hadoop.fs.s3a.endpoint=http://minio:9000 --conf spark.hadoop.fs.s3a.access.key=minioadmin --conf spark.hadoop.fs.s3a.secret.key=****** --conf spark.hadoop.fs.s3a.path.style.access=true --conf spark.hadoop.fs.s3a.impl=org.apache.hadoop.fs.s3a.S3AFileSystem --packages org.apache.hadoop:hadoop-aws:3.3.4,com.amazonaws:aws-java-sdk-bundle:1.12.262 --name bronze_sc_stats_etl --verbose --queue root.default --deploy-mode client /opt/***/dags/bronze_ingestion_sc_stats_etl.py --output_path s3a://mybucket/bronze/curry_raw_data/. Error code is: 1.
[2025-06-07T12:31:47.868+0000] {taskinstance.py:1225} INFO - Marking task as FAILED. dag_id=curry_medallion_etl, task_id=submit_bronze_etl_job, run_id=manual__2025-06-07T12:31:37.712633+00:00, execution_date=20250607T123137, start_date=20250607T123139, end_date=20250607T123147
[2025-06-07T12:31:47.874+0000] {taskinstance.py:340} INFO - ::group::Post task execution logs
[2025-06-07T12:31:47.874+0000] {standard_task_runner.py:124} ERROR - Failed to execute job 71 for task submit_bronze_etl_job (Cannot execute: spark-submit --master spark://spark-master:7077 --conf spark.executor.memory=2g --conf spark.sql.warehouse.dir=s3a://mybucket/warehouse/ --conf spark.hadoop.fs.s3a.endpoint=http://minio:9000 --conf spark.hadoop.fs.s3a.access.key=minioadmin --conf spark.hadoop.fs.s3a.secret.key=****** --conf spark.hadoop.fs.s3a.path.style.access=true --conf spark.hadoop.fs.s3a.impl=org.apache.hadoop.fs.s3a.S3AFileSystem --packages org.apache.hadoop:hadoop-aws:3.3.4,com.amazonaws:aws-java-sdk-bundle:1.12.262 --name bronze_sc_stats_etl --verbose --queue root.default --deploy-mode client /opt/***/dags/bronze_ingestion_sc_stats_etl.py --output_path s3a://mybucket/bronze/curry_raw_data/. Error code is: 1.; 1145)
Traceback (most recent call last):
  File "/home/airflow/.local/lib/python3.11/site-packages/airflow/task/task_runner/standard_task_runner.py", line 117, in _start_by_fork
    ret = args.func(args, dag=self.dag)
          ^^^^^^^^^^^^^^^^^^^^^^^^^^^^^
  File "/home/airflow/.local/lib/python3.11/site-packages/airflow/cli/cli_config.py", line 49, in command
    return func(*args, **kwargs)
           ^^^^^^^^^^^^^^^^^^^^^
  File "/home/airflow/.local/lib/python3.11/site-packages/airflow/utils/cli.py", line 116, in wrapper
    return f(*args, **kwargs)
           ^^^^^^^^^^^^^^^^^^
  File "/home/airflow/.local/lib/python3.11/site-packages/airflow/cli/commands/task_command.py", line 483, in task_run
    task_return_code = _run_task_by_selected_method(args, _dag, ti)
                       ^^^^^^^^^^^^^^^^^^^^^^^^^^^^^^^^^^^^^^^^^^^^
  File "/home/airflow/.local/lib/python3.11/site-packages/airflow/cli/commands/task_command.py", line 256, in _run_task_by_selected_method
    return _run_raw_task(args, ti)
           ^^^^^^^^^^^^^^^^^^^^^^^
  File "/home/airflow/.local/lib/python3.11/site-packages/airflow/cli/commands/task_command.py", line 341, in _run_raw_task
    return ti._run_raw_task(
           ^^^^^^^^^^^^^^^^^
  File "/home/airflow/.local/lib/python3.11/site-packages/airflow/utils/session.py", line 97, in wrapper
    return func(*args, session=session, **kwargs)
           ^^^^^^^^^^^^^^^^^^^^^^^^^^^^^^^^^^^^^^
  File "/home/airflow/.local/lib/python3.11/site-packages/airflow/models/taskinstance.py", line 3005, in _run_raw_task
    return _run_raw_task(
           ^^^^^^^^^^^^^^
  File "/home/airflow/.local/lib/python3.11/site-packages/airflow/models/taskinstance.py", line 273, in _run_raw_task
    TaskInstance._execute_task_with_callbacks(
  File "/home/airflow/.local/lib/python3.11/site-packages/airflow/models/taskinstance.py", line 3159, in _execute_task_with_callbacks
    result = self._execute_task(context, task_orig)
             ^^^^^^^^^^^^^^^^^^^^^^^^^^^^^^^^^^^^^^
  File "/home/airflow/.local/lib/python3.11/site-packages/airflow/models/taskinstance.py", line 3183, in _execute_task
    return _execute_task(self, context, task_orig)
           ^^^^^^^^^^^^^^^^^^^^^^^^^^^^^^^^^^^^^^^
  File "/home/airflow/.local/lib/python3.11/site-packages/airflow/models/taskinstance.py", line 767, in _execute_task
    result = _execute_callable(context=context, **execute_callable_kwargs)
             ^^^^^^^^^^^^^^^^^^^^^^^^^^^^^^^^^^^^^^^^^^^^^^^^^^^^^^^^^^^^^
  File "/home/airflow/.local/lib/python3.11/site-packages/airflow/models/taskinstance.py", line 733, in _execute_callable
    return ExecutionCallableRunner(
           ^^^^^^^^^^^^^^^^^^^^^^^^
  File "/home/airflow/.local/lib/python3.11/site-packages/airflow/utils/operator_helpers.py", line 252, in run
    return self.func(*args, **kwargs)
           ^^^^^^^^^^^^^^^^^^^^^^^^^^
  File "/home/airflow/.local/lib/python3.11/site-packages/airflow/models/baseoperator.py", line 417, in wrapper
    return func(self, *args, **kwargs)
           ^^^^^^^^^^^^^^^^^^^^^^^^^^^
  File "/home/airflow/.local/lib/python3.11/site-packages/airflow/providers/apache/spark/operators/spark_submit.py", line 197, in execute
    self._hook.submit(self.application)
  File "/home/airflow/.local/lib/python3.11/site-packages/airflow/providers/apache/spark/hooks/spark_submit.py", line 566, in submit
    raise AirflowException(
airflow.exceptions.AirflowException: Cannot execute: spark-submit --master spark://spark-master:7077 --conf spark.executor.memory=2g --conf spark.sql.warehouse.dir=s3a://mybucket/warehouse/ --conf spark.hadoop.fs.s3a.endpoint=http://minio:9000 --conf spark.hadoop.fs.s3a.access.key=minioadmin --conf spark.hadoop.fs.s3a.secret.key=****** --conf spark.hadoop.fs.s3a.path.style.access=true --conf spark.hadoop.fs.s3a.impl=org.apache.hadoop.fs.s3a.S3AFileSystem --packages org.apache.hadoop:hadoop-aws:3.3.4,com.amazonaws:aws-java-sdk-bundle:1.12.262 --name bronze_sc_stats_etl --verbose --queue root.default --deploy-mode client /opt/***/dags/bronze_ingestion_sc_stats_etl.py --output_path s3a://mybucket/bronze/curry_raw_data/. Error code is: 1.
[2025-06-07T12:31:47.906+0000] {local_task_job_runner.py:266} INFO - Task exited with return code 1
[2025-06-07T12:31:47.918+0000] {taskinstance.py:3895} INFO - 0 downstream tasks scheduled from follow-on schedule check
[2025-06-07T12:31:47.920+0000] {local_task_job_runner.py:245} INFO - ::endgroup::
