[2025-06-08T09:01:53.697+0000] {local_task_job_runner.py:123} INFO - ::group::Pre task execution logs
[2025-06-08T09:01:53.713+0000] {taskinstance.py:2613} INFO - Dependencies all met for dep_context=non-requeueable deps ti=<TaskInstance: stephen_curry_stats_medallion_etl.bronze_to_silver manual__2025-06-08T09:00:49.008857+00:00 [queued]>
[2025-06-08T09:01:53.720+0000] {taskinstance.py:2613} INFO - Dependencies all met for dep_context=requeueable deps ti=<TaskInstance: stephen_curry_stats_medallion_etl.bronze_to_silver manual__2025-06-08T09:00:49.008857+00:00 [queued]>
[2025-06-08T09:01:53.720+0000] {taskinstance.py:2866} INFO - Starting attempt 1 of 1
[2025-06-08T09:01:53.727+0000] {taskinstance.py:2889} INFO - Executing <Task(SparkSubmitOperator): bronze_to_silver> on 2025-06-08 09:00:49.008857+00:00
[2025-06-08T09:01:53.729+0000] {standard_task_runner.py:72} INFO - Started process 13196 to run task
[2025-06-08T09:01:53.731+0000] {standard_task_runner.py:104} INFO - Running: ['***', 'tasks', 'run', 'stephen_curry_stats_medallion_etl', 'bronze_to_silver', 'manual__2025-06-08T09:00:49.008857+00:00', '--job-id', '62', '--raw', '--subdir', 'DAGS_FOLDER/medallion_sales_etl_dag.py', '--cfg-path', '/tmp/tmpo2_yphg_']
[2025-06-08T09:01:53.733+0000] {standard_task_runner.py:105} INFO - Job 62: Subtask bronze_to_silver
[2025-06-08T09:01:53.761+0000] {task_command.py:467} INFO - Running <TaskInstance: stephen_curry_stats_medallion_etl.bronze_to_silver manual__2025-06-08T09:00:49.008857+00:00 [running]> on host ae00baecdfb8
[2025-06-08T09:01:53.814+0000] {taskinstance.py:3132} INFO - Exporting env vars: AIRFLOW_CTX_DAG_OWNER='***' AIRFLOW_CTX_DAG_ID='stephen_curry_stats_medallion_etl' AIRFLOW_CTX_TASK_ID='bronze_to_silver' AIRFLOW_CTX_EXECUTION_DATE='2025-06-08T09:00:49.008857+00:00' AIRFLOW_CTX_TRY_NUMBER='1' AIRFLOW_CTX_DAG_RUN_ID='manual__2025-06-08T09:00:49.008857+00:00'
[2025-06-08T09:01:53.815+0000] {taskinstance.py:731} INFO - ::endgroup::
[2025-06-08T09:01:53.845+0000] {base.py:84} INFO - Retrieving connection 'spark_default'
[2025-06-08T09:01:53.846+0000] {spark_submit.py:474} INFO - Spark-Submit cmd: spark-submit --master spark://spark-master:7077 --conf spark.sql.extensions=io.delta.sql.DeltaSparkSessionExtension --conf spark.sql.catalog.spark_catalog=org.apache.spark.sql.delta.catalog.DeltaCatalog --conf spark.hadoop.fs.s3a.endpoint=http://minio:9000 --conf spark.hadoop.fs.s3a.access.key=minioadmin --conf spark.hadoop.fs.s3a.secret.key=****** --conf spark.hadoop.fs.s3a.path.style.access=true --conf spark.hadoop.fs.s3a.impl=org.apache.hadoop.fs.s3a.S3AFileSystem --conf spark.hadoop.fs.s3a.aws.credentials.provider=org.apache.hadoop.fs.s3a.SimpleAWSCredentialsProvider --packages org.apache.hadoop:hadoop-aws:3.3.4,com.amazonaws:aws-java-sdk-bundle:1.12.262,io.delta:delta-spark_2.12:3.1.0 --name arrow-spark --queue root.default --deploy-mode client dags/bronze_to_silver_sc_stats_etl.py --output_path s3a://mybucket/sc_stats_db/silver/transformed_data
[2025-06-08T09:01:54.720+0000] {spark_submit.py:644} INFO - :: loading settings :: url = jar:file:/home/***/.local/lib/python3.11/site-packages/pyspark/jars/ivy-2.5.1.jar!/org/apache/ivy/core/settings/ivysettings.xml
[2025-06-08T09:01:54.758+0000] {spark_submit.py:644} INFO - Ivy Default Cache set to: /home/***/.ivy2/cache
[2025-06-08T09:01:54.758+0000] {spark_submit.py:644} INFO - The jars for the packages stored in: /home/***/.ivy2/jars
[2025-06-08T09:01:54.761+0000] {spark_submit.py:644} INFO - org.apache.hadoop#hadoop-aws added as a dependency
[2025-06-08T09:01:54.761+0000] {spark_submit.py:644} INFO - com.amazonaws#aws-java-sdk-bundle added as a dependency
[2025-06-08T09:01:54.761+0000] {spark_submit.py:644} INFO - io.delta#delta-spark_2.12 added as a dependency
[2025-06-08T09:01:54.761+0000] {spark_submit.py:644} INFO - :: resolving dependencies :: org.apache.spark#spark-submit-parent-fe55e4c9-9c62-4deb-bbb7-0ca3a8f52b6a;1.0
[2025-06-08T09:01:54.761+0000] {spark_submit.py:644} INFO - confs: [default]
[2025-06-08T09:01:54.846+0000] {spark_submit.py:644} INFO - found org.apache.hadoop#hadoop-aws;3.3.4 in central
[2025-06-08T09:01:54.861+0000] {spark_submit.py:644} INFO - found com.amazonaws#aws-java-sdk-bundle;1.12.262 in central
[2025-06-08T09:01:54.873+0000] {spark_submit.py:644} INFO - found org.wildfly.openssl#wildfly-openssl;1.0.7.Final in central
[2025-06-08T09:01:54.882+0000] {spark_submit.py:644} INFO - found io.delta#delta-spark_2.12;3.1.0 in central
[2025-06-08T09:01:54.891+0000] {spark_submit.py:644} INFO - found io.delta#delta-storage;3.1.0 in central
[2025-06-08T09:01:54.899+0000] {spark_submit.py:644} INFO - found org.antlr#antlr4-runtime;4.9.3 in central
[2025-06-08T09:01:54.915+0000] {spark_submit.py:644} INFO - :: resolution report :: resolve 146ms :: artifacts dl 8ms
[2025-06-08T09:01:54.915+0000] {spark_submit.py:644} INFO - :: modules in use:
[2025-06-08T09:01:54.915+0000] {spark_submit.py:644} INFO - com.amazonaws#aws-java-sdk-bundle;1.12.262 from central in [default]
[2025-06-08T09:01:54.916+0000] {spark_submit.py:644} INFO - io.delta#delta-spark_2.12;3.1.0 from central in [default]
[2025-06-08T09:01:54.916+0000] {spark_submit.py:644} INFO - io.delta#delta-storage;3.1.0 from central in [default]
[2025-06-08T09:01:54.916+0000] {spark_submit.py:644} INFO - org.antlr#antlr4-runtime;4.9.3 from central in [default]
[2025-06-08T09:01:54.916+0000] {spark_submit.py:644} INFO - org.apache.hadoop#hadoop-aws;3.3.4 from central in [default]
[2025-06-08T09:01:54.916+0000] {spark_submit.py:644} INFO - org.wildfly.openssl#wildfly-openssl;1.0.7.Final from central in [default]
[2025-06-08T09:01:54.916+0000] {spark_submit.py:644} INFO - ---------------------------------------------------------------------
[2025-06-08T09:01:54.916+0000] {spark_submit.py:644} INFO - |                  |            modules            ||   artifacts   |
[2025-06-08T09:01:54.916+0000] {spark_submit.py:644} INFO - |       conf       | number| search|dwnlded|evicted|| number|dwnlded|
[2025-06-08T09:01:54.916+0000] {spark_submit.py:644} INFO - ---------------------------------------------------------------------
[2025-06-08T09:01:54.917+0000] {spark_submit.py:644} INFO - |      default     |   6   |   0   |   0   |   0   ||   6   |   0   |
[2025-06-08T09:01:54.917+0000] {spark_submit.py:644} INFO - ---------------------------------------------------------------------
[2025-06-08T09:01:54.918+0000] {spark_submit.py:644} INFO - :: retrieving :: org.apache.spark#spark-submit-parent-fe55e4c9-9c62-4deb-bbb7-0ca3a8f52b6a
[2025-06-08T09:01:54.918+0000] {spark_submit.py:644} INFO - confs: [default]
[2025-06-08T09:01:54.921+0000] {spark_submit.py:644} INFO - 0 artifacts copied, 6 already retrieved (0kB/3ms)
[2025-06-08T09:01:55.020+0000] {spark_submit.py:644} INFO - 25/06/08 09:01:55 WARN NativeCodeLoader: Unable to load native-hadoop library for your platform... using builtin-java classes where applicable
[2025-06-08T09:01:55.716+0000] {spark_submit.py:644} INFO - 25/06/08 09:01:55 INFO SparkContext: Running Spark version 3.5.2
[2025-06-08T09:01:55.716+0000] {spark_submit.py:644} INFO - 25/06/08 09:01:55 INFO SparkContext: OS info Linux, 6.10.14-linuxkit, aarch64
[2025-06-08T09:01:55.717+0000] {spark_submit.py:644} INFO - 25/06/08 09:01:55 INFO SparkContext: Java version 17.0.15
[2025-06-08T09:01:55.732+0000] {spark_submit.py:644} INFO - 25/06/08 09:01:55 INFO ResourceUtils: ==============================================================
[2025-06-08T09:01:55.732+0000] {spark_submit.py:644} INFO - 25/06/08 09:01:55 INFO ResourceUtils: No custom resources configured for spark.driver.
[2025-06-08T09:01:55.732+0000] {spark_submit.py:644} INFO - 25/06/08 09:01:55 INFO ResourceUtils: ==============================================================
[2025-06-08T09:01:55.733+0000] {spark_submit.py:644} INFO - 25/06/08 09:01:55 INFO SparkContext: Submitted application: BronzeToSilverStephenCurryStats
[2025-06-08T09:01:55.744+0000] {spark_submit.py:644} INFO - 25/06/08 09:01:55 INFO ResourceProfile: Default ResourceProfile created, executor resources: Map(memory -> name: memory, amount: 1024, script: , vendor: , offHeap -> name: offHeap, amount: 0, script: , vendor: ), task resources: Map(cpus -> name: cpus, amount: 1.0)
[2025-06-08T09:01:55.750+0000] {spark_submit.py:644} INFO - 25/06/08 09:01:55 INFO ResourceProfile: Limiting resource is cpu
[2025-06-08T09:01:55.751+0000] {spark_submit.py:644} INFO - 25/06/08 09:01:55 INFO ResourceProfileManager: Added ResourceProfile id: 0
[2025-06-08T09:01:55.779+0000] {spark_submit.py:644} INFO - 25/06/08 09:01:55 INFO SecurityManager: Changing view acls to: ***
[2025-06-08T09:01:55.781+0000] {spark_submit.py:644} INFO - 25/06/08 09:01:55 INFO SecurityManager: Changing modify acls to: ***
[2025-06-08T09:01:55.784+0000] {spark_submit.py:644} INFO - 25/06/08 09:01:55 INFO SecurityManager: Changing view acls groups to:
[2025-06-08T09:01:55.786+0000] {spark_submit.py:644} INFO - 25/06/08 09:01:55 INFO SecurityManager: Changing modify acls groups to:
[2025-06-08T09:01:55.787+0000] {spark_submit.py:644} INFO - 25/06/08 09:01:55 INFO SecurityManager: SecurityManager: authentication disabled; ui acls disabled; users with view permissions: ***; groups with view permissions: EMPTY; users with modify permissions: ***; groups with modify permissions: EMPTY
[2025-06-08T09:01:55.890+0000] {spark_submit.py:644} INFO - 25/06/08 09:01:55 INFO Utils: Successfully started service 'sparkDriver' on port 37613.
[2025-06-08T09:01:55.907+0000] {spark_submit.py:644} INFO - 25/06/08 09:01:55 INFO SparkEnv: Registering MapOutputTracker
[2025-06-08T09:01:55.928+0000] {spark_submit.py:644} INFO - 25/06/08 09:01:55 INFO SparkEnv: Registering BlockManagerMaster
[2025-06-08T09:01:55.935+0000] {spark_submit.py:644} INFO - 25/06/08 09:01:55 INFO BlockManagerMasterEndpoint: Using org.apache.spark.storage.DefaultTopologyMapper for getting topology information
[2025-06-08T09:01:55.936+0000] {spark_submit.py:644} INFO - 25/06/08 09:01:55 INFO BlockManagerMasterEndpoint: BlockManagerMasterEndpoint up
[2025-06-08T09:01:55.938+0000] {spark_submit.py:644} INFO - 25/06/08 09:01:55 INFO SparkEnv: Registering BlockManagerMasterHeartbeat
[2025-06-08T09:01:55.947+0000] {spark_submit.py:644} INFO - 25/06/08 09:01:55 INFO DiskBlockManager: Created local directory at /tmp/blockmgr-af3199bc-8895-4a68-aa56-9b17bb0f8448
[2025-06-08T09:01:55.953+0000] {spark_submit.py:644} INFO - 25/06/08 09:01:55 INFO MemoryStore: MemoryStore started with capacity 434.4 MiB
[2025-06-08T09:01:55.963+0000] {spark_submit.py:644} INFO - 25/06/08 09:01:55 INFO SparkEnv: Registering OutputCommitCoordinator
[2025-06-08T09:01:56.020+0000] {spark_submit.py:644} INFO - 25/06/08 09:01:56 INFO JettyUtils: Start Jetty 0.0.0.0:4040 for SparkUI
[2025-06-08T09:01:56.048+0000] {spark_submit.py:644} INFO - 25/06/08 09:01:56 INFO Utils: Successfully started service 'SparkUI' on port 4040.
[2025-06-08T09:01:56.068+0000] {spark_submit.py:644} INFO - 25/06/08 09:01:56 INFO SparkContext: Added JAR file:///home/***/.ivy2/jars/org.apache.hadoop_hadoop-aws-3.3.4.jar at spark://ae00baecdfb8:37613/jars/org.apache.hadoop_hadoop-aws-3.3.4.jar with timestamp 1749373315712
[2025-06-08T09:01:56.069+0000] {spark_submit.py:644} INFO - 25/06/08 09:01:56 INFO SparkContext: Added JAR file:///home/***/.ivy2/jars/com.amazonaws_aws-java-sdk-bundle-1.12.262.jar at spark://ae00baecdfb8:37613/jars/com.amazonaws_aws-java-sdk-bundle-1.12.262.jar with timestamp 1749373315712
[2025-06-08T09:01:56.070+0000] {spark_submit.py:644} INFO - 25/06/08 09:01:56 INFO SparkContext: Added JAR file:///home/***/.ivy2/jars/io.delta_delta-spark_2.12-3.1.0.jar at spark://ae00baecdfb8:37613/jars/io.delta_delta-spark_2.12-3.1.0.jar with timestamp 1749373315712
[2025-06-08T09:01:56.071+0000] {spark_submit.py:644} INFO - 25/06/08 09:01:56 INFO SparkContext: Added JAR file:///home/***/.ivy2/jars/org.wildfly.openssl_wildfly-openssl-1.0.7.Final.jar at spark://ae00baecdfb8:37613/jars/org.wildfly.openssl_wildfly-openssl-1.0.7.Final.jar with timestamp 1749373315712
[2025-06-08T09:01:56.072+0000] {spark_submit.py:644} INFO - 25/06/08 09:01:56 INFO SparkContext: Added JAR file:///home/***/.ivy2/jars/io.delta_delta-storage-3.1.0.jar at spark://ae00baecdfb8:37613/jars/io.delta_delta-storage-3.1.0.jar with timestamp 1749373315712
[2025-06-08T09:01:56.073+0000] {spark_submit.py:644} INFO - 25/06/08 09:01:56 INFO SparkContext: Added JAR file:///home/***/.ivy2/jars/org.antlr_antlr4-runtime-4.9.3.jar at spark://ae00baecdfb8:37613/jars/org.antlr_antlr4-runtime-4.9.3.jar with timestamp 1749373315712
[2025-06-08T09:01:56.073+0000] {spark_submit.py:644} INFO - 25/06/08 09:01:56 INFO SparkContext: Added file file:///home/***/.ivy2/jars/org.apache.hadoop_hadoop-aws-3.3.4.jar at spark://ae00baecdfb8:37613/files/org.apache.hadoop_hadoop-aws-3.3.4.jar with timestamp 1749373315712
[2025-06-08T09:01:56.073+0000] {spark_submit.py:644} INFO - 25/06/08 09:01:56 INFO Utils: Copying /home/***/.ivy2/jars/org.apache.hadoop_hadoop-aws-3.3.4.jar to /tmp/spark-199cc6de-50c0-4f13-a4a3-526d0e49fcc8/userFiles-aae91094-74a6-48d6-92fc-960f50dde6b0/org.apache.hadoop_hadoop-aws-3.3.4.jar
[2025-06-08T09:01:56.077+0000] {spark_submit.py:644} INFO - 25/06/08 09:01:56 INFO SparkContext: Added file file:///home/***/.ivy2/jars/com.amazonaws_aws-java-sdk-bundle-1.12.262.jar at spark://ae00baecdfb8:37613/files/com.amazonaws_aws-java-sdk-bundle-1.12.262.jar with timestamp 1749373315712
[2025-06-08T09:01:56.077+0000] {spark_submit.py:644} INFO - 25/06/08 09:01:56 INFO Utils: Copying /home/***/.ivy2/jars/com.amazonaws_aws-java-sdk-bundle-1.12.262.jar to /tmp/spark-199cc6de-50c0-4f13-a4a3-526d0e49fcc8/userFiles-aae91094-74a6-48d6-92fc-960f50dde6b0/com.amazonaws_aws-java-sdk-bundle-1.12.262.jar
[2025-06-08T09:01:56.173+0000] {spark_submit.py:644} INFO - 25/06/08 09:01:56 INFO SparkContext: Added file file:///home/***/.ivy2/jars/io.delta_delta-spark_2.12-3.1.0.jar at spark://ae00baecdfb8:37613/files/io.delta_delta-spark_2.12-3.1.0.jar with timestamp 1749373315712
[2025-06-08T09:01:56.175+0000] {spark_submit.py:644} INFO - 25/06/08 09:01:56 INFO Utils: Copying /home/***/.ivy2/jars/io.delta_delta-spark_2.12-3.1.0.jar to /tmp/spark-199cc6de-50c0-4f13-a4a3-526d0e49fcc8/userFiles-aae91094-74a6-48d6-92fc-960f50dde6b0/io.delta_delta-spark_2.12-3.1.0.jar
[2025-06-08T09:01:56.178+0000] {spark_submit.py:644} INFO - 25/06/08 09:01:56 INFO SparkContext: Added file file:///home/***/.ivy2/jars/org.wildfly.openssl_wildfly-openssl-1.0.7.Final.jar at spark://ae00baecdfb8:37613/files/org.wildfly.openssl_wildfly-openssl-1.0.7.Final.jar with timestamp 1749373315712
[2025-06-08T09:01:56.178+0000] {spark_submit.py:644} INFO - 25/06/08 09:01:56 INFO Utils: Copying /home/***/.ivy2/jars/org.wildfly.openssl_wildfly-openssl-1.0.7.Final.jar to /tmp/spark-199cc6de-50c0-4f13-a4a3-526d0e49fcc8/userFiles-aae91094-74a6-48d6-92fc-960f50dde6b0/org.wildfly.openssl_wildfly-openssl-1.0.7.Final.jar
[2025-06-08T09:01:56.180+0000] {spark_submit.py:644} INFO - 25/06/08 09:01:56 INFO SparkContext: Added file file:///home/***/.ivy2/jars/io.delta_delta-storage-3.1.0.jar at spark://ae00baecdfb8:37613/files/io.delta_delta-storage-3.1.0.jar with timestamp 1749373315712
[2025-06-08T09:01:56.180+0000] {spark_submit.py:644} INFO - 25/06/08 09:01:56 INFO Utils: Copying /home/***/.ivy2/jars/io.delta_delta-storage-3.1.0.jar to /tmp/spark-199cc6de-50c0-4f13-a4a3-526d0e49fcc8/userFiles-aae91094-74a6-48d6-92fc-960f50dde6b0/io.delta_delta-storage-3.1.0.jar
[2025-06-08T09:01:56.182+0000] {spark_submit.py:644} INFO - 25/06/08 09:01:56 INFO SparkContext: Added file file:///home/***/.ivy2/jars/org.antlr_antlr4-runtime-4.9.3.jar at spark://ae00baecdfb8:37613/files/org.antlr_antlr4-runtime-4.9.3.jar with timestamp 1749373315712
[2025-06-08T09:01:56.182+0000] {spark_submit.py:644} INFO - 25/06/08 09:01:56 INFO Utils: Copying /home/***/.ivy2/jars/org.antlr_antlr4-runtime-4.9.3.jar to /tmp/spark-199cc6de-50c0-4f13-a4a3-526d0e49fcc8/userFiles-aae91094-74a6-48d6-92fc-960f50dde6b0/org.antlr_antlr4-runtime-4.9.3.jar
[2025-06-08T09:01:56.227+0000] {spark_submit.py:644} INFO - 25/06/08 09:01:56 INFO StandaloneAppClient$ClientEndpoint: Connecting to master spark://spark-master:7077...
[2025-06-08T09:01:56.250+0000] {spark_submit.py:644} INFO - 25/06/08 09:01:56 INFO TransportClientFactory: Successfully created connection to spark-master/172.19.0.7:7077 after 11 ms (0 ms spent in bootstraps)
[2025-06-08T09:01:56.292+0000] {spark_submit.py:644} INFO - 25/06/08 09:01:56 INFO StandaloneSchedulerBackend: Connected to Spark cluster with app ID app-20250608090156-0002
[2025-06-08T09:01:56.293+0000] {spark_submit.py:644} INFO - 25/06/08 09:01:56 INFO StandaloneAppClient$ClientEndpoint: Executor added: app-20250608090156-0002/0 on worker-20250608085938-172.19.0.10-33591 (172.19.0.10:33591) with 4 core(s)
[2025-06-08T09:01:56.295+0000] {spark_submit.py:644} INFO - 25/06/08 09:01:56 INFO StandaloneSchedulerBackend: Granted executor ID app-20250608090156-0002/0 on hostPort 172.19.0.10:33591 with 4 core(s), 1024.0 MiB RAM
[2025-06-08T09:01:56.299+0000] {spark_submit.py:644} INFO - 25/06/08 09:01:56 INFO Utils: Successfully started service 'org.apache.spark.network.netty.NettyBlockTransferService' on port 35923.
[2025-06-08T09:01:56.299+0000] {spark_submit.py:644} INFO - 25/06/08 09:01:56 INFO NettyBlockTransferService: Server created on ae00baecdfb8:35923
[2025-06-08T09:01:56.300+0000] {spark_submit.py:644} INFO - 25/06/08 09:01:56 INFO BlockManager: Using org.apache.spark.storage.RandomBlockReplicationPolicy for block replication policy
[2025-06-08T09:01:56.304+0000] {spark_submit.py:644} INFO - 25/06/08 09:01:56 INFO BlockManagerMaster: Registering BlockManager BlockManagerId(driver, ae00baecdfb8, 35923, None)
[2025-06-08T09:01:56.306+0000] {spark_submit.py:644} INFO - 25/06/08 09:01:56 INFO BlockManagerMasterEndpoint: Registering block manager ae00baecdfb8:35923 with 434.4 MiB RAM, BlockManagerId(driver, ae00baecdfb8, 35923, None)
[2025-06-08T09:01:56.308+0000] {spark_submit.py:644} INFO - 25/06/08 09:01:56 INFO BlockManagerMaster: Registered BlockManager BlockManagerId(driver, ae00baecdfb8, 35923, None)
[2025-06-08T09:01:56.309+0000] {spark_submit.py:644} INFO - 25/06/08 09:01:56 INFO BlockManager: Initialized BlockManager: BlockManagerId(driver, ae00baecdfb8, 35923, None)
[2025-06-08T09:01:56.315+0000] {spark_submit.py:644} INFO - 25/06/08 09:01:56 INFO StandaloneAppClient$ClientEndpoint: Executor updated: app-20250608090156-0002/0 is now RUNNING
[2025-06-08T09:01:56.409+0000] {spark_submit.py:644} INFO - 25/06/08 09:01:56 INFO StandaloneSchedulerBackend: SchedulerBackend is ready for scheduling beginning after reached minRegisteredResourcesRatio: 0.0
[2025-06-08T09:01:56.535+0000] {spark_submit.py:644} INFO - Bronze to Silver: Spark session created.
[2025-06-08T09:01:56.538+0000] {spark_submit.py:644} INFO - 25/06/08 09:01:56 INFO SharedState: Setting hive.metastore.warehouse.dir ('null') to the value of spark.sql.warehouse.dir.
[2025-06-08T09:01:56.540+0000] {spark_submit.py:644} INFO - 25/06/08 09:01:56 INFO SharedState: Warehouse path is 'file:/opt/***/spark-warehouse'.
[2025-06-08T09:01:57.116+0000] {spark_submit.py:644} INFO - 25/06/08 09:01:57 INFO HiveConf: Found configuration file null
[2025-06-08T09:01:57.121+0000] {spark_submit.py:644} INFO - 25/06/08 09:01:57 INFO HiveUtils: Initializing HiveMetastoreConnection version 2.3.9 using Spark classes.
[2025-06-08T09:01:57.227+0000] {spark_submit.py:644} INFO - 25/06/08 09:01:57 INFO HiveClientImpl: Warehouse location for Hive client (version 2.3.9) is file:/opt/***/spark-warehouse
[2025-06-08T09:01:57.297+0000] {spark_submit.py:644} INFO - 25/06/08 09:01:57 WARN HiveConf: HiveConf of name hive.stats.jdbc.timeout does not exist
[2025-06-08T09:01:57.297+0000] {spark_submit.py:644} INFO - 25/06/08 09:01:57 WARN HiveConf: HiveConf of name hive.stats.retries.wait does not exist
[2025-06-08T09:01:57.298+0000] {spark_submit.py:644} INFO - 25/06/08 09:01:57 INFO HiveMetaStore: 0: Opening raw store with implementation class:org.apache.hadoop.hive.metastore.ObjectStore
[2025-06-08T09:01:57.322+0000] {spark_submit.py:644} INFO - 25/06/08 09:01:57 INFO ObjectStore: ObjectStore, initialize called
[2025-06-08T09:01:57.408+0000] {spark_submit.py:644} INFO - 25/06/08 09:01:57 INFO Persistence: Property hive.metastore.integral.jdo.pushdown unknown - will be ignored
[2025-06-08T09:01:57.408+0000] {spark_submit.py:644} INFO - 25/06/08 09:01:57 INFO Persistence: Property datanucleus.cache.level2 unknown - will be ignored
[2025-06-08T09:01:57.790+0000] {spark_submit.py:644} INFO - 25/06/08 09:01:57 INFO ObjectStore: Setting MetaStore object pin classes with hive.metastore.cache.pinobjtypes="Table,StorageDescriptor,SerDeInfo,Partition,Database,Type,FieldSchema,Order"
[2025-06-08T09:01:57.887+0000] {spark_submit.py:644} INFO - 25/06/08 09:01:57 INFO StandaloneSchedulerBackend$StandaloneDriverEndpoint: Registered executor NettyRpcEndpointRef(spark-client://Executor) (172.19.0.10:46140) with ID 0,  ResourceProfileId 0
[2025-06-08T09:01:57.935+0000] {spark_submit.py:644} INFO - 25/06/08 09:01:57 INFO BlockManagerMasterEndpoint: Registering block manager 172.19.0.10:37479 with 434.4 MiB RAM, BlockManagerId(0, 172.19.0.10, 37479, None)
[2025-06-08T09:01:58.265+0000] {spark_submit.py:644} INFO - 25/06/08 09:01:58 INFO MetaStoreDirectSql: Using direct SQL, underlying DB is DERBY
[2025-06-08T09:01:58.267+0000] {spark_submit.py:644} INFO - 25/06/08 09:01:58 INFO ObjectStore: Initialized ObjectStore
[2025-06-08T09:01:58.300+0000] {spark_submit.py:644} INFO - 25/06/08 09:01:58 WARN ObjectStore: Version information not found in metastore. hive.metastore.schema.verification is not enabled so recording the schema version 2.3.0
[2025-06-08T09:01:58.300+0000] {spark_submit.py:644} INFO - 25/06/08 09:01:58 WARN ObjectStore: setMetaStoreSchemaVersion called but recording version is disabled: version = 2.3.0, comment = Set by MetaStore UNKNOWN@172.19.0.8
[2025-06-08T09:01:58.355+0000] {spark_submit.py:644} INFO - 25/06/08 09:01:58 INFO HiveMetaStore: Added admin role in metastore
[2025-06-08T09:01:58.356+0000] {spark_submit.py:644} INFO - 25/06/08 09:01:58 INFO HiveMetaStore: Added public role in metastore
[2025-06-08T09:01:58.379+0000] {spark_submit.py:644} INFO - 25/06/08 09:01:58 INFO HiveMetaStore: No user is added in admin role, since config is empty
[2025-06-08T09:01:58.420+0000] {spark_submit.py:644} INFO - 25/06/08 09:01:58 INFO HiveMetaStore: 0: get_database: default
[2025-06-08T09:01:58.421+0000] {spark_submit.py:644} INFO - 25/06/08 09:01:58 INFO audit: ugi=***	ip=unknown-ip-addr	cmd=get_database: default
[2025-06-08T09:01:58.424+0000] {spark_submit.py:644} INFO - 25/06/08 09:01:58 INFO HiveMetaStore: 0: get_database: global_temp
[2025-06-08T09:01:58.424+0000] {spark_submit.py:644} INFO - 25/06/08 09:01:58 INFO audit: ugi=***	ip=unknown-ip-addr	cmd=get_database: global_temp
[2025-06-08T09:01:58.425+0000] {spark_submit.py:644} INFO - 25/06/08 09:01:58 WARN ObjectStore: Failed to get database global_temp, returning NoSuchObjectException
[2025-06-08T09:01:58.684+0000] {spark_submit.py:644} INFO - 25/06/08 09:01:58 INFO HiveMetaStore: 0: get_database: sc_stats_db
[2025-06-08T09:01:58.687+0000] {spark_submit.py:644} INFO - 25/06/08 09:01:58 INFO audit: ugi=***	ip=unknown-ip-addr	cmd=get_database: sc_stats_db
[2025-06-08T09:01:58.688+0000] {spark_submit.py:644} INFO - 25/06/08 09:01:58 INFO HiveMetaStore: 0: get_table : db=sc_stats_db tbl=bronze_raw_data
[2025-06-08T09:01:58.688+0000] {spark_submit.py:644} INFO - 25/06/08 09:01:58 INFO audit: ugi=***	ip=unknown-ip-addr	cmd=get_table : db=sc_stats_db tbl=bronze_raw_data
[2025-06-08T09:01:58.822+0000] {spark_submit.py:644} INFO - 25/06/08 09:01:58 INFO HiveMetaStore: 0: get_table : db=sc_stats_db tbl=bronze_raw_data
[2025-06-08T09:01:58.823+0000] {spark_submit.py:644} INFO - 25/06/08 09:01:58 INFO audit: ugi=***	ip=unknown-ip-addr	cmd=get_table : db=sc_stats_db tbl=bronze_raw_data
[2025-06-08T09:01:59.142+0000] {spark_submit.py:644} INFO - 25/06/08 09:01:59 WARN MetricsConfig: Cannot locate configuration: tried hadoop-metrics2-s3a-file-system.properties,hadoop-metrics2.properties
[2025-06-08T09:01:59.147+0000] {spark_submit.py:644} INFO - 25/06/08 09:01:59 INFO MetricsSystemImpl: Scheduled Metric snapshot period at 10 second(s).
[2025-06-08T09:01:59.148+0000] {spark_submit.py:644} INFO - 25/06/08 09:01:59 INFO MetricsSystemImpl: s3a-file-system metrics system started
[2025-06-08T09:01:59.546+0000] {spark_submit.py:644} INFO - 25/06/08 09:01:59 INFO DelegatingLogStore: LogStore `LogStoreAdapter(io.delta.storage.S3SingleDriverLogStore)` is used for scheme `s3a`
[2025-06-08T09:01:59.626+0000] {spark_submit.py:644} INFO - 25/06/08 09:01:59 INFO DeltaLog: Creating initial snapshot without metadata, because the directory is empty
[2025-06-08T09:02:00.173+0000] {spark_submit.py:644} INFO - 25/06/08 09:02:00 INFO InitialSnapshot: [tableId=cb69c975-b006-451d-a7d1-63aac979d8a6] Created snapshot InitialSnapshot(path=s3a://mybucket/warehouse/sc_stats_db.db/bronze_raw_data/_delta_log, version=-1, metadata=Metadata(009b82b2-c517-488f-aead-5abe7e763e6f,null,null,Format(parquet,Map()),null,List(),Map(),Some(1749373320169)), logSegment=LogSegment(s3a://mybucket/warehouse/sc_stats_db.db/bronze_raw_data/_delta_log,-1,List(),org.apache.spark.sql.delta.EmptyCheckpointProvider$@3f37dd02,-1), checksumOpt=None)
[2025-06-08T09:02:00.312+0000] {spark_submit.py:644} INFO - Error in bronze to silver transformation: [DELTA_TABLE_NOT_FOUND] Delta table `sc_stats_db`.`bronze_raw_data` doesn't exist.
[2025-06-08T09:02:00.313+0000] {spark_submit.py:644} INFO - 25/06/08 09:02:00 INFO SparkContext: SparkContext is stopping with exitCode 0.
[2025-06-08T09:02:00.319+0000] {spark_submit.py:644} INFO - 25/06/08 09:02:00 INFO SparkUI: Stopped Spark web UI at http://ae00baecdfb8:4040
[2025-06-08T09:02:00.322+0000] {spark_submit.py:644} INFO - 25/06/08 09:02:00 INFO StandaloneSchedulerBackend: Shutting down all executors
[2025-06-08T09:02:00.322+0000] {spark_submit.py:644} INFO - 25/06/08 09:02:00 INFO StandaloneSchedulerBackend$StandaloneDriverEndpoint: Asking each executor to shut down
[2025-06-08T09:02:00.332+0000] {spark_submit.py:644} INFO - 25/06/08 09:02:00 INFO MapOutputTrackerMasterEndpoint: MapOutputTrackerMasterEndpoint stopped!
[2025-06-08T09:02:00.340+0000] {spark_submit.py:644} INFO - 25/06/08 09:02:00 INFO MemoryStore: MemoryStore cleared
[2025-06-08T09:02:00.341+0000] {spark_submit.py:644} INFO - 25/06/08 09:02:00 INFO BlockManager: BlockManager stopped
[2025-06-08T09:02:00.345+0000] {spark_submit.py:644} INFO - 25/06/08 09:02:00 INFO BlockManagerMaster: BlockManagerMaster stopped
[2025-06-08T09:02:00.346+0000] {spark_submit.py:644} INFO - 25/06/08 09:02:00 INFO OutputCommitCoordinator$OutputCommitCoordinatorEndpoint: OutputCommitCoordinator stopped!
[2025-06-08T09:02:00.371+0000] {spark_submit.py:644} INFO - 25/06/08 09:02:00 INFO SparkContext: Successfully stopped SparkContext
[2025-06-08T09:02:00.438+0000] {spark_submit.py:644} INFO - Traceback (most recent call last):
[2025-06-08T09:02:00.439+0000] {spark_submit.py:644} INFO - File "/opt/***/dags/bronze_to_silver_sc_stats_etl.py", line 54, in <module>
[2025-06-08T09:02:00.439+0000] {spark_submit.py:644} INFO - main(args.output_path)
[2025-06-08T09:02:00.440+0000] {spark_submit.py:644} INFO - ^^^^^^^^^^^^^^^^^^^^^^
[2025-06-08T09:02:00.440+0000] {spark_submit.py:644} INFO - File "/opt/***/dags/bronze_to_silver_sc_stats_etl.py", line 16, in main
[2025-06-08T09:02:00.440+0000] {spark_submit.py:644} INFO - bronze_df = spark.table("sc_stats_db.bronze_raw_data")
[2025-06-08T09:02:00.440+0000] {spark_submit.py:644} INFO - ^^^^^^^^^^^^^^^^^^^^^^^^^^^^^^^^^^^^^^^^^^
[2025-06-08T09:02:00.440+0000] {spark_submit.py:644} INFO - File "/home/***/.local/lib/python3.11/site-packages/pyspark/python/lib/pyspark.zip/pyspark/sql/session.py", line 1667, in table
[2025-06-08T09:02:00.440+0000] {spark_submit.py:644} INFO - File "/home/***/.local/lib/python3.11/site-packages/pyspark/python/lib/py4j-0.10.9.7-src.zip/py4j/java_gateway.py", line 1322, in __call__
[2025-06-08T09:02:00.441+0000] {spark_submit.py:644} INFO - File "/home/***/.local/lib/python3.11/site-packages/pyspark/python/lib/pyspark.zip/pyspark/errors/exceptions/captured.py", line 185, in deco
[2025-06-08T09:02:00.446+0000] {spark_submit.py:644} INFO - pyspark.errors.exceptions.captured.AnalysisException: [DELTA_TABLE_NOT_FOUND] Delta table `sc_stats_db`.`bronze_raw_data` doesn't exist.
[2025-06-08T09:02:00.473+0000] {spark_submit.py:644} INFO - 25/06/08 09:02:00 INFO ShutdownHookManager: Shutdown hook called
[2025-06-08T09:02:00.473+0000] {spark_submit.py:644} INFO - 25/06/08 09:02:00 INFO ShutdownHookManager: Deleting directory /tmp/spark-199cc6de-50c0-4f13-a4a3-526d0e49fcc8
[2025-06-08T09:02:00.475+0000] {spark_submit.py:644} INFO - 25/06/08 09:02:00 INFO ShutdownHookManager: Deleting directory /tmp/spark-748c47a8-86bf-4a3b-9b80-57d7e5949520
[2025-06-08T09:02:00.477+0000] {spark_submit.py:644} INFO - 25/06/08 09:02:00 INFO ShutdownHookManager: Deleting directory /tmp/spark-199cc6de-50c0-4f13-a4a3-526d0e49fcc8/pyspark-8ce6b17c-1a1e-4930-8e3b-f01e1433bb82
[2025-06-08T09:02:00.480+0000] {spark_submit.py:644} INFO - 25/06/08 09:02:00 INFO MetricsSystemImpl: Stopping s3a-file-system metrics system...
[2025-06-08T09:02:00.481+0000] {spark_submit.py:644} INFO - 25/06/08 09:02:00 INFO MetricsSystemImpl: s3a-file-system metrics system stopped.
[2025-06-08T09:02:00.481+0000] {spark_submit.py:644} INFO - 25/06/08 09:02:00 INFO MetricsSystemImpl: s3a-file-system metrics system shutdown complete.
[2025-06-08T09:02:00.509+0000] {taskinstance.py:3311} ERROR - Task failed with exception
Traceback (most recent call last):
  File "/home/airflow/.local/lib/python3.11/site-packages/airflow/models/taskinstance.py", line 767, in _execute_task
    result = _execute_callable(context=context, **execute_callable_kwargs)
             ^^^^^^^^^^^^^^^^^^^^^^^^^^^^^^^^^^^^^^^^^^^^^^^^^^^^^^^^^^^^^
  File "/home/airflow/.local/lib/python3.11/site-packages/airflow/models/taskinstance.py", line 733, in _execute_callable
    return ExecutionCallableRunner(
           ^^^^^^^^^^^^^^^^^^^^^^^^
  File "/home/airflow/.local/lib/python3.11/site-packages/airflow/utils/operator_helpers.py", line 252, in run
    return self.func(*args, **kwargs)
           ^^^^^^^^^^^^^^^^^^^^^^^^^^
  File "/home/airflow/.local/lib/python3.11/site-packages/airflow/models/baseoperator.py", line 417, in wrapper
    return func(self, *args, **kwargs)
           ^^^^^^^^^^^^^^^^^^^^^^^^^^^
  File "/home/airflow/.local/lib/python3.11/site-packages/airflow/providers/apache/spark/operators/spark_submit.py", line 197, in execute
    self._hook.submit(self.application)
  File "/home/airflow/.local/lib/python3.11/site-packages/airflow/providers/apache/spark/hooks/spark_submit.py", line 566, in submit
    raise AirflowException(
airflow.exceptions.AirflowException: Cannot execute: spark-submit --master spark://spark-master:7077 --conf spark.sql.extensions=io.delta.sql.DeltaSparkSessionExtension --conf spark.sql.catalog.spark_catalog=org.apache.spark.sql.delta.catalog.DeltaCatalog --conf spark.hadoop.fs.s3a.endpoint=http://minio:9000 --conf spark.hadoop.fs.s3a.access.key=minioadmin --conf spark.hadoop.fs.s3a.secret.key=****** --conf spark.hadoop.fs.s3a.path.style.access=true --conf spark.hadoop.fs.s3a.impl=org.apache.hadoop.fs.s3a.S3AFileSystem --conf spark.hadoop.fs.s3a.aws.credentials.provider=org.apache.hadoop.fs.s3a.SimpleAWSCredentialsProvider --packages org.apache.hadoop:hadoop-aws:3.3.4,com.amazonaws:aws-java-sdk-bundle:1.12.262,io.delta:delta-spark_2.12:3.1.0 --name arrow-spark --queue root.default --deploy-mode client dags/bronze_to_silver_sc_stats_etl.py --output_path s3a://mybucket/sc_stats_db/silver/transformed_data. Error code is: 1.
[2025-06-08T09:02:00.514+0000] {taskinstance.py:1225} INFO - Marking task as FAILED. dag_id=stephen_curry_stats_medallion_etl, task_id=bronze_to_silver, run_id=manual__2025-06-08T09:00:49.008857+00:00, execution_date=20250608T090049, start_date=20250608T090153, end_date=20250608T090200
[2025-06-08T09:02:00.521+0000] {taskinstance.py:340} INFO - ::group::Post task execution logs
[2025-06-08T09:02:00.521+0000] {standard_task_runner.py:124} ERROR - Failed to execute job 62 for task bronze_to_silver (Cannot execute: spark-submit --master spark://spark-master:7077 --conf spark.sql.extensions=io.delta.sql.DeltaSparkSessionExtension --conf spark.sql.catalog.spark_catalog=org.apache.spark.sql.delta.catalog.DeltaCatalog --conf spark.hadoop.fs.s3a.endpoint=http://minio:9000 --conf spark.hadoop.fs.s3a.access.key=minioadmin --conf spark.hadoop.fs.s3a.secret.key=****** --conf spark.hadoop.fs.s3a.path.style.access=true --conf spark.hadoop.fs.s3a.impl=org.apache.hadoop.fs.s3a.S3AFileSystem --conf spark.hadoop.fs.s3a.aws.credentials.provider=org.apache.hadoop.fs.s3a.SimpleAWSCredentialsProvider --packages org.apache.hadoop:hadoop-aws:3.3.4,com.amazonaws:aws-java-sdk-bundle:1.12.262,io.delta:delta-spark_2.12:3.1.0 --name arrow-spark --queue root.default --deploy-mode client dags/bronze_to_silver_sc_stats_etl.py --output_path s3a://mybucket/sc_stats_db/silver/transformed_data. Error code is: 1.; 13196)
Traceback (most recent call last):
  File "/home/airflow/.local/lib/python3.11/site-packages/airflow/task/task_runner/standard_task_runner.py", line 117, in _start_by_fork
    ret = args.func(args, dag=self.dag)
          ^^^^^^^^^^^^^^^^^^^^^^^^^^^^^
  File "/home/airflow/.local/lib/python3.11/site-packages/airflow/cli/cli_config.py", line 49, in command
    return func(*args, **kwargs)
           ^^^^^^^^^^^^^^^^^^^^^
  File "/home/airflow/.local/lib/python3.11/site-packages/airflow/utils/cli.py", line 116, in wrapper
    return f(*args, **kwargs)
           ^^^^^^^^^^^^^^^^^^
  File "/home/airflow/.local/lib/python3.11/site-packages/airflow/cli/commands/task_command.py", line 483, in task_run
    task_return_code = _run_task_by_selected_method(args, _dag, ti)
                       ^^^^^^^^^^^^^^^^^^^^^^^^^^^^^^^^^^^^^^^^^^^^
  File "/home/airflow/.local/lib/python3.11/site-packages/airflow/cli/commands/task_command.py", line 256, in _run_task_by_selected_method
    return _run_raw_task(args, ti)
           ^^^^^^^^^^^^^^^^^^^^^^^
  File "/home/airflow/.local/lib/python3.11/site-packages/airflow/cli/commands/task_command.py", line 341, in _run_raw_task
    return ti._run_raw_task(
           ^^^^^^^^^^^^^^^^^
  File "/home/airflow/.local/lib/python3.11/site-packages/airflow/utils/session.py", line 97, in wrapper
    return func(*args, session=session, **kwargs)
           ^^^^^^^^^^^^^^^^^^^^^^^^^^^^^^^^^^^^^^
  File "/home/airflow/.local/lib/python3.11/site-packages/airflow/models/taskinstance.py", line 3005, in _run_raw_task
    return _run_raw_task(
           ^^^^^^^^^^^^^^
  File "/home/airflow/.local/lib/python3.11/site-packages/airflow/models/taskinstance.py", line 273, in _run_raw_task
    TaskInstance._execute_task_with_callbacks(
  File "/home/airflow/.local/lib/python3.11/site-packages/airflow/models/taskinstance.py", line 3159, in _execute_task_with_callbacks
    result = self._execute_task(context, task_orig)
             ^^^^^^^^^^^^^^^^^^^^^^^^^^^^^^^^^^^^^^
  File "/home/airflow/.local/lib/python3.11/site-packages/airflow/models/taskinstance.py", line 3183, in _execute_task
    return _execute_task(self, context, task_orig)
           ^^^^^^^^^^^^^^^^^^^^^^^^^^^^^^^^^^^^^^^
  File "/home/airflow/.local/lib/python3.11/site-packages/airflow/models/taskinstance.py", line 767, in _execute_task
    result = _execute_callable(context=context, **execute_callable_kwargs)
             ^^^^^^^^^^^^^^^^^^^^^^^^^^^^^^^^^^^^^^^^^^^^^^^^^^^^^^^^^^^^^
  File "/home/airflow/.local/lib/python3.11/site-packages/airflow/models/taskinstance.py", line 733, in _execute_callable
    return ExecutionCallableRunner(
           ^^^^^^^^^^^^^^^^^^^^^^^^
  File "/home/airflow/.local/lib/python3.11/site-packages/airflow/utils/operator_helpers.py", line 252, in run
    return self.func(*args, **kwargs)
           ^^^^^^^^^^^^^^^^^^^^^^^^^^
  File "/home/airflow/.local/lib/python3.11/site-packages/airflow/models/baseoperator.py", line 417, in wrapper
    return func(self, *args, **kwargs)
           ^^^^^^^^^^^^^^^^^^^^^^^^^^^
  File "/home/airflow/.local/lib/python3.11/site-packages/airflow/providers/apache/spark/operators/spark_submit.py", line 197, in execute
    self._hook.submit(self.application)
  File "/home/airflow/.local/lib/python3.11/site-packages/airflow/providers/apache/spark/hooks/spark_submit.py", line 566, in submit
    raise AirflowException(
airflow.exceptions.AirflowException: Cannot execute: spark-submit --master spark://spark-master:7077 --conf spark.sql.extensions=io.delta.sql.DeltaSparkSessionExtension --conf spark.sql.catalog.spark_catalog=org.apache.spark.sql.delta.catalog.DeltaCatalog --conf spark.hadoop.fs.s3a.endpoint=http://minio:9000 --conf spark.hadoop.fs.s3a.access.key=minioadmin --conf spark.hadoop.fs.s3a.secret.key=****** --conf spark.hadoop.fs.s3a.path.style.access=true --conf spark.hadoop.fs.s3a.impl=org.apache.hadoop.fs.s3a.S3AFileSystem --conf spark.hadoop.fs.s3a.aws.credentials.provider=org.apache.hadoop.fs.s3a.SimpleAWSCredentialsProvider --packages org.apache.hadoop:hadoop-aws:3.3.4,com.amazonaws:aws-java-sdk-bundle:1.12.262,io.delta:delta-spark_2.12:3.1.0 --name arrow-spark --queue root.default --deploy-mode client dags/bronze_to_silver_sc_stats_etl.py --output_path s3a://mybucket/sc_stats_db/silver/transformed_data. Error code is: 1.
[2025-06-08T09:02:00.562+0000] {local_task_job_runner.py:266} INFO - Task exited with return code 1
[2025-06-08T09:02:00.574+0000] {taskinstance.py:3895} INFO - 0 downstream tasks scheduled from follow-on schedule check
[2025-06-08T09:02:00.577+0000] {local_task_job_runner.py:245} INFO - ::endgroup::
