[2025-05-31T05:43:30.612+0000] {local_task_job_runner.py:123} INFO - ::group::Pre task execution logs
[2025-05-31T05:43:30.621+0000] {taskinstance.py:2613} INFO - Dependencies all met for dep_context=non-requeueable deps ti=<TaskInstance: medallion_sales_etl.submit_medallion_sales_etl_job manual__2025-05-31T05:43:29.489728+00:00 [queued]>
[2025-05-31T05:43:30.624+0000] {taskinstance.py:2613} INFO - Dependencies all met for dep_context=requeueable deps ti=<TaskInstance: medallion_sales_etl.submit_medallion_sales_etl_job manual__2025-05-31T05:43:29.489728+00:00 [queued]>
[2025-05-31T05:43:30.624+0000] {taskinstance.py:2866} INFO - Starting attempt 1 of 2
[2025-05-31T05:43:30.629+0000] {taskinstance.py:2889} INFO - Executing <Task(SparkSubmitOperator): submit_medallion_sales_etl_job> on 2025-05-31 05:43:29.489728+00:00
[2025-05-31T05:43:30.631+0000] {standard_task_runner.py:72} INFO - Started process 187 to run task
[2025-05-31T05:43:30.633+0000] {standard_task_runner.py:104} INFO - Running: ['***', 'tasks', 'run', 'medallion_sales_etl', 'submit_medallion_sales_etl_job', 'manual__2025-05-31T05:43:29.489728+00:00', '--job-id', '16', '--raw', '--subdir', 'DAGS_FOLDER/medallion_sales_etl_dag.py', '--cfg-path', '/tmp/tmpaujwzige']
[2025-05-31T05:43:30.635+0000] {standard_task_runner.py:105} INFO - Job 16: Subtask submit_medallion_sales_etl_job
[2025-05-31T05:43:30.665+0000] {task_command.py:467} INFO - Running <TaskInstance: medallion_sales_etl.submit_medallion_sales_etl_job manual__2025-05-31T05:43:29.489728+00:00 [running]> on host 613888373f34
[2025-05-31T05:43:30.709+0000] {taskinstance.py:3132} INFO - Exporting env vars: AIRFLOW_CTX_DAG_OWNER='***' AIRFLOW_CTX_DAG_ID='medallion_sales_etl' AIRFLOW_CTX_TASK_ID='submit_medallion_sales_etl_job' AIRFLOW_CTX_EXECUTION_DATE='2025-05-31T05:43:29.489728+00:00' AIRFLOW_CTX_TRY_NUMBER='1' AIRFLOW_CTX_DAG_RUN_ID='manual__2025-05-31T05:43:29.489728+00:00'
[2025-05-31T05:43:30.710+0000] {taskinstance.py:731} INFO - ::endgroup::
[2025-05-31T05:43:30.738+0000] {base.py:84} INFO - Retrieving connection 'spark_default'
[2025-05-31T05:43:30.739+0000] {spark_submit.py:474} INFO - Spark-Submit cmd: spark-submit --master spark://spark-master:7077 --conf spark.executor.memory=2g --conf spark.local.dir=/opt/***/dags/spark_temp --name medallion_sales_etl_spark_job --verbose --queue root.default --deploy-mode client /opt/***/dags/medallion_etl.py
[2025-05-31T05:43:31.331+0000] {spark_submit.py:644} INFO - Using properties file: null
[2025-05-31T05:43:31.381+0000] {spark_submit.py:644} INFO - Parsed arguments:
[2025-05-31T05:43:31.382+0000] {spark_submit.py:644} INFO - master                  spark://spark-master:7077
[2025-05-31T05:43:31.382+0000] {spark_submit.py:644} INFO - remote                  null
[2025-05-31T05:43:31.382+0000] {spark_submit.py:644} INFO - deployMode              client
[2025-05-31T05:43:31.382+0000] {spark_submit.py:644} INFO - executorMemory          2g
[2025-05-31T05:43:31.382+0000] {spark_submit.py:644} INFO - executorCores           null
[2025-05-31T05:43:31.383+0000] {spark_submit.py:644} INFO - totalExecutorCores      null
[2025-05-31T05:43:31.383+0000] {spark_submit.py:644} INFO - propertiesFile          null
[2025-05-31T05:43:31.383+0000] {spark_submit.py:644} INFO - driverMemory            null
[2025-05-31T05:43:31.383+0000] {spark_submit.py:644} INFO - driverCores             null
[2025-05-31T05:43:31.383+0000] {spark_submit.py:644} INFO - driverExtraClassPath    null
[2025-05-31T05:43:31.383+0000] {spark_submit.py:644} INFO - driverExtraLibraryPath  null
[2025-05-31T05:43:31.383+0000] {spark_submit.py:644} INFO - driverExtraJavaOptions  null
[2025-05-31T05:43:31.384+0000] {spark_submit.py:644} INFO - supervise               false
[2025-05-31T05:43:31.384+0000] {spark_submit.py:644} INFO - queue                   root.default
[2025-05-31T05:43:31.384+0000] {spark_submit.py:644} INFO - numExecutors            null
[2025-05-31T05:43:31.384+0000] {spark_submit.py:644} INFO - files                   null
[2025-05-31T05:43:31.384+0000] {spark_submit.py:644} INFO - pyFiles                 null
[2025-05-31T05:43:31.384+0000] {spark_submit.py:644} INFO - archives                null
[2025-05-31T05:43:31.384+0000] {spark_submit.py:644} INFO - mainClass               null
[2025-05-31T05:43:31.384+0000] {spark_submit.py:644} INFO - primaryResource         file:/opt/***/dags/medallion_etl.py
[2025-05-31T05:43:31.384+0000] {spark_submit.py:644} INFO - name                    medallion_sales_etl_spark_job
[2025-05-31T05:43:31.385+0000] {spark_submit.py:644} INFO - childArgs               []
[2025-05-31T05:43:31.385+0000] {spark_submit.py:644} INFO - jars                    null
[2025-05-31T05:43:31.385+0000] {spark_submit.py:644} INFO - packages                null
[2025-05-31T05:43:31.385+0000] {spark_submit.py:644} INFO - packagesExclusions      null
[2025-05-31T05:43:31.385+0000] {spark_submit.py:644} INFO - repositories            null
[2025-05-31T05:43:31.385+0000] {spark_submit.py:644} INFO - verbose                 true
[2025-05-31T05:43:31.385+0000] {spark_submit.py:644} INFO - 
[2025-05-31T05:43:31.385+0000] {spark_submit.py:644} INFO - Spark properties used, including those specified through
[2025-05-31T05:43:31.386+0000] {spark_submit.py:644} INFO - --conf and those from the properties file null:
[2025-05-31T05:43:31.386+0000] {spark_submit.py:644} INFO - (spark.executor.memory,2g)
[2025-05-31T05:43:31.386+0000] {spark_submit.py:644} INFO - (spark.local.dir,/opt/***/dags/spark_temp)
[2025-05-31T05:43:31.386+0000] {spark_submit.py:644} INFO - 
[2025-05-31T05:43:31.386+0000] {spark_submit.py:644} INFO - 
[2025-05-31T05:43:31.498+0000] {spark_submit.py:644} INFO - Main class:
[2025-05-31T05:43:31.498+0000] {spark_submit.py:644} INFO - org.apache.spark.deploy.PythonRunner
[2025-05-31T05:43:31.498+0000] {spark_submit.py:644} INFO - Arguments:
[2025-05-31T05:43:31.498+0000] {spark_submit.py:644} INFO - file:/opt/***/dags/medallion_etl.py
[2025-05-31T05:43:31.499+0000] {spark_submit.py:644} INFO - null
[2025-05-31T05:43:31.499+0000] {spark_submit.py:644} INFO - Spark config:
[2025-05-31T05:43:31.499+0000] {spark_submit.py:644} INFO - (spark.app.name,medallion_sales_etl_spark_job)
[2025-05-31T05:43:31.499+0000] {spark_submit.py:644} INFO - (spark.app.submitTime,1748670211490)
[2025-05-31T05:43:31.500+0000] {spark_submit.py:644} INFO - (spark.executor.memory,2g)
[2025-05-31T05:43:31.500+0000] {spark_submit.py:644} INFO - (spark.local.dir,/opt/***/dags/spark_temp)
[2025-05-31T05:43:31.500+0000] {spark_submit.py:644} INFO - (spark.master,spark://spark-master:7077)
[2025-05-31T05:43:31.500+0000] {spark_submit.py:644} INFO - (spark.submit.deployMode,client)
[2025-05-31T05:43:31.500+0000] {spark_submit.py:644} INFO - (spark.submit.pyFiles,)
[2025-05-31T05:43:31.500+0000] {spark_submit.py:644} INFO - Classpath elements:
[2025-05-31T05:43:31.501+0000] {spark_submit.py:644} INFO - 
[2025-05-31T05:43:31.501+0000] {spark_submit.py:644} INFO - 
[2025-05-31T05:43:31.501+0000] {spark_submit.py:644} INFO - 
[2025-05-31T05:43:32.061+0000] {spark_submit.py:644} INFO - 25/05/31 05:43:32 INFO SparkContext: Running Spark version 3.5.2
[2025-05-31T05:43:32.062+0000] {spark_submit.py:644} INFO - 25/05/31 05:43:32 INFO SparkContext: OS info Linux, 6.10.14-linuxkit, aarch64
[2025-05-31T05:43:32.062+0000] {spark_submit.py:644} INFO - 25/05/31 05:43:32 INFO SparkContext: Java version 17.0.15
[2025-05-31T05:43:32.089+0000] {spark_submit.py:644} INFO - 25/05/31 05:43:32 WARN NativeCodeLoader: Unable to load native-hadoop library for your platform... using builtin-java classes where applicable
[2025-05-31T05:43:32.118+0000] {spark_submit.py:644} INFO - 25/05/31 05:43:32 WARN SparkConf: Note that spark.local.dir will be overridden by the value set by the cluster manager (via SPARK_LOCAL_DIRS in mesos/standalone/kubernetes and LOCAL_DIRS in YARN).
[2025-05-31T05:43:32.129+0000] {spark_submit.py:644} INFO - 25/05/31 05:43:32 INFO ResourceUtils: ==============================================================
[2025-05-31T05:43:32.129+0000] {spark_submit.py:644} INFO - 25/05/31 05:43:32 INFO ResourceUtils: No custom resources configured for spark.driver.
[2025-05-31T05:43:32.129+0000] {spark_submit.py:644} INFO - 25/05/31 05:43:32 INFO ResourceUtils: ==============================================================
[2025-05-31T05:43:32.129+0000] {spark_submit.py:644} INFO - 25/05/31 05:43:32 INFO SparkContext: Submitted application: SimpleSparkTest
[2025-05-31T05:43:32.138+0000] {spark_submit.py:644} INFO - 25/05/31 05:43:32 INFO ResourceProfile: Default ResourceProfile created, executor resources: Map(memory -> name: memory, amount: 2048, script: , vendor: , offHeap -> name: offHeap, amount: 0, script: , vendor: ), task resources: Map(cpus -> name: cpus, amount: 1.0)
[2025-05-31T05:43:32.142+0000] {spark_submit.py:644} INFO - 25/05/31 05:43:32 INFO ResourceProfile: Limiting resource is cpu
[2025-05-31T05:43:32.142+0000] {spark_submit.py:644} INFO - 25/05/31 05:43:32 INFO ResourceProfileManager: Added ResourceProfile id: 0
[2025-05-31T05:43:32.166+0000] {spark_submit.py:644} INFO - 25/05/31 05:43:32 INFO SecurityManager: Changing view acls to: ***
[2025-05-31T05:43:32.167+0000] {spark_submit.py:644} INFO - 25/05/31 05:43:32 INFO SecurityManager: Changing modify acls to: ***
[2025-05-31T05:43:32.167+0000] {spark_submit.py:644} INFO - 25/05/31 05:43:32 INFO SecurityManager: Changing view acls groups to:
[2025-05-31T05:43:32.167+0000] {spark_submit.py:644} INFO - 25/05/31 05:43:32 INFO SecurityManager: Changing modify acls groups to:
[2025-05-31T05:43:32.167+0000] {spark_submit.py:644} INFO - 25/05/31 05:43:32 INFO SecurityManager: SecurityManager: authentication disabled; ui acls disabled; users with view permissions: ***; groups with view permissions: EMPTY; users with modify permissions: ***; groups with modify permissions: EMPTY
[2025-05-31T05:43:32.273+0000] {spark_submit.py:644} INFO - 25/05/31 05:43:32 INFO Utils: Successfully started service 'sparkDriver' on port 42327.
[2025-05-31T05:43:32.285+0000] {spark_submit.py:644} INFO - 25/05/31 05:43:32 INFO SparkEnv: Registering MapOutputTracker
[2025-05-31T05:43:32.302+0000] {spark_submit.py:644} INFO - 25/05/31 05:43:32 INFO SparkEnv: Registering BlockManagerMaster
[2025-05-31T05:43:32.311+0000] {spark_submit.py:644} INFO - 25/05/31 05:43:32 INFO BlockManagerMasterEndpoint: Using org.apache.spark.storage.DefaultTopologyMapper for getting topology information
[2025-05-31T05:43:32.311+0000] {spark_submit.py:644} INFO - 25/05/31 05:43:32 INFO BlockManagerMasterEndpoint: BlockManagerMasterEndpoint up
[2025-05-31T05:43:32.313+0000] {spark_submit.py:644} INFO - 25/05/31 05:43:32 INFO SparkEnv: Registering BlockManagerMasterHeartbeat
[2025-05-31T05:43:32.324+0000] {spark_submit.py:644} INFO - 25/05/31 05:43:32 INFO DiskBlockManager: Created local directory at /opt/***/dags/spark_temp/blockmgr-d13de625-0769-4e3e-9f14-6f279147b3cb
[2025-05-31T05:43:32.331+0000] {spark_submit.py:644} INFO - 25/05/31 05:43:32 INFO MemoryStore: MemoryStore started with capacity 434.4 MiB
[2025-05-31T05:43:32.339+0000] {spark_submit.py:644} INFO - 25/05/31 05:43:32 INFO SparkEnv: Registering OutputCommitCoordinator
[2025-05-31T05:43:32.406+0000] {spark_submit.py:644} INFO - 25/05/31 05:43:32 INFO JettyUtils: Start Jetty 0.0.0.0:4040 for SparkUI
[2025-05-31T05:43:32.437+0000] {spark_submit.py:644} INFO - 25/05/31 05:43:32 INFO Utils: Successfully started service 'SparkUI' on port 4040.
[2025-05-31T05:43:32.499+0000] {spark_submit.py:644} INFO - 25/05/31 05:43:32 INFO StandaloneAppClient$ClientEndpoint: Connecting to master spark://spark-master:7077...
[2025-05-31T05:43:32.521+0000] {spark_submit.py:644} INFO - 25/05/31 05:43:32 INFO TransportClientFactory: Successfully created connection to spark-master/172.19.0.7:7077 after 12 ms (0 ms spent in bootstraps)
[2025-05-31T05:43:32.600+0000] {spark_submit.py:644} INFO - 25/05/31 05:43:32 INFO StandaloneSchedulerBackend: Connected to Spark cluster with app ID app-20250531054332-0000
[2025-05-31T05:43:32.604+0000] {spark_submit.py:644} INFO - 25/05/31 05:43:32 INFO Utils: Successfully started service 'org.apache.spark.network.netty.NettyBlockTransferService' on port 41759.
[2025-05-31T05:43:32.605+0000] {spark_submit.py:644} INFO - 25/05/31 05:43:32 INFO NettyBlockTransferService: Server created on 613888373f34:41759
[2025-05-31T05:43:32.606+0000] {spark_submit.py:644} INFO - 25/05/31 05:43:32 INFO BlockManager: Using org.apache.spark.storage.RandomBlockReplicationPolicy for block replication policy
[2025-05-31T05:43:32.609+0000] {spark_submit.py:644} INFO - 25/05/31 05:43:32 INFO BlockManagerMaster: Registering BlockManager BlockManagerId(driver, 613888373f34, 41759, None)
[2025-05-31T05:43:32.611+0000] {spark_submit.py:644} INFO - 25/05/31 05:43:32 INFO BlockManagerMasterEndpoint: Registering block manager 613888373f34:41759 with 434.4 MiB RAM, BlockManagerId(driver, 613888373f34, 41759, None)
[2025-05-31T05:43:32.613+0000] {spark_submit.py:644} INFO - 25/05/31 05:43:32 INFO BlockManagerMaster: Registered BlockManager BlockManagerId(driver, 613888373f34, 41759, None)
[2025-05-31T05:43:32.614+0000] {spark_submit.py:644} INFO - 25/05/31 05:43:32 INFO BlockManager: Initialized BlockManager: BlockManagerId(driver, 613888373f34, 41759, None)
[2025-05-31T05:43:32.616+0000] {spark_submit.py:644} INFO - 25/05/31 05:43:32 INFO StandaloneAppClient$ClientEndpoint: Executor added: app-20250531054332-0000/0 on worker-20250531054301-172.19.0.8-34967 (172.19.0.8:34967) with 4 core(s)
[2025-05-31T05:43:32.617+0000] {spark_submit.py:644} INFO - 25/05/31 05:43:32 INFO StandaloneSchedulerBackend: Granted executor ID app-20250531054332-0000/0 on hostPort 172.19.0.8:34967 with 4 core(s), 2.0 GiB RAM
[2025-05-31T05:43:32.698+0000] {spark_submit.py:644} INFO - 25/05/31 05:43:32 INFO StandaloneAppClient$ClientEndpoint: Executor updated: app-20250531054332-0000/0 is now RUNNING
[2025-05-31T05:43:32.719+0000] {spark_submit.py:644} INFO - 25/05/31 05:43:32 INFO StandaloneSchedulerBackend: SchedulerBackend is ready for scheduling beginning after reached minRegisteredResourcesRatio: 0.0
[2025-05-31T05:43:32.815+0000] {spark_submit.py:644} INFO - Spark session created for simple test.
[2025-05-31T05:43:32.815+0000] {spark_submit.py:644} INFO - Spark version: 3.5.2
[2025-05-31T05:43:33.769+0000] {spark_submit.py:644} INFO - 25/05/31 05:43:33 INFO SharedState: Setting hive.metastore.warehouse.dir ('null') to the value of spark.sql.warehouse.dir.
[2025-05-31T05:43:33.776+0000] {spark_submit.py:644} INFO - 25/05/31 05:43:33 INFO SharedState: Warehouse path is 'file:/opt/***/spark-warehouse'.
[2025-05-31T05:43:34.193+0000] {spark_submit.py:644} INFO - 25/05/31 05:43:34 INFO StandaloneSchedulerBackend$StandaloneDriverEndpoint: Registered executor NettyRpcEndpointRef(spark-client://Executor) (172.19.0.8:43960) with ID 0,  ResourceProfileId 0
[2025-05-31T05:43:34.238+0000] {spark_submit.py:644} INFO - 25/05/31 05:43:34 INFO BlockManagerMasterEndpoint: Registering block manager 172.19.0.8:44851 with 1048.8 MiB RAM, BlockManagerId(0, 172.19.0.8, 44851, None)
[2025-05-31T05:43:34.390+0000] {spark_submit.py:644} INFO - Simple DataFrame created:
[2025-05-31T05:43:34.730+0000] {spark_submit.py:644} INFO - 25/05/31 05:43:34 INFO CodeGenerator: Code generated in 92.019667 ms
[2025-05-31T05:43:34.748+0000] {spark_submit.py:644} INFO - 25/05/31 05:43:34 INFO SparkContext: Starting job: showString at NativeMethodAccessorImpl.java:0
[2025-05-31T05:43:34.754+0000] {spark_submit.py:644} INFO - 25/05/31 05:43:34 INFO DAGScheduler: Got job 0 (showString at NativeMethodAccessorImpl.java:0) with 1 output partitions
[2025-05-31T05:43:34.755+0000] {spark_submit.py:644} INFO - 25/05/31 05:43:34 INFO DAGScheduler: Final stage: ResultStage 0 (showString at NativeMethodAccessorImpl.java:0)
[2025-05-31T05:43:34.755+0000] {spark_submit.py:644} INFO - 25/05/31 05:43:34 INFO DAGScheduler: Parents of final stage: List()
[2025-05-31T05:43:34.755+0000] {spark_submit.py:644} INFO - 25/05/31 05:43:34 INFO DAGScheduler: Missing parents: List()
[2025-05-31T05:43:34.756+0000] {spark_submit.py:644} INFO - 25/05/31 05:43:34 INFO DAGScheduler: Submitting ResultStage 0 (MapPartitionsRDD[6] at showString at NativeMethodAccessorImpl.java:0), which has no missing parents
[2025-05-31T05:43:34.794+0000] {spark_submit.py:644} INFO - 25/05/31 05:43:34 INFO MemoryStore: Block broadcast_0 stored as values in memory (estimated size 12.7 KiB, free 434.4 MiB)
[2025-05-31T05:43:34.812+0000] {spark_submit.py:644} INFO - 25/05/31 05:43:34 INFO MemoryStore: Block broadcast_0_piece0 stored as bytes in memory (estimated size 6.7 KiB, free 434.4 MiB)
[2025-05-31T05:43:34.814+0000] {spark_submit.py:644} INFO - 25/05/31 05:43:34 INFO BlockManagerInfo: Added broadcast_0_piece0 in memory on 613888373f34:41759 (size: 6.7 KiB, free: 434.4 MiB)
[2025-05-31T05:43:34.820+0000] {spark_submit.py:644} INFO - 25/05/31 05:43:34 INFO SparkContext: Created broadcast 0 from broadcast at DAGScheduler.scala:1585
[2025-05-31T05:43:34.829+0000] {spark_submit.py:644} INFO - 25/05/31 05:43:34 INFO DAGScheduler: Submitting 1 missing tasks from ResultStage 0 (MapPartitionsRDD[6] at showString at NativeMethodAccessorImpl.java:0) (first 15 tasks are for partitions Vector(0))
[2025-05-31T05:43:34.829+0000] {spark_submit.py:644} INFO - 25/05/31 05:43:34 INFO TaskSchedulerImpl: Adding task set 0.0 with 1 tasks resource profile 0
[2025-05-31T05:43:34.843+0000] {spark_submit.py:644} INFO - 25/05/31 05:43:34 INFO TaskSetManager: Starting task 0.0 in stage 0.0 (TID 0) (172.19.0.8, executor 0, partition 0, PROCESS_LOCAL, 9020 bytes)
[2025-05-31T05:43:34.894+0000] {spark_submit.py:644} INFO - 25/05/31 05:43:34 WARN TaskSetManager: Lost task 0.0 in stage 0.0 (TID 0) (172.19.0.8 executor 0): java.io.InvalidClassException: org.apache.spark.scheduler.Task; local class incompatible: stream classdesc serialVersionUID = -6188971942555435033, local class serialVersionUID = 553100815431272095
[2025-05-31T05:43:34.895+0000] {spark_submit.py:644} INFO - at java.base/java.io.ObjectStreamClass.initNonProxy(ObjectStreamClass.java:597)
[2025-05-31T05:43:34.895+0000] {spark_submit.py:644} INFO - at java.base/java.io.ObjectInputStream.readNonProxyDesc(ObjectInputStream.java:2051)
[2025-05-31T05:43:34.895+0000] {spark_submit.py:644} INFO - at java.base/java.io.ObjectInputStream.readClassDesc(ObjectInputStream.java:1898)
[2025-05-31T05:43:34.895+0000] {spark_submit.py:644} INFO - at java.base/java.io.ObjectInputStream.readNonProxyDesc(ObjectInputStream.java:2051)
[2025-05-31T05:43:34.895+0000] {spark_submit.py:644} INFO - at java.base/java.io.ObjectInputStream.readClassDesc(ObjectInputStream.java:1898)
[2025-05-31T05:43:34.895+0000] {spark_submit.py:644} INFO - at java.base/java.io.ObjectInputStream.readOrdinaryObject(ObjectInputStream.java:2224)
[2025-05-31T05:43:34.896+0000] {spark_submit.py:644} INFO - at java.base/java.io.ObjectInputStream.readObject0(ObjectInputStream.java:1733)
[2025-05-31T05:43:34.896+0000] {spark_submit.py:644} INFO - at java.base/java.io.ObjectInputStream.readObject(ObjectInputStream.java:509)
[2025-05-31T05:43:34.896+0000] {spark_submit.py:644} INFO - at java.base/java.io.ObjectInputStream.readObject(ObjectInputStream.java:467)
[2025-05-31T05:43:34.896+0000] {spark_submit.py:644} INFO - at org.apache.spark.serializer.JavaDeserializationStream.readObject(JavaSerializer.scala:87)
[2025-05-31T05:43:34.896+0000] {spark_submit.py:644} INFO - at org.apache.spark.serializer.JavaSerializerInstance.deserialize(JavaSerializer.scala:129)
[2025-05-31T05:43:34.897+0000] {spark_submit.py:644} INFO - at org.apache.spark.executor.Executor$TaskRunner.run(Executor.scala:579)
[2025-05-31T05:43:34.897+0000] {spark_submit.py:644} INFO - at java.base/java.util.concurrent.ThreadPoolExecutor.runWorker(ThreadPoolExecutor.java:1136)
[2025-05-31T05:43:34.897+0000] {spark_submit.py:644} INFO - at java.base/java.util.concurrent.ThreadPoolExecutor$Worker.run(ThreadPoolExecutor.java:635)
[2025-05-31T05:43:34.897+0000] {spark_submit.py:644} INFO - at java.base/java.lang.Thread.run(Thread.java:840)
[2025-05-31T05:43:34.897+0000] {spark_submit.py:644} INFO - 
[2025-05-31T05:43:34.898+0000] {spark_submit.py:644} INFO - 25/05/31 05:43:34 INFO TaskSetManager: Starting task 0.1 in stage 0.0 (TID 1) (172.19.0.8, executor 0, partition 0, PROCESS_LOCAL, 9020 bytes)
[2025-05-31T05:43:34.903+0000] {spark_submit.py:644} INFO - 25/05/31 05:43:34 INFO TaskSetManager: Lost task 0.1 in stage 0.0 (TID 1) on 172.19.0.8, executor 0: java.io.InvalidClassException (org.apache.spark.scheduler.Task; local class incompatible: stream classdesc serialVersionUID = -6188971942555435033, local class serialVersionUID = 553100815431272095) [duplicate 1]
[2025-05-31T05:43:34.904+0000] {spark_submit.py:644} INFO - 25/05/31 05:43:34 INFO TaskSetManager: Starting task 0.2 in stage 0.0 (TID 2) (172.19.0.8, executor 0, partition 0, PROCESS_LOCAL, 9020 bytes)
[2025-05-31T05:43:34.909+0000] {spark_submit.py:644} INFO - 25/05/31 05:43:34 INFO TaskSetManager: Lost task 0.2 in stage 0.0 (TID 2) on 172.19.0.8, executor 0: java.io.InvalidClassException (org.apache.spark.scheduler.Task; local class incompatible: stream classdesc serialVersionUID = -6188971942555435033, local class serialVersionUID = 553100815431272095) [duplicate 2]
[2025-05-31T05:43:34.910+0000] {spark_submit.py:644} INFO - 25/05/31 05:43:34 INFO TaskSetManager: Starting task 0.3 in stage 0.0 (TID 3) (172.19.0.8, executor 0, partition 0, PROCESS_LOCAL, 9020 bytes)
[2025-05-31T05:43:34.914+0000] {spark_submit.py:644} INFO - 25/05/31 05:43:34 INFO TaskSetManager: Lost task 0.3 in stage 0.0 (TID 3) on 172.19.0.8, executor 0: java.io.InvalidClassException (org.apache.spark.scheduler.Task; local class incompatible: stream classdesc serialVersionUID = -6188971942555435033, local class serialVersionUID = 553100815431272095) [duplicate 3]
[2025-05-31T05:43:34.914+0000] {spark_submit.py:644} INFO - 25/05/31 05:43:34 ERROR TaskSetManager: Task 0 in stage 0.0 failed 4 times; aborting job
[2025-05-31T05:43:34.916+0000] {spark_submit.py:644} INFO - 25/05/31 05:43:34 INFO TaskSchedulerImpl: Removed TaskSet 0.0, whose tasks have all completed, from pool
[2025-05-31T05:43:34.916+0000] {spark_submit.py:644} INFO - 25/05/31 05:43:34 INFO TaskSchedulerImpl: Cancelling stage 0
[2025-05-31T05:43:34.917+0000] {spark_submit.py:644} INFO - 25/05/31 05:43:34 INFO TaskSchedulerImpl: Killing all running tasks in stage 0: Stage cancelled: Job aborted due to stage failure: Task 0 in stage 0.0 failed 4 times, most recent failure: Lost task 0.3 in stage 0.0 (TID 3) (172.19.0.8 executor 0): java.io.InvalidClassException: org.apache.spark.scheduler.Task; local class incompatible: stream classdesc serialVersionUID = -6188971942555435033, local class serialVersionUID = 553100815431272095
[2025-05-31T05:43:34.917+0000] {spark_submit.py:644} INFO - at java.base/java.io.ObjectStreamClass.initNonProxy(ObjectStreamClass.java:597)
[2025-05-31T05:43:34.917+0000] {spark_submit.py:644} INFO - at java.base/java.io.ObjectInputStream.readNonProxyDesc(ObjectInputStream.java:2051)
[2025-05-31T05:43:34.917+0000] {spark_submit.py:644} INFO - at java.base/java.io.ObjectInputStream.readClassDesc(ObjectInputStream.java:1898)
[2025-05-31T05:43:34.917+0000] {spark_submit.py:644} INFO - at java.base/java.io.ObjectInputStream.readNonProxyDesc(ObjectInputStream.java:2051)
[2025-05-31T05:43:34.917+0000] {spark_submit.py:644} INFO - at java.base/java.io.ObjectInputStream.readClassDesc(ObjectInputStream.java:1898)
[2025-05-31T05:43:34.917+0000] {spark_submit.py:644} INFO - at java.base/java.io.ObjectInputStream.readOrdinaryObject(ObjectInputStream.java:2224)
[2025-05-31T05:43:34.917+0000] {spark_submit.py:644} INFO - at java.base/java.io.ObjectInputStream.readObject0(ObjectInputStream.java:1733)
[2025-05-31T05:43:34.918+0000] {spark_submit.py:644} INFO - at java.base/java.io.ObjectInputStream.readObject(ObjectInputStream.java:509)
[2025-05-31T05:43:34.918+0000] {spark_submit.py:644} INFO - at java.base/java.io.ObjectInputStream.readObject(ObjectInputStream.java:467)
[2025-05-31T05:43:34.918+0000] {spark_submit.py:644} INFO - at org.apache.spark.serializer.JavaDeserializationStream.readObject(JavaSerializer.scala:87)
[2025-05-31T05:43:34.918+0000] {spark_submit.py:644} INFO - at org.apache.spark.serializer.JavaSerializerInstance.deserialize(JavaSerializer.scala:129)
[2025-05-31T05:43:34.918+0000] {spark_submit.py:644} INFO - at org.apache.spark.executor.Executor$TaskRunner.run(Executor.scala:579)
[2025-05-31T05:43:34.918+0000] {spark_submit.py:644} INFO - at java.base/java.util.concurrent.ThreadPoolExecutor.runWorker(ThreadPoolExecutor.java:1136)
[2025-05-31T05:43:34.918+0000] {spark_submit.py:644} INFO - at java.base/java.util.concurrent.ThreadPoolExecutor$Worker.run(ThreadPoolExecutor.java:635)
[2025-05-31T05:43:34.918+0000] {spark_submit.py:644} INFO - at java.base/java.lang.Thread.run(Thread.java:840)
[2025-05-31T05:43:34.918+0000] {spark_submit.py:644} INFO - 
[2025-05-31T05:43:34.919+0000] {spark_submit.py:644} INFO - Driver stacktrace:
[2025-05-31T05:43:34.919+0000] {spark_submit.py:644} INFO - 25/05/31 05:43:34 INFO DAGScheduler: ResultStage 0 (showString at NativeMethodAccessorImpl.java:0) failed in 0.155 s due to Job aborted due to stage failure: Task 0 in stage 0.0 failed 4 times, most recent failure: Lost task 0.3 in stage 0.0 (TID 3) (172.19.0.8 executor 0): java.io.InvalidClassException: org.apache.spark.scheduler.Task; local class incompatible: stream classdesc serialVersionUID = -6188971942555435033, local class serialVersionUID = 553100815431272095
[2025-05-31T05:43:34.919+0000] {spark_submit.py:644} INFO - at java.base/java.io.ObjectStreamClass.initNonProxy(ObjectStreamClass.java:597)
[2025-05-31T05:43:34.919+0000] {spark_submit.py:644} INFO - at java.base/java.io.ObjectInputStream.readNonProxyDesc(ObjectInputStream.java:2051)
[2025-05-31T05:43:34.919+0000] {spark_submit.py:644} INFO - at java.base/java.io.ObjectInputStream.readClassDesc(ObjectInputStream.java:1898)
[2025-05-31T05:43:34.919+0000] {spark_submit.py:644} INFO - at java.base/java.io.ObjectInputStream.readNonProxyDesc(ObjectInputStream.java:2051)
[2025-05-31T05:43:34.920+0000] {spark_submit.py:644} INFO - at java.base/java.io.ObjectInputStream.readClassDesc(ObjectInputStream.java:1898)
[2025-05-31T05:43:34.920+0000] {spark_submit.py:644} INFO - at java.base/java.io.ObjectInputStream.readOrdinaryObject(ObjectInputStream.java:2224)
[2025-05-31T05:43:34.920+0000] {spark_submit.py:644} INFO - at java.base/java.io.ObjectInputStream.readObject0(ObjectInputStream.java:1733)
[2025-05-31T05:43:34.920+0000] {spark_submit.py:644} INFO - at java.base/java.io.ObjectInputStream.readObject(ObjectInputStream.java:509)
[2025-05-31T05:43:34.920+0000] {spark_submit.py:644} INFO - at java.base/java.io.ObjectInputStream.readObject(ObjectInputStream.java:467)
[2025-05-31T05:43:34.920+0000] {spark_submit.py:644} INFO - at org.apache.spark.serializer.JavaDeserializationStream.readObject(JavaSerializer.scala:87)
[2025-05-31T05:43:34.920+0000] {spark_submit.py:644} INFO - at org.apache.spark.serializer.JavaSerializerInstance.deserialize(JavaSerializer.scala:129)
[2025-05-31T05:43:34.920+0000] {spark_submit.py:644} INFO - at org.apache.spark.executor.Executor$TaskRunner.run(Executor.scala:579)
[2025-05-31T05:43:34.920+0000] {spark_submit.py:644} INFO - at java.base/java.util.concurrent.ThreadPoolExecutor.runWorker(ThreadPoolExecutor.java:1136)
[2025-05-31T05:43:34.921+0000] {spark_submit.py:644} INFO - at java.base/java.util.concurrent.ThreadPoolExecutor$Worker.run(ThreadPoolExecutor.java:635)
[2025-05-31T05:43:34.921+0000] {spark_submit.py:644} INFO - at java.base/java.lang.Thread.run(Thread.java:840)
[2025-05-31T05:43:34.921+0000] {spark_submit.py:644} INFO - 
[2025-05-31T05:43:34.921+0000] {spark_submit.py:644} INFO - Driver stacktrace:
[2025-05-31T05:43:34.921+0000] {spark_submit.py:644} INFO - 25/05/31 05:43:34 INFO DAGScheduler: Job 0 failed: showString at NativeMethodAccessorImpl.java:0, took 0.171064 s
[2025-05-31T05:43:34.993+0000] {spark_submit.py:644} INFO - Traceback (most recent call last):
[2025-05-31T05:43:34.993+0000] {spark_submit.py:644} INFO - File "/opt/***/dags/medallion_etl.py", line 27, in <module>
[2025-05-31T05:43:34.994+0000] {spark_submit.py:644} INFO - main()
[2025-05-31T05:43:34.994+0000] {spark_submit.py:644} INFO - ^^^^^^
[2025-05-31T05:43:34.994+0000] {spark_submit.py:644} INFO - File "/opt/***/dags/medallion_etl.py", line 20, in main
[2025-05-31T05:43:34.994+0000] {spark_submit.py:644} INFO - test_df.show()
[2025-05-31T05:43:34.995+0000] {spark_submit.py:644} INFO - File "/home/***/.local/lib/python3.11/site-packages/pyspark/python/lib/pyspark.zip/pyspark/sql/dataframe.py", line 947, in show
[2025-05-31T05:43:34.995+0000] {spark_submit.py:644} INFO - File "/home/***/.local/lib/python3.11/site-packages/pyspark/python/lib/pyspark.zip/pyspark/sql/dataframe.py", line 965, in _show_string
[2025-05-31T05:43:34.995+0000] {spark_submit.py:644} INFO - File "/home/***/.local/lib/python3.11/site-packages/pyspark/python/lib/py4j-0.10.9.7-src.zip/py4j/java_gateway.py", line 1322, in __call__
[2025-05-31T05:43:34.995+0000] {spark_submit.py:644} INFO - File "/home/***/.local/lib/python3.11/site-packages/pyspark/python/lib/pyspark.zip/pyspark/errors/exceptions/captured.py", line 179, in deco
[2025-05-31T05:43:34.996+0000] {spark_submit.py:644} INFO - File "/home/***/.local/lib/python3.11/site-packages/pyspark/python/lib/py4j-0.10.9.7-src.zip/py4j/protocol.py", line 326, in get_return_value
[2025-05-31T05:43:34.996+0000] {spark_submit.py:644} INFO - py4j.protocol.Py4JJavaError: An error occurred while calling o39.showString.
[2025-05-31T05:43:34.996+0000] {spark_submit.py:644} INFO - : org.apache.spark.SparkException: Job aborted due to stage failure: Task 0 in stage 0.0 failed 4 times, most recent failure: Lost task 0.3 in stage 0.0 (TID 3) (172.19.0.8 executor 0): java.io.InvalidClassException: org.apache.spark.scheduler.Task; local class incompatible: stream classdesc serialVersionUID = -6188971942555435033, local class serialVersionUID = 553100815431272095
[2025-05-31T05:43:34.996+0000] {spark_submit.py:644} INFO - at java.base/java.io.ObjectStreamClass.initNonProxy(ObjectStreamClass.java:597)
[2025-05-31T05:43:34.996+0000] {spark_submit.py:644} INFO - at java.base/java.io.ObjectInputStream.readNonProxyDesc(ObjectInputStream.java:2051)
[2025-05-31T05:43:34.996+0000] {spark_submit.py:644} INFO - at java.base/java.io.ObjectInputStream.readClassDesc(ObjectInputStream.java:1898)
[2025-05-31T05:43:34.996+0000] {spark_submit.py:644} INFO - at java.base/java.io.ObjectInputStream.readNonProxyDesc(ObjectInputStream.java:2051)
[2025-05-31T05:43:34.996+0000] {spark_submit.py:644} INFO - at java.base/java.io.ObjectInputStream.readClassDesc(ObjectInputStream.java:1898)
[2025-05-31T05:43:34.996+0000] {spark_submit.py:644} INFO - at java.base/java.io.ObjectInputStream.readOrdinaryObject(ObjectInputStream.java:2224)
[2025-05-31T05:43:34.997+0000] {spark_submit.py:644} INFO - at java.base/java.io.ObjectInputStream.readObject0(ObjectInputStream.java:1733)
[2025-05-31T05:43:34.997+0000] {spark_submit.py:644} INFO - at java.base/java.io.ObjectInputStream.readObject(ObjectInputStream.java:509)
[2025-05-31T05:43:34.997+0000] {spark_submit.py:644} INFO - at java.base/java.io.ObjectInputStream.readObject(ObjectInputStream.java:467)
[2025-05-31T05:43:34.997+0000] {spark_submit.py:644} INFO - at org.apache.spark.serializer.JavaDeserializationStream.readObject(JavaSerializer.scala:87)
[2025-05-31T05:43:34.997+0000] {spark_submit.py:644} INFO - at org.apache.spark.serializer.JavaSerializerInstance.deserialize(JavaSerializer.scala:129)
[2025-05-31T05:43:34.997+0000] {spark_submit.py:644} INFO - at org.apache.spark.executor.Executor$TaskRunner.run(Executor.scala:579)
[2025-05-31T05:43:34.997+0000] {spark_submit.py:644} INFO - at java.base/java.util.concurrent.ThreadPoolExecutor.runWorker(ThreadPoolExecutor.java:1136)
[2025-05-31T05:43:34.997+0000] {spark_submit.py:644} INFO - at java.base/java.util.concurrent.ThreadPoolExecutor$Worker.run(ThreadPoolExecutor.java:635)
[2025-05-31T05:43:34.997+0000] {spark_submit.py:644} INFO - at java.base/java.lang.Thread.run(Thread.java:840)
[2025-05-31T05:43:34.997+0000] {spark_submit.py:644} INFO - 
[2025-05-31T05:43:34.997+0000] {spark_submit.py:644} INFO - Driver stacktrace:
[2025-05-31T05:43:34.998+0000] {spark_submit.py:644} INFO - at org.apache.spark.scheduler.DAGScheduler.failJobAndIndependentStages(DAGScheduler.scala:2856)
[2025-05-31T05:43:34.998+0000] {spark_submit.py:644} INFO - at org.apache.spark.scheduler.DAGScheduler.$anonfun$abortStage$2(DAGScheduler.scala:2792)
[2025-05-31T05:43:34.998+0000] {spark_submit.py:644} INFO - at org.apache.spark.scheduler.DAGScheduler.$anonfun$abortStage$2$adapted(DAGScheduler.scala:2791)
[2025-05-31T05:43:34.998+0000] {spark_submit.py:644} INFO - at scala.collection.mutable.ResizableArray.foreach(ResizableArray.scala:62)
[2025-05-31T05:43:34.998+0000] {spark_submit.py:644} INFO - at scala.collection.mutable.ResizableArray.foreach$(ResizableArray.scala:55)
[2025-05-31T05:43:34.998+0000] {spark_submit.py:644} INFO - at scala.collection.mutable.ArrayBuffer.foreach(ArrayBuffer.scala:49)
[2025-05-31T05:43:34.998+0000] {spark_submit.py:644} INFO - at org.apache.spark.scheduler.DAGScheduler.abortStage(DAGScheduler.scala:2791)
[2025-05-31T05:43:34.998+0000] {spark_submit.py:644} INFO - at org.apache.spark.scheduler.DAGScheduler.$anonfun$handleTaskSetFailed$1(DAGScheduler.scala:1247)
[2025-05-31T05:43:34.998+0000] {spark_submit.py:644} INFO - at org.apache.spark.scheduler.DAGScheduler.$anonfun$handleTaskSetFailed$1$adapted(DAGScheduler.scala:1247)
[2025-05-31T05:43:34.999+0000] {spark_submit.py:644} INFO - at scala.Option.foreach(Option.scala:407)
[2025-05-31T05:43:34.999+0000] {spark_submit.py:644} INFO - at org.apache.spark.scheduler.DAGScheduler.handleTaskSetFailed(DAGScheduler.scala:1247)
[2025-05-31T05:43:34.999+0000] {spark_submit.py:644} INFO - at org.apache.spark.scheduler.DAGSchedulerEventProcessLoop.doOnReceive(DAGScheduler.scala:3060)
[2025-05-31T05:43:34.999+0000] {spark_submit.py:644} INFO - at org.apache.spark.scheduler.DAGSchedulerEventProcessLoop.onReceive(DAGScheduler.scala:2994)
[2025-05-31T05:43:34.999+0000] {spark_submit.py:644} INFO - at org.apache.spark.scheduler.DAGSchedulerEventProcessLoop.onReceive(DAGScheduler.scala:2983)
[2025-05-31T05:43:34.999+0000] {spark_submit.py:644} INFO - at org.apache.spark.util.EventLoop$$anon$1.run(EventLoop.scala:49)
[2025-05-31T05:43:34.999+0000] {spark_submit.py:644} INFO - at org.apache.spark.scheduler.DAGScheduler.runJob(DAGScheduler.scala:989)
[2025-05-31T05:43:34.999+0000] {spark_submit.py:644} INFO - at org.apache.spark.SparkContext.runJob(SparkContext.scala:2393)
[2025-05-31T05:43:34.999+0000] {spark_submit.py:644} INFO - at org.apache.spark.SparkContext.runJob(SparkContext.scala:2414)
[2025-05-31T05:43:34.999+0000] {spark_submit.py:644} INFO - at org.apache.spark.SparkContext.runJob(SparkContext.scala:2433)
[2025-05-31T05:43:34.999+0000] {spark_submit.py:644} INFO - at org.apache.spark.sql.execution.SparkPlan.executeTake(SparkPlan.scala:530)
[2025-05-31T05:43:35.000+0000] {spark_submit.py:644} INFO - at org.apache.spark.sql.execution.SparkPlan.executeTake(SparkPlan.scala:483)
[2025-05-31T05:43:35.000+0000] {spark_submit.py:644} INFO - at org.apache.spark.sql.execution.CollectLimitExec.executeCollect(limit.scala:61)
[2025-05-31T05:43:35.000+0000] {spark_submit.py:644} INFO - at org.apache.spark.sql.Dataset.collectFromPlan(Dataset.scala:4334)
[2025-05-31T05:43:35.000+0000] {spark_submit.py:644} INFO - at org.apache.spark.sql.Dataset.$anonfun$head$1(Dataset.scala:3316)
[2025-05-31T05:43:35.000+0000] {spark_submit.py:644} INFO - at org.apache.spark.sql.Dataset.$anonfun$withAction$2(Dataset.scala:4324)
[2025-05-31T05:43:35.000+0000] {spark_submit.py:644} INFO - at org.apache.spark.sql.execution.QueryExecution$.withInternalError(QueryExecution.scala:546)
[2025-05-31T05:43:35.000+0000] {spark_submit.py:644} INFO - at org.apache.spark.sql.Dataset.$anonfun$withAction$1(Dataset.scala:4322)
[2025-05-31T05:43:35.000+0000] {spark_submit.py:644} INFO - at org.apache.spark.sql.execution.SQLExecution$.$anonfun$withNewExecutionId$6(SQLExecution.scala:125)
[2025-05-31T05:43:35.000+0000] {spark_submit.py:644} INFO - at org.apache.spark.sql.execution.SQLExecution$.withSQLConfPropagated(SQLExecution.scala:201)
[2025-05-31T05:43:35.000+0000] {spark_submit.py:644} INFO - at org.apache.spark.sql.execution.SQLExecution$.$anonfun$withNewExecutionId$1(SQLExecution.scala:108)
[2025-05-31T05:43:35.001+0000] {spark_submit.py:644} INFO - at org.apache.spark.sql.SparkSession.withActive(SparkSession.scala:900)
[2025-05-31T05:43:35.001+0000] {spark_submit.py:644} INFO - at org.apache.spark.sql.execution.SQLExecution$.withNewExecutionId(SQLExecution.scala:66)
[2025-05-31T05:43:35.001+0000] {spark_submit.py:644} INFO - at org.apache.spark.sql.Dataset.withAction(Dataset.scala:4322)
[2025-05-31T05:43:35.001+0000] {spark_submit.py:644} INFO - at org.apache.spark.sql.Dataset.head(Dataset.scala:3316)
[2025-05-31T05:43:35.001+0000] {spark_submit.py:644} INFO - at org.apache.spark.sql.Dataset.take(Dataset.scala:3539)
[2025-05-31T05:43:35.001+0000] {spark_submit.py:644} INFO - at org.apache.spark.sql.Dataset.getRows(Dataset.scala:280)
[2025-05-31T05:43:35.001+0000] {spark_submit.py:644} INFO - at org.apache.spark.sql.Dataset.showString(Dataset.scala:315)
[2025-05-31T05:43:35.001+0000] {spark_submit.py:644} INFO - at java.base/jdk.internal.reflect.NativeMethodAccessorImpl.invoke0(Native Method)
[2025-05-31T05:43:35.001+0000] {spark_submit.py:644} INFO - at java.base/jdk.internal.reflect.NativeMethodAccessorImpl.invoke(NativeMethodAccessorImpl.java:77)
[2025-05-31T05:43:35.001+0000] {spark_submit.py:644} INFO - at java.base/jdk.internal.reflect.DelegatingMethodAccessorImpl.invoke(DelegatingMethodAccessorImpl.java:43)
[2025-05-31T05:43:35.001+0000] {spark_submit.py:644} INFO - at java.base/java.lang.reflect.Method.invoke(Method.java:569)
[2025-05-31T05:43:35.002+0000] {spark_submit.py:644} INFO - at py4j.reflection.MethodInvoker.invoke(MethodInvoker.java:244)
[2025-05-31T05:43:35.002+0000] {spark_submit.py:644} INFO - at py4j.reflection.ReflectionEngine.invoke(ReflectionEngine.java:374)
[2025-05-31T05:43:35.002+0000] {spark_submit.py:644} INFO - at py4j.Gateway.invoke(Gateway.java:282)
[2025-05-31T05:43:35.002+0000] {spark_submit.py:644} INFO - at py4j.commands.AbstractCommand.invokeMethod(AbstractCommand.java:132)
[2025-05-31T05:43:35.002+0000] {spark_submit.py:644} INFO - at py4j.commands.CallCommand.execute(CallCommand.java:79)
[2025-05-31T05:43:35.002+0000] {spark_submit.py:644} INFO - at py4j.ClientServerConnection.waitForCommands(ClientServerConnection.java:182)
[2025-05-31T05:43:35.002+0000] {spark_submit.py:644} INFO - at py4j.ClientServerConnection.run(ClientServerConnection.java:106)
[2025-05-31T05:43:35.002+0000] {spark_submit.py:644} INFO - at java.base/java.lang.Thread.run(Thread.java:840)
[2025-05-31T05:43:35.002+0000] {spark_submit.py:644} INFO - Caused by: java.io.InvalidClassException: org.apache.spark.scheduler.Task; local class incompatible: stream classdesc serialVersionUID = -6188971942555435033, local class serialVersionUID = 553100815431272095
[2025-05-31T05:43:35.002+0000] {spark_submit.py:644} INFO - at java.base/java.io.ObjectStreamClass.initNonProxy(ObjectStreamClass.java:597)
[2025-05-31T05:43:35.003+0000] {spark_submit.py:644} INFO - at java.base/java.io.ObjectInputStream.readNonProxyDesc(ObjectInputStream.java:2051)
[2025-05-31T05:43:35.003+0000] {spark_submit.py:644} INFO - at java.base/java.io.ObjectInputStream.readClassDesc(ObjectInputStream.java:1898)
[2025-05-31T05:43:35.003+0000] {spark_submit.py:644} INFO - at java.base/java.io.ObjectInputStream.readNonProxyDesc(ObjectInputStream.java:2051)
[2025-05-31T05:43:35.003+0000] {spark_submit.py:644} INFO - at java.base/java.io.ObjectInputStream.readClassDesc(ObjectInputStream.java:1898)
[2025-05-31T05:43:35.003+0000] {spark_submit.py:644} INFO - at java.base/java.io.ObjectInputStream.readOrdinaryObject(ObjectInputStream.java:2224)
[2025-05-31T05:43:35.003+0000] {spark_submit.py:644} INFO - at java.base/java.io.ObjectInputStream.readObject0(ObjectInputStream.java:1733)
[2025-05-31T05:43:35.003+0000] {spark_submit.py:644} INFO - at java.base/java.io.ObjectInputStream.readObject(ObjectInputStream.java:509)
[2025-05-31T05:43:35.003+0000] {spark_submit.py:644} INFO - at java.base/java.io.ObjectInputStream.readObject(ObjectInputStream.java:467)
[2025-05-31T05:43:35.003+0000] {spark_submit.py:644} INFO - at org.apache.spark.serializer.JavaDeserializationStream.readObject(JavaSerializer.scala:87)
[2025-05-31T05:43:35.003+0000] {spark_submit.py:644} INFO - at org.apache.spark.serializer.JavaSerializerInstance.deserialize(JavaSerializer.scala:129)
[2025-05-31T05:43:35.004+0000] {spark_submit.py:644} INFO - at org.apache.spark.executor.Executor$TaskRunner.run(Executor.scala:579)
[2025-05-31T05:43:35.004+0000] {spark_submit.py:644} INFO - at java.base/java.util.concurrent.ThreadPoolExecutor.runWorker(ThreadPoolExecutor.java:1136)
[2025-05-31T05:43:35.004+0000] {spark_submit.py:644} INFO - at java.base/java.util.concurrent.ThreadPoolExecutor$Worker.run(ThreadPoolExecutor.java:635)
[2025-05-31T05:43:35.004+0000] {spark_submit.py:644} INFO - at java.base/java.lang.Thread.run(Thread.java:840)
[2025-05-31T05:43:35.004+0000] {spark_submit.py:644} INFO - 
[2025-05-31T05:43:35.051+0000] {spark_submit.py:644} INFO - 25/05/31 05:43:35 INFO SparkContext: Invoking stop() from shutdown hook
[2025-05-31T05:43:35.051+0000] {spark_submit.py:644} INFO - 25/05/31 05:43:35 INFO SparkContext: SparkContext is stopping with exitCode 0.
[2025-05-31T05:43:35.057+0000] {spark_submit.py:644} INFO - 25/05/31 05:43:35 INFO SparkUI: Stopped Spark web UI at http://613888373f34:4040
[2025-05-31T05:43:35.059+0000] {spark_submit.py:644} INFO - 25/05/31 05:43:35 INFO StandaloneSchedulerBackend: Shutting down all executors
[2025-05-31T05:43:35.059+0000] {spark_submit.py:644} INFO - 25/05/31 05:43:35 INFO StandaloneSchedulerBackend$StandaloneDriverEndpoint: Asking each executor to shut down
[2025-05-31T05:43:35.068+0000] {spark_submit.py:644} INFO - 25/05/31 05:43:35 INFO MapOutputTrackerMasterEndpoint: MapOutputTrackerMasterEndpoint stopped!
[2025-05-31T05:43:35.081+0000] {spark_submit.py:644} INFO - 25/05/31 05:43:35 INFO MemoryStore: MemoryStore cleared
[2025-05-31T05:43:35.082+0000] {spark_submit.py:644} INFO - 25/05/31 05:43:35 INFO BlockManager: BlockManager stopped
[2025-05-31T05:43:35.084+0000] {spark_submit.py:644} INFO - 25/05/31 05:43:35 INFO BlockManagerMaster: BlockManagerMaster stopped
[2025-05-31T05:43:35.085+0000] {spark_submit.py:644} INFO - 25/05/31 05:43:35 INFO OutputCommitCoordinator$OutputCommitCoordinatorEndpoint: OutputCommitCoordinator stopped!
[2025-05-31T05:43:35.091+0000] {spark_submit.py:644} INFO - 25/05/31 05:43:35 INFO SparkContext: Successfully stopped SparkContext
[2025-05-31T05:43:35.092+0000] {spark_submit.py:644} INFO - 25/05/31 05:43:35 INFO ShutdownHookManager: Shutdown hook called
[2025-05-31T05:43:35.092+0000] {spark_submit.py:644} INFO - 25/05/31 05:43:35 INFO ShutdownHookManager: Deleting directory /tmp/spark-c364dafc-1b08-4c8c-b496-e0b56a2262b9
[2025-05-31T05:43:35.094+0000] {spark_submit.py:644} INFO - 25/05/31 05:43:35 INFO ShutdownHookManager: Deleting directory /opt/***/dags/spark_temp/spark-17cbfba6-bb2f-49ac-adc9-da78dcba1c61
[2025-05-31T05:43:35.098+0000] {spark_submit.py:644} INFO - 25/05/31 05:43:35 INFO ShutdownHookManager: Deleting directory /opt/***/dags/spark_temp/spark-17cbfba6-bb2f-49ac-adc9-da78dcba1c61/pyspark-81542a36-121f-4f60-868e-9624dcc5f12b
[2025-05-31T05:43:35.124+0000] {taskinstance.py:3311} ERROR - Task failed with exception
Traceback (most recent call last):
  File "/home/airflow/.local/lib/python3.11/site-packages/airflow/models/taskinstance.py", line 767, in _execute_task
    result = _execute_callable(context=context, **execute_callable_kwargs)
             ^^^^^^^^^^^^^^^^^^^^^^^^^^^^^^^^^^^^^^^^^^^^^^^^^^^^^^^^^^^^^
  File "/home/airflow/.local/lib/python3.11/site-packages/airflow/models/taskinstance.py", line 733, in _execute_callable
    return ExecutionCallableRunner(
           ^^^^^^^^^^^^^^^^^^^^^^^^
  File "/home/airflow/.local/lib/python3.11/site-packages/airflow/utils/operator_helpers.py", line 252, in run
    return self.func(*args, **kwargs)
           ^^^^^^^^^^^^^^^^^^^^^^^^^^
  File "/home/airflow/.local/lib/python3.11/site-packages/airflow/models/baseoperator.py", line 417, in wrapper
    return func(self, *args, **kwargs)
           ^^^^^^^^^^^^^^^^^^^^^^^^^^^
  File "/home/airflow/.local/lib/python3.11/site-packages/airflow/providers/apache/spark/operators/spark_submit.py", line 197, in execute
    self._hook.submit(self.application)
  File "/home/airflow/.local/lib/python3.11/site-packages/airflow/providers/apache/spark/hooks/spark_submit.py", line 566, in submit
    raise AirflowException(
airflow.exceptions.AirflowException: Cannot execute: spark-submit --master spark://spark-master:7077 --conf spark.executor.memory=2g --conf spark.local.dir=/opt/***/dags/spark_temp --name medallion_sales_etl_spark_job --verbose --queue root.default --deploy-mode client /opt/***/dags/medallion_etl.py. Error code is: 1.
[2025-05-31T05:43:35.129+0000] {taskinstance.py:1225} INFO - Marking task as UP_FOR_RETRY. dag_id=medallion_sales_etl, task_id=submit_medallion_sales_etl_job, run_id=manual__2025-05-31T05:43:29.489728+00:00, execution_date=20250531T054329, start_date=20250531T054330, end_date=20250531T054335
[2025-05-31T05:43:35.137+0000] {taskinstance.py:340} INFO - ::group::Post task execution logs
[2025-05-31T05:43:35.137+0000] {standard_task_runner.py:124} ERROR - Failed to execute job 16 for task submit_medallion_sales_etl_job (Cannot execute: spark-submit --master spark://spark-master:7077 --conf spark.executor.memory=2g --conf spark.local.dir=/opt/***/dags/spark_temp --name medallion_sales_etl_spark_job --verbose --queue root.default --deploy-mode client /opt/***/dags/medallion_etl.py. Error code is: 1.; 187)
Traceback (most recent call last):
  File "/home/airflow/.local/lib/python3.11/site-packages/airflow/task/task_runner/standard_task_runner.py", line 117, in _start_by_fork
    ret = args.func(args, dag=self.dag)
          ^^^^^^^^^^^^^^^^^^^^^^^^^^^^^
  File "/home/airflow/.local/lib/python3.11/site-packages/airflow/cli/cli_config.py", line 49, in command
    return func(*args, **kwargs)
           ^^^^^^^^^^^^^^^^^^^^^
  File "/home/airflow/.local/lib/python3.11/site-packages/airflow/utils/cli.py", line 116, in wrapper
    return f(*args, **kwargs)
           ^^^^^^^^^^^^^^^^^^
  File "/home/airflow/.local/lib/python3.11/site-packages/airflow/cli/commands/task_command.py", line 483, in task_run
    task_return_code = _run_task_by_selected_method(args, _dag, ti)
                       ^^^^^^^^^^^^^^^^^^^^^^^^^^^^^^^^^^^^^^^^^^^^
  File "/home/airflow/.local/lib/python3.11/site-packages/airflow/cli/commands/task_command.py", line 256, in _run_task_by_selected_method
    return _run_raw_task(args, ti)
           ^^^^^^^^^^^^^^^^^^^^^^^
  File "/home/airflow/.local/lib/python3.11/site-packages/airflow/cli/commands/task_command.py", line 341, in _run_raw_task
    return ti._run_raw_task(
           ^^^^^^^^^^^^^^^^^
  File "/home/airflow/.local/lib/python3.11/site-packages/airflow/utils/session.py", line 97, in wrapper
    return func(*args, session=session, **kwargs)
           ^^^^^^^^^^^^^^^^^^^^^^^^^^^^^^^^^^^^^^
  File "/home/airflow/.local/lib/python3.11/site-packages/airflow/models/taskinstance.py", line 3005, in _run_raw_task
    return _run_raw_task(
           ^^^^^^^^^^^^^^
  File "/home/airflow/.local/lib/python3.11/site-packages/airflow/models/taskinstance.py", line 273, in _run_raw_task
    TaskInstance._execute_task_with_callbacks(
  File "/home/airflow/.local/lib/python3.11/site-packages/airflow/models/taskinstance.py", line 3159, in _execute_task_with_callbacks
    result = self._execute_task(context, task_orig)
             ^^^^^^^^^^^^^^^^^^^^^^^^^^^^^^^^^^^^^^
  File "/home/airflow/.local/lib/python3.11/site-packages/airflow/models/taskinstance.py", line 3183, in _execute_task
    return _execute_task(self, context, task_orig)
           ^^^^^^^^^^^^^^^^^^^^^^^^^^^^^^^^^^^^^^^
  File "/home/airflow/.local/lib/python3.11/site-packages/airflow/models/taskinstance.py", line 767, in _execute_task
    result = _execute_callable(context=context, **execute_callable_kwargs)
             ^^^^^^^^^^^^^^^^^^^^^^^^^^^^^^^^^^^^^^^^^^^^^^^^^^^^^^^^^^^^^
  File "/home/airflow/.local/lib/python3.11/site-packages/airflow/models/taskinstance.py", line 733, in _execute_callable
    return ExecutionCallableRunner(
           ^^^^^^^^^^^^^^^^^^^^^^^^
  File "/home/airflow/.local/lib/python3.11/site-packages/airflow/utils/operator_helpers.py", line 252, in run
    return self.func(*args, **kwargs)
           ^^^^^^^^^^^^^^^^^^^^^^^^^^
  File "/home/airflow/.local/lib/python3.11/site-packages/airflow/models/baseoperator.py", line 417, in wrapper
    return func(self, *args, **kwargs)
           ^^^^^^^^^^^^^^^^^^^^^^^^^^^
  File "/home/airflow/.local/lib/python3.11/site-packages/airflow/providers/apache/spark/operators/spark_submit.py", line 197, in execute
    self._hook.submit(self.application)
  File "/home/airflow/.local/lib/python3.11/site-packages/airflow/providers/apache/spark/hooks/spark_submit.py", line 566, in submit
    raise AirflowException(
airflow.exceptions.AirflowException: Cannot execute: spark-submit --master spark://spark-master:7077 --conf spark.executor.memory=2g --conf spark.local.dir=/opt/***/dags/spark_temp --name medallion_sales_etl_spark_job --verbose --queue root.default --deploy-mode client /opt/***/dags/medallion_etl.py. Error code is: 1.
[2025-05-31T05:43:35.181+0000] {local_task_job_runner.py:266} INFO - Task exited with return code 1
[2025-05-31T05:43:35.194+0000] {taskinstance.py:3895} INFO - 0 downstream tasks scheduled from follow-on schedule check
[2025-05-31T05:43:35.195+0000] {local_task_job_runner.py:245} INFO - ::endgroup::
