[2025-06-07T14:33:28.991+0000] {local_task_job_runner.py:123} INFO - ::group::Pre task execution logs
[2025-06-07T14:33:29.001+0000] {taskinstance.py:2613} INFO - Dependencies all met for dep_context=non-requeueable deps ti=<TaskInstance: stephen_curry_stats_medallion_etl.bronze_to_silver manual__2025-06-07T14:33:27.839147+00:00 [queued]>
[2025-06-07T14:33:29.006+0000] {taskinstance.py:2613} INFO - Dependencies all met for dep_context=requeueable deps ti=<TaskInstance: stephen_curry_stats_medallion_etl.bronze_to_silver manual__2025-06-07T14:33:27.839147+00:00 [queued]>
[2025-06-07T14:33:29.006+0000] {taskinstance.py:2866} INFO - Starting attempt 1 of 1
[2025-06-07T14:33:29.012+0000] {taskinstance.py:2889} INFO - Executing <Task(SparkSubmitOperator): bronze_to_silver> on 2025-06-07 14:33:27.839147+00:00
[2025-06-07T14:33:29.015+0000] {standard_task_runner.py:72} INFO - Started process 6543 to run task
[2025-06-07T14:33:29.018+0000] {standard_task_runner.py:104} INFO - Running: ['***', 'tasks', 'run', 'stephen_curry_stats_medallion_etl', 'bronze_to_silver', 'manual__2025-06-07T14:33:27.839147+00:00', '--job-id', '109', '--raw', '--subdir', 'DAGS_FOLDER/medallion_sales_etl_dag.py', '--cfg-path', '/tmp/tmpahyimu40']
[2025-06-07T14:33:29.020+0000] {standard_task_runner.py:105} INFO - Job 109: Subtask bronze_to_silver
[2025-06-07T14:33:29.053+0000] {task_command.py:467} INFO - Running <TaskInstance: stephen_curry_stats_medallion_etl.bronze_to_silver manual__2025-06-07T14:33:27.839147+00:00 [running]> on host 5ebb95484de3
[2025-06-07T14:33:29.101+0000] {taskinstance.py:3132} INFO - Exporting env vars: AIRFLOW_CTX_DAG_OWNER='***' AIRFLOW_CTX_DAG_ID='stephen_curry_stats_medallion_etl' AIRFLOW_CTX_TASK_ID='bronze_to_silver' AIRFLOW_CTX_EXECUTION_DATE='2025-06-07T14:33:27.839147+00:00' AIRFLOW_CTX_TRY_NUMBER='1' AIRFLOW_CTX_DAG_RUN_ID='manual__2025-06-07T14:33:27.839147+00:00'
[2025-06-07T14:33:29.101+0000] {taskinstance.py:731} INFO - ::endgroup::
[2025-06-07T14:33:29.118+0000] {base.py:84} INFO - Retrieving connection 'spark_default'
[2025-06-07T14:33:29.119+0000] {spark_submit.py:474} INFO - Spark-Submit cmd: spark-submit --master spark://spark-master:7077 --conf spark.executor.memory=2g --conf spark.sql.extensions=io.delta.sql.DeltaSparkSessionExtension --conf spark.sql.catalog.spark_catalog=org.apache.spark.sql.delta.catalog.DeltaCatalog --conf spark.hadoop.fs.s3a.endpoint=http://minio:9000 --conf spark.hadoop.fs.s3a.access.key=minioadmin --conf spark.hadoop.fs.s3a.secret.key=****** --conf spark.hadoop.fs.s3a.path.style.access=true --conf spark.hadoop.fs.s3a.impl=org.apache.hadoop.fs.s3a.S3AFileSystem --conf spark.hadoop.fs.s3a.aws.credentials.provider=org.apache.hadoop.fs.s3a.SimpleAWSCredentialsProvider --packages org.apache.hadoop:hadoop-aws:3.3.4,com.amazonaws:aws-java-sdk-bundle:1.12.262,io.delta:delta-spark_2.12:3.1.0 --name arrow-spark --queue root.default --deploy-mode client dags/bronze_to_silver_sc_stats_etl.py --output_path s3a://mybucket/sc_stats_db.db/bronze
[2025-06-07T14:33:29.879+0000] {spark_submit.py:644} INFO - :: loading settings :: url = jar:file:/home/***/.local/lib/python3.11/site-packages/pyspark/jars/ivy-2.5.1.jar!/org/apache/ivy/core/settings/ivysettings.xml
[2025-06-07T14:33:29.921+0000] {spark_submit.py:644} INFO - Ivy Default Cache set to: /home/***/.ivy2/cache
[2025-06-07T14:33:29.922+0000] {spark_submit.py:644} INFO - The jars for the packages stored in: /home/***/.ivy2/jars
[2025-06-07T14:33:29.924+0000] {spark_submit.py:644} INFO - org.apache.hadoop#hadoop-aws added as a dependency
[2025-06-07T14:33:29.928+0000] {spark_submit.py:644} INFO - com.amazonaws#aws-java-sdk-bundle added as a dependency
[2025-06-07T14:33:29.929+0000] {spark_submit.py:644} INFO - io.delta#delta-spark_2.12 added as a dependency
[2025-06-07T14:33:29.929+0000] {spark_submit.py:644} INFO - :: resolving dependencies :: org.apache.spark#spark-submit-parent-b435d7ee-9053-4d45-ba3b-e0b42e3ba44b;1.0
[2025-06-07T14:33:29.930+0000] {spark_submit.py:644} INFO - confs: [default]
[2025-06-07T14:33:30.018+0000] {spark_submit.py:644} INFO - found org.apache.hadoop#hadoop-aws;3.3.4 in central
[2025-06-07T14:33:30.037+0000] {spark_submit.py:644} INFO - found com.amazonaws#aws-java-sdk-bundle;1.12.262 in central
[2025-06-07T14:33:30.055+0000] {spark_submit.py:644} INFO - found org.wildfly.openssl#wildfly-openssl;1.0.7.Final in central
[2025-06-07T14:33:30.070+0000] {spark_submit.py:644} INFO - found io.delta#delta-spark_2.12;3.1.0 in central
[2025-06-07T14:33:30.084+0000] {spark_submit.py:644} INFO - found io.delta#delta-storage;3.1.0 in central
[2025-06-07T14:33:30.099+0000] {spark_submit.py:644} INFO - found org.antlr#antlr4-runtime;4.9.3 in central
[2025-06-07T14:33:30.113+0000] {spark_submit.py:644} INFO - :: resolution report :: resolve 181ms :: artifacts dl 8ms
[2025-06-07T14:33:30.114+0000] {spark_submit.py:644} INFO - :: modules in use:
[2025-06-07T14:33:30.115+0000] {spark_submit.py:644} INFO - com.amazonaws#aws-java-sdk-bundle;1.12.262 from central in [default]
[2025-06-07T14:33:30.116+0000] {spark_submit.py:644} INFO - io.delta#delta-spark_2.12;3.1.0 from central in [default]
[2025-06-07T14:33:30.116+0000] {spark_submit.py:644} INFO - io.delta#delta-storage;3.1.0 from central in [default]
[2025-06-07T14:33:30.116+0000] {spark_submit.py:644} INFO - org.antlr#antlr4-runtime;4.9.3 from central in [default]
[2025-06-07T14:33:30.116+0000] {spark_submit.py:644} INFO - org.apache.hadoop#hadoop-aws;3.3.4 from central in [default]
[2025-06-07T14:33:30.116+0000] {spark_submit.py:644} INFO - org.wildfly.openssl#wildfly-openssl;1.0.7.Final from central in [default]
[2025-06-07T14:33:30.117+0000] {spark_submit.py:644} INFO - ---------------------------------------------------------------------
[2025-06-07T14:33:30.117+0000] {spark_submit.py:644} INFO - |                  |            modules            ||   artifacts   |
[2025-06-07T14:33:30.117+0000] {spark_submit.py:644} INFO - |       conf       | number| search|dwnlded|evicted|| number|dwnlded|
[2025-06-07T14:33:30.117+0000] {spark_submit.py:644} INFO - ---------------------------------------------------------------------
[2025-06-07T14:33:30.117+0000] {spark_submit.py:644} INFO - |      default     |   6   |   0   |   0   |   0   ||   6   |   0   |
[2025-06-07T14:33:30.117+0000] {spark_submit.py:644} INFO - ---------------------------------------------------------------------
[2025-06-07T14:33:30.118+0000] {spark_submit.py:644} INFO - :: retrieving :: org.apache.spark#spark-submit-parent-b435d7ee-9053-4d45-ba3b-e0b42e3ba44b
[2025-06-07T14:33:30.118+0000] {spark_submit.py:644} INFO - confs: [default]
[2025-06-07T14:33:30.122+0000] {spark_submit.py:644} INFO - 0 artifacts copied, 6 already retrieved (0kB/4ms)
[2025-06-07T14:33:30.227+0000] {spark_submit.py:644} INFO - 25/06/07 14:33:30 WARN NativeCodeLoader: Unable to load native-hadoop library for your platform... using builtin-java classes where applicable
[2025-06-07T14:33:31.035+0000] {spark_submit.py:644} INFO - 25/06/07 14:33:31 INFO SparkContext: Running Spark version 3.5.2
[2025-06-07T14:33:31.036+0000] {spark_submit.py:644} INFO - 25/06/07 14:33:31 INFO SparkContext: OS info Linux, 6.10.14-linuxkit, aarch64
[2025-06-07T14:33:31.036+0000] {spark_submit.py:644} INFO - 25/06/07 14:33:31 INFO SparkContext: Java version 17.0.15
[2025-06-07T14:33:31.048+0000] {spark_submit.py:644} INFO - 25/06/07 14:33:31 INFO ResourceUtils: ==============================================================
[2025-06-07T14:33:31.053+0000] {spark_submit.py:644} INFO - 25/06/07 14:33:31 INFO ResourceUtils: No custom resources configured for spark.driver.
[2025-06-07T14:33:31.056+0000] {spark_submit.py:644} INFO - 25/06/07 14:33:31 INFO ResourceUtils: ==============================================================
[2025-06-07T14:33:31.057+0000] {spark_submit.py:644} INFO - 25/06/07 14:33:31 INFO SparkContext: Submitted application: BronzeToSilverStephenCurryStats
[2025-06-07T14:33:31.062+0000] {spark_submit.py:644} INFO - 25/06/07 14:33:31 INFO ResourceProfile: Default ResourceProfile created, executor resources: Map(memory -> name: memory, amount: 2048, script: , vendor: , offHeap -> name: offHeap, amount: 0, script: , vendor: ), task resources: Map(cpus -> name: cpus, amount: 1.0)
[2025-06-07T14:33:31.067+0000] {spark_submit.py:644} INFO - 25/06/07 14:33:31 INFO ResourceProfile: Limiting resource is cpu
[2025-06-07T14:33:31.069+0000] {spark_submit.py:644} INFO - 25/06/07 14:33:31 INFO ResourceProfileManager: Added ResourceProfile id: 0
[2025-06-07T14:33:31.103+0000] {spark_submit.py:644} INFO - 25/06/07 14:33:31 INFO SecurityManager: Changing view acls to: ***
[2025-06-07T14:33:31.106+0000] {spark_submit.py:644} INFO - 25/06/07 14:33:31 INFO SecurityManager: Changing modify acls to: ***
[2025-06-07T14:33:31.108+0000] {spark_submit.py:644} INFO - 25/06/07 14:33:31 INFO SecurityManager: Changing view acls groups to:
[2025-06-07T14:33:31.110+0000] {spark_submit.py:644} INFO - 25/06/07 14:33:31 INFO SecurityManager: Changing modify acls groups to:
[2025-06-07T14:33:31.111+0000] {spark_submit.py:644} INFO - 25/06/07 14:33:31 INFO SecurityManager: SecurityManager: authentication disabled; ui acls disabled; users with view permissions: ***; groups with view permissions: EMPTY; users with modify permissions: ***; groups with modify permissions: EMPTY
[2025-06-07T14:33:31.285+0000] {spark_submit.py:644} INFO - 25/06/07 14:33:31 INFO Utils: Successfully started service 'sparkDriver' on port 33245.
[2025-06-07T14:33:31.308+0000] {spark_submit.py:644} INFO - 25/06/07 14:33:31 INFO SparkEnv: Registering MapOutputTracker
[2025-06-07T14:33:31.333+0000] {spark_submit.py:644} INFO - 25/06/07 14:33:31 INFO SparkEnv: Registering BlockManagerMaster
[2025-06-07T14:33:31.346+0000] {spark_submit.py:644} INFO - 25/06/07 14:33:31 INFO BlockManagerMasterEndpoint: Using org.apache.spark.storage.DefaultTopologyMapper for getting topology information
[2025-06-07T14:33:31.347+0000] {spark_submit.py:644} INFO - 25/06/07 14:33:31 INFO BlockManagerMasterEndpoint: BlockManagerMasterEndpoint up
[2025-06-07T14:33:31.350+0000] {spark_submit.py:644} INFO - 25/06/07 14:33:31 INFO SparkEnv: Registering BlockManagerMasterHeartbeat
[2025-06-07T14:33:31.370+0000] {spark_submit.py:644} INFO - 25/06/07 14:33:31 INFO DiskBlockManager: Created local directory at /tmp/blockmgr-834c2afc-a557-4dbf-85c8-db149d7ad17b
[2025-06-07T14:33:31.380+0000] {spark_submit.py:644} INFO - 25/06/07 14:33:31 INFO MemoryStore: MemoryStore started with capacity 434.4 MiB
[2025-06-07T14:33:31.395+0000] {spark_submit.py:644} INFO - 25/06/07 14:33:31 INFO SparkEnv: Registering OutputCommitCoordinator
[2025-06-07T14:33:31.489+0000] {spark_submit.py:644} INFO - 25/06/07 14:33:31 INFO JettyUtils: Start Jetty 0.0.0.0:4040 for SparkUI
[2025-06-07T14:33:31.547+0000] {spark_submit.py:644} INFO - 25/06/07 14:33:31 INFO Utils: Successfully started service 'SparkUI' on port 4040.
[2025-06-07T14:33:31.576+0000] {spark_submit.py:644} INFO - 25/06/07 14:33:31 INFO SparkContext: Added JAR file:///home/***/.ivy2/jars/org.apache.hadoop_hadoop-aws-3.3.4.jar at spark://5ebb95484de3:33245/jars/org.apache.hadoop_hadoop-aws-3.3.4.jar with timestamp 1749306811028
[2025-06-07T14:33:31.578+0000] {spark_submit.py:644} INFO - 25/06/07 14:33:31 INFO SparkContext: Added JAR file:///home/***/.ivy2/jars/com.amazonaws_aws-java-sdk-bundle-1.12.262.jar at spark://5ebb95484de3:33245/jars/com.amazonaws_aws-java-sdk-bundle-1.12.262.jar with timestamp 1749306811028
[2025-06-07T14:33:31.578+0000] {spark_submit.py:644} INFO - 25/06/07 14:33:31 INFO SparkContext: Added JAR file:///home/***/.ivy2/jars/io.delta_delta-spark_2.12-3.1.0.jar at spark://5ebb95484de3:33245/jars/io.delta_delta-spark_2.12-3.1.0.jar with timestamp 1749306811028
[2025-06-07T14:33:31.578+0000] {spark_submit.py:644} INFO - 25/06/07 14:33:31 INFO SparkContext: Added JAR file:///home/***/.ivy2/jars/org.wildfly.openssl_wildfly-openssl-1.0.7.Final.jar at spark://5ebb95484de3:33245/jars/org.wildfly.openssl_wildfly-openssl-1.0.7.Final.jar with timestamp 1749306811028
[2025-06-07T14:33:31.579+0000] {spark_submit.py:644} INFO - 25/06/07 14:33:31 INFO SparkContext: Added JAR file:///home/***/.ivy2/jars/io.delta_delta-storage-3.1.0.jar at spark://5ebb95484de3:33245/jars/io.delta_delta-storage-3.1.0.jar with timestamp 1749306811028
[2025-06-07T14:33:31.580+0000] {spark_submit.py:644} INFO - 25/06/07 14:33:31 INFO SparkContext: Added JAR file:///home/***/.ivy2/jars/org.antlr_antlr4-runtime-4.9.3.jar at spark://5ebb95484de3:33245/jars/org.antlr_antlr4-runtime-4.9.3.jar with timestamp 1749306811028
[2025-06-07T14:33:31.581+0000] {spark_submit.py:644} INFO - 25/06/07 14:33:31 INFO SparkContext: Added file file:///home/***/.ivy2/jars/org.apache.hadoop_hadoop-aws-3.3.4.jar at spark://5ebb95484de3:33245/files/org.apache.hadoop_hadoop-aws-3.3.4.jar with timestamp 1749306811028
[2025-06-07T14:33:31.584+0000] {spark_submit.py:644} INFO - 25/06/07 14:33:31 INFO Utils: Copying /home/***/.ivy2/jars/org.apache.hadoop_hadoop-aws-3.3.4.jar to /tmp/spark-cee26ff7-2136-4768-b83c-d232824a885d/userFiles-0bcbccbc-b19a-403d-8553-f6f0cbf48c96/org.apache.hadoop_hadoop-aws-3.3.4.jar
[2025-06-07T14:33:31.590+0000] {spark_submit.py:644} INFO - 25/06/07 14:33:31 INFO SparkContext: Added file file:///home/***/.ivy2/jars/com.amazonaws_aws-java-sdk-bundle-1.12.262.jar at spark://5ebb95484de3:33245/files/com.amazonaws_aws-java-sdk-bundle-1.12.262.jar with timestamp 1749306811028
[2025-06-07T14:33:31.591+0000] {spark_submit.py:644} INFO - 25/06/07 14:33:31 INFO Utils: Copying /home/***/.ivy2/jars/com.amazonaws_aws-java-sdk-bundle-1.12.262.jar to /tmp/spark-cee26ff7-2136-4768-b83c-d232824a885d/userFiles-0bcbccbc-b19a-403d-8553-f6f0cbf48c96/com.amazonaws_aws-java-sdk-bundle-1.12.262.jar
[2025-06-07T14:33:31.675+0000] {spark_submit.py:644} INFO - 25/06/07 14:33:31 INFO SparkContext: Added file file:///home/***/.ivy2/jars/io.delta_delta-spark_2.12-3.1.0.jar at spark://5ebb95484de3:33245/files/io.delta_delta-spark_2.12-3.1.0.jar with timestamp 1749306811028
[2025-06-07T14:33:31.676+0000] {spark_submit.py:644} INFO - 25/06/07 14:33:31 INFO Utils: Copying /home/***/.ivy2/jars/io.delta_delta-spark_2.12-3.1.0.jar to /tmp/spark-cee26ff7-2136-4768-b83c-d232824a885d/userFiles-0bcbccbc-b19a-403d-8553-f6f0cbf48c96/io.delta_delta-spark_2.12-3.1.0.jar
[2025-06-07T14:33:31.680+0000] {spark_submit.py:644} INFO - 25/06/07 14:33:31 INFO SparkContext: Added file file:///home/***/.ivy2/jars/org.wildfly.openssl_wildfly-openssl-1.0.7.Final.jar at spark://5ebb95484de3:33245/files/org.wildfly.openssl_wildfly-openssl-1.0.7.Final.jar with timestamp 1749306811028
[2025-06-07T14:33:31.681+0000] {spark_submit.py:644} INFO - 25/06/07 14:33:31 INFO Utils: Copying /home/***/.ivy2/jars/org.wildfly.openssl_wildfly-openssl-1.0.7.Final.jar to /tmp/spark-cee26ff7-2136-4768-b83c-d232824a885d/userFiles-0bcbccbc-b19a-403d-8553-f6f0cbf48c96/org.wildfly.openssl_wildfly-openssl-1.0.7.Final.jar
[2025-06-07T14:33:31.685+0000] {spark_submit.py:644} INFO - 25/06/07 14:33:31 INFO SparkContext: Added file file:///home/***/.ivy2/jars/io.delta_delta-storage-3.1.0.jar at spark://5ebb95484de3:33245/files/io.delta_delta-storage-3.1.0.jar with timestamp 1749306811028
[2025-06-07T14:33:31.685+0000] {spark_submit.py:644} INFO - 25/06/07 14:33:31 INFO Utils: Copying /home/***/.ivy2/jars/io.delta_delta-storage-3.1.0.jar to /tmp/spark-cee26ff7-2136-4768-b83c-d232824a885d/userFiles-0bcbccbc-b19a-403d-8553-f6f0cbf48c96/io.delta_delta-storage-3.1.0.jar
[2025-06-07T14:33:31.688+0000] {spark_submit.py:644} INFO - 25/06/07 14:33:31 INFO SparkContext: Added file file:///home/***/.ivy2/jars/org.antlr_antlr4-runtime-4.9.3.jar at spark://5ebb95484de3:33245/files/org.antlr_antlr4-runtime-4.9.3.jar with timestamp 1749306811028
[2025-06-07T14:33:31.689+0000] {spark_submit.py:644} INFO - 25/06/07 14:33:31 INFO Utils: Copying /home/***/.ivy2/jars/org.antlr_antlr4-runtime-4.9.3.jar to /tmp/spark-cee26ff7-2136-4768-b83c-d232824a885d/userFiles-0bcbccbc-b19a-403d-8553-f6f0cbf48c96/org.antlr_antlr4-runtime-4.9.3.jar
[2025-06-07T14:33:31.742+0000] {spark_submit.py:644} INFO - 25/06/07 14:33:31 INFO StandaloneAppClient$ClientEndpoint: Connecting to master spark://spark-master:7077...
[2025-06-07T14:33:31.766+0000] {spark_submit.py:644} INFO - 25/06/07 14:33:31 INFO TransportClientFactory: Successfully created connection to spark-master/172.19.0.6:7077 after 13 ms (0 ms spent in bootstraps)
[2025-06-07T14:33:31.813+0000] {spark_submit.py:644} INFO - 25/06/07 14:33:31 INFO StandaloneSchedulerBackend: Connected to Spark cluster with app ID app-20250607143331-0025
[2025-06-07T14:33:31.815+0000] {spark_submit.py:644} INFO - 25/06/07 14:33:31 INFO StandaloneAppClient$ClientEndpoint: Executor added: app-20250607143331-0025/0 on worker-20250607120528-172.19.0.7-44613 (172.19.0.7:44613) with 4 core(s)
[2025-06-07T14:33:31.817+0000] {spark_submit.py:644} INFO - 25/06/07 14:33:31 INFO StandaloneSchedulerBackend: Granted executor ID app-20250607143331-0025/0 on hostPort 172.19.0.7:44613 with 4 core(s), 2.0 GiB RAM
[2025-06-07T14:33:31.819+0000] {spark_submit.py:644} INFO - 25/06/07 14:33:31 INFO Utils: Successfully started service 'org.apache.spark.network.netty.NettyBlockTransferService' on port 36683.
[2025-06-07T14:33:31.819+0000] {spark_submit.py:644} INFO - 25/06/07 14:33:31 INFO NettyBlockTransferService: Server created on 5ebb95484de3:36683
[2025-06-07T14:33:31.824+0000] {spark_submit.py:644} INFO - 25/06/07 14:33:31 INFO BlockManager: Using org.apache.spark.storage.RandomBlockReplicationPolicy for block replication policy
[2025-06-07T14:33:31.827+0000] {spark_submit.py:644} INFO - 25/06/07 14:33:31 INFO BlockManagerMaster: Registering BlockManager BlockManagerId(driver, 5ebb95484de3, 36683, None)
[2025-06-07T14:33:31.831+0000] {spark_submit.py:644} INFO - 25/06/07 14:33:31 INFO BlockManagerMasterEndpoint: Registering block manager 5ebb95484de3:36683 with 434.4 MiB RAM, BlockManagerId(driver, 5ebb95484de3, 36683, None)
[2025-06-07T14:33:31.832+0000] {spark_submit.py:644} INFO - 25/06/07 14:33:31 INFO StandaloneAppClient$ClientEndpoint: Executor updated: app-20250607143331-0025/0 is now RUNNING
[2025-06-07T14:33:31.833+0000] {spark_submit.py:644} INFO - 25/06/07 14:33:31 INFO BlockManagerMaster: Registered BlockManager BlockManagerId(driver, 5ebb95484de3, 36683, None)
[2025-06-07T14:33:31.834+0000] {spark_submit.py:644} INFO - 25/06/07 14:33:31 INFO BlockManager: Initialized BlockManager: BlockManagerId(driver, 5ebb95484de3, 36683, None)
[2025-06-07T14:33:32.002+0000] {spark_submit.py:644} INFO - 25/06/07 14:33:32 INFO StandaloneSchedulerBackend: SchedulerBackend is ready for scheduling beginning after reached minRegisteredResourcesRatio: 0.0
[2025-06-07T14:33:32.218+0000] {spark_submit.py:644} INFO - Bronze to Silver: Spark session created.
[2025-06-07T14:33:32.223+0000] {spark_submit.py:644} INFO - 25/06/07 14:33:32 INFO SharedState: Setting hive.metastore.warehouse.dir ('null') to the value of spark.sql.warehouse.dir.
[2025-06-07T14:33:32.223+0000] {spark_submit.py:644} INFO - 25/06/07 14:33:32 INFO SharedState: Warehouse path is 'file:/tmp/spark-warehouse'.
[2025-06-07T14:33:32.941+0000] {spark_submit.py:644} INFO - 25/06/07 14:33:32 INFO HiveConf: Found configuration file null
[2025-06-07T14:33:32.947+0000] {spark_submit.py:644} INFO - 25/06/07 14:33:32 INFO HiveUtils: Initializing HiveMetastoreConnection version 2.3.9 using Spark classes.
[2025-06-07T14:33:33.141+0000] {spark_submit.py:644} INFO - 25/06/07 14:33:33 INFO HiveClientImpl: Warehouse location for Hive client (version 2.3.9) is file:/tmp/spark-warehouse
[2025-06-07T14:33:33.168+0000] {spark_submit.py:644} INFO - 25/06/07 14:33:33 INFO metastore: Trying to connect to metastore with URI thrift://hive-metastore:9083
[2025-06-07T14:33:33.180+0000] {spark_submit.py:644} INFO - 25/06/07 14:33:33 INFO metastore: Opened a connection to metastore, current connections: 1
[2025-06-07T14:33:33.193+0000] {spark_submit.py:644} INFO - 25/06/07 14:33:33 INFO metastore: Connected to metastore.
[2025-06-07T14:33:33.549+0000] {spark_submit.py:644} INFO - 25/06/07 14:33:33 INFO StandaloneSchedulerBackend$StandaloneDriverEndpoint: Registered executor NettyRpcEndpointRef(spark-client://Executor) (172.19.0.7:43256) with ID 0,  ResourceProfileId 0
[2025-06-07T14:33:33.616+0000] {spark_submit.py:644} INFO - 25/06/07 14:33:33 INFO BlockManagerMasterEndpoint: Registering block manager 172.19.0.7:40049 with 1048.8 MiB RAM, BlockManagerId(0, 172.19.0.7, 40049, None)
[2025-06-07T14:33:33.704+0000] {spark_submit.py:644} INFO - Error in bronze to silver transformation: [TABLE_OR_VIEW_NOT_FOUND] The table or view `sc_stats_db`.`bronze_sc_stats` cannot be found. Verify the spelling and correctness of the schema and catalog.
[2025-06-07T14:33:33.704+0000] {spark_submit.py:644} INFO - If you did not qualify the name with a schema, verify the current_schema() output, or qualify the name with the correct schema and catalog.
[2025-06-07T14:33:33.704+0000] {spark_submit.py:644} INFO - To tolerate the error on drop use DROP VIEW IF EXISTS or DROP TABLE IF EXISTS.;
[2025-06-07T14:33:33.705+0000] {spark_submit.py:644} INFO - 'UnresolvedRelation [sc_stats_db, bronze_sc_stats], [], false
[2025-06-07T14:33:33.705+0000] {spark_submit.py:644} INFO - 
[2025-06-07T14:33:33.705+0000] {spark_submit.py:644} INFO - 25/06/07 14:33:33 INFO SparkContext: SparkContext is stopping with exitCode 0.
[2025-06-07T14:33:33.714+0000] {spark_submit.py:644} INFO - 25/06/07 14:33:33 INFO SparkUI: Stopped Spark web UI at http://5ebb95484de3:4040
[2025-06-07T14:33:33.721+0000] {spark_submit.py:644} INFO - 25/06/07 14:33:33 INFO StandaloneSchedulerBackend: Shutting down all executors
[2025-06-07T14:33:33.722+0000] {spark_submit.py:644} INFO - 25/06/07 14:33:33 INFO StandaloneSchedulerBackend$StandaloneDriverEndpoint: Asking each executor to shut down
[2025-06-07T14:33:33.734+0000] {spark_submit.py:644} INFO - 25/06/07 14:33:33 INFO MapOutputTrackerMasterEndpoint: MapOutputTrackerMasterEndpoint stopped!
[2025-06-07T14:33:33.778+0000] {spark_submit.py:644} INFO - 25/06/07 14:33:33 INFO MemoryStore: MemoryStore cleared
[2025-06-07T14:33:33.781+0000] {spark_submit.py:644} INFO - 25/06/07 14:33:33 INFO BlockManager: BlockManager stopped
[2025-06-07T14:33:33.786+0000] {spark_submit.py:644} INFO - 25/06/07 14:33:33 INFO BlockManagerMaster: BlockManagerMaster stopped
[2025-06-07T14:33:33.790+0000] {spark_submit.py:644} INFO - 25/06/07 14:33:33 INFO OutputCommitCoordinator$OutputCommitCoordinatorEndpoint: OutputCommitCoordinator stopped!
[2025-06-07T14:33:33.812+0000] {spark_submit.py:644} INFO - 25/06/07 14:33:33 ERROR TransportRequestHandler: Error sending result StreamResponse[streamId=/files/com.amazonaws_aws-java-sdk-bundle-1.12.262.jar,byteCount=280645251,body=FileSegmentManagedBuffer[file=/home/***/.ivy2/jars/com.amazonaws_aws-java-sdk-bundle-1.12.262.jar,offset=0,length=280645251]] to /172.19.0.7:43272; closing connection
[2025-06-07T14:33:33.812+0000] {spark_submit.py:644} INFO - io.netty.channel.StacklessClosedChannelException
[2025-06-07T14:33:33.814+0000] {spark_submit.py:644} INFO - at io.netty.channel.AbstractChannel.close(ChannelPromise)(Unknown Source)
[2025-06-07T14:33:33.831+0000] {spark_submit.py:644} INFO - 25/06/07 14:33:33 INFO SparkContext: Successfully stopped SparkContext
[2025-06-07T14:33:34.029+0000] {spark_submit.py:644} INFO - Traceback (most recent call last):
[2025-06-07T14:33:34.030+0000] {spark_submit.py:644} INFO - File "/opt/***/dags/bronze_to_silver_sc_stats_etl.py", line 58, in <module>
[2025-06-07T14:33:34.030+0000] {spark_submit.py:644} INFO - main()
[2025-06-07T14:33:34.031+0000] {spark_submit.py:644} INFO - ^^^^^^
[2025-06-07T14:33:34.031+0000] {spark_submit.py:644} INFO - File "/opt/***/dags/bronze_to_silver_sc_stats_etl.py", line 23, in main
[2025-06-07T14:33:34.032+0000] {spark_submit.py:644} INFO - bronze_df = spark.table("sc_stats_db.bronze_sc_stats")
[2025-06-07T14:33:34.035+0000] {spark_submit.py:644} INFO - ^^^^^^^^^^^^^^^^^^^^^^^^^^^^^^^^^^^^^^^^^^
[2025-06-07T14:33:34.035+0000] {spark_submit.py:644} INFO - File "/home/***/.local/lib/python3.11/site-packages/pyspark/python/lib/pyspark.zip/pyspark/sql/session.py", line 1667, in table
[2025-06-07T14:33:34.036+0000] {spark_submit.py:644} INFO - File "/home/***/.local/lib/python3.11/site-packages/pyspark/python/lib/py4j-0.10.9.7-src.zip/py4j/java_gateway.py", line 1322, in __call__
[2025-06-07T14:33:34.036+0000] {spark_submit.py:644} INFO - File "/home/***/.local/lib/python3.11/site-packages/pyspark/python/lib/pyspark.zip/pyspark/errors/exceptions/captured.py", line 185, in deco
[2025-06-07T14:33:34.039+0000] {spark_submit.py:644} INFO - pyspark.errors.exceptions.captured.AnalysisException: [TABLE_OR_VIEW_NOT_FOUND] The table or view `sc_stats_db`.`bronze_sc_stats` cannot be found. Verify the spelling and correctness of the schema and catalog.
[2025-06-07T14:33:34.039+0000] {spark_submit.py:644} INFO - If you did not qualify the name with a schema, verify the current_schema() output, or qualify the name with the correct schema and catalog.
[2025-06-07T14:33:34.039+0000] {spark_submit.py:644} INFO - To tolerate the error on drop use DROP VIEW IF EXISTS or DROP TABLE IF EXISTS.;
[2025-06-07T14:33:34.039+0000] {spark_submit.py:644} INFO - 'UnresolvedRelation [sc_stats_db, bronze_sc_stats], [], false
[2025-06-07T14:33:34.040+0000] {spark_submit.py:644} INFO - 
[2025-06-07T14:33:34.089+0000] {spark_submit.py:644} INFO - 25/06/07 14:33:34 INFO ShutdownHookManager: Shutdown hook called
[2025-06-07T14:33:34.089+0000] {spark_submit.py:644} INFO - 25/06/07 14:33:34 INFO ShutdownHookManager: Deleting directory /tmp/spark-cee26ff7-2136-4768-b83c-d232824a885d/pyspark-edccf817-3b7d-4d39-8f47-5a19c53b2438
[2025-06-07T14:33:34.093+0000] {spark_submit.py:644} INFO - 25/06/07 14:33:34 INFO ShutdownHookManager: Deleting directory /tmp/spark-cee26ff7-2136-4768-b83c-d232824a885d
[2025-06-07T14:33:34.096+0000] {spark_submit.py:644} INFO - 25/06/07 14:33:34 INFO ShutdownHookManager: Deleting directory /tmp/spark-0fc22975-ffa8-409a-be5c-7ce25f7558e4
[2025-06-07T14:33:34.134+0000] {taskinstance.py:3311} ERROR - Task failed with exception
Traceback (most recent call last):
  File "/home/airflow/.local/lib/python3.11/site-packages/airflow/models/taskinstance.py", line 767, in _execute_task
    result = _execute_callable(context=context, **execute_callable_kwargs)
             ^^^^^^^^^^^^^^^^^^^^^^^^^^^^^^^^^^^^^^^^^^^^^^^^^^^^^^^^^^^^^
  File "/home/airflow/.local/lib/python3.11/site-packages/airflow/models/taskinstance.py", line 733, in _execute_callable
    return ExecutionCallableRunner(
           ^^^^^^^^^^^^^^^^^^^^^^^^
  File "/home/airflow/.local/lib/python3.11/site-packages/airflow/utils/operator_helpers.py", line 252, in run
    return self.func(*args, **kwargs)
           ^^^^^^^^^^^^^^^^^^^^^^^^^^
  File "/home/airflow/.local/lib/python3.11/site-packages/airflow/models/baseoperator.py", line 417, in wrapper
    return func(self, *args, **kwargs)
           ^^^^^^^^^^^^^^^^^^^^^^^^^^^
  File "/home/airflow/.local/lib/python3.11/site-packages/airflow/providers/apache/spark/operators/spark_submit.py", line 197, in execute
    self._hook.submit(self.application)
  File "/home/airflow/.local/lib/python3.11/site-packages/airflow/providers/apache/spark/hooks/spark_submit.py", line 566, in submit
    raise AirflowException(
airflow.exceptions.AirflowException: Cannot execute: spark-submit --master spark://spark-master:7077 --conf spark.executor.memory=2g --conf spark.sql.extensions=io.delta.sql.DeltaSparkSessionExtension --conf spark.sql.catalog.spark_catalog=org.apache.spark.sql.delta.catalog.DeltaCatalog --conf spark.hadoop.fs.s3a.endpoint=http://minio:9000 --conf spark.hadoop.fs.s3a.access.key=minioadmin --conf spark.hadoop.fs.s3a.secret.key=****** --conf spark.hadoop.fs.s3a.path.style.access=true --conf spark.hadoop.fs.s3a.impl=org.apache.hadoop.fs.s3a.S3AFileSystem --conf spark.hadoop.fs.s3a.aws.credentials.provider=org.apache.hadoop.fs.s3a.SimpleAWSCredentialsProvider --packages org.apache.hadoop:hadoop-aws:3.3.4,com.amazonaws:aws-java-sdk-bundle:1.12.262,io.delta:delta-spark_2.12:3.1.0 --name arrow-spark --queue root.default --deploy-mode client dags/bronze_to_silver_sc_stats_etl.py --output_path s3a://mybucket/sc_stats_db.db/bronze. Error code is: 1.
[2025-06-07T14:33:34.137+0000] {taskinstance.py:1225} INFO - Marking task as FAILED. dag_id=stephen_curry_stats_medallion_etl, task_id=bronze_to_silver, run_id=manual__2025-06-07T14:33:27.839147+00:00, execution_date=20250607T143327, start_date=20250607T143329, end_date=20250607T143334
[2025-06-07T14:33:34.145+0000] {taskinstance.py:340} INFO - ::group::Post task execution logs
[2025-06-07T14:33:34.145+0000] {standard_task_runner.py:124} ERROR - Failed to execute job 109 for task bronze_to_silver (Cannot execute: spark-submit --master spark://spark-master:7077 --conf spark.executor.memory=2g --conf spark.sql.extensions=io.delta.sql.DeltaSparkSessionExtension --conf spark.sql.catalog.spark_catalog=org.apache.spark.sql.delta.catalog.DeltaCatalog --conf spark.hadoop.fs.s3a.endpoint=http://minio:9000 --conf spark.hadoop.fs.s3a.access.key=minioadmin --conf spark.hadoop.fs.s3a.secret.key=****** --conf spark.hadoop.fs.s3a.path.style.access=true --conf spark.hadoop.fs.s3a.impl=org.apache.hadoop.fs.s3a.S3AFileSystem --conf spark.hadoop.fs.s3a.aws.credentials.provider=org.apache.hadoop.fs.s3a.SimpleAWSCredentialsProvider --packages org.apache.hadoop:hadoop-aws:3.3.4,com.amazonaws:aws-java-sdk-bundle:1.12.262,io.delta:delta-spark_2.12:3.1.0 --name arrow-spark --queue root.default --deploy-mode client dags/bronze_to_silver_sc_stats_etl.py --output_path s3a://mybucket/sc_stats_db.db/bronze. Error code is: 1.; 6543)
Traceback (most recent call last):
  File "/home/airflow/.local/lib/python3.11/site-packages/airflow/task/task_runner/standard_task_runner.py", line 117, in _start_by_fork
    ret = args.func(args, dag=self.dag)
          ^^^^^^^^^^^^^^^^^^^^^^^^^^^^^
  File "/home/airflow/.local/lib/python3.11/site-packages/airflow/cli/cli_config.py", line 49, in command
    return func(*args, **kwargs)
           ^^^^^^^^^^^^^^^^^^^^^
  File "/home/airflow/.local/lib/python3.11/site-packages/airflow/utils/cli.py", line 116, in wrapper
    return f(*args, **kwargs)
           ^^^^^^^^^^^^^^^^^^
  File "/home/airflow/.local/lib/python3.11/site-packages/airflow/cli/commands/task_command.py", line 483, in task_run
    task_return_code = _run_task_by_selected_method(args, _dag, ti)
                       ^^^^^^^^^^^^^^^^^^^^^^^^^^^^^^^^^^^^^^^^^^^^
  File "/home/airflow/.local/lib/python3.11/site-packages/airflow/cli/commands/task_command.py", line 256, in _run_task_by_selected_method
    return _run_raw_task(args, ti)
           ^^^^^^^^^^^^^^^^^^^^^^^
  File "/home/airflow/.local/lib/python3.11/site-packages/airflow/cli/commands/task_command.py", line 341, in _run_raw_task
    return ti._run_raw_task(
           ^^^^^^^^^^^^^^^^^
  File "/home/airflow/.local/lib/python3.11/site-packages/airflow/utils/session.py", line 97, in wrapper
    return func(*args, session=session, **kwargs)
           ^^^^^^^^^^^^^^^^^^^^^^^^^^^^^^^^^^^^^^
  File "/home/airflow/.local/lib/python3.11/site-packages/airflow/models/taskinstance.py", line 3005, in _run_raw_task
    return _run_raw_task(
           ^^^^^^^^^^^^^^
  File "/home/airflow/.local/lib/python3.11/site-packages/airflow/models/taskinstance.py", line 273, in _run_raw_task
    TaskInstance._execute_task_with_callbacks(
  File "/home/airflow/.local/lib/python3.11/site-packages/airflow/models/taskinstance.py", line 3159, in _execute_task_with_callbacks
    result = self._execute_task(context, task_orig)
             ^^^^^^^^^^^^^^^^^^^^^^^^^^^^^^^^^^^^^^
  File "/home/airflow/.local/lib/python3.11/site-packages/airflow/models/taskinstance.py", line 3183, in _execute_task
    return _execute_task(self, context, task_orig)
           ^^^^^^^^^^^^^^^^^^^^^^^^^^^^^^^^^^^^^^^
  File "/home/airflow/.local/lib/python3.11/site-packages/airflow/models/taskinstance.py", line 767, in _execute_task
    result = _execute_callable(context=context, **execute_callable_kwargs)
             ^^^^^^^^^^^^^^^^^^^^^^^^^^^^^^^^^^^^^^^^^^^^^^^^^^^^^^^^^^^^^
  File "/home/airflow/.local/lib/python3.11/site-packages/airflow/models/taskinstance.py", line 733, in _execute_callable
    return ExecutionCallableRunner(
           ^^^^^^^^^^^^^^^^^^^^^^^^
  File "/home/airflow/.local/lib/python3.11/site-packages/airflow/utils/operator_helpers.py", line 252, in run
    return self.func(*args, **kwargs)
           ^^^^^^^^^^^^^^^^^^^^^^^^^^
  File "/home/airflow/.local/lib/python3.11/site-packages/airflow/models/baseoperator.py", line 417, in wrapper
    return func(self, *args, **kwargs)
           ^^^^^^^^^^^^^^^^^^^^^^^^^^^
  File "/home/airflow/.local/lib/python3.11/site-packages/airflow/providers/apache/spark/operators/spark_submit.py", line 197, in execute
    self._hook.submit(self.application)
  File "/home/airflow/.local/lib/python3.11/site-packages/airflow/providers/apache/spark/hooks/spark_submit.py", line 566, in submit
    raise AirflowException(
airflow.exceptions.AirflowException: Cannot execute: spark-submit --master spark://spark-master:7077 --conf spark.executor.memory=2g --conf spark.sql.extensions=io.delta.sql.DeltaSparkSessionExtension --conf spark.sql.catalog.spark_catalog=org.apache.spark.sql.delta.catalog.DeltaCatalog --conf spark.hadoop.fs.s3a.endpoint=http://minio:9000 --conf spark.hadoop.fs.s3a.access.key=minioadmin --conf spark.hadoop.fs.s3a.secret.key=****** --conf spark.hadoop.fs.s3a.path.style.access=true --conf spark.hadoop.fs.s3a.impl=org.apache.hadoop.fs.s3a.S3AFileSystem --conf spark.hadoop.fs.s3a.aws.credentials.provider=org.apache.hadoop.fs.s3a.SimpleAWSCredentialsProvider --packages org.apache.hadoop:hadoop-aws:3.3.4,com.amazonaws:aws-java-sdk-bundle:1.12.262,io.delta:delta-spark_2.12:3.1.0 --name arrow-spark --queue root.default --deploy-mode client dags/bronze_to_silver_sc_stats_etl.py --output_path s3a://mybucket/sc_stats_db.db/bronze. Error code is: 1.
[2025-06-07T14:33:34.154+0000] {local_task_job_runner.py:266} INFO - Task exited with return code 1
[2025-06-07T14:33:34.168+0000] {taskinstance.py:3895} INFO - 0 downstream tasks scheduled from follow-on schedule check
[2025-06-07T14:33:34.170+0000] {local_task_job_runner.py:245} INFO - ::endgroup::
