[2025-06-03T03:51:24.825+0000] {local_task_job_runner.py:123} INFO - ::group::Pre task execution logs
[2025-06-03T03:51:24.836+0000] {taskinstance.py:2613} INFO - Dependencies all met for dep_context=non-requeueable deps ti=<TaskInstance: curry_medallion_etl.submit_bronze_etl_job manual__2025-06-03T03:51:23.781894+00:00 [queued]>
[2025-06-03T03:51:24.839+0000] {taskinstance.py:2613} INFO - Dependencies all met for dep_context=requeueable deps ti=<TaskInstance: curry_medallion_etl.submit_bronze_etl_job manual__2025-06-03T03:51:23.781894+00:00 [queued]>
[2025-06-03T03:51:24.839+0000] {taskinstance.py:2866} INFO - Starting attempt 1 of 1
[2025-06-03T03:51:24.844+0000] {taskinstance.py:2889} INFO - Executing <Task(SparkSubmitOperator): submit_bronze_etl_job> on 2025-06-03 03:51:23.781894+00:00
[2025-06-03T03:51:24.847+0000] {standard_task_runner.py:72} INFO - Started process 3332 to run task
[2025-06-03T03:51:24.849+0000] {standard_task_runner.py:104} INFO - Running: ['***', 'tasks', 'run', 'curry_medallion_etl', 'submit_bronze_etl_job', 'manual__2025-06-03T03:51:23.781894+00:00', '--job-id', '30', '--raw', '--subdir', 'DAGS_FOLDER/medallion_sales_etl_dag.py', '--cfg-path', '/tmp/tmpuqartyzd']
[2025-06-03T03:51:24.850+0000] {standard_task_runner.py:105} INFO - Job 30: Subtask submit_bronze_etl_job
[2025-06-03T03:51:24.880+0000] {task_command.py:467} INFO - Running <TaskInstance: curry_medallion_etl.submit_bronze_etl_job manual__2025-06-03T03:51:23.781894+00:00 [running]> on host 083f94398a74
[2025-06-03T03:51:24.934+0000] {taskinstance.py:3132} INFO - Exporting env vars: AIRFLOW_CTX_DAG_OWNER='qdinh18' AIRFLOW_CTX_DAG_ID='curry_medallion_etl' AIRFLOW_CTX_TASK_ID='submit_bronze_etl_job' AIRFLOW_CTX_EXECUTION_DATE='2025-06-03T03:51:23.781894+00:00' AIRFLOW_CTX_TRY_NUMBER='1' AIRFLOW_CTX_DAG_RUN_ID='manual__2025-06-03T03:51:23.781894+00:00'
[2025-06-03T03:51:24.934+0000] {taskinstance.py:731} INFO - ::endgroup::
[2025-06-03T03:51:24.952+0000] {base.py:84} INFO - Retrieving connection 'spark_default'
[2025-06-03T03:51:24.953+0000] {spark_submit.py:474} INFO - Spark-Submit cmd: spark-submit --master spark://spark-master:7077 --conf spark.executor.memory=2g --conf spark.sql.extensions=io.delta.sql.DeltaSparkSessionExtension --conf spark.sql.catalog.spark_catalog=org.apache.spark.sql.delta.catalog.DeltaCatalog --conf spark.hadoop.fs.s3a.endpoint=http://minio:9000 --conf spark.hadoop.fs.s3a.access.key=minioadmin --conf spark.hadoop.fs.s3a.secret.key=****** --conf spark.hadoop.fs.s3a.path.style.access=true --conf spark.hadoop.fs.s3a.impl=org.apache.hadoop.fs.s3a.S3AFileSystem --packages org.apache.hadoop:hadoop-aws:3.3.4,com.amazonaws:aws-java-sdk-bundle:1.12.262,io.delta:delta-spark_2.12:3.1.0 --name bronze_sc_stats_etl --verbose --queue root.default --deploy-mode client /opt/***/dags/bronze_ingestion_sc_stats_etl.py --output_path s3a://mybucket/bronze/curry_raw_data/
[2025-06-03T03:51:25.682+0000] {spark_submit.py:644} INFO - Using properties file: null
[2025-06-03T03:51:25.740+0000] {spark_submit.py:644} INFO - Parsed arguments:
[2025-06-03T03:51:25.740+0000] {spark_submit.py:644} INFO - master                  spark://spark-master:7077
[2025-06-03T03:51:25.741+0000] {spark_submit.py:644} INFO - remote                  null
[2025-06-03T03:51:25.741+0000] {spark_submit.py:644} INFO - deployMode              client
[2025-06-03T03:51:25.741+0000] {spark_submit.py:644} INFO - executorMemory          2g
[2025-06-03T03:51:25.741+0000] {spark_submit.py:644} INFO - executorCores           null
[2025-06-03T03:51:25.741+0000] {spark_submit.py:644} INFO - totalExecutorCores      null
[2025-06-03T03:51:25.741+0000] {spark_submit.py:644} INFO - propertiesFile          null
[2025-06-03T03:51:25.741+0000] {spark_submit.py:644} INFO - driverMemory            null
[2025-06-03T03:51:25.741+0000] {spark_submit.py:644} INFO - driverCores             null
[2025-06-03T03:51:25.741+0000] {spark_submit.py:644} INFO - driverExtraClassPath    null
[2025-06-03T03:51:25.741+0000] {spark_submit.py:644} INFO - driverExtraLibraryPath  null
[2025-06-03T03:51:25.742+0000] {spark_submit.py:644} INFO - driverExtraJavaOptions  null
[2025-06-03T03:51:25.742+0000] {spark_submit.py:644} INFO - supervise               false
[2025-06-03T03:51:25.742+0000] {spark_submit.py:644} INFO - queue                   root.default
[2025-06-03T03:51:25.742+0000] {spark_submit.py:644} INFO - numExecutors            null
[2025-06-03T03:51:25.742+0000] {spark_submit.py:644} INFO - files                   null
[2025-06-03T03:51:25.742+0000] {spark_submit.py:644} INFO - pyFiles                 null
[2025-06-03T03:51:25.742+0000] {spark_submit.py:644} INFO - archives                null
[2025-06-03T03:51:25.743+0000] {spark_submit.py:644} INFO - mainClass               null
[2025-06-03T03:51:25.743+0000] {spark_submit.py:644} INFO - primaryResource         file:/opt/***/dags/bronze_ingestion_sc_stats_etl.py
[2025-06-03T03:51:25.743+0000] {spark_submit.py:644} INFO - name                    bronze_sc_stats_etl
[2025-06-03T03:51:25.743+0000] {spark_submit.py:644} INFO - childArgs               [--output_path s3a://mybucket/bronze/curry_raw_data/]
[2025-06-03T03:51:25.743+0000] {spark_submit.py:644} INFO - jars                    null
[2025-06-03T03:51:25.743+0000] {spark_submit.py:644} INFO - packages                org.apache.hadoop:hadoop-aws:3.3.4,com.amazonaws:aws-java-sdk-bundle:1.12.262,io.delta:delta-spark_2.12:3.1.0
[2025-06-03T03:51:25.743+0000] {spark_submit.py:644} INFO - packagesExclusions      null
[2025-06-03T03:51:25.743+0000] {spark_submit.py:644} INFO - repositories            null
[2025-06-03T03:51:25.744+0000] {spark_submit.py:644} INFO - verbose                 true
[2025-06-03T03:51:25.744+0000] {spark_submit.py:644} INFO - 
[2025-06-03T03:51:25.744+0000] {spark_submit.py:644} INFO - Spark properties used, including those specified through
[2025-06-03T03:51:25.744+0000] {spark_submit.py:644} INFO - --conf and those from the properties file null:
[2025-06-03T03:51:25.744+0000] {spark_submit.py:644} INFO - (spark.executor.memory,2g)
[2025-06-03T03:51:25.744+0000] {spark_submit.py:644} INFO - (spark.hadoop.fs.s3a.access.key,*********(redacted))
[2025-06-03T03:51:25.744+0000] {spark_submit.py:644} INFO - (spark.hadoop.fs.s3a.endpoint,http://minio:9000)
[2025-06-03T03:51:25.744+0000] {spark_submit.py:644} INFO - (spark.hadoop.fs.s3a.impl,org.apache.hadoop.fs.s3a.S3AFileSystem)
[2025-06-03T03:51:25.744+0000] {spark_submit.py:644} INFO - (spark.hadoop.fs.s3a.path.style.access,true)
[2025-06-03T03:51:25.745+0000] {spark_submit.py:644} INFO - (spark.hadoop.fs.s3a.secret.key,*********(redacted))
[2025-06-03T03:51:25.745+0000] {spark_submit.py:644} INFO - (spark.sql.catalog.spark_catalog,org.apache.spark.sql.delta.catalog.DeltaCatalog)
[2025-06-03T03:51:25.745+0000] {spark_submit.py:644} INFO - (spark.sql.extensions,io.delta.sql.DeltaSparkSessionExtension)
[2025-06-03T03:51:25.745+0000] {spark_submit.py:644} INFO - 
[2025-06-03T03:51:25.745+0000] {spark_submit.py:644} INFO - 
[2025-06-03T03:51:25.810+0000] {spark_submit.py:644} INFO - :: loading settings :: url = jar:file:/home/***/.local/lib/python3.11/site-packages/pyspark/jars/ivy-2.5.1.jar!/org/apache/ivy/core/settings/ivysettings.xml
[2025-06-03T03:51:25.849+0000] {spark_submit.py:644} INFO - Ivy Default Cache set to: /home/***/.ivy2/cache
[2025-06-03T03:51:25.850+0000] {spark_submit.py:644} INFO - The jars for the packages stored in: /home/***/.ivy2/jars
[2025-06-03T03:51:25.852+0000] {spark_submit.py:644} INFO - org.apache.hadoop#hadoop-aws added as a dependency
[2025-06-03T03:51:25.852+0000] {spark_submit.py:644} INFO - com.amazonaws#aws-java-sdk-bundle added as a dependency
[2025-06-03T03:51:25.852+0000] {spark_submit.py:644} INFO - io.delta#delta-spark_2.12 added as a dependency
[2025-06-03T03:51:25.852+0000] {spark_submit.py:644} INFO - :: resolving dependencies :: org.apache.spark#spark-submit-parent-8565d5a5-a741-4f32-a5c3-87724e8f6f9b;1.0
[2025-06-03T03:51:25.852+0000] {spark_submit.py:644} INFO - confs: [default]
[2025-06-03T03:51:25.934+0000] {spark_submit.py:644} INFO - found org.apache.hadoop#hadoop-aws;3.3.4 in central
[2025-06-03T03:51:25.945+0000] {spark_submit.py:644} INFO - found com.amazonaws#aws-java-sdk-bundle;1.12.262 in central
[2025-06-03T03:51:25.957+0000] {spark_submit.py:644} INFO - found org.wildfly.openssl#wildfly-openssl;1.0.7.Final in central
[2025-06-03T03:51:25.966+0000] {spark_submit.py:644} INFO - found io.delta#delta-spark_2.12;3.1.0 in central
[2025-06-03T03:51:25.976+0000] {spark_submit.py:644} INFO - found io.delta#delta-storage;3.1.0 in central
[2025-06-03T03:51:25.983+0000] {spark_submit.py:644} INFO - found org.antlr#antlr4-runtime;4.9.3 in central
[2025-06-03T03:51:25.994+0000] {spark_submit.py:644} INFO - :: resolution report :: resolve 137ms :: artifacts dl 5ms
[2025-06-03T03:51:25.995+0000] {spark_submit.py:644} INFO - :: modules in use:
[2025-06-03T03:51:25.995+0000] {spark_submit.py:644} INFO - com.amazonaws#aws-java-sdk-bundle;1.12.262 from central in [default]
[2025-06-03T03:51:25.995+0000] {spark_submit.py:644} INFO - io.delta#delta-spark_2.12;3.1.0 from central in [default]
[2025-06-03T03:51:25.995+0000] {spark_submit.py:644} INFO - io.delta#delta-storage;3.1.0 from central in [default]
[2025-06-03T03:51:25.995+0000] {spark_submit.py:644} INFO - org.antlr#antlr4-runtime;4.9.3 from central in [default]
[2025-06-03T03:51:25.995+0000] {spark_submit.py:644} INFO - org.apache.hadoop#hadoop-aws;3.3.4 from central in [default]
[2025-06-03T03:51:25.995+0000] {spark_submit.py:644} INFO - org.wildfly.openssl#wildfly-openssl;1.0.7.Final from central in [default]
[2025-06-03T03:51:25.996+0000] {spark_submit.py:644} INFO - ---------------------------------------------------------------------
[2025-06-03T03:51:25.996+0000] {spark_submit.py:644} INFO - |                  |            modules            ||   artifacts   |
[2025-06-03T03:51:25.996+0000] {spark_submit.py:644} INFO - |       conf       | number| search|dwnlded|evicted|| number|dwnlded|
[2025-06-03T03:51:25.996+0000] {spark_submit.py:644} INFO - ---------------------------------------------------------------------
[2025-06-03T03:51:25.996+0000] {spark_submit.py:644} INFO - |      default     |   6   |   0   |   0   |   0   ||   6   |   0   |
[2025-06-03T03:51:25.996+0000] {spark_submit.py:644} INFO - ---------------------------------------------------------------------
[2025-06-03T03:51:25.998+0000] {spark_submit.py:644} INFO - :: retrieving :: org.apache.spark#spark-submit-parent-8565d5a5-a741-4f32-a5c3-87724e8f6f9b
[2025-06-03T03:51:25.998+0000] {spark_submit.py:644} INFO - confs: [default]
[2025-06-03T03:51:26.001+0000] {spark_submit.py:644} INFO - 0 artifacts copied, 6 already retrieved (0kB/3ms)
[2025-06-03T03:51:26.104+0000] {spark_submit.py:644} INFO - 25/06/03 03:51:26 WARN NativeCodeLoader: Unable to load native-hadoop library for your platform... using builtin-java classes where applicable
[2025-06-03T03:51:26.208+0000] {spark_submit.py:644} INFO - Main class:
[2025-06-03T03:51:26.209+0000] {spark_submit.py:644} INFO - org.apache.spark.deploy.PythonRunner
[2025-06-03T03:51:26.209+0000] {spark_submit.py:644} INFO - Arguments:
[2025-06-03T03:51:26.209+0000] {spark_submit.py:644} INFO - file:/opt/***/dags/bronze_ingestion_sc_stats_etl.py
[2025-06-03T03:51:26.209+0000] {spark_submit.py:644} INFO - file:///home/***/.ivy2/jars/org.apache.hadoop_hadoop-aws-3.3.4.jar,file:///home/***/.ivy2/jars/com.amazonaws_aws-java-sdk-bundle-1.12.262.jar,file:///home/***/.ivy2/jars/io.delta_delta-spark_2.12-3.1.0.jar,file:///home/***/.ivy2/jars/org.wildfly.openssl_wildfly-openssl-1.0.7.Final.jar,file:///home/***/.ivy2/jars/io.delta_delta-storage-3.1.0.jar,file:///home/***/.ivy2/jars/org.antlr_antlr4-runtime-4.9.3.jar
[2025-06-03T03:51:26.209+0000] {spark_submit.py:644} INFO - --output_path
[2025-06-03T03:51:26.210+0000] {spark_submit.py:644} INFO - s3a://mybucket/bronze/curry_raw_data/
[2025-06-03T03:51:26.210+0000] {spark_submit.py:644} INFO - Spark config:
[2025-06-03T03:51:26.210+0000] {spark_submit.py:644} INFO - (spark.app.name,bronze_sc_stats_etl)
[2025-06-03T03:51:26.210+0000] {spark_submit.py:644} INFO - (spark.app.submitTime,1748922686200)
[2025-06-03T03:51:26.210+0000] {spark_submit.py:644} INFO - (spark.executor.memory,2g)
[2025-06-03T03:51:26.211+0000] {spark_submit.py:644} INFO - (spark.files,file:///home/***/.ivy2/jars/org.apache.hadoop_hadoop-aws-3.3.4.jar,file:///home/***/.ivy2/jars/com.amazonaws_aws-java-sdk-bundle-1.12.262.jar,file:///home/***/.ivy2/jars/io.delta_delta-spark_2.12-3.1.0.jar,file:///home/***/.ivy2/jars/org.wildfly.openssl_wildfly-openssl-1.0.7.Final.jar,file:///home/***/.ivy2/jars/io.delta_delta-storage-3.1.0.jar,file:///home/***/.ivy2/jars/org.antlr_antlr4-runtime-4.9.3.jar)
[2025-06-03T03:51:26.211+0000] {spark_submit.py:644} INFO - (spark.hadoop.fs.s3a.access.key,*********(redacted))
[2025-06-03T03:51:26.211+0000] {spark_submit.py:644} INFO - (spark.hadoop.fs.s3a.endpoint,http://minio:9000)
[2025-06-03T03:51:26.211+0000] {spark_submit.py:644} INFO - (spark.hadoop.fs.s3a.impl,org.apache.hadoop.fs.s3a.S3AFileSystem)
[2025-06-03T03:51:26.211+0000] {spark_submit.py:644} INFO - (spark.hadoop.fs.s3a.path.style.access,true)
[2025-06-03T03:51:26.211+0000] {spark_submit.py:644} INFO - (spark.hadoop.fs.s3a.secret.key,*********(redacted))
[2025-06-03T03:51:26.212+0000] {spark_submit.py:644} INFO - (spark.jars,file:///home/***/.ivy2/jars/org.apache.hadoop_hadoop-aws-3.3.4.jar,file:///home/***/.ivy2/jars/com.amazonaws_aws-java-sdk-bundle-1.12.262.jar,file:///home/***/.ivy2/jars/io.delta_delta-spark_2.12-3.1.0.jar,file:///home/***/.ivy2/jars/org.wildfly.openssl_wildfly-openssl-1.0.7.Final.jar,file:///home/***/.ivy2/jars/io.delta_delta-storage-3.1.0.jar,file:///home/***/.ivy2/jars/org.antlr_antlr4-runtime-4.9.3.jar)
[2025-06-03T03:51:26.212+0000] {spark_submit.py:644} INFO - (spark.master,spark://spark-master:7077)
[2025-06-03T03:51:26.212+0000] {spark_submit.py:644} INFO - (spark.repl.local.jars,file:///home/***/.ivy2/jars/org.apache.hadoop_hadoop-aws-3.3.4.jar,file:///home/***/.ivy2/jars/com.amazonaws_aws-java-sdk-bundle-1.12.262.jar,file:///home/***/.ivy2/jars/io.delta_delta-spark_2.12-3.1.0.jar,file:///home/***/.ivy2/jars/org.wildfly.openssl_wildfly-openssl-1.0.7.Final.jar,file:///home/***/.ivy2/jars/io.delta_delta-storage-3.1.0.jar,file:///home/***/.ivy2/jars/org.antlr_antlr4-runtime-4.9.3.jar)
[2025-06-03T03:51:26.212+0000] {spark_submit.py:644} INFO - (spark.sql.catalog.spark_catalog,org.apache.spark.sql.delta.catalog.DeltaCatalog)
[2025-06-03T03:51:26.212+0000] {spark_submit.py:644} INFO - (spark.sql.extensions,io.delta.sql.DeltaSparkSessionExtension)
[2025-06-03T03:51:26.213+0000] {spark_submit.py:644} INFO - (spark.submit.deployMode,client)
[2025-06-03T03:51:26.213+0000] {spark_submit.py:644} INFO - (spark.submit.pyFiles,/home/***/.ivy2/jars/org.apache.hadoop_hadoop-aws-3.3.4.jar,/home/***/.ivy2/jars/com.amazonaws_aws-java-sdk-bundle-1.12.262.jar,/home/***/.ivy2/jars/io.delta_delta-spark_2.12-3.1.0.jar,/home/***/.ivy2/jars/org.wildfly.openssl_wildfly-openssl-1.0.7.Final.jar,/home/***/.ivy2/jars/io.delta_delta-storage-3.1.0.jar,/home/***/.ivy2/jars/org.antlr_antlr4-runtime-4.9.3.jar)
[2025-06-03T03:51:26.213+0000] {spark_submit.py:644} INFO - Classpath elements:
[2025-06-03T03:51:26.213+0000] {spark_submit.py:644} INFO - file:///home/***/.ivy2/jars/org.apache.hadoop_hadoop-aws-3.3.4.jar
[2025-06-03T03:51:26.213+0000] {spark_submit.py:644} INFO - file:///home/***/.ivy2/jars/com.amazonaws_aws-java-sdk-bundle-1.12.262.jar
[2025-06-03T03:51:26.213+0000] {spark_submit.py:644} INFO - file:///home/***/.ivy2/jars/io.delta_delta-spark_2.12-3.1.0.jar
[2025-06-03T03:51:26.214+0000] {spark_submit.py:644} INFO - file:///home/***/.ivy2/jars/org.wildfly.openssl_wildfly-openssl-1.0.7.Final.jar
[2025-06-03T03:51:26.214+0000] {spark_submit.py:644} INFO - file:///home/***/.ivy2/jars/io.delta_delta-storage-3.1.0.jar
[2025-06-03T03:51:26.214+0000] {spark_submit.py:644} INFO - file:///home/***/.ivy2/jars/org.antlr_antlr4-runtime-4.9.3.jar
[2025-06-03T03:51:26.214+0000] {spark_submit.py:644} INFO - 
[2025-06-03T03:51:26.214+0000] {spark_submit.py:644} INFO - 
[2025-06-03T03:51:26.872+0000] {spark_submit.py:644} INFO - 25/06/03 03:51:26 INFO SparkContext: Running Spark version 3.5.2
[2025-06-03T03:51:26.873+0000] {spark_submit.py:644} INFO - 25/06/03 03:51:26 INFO SparkContext: OS info Linux, 6.10.14-linuxkit, aarch64
[2025-06-03T03:51:26.873+0000] {spark_submit.py:644} INFO - 25/06/03 03:51:26 INFO SparkContext: Java version 17.0.15
[2025-06-03T03:51:26.888+0000] {spark_submit.py:644} INFO - 25/06/03 03:51:26 INFO ResourceUtils: ==============================================================
[2025-06-03T03:51:26.889+0000] {spark_submit.py:644} INFO - 25/06/03 03:51:26 INFO ResourceUtils: No custom resources configured for spark.driver.
[2025-06-03T03:51:26.889+0000] {spark_submit.py:644} INFO - 25/06/03 03:51:26 INFO ResourceUtils: ==============================================================
[2025-06-03T03:51:26.889+0000] {spark_submit.py:644} INFO - 25/06/03 03:51:26 INFO SparkContext: Submitted application: BronzeIngestionStephenCurryStats
[2025-06-03T03:51:26.903+0000] {spark_submit.py:644} INFO - 25/06/03 03:51:26 INFO ResourceProfile: Default ResourceProfile created, executor resources: Map(memory -> name: memory, amount: 2048, script: , vendor: , offHeap -> name: offHeap, amount: 0, script: , vendor: ), task resources: Map(cpus -> name: cpus, amount: 1.0)
[2025-06-03T03:51:26.908+0000] {spark_submit.py:644} INFO - 25/06/03 03:51:26 INFO ResourceProfile: Limiting resource is cpu
[2025-06-03T03:51:26.909+0000] {spark_submit.py:644} INFO - 25/06/03 03:51:26 INFO ResourceProfileManager: Added ResourceProfile id: 0
[2025-06-03T03:51:26.961+0000] {spark_submit.py:644} INFO - 25/06/03 03:51:26 INFO SecurityManager: Changing view acls to: ***
[2025-06-03T03:51:26.961+0000] {spark_submit.py:644} INFO - 25/06/03 03:51:26 INFO SecurityManager: Changing modify acls to: ***
[2025-06-03T03:51:26.962+0000] {spark_submit.py:644} INFO - 25/06/03 03:51:26 INFO SecurityManager: Changing view acls groups to:
[2025-06-03T03:51:26.962+0000] {spark_submit.py:644} INFO - 25/06/03 03:51:26 INFO SecurityManager: Changing modify acls groups to:
[2025-06-03T03:51:26.962+0000] {spark_submit.py:644} INFO - 25/06/03 03:51:26 INFO SecurityManager: SecurityManager: authentication disabled; ui acls disabled; users with view permissions: ***; groups with view permissions: EMPTY; users with modify permissions: ***; groups with modify permissions: EMPTY
[2025-06-03T03:51:27.092+0000] {spark_submit.py:644} INFO - 25/06/03 03:51:27 INFO Utils: Successfully started service 'sparkDriver' on port 37681.
[2025-06-03T03:51:27.117+0000] {spark_submit.py:644} INFO - 25/06/03 03:51:27 INFO SparkEnv: Registering MapOutputTracker
[2025-06-03T03:51:27.145+0000] {spark_submit.py:644} INFO - 25/06/03 03:51:27 INFO SparkEnv: Registering BlockManagerMaster
[2025-06-03T03:51:27.156+0000] {spark_submit.py:644} INFO - 25/06/03 03:51:27 INFO BlockManagerMasterEndpoint: Using org.apache.spark.storage.DefaultTopologyMapper for getting topology information
[2025-06-03T03:51:27.157+0000] {spark_submit.py:644} INFO - 25/06/03 03:51:27 INFO BlockManagerMasterEndpoint: BlockManagerMasterEndpoint up
[2025-06-03T03:51:27.158+0000] {spark_submit.py:644} INFO - 25/06/03 03:51:27 INFO SparkEnv: Registering BlockManagerMasterHeartbeat
[2025-06-03T03:51:27.173+0000] {spark_submit.py:644} INFO - 25/06/03 03:51:27 INFO DiskBlockManager: Created local directory at /tmp/blockmgr-1ba8cdd3-5f72-4cc4-a482-3eadcd7734c6
[2025-06-03T03:51:27.181+0000] {spark_submit.py:644} INFO - 25/06/03 03:51:27 INFO MemoryStore: MemoryStore started with capacity 434.4 MiB
[2025-06-03T03:51:27.190+0000] {spark_submit.py:644} INFO - 25/06/03 03:51:27 INFO SparkEnv: Registering OutputCommitCoordinator
[2025-06-03T03:51:27.264+0000] {spark_submit.py:644} INFO - 25/06/03 03:51:27 INFO JettyUtils: Start Jetty 0.0.0.0:4040 for SparkUI
[2025-06-03T03:51:27.297+0000] {spark_submit.py:644} INFO - 25/06/03 03:51:27 INFO Utils: Successfully started service 'SparkUI' on port 4040.
[2025-06-03T03:51:27.318+0000] {spark_submit.py:644} INFO - 25/06/03 03:51:27 INFO SparkContext: Added JAR file:///home/***/.ivy2/jars/org.apache.hadoop_hadoop-aws-3.3.4.jar at spark://083f94398a74:37681/jars/org.apache.hadoop_hadoop-aws-3.3.4.jar with timestamp 1748922686868
[2025-06-03T03:51:27.318+0000] {spark_submit.py:644} INFO - 25/06/03 03:51:27 INFO SparkContext: Added JAR file:///home/***/.ivy2/jars/com.amazonaws_aws-java-sdk-bundle-1.12.262.jar at spark://083f94398a74:37681/jars/com.amazonaws_aws-java-sdk-bundle-1.12.262.jar with timestamp 1748922686868
[2025-06-03T03:51:27.318+0000] {spark_submit.py:644} INFO - 25/06/03 03:51:27 INFO SparkContext: Added JAR file:///home/***/.ivy2/jars/io.delta_delta-spark_2.12-3.1.0.jar at spark://083f94398a74:37681/jars/io.delta_delta-spark_2.12-3.1.0.jar with timestamp 1748922686868
[2025-06-03T03:51:27.319+0000] {spark_submit.py:644} INFO - 25/06/03 03:51:27 INFO SparkContext: Added JAR file:///home/***/.ivy2/jars/org.wildfly.openssl_wildfly-openssl-1.0.7.Final.jar at spark://083f94398a74:37681/jars/org.wildfly.openssl_wildfly-openssl-1.0.7.Final.jar with timestamp 1748922686868
[2025-06-03T03:51:27.319+0000] {spark_submit.py:644} INFO - 25/06/03 03:51:27 INFO SparkContext: Added JAR file:///home/***/.ivy2/jars/io.delta_delta-storage-3.1.0.jar at spark://083f94398a74:37681/jars/io.delta_delta-storage-3.1.0.jar with timestamp 1748922686868
[2025-06-03T03:51:27.319+0000] {spark_submit.py:644} INFO - 25/06/03 03:51:27 INFO SparkContext: Added JAR file:///home/***/.ivy2/jars/org.antlr_antlr4-runtime-4.9.3.jar at spark://083f94398a74:37681/jars/org.antlr_antlr4-runtime-4.9.3.jar with timestamp 1748922686868
[2025-06-03T03:51:27.320+0000] {spark_submit.py:644} INFO - 25/06/03 03:51:27 INFO SparkContext: Added file file:///home/***/.ivy2/jars/org.apache.hadoop_hadoop-aws-3.3.4.jar at spark://083f94398a74:37681/files/org.apache.hadoop_hadoop-aws-3.3.4.jar with timestamp 1748922686868
[2025-06-03T03:51:27.321+0000] {spark_submit.py:644} INFO - 25/06/03 03:51:27 INFO Utils: Copying /home/***/.ivy2/jars/org.apache.hadoop_hadoop-aws-3.3.4.jar to /tmp/spark-35a7895a-b2aa-45a4-82a8-792174a7d974/userFiles-fb7b67ba-81b0-41a1-af56-cf9f45287179/org.apache.hadoop_hadoop-aws-3.3.4.jar
[2025-06-03T03:51:27.328+0000] {spark_submit.py:644} INFO - 25/06/03 03:51:27 INFO SparkContext: Added file file:///home/***/.ivy2/jars/com.amazonaws_aws-java-sdk-bundle-1.12.262.jar at spark://083f94398a74:37681/files/com.amazonaws_aws-java-sdk-bundle-1.12.262.jar with timestamp 1748922686868
[2025-06-03T03:51:27.328+0000] {spark_submit.py:644} INFO - 25/06/03 03:51:27 INFO Utils: Copying /home/***/.ivy2/jars/com.amazonaws_aws-java-sdk-bundle-1.12.262.jar to /tmp/spark-35a7895a-b2aa-45a4-82a8-792174a7d974/userFiles-fb7b67ba-81b0-41a1-af56-cf9f45287179/com.amazonaws_aws-java-sdk-bundle-1.12.262.jar
[2025-06-03T03:51:27.628+0000] {spark_submit.py:644} INFO - 25/06/03 03:51:27 INFO SparkContext: Added file file:///home/***/.ivy2/jars/io.delta_delta-spark_2.12-3.1.0.jar at spark://083f94398a74:37681/files/io.delta_delta-spark_2.12-3.1.0.jar with timestamp 1748922686868
[2025-06-03T03:51:27.629+0000] {spark_submit.py:644} INFO - 25/06/03 03:51:27 INFO Utils: Copying /home/***/.ivy2/jars/io.delta_delta-spark_2.12-3.1.0.jar to /tmp/spark-35a7895a-b2aa-45a4-82a8-792174a7d974/userFiles-fb7b67ba-81b0-41a1-af56-cf9f45287179/io.delta_delta-spark_2.12-3.1.0.jar
[2025-06-03T03:51:27.633+0000] {spark_submit.py:644} INFO - 25/06/03 03:51:27 INFO SparkContext: Added file file:///home/***/.ivy2/jars/org.wildfly.openssl_wildfly-openssl-1.0.7.Final.jar at spark://083f94398a74:37681/files/org.wildfly.openssl_wildfly-openssl-1.0.7.Final.jar with timestamp 1748922686868
[2025-06-03T03:51:27.634+0000] {spark_submit.py:644} INFO - 25/06/03 03:51:27 INFO Utils: Copying /home/***/.ivy2/jars/org.wildfly.openssl_wildfly-openssl-1.0.7.Final.jar to /tmp/spark-35a7895a-b2aa-45a4-82a8-792174a7d974/userFiles-fb7b67ba-81b0-41a1-af56-cf9f45287179/org.wildfly.openssl_wildfly-openssl-1.0.7.Final.jar
[2025-06-03T03:51:27.637+0000] {spark_submit.py:644} INFO - 25/06/03 03:51:27 INFO SparkContext: Added file file:///home/***/.ivy2/jars/io.delta_delta-storage-3.1.0.jar at spark://083f94398a74:37681/files/io.delta_delta-storage-3.1.0.jar with timestamp 1748922686868
[2025-06-03T03:51:27.637+0000] {spark_submit.py:644} INFO - 25/06/03 03:51:27 INFO Utils: Copying /home/***/.ivy2/jars/io.delta_delta-storage-3.1.0.jar to /tmp/spark-35a7895a-b2aa-45a4-82a8-792174a7d974/userFiles-fb7b67ba-81b0-41a1-af56-cf9f45287179/io.delta_delta-storage-3.1.0.jar
[2025-06-03T03:51:27.639+0000] {spark_submit.py:644} INFO - 25/06/03 03:51:27 INFO SparkContext: Added file file:///home/***/.ivy2/jars/org.antlr_antlr4-runtime-4.9.3.jar at spark://083f94398a74:37681/files/org.antlr_antlr4-runtime-4.9.3.jar with timestamp 1748922686868
[2025-06-03T03:51:27.639+0000] {spark_submit.py:644} INFO - 25/06/03 03:51:27 INFO Utils: Copying /home/***/.ivy2/jars/org.antlr_antlr4-runtime-4.9.3.jar to /tmp/spark-35a7895a-b2aa-45a4-82a8-792174a7d974/userFiles-fb7b67ba-81b0-41a1-af56-cf9f45287179/org.antlr_antlr4-runtime-4.9.3.jar
[2025-06-03T03:51:27.686+0000] {spark_submit.py:644} INFO - 25/06/03 03:51:27 INFO StandaloneAppClient$ClientEndpoint: Connecting to master spark://spark-master:7077...
[2025-06-03T03:51:27.711+0000] {spark_submit.py:644} INFO - 25/06/03 03:51:27 INFO TransportClientFactory: Successfully created connection to spark-master/172.18.0.6:7077 after 14 ms (0 ms spent in bootstraps)
[2025-06-03T03:51:27.781+0000] {spark_submit.py:644} INFO - 25/06/03 03:51:27 INFO StandaloneSchedulerBackend: Connected to Spark cluster with app ID app-20250603035127-0010
[2025-06-03T03:51:27.783+0000] {spark_submit.py:644} INFO - 25/06/03 03:51:27 INFO StandaloneAppClient$ClientEndpoint: Executor added: app-20250603035127-0010/0 on worker-20250603030932-172.18.0.7-43297 (172.18.0.7:43297) with 4 core(s)
[2025-06-03T03:51:27.784+0000] {spark_submit.py:644} INFO - 25/06/03 03:51:27 INFO StandaloneSchedulerBackend: Granted executor ID app-20250603035127-0010/0 on hostPort 172.18.0.7:43297 with 4 core(s), 2.0 GiB RAM
[2025-06-03T03:51:27.786+0000] {spark_submit.py:644} INFO - 25/06/03 03:51:27 INFO Utils: Successfully started service 'org.apache.spark.network.netty.NettyBlockTransferService' on port 44845.
[2025-06-03T03:51:27.787+0000] {spark_submit.py:644} INFO - 25/06/03 03:51:27 INFO NettyBlockTransferService: Server created on 083f94398a74:44845
[2025-06-03T03:51:27.787+0000] {spark_submit.py:644} INFO - 25/06/03 03:51:27 INFO BlockManager: Using org.apache.spark.storage.RandomBlockReplicationPolicy for block replication policy
[2025-06-03T03:51:27.793+0000] {spark_submit.py:644} INFO - 25/06/03 03:51:27 INFO BlockManagerMaster: Registering BlockManager BlockManagerId(driver, 083f94398a74, 44845, None)
[2025-06-03T03:51:27.795+0000] {spark_submit.py:644} INFO - 25/06/03 03:51:27 INFO BlockManagerMasterEndpoint: Registering block manager 083f94398a74:44845 with 434.4 MiB RAM, BlockManagerId(driver, 083f94398a74, 44845, None)
[2025-06-03T03:51:27.797+0000] {spark_submit.py:644} INFO - 25/06/03 03:51:27 INFO BlockManagerMaster: Registered BlockManager BlockManagerId(driver, 083f94398a74, 44845, None)
[2025-06-03T03:51:27.797+0000] {spark_submit.py:644} INFO - 25/06/03 03:51:27 INFO BlockManager: Initialized BlockManager: BlockManagerId(driver, 083f94398a74, 44845, None)
[2025-06-03T03:51:27.800+0000] {spark_submit.py:644} INFO - 25/06/03 03:51:27 INFO StandaloneAppClient$ClientEndpoint: Executor updated: app-20250603035127-0010/0 is now RUNNING
[2025-06-03T03:51:27.930+0000] {spark_submit.py:644} INFO - 25/06/03 03:51:27 INFO StandaloneSchedulerBackend: SchedulerBackend is ready for scheduling beginning after reached minRegisteredResourcesRatio: 0.0
[2025-06-03T03:51:28.088+0000] {spark_submit.py:644} INFO - Bronze Ingestion: Spark session created.
[2025-06-03T03:51:28.091+0000] {spark_submit.py:644} INFO - 25/06/03 03:51:28 INFO SharedState: Setting hive.metastore.warehouse.dir ('null') to the value of spark.sql.warehouse.dir.
[2025-06-03T03:51:28.174+0000] {spark_submit.py:644} INFO - 25/06/03 03:51:28 WARN MetricsConfig: Cannot locate configuration: tried hadoop-metrics2-s3a-file-system.properties,hadoop-metrics2.properties
[2025-06-03T03:51:28.182+0000] {spark_submit.py:644} INFO - 25/06/03 03:51:28 INFO MetricsSystemImpl: Scheduled Metric snapshot period at 10 second(s).
[2025-06-03T03:51:28.186+0000] {spark_submit.py:644} INFO - 25/06/03 03:51:28 INFO MetricsSystemImpl: s3a-file-system metrics system started
[2025-06-03T03:51:28.584+0000] {spark_submit.py:644} INFO - 25/06/03 03:51:28 INFO SharedState: Warehouse path is 's3a://mybucket'.
[2025-06-03T03:51:29.029+0000] {spark_submit.py:644} INFO - 25/06/03 03:51:29 INFO StandaloneSchedulerBackend$StandaloneDriverEndpoint: Registered executor NettyRpcEndpointRef(spark-client://Executor) (172.18.0.7:51876) with ID 0,  ResourceProfileId 0
[2025-06-03T03:51:29.065+0000] {spark_submit.py:644} INFO - 25/06/03 03:51:29 INFO BlockManagerMasterEndpoint: Registering block manager 172.18.0.7:36261 with 1048.8 MiB RAM, BlockManagerId(0, 172.18.0.7, 36261, None)
[2025-06-03T03:51:29.174+0000] {spark_submit.py:644} INFO - 25/06/03 03:51:29 INFO InMemoryFileIndex: It took 27 ms to list leaf files for 1 paths.
[2025-06-03T03:51:30.039+0000] {spark_submit.py:644} INFO - Successfully loaded Stephen Curry stats from: /opt/***/data/Stephen Curry Stats.parquet
[2025-06-03T03:51:30.634+0000] {spark_submit.py:644} INFO - 25/06/03 03:51:30 INFO HiveConf: Found configuration file null
[2025-06-03T03:51:30.641+0000] {spark_submit.py:644} INFO - 25/06/03 03:51:30 INFO HiveUtils: Initializing HiveMetastoreConnection version 2.3.9 using Spark classes.
[2025-06-03T03:51:30.771+0000] {spark_submit.py:644} INFO - 25/06/03 03:51:30 INFO HiveClientImpl: Warehouse location for Hive client (version 2.3.9) is s3a://mybucket
[2025-06-03T03:51:30.799+0000] {spark_submit.py:644} INFO - 25/06/03 03:51:30 INFO metastore: Trying to connect to metastore with URI thrift://hive-metastore:9083
[2025-06-03T03:51:30.817+0000] {spark_submit.py:644} INFO - 25/06/03 03:51:30 INFO metastore: Opened a connection to metastore, current connections: 1
[2025-06-03T03:51:30.845+0000] {spark_submit.py:644} INFO - 25/06/03 03:51:30 INFO metastore: Connected to metastore.
[2025-06-03T03:51:30.917+0000] {spark_submit.py:644} INFO - Writing data to Bronze layer at: s3a://mybucket/bronze/curry_raw_data/
[2025-06-03T03:51:31.145+0000] {spark_submit.py:644} INFO - 25/06/03 03:51:31 WARN HadoopFSUtils: The directory s3a://mybucket/bronze/curry_raw_data was not found. Was it deleted very recently?
[2025-06-03T03:51:31.145+0000] {spark_submit.py:644} INFO - 25/06/03 03:51:31 INFO InMemoryFileIndex: It took 17 ms to list leaf files for 1 paths.
[2025-06-03T03:51:31.240+0000] {spark_submit.py:644} INFO - 25/06/03 03:51:31 WARN SparkStringUtils: Truncated the string representation of a plan since it was too large. This behavior can be adjusted by setting 'spark.sql.debug.maxToStringFields'.
[2025-06-03T03:51:31.280+0000] {spark_submit.py:644} INFO - 25/06/03 03:51:31 INFO FileSourceStrategy: Pushed Filters:
[2025-06-03T03:51:31.281+0000] {spark_submit.py:644} INFO - 25/06/03 03:51:31 INFO FileSourceStrategy: Post-Scan Filters:
[2025-06-03T03:51:31.337+0000] {spark_submit.py:644} INFO - 25/06/03 03:51:31 INFO ParquetUtils: Using default output committer for Parquet: org.apache.parquet.hadoop.ParquetOutputCommitter
[2025-06-03T03:51:31.358+0000] {spark_submit.py:644} INFO - 25/06/03 03:51:31 INFO FileOutputCommitter: File Output Committer Algorithm version is 1
[2025-06-03T03:51:31.358+0000] {spark_submit.py:644} INFO - 25/06/03 03:51:31 INFO FileOutputCommitter: FileOutputCommitter skip cleanup _temporary folders under output directory:false, ignore cleanup failures: false
[2025-06-03T03:51:31.358+0000] {spark_submit.py:644} INFO - 25/06/03 03:51:31 INFO SQLHadoopMapReduceCommitProtocol: Using user defined output committer class org.apache.parquet.hadoop.ParquetOutputCommitter
[2025-06-03T03:51:31.358+0000] {spark_submit.py:644} INFO - 25/06/03 03:51:31 INFO FileOutputCommitter: File Output Committer Algorithm version is 1
[2025-06-03T03:51:31.359+0000] {spark_submit.py:644} INFO - 25/06/03 03:51:31 INFO FileOutputCommitter: FileOutputCommitter skip cleanup _temporary folders under output directory:false, ignore cleanup failures: false
[2025-06-03T03:51:31.359+0000] {spark_submit.py:644} INFO - 25/06/03 03:51:31 INFO SQLHadoopMapReduceCommitProtocol: Using output committer class org.apache.parquet.hadoop.ParquetOutputCommitter
[2025-06-03T03:51:31.618+0000] {spark_submit.py:644} INFO - 25/06/03 03:51:31 INFO CodeGenerator: Code generated in 123.021834 ms
[2025-06-03T03:51:31.657+0000] {spark_submit.py:644} INFO - 25/06/03 03:51:31 INFO MemoryStore: Block broadcast_0 stored as values in memory (estimated size 209.8 KiB, free 434.2 MiB)
[2025-06-03T03:51:31.703+0000] {spark_submit.py:644} INFO - 25/06/03 03:51:31 INFO MemoryStore: Block broadcast_0_piece0 stored as bytes in memory (estimated size 37.2 KiB, free 434.2 MiB)
[2025-06-03T03:51:31.709+0000] {spark_submit.py:644} INFO - 25/06/03 03:51:31 INFO BlockManagerInfo: Added broadcast_0_piece0 in memory on 083f94398a74:44845 (size: 37.2 KiB, free: 434.4 MiB)
[2025-06-03T03:51:31.712+0000] {spark_submit.py:644} INFO - 25/06/03 03:51:31 INFO SparkContext: Created broadcast 0 from saveAsTable at NativeMethodAccessorImpl.java:0
[2025-06-03T03:51:31.721+0000] {spark_submit.py:644} INFO - 25/06/03 03:51:31 INFO FileSourceScanExec: Planning scan with bin packing, max size: 4194304 bytes, open cost is considered as scanning 4194304 bytes.
[2025-06-03T03:51:31.766+0000] {spark_submit.py:644} INFO - 25/06/03 03:51:31 INFO SparkContext: Starting job: saveAsTable at NativeMethodAccessorImpl.java:0
[2025-06-03T03:51:31.779+0000] {spark_submit.py:644} INFO - 25/06/03 03:51:31 INFO DAGScheduler: Got job 0 (saveAsTable at NativeMethodAccessorImpl.java:0) with 1 output partitions
[2025-06-03T03:51:31.780+0000] {spark_submit.py:644} INFO - 25/06/03 03:51:31 INFO DAGScheduler: Final stage: ResultStage 0 (saveAsTable at NativeMethodAccessorImpl.java:0)
[2025-06-03T03:51:31.780+0000] {spark_submit.py:644} INFO - 25/06/03 03:51:31 INFO DAGScheduler: Parents of final stage: List()
[2025-06-03T03:51:31.780+0000] {spark_submit.py:644} INFO - 25/06/03 03:51:31 INFO DAGScheduler: Missing parents: List()
[2025-06-03T03:51:31.782+0000] {spark_submit.py:644} INFO - 25/06/03 03:51:31 INFO DAGScheduler: Submitting ResultStage 0 (MapPartitionsRDD[3] at saveAsTable at NativeMethodAccessorImpl.java:0), which has no missing parents
[2025-06-03T03:51:31.835+0000] {spark_submit.py:644} INFO - 25/06/03 03:51:31 INFO MemoryStore: Block broadcast_1 stored as values in memory (estimated size 241.7 KiB, free 433.9 MiB)
[2025-06-03T03:51:31.839+0000] {spark_submit.py:644} INFO - 25/06/03 03:51:31 INFO MemoryStore: Block broadcast_1_piece0 stored as bytes in memory (estimated size 83.1 KiB, free 433.8 MiB)
[2025-06-03T03:51:31.840+0000] {spark_submit.py:644} INFO - 25/06/03 03:51:31 INFO BlockManagerInfo: Added broadcast_1_piece0 in memory on 083f94398a74:44845 (size: 83.1 KiB, free: 434.3 MiB)
[2025-06-03T03:51:31.840+0000] {spark_submit.py:644} INFO - 25/06/03 03:51:31 INFO SparkContext: Created broadcast 1 from broadcast at DAGScheduler.scala:1585
[2025-06-03T03:51:31.851+0000] {spark_submit.py:644} INFO - 25/06/03 03:51:31 INFO DAGScheduler: Submitting 1 missing tasks from ResultStage 0 (MapPartitionsRDD[3] at saveAsTable at NativeMethodAccessorImpl.java:0) (first 15 tasks are for partitions Vector(0))
[2025-06-03T03:51:31.852+0000] {spark_submit.py:644} INFO - 25/06/03 03:51:31 INFO TaskSchedulerImpl: Adding task set 0.0 with 1 tasks resource profile 0
[2025-06-03T03:51:31.873+0000] {spark_submit.py:644} INFO - 25/06/03 03:51:31 INFO TaskSetManager: Starting task 0.0 in stage 0.0 (TID 0) (172.18.0.7, executor 0, partition 0, PROCESS_LOCAL, 10805 bytes)
[2025-06-03T03:51:32.059+0000] {spark_submit.py:644} INFO - 25/06/03 03:51:32 INFO BlockManagerInfo: Added broadcast_1_piece0 in memory on 172.18.0.7:36261 (size: 83.1 KiB, free: 1048.7 MiB)
[2025-06-03T03:51:33.332+0000] {spark_submit.py:644} INFO - 25/06/03 03:51:33 INFO BlockManagerInfo: Added broadcast_0_piece0 in memory on 172.18.0.7:36261 (size: 37.2 KiB, free: 1048.7 MiB)
[2025-06-03T03:51:33.797+0000] {spark_submit.py:644} INFO - 25/06/03 03:51:33 INFO TaskSetManager: Finished task 0.0 in stage 0.0 (TID 0) in 1931 ms on 172.18.0.7 (executor 0) (1/1)
[2025-06-03T03:51:33.798+0000] {spark_submit.py:644} INFO - 25/06/03 03:51:33 INFO TaskSchedulerImpl: Removed TaskSet 0.0, whose tasks have all completed, from pool
[2025-06-03T03:51:33.801+0000] {spark_submit.py:644} INFO - 25/06/03 03:51:33 INFO DAGScheduler: ResultStage 0 (saveAsTable at NativeMethodAccessorImpl.java:0) finished in 2.013 s
[2025-06-03T03:51:33.803+0000] {spark_submit.py:644} INFO - 25/06/03 03:51:33 INFO DAGScheduler: Job 0 is finished. Cancelling potential speculative or zombie tasks for this job
[2025-06-03T03:51:33.803+0000] {spark_submit.py:644} INFO - 25/06/03 03:51:33 INFO TaskSchedulerImpl: Killing all running tasks in stage 0: Stage finished
[2025-06-03T03:51:33.804+0000] {spark_submit.py:644} INFO - 25/06/03 03:51:33 INFO DAGScheduler: Job 0 finished: saveAsTable at NativeMethodAccessorImpl.java:0, took 2.037865 s
[2025-06-03T03:51:33.805+0000] {spark_submit.py:644} INFO - 25/06/03 03:51:33 INFO FileFormatWriter: Start to commit write Job fc6834bf-2f9f-4a07-ba97-2b685ef6f876.
[2025-06-03T03:51:33.947+0000] {spark_submit.py:644} INFO - 25/06/03 03:51:33 INFO FileFormatWriter: Write Job fc6834bf-2f9f-4a07-ba97-2b685ef6f876 committed. Elapsed time: 140 ms.
[2025-06-03T03:51:33.949+0000] {spark_submit.py:644} INFO - 25/06/03 03:51:33 INFO FileFormatWriter: Finished processing stats for write job fc6834bf-2f9f-4a07-ba97-2b685ef6f876.
[2025-06-03T03:51:33.970+0000] {spark_submit.py:644} INFO - 25/06/03 03:51:33 INFO InMemoryFileIndex: It took 4 ms to list leaf files for 1 paths.
[2025-06-03T03:51:33.990+0000] {spark_submit.py:644} INFO - 25/06/03 03:51:33 INFO HiveExternalCatalog: Persisting file based data source table `spark_catalog`.`sc_stats_db`.`bronze_sc_stats` into Hive metastore in Hive compatible format.
[2025-06-03T03:51:34.006+0000] {spark_submit.py:644} INFO - 25/06/03 03:51:34 INFO SQLStdHiveAccessController: Created SQLStdHiveAccessController for session context : HiveAuthzSessionContext [sessionString=987896a1-b8ea-437b-8e85-783367fd037e, clientType=HIVECLI]
[2025-06-03T03:51:34.007+0000] {spark_submit.py:644} INFO - 25/06/03 03:51:34 WARN SessionState: METASTORE_FILTER_HOOK will be ignored, since hive.security.authorization.manager is set to instance of HiveAuthorizerFactory.
[2025-06-03T03:51:34.007+0000] {spark_submit.py:644} INFO - 25/06/03 03:51:34 INFO metastore: Mestastore configuration hive.metastore.filter.hook changed from org.apache.hadoop.hive.metastore.DefaultMetaStoreFilterHookImpl to org.apache.hadoop.hive.ql.security.authorization.plugin.AuthorizationMetaStoreFilterHook
[2025-06-03T03:51:34.009+0000] {spark_submit.py:644} INFO - 25/06/03 03:51:34 INFO metastore: Closed a connection to metastore, current connections: 0
[2025-06-03T03:51:34.010+0000] {spark_submit.py:644} INFO - 25/06/03 03:51:34 INFO metastore: Trying to connect to metastore with URI thrift://hive-metastore:9083
[2025-06-03T03:51:34.011+0000] {spark_submit.py:644} INFO - 25/06/03 03:51:34 INFO metastore: Opened a connection to metastore, current connections: 1
[2025-06-03T03:51:34.011+0000] {spark_submit.py:644} INFO - 25/06/03 03:51:34 INFO metastore: Connected to metastore.
[2025-06-03T03:51:34.058+0000] {spark_submit.py:644} INFO - 25/06/03 03:51:34 INFO metastore: Trying to connect to metastore with URI thrift://hive-metastore:9083
[2025-06-03T03:51:34.059+0000] {spark_submit.py:644} INFO - 25/06/03 03:51:34 INFO metastore: Opened a connection to metastore, current connections: 2
[2025-06-03T03:51:34.059+0000] {spark_submit.py:644} INFO - 25/06/03 03:51:34 INFO metastore: Connected to metastore.
[2025-06-03T03:51:34.119+0000] {spark_submit.py:644} INFO - Successfully wrote data to: s3a://mybucket/bronze/curry_raw_data/ and registered table sc_stats_db.bronze_sc_stats
[2025-06-03T03:51:34.120+0000] {spark_submit.py:644} INFO - Bronze ingestion job completed successfully.
[2025-06-03T03:51:34.120+0000] {spark_submit.py:644} INFO - 25/06/03 03:51:34 INFO SparkContext: SparkContext is stopping with exitCode 0.
[2025-06-03T03:51:34.128+0000] {spark_submit.py:644} INFO - 25/06/03 03:51:34 INFO SparkUI: Stopped Spark web UI at http://083f94398a74:4040
[2025-06-03T03:51:34.130+0000] {spark_submit.py:644} INFO - 25/06/03 03:51:34 INFO StandaloneSchedulerBackend: Shutting down all executors
[2025-06-03T03:51:34.130+0000] {spark_submit.py:644} INFO - 25/06/03 03:51:34 INFO StandaloneSchedulerBackend$StandaloneDriverEndpoint: Asking each executor to shut down
[2025-06-03T03:51:34.147+0000] {spark_submit.py:644} INFO - 25/06/03 03:51:34 INFO MapOutputTrackerMasterEndpoint: MapOutputTrackerMasterEndpoint stopped!
[2025-06-03T03:51:34.156+0000] {spark_submit.py:644} INFO - 25/06/03 03:51:34 INFO MemoryStore: MemoryStore cleared
[2025-06-03T03:51:34.157+0000] {spark_submit.py:644} INFO - 25/06/03 03:51:34 INFO BlockManager: BlockManager stopped
[2025-06-03T03:51:34.163+0000] {spark_submit.py:644} INFO - 25/06/03 03:51:34 INFO BlockManagerMaster: BlockManagerMaster stopped
[2025-06-03T03:51:34.164+0000] {spark_submit.py:644} INFO - 25/06/03 03:51:34 INFO OutputCommitCoordinator$OutputCommitCoordinatorEndpoint: OutputCommitCoordinator stopped!
[2025-06-03T03:51:34.181+0000] {spark_submit.py:644} INFO - 25/06/03 03:51:34 INFO SparkContext: Successfully stopped SparkContext
[2025-06-03T03:51:34.522+0000] {spark_submit.py:644} INFO - 25/06/03 03:51:34 INFO ShutdownHookManager: Shutdown hook called
[2025-06-03T03:51:34.522+0000] {spark_submit.py:644} INFO - 25/06/03 03:51:34 INFO ShutdownHookManager: Deleting directory /tmp/spark-35a7895a-b2aa-45a4-82a8-792174a7d974
[2025-06-03T03:51:34.525+0000] {spark_submit.py:644} INFO - 25/06/03 03:51:34 INFO ShutdownHookManager: Deleting directory /tmp/spark-35a7895a-b2aa-45a4-82a8-792174a7d974/pyspark-dbe902b2-37f2-42ee-8298-fa62bf103a7a
[2025-06-03T03:51:34.528+0000] {spark_submit.py:644} INFO - 25/06/03 03:51:34 INFO ShutdownHookManager: Deleting directory /tmp/spark-73aa22e3-1056-4e44-9512-a051df549962
[2025-06-03T03:51:34.531+0000] {spark_submit.py:644} INFO - 25/06/03 03:51:34 INFO MetricsSystemImpl: Stopping s3a-file-system metrics system...
[2025-06-03T03:51:34.532+0000] {spark_submit.py:644} INFO - 25/06/03 03:51:34 INFO MetricsSystemImpl: s3a-file-system metrics system stopped.
[2025-06-03T03:51:34.532+0000] {spark_submit.py:644} INFO - 25/06/03 03:51:34 INFO MetricsSystemImpl: s3a-file-system metrics system shutdown complete.
[2025-06-03T03:51:34.576+0000] {taskinstance.py:340} INFO - ::group::Post task execution logs
[2025-06-03T03:51:34.577+0000] {taskinstance.py:352} INFO - Marking task as SUCCESS. dag_id=curry_medallion_etl, task_id=submit_bronze_etl_job, run_id=manual__2025-06-03T03:51:23.781894+00:00, execution_date=20250603T035123, start_date=20250603T035124, end_date=20250603T035134
[2025-06-03T03:51:34.590+0000] {local_task_job_runner.py:266} INFO - Task exited with return code 0
[2025-06-03T03:51:34.604+0000] {taskinstance.py:3895} INFO - 1 downstream tasks scheduled from follow-on schedule check
[2025-06-03T03:51:34.605+0000] {local_task_job_runner.py:245} INFO - ::endgroup::
