[2025-05-31T06:09:14.415+0000] {local_task_job_runner.py:123} INFO - ::group::Pre task execution logs
[2025-05-31T06:09:14.424+0000] {taskinstance.py:2613} INFO - Dependencies all met for dep_context=non-requeueable deps ti=<TaskInstance: medallion_sales_etl.submit_medallion_sales_etl_job manual__2025-05-31T06:09:13.539144+00:00 [queued]>
[2025-05-31T06:09:14.427+0000] {taskinstance.py:2613} INFO - Dependencies all met for dep_context=requeueable deps ti=<TaskInstance: medallion_sales_etl.submit_medallion_sales_etl_job manual__2025-05-31T06:09:13.539144+00:00 [queued]>
[2025-05-31T06:09:14.427+0000] {taskinstance.py:2866} INFO - Starting attempt 1 of 2
[2025-05-31T06:09:14.432+0000] {taskinstance.py:2889} INFO - Executing <Task(SparkSubmitOperator): submit_medallion_sales_etl_job> on 2025-05-31 06:09:13.539144+00:00
[2025-05-31T06:09:14.434+0000] {standard_task_runner.py:72} INFO - Started process 192 to run task
[2025-05-31T06:09:14.436+0000] {standard_task_runner.py:104} INFO - Running: ['***', 'tasks', 'run', 'medallion_sales_etl', 'submit_medallion_sales_etl_job', 'manual__2025-05-31T06:09:13.539144+00:00', '--job-id', '2', '--raw', '--subdir', 'DAGS_FOLDER/medallion_sales_etl_dag.py', '--cfg-path', '/tmp/tmpe9863po2']
[2025-05-31T06:09:14.437+0000] {standard_task_runner.py:105} INFO - Job 2: Subtask submit_medallion_sales_etl_job
[2025-05-31T06:09:14.463+0000] {task_command.py:467} INFO - Running <TaskInstance: medallion_sales_etl.submit_medallion_sales_etl_job manual__2025-05-31T06:09:13.539144+00:00 [running]> on host ad15582392fb
[2025-05-31T06:09:14.503+0000] {taskinstance.py:3132} INFO - Exporting env vars: AIRFLOW_CTX_DAG_OWNER='***' AIRFLOW_CTX_DAG_ID='medallion_sales_etl' AIRFLOW_CTX_TASK_ID='submit_medallion_sales_etl_job' AIRFLOW_CTX_EXECUTION_DATE='2025-05-31T06:09:13.539144+00:00' AIRFLOW_CTX_TRY_NUMBER='1' AIRFLOW_CTX_DAG_RUN_ID='manual__2025-05-31T06:09:13.539144+00:00'
[2025-05-31T06:09:14.503+0000] {taskinstance.py:731} INFO - ::endgroup::
[2025-05-31T06:09:14.536+0000] {base.py:84} INFO - Retrieving connection 'spark_default'
[2025-05-31T06:09:14.537+0000] {spark_submit.py:474} INFO - Spark-Submit cmd: spark-submit --master spark://spark-master:7077 --conf spark.executor.memory=2g --conf spark.local.dir=/opt/***/dags/spark_temp --name medallion_sales_etl_spark_job --verbose --queue root.default --deploy-mode client /opt/***/dags/medallion_etl.py
[2025-05-31T06:09:15.395+0000] {spark_submit.py:644} INFO - Using properties file: null
[2025-05-31T06:09:15.452+0000] {spark_submit.py:644} INFO - Parsed arguments:
[2025-05-31T06:09:15.453+0000] {spark_submit.py:644} INFO - master                  spark://spark-master:7077
[2025-05-31T06:09:15.453+0000] {spark_submit.py:644} INFO - remote                  null
[2025-05-31T06:09:15.453+0000] {spark_submit.py:644} INFO - deployMode              client
[2025-05-31T06:09:15.453+0000] {spark_submit.py:644} INFO - executorMemory          2g
[2025-05-31T06:09:15.454+0000] {spark_submit.py:644} INFO - executorCores           null
[2025-05-31T06:09:15.454+0000] {spark_submit.py:644} INFO - totalExecutorCores      null
[2025-05-31T06:09:15.454+0000] {spark_submit.py:644} INFO - propertiesFile          null
[2025-05-31T06:09:15.454+0000] {spark_submit.py:644} INFO - driverMemory            null
[2025-05-31T06:09:15.454+0000] {spark_submit.py:644} INFO - driverCores             null
[2025-05-31T06:09:15.454+0000] {spark_submit.py:644} INFO - driverExtraClassPath    null
[2025-05-31T06:09:15.454+0000] {spark_submit.py:644} INFO - driverExtraLibraryPath  null
[2025-05-31T06:09:15.454+0000] {spark_submit.py:644} INFO - driverExtraJavaOptions  null
[2025-05-31T06:09:15.454+0000] {spark_submit.py:644} INFO - supervise               false
[2025-05-31T06:09:15.454+0000] {spark_submit.py:644} INFO - queue                   root.default
[2025-05-31T06:09:15.455+0000] {spark_submit.py:644} INFO - numExecutors            null
[2025-05-31T06:09:15.455+0000] {spark_submit.py:644} INFO - files                   null
[2025-05-31T06:09:15.455+0000] {spark_submit.py:644} INFO - pyFiles                 null
[2025-05-31T06:09:15.455+0000] {spark_submit.py:644} INFO - archives                null
[2025-05-31T06:09:15.455+0000] {spark_submit.py:644} INFO - mainClass               null
[2025-05-31T06:09:15.455+0000] {spark_submit.py:644} INFO - primaryResource         file:/opt/***/dags/medallion_etl.py
[2025-05-31T06:09:15.455+0000] {spark_submit.py:644} INFO - name                    medallion_sales_etl_spark_job
[2025-05-31T06:09:15.455+0000] {spark_submit.py:644} INFO - childArgs               []
[2025-05-31T06:09:15.455+0000] {spark_submit.py:644} INFO - jars                    null
[2025-05-31T06:09:15.455+0000] {spark_submit.py:644} INFO - packages                null
[2025-05-31T06:09:15.456+0000] {spark_submit.py:644} INFO - packagesExclusions      null
[2025-05-31T06:09:15.456+0000] {spark_submit.py:644} INFO - repositories            null
[2025-05-31T06:09:15.456+0000] {spark_submit.py:644} INFO - verbose                 true
[2025-05-31T06:09:15.456+0000] {spark_submit.py:644} INFO - 
[2025-05-31T06:09:15.456+0000] {spark_submit.py:644} INFO - Spark properties used, including those specified through
[2025-05-31T06:09:15.456+0000] {spark_submit.py:644} INFO - --conf and those from the properties file null:
[2025-05-31T06:09:15.456+0000] {spark_submit.py:644} INFO - (spark.executor.memory,2g)
[2025-05-31T06:09:15.456+0000] {spark_submit.py:644} INFO - (spark.local.dir,/opt/***/dags/spark_temp)
[2025-05-31T06:09:15.456+0000] {spark_submit.py:644} INFO - 
[2025-05-31T06:09:15.456+0000] {spark_submit.py:644} INFO - 
[2025-05-31T06:09:15.599+0000] {spark_submit.py:644} INFO - Main class:
[2025-05-31T06:09:15.599+0000] {spark_submit.py:644} INFO - org.apache.spark.deploy.PythonRunner
[2025-05-31T06:09:15.599+0000] {spark_submit.py:644} INFO - Arguments:
[2025-05-31T06:09:15.600+0000] {spark_submit.py:644} INFO - file:/opt/***/dags/medallion_etl.py
[2025-05-31T06:09:15.600+0000] {spark_submit.py:644} INFO - null
[2025-05-31T06:09:15.600+0000] {spark_submit.py:644} INFO - Spark config:
[2025-05-31T06:09:15.600+0000] {spark_submit.py:644} INFO - (spark.app.name,medallion_sales_etl_spark_job)
[2025-05-31T06:09:15.600+0000] {spark_submit.py:644} INFO - (spark.app.submitTime,1748671755591)
[2025-05-31T06:09:15.600+0000] {spark_submit.py:644} INFO - (spark.executor.memory,2g)
[2025-05-31T06:09:15.601+0000] {spark_submit.py:644} INFO - (spark.local.dir,/opt/***/dags/spark_temp)
[2025-05-31T06:09:15.601+0000] {spark_submit.py:644} INFO - (spark.master,spark://spark-master:7077)
[2025-05-31T06:09:15.601+0000] {spark_submit.py:644} INFO - (spark.submit.deployMode,client)
[2025-05-31T06:09:15.601+0000] {spark_submit.py:644} INFO - (spark.submit.pyFiles,)
[2025-05-31T06:09:15.601+0000] {spark_submit.py:644} INFO - Classpath elements:
[2025-05-31T06:09:15.601+0000] {spark_submit.py:644} INFO - 
[2025-05-31T06:09:15.601+0000] {spark_submit.py:644} INFO - 
[2025-05-31T06:09:15.602+0000] {spark_submit.py:644} INFO - 
[2025-05-31T06:09:16.186+0000] {spark_submit.py:644} INFO - 25/05/31 06:09:16 INFO SparkContext: Running Spark version 3.5.2
[2025-05-31T06:09:16.187+0000] {spark_submit.py:644} INFO - 25/05/31 06:09:16 INFO SparkContext: OS info Linux, 6.10.14-linuxkit, aarch64
[2025-05-31T06:09:16.187+0000] {spark_submit.py:644} INFO - 25/05/31 06:09:16 INFO SparkContext: Java version 17.0.15
[2025-05-31T06:09:16.224+0000] {spark_submit.py:644} INFO - 25/05/31 06:09:16 WARN NativeCodeLoader: Unable to load native-hadoop library for your platform... using builtin-java classes where applicable
[2025-05-31T06:09:16.264+0000] {spark_submit.py:644} INFO - 25/05/31 06:09:16 WARN SparkConf: Note that spark.local.dir will be overridden by the value set by the cluster manager (via SPARK_LOCAL_DIRS in mesos/standalone/kubernetes and LOCAL_DIRS in YARN).
[2025-05-31T06:09:16.277+0000] {spark_submit.py:644} INFO - 25/05/31 06:09:16 INFO ResourceUtils: ==============================================================
[2025-05-31T06:09:16.278+0000] {spark_submit.py:644} INFO - 25/05/31 06:09:16 INFO ResourceUtils: No custom resources configured for spark.driver.
[2025-05-31T06:09:16.278+0000] {spark_submit.py:644} INFO - 25/05/31 06:09:16 INFO ResourceUtils: ==============================================================
[2025-05-31T06:09:16.279+0000] {spark_submit.py:644} INFO - 25/05/31 06:09:16 INFO SparkContext: Submitted application: SimpleSparkTest
[2025-05-31T06:09:16.289+0000] {spark_submit.py:644} INFO - 25/05/31 06:09:16 INFO ResourceProfile: Default ResourceProfile created, executor resources: Map(memory -> name: memory, amount: 2048, script: , vendor: , offHeap -> name: offHeap, amount: 0, script: , vendor: ), task resources: Map(cpus -> name: cpus, amount: 1.0)
[2025-05-31T06:09:16.293+0000] {spark_submit.py:644} INFO - 25/05/31 06:09:16 INFO ResourceProfile: Limiting resource is cpu
[2025-05-31T06:09:16.294+0000] {spark_submit.py:644} INFO - 25/05/31 06:09:16 INFO ResourceProfileManager: Added ResourceProfile id: 0
[2025-05-31T06:09:16.328+0000] {spark_submit.py:644} INFO - 25/05/31 06:09:16 INFO SecurityManager: Changing view acls to: ***
[2025-05-31T06:09:16.328+0000] {spark_submit.py:644} INFO - 25/05/31 06:09:16 INFO SecurityManager: Changing modify acls to: ***
[2025-05-31T06:09:16.329+0000] {spark_submit.py:644} INFO - 25/05/31 06:09:16 INFO SecurityManager: Changing view acls groups to:
[2025-05-31T06:09:16.329+0000] {spark_submit.py:644} INFO - 25/05/31 06:09:16 INFO SecurityManager: Changing modify acls groups to:
[2025-05-31T06:09:16.329+0000] {spark_submit.py:644} INFO - 25/05/31 06:09:16 INFO SecurityManager: SecurityManager: authentication disabled; ui acls disabled; users with view permissions: ***; groups with view permissions: EMPTY; users with modify permissions: ***; groups with modify permissions: EMPTY
[2025-05-31T06:09:16.460+0000] {spark_submit.py:644} INFO - 25/05/31 06:09:16 INFO Utils: Successfully started service 'sparkDriver' on port 39133.
[2025-05-31T06:09:16.478+0000] {spark_submit.py:644} INFO - 25/05/31 06:09:16 INFO SparkEnv: Registering MapOutputTracker
[2025-05-31T06:09:16.499+0000] {spark_submit.py:644} INFO - 25/05/31 06:09:16 INFO SparkEnv: Registering BlockManagerMaster
[2025-05-31T06:09:16.511+0000] {spark_submit.py:644} INFO - 25/05/31 06:09:16 INFO BlockManagerMasterEndpoint: Using org.apache.spark.storage.DefaultTopologyMapper for getting topology information
[2025-05-31T06:09:16.511+0000] {spark_submit.py:644} INFO - 25/05/31 06:09:16 INFO BlockManagerMasterEndpoint: BlockManagerMasterEndpoint up
[2025-05-31T06:09:16.513+0000] {spark_submit.py:644} INFO - 25/05/31 06:09:16 INFO SparkEnv: Registering BlockManagerMasterHeartbeat
[2025-05-31T06:09:16.528+0000] {spark_submit.py:644} INFO - 25/05/31 06:09:16 INFO DiskBlockManager: Created local directory at /opt/***/dags/spark_temp/blockmgr-00a25123-3aaa-4ea6-8f4c-b34e003127ff
[2025-05-31T06:09:16.535+0000] {spark_submit.py:644} INFO - 25/05/31 06:09:16 INFO MemoryStore: MemoryStore started with capacity 434.4 MiB
[2025-05-31T06:09:16.545+0000] {spark_submit.py:644} INFO - 25/05/31 06:09:16 INFO SparkEnv: Registering OutputCommitCoordinator
[2025-05-31T06:09:16.630+0000] {spark_submit.py:644} INFO - 25/05/31 06:09:16 INFO JettyUtils: Start Jetty 0.0.0.0:4040 for SparkUI
[2025-05-31T06:09:16.664+0000] {spark_submit.py:644} INFO - 25/05/31 06:09:16 INFO Utils: Successfully started service 'SparkUI' on port 4040.
[2025-05-31T06:09:16.733+0000] {spark_submit.py:644} INFO - 25/05/31 06:09:16 INFO StandaloneAppClient$ClientEndpoint: Connecting to master spark://spark-master:7077...
[2025-05-31T06:09:16.762+0000] {spark_submit.py:644} INFO - 25/05/31 06:09:16 INFO TransportClientFactory: Successfully created connection to spark-master/172.18.0.7:7077 after 15 ms (0 ms spent in bootstraps)
[2025-05-31T06:09:16.842+0000] {spark_submit.py:644} INFO - 25/05/31 06:09:16 INFO StandaloneSchedulerBackend: Connected to Spark cluster with app ID app-20250531060916-0000
[2025-05-31T06:09:16.847+0000] {spark_submit.py:644} INFO - 25/05/31 06:09:16 INFO Utils: Successfully started service 'org.apache.spark.network.netty.NettyBlockTransferService' on port 37991.
[2025-05-31T06:09:16.848+0000] {spark_submit.py:644} INFO - 25/05/31 06:09:16 INFO NettyBlockTransferService: Server created on ad15582392fb:37991
[2025-05-31T06:09:16.849+0000] {spark_submit.py:644} INFO - 25/05/31 06:09:16 INFO BlockManager: Using org.apache.spark.storage.RandomBlockReplicationPolicy for block replication policy
[2025-05-31T06:09:16.852+0000] {spark_submit.py:644} INFO - 25/05/31 06:09:16 INFO BlockManagerMaster: Registering BlockManager BlockManagerId(driver, ad15582392fb, 37991, None)
[2025-05-31T06:09:16.854+0000] {spark_submit.py:644} INFO - 25/05/31 06:09:16 INFO BlockManagerMasterEndpoint: Registering block manager ad15582392fb:37991 with 434.4 MiB RAM, BlockManagerId(driver, ad15582392fb, 37991, None)
[2025-05-31T06:09:16.856+0000] {spark_submit.py:644} INFO - 25/05/31 06:09:16 INFO BlockManagerMaster: Registered BlockManager BlockManagerId(driver, ad15582392fb, 37991, None)
[2025-05-31T06:09:16.856+0000] {spark_submit.py:644} INFO - 25/05/31 06:09:16 INFO BlockManager: Initialized BlockManager: BlockManagerId(driver, ad15582392fb, 37991, None)
[2025-05-31T06:09:16.856+0000] {spark_submit.py:644} INFO - 25/05/31 06:09:16 INFO StandaloneAppClient$ClientEndpoint: Executor added: app-20250531060916-0000/0 on worker-20250531060813-172.18.0.8-35035 (172.18.0.8:35035) with 4 core(s)
[2025-05-31T06:09:16.858+0000] {spark_submit.py:644} INFO - 25/05/31 06:09:16 INFO StandaloneSchedulerBackend: Granted executor ID app-20250531060916-0000/0 on hostPort 172.18.0.8:35035 with 4 core(s), 2.0 GiB RAM
[2025-05-31T06:09:16.939+0000] {spark_submit.py:644} INFO - 25/05/31 06:09:16 INFO StandaloneAppClient$ClientEndpoint: Executor updated: app-20250531060916-0000/0 is now RUNNING
[2025-05-31T06:09:16.983+0000] {spark_submit.py:644} INFO - 25/05/31 06:09:16 INFO StandaloneSchedulerBackend: SchedulerBackend is ready for scheduling beginning after reached minRegisteredResourcesRatio: 0.0
[2025-05-31T06:09:17.099+0000] {spark_submit.py:644} INFO - Spark session created for simple test.
[2025-05-31T06:09:17.100+0000] {spark_submit.py:644} INFO - Spark version: 3.5.2
[2025-05-31T06:09:18.102+0000] {spark_submit.py:644} INFO - 25/05/31 06:09:18 INFO SharedState: Setting hive.metastore.warehouse.dir ('null') to the value of spark.sql.warehouse.dir.
[2025-05-31T06:09:18.110+0000] {spark_submit.py:644} INFO - 25/05/31 06:09:18 INFO SharedState: Warehouse path is 'file:/opt/***/spark-warehouse'.
[2025-05-31T06:09:18.503+0000] {spark_submit.py:644} INFO - 25/05/31 06:09:18 INFO StandaloneSchedulerBackend$StandaloneDriverEndpoint: Registered executor NettyRpcEndpointRef(spark-client://Executor) (172.18.0.8:37988) with ID 0,  ResourceProfileId 0
[2025-05-31T06:09:18.556+0000] {spark_submit.py:644} INFO - 25/05/31 06:09:18 INFO BlockManagerMasterEndpoint: Registering block manager 172.18.0.8:39141 with 1048.8 MiB RAM, BlockManagerId(0, 172.18.0.8, 39141, None)
[2025-05-31T06:09:18.874+0000] {spark_submit.py:644} INFO - Simple DataFrame created:
[2025-05-31T06:09:19.244+0000] {spark_submit.py:644} INFO - 25/05/31 06:09:19 INFO CodeGenerator: Code generated in 83.496791 ms
[2025-05-31T06:09:19.261+0000] {spark_submit.py:644} INFO - 25/05/31 06:09:19 INFO SparkContext: Starting job: showString at NativeMethodAccessorImpl.java:0
[2025-05-31T06:09:19.267+0000] {spark_submit.py:644} INFO - 25/05/31 06:09:19 INFO DAGScheduler: Got job 0 (showString at NativeMethodAccessorImpl.java:0) with 1 output partitions
[2025-05-31T06:09:19.268+0000] {spark_submit.py:644} INFO - 25/05/31 06:09:19 INFO DAGScheduler: Final stage: ResultStage 0 (showString at NativeMethodAccessorImpl.java:0)
[2025-05-31T06:09:19.268+0000] {spark_submit.py:644} INFO - 25/05/31 06:09:19 INFO DAGScheduler: Parents of final stage: List()
[2025-05-31T06:09:19.268+0000] {spark_submit.py:644} INFO - 25/05/31 06:09:19 INFO DAGScheduler: Missing parents: List()
[2025-05-31T06:09:19.270+0000] {spark_submit.py:644} INFO - 25/05/31 06:09:19 INFO DAGScheduler: Submitting ResultStage 0 (MapPartitionsRDD[6] at showString at NativeMethodAccessorImpl.java:0), which has no missing parents
[2025-05-31T06:09:19.322+0000] {spark_submit.py:644} INFO - 25/05/31 06:09:19 INFO MemoryStore: Block broadcast_0 stored as values in memory (estimated size 12.7 KiB, free 434.4 MiB)
[2025-05-31T06:09:19.344+0000] {spark_submit.py:644} INFO - 25/05/31 06:09:19 INFO MemoryStore: Block broadcast_0_piece0 stored as bytes in memory (estimated size 6.7 KiB, free 434.4 MiB)
[2025-05-31T06:09:19.350+0000] {spark_submit.py:644} INFO - 25/05/31 06:09:19 INFO BlockManagerInfo: Added broadcast_0_piece0 in memory on ad15582392fb:37991 (size: 6.7 KiB, free: 434.4 MiB)
[2025-05-31T06:09:19.353+0000] {spark_submit.py:644} INFO - 25/05/31 06:09:19 INFO SparkContext: Created broadcast 0 from broadcast at DAGScheduler.scala:1585
[2025-05-31T06:09:19.361+0000] {spark_submit.py:644} INFO - 25/05/31 06:09:19 INFO DAGScheduler: Submitting 1 missing tasks from ResultStage 0 (MapPartitionsRDD[6] at showString at NativeMethodAccessorImpl.java:0) (first 15 tasks are for partitions Vector(0))
[2025-05-31T06:09:19.361+0000] {spark_submit.py:644} INFO - 25/05/31 06:09:19 INFO TaskSchedulerImpl: Adding task set 0.0 with 1 tasks resource profile 0
[2025-05-31T06:09:19.377+0000] {spark_submit.py:644} INFO - 25/05/31 06:09:19 INFO TaskSetManager: Starting task 0.0 in stage 0.0 (TID 0) (172.18.0.8, executor 0, partition 0, PROCESS_LOCAL, 9020 bytes)
[2025-05-31T06:09:19.527+0000] {spark_submit.py:644} INFO - 25/05/31 06:09:19 INFO BlockManagerInfo: Added broadcast_0_piece0 in memory on 172.18.0.8:39141 (size: 6.7 KiB, free: 1048.8 MiB)
[2025-05-31T06:09:20.308+0000] {spark_submit.py:644} INFO - 25/05/31 06:09:20 INFO TaskSetManager: Finished task 0.0 in stage 0.0 (TID 0) in 937 ms on 172.18.0.8 (executor 0) (1/1)
[2025-05-31T06:09:20.309+0000] {spark_submit.py:644} INFO - 25/05/31 06:09:20 INFO TaskSchedulerImpl: Removed TaskSet 0.0, whose tasks have all completed, from pool
[2025-05-31T06:09:20.312+0000] {spark_submit.py:644} INFO - 25/05/31 06:09:20 INFO PythonAccumulatorV2: Connected to AccumulatorServer at host: 127.0.0.1 port: 36423
[2025-05-31T06:09:20.314+0000] {spark_submit.py:644} INFO - 25/05/31 06:09:20 INFO DAGScheduler: ResultStage 0 (showString at NativeMethodAccessorImpl.java:0) finished in 1.036 s
[2025-05-31T06:09:20.315+0000] {spark_submit.py:644} INFO - 25/05/31 06:09:20 INFO DAGScheduler: Job 0 is finished. Cancelling potential speculative or zombie tasks for this job
[2025-05-31T06:09:20.315+0000] {spark_submit.py:644} INFO - 25/05/31 06:09:20 INFO TaskSchedulerImpl: Killing all running tasks in stage 0: Stage finished
[2025-05-31T06:09:20.316+0000] {spark_submit.py:644} INFO - 25/05/31 06:09:20 INFO DAGScheduler: Job 0 finished: showString at NativeMethodAccessorImpl.java:0, took 1.055140 s
[2025-05-31T06:09:20.323+0000] {spark_submit.py:644} INFO - 25/05/31 06:09:20 INFO SparkContext: Starting job: showString at NativeMethodAccessorImpl.java:0
[2025-05-31T06:09:20.324+0000] {spark_submit.py:644} INFO - 25/05/31 06:09:20 INFO DAGScheduler: Got job 1 (showString at NativeMethodAccessorImpl.java:0) with 1 output partitions
[2025-05-31T06:09:20.324+0000] {spark_submit.py:644} INFO - 25/05/31 06:09:20 INFO DAGScheduler: Final stage: ResultStage 1 (showString at NativeMethodAccessorImpl.java:0)
[2025-05-31T06:09:20.324+0000] {spark_submit.py:644} INFO - 25/05/31 06:09:20 INFO DAGScheduler: Parents of final stage: List()
[2025-05-31T06:09:20.324+0000] {spark_submit.py:644} INFO - 25/05/31 06:09:20 INFO DAGScheduler: Missing parents: List()
[2025-05-31T06:09:20.324+0000] {spark_submit.py:644} INFO - 25/05/31 06:09:20 INFO DAGScheduler: Submitting ResultStage 1 (MapPartitionsRDD[6] at showString at NativeMethodAccessorImpl.java:0), which has no missing parents
[2025-05-31T06:09:20.326+0000] {spark_submit.py:644} INFO - 25/05/31 06:09:20 INFO MemoryStore: Block broadcast_1 stored as values in memory (estimated size 12.7 KiB, free 434.4 MiB)
[2025-05-31T06:09:20.330+0000] {spark_submit.py:644} INFO - 25/05/31 06:09:20 INFO MemoryStore: Block broadcast_1_piece0 stored as bytes in memory (estimated size 6.7 KiB, free 434.4 MiB)
[2025-05-31T06:09:20.330+0000] {spark_submit.py:644} INFO - 25/05/31 06:09:20 INFO BlockManagerInfo: Added broadcast_1_piece0 in memory on ad15582392fb:37991 (size: 6.7 KiB, free: 434.4 MiB)
[2025-05-31T06:09:20.331+0000] {spark_submit.py:644} INFO - 25/05/31 06:09:20 INFO SparkContext: Created broadcast 1 from broadcast at DAGScheduler.scala:1585
[2025-05-31T06:09:20.331+0000] {spark_submit.py:644} INFO - 25/05/31 06:09:20 INFO DAGScheduler: Submitting 1 missing tasks from ResultStage 1 (MapPartitionsRDD[6] at showString at NativeMethodAccessorImpl.java:0) (first 15 tasks are for partitions Vector(1))
[2025-05-31T06:09:20.332+0000] {spark_submit.py:644} INFO - 25/05/31 06:09:20 INFO TaskSchedulerImpl: Adding task set 1.0 with 1 tasks resource profile 0
[2025-05-31T06:09:20.333+0000] {spark_submit.py:644} INFO - 25/05/31 06:09:20 INFO TaskSetManager: Starting task 0.0 in stage 1.0 (TID 1) (172.18.0.8, executor 0, partition 1, PROCESS_LOCAL, 9020 bytes)
[2025-05-31T06:09:20.345+0000] {spark_submit.py:644} INFO - 25/05/31 06:09:20 INFO BlockManagerInfo: Removed broadcast_0_piece0 on ad15582392fb:37991 in memory (size: 6.7 KiB, free: 434.4 MiB)
[2025-05-31T06:09:20.348+0000] {spark_submit.py:644} INFO - 25/05/31 06:09:20 INFO BlockManagerInfo: Added broadcast_1_piece0 in memory on 172.18.0.8:39141 (size: 6.7 KiB, free: 1048.8 MiB)
[2025-05-31T06:09:20.352+0000] {spark_submit.py:644} INFO - 25/05/31 06:09:20 INFO BlockManagerInfo: Removed broadcast_0_piece0 on 172.18.0.8:39141 in memory (size: 6.7 KiB, free: 1048.8 MiB)
[2025-05-31T06:09:20.406+0000] {spark_submit.py:644} INFO - 25/05/31 06:09:20 INFO TaskSetManager: Finished task 0.0 in stage 1.0 (TID 1) in 73 ms on 172.18.0.8 (executor 0) (1/1)
[2025-05-31T06:09:20.406+0000] {spark_submit.py:644} INFO - 25/05/31 06:09:20 INFO TaskSchedulerImpl: Removed TaskSet 1.0, whose tasks have all completed, from pool
[2025-05-31T06:09:20.407+0000] {spark_submit.py:644} INFO - 25/05/31 06:09:20 INFO DAGScheduler: ResultStage 1 (showString at NativeMethodAccessorImpl.java:0) finished in 0.081 s
[2025-05-31T06:09:20.407+0000] {spark_submit.py:644} INFO - 25/05/31 06:09:20 INFO DAGScheduler: Job 1 is finished. Cancelling potential speculative or zombie tasks for this job
[2025-05-31T06:09:20.407+0000] {spark_submit.py:644} INFO - 25/05/31 06:09:20 INFO TaskSchedulerImpl: Killing all running tasks in stage 1: Stage finished
[2025-05-31T06:09:20.407+0000] {spark_submit.py:644} INFO - 25/05/31 06:09:20 INFO DAGScheduler: Job 1 finished: showString at NativeMethodAccessorImpl.java:0, took 0.084084 s
[2025-05-31T06:09:20.740+0000] {spark_submit.py:644} INFO - 25/05/31 06:09:20 INFO BlockManagerInfo: Removed broadcast_1_piece0 on 172.18.0.8:39141 in memory (size: 6.7 KiB, free: 1048.8 MiB)
[2025-05-31T06:09:20.742+0000] {spark_submit.py:644} INFO - 25/05/31 06:09:20 INFO BlockManagerInfo: Removed broadcast_1_piece0 on ad15582392fb:37991 in memory (size: 6.7 KiB, free: 434.4 MiB)
[2025-05-31T06:09:20.852+0000] {spark_submit.py:644} INFO - 25/05/31 06:09:20 INFO CodeGenerator: Code generated in 8.918042 ms
[2025-05-31T06:09:20.857+0000] {spark_submit.py:644} INFO - +---+-----+
[2025-05-31T06:09:20.858+0000] {spark_submit.py:644} INFO - | id|value|
[2025-05-31T06:09:20.858+0000] {spark_submit.py:644} INFO - +---+-----+
[2025-05-31T06:09:20.858+0000] {spark_submit.py:644} INFO - |  1|test1|
[2025-05-31T06:09:20.858+0000] {spark_submit.py:644} INFO - |  2|test2|
[2025-05-31T06:09:20.858+0000] {spark_submit.py:644} INFO - +---+-----+
[2025-05-31T06:09:20.858+0000] {spark_submit.py:644} INFO - 
[2025-05-31T06:09:20.858+0000] {spark_submit.py:644} INFO - Simple test completed successfully.
[2025-05-31T06:09:20.859+0000] {spark_submit.py:644} INFO - 25/05/31 06:09:20 INFO SparkContext: SparkContext is stopping with exitCode 0.
[2025-05-31T06:09:20.864+0000] {spark_submit.py:644} INFO - 25/05/31 06:09:20 INFO SparkUI: Stopped Spark web UI at http://ad15582392fb:4040
[2025-05-31T06:09:20.866+0000] {spark_submit.py:644} INFO - 25/05/31 06:09:20 INFO StandaloneSchedulerBackend: Shutting down all executors
[2025-05-31T06:09:20.866+0000] {spark_submit.py:644} INFO - 25/05/31 06:09:20 INFO StandaloneSchedulerBackend$StandaloneDriverEndpoint: Asking each executor to shut down
[2025-05-31T06:09:20.878+0000] {spark_submit.py:644} INFO - 25/05/31 06:09:20 INFO MapOutputTrackerMasterEndpoint: MapOutputTrackerMasterEndpoint stopped!
[2025-05-31T06:09:20.888+0000] {spark_submit.py:644} INFO - 25/05/31 06:09:20 INFO MemoryStore: MemoryStore cleared
[2025-05-31T06:09:20.890+0000] {spark_submit.py:644} INFO - 25/05/31 06:09:20 INFO BlockManager: BlockManager stopped
[2025-05-31T06:09:20.890+0000] {spark_submit.py:644} INFO - 25/05/31 06:09:20 INFO BlockManagerMaster: BlockManagerMaster stopped
[2025-05-31T06:09:20.891+0000] {spark_submit.py:644} INFO - 25/05/31 06:09:20 INFO OutputCommitCoordinator$OutputCommitCoordinatorEndpoint: OutputCommitCoordinator stopped!
[2025-05-31T06:09:20.897+0000] {spark_submit.py:644} INFO - 25/05/31 06:09:20 INFO SparkContext: Successfully stopped SparkContext
[2025-05-31T06:09:21.412+0000] {spark_submit.py:644} INFO - Spark session stopped.
[2025-05-31T06:09:21.480+0000] {spark_submit.py:644} INFO - 25/05/31 06:09:21 INFO ShutdownHookManager: Shutdown hook called
[2025-05-31T06:09:21.480+0000] {spark_submit.py:644} INFO - 25/05/31 06:09:21 INFO ShutdownHookManager: Deleting directory /tmp/spark-7f08a582-57e7-4887-86d8-f0b0fb466f31
[2025-05-31T06:09:21.482+0000] {spark_submit.py:644} INFO - 25/05/31 06:09:21 INFO ShutdownHookManager: Deleting directory /opt/***/dags/spark_temp/spark-20b737f6-c734-445e-bc7a-28d4878b46da
[2025-05-31T06:09:21.485+0000] {spark_submit.py:644} INFO - 25/05/31 06:09:21 INFO ShutdownHookManager: Deleting directory /opt/***/dags/spark_temp/spark-20b737f6-c734-445e-bc7a-28d4878b46da/pyspark-d39f7285-b53d-4540-b62a-6e4b5b0d437e
[2025-05-31T06:09:21.527+0000] {taskinstance.py:340} INFO - ::group::Post task execution logs
[2025-05-31T06:09:21.528+0000] {taskinstance.py:352} INFO - Marking task as SUCCESS. dag_id=medallion_sales_etl, task_id=submit_medallion_sales_etl_job, run_id=manual__2025-05-31T06:09:13.539144+00:00, execution_date=20250531T060913, start_date=20250531T060914, end_date=20250531T060921
[2025-05-31T06:09:21.552+0000] {local_task_job_runner.py:266} INFO - Task exited with return code 0
[2025-05-31T06:09:21.562+0000] {taskinstance.py:3895} INFO - 0 downstream tasks scheduled from follow-on schedule check
[2025-05-31T06:09:21.562+0000] {local_task_job_runner.py:245} INFO - ::endgroup::
