[2025-06-01T06:36:46.033+0000] {local_task_job_runner.py:123} INFO - ::group::Pre task execution logs
[2025-06-01T06:36:46.042+0000] {taskinstance.py:2613} INFO - Dependencies all met for dep_context=non-requeueable deps ti=<TaskInstance: medallion_sales_etl.submit_bronze_sales_etl_job manual__2025-06-01T06:36:44.721261+00:00 [queued]>
[2025-06-01T06:36:46.045+0000] {taskinstance.py:2613} INFO - Dependencies all met for dep_context=requeueable deps ti=<TaskInstance: medallion_sales_etl.submit_bronze_sales_etl_job manual__2025-06-01T06:36:44.721261+00:00 [queued]>
[2025-06-01T06:36:46.045+0000] {taskinstance.py:2866} INFO - Starting attempt 1 of 1
[2025-06-01T06:36:46.050+0000] {taskinstance.py:2889} INFO - Executing <Task(SparkSubmitOperator): submit_bronze_sales_etl_job> on 2025-06-01 06:36:44.721261+00:00
[2025-06-01T06:36:46.053+0000] {standard_task_runner.py:72} INFO - Started process 200 to run task
[2025-06-01T06:36:46.055+0000] {standard_task_runner.py:104} INFO - Running: ['***', 'tasks', 'run', 'medallion_sales_etl', 'submit_bronze_sales_etl_job', 'manual__2025-06-01T06:36:44.721261+00:00', '--job-id', '3', '--raw', '--subdir', 'DAGS_FOLDER/medallion_sales_etl_dag.py', '--cfg-path', '/tmp/tmpiic1hdlj']
[2025-06-01T06:36:46.056+0000] {standard_task_runner.py:105} INFO - Job 3: Subtask submit_bronze_sales_etl_job
[2025-06-01T06:36:46.082+0000] {task_command.py:467} INFO - Running <TaskInstance: medallion_sales_etl.submit_bronze_sales_etl_job manual__2025-06-01T06:36:44.721261+00:00 [running]> on host 5272c5e55b21
[2025-06-01T06:36:46.124+0000] {taskinstance.py:3132} INFO - Exporting env vars: AIRFLOW_CTX_DAG_OWNER='qdinh18' AIRFLOW_CTX_DAG_ID='medallion_sales_etl' AIRFLOW_CTX_TASK_ID='submit_bronze_sales_etl_job' AIRFLOW_CTX_EXECUTION_DATE='2025-06-01T06:36:44.721261+00:00' AIRFLOW_CTX_TRY_NUMBER='1' AIRFLOW_CTX_DAG_RUN_ID='manual__2025-06-01T06:36:44.721261+00:00'
[2025-06-01T06:36:46.124+0000] {taskinstance.py:731} INFO - ::endgroup::
[2025-06-01T06:36:46.139+0000] {base.py:84} INFO - Retrieving connection 'spark_default'
[2025-06-01T06:36:46.140+0000] {spark_submit.py:474} INFO - Spark-Submit cmd: spark-submit --master spark-master:7077 --conf spark.executor.memory=2g --conf spark.sql.extensions=io.delta.sql.DeltaSparkSessionExtension --conf spark.sql.catalog.spark_catalog=org.apache.spark.sql.delta.catalog.DeltaCatalog --conf spark.hadoop.fs.s3a.endpoint=http://minio:9000 --conf spark.hadoop.fs.s3a.access.key=minioadmin --conf spark.hadoop.fs.s3a.secret.key=****** --conf spark.hadoop.fs.s3a.path.style.access=true --conf spark.hadoop.fs.s3a.impl=org.apache.hadoop.fs.s3a.S3AFileSystem --conf spark.local.dir=/opt/***/dags/spark_temp --packages org.apache.hadoop:hadoop-aws:3.3.4,com.amazonaws:aws-java-sdk-bundle:1.12.262,io.delta:delta-spark_2.12:3.1.0 --name bronze_sales_etl_spark_job --verbose --queue root.default --deploy-mode client /opt/***/dags/bronze_ingestion_sales_etl.py --output_path s3a://qdinh18/bronze/sales_data/
[2025-06-01T06:36:46.803+0000] {spark_submit.py:644} INFO - Using properties file: null
[2025-06-01T06:36:46.856+0000] {spark_submit.py:644} INFO - Parsed arguments:
[2025-06-01T06:36:46.856+0000] {spark_submit.py:644} INFO - master                  spark-master:7077
[2025-06-01T06:36:46.856+0000] {spark_submit.py:644} INFO - remote                  null
[2025-06-01T06:36:46.857+0000] {spark_submit.py:644} INFO - deployMode              client
[2025-06-01T06:36:46.857+0000] {spark_submit.py:644} INFO - executorMemory          2g
[2025-06-01T06:36:46.857+0000] {spark_submit.py:644} INFO - executorCores           null
[2025-06-01T06:36:46.857+0000] {spark_submit.py:644} INFO - totalExecutorCores      null
[2025-06-01T06:36:46.857+0000] {spark_submit.py:644} INFO - propertiesFile          null
[2025-06-01T06:36:46.857+0000] {spark_submit.py:644} INFO - driverMemory            null
[2025-06-01T06:36:46.857+0000] {spark_submit.py:644} INFO - driverCores             null
[2025-06-01T06:36:46.857+0000] {spark_submit.py:644} INFO - driverExtraClassPath    null
[2025-06-01T06:36:46.857+0000] {spark_submit.py:644} INFO - driverExtraLibraryPath  null
[2025-06-01T06:36:46.857+0000] {spark_submit.py:644} INFO - driverExtraJavaOptions  null
[2025-06-01T06:36:46.858+0000] {spark_submit.py:644} INFO - supervise               false
[2025-06-01T06:36:46.858+0000] {spark_submit.py:644} INFO - queue                   root.default
[2025-06-01T06:36:46.858+0000] {spark_submit.py:644} INFO - numExecutors            null
[2025-06-01T06:36:46.858+0000] {spark_submit.py:644} INFO - files                   null
[2025-06-01T06:36:46.858+0000] {spark_submit.py:644} INFO - pyFiles                 null
[2025-06-01T06:36:46.858+0000] {spark_submit.py:644} INFO - archives                null
[2025-06-01T06:36:46.858+0000] {spark_submit.py:644} INFO - mainClass               null
[2025-06-01T06:36:46.858+0000] {spark_submit.py:644} INFO - primaryResource         file:/opt/***/dags/bronze_ingestion_sales_etl.py
[2025-06-01T06:36:46.859+0000] {spark_submit.py:644} INFO - name                    bronze_sales_etl_spark_job
[2025-06-01T06:36:46.859+0000] {spark_submit.py:644} INFO - childArgs               [--output_path s3a://qdinh18/bronze/sales_data/]
[2025-06-01T06:36:46.859+0000] {spark_submit.py:644} INFO - jars                    null
[2025-06-01T06:36:46.859+0000] {spark_submit.py:644} INFO - packages                org.apache.hadoop:hadoop-aws:3.3.4,com.amazonaws:aws-java-sdk-bundle:1.12.262,io.delta:delta-spark_2.12:3.1.0
[2025-06-01T06:36:46.859+0000] {spark_submit.py:644} INFO - packagesExclusions      null
[2025-06-01T06:36:46.859+0000] {spark_submit.py:644} INFO - repositories            null
[2025-06-01T06:36:46.859+0000] {spark_submit.py:644} INFO - verbose                 true
[2025-06-01T06:36:46.859+0000] {spark_submit.py:644} INFO - 
[2025-06-01T06:36:46.859+0000] {spark_submit.py:644} INFO - Spark properties used, including those specified through
[2025-06-01T06:36:46.860+0000] {spark_submit.py:644} INFO - --conf and those from the properties file null:
[2025-06-01T06:36:46.860+0000] {spark_submit.py:644} INFO - (spark.executor.memory,2g)
[2025-06-01T06:36:46.860+0000] {spark_submit.py:644} INFO - (spark.hadoop.fs.s3a.access.key,*********(redacted))
[2025-06-01T06:36:46.860+0000] {spark_submit.py:644} INFO - (spark.hadoop.fs.s3a.endpoint,http://minio:9000)
[2025-06-01T06:36:46.860+0000] {spark_submit.py:644} INFO - (spark.hadoop.fs.s3a.impl,org.apache.hadoop.fs.s3a.S3AFileSystem)
[2025-06-01T06:36:46.860+0000] {spark_submit.py:644} INFO - (spark.hadoop.fs.s3a.path.style.access,true)
[2025-06-01T06:36:46.860+0000] {spark_submit.py:644} INFO - (spark.hadoop.fs.s3a.secret.key,*********(redacted))
[2025-06-01T06:36:46.860+0000] {spark_submit.py:644} INFO - (spark.local.dir,/opt/***/dags/spark_temp)
[2025-06-01T06:36:46.861+0000] {spark_submit.py:644} INFO - (spark.sql.catalog.spark_catalog,org.apache.spark.sql.delta.catalog.DeltaCatalog)
[2025-06-01T06:36:46.861+0000] {spark_submit.py:644} INFO - (spark.sql.extensions,io.delta.sql.DeltaSparkSessionExtension)
[2025-06-01T06:36:46.861+0000] {spark_submit.py:644} INFO - 
[2025-06-01T06:36:46.861+0000] {spark_submit.py:644} INFO - 
[2025-06-01T06:36:46.928+0000] {spark_submit.py:644} INFO - :: loading settings :: url = jar:file:/home/***/.local/lib/python3.11/site-packages/pyspark/jars/ivy-2.5.1.jar!/org/apache/ivy/core/settings/ivysettings.xml
[2025-06-01T06:36:46.971+0000] {spark_submit.py:644} INFO - Ivy Default Cache set to: /home/***/.ivy2/cache
[2025-06-01T06:36:46.971+0000] {spark_submit.py:644} INFO - The jars for the packages stored in: /home/***/.ivy2/jars
[2025-06-01T06:36:46.973+0000] {spark_submit.py:644} INFO - org.apache.hadoop#hadoop-aws added as a dependency
[2025-06-01T06:36:46.974+0000] {spark_submit.py:644} INFO - com.amazonaws#aws-java-sdk-bundle added as a dependency
[2025-06-01T06:36:46.974+0000] {spark_submit.py:644} INFO - io.delta#delta-spark_2.12 added as a dependency
[2025-06-01T06:36:46.974+0000] {spark_submit.py:644} INFO - :: resolving dependencies :: org.apache.spark#spark-submit-parent-771c3423-18c2-4407-a40e-bc9040702424;1.0
[2025-06-01T06:36:46.974+0000] {spark_submit.py:644} INFO - confs: [default]
[2025-06-01T06:36:51.066+0000] {spark_submit.py:644} INFO - found org.apache.hadoop#hadoop-aws;3.3.4 in central
[2025-06-01T06:36:52.711+0000] {spark_submit.py:644} INFO - found com.amazonaws#aws-java-sdk-bundle;1.12.262 in central
[2025-06-01T06:36:55.776+0000] {spark_submit.py:644} INFO - found org.wildfly.openssl#wildfly-openssl;1.0.7.Final in central
[2025-06-01T06:36:56.153+0000] {spark_submit.py:644} INFO - found io.delta#delta-spark_2.12;3.1.0 in central
[2025-06-01T06:36:56.532+0000] {spark_submit.py:644} INFO - found io.delta#delta-storage;3.1.0 in central
[2025-06-01T06:36:59.266+0000] {spark_submit.py:644} INFO - found org.antlr#antlr4-runtime;4.9.3 in central
[2025-06-01T06:36:59.463+0000] {spark_submit.py:644} INFO - downloading https://repo1.maven.org/maven2/org/apache/hadoop/hadoop-aws/3.3.4/hadoop-aws-3.3.4.jar ...
[2025-06-01T06:37:00.185+0000] {spark_submit.py:644} INFO - [SUCCESSFUL ] org.apache.hadoop#hadoop-aws;3.3.4!hadoop-aws.jar (914ms)
[2025-06-01T06:37:00.369+0000] {spark_submit.py:644} INFO - downloading https://repo1.maven.org/maven2/com/amazonaws/aws-java-sdk-bundle/1.12.262/aws-java-sdk-bundle-1.12.262.jar ...
[2025-06-01T06:37:13.183+0000] {spark_submit.py:644} INFO - [SUCCESSFUL ] com.amazonaws#aws-java-sdk-bundle;1.12.262!aws-java-sdk-bundle.jar (12997ms)
[2025-06-01T06:37:13.375+0000] {spark_submit.py:644} INFO - downloading https://repo1.maven.org/maven2/io/delta/delta-spark_2.12/3.1.0/delta-spark_2.12-3.1.0.jar ...
[2025-06-01T06:37:13.773+0000] {spark_submit.py:644} INFO - [SUCCESSFUL ] io.delta#delta-spark_2.12;3.1.0!delta-spark_2.12.jar (589ms)
[2025-06-01T06:37:13.955+0000] {spark_submit.py:644} INFO - downloading https://repo1.maven.org/maven2/org/wildfly/openssl/wildfly-openssl/1.0.7.Final/wildfly-openssl-1.0.7.Final.jar ...
[2025-06-01T06:37:14.151+0000] {spark_submit.py:644} INFO - [SUCCESSFUL ] org.wildfly.openssl#wildfly-openssl;1.0.7.Final!wildfly-openssl.jar (377ms)
[2025-06-01T06:37:14.331+0000] {spark_submit.py:644} INFO - downloading https://repo1.maven.org/maven2/io/delta/delta-storage/3.1.0/delta-storage-3.1.0.jar ...
[2025-06-01T06:37:14.516+0000] {spark_submit.py:644} INFO - [SUCCESSFUL ] io.delta#delta-storage;3.1.0!delta-storage.jar (363ms)
[2025-06-01T06:37:14.700+0000] {spark_submit.py:644} INFO - downloading https://repo1.maven.org/maven2/org/antlr/antlr4-runtime/4.9.3/antlr4-runtime-4.9.3.jar ...
[2025-06-01T06:37:14.893+0000] {spark_submit.py:644} INFO - [SUCCESSFUL ] org.antlr#antlr4-runtime;4.9.3!antlr4-runtime.jar (376ms)
[2025-06-01T06:37:14.894+0000] {spark_submit.py:644} INFO - :: resolution report :: resolve 12297ms :: artifacts dl 15623ms
[2025-06-01T06:37:14.895+0000] {spark_submit.py:644} INFO - :: modules in use:
[2025-06-01T06:37:14.895+0000] {spark_submit.py:644} INFO - com.amazonaws#aws-java-sdk-bundle;1.12.262 from central in [default]
[2025-06-01T06:37:14.896+0000] {spark_submit.py:644} INFO - io.delta#delta-spark_2.12;3.1.0 from central in [default]
[2025-06-01T06:37:14.896+0000] {spark_submit.py:644} INFO - io.delta#delta-storage;3.1.0 from central in [default]
[2025-06-01T06:37:14.896+0000] {spark_submit.py:644} INFO - org.antlr#antlr4-runtime;4.9.3 from central in [default]
[2025-06-01T06:37:14.897+0000] {spark_submit.py:644} INFO - org.apache.hadoop#hadoop-aws;3.3.4 from central in [default]
[2025-06-01T06:37:14.897+0000] {spark_submit.py:644} INFO - org.wildfly.openssl#wildfly-openssl;1.0.7.Final from central in [default]
[2025-06-01T06:37:14.897+0000] {spark_submit.py:644} INFO - ---------------------------------------------------------------------
[2025-06-01T06:37:14.897+0000] {spark_submit.py:644} INFO - |                  |            modules            ||   artifacts   |
[2025-06-01T06:37:14.898+0000] {spark_submit.py:644} INFO - |       conf       | number| search|dwnlded|evicted|| number|dwnlded|
[2025-06-01T06:37:14.898+0000] {spark_submit.py:644} INFO - ---------------------------------------------------------------------
[2025-06-01T06:37:14.898+0000] {spark_submit.py:644} INFO - |      default     |   6   |   6   |   6   |   0   ||   6   |   6   |
[2025-06-01T06:37:14.899+0000] {spark_submit.py:644} INFO - ---------------------------------------------------------------------
[2025-06-01T06:37:14.900+0000] {spark_submit.py:644} INFO - :: retrieving :: org.apache.spark#spark-submit-parent-771c3423-18c2-4407-a40e-bc9040702424
[2025-06-01T06:37:14.900+0000] {spark_submit.py:644} INFO - confs: [default]
[2025-06-01T06:37:15.210+0000] {spark_submit.py:644} INFO - 6 artifacts copied, 0 already retrieved (281149kB/310ms)
[2025-06-01T06:37:15.316+0000] {spark_submit.py:644} INFO - 25/06/01 06:37:15 WARN NativeCodeLoader: Unable to load native-hadoop library for your platform... using builtin-java classes where applicable
[2025-06-01T06:37:15.409+0000] {spark_submit.py:644} INFO - Main class:
[2025-06-01T06:37:15.410+0000] {spark_submit.py:644} INFO - org.apache.spark.deploy.PythonRunner
[2025-06-01T06:37:15.410+0000] {spark_submit.py:644} INFO - Arguments:
[2025-06-01T06:37:15.410+0000] {spark_submit.py:644} INFO - file:/opt/***/dags/bronze_ingestion_sales_etl.py
[2025-06-01T06:37:15.410+0000] {spark_submit.py:644} INFO - file:///home/***/.ivy2/jars/org.apache.hadoop_hadoop-aws-3.3.4.jar,file:///home/***/.ivy2/jars/com.amazonaws_aws-java-sdk-bundle-1.12.262.jar,file:///home/***/.ivy2/jars/io.delta_delta-spark_2.12-3.1.0.jar,file:///home/***/.ivy2/jars/org.wildfly.openssl_wildfly-openssl-1.0.7.Final.jar,file:///home/***/.ivy2/jars/io.delta_delta-storage-3.1.0.jar,file:///home/***/.ivy2/jars/org.antlr_antlr4-runtime-4.9.3.jar
[2025-06-01T06:37:15.410+0000] {spark_submit.py:644} INFO - --output_path
[2025-06-01T06:37:15.411+0000] {spark_submit.py:644} INFO - s3a://qdinh18/bronze/sales_data/
[2025-06-01T06:37:15.411+0000] {spark_submit.py:644} INFO - Spark config:
[2025-06-01T06:37:15.411+0000] {spark_submit.py:644} INFO - (spark.app.name,bronze_sales_etl_spark_job)
[2025-06-01T06:37:15.411+0000] {spark_submit.py:644} INFO - (spark.app.submitTime,1748759835401)
[2025-06-01T06:37:15.411+0000] {spark_submit.py:644} INFO - (spark.executor.memory,2g)
[2025-06-01T06:37:15.412+0000] {spark_submit.py:644} INFO - (spark.files,file:///home/***/.ivy2/jars/org.apache.hadoop_hadoop-aws-3.3.4.jar,file:///home/***/.ivy2/jars/com.amazonaws_aws-java-sdk-bundle-1.12.262.jar,file:///home/***/.ivy2/jars/io.delta_delta-spark_2.12-3.1.0.jar,file:///home/***/.ivy2/jars/org.wildfly.openssl_wildfly-openssl-1.0.7.Final.jar,file:///home/***/.ivy2/jars/io.delta_delta-storage-3.1.0.jar,file:///home/***/.ivy2/jars/org.antlr_antlr4-runtime-4.9.3.jar)
[2025-06-01T06:37:15.412+0000] {spark_submit.py:644} INFO - (spark.hadoop.fs.s3a.access.key,*********(redacted))
[2025-06-01T06:37:15.412+0000] {spark_submit.py:644} INFO - (spark.hadoop.fs.s3a.endpoint,http://minio:9000)
[2025-06-01T06:37:15.412+0000] {spark_submit.py:644} INFO - (spark.hadoop.fs.s3a.impl,org.apache.hadoop.fs.s3a.S3AFileSystem)
[2025-06-01T06:37:15.412+0000] {spark_submit.py:644} INFO - (spark.hadoop.fs.s3a.path.style.access,true)
[2025-06-01T06:37:15.412+0000] {spark_submit.py:644} INFO - (spark.hadoop.fs.s3a.secret.key,*********(redacted))
[2025-06-01T06:37:15.413+0000] {spark_submit.py:644} INFO - (spark.jars,file:///home/***/.ivy2/jars/org.apache.hadoop_hadoop-aws-3.3.4.jar,file:///home/***/.ivy2/jars/com.amazonaws_aws-java-sdk-bundle-1.12.262.jar,file:///home/***/.ivy2/jars/io.delta_delta-spark_2.12-3.1.0.jar,file:///home/***/.ivy2/jars/org.wildfly.openssl_wildfly-openssl-1.0.7.Final.jar,file:///home/***/.ivy2/jars/io.delta_delta-storage-3.1.0.jar,file:///home/***/.ivy2/jars/org.antlr_antlr4-runtime-4.9.3.jar)
[2025-06-01T06:37:15.413+0000] {spark_submit.py:644} INFO - (spark.local.dir,/opt/***/dags/spark_temp)
[2025-06-01T06:37:15.413+0000] {spark_submit.py:644} INFO - (spark.master,spark-master:7077)
[2025-06-01T06:37:15.413+0000] {spark_submit.py:644} INFO - (spark.repl.local.jars,file:///home/***/.ivy2/jars/org.apache.hadoop_hadoop-aws-3.3.4.jar,file:///home/***/.ivy2/jars/com.amazonaws_aws-java-sdk-bundle-1.12.262.jar,file:///home/***/.ivy2/jars/io.delta_delta-spark_2.12-3.1.0.jar,file:///home/***/.ivy2/jars/org.wildfly.openssl_wildfly-openssl-1.0.7.Final.jar,file:///home/***/.ivy2/jars/io.delta_delta-storage-3.1.0.jar,file:///home/***/.ivy2/jars/org.antlr_antlr4-runtime-4.9.3.jar)
[2025-06-01T06:37:15.413+0000] {spark_submit.py:644} INFO - (spark.sql.catalog.spark_catalog,org.apache.spark.sql.delta.catalog.DeltaCatalog)
[2025-06-01T06:37:15.414+0000] {spark_submit.py:644} INFO - (spark.sql.extensions,io.delta.sql.DeltaSparkSessionExtension)
[2025-06-01T06:37:15.414+0000] {spark_submit.py:644} INFO - (spark.submit.deployMode,client)
[2025-06-01T06:37:15.414+0000] {spark_submit.py:644} INFO - (spark.submit.pyFiles,/home/***/.ivy2/jars/org.apache.hadoop_hadoop-aws-3.3.4.jar,/home/***/.ivy2/jars/com.amazonaws_aws-java-sdk-bundle-1.12.262.jar,/home/***/.ivy2/jars/io.delta_delta-spark_2.12-3.1.0.jar,/home/***/.ivy2/jars/org.wildfly.openssl_wildfly-openssl-1.0.7.Final.jar,/home/***/.ivy2/jars/io.delta_delta-storage-3.1.0.jar,/home/***/.ivy2/jars/org.antlr_antlr4-runtime-4.9.3.jar)
[2025-06-01T06:37:15.414+0000] {spark_submit.py:644} INFO - Classpath elements:
[2025-06-01T06:37:15.414+0000] {spark_submit.py:644} INFO - file:///home/***/.ivy2/jars/org.apache.hadoop_hadoop-aws-3.3.4.jar
[2025-06-01T06:37:15.414+0000] {spark_submit.py:644} INFO - file:///home/***/.ivy2/jars/com.amazonaws_aws-java-sdk-bundle-1.12.262.jar
[2025-06-01T06:37:15.414+0000] {spark_submit.py:644} INFO - file:///home/***/.ivy2/jars/io.delta_delta-spark_2.12-3.1.0.jar
[2025-06-01T06:37:15.415+0000] {spark_submit.py:644} INFO - file:///home/***/.ivy2/jars/org.wildfly.openssl_wildfly-openssl-1.0.7.Final.jar
[2025-06-01T06:37:15.415+0000] {spark_submit.py:644} INFO - file:///home/***/.ivy2/jars/io.delta_delta-storage-3.1.0.jar
[2025-06-01T06:37:15.415+0000] {spark_submit.py:644} INFO - file:///home/***/.ivy2/jars/org.antlr_antlr4-runtime-4.9.3.jar
[2025-06-01T06:37:15.415+0000] {spark_submit.py:644} INFO - 
[2025-06-01T06:37:15.415+0000] {spark_submit.py:644} INFO - 
[2025-06-01T06:37:16.029+0000] {spark_submit.py:644} INFO - 25/06/01 06:37:16 INFO SparkContext: Running Spark version 3.5.2
[2025-06-01T06:37:16.029+0000] {spark_submit.py:644} INFO - 25/06/01 06:37:16 INFO SparkContext: OS info Linux, 6.10.14-linuxkit, aarch64
[2025-06-01T06:37:16.030+0000] {spark_submit.py:644} INFO - 25/06/01 06:37:16 INFO SparkContext: Java version 17.0.15
[2025-06-01T06:37:16.031+0000] {spark_submit.py:644} INFO - 25/06/01 06:37:16 WARN SparkConf: Note that spark.local.dir will be overridden by the value set by the cluster manager (via SPARK_LOCAL_DIRS in mesos/standalone/kubernetes and LOCAL_DIRS in YARN).
[2025-06-01T06:37:16.039+0000] {spark_submit.py:644} INFO - 25/06/01 06:37:16 INFO ResourceUtils: ==============================================================
[2025-06-01T06:37:16.040+0000] {spark_submit.py:644} INFO - 25/06/01 06:37:16 INFO ResourceUtils: No custom resources configured for spark.driver.
[2025-06-01T06:37:16.040+0000] {spark_submit.py:644} INFO - 25/06/01 06:37:16 INFO ResourceUtils: ==============================================================
[2025-06-01T06:37:16.040+0000] {spark_submit.py:644} INFO - 25/06/01 06:37:16 INFO SparkContext: Submitted application: MedallionETLBronzeStage
[2025-06-01T06:37:16.050+0000] {spark_submit.py:644} INFO - 25/06/01 06:37:16 INFO ResourceProfile: Default ResourceProfile created, executor resources: Map(cores -> name: cores, amount: 1, script: , vendor: , memory -> name: memory, amount: 2048, script: , vendor: , offHeap -> name: offHeap, amount: 0, script: , vendor: ), task resources: Map(cpus -> name: cpus, amount: 1.0)
[2025-06-01T06:37:16.054+0000] {spark_submit.py:644} INFO - 25/06/01 06:37:16 INFO ResourceProfile: Limiting resource is cpu
[2025-06-01T06:37:16.055+0000] {spark_submit.py:644} INFO - 25/06/01 06:37:16 INFO ResourceProfileManager: Added ResourceProfile id: 0
[2025-06-01T06:37:16.080+0000] {spark_submit.py:644} INFO - 25/06/01 06:37:16 INFO SecurityManager: Changing view acls to: ***
[2025-06-01T06:37:16.080+0000] {spark_submit.py:644} INFO - 25/06/01 06:37:16 INFO SecurityManager: Changing modify acls to: ***
[2025-06-01T06:37:16.081+0000] {spark_submit.py:644} INFO - 25/06/01 06:37:16 INFO SecurityManager: Changing view acls groups to:
[2025-06-01T06:37:16.081+0000] {spark_submit.py:644} INFO - 25/06/01 06:37:16 INFO SecurityManager: Changing modify acls groups to:
[2025-06-01T06:37:16.081+0000] {spark_submit.py:644} INFO - 25/06/01 06:37:16 INFO SecurityManager: SecurityManager: authentication disabled; ui acls disabled; users with view permissions: ***; groups with view permissions: EMPTY; users with modify permissions: ***; groups with modify permissions: EMPTY
[2025-06-01T06:37:16.188+0000] {spark_submit.py:644} INFO - 25/06/01 06:37:16 INFO Utils: Successfully started service 'sparkDriver' on port 43665.
[2025-06-01T06:37:16.204+0000] {spark_submit.py:644} INFO - 25/06/01 06:37:16 INFO SparkEnv: Registering MapOutputTracker
[2025-06-01T06:37:16.221+0000] {spark_submit.py:644} INFO - 25/06/01 06:37:16 INFO SparkEnv: Registering BlockManagerMaster
[2025-06-01T06:37:16.229+0000] {spark_submit.py:644} INFO - 25/06/01 06:37:16 INFO BlockManagerMasterEndpoint: Using org.apache.spark.storage.DefaultTopologyMapper for getting topology information
[2025-06-01T06:37:16.229+0000] {spark_submit.py:644} INFO - 25/06/01 06:37:16 INFO BlockManagerMasterEndpoint: BlockManagerMasterEndpoint up
[2025-06-01T06:37:16.231+0000] {spark_submit.py:644} INFO - 25/06/01 06:37:16 INFO SparkEnv: Registering BlockManagerMasterHeartbeat
[2025-06-01T06:37:16.243+0000] {spark_submit.py:644} INFO - 25/06/01 06:37:16 INFO DiskBlockManager: Created local directory at /opt/***/dags/spark_temp/blockmgr-e4fa3eae-e4a3-48a3-b864-ebd8d89eae5d
[2025-06-01T06:37:16.250+0000] {spark_submit.py:644} INFO - 25/06/01 06:37:16 INFO MemoryStore: MemoryStore started with capacity 434.4 MiB
[2025-06-01T06:37:16.259+0000] {spark_submit.py:644} INFO - 25/06/01 06:37:16 INFO SparkEnv: Registering OutputCommitCoordinator
[2025-06-01T06:37:16.326+0000] {spark_submit.py:644} INFO - 25/06/01 06:37:16 INFO JettyUtils: Start Jetty 0.0.0.0:4040 for SparkUI
[2025-06-01T06:37:16.361+0000] {spark_submit.py:644} INFO - 25/06/01 06:37:16 INFO Utils: Successfully started service 'SparkUI' on port 4040.
[2025-06-01T06:37:16.382+0000] {spark_submit.py:644} INFO - 25/06/01 06:37:16 INFO SparkContext: Added JAR file:///home/***/.ivy2/jars/org.apache.hadoop_hadoop-aws-3.3.4.jar at spark://5272c5e55b21:43665/jars/org.apache.hadoop_hadoop-aws-3.3.4.jar with timestamp 1748759836024
[2025-06-01T06:37:16.383+0000] {spark_submit.py:644} INFO - 25/06/01 06:37:16 INFO SparkContext: Added JAR file:///home/***/.ivy2/jars/com.amazonaws_aws-java-sdk-bundle-1.12.262.jar at spark://5272c5e55b21:43665/jars/com.amazonaws_aws-java-sdk-bundle-1.12.262.jar with timestamp 1748759836024
[2025-06-01T06:37:16.383+0000] {spark_submit.py:644} INFO - 25/06/01 06:37:16 INFO SparkContext: Added JAR file:///home/***/.ivy2/jars/io.delta_delta-spark_2.12-3.1.0.jar at spark://5272c5e55b21:43665/jars/io.delta_delta-spark_2.12-3.1.0.jar with timestamp 1748759836024
[2025-06-01T06:37:16.383+0000] {spark_submit.py:644} INFO - 25/06/01 06:37:16 INFO SparkContext: Added JAR file:///home/***/.ivy2/jars/org.wildfly.openssl_wildfly-openssl-1.0.7.Final.jar at spark://5272c5e55b21:43665/jars/org.wildfly.openssl_wildfly-openssl-1.0.7.Final.jar with timestamp 1748759836024
[2025-06-01T06:37:16.383+0000] {spark_submit.py:644} INFO - 25/06/01 06:37:16 INFO SparkContext: Added JAR file:///home/***/.ivy2/jars/io.delta_delta-storage-3.1.0.jar at spark://5272c5e55b21:43665/jars/io.delta_delta-storage-3.1.0.jar with timestamp 1748759836024
[2025-06-01T06:37:16.384+0000] {spark_submit.py:644} INFO - 25/06/01 06:37:16 INFO SparkContext: Added JAR file:///home/***/.ivy2/jars/org.antlr_antlr4-runtime-4.9.3.jar at spark://5272c5e55b21:43665/jars/org.antlr_antlr4-runtime-4.9.3.jar with timestamp 1748759836024
[2025-06-01T06:37:16.384+0000] {spark_submit.py:644} INFO - 25/06/01 06:37:16 INFO SparkContext: Added file file:///home/***/.ivy2/jars/org.apache.hadoop_hadoop-aws-3.3.4.jar at spark://5272c5e55b21:43665/files/org.apache.hadoop_hadoop-aws-3.3.4.jar with timestamp 1748759836024
[2025-06-01T06:37:16.385+0000] {spark_submit.py:644} INFO - 25/06/01 06:37:16 INFO Utils: Copying /home/***/.ivy2/jars/org.apache.hadoop_hadoop-aws-3.3.4.jar to /opt/***/dags/spark_temp/spark-b19ab78d-e8f3-4686-a333-b964ae4c476e/userFiles-fa1641ad-d6f8-4c5c-8acc-31b363ca068c/org.apache.hadoop_hadoop-aws-3.3.4.jar
[2025-06-01T06:37:16.397+0000] {spark_submit.py:644} INFO - 25/06/01 06:37:16 INFO SparkContext: Added file file:///home/***/.ivy2/jars/com.amazonaws_aws-java-sdk-bundle-1.12.262.jar at spark://5272c5e55b21:43665/files/com.amazonaws_aws-java-sdk-bundle-1.12.262.jar with timestamp 1748759836024
[2025-06-01T06:37:16.398+0000] {spark_submit.py:644} INFO - 25/06/01 06:37:16 INFO Utils: Copying /home/***/.ivy2/jars/com.amazonaws_aws-java-sdk-bundle-1.12.262.jar to /opt/***/dags/spark_temp/spark-b19ab78d-e8f3-4686-a333-b964ae4c476e/userFiles-fa1641ad-d6f8-4c5c-8acc-31b363ca068c/com.amazonaws_aws-java-sdk-bundle-1.12.262.jar
[2025-06-01T06:37:16.775+0000] {spark_submit.py:644} INFO - 25/06/01 06:37:16 INFO SparkContext: Added file file:///home/***/.ivy2/jars/io.delta_delta-spark_2.12-3.1.0.jar at spark://5272c5e55b21:43665/files/io.delta_delta-spark_2.12-3.1.0.jar with timestamp 1748759836024
[2025-06-01T06:37:16.776+0000] {spark_submit.py:644} INFO - 25/06/01 06:37:16 INFO Utils: Copying /home/***/.ivy2/jars/io.delta_delta-spark_2.12-3.1.0.jar to /opt/***/dags/spark_temp/spark-b19ab78d-e8f3-4686-a333-b964ae4c476e/userFiles-fa1641ad-d6f8-4c5c-8acc-31b363ca068c/io.delta_delta-spark_2.12-3.1.0.jar
[2025-06-01T06:37:16.785+0000] {spark_submit.py:644} INFO - 25/06/01 06:37:16 INFO SparkContext: Added file file:///home/***/.ivy2/jars/org.wildfly.openssl_wildfly-openssl-1.0.7.Final.jar at spark://5272c5e55b21:43665/files/org.wildfly.openssl_wildfly-openssl-1.0.7.Final.jar with timestamp 1748759836024
[2025-06-01T06:37:16.786+0000] {spark_submit.py:644} INFO - 25/06/01 06:37:16 INFO Utils: Copying /home/***/.ivy2/jars/org.wildfly.openssl_wildfly-openssl-1.0.7.Final.jar to /opt/***/dags/spark_temp/spark-b19ab78d-e8f3-4686-a333-b964ae4c476e/userFiles-fa1641ad-d6f8-4c5c-8acc-31b363ca068c/org.wildfly.openssl_wildfly-openssl-1.0.7.Final.jar
[2025-06-01T06:37:16.790+0000] {spark_submit.py:644} INFO - 25/06/01 06:37:16 INFO SparkContext: Added file file:///home/***/.ivy2/jars/io.delta_delta-storage-3.1.0.jar at spark://5272c5e55b21:43665/files/io.delta_delta-storage-3.1.0.jar with timestamp 1748759836024
[2025-06-01T06:37:16.791+0000] {spark_submit.py:644} INFO - 25/06/01 06:37:16 INFO Utils: Copying /home/***/.ivy2/jars/io.delta_delta-storage-3.1.0.jar to /opt/***/dags/spark_temp/spark-b19ab78d-e8f3-4686-a333-b964ae4c476e/userFiles-fa1641ad-d6f8-4c5c-8acc-31b363ca068c/io.delta_delta-storage-3.1.0.jar
[2025-06-01T06:37:16.794+0000] {spark_submit.py:644} INFO - 25/06/01 06:37:16 INFO SparkContext: Added file file:///home/***/.ivy2/jars/org.antlr_antlr4-runtime-4.9.3.jar at spark://5272c5e55b21:43665/files/org.antlr_antlr4-runtime-4.9.3.jar with timestamp 1748759836024
[2025-06-01T06:37:16.795+0000] {spark_submit.py:644} INFO - 25/06/01 06:37:16 INFO Utils: Copying /home/***/.ivy2/jars/org.antlr_antlr4-runtime-4.9.3.jar to /opt/***/dags/spark_temp/spark-b19ab78d-e8f3-4686-a333-b964ae4c476e/userFiles-fa1641ad-d6f8-4c5c-8acc-31b363ca068c/org.antlr_antlr4-runtime-4.9.3.jar
[2025-06-01T06:37:16.815+0000] {spark_submit.py:644} INFO - 25/06/01 06:37:16 ERROR SparkContext: Error initializing SparkContext.
[2025-06-01T06:37:16.818+0000] {spark_submit.py:644} INFO - org.apache.spark.SparkException: Could not parse Master URL: 'spark-master:7077'
[2025-06-01T06:37:16.818+0000] {spark_submit.py:644} INFO - at org.apache.spark.SparkContext$.org$apache$spark$SparkContext$$createTaskScheduler(SparkContext.scala:3194)
[2025-06-01T06:37:16.819+0000] {spark_submit.py:644} INFO - at org.apache.spark.SparkContext.<init>(SparkContext.scala:577)
[2025-06-01T06:37:16.819+0000] {spark_submit.py:644} INFO - at org.apache.spark.api.java.JavaSparkContext.<init>(JavaSparkContext.scala:58)
[2025-06-01T06:37:16.820+0000] {spark_submit.py:644} INFO - at java.base/jdk.internal.reflect.NativeConstructorAccessorImpl.newInstance0(Native Method)
[2025-06-01T06:37:16.820+0000] {spark_submit.py:644} INFO - at java.base/jdk.internal.reflect.NativeConstructorAccessorImpl.newInstance(NativeConstructorAccessorImpl.java:77)
[2025-06-01T06:37:16.820+0000] {spark_submit.py:644} INFO - at java.base/jdk.internal.reflect.DelegatingConstructorAccessorImpl.newInstance(DelegatingConstructorAccessorImpl.java:45)
[2025-06-01T06:37:16.820+0000] {spark_submit.py:644} INFO - at java.base/java.lang.reflect.Constructor.newInstanceWithCaller(Constructor.java:500)
[2025-06-01T06:37:16.820+0000] {spark_submit.py:644} INFO - at java.base/java.lang.reflect.Constructor.newInstance(Constructor.java:481)
[2025-06-01T06:37:16.820+0000] {spark_submit.py:644} INFO - at py4j.reflection.MethodInvoker.invoke(MethodInvoker.java:247)
[2025-06-01T06:37:16.821+0000] {spark_submit.py:644} INFO - at py4j.reflection.ReflectionEngine.invoke(ReflectionEngine.java:374)
[2025-06-01T06:37:16.821+0000] {spark_submit.py:644} INFO - at py4j.Gateway.invoke(Gateway.java:238)
[2025-06-01T06:37:16.821+0000] {spark_submit.py:644} INFO - at py4j.commands.ConstructorCommand.invokeConstructor(ConstructorCommand.java:80)
[2025-06-01T06:37:16.821+0000] {spark_submit.py:644} INFO - at py4j.commands.ConstructorCommand.execute(ConstructorCommand.java:69)
[2025-06-01T06:37:16.821+0000] {spark_submit.py:644} INFO - at py4j.ClientServerConnection.waitForCommands(ClientServerConnection.java:182)
[2025-06-01T06:37:16.822+0000] {spark_submit.py:644} INFO - at py4j.ClientServerConnection.run(ClientServerConnection.java:106)
[2025-06-01T06:37:16.822+0000] {spark_submit.py:644} INFO - at java.base/java.lang.Thread.run(Thread.java:840)
[2025-06-01T06:37:16.822+0000] {spark_submit.py:644} INFO - 25/06/01 06:37:16 INFO SparkContext: SparkContext is stopping with exitCode 0.
[2025-06-01T06:37:16.824+0000] {spark_submit.py:644} INFO - 25/06/01 06:37:16 INFO SparkUI: Stopped Spark web UI at http://5272c5e55b21:4040
[2025-06-01T06:37:16.833+0000] {spark_submit.py:644} INFO - 25/06/01 06:37:16 INFO MapOutputTrackerMasterEndpoint: MapOutputTrackerMasterEndpoint stopped!
[2025-06-01T06:37:16.841+0000] {spark_submit.py:644} INFO - 25/06/01 06:37:16 INFO MemoryStore: MemoryStore cleared
[2025-06-01T06:37:16.841+0000] {spark_submit.py:644} INFO - 25/06/01 06:37:16 INFO BlockManager: BlockManager stopped
[2025-06-01T06:37:16.846+0000] {spark_submit.py:644} INFO - 25/06/01 06:37:16 INFO BlockManagerMaster: BlockManagerMaster stopped
[2025-06-01T06:37:16.846+0000] {spark_submit.py:644} INFO - 25/06/01 06:37:16 WARN MetricsSystem: Stopping a MetricsSystem that is not running
[2025-06-01T06:37:16.846+0000] {spark_submit.py:644} INFO - 25/06/01 06:37:16 INFO OutputCommitCoordinator$OutputCommitCoordinatorEndpoint: OutputCommitCoordinator stopped!
[2025-06-01T06:37:16.853+0000] {spark_submit.py:644} INFO - 25/06/01 06:37:16 INFO SparkContext: Successfully stopped SparkContext
[2025-06-01T06:37:16.854+0000] {spark_submit.py:644} INFO - Traceback (most recent call last):
[2025-06-01T06:37:16.854+0000] {spark_submit.py:644} INFO - File "/opt/***/dags/bronze_ingestion_sales_etl.py", line 67, in <module>
[2025-06-01T06:37:16.855+0000] {spark_submit.py:644} INFO - main(args.output_path)
[2025-06-01T06:37:16.855+0000] {spark_submit.py:644} INFO - ^^^^^^^^^^^^^^^^^^^^^^
[2025-06-01T06:37:16.855+0000] {spark_submit.py:644} INFO - File "/opt/***/dags/bronze_ingestion_sales_etl.py", line 16, in main
[2025-06-01T06:37:16.855+0000] {spark_submit.py:644} INFO - .getOrCreate())
[2025-06-01T06:37:16.856+0000] {spark_submit.py:644} INFO - ^^^^^^^^^^^^^
[2025-06-01T06:37:16.856+0000] {spark_submit.py:644} INFO - File "/home/***/.local/lib/python3.11/site-packages/pyspark/python/lib/pyspark.zip/pyspark/sql/session.py", line 497, in getOrCreate
[2025-06-01T06:37:16.857+0000] {spark_submit.py:644} INFO - File "/home/***/.local/lib/python3.11/site-packages/pyspark/python/lib/pyspark.zip/pyspark/context.py", line 515, in getOrCreate
[2025-06-01T06:37:16.863+0000] {spark_submit.py:644} INFO - File "/home/***/.local/lib/python3.11/site-packages/pyspark/python/lib/pyspark.zip/pyspark/context.py", line 203, in __init__
[2025-06-01T06:37:16.864+0000] {spark_submit.py:644} INFO - File "/home/***/.local/lib/python3.11/site-packages/pyspark/python/lib/pyspark.zip/pyspark/context.py", line 296, in _do_init
[2025-06-01T06:37:16.864+0000] {spark_submit.py:644} INFO - File "/home/***/.local/lib/python3.11/site-packages/pyspark/python/lib/pyspark.zip/pyspark/context.py", line 421, in _initialize_context
[2025-06-01T06:37:16.864+0000] {spark_submit.py:644} INFO - File "/home/***/.local/lib/python3.11/site-packages/pyspark/python/lib/py4j-0.10.9.7-src.zip/py4j/java_gateway.py", line 1587, in __call__
[2025-06-01T06:37:16.865+0000] {spark_submit.py:644} INFO - File "/home/***/.local/lib/python3.11/site-packages/pyspark/python/lib/py4j-0.10.9.7-src.zip/py4j/protocol.py", line 326, in get_return_value
[2025-06-01T06:37:16.865+0000] {spark_submit.py:644} INFO - py4j.protocol.Py4JJavaError: An error occurred while calling None.org.apache.spark.api.java.JavaSparkContext.
[2025-06-01T06:37:16.865+0000] {spark_submit.py:644} INFO - : org.apache.spark.SparkException: Could not parse Master URL: 'spark-master:7077'
[2025-06-01T06:37:16.865+0000] {spark_submit.py:644} INFO - at org.apache.spark.SparkContext$.org$apache$spark$SparkContext$$createTaskScheduler(SparkContext.scala:3194)
[2025-06-01T06:37:16.865+0000] {spark_submit.py:644} INFO - at org.apache.spark.SparkContext.<init>(SparkContext.scala:577)
[2025-06-01T06:37:16.865+0000] {spark_submit.py:644} INFO - at org.apache.spark.api.java.JavaSparkContext.<init>(JavaSparkContext.scala:58)
[2025-06-01T06:37:16.865+0000] {spark_submit.py:644} INFO - at java.base/jdk.internal.reflect.NativeConstructorAccessorImpl.newInstance0(Native Method)
[2025-06-01T06:37:16.866+0000] {spark_submit.py:644} INFO - at java.base/jdk.internal.reflect.NativeConstructorAccessorImpl.newInstance(NativeConstructorAccessorImpl.java:77)
[2025-06-01T06:37:16.866+0000] {spark_submit.py:644} INFO - at java.base/jdk.internal.reflect.DelegatingConstructorAccessorImpl.newInstance(DelegatingConstructorAccessorImpl.java:45)
[2025-06-01T06:37:16.866+0000] {spark_submit.py:644} INFO - at java.base/java.lang.reflect.Constructor.newInstanceWithCaller(Constructor.java:500)
[2025-06-01T06:37:16.866+0000] {spark_submit.py:644} INFO - at java.base/java.lang.reflect.Constructor.newInstance(Constructor.java:481)
[2025-06-01T06:37:16.866+0000] {spark_submit.py:644} INFO - at py4j.reflection.MethodInvoker.invoke(MethodInvoker.java:247)
[2025-06-01T06:37:16.866+0000] {spark_submit.py:644} INFO - at py4j.reflection.ReflectionEngine.invoke(ReflectionEngine.java:374)
[2025-06-01T06:37:16.866+0000] {spark_submit.py:644} INFO - at py4j.Gateway.invoke(Gateway.java:238)
[2025-06-01T06:37:16.866+0000] {spark_submit.py:644} INFO - at py4j.commands.ConstructorCommand.invokeConstructor(ConstructorCommand.java:80)
[2025-06-01T06:37:16.867+0000] {spark_submit.py:644} INFO - at py4j.commands.ConstructorCommand.execute(ConstructorCommand.java:69)
[2025-06-01T06:37:16.867+0000] {spark_submit.py:644} INFO - at py4j.ClientServerConnection.waitForCommands(ClientServerConnection.java:182)
[2025-06-01T06:37:16.867+0000] {spark_submit.py:644} INFO - at py4j.ClientServerConnection.run(ClientServerConnection.java:106)
[2025-06-01T06:37:16.867+0000] {spark_submit.py:644} INFO - at java.base/java.lang.Thread.run(Thread.java:840)
[2025-06-01T06:37:16.867+0000] {spark_submit.py:644} INFO - 
[2025-06-01T06:37:16.886+0000] {spark_submit.py:644} INFO - 25/06/01 06:37:16 INFO ShutdownHookManager: Shutdown hook called
[2025-06-01T06:37:16.886+0000] {spark_submit.py:644} INFO - 25/06/01 06:37:16 INFO ShutdownHookManager: Deleting directory /opt/***/dags/spark_temp/spark-b19ab78d-e8f3-4686-a333-b964ae4c476e
[2025-06-01T06:37:16.889+0000] {spark_submit.py:644} INFO - 25/06/01 06:37:16 INFO ShutdownHookManager: Deleting directory /tmp/spark-e3c9cf1b-b731-4a6c-9a59-1edc7703956a
[2025-06-01T06:37:16.918+0000] {taskinstance.py:3311} ERROR - Task failed with exception
Traceback (most recent call last):
  File "/home/airflow/.local/lib/python3.11/site-packages/airflow/models/taskinstance.py", line 767, in _execute_task
    result = _execute_callable(context=context, **execute_callable_kwargs)
             ^^^^^^^^^^^^^^^^^^^^^^^^^^^^^^^^^^^^^^^^^^^^^^^^^^^^^^^^^^^^^
  File "/home/airflow/.local/lib/python3.11/site-packages/airflow/models/taskinstance.py", line 733, in _execute_callable
    return ExecutionCallableRunner(
           ^^^^^^^^^^^^^^^^^^^^^^^^
  File "/home/airflow/.local/lib/python3.11/site-packages/airflow/utils/operator_helpers.py", line 252, in run
    return self.func(*args, **kwargs)
           ^^^^^^^^^^^^^^^^^^^^^^^^^^
  File "/home/airflow/.local/lib/python3.11/site-packages/airflow/models/baseoperator.py", line 417, in wrapper
    return func(self, *args, **kwargs)
           ^^^^^^^^^^^^^^^^^^^^^^^^^^^
  File "/home/airflow/.local/lib/python3.11/site-packages/airflow/providers/apache/spark/operators/spark_submit.py", line 197, in execute
    self._hook.submit(self.application)
  File "/home/airflow/.local/lib/python3.11/site-packages/airflow/providers/apache/spark/hooks/spark_submit.py", line 566, in submit
    raise AirflowException(
airflow.exceptions.AirflowException: Cannot execute: spark-submit --master spark-master:7077 --conf spark.executor.memory=2g --conf spark.sql.extensions=io.delta.sql.DeltaSparkSessionExtension --conf spark.sql.catalog.spark_catalog=org.apache.spark.sql.delta.catalog.DeltaCatalog --conf spark.hadoop.fs.s3a.endpoint=http://minio:9000 --conf spark.hadoop.fs.s3a.access.key=minioadmin --conf spark.hadoop.fs.s3a.secret.key=****** --conf spark.hadoop.fs.s3a.path.style.access=true --conf spark.hadoop.fs.s3a.impl=org.apache.hadoop.fs.s3a.S3AFileSystem --conf spark.local.dir=/opt/***/dags/spark_temp --packages org.apache.hadoop:hadoop-aws:3.3.4,com.amazonaws:aws-java-sdk-bundle:1.12.262,io.delta:delta-spark_2.12:3.1.0 --name bronze_sales_etl_spark_job --verbose --queue root.default --deploy-mode client /opt/***/dags/bronze_ingestion_sales_etl.py --output_path s3a://qdinh18/bronze/sales_data/. Error code is: 1.
[2025-06-01T06:37:16.920+0000] {taskinstance.py:1225} INFO - Marking task as FAILED. dag_id=medallion_sales_etl, task_id=submit_bronze_sales_etl_job, run_id=manual__2025-06-01T06:36:44.721261+00:00, execution_date=20250601T063644, start_date=20250601T063646, end_date=20250601T063716
[2025-06-01T06:37:16.927+0000] {taskinstance.py:340} INFO - ::group::Post task execution logs
[2025-06-01T06:37:16.927+0000] {standard_task_runner.py:124} ERROR - Failed to execute job 3 for task submit_bronze_sales_etl_job (Cannot execute: spark-submit --master spark-master:7077 --conf spark.executor.memory=2g --conf spark.sql.extensions=io.delta.sql.DeltaSparkSessionExtension --conf spark.sql.catalog.spark_catalog=org.apache.spark.sql.delta.catalog.DeltaCatalog --conf spark.hadoop.fs.s3a.endpoint=http://minio:9000 --conf spark.hadoop.fs.s3a.access.key=minioadmin --conf spark.hadoop.fs.s3a.secret.key=****** --conf spark.hadoop.fs.s3a.path.style.access=true --conf spark.hadoop.fs.s3a.impl=org.apache.hadoop.fs.s3a.S3AFileSystem --conf spark.local.dir=/opt/***/dags/spark_temp --packages org.apache.hadoop:hadoop-aws:3.3.4,com.amazonaws:aws-java-sdk-bundle:1.12.262,io.delta:delta-spark_2.12:3.1.0 --name bronze_sales_etl_spark_job --verbose --queue root.default --deploy-mode client /opt/***/dags/bronze_ingestion_sales_etl.py --output_path s3a://qdinh18/bronze/sales_data/. Error code is: 1.; 200)
Traceback (most recent call last):
  File "/home/airflow/.local/lib/python3.11/site-packages/airflow/task/task_runner/standard_task_runner.py", line 117, in _start_by_fork
    ret = args.func(args, dag=self.dag)
          ^^^^^^^^^^^^^^^^^^^^^^^^^^^^^
  File "/home/airflow/.local/lib/python3.11/site-packages/airflow/cli/cli_config.py", line 49, in command
    return func(*args, **kwargs)
           ^^^^^^^^^^^^^^^^^^^^^
  File "/home/airflow/.local/lib/python3.11/site-packages/airflow/utils/cli.py", line 116, in wrapper
    return f(*args, **kwargs)
           ^^^^^^^^^^^^^^^^^^
  File "/home/airflow/.local/lib/python3.11/site-packages/airflow/cli/commands/task_command.py", line 483, in task_run
    task_return_code = _run_task_by_selected_method(args, _dag, ti)
                       ^^^^^^^^^^^^^^^^^^^^^^^^^^^^^^^^^^^^^^^^^^^^
  File "/home/airflow/.local/lib/python3.11/site-packages/airflow/cli/commands/task_command.py", line 256, in _run_task_by_selected_method
    return _run_raw_task(args, ti)
           ^^^^^^^^^^^^^^^^^^^^^^^
  File "/home/airflow/.local/lib/python3.11/site-packages/airflow/cli/commands/task_command.py", line 341, in _run_raw_task
    return ti._run_raw_task(
           ^^^^^^^^^^^^^^^^^
  File "/home/airflow/.local/lib/python3.11/site-packages/airflow/utils/session.py", line 97, in wrapper
    return func(*args, session=session, **kwargs)
           ^^^^^^^^^^^^^^^^^^^^^^^^^^^^^^^^^^^^^^
  File "/home/airflow/.local/lib/python3.11/site-packages/airflow/models/taskinstance.py", line 3005, in _run_raw_task
    return _run_raw_task(
           ^^^^^^^^^^^^^^
  File "/home/airflow/.local/lib/python3.11/site-packages/airflow/models/taskinstance.py", line 273, in _run_raw_task
    TaskInstance._execute_task_with_callbacks(
  File "/home/airflow/.local/lib/python3.11/site-packages/airflow/models/taskinstance.py", line 3159, in _execute_task_with_callbacks
    result = self._execute_task(context, task_orig)
             ^^^^^^^^^^^^^^^^^^^^^^^^^^^^^^^^^^^^^^
  File "/home/airflow/.local/lib/python3.11/site-packages/airflow/models/taskinstance.py", line 3183, in _execute_task
    return _execute_task(self, context, task_orig)
           ^^^^^^^^^^^^^^^^^^^^^^^^^^^^^^^^^^^^^^^
  File "/home/airflow/.local/lib/python3.11/site-packages/airflow/models/taskinstance.py", line 767, in _execute_task
    result = _execute_callable(context=context, **execute_callable_kwargs)
             ^^^^^^^^^^^^^^^^^^^^^^^^^^^^^^^^^^^^^^^^^^^^^^^^^^^^^^^^^^^^^
  File "/home/airflow/.local/lib/python3.11/site-packages/airflow/models/taskinstance.py", line 733, in _execute_callable
    return ExecutionCallableRunner(
           ^^^^^^^^^^^^^^^^^^^^^^^^
  File "/home/airflow/.local/lib/python3.11/site-packages/airflow/utils/operator_helpers.py", line 252, in run
    return self.func(*args, **kwargs)
           ^^^^^^^^^^^^^^^^^^^^^^^^^^
  File "/home/airflow/.local/lib/python3.11/site-packages/airflow/models/baseoperator.py", line 417, in wrapper
    return func(self, *args, **kwargs)
           ^^^^^^^^^^^^^^^^^^^^^^^^^^^
  File "/home/airflow/.local/lib/python3.11/site-packages/airflow/providers/apache/spark/operators/spark_submit.py", line 197, in execute
    self._hook.submit(self.application)
  File "/home/airflow/.local/lib/python3.11/site-packages/airflow/providers/apache/spark/hooks/spark_submit.py", line 566, in submit
    raise AirflowException(
airflow.exceptions.AirflowException: Cannot execute: spark-submit --master spark-master:7077 --conf spark.executor.memory=2g --conf spark.sql.extensions=io.delta.sql.DeltaSparkSessionExtension --conf spark.sql.catalog.spark_catalog=org.apache.spark.sql.delta.catalog.DeltaCatalog --conf spark.hadoop.fs.s3a.endpoint=http://minio:9000 --conf spark.hadoop.fs.s3a.access.key=minioadmin --conf spark.hadoop.fs.s3a.secret.key=****** --conf spark.hadoop.fs.s3a.path.style.access=true --conf spark.hadoop.fs.s3a.impl=org.apache.hadoop.fs.s3a.S3AFileSystem --conf spark.local.dir=/opt/***/dags/spark_temp --packages org.apache.hadoop:hadoop-aws:3.3.4,com.amazonaws:aws-java-sdk-bundle:1.12.262,io.delta:delta-spark_2.12:3.1.0 --name bronze_sales_etl_spark_job --verbose --queue root.default --deploy-mode client /opt/***/dags/bronze_ingestion_sales_etl.py --output_path s3a://qdinh18/bronze/sales_data/. Error code is: 1.
[2025-06-01T06:37:16.965+0000] {local_task_job_runner.py:266} INFO - Task exited with return code 1
[2025-06-01T06:37:16.978+0000] {taskinstance.py:3895} INFO - 0 downstream tasks scheduled from follow-on schedule check
[2025-06-01T06:37:16.980+0000] {local_task_job_runner.py:245} INFO - ::endgroup::
