[2025-06-07T10:03:56.714+0000] {local_task_job_runner.py:123} INFO - ::group::Pre task execution logs
[2025-06-07T10:03:56.722+0000] {taskinstance.py:2613} INFO - Dependencies all met for dep_context=non-requeueable deps ti=<TaskInstance: curry_medallion_etl.submit_bronze_etl_job manual__2025-06-07T10:03:54.618986+00:00 [queued]>
[2025-06-07T10:03:56.725+0000] {taskinstance.py:2613} INFO - Dependencies all met for dep_context=requeueable deps ti=<TaskInstance: curry_medallion_etl.submit_bronze_etl_job manual__2025-06-07T10:03:54.618986+00:00 [queued]>
[2025-06-07T10:03:56.726+0000] {taskinstance.py:2866} INFO - Starting attempt 1 of 1
[2025-06-07T10:03:56.730+0000] {taskinstance.py:2889} INFO - Executing <Task(SparkSubmitOperator): submit_bronze_etl_job> on 2025-06-07 10:03:54.618986+00:00
[2025-06-07T10:03:56.733+0000] {standard_task_runner.py:72} INFO - Started process 3537 to run task
[2025-06-07T10:03:56.735+0000] {standard_task_runner.py:104} INFO - Running: ['***', 'tasks', 'run', 'curry_medallion_etl', 'submit_bronze_etl_job', 'manual__2025-06-07T10:03:54.618986+00:00', '--job-id', '22', '--raw', '--subdir', 'DAGS_FOLDER/medallion_sales_etl_dag.py', '--cfg-path', '/tmp/tmpa2eah9sq']
[2025-06-07T10:03:56.736+0000] {standard_task_runner.py:105} INFO - Job 22: Subtask submit_bronze_etl_job
[2025-06-07T10:03:56.761+0000] {task_command.py:467} INFO - Running <TaskInstance: curry_medallion_etl.submit_bronze_etl_job manual__2025-06-07T10:03:54.618986+00:00 [running]> on host 1ed3a5ab4297
[2025-06-07T10:03:56.805+0000] {taskinstance.py:3132} INFO - Exporting env vars: AIRFLOW_CTX_DAG_OWNER='qdinh18' AIRFLOW_CTX_DAG_ID='curry_medallion_etl' AIRFLOW_CTX_TASK_ID='submit_bronze_etl_job' AIRFLOW_CTX_EXECUTION_DATE='2025-06-07T10:03:54.618986+00:00' AIRFLOW_CTX_TRY_NUMBER='1' AIRFLOW_CTX_DAG_RUN_ID='manual__2025-06-07T10:03:54.618986+00:00'
[2025-06-07T10:03:56.805+0000] {taskinstance.py:731} INFO - ::endgroup::
[2025-06-07T10:03:56.819+0000] {base.py:84} INFO - Retrieving connection 'spark_default'
[2025-06-07T10:03:56.821+0000] {spark_submit.py:474} INFO - Spark-Submit cmd: spark-submit --master spark://spark-master:7077 --conf spark.executor.memory=2g --conf spark.sql.extensions=io.delta.sql.DeltaSparkSessionExtension --conf spark.sql.catalog.spark_catalog=org.apache.spark.sql.delta.catalog.DeltaCatalog --conf spark.hadoop.fs.s3a.endpoint=http://minio:9000 --conf spark.hadoop.fs.s3a.access.key=minioadmin --conf spark.hadoop.fs.s3a.secret.key=****** --conf spark.hadoop.fs.s3a.path.style.access=true --conf spark.hadoop.fs.s3a.impl=org.apache.hadoop.fs.s3a.S3AFileSystem --packages org.apache.hadoop:hadoop-aws:3.3.4,com.amazonaws:aws-java-sdk-bundle:1.12.262,io.delta:delta-spark_2.12:3.1.0 --name bronze_sc_stats_etl --verbose --queue root.default --deploy-mode client /opt/***/dags/bronze_ingestion_sc_stats_etl.py
[2025-06-07T10:03:57.395+0000] {spark_submit.py:644} INFO - Using properties file: null
[2025-06-07T10:03:57.445+0000] {spark_submit.py:644} INFO - Parsed arguments:
[2025-06-07T10:03:57.445+0000] {spark_submit.py:644} INFO - master                  spark://spark-master:7077
[2025-06-07T10:03:57.446+0000] {spark_submit.py:644} INFO - remote                  null
[2025-06-07T10:03:57.446+0000] {spark_submit.py:644} INFO - deployMode              client
[2025-06-07T10:03:57.446+0000] {spark_submit.py:644} INFO - executorMemory          2g
[2025-06-07T10:03:57.446+0000] {spark_submit.py:644} INFO - executorCores           null
[2025-06-07T10:03:57.446+0000] {spark_submit.py:644} INFO - totalExecutorCores      null
[2025-06-07T10:03:57.446+0000] {spark_submit.py:644} INFO - propertiesFile          null
[2025-06-07T10:03:57.446+0000] {spark_submit.py:644} INFO - driverMemory            null
[2025-06-07T10:03:57.447+0000] {spark_submit.py:644} INFO - driverCores             null
[2025-06-07T10:03:57.447+0000] {spark_submit.py:644} INFO - driverExtraClassPath    null
[2025-06-07T10:03:57.447+0000] {spark_submit.py:644} INFO - driverExtraLibraryPath  null
[2025-06-07T10:03:57.447+0000] {spark_submit.py:644} INFO - driverExtraJavaOptions  null
[2025-06-07T10:03:57.447+0000] {spark_submit.py:644} INFO - supervise               false
[2025-06-07T10:03:57.447+0000] {spark_submit.py:644} INFO - queue                   root.default
[2025-06-07T10:03:57.447+0000] {spark_submit.py:644} INFO - numExecutors            null
[2025-06-07T10:03:57.447+0000] {spark_submit.py:644} INFO - files                   null
[2025-06-07T10:03:57.448+0000] {spark_submit.py:644} INFO - pyFiles                 null
[2025-06-07T10:03:57.448+0000] {spark_submit.py:644} INFO - archives                null
[2025-06-07T10:03:57.448+0000] {spark_submit.py:644} INFO - mainClass               null
[2025-06-07T10:03:57.448+0000] {spark_submit.py:644} INFO - primaryResource         file:/opt/***/dags/bronze_ingestion_sc_stats_etl.py
[2025-06-07T10:03:57.448+0000] {spark_submit.py:644} INFO - name                    bronze_sc_stats_etl
[2025-06-07T10:03:57.448+0000] {spark_submit.py:644} INFO - childArgs               []
[2025-06-07T10:03:57.448+0000] {spark_submit.py:644} INFO - jars                    null
[2025-06-07T10:03:57.449+0000] {spark_submit.py:644} INFO - packages                org.apache.hadoop:hadoop-aws:3.3.4,com.amazonaws:aws-java-sdk-bundle:1.12.262,io.delta:delta-spark_2.12:3.1.0
[2025-06-07T10:03:57.449+0000] {spark_submit.py:644} INFO - packagesExclusions      null
[2025-06-07T10:03:57.449+0000] {spark_submit.py:644} INFO - repositories            null
[2025-06-07T10:03:57.449+0000] {spark_submit.py:644} INFO - verbose                 true
[2025-06-07T10:03:57.449+0000] {spark_submit.py:644} INFO - 
[2025-06-07T10:03:57.449+0000] {spark_submit.py:644} INFO - Spark properties used, including those specified through
[2025-06-07T10:03:57.449+0000] {spark_submit.py:644} INFO - --conf and those from the properties file null:
[2025-06-07T10:03:57.449+0000] {spark_submit.py:644} INFO - (spark.executor.memory,2g)
[2025-06-07T10:03:57.449+0000] {spark_submit.py:644} INFO - (spark.hadoop.fs.s3a.access.key,*********(redacted))
[2025-06-07T10:03:57.450+0000] {spark_submit.py:644} INFO - (spark.hadoop.fs.s3a.endpoint,http://minio:9000)
[2025-06-07T10:03:57.450+0000] {spark_submit.py:644} INFO - (spark.hadoop.fs.s3a.impl,org.apache.hadoop.fs.s3a.S3AFileSystem)
[2025-06-07T10:03:57.450+0000] {spark_submit.py:644} INFO - (spark.hadoop.fs.s3a.path.style.access,true)
[2025-06-07T10:03:57.450+0000] {spark_submit.py:644} INFO - (spark.hadoop.fs.s3a.secret.key,*********(redacted))
[2025-06-07T10:03:57.450+0000] {spark_submit.py:644} INFO - (spark.sql.catalog.spark_catalog,org.apache.spark.sql.delta.catalog.DeltaCatalog)
[2025-06-07T10:03:57.450+0000] {spark_submit.py:644} INFO - (spark.sql.extensions,io.delta.sql.DeltaSparkSessionExtension)
[2025-06-07T10:03:57.451+0000] {spark_submit.py:644} INFO - 
[2025-06-07T10:03:57.451+0000] {spark_submit.py:644} INFO - 
[2025-06-07T10:03:57.506+0000] {spark_submit.py:644} INFO - :: loading settings :: url = jar:file:/home/***/.local/lib/python3.11/site-packages/pyspark/jars/ivy-2.5.1.jar!/org/apache/ivy/core/settings/ivysettings.xml
[2025-06-07T10:03:57.537+0000] {spark_submit.py:644} INFO - Ivy Default Cache set to: /home/***/.ivy2/cache
[2025-06-07T10:03:57.538+0000] {spark_submit.py:644} INFO - The jars for the packages stored in: /home/***/.ivy2/jars
[2025-06-07T10:03:57.539+0000] {spark_submit.py:644} INFO - org.apache.hadoop#hadoop-aws added as a dependency
[2025-06-07T10:03:57.539+0000] {spark_submit.py:644} INFO - com.amazonaws#aws-java-sdk-bundle added as a dependency
[2025-06-07T10:03:57.540+0000] {spark_submit.py:644} INFO - io.delta#delta-spark_2.12 added as a dependency
[2025-06-07T10:03:57.540+0000] {spark_submit.py:644} INFO - :: resolving dependencies :: org.apache.spark#spark-submit-parent-a16e425b-62e8-4d00-9345-3230dd55cfb7;1.0
[2025-06-07T10:03:57.540+0000] {spark_submit.py:644} INFO - confs: [default]
[2025-06-07T10:03:57.622+0000] {spark_submit.py:644} INFO - found org.apache.hadoop#hadoop-aws;3.3.4 in central
[2025-06-07T10:03:57.633+0000] {spark_submit.py:644} INFO - found com.amazonaws#aws-java-sdk-bundle;1.12.262 in central
[2025-06-07T10:03:57.644+0000] {spark_submit.py:644} INFO - found org.wildfly.openssl#wildfly-openssl;1.0.7.Final in central
[2025-06-07T10:03:57.653+0000] {spark_submit.py:644} INFO - found io.delta#delta-spark_2.12;3.1.0 in central
[2025-06-07T10:03:57.662+0000] {spark_submit.py:644} INFO - found io.delta#delta-storage;3.1.0 in central
[2025-06-07T10:03:57.668+0000] {spark_submit.py:644} INFO - found org.antlr#antlr4-runtime;4.9.3 in central
[2025-06-07T10:03:57.684+0000] {spark_submit.py:644} INFO - :: resolution report :: resolve 138ms :: artifacts dl 7ms
[2025-06-07T10:03:57.684+0000] {spark_submit.py:644} INFO - :: modules in use:
[2025-06-07T10:03:57.684+0000] {spark_submit.py:644} INFO - com.amazonaws#aws-java-sdk-bundle;1.12.262 from central in [default]
[2025-06-07T10:03:57.684+0000] {spark_submit.py:644} INFO - io.delta#delta-spark_2.12;3.1.0 from central in [default]
[2025-06-07T10:03:57.685+0000] {spark_submit.py:644} INFO - io.delta#delta-storage;3.1.0 from central in [default]
[2025-06-07T10:03:57.685+0000] {spark_submit.py:644} INFO - org.antlr#antlr4-runtime;4.9.3 from central in [default]
[2025-06-07T10:03:57.685+0000] {spark_submit.py:644} INFO - org.apache.hadoop#hadoop-aws;3.3.4 from central in [default]
[2025-06-07T10:03:57.686+0000] {spark_submit.py:644} INFO - org.wildfly.openssl#wildfly-openssl;1.0.7.Final from central in [default]
[2025-06-07T10:03:57.686+0000] {spark_submit.py:644} INFO - ---------------------------------------------------------------------
[2025-06-07T10:03:57.687+0000] {spark_submit.py:644} INFO - |                  |            modules            ||   artifacts   |
[2025-06-07T10:03:57.687+0000] {spark_submit.py:644} INFO - |       conf       | number| search|dwnlded|evicted|| number|dwnlded|
[2025-06-07T10:03:57.687+0000] {spark_submit.py:644} INFO - ---------------------------------------------------------------------
[2025-06-07T10:03:57.687+0000] {spark_submit.py:644} INFO - |      default     |   6   |   0   |   0   |   0   ||   6   |   0   |
[2025-06-07T10:03:57.687+0000] {spark_submit.py:644} INFO - ---------------------------------------------------------------------
[2025-06-07T10:03:57.687+0000] {spark_submit.py:644} INFO - :: retrieving :: org.apache.spark#spark-submit-parent-a16e425b-62e8-4d00-9345-3230dd55cfb7
[2025-06-07T10:03:57.687+0000] {spark_submit.py:644} INFO - confs: [default]
[2025-06-07T10:03:57.690+0000] {spark_submit.py:644} INFO - 0 artifacts copied, 6 already retrieved (0kB/3ms)
[2025-06-07T10:03:57.775+0000] {spark_submit.py:644} INFO - 25/06/07 10:03:57 WARN NativeCodeLoader: Unable to load native-hadoop library for your platform... using builtin-java classes where applicable
[2025-06-07T10:03:57.884+0000] {spark_submit.py:644} INFO - Main class:
[2025-06-07T10:03:57.884+0000] {spark_submit.py:644} INFO - org.apache.spark.deploy.PythonRunner
[2025-06-07T10:03:57.885+0000] {spark_submit.py:644} INFO - Arguments:
[2025-06-07T10:03:57.885+0000] {spark_submit.py:644} INFO - file:/opt/***/dags/bronze_ingestion_sc_stats_etl.py
[2025-06-07T10:03:57.885+0000] {spark_submit.py:644} INFO - file:///home/***/.ivy2/jars/org.apache.hadoop_hadoop-aws-3.3.4.jar,file:///home/***/.ivy2/jars/com.amazonaws_aws-java-sdk-bundle-1.12.262.jar,file:///home/***/.ivy2/jars/io.delta_delta-spark_2.12-3.1.0.jar,file:///home/***/.ivy2/jars/org.wildfly.openssl_wildfly-openssl-1.0.7.Final.jar,file:///home/***/.ivy2/jars/io.delta_delta-storage-3.1.0.jar,file:///home/***/.ivy2/jars/org.antlr_antlr4-runtime-4.9.3.jar
[2025-06-07T10:03:57.886+0000] {spark_submit.py:644} INFO - Spark config:
[2025-06-07T10:03:57.886+0000] {spark_submit.py:644} INFO - (spark.app.name,bronze_sc_stats_etl)
[2025-06-07T10:03:57.886+0000] {spark_submit.py:644} INFO - (spark.app.submitTime,1749290637875)
[2025-06-07T10:03:57.887+0000] {spark_submit.py:644} INFO - (spark.executor.memory,2g)
[2025-06-07T10:03:57.887+0000] {spark_submit.py:644} INFO - (spark.files,file:///home/***/.ivy2/jars/org.apache.hadoop_hadoop-aws-3.3.4.jar,file:///home/***/.ivy2/jars/com.amazonaws_aws-java-sdk-bundle-1.12.262.jar,file:///home/***/.ivy2/jars/io.delta_delta-spark_2.12-3.1.0.jar,file:///home/***/.ivy2/jars/org.wildfly.openssl_wildfly-openssl-1.0.7.Final.jar,file:///home/***/.ivy2/jars/io.delta_delta-storage-3.1.0.jar,file:///home/***/.ivy2/jars/org.antlr_antlr4-runtime-4.9.3.jar)
[2025-06-07T10:03:57.887+0000] {spark_submit.py:644} INFO - (spark.hadoop.fs.s3a.access.key,*********(redacted))
[2025-06-07T10:03:57.887+0000] {spark_submit.py:644} INFO - (spark.hadoop.fs.s3a.endpoint,http://minio:9000)
[2025-06-07T10:03:57.887+0000] {spark_submit.py:644} INFO - (spark.hadoop.fs.s3a.impl,org.apache.hadoop.fs.s3a.S3AFileSystem)
[2025-06-07T10:03:57.887+0000] {spark_submit.py:644} INFO - (spark.hadoop.fs.s3a.path.style.access,true)
[2025-06-07T10:03:57.887+0000] {spark_submit.py:644} INFO - (spark.hadoop.fs.s3a.secret.key,*********(redacted))
[2025-06-07T10:03:57.888+0000] {spark_submit.py:644} INFO - (spark.jars,file:///home/***/.ivy2/jars/org.apache.hadoop_hadoop-aws-3.3.4.jar,file:///home/***/.ivy2/jars/com.amazonaws_aws-java-sdk-bundle-1.12.262.jar,file:///home/***/.ivy2/jars/io.delta_delta-spark_2.12-3.1.0.jar,file:///home/***/.ivy2/jars/org.wildfly.openssl_wildfly-openssl-1.0.7.Final.jar,file:///home/***/.ivy2/jars/io.delta_delta-storage-3.1.0.jar,file:///home/***/.ivy2/jars/org.antlr_antlr4-runtime-4.9.3.jar)
[2025-06-07T10:03:57.888+0000] {spark_submit.py:644} INFO - (spark.master,spark://spark-master:7077)
[2025-06-07T10:03:57.888+0000] {spark_submit.py:644} INFO - (spark.repl.local.jars,file:///home/***/.ivy2/jars/org.apache.hadoop_hadoop-aws-3.3.4.jar,file:///home/***/.ivy2/jars/com.amazonaws_aws-java-sdk-bundle-1.12.262.jar,file:///home/***/.ivy2/jars/io.delta_delta-spark_2.12-3.1.0.jar,file:///home/***/.ivy2/jars/org.wildfly.openssl_wildfly-openssl-1.0.7.Final.jar,file:///home/***/.ivy2/jars/io.delta_delta-storage-3.1.0.jar,file:///home/***/.ivy2/jars/org.antlr_antlr4-runtime-4.9.3.jar)
[2025-06-07T10:03:57.888+0000] {spark_submit.py:644} INFO - (spark.sql.catalog.spark_catalog,org.apache.spark.sql.delta.catalog.DeltaCatalog)
[2025-06-07T10:03:57.888+0000] {spark_submit.py:644} INFO - (spark.sql.extensions,io.delta.sql.DeltaSparkSessionExtension)
[2025-06-07T10:03:57.889+0000] {spark_submit.py:644} INFO - (spark.submit.deployMode,client)
[2025-06-07T10:03:57.889+0000] {spark_submit.py:644} INFO - (spark.submit.pyFiles,/home/***/.ivy2/jars/org.apache.hadoop_hadoop-aws-3.3.4.jar,/home/***/.ivy2/jars/com.amazonaws_aws-java-sdk-bundle-1.12.262.jar,/home/***/.ivy2/jars/io.delta_delta-spark_2.12-3.1.0.jar,/home/***/.ivy2/jars/org.wildfly.openssl_wildfly-openssl-1.0.7.Final.jar,/home/***/.ivy2/jars/io.delta_delta-storage-3.1.0.jar,/home/***/.ivy2/jars/org.antlr_antlr4-runtime-4.9.3.jar)
[2025-06-07T10:03:57.889+0000] {spark_submit.py:644} INFO - Classpath elements:
[2025-06-07T10:03:57.889+0000] {spark_submit.py:644} INFO - file:///home/***/.ivy2/jars/org.apache.hadoop_hadoop-aws-3.3.4.jar
[2025-06-07T10:03:57.889+0000] {spark_submit.py:644} INFO - file:///home/***/.ivy2/jars/com.amazonaws_aws-java-sdk-bundle-1.12.262.jar
[2025-06-07T10:03:57.889+0000] {spark_submit.py:644} INFO - file:///home/***/.ivy2/jars/io.delta_delta-spark_2.12-3.1.0.jar
[2025-06-07T10:03:57.890+0000] {spark_submit.py:644} INFO - file:///home/***/.ivy2/jars/org.wildfly.openssl_wildfly-openssl-1.0.7.Final.jar
[2025-06-07T10:03:57.890+0000] {spark_submit.py:644} INFO - file:///home/***/.ivy2/jars/io.delta_delta-storage-3.1.0.jar
[2025-06-07T10:03:57.890+0000] {spark_submit.py:644} INFO - file:///home/***/.ivy2/jars/org.antlr_antlr4-runtime-4.9.3.jar
[2025-06-07T10:03:57.890+0000] {spark_submit.py:644} INFO - 
[2025-06-07T10:03:57.890+0000] {spark_submit.py:644} INFO - 
[2025-06-07T10:03:58.473+0000] {spark_submit.py:644} INFO - 25/06/07 10:03:58 INFO SparkContext: Running Spark version 3.5.2
[2025-06-07T10:03:58.474+0000] {spark_submit.py:644} INFO - 25/06/07 10:03:58 INFO SparkContext: OS info Linux, 6.10.14-linuxkit, aarch64
[2025-06-07T10:03:58.474+0000] {spark_submit.py:644} INFO - 25/06/07 10:03:58 INFO SparkContext: Java version 17.0.15
[2025-06-07T10:03:58.486+0000] {spark_submit.py:644} INFO - 25/06/07 10:03:58 INFO ResourceUtils: ==============================================================
[2025-06-07T10:03:58.487+0000] {spark_submit.py:644} INFO - 25/06/07 10:03:58 INFO ResourceUtils: No custom resources configured for spark.driver.
[2025-06-07T10:03:58.487+0000] {spark_submit.py:644} INFO - 25/06/07 10:03:58 INFO ResourceUtils: ==============================================================
[2025-06-07T10:03:58.487+0000] {spark_submit.py:644} INFO - 25/06/07 10:03:58 INFO SparkContext: Submitted application: BronzeIngestionStephenCurryStats
[2025-06-07T10:03:58.496+0000] {spark_submit.py:644} INFO - 25/06/07 10:03:58 INFO ResourceProfile: Default ResourceProfile created, executor resources: Map(memory -> name: memory, amount: 2048, script: , vendor: , offHeap -> name: offHeap, amount: 0, script: , vendor: ), task resources: Map(cpus -> name: cpus, amount: 1.0)
[2025-06-07T10:03:58.500+0000] {spark_submit.py:644} INFO - 25/06/07 10:03:58 INFO ResourceProfile: Limiting resource is cpu
[2025-06-07T10:03:58.500+0000] {spark_submit.py:644} INFO - 25/06/07 10:03:58 INFO ResourceProfileManager: Added ResourceProfile id: 0
[2025-06-07T10:03:58.526+0000] {spark_submit.py:644} INFO - 25/06/07 10:03:58 INFO SecurityManager: Changing view acls to: ***
[2025-06-07T10:03:58.526+0000] {spark_submit.py:644} INFO - 25/06/07 10:03:58 INFO SecurityManager: Changing modify acls to: ***
[2025-06-07T10:03:58.526+0000] {spark_submit.py:644} INFO - 25/06/07 10:03:58 INFO SecurityManager: Changing view acls groups to:
[2025-06-07T10:03:58.526+0000] {spark_submit.py:644} INFO - 25/06/07 10:03:58 INFO SecurityManager: Changing modify acls groups to:
[2025-06-07T10:03:58.527+0000] {spark_submit.py:644} INFO - 25/06/07 10:03:58 INFO SecurityManager: SecurityManager: authentication disabled; ui acls disabled; users with view permissions: ***; groups with view permissions: EMPTY; users with modify permissions: ***; groups with modify permissions: EMPTY
[2025-06-07T10:03:58.631+0000] {spark_submit.py:644} INFO - 25/06/07 10:03:58 INFO Utils: Successfully started service 'sparkDriver' on port 35917.
[2025-06-07T10:03:58.648+0000] {spark_submit.py:644} INFO - 25/06/07 10:03:58 INFO SparkEnv: Registering MapOutputTracker
[2025-06-07T10:03:58.674+0000] {spark_submit.py:644} INFO - 25/06/07 10:03:58 INFO SparkEnv: Registering BlockManagerMaster
[2025-06-07T10:03:58.683+0000] {spark_submit.py:644} INFO - 25/06/07 10:03:58 INFO BlockManagerMasterEndpoint: Using org.apache.spark.storage.DefaultTopologyMapper for getting topology information
[2025-06-07T10:03:58.683+0000] {spark_submit.py:644} INFO - 25/06/07 10:03:58 INFO BlockManagerMasterEndpoint: BlockManagerMasterEndpoint up
[2025-06-07T10:03:58.685+0000] {spark_submit.py:644} INFO - 25/06/07 10:03:58 INFO SparkEnv: Registering BlockManagerMasterHeartbeat
[2025-06-07T10:03:58.694+0000] {spark_submit.py:644} INFO - 25/06/07 10:03:58 INFO DiskBlockManager: Created local directory at /tmp/blockmgr-ed1a5808-dd6a-43c2-bd51-30e1bd013fa5
[2025-06-07T10:03:58.702+0000] {spark_submit.py:644} INFO - 25/06/07 10:03:58 INFO MemoryStore: MemoryStore started with capacity 434.4 MiB
[2025-06-07T10:03:58.709+0000] {spark_submit.py:644} INFO - 25/06/07 10:03:58 INFO SparkEnv: Registering OutputCommitCoordinator
[2025-06-07T10:03:58.768+0000] {spark_submit.py:644} INFO - 25/06/07 10:03:58 INFO JettyUtils: Start Jetty 0.0.0.0:4040 for SparkUI
[2025-06-07T10:03:58.797+0000] {spark_submit.py:644} INFO - 25/06/07 10:03:58 INFO Utils: Successfully started service 'SparkUI' on port 4040.
[2025-06-07T10:03:58.816+0000] {spark_submit.py:644} INFO - 25/06/07 10:03:58 INFO SparkContext: Added JAR file:///home/***/.ivy2/jars/org.apache.hadoop_hadoop-aws-3.3.4.jar at spark://1ed3a5ab4297:35917/jars/org.apache.hadoop_hadoop-aws-3.3.4.jar with timestamp 1749290638469
[2025-06-07T10:03:58.816+0000] {spark_submit.py:644} INFO - 25/06/07 10:03:58 INFO SparkContext: Added JAR file:///home/***/.ivy2/jars/com.amazonaws_aws-java-sdk-bundle-1.12.262.jar at spark://1ed3a5ab4297:35917/jars/com.amazonaws_aws-java-sdk-bundle-1.12.262.jar with timestamp 1749290638469
[2025-06-07T10:03:58.817+0000] {spark_submit.py:644} INFO - 25/06/07 10:03:58 INFO SparkContext: Added JAR file:///home/***/.ivy2/jars/io.delta_delta-spark_2.12-3.1.0.jar at spark://1ed3a5ab4297:35917/jars/io.delta_delta-spark_2.12-3.1.0.jar with timestamp 1749290638469
[2025-06-07T10:03:58.817+0000] {spark_submit.py:644} INFO - 25/06/07 10:03:58 INFO SparkContext: Added JAR file:///home/***/.ivy2/jars/org.wildfly.openssl_wildfly-openssl-1.0.7.Final.jar at spark://1ed3a5ab4297:35917/jars/org.wildfly.openssl_wildfly-openssl-1.0.7.Final.jar with timestamp 1749290638469
[2025-06-07T10:03:58.817+0000] {spark_submit.py:644} INFO - 25/06/07 10:03:58 INFO SparkContext: Added JAR file:///home/***/.ivy2/jars/io.delta_delta-storage-3.1.0.jar at spark://1ed3a5ab4297:35917/jars/io.delta_delta-storage-3.1.0.jar with timestamp 1749290638469
[2025-06-07T10:03:58.817+0000] {spark_submit.py:644} INFO - 25/06/07 10:03:58 INFO SparkContext: Added JAR file:///home/***/.ivy2/jars/org.antlr_antlr4-runtime-4.9.3.jar at spark://1ed3a5ab4297:35917/jars/org.antlr_antlr4-runtime-4.9.3.jar with timestamp 1749290638469
[2025-06-07T10:03:58.818+0000] {spark_submit.py:644} INFO - 25/06/07 10:03:58 INFO SparkContext: Added file file:///home/***/.ivy2/jars/org.apache.hadoop_hadoop-aws-3.3.4.jar at spark://1ed3a5ab4297:35917/files/org.apache.hadoop_hadoop-aws-3.3.4.jar with timestamp 1749290638469
[2025-06-07T10:03:58.818+0000] {spark_submit.py:644} INFO - 25/06/07 10:03:58 INFO Utils: Copying /home/***/.ivy2/jars/org.apache.hadoop_hadoop-aws-3.3.4.jar to /tmp/spark-7b64b949-4fce-41dd-9da3-802bee59d0e1/userFiles-300df8cc-ae7b-4fa0-a6aa-4ee3fea1f83a/org.apache.hadoop_hadoop-aws-3.3.4.jar
[2025-06-07T10:03:58.824+0000] {spark_submit.py:644} INFO - 25/06/07 10:03:58 INFO SparkContext: Added file file:///home/***/.ivy2/jars/com.amazonaws_aws-java-sdk-bundle-1.12.262.jar at spark://1ed3a5ab4297:35917/files/com.amazonaws_aws-java-sdk-bundle-1.12.262.jar with timestamp 1749290638469
[2025-06-07T10:03:58.824+0000] {spark_submit.py:644} INFO - 25/06/07 10:03:58 INFO Utils: Copying /home/***/.ivy2/jars/com.amazonaws_aws-java-sdk-bundle-1.12.262.jar to /tmp/spark-7b64b949-4fce-41dd-9da3-802bee59d0e1/userFiles-300df8cc-ae7b-4fa0-a6aa-4ee3fea1f83a/com.amazonaws_aws-java-sdk-bundle-1.12.262.jar
[2025-06-07T10:03:58.879+0000] {spark_submit.py:644} INFO - 25/06/07 10:03:58 INFO SparkContext: Added file file:///home/***/.ivy2/jars/io.delta_delta-spark_2.12-3.1.0.jar at spark://1ed3a5ab4297:35917/files/io.delta_delta-spark_2.12-3.1.0.jar with timestamp 1749290638469
[2025-06-07T10:03:58.880+0000] {spark_submit.py:644} INFO - 25/06/07 10:03:58 INFO Utils: Copying /home/***/.ivy2/jars/io.delta_delta-spark_2.12-3.1.0.jar to /tmp/spark-7b64b949-4fce-41dd-9da3-802bee59d0e1/userFiles-300df8cc-ae7b-4fa0-a6aa-4ee3fea1f83a/io.delta_delta-spark_2.12-3.1.0.jar
[2025-06-07T10:03:58.882+0000] {spark_submit.py:644} INFO - 25/06/07 10:03:58 INFO SparkContext: Added file file:///home/***/.ivy2/jars/org.wildfly.openssl_wildfly-openssl-1.0.7.Final.jar at spark://1ed3a5ab4297:35917/files/org.wildfly.openssl_wildfly-openssl-1.0.7.Final.jar with timestamp 1749290638469
[2025-06-07T10:03:58.883+0000] {spark_submit.py:644} INFO - 25/06/07 10:03:58 INFO Utils: Copying /home/***/.ivy2/jars/org.wildfly.openssl_wildfly-openssl-1.0.7.Final.jar to /tmp/spark-7b64b949-4fce-41dd-9da3-802bee59d0e1/userFiles-300df8cc-ae7b-4fa0-a6aa-4ee3fea1f83a/org.wildfly.openssl_wildfly-openssl-1.0.7.Final.jar
[2025-06-07T10:03:58.885+0000] {spark_submit.py:644} INFO - 25/06/07 10:03:58 INFO SparkContext: Added file file:///home/***/.ivy2/jars/io.delta_delta-storage-3.1.0.jar at spark://1ed3a5ab4297:35917/files/io.delta_delta-storage-3.1.0.jar with timestamp 1749290638469
[2025-06-07T10:03:58.885+0000] {spark_submit.py:644} INFO - 25/06/07 10:03:58 INFO Utils: Copying /home/***/.ivy2/jars/io.delta_delta-storage-3.1.0.jar to /tmp/spark-7b64b949-4fce-41dd-9da3-802bee59d0e1/userFiles-300df8cc-ae7b-4fa0-a6aa-4ee3fea1f83a/io.delta_delta-storage-3.1.0.jar
[2025-06-07T10:03:58.887+0000] {spark_submit.py:644} INFO - 25/06/07 10:03:58 INFO SparkContext: Added file file:///home/***/.ivy2/jars/org.antlr_antlr4-runtime-4.9.3.jar at spark://1ed3a5ab4297:35917/files/org.antlr_antlr4-runtime-4.9.3.jar with timestamp 1749290638469
[2025-06-07T10:03:58.887+0000] {spark_submit.py:644} INFO - 25/06/07 10:03:58 INFO Utils: Copying /home/***/.ivy2/jars/org.antlr_antlr4-runtime-4.9.3.jar to /tmp/spark-7b64b949-4fce-41dd-9da3-802bee59d0e1/userFiles-300df8cc-ae7b-4fa0-a6aa-4ee3fea1f83a/org.antlr_antlr4-runtime-4.9.3.jar
[2025-06-07T10:03:58.923+0000] {spark_submit.py:644} INFO - 25/06/07 10:03:58 INFO StandaloneAppClient$ClientEndpoint: Connecting to master spark://spark-master:7077...
[2025-06-07T10:03:58.945+0000] {spark_submit.py:644} INFO - 25/06/07 10:03:58 INFO TransportClientFactory: Successfully created connection to spark-master/172.19.0.6:7077 after 11 ms (0 ms spent in bootstraps)
[2025-06-07T10:03:58.984+0000] {spark_submit.py:644} INFO - 25/06/07 10:03:58 INFO StandaloneSchedulerBackend: Connected to Spark cluster with app ID app-20250607100358-0009
[2025-06-07T10:03:58.986+0000] {spark_submit.py:644} INFO - 25/06/07 10:03:58 INFO StandaloneAppClient$ClientEndpoint: Executor added: app-20250607100358-0009/0 on worker-20250607084629-172.19.0.7-38989 (172.19.0.7:38989) with 4 core(s)
[2025-06-07T10:03:58.986+0000] {spark_submit.py:644} INFO - 25/06/07 10:03:58 INFO StandaloneSchedulerBackend: Granted executor ID app-20250607100358-0009/0 on hostPort 172.19.0.7:38989 with 4 core(s), 2.0 GiB RAM
[2025-06-07T10:03:58.988+0000] {spark_submit.py:644} INFO - 25/06/07 10:03:58 INFO Utils: Successfully started service 'org.apache.spark.network.netty.NettyBlockTransferService' on port 36357.
[2025-06-07T10:03:58.989+0000] {spark_submit.py:644} INFO - 25/06/07 10:03:58 INFO NettyBlockTransferService: Server created on 1ed3a5ab4297:36357
[2025-06-07T10:03:58.990+0000] {spark_submit.py:644} INFO - 25/06/07 10:03:58 INFO BlockManager: Using org.apache.spark.storage.RandomBlockReplicationPolicy for block replication policy
[2025-06-07T10:03:58.994+0000] {spark_submit.py:644} INFO - 25/06/07 10:03:58 INFO BlockManagerMaster: Registering BlockManager BlockManagerId(driver, 1ed3a5ab4297, 36357, None)
[2025-06-07T10:03:58.996+0000] {spark_submit.py:644} INFO - 25/06/07 10:03:58 INFO BlockManagerMasterEndpoint: Registering block manager 1ed3a5ab4297:36357 with 434.4 MiB RAM, BlockManagerId(driver, 1ed3a5ab4297, 36357, None)
[2025-06-07T10:03:58.998+0000] {spark_submit.py:644} INFO - 25/06/07 10:03:58 INFO BlockManagerMaster: Registered BlockManager BlockManagerId(driver, 1ed3a5ab4297, 36357, None)
[2025-06-07T10:03:58.999+0000] {spark_submit.py:644} INFO - 25/06/07 10:03:58 INFO BlockManager: Initialized BlockManager: BlockManagerId(driver, 1ed3a5ab4297, 36357, None)
[2025-06-07T10:03:58.999+0000] {spark_submit.py:644} INFO - 25/06/07 10:03:58 INFO StandaloneAppClient$ClientEndpoint: Executor updated: app-20250607100358-0009/0 is now RUNNING
[2025-06-07T10:03:59.098+0000] {spark_submit.py:644} INFO - 25/06/07 10:03:59 INFO StandaloneSchedulerBackend: SchedulerBackend is ready for scheduling beginning after reached minRegisteredResourcesRatio: 0.0
[2025-06-07T10:03:59.222+0000] {spark_submit.py:644} INFO - Bronze Ingestion: Spark session created.
[2025-06-07T10:03:59.226+0000] {spark_submit.py:644} INFO - 25/06/07 10:03:59 INFO SharedState: Setting hive.metastore.warehouse.dir ('null') to the value of spark.sql.warehouse.dir.
[2025-06-07T10:03:59.284+0000] {spark_submit.py:644} INFO - 25/06/07 10:03:59 WARN MetricsConfig: Cannot locate configuration: tried hadoop-metrics2-s3a-file-system.properties,hadoop-metrics2.properties
[2025-06-07T10:03:59.290+0000] {spark_submit.py:644} INFO - 25/06/07 10:03:59 INFO MetricsSystemImpl: Scheduled Metric snapshot period at 10 second(s).
[2025-06-07T10:03:59.290+0000] {spark_submit.py:644} INFO - 25/06/07 10:03:59 INFO MetricsSystemImpl: s3a-file-system metrics system started
[2025-06-07T10:03:59.648+0000] {spark_submit.py:644} INFO - 25/06/07 10:03:59 INFO SharedState: Warehouse path is 's3a://mybucket'.
[2025-06-07T10:04:00.094+0000] {spark_submit.py:644} INFO - 25/06/07 10:04:00 INFO InMemoryFileIndex: It took 18 ms to list leaf files for 1 paths.
[2025-06-07T10:04:00.438+0000] {spark_submit.py:644} INFO - 25/06/07 10:04:00 INFO StandaloneSchedulerBackend$StandaloneDriverEndpoint: Registered executor NettyRpcEndpointRef(spark-client://Executor) (172.19.0.7:33796) with ID 0,  ResourceProfileId 0
[2025-06-07T10:04:00.475+0000] {spark_submit.py:644} INFO - 25/06/07 10:04:00 INFO BlockManagerMasterEndpoint: Registering block manager 172.19.0.7:35983 with 1048.8 MiB RAM, BlockManagerId(0, 172.19.0.7, 35983, None)
[2025-06-07T10:04:00.496+0000] {spark_submit.py:644} INFO - Successfully loaded Stephen Curry stats from: /opt/***/data/Stephen Curry Stats.parquet
[2025-06-07T10:04:00.953+0000] {spark_submit.py:644} INFO - 25/06/07 10:04:00 INFO HiveConf: Found configuration file null
[2025-06-07T10:04:00.960+0000] {spark_submit.py:644} INFO - 25/06/07 10:04:00 INFO HiveUtils: Initializing HiveMetastoreConnection version 2.3.9 using Spark classes.
[2025-06-07T10:04:01.088+0000] {spark_submit.py:644} INFO - 25/06/07 10:04:01 INFO HiveClientImpl: Warehouse location for Hive client (version 2.3.9) is s3a://mybucket
[2025-06-07T10:04:01.118+0000] {spark_submit.py:644} INFO - 25/06/07 10:04:01 INFO metastore: Trying to connect to metastore with URI thrift://hive-metastore:9083
[2025-06-07T10:04:01.134+0000] {spark_submit.py:644} INFO - 25/06/07 10:04:01 INFO metastore: Opened a connection to metastore, current connections: 1
[2025-06-07T10:04:01.147+0000] {spark_submit.py:644} INFO - 25/06/07 10:04:01 INFO metastore: Connected to metastore.
[2025-06-07T10:04:01.203+0000] {spark_submit.py:644} INFO - Writing data to managed table: sc_stats_db.bronze_sc_stats
[2025-06-07T10:04:01.364+0000] {spark_submit.py:644} INFO - 25/06/07 10:04:01 WARN SparkStringUtils: Truncated the string representation of a plan since it was too large. This behavior can be adjusted by setting 'spark.sql.debug.maxToStringFields'.
[2025-06-07T10:04:01.470+0000] {spark_submit.py:644} INFO - 25/06/07 10:04:01 INFO DelegatingLogStore: LogStore `LogStoreAdapter(io.delta.storage.S3SingleDriverLogStore)` is used for scheme `s3a`
[2025-06-07T10:10:41.339+0000] {spark_submit.py:644} INFO - 25/06/07 10:10:41 ERROR StandaloneSchedulerBackend: Application has been killed. Reason: Master removed our application: KILLED
[2025-06-07T10:10:41.342+0000] {spark_submit.py:644} INFO - 25/06/07 10:10:41 INFO SparkContext: SparkContext is stopping with exitCode 0.
[2025-06-07T10:10:41.343+0000] {spark_submit.py:644} INFO - 25/06/07 10:10:41 ERROR Inbox: Ignoring error
[2025-06-07T10:10:41.343+0000] {spark_submit.py:644} INFO - org.apache.spark.SparkException: Exiting due to error from cluster scheduler: Master removed our application: KILLED
[2025-06-07T10:10:41.343+0000] {spark_submit.py:644} INFO - at org.apache.spark.errors.SparkCoreErrors$.clusterSchedulerError(SparkCoreErrors.scala:291)
[2025-06-07T10:10:41.344+0000] {spark_submit.py:644} INFO - at org.apache.spark.scheduler.TaskSchedulerImpl.error(TaskSchedulerImpl.scala:981)
[2025-06-07T10:10:41.344+0000] {spark_submit.py:644} INFO - at org.apache.spark.scheduler.cluster.StandaloneSchedulerBackend.dead(StandaloneSchedulerBackend.scala:165)
[2025-06-07T10:10:41.344+0000] {spark_submit.py:644} INFO - at org.apache.spark.deploy.client.StandaloneAppClient$ClientEndpoint.markDead(StandaloneAppClient.scala:263)
[2025-06-07T10:10:41.344+0000] {spark_submit.py:644} INFO - at org.apache.spark.deploy.client.StandaloneAppClient$ClientEndpoint$$anonfun$receive$1.applyOrElse(StandaloneAppClient.scala:170)
[2025-06-07T10:10:41.345+0000] {spark_submit.py:644} INFO - at org.apache.spark.rpc.netty.Inbox.$anonfun$process$1(Inbox.scala:115)
[2025-06-07T10:10:41.345+0000] {spark_submit.py:644} INFO - at org.apache.spark.rpc.netty.Inbox.safelyCall(Inbox.scala:213)
[2025-06-07T10:10:41.345+0000] {spark_submit.py:644} INFO - at org.apache.spark.rpc.netty.Inbox.process(Inbox.scala:100)
[2025-06-07T10:10:41.345+0000] {spark_submit.py:644} INFO - at org.apache.spark.rpc.netty.MessageLoop.org$apache$spark$rpc$netty$MessageLoop$$receiveLoop(MessageLoop.scala:75)
[2025-06-07T10:10:41.346+0000] {spark_submit.py:644} INFO - at org.apache.spark.rpc.netty.MessageLoop$$anon$1.run(MessageLoop.scala:41)
[2025-06-07T10:10:41.346+0000] {spark_submit.py:644} INFO - at java.base/java.util.concurrent.ThreadPoolExecutor.runWorker(ThreadPoolExecutor.java:1136)
[2025-06-07T10:10:41.346+0000] {spark_submit.py:644} INFO - at java.base/java.util.concurrent.ThreadPoolExecutor$Worker.run(ThreadPoolExecutor.java:635)
[2025-06-07T10:10:41.346+0000] {spark_submit.py:644} INFO - at java.base/java.lang.Thread.run(Thread.java:840)
[2025-06-07T10:10:41.349+0000] {spark_submit.py:644} INFO - 25/06/07 10:10:41 INFO SparkUI: Stopped Spark web UI at http://1ed3a5ab4297:4040
[2025-06-07T10:10:41.354+0000] {spark_submit.py:644} INFO - 25/06/07 10:10:41 INFO StandaloneSchedulerBackend: Shutting down all executors
[2025-06-07T10:10:41.354+0000] {spark_submit.py:644} INFO - 25/06/07 10:10:41 INFO StandaloneSchedulerBackend$StandaloneDriverEndpoint: Asking each executor to shut down
[2025-06-07T10:10:41.363+0000] {spark_submit.py:644} INFO - 25/06/07 10:10:41 INFO MapOutputTrackerMasterEndpoint: MapOutputTrackerMasterEndpoint stopped!
[2025-06-07T10:10:41.371+0000] {spark_submit.py:644} INFO - 25/06/07 10:10:41 INFO MemoryStore: MemoryStore cleared
[2025-06-07T10:10:41.374+0000] {spark_submit.py:644} INFO - 25/06/07 10:10:41 INFO BlockManager: BlockManager stopped
[2025-06-07T10:10:41.374+0000] {spark_submit.py:644} INFO - 25/06/07 10:10:41 INFO BlockManagerMaster: BlockManagerMaster stopped
[2025-06-07T10:10:41.375+0000] {spark_submit.py:644} INFO - 25/06/07 10:10:41 INFO OutputCommitCoordinator$OutputCommitCoordinatorEndpoint: OutputCommitCoordinator stopped!
[2025-06-07T10:10:41.395+0000] {spark_submit.py:644} INFO - 25/06/07 10:10:41 INFO SparkContext: Successfully stopped SparkContext
[2025-06-07T10:59:34.652+0000] {local_task_job_runner.py:127} ERROR - Received SIGTERM. Terminating subprocesses
[2025-06-07T10:59:34.696+0000] {process_utils.py:132} INFO - Sending 15 to group 3537. PIDs of all processes in the group: [3539, 3600, 3537]
[2025-06-07T10:59:34.702+0000] {process_utils.py:87} INFO - Sending the signal 15 to group 3537
[2025-06-07T10:59:34.714+0000] {taskinstance.py:3093} ERROR - Received SIGTERM. Terminating subprocesses.
[2025-06-07T10:59:34.753+0000] {spark_submit.py:770} INFO - Sending kill signal to spark-submit
[2025-06-07T10:59:34.946+0000] {taskinstance.py:3311} ERROR - Task failed with exception
Traceback (most recent call last):
  File "/home/airflow/.local/lib/python3.11/site-packages/airflow/models/taskinstance.py", line 767, in _execute_task
    result = _execute_callable(context=context, **execute_callable_kwargs)
             ^^^^^^^^^^^^^^^^^^^^^^^^^^^^^^^^^^^^^^^^^^^^^^^^^^^^^^^^^^^^^
  File "/home/airflow/.local/lib/python3.11/site-packages/airflow/models/taskinstance.py", line 733, in _execute_callable
    return ExecutionCallableRunner(
           ^^^^^^^^^^^^^^^^^^^^^^^^
  File "/home/airflow/.local/lib/python3.11/site-packages/airflow/utils/operator_helpers.py", line 252, in run
    return self.func(*args, **kwargs)
           ^^^^^^^^^^^^^^^^^^^^^^^^^^
  File "/home/airflow/.local/lib/python3.11/site-packages/airflow/models/baseoperator.py", line 417, in wrapper
    return func(self, *args, **kwargs)
           ^^^^^^^^^^^^^^^^^^^^^^^^^^^
  File "/home/airflow/.local/lib/python3.11/site-packages/airflow/providers/apache/spark/operators/spark_submit.py", line 197, in execute
    self._hook.submit(self.application)
  File "/home/airflow/.local/lib/python3.11/site-packages/airflow/providers/apache/spark/hooks/spark_submit.py", line 555, in submit
    self._process_spark_submit_log(iter(self._submit_sp.stdout))  # type: ignore
    ^^^^^^^^^^^^^^^^^^^^^^^^^^^^^^^^^^^^^^^^^^^^^^^^^^^^^^^^^^^^
  File "/home/airflow/.local/lib/python3.11/site-packages/airflow/providers/apache/spark/hooks/spark_submit.py", line 603, in _process_spark_submit_log
    for line in itr:
  File "/home/airflow/.local/lib/python3.11/site-packages/airflow/models/taskinstance.py", line 3095, in signal_handler
    raise AirflowTaskTerminated("Task received SIGTERM signal")
airflow.exceptions.AirflowTaskTerminated: Task received SIGTERM signal
[2025-06-07T10:59:34.964+0000] {taskinstance.py:1225} INFO - Marking task as FAILED. dag_id=curry_medallion_etl, task_id=submit_bronze_etl_job, run_id=manual__2025-06-07T10:03:54.618986+00:00, execution_date=20250607T100354, start_date=20250607T100356, end_date=20250607T105934
[2025-06-07T10:59:35.046+0000] {taskinstance.py:340} INFO - ::group::Post task execution logs
[2025-06-07T10:59:35.057+0000] {process_utils.py:80} INFO - Process psutil.Process(pid=3600, status='terminated', started='10:03:57') (3600) terminated with exit code None
[2025-06-07T10:59:35.058+0000] {process_utils.py:80} INFO - Process psutil.Process(pid=3539, status='terminated', started='10:03:56') (3539) terminated with exit code None
[2025-06-07T10:59:35.059+0000] {process_utils.py:80} INFO - Process psutil.Process(pid=3537, status='terminated', exitcode=2, started='10:03:56') (3537) terminated with exit code 2
[2025-06-07T10:59:35.061+0000] {local_task_job_runner.py:266} INFO - Task exited with return code 143
[2025-06-07T10:59:35.115+0000] {taskinstance.py:3895} INFO - 0 downstream tasks scheduled from follow-on schedule check
[2025-06-07T10:59:36.856+0000] {local_task_job_runner.py:127} ERROR - Received SIGTERM. Terminating subprocesses
