[2025-06-08T08:47:01.594+0000] {local_task_job_runner.py:123} INFO - ::group::Pre task execution logs
[2025-06-08T08:47:01.602+0000] {taskinstance.py:2613} INFO - Dependencies all met for dep_context=non-requeueable deps ti=<TaskInstance: stephen_curry_stats_medallion_etl.bronze_ingestion manual__2025-06-08T08:46:59.772718+00:00 [queued]>
[2025-06-08T08:47:01.606+0000] {taskinstance.py:2613} INFO - Dependencies all met for dep_context=requeueable deps ti=<TaskInstance: stephen_curry_stats_medallion_etl.bronze_ingestion manual__2025-06-08T08:46:59.772718+00:00 [queued]>
[2025-06-08T08:47:01.606+0000] {taskinstance.py:2866} INFO - Starting attempt 1 of 1
[2025-06-08T08:47:01.611+0000] {taskinstance.py:2889} INFO - Executing <Task(SparkSubmitOperator): bronze_ingestion> on 2025-06-08 08:46:59.772718+00:00
[2025-06-08T08:47:01.613+0000] {standard_task_runner.py:72} INFO - Started process 12319 to run task
[2025-06-08T08:47:01.615+0000] {standard_task_runner.py:104} INFO - Running: ['***', 'tasks', 'run', 'stephen_curry_stats_medallion_etl', 'bronze_ingestion', 'manual__2025-06-08T08:46:59.772718+00:00', '--job-id', '58', '--raw', '--subdir', 'DAGS_FOLDER/medallion_sales_etl_dag.py', '--cfg-path', '/tmp/tmpxvrl80vp']
[2025-06-08T08:47:01.616+0000] {standard_task_runner.py:105} INFO - Job 58: Subtask bronze_ingestion
[2025-06-08T08:47:01.642+0000] {task_command.py:467} INFO - Running <TaskInstance: stephen_curry_stats_medallion_etl.bronze_ingestion manual__2025-06-08T08:46:59.772718+00:00 [running]> on host ae00baecdfb8
[2025-06-08T08:47:01.690+0000] {taskinstance.py:3132} INFO - Exporting env vars: AIRFLOW_CTX_DAG_OWNER='***' AIRFLOW_CTX_DAG_ID='stephen_curry_stats_medallion_etl' AIRFLOW_CTX_TASK_ID='bronze_ingestion' AIRFLOW_CTX_EXECUTION_DATE='2025-06-08T08:46:59.772718+00:00' AIRFLOW_CTX_TRY_NUMBER='1' AIRFLOW_CTX_DAG_RUN_ID='manual__2025-06-08T08:46:59.772718+00:00'
[2025-06-08T08:47:01.691+0000] {taskinstance.py:731} INFO - ::endgroup::
[2025-06-08T08:47:01.707+0000] {base.py:84} INFO - Retrieving connection 'spark_default'
[2025-06-08T08:47:01.708+0000] {spark_submit.py:474} INFO - Spark-Submit cmd: spark-submit --master spark://spark-master:7077 --conf spark.sql.extensions=io.delta.sql.DeltaSparkSessionExtension --conf spark.sql.catalog.spark_catalog=org.apache.spark.sql.delta.catalog.DeltaCatalog --conf spark.hadoop.fs.s3a.endpoint=http://minio:9000 --conf spark.hadoop.fs.s3a.access.key=minioadmin --conf spark.hadoop.fs.s3a.secret.key=****** --conf spark.hadoop.fs.s3a.path.style.access=true --conf spark.hadoop.fs.s3a.impl=org.apache.hadoop.fs.s3a.S3AFileSystem --conf spark.hadoop.fs.s3a.aws.credentials.provider=org.apache.hadoop.fs.s3a.SimpleAWSCredentialsProvider --packages org.apache.hadoop:hadoop-aws:3.3.4,com.amazonaws:aws-java-sdk-bundle:1.12.262,io.delta:delta-spark_2.12:3.1.0 --name arrow-spark --queue root.default --deploy-mode client dags/bronze_ingestion_sc_stats_etl.py --output_path s3a://mybucket/sc_stats_db/bronze/raw_data
[2025-06-08T08:47:02.450+0000] {spark_submit.py:644} INFO - :: loading settings :: url = jar:file:/home/***/.local/lib/python3.11/site-packages/pyspark/jars/ivy-2.5.1.jar!/org/apache/ivy/core/settings/ivysettings.xml
[2025-06-08T08:47:02.488+0000] {spark_submit.py:644} INFO - Ivy Default Cache set to: /home/***/.ivy2/cache
[2025-06-08T08:47:02.488+0000] {spark_submit.py:644} INFO - The jars for the packages stored in: /home/***/.ivy2/jars
[2025-06-08T08:47:02.490+0000] {spark_submit.py:644} INFO - org.apache.hadoop#hadoop-aws added as a dependency
[2025-06-08T08:47:02.491+0000] {spark_submit.py:644} INFO - com.amazonaws#aws-java-sdk-bundle added as a dependency
[2025-06-08T08:47:02.491+0000] {spark_submit.py:644} INFO - io.delta#delta-spark_2.12 added as a dependency
[2025-06-08T08:47:02.491+0000] {spark_submit.py:644} INFO - :: resolving dependencies :: org.apache.spark#spark-submit-parent-28fdf996-fd5d-4871-9127-d9c223a7abe7;1.0
[2025-06-08T08:47:02.491+0000] {spark_submit.py:644} INFO - confs: [default]
[2025-06-08T08:47:02.572+0000] {spark_submit.py:644} INFO - found org.apache.hadoop#hadoop-aws;3.3.4 in central
[2025-06-08T08:47:02.586+0000] {spark_submit.py:644} INFO - found com.amazonaws#aws-java-sdk-bundle;1.12.262 in central
[2025-06-08T08:47:02.598+0000] {spark_submit.py:644} INFO - found org.wildfly.openssl#wildfly-openssl;1.0.7.Final in central
[2025-06-08T08:47:02.606+0000] {spark_submit.py:644} INFO - found io.delta#delta-spark_2.12;3.1.0 in central
[2025-06-08T08:47:02.614+0000] {spark_submit.py:644} INFO - found io.delta#delta-storage;3.1.0 in central
[2025-06-08T08:47:02.622+0000] {spark_submit.py:644} INFO - found org.antlr#antlr4-runtime;4.9.3 in central
[2025-06-08T08:47:02.635+0000] {spark_submit.py:644} INFO - :: resolution report :: resolve 138ms :: artifacts dl 6ms
[2025-06-08T08:47:02.636+0000] {spark_submit.py:644} INFO - :: modules in use:
[2025-06-08T08:47:02.636+0000] {spark_submit.py:644} INFO - com.amazonaws#aws-java-sdk-bundle;1.12.262 from central in [default]
[2025-06-08T08:47:02.636+0000] {spark_submit.py:644} INFO - io.delta#delta-spark_2.12;3.1.0 from central in [default]
[2025-06-08T08:47:02.636+0000] {spark_submit.py:644} INFO - io.delta#delta-storage;3.1.0 from central in [default]
[2025-06-08T08:47:02.636+0000] {spark_submit.py:644} INFO - org.antlr#antlr4-runtime;4.9.3 from central in [default]
[2025-06-08T08:47:02.636+0000] {spark_submit.py:644} INFO - org.apache.hadoop#hadoop-aws;3.3.4 from central in [default]
[2025-06-08T08:47:02.636+0000] {spark_submit.py:644} INFO - org.wildfly.openssl#wildfly-openssl;1.0.7.Final from central in [default]
[2025-06-08T08:47:02.637+0000] {spark_submit.py:644} INFO - ---------------------------------------------------------------------
[2025-06-08T08:47:02.637+0000] {spark_submit.py:644} INFO - |                  |            modules            ||   artifacts   |
[2025-06-08T08:47:02.637+0000] {spark_submit.py:644} INFO - |       conf       | number| search|dwnlded|evicted|| number|dwnlded|
[2025-06-08T08:47:02.637+0000] {spark_submit.py:644} INFO - ---------------------------------------------------------------------
[2025-06-08T08:47:02.637+0000] {spark_submit.py:644} INFO - |      default     |   6   |   0   |   0   |   0   ||   6   |   0   |
[2025-06-08T08:47:02.637+0000] {spark_submit.py:644} INFO - ---------------------------------------------------------------------
[2025-06-08T08:47:02.639+0000] {spark_submit.py:644} INFO - :: retrieving :: org.apache.spark#spark-submit-parent-28fdf996-fd5d-4871-9127-d9c223a7abe7
[2025-06-08T08:47:02.639+0000] {spark_submit.py:644} INFO - confs: [default]
[2025-06-08T08:47:02.642+0000] {spark_submit.py:644} INFO - 0 artifacts copied, 6 already retrieved (0kB/3ms)
[2025-06-08T08:47:02.734+0000] {spark_submit.py:644} INFO - 25/06/08 08:47:02 WARN NativeCodeLoader: Unable to load native-hadoop library for your platform... using builtin-java classes where applicable
[2025-06-08T08:47:03.434+0000] {spark_submit.py:644} INFO - 25/06/08 08:47:03 INFO SparkContext: Running Spark version 3.5.2
[2025-06-08T08:47:03.434+0000] {spark_submit.py:644} INFO - 25/06/08 08:47:03 INFO SparkContext: OS info Linux, 6.10.14-linuxkit, aarch64
[2025-06-08T08:47:03.435+0000] {spark_submit.py:644} INFO - 25/06/08 08:47:03 INFO SparkContext: Java version 17.0.15
[2025-06-08T08:47:03.450+0000] {spark_submit.py:644} INFO - 25/06/08 08:47:03 INFO ResourceUtils: ==============================================================
[2025-06-08T08:47:03.451+0000] {spark_submit.py:644} INFO - 25/06/08 08:47:03 INFO ResourceUtils: No custom resources configured for spark.driver.
[2025-06-08T08:47:03.451+0000] {spark_submit.py:644} INFO - 25/06/08 08:47:03 INFO ResourceUtils: ==============================================================
[2025-06-08T08:47:03.451+0000] {spark_submit.py:644} INFO - 25/06/08 08:47:03 INFO SparkContext: Submitted application: BronzeIngestionStephenCurryStats
[2025-06-08T08:47:03.464+0000] {spark_submit.py:644} INFO - 25/06/08 08:47:03 INFO ResourceProfile: Default ResourceProfile created, executor resources: Map(memory -> name: memory, amount: 1024, script: , vendor: , offHeap -> name: offHeap, amount: 0, script: , vendor: ), task resources: Map(cpus -> name: cpus, amount: 1.0)
[2025-06-08T08:47:03.469+0000] {spark_submit.py:644} INFO - 25/06/08 08:47:03 INFO ResourceProfile: Limiting resource is cpu
[2025-06-08T08:47:03.469+0000] {spark_submit.py:644} INFO - 25/06/08 08:47:03 INFO ResourceProfileManager: Added ResourceProfile id: 0
[2025-06-08T08:47:03.498+0000] {spark_submit.py:644} INFO - 25/06/08 08:47:03 INFO SecurityManager: Changing view acls to: ***
[2025-06-08T08:47:03.499+0000] {spark_submit.py:644} INFO - 25/06/08 08:47:03 INFO SecurityManager: Changing modify acls to: ***
[2025-06-08T08:47:03.499+0000] {spark_submit.py:644} INFO - 25/06/08 08:47:03 INFO SecurityManager: Changing view acls groups to:
[2025-06-08T08:47:03.499+0000] {spark_submit.py:644} INFO - 25/06/08 08:47:03 INFO SecurityManager: Changing modify acls groups to:
[2025-06-08T08:47:03.499+0000] {spark_submit.py:644} INFO - 25/06/08 08:47:03 INFO SecurityManager: SecurityManager: authentication disabled; ui acls disabled; users with view permissions: ***; groups with view permissions: EMPTY; users with modify permissions: ***; groups with modify permissions: EMPTY
[2025-06-08T08:47:03.613+0000] {spark_submit.py:644} INFO - 25/06/08 08:47:03 INFO Utils: Successfully started service 'sparkDriver' on port 40429.
[2025-06-08T08:47:03.631+0000] {spark_submit.py:644} INFO - 25/06/08 08:47:03 INFO SparkEnv: Registering MapOutputTracker
[2025-06-08T08:47:03.655+0000] {spark_submit.py:644} INFO - 25/06/08 08:47:03 INFO SparkEnv: Registering BlockManagerMaster
[2025-06-08T08:47:03.662+0000] {spark_submit.py:644} INFO - 25/06/08 08:47:03 INFO BlockManagerMasterEndpoint: Using org.apache.spark.storage.DefaultTopologyMapper for getting topology information
[2025-06-08T08:47:03.662+0000] {spark_submit.py:644} INFO - 25/06/08 08:47:03 INFO BlockManagerMasterEndpoint: BlockManagerMasterEndpoint up
[2025-06-08T08:47:03.664+0000] {spark_submit.py:644} INFO - 25/06/08 08:47:03 INFO SparkEnv: Registering BlockManagerMasterHeartbeat
[2025-06-08T08:47:03.673+0000] {spark_submit.py:644} INFO - 25/06/08 08:47:03 INFO DiskBlockManager: Created local directory at /tmp/blockmgr-e6b28b4d-384c-4d63-af25-0742412b1e72
[2025-06-08T08:47:03.679+0000] {spark_submit.py:644} INFO - 25/06/08 08:47:03 INFO MemoryStore: MemoryStore started with capacity 434.4 MiB
[2025-06-08T08:47:03.686+0000] {spark_submit.py:644} INFO - 25/06/08 08:47:03 INFO SparkEnv: Registering OutputCommitCoordinator
[2025-06-08T08:47:03.741+0000] {spark_submit.py:644} INFO - 25/06/08 08:47:03 INFO JettyUtils: Start Jetty 0.0.0.0:4040 for SparkUI
[2025-06-08T08:47:03.772+0000] {spark_submit.py:644} INFO - 25/06/08 08:47:03 INFO Utils: Successfully started service 'SparkUI' on port 4040.
[2025-06-08T08:47:03.789+0000] {spark_submit.py:644} INFO - 25/06/08 08:47:03 INFO SparkContext: Added JAR file:///home/***/.ivy2/jars/org.apache.hadoop_hadoop-aws-3.3.4.jar at spark://ae00baecdfb8:40429/jars/org.apache.hadoop_hadoop-aws-3.3.4.jar with timestamp 1749372423430
[2025-06-08T08:47:03.789+0000] {spark_submit.py:644} INFO - 25/06/08 08:47:03 INFO SparkContext: Added JAR file:///home/***/.ivy2/jars/com.amazonaws_aws-java-sdk-bundle-1.12.262.jar at spark://ae00baecdfb8:40429/jars/com.amazonaws_aws-java-sdk-bundle-1.12.262.jar with timestamp 1749372423430
[2025-06-08T08:47:03.790+0000] {spark_submit.py:644} INFO - 25/06/08 08:47:03 INFO SparkContext: Added JAR file:///home/***/.ivy2/jars/io.delta_delta-spark_2.12-3.1.0.jar at spark://ae00baecdfb8:40429/jars/io.delta_delta-spark_2.12-3.1.0.jar with timestamp 1749372423430
[2025-06-08T08:47:03.790+0000] {spark_submit.py:644} INFO - 25/06/08 08:47:03 INFO SparkContext: Added JAR file:///home/***/.ivy2/jars/org.wildfly.openssl_wildfly-openssl-1.0.7.Final.jar at spark://ae00baecdfb8:40429/jars/org.wildfly.openssl_wildfly-openssl-1.0.7.Final.jar with timestamp 1749372423430
[2025-06-08T08:47:03.790+0000] {spark_submit.py:644} INFO - 25/06/08 08:47:03 INFO SparkContext: Added JAR file:///home/***/.ivy2/jars/io.delta_delta-storage-3.1.0.jar at spark://ae00baecdfb8:40429/jars/io.delta_delta-storage-3.1.0.jar with timestamp 1749372423430
[2025-06-08T08:47:03.790+0000] {spark_submit.py:644} INFO - 25/06/08 08:47:03 INFO SparkContext: Added JAR file:///home/***/.ivy2/jars/org.antlr_antlr4-runtime-4.9.3.jar at spark://ae00baecdfb8:40429/jars/org.antlr_antlr4-runtime-4.9.3.jar with timestamp 1749372423430
[2025-06-08T08:47:03.791+0000] {spark_submit.py:644} INFO - 25/06/08 08:47:03 INFO SparkContext: Added file file:///home/***/.ivy2/jars/org.apache.hadoop_hadoop-aws-3.3.4.jar at spark://ae00baecdfb8:40429/files/org.apache.hadoop_hadoop-aws-3.3.4.jar with timestamp 1749372423430
[2025-06-08T08:47:03.791+0000] {spark_submit.py:644} INFO - 25/06/08 08:47:03 INFO Utils: Copying /home/***/.ivy2/jars/org.apache.hadoop_hadoop-aws-3.3.4.jar to /tmp/spark-26af8d02-8681-4ada-b7cc-7aceb79ebdfc/userFiles-73b078a4-34a2-4116-b20e-6c347e772a61/org.apache.hadoop_hadoop-aws-3.3.4.jar
[2025-06-08T08:47:03.797+0000] {spark_submit.py:644} INFO - 25/06/08 08:47:03 INFO SparkContext: Added file file:///home/***/.ivy2/jars/com.amazonaws_aws-java-sdk-bundle-1.12.262.jar at spark://ae00baecdfb8:40429/files/com.amazonaws_aws-java-sdk-bundle-1.12.262.jar with timestamp 1749372423430
[2025-06-08T08:47:03.797+0000] {spark_submit.py:644} INFO - 25/06/08 08:47:03 INFO Utils: Copying /home/***/.ivy2/jars/com.amazonaws_aws-java-sdk-bundle-1.12.262.jar to /tmp/spark-26af8d02-8681-4ada-b7cc-7aceb79ebdfc/userFiles-73b078a4-34a2-4116-b20e-6c347e772a61/com.amazonaws_aws-java-sdk-bundle-1.12.262.jar
[2025-06-08T08:47:03.912+0000] {spark_submit.py:644} INFO - 25/06/08 08:47:03 INFO SparkContext: Added file file:///home/***/.ivy2/jars/io.delta_delta-spark_2.12-3.1.0.jar at spark://ae00baecdfb8:40429/files/io.delta_delta-spark_2.12-3.1.0.jar with timestamp 1749372423430
[2025-06-08T08:47:03.913+0000] {spark_submit.py:644} INFO - 25/06/08 08:47:03 INFO Utils: Copying /home/***/.ivy2/jars/io.delta_delta-spark_2.12-3.1.0.jar to /tmp/spark-26af8d02-8681-4ada-b7cc-7aceb79ebdfc/userFiles-73b078a4-34a2-4116-b20e-6c347e772a61/io.delta_delta-spark_2.12-3.1.0.jar
[2025-06-08T08:47:03.916+0000] {spark_submit.py:644} INFO - 25/06/08 08:47:03 INFO SparkContext: Added file file:///home/***/.ivy2/jars/org.wildfly.openssl_wildfly-openssl-1.0.7.Final.jar at spark://ae00baecdfb8:40429/files/org.wildfly.openssl_wildfly-openssl-1.0.7.Final.jar with timestamp 1749372423430
[2025-06-08T08:47:03.917+0000] {spark_submit.py:644} INFO - 25/06/08 08:47:03 INFO Utils: Copying /home/***/.ivy2/jars/org.wildfly.openssl_wildfly-openssl-1.0.7.Final.jar to /tmp/spark-26af8d02-8681-4ada-b7cc-7aceb79ebdfc/userFiles-73b078a4-34a2-4116-b20e-6c347e772a61/org.wildfly.openssl_wildfly-openssl-1.0.7.Final.jar
[2025-06-08T08:47:03.919+0000] {spark_submit.py:644} INFO - 25/06/08 08:47:03 INFO SparkContext: Added file file:///home/***/.ivy2/jars/io.delta_delta-storage-3.1.0.jar at spark://ae00baecdfb8:40429/files/io.delta_delta-storage-3.1.0.jar with timestamp 1749372423430
[2025-06-08T08:47:03.919+0000] {spark_submit.py:644} INFO - 25/06/08 08:47:03 INFO Utils: Copying /home/***/.ivy2/jars/io.delta_delta-storage-3.1.0.jar to /tmp/spark-26af8d02-8681-4ada-b7cc-7aceb79ebdfc/userFiles-73b078a4-34a2-4116-b20e-6c347e772a61/io.delta_delta-storage-3.1.0.jar
[2025-06-08T08:47:03.921+0000] {spark_submit.py:644} INFO - 25/06/08 08:47:03 INFO SparkContext: Added file file:///home/***/.ivy2/jars/org.antlr_antlr4-runtime-4.9.3.jar at spark://ae00baecdfb8:40429/files/org.antlr_antlr4-runtime-4.9.3.jar with timestamp 1749372423430
[2025-06-08T08:47:03.921+0000] {spark_submit.py:644} INFO - 25/06/08 08:47:03 INFO Utils: Copying /home/***/.ivy2/jars/org.antlr_antlr4-runtime-4.9.3.jar to /tmp/spark-26af8d02-8681-4ada-b7cc-7aceb79ebdfc/userFiles-73b078a4-34a2-4116-b20e-6c347e772a61/org.antlr_antlr4-runtime-4.9.3.jar
[2025-06-08T08:47:03.960+0000] {spark_submit.py:644} INFO - 25/06/08 08:47:03 INFO StandaloneAppClient$ClientEndpoint: Connecting to master spark://spark-master:7077...
[2025-06-08T08:47:03.980+0000] {spark_submit.py:644} INFO - 25/06/08 08:47:03 INFO TransportClientFactory: Successfully created connection to spark-master/172.19.0.7:7077 after 11 ms (0 ms spent in bootstraps)
[2025-06-08T08:47:04.050+0000] {spark_submit.py:644} INFO - 25/06/08 08:47:04 INFO StandaloneSchedulerBackend: Connected to Spark cluster with app ID app-20250608084704-0000
[2025-06-08T08:47:04.054+0000] {spark_submit.py:644} INFO - 25/06/08 08:47:04 INFO Utils: Successfully started service 'org.apache.spark.network.netty.NettyBlockTransferService' on port 33463.
[2025-06-08T08:47:04.054+0000] {spark_submit.py:644} INFO - 25/06/08 08:47:04 INFO NettyBlockTransferService: Server created on ae00baecdfb8:33463
[2025-06-08T08:47:04.055+0000] {spark_submit.py:644} INFO - 25/06/08 08:47:04 INFO BlockManager: Using org.apache.spark.storage.RandomBlockReplicationPolicy for block replication policy
[2025-06-08T08:47:04.058+0000] {spark_submit.py:644} INFO - 25/06/08 08:47:04 INFO BlockManagerMaster: Registering BlockManager BlockManagerId(driver, ae00baecdfb8, 33463, None)
[2025-06-08T08:47:04.060+0000] {spark_submit.py:644} INFO - 25/06/08 08:47:04 INFO BlockManagerMasterEndpoint: Registering block manager ae00baecdfb8:33463 with 434.4 MiB RAM, BlockManagerId(driver, ae00baecdfb8, 33463, None)
[2025-06-08T08:47:04.061+0000] {spark_submit.py:644} INFO - 25/06/08 08:47:04 INFO StandaloneAppClient$ClientEndpoint: Executor added: app-20250608084704-0000/0 on worker-20250608084555-172.19.0.9-32905 (172.19.0.9:32905) with 4 core(s)
[2025-06-08T08:47:04.062+0000] {spark_submit.py:644} INFO - 25/06/08 08:47:04 INFO BlockManagerMaster: Registered BlockManager BlockManagerId(driver, ae00baecdfb8, 33463, None)
[2025-06-08T08:47:04.063+0000] {spark_submit.py:644} INFO - 25/06/08 08:47:04 INFO BlockManager: Initialized BlockManager: BlockManagerId(driver, ae00baecdfb8, 33463, None)
[2025-06-08T08:47:04.064+0000] {spark_submit.py:644} INFO - 25/06/08 08:47:04 INFO StandaloneSchedulerBackend: Granted executor ID app-20250608084704-0000/0 on hostPort 172.19.0.9:32905 with 4 core(s), 1024.0 MiB RAM
[2025-06-08T08:47:04.135+0000] {spark_submit.py:644} INFO - 25/06/08 08:47:04 INFO StandaloneAppClient$ClientEndpoint: Executor updated: app-20250608084704-0000/0 is now RUNNING
[2025-06-08T08:47:04.169+0000] {spark_submit.py:644} INFO - 25/06/08 08:47:04 INFO StandaloneSchedulerBackend: SchedulerBackend is ready for scheduling beginning after reached minRegisteredResourcesRatio: 0.0
[2025-06-08T08:47:04.311+0000] {spark_submit.py:644} INFO - Bronze Ingestion: Spark session created.
[2025-06-08T08:47:04.316+0000] {spark_submit.py:644} INFO - 25/06/08 08:47:04 INFO SharedState: Setting hive.metastore.warehouse.dir ('null') to the value of spark.sql.warehouse.dir.
[2025-06-08T08:47:04.317+0000] {spark_submit.py:644} INFO - 25/06/08 08:47:04 INFO SharedState: Warehouse path is 'file:/tmp/spark-warehouse'.
[2025-06-08T08:47:04.777+0000] {spark_submit.py:644} INFO - 25/06/08 08:47:04 INFO InMemoryFileIndex: It took 20 ms to list leaf files for 1 paths.
[2025-06-08T08:47:05.182+0000] {spark_submit.py:644} INFO - Successfully loaded Stephen Curry stats from: /opt/***/data/Stephen Curry Stats.parquet
[2025-06-08T08:47:05.295+0000] {spark_submit.py:644} INFO - 25/06/08 08:47:05 INFO StandaloneSchedulerBackend$StandaloneDriverEndpoint: Registered executor NettyRpcEndpointRef(spark-client://Executor) (172.19.0.9:51176) with ID 0,  ResourceProfileId 0
[2025-06-08T08:47:05.329+0000] {spark_submit.py:644} INFO - 25/06/08 08:47:05 INFO BlockManagerMasterEndpoint: Registering block manager 172.19.0.9:42657 with 434.4 MiB RAM, BlockManagerId(0, 172.19.0.9, 42657, None)
[2025-06-08T08:47:05.666+0000] {spark_submit.py:644} INFO - 25/06/08 08:47:05 INFO HiveConf: Found configuration file null
[2025-06-08T08:47:05.674+0000] {spark_submit.py:644} INFO - 25/06/08 08:47:05 INFO HiveUtils: Initializing HiveMetastoreConnection version 2.3.9 using Spark classes.
[2025-06-08T08:47:05.814+0000] {spark_submit.py:644} INFO - 25/06/08 08:47:05 INFO HiveClientImpl: Warehouse location for Hive client (version 2.3.9) is file:/tmp/spark-warehouse
[2025-06-08T08:47:05.845+0000] {spark_submit.py:644} INFO - 25/06/08 08:47:05 INFO metastore: Trying to connect to metastore with URI thrift://hive-metastore:9083
[2025-06-08T08:47:05.863+0000] {spark_submit.py:644} INFO - 25/06/08 08:47:05 INFO metastore: Opened a connection to metastore, current connections: 1
[2025-06-08T08:47:05.884+0000] {spark_submit.py:644} INFO - 25/06/08 08:47:05 INFO metastore: Connected to metastore.
[2025-06-08T08:47:06.371+0000] {spark_submit.py:644} INFO - 25/06/08 08:47:06 WARN SparkStringUtils: Truncated the string representation of a plan since it was too large. This behavior can be adjusted by setting 'spark.sql.debug.maxToStringFields'.
[2025-06-08T08:47:07.020+0000] {spark_submit.py:644} INFO - 25/06/08 08:47:07 WARN MetricsConfig: Cannot locate configuration: tried hadoop-metrics2-s3a-file-system.properties,hadoop-metrics2.properties
[2025-06-08T08:47:07.026+0000] {spark_submit.py:644} INFO - 25/06/08 08:47:07 INFO MetricsSystemImpl: Scheduled Metric snapshot period at 10 second(s).
[2025-06-08T08:47:07.027+0000] {spark_submit.py:644} INFO - 25/06/08 08:47:07 INFO MetricsSystemImpl: s3a-file-system metrics system started
[2025-06-08T08:47:07.425+0000] {spark_submit.py:644} INFO - 25/06/08 08:47:07 INFO DelegatingLogStore: LogStore `LogStoreAdapter(io.delta.storage.S3SingleDriverLogStore)` is used for scheme `s3a`
[2025-06-08T08:47:07.501+0000] {spark_submit.py:644} INFO - 25/06/08 08:47:07 INFO DeltaLog: Creating initial snapshot without metadata, because the directory is empty
[2025-06-08T08:47:07.506+0000] {spark_submit.py:644} INFO - 25/06/08 08:47:07 INFO InitialSnapshot: [tableId=c7adb4ba-be7d-4647-ac84-d65b4b0f1a98] Created snapshot InitialSnapshot(path=s3a://mybucket/sc_stats_db/bronze/raw_data/_delta_log, version=-1, metadata=Metadata(09bf7e45-c771-434e-941f-56da215b92fa,null,null,Format(parquet,Map()),null,List(),Map(),Some(1749372427503)), logSegment=LogSegment(s3a://mybucket/sc_stats_db/bronze/raw_data/_delta_log,-1,List(),org.apache.spark.sql.delta.EmptyCheckpointProvider$@3836cf1c,-1), checksumOpt=None)
[2025-06-08T08:47:07.548+0000] {spark_submit.py:644} INFO - 25/06/08 08:47:07 INFO DeltaLog: No delta log found for the Delta table at s3a://mybucket/sc_stats_db/bronze/raw_data/_delta_log
[2025-06-08T08:47:07.549+0000] {spark_submit.py:644} INFO - 25/06/08 08:47:07 INFO InitialSnapshot: [tableId=09bf7e45-c771-434e-941f-56da215b92fa] Created snapshot InitialSnapshot(path=s3a://mybucket/sc_stats_db/bronze/raw_data/_delta_log, version=-1, metadata=Metadata(6244adbc-4f8a-4bdd-8ee6-9968020ed27a,null,null,Format(parquet,Map()),null,List(),Map(),Some(1749372427548)), logSegment=LogSegment(s3a://mybucket/sc_stats_db/bronze/raw_data/_delta_log,-1,List(),org.apache.spark.sql.delta.EmptyCheckpointProvider$@3836cf1c,-1), checksumOpt=None)
[2025-06-08T08:47:07.615+0000] {spark_submit.py:644} INFO - 25/06/08 08:47:07 INFO OptimisticTransaction: [tableId=6244adbc,txnId=5ec78ece] Updated metadata from - to Metadata(3b0a1545-cdf3-4735-9021-7fae5b4fd306,null,null,Format(parquet,Map()),{"type":"struct","fields":[{"name":"Season_year","type":"string","nullable":true,"metadata":{}},{"name":"Season_div","type":"string","nullable":true,"metadata":{}},{"name":"Date","type":"string","nullable":true,"metadata":{}},{"name":"OPP","type":"string","nullable":true,"metadata":{}},{"name":"Result","type":"string","nullable":true,"metadata":{}},{"name":"T_Score","type":"long","nullable":true,"metadata":{}},{"name":"O_Score","type":"long","nullable":true,"metadata":{}},{"name":"MIN","type":"double","nullable":true,"metadata":{}},{"name":"FG","type":"string","nullable":true,"metadata":{}},{"name":"FGM","type":"long","nullable":true,"metadata":{}},{"name":"FGA","type":"long","nullable":true,"metadata":{}},{"name":"FG_Percentage","type":"double","nullable":true,"metadata":{}},{"name":"3PT","type":"string","nullable":true,"metadata":{}},{"name":"3PTM","type":"long","nullable":true,"metadata":{}},{"name":"3PTA","type":"long","nullable":true,"metadata":{}},{"name":"3P_Percentage","type":"double","nullable":true,"metadata":{}},{"name":"FT","type":"string","nullable":true,"metadata":{}},{"name":"FTM","type":"long","nullable":true,"metadata":{}},{"name":"FTA","type":"long","nullable":true,"metadata":{}},{"name":"FT_Percentage","type":"double","nullable":true,"metadata":{}},{"name":"REB","type":"long","nullable":true,"metadata":{}},{"name":"AST","type":"long","nullable":true,"metadata":{}},{"name":"BLK","type":"long","nullable":true,"metadata":{}},{"name":"STL","type":"long","nullable":true,"metadata":{}},{"name":"PF","type":"long","nullable":true,"metadata":{}},{"name":"TO","type":"long","nullable":true,"metadata":{}},{"name":"PTS","type":"long","nullable":true,"metadata":{}}]},ArrayBuffer(),Map(),Some(1749372427600))
[2025-06-08T08:47:07.903+0000] {spark_submit.py:644} INFO - 25/06/08 08:47:07 INFO FileSourceStrategy: Pushed Filters:
[2025-06-08T08:47:07.904+0000] {spark_submit.py:644} INFO - 25/06/08 08:47:07 INFO FileSourceStrategy: Post-Scan Filters:
[2025-06-08T08:47:07.945+0000] {spark_submit.py:644} INFO - 25/06/08 08:47:07 INFO ParquetUtils: Using default output committer for Parquet: org.apache.parquet.hadoop.ParquetOutputCommitter
[2025-06-08T08:47:08.142+0000] {spark_submit.py:644} INFO - 25/06/08 08:47:08 INFO CodeGenerator: Code generated in 134.417875 ms
[2025-06-08T08:47:08.172+0000] {spark_submit.py:644} INFO - 25/06/08 08:47:08 INFO MemoryStore: Block broadcast_0 stored as values in memory (estimated size 209.8 KiB, free 434.2 MiB)
[2025-06-08T08:47:08.200+0000] {spark_submit.py:644} INFO - 25/06/08 08:47:08 INFO MemoryStore: Block broadcast_0_piece0 stored as bytes in memory (estimated size 37.0 KiB, free 434.2 MiB)
[2025-06-08T08:47:08.203+0000] {spark_submit.py:644} INFO - 25/06/08 08:47:08 INFO BlockManagerInfo: Added broadcast_0_piece0 in memory on ae00baecdfb8:33463 (size: 37.0 KiB, free: 434.4 MiB)
[2025-06-08T08:47:08.203+0000] {spark_submit.py:644} INFO - 25/06/08 08:47:08 INFO SparkContext: Created broadcast 0 from $anonfun$recordDeltaOperationInternal$1 at DatabricksLogging.scala:128
[2025-06-08T08:47:08.219+0000] {spark_submit.py:644} INFO - 25/06/08 08:47:08 INFO FileSourceScanExec: Planning scan with bin packing, max size: 4194304 bytes, open cost is considered as scanning 4194304 bytes.
[2025-06-08T08:47:08.317+0000] {spark_submit.py:644} INFO - 25/06/08 08:47:08 INFO SparkContext: Starting job: $anonfun$recordDeltaOperationInternal$1 at DatabricksLogging.scala:128
[2025-06-08T08:47:08.325+0000] {spark_submit.py:644} INFO - 25/06/08 08:47:08 INFO DAGScheduler: Got job 0 ($anonfun$recordDeltaOperationInternal$1 at DatabricksLogging.scala:128) with 1 output partitions
[2025-06-08T08:47:08.325+0000] {spark_submit.py:644} INFO - 25/06/08 08:47:08 INFO DAGScheduler: Final stage: ResultStage 0 ($anonfun$recordDeltaOperationInternal$1 at DatabricksLogging.scala:128)
[2025-06-08T08:47:08.325+0000] {spark_submit.py:644} INFO - 25/06/08 08:47:08 INFO DAGScheduler: Parents of final stage: List()
[2025-06-08T08:47:08.326+0000] {spark_submit.py:644} INFO - 25/06/08 08:47:08 INFO DAGScheduler: Missing parents: List()
[2025-06-08T08:47:08.327+0000] {spark_submit.py:644} INFO - 25/06/08 08:47:08 INFO DAGScheduler: Submitting ResultStage 0 (MapPartitionsRDD[2] at $anonfun$recordDeltaOperationInternal$1 at DatabricksLogging.scala:128), which has no missing parents
[2025-06-08T08:47:08.379+0000] {spark_submit.py:644} INFO - 25/06/08 08:47:08 INFO MemoryStore: Block broadcast_1 stored as values in memory (estimated size 386.8 KiB, free 433.8 MiB)
[2025-06-08T08:47:08.382+0000] {spark_submit.py:644} INFO - 25/06/08 08:47:08 INFO MemoryStore: Block broadcast_1_piece0 stored as bytes in memory (estimated size 132.9 KiB, free 433.7 MiB)
[2025-06-08T08:47:08.384+0000] {spark_submit.py:644} INFO - 25/06/08 08:47:08 INFO BlockManagerInfo: Added broadcast_1_piece0 in memory on ae00baecdfb8:33463 (size: 132.9 KiB, free: 434.2 MiB)
[2025-06-08T08:47:08.385+0000] {spark_submit.py:644} INFO - 25/06/08 08:47:08 INFO SparkContext: Created broadcast 1 from broadcast at DAGScheduler.scala:1585
[2025-06-08T08:47:08.393+0000] {spark_submit.py:644} INFO - 25/06/08 08:47:08 INFO DAGScheduler: Submitting 1 missing tasks from ResultStage 0 (MapPartitionsRDD[2] at $anonfun$recordDeltaOperationInternal$1 at DatabricksLogging.scala:128) (first 15 tasks are for partitions Vector(0))
[2025-06-08T08:47:08.394+0000] {spark_submit.py:644} INFO - 25/06/08 08:47:08 INFO TaskSchedulerImpl: Adding task set 0.0 with 1 tasks resource profile 0
[2025-06-08T08:47:08.412+0000] {spark_submit.py:644} INFO - 25/06/08 08:47:08 INFO TaskSetManager: Starting task 0.0 in stage 0.0 (TID 0) (172.19.0.9, executor 0, partition 0, PROCESS_LOCAL, 10805 bytes)
[2025-06-08T08:47:08.555+0000] {spark_submit.py:644} INFO - 25/06/08 08:47:08 INFO BlockManagerInfo: Added broadcast_1_piece0 in memory on 172.19.0.9:42657 (size: 132.9 KiB, free: 434.3 MiB)
[2025-06-08T08:47:10.377+0000] {spark_submit.py:644} INFO - 25/06/08 08:47:10 INFO BlockManagerInfo: Added broadcast_0_piece0 in memory on 172.19.0.9:42657 (size: 37.0 KiB, free: 434.2 MiB)
[2025-06-08T08:47:11.315+0000] {spark_submit.py:644} INFO - 25/06/08 08:47:11 INFO TaskSetManager: Finished task 0.0 in stage 0.0 (TID 0) in 2908 ms on 172.19.0.9 (executor 0) (1/1)
[2025-06-08T08:47:11.315+0000] {spark_submit.py:644} INFO - 25/06/08 08:47:11 INFO TaskSchedulerImpl: Removed TaskSet 0.0, whose tasks have all completed, from pool
[2025-06-08T08:47:11.318+0000] {spark_submit.py:644} INFO - 25/06/08 08:47:11 INFO DAGScheduler: ResultStage 0 ($anonfun$recordDeltaOperationInternal$1 at DatabricksLogging.scala:128) finished in 2.985 s
[2025-06-08T08:47:11.319+0000] {spark_submit.py:644} INFO - 25/06/08 08:47:11 INFO DAGScheduler: Job 0 is finished. Cancelling potential speculative or zombie tasks for this job
[2025-06-08T08:47:11.320+0000] {spark_submit.py:644} INFO - 25/06/08 08:47:11 INFO TaskSchedulerImpl: Killing all running tasks in stage 0: Stage finished
[2025-06-08T08:47:11.321+0000] {spark_submit.py:644} INFO - 25/06/08 08:47:11 INFO DAGScheduler: Job 0 finished: $anonfun$recordDeltaOperationInternal$1 at DatabricksLogging.scala:128, took 3.003876 s
[2025-06-08T08:47:11.322+0000] {spark_submit.py:644} INFO - 25/06/08 08:47:11 INFO DeltaFileFormatWriter: Start to commit write Job 2cd07c52-6d57-4570-b315-8106ec287b17.
[2025-06-08T08:47:11.322+0000] {spark_submit.py:644} INFO - 25/06/08 08:47:11 INFO DeltaFileFormatWriter: Write Job 2cd07c52-6d57-4570-b315-8106ec287b17 committed. Elapsed time: 0 ms.
[2025-06-08T08:47:11.324+0000] {spark_submit.py:644} INFO - 25/06/08 08:47:11 INFO DeltaFileFormatWriter: Finished processing stats for write job 2cd07c52-6d57-4570-b315-8106ec287b17.
[2025-06-08T08:47:11.809+0000] {spark_submit.py:644} INFO - 25/06/08 08:47:11 INFO BlockManagerInfo: Removed broadcast_1_piece0 on ae00baecdfb8:33463 in memory (size: 132.9 KiB, free: 434.4 MiB)
[2025-06-08T08:47:11.812+0000] {spark_submit.py:644} INFO - 25/06/08 08:47:11 INFO BlockManagerInfo: Removed broadcast_1_piece0 on 172.19.0.9:42657 in memory (size: 132.9 KiB, free: 434.4 MiB)
[2025-06-08T08:47:11.973+0000] {spark_submit.py:644} INFO - 25/06/08 08:47:11 INFO CodeGenerator: Code generated in 123.960959 ms
[2025-06-08T08:47:12.001+0000] {spark_submit.py:644} INFO - 25/06/08 08:47:12 INFO SparkContext: Starting job: $anonfun$recordDeltaOperationInternal$1 at DatabricksLogging.scala:128
[2025-06-08T08:47:12.002+0000] {spark_submit.py:644} INFO - 25/06/08 08:47:12 INFO DAGScheduler: Job 1 finished: $anonfun$recordDeltaOperationInternal$1 at DatabricksLogging.scala:128, took 0.000172 s
[2025-06-08T08:47:12.034+0000] {spark_submit.py:644} INFO - 25/06/08 08:47:12 INFO OptimisticTransaction: [tableId=6244adbc,txnId=5ec78ece] Attempting to commit version 0 with 4 actions with Serializable isolation level
[2025-06-08T08:47:12.161+0000] {spark_submit.py:644} INFO - 25/06/08 08:47:12 INFO DeltaLog: Creating a new snapshot v0 for commit version 0
[2025-06-08T08:47:12.161+0000] {spark_submit.py:644} INFO - 25/06/08 08:47:12 INFO DeltaLog: Loading version 0.
[2025-06-08T08:47:12.168+0000] {spark_submit.py:644} INFO - 25/06/08 08:47:12 INFO DeltaLogFileIndex: Created DeltaLogFileIndex(JSON, numFilesInSegment: 1, totalFileSize: 3905)
[2025-06-08T08:47:12.217+0000] {spark_submit.py:644} INFO - 25/06/08 08:47:12 INFO DataSourceStrategy: Pruning directories with:
[2025-06-08T08:47:12.219+0000] {spark_submit.py:644} INFO - 25/06/08 08:47:12 INFO FileSourceStrategy: Pushed Filters:
[2025-06-08T08:47:12.219+0000] {spark_submit.py:644} INFO - 25/06/08 08:47:12 INFO FileSourceStrategy: Post-Scan Filters: (isnotnull(protocol#637.minReaderVersion) OR isnotnull(metaData#636.id))
[2025-06-08T08:47:12.252+0000] {spark_submit.py:644} INFO - 25/06/08 08:47:12 INFO CodeGenerator: Code generated in 24.294584 ms
[2025-06-08T08:47:12.255+0000] {spark_submit.py:644} INFO - 25/06/08 08:47:12 INFO MemoryStore: Block broadcast_2 stored as values in memory (estimated size 205.4 KiB, free 434.0 MiB)
[2025-06-08T08:47:12.260+0000] {spark_submit.py:644} INFO - 25/06/08 08:47:12 INFO MemoryStore: Block broadcast_2_piece0 stored as bytes in memory (estimated size 36.1 KiB, free 433.9 MiB)
[2025-06-08T08:47:12.260+0000] {spark_submit.py:644} INFO - 25/06/08 08:47:12 INFO BlockManagerInfo: Added broadcast_2_piece0 in memory on ae00baecdfb8:33463 (size: 36.1 KiB, free: 434.3 MiB)
[2025-06-08T08:47:12.261+0000] {spark_submit.py:644} INFO - 25/06/08 08:47:12 INFO SparkContext: Created broadcast 2 from toString at String.java:4220
[2025-06-08T08:47:12.269+0000] {spark_submit.py:644} INFO - 25/06/08 08:47:12 INFO FileSourceScanExec: Planning scan with bin packing, max size: 4194304 bytes, open cost is considered as scanning 4194304 bytes.
[2025-06-08T08:47:12.291+0000] {spark_submit.py:644} INFO - 25/06/08 08:47:12 INFO SparkContext: Starting job: toString at String.java:4220
[2025-06-08T08:47:12.292+0000] {spark_submit.py:644} INFO - 25/06/08 08:47:12 INFO DAGScheduler: Got job 2 (toString at String.java:4220) with 1 output partitions
[2025-06-08T08:47:12.292+0000] {spark_submit.py:644} INFO - 25/06/08 08:47:12 INFO DAGScheduler: Final stage: ResultStage 1 (toString at String.java:4220)
[2025-06-08T08:47:12.292+0000] {spark_submit.py:644} INFO - 25/06/08 08:47:12 INFO DAGScheduler: Parents of final stage: List()
[2025-06-08T08:47:12.292+0000] {spark_submit.py:644} INFO - 25/06/08 08:47:12 INFO DAGScheduler: Missing parents: List()
[2025-06-08T08:47:12.293+0000] {spark_submit.py:644} INFO - 25/06/08 08:47:12 INFO DAGScheduler: Submitting ResultStage 1 (MapPartitionsRDD[10] at toString at String.java:4220), which has no missing parents
[2025-06-08T08:47:12.293+0000] {spark_submit.py:644} INFO - 25/06/08 08:47:12 INFO MemoryStore: Block broadcast_3 stored as values in memory (estimated size 40.0 KiB, free 433.9 MiB)
[2025-06-08T08:47:12.294+0000] {spark_submit.py:644} INFO - 25/06/08 08:47:12 INFO MemoryStore: Block broadcast_3_piece0 stored as bytes in memory (estimated size 13.7 KiB, free 433.9 MiB)
[2025-06-08T08:47:12.294+0000] {spark_submit.py:644} INFO - 25/06/08 08:47:12 INFO BlockManagerInfo: Added broadcast_3_piece0 in memory on ae00baecdfb8:33463 (size: 13.7 KiB, free: 434.3 MiB)
[2025-06-08T08:47:12.295+0000] {spark_submit.py:644} INFO - 25/06/08 08:47:12 INFO SparkContext: Created broadcast 3 from broadcast at DAGScheduler.scala:1585
[2025-06-08T08:47:12.295+0000] {spark_submit.py:644} INFO - 25/06/08 08:47:12 INFO DAGScheduler: Submitting 1 missing tasks from ResultStage 1 (MapPartitionsRDD[10] at toString at String.java:4220) (first 15 tasks are for partitions Vector(0))
[2025-06-08T08:47:12.295+0000] {spark_submit.py:644} INFO - 25/06/08 08:47:12 INFO TaskSchedulerImpl: Adding task set 1.0 with 1 tasks resource profile 0
[2025-06-08T08:47:12.296+0000] {spark_submit.py:644} INFO - 25/06/08 08:47:12 INFO TaskSetManager: Starting task 0.0 in stage 1.0 (TID 1) (172.19.0.9, executor 0, partition 0, PROCESS_LOCAL, 10842 bytes)
[2025-06-08T08:47:12.309+0000] {spark_submit.py:644} INFO - 25/06/08 08:47:12 INFO BlockManagerInfo: Added broadcast_3_piece0 in memory on 172.19.0.9:42657 (size: 13.7 KiB, free: 434.4 MiB)
[2025-06-08T08:47:12.407+0000] {spark_submit.py:644} INFO - 25/06/08 08:47:12 INFO BlockManagerInfo: Added broadcast_2_piece0 in memory on 172.19.0.9:42657 (size: 36.1 KiB, free: 434.3 MiB)
[2025-06-08T08:47:12.461+0000] {spark_submit.py:644} INFO - 25/06/08 08:47:12 INFO TaskSetManager: Finished task 0.0 in stage 1.0 (TID 1) in 165 ms on 172.19.0.9 (executor 0) (1/1)
[2025-06-08T08:47:12.462+0000] {spark_submit.py:644} INFO - 25/06/08 08:47:12 INFO TaskSchedulerImpl: Removed TaskSet 1.0, whose tasks have all completed, from pool
[2025-06-08T08:47:12.462+0000] {spark_submit.py:644} INFO - 25/06/08 08:47:12 INFO DAGScheduler: ResultStage 1 (toString at String.java:4220) finished in 0.169 s
[2025-06-08T08:47:12.463+0000] {spark_submit.py:644} INFO - 25/06/08 08:47:12 INFO DAGScheduler: Job 2 is finished. Cancelling potential speculative or zombie tasks for this job
[2025-06-08T08:47:12.463+0000] {spark_submit.py:644} INFO - 25/06/08 08:47:12 INFO TaskSchedulerImpl: Killing all running tasks in stage 1: Stage finished
[2025-06-08T08:47:12.463+0000] {spark_submit.py:644} INFO - 25/06/08 08:47:12 INFO DAGScheduler: Job 2 finished: toString at String.java:4220, took 0.171027 s
[2025-06-08T08:47:12.490+0000] {spark_submit.py:644} INFO - 25/06/08 08:47:12 INFO CodeGenerator: Code generated in 16.873625 ms
[2025-06-08T08:47:12.493+0000] {spark_submit.py:644} INFO - 25/06/08 08:47:12 INFO Snapshot: [tableId=6244adbc-4f8a-4bdd-8ee6-9968020ed27a] Created snapshot Snapshot(path=s3a://mybucket/sc_stats_db/bronze/raw_data/_delta_log, version=0, metadata=Metadata(3b0a1545-cdf3-4735-9021-7fae5b4fd306,null,null,Format(parquet,Map()),{"type":"struct","fields":[{"name":"Season_year","type":"string","nullable":true,"metadata":{}},{"name":"Season_div","type":"string","nullable":true,"metadata":{}},{"name":"Date","type":"string","nullable":true,"metadata":{}},{"name":"OPP","type":"string","nullable":true,"metadata":{}},{"name":"Result","type":"string","nullable":true,"metadata":{}},{"name":"T_Score","type":"long","nullable":true,"metadata":{}},{"name":"O_Score","type":"long","nullable":true,"metadata":{}},{"name":"MIN","type":"double","nullable":true,"metadata":{}},{"name":"FG","type":"string","nullable":true,"metadata":{}},{"name":"FGM","type":"long","nullable":true,"metadata":{}},{"name":"FGA","type":"long","nullable":true,"metadata":{}},{"name":"FG_Percentage","type":"double","nullable":true,"metadata":{}},{"name":"3PT","type":"string","nullable":true,"metadata":{}},{"name":"3PTM","type":"long","nullable":true,"metadata":{}},{"name":"3PTA","type":"long","nullable":true,"metadata":{}},{"name":"3P_Percentage","type":"double","nullable":true,"metadata":{}},{"name":"FT","type":"string","nullable":true,"metadata":{}},{"name":"FTM","type":"long","nullable":true,"metadata":{}},{"name":"FTA","type":"long","nullable":true,"metadata":{}},{"name":"FT_Percentage","type":"double","nullable":true,"metadata":{}},{"name":"REB","type":"long","nullable":true,"metadata":{}},{"name":"AST","type":"long","nullable":true,"metadata":{}},{"name":"BLK","type":"long","nullable":true,"metadata":{}},{"name":"STL","type":"long","nullable":true,"metadata":{}},{"name":"PF","type":"long","nullable":true,"metadata":{}},{"name":"TO","type":"long","nullable":true,"metadata":{}},{"name":"PTS","type":"long","nullable":true,"metadata":{}}]},List(),Map(),Some(1749372427600)), logSegment=LogSegment(s3a://mybucket/sc_stats_db/bronze/raw_data/_delta_log,0,WrappedArray(S3AFileStatus{path=s3a://mybucket/sc_stats_db/bronze/raw_data/_delta_log/00000000000000000000.json; isDirectory=false; length=3905; replication=1; blocksize=33554432; modification_time=1749372432131; access_time=0; owner=***; group=***; permission=rw-rw-rw-; isSymlink=false; hasAcl=false; isEncrypted=true; isErasureCoded=false} isEmptyDirectory=FALSE eTag=ea34f7bf145d9a45c52d22cbc40261b2 versionId=null),org.apache.spark.sql.delta.EmptyCheckpointProvider$@3836cf1c,1749372432131), checksumOpt=None)
[2025-06-08T08:47:12.494+0000] {spark_submit.py:644} INFO - 25/06/08 08:47:12 INFO DeltaLog: Updated snapshot to Snapshot(path=s3a://mybucket/sc_stats_db/bronze/raw_data/_delta_log, version=0, metadata=Metadata(3b0a1545-cdf3-4735-9021-7fae5b4fd306,null,null,Format(parquet,Map()),{"type":"struct","fields":[{"name":"Season_year","type":"string","nullable":true,"metadata":{}},{"name":"Season_div","type":"string","nullable":true,"metadata":{}},{"name":"Date","type":"string","nullable":true,"metadata":{}},{"name":"OPP","type":"string","nullable":true,"metadata":{}},{"name":"Result","type":"string","nullable":true,"metadata":{}},{"name":"T_Score","type":"long","nullable":true,"metadata":{}},{"name":"O_Score","type":"long","nullable":true,"metadata":{}},{"name":"MIN","type":"double","nullable":true,"metadata":{}},{"name":"FG","type":"string","nullable":true,"metadata":{}},{"name":"FGM","type":"long","nullable":true,"metadata":{}},{"name":"FGA","type":"long","nullable":true,"metadata":{}},{"name":"FG_Percentage","type":"double","nullable":true,"metadata":{}},{"name":"3PT","type":"string","nullable":true,"metadata":{}},{"name":"3PTM","type":"long","nullable":true,"metadata":{}},{"name":"3PTA","type":"long","nullable":true,"metadata":{}},{"name":"3P_Percentage","type":"double","nullable":true,"metadata":{}},{"name":"FT","type":"string","nullable":true,"metadata":{}},{"name":"FTM","type":"long","nullable":true,"metadata":{}},{"name":"FTA","type":"long","nullable":true,"metadata":{}},{"name":"FT_Percentage","type":"double","nullable":true,"metadata":{}},{"name":"REB","type":"long","nullable":true,"metadata":{}},{"name":"AST","type":"long","nullable":true,"metadata":{}},{"name":"BLK","type":"long","nullable":true,"metadata":{}},{"name":"STL","type":"long","nullable":true,"metadata":{}},{"name":"PF","type":"long","nullable":true,"metadata":{}},{"name":"TO","type":"long","nullable":true,"metadata":{}},{"name":"PTS","type":"long","nullable":true,"metadata":{}}]},List(),Map(),Some(1749372427600)), logSegment=LogSegment(s3a://mybucket/sc_stats_db/bronze/raw_data/_delta_log,0,WrappedArray(S3AFileStatus{path=s3a://mybucket/sc_stats_db/bronze/raw_data/_delta_log/00000000000000000000.json; isDirectory=false; length=3905; replication=1; blocksize=33554432; modification_time=1749372432131; access_time=0; owner=***; group=***; permission=rw-rw-rw-; isSymlink=false; hasAcl=false; isEncrypted=true; isErasureCoded=false} isEmptyDirectory=FALSE eTag=ea34f7bf145d9a45c52d22cbc40261b2 versionId=null),org.apache.spark.sql.delta.EmptyCheckpointProvider$@3836cf1c,1749372432131), checksumOpt=None)
[2025-06-08T08:47:12.500+0000] {spark_submit.py:644} INFO - 25/06/08 08:47:12 INFO Snapshot: [tableId=3b0a1545-cdf3-4735-9021-7fae5b4fd306] DELTA: Compute snapshot for version: 0
[2025-06-08T08:47:12.509+0000] {spark_submit.py:644} INFO - 25/06/08 08:47:12 INFO MemoryStore: Block broadcast_4 stored as values in memory (estimated size 205.0 KiB, free 433.7 MiB)
[2025-06-08T08:47:12.513+0000] {spark_submit.py:644} INFO - 25/06/08 08:47:12 INFO MemoryStore: Block broadcast_4_piece0 stored as bytes in memory (estimated size 36.0 KiB, free 433.6 MiB)
[2025-06-08T08:47:12.513+0000] {spark_submit.py:644} INFO - 25/06/08 08:47:12 INFO BlockManagerInfo: Added broadcast_4_piece0 in memory on ae00baecdfb8:33463 (size: 36.0 KiB, free: 434.3 MiB)
[2025-06-08T08:47:12.514+0000] {spark_submit.py:644} INFO - 25/06/08 08:47:12 INFO SparkContext: Created broadcast 4 from $anonfun$recordDeltaOperationInternal$1 at DatabricksLogging.scala:128
[2025-06-08T08:47:12.706+0000] {spark_submit.py:644} INFO - 25/06/08 08:47:12 INFO DataSourceStrategy: Pruning directories with:
[2025-06-08T08:47:12.707+0000] {spark_submit.py:644} INFO - 25/06/08 08:47:12 INFO FileSourceStrategy: Pushed Filters:
[2025-06-08T08:47:12.707+0000] {spark_submit.py:644} INFO - 25/06/08 08:47:12 INFO FileSourceStrategy: Post-Scan Filters:
[2025-06-08T08:47:12.820+0000] {spark_submit.py:644} INFO - 25/06/08 08:47:12 INFO CodeGenerator: Code generated in 36.815583 ms
[2025-06-08T08:47:12.823+0000] {spark_submit.py:644} INFO - 25/06/08 08:47:12 INFO MemoryStore: Block broadcast_5 stored as values in memory (estimated size 205.4 KiB, free 433.4 MiB)
[2025-06-08T08:47:12.827+0000] {spark_submit.py:644} INFO - 25/06/08 08:47:12 INFO MemoryStore: Block broadcast_5_piece0 stored as bytes in memory (estimated size 36.1 KiB, free 433.4 MiB)
[2025-06-08T08:47:12.827+0000] {spark_submit.py:644} INFO - 25/06/08 08:47:12 INFO BlockManagerInfo: Added broadcast_5_piece0 in memory on ae00baecdfb8:33463 (size: 36.1 KiB, free: 434.2 MiB)
[2025-06-08T08:47:12.828+0000] {spark_submit.py:644} INFO - 25/06/08 08:47:12 INFO SparkContext: Created broadcast 5 from $anonfun$recordDeltaOperationInternal$1 at DatabricksLogging.scala:128
[2025-06-08T08:47:12.828+0000] {spark_submit.py:644} INFO - 25/06/08 08:47:12 INFO FileSourceScanExec: Planning scan with bin packing, max size: 4194304 bytes, open cost is considered as scanning 4194304 bytes.
[2025-06-08T08:47:12.850+0000] {spark_submit.py:644} INFO - 25/06/08 08:47:12 INFO DAGScheduler: Registering RDD 14 ($anonfun$recordDeltaOperationInternal$1 at DatabricksLogging.scala:128) as input to shuffle 0
[2025-06-08T08:47:12.853+0000] {spark_submit.py:644} INFO - 25/06/08 08:47:12 INFO DAGScheduler: Got map stage job 3 ($anonfun$recordDeltaOperationInternal$1 at DatabricksLogging.scala:128) with 1 output partitions
[2025-06-08T08:47:12.853+0000] {spark_submit.py:644} INFO - 25/06/08 08:47:12 INFO DAGScheduler: Final stage: ShuffleMapStage 2 ($anonfun$recordDeltaOperationInternal$1 at DatabricksLogging.scala:128)
[2025-06-08T08:47:12.853+0000] {spark_submit.py:644} INFO - 25/06/08 08:47:12 INFO DAGScheduler: Parents of final stage: List()
[2025-06-08T08:47:12.853+0000] {spark_submit.py:644} INFO - 25/06/08 08:47:12 INFO DAGScheduler: Missing parents: List()
[2025-06-08T08:47:12.854+0000] {spark_submit.py:644} INFO - 25/06/08 08:47:12 INFO DAGScheduler: Submitting ShuffleMapStage 2 (MapPartitionsRDD[14] at $anonfun$recordDeltaOperationInternal$1 at DatabricksLogging.scala:128), which has no missing parents
[2025-06-08T08:47:12.860+0000] {spark_submit.py:644} INFO - 25/06/08 08:47:12 INFO MemoryStore: Block broadcast_6 stored as values in memory (estimated size 105.6 KiB, free 433.3 MiB)
[2025-06-08T08:47:12.861+0000] {spark_submit.py:644} INFO - 25/06/08 08:47:12 INFO MemoryStore: Block broadcast_6_piece0 stored as bytes in memory (estimated size 32.6 KiB, free 433.3 MiB)
[2025-06-08T08:47:12.861+0000] {spark_submit.py:644} INFO - 25/06/08 08:47:12 INFO BlockManagerInfo: Added broadcast_6_piece0 in memory on ae00baecdfb8:33463 (size: 32.6 KiB, free: 434.2 MiB)
[2025-06-08T08:47:12.862+0000] {spark_submit.py:644} INFO - 25/06/08 08:47:12 INFO SparkContext: Created broadcast 6 from broadcast at DAGScheduler.scala:1585
[2025-06-08T08:47:12.863+0000] {spark_submit.py:644} INFO - 25/06/08 08:47:12 INFO DAGScheduler: Submitting 1 missing tasks from ShuffleMapStage 2 (MapPartitionsRDD[14] at $anonfun$recordDeltaOperationInternal$1 at DatabricksLogging.scala:128) (first 15 tasks are for partitions Vector(0))
[2025-06-08T08:47:12.863+0000] {spark_submit.py:644} INFO - 25/06/08 08:47:12 INFO TaskSchedulerImpl: Adding task set 2.0 with 1 tasks resource profile 0
[2025-06-08T08:47:12.864+0000] {spark_submit.py:644} INFO - 25/06/08 08:47:12 INFO TaskSetManager: Starting task 0.0 in stage 2.0 (TID 2) (172.19.0.9, executor 0, partition 0, PROCESS_LOCAL, 10831 bytes)
[2025-06-08T08:47:12.874+0000] {spark_submit.py:644} INFO - 25/06/08 08:47:12 INFO BlockManagerInfo: Added broadcast_6_piece0 in memory on 172.19.0.9:42657 (size: 32.6 KiB, free: 434.3 MiB)
[2025-06-08T08:47:13.043+0000] {spark_submit.py:644} INFO - 25/06/08 08:47:13 INFO BlockManagerInfo: Added broadcast_5_piece0 in memory on 172.19.0.9:42657 (size: 36.1 KiB, free: 434.2 MiB)
[2025-06-08T08:47:13.087+0000] {spark_submit.py:644} INFO - 25/06/08 08:47:13 INFO TaskSetManager: Finished task 0.0 in stage 2.0 (TID 2) in 224 ms on 172.19.0.9 (executor 0) (1/1)
[2025-06-08T08:47:13.088+0000] {spark_submit.py:644} INFO - 25/06/08 08:47:13 INFO TaskSchedulerImpl: Removed TaskSet 2.0, whose tasks have all completed, from pool
[2025-06-08T08:47:13.088+0000] {spark_submit.py:644} INFO - 25/06/08 08:47:13 INFO DAGScheduler: ShuffleMapStage 2 ($anonfun$recordDeltaOperationInternal$1 at DatabricksLogging.scala:128) finished in 0.233 s
[2025-06-08T08:47:13.088+0000] {spark_submit.py:644} INFO - 25/06/08 08:47:13 INFO DAGScheduler: looking for newly runnable stages
[2025-06-08T08:47:13.088+0000] {spark_submit.py:644} INFO - 25/06/08 08:47:13 INFO DAGScheduler: running: Set()
[2025-06-08T08:47:13.089+0000] {spark_submit.py:644} INFO - 25/06/08 08:47:13 INFO DAGScheduler: waiting: Set()
[2025-06-08T08:47:13.089+0000] {spark_submit.py:644} INFO - 25/06/08 08:47:13 INFO DAGScheduler: failed: Set()
[2025-06-08T08:47:13.131+0000] {spark_submit.py:644} INFO - 25/06/08 08:47:13 INFO BlockManagerInfo: Removed broadcast_6_piece0 on ae00baecdfb8:33463 in memory (size: 32.6 KiB, free: 434.2 MiB)
[2025-06-08T08:47:13.132+0000] {spark_submit.py:644} INFO - 25/06/08 08:47:13 INFO BlockManagerInfo: Removed broadcast_6_piece0 on 172.19.0.9:42657 in memory (size: 32.6 KiB, free: 434.3 MiB)
[2025-06-08T08:47:13.137+0000] {spark_submit.py:644} INFO - 25/06/08 08:47:13 INFO BlockManagerInfo: Removed broadcast_2_piece0 on ae00baecdfb8:33463 in memory (size: 36.1 KiB, free: 434.3 MiB)
[2025-06-08T08:47:13.138+0000] {spark_submit.py:644} INFO - 25/06/08 08:47:13 INFO BlockManagerInfo: Removed broadcast_2_piece0 on 172.19.0.9:42657 in memory (size: 36.1 KiB, free: 434.3 MiB)
[2025-06-08T08:47:13.142+0000] {spark_submit.py:644} INFO - 25/06/08 08:47:13 INFO BlockManagerInfo: Removed broadcast_3_piece0 on ae00baecdfb8:33463 in memory (size: 13.7 KiB, free: 434.3 MiB)
[2025-06-08T08:47:13.145+0000] {spark_submit.py:644} INFO - 25/06/08 08:47:13 INFO BlockManagerInfo: Removed broadcast_3_piece0 on 172.19.0.9:42657 in memory (size: 13.7 KiB, free: 434.3 MiB)
[2025-06-08T08:47:13.288+0000] {spark_submit.py:644} INFO - 25/06/08 08:47:13 INFO CodeGenerator: Generated method too long to be JIT compiled: org.apache.spark.sql.catalyst.expressions.GeneratedClass$GeneratedIteratorForCodegenStage3.serializefromobject_doConsume_0$ is 24899 bytes
[2025-06-08T08:47:13.289+0000] {spark_submit.py:644} INFO - 25/06/08 08:47:13 INFO CodeGenerator: Code generated in 125.372834 ms
[2025-06-08T08:47:13.330+0000] {spark_submit.py:644} INFO - 25/06/08 08:47:13 INFO CodeGenerator: Code generated in 30.574542 ms
[2025-06-08T08:47:13.477+0000] {spark_submit.py:644} INFO - 25/06/08 08:47:13 INFO CodeGenerator: Code generated in 30.535208 ms
[2025-06-08T08:47:13.483+0000] {spark_submit.py:644} INFO - 25/06/08 08:47:13 INFO DAGScheduler: Registering RDD 24 ($anonfun$recordDeltaOperationInternal$1 at DatabricksLogging.scala:128) as input to shuffle 1
[2025-06-08T08:47:13.483+0000] {spark_submit.py:644} INFO - 25/06/08 08:47:13 INFO DAGScheduler: Got map stage job 4 ($anonfun$recordDeltaOperationInternal$1 at DatabricksLogging.scala:128) with 50 output partitions
[2025-06-08T08:47:13.484+0000] {spark_submit.py:644} INFO - 25/06/08 08:47:13 INFO DAGScheduler: Final stage: ShuffleMapStage 4 ($anonfun$recordDeltaOperationInternal$1 at DatabricksLogging.scala:128)
[2025-06-08T08:47:13.484+0000] {spark_submit.py:644} INFO - 25/06/08 08:47:13 INFO DAGScheduler: Parents of final stage: List(ShuffleMapStage 3)
[2025-06-08T08:47:13.485+0000] {spark_submit.py:644} INFO - 25/06/08 08:47:13 INFO DAGScheduler: Missing parents: List()
[2025-06-08T08:47:13.485+0000] {spark_submit.py:644} INFO - 25/06/08 08:47:13 INFO DAGScheduler: Submitting ShuffleMapStage 4 (MapPartitionsRDD[24] at $anonfun$recordDeltaOperationInternal$1 at DatabricksLogging.scala:128), which has no missing parents
[2025-06-08T08:47:13.507+0000] {spark_submit.py:644} INFO - 25/06/08 08:47:13 INFO MemoryStore: Block broadcast_7 stored as values in memory (estimated size 602.6 KiB, free 433.1 MiB)
[2025-06-08T08:47:13.509+0000] {spark_submit.py:644} INFO - 25/06/08 08:47:13 INFO MemoryStore: Block broadcast_7_piece0 stored as bytes in memory (estimated size 138.1 KiB, free 433.0 MiB)
[2025-06-08T08:47:13.510+0000] {spark_submit.py:644} INFO - 25/06/08 08:47:13 INFO BlockManagerInfo: Added broadcast_7_piece0 in memory on ae00baecdfb8:33463 (size: 138.1 KiB, free: 434.2 MiB)
[2025-06-08T08:47:13.511+0000] {spark_submit.py:644} INFO - 25/06/08 08:47:13 INFO SparkContext: Created broadcast 7 from broadcast at DAGScheduler.scala:1585
[2025-06-08T08:47:13.511+0000] {spark_submit.py:644} INFO - 25/06/08 08:47:13 INFO DAGScheduler: Submitting 50 missing tasks from ShuffleMapStage 4 (MapPartitionsRDD[24] at $anonfun$recordDeltaOperationInternal$1 at DatabricksLogging.scala:128) (first 15 tasks are for partitions Vector(0, 1, 2, 3, 4, 5, 6, 7, 8, 9, 10, 11, 12, 13, 14))
[2025-06-08T08:47:13.511+0000] {spark_submit.py:644} INFO - 25/06/08 08:47:13 INFO TaskSchedulerImpl: Adding task set 4.0 with 50 tasks resource profile 0
[2025-06-08T08:47:13.514+0000] {spark_submit.py:644} INFO - 25/06/08 08:47:13 INFO TaskSetManager: Starting task 29.0 in stage 4.0 (TID 3) (172.19.0.9, executor 0, partition 29, NODE_LOCAL, 10175 bytes)
[2025-06-08T08:47:13.515+0000] {spark_submit.py:644} INFO - 25/06/08 08:47:13 INFO TaskSetManager: Starting task 42.0 in stage 4.0 (TID 4) (172.19.0.9, executor 0, partition 42, NODE_LOCAL, 10175 bytes)
[2025-06-08T08:47:13.515+0000] {spark_submit.py:644} INFO - 25/06/08 08:47:13 INFO TaskSetManager: Starting task 0.0 in stage 4.0 (TID 5) (172.19.0.9, executor 0, partition 0, PROCESS_LOCAL, 10175 bytes)
[2025-06-08T08:47:13.516+0000] {spark_submit.py:644} INFO - 25/06/08 08:47:13 INFO TaskSetManager: Starting task 1.0 in stage 4.0 (TID 6) (172.19.0.9, executor 0, partition 1, PROCESS_LOCAL, 10175 bytes)
[2025-06-08T08:47:13.527+0000] {spark_submit.py:644} INFO - 25/06/08 08:47:13 INFO BlockManagerInfo: Added broadcast_7_piece0 in memory on 172.19.0.9:42657 (size: 138.1 KiB, free: 434.2 MiB)
[2025-06-08T08:47:13.644+0000] {spark_submit.py:644} INFO - 25/06/08 08:47:13 INFO MapOutputTrackerMasterEndpoint: Asked to send map output locations for shuffle 0 to 172.19.0.9:51176
[2025-06-08T08:47:14.052+0000] {spark_submit.py:644} INFO - 25/06/08 08:47:14 INFO BlockManagerInfo: Added rdd_21_1 in memory on 172.19.0.9:42657 (size: 46.0 B, free: 434.2 MiB)
[2025-06-08T08:47:14.053+0000] {spark_submit.py:644} INFO - 25/06/08 08:47:14 INFO BlockManagerInfo: Added rdd_21_0 in memory on 172.19.0.9:42657 (size: 46.0 B, free: 434.2 MiB)
[2025-06-08T08:47:14.053+0000] {spark_submit.py:644} INFO - 25/06/08 08:47:14 INFO BlockManagerInfo: Added rdd_21_29 in memory on 172.19.0.9:42657 (size: 798.0 B, free: 434.2 MiB)
[2025-06-08T08:47:14.063+0000] {spark_submit.py:644} INFO - 25/06/08 08:47:14 INFO BlockManagerInfo: Added rdd_21_42 in memory on 172.19.0.9:42657 (size: 688.0 B, free: 434.2 MiB)
[2025-06-08T08:47:14.173+0000] {spark_submit.py:644} INFO - 25/06/08 08:47:14 INFO TaskSetManager: Starting task 2.0 in stage 4.0 (TID 7) (172.19.0.9, executor 0, partition 2, PROCESS_LOCAL, 10175 bytes)
[2025-06-08T08:47:14.174+0000] {spark_submit.py:644} INFO - 25/06/08 08:47:14 INFO TaskSetManager: Finished task 29.0 in stage 4.0 (TID 3) in 661 ms on 172.19.0.9 (executor 0) (1/50)
[2025-06-08T08:47:14.174+0000] {spark_submit.py:644} INFO - 25/06/08 08:47:14 INFO TaskSetManager: Starting task 3.0 in stage 4.0 (TID 8) (172.19.0.9, executor 0, partition 3, PROCESS_LOCAL, 10175 bytes)
[2025-06-08T08:47:14.176+0000] {spark_submit.py:644} INFO - 25/06/08 08:47:14 INFO TaskSetManager: Starting task 4.0 in stage 4.0 (TID 9) (172.19.0.9, executor 0, partition 4, PROCESS_LOCAL, 10175 bytes)
[2025-06-08T08:47:14.176+0000] {spark_submit.py:644} INFO - 25/06/08 08:47:14 INFO TaskSetManager: Starting task 5.0 in stage 4.0 (TID 10) (172.19.0.9, executor 0, partition 5, PROCESS_LOCAL, 10175 bytes)
[2025-06-08T08:47:14.177+0000] {spark_submit.py:644} INFO - 25/06/08 08:47:14 INFO TaskSetManager: Finished task 42.0 in stage 4.0 (TID 4) in 662 ms on 172.19.0.9 (executor 0) (2/50)
[2025-06-08T08:47:14.178+0000] {spark_submit.py:644} INFO - 25/06/08 08:47:14 INFO TaskSetManager: Finished task 0.0 in stage 4.0 (TID 5) in 662 ms on 172.19.0.9 (executor 0) (3/50)
[2025-06-08T08:47:14.178+0000] {spark_submit.py:644} INFO - 25/06/08 08:47:14 INFO TaskSetManager: Finished task 1.0 in stage 4.0 (TID 6) in 662 ms on 172.19.0.9 (executor 0) (4/50)
[2025-06-08T08:47:14.251+0000] {spark_submit.py:644} INFO - 25/06/08 08:47:14 INFO BlockManagerInfo: Added rdd_21_2 in memory on 172.19.0.9:42657 (size: 46.0 B, free: 434.2 MiB)
[2025-06-08T08:47:14.262+0000] {spark_submit.py:644} INFO - 25/06/08 08:47:14 INFO BlockManagerInfo: Added rdd_21_4 in memory on 172.19.0.9:42657 (size: 46.0 B, free: 434.2 MiB)
[2025-06-08T08:47:14.263+0000] {spark_submit.py:644} INFO - 25/06/08 08:47:14 INFO BlockManagerInfo: Added rdd_21_5 in memory on 172.19.0.9:42657 (size: 46.0 B, free: 434.2 MiB)
[2025-06-08T08:47:14.264+0000] {spark_submit.py:644} INFO - 25/06/08 08:47:14 INFO BlockManagerInfo: Added rdd_21_3 in memory on 172.19.0.9:42657 (size: 46.0 B, free: 434.2 MiB)
[2025-06-08T08:47:14.279+0000] {spark_submit.py:644} INFO - 25/06/08 08:47:14 INFO TaskSetManager: Starting task 6.0 in stage 4.0 (TID 11) (172.19.0.9, executor 0, partition 6, PROCESS_LOCAL, 10175 bytes)
[2025-06-08T08:47:14.281+0000] {spark_submit.py:644} INFO - 25/06/08 08:47:14 INFO TaskSetManager: Finished task 2.0 in stage 4.0 (TID 7) in 107 ms on 172.19.0.9 (executor 0) (5/50)
[2025-06-08T08:47:14.291+0000] {spark_submit.py:644} INFO - 25/06/08 08:47:14 INFO TaskSetManager: Starting task 7.0 in stage 4.0 (TID 12) (172.19.0.9, executor 0, partition 7, PROCESS_LOCAL, 10175 bytes)
[2025-06-08T08:47:14.292+0000] {spark_submit.py:644} INFO - 25/06/08 08:47:14 INFO TaskSetManager: Finished task 3.0 in stage 4.0 (TID 8) in 117 ms on 172.19.0.9 (executor 0) (6/50)
[2025-06-08T08:47:14.292+0000] {spark_submit.py:644} INFO - 25/06/08 08:47:14 INFO TaskSetManager: Starting task 8.0 in stage 4.0 (TID 13) (172.19.0.9, executor 0, partition 8, PROCESS_LOCAL, 10175 bytes)
[2025-06-08T08:47:14.293+0000] {spark_submit.py:644} INFO - 25/06/08 08:47:14 INFO TaskSetManager: Finished task 5.0 in stage 4.0 (TID 10) in 116 ms on 172.19.0.9 (executor 0) (7/50)
[2025-06-08T08:47:14.294+0000] {spark_submit.py:644} INFO - 25/06/08 08:47:14 INFO TaskSetManager: Starting task 9.0 in stage 4.0 (TID 14) (172.19.0.9, executor 0, partition 9, PROCESS_LOCAL, 10175 bytes)
[2025-06-08T08:47:14.295+0000] {spark_submit.py:644} INFO - 25/06/08 08:47:14 INFO TaskSetManager: Finished task 4.0 in stage 4.0 (TID 9) in 119 ms on 172.19.0.9 (executor 0) (8/50)
[2025-06-08T08:47:14.320+0000] {spark_submit.py:644} INFO - 25/06/08 08:47:14 INFO BlockManagerInfo: Added rdd_21_6 in memory on 172.19.0.9:42657 (size: 46.0 B, free: 434.2 MiB)
[2025-06-08T08:47:14.347+0000] {spark_submit.py:644} INFO - 25/06/08 08:47:14 INFO TaskSetManager: Starting task 10.0 in stage 4.0 (TID 15) (172.19.0.9, executor 0, partition 10, PROCESS_LOCAL, 10175 bytes)
[2025-06-08T08:47:14.347+0000] {spark_submit.py:644} INFO - 25/06/08 08:47:14 INFO TaskSetManager: Finished task 6.0 in stage 4.0 (TID 11) in 69 ms on 172.19.0.9 (executor 0) (9/50)
[2025-06-08T08:47:14.355+0000] {spark_submit.py:644} INFO - 25/06/08 08:47:14 INFO BlockManagerInfo: Added rdd_21_8 in memory on 172.19.0.9:42657 (size: 46.0 B, free: 434.2 MiB)
[2025-06-08T08:47:14.358+0000] {spark_submit.py:644} INFO - 25/06/08 08:47:14 INFO BlockManagerInfo: Added rdd_21_7 in memory on 172.19.0.9:42657 (size: 46.0 B, free: 434.2 MiB)
[2025-06-08T08:47:14.359+0000] {spark_submit.py:644} INFO - 25/06/08 08:47:14 INFO BlockManagerInfo: Added rdd_21_9 in memory on 172.19.0.9:42657 (size: 46.0 B, free: 434.2 MiB)
[2025-06-08T08:47:14.383+0000] {spark_submit.py:644} INFO - 25/06/08 08:47:14 INFO TaskSetManager: Starting task 11.0 in stage 4.0 (TID 16) (172.19.0.9, executor 0, partition 11, PROCESS_LOCAL, 10175 bytes)
[2025-06-08T08:47:14.384+0000] {spark_submit.py:644} INFO - 25/06/08 08:47:14 INFO TaskSetManager: Finished task 8.0 in stage 4.0 (TID 13) in 91 ms on 172.19.0.9 (executor 0) (10/50)
[2025-06-08T08:47:14.388+0000] {spark_submit.py:644} INFO - 25/06/08 08:47:14 INFO TaskSetManager: Starting task 12.0 in stage 4.0 (TID 17) (172.19.0.9, executor 0, partition 12, PROCESS_LOCAL, 10175 bytes)
[2025-06-08T08:47:14.389+0000] {spark_submit.py:644} INFO - 25/06/08 08:47:14 INFO TaskSetManager: Finished task 9.0 in stage 4.0 (TID 14) in 95 ms on 172.19.0.9 (executor 0) (11/50)
[2025-06-08T08:47:14.390+0000] {spark_submit.py:644} INFO - 25/06/08 08:47:14 INFO TaskSetManager: Starting task 13.0 in stage 4.0 (TID 18) (172.19.0.9, executor 0, partition 13, PROCESS_LOCAL, 10175 bytes)
[2025-06-08T08:47:14.390+0000] {spark_submit.py:644} INFO - 25/06/08 08:47:14 INFO TaskSetManager: Finished task 7.0 in stage 4.0 (TID 12) in 99 ms on 172.19.0.9 (executor 0) (12/50)
[2025-06-08T08:47:14.394+0000] {spark_submit.py:644} INFO - 25/06/08 08:47:14 INFO BlockManagerInfo: Added rdd_21_10 in memory on 172.19.0.9:42657 (size: 46.0 B, free: 434.2 MiB)
[2025-06-08T08:47:14.416+0000] {spark_submit.py:644} INFO - 25/06/08 08:47:14 INFO TaskSetManager: Starting task 14.0 in stage 4.0 (TID 19) (172.19.0.9, executor 0, partition 14, PROCESS_LOCAL, 10175 bytes)
[2025-06-08T08:47:14.417+0000] {spark_submit.py:644} INFO - 25/06/08 08:47:14 INFO TaskSetManager: Finished task 10.0 in stage 4.0 (TID 15) in 70 ms on 172.19.0.9 (executor 0) (13/50)
[2025-06-08T08:47:14.433+0000] {spark_submit.py:644} INFO - 25/06/08 08:47:14 INFO BlockManagerInfo: Added rdd_21_11 in memory on 172.19.0.9:42657 (size: 46.0 B, free: 434.2 MiB)
[2025-06-08T08:47:14.445+0000] {spark_submit.py:644} INFO - 25/06/08 08:47:14 INFO BlockManagerInfo: Added rdd_21_13 in memory on 172.19.0.9:42657 (size: 46.0 B, free: 434.2 MiB)
[2025-06-08T08:47:14.446+0000] {spark_submit.py:644} INFO - 25/06/08 08:47:14 INFO BlockManagerInfo: Added rdd_21_12 in memory on 172.19.0.9:42657 (size: 46.0 B, free: 434.2 MiB)
[2025-06-08T08:47:14.458+0000] {spark_submit.py:644} INFO - 25/06/08 08:47:14 INFO TaskSetManager: Starting task 15.0 in stage 4.0 (TID 20) (172.19.0.9, executor 0, partition 15, PROCESS_LOCAL, 10175 bytes)
[2025-06-08T08:47:14.459+0000] {spark_submit.py:644} INFO - 25/06/08 08:47:14 INFO TaskSetManager: Finished task 11.0 in stage 4.0 (TID 16) in 76 ms on 172.19.0.9 (executor 0) (14/50)
[2025-06-08T08:47:14.466+0000] {spark_submit.py:644} INFO - 25/06/08 08:47:14 INFO BlockManagerInfo: Added rdd_21_14 in memory on 172.19.0.9:42657 (size: 46.0 B, free: 434.2 MiB)
[2025-06-08T08:47:14.472+0000] {spark_submit.py:644} INFO - 25/06/08 08:47:14 INFO TaskSetManager: Starting task 16.0 in stage 4.0 (TID 21) (172.19.0.9, executor 0, partition 16, PROCESS_LOCAL, 10175 bytes)
[2025-06-08T08:47:14.473+0000] {spark_submit.py:644} INFO - 25/06/08 08:47:14 INFO TaskSetManager: Starting task 17.0 in stage 4.0 (TID 22) (172.19.0.9, executor 0, partition 17, PROCESS_LOCAL, 10175 bytes)
[2025-06-08T08:47:14.473+0000] {spark_submit.py:644} INFO - 25/06/08 08:47:14 INFO TaskSetManager: Finished task 13.0 in stage 4.0 (TID 18) in 84 ms on 172.19.0.9 (executor 0) (15/50)
[2025-06-08T08:47:14.474+0000] {spark_submit.py:644} INFO - 25/06/08 08:47:14 INFO TaskSetManager: Finished task 12.0 in stage 4.0 (TID 17) in 85 ms on 172.19.0.9 (executor 0) (16/50)
[2025-06-08T08:47:14.480+0000] {spark_submit.py:644} INFO - 25/06/08 08:47:14 INFO TaskSetManager: Starting task 18.0 in stage 4.0 (TID 23) (172.19.0.9, executor 0, partition 18, PROCESS_LOCAL, 10175 bytes)
[2025-06-08T08:47:14.482+0000] {spark_submit.py:644} INFO - 25/06/08 08:47:14 INFO TaskSetManager: Finished task 14.0 in stage 4.0 (TID 19) in 65 ms on 172.19.0.9 (executor 0) (17/50)
[2025-06-08T08:47:14.495+0000] {spark_submit.py:644} INFO - 25/06/08 08:47:14 INFO BlockManagerInfo: Added rdd_21_15 in memory on 172.19.0.9:42657 (size: 46.0 B, free: 434.2 MiB)
[2025-06-08T08:47:14.513+0000] {spark_submit.py:644} INFO - 25/06/08 08:47:14 INFO TaskSetManager: Starting task 19.0 in stage 4.0 (TID 24) (172.19.0.9, executor 0, partition 19, PROCESS_LOCAL, 10175 bytes)
[2025-06-08T08:47:14.514+0000] {spark_submit.py:644} INFO - 25/06/08 08:47:14 INFO TaskSetManager: Finished task 15.0 in stage 4.0 (TID 20) in 56 ms on 172.19.0.9 (executor 0) (18/50)
[2025-06-08T08:47:14.527+0000] {spark_submit.py:644} INFO - 25/06/08 08:47:14 INFO BlockManagerInfo: Added rdd_21_16 in memory on 172.19.0.9:42657 (size: 46.0 B, free: 434.2 MiB)
[2025-06-08T08:47:14.528+0000] {spark_submit.py:644} INFO - 25/06/08 08:47:14 INFO BlockManagerInfo: Added rdd_21_17 in memory on 172.19.0.9:42657 (size: 46.0 B, free: 434.2 MiB)
[2025-06-08T08:47:14.529+0000] {spark_submit.py:644} INFO - 25/06/08 08:47:14 INFO BlockManagerInfo: Added rdd_21_18 in memory on 172.19.0.9:42657 (size: 46.0 B, free: 434.2 MiB)
[2025-06-08T08:47:14.551+0000] {spark_submit.py:644} INFO - 25/06/08 08:47:14 INFO BlockManagerInfo: Added rdd_21_19 in memory on 172.19.0.9:42657 (size: 46.0 B, free: 434.2 MiB)
[2025-06-08T08:47:14.551+0000] {spark_submit.py:644} INFO - 25/06/08 08:47:14 INFO TaskSetManager: Starting task 20.0 in stage 4.0 (TID 25) (172.19.0.9, executor 0, partition 20, PROCESS_LOCAL, 10175 bytes)
[2025-06-08T08:47:14.551+0000] {spark_submit.py:644} INFO - 25/06/08 08:47:14 INFO TaskSetManager: Finished task 17.0 in stage 4.0 (TID 22) in 79 ms on 172.19.0.9 (executor 0) (19/50)
[2025-06-08T08:47:14.552+0000] {spark_submit.py:644} INFO - 25/06/08 08:47:14 INFO TaskSetManager: Starting task 21.0 in stage 4.0 (TID 26) (172.19.0.9, executor 0, partition 21, PROCESS_LOCAL, 10175 bytes)
[2025-06-08T08:47:14.553+0000] {spark_submit.py:644} INFO - 25/06/08 08:47:14 INFO TaskSetManager: Finished task 18.0 in stage 4.0 (TID 23) in 72 ms on 172.19.0.9 (executor 0) (20/50)
[2025-06-08T08:47:14.554+0000] {spark_submit.py:644} INFO - 25/06/08 08:47:14 INFO TaskSetManager: Starting task 22.0 in stage 4.0 (TID 27) (172.19.0.9, executor 0, partition 22, PROCESS_LOCAL, 10175 bytes)
[2025-06-08T08:47:14.555+0000] {spark_submit.py:644} INFO - 25/06/08 08:47:14 INFO TaskSetManager: Finished task 16.0 in stage 4.0 (TID 21) in 82 ms on 172.19.0.9 (executor 0) (21/50)
[2025-06-08T08:47:14.570+0000] {spark_submit.py:644} INFO - 25/06/08 08:47:14 INFO TaskSetManager: Starting task 23.0 in stage 4.0 (TID 28) (172.19.0.9, executor 0, partition 23, PROCESS_LOCAL, 10175 bytes)
[2025-06-08T08:47:14.571+0000] {spark_submit.py:644} INFO - 25/06/08 08:47:14 INFO TaskSetManager: Finished task 19.0 in stage 4.0 (TID 24) in 57 ms on 172.19.0.9 (executor 0) (22/50)
[2025-06-08T08:47:14.609+0000] {spark_submit.py:644} INFO - 25/06/08 08:47:14 INFO BlockManagerInfo: Added rdd_21_20 in memory on 172.19.0.9:42657 (size: 46.0 B, free: 434.2 MiB)
[2025-06-08T08:47:14.614+0000] {spark_submit.py:644} INFO - 25/06/08 08:47:14 INFO BlockManagerInfo: Added rdd_21_21 in memory on 172.19.0.9:42657 (size: 46.0 B, free: 434.2 MiB)
[2025-06-08T08:47:14.615+0000] {spark_submit.py:644} INFO - 25/06/08 08:47:14 INFO BlockManagerInfo: Added rdd_21_22 in memory on 172.19.0.9:42657 (size: 46.0 B, free: 434.2 MiB)
[2025-06-08T08:47:14.625+0000] {spark_submit.py:644} INFO - 25/06/08 08:47:14 INFO BlockManagerInfo: Added rdd_21_23 in memory on 172.19.0.9:42657 (size: 46.0 B, free: 434.2 MiB)
[2025-06-08T08:47:14.631+0000] {spark_submit.py:644} INFO - 25/06/08 08:47:14 INFO TaskSetManager: Starting task 24.0 in stage 4.0 (TID 29) (172.19.0.9, executor 0, partition 24, PROCESS_LOCAL, 10175 bytes)
[2025-06-08T08:47:14.633+0000] {spark_submit.py:644} INFO - 25/06/08 08:47:14 INFO TaskSetManager: Finished task 20.0 in stage 4.0 (TID 25) in 82 ms on 172.19.0.9 (executor 0) (23/50)
[2025-06-08T08:47:14.639+0000] {spark_submit.py:644} INFO - 25/06/08 08:47:14 INFO TaskSetManager: Starting task 25.0 in stage 4.0 (TID 30) (172.19.0.9, executor 0, partition 25, PROCESS_LOCAL, 10175 bytes)
[2025-06-08T08:47:14.640+0000] {spark_submit.py:644} INFO - 25/06/08 08:47:14 INFO TaskSetManager: Finished task 21.0 in stage 4.0 (TID 26) in 88 ms on 172.19.0.9 (executor 0) (24/50)
[2025-06-08T08:47:14.640+0000] {spark_submit.py:644} INFO - 25/06/08 08:47:14 INFO TaskSetManager: Starting task 26.0 in stage 4.0 (TID 31) (172.19.0.9, executor 0, partition 26, PROCESS_LOCAL, 10175 bytes)
[2025-06-08T08:47:14.641+0000] {spark_submit.py:644} INFO - 25/06/08 08:47:14 INFO TaskSetManager: Finished task 22.0 in stage 4.0 (TID 27) in 88 ms on 172.19.0.9 (executor 0) (25/50)
[2025-06-08T08:47:14.646+0000] {spark_submit.py:644} INFO - 25/06/08 08:47:14 INFO TaskSetManager: Starting task 27.0 in stage 4.0 (TID 32) (172.19.0.9, executor 0, partition 27, PROCESS_LOCAL, 10175 bytes)
[2025-06-08T08:47:14.647+0000] {spark_submit.py:644} INFO - 25/06/08 08:47:14 INFO TaskSetManager: Finished task 23.0 in stage 4.0 (TID 28) in 77 ms on 172.19.0.9 (executor 0) (26/50)
[2025-06-08T08:47:14.674+0000] {spark_submit.py:644} INFO - 25/06/08 08:47:14 INFO BlockManagerInfo: Added rdd_21_24 in memory on 172.19.0.9:42657 (size: 46.0 B, free: 434.2 MiB)
[2025-06-08T08:47:14.693+0000] {spark_submit.py:644} INFO - 25/06/08 08:47:14 INFO TaskSetManager: Starting task 28.0 in stage 4.0 (TID 33) (172.19.0.9, executor 0, partition 28, PROCESS_LOCAL, 10175 bytes)
[2025-06-08T08:47:14.694+0000] {spark_submit.py:644} INFO - 25/06/08 08:47:14 INFO BlockManagerInfo: Added rdd_21_25 in memory on 172.19.0.9:42657 (size: 46.0 B, free: 434.2 MiB)
[2025-06-08T08:47:14.694+0000] {spark_submit.py:644} INFO - 25/06/08 08:47:14 INFO TaskSetManager: Finished task 24.0 in stage 4.0 (TID 29) in 62 ms on 172.19.0.9 (executor 0) (27/50)
[2025-06-08T08:47:14.694+0000] {spark_submit.py:644} INFO - 25/06/08 08:47:14 INFO BlockManagerInfo: Added rdd_21_26 in memory on 172.19.0.9:42657 (size: 46.0 B, free: 434.2 MiB)
[2025-06-08T08:47:14.695+0000] {spark_submit.py:644} INFO - 25/06/08 08:47:14 INFO BlockManagerInfo: Added rdd_21_27 in memory on 172.19.0.9:42657 (size: 46.0 B, free: 434.2 MiB)
[2025-06-08T08:47:14.714+0000] {spark_submit.py:644} INFO - 25/06/08 08:47:14 INFO TaskSetManager: Starting task 30.0 in stage 4.0 (TID 34) (172.19.0.9, executor 0, partition 30, PROCESS_LOCAL, 10175 bytes)
[2025-06-08T08:47:14.715+0000] {spark_submit.py:644} INFO - 25/06/08 08:47:14 INFO TaskSetManager: Starting task 31.0 in stage 4.0 (TID 35) (172.19.0.9, executor 0, partition 31, PROCESS_LOCAL, 10175 bytes)
[2025-06-08T08:47:14.716+0000] {spark_submit.py:644} INFO - 25/06/08 08:47:14 INFO TaskSetManager: Finished task 26.0 in stage 4.0 (TID 31) in 75 ms on 172.19.0.9 (executor 0) (28/50)
[2025-06-08T08:47:14.716+0000] {spark_submit.py:644} INFO - 25/06/08 08:47:14 INFO TaskSetManager: Finished task 27.0 in stage 4.0 (TID 32) in 71 ms on 172.19.0.9 (executor 0) (29/50)
[2025-06-08T08:47:14.718+0000] {spark_submit.py:644} INFO - 25/06/08 08:47:14 INFO TaskSetManager: Starting task 32.0 in stage 4.0 (TID 36) (172.19.0.9, executor 0, partition 32, PROCESS_LOCAL, 10175 bytes)
[2025-06-08T08:47:14.719+0000] {spark_submit.py:644} INFO - 25/06/08 08:47:14 INFO TaskSetManager: Finished task 25.0 in stage 4.0 (TID 30) in 79 ms on 172.19.0.9 (executor 0) (30/50)
[2025-06-08T08:47:14.727+0000] {spark_submit.py:644} INFO - 25/06/08 08:47:14 INFO BlockManagerInfo: Added rdd_21_28 in memory on 172.19.0.9:42657 (size: 46.0 B, free: 434.2 MiB)
[2025-06-08T08:47:14.748+0000] {spark_submit.py:644} INFO - 25/06/08 08:47:14 INFO TaskSetManager: Starting task 33.0 in stage 4.0 (TID 37) (172.19.0.9, executor 0, partition 33, PROCESS_LOCAL, 10175 bytes)
[2025-06-08T08:47:14.748+0000] {spark_submit.py:644} INFO - 25/06/08 08:47:14 INFO TaskSetManager: Finished task 28.0 in stage 4.0 (TID 33) in 55 ms on 172.19.0.9 (executor 0) (31/50)
[2025-06-08T08:47:14.759+0000] {spark_submit.py:644} INFO - 25/06/08 08:47:14 INFO BlockManagerInfo: Added rdd_21_30 in memory on 172.19.0.9:42657 (size: 46.0 B, free: 434.2 MiB)
[2025-06-08T08:47:14.763+0000] {spark_submit.py:644} INFO - 25/06/08 08:47:14 INFO BlockManagerInfo: Added rdd_21_32 in memory on 172.19.0.9:42657 (size: 46.0 B, free: 434.2 MiB)
[2025-06-08T08:47:14.764+0000] {spark_submit.py:644} INFO - 25/06/08 08:47:14 INFO BlockManagerInfo: Added rdd_21_31 in memory on 172.19.0.9:42657 (size: 46.0 B, free: 434.2 MiB)
[2025-06-08T08:47:14.781+0000] {spark_submit.py:644} INFO - 25/06/08 08:47:14 INFO TaskSetManager: Starting task 34.0 in stage 4.0 (TID 38) (172.19.0.9, executor 0, partition 34, PROCESS_LOCAL, 10175 bytes)
[2025-06-08T08:47:14.782+0000] {spark_submit.py:644} INFO - 25/06/08 08:47:14 INFO TaskSetManager: Finished task 31.0 in stage 4.0 (TID 35) in 67 ms on 172.19.0.9 (executor 0) (32/50)
[2025-06-08T08:47:14.783+0000] {spark_submit.py:644} INFO - 25/06/08 08:47:14 INFO TaskSetManager: Starting task 35.0 in stage 4.0 (TID 39) (172.19.0.9, executor 0, partition 35, PROCESS_LOCAL, 10175 bytes)
[2025-06-08T08:47:14.783+0000] {spark_submit.py:644} INFO - 25/06/08 08:47:14 INFO TaskSetManager: Finished task 30.0 in stage 4.0 (TID 34) in 69 ms on 172.19.0.9 (executor 0) (33/50)
[2025-06-08T08:47:14.791+0000] {spark_submit.py:644} INFO - 25/06/08 08:47:14 INFO BlockManagerInfo: Added rdd_21_33 in memory on 172.19.0.9:42657 (size: 46.0 B, free: 434.2 MiB)
[2025-06-08T08:47:14.792+0000] {spark_submit.py:644} INFO - 25/06/08 08:47:14 INFO TaskSetManager: Starting task 36.0 in stage 4.0 (TID 40) (172.19.0.9, executor 0, partition 36, PROCESS_LOCAL, 10175 bytes)
[2025-06-08T08:47:14.793+0000] {spark_submit.py:644} INFO - 25/06/08 08:47:14 INFO TaskSetManager: Finished task 32.0 in stage 4.0 (TID 36) in 73 ms on 172.19.0.9 (executor 0) (34/50)
[2025-06-08T08:47:14.805+0000] {spark_submit.py:644} INFO - 25/06/08 08:47:14 INFO TaskSetManager: Starting task 37.0 in stage 4.0 (TID 41) (172.19.0.9, executor 0, partition 37, PROCESS_LOCAL, 10175 bytes)
[2025-06-08T08:47:14.806+0000] {spark_submit.py:644} INFO - 25/06/08 08:47:14 INFO TaskSetManager: Finished task 33.0 in stage 4.0 (TID 37) in 59 ms on 172.19.0.9 (executor 0) (35/50)
[2025-06-08T08:47:14.831+0000] {spark_submit.py:644} INFO - 25/06/08 08:47:14 INFO BlockManagerInfo: Added rdd_21_35 in memory on 172.19.0.9:42657 (size: 46.0 B, free: 434.2 MiB)
[2025-06-08T08:47:14.833+0000] {spark_submit.py:644} INFO - 25/06/08 08:47:14 INFO BlockManagerInfo: Added rdd_21_36 in memory on 172.19.0.9:42657 (size: 46.0 B, free: 434.2 MiB)
[2025-06-08T08:47:14.839+0000] {spark_submit.py:644} INFO - 25/06/08 08:47:14 INFO BlockManagerInfo: Added rdd_21_34 in memory on 172.19.0.9:42657 (size: 46.0 B, free: 434.2 MiB)
[2025-06-08T08:47:14.841+0000] {spark_submit.py:644} INFO - 25/06/08 08:47:14 INFO BlockManagerInfo: Added rdd_21_37 in memory on 172.19.0.9:42657 (size: 46.0 B, free: 434.2 MiB)
[2025-06-08T08:47:14.851+0000] {spark_submit.py:644} INFO - 25/06/08 08:47:14 INFO TaskSetManager: Starting task 38.0 in stage 4.0 (TID 42) (172.19.0.9, executor 0, partition 38, PROCESS_LOCAL, 10175 bytes)
[2025-06-08T08:47:14.852+0000] {spark_submit.py:644} INFO - 25/06/08 08:47:14 INFO TaskSetManager: Finished task 36.0 in stage 4.0 (TID 40) in 60 ms on 172.19.0.9 (executor 0) (36/50)
[2025-06-08T08:47:14.852+0000] {spark_submit.py:644} INFO - 25/06/08 08:47:14 INFO TaskSetManager: Starting task 39.0 in stage 4.0 (TID 43) (172.19.0.9, executor 0, partition 39, PROCESS_LOCAL, 10175 bytes)
[2025-06-08T08:47:14.853+0000] {spark_submit.py:644} INFO - 25/06/08 08:47:14 INFO TaskSetManager: Finished task 35.0 in stage 4.0 (TID 39) in 70 ms on 172.19.0.9 (executor 0) (37/50)
[2025-06-08T08:47:14.860+0000] {spark_submit.py:644} INFO - 25/06/08 08:47:14 INFO TaskSetManager: Starting task 40.0 in stage 4.0 (TID 44) (172.19.0.9, executor 0, partition 40, PROCESS_LOCAL, 10175 bytes)
[2025-06-08T08:47:14.860+0000] {spark_submit.py:644} INFO - 25/06/08 08:47:14 INFO TaskSetManager: Finished task 37.0 in stage 4.0 (TID 41) in 56 ms on 172.19.0.9 (executor 0) (38/50)
[2025-06-08T08:47:14.861+0000] {spark_submit.py:644} INFO - 25/06/08 08:47:14 INFO TaskSetManager: Starting task 41.0 in stage 4.0 (TID 45) (172.19.0.9, executor 0, partition 41, PROCESS_LOCAL, 10175 bytes)
[2025-06-08T08:47:14.861+0000] {spark_submit.py:644} INFO - 25/06/08 08:47:14 INFO TaskSetManager: Finished task 34.0 in stage 4.0 (TID 38) in 79 ms on 172.19.0.9 (executor 0) (39/50)
[2025-06-08T08:47:14.888+0000] {spark_submit.py:644} INFO - 25/06/08 08:47:14 INFO BlockManagerInfo: Added rdd_21_38 in memory on 172.19.0.9:42657 (size: 46.0 B, free: 434.2 MiB)
[2025-06-08T08:47:14.888+0000] {spark_submit.py:644} INFO - 25/06/08 08:47:14 INFO BlockManagerInfo: Added rdd_21_39 in memory on 172.19.0.9:42657 (size: 46.0 B, free: 434.2 MiB)
[2025-06-08T08:47:14.896+0000] {spark_submit.py:644} INFO - 25/06/08 08:47:14 INFO BlockManagerInfo: Added rdd_21_40 in memory on 172.19.0.9:42657 (size: 46.0 B, free: 434.2 MiB)
[2025-06-08T08:47:14.900+0000] {spark_submit.py:644} INFO - 25/06/08 08:47:14 INFO BlockManagerInfo: Added rdd_21_41 in memory on 172.19.0.9:42657 (size: 46.0 B, free: 434.2 MiB)
[2025-06-08T08:47:14.908+0000] {spark_submit.py:644} INFO - 25/06/08 08:47:14 INFO TaskSetManager: Starting task 43.0 in stage 4.0 (TID 46) (172.19.0.9, executor 0, partition 43, PROCESS_LOCAL, 10175 bytes)
[2025-06-08T08:47:14.909+0000] {spark_submit.py:644} INFO - 25/06/08 08:47:14 INFO TaskSetManager: Starting task 44.0 in stage 4.0 (TID 47) (172.19.0.9, executor 0, partition 44, PROCESS_LOCAL, 10175 bytes)
[2025-06-08T08:47:14.911+0000] {spark_submit.py:644} INFO - 25/06/08 08:47:14 INFO TaskSetManager: Finished task 39.0 in stage 4.0 (TID 43) in 58 ms on 172.19.0.9 (executor 0) (40/50)
[2025-06-08T08:47:14.912+0000] {spark_submit.py:644} INFO - 25/06/08 08:47:14 INFO TaskSetManager: Finished task 38.0 in stage 4.0 (TID 42) in 61 ms on 172.19.0.9 (executor 0) (41/50)
[2025-06-08T08:47:14.913+0000] {spark_submit.py:644} INFO - 25/06/08 08:47:14 INFO TaskSetManager: Starting task 45.0 in stage 4.0 (TID 48) (172.19.0.9, executor 0, partition 45, PROCESS_LOCAL, 10175 bytes)
[2025-06-08T08:47:14.914+0000] {spark_submit.py:644} INFO - 25/06/08 08:47:14 INFO TaskSetManager: Finished task 40.0 in stage 4.0 (TID 44) in 54 ms on 172.19.0.9 (executor 0) (42/50)
[2025-06-08T08:47:14.916+0000] {spark_submit.py:644} INFO - 25/06/08 08:47:14 INFO TaskSetManager: Starting task 46.0 in stage 4.0 (TID 49) (172.19.0.9, executor 0, partition 46, PROCESS_LOCAL, 10175 bytes)
[2025-06-08T08:47:14.917+0000] {spark_submit.py:644} INFO - 25/06/08 08:47:14 INFO TaskSetManager: Finished task 41.0 in stage 4.0 (TID 45) in 56 ms on 172.19.0.9 (executor 0) (43/50)
[2025-06-08T08:47:14.948+0000] {spark_submit.py:644} INFO - 25/06/08 08:47:14 INFO BlockManagerInfo: Added rdd_21_44 in memory on 172.19.0.9:42657 (size: 46.0 B, free: 434.2 MiB)
[2025-06-08T08:47:14.950+0000] {spark_submit.py:644} INFO - 25/06/08 08:47:14 INFO BlockManagerInfo: Added rdd_21_43 in memory on 172.19.0.9:42657 (size: 46.0 B, free: 434.2 MiB)
[2025-06-08T08:47:14.952+0000] {spark_submit.py:644} INFO - 25/06/08 08:47:14 INFO BlockManagerInfo: Added rdd_21_45 in memory on 172.19.0.9:42657 (size: 46.0 B, free: 434.2 MiB)
[2025-06-08T08:47:14.952+0000] {spark_submit.py:644} INFO - 25/06/08 08:47:14 INFO BlockManagerInfo: Added rdd_21_46 in memory on 172.19.0.9:42657 (size: 46.0 B, free: 434.2 MiB)
[2025-06-08T08:47:14.962+0000] {spark_submit.py:644} INFO - 25/06/08 08:47:14 INFO TaskSetManager: Starting task 47.0 in stage 4.0 (TID 50) (172.19.0.9, executor 0, partition 47, PROCESS_LOCAL, 10175 bytes)
[2025-06-08T08:47:14.963+0000] {spark_submit.py:644} INFO - 25/06/08 08:47:14 INFO TaskSetManager: Finished task 44.0 in stage 4.0 (TID 47) in 55 ms on 172.19.0.9 (executor 0) (44/50)
[2025-06-08T08:47:14.966+0000] {spark_submit.py:644} INFO - 25/06/08 08:47:14 INFO TaskSetManager: Starting task 48.0 in stage 4.0 (TID 51) (172.19.0.9, executor 0, partition 48, PROCESS_LOCAL, 10175 bytes)
[2025-06-08T08:47:14.967+0000] {spark_submit.py:644} INFO - 25/06/08 08:47:14 INFO TaskSetManager: Finished task 45.0 in stage 4.0 (TID 48) in 54 ms on 172.19.0.9 (executor 0) (45/50)
[2025-06-08T08:47:14.967+0000] {spark_submit.py:644} INFO - 25/06/08 08:47:14 INFO TaskSetManager: Starting task 49.0 in stage 4.0 (TID 52) (172.19.0.9, executor 0, partition 49, PROCESS_LOCAL, 10175 bytes)
[2025-06-08T08:47:14.967+0000] {spark_submit.py:644} INFO - 25/06/08 08:47:14 INFO TaskSetManager: Finished task 43.0 in stage 4.0 (TID 46) in 59 ms on 172.19.0.9 (executor 0) (46/50)
[2025-06-08T08:47:14.967+0000] {spark_submit.py:644} INFO - 25/06/08 08:47:14 INFO TaskSetManager: Finished task 46.0 in stage 4.0 (TID 49) in 52 ms on 172.19.0.9 (executor 0) (47/50)
[2025-06-08T08:47:14.987+0000] {spark_submit.py:644} INFO - 25/06/08 08:47:14 INFO BlockManagerInfo: Added rdd_21_47 in memory on 172.19.0.9:42657 (size: 46.0 B, free: 434.2 MiB)
[2025-06-08T08:47:14.997+0000] {spark_submit.py:644} INFO - 25/06/08 08:47:14 INFO BlockManagerInfo: Added rdd_21_49 in memory on 172.19.0.9:42657 (size: 46.0 B, free: 434.2 MiB)
[2025-06-08T08:47:14.998+0000] {spark_submit.py:644} INFO - 25/06/08 08:47:14 INFO BlockManagerInfo: Added rdd_21_48 in memory on 172.19.0.9:42657 (size: 46.0 B, free: 434.2 MiB)
[2025-06-08T08:47:15.000+0000] {spark_submit.py:644} INFO - 25/06/08 08:47:15 INFO TaskSetManager: Finished task 47.0 in stage 4.0 (TID 50) in 38 ms on 172.19.0.9 (executor 0) (48/50)
[2025-06-08T08:47:15.012+0000] {spark_submit.py:644} INFO - 25/06/08 08:47:15 INFO TaskSetManager: Finished task 48.0 in stage 4.0 (TID 51) in 47 ms on 172.19.0.9 (executor 0) (49/50)
[2025-06-08T08:47:15.013+0000] {spark_submit.py:644} INFO - 25/06/08 08:47:15 INFO TaskSetManager: Finished task 49.0 in stage 4.0 (TID 52) in 47 ms on 172.19.0.9 (executor 0) (50/50)
[2025-06-08T08:47:15.013+0000] {spark_submit.py:644} INFO - 25/06/08 08:47:15 INFO TaskSchedulerImpl: Removed TaskSet 4.0, whose tasks have all completed, from pool
[2025-06-08T08:47:15.013+0000] {spark_submit.py:644} INFO - 25/06/08 08:47:15 INFO DAGScheduler: ShuffleMapStage 4 ($anonfun$recordDeltaOperationInternal$1 at DatabricksLogging.scala:128) finished in 1.523 s
[2025-06-08T08:47:15.014+0000] {spark_submit.py:644} INFO - 25/06/08 08:47:15 INFO DAGScheduler: looking for newly runnable stages
[2025-06-08T08:47:15.014+0000] {spark_submit.py:644} INFO - 25/06/08 08:47:15 INFO DAGScheduler: running: Set()
[2025-06-08T08:47:15.014+0000] {spark_submit.py:644} INFO - 25/06/08 08:47:15 INFO DAGScheduler: waiting: Set()
[2025-06-08T08:47:15.014+0000] {spark_submit.py:644} INFO - 25/06/08 08:47:15 INFO DAGScheduler: failed: Set()
[2025-06-08T08:47:15.028+0000] {spark_submit.py:644} INFO - 25/06/08 08:47:15 INFO SparkContext: Starting job: $anonfun$recordDeltaOperationInternal$1 at DatabricksLogging.scala:128
[2025-06-08T08:47:15.029+0000] {spark_submit.py:644} INFO - 25/06/08 08:47:15 INFO DAGScheduler: Got job 5 ($anonfun$recordDeltaOperationInternal$1 at DatabricksLogging.scala:128) with 1 output partitions
[2025-06-08T08:47:15.029+0000] {spark_submit.py:644} INFO - 25/06/08 08:47:15 INFO DAGScheduler: Final stage: ResultStage 7 ($anonfun$recordDeltaOperationInternal$1 at DatabricksLogging.scala:128)
[2025-06-08T08:47:15.030+0000] {spark_submit.py:644} INFO - 25/06/08 08:47:15 INFO DAGScheduler: Parents of final stage: List(ShuffleMapStage 6)
[2025-06-08T08:47:15.030+0000] {spark_submit.py:644} INFO - 25/06/08 08:47:15 INFO DAGScheduler: Missing parents: List()
[2025-06-08T08:47:15.030+0000] {spark_submit.py:644} INFO - 25/06/08 08:47:15 INFO DAGScheduler: Submitting ResultStage 7 (MapPartitionsRDD[27] at $anonfun$recordDeltaOperationInternal$1 at DatabricksLogging.scala:128), which has no missing parents
[2025-06-08T08:47:15.033+0000] {spark_submit.py:644} INFO - 25/06/08 08:47:15 INFO MemoryStore: Block broadcast_8 stored as values in memory (estimated size 533.9 KiB, free 432.4 MiB)
[2025-06-08T08:47:15.038+0000] {spark_submit.py:644} INFO - 25/06/08 08:47:15 INFO MemoryStore: Block broadcast_8_piece0 stored as bytes in memory (estimated size 124.5 KiB, free 432.3 MiB)
[2025-06-08T08:47:15.038+0000] {spark_submit.py:644} INFO - 25/06/08 08:47:15 INFO BlockManagerInfo: Removed broadcast_7_piece0 on ae00baecdfb8:33463 in memory (size: 138.1 KiB, free: 434.3 MiB)
[2025-06-08T08:47:15.038+0000] {spark_submit.py:644} INFO - 25/06/08 08:47:15 INFO BlockManagerInfo: Added broadcast_8_piece0 in memory on ae00baecdfb8:33463 (size: 124.5 KiB, free: 434.2 MiB)
[2025-06-08T08:47:15.039+0000] {spark_submit.py:644} INFO - 25/06/08 08:47:15 INFO SparkContext: Created broadcast 8 from broadcast at DAGScheduler.scala:1585
[2025-06-08T08:47:15.039+0000] {spark_submit.py:644} INFO - 25/06/08 08:47:15 INFO DAGScheduler: Submitting 1 missing tasks from ResultStage 7 (MapPartitionsRDD[27] at $anonfun$recordDeltaOperationInternal$1 at DatabricksLogging.scala:128) (first 15 tasks are for partitions Vector(0))
[2025-06-08T08:47:15.039+0000] {spark_submit.py:644} INFO - 25/06/08 08:47:15 INFO TaskSchedulerImpl: Adding task set 7.0 with 1 tasks resource profile 0
[2025-06-08T08:47:15.040+0000] {spark_submit.py:644} INFO - 25/06/08 08:47:15 INFO BlockManagerInfo: Removed broadcast_7_piece0 on 172.19.0.9:42657 in memory (size: 138.1 KiB, free: 434.3 MiB)
[2025-06-08T08:47:15.041+0000] {spark_submit.py:644} INFO - 25/06/08 08:47:15 INFO TaskSetManager: Starting task 0.0 in stage 7.0 (TID 53) (172.19.0.9, executor 0, partition 0, NODE_LOCAL, 10186 bytes)
[2025-06-08T08:47:15.046+0000] {spark_submit.py:644} INFO - 25/06/08 08:47:15 INFO BlockManagerInfo: Added broadcast_8_piece0 in memory on 172.19.0.9:42657 (size: 124.5 KiB, free: 434.2 MiB)
[2025-06-08T08:47:15.053+0000] {spark_submit.py:644} INFO - 25/06/08 08:47:15 INFO MapOutputTrackerMasterEndpoint: Asked to send map output locations for shuffle 1 to 172.19.0.9:51176
[2025-06-08T08:47:15.083+0000] {spark_submit.py:644} INFO - 25/06/08 08:47:15 INFO TaskSetManager: Finished task 0.0 in stage 7.0 (TID 53) in 43 ms on 172.19.0.9 (executor 0) (1/1)
[2025-06-08T08:47:15.084+0000] {spark_submit.py:644} INFO - 25/06/08 08:47:15 INFO TaskSchedulerImpl: Removed TaskSet 7.0, whose tasks have all completed, from pool
[2025-06-08T08:47:15.084+0000] {spark_submit.py:644} INFO - 25/06/08 08:47:15 INFO DAGScheduler: ResultStage 7 ($anonfun$recordDeltaOperationInternal$1 at DatabricksLogging.scala:128) finished in 0.054 s
[2025-06-08T08:47:15.084+0000] {spark_submit.py:644} INFO - 25/06/08 08:47:15 INFO DAGScheduler: Job 5 is finished. Cancelling potential speculative or zombie tasks for this job
[2025-06-08T08:47:15.085+0000] {spark_submit.py:644} INFO - 25/06/08 08:47:15 INFO TaskSchedulerImpl: Killing all running tasks in stage 7: Stage finished
[2025-06-08T08:47:15.085+0000] {spark_submit.py:644} INFO - 25/06/08 08:47:15 INFO DAGScheduler: Job 5 finished: $anonfun$recordDeltaOperationInternal$1 at DatabricksLogging.scala:128, took 0.055842 s
[2025-06-08T08:47:15.121+0000] {spark_submit.py:644} INFO - 25/06/08 08:47:15 INFO CodeGenerator: Code generated in 27.969833 ms
[2025-06-08T08:47:15.123+0000] {spark_submit.py:644} INFO - 25/06/08 08:47:15 INFO Snapshot: [tableId=3b0a1545-cdf3-4735-9021-7fae5b4fd306] DELTA: Done
[2025-06-08T08:47:15.134+0000] {spark_submit.py:644} INFO - 25/06/08 08:47:15 INFO OptimisticTransaction: [tableId=6244adbc,txnId=5ec78ece] Committed delta #0 to s3a://mybucket/sc_stats_db/bronze/raw_data/_delta_log
[2025-06-08T08:47:15.136+0000] {spark_submit.py:644} INFO - 25/06/08 08:47:15 INFO CreateDeltaTableCommand: Table is path-based table: false. Update catalog with mode: CreateOrReplace
[2025-06-08T08:47:15.191+0000] {spark_submit.py:644} INFO - 25/06/08 08:47:15 WARN HiveExternalCatalog: Couldn't find corresponding Hive SerDe for data source provider delta. Persisting data source table `spark_catalog`.`sc_stats_db`.`bronze_raw_data` into Hive metastore in Spark SQL specific format, which is NOT compatible with Hive.
[2025-06-08T08:47:15.228+0000] {spark_submit.py:644} INFO - 25/06/08 08:47:15 INFO SQLStdHiveAccessController: Created SQLStdHiveAccessController for session context : HiveAuthzSessionContext [sessionString=2be51cc8-428c-4143-addb-ec999245bee9, clientType=HIVECLI]
[2025-06-08T08:47:15.230+0000] {spark_submit.py:644} INFO - 25/06/08 08:47:15 WARN SessionState: METASTORE_FILTER_HOOK will be ignored, since hive.security.authorization.manager is set to instance of HiveAuthorizerFactory.
[2025-06-08T08:47:15.230+0000] {spark_submit.py:644} INFO - 25/06/08 08:47:15 INFO metastore: Mestastore configuration hive.metastore.filter.hook changed from org.apache.hadoop.hive.metastore.DefaultMetaStoreFilterHookImpl to org.apache.hadoop.hive.ql.security.authorization.plugin.AuthorizationMetaStoreFilterHook
[2025-06-08T08:47:15.231+0000] {spark_submit.py:644} INFO - 25/06/08 08:47:15 INFO metastore: Closed a connection to metastore, current connections: 0
[2025-06-08T08:47:15.232+0000] {spark_submit.py:644} INFO - 25/06/08 08:47:15 INFO metastore: Trying to connect to metastore with URI thrift://hive-metastore:9083
[2025-06-08T08:47:15.233+0000] {spark_submit.py:644} INFO - 25/06/08 08:47:15 INFO metastore: Opened a connection to metastore, current connections: 1
[2025-06-08T08:47:15.233+0000] {spark_submit.py:644} INFO - 25/06/08 08:47:15 INFO metastore: Connected to metastore.
[2025-06-08T08:47:15.318+0000] {spark_submit.py:644} INFO - 25/06/08 08:47:15 INFO metastore: Trying to connect to metastore with URI thrift://hive-metastore:9083
[2025-06-08T08:47:15.318+0000] {spark_submit.py:644} INFO - 25/06/08 08:47:15 INFO metastore: Opened a connection to metastore, current connections: 2
[2025-06-08T08:47:15.319+0000] {spark_submit.py:644} INFO - 25/06/08 08:47:15 INFO metastore: Connected to metastore.
[2025-06-08T08:47:15.477+0000] {spark_submit.py:644} INFO - Successfully wrote and registered table sc_stats_db.bronze_raw_data at s3a://mybucket/sc_stats_db/bronze/raw_data
[2025-06-08T08:47:15.477+0000] {spark_submit.py:644} INFO - Bronze ingestion job completed successfully.
[2025-06-08T08:47:15.478+0000] {spark_submit.py:644} INFO - 25/06/08 08:47:15 INFO SparkContext: SparkContext is stopping with exitCode 0.
[2025-06-08T08:47:15.484+0000] {spark_submit.py:644} INFO - 25/06/08 08:47:15 INFO SparkUI: Stopped Spark web UI at http://ae00baecdfb8:4040
[2025-06-08T08:47:15.485+0000] {spark_submit.py:644} INFO - 25/06/08 08:47:15 INFO StandaloneSchedulerBackend: Shutting down all executors
[2025-06-08T08:47:15.486+0000] {spark_submit.py:644} INFO - 25/06/08 08:47:15 INFO StandaloneSchedulerBackend$StandaloneDriverEndpoint: Asking each executor to shut down
[2025-06-08T08:47:15.495+0000] {spark_submit.py:644} INFO - 25/06/08 08:47:15 INFO MapOutputTrackerMasterEndpoint: MapOutputTrackerMasterEndpoint stopped!
[2025-06-08T08:47:15.503+0000] {spark_submit.py:644} INFO - 25/06/08 08:47:15 INFO MemoryStore: MemoryStore cleared
[2025-06-08T08:47:15.505+0000] {spark_submit.py:644} INFO - 25/06/08 08:47:15 INFO BlockManager: BlockManager stopped
[2025-06-08T08:47:15.508+0000] {spark_submit.py:644} INFO - 25/06/08 08:47:15 INFO BlockManagerMaster: BlockManagerMaster stopped
[2025-06-08T08:47:15.511+0000] {spark_submit.py:644} INFO - 25/06/08 08:47:15 INFO OutputCommitCoordinator$OutputCommitCoordinatorEndpoint: OutputCommitCoordinator stopped!
[2025-06-08T08:47:15.533+0000] {spark_submit.py:644} INFO - 25/06/08 08:47:15 INFO SparkContext: Successfully stopped SparkContext
[2025-06-08T08:47:15.744+0000] {spark_submit.py:644} INFO - 25/06/08 08:47:15 INFO ShutdownHookManager: Shutdown hook called
[2025-06-08T08:47:15.744+0000] {spark_submit.py:644} INFO - 25/06/08 08:47:15 INFO ShutdownHookManager: Deleting directory /tmp/spark-ea90bb49-f00a-4bf2-b129-2582d81b10ec
[2025-06-08T08:47:15.746+0000] {spark_submit.py:644} INFO - 25/06/08 08:47:15 INFO ShutdownHookManager: Deleting directory /tmp/spark-26af8d02-8681-4ada-b7cc-7aceb79ebdfc
[2025-06-08T08:47:15.747+0000] {spark_submit.py:644} INFO - 25/06/08 08:47:15 INFO ShutdownHookManager: Deleting directory /tmp/spark-26af8d02-8681-4ada-b7cc-7aceb79ebdfc/pyspark-20348eae-0845-49e0-9f80-70560f868199
[2025-06-08T08:47:15.750+0000] {spark_submit.py:644} INFO - 25/06/08 08:47:15 INFO MetricsSystemImpl: Stopping s3a-file-system metrics system...
[2025-06-08T08:47:15.750+0000] {spark_submit.py:644} INFO - 25/06/08 08:47:15 INFO MetricsSystemImpl: s3a-file-system metrics system stopped.
[2025-06-08T08:47:15.750+0000] {spark_submit.py:644} INFO - 25/06/08 08:47:15 INFO MetricsSystemImpl: s3a-file-system metrics system shutdown complete.
[2025-06-08T08:47:15.790+0000] {taskinstance.py:340} INFO - ::group::Post task execution logs
[2025-06-08T08:47:15.790+0000] {taskinstance.py:352} INFO - Marking task as SUCCESS. dag_id=stephen_curry_stats_medallion_etl, task_id=bronze_ingestion, run_id=manual__2025-06-08T08:46:59.772718+00:00, execution_date=20250608T084659, start_date=20250608T084701, end_date=20250608T084715
[2025-06-08T08:47:15.798+0000] {local_task_job_runner.py:266} INFO - Task exited with return code 0
[2025-06-08T08:47:15.810+0000] {taskinstance.py:3895} INFO - 1 downstream tasks scheduled from follow-on schedule check
[2025-06-08T08:47:15.811+0000] {local_task_job_runner.py:245} INFO - ::endgroup::
