[2025-06-07T14:33:28.987+0000] {local_task_job_runner.py:123} INFO - ::group::Pre task execution logs
[2025-06-07T14:33:28.999+0000] {taskinstance.py:2613} INFO - Dependencies all met for dep_context=non-requeueable deps ti=<TaskInstance: stephen_curry_stats_medallion_etl.silver_to_gold manual__2025-06-07T14:33:27.839147+00:00 [queued]>
[2025-06-07T14:33:29.004+0000] {taskinstance.py:2613} INFO - Dependencies all met for dep_context=requeueable deps ti=<TaskInstance: stephen_curry_stats_medallion_etl.silver_to_gold manual__2025-06-07T14:33:27.839147+00:00 [queued]>
[2025-06-07T14:33:29.005+0000] {taskinstance.py:2866} INFO - Starting attempt 1 of 1
[2025-06-07T14:33:29.013+0000] {taskinstance.py:2889} INFO - Executing <Task(SparkSubmitOperator): silver_to_gold> on 2025-06-07 14:33:27.839147+00:00
[2025-06-07T14:33:29.017+0000] {standard_task_runner.py:72} INFO - Started process 6544 to run task
[2025-06-07T14:33:29.019+0000] {standard_task_runner.py:104} INFO - Running: ['***', 'tasks', 'run', 'stephen_curry_stats_medallion_etl', 'silver_to_gold', 'manual__2025-06-07T14:33:27.839147+00:00', '--job-id', '107', '--raw', '--subdir', 'DAGS_FOLDER/medallion_sales_etl_dag.py', '--cfg-path', '/tmp/tmpas9bp6v_']
[2025-06-07T14:33:29.021+0000] {standard_task_runner.py:105} INFO - Job 107: Subtask silver_to_gold
[2025-06-07T14:33:29.053+0000] {task_command.py:467} INFO - Running <TaskInstance: stephen_curry_stats_medallion_etl.silver_to_gold manual__2025-06-07T14:33:27.839147+00:00 [running]> on host 5ebb95484de3
[2025-06-07T14:33:29.101+0000] {taskinstance.py:3132} INFO - Exporting env vars: AIRFLOW_CTX_DAG_OWNER='***' AIRFLOW_CTX_DAG_ID='stephen_curry_stats_medallion_etl' AIRFLOW_CTX_TASK_ID='silver_to_gold' AIRFLOW_CTX_EXECUTION_DATE='2025-06-07T14:33:27.839147+00:00' AIRFLOW_CTX_TRY_NUMBER='1' AIRFLOW_CTX_DAG_RUN_ID='manual__2025-06-07T14:33:27.839147+00:00'
[2025-06-07T14:33:29.102+0000] {taskinstance.py:731} INFO - ::endgroup::
[2025-06-07T14:33:29.118+0000] {base.py:84} INFO - Retrieving connection 'spark_default'
[2025-06-07T14:33:29.119+0000] {spark_submit.py:474} INFO - Spark-Submit cmd: spark-submit --master spark://spark-master:7077 --conf spark.executor.memory=2g --conf spark.sql.extensions=io.delta.sql.DeltaSparkSessionExtension --conf spark.sql.catalog.spark_catalog=org.apache.spark.sql.delta.catalog.DeltaCatalog --conf spark.hadoop.fs.s3a.endpoint=http://minio:9000 --conf spark.hadoop.fs.s3a.access.key=minioadmin --conf spark.hadoop.fs.s3a.secret.key=****** --conf spark.hadoop.fs.s3a.path.style.access=true --conf spark.hadoop.fs.s3a.impl=org.apache.hadoop.fs.s3a.S3AFileSystem --conf spark.hadoop.fs.s3a.aws.credentials.provider=org.apache.hadoop.fs.s3a.SimpleAWSCredentialsProvider --packages org.apache.hadoop:hadoop-aws:3.3.4,com.amazonaws:aws-java-sdk-bundle:1.12.262,io.delta:delta-spark_2.12:3.1.0 --name arrow-spark --queue root.default --deploy-mode client dags/silver_to_gold_sc_summary_etl.py --output_path s3a://mybucket/sc_stats_db.db/bronze
[2025-06-07T14:33:29.880+0000] {spark_submit.py:644} INFO - :: loading settings :: url = jar:file:/home/***/.local/lib/python3.11/site-packages/pyspark/jars/ivy-2.5.1.jar!/org/apache/ivy/core/settings/ivysettings.xml
[2025-06-07T14:33:29.924+0000] {spark_submit.py:644} INFO - Ivy Default Cache set to: /home/***/.ivy2/cache
[2025-06-07T14:33:29.928+0000] {spark_submit.py:644} INFO - The jars for the packages stored in: /home/***/.ivy2/jars
[2025-06-07T14:33:29.928+0000] {spark_submit.py:644} INFO - org.apache.hadoop#hadoop-aws added as a dependency
[2025-06-07T14:33:29.929+0000] {spark_submit.py:644} INFO - com.amazonaws#aws-java-sdk-bundle added as a dependency
[2025-06-07T14:33:29.929+0000] {spark_submit.py:644} INFO - io.delta#delta-spark_2.12 added as a dependency
[2025-06-07T14:33:29.931+0000] {spark_submit.py:644} INFO - :: resolving dependencies :: org.apache.spark#spark-submit-parent-ea2a4e40-f98a-4816-9733-a48f555dc0b0;1.0
[2025-06-07T14:33:29.932+0000] {spark_submit.py:644} INFO - confs: [default]
[2025-06-07T14:33:30.021+0000] {spark_submit.py:644} INFO - found org.apache.hadoop#hadoop-aws;3.3.4 in central
[2025-06-07T14:33:30.040+0000] {spark_submit.py:644} INFO - found com.amazonaws#aws-java-sdk-bundle;1.12.262 in central
[2025-06-07T14:33:30.051+0000] {spark_submit.py:644} INFO - found org.wildfly.openssl#wildfly-openssl;1.0.7.Final in central
[2025-06-07T14:33:30.062+0000] {spark_submit.py:644} INFO - found io.delta#delta-spark_2.12;3.1.0 in central
[2025-06-07T14:33:30.073+0000] {spark_submit.py:644} INFO - found io.delta#delta-storage;3.1.0 in central
[2025-06-07T14:33:30.083+0000] {spark_submit.py:644} INFO - found org.antlr#antlr4-runtime;4.9.3 in central
[2025-06-07T14:33:30.100+0000] {spark_submit.py:644} INFO - :: resolution report :: resolve 166ms :: artifacts dl 5ms
[2025-06-07T14:33:30.101+0000] {spark_submit.py:644} INFO - :: modules in use:
[2025-06-07T14:33:30.103+0000] {spark_submit.py:644} INFO - com.amazonaws#aws-java-sdk-bundle;1.12.262 from central in [default]
[2025-06-07T14:33:30.104+0000] {spark_submit.py:644} INFO - io.delta#delta-spark_2.12;3.1.0 from central in [default]
[2025-06-07T14:33:30.105+0000] {spark_submit.py:644} INFO - io.delta#delta-storage;3.1.0 from central in [default]
[2025-06-07T14:33:30.106+0000] {spark_submit.py:644} INFO - org.antlr#antlr4-runtime;4.9.3 from central in [default]
[2025-06-07T14:33:30.106+0000] {spark_submit.py:644} INFO - org.apache.hadoop#hadoop-aws;3.3.4 from central in [default]
[2025-06-07T14:33:30.107+0000] {spark_submit.py:644} INFO - org.wildfly.openssl#wildfly-openssl;1.0.7.Final from central in [default]
[2025-06-07T14:33:30.107+0000] {spark_submit.py:644} INFO - ---------------------------------------------------------------------
[2025-06-07T14:33:30.108+0000] {spark_submit.py:644} INFO - |                  |            modules            ||   artifacts   |
[2025-06-07T14:33:30.111+0000] {spark_submit.py:644} INFO - |       conf       | number| search|dwnlded|evicted|| number|dwnlded|
[2025-06-07T14:33:30.112+0000] {spark_submit.py:644} INFO - ---------------------------------------------------------------------
[2025-06-07T14:33:30.112+0000] {spark_submit.py:644} INFO - |      default     |   6   |   0   |   0   |   0   ||   6   |   0   |
[2025-06-07T14:33:30.112+0000] {spark_submit.py:644} INFO - ---------------------------------------------------------------------
[2025-06-07T14:33:30.113+0000] {spark_submit.py:644} INFO - :: retrieving :: org.apache.spark#spark-submit-parent-ea2a4e40-f98a-4816-9733-a48f555dc0b0
[2025-06-07T14:33:30.113+0000] {spark_submit.py:644} INFO - confs: [default]
[2025-06-07T14:33:30.113+0000] {spark_submit.py:644} INFO - 0 artifacts copied, 6 already retrieved (0kB/6ms)
[2025-06-07T14:33:30.222+0000] {spark_submit.py:644} INFO - 25/06/07 14:33:30 WARN NativeCodeLoader: Unable to load native-hadoop library for your platform... using builtin-java classes where applicable
[2025-06-07T14:33:31.039+0000] {spark_submit.py:644} INFO - 25/06/07 14:33:31 INFO SparkContext: Running Spark version 3.5.2
[2025-06-07T14:33:31.039+0000] {spark_submit.py:644} INFO - 25/06/07 14:33:31 INFO SparkContext: OS info Linux, 6.10.14-linuxkit, aarch64
[2025-06-07T14:33:31.040+0000] {spark_submit.py:644} INFO - 25/06/07 14:33:31 INFO SparkContext: Java version 17.0.15
[2025-06-07T14:33:31.056+0000] {spark_submit.py:644} INFO - 25/06/07 14:33:31 INFO ResourceUtils: ==============================================================
[2025-06-07T14:33:31.057+0000] {spark_submit.py:644} INFO - 25/06/07 14:33:31 INFO ResourceUtils: No custom resources configured for spark.driver.
[2025-06-07T14:33:31.057+0000] {spark_submit.py:644} INFO - 25/06/07 14:33:31 INFO ResourceUtils: ==============================================================
[2025-06-07T14:33:31.058+0000] {spark_submit.py:644} INFO - 25/06/07 14:33:31 INFO SparkContext: Submitted application: SilverToGoldStephenCurryStats
[2025-06-07T14:33:31.072+0000] {spark_submit.py:644} INFO - 25/06/07 14:33:31 INFO ResourceProfile: Default ResourceProfile created, executor resources: Map(memory -> name: memory, amount: 2048, script: , vendor: , offHeap -> name: offHeap, amount: 0, script: , vendor: ), task resources: Map(cpus -> name: cpus, amount: 1.0)
[2025-06-07T14:33:31.078+0000] {spark_submit.py:644} INFO - 25/06/07 14:33:31 INFO ResourceProfile: Limiting resource is cpu
[2025-06-07T14:33:31.081+0000] {spark_submit.py:644} INFO - 25/06/07 14:33:31 INFO ResourceProfileManager: Added ResourceProfile id: 0
[2025-06-07T14:33:31.123+0000] {spark_submit.py:644} INFO - 25/06/07 14:33:31 INFO SecurityManager: Changing view acls to: ***
[2025-06-07T14:33:31.124+0000] {spark_submit.py:644} INFO - 25/06/07 14:33:31 INFO SecurityManager: Changing modify acls to: ***
[2025-06-07T14:33:31.125+0000] {spark_submit.py:644} INFO - 25/06/07 14:33:31 INFO SecurityManager: Changing view acls groups to:
[2025-06-07T14:33:31.126+0000] {spark_submit.py:644} INFO - 25/06/07 14:33:31 INFO SecurityManager: Changing modify acls groups to:
[2025-06-07T14:33:31.127+0000] {spark_submit.py:644} INFO - 25/06/07 14:33:31 INFO SecurityManager: SecurityManager: authentication disabled; ui acls disabled; users with view permissions: ***; groups with view permissions: EMPTY; users with modify permissions: ***; groups with modify permissions: EMPTY
[2025-06-07T14:33:31.305+0000] {spark_submit.py:644} INFO - 25/06/07 14:33:31 INFO Utils: Successfully started service 'sparkDriver' on port 35215.
[2025-06-07T14:33:31.329+0000] {spark_submit.py:644} INFO - 25/06/07 14:33:31 INFO SparkEnv: Registering MapOutputTracker
[2025-06-07T14:33:31.355+0000] {spark_submit.py:644} INFO - 25/06/07 14:33:31 INFO SparkEnv: Registering BlockManagerMaster
[2025-06-07T14:33:31.372+0000] {spark_submit.py:644} INFO - 25/06/07 14:33:31 INFO BlockManagerMasterEndpoint: Using org.apache.spark.storage.DefaultTopologyMapper for getting topology information
[2025-06-07T14:33:31.373+0000] {spark_submit.py:644} INFO - 25/06/07 14:33:31 INFO BlockManagerMasterEndpoint: BlockManagerMasterEndpoint up
[2025-06-07T14:33:31.377+0000] {spark_submit.py:644} INFO - 25/06/07 14:33:31 INFO SparkEnv: Registering BlockManagerMasterHeartbeat
[2025-06-07T14:33:31.390+0000] {spark_submit.py:644} INFO - 25/06/07 14:33:31 INFO DiskBlockManager: Created local directory at /tmp/blockmgr-0159cee8-4e46-439a-8952-41ba101f44d3
[2025-06-07T14:33:31.402+0000] {spark_submit.py:644} INFO - 25/06/07 14:33:31 INFO MemoryStore: MemoryStore started with capacity 434.4 MiB
[2025-06-07T14:33:31.414+0000] {spark_submit.py:644} INFO - 25/06/07 14:33:31 INFO SparkEnv: Registering OutputCommitCoordinator
[2025-06-07T14:33:31.503+0000] {spark_submit.py:644} INFO - 25/06/07 14:33:31 INFO JettyUtils: Start Jetty 0.0.0.0:4040 for SparkUI
[2025-06-07T14:33:31.543+0000] {spark_submit.py:644} INFO - 25/06/07 14:33:31 WARN Utils: Service 'SparkUI' could not bind on port 4040. Attempting port 4041.
[2025-06-07T14:33:31.549+0000] {spark_submit.py:644} INFO - 25/06/07 14:33:31 INFO Utils: Successfully started service 'SparkUI' on port 4041.
[2025-06-07T14:33:31.589+0000] {spark_submit.py:644} INFO - 25/06/07 14:33:31 INFO SparkContext: Added JAR file:///home/***/.ivy2/jars/org.apache.hadoop_hadoop-aws-3.3.4.jar at spark://5ebb95484de3:35215/jars/org.apache.hadoop_hadoop-aws-3.3.4.jar with timestamp 1749306811035
[2025-06-07T14:33:31.590+0000] {spark_submit.py:644} INFO - 25/06/07 14:33:31 INFO SparkContext: Added JAR file:///home/***/.ivy2/jars/com.amazonaws_aws-java-sdk-bundle-1.12.262.jar at spark://5ebb95484de3:35215/jars/com.amazonaws_aws-java-sdk-bundle-1.12.262.jar with timestamp 1749306811035
[2025-06-07T14:33:31.590+0000] {spark_submit.py:644} INFO - 25/06/07 14:33:31 INFO SparkContext: Added JAR file:///home/***/.ivy2/jars/io.delta_delta-spark_2.12-3.1.0.jar at spark://5ebb95484de3:35215/jars/io.delta_delta-spark_2.12-3.1.0.jar with timestamp 1749306811035
[2025-06-07T14:33:31.591+0000] {spark_submit.py:644} INFO - 25/06/07 14:33:31 INFO SparkContext: Added JAR file:///home/***/.ivy2/jars/org.wildfly.openssl_wildfly-openssl-1.0.7.Final.jar at spark://5ebb95484de3:35215/jars/org.wildfly.openssl_wildfly-openssl-1.0.7.Final.jar with timestamp 1749306811035
[2025-06-07T14:33:31.591+0000] {spark_submit.py:644} INFO - 25/06/07 14:33:31 INFO SparkContext: Added JAR file:///home/***/.ivy2/jars/io.delta_delta-storage-3.1.0.jar at spark://5ebb95484de3:35215/jars/io.delta_delta-storage-3.1.0.jar with timestamp 1749306811035
[2025-06-07T14:33:31.593+0000] {spark_submit.py:644} INFO - 25/06/07 14:33:31 INFO SparkContext: Added JAR file:///home/***/.ivy2/jars/org.antlr_antlr4-runtime-4.9.3.jar at spark://5ebb95484de3:35215/jars/org.antlr_antlr4-runtime-4.9.3.jar with timestamp 1749306811035
[2025-06-07T14:33:31.593+0000] {spark_submit.py:644} INFO - 25/06/07 14:33:31 INFO SparkContext: Added file file:///home/***/.ivy2/jars/org.apache.hadoop_hadoop-aws-3.3.4.jar at spark://5ebb95484de3:35215/files/org.apache.hadoop_hadoop-aws-3.3.4.jar with timestamp 1749306811035
[2025-06-07T14:33:31.593+0000] {spark_submit.py:644} INFO - 25/06/07 14:33:31 INFO Utils: Copying /home/***/.ivy2/jars/org.apache.hadoop_hadoop-aws-3.3.4.jar to /tmp/spark-1f2da4e3-b950-438a-b887-25c4a391ec95/userFiles-e85fcb7d-d77f-47aa-ace2-3310ee659901/org.apache.hadoop_hadoop-aws-3.3.4.jar
[2025-06-07T14:33:31.601+0000] {spark_submit.py:644} INFO - 25/06/07 14:33:31 INFO SparkContext: Added file file:///home/***/.ivy2/jars/com.amazonaws_aws-java-sdk-bundle-1.12.262.jar at spark://5ebb95484de3:35215/files/com.amazonaws_aws-java-sdk-bundle-1.12.262.jar with timestamp 1749306811035
[2025-06-07T14:33:31.602+0000] {spark_submit.py:644} INFO - 25/06/07 14:33:31 INFO Utils: Copying /home/***/.ivy2/jars/com.amazonaws_aws-java-sdk-bundle-1.12.262.jar to /tmp/spark-1f2da4e3-b950-438a-b887-25c4a391ec95/userFiles-e85fcb7d-d77f-47aa-ace2-3310ee659901/com.amazonaws_aws-java-sdk-bundle-1.12.262.jar
[2025-06-07T14:33:31.684+0000] {spark_submit.py:644} INFO - 25/06/07 14:33:31 INFO SparkContext: Added file file:///home/***/.ivy2/jars/io.delta_delta-spark_2.12-3.1.0.jar at spark://5ebb95484de3:35215/files/io.delta_delta-spark_2.12-3.1.0.jar with timestamp 1749306811035
[2025-06-07T14:33:31.685+0000] {spark_submit.py:644} INFO - 25/06/07 14:33:31 INFO Utils: Copying /home/***/.ivy2/jars/io.delta_delta-spark_2.12-3.1.0.jar to /tmp/spark-1f2da4e3-b950-438a-b887-25c4a391ec95/userFiles-e85fcb7d-d77f-47aa-ace2-3310ee659901/io.delta_delta-spark_2.12-3.1.0.jar
[2025-06-07T14:33:31.688+0000] {spark_submit.py:644} INFO - 25/06/07 14:33:31 INFO SparkContext: Added file file:///home/***/.ivy2/jars/org.wildfly.openssl_wildfly-openssl-1.0.7.Final.jar at spark://5ebb95484de3:35215/files/org.wildfly.openssl_wildfly-openssl-1.0.7.Final.jar with timestamp 1749306811035
[2025-06-07T14:33:31.689+0000] {spark_submit.py:644} INFO - 25/06/07 14:33:31 INFO Utils: Copying /home/***/.ivy2/jars/org.wildfly.openssl_wildfly-openssl-1.0.7.Final.jar to /tmp/spark-1f2da4e3-b950-438a-b887-25c4a391ec95/userFiles-e85fcb7d-d77f-47aa-ace2-3310ee659901/org.wildfly.openssl_wildfly-openssl-1.0.7.Final.jar
[2025-06-07T14:33:31.693+0000] {spark_submit.py:644} INFO - 25/06/07 14:33:31 INFO SparkContext: Added file file:///home/***/.ivy2/jars/io.delta_delta-storage-3.1.0.jar at spark://5ebb95484de3:35215/files/io.delta_delta-storage-3.1.0.jar with timestamp 1749306811035
[2025-06-07T14:33:31.694+0000] {spark_submit.py:644} INFO - 25/06/07 14:33:31 INFO Utils: Copying /home/***/.ivy2/jars/io.delta_delta-storage-3.1.0.jar to /tmp/spark-1f2da4e3-b950-438a-b887-25c4a391ec95/userFiles-e85fcb7d-d77f-47aa-ace2-3310ee659901/io.delta_delta-storage-3.1.0.jar
[2025-06-07T14:33:31.696+0000] {spark_submit.py:644} INFO - 25/06/07 14:33:31 INFO SparkContext: Added file file:///home/***/.ivy2/jars/org.antlr_antlr4-runtime-4.9.3.jar at spark://5ebb95484de3:35215/files/org.antlr_antlr4-runtime-4.9.3.jar with timestamp 1749306811035
[2025-06-07T14:33:31.696+0000] {spark_submit.py:644} INFO - 25/06/07 14:33:31 INFO Utils: Copying /home/***/.ivy2/jars/org.antlr_antlr4-runtime-4.9.3.jar to /tmp/spark-1f2da4e3-b950-438a-b887-25c4a391ec95/userFiles-e85fcb7d-d77f-47aa-ace2-3310ee659901/org.antlr_antlr4-runtime-4.9.3.jar
[2025-06-07T14:33:31.748+0000] {spark_submit.py:644} INFO - 25/06/07 14:33:31 INFO StandaloneAppClient$ClientEndpoint: Connecting to master spark://spark-master:7077...
[2025-06-07T14:33:31.774+0000] {spark_submit.py:644} INFO - 25/06/07 14:33:31 INFO TransportClientFactory: Successfully created connection to spark-master/172.19.0.6:7077 after 14 ms (0 ms spent in bootstraps)
[2025-06-07T14:33:31.825+0000] {spark_submit.py:644} INFO - 25/06/07 14:33:31 INFO StandaloneSchedulerBackend: Connected to Spark cluster with app ID app-20250607143331-0026
[2025-06-07T14:33:31.834+0000] {spark_submit.py:644} INFO - 25/06/07 14:33:31 INFO Utils: Successfully started service 'org.apache.spark.network.netty.NettyBlockTransferService' on port 41131.
[2025-06-07T14:33:31.834+0000] {spark_submit.py:644} INFO - 25/06/07 14:33:31 INFO NettyBlockTransferService: Server created on 5ebb95484de3:41131
[2025-06-07T14:33:31.835+0000] {spark_submit.py:644} INFO - 25/06/07 14:33:31 INFO BlockManager: Using org.apache.spark.storage.RandomBlockReplicationPolicy for block replication policy
[2025-06-07T14:33:31.838+0000] {spark_submit.py:644} INFO - 25/06/07 14:33:31 INFO BlockManagerMaster: Registering BlockManager BlockManagerId(driver, 5ebb95484de3, 41131, None)
[2025-06-07T14:33:31.841+0000] {spark_submit.py:644} INFO - 25/06/07 14:33:31 INFO BlockManagerMasterEndpoint: Registering block manager 5ebb95484de3:41131 with 434.4 MiB RAM, BlockManagerId(driver, 5ebb95484de3, 41131, None)
[2025-06-07T14:33:31.842+0000] {spark_submit.py:644} INFO - 25/06/07 14:33:31 INFO BlockManagerMaster: Registered BlockManager BlockManagerId(driver, 5ebb95484de3, 41131, None)
[2025-06-07T14:33:31.843+0000] {spark_submit.py:644} INFO - 25/06/07 14:33:31 INFO BlockManager: Initialized BlockManager: BlockManagerId(driver, 5ebb95484de3, 41131, None)
[2025-06-07T14:33:32.003+0000] {spark_submit.py:644} INFO - 25/06/07 14:33:32 INFO StandaloneSchedulerBackend: SchedulerBackend is ready for scheduling beginning after reached minRegisteredResourcesRatio: 0.0
[2025-06-07T14:33:32.198+0000] {spark_submit.py:644} INFO - Silver to Gold: Spark session created.
[2025-06-07T14:33:32.202+0000] {spark_submit.py:644} INFO - 25/06/07 14:33:32 INFO SharedState: Setting hive.metastore.warehouse.dir ('null') to the value of spark.sql.warehouse.dir.
[2025-06-07T14:33:32.208+0000] {spark_submit.py:644} INFO - 25/06/07 14:33:32 INFO SharedState: Warehouse path is 'file:/tmp/spark-warehouse'.
[2025-06-07T14:33:32.932+0000] {spark_submit.py:644} INFO - 25/06/07 14:33:32 INFO HiveConf: Found configuration file null
[2025-06-07T14:33:32.939+0000] {spark_submit.py:644} INFO - 25/06/07 14:33:32 INFO HiveUtils: Initializing HiveMetastoreConnection version 2.3.9 using Spark classes.
[2025-06-07T14:33:33.153+0000] {spark_submit.py:644} INFO - 25/06/07 14:33:33 INFO HiveClientImpl: Warehouse location for Hive client (version 2.3.9) is file:/tmp/spark-warehouse
[2025-06-07T14:33:33.179+0000] {spark_submit.py:644} INFO - 25/06/07 14:33:33 INFO metastore: Trying to connect to metastore with URI thrift://hive-metastore:9083
[2025-06-07T14:33:33.189+0000] {spark_submit.py:644} INFO - 25/06/07 14:33:33 INFO metastore: Opened a connection to metastore, current connections: 1
[2025-06-07T14:33:33.203+0000] {spark_submit.py:644} INFO - 25/06/07 14:33:33 INFO metastore: Connected to metastore.
[2025-06-07T14:33:33.738+0000] {spark_submit.py:644} INFO - Error in silver to gold transformation: [TABLE_OR_VIEW_NOT_FOUND] The table or view `sc_stats_db`.`silver_sc_stats` cannot be found. Verify the spelling and correctness of the schema and catalog.
[2025-06-07T14:33:33.740+0000] {spark_submit.py:644} INFO - If you did not qualify the name with a schema, verify the current_schema() output, or qualify the name with the correct schema and catalog.
[2025-06-07T14:33:33.741+0000] {spark_submit.py:644} INFO - To tolerate the error on drop use DROP VIEW IF EXISTS or DROP TABLE IF EXISTS.;
[2025-06-07T14:33:33.743+0000] {spark_submit.py:644} INFO - 'UnresolvedRelation [sc_stats_db, silver_sc_stats], [], false
[2025-06-07T14:33:33.744+0000] {spark_submit.py:644} INFO - 
[2025-06-07T14:33:33.744+0000] {spark_submit.py:644} INFO - 25/06/07 14:33:33 INFO SparkContext: SparkContext is stopping with exitCode 0.
[2025-06-07T14:33:33.746+0000] {spark_submit.py:644} INFO - 25/06/07 14:33:33 INFO StandaloneAppClient$ClientEndpoint: Executor added: app-20250607143331-0026/0 on worker-20250607120528-172.19.0.7-44613 (172.19.0.7:44613) with 4 core(s)
[2025-06-07T14:33:33.750+0000] {spark_submit.py:644} INFO - 25/06/07 14:33:33 INFO StandaloneSchedulerBackend: Granted executor ID app-20250607143331-0026/0 on hostPort 172.19.0.7:44613 with 4 core(s), 2.0 GiB RAM
[2025-06-07T14:33:33.753+0000] {spark_submit.py:644} INFO - 25/06/07 14:33:33 INFO SparkUI: Stopped Spark web UI at http://5ebb95484de3:4041
[2025-06-07T14:33:33.760+0000] {spark_submit.py:644} INFO - 25/06/07 14:33:33 INFO StandaloneSchedulerBackend: Shutting down all executors
[2025-06-07T14:33:33.766+0000] {spark_submit.py:644} INFO - 25/06/07 14:33:33 INFO StandaloneSchedulerBackend$StandaloneDriverEndpoint: Asking each executor to shut down
[2025-06-07T14:33:33.771+0000] {spark_submit.py:644} INFO - 25/06/07 14:33:33 INFO StandaloneAppClient$ClientEndpoint: Executor updated: app-20250607143331-0026/0 is now RUNNING
[2025-06-07T14:33:33.780+0000] {spark_submit.py:644} INFO - 25/06/07 14:33:33 INFO MapOutputTrackerMasterEndpoint: MapOutputTrackerMasterEndpoint stopped!
[2025-06-07T14:33:33.805+0000] {spark_submit.py:644} INFO - 25/06/07 14:33:33 INFO MemoryStore: MemoryStore cleared
[2025-06-07T14:33:33.807+0000] {spark_submit.py:644} INFO - 25/06/07 14:33:33 INFO BlockManager: BlockManager stopped
[2025-06-07T14:33:33.811+0000] {spark_submit.py:644} INFO - 25/06/07 14:33:33 INFO BlockManagerMaster: BlockManagerMaster stopped
[2025-06-07T14:33:33.815+0000] {spark_submit.py:644} INFO - 25/06/07 14:33:33 INFO OutputCommitCoordinator$OutputCommitCoordinatorEndpoint: OutputCommitCoordinator stopped!
[2025-06-07T14:33:33.843+0000] {spark_submit.py:644} INFO - 25/06/07 14:33:33 INFO SparkContext: Successfully stopped SparkContext
[2025-06-07T14:33:34.030+0000] {spark_submit.py:644} INFO - Traceback (most recent call last):
[2025-06-07T14:33:34.031+0000] {spark_submit.py:644} INFO - File "/opt/***/dags/silver_to_gold_sc_summary_etl.py", line 81, in <module>
[2025-06-07T14:33:34.034+0000] {spark_submit.py:644} INFO - main()
[2025-06-07T14:33:34.035+0000] {spark_submit.py:644} INFO - ^^^^^^
[2025-06-07T14:33:34.036+0000] {spark_submit.py:644} INFO - File "/opt/***/dags/silver_to_gold_sc_summary_etl.py", line 23, in main
[2025-06-07T14:33:34.036+0000] {spark_submit.py:644} INFO - silver_df = spark.table("sc_stats_db.silver_sc_stats")
[2025-06-07T14:33:34.037+0000] {spark_submit.py:644} INFO - ^^^^^^^^^^^^^^^^^^^^^^^^^^^^^^^^^^^^^^^^^^
[2025-06-07T14:33:34.038+0000] {spark_submit.py:644} INFO - File "/home/***/.local/lib/python3.11/site-packages/pyspark/python/lib/pyspark.zip/pyspark/sql/session.py", line 1667, in table
[2025-06-07T14:33:34.038+0000] {spark_submit.py:644} INFO - File "/home/***/.local/lib/python3.11/site-packages/pyspark/python/lib/py4j-0.10.9.7-src.zip/py4j/java_gateway.py", line 1322, in __call__
[2025-06-07T14:33:34.039+0000] {spark_submit.py:644} INFO - File "/home/***/.local/lib/python3.11/site-packages/pyspark/python/lib/pyspark.zip/pyspark/errors/exceptions/captured.py", line 185, in deco
[2025-06-07T14:33:34.043+0000] {spark_submit.py:644} INFO - pyspark.errors.exceptions.captured.AnalysisException: [TABLE_OR_VIEW_NOT_FOUND] The table or view `sc_stats_db`.`silver_sc_stats` cannot be found. Verify the spelling and correctness of the schema and catalog.
[2025-06-07T14:33:34.046+0000] {spark_submit.py:644} INFO - If you did not qualify the name with a schema, verify the current_schema() output, or qualify the name with the correct schema and catalog.
[2025-06-07T14:33:34.047+0000] {spark_submit.py:644} INFO - To tolerate the error on drop use DROP VIEW IF EXISTS or DROP TABLE IF EXISTS.;
[2025-06-07T14:33:34.047+0000] {spark_submit.py:644} INFO - 'UnresolvedRelation [sc_stats_db, silver_sc_stats], [], false
[2025-06-07T14:33:34.047+0000] {spark_submit.py:644} INFO - 
[2025-06-07T14:33:34.097+0000] {spark_submit.py:644} INFO - 25/06/07 14:33:34 INFO ShutdownHookManager: Shutdown hook called
[2025-06-07T14:33:34.098+0000] {spark_submit.py:644} INFO - 25/06/07 14:33:34 INFO ShutdownHookManager: Deleting directory /tmp/spark-5fca85a1-9365-49d1-b1ea-21288f29e661
[2025-06-07T14:33:34.101+0000] {spark_submit.py:644} INFO - 25/06/07 14:33:34 INFO ShutdownHookManager: Deleting directory /tmp/spark-1f2da4e3-b950-438a-b887-25c4a391ec95
[2025-06-07T14:33:34.103+0000] {spark_submit.py:644} INFO - 25/06/07 14:33:34 INFO ShutdownHookManager: Deleting directory /tmp/spark-1f2da4e3-b950-438a-b887-25c4a391ec95/pyspark-ed87f7c7-3c15-48e1-973a-ecf20529d5f0
[2025-06-07T14:33:34.146+0000] {taskinstance.py:3311} ERROR - Task failed with exception
Traceback (most recent call last):
  File "/home/airflow/.local/lib/python3.11/site-packages/airflow/models/taskinstance.py", line 767, in _execute_task
    result = _execute_callable(context=context, **execute_callable_kwargs)
             ^^^^^^^^^^^^^^^^^^^^^^^^^^^^^^^^^^^^^^^^^^^^^^^^^^^^^^^^^^^^^
  File "/home/airflow/.local/lib/python3.11/site-packages/airflow/models/taskinstance.py", line 733, in _execute_callable
    return ExecutionCallableRunner(
           ^^^^^^^^^^^^^^^^^^^^^^^^
  File "/home/airflow/.local/lib/python3.11/site-packages/airflow/utils/operator_helpers.py", line 252, in run
    return self.func(*args, **kwargs)
           ^^^^^^^^^^^^^^^^^^^^^^^^^^
  File "/home/airflow/.local/lib/python3.11/site-packages/airflow/models/baseoperator.py", line 417, in wrapper
    return func(self, *args, **kwargs)
           ^^^^^^^^^^^^^^^^^^^^^^^^^^^
  File "/home/airflow/.local/lib/python3.11/site-packages/airflow/providers/apache/spark/operators/spark_submit.py", line 197, in execute
    self._hook.submit(self.application)
  File "/home/airflow/.local/lib/python3.11/site-packages/airflow/providers/apache/spark/hooks/spark_submit.py", line 566, in submit
    raise AirflowException(
airflow.exceptions.AirflowException: Cannot execute: spark-submit --master spark://spark-master:7077 --conf spark.executor.memory=2g --conf spark.sql.extensions=io.delta.sql.DeltaSparkSessionExtension --conf spark.sql.catalog.spark_catalog=org.apache.spark.sql.delta.catalog.DeltaCatalog --conf spark.hadoop.fs.s3a.endpoint=http://minio:9000 --conf spark.hadoop.fs.s3a.access.key=minioadmin --conf spark.hadoop.fs.s3a.secret.key=****** --conf spark.hadoop.fs.s3a.path.style.access=true --conf spark.hadoop.fs.s3a.impl=org.apache.hadoop.fs.s3a.S3AFileSystem --conf spark.hadoop.fs.s3a.aws.credentials.provider=org.apache.hadoop.fs.s3a.SimpleAWSCredentialsProvider --packages org.apache.hadoop:hadoop-aws:3.3.4,com.amazonaws:aws-java-sdk-bundle:1.12.262,io.delta:delta-spark_2.12:3.1.0 --name arrow-spark --queue root.default --deploy-mode client dags/silver_to_gold_sc_summary_etl.py --output_path s3a://mybucket/sc_stats_db.db/bronze. Error code is: 1.
[2025-06-07T14:33:34.152+0000] {taskinstance.py:1225} INFO - Marking task as FAILED. dag_id=stephen_curry_stats_medallion_etl, task_id=silver_to_gold, run_id=manual__2025-06-07T14:33:27.839147+00:00, execution_date=20250607T143327, start_date=20250607T143329, end_date=20250607T143334
[2025-06-07T14:33:34.168+0000] {taskinstance.py:340} INFO - ::group::Post task execution logs
[2025-06-07T14:33:34.169+0000] {standard_task_runner.py:124} ERROR - Failed to execute job 107 for task silver_to_gold (Cannot execute: spark-submit --master spark://spark-master:7077 --conf spark.executor.memory=2g --conf spark.sql.extensions=io.delta.sql.DeltaSparkSessionExtension --conf spark.sql.catalog.spark_catalog=org.apache.spark.sql.delta.catalog.DeltaCatalog --conf spark.hadoop.fs.s3a.endpoint=http://minio:9000 --conf spark.hadoop.fs.s3a.access.key=minioadmin --conf spark.hadoop.fs.s3a.secret.key=****** --conf spark.hadoop.fs.s3a.path.style.access=true --conf spark.hadoop.fs.s3a.impl=org.apache.hadoop.fs.s3a.S3AFileSystem --conf spark.hadoop.fs.s3a.aws.credentials.provider=org.apache.hadoop.fs.s3a.SimpleAWSCredentialsProvider --packages org.apache.hadoop:hadoop-aws:3.3.4,com.amazonaws:aws-java-sdk-bundle:1.12.262,io.delta:delta-spark_2.12:3.1.0 --name arrow-spark --queue root.default --deploy-mode client dags/silver_to_gold_sc_summary_etl.py --output_path s3a://mybucket/sc_stats_db.db/bronze. Error code is: 1.; 6544)
Traceback (most recent call last):
  File "/home/airflow/.local/lib/python3.11/site-packages/airflow/task/task_runner/standard_task_runner.py", line 117, in _start_by_fork
    ret = args.func(args, dag=self.dag)
          ^^^^^^^^^^^^^^^^^^^^^^^^^^^^^
  File "/home/airflow/.local/lib/python3.11/site-packages/airflow/cli/cli_config.py", line 49, in command
    return func(*args, **kwargs)
           ^^^^^^^^^^^^^^^^^^^^^
  File "/home/airflow/.local/lib/python3.11/site-packages/airflow/utils/cli.py", line 116, in wrapper
    return f(*args, **kwargs)
           ^^^^^^^^^^^^^^^^^^
  File "/home/airflow/.local/lib/python3.11/site-packages/airflow/cli/commands/task_command.py", line 483, in task_run
    task_return_code = _run_task_by_selected_method(args, _dag, ti)
                       ^^^^^^^^^^^^^^^^^^^^^^^^^^^^^^^^^^^^^^^^^^^^
  File "/home/airflow/.local/lib/python3.11/site-packages/airflow/cli/commands/task_command.py", line 256, in _run_task_by_selected_method
    return _run_raw_task(args, ti)
           ^^^^^^^^^^^^^^^^^^^^^^^
  File "/home/airflow/.local/lib/python3.11/site-packages/airflow/cli/commands/task_command.py", line 341, in _run_raw_task
    return ti._run_raw_task(
           ^^^^^^^^^^^^^^^^^
  File "/home/airflow/.local/lib/python3.11/site-packages/airflow/utils/session.py", line 97, in wrapper
    return func(*args, session=session, **kwargs)
           ^^^^^^^^^^^^^^^^^^^^^^^^^^^^^^^^^^^^^^
  File "/home/airflow/.local/lib/python3.11/site-packages/airflow/models/taskinstance.py", line 3005, in _run_raw_task
    return _run_raw_task(
           ^^^^^^^^^^^^^^
  File "/home/airflow/.local/lib/python3.11/site-packages/airflow/models/taskinstance.py", line 273, in _run_raw_task
    TaskInstance._execute_task_with_callbacks(
  File "/home/airflow/.local/lib/python3.11/site-packages/airflow/models/taskinstance.py", line 3159, in _execute_task_with_callbacks
    result = self._execute_task(context, task_orig)
             ^^^^^^^^^^^^^^^^^^^^^^^^^^^^^^^^^^^^^^
  File "/home/airflow/.local/lib/python3.11/site-packages/airflow/models/taskinstance.py", line 3183, in _execute_task
    return _execute_task(self, context, task_orig)
           ^^^^^^^^^^^^^^^^^^^^^^^^^^^^^^^^^^^^^^^
  File "/home/airflow/.local/lib/python3.11/site-packages/airflow/models/taskinstance.py", line 767, in _execute_task
    result = _execute_callable(context=context, **execute_callable_kwargs)
             ^^^^^^^^^^^^^^^^^^^^^^^^^^^^^^^^^^^^^^^^^^^^^^^^^^^^^^^^^^^^^
  File "/home/airflow/.local/lib/python3.11/site-packages/airflow/models/taskinstance.py", line 733, in _execute_callable
    return ExecutionCallableRunner(
           ^^^^^^^^^^^^^^^^^^^^^^^^
  File "/home/airflow/.local/lib/python3.11/site-packages/airflow/utils/operator_helpers.py", line 252, in run
    return self.func(*args, **kwargs)
           ^^^^^^^^^^^^^^^^^^^^^^^^^^
  File "/home/airflow/.local/lib/python3.11/site-packages/airflow/models/baseoperator.py", line 417, in wrapper
    return func(self, *args, **kwargs)
           ^^^^^^^^^^^^^^^^^^^^^^^^^^^
  File "/home/airflow/.local/lib/python3.11/site-packages/airflow/providers/apache/spark/operators/spark_submit.py", line 197, in execute
    self._hook.submit(self.application)
  File "/home/airflow/.local/lib/python3.11/site-packages/airflow/providers/apache/spark/hooks/spark_submit.py", line 566, in submit
    raise AirflowException(
airflow.exceptions.AirflowException: Cannot execute: spark-submit --master spark://spark-master:7077 --conf spark.executor.memory=2g --conf spark.sql.extensions=io.delta.sql.DeltaSparkSessionExtension --conf spark.sql.catalog.spark_catalog=org.apache.spark.sql.delta.catalog.DeltaCatalog --conf spark.hadoop.fs.s3a.endpoint=http://minio:9000 --conf spark.hadoop.fs.s3a.access.key=minioadmin --conf spark.hadoop.fs.s3a.secret.key=****** --conf spark.hadoop.fs.s3a.path.style.access=true --conf spark.hadoop.fs.s3a.impl=org.apache.hadoop.fs.s3a.S3AFileSystem --conf spark.hadoop.fs.s3a.aws.credentials.provider=org.apache.hadoop.fs.s3a.SimpleAWSCredentialsProvider --packages org.apache.hadoop:hadoop-aws:3.3.4,com.amazonaws:aws-java-sdk-bundle:1.12.262,io.delta:delta-spark_2.12:3.1.0 --name arrow-spark --queue root.default --deploy-mode client dags/silver_to_gold_sc_summary_etl.py --output_path s3a://mybucket/sc_stats_db.db/bronze. Error code is: 1.
[2025-06-07T14:33:34.195+0000] {local_task_job_runner.py:266} INFO - Task exited with return code 1
[2025-06-07T14:33:34.210+0000] {taskinstance.py:3895} INFO - 0 downstream tasks scheduled from follow-on schedule check
[2025-06-07T14:33:34.211+0000] {local_task_job_runner.py:245} INFO - ::endgroup::
