[2025-05-31T05:14:35.872+0000] {local_task_job_runner.py:123} INFO - ::group::Pre task execution logs
[2025-05-31T05:14:35.883+0000] {taskinstance.py:2613} INFO - Dependencies all met for dep_context=non-requeueable deps ti=<TaskInstance: medallion_sales_etl.submit_medallion_sales_etl_job manual__2025-05-31T05:14:35.283314+00:00 [queued]>
[2025-05-31T05:14:35.887+0000] {taskinstance.py:2613} INFO - Dependencies all met for dep_context=requeueable deps ti=<TaskInstance: medallion_sales_etl.submit_medallion_sales_etl_job manual__2025-05-31T05:14:35.283314+00:00 [queued]>
[2025-05-31T05:14:35.887+0000] {taskinstance.py:2866} INFO - Starting attempt 1 of 2
[2025-05-31T05:14:35.893+0000] {taskinstance.py:2889} INFO - Executing <Task(SparkSubmitOperator): submit_medallion_sales_etl_job> on 2025-05-31 05:14:35.283314+00:00
[2025-05-31T05:14:35.895+0000] {standard_task_runner.py:72} INFO - Started process 1726 to run task
[2025-05-31T05:14:35.898+0000] {standard_task_runner.py:104} INFO - Running: ['***', 'tasks', 'run', 'medallion_sales_etl', 'submit_medallion_sales_etl_job', 'manual__2025-05-31T05:14:35.283314+00:00', '--job-id', '12', '--raw', '--subdir', 'DAGS_FOLDER/medallion_sales_etl_dag.py', '--cfg-path', '/tmp/tmppapk2yzc']
[2025-05-31T05:14:35.899+0000] {standard_task_runner.py:105} INFO - Job 12: Subtask submit_medallion_sales_etl_job
[2025-05-31T05:14:35.928+0000] {task_command.py:467} INFO - Running <TaskInstance: medallion_sales_etl.submit_medallion_sales_etl_job manual__2025-05-31T05:14:35.283314+00:00 [running]> on host 640bdd282f6c
[2025-05-31T05:14:35.972+0000] {taskinstance.py:3132} INFO - Exporting env vars: AIRFLOW_CTX_DAG_OWNER='***' AIRFLOW_CTX_DAG_ID='medallion_sales_etl' AIRFLOW_CTX_TASK_ID='submit_medallion_sales_etl_job' AIRFLOW_CTX_EXECUTION_DATE='2025-05-31T05:14:35.283314+00:00' AIRFLOW_CTX_TRY_NUMBER='1' AIRFLOW_CTX_DAG_RUN_ID='manual__2025-05-31T05:14:35.283314+00:00'
[2025-05-31T05:14:35.973+0000] {taskinstance.py:731} INFO - ::endgroup::
[2025-05-31T05:14:35.990+0000] {base.py:84} INFO - Retrieving connection 'spark_default'
[2025-05-31T05:14:35.990+0000] {spark_submit.py:474} INFO - Spark-Submit cmd: spark-submit --master spark://spark-master:7077 --name medallion_sales_etl_spark_job --verbose --queue root.default --deploy-mode client /opt/spark-app/medallion_etl.py
[2025-05-31T05:14:36.543+0000] {spark_submit.py:644} INFO - Using properties file: null
[2025-05-31T05:14:36.595+0000] {spark_submit.py:644} INFO - Parsed arguments:
[2025-05-31T05:14:36.595+0000] {spark_submit.py:644} INFO - master                  spark://spark-master:7077
[2025-05-31T05:14:36.596+0000] {spark_submit.py:644} INFO - remote                  null
[2025-05-31T05:14:36.596+0000] {spark_submit.py:644} INFO - deployMode              client
[2025-05-31T05:14:36.596+0000] {spark_submit.py:644} INFO - executorMemory          null
[2025-05-31T05:14:36.596+0000] {spark_submit.py:644} INFO - executorCores           null
[2025-05-31T05:14:36.596+0000] {spark_submit.py:644} INFO - totalExecutorCores      null
[2025-05-31T05:14:36.596+0000] {spark_submit.py:644} INFO - propertiesFile          null
[2025-05-31T05:14:36.596+0000] {spark_submit.py:644} INFO - driverMemory            null
[2025-05-31T05:14:36.597+0000] {spark_submit.py:644} INFO - driverCores             null
[2025-05-31T05:14:36.597+0000] {spark_submit.py:644} INFO - driverExtraClassPath    null
[2025-05-31T05:14:36.597+0000] {spark_submit.py:644} INFO - driverExtraLibraryPath  null
[2025-05-31T05:14:36.597+0000] {spark_submit.py:644} INFO - driverExtraJavaOptions  null
[2025-05-31T05:14:36.597+0000] {spark_submit.py:644} INFO - supervise               false
[2025-05-31T05:14:36.597+0000] {spark_submit.py:644} INFO - queue                   root.default
[2025-05-31T05:14:36.598+0000] {spark_submit.py:644} INFO - numExecutors            null
[2025-05-31T05:14:36.598+0000] {spark_submit.py:644} INFO - files                   null
[2025-05-31T05:14:36.598+0000] {spark_submit.py:644} INFO - pyFiles                 null
[2025-05-31T05:14:36.598+0000] {spark_submit.py:644} INFO - archives                null
[2025-05-31T05:14:36.598+0000] {spark_submit.py:644} INFO - mainClass               null
[2025-05-31T05:14:36.598+0000] {spark_submit.py:644} INFO - primaryResource         file:/opt/spark-app/medallion_etl.py
[2025-05-31T05:14:36.598+0000] {spark_submit.py:644} INFO - name                    medallion_sales_etl_spark_job
[2025-05-31T05:14:36.598+0000] {spark_submit.py:644} INFO - childArgs               []
[2025-05-31T05:14:36.598+0000] {spark_submit.py:644} INFO - jars                    null
[2025-05-31T05:14:36.599+0000] {spark_submit.py:644} INFO - packages                null
[2025-05-31T05:14:36.599+0000] {spark_submit.py:644} INFO - packagesExclusions      null
[2025-05-31T05:14:36.599+0000] {spark_submit.py:644} INFO - repositories            null
[2025-05-31T05:14:36.599+0000] {spark_submit.py:644} INFO - verbose                 true
[2025-05-31T05:14:36.599+0000] {spark_submit.py:644} INFO - 
[2025-05-31T05:14:36.599+0000] {spark_submit.py:644} INFO - Spark properties used, including those specified through
[2025-05-31T05:14:36.600+0000] {spark_submit.py:644} INFO - --conf and those from the properties file null:
[2025-05-31T05:14:36.600+0000] {spark_submit.py:644} INFO - 
[2025-05-31T05:14:36.600+0000] {spark_submit.py:644} INFO - 
[2025-05-31T05:14:36.600+0000] {spark_submit.py:644} INFO - 
[2025-05-31T05:14:36.710+0000] {spark_submit.py:644} INFO - Main class:
[2025-05-31T05:14:36.711+0000] {spark_submit.py:644} INFO - org.apache.spark.deploy.PythonRunner
[2025-05-31T05:14:36.711+0000] {spark_submit.py:644} INFO - Arguments:
[2025-05-31T05:14:36.711+0000] {spark_submit.py:644} INFO - file:/opt/spark-app/medallion_etl.py
[2025-05-31T05:14:36.711+0000] {spark_submit.py:644} INFO - null
[2025-05-31T05:14:36.712+0000] {spark_submit.py:644} INFO - Spark config:
[2025-05-31T05:14:36.712+0000] {spark_submit.py:644} INFO - (spark.app.name,medallion_sales_etl_spark_job)
[2025-05-31T05:14:36.712+0000] {spark_submit.py:644} INFO - (spark.app.submitTime,1748668476702)
[2025-05-31T05:14:36.713+0000] {spark_submit.py:644} INFO - (spark.master,spark://spark-master:7077)
[2025-05-31T05:14:36.713+0000] {spark_submit.py:644} INFO - (spark.submit.deployMode,client)
[2025-05-31T05:14:36.713+0000] {spark_submit.py:644} INFO - (spark.submit.pyFiles,)
[2025-05-31T05:14:36.713+0000] {spark_submit.py:644} INFO - Classpath elements:
[2025-05-31T05:14:36.713+0000] {spark_submit.py:644} INFO - 
[2025-05-31T05:14:36.713+0000] {spark_submit.py:644} INFO - 
[2025-05-31T05:14:36.714+0000] {spark_submit.py:644} INFO - 
[2025-05-31T05:14:36.772+0000] {spark_submit.py:644} INFO - python3: can't open file '/opt/spark-app/medallion_etl.py': [Errno 2] No such file or directory
[2025-05-31T05:14:36.779+0000] {spark_submit.py:644} INFO - 25/05/31 05:14:36 INFO ShutdownHookManager: Shutdown hook called
[2025-05-31T05:14:36.780+0000] {spark_submit.py:644} INFO - 25/05/31 05:14:36 INFO ShutdownHookManager: Deleting directory /tmp/spark-d33d078f-45e7-4695-98ec-618e9b06b1b9
[2025-05-31T05:14:36.820+0000] {taskinstance.py:3311} ERROR - Task failed with exception
Traceback (most recent call last):
  File "/home/airflow/.local/lib/python3.11/site-packages/airflow/models/taskinstance.py", line 767, in _execute_task
    result = _execute_callable(context=context, **execute_callable_kwargs)
             ^^^^^^^^^^^^^^^^^^^^^^^^^^^^^^^^^^^^^^^^^^^^^^^^^^^^^^^^^^^^^
  File "/home/airflow/.local/lib/python3.11/site-packages/airflow/models/taskinstance.py", line 733, in _execute_callable
    return ExecutionCallableRunner(
           ^^^^^^^^^^^^^^^^^^^^^^^^
  File "/home/airflow/.local/lib/python3.11/site-packages/airflow/utils/operator_helpers.py", line 252, in run
    return self.func(*args, **kwargs)
           ^^^^^^^^^^^^^^^^^^^^^^^^^^
  File "/home/airflow/.local/lib/python3.11/site-packages/airflow/models/baseoperator.py", line 417, in wrapper
    return func(self, *args, **kwargs)
           ^^^^^^^^^^^^^^^^^^^^^^^^^^^
  File "/home/airflow/.local/lib/python3.11/site-packages/airflow/providers/apache/spark/operators/spark_submit.py", line 197, in execute
    self._hook.submit(self.application)
  File "/home/airflow/.local/lib/python3.11/site-packages/airflow/providers/apache/spark/hooks/spark_submit.py", line 566, in submit
    raise AirflowException(
airflow.exceptions.AirflowException: Cannot execute: spark-submit --master spark://spark-master:7077 --name medallion_sales_etl_spark_job --verbose --queue root.default --deploy-mode client /opt/spark-app/medallion_etl.py. Error code is: 2.
[2025-05-31T05:14:36.823+0000] {taskinstance.py:1225} INFO - Marking task as UP_FOR_RETRY. dag_id=medallion_sales_etl, task_id=submit_medallion_sales_etl_job, run_id=manual__2025-05-31T05:14:35.283314+00:00, execution_date=20250531T051435, start_date=20250531T051435, end_date=20250531T051436
[2025-05-31T05:14:36.831+0000] {taskinstance.py:340} INFO - ::group::Post task execution logs
[2025-05-31T05:14:36.831+0000] {standard_task_runner.py:124} ERROR - Failed to execute job 12 for task submit_medallion_sales_etl_job (Cannot execute: spark-submit --master spark://spark-master:7077 --name medallion_sales_etl_spark_job --verbose --queue root.default --deploy-mode client /opt/spark-app/medallion_etl.py. Error code is: 2.; 1726)
Traceback (most recent call last):
  File "/home/airflow/.local/lib/python3.11/site-packages/airflow/task/task_runner/standard_task_runner.py", line 117, in _start_by_fork
    ret = args.func(args, dag=self.dag)
          ^^^^^^^^^^^^^^^^^^^^^^^^^^^^^
  File "/home/airflow/.local/lib/python3.11/site-packages/airflow/cli/cli_config.py", line 49, in command
    return func(*args, **kwargs)
           ^^^^^^^^^^^^^^^^^^^^^
  File "/home/airflow/.local/lib/python3.11/site-packages/airflow/utils/cli.py", line 116, in wrapper
    return f(*args, **kwargs)
           ^^^^^^^^^^^^^^^^^^
  File "/home/airflow/.local/lib/python3.11/site-packages/airflow/cli/commands/task_command.py", line 483, in task_run
    task_return_code = _run_task_by_selected_method(args, _dag, ti)
                       ^^^^^^^^^^^^^^^^^^^^^^^^^^^^^^^^^^^^^^^^^^^^
  File "/home/airflow/.local/lib/python3.11/site-packages/airflow/cli/commands/task_command.py", line 256, in _run_task_by_selected_method
    return _run_raw_task(args, ti)
           ^^^^^^^^^^^^^^^^^^^^^^^
  File "/home/airflow/.local/lib/python3.11/site-packages/airflow/cli/commands/task_command.py", line 341, in _run_raw_task
    return ti._run_raw_task(
           ^^^^^^^^^^^^^^^^^
  File "/home/airflow/.local/lib/python3.11/site-packages/airflow/utils/session.py", line 97, in wrapper
    return func(*args, session=session, **kwargs)
           ^^^^^^^^^^^^^^^^^^^^^^^^^^^^^^^^^^^^^^
  File "/home/airflow/.local/lib/python3.11/site-packages/airflow/models/taskinstance.py", line 3005, in _run_raw_task
    return _run_raw_task(
           ^^^^^^^^^^^^^^
  File "/home/airflow/.local/lib/python3.11/site-packages/airflow/models/taskinstance.py", line 273, in _run_raw_task
    TaskInstance._execute_task_with_callbacks(
  File "/home/airflow/.local/lib/python3.11/site-packages/airflow/models/taskinstance.py", line 3159, in _execute_task_with_callbacks
    result = self._execute_task(context, task_orig)
             ^^^^^^^^^^^^^^^^^^^^^^^^^^^^^^^^^^^^^^
  File "/home/airflow/.local/lib/python3.11/site-packages/airflow/models/taskinstance.py", line 3183, in _execute_task
    return _execute_task(self, context, task_orig)
           ^^^^^^^^^^^^^^^^^^^^^^^^^^^^^^^^^^^^^^^
  File "/home/airflow/.local/lib/python3.11/site-packages/airflow/models/taskinstance.py", line 767, in _execute_task
    result = _execute_callable(context=context, **execute_callable_kwargs)
             ^^^^^^^^^^^^^^^^^^^^^^^^^^^^^^^^^^^^^^^^^^^^^^^^^^^^^^^^^^^^^
  File "/home/airflow/.local/lib/python3.11/site-packages/airflow/models/taskinstance.py", line 733, in _execute_callable
    return ExecutionCallableRunner(
           ^^^^^^^^^^^^^^^^^^^^^^^^
  File "/home/airflow/.local/lib/python3.11/site-packages/airflow/utils/operator_helpers.py", line 252, in run
    return self.func(*args, **kwargs)
           ^^^^^^^^^^^^^^^^^^^^^^^^^^
  File "/home/airflow/.local/lib/python3.11/site-packages/airflow/models/baseoperator.py", line 417, in wrapper
    return func(self, *args, **kwargs)
           ^^^^^^^^^^^^^^^^^^^^^^^^^^^
  File "/home/airflow/.local/lib/python3.11/site-packages/airflow/providers/apache/spark/operators/spark_submit.py", line 197, in execute
    self._hook.submit(self.application)
  File "/home/airflow/.local/lib/python3.11/site-packages/airflow/providers/apache/spark/hooks/spark_submit.py", line 566, in submit
    raise AirflowException(
airflow.exceptions.AirflowException: Cannot execute: spark-submit --master spark://spark-master:7077 --name medallion_sales_etl_spark_job --verbose --queue root.default --deploy-mode client /opt/spark-app/medallion_etl.py. Error code is: 2.
[2025-05-31T05:14:36.847+0000] {local_task_job_runner.py:266} INFO - Task exited with return code 1
[2025-05-31T05:14:36.859+0000] {taskinstance.py:3895} INFO - 0 downstream tasks scheduled from follow-on schedule check
[2025-05-31T05:14:36.859+0000] {local_task_job_runner.py:245} INFO - ::endgroup::
