[2025-06-01T09:00:48.727+0000] {local_task_job_runner.py:123} INFO - ::group::Pre task execution logs
[2025-06-01T09:00:48.736+0000] {taskinstance.py:2613} INFO - Dependencies all met for dep_context=non-requeueable deps ti=<TaskInstance: curry_medallion_etl.submit_bronze_etl_job manual__2025-06-01T09:00:47.351463+00:00 [queued]>
[2025-06-01T09:00:48.740+0000] {taskinstance.py:2613} INFO - Dependencies all met for dep_context=requeueable deps ti=<TaskInstance: curry_medallion_etl.submit_bronze_etl_job manual__2025-06-01T09:00:47.351463+00:00 [queued]>
[2025-06-01T09:00:48.740+0000] {taskinstance.py:2866} INFO - Starting attempt 1 of 1
[2025-06-01T09:00:48.745+0000] {taskinstance.py:2889} INFO - Executing <Task(SparkSubmitOperator): submit_bronze_etl_job> on 2025-06-01 09:00:47.351463+00:00
[2025-06-01T09:00:48.748+0000] {standard_task_runner.py:72} INFO - Started process 895 to run task
[2025-06-01T09:00:48.750+0000] {standard_task_runner.py:104} INFO - Running: ['***', 'tasks', 'run', 'curry_medallion_etl', 'submit_bronze_etl_job', 'manual__2025-06-01T09:00:47.351463+00:00', '--job-id', '9', '--raw', '--subdir', 'DAGS_FOLDER/medallion_sales_etl_dag.py', '--cfg-path', '/tmp/tmpyp4hq1vl']
[2025-06-01T09:00:48.752+0000] {standard_task_runner.py:105} INFO - Job 9: Subtask submit_bronze_etl_job
[2025-06-01T09:00:48.779+0000] {task_command.py:467} INFO - Running <TaskInstance: curry_medallion_etl.submit_bronze_etl_job manual__2025-06-01T09:00:47.351463+00:00 [running]> on host a4c41458c676
[2025-06-01T09:00:48.823+0000] {taskinstance.py:3132} INFO - Exporting env vars: AIRFLOW_CTX_DAG_OWNER='qdinh18' AIRFLOW_CTX_DAG_ID='curry_medallion_etl' AIRFLOW_CTX_TASK_ID='submit_bronze_etl_job' AIRFLOW_CTX_EXECUTION_DATE='2025-06-01T09:00:47.351463+00:00' AIRFLOW_CTX_TRY_NUMBER='1' AIRFLOW_CTX_DAG_RUN_ID='manual__2025-06-01T09:00:47.351463+00:00'
[2025-06-01T09:00:48.824+0000] {taskinstance.py:731} INFO - ::endgroup::
[2025-06-01T09:00:48.839+0000] {base.py:84} INFO - Retrieving connection 'spark_default'
[2025-06-01T09:00:48.840+0000] {spark_submit.py:474} INFO - Spark-Submit cmd: spark-submit --master spark://spark-master:7077 --conf spark.executor.memory=2g --conf spark.sql.extensions=io.delta.sql.DeltaSparkSessionExtension --conf spark.sql.catalog.spark_catalog=org.apache.spark.sql.delta.catalog.DeltaCatalog --conf spark.hadoop.fs.s3a.endpoint=http://minio:9000 --conf spark.hadoop.fs.s3a.access.key=minioadmin --conf spark.hadoop.fs.s3a.secret.key=****** --conf spark.hadoop.fs.s3a.path.style.access=true --conf spark.hadoop.fs.s3a.impl=org.apache.hadoop.fs.s3a.S3AFileSystem --packages org.apache.hadoop:hadoop-aws:3.3.4,com.amazonaws:aws-java-sdk-bundle:1.12.262,io.delta:delta-spark_2.12:3.1.0 --name bronze_sc_stats_etl --verbose --queue root.default --deploy-mode client /opt/***/dags/bronze_ingestion_sc_stats_etl.py --output_path s3a://mybucket/bronze/curry_raw_data/
[2025-06-01T09:00:49.462+0000] {spark_submit.py:644} INFO - Using properties file: null
[2025-06-01T09:00:49.516+0000] {spark_submit.py:644} INFO - Parsed arguments:
[2025-06-01T09:00:49.517+0000] {spark_submit.py:644} INFO - master                  spark://spark-master:7077
[2025-06-01T09:00:49.517+0000] {spark_submit.py:644} INFO - remote                  null
[2025-06-01T09:00:49.517+0000] {spark_submit.py:644} INFO - deployMode              client
[2025-06-01T09:00:49.517+0000] {spark_submit.py:644} INFO - executorMemory          2g
[2025-06-01T09:00:49.517+0000] {spark_submit.py:644} INFO - executorCores           null
[2025-06-01T09:00:49.517+0000] {spark_submit.py:644} INFO - totalExecutorCores      null
[2025-06-01T09:00:49.518+0000] {spark_submit.py:644} INFO - propertiesFile          null
[2025-06-01T09:00:49.518+0000] {spark_submit.py:644} INFO - driverMemory            null
[2025-06-01T09:00:49.518+0000] {spark_submit.py:644} INFO - driverCores             null
[2025-06-01T09:00:49.518+0000] {spark_submit.py:644} INFO - driverExtraClassPath    null
[2025-06-01T09:00:49.518+0000] {spark_submit.py:644} INFO - driverExtraLibraryPath  null
[2025-06-01T09:00:49.518+0000] {spark_submit.py:644} INFO - driverExtraJavaOptions  null
[2025-06-01T09:00:49.518+0000] {spark_submit.py:644} INFO - supervise               false
[2025-06-01T09:00:49.519+0000] {spark_submit.py:644} INFO - queue                   root.default
[2025-06-01T09:00:49.519+0000] {spark_submit.py:644} INFO - numExecutors            null
[2025-06-01T09:00:49.519+0000] {spark_submit.py:644} INFO - files                   null
[2025-06-01T09:00:49.519+0000] {spark_submit.py:644} INFO - pyFiles                 null
[2025-06-01T09:00:49.519+0000] {spark_submit.py:644} INFO - archives                null
[2025-06-01T09:00:49.519+0000] {spark_submit.py:644} INFO - mainClass               null
[2025-06-01T09:00:49.519+0000] {spark_submit.py:644} INFO - primaryResource         file:/opt/***/dags/bronze_ingestion_sc_stats_etl.py
[2025-06-01T09:00:49.520+0000] {spark_submit.py:644} INFO - name                    bronze_sc_stats_etl
[2025-06-01T09:00:49.520+0000] {spark_submit.py:644} INFO - childArgs               [--output_path s3a://mybucket/bronze/curry_raw_data/]
[2025-06-01T09:00:49.520+0000] {spark_submit.py:644} INFO - jars                    null
[2025-06-01T09:00:49.520+0000] {spark_submit.py:644} INFO - packages                org.apache.hadoop:hadoop-aws:3.3.4,com.amazonaws:aws-java-sdk-bundle:1.12.262,io.delta:delta-spark_2.12:3.1.0
[2025-06-01T09:00:49.520+0000] {spark_submit.py:644} INFO - packagesExclusions      null
[2025-06-01T09:00:49.520+0000] {spark_submit.py:644} INFO - repositories            null
[2025-06-01T09:00:49.520+0000] {spark_submit.py:644} INFO - verbose                 true
[2025-06-01T09:00:49.520+0000] {spark_submit.py:644} INFO - 
[2025-06-01T09:00:49.520+0000] {spark_submit.py:644} INFO - Spark properties used, including those specified through
[2025-06-01T09:00:49.521+0000] {spark_submit.py:644} INFO - --conf and those from the properties file null:
[2025-06-01T09:00:49.521+0000] {spark_submit.py:644} INFO - (spark.executor.memory,2g)
[2025-06-01T09:00:49.521+0000] {spark_submit.py:644} INFO - (spark.hadoop.fs.s3a.access.key,*********(redacted))
[2025-06-01T09:00:49.521+0000] {spark_submit.py:644} INFO - (spark.hadoop.fs.s3a.endpoint,http://minio:9000)
[2025-06-01T09:00:49.521+0000] {spark_submit.py:644} INFO - (spark.hadoop.fs.s3a.impl,org.apache.hadoop.fs.s3a.S3AFileSystem)
[2025-06-01T09:00:49.521+0000] {spark_submit.py:644} INFO - (spark.hadoop.fs.s3a.path.style.access,true)
[2025-06-01T09:00:49.521+0000] {spark_submit.py:644} INFO - (spark.hadoop.fs.s3a.secret.key,*********(redacted))
[2025-06-01T09:00:49.521+0000] {spark_submit.py:644} INFO - (spark.sql.catalog.spark_catalog,org.apache.spark.sql.delta.catalog.DeltaCatalog)
[2025-06-01T09:00:49.522+0000] {spark_submit.py:644} INFO - (spark.sql.extensions,io.delta.sql.DeltaSparkSessionExtension)
[2025-06-01T09:00:49.522+0000] {spark_submit.py:644} INFO - 
[2025-06-01T09:00:49.522+0000] {spark_submit.py:644} INFO - 
[2025-06-01T09:00:49.584+0000] {spark_submit.py:644} INFO - :: loading settings :: url = jar:file:/home/***/.local/lib/python3.11/site-packages/pyspark/jars/ivy-2.5.1.jar!/org/apache/ivy/core/settings/ivysettings.xml
[2025-06-01T09:00:49.619+0000] {spark_submit.py:644} INFO - Ivy Default Cache set to: /home/***/.ivy2/cache
[2025-06-01T09:00:49.619+0000] {spark_submit.py:644} INFO - The jars for the packages stored in: /home/***/.ivy2/jars
[2025-06-01T09:00:49.622+0000] {spark_submit.py:644} INFO - org.apache.hadoop#hadoop-aws added as a dependency
[2025-06-01T09:00:49.622+0000] {spark_submit.py:644} INFO - com.amazonaws#aws-java-sdk-bundle added as a dependency
[2025-06-01T09:00:49.622+0000] {spark_submit.py:644} INFO - io.delta#delta-spark_2.12 added as a dependency
[2025-06-01T09:00:49.623+0000] {spark_submit.py:644} INFO - :: resolving dependencies :: org.apache.spark#spark-submit-parent-6f36d72d-1c90-411e-a56b-d46256cf62d4;1.0
[2025-06-01T09:00:49.623+0000] {spark_submit.py:644} INFO - confs: [default]
[2025-06-01T09:00:49.706+0000] {spark_submit.py:644} INFO - found org.apache.hadoop#hadoop-aws;3.3.4 in central
[2025-06-01T09:00:49.719+0000] {spark_submit.py:644} INFO - found com.amazonaws#aws-java-sdk-bundle;1.12.262 in central
[2025-06-01T09:00:49.732+0000] {spark_submit.py:644} INFO - found org.wildfly.openssl#wildfly-openssl;1.0.7.Final in central
[2025-06-01T09:00:49.741+0000] {spark_submit.py:644} INFO - found io.delta#delta-spark_2.12;3.1.0 in central
[2025-06-01T09:00:49.753+0000] {spark_submit.py:644} INFO - found io.delta#delta-storage;3.1.0 in central
[2025-06-01T09:00:49.761+0000] {spark_submit.py:644} INFO - found org.antlr#antlr4-runtime;4.9.3 in central
[2025-06-01T09:00:49.786+0000] {spark_submit.py:644} INFO - :: resolution report :: resolve 146ms :: artifacts dl 18ms
[2025-06-01T09:00:49.787+0000] {spark_submit.py:644} INFO - :: modules in use:
[2025-06-01T09:00:49.787+0000] {spark_submit.py:644} INFO - com.amazonaws#aws-java-sdk-bundle;1.12.262 from central in [default]
[2025-06-01T09:00:49.787+0000] {spark_submit.py:644} INFO - io.delta#delta-spark_2.12;3.1.0 from central in [default]
[2025-06-01T09:00:49.787+0000] {spark_submit.py:644} INFO - io.delta#delta-storage;3.1.0 from central in [default]
[2025-06-01T09:00:49.788+0000] {spark_submit.py:644} INFO - org.antlr#antlr4-runtime;4.9.3 from central in [default]
[2025-06-01T09:00:49.788+0000] {spark_submit.py:644} INFO - org.apache.hadoop#hadoop-aws;3.3.4 from central in [default]
[2025-06-01T09:00:49.788+0000] {spark_submit.py:644} INFO - org.wildfly.openssl#wildfly-openssl;1.0.7.Final from central in [default]
[2025-06-01T09:00:49.788+0000] {spark_submit.py:644} INFO - ---------------------------------------------------------------------
[2025-06-01T09:00:49.788+0000] {spark_submit.py:644} INFO - |                  |            modules            ||   artifacts   |
[2025-06-01T09:00:49.788+0000] {spark_submit.py:644} INFO - |       conf       | number| search|dwnlded|evicted|| number|dwnlded|
[2025-06-01T09:00:49.789+0000] {spark_submit.py:644} INFO - ---------------------------------------------------------------------
[2025-06-01T09:00:49.789+0000] {spark_submit.py:644} INFO - |      default     |   6   |   0   |   0   |   0   ||   6   |   0   |
[2025-06-01T09:00:49.789+0000] {spark_submit.py:644} INFO - ---------------------------------------------------------------------
[2025-06-01T09:00:49.790+0000] {spark_submit.py:644} INFO - :: retrieving :: org.apache.spark#spark-submit-parent-6f36d72d-1c90-411e-a56b-d46256cf62d4
[2025-06-01T09:00:49.790+0000] {spark_submit.py:644} INFO - confs: [default]
[2025-06-01T09:00:49.795+0000] {spark_submit.py:644} INFO - 0 artifacts copied, 6 already retrieved (0kB/5ms)
[2025-06-01T09:00:49.939+0000] {spark_submit.py:644} INFO - 25/06/01 09:00:49 WARN NativeCodeLoader: Unable to load native-hadoop library for your platform... using builtin-java classes where applicable
[2025-06-01T09:00:50.058+0000] {spark_submit.py:644} INFO - Main class:
[2025-06-01T09:00:50.058+0000] {spark_submit.py:644} INFO - org.apache.spark.deploy.PythonRunner
[2025-06-01T09:00:50.059+0000] {spark_submit.py:644} INFO - Arguments:
[2025-06-01T09:00:50.059+0000] {spark_submit.py:644} INFO - file:/opt/***/dags/bronze_ingestion_sc_stats_etl.py
[2025-06-01T09:00:50.059+0000] {spark_submit.py:644} INFO - file:///home/***/.ivy2/jars/org.apache.hadoop_hadoop-aws-3.3.4.jar,file:///home/***/.ivy2/jars/com.amazonaws_aws-java-sdk-bundle-1.12.262.jar,file:///home/***/.ivy2/jars/io.delta_delta-spark_2.12-3.1.0.jar,file:///home/***/.ivy2/jars/org.wildfly.openssl_wildfly-openssl-1.0.7.Final.jar,file:///home/***/.ivy2/jars/io.delta_delta-storage-3.1.0.jar,file:///home/***/.ivy2/jars/org.antlr_antlr4-runtime-4.9.3.jar
[2025-06-01T09:00:50.059+0000] {spark_submit.py:644} INFO - --output_path
[2025-06-01T09:00:50.059+0000] {spark_submit.py:644} INFO - s3a://mybucket/bronze/curry_raw_data/
[2025-06-01T09:00:50.060+0000] {spark_submit.py:644} INFO - Spark config:
[2025-06-01T09:00:50.060+0000] {spark_submit.py:644} INFO - (spark.app.name,bronze_sc_stats_etl)
[2025-06-01T09:00:50.060+0000] {spark_submit.py:644} INFO - (spark.app.submitTime,1748768450049)
[2025-06-01T09:00:50.060+0000] {spark_submit.py:644} INFO - (spark.executor.memory,2g)
[2025-06-01T09:00:50.061+0000] {spark_submit.py:644} INFO - (spark.files,file:///home/***/.ivy2/jars/org.apache.hadoop_hadoop-aws-3.3.4.jar,file:///home/***/.ivy2/jars/com.amazonaws_aws-java-sdk-bundle-1.12.262.jar,file:///home/***/.ivy2/jars/io.delta_delta-spark_2.12-3.1.0.jar,file:///home/***/.ivy2/jars/org.wildfly.openssl_wildfly-openssl-1.0.7.Final.jar,file:///home/***/.ivy2/jars/io.delta_delta-storage-3.1.0.jar,file:///home/***/.ivy2/jars/org.antlr_antlr4-runtime-4.9.3.jar)
[2025-06-01T09:00:50.061+0000] {spark_submit.py:644} INFO - (spark.hadoop.fs.s3a.access.key,*********(redacted))
[2025-06-01T09:00:50.061+0000] {spark_submit.py:644} INFO - (spark.hadoop.fs.s3a.endpoint,http://minio:9000)
[2025-06-01T09:00:50.061+0000] {spark_submit.py:644} INFO - (spark.hadoop.fs.s3a.impl,org.apache.hadoop.fs.s3a.S3AFileSystem)
[2025-06-01T09:00:50.061+0000] {spark_submit.py:644} INFO - (spark.hadoop.fs.s3a.path.style.access,true)
[2025-06-01T09:00:50.062+0000] {spark_submit.py:644} INFO - (spark.hadoop.fs.s3a.secret.key,*********(redacted))
[2025-06-01T09:00:50.062+0000] {spark_submit.py:644} INFO - (spark.jars,file:///home/***/.ivy2/jars/org.apache.hadoop_hadoop-aws-3.3.4.jar,file:///home/***/.ivy2/jars/com.amazonaws_aws-java-sdk-bundle-1.12.262.jar,file:///home/***/.ivy2/jars/io.delta_delta-spark_2.12-3.1.0.jar,file:///home/***/.ivy2/jars/org.wildfly.openssl_wildfly-openssl-1.0.7.Final.jar,file:///home/***/.ivy2/jars/io.delta_delta-storage-3.1.0.jar,file:///home/***/.ivy2/jars/org.antlr_antlr4-runtime-4.9.3.jar)
[2025-06-01T09:00:50.062+0000] {spark_submit.py:644} INFO - (spark.master,spark://spark-master:7077)
[2025-06-01T09:00:50.062+0000] {spark_submit.py:644} INFO - (spark.repl.local.jars,file:///home/***/.ivy2/jars/org.apache.hadoop_hadoop-aws-3.3.4.jar,file:///home/***/.ivy2/jars/com.amazonaws_aws-java-sdk-bundle-1.12.262.jar,file:///home/***/.ivy2/jars/io.delta_delta-spark_2.12-3.1.0.jar,file:///home/***/.ivy2/jars/org.wildfly.openssl_wildfly-openssl-1.0.7.Final.jar,file:///home/***/.ivy2/jars/io.delta_delta-storage-3.1.0.jar,file:///home/***/.ivy2/jars/org.antlr_antlr4-runtime-4.9.3.jar)
[2025-06-01T09:00:50.062+0000] {spark_submit.py:644} INFO - (spark.sql.catalog.spark_catalog,org.apache.spark.sql.delta.catalog.DeltaCatalog)
[2025-06-01T09:00:50.062+0000] {spark_submit.py:644} INFO - (spark.sql.extensions,io.delta.sql.DeltaSparkSessionExtension)
[2025-06-01T09:00:50.063+0000] {spark_submit.py:644} INFO - (spark.submit.deployMode,client)
[2025-06-01T09:00:50.063+0000] {spark_submit.py:644} INFO - (spark.submit.pyFiles,/home/***/.ivy2/jars/org.apache.hadoop_hadoop-aws-3.3.4.jar,/home/***/.ivy2/jars/com.amazonaws_aws-java-sdk-bundle-1.12.262.jar,/home/***/.ivy2/jars/io.delta_delta-spark_2.12-3.1.0.jar,/home/***/.ivy2/jars/org.wildfly.openssl_wildfly-openssl-1.0.7.Final.jar,/home/***/.ivy2/jars/io.delta_delta-storage-3.1.0.jar,/home/***/.ivy2/jars/org.antlr_antlr4-runtime-4.9.3.jar)
[2025-06-01T09:00:50.063+0000] {spark_submit.py:644} INFO - Classpath elements:
[2025-06-01T09:00:50.063+0000] {spark_submit.py:644} INFO - file:///home/***/.ivy2/jars/org.apache.hadoop_hadoop-aws-3.3.4.jar
[2025-06-01T09:00:50.063+0000] {spark_submit.py:644} INFO - file:///home/***/.ivy2/jars/com.amazonaws_aws-java-sdk-bundle-1.12.262.jar
[2025-06-01T09:00:50.063+0000] {spark_submit.py:644} INFO - file:///home/***/.ivy2/jars/io.delta_delta-spark_2.12-3.1.0.jar
[2025-06-01T09:00:50.063+0000] {spark_submit.py:644} INFO - file:///home/***/.ivy2/jars/org.wildfly.openssl_wildfly-openssl-1.0.7.Final.jar
[2025-06-01T09:00:50.063+0000] {spark_submit.py:644} INFO - file:///home/***/.ivy2/jars/io.delta_delta-storage-3.1.0.jar
[2025-06-01T09:00:50.063+0000] {spark_submit.py:644} INFO - file:///home/***/.ivy2/jars/org.antlr_antlr4-runtime-4.9.3.jar
[2025-06-01T09:00:50.064+0000] {spark_submit.py:644} INFO - 
[2025-06-01T09:00:50.064+0000] {spark_submit.py:644} INFO - 
[2025-06-01T09:00:50.704+0000] {spark_submit.py:644} INFO - 25/06/01 09:00:50 INFO SparkContext: Running Spark version 3.5.2
[2025-06-01T09:00:50.705+0000] {spark_submit.py:644} INFO - 25/06/01 09:00:50 INFO SparkContext: OS info Linux, 6.10.14-linuxkit, aarch64
[2025-06-01T09:00:50.705+0000] {spark_submit.py:644} INFO - 25/06/01 09:00:50 INFO SparkContext: Java version 17.0.15
[2025-06-01T09:00:50.714+0000] {spark_submit.py:644} INFO - 25/06/01 09:00:50 INFO ResourceUtils: ==============================================================
[2025-06-01T09:00:50.715+0000] {spark_submit.py:644} INFO - 25/06/01 09:00:50 INFO ResourceUtils: No custom resources configured for spark.driver.
[2025-06-01T09:00:50.715+0000] {spark_submit.py:644} INFO - 25/06/01 09:00:50 INFO ResourceUtils: ==============================================================
[2025-06-01T09:00:50.715+0000] {spark_submit.py:644} INFO - 25/06/01 09:00:50 INFO SparkContext: Submitted application: BronzeIngestionStephenCurryStats
[2025-06-01T09:00:50.731+0000] {spark_submit.py:644} INFO - 25/06/01 09:00:50 INFO ResourceProfile: Default ResourceProfile created, executor resources: Map(memory -> name: memory, amount: 2048, script: , vendor: , offHeap -> name: offHeap, amount: 0, script: , vendor: ), task resources: Map(cpus -> name: cpus, amount: 1.0)
[2025-06-01T09:00:50.735+0000] {spark_submit.py:644} INFO - 25/06/01 09:00:50 INFO ResourceProfile: Limiting resource is cpu
[2025-06-01T09:00:50.736+0000] {spark_submit.py:644} INFO - 25/06/01 09:00:50 INFO ResourceProfileManager: Added ResourceProfile id: 0
[2025-06-01T09:00:50.765+0000] {spark_submit.py:644} INFO - 25/06/01 09:00:50 INFO SecurityManager: Changing view acls to: ***
[2025-06-01T09:00:50.765+0000] {spark_submit.py:644} INFO - 25/06/01 09:00:50 INFO SecurityManager: Changing modify acls to: ***
[2025-06-01T09:00:50.765+0000] {spark_submit.py:644} INFO - 25/06/01 09:00:50 INFO SecurityManager: Changing view acls groups to:
[2025-06-01T09:00:50.766+0000] {spark_submit.py:644} INFO - 25/06/01 09:00:50 INFO SecurityManager: Changing modify acls groups to:
[2025-06-01T09:00:50.766+0000] {spark_submit.py:644} INFO - 25/06/01 09:00:50 INFO SecurityManager: SecurityManager: authentication disabled; ui acls disabled; users with view permissions: ***; groups with view permissions: EMPTY; users with modify permissions: ***; groups with modify permissions: EMPTY
[2025-06-01T09:00:50.881+0000] {spark_submit.py:644} INFO - 25/06/01 09:00:50 INFO Utils: Successfully started service 'sparkDriver' on port 41289.
[2025-06-01T09:00:50.905+0000] {spark_submit.py:644} INFO - 25/06/01 09:00:50 INFO SparkEnv: Registering MapOutputTracker
[2025-06-01T09:00:50.933+0000] {spark_submit.py:644} INFO - 25/06/01 09:00:50 INFO SparkEnv: Registering BlockManagerMaster
[2025-06-01T09:00:50.945+0000] {spark_submit.py:644} INFO - 25/06/01 09:00:50 INFO BlockManagerMasterEndpoint: Using org.apache.spark.storage.DefaultTopologyMapper for getting topology information
[2025-06-01T09:00:50.945+0000] {spark_submit.py:644} INFO - 25/06/01 09:00:50 INFO BlockManagerMasterEndpoint: BlockManagerMasterEndpoint up
[2025-06-01T09:00:50.947+0000] {spark_submit.py:644} INFO - 25/06/01 09:00:50 INFO SparkEnv: Registering BlockManagerMasterHeartbeat
[2025-06-01T09:00:50.959+0000] {spark_submit.py:644} INFO - 25/06/01 09:00:50 INFO DiskBlockManager: Created local directory at /tmp/blockmgr-d888c65d-bb74-4d16-86cb-8fecf5af840b
[2025-06-01T09:00:50.967+0000] {spark_submit.py:644} INFO - 25/06/01 09:00:50 INFO MemoryStore: MemoryStore started with capacity 434.4 MiB
[2025-06-01T09:00:50.975+0000] {spark_submit.py:644} INFO - 25/06/01 09:00:50 INFO SparkEnv: Registering OutputCommitCoordinator
[2025-06-01T09:00:51.037+0000] {spark_submit.py:644} INFO - 25/06/01 09:00:51 INFO JettyUtils: Start Jetty 0.0.0.0:4040 for SparkUI
[2025-06-01T09:00:51.072+0000] {spark_submit.py:644} INFO - 25/06/01 09:00:51 INFO Utils: Successfully started service 'SparkUI' on port 4040.
[2025-06-01T09:00:51.094+0000] {spark_submit.py:644} INFO - 25/06/01 09:00:51 INFO SparkContext: Added JAR file:///home/***/.ivy2/jars/org.apache.hadoop_hadoop-aws-3.3.4.jar at spark://a4c41458c676:41289/jars/org.apache.hadoop_hadoop-aws-3.3.4.jar with timestamp 1748768450701
[2025-06-01T09:00:51.094+0000] {spark_submit.py:644} INFO - 25/06/01 09:00:51 INFO SparkContext: Added JAR file:///home/***/.ivy2/jars/com.amazonaws_aws-java-sdk-bundle-1.12.262.jar at spark://a4c41458c676:41289/jars/com.amazonaws_aws-java-sdk-bundle-1.12.262.jar with timestamp 1748768450701
[2025-06-01T09:00:51.094+0000] {spark_submit.py:644} INFO - 25/06/01 09:00:51 INFO SparkContext: Added JAR file:///home/***/.ivy2/jars/io.delta_delta-spark_2.12-3.1.0.jar at spark://a4c41458c676:41289/jars/io.delta_delta-spark_2.12-3.1.0.jar with timestamp 1748768450701
[2025-06-01T09:00:51.095+0000] {spark_submit.py:644} INFO - 25/06/01 09:00:51 INFO SparkContext: Added JAR file:///home/***/.ivy2/jars/org.wildfly.openssl_wildfly-openssl-1.0.7.Final.jar at spark://a4c41458c676:41289/jars/org.wildfly.openssl_wildfly-openssl-1.0.7.Final.jar with timestamp 1748768450701
[2025-06-01T09:00:51.095+0000] {spark_submit.py:644} INFO - 25/06/01 09:00:51 INFO SparkContext: Added JAR file:///home/***/.ivy2/jars/io.delta_delta-storage-3.1.0.jar at spark://a4c41458c676:41289/jars/io.delta_delta-storage-3.1.0.jar with timestamp 1748768450701
[2025-06-01T09:00:51.095+0000] {spark_submit.py:644} INFO - 25/06/01 09:00:51 INFO SparkContext: Added JAR file:///home/***/.ivy2/jars/org.antlr_antlr4-runtime-4.9.3.jar at spark://a4c41458c676:41289/jars/org.antlr_antlr4-runtime-4.9.3.jar with timestamp 1748768450701
[2025-06-01T09:00:51.096+0000] {spark_submit.py:644} INFO - 25/06/01 09:00:51 INFO SparkContext: Added file file:///home/***/.ivy2/jars/org.apache.hadoop_hadoop-aws-3.3.4.jar at spark://a4c41458c676:41289/files/org.apache.hadoop_hadoop-aws-3.3.4.jar with timestamp 1748768450701
[2025-06-01T09:00:51.097+0000] {spark_submit.py:644} INFO - 25/06/01 09:00:51 INFO Utils: Copying /home/***/.ivy2/jars/org.apache.hadoop_hadoop-aws-3.3.4.jar to /tmp/spark-67c50ec7-46b4-4d7e-882a-5ab1a52b7631/userFiles-86b341fd-2347-458f-bdfd-331efcf81e40/org.apache.hadoop_hadoop-aws-3.3.4.jar
[2025-06-01T09:00:51.105+0000] {spark_submit.py:644} INFO - 25/06/01 09:00:51 INFO SparkContext: Added file file:///home/***/.ivy2/jars/com.amazonaws_aws-java-sdk-bundle-1.12.262.jar at spark://a4c41458c676:41289/files/com.amazonaws_aws-java-sdk-bundle-1.12.262.jar with timestamp 1748768450701
[2025-06-01T09:00:51.105+0000] {spark_submit.py:644} INFO - 25/06/01 09:00:51 INFO Utils: Copying /home/***/.ivy2/jars/com.amazonaws_aws-java-sdk-bundle-1.12.262.jar to /tmp/spark-67c50ec7-46b4-4d7e-882a-5ab1a52b7631/userFiles-86b341fd-2347-458f-bdfd-331efcf81e40/com.amazonaws_aws-java-sdk-bundle-1.12.262.jar
[2025-06-01T09:00:51.202+0000] {spark_submit.py:644} INFO - 25/06/01 09:00:51 INFO SparkContext: Added file file:///home/***/.ivy2/jars/io.delta_delta-spark_2.12-3.1.0.jar at spark://a4c41458c676:41289/files/io.delta_delta-spark_2.12-3.1.0.jar with timestamp 1748768450701
[2025-06-01T09:00:51.203+0000] {spark_submit.py:644} INFO - 25/06/01 09:00:51 INFO Utils: Copying /home/***/.ivy2/jars/io.delta_delta-spark_2.12-3.1.0.jar to /tmp/spark-67c50ec7-46b4-4d7e-882a-5ab1a52b7631/userFiles-86b341fd-2347-458f-bdfd-331efcf81e40/io.delta_delta-spark_2.12-3.1.0.jar
[2025-06-01T09:00:51.210+0000] {spark_submit.py:644} INFO - 25/06/01 09:00:51 INFO SparkContext: Added file file:///home/***/.ivy2/jars/org.wildfly.openssl_wildfly-openssl-1.0.7.Final.jar at spark://a4c41458c676:41289/files/org.wildfly.openssl_wildfly-openssl-1.0.7.Final.jar with timestamp 1748768450701
[2025-06-01T09:00:51.210+0000] {spark_submit.py:644} INFO - 25/06/01 09:00:51 INFO Utils: Copying /home/***/.ivy2/jars/org.wildfly.openssl_wildfly-openssl-1.0.7.Final.jar to /tmp/spark-67c50ec7-46b4-4d7e-882a-5ab1a52b7631/userFiles-86b341fd-2347-458f-bdfd-331efcf81e40/org.wildfly.openssl_wildfly-openssl-1.0.7.Final.jar
[2025-06-01T09:00:51.212+0000] {spark_submit.py:644} INFO - 25/06/01 09:00:51 INFO SparkContext: Added file file:///home/***/.ivy2/jars/io.delta_delta-storage-3.1.0.jar at spark://a4c41458c676:41289/files/io.delta_delta-storage-3.1.0.jar with timestamp 1748768450701
[2025-06-01T09:00:51.212+0000] {spark_submit.py:644} INFO - 25/06/01 09:00:51 INFO Utils: Copying /home/***/.ivy2/jars/io.delta_delta-storage-3.1.0.jar to /tmp/spark-67c50ec7-46b4-4d7e-882a-5ab1a52b7631/userFiles-86b341fd-2347-458f-bdfd-331efcf81e40/io.delta_delta-storage-3.1.0.jar
[2025-06-01T09:00:51.214+0000] {spark_submit.py:644} INFO - 25/06/01 09:00:51 INFO SparkContext: Added file file:///home/***/.ivy2/jars/org.antlr_antlr4-runtime-4.9.3.jar at spark://a4c41458c676:41289/files/org.antlr_antlr4-runtime-4.9.3.jar with timestamp 1748768450701
[2025-06-01T09:00:51.215+0000] {spark_submit.py:644} INFO - 25/06/01 09:00:51 INFO Utils: Copying /home/***/.ivy2/jars/org.antlr_antlr4-runtime-4.9.3.jar to /tmp/spark-67c50ec7-46b4-4d7e-882a-5ab1a52b7631/userFiles-86b341fd-2347-458f-bdfd-331efcf81e40/org.antlr_antlr4-runtime-4.9.3.jar
[2025-06-01T09:00:51.257+0000] {spark_submit.py:644} INFO - 25/06/01 09:00:51 INFO StandaloneAppClient$ClientEndpoint: Connecting to master spark://spark-master:7077...
[2025-06-01T09:00:51.280+0000] {spark_submit.py:644} INFO - 25/06/01 09:00:51 INFO TransportClientFactory: Successfully created connection to spark-master/172.18.0.4:7077 after 13 ms (0 ms spent in bootstraps)
[2025-06-01T09:00:51.330+0000] {spark_submit.py:644} INFO - 25/06/01 09:00:51 INFO StandaloneSchedulerBackend: Connected to Spark cluster with app ID app-20250601090051-0003
[2025-06-01T09:00:51.333+0000] {spark_submit.py:644} INFO - 25/06/01 09:00:51 INFO StandaloneAppClient$ClientEndpoint: Executor added: app-20250601090051-0003/0 on worker-20250601085058-172.18.0.5-39891 (172.18.0.5:39891) with 4 core(s)
[2025-06-01T09:00:51.334+0000] {spark_submit.py:644} INFO - 25/06/01 09:00:51 INFO StandaloneSchedulerBackend: Granted executor ID app-20250601090051-0003/0 on hostPort 172.18.0.5:39891 with 4 core(s), 2.0 GiB RAM
[2025-06-01T09:00:51.336+0000] {spark_submit.py:644} INFO - 25/06/01 09:00:51 INFO Utils: Successfully started service 'org.apache.spark.network.netty.NettyBlockTransferService' on port 37117.
[2025-06-01T09:00:51.336+0000] {spark_submit.py:644} INFO - 25/06/01 09:00:51 INFO NettyBlockTransferService: Server created on a4c41458c676:37117
[2025-06-01T09:00:51.337+0000] {spark_submit.py:644} INFO - 25/06/01 09:00:51 INFO BlockManager: Using org.apache.spark.storage.RandomBlockReplicationPolicy for block replication policy
[2025-06-01T09:00:51.339+0000] {spark_submit.py:644} INFO - 25/06/01 09:00:51 INFO BlockManagerMaster: Registering BlockManager BlockManagerId(driver, a4c41458c676, 37117, None)
[2025-06-01T09:00:51.341+0000] {spark_submit.py:644} INFO - 25/06/01 09:00:51 INFO BlockManagerMasterEndpoint: Registering block manager a4c41458c676:37117 with 434.4 MiB RAM, BlockManagerId(driver, a4c41458c676, 37117, None)
[2025-06-01T09:00:51.343+0000] {spark_submit.py:644} INFO - 25/06/01 09:00:51 INFO BlockManagerMaster: Registered BlockManager BlockManagerId(driver, a4c41458c676, 37117, None)
[2025-06-01T09:00:51.345+0000] {spark_submit.py:644} INFO - 25/06/01 09:00:51 INFO BlockManager: Initialized BlockManager: BlockManagerId(driver, a4c41458c676, 37117, None)
[2025-06-01T09:00:51.349+0000] {spark_submit.py:644} INFO - 25/06/01 09:00:51 INFO StandaloneAppClient$ClientEndpoint: Executor updated: app-20250601090051-0003/0 is now RUNNING
[2025-06-01T09:00:51.495+0000] {spark_submit.py:644} INFO - 25/06/01 09:00:51 INFO StandaloneSchedulerBackend: SchedulerBackend is ready for scheduling beginning after reached minRegisteredResourcesRatio: 0.0
[2025-06-01T09:00:51.620+0000] {spark_submit.py:644} INFO - Bronze Ingestion: Spark session created.
[2025-06-01T09:00:51.624+0000] {spark_submit.py:644} INFO - 25/06/01 09:00:51 INFO SharedState: Setting hive.metastore.warehouse.dir ('null') to the value of spark.sql.warehouse.dir.
[2025-06-01T09:00:51.626+0000] {spark_submit.py:644} INFO - 25/06/01 09:00:51 INFO SharedState: Warehouse path is 'file:/opt/***/spark-warehouse'.
[2025-06-01T09:00:52.089+0000] {spark_submit.py:644} INFO - 25/06/01 09:00:52 INFO InMemoryFileIndex: It took 19 ms to list leaf files for 1 paths.
[2025-06-01T09:00:52.507+0000] {spark_submit.py:644} INFO - Successfully loaded Stephen Curry stats from: /opt/***/data/Stephen Curry Stats.parquet
[2025-06-01T09:00:52.507+0000] {spark_submit.py:644} INFO - Writing data to Bronze layer at: s3a://mybucket/bronze/curry_raw_data/
[2025-06-01T09:00:52.789+0000] {spark_submit.py:644} INFO - 25/06/01 09:00:52 WARN SparkStringUtils: Truncated the string representation of a plan since it was too large. This behavior can be adjusted by setting 'spark.sql.debug.maxToStringFields'.
[2025-06-01T09:00:52.904+0000] {spark_submit.py:644} INFO - 25/06/01 09:00:52 WARN MetricsConfig: Cannot locate configuration: tried hadoop-metrics2-s3a-file-system.properties,hadoop-metrics2.properties
[2025-06-01T09:00:52.910+0000] {spark_submit.py:644} INFO - 25/06/01 09:00:52 INFO MetricsSystemImpl: Scheduled Metric snapshot period at 10 second(s).
[2025-06-01T09:00:52.910+0000] {spark_submit.py:644} INFO - 25/06/01 09:00:52 INFO MetricsSystemImpl: s3a-file-system metrics system started
[2025-06-01T09:00:52.929+0000] {spark_submit.py:644} INFO - 25/06/01 09:00:52 INFO StandaloneSchedulerBackend$StandaloneDriverEndpoint: Registered executor NettyRpcEndpointRef(spark-client://Executor) (172.18.0.5:40852) with ID 0,  ResourceProfileId 0
[2025-06-01T09:00:52.967+0000] {spark_submit.py:644} INFO - 25/06/01 09:00:52 INFO BlockManagerMasterEndpoint: Registering block manager 172.18.0.5:35397 with 1048.8 MiB RAM, BlockManagerId(0, 172.18.0.5, 35397, None)
[2025-06-01T09:00:53.367+0000] {spark_submit.py:644} INFO - 25/06/01 09:00:53 INFO DelegatingLogStore: LogStore `LogStoreAdapter(io.delta.storage.S3SingleDriverLogStore)` is used for scheme `s3a`
[2025-06-01T09:00:53.487+0000] {spark_submit.py:644} INFO - 25/06/01 09:00:53 INFO DeltaLog: Creating initial snapshot without metadata, because the directory is empty
[2025-06-01T09:00:54.247+0000] {spark_submit.py:644} INFO - 25/06/01 09:00:54 INFO InitialSnapshot: [tableId=61cc2a47-8df5-4342-b945-e4424b550fc7] Created snapshot InitialSnapshot(path=s3a://mybucket/bronze/curry_raw_data/_delta_log, version=-1, metadata=Metadata(82fec03c-5be0-4055-b35d-f566e2e209f7,null,null,Format(parquet,Map()),null,List(),Map(),Some(1748768454244)), logSegment=LogSegment(s3a://mybucket/bronze/curry_raw_data/_delta_log,-1,List(),org.apache.spark.sql.delta.EmptyCheckpointProvider$@61cb89b1,-1), checksumOpt=None)
[2025-06-01T09:00:54.299+0000] {spark_submit.py:644} INFO - 25/06/01 09:00:54 INFO DeltaLog: No delta log found for the Delta table at s3a://mybucket/bronze/curry_raw_data/_delta_log
[2025-06-01T09:00:54.299+0000] {spark_submit.py:644} INFO - 25/06/01 09:00:54 INFO InitialSnapshot: [tableId=82fec03c-5be0-4055-b35d-f566e2e209f7] Created snapshot InitialSnapshot(path=s3a://mybucket/bronze/curry_raw_data/_delta_log, version=-1, metadata=Metadata(235142bb-8ca3-45cb-a2bd-69dda8e331f0,null,null,Format(parquet,Map()),null,List(),Map(),Some(1748768454299)), logSegment=LogSegment(s3a://mybucket/bronze/curry_raw_data/_delta_log,-1,List(),org.apache.spark.sql.delta.EmptyCheckpointProvider$@61cb89b1,-1), checksumOpt=None)
[2025-06-01T09:00:54.385+0000] {spark_submit.py:644} INFO - 25/06/01 09:00:54 INFO OptimisticTransaction: [tableId=235142bb,txnId=852fb8b9] Updated metadata from - to Metadata(5fcef581-1392-4ca4-9224-da6333ef4f07,null,null,Format(parquet,Map()),{"type":"struct","fields":[{"name":"Season_year","type":"string","nullable":true,"metadata":{}},{"name":"Season_div","type":"string","nullable":true,"metadata":{}},{"name":"Date","type":"string","nullable":true,"metadata":{}},{"name":"OPP","type":"string","nullable":true,"metadata":{}},{"name":"Result","type":"string","nullable":true,"metadata":{}},{"name":"T_Score","type":"long","nullable":true,"metadata":{}},{"name":"O_Score","type":"long","nullable":true,"metadata":{}},{"name":"MIN","type":"double","nullable":true,"metadata":{}},{"name":"FG","type":"string","nullable":true,"metadata":{}},{"name":"FGM","type":"long","nullable":true,"metadata":{}},{"name":"FGA","type":"long","nullable":true,"metadata":{}},{"name":"FG_Percentage","type":"double","nullable":true,"metadata":{}},{"name":"3PT","type":"string","nullable":true,"metadata":{}},{"name":"3PTM","type":"long","nullable":true,"metadata":{}},{"name":"3PTA","type":"long","nullable":true,"metadata":{}},{"name":"3P_Percentage","type":"double","nullable":true,"metadata":{}},{"name":"FT","type":"string","nullable":true,"metadata":{}},{"name":"FTM","type":"long","nullable":true,"metadata":{}},{"name":"FTA","type":"long","nullable":true,"metadata":{}},{"name":"FT_Percentage","type":"double","nullable":true,"metadata":{}},{"name":"REB","type":"long","nullable":true,"metadata":{}},{"name":"AST","type":"long","nullable":true,"metadata":{}},{"name":"BLK","type":"long","nullable":true,"metadata":{}},{"name":"STL","type":"long","nullable":true,"metadata":{}},{"name":"PF","type":"long","nullable":true,"metadata":{}},{"name":"TO","type":"long","nullable":true,"metadata":{}},{"name":"PTS","type":"long","nullable":true,"metadata":{}}]},List(),Map(),Some(1748768454372))
[2025-06-01T09:00:54.619+0000] {spark_submit.py:644} INFO - 25/06/01 09:00:54 INFO FileSourceStrategy: Pushed Filters:
[2025-06-01T09:00:54.619+0000] {spark_submit.py:644} INFO - 25/06/01 09:00:54 INFO FileSourceStrategy: Post-Scan Filters:
[2025-06-01T09:00:54.662+0000] {spark_submit.py:644} INFO - 25/06/01 09:00:54 INFO ParquetUtils: Using default output committer for Parquet: org.apache.parquet.hadoop.ParquetOutputCommitter
[2025-06-01T09:00:54.895+0000] {spark_submit.py:644} INFO - 25/06/01 09:00:54 INFO CodeGenerator: Code generated in 126.329708 ms
[2025-06-01T09:00:54.928+0000] {spark_submit.py:644} INFO - 25/06/01 09:00:54 INFO MemoryStore: Block broadcast_0 stored as values in memory (estimated size 209.5 KiB, free 434.2 MiB)
[2025-06-01T09:00:54.957+0000] {spark_submit.py:644} INFO - 25/06/01 09:00:54 INFO MemoryStore: Block broadcast_0_piece0 stored as bytes in memory (estimated size 37.0 KiB, free 434.2 MiB)
[2025-06-01T09:00:54.961+0000] {spark_submit.py:644} INFO - 25/06/01 09:00:54 INFO BlockManagerInfo: Added broadcast_0_piece0 in memory on a4c41458c676:37117 (size: 37.0 KiB, free: 434.4 MiB)
[2025-06-01T09:00:54.962+0000] {spark_submit.py:644} INFO - 25/06/01 09:00:54 INFO SparkContext: Created broadcast 0 from save at NativeMethodAccessorImpl.java:0
[2025-06-01T09:00:54.977+0000] {spark_submit.py:644} INFO - 25/06/01 09:00:54 INFO FileSourceScanExec: Planning scan with bin packing, max size: 4194304 bytes, open cost is considered as scanning 4194304 bytes.
[2025-06-01T09:00:55.075+0000] {spark_submit.py:644} INFO - 25/06/01 09:00:55 INFO SparkContext: Starting job: save at NativeMethodAccessorImpl.java:0
[2025-06-01T09:00:55.082+0000] {spark_submit.py:644} INFO - 25/06/01 09:00:55 INFO DAGScheduler: Got job 0 (save at NativeMethodAccessorImpl.java:0) with 1 output partitions
[2025-06-01T09:00:55.083+0000] {spark_submit.py:644} INFO - 25/06/01 09:00:55 INFO DAGScheduler: Final stage: ResultStage 0 (save at NativeMethodAccessorImpl.java:0)
[2025-06-01T09:00:55.083+0000] {spark_submit.py:644} INFO - 25/06/01 09:00:55 INFO DAGScheduler: Parents of final stage: List()
[2025-06-01T09:00:55.083+0000] {spark_submit.py:644} INFO - 25/06/01 09:00:55 INFO DAGScheduler: Missing parents: List()
[2025-06-01T09:00:55.085+0000] {spark_submit.py:644} INFO - 25/06/01 09:00:55 INFO DAGScheduler: Submitting ResultStage 0 (MapPartitionsRDD[2] at save at NativeMethodAccessorImpl.java:0), which has no missing parents
[2025-06-01T09:00:55.135+0000] {spark_submit.py:644} INFO - 25/06/01 09:00:55 INFO MemoryStore: Block broadcast_1 stored as values in memory (estimated size 386.6 KiB, free 433.8 MiB)
[2025-06-01T09:00:55.137+0000] {spark_submit.py:644} INFO - 25/06/01 09:00:55 INFO MemoryStore: Block broadcast_1_piece0 stored as bytes in memory (estimated size 132.8 KiB, free 433.7 MiB)
[2025-06-01T09:00:55.137+0000] {spark_submit.py:644} INFO - 25/06/01 09:00:55 INFO BlockManagerInfo: Added broadcast_1_piece0 in memory on a4c41458c676:37117 (size: 132.8 KiB, free: 434.2 MiB)
[2025-06-01T09:00:55.138+0000] {spark_submit.py:644} INFO - 25/06/01 09:00:55 INFO SparkContext: Created broadcast 1 from broadcast at DAGScheduler.scala:1585
[2025-06-01T09:00:55.149+0000] {spark_submit.py:644} INFO - 25/06/01 09:00:55 INFO DAGScheduler: Submitting 1 missing tasks from ResultStage 0 (MapPartitionsRDD[2] at save at NativeMethodAccessorImpl.java:0) (first 15 tasks are for partitions Vector(0))
[2025-06-01T09:00:55.150+0000] {spark_submit.py:644} INFO - 25/06/01 09:00:55 INFO TaskSchedulerImpl: Adding task set 0.0 with 1 tasks resource profile 0
[2025-06-01T09:00:55.167+0000] {spark_submit.py:644} INFO - 25/06/01 09:00:55 INFO TaskSetManager: Starting task 0.0 in stage 0.0 (TID 0) (172.18.0.5, executor 0, partition 0, PROCESS_LOCAL, 10805 bytes)
[2025-06-01T09:00:55.296+0000] {spark_submit.py:644} INFO - 25/06/01 09:00:55 INFO BlockManagerInfo: Added broadcast_1_piece0 in memory on 172.18.0.5:35397 (size: 132.8 KiB, free: 1048.7 MiB)
[2025-06-01T09:00:57.051+0000] {spark_submit.py:644} INFO - 25/06/01 09:00:57 INFO BlockManagerInfo: Added broadcast_0_piece0 in memory on 172.18.0.5:35397 (size: 37.0 KiB, free: 1048.6 MiB)
[2025-06-01T09:00:58.085+0000] {spark_submit.py:644} INFO - 25/06/01 09:00:58 INFO TaskSetManager: Finished task 0.0 in stage 0.0 (TID 0) in 2923 ms on 172.18.0.5 (executor 0) (1/1)
[2025-06-01T09:00:58.086+0000] {spark_submit.py:644} INFO - 25/06/01 09:00:58 INFO TaskSchedulerImpl: Removed TaskSet 0.0, whose tasks have all completed, from pool
[2025-06-01T09:00:58.093+0000] {spark_submit.py:644} INFO - 25/06/01 09:00:58 INFO DAGScheduler: ResultStage 0 (save at NativeMethodAccessorImpl.java:0) finished in 3.001 s
[2025-06-01T09:00:58.094+0000] {spark_submit.py:644} INFO - 25/06/01 09:00:58 INFO DAGScheduler: Job 0 is finished. Cancelling potential speculative or zombie tasks for this job
[2025-06-01T09:00:58.094+0000] {spark_submit.py:644} INFO - 25/06/01 09:00:58 INFO TaskSchedulerImpl: Killing all running tasks in stage 0: Stage finished
[2025-06-01T09:00:58.096+0000] {spark_submit.py:644} INFO - 25/06/01 09:00:58 INFO DAGScheduler: Job 0 finished: save at NativeMethodAccessorImpl.java:0, took 3.020886 s
[2025-06-01T09:00:58.097+0000] {spark_submit.py:644} INFO - 25/06/01 09:00:58 INFO DeltaFileFormatWriter: Start to commit write Job 3363c99f-1ea4-4a1c-bdde-7a7857e2f942.
[2025-06-01T09:00:58.098+0000] {spark_submit.py:644} INFO - 25/06/01 09:00:58 INFO DeltaFileFormatWriter: Write Job 3363c99f-1ea4-4a1c-bdde-7a7857e2f942 committed. Elapsed time: 0 ms.
[2025-06-01T09:00:58.100+0000] {spark_submit.py:644} INFO - 25/06/01 09:00:58 INFO DeltaFileFormatWriter: Finished processing stats for write job 3363c99f-1ea4-4a1c-bdde-7a7857e2f942.
[2025-06-01T09:00:58.450+0000] {spark_submit.py:644} INFO - 25/06/01 09:00:58 INFO BlockManagerInfo: Removed broadcast_1_piece0 on a4c41458c676:37117 in memory (size: 132.8 KiB, free: 434.4 MiB)
[2025-06-01T09:00:58.453+0000] {spark_submit.py:644} INFO - 25/06/01 09:00:58 INFO BlockManagerInfo: Removed broadcast_1_piece0 on 172.18.0.5:35397 in memory (size: 132.8 KiB, free: 1048.8 MiB)
[2025-06-01T09:00:58.802+0000] {spark_submit.py:644} INFO - 25/06/01 09:00:58 INFO CodeGenerator: Code generated in 157.969125 ms
[2025-06-01T09:00:58.825+0000] {spark_submit.py:644} INFO - 25/06/01 09:00:58 INFO SparkContext: Starting job: $anonfun$recordDeltaOperationInternal$1 at DatabricksLogging.scala:128
[2025-06-01T09:00:58.826+0000] {spark_submit.py:644} INFO - 25/06/01 09:00:58 INFO DAGScheduler: Job 1 finished: $anonfun$recordDeltaOperationInternal$1 at DatabricksLogging.scala:128, took 0.000186 s
[2025-06-01T09:00:58.860+0000] {spark_submit.py:644} INFO - 25/06/01 09:00:58 INFO OptimisticTransaction: [tableId=235142bb,txnId=852fb8b9] Attempting to commit version 0 with 4 actions with Serializable isolation level
[2025-06-01T09:00:59.063+0000] {spark_submit.py:644} INFO - 25/06/01 09:00:59 INFO DeltaLog: Creating a new snapshot v0 for commit version 0
[2025-06-01T09:00:59.063+0000] {spark_submit.py:644} INFO - 25/06/01 09:00:59 INFO DeltaLog: Loading version 0.
[2025-06-01T09:00:59.071+0000] {spark_submit.py:644} INFO - 25/06/01 09:00:59 INFO DeltaLogFileIndex: Created DeltaLogFileIndex(JSON, numFilesInSegment: 1, totalFileSize: 3839)
[2025-06-01T09:00:59.133+0000] {spark_submit.py:644} INFO - 25/06/01 09:00:59 INFO DataSourceStrategy: Pruning directories with:
[2025-06-01T09:00:59.135+0000] {spark_submit.py:644} INFO - 25/06/01 09:00:59 INFO FileSourceStrategy: Pushed Filters:
[2025-06-01T09:00:59.136+0000] {spark_submit.py:644} INFO - 25/06/01 09:00:59 INFO FileSourceStrategy: Post-Scan Filters: (isnotnull(protocol#610.minReaderVersion) OR isnotnull(metaData#609.id))
[2025-06-01T09:00:59.163+0000] {spark_submit.py:644} INFO - 25/06/01 09:00:59 INFO CodeGenerator: Code generated in 17.768834 ms
[2025-06-01T09:00:59.166+0000] {spark_submit.py:644} INFO - 25/06/01 09:00:59 INFO MemoryStore: Block broadcast_2 stored as values in memory (estimated size 205.1 KiB, free 434.0 MiB)
[2025-06-01T09:00:59.170+0000] {spark_submit.py:644} INFO - 25/06/01 09:00:59 INFO MemoryStore: Block broadcast_2_piece0 stored as bytes in memory (estimated size 36.1 KiB, free 433.9 MiB)
[2025-06-01T09:00:59.171+0000] {spark_submit.py:644} INFO - 25/06/01 09:00:59 INFO BlockManagerInfo: Added broadcast_2_piece0 in memory on a4c41458c676:37117 (size: 36.1 KiB, free: 434.3 MiB)
[2025-06-01T09:00:59.171+0000] {spark_submit.py:644} INFO - 25/06/01 09:00:59 INFO SparkContext: Created broadcast 2 from toString at String.java:4220
[2025-06-01T09:00:59.182+0000] {spark_submit.py:644} INFO - 25/06/01 09:00:59 INFO FileSourceScanExec: Planning scan with bin packing, max size: 4194304 bytes, open cost is considered as scanning 4194304 bytes.
[2025-06-01T09:00:59.206+0000] {spark_submit.py:644} INFO - 25/06/01 09:00:59 INFO SparkContext: Starting job: toString at String.java:4220
[2025-06-01T09:00:59.207+0000] {spark_submit.py:644} INFO - 25/06/01 09:00:59 INFO DAGScheduler: Got job 2 (toString at String.java:4220) with 1 output partitions
[2025-06-01T09:00:59.207+0000] {spark_submit.py:644} INFO - 25/06/01 09:00:59 INFO DAGScheduler: Final stage: ResultStage 1 (toString at String.java:4220)
[2025-06-01T09:00:59.208+0000] {spark_submit.py:644} INFO - 25/06/01 09:00:59 INFO DAGScheduler: Parents of final stage: List()
[2025-06-01T09:00:59.208+0000] {spark_submit.py:644} INFO - 25/06/01 09:00:59 INFO DAGScheduler: Missing parents: List()
[2025-06-01T09:00:59.208+0000] {spark_submit.py:644} INFO - 25/06/01 09:00:59 INFO DAGScheduler: Submitting ResultStage 1 (MapPartitionsRDD[10] at toString at String.java:4220), which has no missing parents
[2025-06-01T09:00:59.209+0000] {spark_submit.py:644} INFO - 25/06/01 09:00:59 INFO MemoryStore: Block broadcast_3 stored as values in memory (estimated size 40.0 KiB, free 433.9 MiB)
[2025-06-01T09:00:59.210+0000] {spark_submit.py:644} INFO - 25/06/01 09:00:59 INFO MemoryStore: Block broadcast_3_piece0 stored as bytes in memory (estimated size 13.7 KiB, free 433.9 MiB)
[2025-06-01T09:00:59.210+0000] {spark_submit.py:644} INFO - 25/06/01 09:00:59 INFO BlockManagerInfo: Added broadcast_3_piece0 in memory on a4c41458c676:37117 (size: 13.7 KiB, free: 434.3 MiB)
[2025-06-01T09:00:59.210+0000] {spark_submit.py:644} INFO - 25/06/01 09:00:59 INFO SparkContext: Created broadcast 3 from broadcast at DAGScheduler.scala:1585
[2025-06-01T09:00:59.211+0000] {spark_submit.py:644} INFO - 25/06/01 09:00:59 INFO DAGScheduler: Submitting 1 missing tasks from ResultStage 1 (MapPartitionsRDD[10] at toString at String.java:4220) (first 15 tasks are for partitions Vector(0))
[2025-06-01T09:00:59.211+0000] {spark_submit.py:644} INFO - 25/06/01 09:00:59 INFO TaskSchedulerImpl: Adding task set 1.0 with 1 tasks resource profile 0
[2025-06-01T09:00:59.212+0000] {spark_submit.py:644} INFO - 25/06/01 09:00:59 INFO TaskSetManager: Starting task 0.0 in stage 1.0 (TID 1) (172.18.0.5, executor 0, partition 0, PROCESS_LOCAL, 10836 bytes)
[2025-06-01T09:00:59.230+0000] {spark_submit.py:644} INFO - 25/06/01 09:00:59 INFO BlockManagerInfo: Added broadcast_3_piece0 in memory on 172.18.0.5:35397 (size: 13.7 KiB, free: 1048.8 MiB)
[2025-06-01T09:00:59.335+0000] {spark_submit.py:644} INFO - 25/06/01 09:00:59 INFO BlockManagerInfo: Added broadcast_2_piece0 in memory on 172.18.0.5:35397 (size: 36.1 KiB, free: 1048.7 MiB)
[2025-06-01T09:00:59.386+0000] {spark_submit.py:644} INFO - 25/06/01 09:00:59 INFO TaskSetManager: Finished task 0.0 in stage 1.0 (TID 1) in 174 ms on 172.18.0.5 (executor 0) (1/1)
[2025-06-01T09:00:59.386+0000] {spark_submit.py:644} INFO - 25/06/01 09:00:59 INFO TaskSchedulerImpl: Removed TaskSet 1.0, whose tasks have all completed, from pool
[2025-06-01T09:00:59.387+0000] {spark_submit.py:644} INFO - 25/06/01 09:00:59 INFO DAGScheduler: ResultStage 1 (toString at String.java:4220) finished in 0.178 s
[2025-06-01T09:00:59.387+0000] {spark_submit.py:644} INFO - 25/06/01 09:00:59 INFO DAGScheduler: Job 2 is finished. Cancelling potential speculative or zombie tasks for this job
[2025-06-01T09:00:59.387+0000] {spark_submit.py:644} INFO - 25/06/01 09:00:59 INFO TaskSchedulerImpl: Killing all running tasks in stage 1: Stage finished
[2025-06-01T09:00:59.387+0000] {spark_submit.py:644} INFO - 25/06/01 09:00:59 INFO DAGScheduler: Job 2 finished: toString at String.java:4220, took 0.180726 s
[2025-06-01T09:00:59.413+0000] {spark_submit.py:644} INFO - 25/06/01 09:00:59 INFO CodeGenerator: Code generated in 14.701791 ms
[2025-06-01T09:00:59.417+0000] {spark_submit.py:644} INFO - 25/06/01 09:00:59 INFO Snapshot: [tableId=235142bb-8ca3-45cb-a2bd-69dda8e331f0] Created snapshot Snapshot(path=s3a://mybucket/bronze/curry_raw_data/_delta_log, version=0, metadata=Metadata(5fcef581-1392-4ca4-9224-da6333ef4f07,null,null,Format(parquet,Map()),{"type":"struct","fields":[{"name":"Season_year","type":"string","nullable":true,"metadata":{}},{"name":"Season_div","type":"string","nullable":true,"metadata":{}},{"name":"Date","type":"string","nullable":true,"metadata":{}},{"name":"OPP","type":"string","nullable":true,"metadata":{}},{"name":"Result","type":"string","nullable":true,"metadata":{}},{"name":"T_Score","type":"long","nullable":true,"metadata":{}},{"name":"O_Score","type":"long","nullable":true,"metadata":{}},{"name":"MIN","type":"double","nullable":true,"metadata":{}},{"name":"FG","type":"string","nullable":true,"metadata":{}},{"name":"FGM","type":"long","nullable":true,"metadata":{}},{"name":"FGA","type":"long","nullable":true,"metadata":{}},{"name":"FG_Percentage","type":"double","nullable":true,"metadata":{}},{"name":"3PT","type":"string","nullable":true,"metadata":{}},{"name":"3PTM","type":"long","nullable":true,"metadata":{}},{"name":"3PTA","type":"long","nullable":true,"metadata":{}},{"name":"3P_Percentage","type":"double","nullable":true,"metadata":{}},{"name":"FT","type":"string","nullable":true,"metadata":{}},{"name":"FTM","type":"long","nullable":true,"metadata":{}},{"name":"FTA","type":"long","nullable":true,"metadata":{}},{"name":"FT_Percentage","type":"double","nullable":true,"metadata":{}},{"name":"REB","type":"long","nullable":true,"metadata":{}},{"name":"AST","type":"long","nullable":true,"metadata":{}},{"name":"BLK","type":"long","nullable":true,"metadata":{}},{"name":"STL","type":"long","nullable":true,"metadata":{}},{"name":"PF","type":"long","nullable":true,"metadata":{}},{"name":"TO","type":"long","nullable":true,"metadata":{}},{"name":"PTS","type":"long","nullable":true,"metadata":{}}]},List(),Map(),Some(1748768454372)), logSegment=LogSegment(s3a://mybucket/bronze/curry_raw_data/_delta_log,0,WrappedArray(S3AFileStatus{path=s3a://mybucket/bronze/curry_raw_data/_delta_log/00000000000000000000.json; isDirectory=false; length=3839; replication=1; blocksize=33554432; modification_time=1748768459030; access_time=0; owner=***; group=***; permission=rw-rw-rw-; isSymlink=false; hasAcl=false; isEncrypted=true; isErasureCoded=false} isEmptyDirectory=FALSE eTag=771d1efbba467917277e2055520281d4 versionId=null),org.apache.spark.sql.delta.EmptyCheckpointProvider$@61cb89b1,1748768459030), checksumOpt=None)
[2025-06-01T09:00:59.418+0000] {spark_submit.py:644} INFO - 25/06/01 09:00:59 INFO DeltaLog: Updated snapshot to Snapshot(path=s3a://mybucket/bronze/curry_raw_data/_delta_log, version=0, metadata=Metadata(5fcef581-1392-4ca4-9224-da6333ef4f07,null,null,Format(parquet,Map()),{"type":"struct","fields":[{"name":"Season_year","type":"string","nullable":true,"metadata":{}},{"name":"Season_div","type":"string","nullable":true,"metadata":{}},{"name":"Date","type":"string","nullable":true,"metadata":{}},{"name":"OPP","type":"string","nullable":true,"metadata":{}},{"name":"Result","type":"string","nullable":true,"metadata":{}},{"name":"T_Score","type":"long","nullable":true,"metadata":{}},{"name":"O_Score","type":"long","nullable":true,"metadata":{}},{"name":"MIN","type":"double","nullable":true,"metadata":{}},{"name":"FG","type":"string","nullable":true,"metadata":{}},{"name":"FGM","type":"long","nullable":true,"metadata":{}},{"name":"FGA","type":"long","nullable":true,"metadata":{}},{"name":"FG_Percentage","type":"double","nullable":true,"metadata":{}},{"name":"3PT","type":"string","nullable":true,"metadata":{}},{"name":"3PTM","type":"long","nullable":true,"metadata":{}},{"name":"3PTA","type":"long","nullable":true,"metadata":{}},{"name":"3P_Percentage","type":"double","nullable":true,"metadata":{}},{"name":"FT","type":"string","nullable":true,"metadata":{}},{"name":"FTM","type":"long","nullable":true,"metadata":{}},{"name":"FTA","type":"long","nullable":true,"metadata":{}},{"name":"FT_Percentage","type":"double","nullable":true,"metadata":{}},{"name":"REB","type":"long","nullable":true,"metadata":{}},{"name":"AST","type":"long","nullable":true,"metadata":{}},{"name":"BLK","type":"long","nullable":true,"metadata":{}},{"name":"STL","type":"long","nullable":true,"metadata":{}},{"name":"PF","type":"long","nullable":true,"metadata":{}},{"name":"TO","type":"long","nullable":true,"metadata":{}},{"name":"PTS","type":"long","nullable":true,"metadata":{}}]},List(),Map(),Some(1748768454372)), logSegment=LogSegment(s3a://mybucket/bronze/curry_raw_data/_delta_log,0,WrappedArray(S3AFileStatus{path=s3a://mybucket/bronze/curry_raw_data/_delta_log/00000000000000000000.json; isDirectory=false; length=3839; replication=1; blocksize=33554432; modification_time=1748768459030; access_time=0; owner=***; group=***; permission=rw-rw-rw-; isSymlink=false; hasAcl=false; isEncrypted=true; isErasureCoded=false} isEmptyDirectory=FALSE eTag=771d1efbba467917277e2055520281d4 versionId=null),org.apache.spark.sql.delta.EmptyCheckpointProvider$@61cb89b1,1748768459030), checksumOpt=None)
[2025-06-01T09:00:59.421+0000] {spark_submit.py:644} INFO - 25/06/01 09:00:59 INFO Snapshot: [tableId=5fcef581-1392-4ca4-9224-da6333ef4f07] DELTA: Compute snapshot for version: 0
[2025-06-01T09:00:59.428+0000] {spark_submit.py:644} INFO - 25/06/01 09:00:59 INFO MemoryStore: Block broadcast_4 stored as values in memory (estimated size 204.8 KiB, free 433.7 MiB)
[2025-06-01T09:00:59.432+0000] {spark_submit.py:644} INFO - 25/06/01 09:00:59 INFO MemoryStore: Block broadcast_4_piece0 stored as bytes in memory (estimated size 35.9 KiB, free 433.6 MiB)
[2025-06-01T09:00:59.432+0000] {spark_submit.py:644} INFO - 25/06/01 09:00:59 INFO BlockManagerInfo: Added broadcast_4_piece0 in memory on a4c41458c676:37117 (size: 35.9 KiB, free: 434.3 MiB)
[2025-06-01T09:00:59.433+0000] {spark_submit.py:644} INFO - 25/06/01 09:00:59 INFO SparkContext: Created broadcast 4 from $anonfun$recordDeltaOperationInternal$1 at DatabricksLogging.scala:128
[2025-06-01T09:00:59.453+0000] {spark_submit.py:644} INFO - 25/06/01 09:00:59 INFO BlockManagerInfo: Removed broadcast_3_piece0 on a4c41458c676:37117 in memory (size: 13.7 KiB, free: 434.3 MiB)
[2025-06-01T09:00:59.455+0000] {spark_submit.py:644} INFO - 25/06/01 09:00:59 INFO BlockManagerInfo: Removed broadcast_3_piece0 on 172.18.0.5:35397 in memory (size: 13.7 KiB, free: 1048.7 MiB)
[2025-06-01T09:00:59.459+0000] {spark_submit.py:644} INFO - 25/06/01 09:00:59 INFO BlockManagerInfo: Removed broadcast_2_piece0 on a4c41458c676:37117 in memory (size: 36.1 KiB, free: 434.3 MiB)
[2025-06-01T09:00:59.461+0000] {spark_submit.py:644} INFO - 25/06/01 09:00:59 INFO BlockManagerInfo: Removed broadcast_2_piece0 on 172.18.0.5:35397 in memory (size: 36.1 KiB, free: 1048.8 MiB)
[2025-06-01T09:00:59.590+0000] {spark_submit.py:644} INFO - 25/06/01 09:00:59 INFO DataSourceStrategy: Pruning directories with:
[2025-06-01T09:00:59.591+0000] {spark_submit.py:644} INFO - 25/06/01 09:00:59 INFO FileSourceStrategy: Pushed Filters:
[2025-06-01T09:00:59.591+0000] {spark_submit.py:644} INFO - 25/06/01 09:00:59 INFO FileSourceStrategy: Post-Scan Filters:
[2025-06-01T09:00:59.706+0000] {spark_submit.py:644} INFO - 25/06/01 09:00:59 INFO CodeGenerator: Code generated in 40.351375 ms
[2025-06-01T09:00:59.708+0000] {spark_submit.py:644} INFO - 25/06/01 09:00:59 INFO MemoryStore: Block broadcast_5 stored as values in memory (estimated size 205.1 KiB, free 433.7 MiB)
[2025-06-01T09:00:59.711+0000] {spark_submit.py:644} INFO - 25/06/01 09:00:59 INFO MemoryStore: Block broadcast_5_piece0 stored as bytes in memory (estimated size 36.1 KiB, free 433.7 MiB)
[2025-06-01T09:00:59.712+0000] {spark_submit.py:644} INFO - 25/06/01 09:00:59 INFO BlockManagerInfo: Added broadcast_5_piece0 in memory on a4c41458c676:37117 (size: 36.1 KiB, free: 434.3 MiB)
[2025-06-01T09:00:59.713+0000] {spark_submit.py:644} INFO - 25/06/01 09:00:59 INFO SparkContext: Created broadcast 5 from $anonfun$recordDeltaOperationInternal$1 at DatabricksLogging.scala:128
[2025-06-01T09:00:59.713+0000] {spark_submit.py:644} INFO - 25/06/01 09:00:59 INFO FileSourceScanExec: Planning scan with bin packing, max size: 4194304 bytes, open cost is considered as scanning 4194304 bytes.
[2025-06-01T09:00:59.738+0000] {spark_submit.py:644} INFO - 25/06/01 09:00:59 INFO DAGScheduler: Registering RDD 14 ($anonfun$recordDeltaOperationInternal$1 at DatabricksLogging.scala:128) as input to shuffle 0
[2025-06-01T09:00:59.742+0000] {spark_submit.py:644} INFO - 25/06/01 09:00:59 INFO DAGScheduler: Got map stage job 3 ($anonfun$recordDeltaOperationInternal$1 at DatabricksLogging.scala:128) with 1 output partitions
[2025-06-01T09:00:59.742+0000] {spark_submit.py:644} INFO - 25/06/01 09:00:59 INFO DAGScheduler: Final stage: ShuffleMapStage 2 ($anonfun$recordDeltaOperationInternal$1 at DatabricksLogging.scala:128)
[2025-06-01T09:00:59.743+0000] {spark_submit.py:644} INFO - 25/06/01 09:00:59 INFO DAGScheduler: Parents of final stage: List()
[2025-06-01T09:00:59.743+0000] {spark_submit.py:644} INFO - 25/06/01 09:00:59 INFO DAGScheduler: Missing parents: List()
[2025-06-01T09:00:59.743+0000] {spark_submit.py:644} INFO - 25/06/01 09:00:59 INFO DAGScheduler: Submitting ShuffleMapStage 2 (MapPartitionsRDD[14] at $anonfun$recordDeltaOperationInternal$1 at DatabricksLogging.scala:128), which has no missing parents
[2025-06-01T09:00:59.751+0000] {spark_submit.py:644} INFO - 25/06/01 09:00:59 INFO MemoryStore: Block broadcast_6 stored as values in memory (estimated size 105.6 KiB, free 433.6 MiB)
[2025-06-01T09:00:59.751+0000] {spark_submit.py:644} INFO - 25/06/01 09:00:59 INFO MemoryStore: Block broadcast_6_piece0 stored as bytes in memory (estimated size 32.6 KiB, free 433.6 MiB)
[2025-06-01T09:00:59.752+0000] {spark_submit.py:644} INFO - 25/06/01 09:00:59 INFO BlockManagerInfo: Added broadcast_6_piece0 in memory on a4c41458c676:37117 (size: 32.6 KiB, free: 434.3 MiB)
[2025-06-01T09:00:59.752+0000] {spark_submit.py:644} INFO - 25/06/01 09:00:59 INFO SparkContext: Created broadcast 6 from broadcast at DAGScheduler.scala:1585
[2025-06-01T09:00:59.753+0000] {spark_submit.py:644} INFO - 25/06/01 09:00:59 INFO DAGScheduler: Submitting 1 missing tasks from ShuffleMapStage 2 (MapPartitionsRDD[14] at $anonfun$recordDeltaOperationInternal$1 at DatabricksLogging.scala:128) (first 15 tasks are for partitions Vector(0))
[2025-06-01T09:00:59.753+0000] {spark_submit.py:644} INFO - 25/06/01 09:00:59 INFO TaskSchedulerImpl: Adding task set 2.0 with 1 tasks resource profile 0
[2025-06-01T09:00:59.754+0000] {spark_submit.py:644} INFO - 25/06/01 09:00:59 INFO TaskSetManager: Starting task 0.0 in stage 2.0 (TID 2) (172.18.0.5, executor 0, partition 0, PROCESS_LOCAL, 10825 bytes)
[2025-06-01T09:00:59.779+0000] {spark_submit.py:644} INFO - 25/06/01 09:00:59 INFO BlockManagerInfo: Added broadcast_6_piece0 in memory on 172.18.0.5:35397 (size: 32.6 KiB, free: 1048.7 MiB)
[2025-06-01T09:00:59.952+0000] {spark_submit.py:644} INFO - 25/06/01 09:00:59 INFO BlockManagerInfo: Added broadcast_5_piece0 in memory on 172.18.0.5:35397 (size: 36.1 KiB, free: 1048.7 MiB)
[2025-06-01T09:00:59.992+0000] {spark_submit.py:644} INFO - 25/06/01 09:00:59 INFO TaskSetManager: Finished task 0.0 in stage 2.0 (TID 2) in 239 ms on 172.18.0.5 (executor 0) (1/1)
[2025-06-01T09:00:59.993+0000] {spark_submit.py:644} INFO - 25/06/01 09:00:59 INFO TaskSchedulerImpl: Removed TaskSet 2.0, whose tasks have all completed, from pool
[2025-06-01T09:00:59.994+0000] {spark_submit.py:644} INFO - 25/06/01 09:00:59 INFO DAGScheduler: ShuffleMapStage 2 ($anonfun$recordDeltaOperationInternal$1 at DatabricksLogging.scala:128) finished in 0.249 s
[2025-06-01T09:00:59.994+0000] {spark_submit.py:644} INFO - 25/06/01 09:00:59 INFO DAGScheduler: looking for newly runnable stages
[2025-06-01T09:00:59.994+0000] {spark_submit.py:644} INFO - 25/06/01 09:00:59 INFO DAGScheduler: running: Set()
[2025-06-01T09:00:59.994+0000] {spark_submit.py:644} INFO - 25/06/01 09:00:59 INFO DAGScheduler: waiting: Set()
[2025-06-01T09:00:59.995+0000] {spark_submit.py:644} INFO - 25/06/01 09:00:59 INFO DAGScheduler: failed: Set()
[2025-06-01T09:01:00.063+0000] {spark_submit.py:644} INFO - 25/06/01 09:01:00 INFO BlockManagerInfo: Removed broadcast_6_piece0 on a4c41458c676:37117 in memory (size: 32.6 KiB, free: 434.3 MiB)
[2025-06-01T09:01:00.065+0000] {spark_submit.py:644} INFO - 25/06/01 09:01:00 INFO BlockManagerInfo: Removed broadcast_6_piece0 on 172.18.0.5:35397 in memory (size: 32.6 KiB, free: 1048.7 MiB)
[2025-06-01T09:01:00.197+0000] {spark_submit.py:644} INFO - 25/06/01 09:01:00 INFO CodeGenerator: Generated method too long to be JIT compiled: org.apache.spark.sql.catalyst.expressions.GeneratedClass$GeneratedIteratorForCodegenStage3.serializefromobject_doConsume_0$ is 24899 bytes
[2025-06-01T09:01:00.198+0000] {spark_submit.py:644} INFO - 25/06/01 09:01:00 INFO CodeGenerator: Code generated in 132.708667 ms
[2025-06-01T09:01:00.237+0000] {spark_submit.py:644} INFO - 25/06/01 09:01:00 INFO CodeGenerator: Code generated in 28.116375 ms
[2025-06-01T09:01:00.379+0000] {spark_submit.py:644} INFO - 25/06/01 09:01:00 INFO CodeGenerator: Code generated in 24.122583 ms
[2025-06-01T09:01:00.384+0000] {spark_submit.py:644} INFO - 25/06/01 09:01:00 INFO DAGScheduler: Registering RDD 24 ($anonfun$recordDeltaOperationInternal$1 at DatabricksLogging.scala:128) as input to shuffle 1
[2025-06-01T09:01:00.385+0000] {spark_submit.py:644} INFO - 25/06/01 09:01:00 INFO DAGScheduler: Got map stage job 4 ($anonfun$recordDeltaOperationInternal$1 at DatabricksLogging.scala:128) with 50 output partitions
[2025-06-01T09:01:00.385+0000] {spark_submit.py:644} INFO - 25/06/01 09:01:00 INFO DAGScheduler: Final stage: ShuffleMapStage 4 ($anonfun$recordDeltaOperationInternal$1 at DatabricksLogging.scala:128)
[2025-06-01T09:01:00.385+0000] {spark_submit.py:644} INFO - 25/06/01 09:01:00 INFO DAGScheduler: Parents of final stage: List(ShuffleMapStage 3)
[2025-06-01T09:01:00.386+0000] {spark_submit.py:644} INFO - 25/06/01 09:01:00 INFO DAGScheduler: Missing parents: List()
[2025-06-01T09:01:00.386+0000] {spark_submit.py:644} INFO - 25/06/01 09:01:00 INFO DAGScheduler: Submitting ShuffleMapStage 4 (MapPartitionsRDD[24] at $anonfun$recordDeltaOperationInternal$1 at DatabricksLogging.scala:128), which has no missing parents
[2025-06-01T09:01:00.406+0000] {spark_submit.py:644} INFO - 25/06/01 09:01:00 INFO MemoryStore: Block broadcast_7 stored as values in memory (estimated size 602.5 KiB, free 433.1 MiB)
[2025-06-01T09:01:00.408+0000] {spark_submit.py:644} INFO - 25/06/01 09:01:00 INFO MemoryStore: Block broadcast_7_piece0 stored as bytes in memory (estimated size 138.0 KiB, free 433.0 MiB)
[2025-06-01T09:01:00.408+0000] {spark_submit.py:644} INFO - 25/06/01 09:01:00 INFO BlockManagerInfo: Added broadcast_7_piece0 in memory on a4c41458c676:37117 (size: 138.0 KiB, free: 434.2 MiB)
[2025-06-01T09:01:00.409+0000] {spark_submit.py:644} INFO - 25/06/01 09:01:00 INFO SparkContext: Created broadcast 7 from broadcast at DAGScheduler.scala:1585
[2025-06-01T09:01:00.409+0000] {spark_submit.py:644} INFO - 25/06/01 09:01:00 INFO DAGScheduler: Submitting 50 missing tasks from ShuffleMapStage 4 (MapPartitionsRDD[24] at $anonfun$recordDeltaOperationInternal$1 at DatabricksLogging.scala:128) (first 15 tasks are for partitions Vector(0, 1, 2, 3, 4, 5, 6, 7, 8, 9, 10, 11, 12, 13, 14))
[2025-06-01T09:01:00.409+0000] {spark_submit.py:644} INFO - 25/06/01 09:01:00 INFO TaskSchedulerImpl: Adding task set 4.0 with 50 tasks resource profile 0
[2025-06-01T09:01:00.413+0000] {spark_submit.py:644} INFO - 25/06/01 09:01:00 INFO TaskSetManager: Starting task 39.0 in stage 4.0 (TID 3) (172.18.0.5, executor 0, partition 39, NODE_LOCAL, 10175 bytes)
[2025-06-01T09:01:00.413+0000] {spark_submit.py:644} INFO - 25/06/01 09:01:00 INFO TaskSetManager: Starting task 42.0 in stage 4.0 (TID 4) (172.18.0.5, executor 0, partition 42, NODE_LOCAL, 10175 bytes)
[2025-06-01T09:01:00.413+0000] {spark_submit.py:644} INFO - 25/06/01 09:01:00 INFO TaskSetManager: Starting task 0.0 in stage 4.0 (TID 5) (172.18.0.5, executor 0, partition 0, PROCESS_LOCAL, 10175 bytes)
[2025-06-01T09:01:00.414+0000] {spark_submit.py:644} INFO - 25/06/01 09:01:00 INFO TaskSetManager: Starting task 1.0 in stage 4.0 (TID 6) (172.18.0.5, executor 0, partition 1, PROCESS_LOCAL, 10175 bytes)
[2025-06-01T09:01:00.426+0000] {spark_submit.py:644} INFO - 25/06/01 09:01:00 INFO BlockManagerInfo: Added broadcast_7_piece0 in memory on 172.18.0.5:35397 (size: 138.0 KiB, free: 1048.6 MiB)
[2025-06-01T09:01:00.560+0000] {spark_submit.py:644} INFO - 25/06/01 09:01:00 INFO MapOutputTrackerMasterEndpoint: Asked to send map output locations for shuffle 0 to 172.18.0.5:40852
[2025-06-01T09:01:00.954+0000] {spark_submit.py:644} INFO - 25/06/01 09:01:00 INFO BlockManagerInfo: Added rdd_21_1 in memory on 172.18.0.5:35397 (size: 46.0 B, free: 1048.6 MiB)
[2025-06-01T09:01:00.954+0000] {spark_submit.py:644} INFO - 25/06/01 09:01:00 INFO BlockManagerInfo: Added rdd_21_0 in memory on 172.18.0.5:35397 (size: 46.0 B, free: 1048.6 MiB)
[2025-06-01T09:01:00.954+0000] {spark_submit.py:644} INFO - 25/06/01 09:01:00 INFO BlockManagerInfo: Added rdd_21_39 in memory on 172.18.0.5:35397 (size: 798.0 B, free: 1048.6 MiB)
[2025-06-01T09:01:00.981+0000] {spark_submit.py:644} INFO - 25/06/01 09:01:00 INFO BlockManagerInfo: Added rdd_21_42 in memory on 172.18.0.5:35397 (size: 689.0 B, free: 1048.6 MiB)
[2025-06-01T09:01:01.086+0000] {spark_submit.py:644} INFO - 25/06/01 09:01:01 INFO TaskSetManager: Starting task 2.0 in stage 4.0 (TID 7) (172.18.0.5, executor 0, partition 2, PROCESS_LOCAL, 10175 bytes)
[2025-06-01T09:01:01.087+0000] {spark_submit.py:644} INFO - 25/06/01 09:01:01 INFO TaskSetManager: Finished task 42.0 in stage 4.0 (TID 4) in 674 ms on 172.18.0.5 (executor 0) (1/50)
[2025-06-01T09:01:01.088+0000] {spark_submit.py:644} INFO - 25/06/01 09:01:01 INFO TaskSetManager: Starting task 3.0 in stage 4.0 (TID 8) (172.18.0.5, executor 0, partition 3, PROCESS_LOCAL, 10175 bytes)
[2025-06-01T09:01:01.088+0000] {spark_submit.py:644} INFO - 25/06/01 09:01:01 INFO TaskSetManager: Starting task 4.0 in stage 4.0 (TID 9) (172.18.0.5, executor 0, partition 4, PROCESS_LOCAL, 10175 bytes)
[2025-06-01T09:01:01.089+0000] {spark_submit.py:644} INFO - 25/06/01 09:01:01 INFO TaskSetManager: Starting task 5.0 in stage 4.0 (TID 10) (172.18.0.5, executor 0, partition 5, PROCESS_LOCAL, 10175 bytes)
[2025-06-01T09:01:01.089+0000] {spark_submit.py:644} INFO - 25/06/01 09:01:01 INFO TaskSetManager: Finished task 1.0 in stage 4.0 (TID 6) in 676 ms on 172.18.0.5 (executor 0) (2/50)
[2025-06-01T09:01:01.090+0000] {spark_submit.py:644} INFO - 25/06/01 09:01:01 INFO TaskSetManager: Finished task 39.0 in stage 4.0 (TID 3) in 678 ms on 172.18.0.5 (executor 0) (3/50)
[2025-06-01T09:01:01.091+0000] {spark_submit.py:644} INFO - 25/06/01 09:01:01 INFO TaskSetManager: Finished task 0.0 in stage 4.0 (TID 5) in 677 ms on 172.18.0.5 (executor 0) (4/50)
[2025-06-01T09:01:01.180+0000] {spark_submit.py:644} INFO - 25/06/01 09:01:01 INFO BlockManagerInfo: Added rdd_21_2 in memory on 172.18.0.5:35397 (size: 46.0 B, free: 1048.6 MiB)
[2025-06-01T09:01:01.184+0000] {spark_submit.py:644} INFO - 25/06/01 09:01:01 INFO BlockManagerInfo: Added rdd_21_5 in memory on 172.18.0.5:35397 (size: 46.0 B, free: 1048.6 MiB)
[2025-06-01T09:01:01.188+0000] {spark_submit.py:644} INFO - 25/06/01 09:01:01 INFO BlockManagerInfo: Added rdd_21_4 in memory on 172.18.0.5:35397 (size: 46.0 B, free: 1048.6 MiB)
[2025-06-01T09:01:01.191+0000] {spark_submit.py:644} INFO - 25/06/01 09:01:01 INFO BlockManagerInfo: Added rdd_21_3 in memory on 172.18.0.5:35397 (size: 46.0 B, free: 1048.6 MiB)
[2025-06-01T09:01:01.210+0000] {spark_submit.py:644} INFO - 25/06/01 09:01:01 INFO TaskSetManager: Starting task 6.0 in stage 4.0 (TID 11) (172.18.0.5, executor 0, partition 6, PROCESS_LOCAL, 10175 bytes)
[2025-06-01T09:01:01.211+0000] {spark_submit.py:644} INFO - 25/06/01 09:01:01 INFO TaskSetManager: Finished task 2.0 in stage 4.0 (TID 7) in 124 ms on 172.18.0.5 (executor 0) (5/50)
[2025-06-01T09:01:01.213+0000] {spark_submit.py:644} INFO - 25/06/01 09:01:01 INFO TaskSetManager: Starting task 7.0 in stage 4.0 (TID 12) (172.18.0.5, executor 0, partition 7, PROCESS_LOCAL, 10175 bytes)
[2025-06-01T09:01:01.214+0000] {spark_submit.py:644} INFO - 25/06/01 09:01:01 INFO TaskSetManager: Finished task 5.0 in stage 4.0 (TID 10) in 124 ms on 172.18.0.5 (executor 0) (6/50)
[2025-06-01T09:01:01.223+0000] {spark_submit.py:644} INFO - 25/06/01 09:01:01 INFO TaskSetManager: Starting task 8.0 in stage 4.0 (TID 13) (172.18.0.5, executor 0, partition 8, PROCESS_LOCAL, 10175 bytes)
[2025-06-01T09:01:01.226+0000] {spark_submit.py:644} INFO - 25/06/01 09:01:01 INFO TaskSetManager: Finished task 4.0 in stage 4.0 (TID 9) in 135 ms on 172.18.0.5 (executor 0) (7/50)
[2025-06-01T09:01:01.228+0000] {spark_submit.py:644} INFO - 25/06/01 09:01:01 INFO TaskSetManager: Starting task 9.0 in stage 4.0 (TID 14) (172.18.0.5, executor 0, partition 9, PROCESS_LOCAL, 10175 bytes)
[2025-06-01T09:01:01.229+0000] {spark_submit.py:644} INFO - 25/06/01 09:01:01 INFO TaskSetManager: Finished task 3.0 in stage 4.0 (TID 8) in 138 ms on 172.18.0.5 (executor 0) (8/50)
[2025-06-01T09:01:01.274+0000] {spark_submit.py:644} INFO - 25/06/01 09:01:01 INFO BlockManagerInfo: Added rdd_21_6 in memory on 172.18.0.5:35397 (size: 46.0 B, free: 1048.6 MiB)
[2025-06-01T09:01:01.276+0000] {spark_submit.py:644} INFO - 25/06/01 09:01:01 INFO BlockManagerInfo: Added rdd_21_7 in memory on 172.18.0.5:35397 (size: 46.0 B, free: 1048.6 MiB)
[2025-06-01T09:01:01.300+0000] {spark_submit.py:644} INFO - 25/06/01 09:01:01 INFO BlockManagerInfo: Added rdd_21_8 in memory on 172.18.0.5:35397 (size: 46.0 B, free: 1048.6 MiB)
[2025-06-01T09:01:01.305+0000] {spark_submit.py:644} INFO - 25/06/01 09:01:01 INFO BlockManagerInfo: Added rdd_21_9 in memory on 172.18.0.5:35397 (size: 46.0 B, free: 1048.6 MiB)
[2025-06-01T09:01:01.305+0000] {spark_submit.py:644} INFO - 25/06/01 09:01:01 INFO TaskSetManager: Starting task 10.0 in stage 4.0 (TID 15) (172.18.0.5, executor 0, partition 10, PROCESS_LOCAL, 10175 bytes)
[2025-06-01T09:01:01.306+0000] {spark_submit.py:644} INFO - 25/06/01 09:01:01 INFO TaskSetManager: Finished task 7.0 in stage 4.0 (TID 12) in 94 ms on 172.18.0.5 (executor 0) (9/50)
[2025-06-01T09:01:01.312+0000] {spark_submit.py:644} INFO - 25/06/01 09:01:01 INFO TaskSetManager: Starting task 11.0 in stage 4.0 (TID 16) (172.18.0.5, executor 0, partition 11, PROCESS_LOCAL, 10175 bytes)
[2025-06-01T09:01:01.313+0000] {spark_submit.py:644} INFO - 25/06/01 09:01:01 INFO TaskSetManager: Finished task 6.0 in stage 4.0 (TID 11) in 104 ms on 172.18.0.5 (executor 0) (10/50)
[2025-06-01T09:01:01.331+0000] {spark_submit.py:644} INFO - 25/06/01 09:01:01 INFO TaskSetManager: Starting task 12.0 in stage 4.0 (TID 17) (172.18.0.5, executor 0, partition 12, PROCESS_LOCAL, 10175 bytes)
[2025-06-01T09:01:01.334+0000] {spark_submit.py:644} INFO - 25/06/01 09:01:01 INFO TaskSetManager: Finished task 8.0 in stage 4.0 (TID 13) in 110 ms on 172.18.0.5 (executor 0) (11/50)
[2025-06-01T09:01:01.338+0000] {spark_submit.py:644} INFO - 25/06/01 09:01:01 INFO TaskSetManager: Starting task 13.0 in stage 4.0 (TID 18) (172.18.0.5, executor 0, partition 13, PROCESS_LOCAL, 10175 bytes)
[2025-06-01T09:01:01.339+0000] {spark_submit.py:644} INFO - 25/06/01 09:01:01 INFO TaskSetManager: Finished task 9.0 in stage 4.0 (TID 14) in 109 ms on 172.18.0.5 (executor 0) (12/50)
[2025-06-01T09:01:01.365+0000] {spark_submit.py:644} INFO - 25/06/01 09:01:01 INFO BlockManagerInfo: Added rdd_21_10 in memory on 172.18.0.5:35397 (size: 46.0 B, free: 1048.6 MiB)
[2025-06-01T09:01:01.371+0000] {spark_submit.py:644} INFO - 25/06/01 09:01:01 INFO BlockManagerInfo: Added rdd_21_11 in memory on 172.18.0.5:35397 (size: 46.0 B, free: 1048.6 MiB)
[2025-06-01T09:01:01.396+0000] {spark_submit.py:644} INFO - 25/06/01 09:01:01 INFO TaskSetManager: Starting task 14.0 in stage 4.0 (TID 19) (172.18.0.5, executor 0, partition 14, PROCESS_LOCAL, 10175 bytes)
[2025-06-01T09:01:01.397+0000] {spark_submit.py:644} INFO - 25/06/01 09:01:01 INFO TaskSetManager: Finished task 10.0 in stage 4.0 (TID 15) in 92 ms on 172.18.0.5 (executor 0) (13/50)
[2025-06-01T09:01:01.400+0000] {spark_submit.py:644} INFO - 25/06/01 09:01:01 INFO TaskSetManager: Starting task 15.0 in stage 4.0 (TID 20) (172.18.0.5, executor 0, partition 15, PROCESS_LOCAL, 10175 bytes)
[2025-06-01T09:01:01.403+0000] {spark_submit.py:644} INFO - 25/06/01 09:01:01 INFO TaskSetManager: Finished task 11.0 in stage 4.0 (TID 16) in 91 ms on 172.18.0.5 (executor 0) (14/50)
[2025-06-01T09:01:01.404+0000] {spark_submit.py:644} INFO - 25/06/01 09:01:01 INFO BlockManagerInfo: Added rdd_21_13 in memory on 172.18.0.5:35397 (size: 46.0 B, free: 1048.6 MiB)
[2025-06-01T09:01:01.406+0000] {spark_submit.py:644} INFO - 25/06/01 09:01:01 INFO BlockManagerInfo: Added rdd_21_12 in memory on 172.18.0.5:35397 (size: 46.0 B, free: 1048.6 MiB)
[2025-06-01T09:01:01.434+0000] {spark_submit.py:644} INFO - 25/06/01 09:01:01 INFO TaskSetManager: Starting task 16.0 in stage 4.0 (TID 21) (172.18.0.5, executor 0, partition 16, PROCESS_LOCAL, 10175 bytes)
[2025-06-01T09:01:01.436+0000] {spark_submit.py:644} INFO - 25/06/01 09:01:01 INFO TaskSetManager: Starting task 17.0 in stage 4.0 (TID 22) (172.18.0.5, executor 0, partition 17, PROCESS_LOCAL, 10175 bytes)
[2025-06-01T09:01:01.437+0000] {spark_submit.py:644} INFO - 25/06/01 09:01:01 INFO TaskSetManager: Finished task 13.0 in stage 4.0 (TID 18) in 104 ms on 172.18.0.5 (executor 0) (15/50)
[2025-06-01T09:01:01.438+0000] {spark_submit.py:644} INFO - 25/06/01 09:01:01 INFO TaskSetManager: Finished task 12.0 in stage 4.0 (TID 17) in 106 ms on 172.18.0.5 (executor 0) (16/50)
[2025-06-01T09:01:01.494+0000] {spark_submit.py:644} INFO - 25/06/01 09:01:01 INFO BlockManagerInfo: Added rdd_21_15 in memory on 172.18.0.5:35397 (size: 46.0 B, free: 1048.6 MiB)
[2025-06-01T09:01:01.495+0000] {spark_submit.py:644} INFO - 25/06/01 09:01:01 INFO BlockManagerInfo: Added rdd_21_14 in memory on 172.18.0.5:35397 (size: 46.0 B, free: 1048.6 MiB)
[2025-06-01T09:01:01.518+0000] {spark_submit.py:644} INFO - 25/06/01 09:01:01 INFO BlockManagerInfo: Added rdd_21_17 in memory on 172.18.0.5:35397 (size: 46.0 B, free: 1048.6 MiB)
[2025-06-01T09:01:01.520+0000] {spark_submit.py:644} INFO - 25/06/01 09:01:01 INFO TaskSetManager: Starting task 18.0 in stage 4.0 (TID 23) (172.18.0.5, executor 0, partition 18, PROCESS_LOCAL, 10175 bytes)
[2025-06-01T09:01:01.524+0000] {spark_submit.py:644} INFO - 25/06/01 09:01:01 INFO TaskSetManager: Finished task 14.0 in stage 4.0 (TID 19) in 124 ms on 172.18.0.5 (executor 0) (17/50)
[2025-06-01T09:01:01.524+0000] {spark_submit.py:644} INFO - 25/06/01 09:01:01 INFO TaskSetManager: Starting task 19.0 in stage 4.0 (TID 24) (172.18.0.5, executor 0, partition 19, PROCESS_LOCAL, 10175 bytes)
[2025-06-01T09:01:01.525+0000] {spark_submit.py:644} INFO - 25/06/01 09:01:01 INFO TaskSetManager: Finished task 15.0 in stage 4.0 (TID 20) in 123 ms on 172.18.0.5 (executor 0) (18/50)
[2025-06-01T09:01:01.525+0000] {spark_submit.py:644} INFO - 25/06/01 09:01:01 INFO BlockManagerInfo: Added rdd_21_16 in memory on 172.18.0.5:35397 (size: 46.0 B, free: 1048.6 MiB)
[2025-06-01T09:01:01.538+0000] {spark_submit.py:644} INFO - 25/06/01 09:01:01 INFO TaskSetManager: Starting task 20.0 in stage 4.0 (TID 25) (172.18.0.5, executor 0, partition 20, PROCESS_LOCAL, 10175 bytes)
[2025-06-01T09:01:01.539+0000] {spark_submit.py:644} INFO - 25/06/01 09:01:01 INFO TaskSetManager: Finished task 17.0 in stage 4.0 (TID 22) in 104 ms on 172.18.0.5 (executor 0) (19/50)
[2025-06-01T09:01:01.540+0000] {spark_submit.py:644} INFO - 25/06/01 09:01:01 INFO TaskSetManager: Starting task 21.0 in stage 4.0 (TID 26) (172.18.0.5, executor 0, partition 21, PROCESS_LOCAL, 10175 bytes)
[2025-06-01T09:01:01.540+0000] {spark_submit.py:644} INFO - 25/06/01 09:01:01 INFO TaskSetManager: Finished task 16.0 in stage 4.0 (TID 21) in 106 ms on 172.18.0.5 (executor 0) (20/50)
[2025-06-01T09:01:01.578+0000] {spark_submit.py:644} INFO - 25/06/01 09:01:01 INFO BlockManagerInfo: Added rdd_21_18 in memory on 172.18.0.5:35397 (size: 46.0 B, free: 1048.6 MiB)
[2025-06-01T09:01:01.579+0000] {spark_submit.py:644} INFO - 25/06/01 09:01:01 INFO BlockManagerInfo: Added rdd_21_19 in memory on 172.18.0.5:35397 (size: 46.0 B, free: 1048.6 MiB)
[2025-06-01T09:01:01.594+0000] {spark_submit.py:644} INFO - 25/06/01 09:01:01 INFO BlockManagerInfo: Added rdd_21_20 in memory on 172.18.0.5:35397 (size: 46.0 B, free: 1048.6 MiB)
[2025-06-01T09:01:01.603+0000] {spark_submit.py:644} INFO - 25/06/01 09:01:01 INFO BlockManagerInfo: Added rdd_21_21 in memory on 172.18.0.5:35397 (size: 46.0 B, free: 1048.6 MiB)
[2025-06-01T09:01:01.604+0000] {spark_submit.py:644} INFO - 25/06/01 09:01:01 INFO TaskSetManager: Starting task 22.0 in stage 4.0 (TID 27) (172.18.0.5, executor 0, partition 22, PROCESS_LOCAL, 10175 bytes)
[2025-06-01T09:01:01.607+0000] {spark_submit.py:644} INFO - 25/06/01 09:01:01 INFO TaskSetManager: Finished task 19.0 in stage 4.0 (TID 24) in 83 ms on 172.18.0.5 (executor 0) (21/50)
[2025-06-01T09:01:01.609+0000] {spark_submit.py:644} INFO - 25/06/01 09:01:01 INFO TaskSetManager: Starting task 23.0 in stage 4.0 (TID 28) (172.18.0.5, executor 0, partition 23, PROCESS_LOCAL, 10175 bytes)
[2025-06-01T09:01:01.609+0000] {spark_submit.py:644} INFO - 25/06/01 09:01:01 INFO TaskSetManager: Finished task 18.0 in stage 4.0 (TID 23) in 87 ms on 172.18.0.5 (executor 0) (22/50)
[2025-06-01T09:01:01.614+0000] {spark_submit.py:644} INFO - 25/06/01 09:01:01 INFO TaskSetManager: Starting task 24.0 in stage 4.0 (TID 29) (172.18.0.5, executor 0, partition 24, PROCESS_LOCAL, 10175 bytes)
[2025-06-01T09:01:01.615+0000] {spark_submit.py:644} INFO - 25/06/01 09:01:01 INFO TaskSetManager: Finished task 20.0 in stage 4.0 (TID 25) in 77 ms on 172.18.0.5 (executor 0) (23/50)
[2025-06-01T09:01:01.624+0000] {spark_submit.py:644} INFO - 25/06/01 09:01:01 INFO TaskSetManager: Starting task 25.0 in stage 4.0 (TID 30) (172.18.0.5, executor 0, partition 25, PROCESS_LOCAL, 10175 bytes)
[2025-06-01T09:01:01.625+0000] {spark_submit.py:644} INFO - 25/06/01 09:01:01 INFO TaskSetManager: Finished task 21.0 in stage 4.0 (TID 26) in 85 ms on 172.18.0.5 (executor 0) (24/50)
[2025-06-01T09:01:01.670+0000] {spark_submit.py:644} INFO - 25/06/01 09:01:01 INFO BlockManagerInfo: Added rdd_21_24 in memory on 172.18.0.5:35397 (size: 46.0 B, free: 1048.6 MiB)
[2025-06-01T09:01:01.672+0000] {spark_submit.py:644} INFO - 25/06/01 09:01:01 INFO BlockManagerInfo: Added rdd_21_23 in memory on 172.18.0.5:35397 (size: 46.0 B, free: 1048.6 MiB)
[2025-06-01T09:01:01.677+0000] {spark_submit.py:644} INFO - 25/06/01 09:01:01 INFO BlockManagerInfo: Added rdd_21_22 in memory on 172.18.0.5:35397 (size: 46.0 B, free: 1048.6 MiB)
[2025-06-01T09:01:01.678+0000] {spark_submit.py:644} INFO - 25/06/01 09:01:01 INFO BlockManagerInfo: Added rdd_21_25 in memory on 172.18.0.5:35397 (size: 46.0 B, free: 1048.6 MiB)
[2025-06-01T09:01:01.698+0000] {spark_submit.py:644} INFO - 25/06/01 09:01:01 INFO TaskSetManager: Starting task 26.0 in stage 4.0 (TID 31) (172.18.0.5, executor 0, partition 26, PROCESS_LOCAL, 10175 bytes)
[2025-06-01T09:01:01.699+0000] {spark_submit.py:644} INFO - 25/06/01 09:01:01 INFO TaskSetManager: Starting task 27.0 in stage 4.0 (TID 32) (172.18.0.5, executor 0, partition 27, PROCESS_LOCAL, 10175 bytes)
[2025-06-01T09:01:01.701+0000] {spark_submit.py:644} INFO - 25/06/01 09:01:01 INFO TaskSetManager: Finished task 23.0 in stage 4.0 (TID 28) in 95 ms on 172.18.0.5 (executor 0) (25/50)
[2025-06-01T09:01:01.703+0000] {spark_submit.py:644} INFO - 25/06/01 09:01:01 INFO TaskSetManager: Starting task 28.0 in stage 4.0 (TID 33) (172.18.0.5, executor 0, partition 28, PROCESS_LOCAL, 10175 bytes)
[2025-06-01T09:01:01.703+0000] {spark_submit.py:644} INFO - 25/06/01 09:01:01 INFO TaskSetManager: Finished task 24.0 in stage 4.0 (TID 29) in 86 ms on 172.18.0.5 (executor 0) (26/50)
[2025-06-01T09:01:01.704+0000] {spark_submit.py:644} INFO - 25/06/01 09:01:01 INFO TaskSetManager: Finished task 22.0 in stage 4.0 (TID 27) in 97 ms on 172.18.0.5 (executor 0) (27/50)
[2025-06-01T09:01:01.704+0000] {spark_submit.py:644} INFO - 25/06/01 09:01:01 INFO TaskSetManager: Starting task 29.0 in stage 4.0 (TID 34) (172.18.0.5, executor 0, partition 29, PROCESS_LOCAL, 10175 bytes)
[2025-06-01T09:01:01.704+0000] {spark_submit.py:644} INFO - 25/06/01 09:01:01 INFO TaskSetManager: Finished task 25.0 in stage 4.0 (TID 30) in 78 ms on 172.18.0.5 (executor 0) (28/50)
[2025-06-01T09:01:01.765+0000] {spark_submit.py:644} INFO - 25/06/01 09:01:01 INFO BlockManagerInfo: Added rdd_21_27 in memory on 172.18.0.5:35397 (size: 46.0 B, free: 1048.6 MiB)
[2025-06-01T09:01:01.766+0000] {spark_submit.py:644} INFO - 25/06/01 09:01:01 INFO BlockManagerInfo: Added rdd_21_29 in memory on 172.18.0.5:35397 (size: 46.0 B, free: 1048.6 MiB)
[2025-06-01T09:01:01.766+0000] {spark_submit.py:644} INFO - 25/06/01 09:01:01 INFO BlockManagerInfo: Added rdd_21_28 in memory on 172.18.0.5:35397 (size: 46.0 B, free: 1048.6 MiB)
[2025-06-01T09:01:01.773+0000] {spark_submit.py:644} INFO - 25/06/01 09:01:01 INFO BlockManagerInfo: Added rdd_21_26 in memory on 172.18.0.5:35397 (size: 46.0 B, free: 1048.6 MiB)
[2025-06-01T09:01:01.788+0000] {spark_submit.py:644} INFO - 25/06/01 09:01:01 INFO TaskSetManager: Starting task 30.0 in stage 4.0 (TID 35) (172.18.0.5, executor 0, partition 30, PROCESS_LOCAL, 10175 bytes)
[2025-06-01T09:01:01.790+0000] {spark_submit.py:644} INFO - 25/06/01 09:01:01 INFO TaskSetManager: Starting task 31.0 in stage 4.0 (TID 36) (172.18.0.5, executor 0, partition 31, PROCESS_LOCAL, 10175 bytes)
[2025-06-01T09:01:01.790+0000] {spark_submit.py:644} INFO - 25/06/01 09:01:01 INFO TaskSetManager: Finished task 27.0 in stage 4.0 (TID 32) in 90 ms on 172.18.0.5 (executor 0) (29/50)
[2025-06-01T09:01:01.791+0000] {spark_submit.py:644} INFO - 25/06/01 09:01:01 INFO TaskSetManager: Finished task 28.0 in stage 4.0 (TID 33) in 89 ms on 172.18.0.5 (executor 0) (30/50)
[2025-06-01T09:01:01.793+0000] {spark_submit.py:644} INFO - 25/06/01 09:01:01 INFO TaskSetManager: Starting task 32.0 in stage 4.0 (TID 37) (172.18.0.5, executor 0, partition 32, PROCESS_LOCAL, 10175 bytes)
[2025-06-01T09:01:01.794+0000] {spark_submit.py:644} INFO - 25/06/01 09:01:01 INFO TaskSetManager: Finished task 29.0 in stage 4.0 (TID 34) in 92 ms on 172.18.0.5 (executor 0) (31/50)
[2025-06-01T09:01:01.794+0000] {spark_submit.py:644} INFO - 25/06/01 09:01:01 INFO TaskSetManager: Starting task 33.0 in stage 4.0 (TID 38) (172.18.0.5, executor 0, partition 33, PROCESS_LOCAL, 10175 bytes)
[2025-06-01T09:01:01.795+0000] {spark_submit.py:644} INFO - 25/06/01 09:01:01 INFO TaskSetManager: Finished task 26.0 in stage 4.0 (TID 31) in 96 ms on 172.18.0.5 (executor 0) (32/50)
[2025-06-01T09:01:01.843+0000] {spark_submit.py:644} INFO - 25/06/01 09:01:01 INFO BlockManagerInfo: Added rdd_21_30 in memory on 172.18.0.5:35397 (size: 46.0 B, free: 1048.6 MiB)
[2025-06-01T09:01:01.845+0000] {spark_submit.py:644} INFO - 25/06/01 09:01:01 INFO BlockManagerInfo: Added rdd_21_31 in memory on 172.18.0.5:35397 (size: 46.0 B, free: 1048.6 MiB)
[2025-06-01T09:01:01.847+0000] {spark_submit.py:644} INFO - 25/06/01 09:01:01 INFO BlockManagerInfo: Added rdd_21_32 in memory on 172.18.0.5:35397 (size: 46.0 B, free: 1048.6 MiB)
[2025-06-01T09:01:01.849+0000] {spark_submit.py:644} INFO - 25/06/01 09:01:01 INFO BlockManagerInfo: Added rdd_21_33 in memory on 172.18.0.5:35397 (size: 46.0 B, free: 1048.6 MiB)
[2025-06-01T09:01:01.861+0000] {spark_submit.py:644} INFO - 25/06/01 09:01:01 INFO TaskSetManager: Starting task 34.0 in stage 4.0 (TID 39) (172.18.0.5, executor 0, partition 34, PROCESS_LOCAL, 10175 bytes)
[2025-06-01T09:01:01.862+0000] {spark_submit.py:644} INFO - 25/06/01 09:01:01 INFO TaskSetManager: Finished task 30.0 in stage 4.0 (TID 35) in 74 ms on 172.18.0.5 (executor 0) (33/50)
[2025-06-01T09:01:01.869+0000] {spark_submit.py:644} INFO - 25/06/01 09:01:01 INFO TaskSetManager: Starting task 35.0 in stage 4.0 (TID 40) (172.18.0.5, executor 0, partition 35, PROCESS_LOCAL, 10175 bytes)
[2025-06-01T09:01:01.873+0000] {spark_submit.py:644} INFO - 25/06/01 09:01:01 INFO TaskSetManager: Finished task 31.0 in stage 4.0 (TID 36) in 80 ms on 172.18.0.5 (executor 0) (34/50)
[2025-06-01T09:01:01.873+0000] {spark_submit.py:644} INFO - 25/06/01 09:01:01 INFO TaskSetManager: Starting task 36.0 in stage 4.0 (TID 41) (172.18.0.5, executor 0, partition 36, PROCESS_LOCAL, 10175 bytes)
[2025-06-01T09:01:01.874+0000] {spark_submit.py:644} INFO - 25/06/01 09:01:01 INFO TaskSetManager: Finished task 32.0 in stage 4.0 (TID 37) in 80 ms on 172.18.0.5 (executor 0) (35/50)
[2025-06-01T09:01:01.876+0000] {spark_submit.py:644} INFO - 25/06/01 09:01:01 INFO TaskSetManager: Starting task 37.0 in stage 4.0 (TID 42) (172.18.0.5, executor 0, partition 37, PROCESS_LOCAL, 10175 bytes)
[2025-06-01T09:01:01.881+0000] {spark_submit.py:644} INFO - 25/06/01 09:01:01 INFO TaskSetManager: Finished task 33.0 in stage 4.0 (TID 38) in 84 ms on 172.18.0.5 (executor 0) (36/50)
[2025-06-01T09:01:01.905+0000] {spark_submit.py:644} INFO - 25/06/01 09:01:01 INFO BlockManagerInfo: Added rdd_21_34 in memory on 172.18.0.5:35397 (size: 46.0 B, free: 1048.6 MiB)
[2025-06-01T09:01:01.920+0000] {spark_submit.py:644} INFO - 25/06/01 09:01:01 INFO BlockManagerInfo: Added rdd_21_35 in memory on 172.18.0.5:35397 (size: 46.0 B, free: 1048.6 MiB)
[2025-06-01T09:01:01.920+0000] {spark_submit.py:644} INFO - 25/06/01 09:01:01 INFO BlockManagerInfo: Added rdd_21_36 in memory on 172.18.0.5:35397 (size: 46.0 B, free: 1048.6 MiB)
[2025-06-01T09:01:01.921+0000] {spark_submit.py:644} INFO - 25/06/01 09:01:01 INFO BlockManagerInfo: Added rdd_21_37 in memory on 172.18.0.5:35397 (size: 46.0 B, free: 1048.6 MiB)
[2025-06-01T09:01:01.922+0000] {spark_submit.py:644} INFO - 25/06/01 09:01:01 INFO TaskSetManager: Starting task 38.0 in stage 4.0 (TID 43) (172.18.0.5, executor 0, partition 38, PROCESS_LOCAL, 10175 bytes)
[2025-06-01T09:01:01.922+0000] {spark_submit.py:644} INFO - 25/06/01 09:01:01 INFO TaskSetManager: Finished task 34.0 in stage 4.0 (TID 39) in 61 ms on 172.18.0.5 (executor 0) (37/50)
[2025-06-01T09:01:01.938+0000] {spark_submit.py:644} INFO - 25/06/01 09:01:01 INFO TaskSetManager: Starting task 40.0 in stage 4.0 (TID 44) (172.18.0.5, executor 0, partition 40, PROCESS_LOCAL, 10175 bytes)
[2025-06-01T09:01:01.939+0000] {spark_submit.py:644} INFO - 25/06/01 09:01:01 INFO TaskSetManager: Finished task 35.0 in stage 4.0 (TID 40) in 70 ms on 172.18.0.5 (executor 0) (38/50)
[2025-06-01T09:01:01.941+0000] {spark_submit.py:644} INFO - 25/06/01 09:01:01 INFO TaskSetManager: Starting task 41.0 in stage 4.0 (TID 45) (172.18.0.5, executor 0, partition 41, PROCESS_LOCAL, 10175 bytes)
[2025-06-01T09:01:01.942+0000] {spark_submit.py:644} INFO - 25/06/01 09:01:01 INFO TaskSetManager: Finished task 37.0 in stage 4.0 (TID 42) in 66 ms on 172.18.0.5 (executor 0) (39/50)
[2025-06-01T09:01:01.943+0000] {spark_submit.py:644} INFO - 25/06/01 09:01:01 INFO TaskSetManager: Starting task 43.0 in stage 4.0 (TID 46) (172.18.0.5, executor 0, partition 43, PROCESS_LOCAL, 10175 bytes)
[2025-06-01T09:01:01.944+0000] {spark_submit.py:644} INFO - 25/06/01 09:01:01 INFO TaskSetManager: Finished task 36.0 in stage 4.0 (TID 41) in 71 ms on 172.18.0.5 (executor 0) (40/50)
[2025-06-01T09:01:01.955+0000] {spark_submit.py:644} INFO - 25/06/01 09:01:01 INFO BlockManagerInfo: Added rdd_21_38 in memory on 172.18.0.5:35397 (size: 46.0 B, free: 1048.6 MiB)
[2025-06-01T09:01:01.974+0000] {spark_submit.py:644} INFO - 25/06/01 09:01:01 INFO BlockManagerInfo: Added rdd_21_40 in memory on 172.18.0.5:35397 (size: 46.0 B, free: 1048.6 MiB)
[2025-06-01T09:01:01.975+0000] {spark_submit.py:644} INFO - 25/06/01 09:01:01 INFO TaskSetManager: Starting task 44.0 in stage 4.0 (TID 47) (172.18.0.5, executor 0, partition 44, PROCESS_LOCAL, 10175 bytes)
[2025-06-01T09:01:01.976+0000] {spark_submit.py:644} INFO - 25/06/01 09:01:01 INFO TaskSetManager: Finished task 38.0 in stage 4.0 (TID 43) in 54 ms on 172.18.0.5 (executor 0) (41/50)
[2025-06-01T09:01:01.989+0000] {spark_submit.py:644} INFO - 25/06/01 09:01:01 INFO BlockManagerInfo: Added rdd_21_43 in memory on 172.18.0.5:35397 (size: 46.0 B, free: 1048.6 MiB)
[2025-06-01T09:01:01.993+0000] {spark_submit.py:644} INFO - 25/06/01 09:01:01 INFO TaskSetManager: Starting task 45.0 in stage 4.0 (TID 48) (172.18.0.5, executor 0, partition 45, PROCESS_LOCAL, 10175 bytes)
[2025-06-01T09:01:01.994+0000] {spark_submit.py:644} INFO - 25/06/01 09:01:01 INFO TaskSetManager: Finished task 40.0 in stage 4.0 (TID 44) in 56 ms on 172.18.0.5 (executor 0) (42/50)
[2025-06-01T09:01:01.996+0000] {spark_submit.py:644} INFO - 25/06/01 09:01:01 INFO BlockManagerInfo: Added rdd_21_41 in memory on 172.18.0.5:35397 (size: 46.0 B, free: 1048.6 MiB)
[2025-06-01T09:01:02.004+0000] {spark_submit.py:644} INFO - 25/06/01 09:01:02 INFO TaskSetManager: Starting task 46.0 in stage 4.0 (TID 49) (172.18.0.5, executor 0, partition 46, PROCESS_LOCAL, 10175 bytes)
[2025-06-01T09:01:02.005+0000] {spark_submit.py:644} INFO - 25/06/01 09:01:02 INFO TaskSetManager: Finished task 43.0 in stage 4.0 (TID 46) in 61 ms on 172.18.0.5 (executor 0) (43/50)
[2025-06-01T09:01:02.005+0000] {spark_submit.py:644} INFO - 25/06/01 09:01:02 INFO BlockManagerInfo: Added rdd_21_44 in memory on 172.18.0.5:35397 (size: 46.0 B, free: 1048.6 MiB)
[2025-06-01T09:01:02.011+0000] {spark_submit.py:644} INFO - 25/06/01 09:01:02 INFO TaskSetManager: Starting task 47.0 in stage 4.0 (TID 50) (172.18.0.5, executor 0, partition 47, PROCESS_LOCAL, 10175 bytes)
[2025-06-01T09:01:02.012+0000] {spark_submit.py:644} INFO - 25/06/01 09:01:02 INFO TaskSetManager: Finished task 41.0 in stage 4.0 (TID 45) in 70 ms on 172.18.0.5 (executor 0) (44/50)
[2025-06-01T09:01:02.022+0000] {spark_submit.py:644} INFO - 25/06/01 09:01:02 INFO TaskSetManager: Starting task 48.0 in stage 4.0 (TID 51) (172.18.0.5, executor 0, partition 48, PROCESS_LOCAL, 10175 bytes)
[2025-06-01T09:01:02.022+0000] {spark_submit.py:644} INFO - 25/06/01 09:01:02 INFO TaskSetManager: Finished task 44.0 in stage 4.0 (TID 47) in 48 ms on 172.18.0.5 (executor 0) (45/50)
[2025-06-01T09:01:02.026+0000] {spark_submit.py:644} INFO - 25/06/01 09:01:02 INFO BlockManagerInfo: Added rdd_21_45 in memory on 172.18.0.5:35397 (size: 46.0 B, free: 1048.6 MiB)
[2025-06-01T09:01:02.038+0000] {spark_submit.py:644} INFO - 25/06/01 09:01:02 INFO BlockManagerInfo: Added rdd_21_46 in memory on 172.18.0.5:35397 (size: 46.0 B, free: 1048.6 MiB)
[2025-06-01T09:01:02.042+0000] {spark_submit.py:644} INFO - 25/06/01 09:01:02 INFO TaskSetManager: Starting task 49.0 in stage 4.0 (TID 52) (172.18.0.5, executor 0, partition 49, PROCESS_LOCAL, 10175 bytes)
[2025-06-01T09:01:02.043+0000] {spark_submit.py:644} INFO - 25/06/01 09:01:02 INFO TaskSetManager: Finished task 45.0 in stage 4.0 (TID 48) in 51 ms on 172.18.0.5 (executor 0) (46/50)
[2025-06-01T09:01:02.043+0000] {spark_submit.py:644} INFO - 25/06/01 09:01:02 INFO BlockManagerInfo: Added rdd_21_47 in memory on 172.18.0.5:35397 (size: 46.0 B, free: 1048.6 MiB)
[2025-06-01T09:01:02.051+0000] {spark_submit.py:644} INFO - 25/06/01 09:01:02 INFO BlockManagerInfo: Added rdd_21_48 in memory on 172.18.0.5:35397 (size: 46.0 B, free: 1048.6 MiB)
[2025-06-01T09:01:02.055+0000] {spark_submit.py:644} INFO - 25/06/01 09:01:02 INFO TaskSetManager: Finished task 46.0 in stage 4.0 (TID 49) in 48 ms on 172.18.0.5 (executor 0) (47/50)
[2025-06-01T09:01:02.057+0000] {spark_submit.py:644} INFO - 25/06/01 09:01:02 INFO TaskSetManager: Finished task 47.0 in stage 4.0 (TID 50) in 47 ms on 172.18.0.5 (executor 0) (48/50)
[2025-06-01T09:01:02.066+0000] {spark_submit.py:644} INFO - 25/06/01 09:01:02 INFO TaskSetManager: Finished task 48.0 in stage 4.0 (TID 51) in 44 ms on 172.18.0.5 (executor 0) (49/50)
[2025-06-01T09:01:02.070+0000] {spark_submit.py:644} INFO - 25/06/01 09:01:02 INFO BlockManagerInfo: Added rdd_21_49 in memory on 172.18.0.5:35397 (size: 46.0 B, free: 1048.6 MiB)
[2025-06-01T09:01:02.082+0000] {spark_submit.py:644} INFO - 25/06/01 09:01:02 INFO TaskSetManager: Finished task 49.0 in stage 4.0 (TID 52) in 39 ms on 172.18.0.5 (executor 0) (50/50)
[2025-06-01T09:01:02.082+0000] {spark_submit.py:644} INFO - 25/06/01 09:01:02 INFO TaskSchedulerImpl: Removed TaskSet 4.0, whose tasks have all completed, from pool
[2025-06-01T09:01:02.082+0000] {spark_submit.py:644} INFO - 25/06/01 09:01:02 INFO DAGScheduler: ShuffleMapStage 4 ($anonfun$recordDeltaOperationInternal$1 at DatabricksLogging.scala:128) finished in 1.690 s
[2025-06-01T09:01:02.083+0000] {spark_submit.py:644} INFO - 25/06/01 09:01:02 INFO DAGScheduler: looking for newly runnable stages
[2025-06-01T09:01:02.083+0000] {spark_submit.py:644} INFO - 25/06/01 09:01:02 INFO DAGScheduler: running: Set()
[2025-06-01T09:01:02.084+0000] {spark_submit.py:644} INFO - 25/06/01 09:01:02 INFO DAGScheduler: waiting: Set()
[2025-06-01T09:01:02.086+0000] {spark_submit.py:644} INFO - 25/06/01 09:01:02 INFO DAGScheduler: failed: Set()
[2025-06-01T09:01:02.101+0000] {spark_submit.py:644} INFO - 25/06/01 09:01:02 INFO SparkContext: Starting job: $anonfun$recordDeltaOperationInternal$1 at DatabricksLogging.scala:128
[2025-06-01T09:01:02.102+0000] {spark_submit.py:644} INFO - 25/06/01 09:01:02 INFO DAGScheduler: Got job 5 ($anonfun$recordDeltaOperationInternal$1 at DatabricksLogging.scala:128) with 1 output partitions
[2025-06-01T09:01:02.102+0000] {spark_submit.py:644} INFO - 25/06/01 09:01:02 INFO DAGScheduler: Final stage: ResultStage 7 ($anonfun$recordDeltaOperationInternal$1 at DatabricksLogging.scala:128)
[2025-06-01T09:01:02.103+0000] {spark_submit.py:644} INFO - 25/06/01 09:01:02 INFO DAGScheduler: Parents of final stage: List(ShuffleMapStage 6)
[2025-06-01T09:01:02.103+0000] {spark_submit.py:644} INFO - 25/06/01 09:01:02 INFO DAGScheduler: Missing parents: List()
[2025-06-01T09:01:02.103+0000] {spark_submit.py:644} INFO - 25/06/01 09:01:02 INFO DAGScheduler: Submitting ResultStage 7 (MapPartitionsRDD[27] at $anonfun$recordDeltaOperationInternal$1 at DatabricksLogging.scala:128), which has no missing parents
[2025-06-01T09:01:02.106+0000] {spark_submit.py:644} INFO - 25/06/01 09:01:02 INFO MemoryStore: Block broadcast_8 stored as values in memory (estimated size 533.8 KiB, free 432.4 MiB)
[2025-06-01T09:01:02.108+0000] {spark_submit.py:644} INFO - 25/06/01 09:01:02 INFO MemoryStore: Block broadcast_8_piece0 stored as bytes in memory (estimated size 124.5 KiB, free 432.3 MiB)
[2025-06-01T09:01:02.108+0000] {spark_submit.py:644} INFO - 25/06/01 09:01:02 INFO BlockManagerInfo: Added broadcast_8_piece0 in memory on a4c41458c676:37117 (size: 124.5 KiB, free: 434.0 MiB)
[2025-06-01T09:01:02.109+0000] {spark_submit.py:644} INFO - 25/06/01 09:01:02 INFO SparkContext: Created broadcast 8 from broadcast at DAGScheduler.scala:1585
[2025-06-01T09:01:02.109+0000] {spark_submit.py:644} INFO - 25/06/01 09:01:02 INFO DAGScheduler: Submitting 1 missing tasks from ResultStage 7 (MapPartitionsRDD[27] at $anonfun$recordDeltaOperationInternal$1 at DatabricksLogging.scala:128) (first 15 tasks are for partitions Vector(0))
[2025-06-01T09:01:02.109+0000] {spark_submit.py:644} INFO - 25/06/01 09:01:02 INFO TaskSchedulerImpl: Adding task set 7.0 with 1 tasks resource profile 0
[2025-06-01T09:01:02.110+0000] {spark_submit.py:644} INFO - 25/06/01 09:01:02 INFO TaskSetManager: Starting task 0.0 in stage 7.0 (TID 53) (172.18.0.5, executor 0, partition 0, NODE_LOCAL, 10186 bytes)
[2025-06-01T09:01:02.118+0000] {spark_submit.py:644} INFO - 25/06/01 09:01:02 INFO BlockManagerInfo: Added broadcast_8_piece0 in memory on 172.18.0.5:35397 (size: 124.5 KiB, free: 1048.5 MiB)
[2025-06-01T09:01:02.126+0000] {spark_submit.py:644} INFO - 25/06/01 09:01:02 INFO MapOutputTrackerMasterEndpoint: Asked to send map output locations for shuffle 1 to 172.18.0.5:40852
[2025-06-01T09:01:02.160+0000] {spark_submit.py:644} INFO - 25/06/01 09:01:02 INFO TaskSetManager: Finished task 0.0 in stage 7.0 (TID 53) in 50 ms on 172.18.0.5 (executor 0) (1/1)
[2025-06-01T09:01:02.160+0000] {spark_submit.py:644} INFO - 25/06/01 09:01:02 INFO TaskSchedulerImpl: Removed TaskSet 7.0, whose tasks have all completed, from pool
[2025-06-01T09:01:02.161+0000] {spark_submit.py:644} INFO - 25/06/01 09:01:02 INFO DAGScheduler: ResultStage 7 ($anonfun$recordDeltaOperationInternal$1 at DatabricksLogging.scala:128) finished in 0.056 s
[2025-06-01T09:01:02.161+0000] {spark_submit.py:644} INFO - 25/06/01 09:01:02 INFO DAGScheduler: Job 5 is finished. Cancelling potential speculative or zombie tasks for this job
[2025-06-01T09:01:02.161+0000] {spark_submit.py:644} INFO - 25/06/01 09:01:02 INFO TaskSchedulerImpl: Killing all running tasks in stage 7: Stage finished
[2025-06-01T09:01:02.161+0000] {spark_submit.py:644} INFO - 25/06/01 09:01:02 INFO DAGScheduler: Job 5 finished: $anonfun$recordDeltaOperationInternal$1 at DatabricksLogging.scala:128, took 0.059597 s
[2025-06-01T09:01:02.197+0000] {spark_submit.py:644} INFO - 25/06/01 09:01:02 INFO CodeGenerator: Code generated in 28.729166 ms
[2025-06-01T09:01:02.199+0000] {spark_submit.py:644} INFO - 25/06/01 09:01:02 INFO Snapshot: [tableId=5fcef581-1392-4ca4-9224-da6333ef4f07] DELTA: Done
[2025-06-01T09:01:02.211+0000] {spark_submit.py:644} INFO - 25/06/01 09:01:02 INFO OptimisticTransaction: [tableId=235142bb,txnId=852fb8b9] Committed delta #0 to s3a://mybucket/bronze/curry_raw_data/_delta_log
[2025-06-01T09:01:02.215+0000] {spark_submit.py:644} INFO - Successfully wrote data to: s3a://mybucket/bronze/curry_raw_data/
[2025-06-01T09:01:02.216+0000] {spark_submit.py:644} INFO - Bronze ingestion job completed successfully.
[2025-06-01T09:01:02.216+0000] {spark_submit.py:644} INFO - 25/06/01 09:01:02 INFO SparkContext: SparkContext is stopping with exitCode 0.
[2025-06-01T09:01:02.223+0000] {spark_submit.py:644} INFO - 25/06/01 09:01:02 INFO SparkUI: Stopped Spark web UI at http://a4c41458c676:4040
[2025-06-01T09:01:02.225+0000] {spark_submit.py:644} INFO - 25/06/01 09:01:02 INFO StandaloneSchedulerBackend: Shutting down all executors
[2025-06-01T09:01:02.225+0000] {spark_submit.py:644} INFO - 25/06/01 09:01:02 INFO StandaloneSchedulerBackend$StandaloneDriverEndpoint: Asking each executor to shut down
[2025-06-01T09:01:02.236+0000] {spark_submit.py:644} INFO - 25/06/01 09:01:02 INFO MapOutputTrackerMasterEndpoint: MapOutputTrackerMasterEndpoint stopped!
[2025-06-01T09:01:02.245+0000] {spark_submit.py:644} INFO - 25/06/01 09:01:02 INFO MemoryStore: MemoryStore cleared
[2025-06-01T09:01:02.247+0000] {spark_submit.py:644} INFO - 25/06/01 09:01:02 INFO BlockManager: BlockManager stopped
[2025-06-01T09:01:02.247+0000] {spark_submit.py:644} INFO - 25/06/01 09:01:02 INFO BlockManagerMaster: BlockManagerMaster stopped
[2025-06-01T09:01:02.248+0000] {spark_submit.py:644} INFO - 25/06/01 09:01:02 INFO OutputCommitCoordinator$OutputCommitCoordinatorEndpoint: OutputCommitCoordinator stopped!
[2025-06-01T09:01:02.270+0000] {spark_submit.py:644} INFO - 25/06/01 09:01:02 INFO SparkContext: Successfully stopped SparkContext
[2025-06-01T09:01:02.567+0000] {spark_submit.py:644} INFO - 25/06/01 09:01:02 INFO ShutdownHookManager: Shutdown hook called
[2025-06-01T09:01:02.568+0000] {spark_submit.py:644} INFO - 25/06/01 09:01:02 INFO ShutdownHookManager: Deleting directory /tmp/spark-67c50ec7-46b4-4d7e-882a-5ab1a52b7631
[2025-06-01T09:01:02.570+0000] {spark_submit.py:644} INFO - 25/06/01 09:01:02 INFO ShutdownHookManager: Deleting directory /tmp/spark-67c50ec7-46b4-4d7e-882a-5ab1a52b7631/pyspark-0e0178cb-880b-4d86-bbd1-0f7092dfb5c4
[2025-06-01T09:01:02.572+0000] {spark_submit.py:644} INFO - 25/06/01 09:01:02 INFO ShutdownHookManager: Deleting directory /tmp/spark-57b7d694-95d7-4e92-8a2d-e4ece007c35d
[2025-06-01T09:01:02.576+0000] {spark_submit.py:644} INFO - 25/06/01 09:01:02 INFO MetricsSystemImpl: Stopping s3a-file-system metrics system...
[2025-06-01T09:01:02.577+0000] {spark_submit.py:644} INFO - 25/06/01 09:01:02 INFO MetricsSystemImpl: s3a-file-system metrics system stopped.
[2025-06-01T09:01:02.577+0000] {spark_submit.py:644} INFO - 25/06/01 09:01:02 INFO MetricsSystemImpl: s3a-file-system metrics system shutdown complete.
[2025-06-01T09:01:02.621+0000] {taskinstance.py:340} INFO - ::group::Post task execution logs
[2025-06-01T09:01:02.621+0000] {taskinstance.py:352} INFO - Marking task as SUCCESS. dag_id=curry_medallion_etl, task_id=submit_bronze_etl_job, run_id=manual__2025-06-01T09:00:47.351463+00:00, execution_date=20250601T090047, start_date=20250601T090048, end_date=20250601T090102
[2025-06-01T09:01:02.671+0000] {local_task_job_runner.py:266} INFO - Task exited with return code 0
[2025-06-01T09:01:02.686+0000] {taskinstance.py:3895} INFO - 0 downstream tasks scheduled from follow-on schedule check
[2025-06-01T09:01:02.687+0000] {local_task_job_runner.py:245} INFO - ::endgroup::
