[2025-06-07T13:14:45.527+0000] {local_task_job_runner.py:123} INFO - ::group::Pre task execution logs
[2025-06-07T13:14:45.537+0000] {taskinstance.py:2613} INFO - Dependencies all met for dep_context=non-requeueable deps ti=<TaskInstance: stephen_curry_stats_medallion_etl.bronze_ingestion manual__2025-06-07T13:14:43.909496+00:00 [queued]>
[2025-06-07T13:14:45.541+0000] {taskinstance.py:2613} INFO - Dependencies all met for dep_context=requeueable deps ti=<TaskInstance: stephen_curry_stats_medallion_etl.bronze_ingestion manual__2025-06-07T13:14:43.909496+00:00 [queued]>
[2025-06-07T13:14:45.541+0000] {taskinstance.py:2866} INFO - Starting attempt 1 of 2
[2025-06-07T13:14:45.547+0000] {taskinstance.py:2889} INFO - Executing <Task(SparkSubmitOperator): bronze_ingestion> on 2025-06-07 13:14:43.909496+00:00
[2025-06-07T13:14:45.550+0000] {standard_task_runner.py:72} INFO - Started process 2354 to run task
[2025-06-07T13:14:45.552+0000] {standard_task_runner.py:104} INFO - Running: ['***', 'tasks', 'run', 'stephen_curry_stats_medallion_etl', 'bronze_ingestion', 'manual__2025-06-07T13:14:43.909496+00:00', '--job-id', '80', '--raw', '--subdir', 'DAGS_FOLDER/stephen_curry_medallion_etl_dag.py', '--cfg-path', '/tmp/tmpbrves07_']
[2025-06-07T13:14:45.554+0000] {standard_task_runner.py:105} INFO - Job 80: Subtask bronze_ingestion
[2025-06-07T13:14:45.584+0000] {task_command.py:467} INFO - Running <TaskInstance: stephen_curry_stats_medallion_etl.bronze_ingestion manual__2025-06-07T13:14:43.909496+00:00 [running]> on host 5ebb95484de3
[2025-06-07T13:14:45.630+0000] {taskinstance.py:3132} INFO - Exporting env vars: AIRFLOW_CTX_DAG_OWNER='***' AIRFLOW_CTX_DAG_ID='stephen_curry_stats_medallion_etl' AIRFLOW_CTX_TASK_ID='bronze_ingestion' AIRFLOW_CTX_EXECUTION_DATE='2025-06-07T13:14:43.909496+00:00' AIRFLOW_CTX_TRY_NUMBER='1' AIRFLOW_CTX_DAG_RUN_ID='manual__2025-06-07T13:14:43.909496+00:00'
[2025-06-07T13:14:45.631+0000] {taskinstance.py:731} INFO - ::endgroup::
[2025-06-07T13:14:45.649+0000] {base.py:84} INFO - Retrieving connection 'spark_default'
[2025-06-07T13:14:45.650+0000] {spark_submit.py:474} INFO - Spark-Submit cmd: spark-submit --master spark://spark-master:7077 --conf spark.driver.memory=2g --conf spark.executor.memory=2g --name arrow-spark --queue root.default --deploy-mode client dags/bronze_ingestion_sc_stats_etl.py --input_path /opt/***/data/Stephen Curry Stats.parquet --output_path s3a://mybucket/sc_stats_db.db/bronze_sc_stats --output_table sc_stats_db.bronze_sc_stats
[2025-06-07T13:14:47.090+0000] {spark_submit.py:644} INFO - 25/06/07 13:14:47 INFO SparkContext: Running Spark version 3.5.2
[2025-06-07T13:14:47.091+0000] {spark_submit.py:644} INFO - 25/06/07 13:14:47 INFO SparkContext: OS info Linux, 6.10.14-linuxkit, aarch64
[2025-06-07T13:14:47.092+0000] {spark_submit.py:644} INFO - 25/06/07 13:14:47 INFO SparkContext: Java version 17.0.15
[2025-06-07T13:14:47.125+0000] {spark_submit.py:644} INFO - 25/06/07 13:14:47 WARN NativeCodeLoader: Unable to load native-hadoop library for your platform... using builtin-java classes where applicable
[2025-06-07T13:14:47.173+0000] {spark_submit.py:644} INFO - 25/06/07 13:14:47 INFO ResourceUtils: ==============================================================
[2025-06-07T13:14:47.173+0000] {spark_submit.py:644} INFO - 25/06/07 13:14:47 INFO ResourceUtils: No custom resources configured for spark.driver.
[2025-06-07T13:14:47.173+0000] {spark_submit.py:644} INFO - 25/06/07 13:14:47 INFO ResourceUtils: ==============================================================
[2025-06-07T13:14:47.174+0000] {spark_submit.py:644} INFO - 25/06/07 13:14:47 INFO SparkContext: Submitted application: BronzeIngestionStephenCurryStats
[2025-06-07T13:14:47.185+0000] {spark_submit.py:644} INFO - 25/06/07 13:14:47 INFO ResourceProfile: Default ResourceProfile created, executor resources: Map(memory -> name: memory, amount: 2048, script: , vendor: , offHeap -> name: offHeap, amount: 0, script: , vendor: ), task resources: Map(cpus -> name: cpus, amount: 1.0)
[2025-06-07T13:14:47.190+0000] {spark_submit.py:644} INFO - 25/06/07 13:14:47 INFO ResourceProfile: Limiting resource is cpu
[2025-06-07T13:14:47.190+0000] {spark_submit.py:644} INFO - 25/06/07 13:14:47 INFO ResourceProfileManager: Added ResourceProfile id: 0
[2025-06-07T13:14:47.219+0000] {spark_submit.py:644} INFO - 25/06/07 13:14:47 INFO SecurityManager: Changing view acls to: ***
[2025-06-07T13:14:47.220+0000] {spark_submit.py:644} INFO - 25/06/07 13:14:47 INFO SecurityManager: Changing modify acls to: ***
[2025-06-07T13:14:47.221+0000] {spark_submit.py:644} INFO - 25/06/07 13:14:47 INFO SecurityManager: Changing view acls groups to:
[2025-06-07T13:14:47.221+0000] {spark_submit.py:644} INFO - 25/06/07 13:14:47 INFO SecurityManager: Changing modify acls groups to:
[2025-06-07T13:14:47.222+0000] {spark_submit.py:644} INFO - 25/06/07 13:14:47 INFO SecurityManager: SecurityManager: authentication disabled; ui acls disabled; users with view permissions: ***; groups with view permissions: EMPTY; users with modify permissions: ***; groups with modify permissions: EMPTY
[2025-06-07T13:14:47.351+0000] {spark_submit.py:644} INFO - 25/06/07 13:14:47 INFO Utils: Successfully started service 'sparkDriver' on port 39175.
[2025-06-07T13:14:47.368+0000] {spark_submit.py:644} INFO - 25/06/07 13:14:47 INFO SparkEnv: Registering MapOutputTracker
[2025-06-07T13:14:47.391+0000] {spark_submit.py:644} INFO - 25/06/07 13:14:47 INFO SparkEnv: Registering BlockManagerMaster
[2025-06-07T13:14:47.399+0000] {spark_submit.py:644} INFO - 25/06/07 13:14:47 INFO BlockManagerMasterEndpoint: Using org.apache.spark.storage.DefaultTopologyMapper for getting topology information
[2025-06-07T13:14:47.403+0000] {spark_submit.py:644} INFO - 25/06/07 13:14:47 INFO BlockManagerMasterEndpoint: BlockManagerMasterEndpoint up
[2025-06-07T13:14:47.403+0000] {spark_submit.py:644} INFO - 25/06/07 13:14:47 INFO SparkEnv: Registering BlockManagerMasterHeartbeat
[2025-06-07T13:14:47.412+0000] {spark_submit.py:644} INFO - 25/06/07 13:14:47 INFO DiskBlockManager: Created local directory at /tmp/blockmgr-2802a580-0ed3-4e13-9566-c4d47047ff36
[2025-06-07T13:14:47.420+0000] {spark_submit.py:644} INFO - 25/06/07 13:14:47 INFO MemoryStore: MemoryStore started with capacity 1048.8 MiB
[2025-06-07T13:14:47.427+0000] {spark_submit.py:644} INFO - 25/06/07 13:14:47 INFO SparkEnv: Registering OutputCommitCoordinator
[2025-06-07T13:14:47.497+0000] {spark_submit.py:644} INFO - 25/06/07 13:14:47 INFO JettyUtils: Start Jetty 0.0.0.0:4040 for SparkUI
[2025-06-07T13:14:47.530+0000] {spark_submit.py:644} INFO - 25/06/07 13:14:47 WARN Utils: Service 'SparkUI' could not bind on port 4040. Attempting port 4041.
[2025-06-07T13:14:47.534+0000] {spark_submit.py:644} INFO - 25/06/07 13:14:47 INFO Utils: Successfully started service 'SparkUI' on port 4041.
[2025-06-07T13:14:47.604+0000] {spark_submit.py:644} INFO - 25/06/07 13:14:47 INFO StandaloneAppClient$ClientEndpoint: Connecting to master spark://spark-master:7077...
[2025-06-07T13:14:47.628+0000] {spark_submit.py:644} INFO - 25/06/07 13:14:47 INFO TransportClientFactory: Successfully created connection to spark-master/172.19.0.6:7077 after 12 ms (0 ms spent in bootstraps)
[2025-06-07T13:14:47.671+0000] {spark_submit.py:644} INFO - 25/06/07 13:14:47 INFO StandaloneSchedulerBackend: Connected to Spark cluster with app ID app-20250607131447-0008
[2025-06-07T13:14:47.678+0000] {spark_submit.py:644} INFO - 25/06/07 13:14:47 INFO Utils: Successfully started service 'org.apache.spark.network.netty.NettyBlockTransferService' on port 43349.
[2025-06-07T13:14:47.678+0000] {spark_submit.py:644} INFO - 25/06/07 13:14:47 INFO NettyBlockTransferService: Server created on 5ebb95484de3:43349
[2025-06-07T13:14:47.679+0000] {spark_submit.py:644} INFO - 25/06/07 13:14:47 INFO BlockManager: Using org.apache.spark.storage.RandomBlockReplicationPolicy for block replication policy
[2025-06-07T13:14:47.684+0000] {spark_submit.py:644} INFO - 25/06/07 13:14:47 INFO BlockManagerMaster: Registering BlockManager BlockManagerId(driver, 5ebb95484de3, 43349, None)
[2025-06-07T13:14:47.687+0000] {spark_submit.py:644} INFO - 25/06/07 13:14:47 INFO BlockManagerMasterEndpoint: Registering block manager 5ebb95484de3:43349 with 1048.8 MiB RAM, BlockManagerId(driver, 5ebb95484de3, 43349, None)
[2025-06-07T13:14:47.688+0000] {spark_submit.py:644} INFO - 25/06/07 13:14:47 INFO BlockManagerMaster: Registered BlockManager BlockManagerId(driver, 5ebb95484de3, 43349, None)
[2025-06-07T13:14:47.689+0000] {spark_submit.py:644} INFO - 25/06/07 13:14:47 INFO BlockManager: Initialized BlockManager: BlockManagerId(driver, 5ebb95484de3, 43349, None)
[2025-06-07T13:14:47.817+0000] {spark_submit.py:644} INFO - 25/06/07 13:14:47 INFO StandaloneSchedulerBackend: SchedulerBackend is ready for scheduling beginning after reached minRegisteredResourcesRatio: 0.0
[2025-06-07T13:14:47.936+0000] {spark_submit.py:644} INFO - 25/06/07 13:14:47 WARN SparkSession: Cannot use io.delta.sql.DeltaSparkSessionExtension to configure session extensions.
[2025-06-07T13:14:47.938+0000] {spark_submit.py:644} INFO - java.lang.ClassNotFoundException: io.delta.sql.DeltaSparkSessionExtension
[2025-06-07T13:14:47.939+0000] {spark_submit.py:644} INFO - at java.base/java.net.URLClassLoader.findClass(URLClassLoader.java:445)
[2025-06-07T13:14:47.939+0000] {spark_submit.py:644} INFO - at java.base/java.lang.ClassLoader.loadClass(ClassLoader.java:592)
[2025-06-07T13:14:47.940+0000] {spark_submit.py:644} INFO - at java.base/java.lang.ClassLoader.loadClass(ClassLoader.java:525)
[2025-06-07T13:14:47.940+0000] {spark_submit.py:644} INFO - at java.base/java.lang.Class.forName0(Native Method)
[2025-06-07T13:14:47.940+0000] {spark_submit.py:644} INFO - at java.base/java.lang.Class.forName(Class.java:467)
[2025-06-07T13:14:47.940+0000] {spark_submit.py:644} INFO - at org.apache.spark.util.SparkClassUtils.classForName(SparkClassUtils.scala:41)
[2025-06-07T13:14:47.940+0000] {spark_submit.py:644} INFO - at org.apache.spark.util.SparkClassUtils.classForName$(SparkClassUtils.scala:36)
[2025-06-07T13:14:47.941+0000] {spark_submit.py:644} INFO - at org.apache.spark.util.Utils$.classForName(Utils.scala:94)
[2025-06-07T13:14:47.941+0000] {spark_submit.py:644} INFO - at org.apache.spark.sql.SparkSession$.$anonfun$applyExtensions$2(SparkSession.scala:1367)
[2025-06-07T13:14:47.942+0000] {spark_submit.py:644} INFO - at org.apache.spark.sql.SparkSession$.$anonfun$applyExtensions$2$adapted(SparkSession.scala:1365)
[2025-06-07T13:14:47.944+0000] {spark_submit.py:644} INFO - at scala.collection.mutable.ResizableArray.foreach(ResizableArray.scala:62)
[2025-06-07T13:14:47.944+0000] {spark_submit.py:644} INFO - at scala.collection.mutable.ResizableArray.foreach$(ResizableArray.scala:55)
[2025-06-07T13:14:47.948+0000] {spark_submit.py:644} INFO - at scala.collection.mutable.ArrayBuffer.foreach(ArrayBuffer.scala:49)
[2025-06-07T13:14:47.948+0000] {spark_submit.py:644} INFO - at org.apache.spark.sql.SparkSession$.org$apache$spark$sql$SparkSession$$applyExtensions(SparkSession.scala:1365)
[2025-06-07T13:14:47.949+0000] {spark_submit.py:644} INFO - at org.apache.spark.sql.SparkSession.<init>(SparkSession.scala:105)
[2025-06-07T13:14:47.949+0000] {spark_submit.py:644} INFO - at java.base/jdk.internal.reflect.NativeConstructorAccessorImpl.newInstance0(Native Method)
[2025-06-07T13:14:47.950+0000] {spark_submit.py:644} INFO - at java.base/jdk.internal.reflect.NativeConstructorAccessorImpl.newInstance(NativeConstructorAccessorImpl.java:77)
[2025-06-07T13:14:47.950+0000] {spark_submit.py:644} INFO - at java.base/jdk.internal.reflect.DelegatingConstructorAccessorImpl.newInstance(DelegatingConstructorAccessorImpl.java:45)
[2025-06-07T13:14:47.950+0000] {spark_submit.py:644} INFO - at java.base/java.lang.reflect.Constructor.newInstanceWithCaller(Constructor.java:500)
[2025-06-07T13:14:47.951+0000] {spark_submit.py:644} INFO - at java.base/java.lang.reflect.Constructor.newInstance(Constructor.java:481)
[2025-06-07T13:14:47.951+0000] {spark_submit.py:644} INFO - at py4j.reflection.MethodInvoker.invoke(MethodInvoker.java:247)
[2025-06-07T13:14:47.952+0000] {spark_submit.py:644} INFO - at py4j.reflection.ReflectionEngine.invoke(ReflectionEngine.java:374)
[2025-06-07T13:14:47.952+0000] {spark_submit.py:644} INFO - at py4j.Gateway.invoke(Gateway.java:238)
[2025-06-07T13:14:47.953+0000] {spark_submit.py:644} INFO - at py4j.commands.ConstructorCommand.invokeConstructor(ConstructorCommand.java:80)
[2025-06-07T13:14:47.954+0000] {spark_submit.py:644} INFO - at py4j.commands.ConstructorCommand.execute(ConstructorCommand.java:69)
[2025-06-07T13:14:47.955+0000] {spark_submit.py:644} INFO - at py4j.ClientServerConnection.waitForCommands(ClientServerConnection.java:182)
[2025-06-07T13:14:47.956+0000] {spark_submit.py:644} INFO - at py4j.ClientServerConnection.run(ClientServerConnection.java:106)
[2025-06-07T13:14:47.956+0000] {spark_submit.py:644} INFO - at java.base/java.lang.Thread.run(Thread.java:840)
[2025-06-07T13:14:47.957+0000] {spark_submit.py:644} INFO - Bronze Ingestion: Spark session created.
[2025-06-07T13:14:47.983+0000] {spark_submit.py:644} INFO - 25/06/07 13:14:47 INFO SharedState: Setting hive.metastore.warehouse.dir ('null') to the value of spark.sql.warehouse.dir.
[2025-06-07T13:14:47.986+0000] {spark_submit.py:644} INFO - 25/06/07 13:14:47 WARN SharedState: Cannot qualify the warehouse path, leaving it unqualified.
[2025-06-07T13:14:47.986+0000] {spark_submit.py:644} INFO - java.lang.RuntimeException: java.lang.ClassNotFoundException: Class org.apache.hadoop.fs.s3a.S3AFileSystem not found
[2025-06-07T13:14:47.987+0000] {spark_submit.py:644} INFO - at org.apache.hadoop.conf.Configuration.getClass(Configuration.java:2688)
[2025-06-07T13:14:47.987+0000] {spark_submit.py:644} INFO - at org.apache.hadoop.fs.FileSystem.getFileSystemClass(FileSystem.java:3431)
[2025-06-07T13:14:47.988+0000] {spark_submit.py:644} INFO - at org.apache.hadoop.fs.FileSystem.createFileSystem(FileSystem.java:3466)
[2025-06-07T13:14:47.988+0000] {spark_submit.py:644} INFO - at org.apache.hadoop.fs.FileSystem.access$300(FileSystem.java:174)
[2025-06-07T13:14:47.988+0000] {spark_submit.py:644} INFO - at org.apache.hadoop.fs.FileSystem$Cache.getInternal(FileSystem.java:3574)
[2025-06-07T13:14:47.990+0000] {spark_submit.py:644} INFO - at org.apache.hadoop.fs.FileSystem$Cache.get(FileSystem.java:3521)
[2025-06-07T13:14:47.990+0000] {spark_submit.py:644} INFO - at org.apache.hadoop.fs.FileSystem.get(FileSystem.java:540)
[2025-06-07T13:14:47.990+0000] {spark_submit.py:644} INFO - at org.apache.hadoop.fs.Path.getFileSystem(Path.java:365)
[2025-06-07T13:14:47.990+0000] {spark_submit.py:644} INFO - at org.apache.spark.sql.internal.SharedState$.qualifyWarehousePath(SharedState.scala:288)
[2025-06-07T13:14:47.991+0000] {spark_submit.py:644} INFO - at org.apache.spark.sql.internal.SharedState.liftedTree1$1(SharedState.scala:80)
[2025-06-07T13:14:47.991+0000] {spark_submit.py:644} INFO - at org.apache.spark.sql.internal.SharedState.<init>(SharedState.scala:79)
[2025-06-07T13:14:47.991+0000] {spark_submit.py:644} INFO - at org.apache.spark.sql.SparkSession.$anonfun$sharedState$1(SparkSession.scala:143)
[2025-06-07T13:14:47.991+0000] {spark_submit.py:644} INFO - at scala.Option.getOrElse(Option.scala:189)
[2025-06-07T13:14:47.991+0000] {spark_submit.py:644} INFO - at org.apache.spark.sql.SparkSession.sharedState$lzycompute(SparkSession.scala:143)
[2025-06-07T13:14:47.991+0000] {spark_submit.py:644} INFO - at org.apache.spark.sql.SparkSession.sharedState(SparkSession.scala:142)
[2025-06-07T13:14:47.991+0000] {spark_submit.py:644} INFO - at org.apache.spark.sql.SparkSession.$anonfun$sessionState$2(SparkSession.scala:162)
[2025-06-07T13:14:47.992+0000] {spark_submit.py:644} INFO - at scala.Option.getOrElse(Option.scala:189)
[2025-06-07T13:14:47.992+0000] {spark_submit.py:644} INFO - at org.apache.spark.sql.SparkSession.sessionState$lzycompute(SparkSession.scala:160)
[2025-06-07T13:14:47.992+0000] {spark_submit.py:644} INFO - at org.apache.spark.sql.SparkSession.sessionState(SparkSession.scala:157)
[2025-06-07T13:14:47.992+0000] {spark_submit.py:644} INFO - at org.apache.spark.sql.DataFrameReader.<init>(DataFrameReader.scala:699)
[2025-06-07T13:14:47.992+0000] {spark_submit.py:644} INFO - at org.apache.spark.sql.SparkSession.read(SparkSession.scala:783)
[2025-06-07T13:14:47.993+0000] {spark_submit.py:644} INFO - at java.base/jdk.internal.reflect.NativeMethodAccessorImpl.invoke0(Native Method)
[2025-06-07T13:14:47.993+0000] {spark_submit.py:644} INFO - at java.base/jdk.internal.reflect.NativeMethodAccessorImpl.invoke(NativeMethodAccessorImpl.java:77)
[2025-06-07T13:14:47.993+0000] {spark_submit.py:644} INFO - at java.base/jdk.internal.reflect.DelegatingMethodAccessorImpl.invoke(DelegatingMethodAccessorImpl.java:43)
[2025-06-07T13:14:47.994+0000] {spark_submit.py:644} INFO - at java.base/java.lang.reflect.Method.invoke(Method.java:569)
[2025-06-07T13:14:47.994+0000] {spark_submit.py:644} INFO - at py4j.reflection.MethodInvoker.invoke(MethodInvoker.java:244)
[2025-06-07T13:14:47.995+0000] {spark_submit.py:644} INFO - at py4j.reflection.ReflectionEngine.invoke(ReflectionEngine.java:374)
[2025-06-07T13:14:47.996+0000] {spark_submit.py:644} INFO - at py4j.Gateway.invoke(Gateway.java:282)
[2025-06-07T13:14:47.997+0000] {spark_submit.py:644} INFO - at py4j.commands.AbstractCommand.invokeMethod(AbstractCommand.java:132)
[2025-06-07T13:14:47.997+0000] {spark_submit.py:644} INFO - at py4j.commands.CallCommand.execute(CallCommand.java:79)
[2025-06-07T13:14:47.997+0000] {spark_submit.py:644} INFO - at py4j.ClientServerConnection.waitForCommands(ClientServerConnection.java:182)
[2025-06-07T13:14:47.998+0000] {spark_submit.py:644} INFO - at py4j.ClientServerConnection.run(ClientServerConnection.java:106)
[2025-06-07T13:14:47.998+0000] {spark_submit.py:644} INFO - at java.base/java.lang.Thread.run(Thread.java:840)
[2025-06-07T13:14:47.998+0000] {spark_submit.py:644} INFO - Caused by: java.lang.ClassNotFoundException: Class org.apache.hadoop.fs.s3a.S3AFileSystem not found
[2025-06-07T13:14:47.998+0000] {spark_submit.py:644} INFO - at org.apache.hadoop.conf.Configuration.getClassByName(Configuration.java:2592)
[2025-06-07T13:14:47.999+0000] {spark_submit.py:644} INFO - at org.apache.hadoop.conf.Configuration.getClass(Configuration.java:2686)
[2025-06-07T13:14:47.999+0000] {spark_submit.py:644} INFO - ... 32 more
[2025-06-07T13:14:48.506+0000] {spark_submit.py:644} INFO - 25/06/07 13:14:48 INFO InMemoryFileIndex: It took 21 ms to list leaf files for 1 paths.
[2025-06-07T13:14:48.908+0000] {spark_submit.py:644} INFO - Successfully loaded Stephen Curry stats from: /opt/***/data/Stephen Curry Stats.parquet
[2025-06-07T13:14:49.244+0000] {spark_submit.py:644} INFO - Error writing data to Bronze layer: An error occurred while calling o41.sql.
[2025-06-07T13:14:49.245+0000] {spark_submit.py:644} INFO - : org.apache.spark.SparkException: Cannot find catalog plugin class for catalog 'spark_catalog': org.apache.spark.sql.delta.catalog.DeltaCatalog.
[2025-06-07T13:14:49.245+0000] {spark_submit.py:644} INFO - at org.apache.spark.sql.errors.QueryExecutionErrors$.catalogPluginClassNotFoundForCatalogError(QueryExecutionErrors.scala:1926)
[2025-06-07T13:14:49.245+0000] {spark_submit.py:644} INFO - at org.apache.spark.sql.connector.catalog.Catalogs$.load(Catalogs.scala:70)
[2025-06-07T13:14:49.246+0000] {spark_submit.py:644} INFO - at org.apache.spark.sql.connector.catalog.CatalogManager.loadV2SessionCatalog(CatalogManager.scala:68)
[2025-06-07T13:14:49.246+0000] {spark_submit.py:644} INFO - at org.apache.spark.sql.connector.catalog.CatalogManager.$anonfun$v2SessionCatalog$2(CatalogManager.scala:87)
[2025-06-07T13:14:49.246+0000] {spark_submit.py:644} INFO - at scala.collection.mutable.HashMap.getOrElseUpdate(HashMap.scala:86)
[2025-06-07T13:14:49.247+0000] {spark_submit.py:644} INFO - at org.apache.spark.sql.connector.catalog.CatalogManager.$anonfun$v2SessionCatalog$1(CatalogManager.scala:87)
[2025-06-07T13:14:49.247+0000] {spark_submit.py:644} INFO - at scala.Option.map(Option.scala:230)
[2025-06-07T13:14:49.247+0000] {spark_submit.py:644} INFO - at org.apache.spark.sql.connector.catalog.CatalogManager.v2SessionCatalog(CatalogManager.scala:86)
[2025-06-07T13:14:49.247+0000] {spark_submit.py:644} INFO - at org.apache.spark.sql.connector.catalog.CatalogManager.catalog(CatalogManager.scala:52)
[2025-06-07T13:14:49.248+0000] {spark_submit.py:644} INFO - at org.apache.spark.sql.connector.catalog.CatalogManager.currentCatalog(CatalogManager.scala:135)
[2025-06-07T13:14:49.248+0000] {spark_submit.py:644} INFO - at org.apache.spark.sql.connector.catalog.LookupCatalog.currentCatalog(LookupCatalog.scala:34)
[2025-06-07T13:14:49.249+0000] {spark_submit.py:644} INFO - at org.apache.spark.sql.connector.catalog.LookupCatalog.currentCatalog$(LookupCatalog.scala:34)
[2025-06-07T13:14:49.249+0000] {spark_submit.py:644} INFO - at org.apache.spark.sql.catalyst.analysis.ResolveCatalogs.currentCatalog(ResolveCatalogs.scala:27)
[2025-06-07T13:14:49.249+0000] {spark_submit.py:644} INFO - at org.apache.spark.sql.connector.catalog.LookupCatalog$CatalogAndNamespace$.unapply(LookupCatalog.scala:89)
[2025-06-07T13:14:49.250+0000] {spark_submit.py:644} INFO - at org.apache.spark.sql.catalyst.analysis.ResolveCatalogs$$anonfun$apply$1.applyOrElse(ResolveCatalogs.scala:51)
[2025-06-07T13:14:49.250+0000] {spark_submit.py:644} INFO - at org.apache.spark.sql.catalyst.analysis.ResolveCatalogs$$anonfun$apply$1.applyOrElse(ResolveCatalogs.scala:30)
[2025-06-07T13:14:49.250+0000] {spark_submit.py:644} INFO - at org.apache.spark.sql.catalyst.plans.logical.AnalysisHelper.$anonfun$resolveOperatorsDownWithPruning$2(AnalysisHelper.scala:170)
[2025-06-07T13:14:49.251+0000] {spark_submit.py:644} INFO - at org.apache.spark.sql.catalyst.trees.CurrentOrigin$.withOrigin(origin.scala:76)
[2025-06-07T13:14:49.251+0000] {spark_submit.py:644} INFO - at org.apache.spark.sql.catalyst.plans.logical.AnalysisHelper.$anonfun$resolveOperatorsDownWithPruning$1(AnalysisHelper.scala:170)
[2025-06-07T13:14:49.251+0000] {spark_submit.py:644} INFO - at org.apache.spark.sql.catalyst.plans.logical.AnalysisHelper$.allowInvokingTransformsInAnalyzer(AnalysisHelper.scala:323)
[2025-06-07T13:14:49.252+0000] {spark_submit.py:644} INFO - at org.apache.spark.sql.catalyst.plans.logical.AnalysisHelper.resolveOperatorsDownWithPruning(AnalysisHelper.scala:168)
[2025-06-07T13:14:49.252+0000] {spark_submit.py:644} INFO - at org.apache.spark.sql.catalyst.plans.logical.AnalysisHelper.resolveOperatorsDownWithPruning$(AnalysisHelper.scala:164)
[2025-06-07T13:14:49.252+0000] {spark_submit.py:644} INFO - at org.apache.spark.sql.catalyst.plans.logical.LogicalPlan.resolveOperatorsDownWithPruning(LogicalPlan.scala:32)
[2025-06-07T13:14:49.252+0000] {spark_submit.py:644} INFO - at org.apache.spark.sql.catalyst.plans.logical.AnalysisHelper.$anonfun$resolveOperatorsDownWithPruning$4(AnalysisHelper.scala:175)
[2025-06-07T13:14:49.253+0000] {spark_submit.py:644} INFO - at org.apache.spark.sql.catalyst.trees.UnaryLike.mapChildren(TreeNode.scala:1216)
[2025-06-07T13:14:49.253+0000] {spark_submit.py:644} INFO - at org.apache.spark.sql.catalyst.trees.UnaryLike.mapChildren$(TreeNode.scala:1215)
[2025-06-07T13:14:49.253+0000] {spark_submit.py:644} INFO - at org.apache.spark.sql.catalyst.plans.logical.CreateNamespace.mapChildren(v2Commands.scala:549)
[2025-06-07T13:14:49.253+0000] {spark_submit.py:644} INFO - at org.apache.spark.sql.catalyst.plans.logical.AnalysisHelper.$anonfun$resolveOperatorsDownWithPruning$1(AnalysisHelper.scala:175)
[2025-06-07T13:14:49.254+0000] {spark_submit.py:644} INFO - at org.apache.spark.sql.catalyst.plans.logical.AnalysisHelper$.allowInvokingTransformsInAnalyzer(AnalysisHelper.scala:323)
[2025-06-07T13:14:49.254+0000] {spark_submit.py:644} INFO - at org.apache.spark.sql.catalyst.plans.logical.AnalysisHelper.resolveOperatorsDownWithPruning(AnalysisHelper.scala:168)
[2025-06-07T13:14:49.254+0000] {spark_submit.py:644} INFO - at org.apache.spark.sql.catalyst.plans.logical.AnalysisHelper.resolveOperatorsDownWithPruning$(AnalysisHelper.scala:164)
[2025-06-07T13:14:49.254+0000] {spark_submit.py:644} INFO - at org.apache.spark.sql.catalyst.plans.logical.LogicalPlan.resolveOperatorsDownWithPruning(LogicalPlan.scala:32)
[2025-06-07T13:14:49.255+0000] {spark_submit.py:644} INFO - at org.apache.spark.sql.catalyst.plans.logical.AnalysisHelper.resolveOperatorsWithPruning(AnalysisHelper.scala:99)
[2025-06-07T13:14:49.257+0000] {spark_submit.py:644} INFO - at org.apache.spark.sql.catalyst.plans.logical.AnalysisHelper.resolveOperatorsWithPruning$(AnalysisHelper.scala:96)
[2025-06-07T13:14:49.258+0000] {spark_submit.py:644} INFO - at org.apache.spark.sql.catalyst.plans.logical.LogicalPlan.resolveOperatorsWithPruning(LogicalPlan.scala:32)
[2025-06-07T13:14:49.258+0000] {spark_submit.py:644} INFO - at org.apache.spark.sql.catalyst.plans.logical.AnalysisHelper.resolveOperators(AnalysisHelper.scala:76)
[2025-06-07T13:14:49.258+0000] {spark_submit.py:644} INFO - at org.apache.spark.sql.catalyst.plans.logical.AnalysisHelper.resolveOperators$(AnalysisHelper.scala:75)
[2025-06-07T13:14:49.259+0000] {spark_submit.py:644} INFO - at org.apache.spark.sql.catalyst.plans.logical.LogicalPlan.resolveOperators(LogicalPlan.scala:32)
[2025-06-07T13:14:49.259+0000] {spark_submit.py:644} INFO - at org.apache.spark.sql.catalyst.analysis.ResolveCatalogs.apply(ResolveCatalogs.scala:30)
[2025-06-07T13:14:49.259+0000] {spark_submit.py:644} INFO - at org.apache.spark.sql.catalyst.analysis.ResolveCatalogs.apply(ResolveCatalogs.scala:27)
[2025-06-07T13:14:49.259+0000] {spark_submit.py:644} INFO - at org.apache.spark.sql.catalyst.rules.RuleExecutor.$anonfun$execute$2(RuleExecutor.scala:222)
[2025-06-07T13:14:49.261+0000] {spark_submit.py:644} INFO - at scala.collection.LinearSeqOptimized.foldLeft(LinearSeqOptimized.scala:126)
[2025-06-07T13:14:49.262+0000] {spark_submit.py:644} INFO - at scala.collection.LinearSeqOptimized.foldLeft$(LinearSeqOptimized.scala:122)
[2025-06-07T13:14:49.265+0000] {spark_submit.py:644} INFO - at scala.collection.immutable.List.foldLeft(List.scala:91)
[2025-06-07T13:14:49.266+0000] {spark_submit.py:644} INFO - at org.apache.spark.sql.catalyst.rules.RuleExecutor.$anonfun$execute$1(RuleExecutor.scala:219)
[2025-06-07T13:14:49.268+0000] {spark_submit.py:644} INFO - at org.apache.spark.sql.catalyst.rules.RuleExecutor.$anonfun$execute$1$adapted(RuleExecutor.scala:211)
[2025-06-07T13:14:49.270+0000] {spark_submit.py:644} INFO - at scala.collection.immutable.List.foreach(List.scala:431)
[2025-06-07T13:14:49.270+0000] {spark_submit.py:644} INFO - at org.apache.spark.sql.catalyst.rules.RuleExecutor.execute(RuleExecutor.scala:211)
[2025-06-07T13:14:49.271+0000] {spark_submit.py:644} INFO - at org.apache.spark.sql.catalyst.analysis.Analyzer.org$apache$spark$sql$catalyst$analysis$Analyzer$$executeSameContext(Analyzer.scala:240)
[2025-06-07T13:14:49.271+0000] {spark_submit.py:644} INFO - at org.apache.spark.sql.catalyst.analysis.Analyzer.$anonfun$execute$1(Analyzer.scala:236)
[2025-06-07T13:14:49.272+0000] {spark_submit.py:644} INFO - at org.apache.spark.sql.catalyst.analysis.AnalysisContext$.withNewAnalysisContext(Analyzer.scala:187)
[2025-06-07T13:14:49.272+0000] {spark_submit.py:644} INFO - at org.apache.spark.sql.catalyst.analysis.Analyzer.execute(Analyzer.scala:236)
[2025-06-07T13:14:49.272+0000] {spark_submit.py:644} INFO - at org.apache.spark.sql.catalyst.analysis.Analyzer.execute(Analyzer.scala:202)
[2025-06-07T13:14:49.273+0000] {spark_submit.py:644} INFO - at org.apache.spark.sql.catalyst.rules.RuleExecutor.$anonfun$executeAndTrack$1(RuleExecutor.scala:182)
[2025-06-07T13:14:49.273+0000] {spark_submit.py:644} INFO - at org.apache.spark.sql.catalyst.QueryPlanningTracker$.withTracker(QueryPlanningTracker.scala:89)
[2025-06-07T13:14:49.273+0000] {spark_submit.py:644} INFO - at org.apache.spark.sql.catalyst.rules.RuleExecutor.executeAndTrack(RuleExecutor.scala:182)
[2025-06-07T13:14:49.274+0000] {spark_submit.py:644} INFO - at org.apache.spark.sql.catalyst.analysis.Analyzer.$anonfun$executeAndCheck$1(Analyzer.scala:223)
[2025-06-07T13:14:49.274+0000] {spark_submit.py:644} INFO - at org.apache.spark.sql.catalyst.plans.logical.AnalysisHelper$.markInAnalyzer(AnalysisHelper.scala:330)
[2025-06-07T13:14:49.274+0000] {spark_submit.py:644} INFO - at org.apache.spark.sql.catalyst.analysis.Analyzer.executeAndCheck(Analyzer.scala:222)
[2025-06-07T13:14:49.275+0000] {spark_submit.py:644} INFO - at org.apache.spark.sql.execution.QueryExecution.$anonfun$analyzed$1(QueryExecution.scala:77)
[2025-06-07T13:14:49.280+0000] {spark_submit.py:644} INFO - at org.apache.spark.sql.catalyst.QueryPlanningTracker.measurePhase(QueryPlanningTracker.scala:138)
[2025-06-07T13:14:49.280+0000] {spark_submit.py:644} INFO - at org.apache.spark.sql.execution.QueryExecution.$anonfun$executePhase$2(QueryExecution.scala:219)
[2025-06-07T13:14:49.281+0000] {spark_submit.py:644} INFO - at org.apache.spark.sql.execution.QueryExecution$.withInternalError(QueryExecution.scala:546)
[2025-06-07T13:14:49.281+0000] {spark_submit.py:644} INFO - at org.apache.spark.sql.execution.QueryExecution.$anonfun$executePhase$1(QueryExecution.scala:219)
[2025-06-07T13:14:49.281+0000] {spark_submit.py:644} INFO - at org.apache.spark.sql.SparkSession.withActive(SparkSession.scala:900)
[2025-06-07T13:14:49.281+0000] {spark_submit.py:644} INFO - at org.apache.spark.sql.execution.QueryExecution.executePhase(QueryExecution.scala:218)
[2025-06-07T13:14:49.281+0000] {spark_submit.py:644} INFO - at org.apache.spark.sql.execution.QueryExecution.analyzed$lzycompute(QueryExecution.scala:77)
[2025-06-07T13:14:49.282+0000] {spark_submit.py:644} INFO - at org.apache.spark.sql.execution.QueryExecution.analyzed(QueryExecution.scala:74)
[2025-06-07T13:14:49.282+0000] {spark_submit.py:644} INFO - at org.apache.spark.sql.execution.QueryExecution.assertAnalyzed(QueryExecution.scala:66)
[2025-06-07T13:14:49.282+0000] {spark_submit.py:644} INFO - at org.apache.spark.sql.Dataset$.$anonfun$ofRows$2(Dataset.scala:99)
[2025-06-07T13:14:49.283+0000] {spark_submit.py:644} INFO - at org.apache.spark.sql.SparkSession.withActive(SparkSession.scala:900)
[2025-06-07T13:14:49.284+0000] {spark_submit.py:644} INFO - at org.apache.spark.sql.Dataset$.ofRows(Dataset.scala:97)
[2025-06-07T13:14:49.285+0000] {spark_submit.py:644} INFO - at org.apache.spark.sql.SparkSession.$anonfun$sql$1(SparkSession.scala:638)
[2025-06-07T13:14:49.285+0000] {spark_submit.py:644} INFO - at org.apache.spark.sql.SparkSession.withActive(SparkSession.scala:900)
[2025-06-07T13:14:49.286+0000] {spark_submit.py:644} INFO - at org.apache.spark.sql.SparkSession.sql(SparkSession.scala:629)
[2025-06-07T13:14:49.287+0000] {spark_submit.py:644} INFO - at org.apache.spark.sql.SparkSession.sql(SparkSession.scala:659)
[2025-06-07T13:14:49.287+0000] {spark_submit.py:644} INFO - at java.base/jdk.internal.reflect.NativeMethodAccessorImpl.invoke0(Native Method)
[2025-06-07T13:14:49.288+0000] {spark_submit.py:644} INFO - at java.base/jdk.internal.reflect.NativeMethodAccessorImpl.invoke(NativeMethodAccessorImpl.java:77)
[2025-06-07T13:14:49.289+0000] {spark_submit.py:644} INFO - at java.base/jdk.internal.reflect.DelegatingMethodAccessorImpl.invoke(DelegatingMethodAccessorImpl.java:43)
[2025-06-07T13:14:49.289+0000] {spark_submit.py:644} INFO - at java.base/java.lang.reflect.Method.invoke(Method.java:569)
[2025-06-07T13:14:49.289+0000] {spark_submit.py:644} INFO - at py4j.reflection.MethodInvoker.invoke(MethodInvoker.java:244)
[2025-06-07T13:14:49.290+0000] {spark_submit.py:644} INFO - at py4j.reflection.ReflectionEngine.invoke(ReflectionEngine.java:374)
[2025-06-07T13:14:49.290+0000] {spark_submit.py:644} INFO - at py4j.Gateway.invoke(Gateway.java:282)
[2025-06-07T13:14:49.291+0000] {spark_submit.py:644} INFO - at py4j.commands.AbstractCommand.invokeMethod(AbstractCommand.java:132)
[2025-06-07T13:14:49.291+0000] {spark_submit.py:644} INFO - at py4j.commands.CallCommand.execute(CallCommand.java:79)
[2025-06-07T13:14:49.292+0000] {spark_submit.py:644} INFO - at py4j.ClientServerConnection.waitForCommands(ClientServerConnection.java:182)
[2025-06-07T13:14:49.292+0000] {spark_submit.py:644} INFO - at py4j.ClientServerConnection.run(ClientServerConnection.java:106)
[2025-06-07T13:14:49.292+0000] {spark_submit.py:644} INFO - at java.base/java.lang.Thread.run(Thread.java:840)
[2025-06-07T13:14:49.292+0000] {spark_submit.py:644} INFO - Caused by: java.lang.ClassNotFoundException: org.apache.spark.sql.delta.catalog.DeltaCatalog
[2025-06-07T13:14:49.293+0000] {spark_submit.py:644} INFO - at java.base/java.net.URLClassLoader.findClass(URLClassLoader.java:445)
[2025-06-07T13:14:49.293+0000] {spark_submit.py:644} INFO - at java.base/java.lang.ClassLoader.loadClass(ClassLoader.java:592)
[2025-06-07T13:14:49.293+0000] {spark_submit.py:644} INFO - at java.base/java.lang.ClassLoader.loadClass(ClassLoader.java:525)
[2025-06-07T13:14:49.294+0000] {spark_submit.py:644} INFO - at org.apache.spark.sql.connector.catalog.Catalogs$.load(Catalogs.scala:60)
[2025-06-07T13:14:49.294+0000] {spark_submit.py:644} INFO - ... 86 more
[2025-06-07T13:14:49.294+0000] {spark_submit.py:644} INFO - 
[2025-06-07T13:14:49.294+0000] {spark_submit.py:644} INFO - 25/06/07 13:14:49 INFO SparkContext: SparkContext is stopping with exitCode 0.
[2025-06-07T13:14:49.294+0000] {spark_submit.py:644} INFO - 25/06/07 13:14:49 INFO SparkUI: Stopped Spark web UI at http://5ebb95484de3:4041
[2025-06-07T13:14:49.295+0000] {spark_submit.py:644} INFO - 25/06/07 13:14:49 INFO StandaloneSchedulerBackend: Shutting down all executors
[2025-06-07T13:14:49.295+0000] {spark_submit.py:644} INFO - 25/06/07 13:14:49 INFO StandaloneSchedulerBackend$StandaloneDriverEndpoint: Asking each executor to shut down
[2025-06-07T13:14:49.295+0000] {spark_submit.py:644} INFO - 25/06/07 13:14:49 INFO MapOutputTrackerMasterEndpoint: MapOutputTrackerMasterEndpoint stopped!
[2025-06-07T13:14:49.295+0000] {spark_submit.py:644} INFO - 25/06/07 13:14:49 INFO MemoryStore: MemoryStore cleared
[2025-06-07T13:14:49.295+0000] {spark_submit.py:644} INFO - 25/06/07 13:14:49 INFO BlockManager: BlockManager stopped
[2025-06-07T13:14:49.295+0000] {spark_submit.py:644} INFO - 25/06/07 13:14:49 INFO BlockManagerMaster: BlockManagerMaster stopped
[2025-06-07T13:14:49.296+0000] {spark_submit.py:644} INFO - 25/06/07 13:14:49 INFO OutputCommitCoordinator$OutputCommitCoordinatorEndpoint: OutputCommitCoordinator stopped!
[2025-06-07T13:14:49.296+0000] {spark_submit.py:644} INFO - 25/06/07 13:14:49 INFO SparkContext: Successfully stopped SparkContext
[2025-06-07T13:14:49.338+0000] {spark_submit.py:644} INFO - Traceback (most recent call last):
[2025-06-07T13:14:49.339+0000] {spark_submit.py:644} INFO - File "/opt/***/dags/bronze_ingestion_sc_stats_etl.py", line 92, in <module>
[2025-06-07T13:14:49.339+0000] {spark_submit.py:644} INFO - main(args.input_path, args.output_path, args.output_table)
[2025-06-07T13:14:49.340+0000] {spark_submit.py:644} INFO - File "/opt/***/dags/bronze_ingestion_sc_stats_etl.py", line 63, in main
[2025-06-07T13:14:49.341+0000] {spark_submit.py:644} INFO - spark.sql("CREATE DATABASE IF NOT EXISTS sc_stats_db")
[2025-06-07T13:14:49.342+0000] {spark_submit.py:644} INFO - File "/home/***/.local/lib/python3.11/site-packages/pyspark/python/lib/pyspark.zip/pyspark/sql/session.py", line 1631, in sql
[2025-06-07T13:14:49.346+0000] {spark_submit.py:644} INFO - File "/home/***/.local/lib/python3.11/site-packages/pyspark/python/lib/py4j-0.10.9.7-src.zip/py4j/java_gateway.py", line 1322, in __call__
[2025-06-07T13:14:49.347+0000] {spark_submit.py:644} INFO - File "/home/***/.local/lib/python3.11/site-packages/pyspark/python/lib/pyspark.zip/pyspark/errors/exceptions/captured.py", line 179, in deco
[2025-06-07T13:14:49.349+0000] {spark_submit.py:644} INFO - File "/home/***/.local/lib/python3.11/site-packages/pyspark/python/lib/py4j-0.10.9.7-src.zip/py4j/protocol.py", line 326, in get_return_value
[2025-06-07T13:14:49.382+0000] {spark_submit.py:644} INFO - py4j.protocol.Py4JJavaError: An error occurred while calling o41.sql.
[2025-06-07T13:14:49.383+0000] {spark_submit.py:644} INFO - : org.apache.spark.SparkException: Cannot find catalog plugin class for catalog 'spark_catalog': org.apache.spark.sql.delta.catalog.DeltaCatalog.
[2025-06-07T13:14:49.383+0000] {spark_submit.py:644} INFO - at org.apache.spark.sql.errors.QueryExecutionErrors$.catalogPluginClassNotFoundForCatalogError(QueryExecutionErrors.scala:1926)
[2025-06-07T13:14:49.383+0000] {spark_submit.py:644} INFO - at org.apache.spark.sql.connector.catalog.Catalogs$.load(Catalogs.scala:70)
[2025-06-07T13:14:49.384+0000] {spark_submit.py:644} INFO - at org.apache.spark.sql.connector.catalog.CatalogManager.loadV2SessionCatalog(CatalogManager.scala:68)
[2025-06-07T13:14:49.384+0000] {spark_submit.py:644} INFO - at org.apache.spark.sql.connector.catalog.CatalogManager.$anonfun$v2SessionCatalog$2(CatalogManager.scala:87)
[2025-06-07T13:14:49.384+0000] {spark_submit.py:644} INFO - at scala.collection.mutable.HashMap.getOrElseUpdate(HashMap.scala:86)
[2025-06-07T13:14:49.385+0000] {spark_submit.py:644} INFO - at org.apache.spark.sql.connector.catalog.CatalogManager.$anonfun$v2SessionCatalog$1(CatalogManager.scala:87)
[2025-06-07T13:14:49.385+0000] {spark_submit.py:644} INFO - at scala.Option.map(Option.scala:230)
[2025-06-07T13:14:49.385+0000] {spark_submit.py:644} INFO - at org.apache.spark.sql.connector.catalog.CatalogManager.v2SessionCatalog(CatalogManager.scala:86)
[2025-06-07T13:14:49.385+0000] {spark_submit.py:644} INFO - at org.apache.spark.sql.connector.catalog.CatalogManager.catalog(CatalogManager.scala:52)
[2025-06-07T13:14:49.385+0000] {spark_submit.py:644} INFO - at org.apache.spark.sql.connector.catalog.CatalogManager.currentCatalog(CatalogManager.scala:135)
[2025-06-07T13:14:49.385+0000] {spark_submit.py:644} INFO - at org.apache.spark.sql.connector.catalog.LookupCatalog.currentCatalog(LookupCatalog.scala:34)
[2025-06-07T13:14:49.385+0000] {spark_submit.py:644} INFO - at org.apache.spark.sql.connector.catalog.LookupCatalog.currentCatalog$(LookupCatalog.scala:34)
[2025-06-07T13:14:49.386+0000] {spark_submit.py:644} INFO - at org.apache.spark.sql.catalyst.analysis.ResolveCatalogs.currentCatalog(ResolveCatalogs.scala:27)
[2025-06-07T13:14:49.386+0000] {spark_submit.py:644} INFO - at org.apache.spark.sql.connector.catalog.LookupCatalog$CatalogAndNamespace$.unapply(LookupCatalog.scala:89)
[2025-06-07T13:14:49.386+0000] {spark_submit.py:644} INFO - at org.apache.spark.sql.catalyst.analysis.ResolveCatalogs$$anonfun$apply$1.applyOrElse(ResolveCatalogs.scala:51)
[2025-06-07T13:14:49.386+0000] {spark_submit.py:644} INFO - at org.apache.spark.sql.catalyst.analysis.ResolveCatalogs$$anonfun$apply$1.applyOrElse(ResolveCatalogs.scala:30)
[2025-06-07T13:14:49.387+0000] {spark_submit.py:644} INFO - at org.apache.spark.sql.catalyst.plans.logical.AnalysisHelper.$anonfun$resolveOperatorsDownWithPruning$2(AnalysisHelper.scala:170)
[2025-06-07T13:14:49.387+0000] {spark_submit.py:644} INFO - at org.apache.spark.sql.catalyst.trees.CurrentOrigin$.withOrigin(origin.scala:76)
[2025-06-07T13:14:49.387+0000] {spark_submit.py:644} INFO - at org.apache.spark.sql.catalyst.plans.logical.AnalysisHelper.$anonfun$resolveOperatorsDownWithPruning$1(AnalysisHelper.scala:170)
[2025-06-07T13:14:49.388+0000] {spark_submit.py:644} INFO - at org.apache.spark.sql.catalyst.plans.logical.AnalysisHelper$.allowInvokingTransformsInAnalyzer(AnalysisHelper.scala:323)
[2025-06-07T13:14:49.388+0000] {spark_submit.py:644} INFO - at org.apache.spark.sql.catalyst.plans.logical.AnalysisHelper.resolveOperatorsDownWithPruning(AnalysisHelper.scala:168)
[2025-06-07T13:14:49.388+0000] {spark_submit.py:644} INFO - at org.apache.spark.sql.catalyst.plans.logical.AnalysisHelper.resolveOperatorsDownWithPruning$(AnalysisHelper.scala:164)
[2025-06-07T13:14:49.388+0000] {spark_submit.py:644} INFO - at org.apache.spark.sql.catalyst.plans.logical.LogicalPlan.resolveOperatorsDownWithPruning(LogicalPlan.scala:32)
[2025-06-07T13:14:49.388+0000] {spark_submit.py:644} INFO - at org.apache.spark.sql.catalyst.plans.logical.AnalysisHelper.$anonfun$resolveOperatorsDownWithPruning$4(AnalysisHelper.scala:175)
[2025-06-07T13:14:49.388+0000] {spark_submit.py:644} INFO - at org.apache.spark.sql.catalyst.trees.UnaryLike.mapChildren(TreeNode.scala:1216)
[2025-06-07T13:14:49.389+0000] {spark_submit.py:644} INFO - at org.apache.spark.sql.catalyst.trees.UnaryLike.mapChildren$(TreeNode.scala:1215)
[2025-06-07T13:14:49.389+0000] {spark_submit.py:644} INFO - at org.apache.spark.sql.catalyst.plans.logical.CreateNamespace.mapChildren(v2Commands.scala:549)
[2025-06-07T13:14:49.389+0000] {spark_submit.py:644} INFO - at org.apache.spark.sql.catalyst.plans.logical.AnalysisHelper.$anonfun$resolveOperatorsDownWithPruning$1(AnalysisHelper.scala:175)
[2025-06-07T13:14:49.389+0000] {spark_submit.py:644} INFO - at org.apache.spark.sql.catalyst.plans.logical.AnalysisHelper$.allowInvokingTransformsInAnalyzer(AnalysisHelper.scala:323)
[2025-06-07T13:14:49.389+0000] {spark_submit.py:644} INFO - at org.apache.spark.sql.catalyst.plans.logical.AnalysisHelper.resolveOperatorsDownWithPruning(AnalysisHelper.scala:168)
[2025-06-07T13:14:49.390+0000] {spark_submit.py:644} INFO - at org.apache.spark.sql.catalyst.plans.logical.AnalysisHelper.resolveOperatorsDownWithPruning$(AnalysisHelper.scala:164)
[2025-06-07T13:14:49.390+0000] {spark_submit.py:644} INFO - at org.apache.spark.sql.catalyst.plans.logical.LogicalPlan.resolveOperatorsDownWithPruning(LogicalPlan.scala:32)
[2025-06-07T13:14:49.390+0000] {spark_submit.py:644} INFO - at org.apache.spark.sql.catalyst.plans.logical.AnalysisHelper.resolveOperatorsWithPruning(AnalysisHelper.scala:99)
[2025-06-07T13:14:49.390+0000] {spark_submit.py:644} INFO - at org.apache.spark.sql.catalyst.plans.logical.AnalysisHelper.resolveOperatorsWithPruning$(AnalysisHelper.scala:96)
[2025-06-07T13:14:49.390+0000] {spark_submit.py:644} INFO - at org.apache.spark.sql.catalyst.plans.logical.LogicalPlan.resolveOperatorsWithPruning(LogicalPlan.scala:32)
[2025-06-07T13:14:49.390+0000] {spark_submit.py:644} INFO - at org.apache.spark.sql.catalyst.plans.logical.AnalysisHelper.resolveOperators(AnalysisHelper.scala:76)
[2025-06-07T13:14:49.390+0000] {spark_submit.py:644} INFO - at org.apache.spark.sql.catalyst.plans.logical.AnalysisHelper.resolveOperators$(AnalysisHelper.scala:75)
[2025-06-07T13:14:49.391+0000] {spark_submit.py:644} INFO - at org.apache.spark.sql.catalyst.plans.logical.LogicalPlan.resolveOperators(LogicalPlan.scala:32)
[2025-06-07T13:14:49.391+0000] {spark_submit.py:644} INFO - at org.apache.spark.sql.catalyst.analysis.ResolveCatalogs.apply(ResolveCatalogs.scala:30)
[2025-06-07T13:14:49.391+0000] {spark_submit.py:644} INFO - at org.apache.spark.sql.catalyst.analysis.ResolveCatalogs.apply(ResolveCatalogs.scala:27)
[2025-06-07T13:14:49.391+0000] {spark_submit.py:644} INFO - at org.apache.spark.sql.catalyst.rules.RuleExecutor.$anonfun$execute$2(RuleExecutor.scala:222)
[2025-06-07T13:14:49.391+0000] {spark_submit.py:644} INFO - at scala.collection.LinearSeqOptimized.foldLeft(LinearSeqOptimized.scala:126)
[2025-06-07T13:14:49.391+0000] {spark_submit.py:644} INFO - at scala.collection.LinearSeqOptimized.foldLeft$(LinearSeqOptimized.scala:122)
[2025-06-07T13:14:49.392+0000] {spark_submit.py:644} INFO - at scala.collection.immutable.List.foldLeft(List.scala:91)
[2025-06-07T13:14:49.392+0000] {spark_submit.py:644} INFO - at org.apache.spark.sql.catalyst.rules.RuleExecutor.$anonfun$execute$1(RuleExecutor.scala:219)
[2025-06-07T13:14:49.395+0000] {spark_submit.py:644} INFO - at org.apache.spark.sql.catalyst.rules.RuleExecutor.$anonfun$execute$1$adapted(RuleExecutor.scala:211)
[2025-06-07T13:14:49.396+0000] {spark_submit.py:644} INFO - at scala.collection.immutable.List.foreach(List.scala:431)
[2025-06-07T13:14:49.396+0000] {spark_submit.py:644} INFO - at org.apache.spark.sql.catalyst.rules.RuleExecutor.execute(RuleExecutor.scala:211)
[2025-06-07T13:14:49.396+0000] {spark_submit.py:644} INFO - at org.apache.spark.sql.catalyst.analysis.Analyzer.org$apache$spark$sql$catalyst$analysis$Analyzer$$executeSameContext(Analyzer.scala:240)
[2025-06-07T13:14:49.396+0000] {spark_submit.py:644} INFO - at org.apache.spark.sql.catalyst.analysis.Analyzer.$anonfun$execute$1(Analyzer.scala:236)
[2025-06-07T13:14:49.396+0000] {spark_submit.py:644} INFO - at org.apache.spark.sql.catalyst.analysis.AnalysisContext$.withNewAnalysisContext(Analyzer.scala:187)
[2025-06-07T13:14:49.397+0000] {spark_submit.py:644} INFO - at org.apache.spark.sql.catalyst.analysis.Analyzer.execute(Analyzer.scala:236)
[2025-06-07T13:14:49.397+0000] {spark_submit.py:644} INFO - at org.apache.spark.sql.catalyst.analysis.Analyzer.execute(Analyzer.scala:202)
[2025-06-07T13:14:49.397+0000] {spark_submit.py:644} INFO - at org.apache.spark.sql.catalyst.rules.RuleExecutor.$anonfun$executeAndTrack$1(RuleExecutor.scala:182)
[2025-06-07T13:14:49.397+0000] {spark_submit.py:644} INFO - at org.apache.spark.sql.catalyst.QueryPlanningTracker$.withTracker(QueryPlanningTracker.scala:89)
[2025-06-07T13:14:49.398+0000] {spark_submit.py:644} INFO - at org.apache.spark.sql.catalyst.rules.RuleExecutor.executeAndTrack(RuleExecutor.scala:182)
[2025-06-07T13:14:49.398+0000] {spark_submit.py:644} INFO - at org.apache.spark.sql.catalyst.analysis.Analyzer.$anonfun$executeAndCheck$1(Analyzer.scala:223)
[2025-06-07T13:14:49.398+0000] {spark_submit.py:644} INFO - at org.apache.spark.sql.catalyst.plans.logical.AnalysisHelper$.markInAnalyzer(AnalysisHelper.scala:330)
[2025-06-07T13:14:49.398+0000] {spark_submit.py:644} INFO - at org.apache.spark.sql.catalyst.analysis.Analyzer.executeAndCheck(Analyzer.scala:222)
[2025-06-07T13:14:49.399+0000] {spark_submit.py:644} INFO - at org.apache.spark.sql.execution.QueryExecution.$anonfun$analyzed$1(QueryExecution.scala:77)
[2025-06-07T13:14:49.399+0000] {spark_submit.py:644} INFO - at org.apache.spark.sql.catalyst.QueryPlanningTracker.measurePhase(QueryPlanningTracker.scala:138)
[2025-06-07T13:14:49.399+0000] {spark_submit.py:644} INFO - at org.apache.spark.sql.execution.QueryExecution.$anonfun$executePhase$2(QueryExecution.scala:219)
[2025-06-07T13:14:49.399+0000] {spark_submit.py:644} INFO - at org.apache.spark.sql.execution.QueryExecution$.withInternalError(QueryExecution.scala:546)
[2025-06-07T13:14:49.400+0000] {spark_submit.py:644} INFO - at org.apache.spark.sql.execution.QueryExecution.$anonfun$executePhase$1(QueryExecution.scala:219)
[2025-06-07T13:14:49.400+0000] {spark_submit.py:644} INFO - at org.apache.spark.sql.SparkSession.withActive(SparkSession.scala:900)
[2025-06-07T13:14:49.400+0000] {spark_submit.py:644} INFO - at org.apache.spark.sql.execution.QueryExecution.executePhase(QueryExecution.scala:218)
[2025-06-07T13:14:49.401+0000] {spark_submit.py:644} INFO - at org.apache.spark.sql.execution.QueryExecution.analyzed$lzycompute(QueryExecution.scala:77)
[2025-06-07T13:14:49.401+0000] {spark_submit.py:644} INFO - at org.apache.spark.sql.execution.QueryExecution.analyzed(QueryExecution.scala:74)
[2025-06-07T13:14:49.401+0000] {spark_submit.py:644} INFO - at org.apache.spark.sql.execution.QueryExecution.assertAnalyzed(QueryExecution.scala:66)
[2025-06-07T13:14:49.401+0000] {spark_submit.py:644} INFO - at org.apache.spark.sql.Dataset$.$anonfun$ofRows$2(Dataset.scala:99)
[2025-06-07T13:14:49.402+0000] {spark_submit.py:644} INFO - at org.apache.spark.sql.SparkSession.withActive(SparkSession.scala:900)
[2025-06-07T13:14:49.402+0000] {spark_submit.py:644} INFO - at org.apache.spark.sql.Dataset$.ofRows(Dataset.scala:97)
[2025-06-07T13:14:49.403+0000] {spark_submit.py:644} INFO - at org.apache.spark.sql.SparkSession.$anonfun$sql$1(SparkSession.scala:638)
[2025-06-07T13:14:49.403+0000] {spark_submit.py:644} INFO - at org.apache.spark.sql.SparkSession.withActive(SparkSession.scala:900)
[2025-06-07T13:14:49.403+0000] {spark_submit.py:644} INFO - at org.apache.spark.sql.SparkSession.sql(SparkSession.scala:629)
[2025-06-07T13:14:49.403+0000] {spark_submit.py:644} INFO - at org.apache.spark.sql.SparkSession.sql(SparkSession.scala:659)
[2025-06-07T13:14:49.404+0000] {spark_submit.py:644} INFO - at java.base/jdk.internal.reflect.NativeMethodAccessorImpl.invoke0(Native Method)
[2025-06-07T13:14:49.404+0000] {spark_submit.py:644} INFO - at java.base/jdk.internal.reflect.NativeMethodAccessorImpl.invoke(NativeMethodAccessorImpl.java:77)
[2025-06-07T13:14:49.404+0000] {spark_submit.py:644} INFO - at java.base/jdk.internal.reflect.DelegatingMethodAccessorImpl.invoke(DelegatingMethodAccessorImpl.java:43)
[2025-06-07T13:14:49.404+0000] {spark_submit.py:644} INFO - at java.base/java.lang.reflect.Method.invoke(Method.java:569)
[2025-06-07T13:14:49.405+0000] {spark_submit.py:644} INFO - at py4j.reflection.MethodInvoker.invoke(MethodInvoker.java:244)
[2025-06-07T13:14:49.405+0000] {spark_submit.py:644} INFO - at py4j.reflection.ReflectionEngine.invoke(ReflectionEngine.java:374)
[2025-06-07T13:14:49.405+0000] {spark_submit.py:644} INFO - at py4j.Gateway.invoke(Gateway.java:282)
[2025-06-07T13:14:49.405+0000] {spark_submit.py:644} INFO - at py4j.commands.AbstractCommand.invokeMethod(AbstractCommand.java:132)
[2025-06-07T13:14:49.406+0000] {spark_submit.py:644} INFO - at py4j.commands.CallCommand.execute(CallCommand.java:79)
[2025-06-07T13:14:49.406+0000] {spark_submit.py:644} INFO - at py4j.ClientServerConnection.waitForCommands(ClientServerConnection.java:182)
[2025-06-07T13:14:49.406+0000] {spark_submit.py:644} INFO - at py4j.ClientServerConnection.run(ClientServerConnection.java:106)
[2025-06-07T13:14:49.406+0000] {spark_submit.py:644} INFO - at java.base/java.lang.Thread.run(Thread.java:840)
[2025-06-07T13:14:49.407+0000] {spark_submit.py:644} INFO - Caused by: java.lang.ClassNotFoundException: org.apache.spark.sql.delta.catalog.DeltaCatalog
[2025-06-07T13:14:49.407+0000] {spark_submit.py:644} INFO - at java.base/java.net.URLClassLoader.findClass(URLClassLoader.java:445)
[2025-06-07T13:14:49.407+0000] {spark_submit.py:644} INFO - at java.base/java.lang.ClassLoader.loadClass(ClassLoader.java:592)
[2025-06-07T13:14:49.407+0000] {spark_submit.py:644} INFO - at java.base/java.lang.ClassLoader.loadClass(ClassLoader.java:525)
[2025-06-07T13:14:49.408+0000] {spark_submit.py:644} INFO - at org.apache.spark.sql.connector.catalog.Catalogs$.load(Catalogs.scala:60)
[2025-06-07T13:14:49.408+0000] {spark_submit.py:644} INFO - ... 86 more
[2025-06-07T13:14:49.408+0000] {spark_submit.py:644} INFO - 
[2025-06-07T13:14:49.419+0000] {spark_submit.py:644} INFO - 25/06/07 13:14:49 INFO ShutdownHookManager: Shutdown hook called
[2025-06-07T13:14:49.419+0000] {spark_submit.py:644} INFO - 25/06/07 13:14:49 INFO ShutdownHookManager: Deleting directory /tmp/spark-48345513-c24b-475b-8c8b-afd17871c2ab/pyspark-f174fc43-e78f-4c19-b1c8-4d83504e865e
[2025-06-07T13:14:49.421+0000] {spark_submit.py:644} INFO - 25/06/07 13:14:49 INFO ShutdownHookManager: Deleting directory /tmp/spark-48345513-c24b-475b-8c8b-afd17871c2ab
[2025-06-07T13:14:49.423+0000] {spark_submit.py:644} INFO - 25/06/07 13:14:49 INFO ShutdownHookManager: Deleting directory /tmp/spark-f3de2610-e719-4bc9-a6c2-44e915fdc3b3
[2025-06-07T13:14:49.450+0000] {taskinstance.py:3311} ERROR - Task failed with exception
Traceback (most recent call last):
  File "/home/airflow/.local/lib/python3.11/site-packages/airflow/models/taskinstance.py", line 767, in _execute_task
    result = _execute_callable(context=context, **execute_callable_kwargs)
             ^^^^^^^^^^^^^^^^^^^^^^^^^^^^^^^^^^^^^^^^^^^^^^^^^^^^^^^^^^^^^
  File "/home/airflow/.local/lib/python3.11/site-packages/airflow/models/taskinstance.py", line 733, in _execute_callable
    return ExecutionCallableRunner(
           ^^^^^^^^^^^^^^^^^^^^^^^^
  File "/home/airflow/.local/lib/python3.11/site-packages/airflow/utils/operator_helpers.py", line 252, in run
    return self.func(*args, **kwargs)
           ^^^^^^^^^^^^^^^^^^^^^^^^^^
  File "/home/airflow/.local/lib/python3.11/site-packages/airflow/models/baseoperator.py", line 417, in wrapper
    return func(self, *args, **kwargs)
           ^^^^^^^^^^^^^^^^^^^^^^^^^^^
  File "/home/airflow/.local/lib/python3.11/site-packages/airflow/providers/apache/spark/operators/spark_submit.py", line 197, in execute
    self._hook.submit(self.application)
  File "/home/airflow/.local/lib/python3.11/site-packages/airflow/providers/apache/spark/hooks/spark_submit.py", line 566, in submit
    raise AirflowException(
airflow.exceptions.AirflowException: Cannot execute: spark-submit --master spark://spark-master:7077 --conf spark.driver.memory=2g --conf spark.executor.memory=2g --name arrow-spark --queue root.default --deploy-mode client dags/bronze_ingestion_sc_stats_etl.py --input_path /opt/***/data/Stephen Curry Stats.parquet --output_path s3a://mybucket/sc_stats_db.db/bronze_sc_stats --output_table sc_stats_db.bronze_sc_stats. Error code is: 1.
[2025-06-07T13:14:49.456+0000] {taskinstance.py:1225} INFO - Marking task as UP_FOR_RETRY. dag_id=stephen_curry_stats_medallion_etl, task_id=bronze_ingestion, run_id=manual__2025-06-07T13:14:43.909496+00:00, execution_date=20250607T131443, start_date=20250607T131445, end_date=20250607T131449
[2025-06-07T13:14:49.464+0000] {taskinstance.py:340} INFO - ::group::Post task execution logs
[2025-06-07T13:14:49.466+0000] {standard_task_runner.py:124} ERROR - Failed to execute job 80 for task bronze_ingestion (Cannot execute: spark-submit --master spark://spark-master:7077 --conf spark.driver.memory=2g --conf spark.executor.memory=2g --name arrow-spark --queue root.default --deploy-mode client dags/bronze_ingestion_sc_stats_etl.py --input_path /opt/***/data/Stephen Curry Stats.parquet --output_path s3a://mybucket/sc_stats_db.db/bronze_sc_stats --output_table sc_stats_db.bronze_sc_stats. Error code is: 1.; 2354)
Traceback (most recent call last):
  File "/home/airflow/.local/lib/python3.11/site-packages/airflow/task/task_runner/standard_task_runner.py", line 117, in _start_by_fork
    ret = args.func(args, dag=self.dag)
          ^^^^^^^^^^^^^^^^^^^^^^^^^^^^^
  File "/home/airflow/.local/lib/python3.11/site-packages/airflow/cli/cli_config.py", line 49, in command
    return func(*args, **kwargs)
           ^^^^^^^^^^^^^^^^^^^^^
  File "/home/airflow/.local/lib/python3.11/site-packages/airflow/utils/cli.py", line 116, in wrapper
    return f(*args, **kwargs)
           ^^^^^^^^^^^^^^^^^^
  File "/home/airflow/.local/lib/python3.11/site-packages/airflow/cli/commands/task_command.py", line 483, in task_run
    task_return_code = _run_task_by_selected_method(args, _dag, ti)
                       ^^^^^^^^^^^^^^^^^^^^^^^^^^^^^^^^^^^^^^^^^^^^
  File "/home/airflow/.local/lib/python3.11/site-packages/airflow/cli/commands/task_command.py", line 256, in _run_task_by_selected_method
    return _run_raw_task(args, ti)
           ^^^^^^^^^^^^^^^^^^^^^^^
  File "/home/airflow/.local/lib/python3.11/site-packages/airflow/cli/commands/task_command.py", line 341, in _run_raw_task
    return ti._run_raw_task(
           ^^^^^^^^^^^^^^^^^
  File "/home/airflow/.local/lib/python3.11/site-packages/airflow/utils/session.py", line 97, in wrapper
    return func(*args, session=session, **kwargs)
           ^^^^^^^^^^^^^^^^^^^^^^^^^^^^^^^^^^^^^^
  File "/home/airflow/.local/lib/python3.11/site-packages/airflow/models/taskinstance.py", line 3005, in _run_raw_task
    return _run_raw_task(
           ^^^^^^^^^^^^^^
  File "/home/airflow/.local/lib/python3.11/site-packages/airflow/models/taskinstance.py", line 273, in _run_raw_task
    TaskInstance._execute_task_with_callbacks(
  File "/home/airflow/.local/lib/python3.11/site-packages/airflow/models/taskinstance.py", line 3159, in _execute_task_with_callbacks
    result = self._execute_task(context, task_orig)
             ^^^^^^^^^^^^^^^^^^^^^^^^^^^^^^^^^^^^^^
  File "/home/airflow/.local/lib/python3.11/site-packages/airflow/models/taskinstance.py", line 3183, in _execute_task
    return _execute_task(self, context, task_orig)
           ^^^^^^^^^^^^^^^^^^^^^^^^^^^^^^^^^^^^^^^
  File "/home/airflow/.local/lib/python3.11/site-packages/airflow/models/taskinstance.py", line 767, in _execute_task
    result = _execute_callable(context=context, **execute_callable_kwargs)
             ^^^^^^^^^^^^^^^^^^^^^^^^^^^^^^^^^^^^^^^^^^^^^^^^^^^^^^^^^^^^^
  File "/home/airflow/.local/lib/python3.11/site-packages/airflow/models/taskinstance.py", line 733, in _execute_callable
    return ExecutionCallableRunner(
           ^^^^^^^^^^^^^^^^^^^^^^^^
  File "/home/airflow/.local/lib/python3.11/site-packages/airflow/utils/operator_helpers.py", line 252, in run
    return self.func(*args, **kwargs)
           ^^^^^^^^^^^^^^^^^^^^^^^^^^
  File "/home/airflow/.local/lib/python3.11/site-packages/airflow/models/baseoperator.py", line 417, in wrapper
    return func(self, *args, **kwargs)
           ^^^^^^^^^^^^^^^^^^^^^^^^^^^
  File "/home/airflow/.local/lib/python3.11/site-packages/airflow/providers/apache/spark/operators/spark_submit.py", line 197, in execute
    self._hook.submit(self.application)
  File "/home/airflow/.local/lib/python3.11/site-packages/airflow/providers/apache/spark/hooks/spark_submit.py", line 566, in submit
    raise AirflowException(
airflow.exceptions.AirflowException: Cannot execute: spark-submit --master spark://spark-master:7077 --conf spark.driver.memory=2g --conf spark.executor.memory=2g --name arrow-spark --queue root.default --deploy-mode client dags/bronze_ingestion_sc_stats_etl.py --input_path /opt/***/data/Stephen Curry Stats.parquet --output_path s3a://mybucket/sc_stats_db.db/bronze_sc_stats --output_table sc_stats_db.bronze_sc_stats. Error code is: 1.
[2025-06-07T13:14:49.477+0000] {local_task_job_runner.py:266} INFO - Task exited with return code 1
[2025-06-07T13:14:49.493+0000] {taskinstance.py:3895} INFO - 0 downstream tasks scheduled from follow-on schedule check
[2025-06-07T13:14:49.496+0000] {local_task_job_runner.py:245} INFO - ::endgroup::
