[2025-06-09T06:23:56.557+0000] {local_task_job_runner.py:123} INFO - ::group::Pre task execution logs
[2025-06-09T06:23:56.566+0000] {taskinstance.py:2613} INFO - Dependencies all met for dep_context=non-requeueable deps ti=<TaskInstance: stephen_curry_stats_medallion_etl.bronze_ingestion manual__2025-06-09T06:23:55.726995+00:00 [queued]>
[2025-06-09T06:23:56.570+0000] {taskinstance.py:2613} INFO - Dependencies all met for dep_context=requeueable deps ti=<TaskInstance: stephen_curry_stats_medallion_etl.bronze_ingestion manual__2025-06-09T06:23:55.726995+00:00 [queued]>
[2025-06-09T06:23:56.570+0000] {taskinstance.py:2866} INFO - Starting attempt 1 of 1
[2025-06-09T06:23:56.575+0000] {taskinstance.py:2889} INFO - Executing <Task(SparkSubmitOperator): bronze_ingestion> on 2025-06-09 06:23:55.726995+00:00
[2025-06-09T06:23:56.577+0000] {standard_task_runner.py:72} INFO - Started process 203 to run task
[2025-06-09T06:23:56.579+0000] {standard_task_runner.py:104} INFO - Running: ['***', 'tasks', 'run', 'stephen_curry_stats_medallion_etl', 'bronze_ingestion', 'manual__2025-06-09T06:23:55.726995+00:00', '--job-id', '4', '--raw', '--subdir', 'DAGS_FOLDER/medallion_sales_etl_dag.py', '--cfg-path', '/tmp/tmpn4aacf5a']
[2025-06-09T06:23:56.580+0000] {standard_task_runner.py:105} INFO - Job 4: Subtask bronze_ingestion
[2025-06-09T06:23:56.606+0000] {task_command.py:467} INFO - Running <TaskInstance: stephen_curry_stats_medallion_etl.bronze_ingestion manual__2025-06-09T06:23:55.726995+00:00 [running]> on host 03faa25a31e4
[2025-06-09T06:23:56.649+0000] {taskinstance.py:3132} INFO - Exporting env vars: AIRFLOW_CTX_DAG_OWNER='***' AIRFLOW_CTX_DAG_ID='stephen_curry_stats_medallion_etl' AIRFLOW_CTX_TASK_ID='bronze_ingestion' AIRFLOW_CTX_EXECUTION_DATE='2025-06-09T06:23:55.726995+00:00' AIRFLOW_CTX_TRY_NUMBER='1' AIRFLOW_CTX_DAG_RUN_ID='manual__2025-06-09T06:23:55.726995+00:00'
[2025-06-09T06:23:56.649+0000] {taskinstance.py:731} INFO - ::endgroup::
[2025-06-09T06:23:56.664+0000] {base.py:84} INFO - Retrieving connection 'spark_default'
[2025-06-09T06:23:56.665+0000] {spark_submit.py:474} INFO - Spark-Submit cmd: spark-submit --master spark://spark-master:7077 --conf spark.sql.extensions=io.delta.sql.DeltaSparkSessionExtension --conf spark.sql.catalog.spark_catalog=org.apache.spark.sql.delta.catalog.DeltaCatalog --conf spark.hadoop.fs.s3a.endpoint=http://minio:9000 --conf spark.hadoop.fs.s3a.access.key=minioadmin --conf spark.hadoop.fs.s3a.secret.key=****** --conf spark.hadoop.fs.s3a.path.style.access=true --conf spark.hadoop.fs.s3a.impl=org.apache.hadoop.fs.s3a.S3AFileSystem --conf spark.hadoop.fs.s3a.aws.credentials.provider=org.apache.hadoop.fs.s3a.SimpleAWSCredentialsProvider --name arrow-spark --queue root.default --deploy-mode client dags/bronze_ingestion_sc_stats_etl.py --output_path s3a://mybucket/sc_stats_db/bronze/raw_data
[2025-06-09T06:23:58.024+0000] {spark_submit.py:644} INFO - 25/06/09 06:23:58 INFO SparkContext: Running Spark version 3.5.2
[2025-06-09T06:23:58.025+0000] {spark_submit.py:644} INFO - 25/06/09 06:23:58 INFO SparkContext: OS info Linux, 6.10.14-linuxkit, aarch64
[2025-06-09T06:23:58.025+0000] {spark_submit.py:644} INFO - 25/06/09 06:23:58 INFO SparkContext: Java version 17.0.15
[2025-06-09T06:23:58.053+0000] {spark_submit.py:644} INFO - 25/06/09 06:23:58 WARN NativeCodeLoader: Unable to load native-hadoop library for your platform... using builtin-java classes where applicable
[2025-06-09T06:23:58.096+0000] {spark_submit.py:644} INFO - 25/06/09 06:23:58 INFO ResourceUtils: ==============================================================
[2025-06-09T06:23:58.098+0000] {spark_submit.py:644} INFO - 25/06/09 06:23:58 INFO ResourceUtils: No custom resources configured for spark.driver.
[2025-06-09T06:23:58.099+0000] {spark_submit.py:644} INFO - 25/06/09 06:23:58 INFO ResourceUtils: ==============================================================
[2025-06-09T06:23:58.099+0000] {spark_submit.py:644} INFO - 25/06/09 06:23:58 INFO SparkContext: Submitted application: BronzeIngestionStephenCurryStats
[2025-06-09T06:23:58.107+0000] {spark_submit.py:644} INFO - 25/06/09 06:23:58 INFO ResourceProfile: Default ResourceProfile created, executor resources: Map(memory -> name: memory, amount: 1024, script: , vendor: , offHeap -> name: offHeap, amount: 0, script: , vendor: ), task resources: Map(cpus -> name: cpus, amount: 1.0)
[2025-06-09T06:23:58.111+0000] {spark_submit.py:644} INFO - 25/06/09 06:23:58 INFO ResourceProfile: Limiting resource is cpu
[2025-06-09T06:23:58.112+0000] {spark_submit.py:644} INFO - 25/06/09 06:23:58 INFO ResourceProfileManager: Added ResourceProfile id: 0
[2025-06-09T06:23:58.137+0000] {spark_submit.py:644} INFO - 25/06/09 06:23:58 INFO SecurityManager: Changing view acls to: ***
[2025-06-09T06:23:58.137+0000] {spark_submit.py:644} INFO - 25/06/09 06:23:58 INFO SecurityManager: Changing modify acls to: ***
[2025-06-09T06:23:58.138+0000] {spark_submit.py:644} INFO - 25/06/09 06:23:58 INFO SecurityManager: Changing view acls groups to:
[2025-06-09T06:23:58.138+0000] {spark_submit.py:644} INFO - 25/06/09 06:23:58 INFO SecurityManager: Changing modify acls groups to:
[2025-06-09T06:23:58.138+0000] {spark_submit.py:644} INFO - 25/06/09 06:23:58 INFO SecurityManager: SecurityManager: authentication disabled; ui acls disabled; users with view permissions: ***; groups with view permissions: EMPTY; users with modify permissions: ***; groups with modify permissions: EMPTY
[2025-06-09T06:23:58.246+0000] {spark_submit.py:644} INFO - 25/06/09 06:23:58 INFO Utils: Successfully started service 'sparkDriver' on port 40271.
[2025-06-09T06:23:58.260+0000] {spark_submit.py:644} INFO - 25/06/09 06:23:58 INFO SparkEnv: Registering MapOutputTracker
[2025-06-09T06:23:58.282+0000] {spark_submit.py:644} INFO - 25/06/09 06:23:58 INFO SparkEnv: Registering BlockManagerMaster
[2025-06-09T06:23:58.289+0000] {spark_submit.py:644} INFO - 25/06/09 06:23:58 INFO BlockManagerMasterEndpoint: Using org.apache.spark.storage.DefaultTopologyMapper for getting topology information
[2025-06-09T06:23:58.290+0000] {spark_submit.py:644} INFO - 25/06/09 06:23:58 INFO BlockManagerMasterEndpoint: BlockManagerMasterEndpoint up
[2025-06-09T06:23:58.292+0000] {spark_submit.py:644} INFO - 25/06/09 06:23:58 INFO SparkEnv: Registering BlockManagerMasterHeartbeat
[2025-06-09T06:23:58.301+0000] {spark_submit.py:644} INFO - 25/06/09 06:23:58 INFO DiskBlockManager: Created local directory at /tmp/blockmgr-84b1431b-f58a-4fbe-93a0-e544090a6617
[2025-06-09T06:23:58.309+0000] {spark_submit.py:644} INFO - 25/06/09 06:23:58 INFO MemoryStore: MemoryStore started with capacity 434.4 MiB
[2025-06-09T06:23:58.316+0000] {spark_submit.py:644} INFO - 25/06/09 06:23:58 INFO SparkEnv: Registering OutputCommitCoordinator
[2025-06-09T06:23:58.373+0000] {spark_submit.py:644} INFO - 25/06/09 06:23:58 INFO JettyUtils: Start Jetty 0.0.0.0:4040 for SparkUI
[2025-06-09T06:23:58.401+0000] {spark_submit.py:644} INFO - 25/06/09 06:23:58 INFO Utils: Successfully started service 'SparkUI' on port 4040.
[2025-06-09T06:23:58.460+0000] {spark_submit.py:644} INFO - 25/06/09 06:23:58 INFO StandaloneAppClient$ClientEndpoint: Connecting to master spark://spark-master:7077...
[2025-06-09T06:23:58.483+0000] {spark_submit.py:644} INFO - 25/06/09 06:23:58 INFO TransportClientFactory: Successfully created connection to spark-master/172.19.0.8:7077 after 11 ms (0 ms spent in bootstraps)
[2025-06-09T06:23:58.525+0000] {spark_submit.py:644} INFO - 25/06/09 06:23:58 INFO StandaloneSchedulerBackend: Connected to Spark cluster with app ID app-20250609062358-0001
[2025-06-09T06:23:58.527+0000] {spark_submit.py:644} INFO - 25/06/09 06:23:58 INFO StandaloneAppClient$ClientEndpoint: Executor added: app-20250609062358-0001/0 on worker-20250609062240-172.19.0.10-40141 (172.19.0.10:40141) with 4 core(s)
[2025-06-09T06:23:58.528+0000] {spark_submit.py:644} INFO - 25/06/09 06:23:58 INFO StandaloneSchedulerBackend: Granted executor ID app-20250609062358-0001/0 on hostPort 172.19.0.10:40141 with 4 core(s), 1024.0 MiB RAM
[2025-06-09T06:23:58.531+0000] {spark_submit.py:644} INFO - 25/06/09 06:23:58 INFO Utils: Successfully started service 'org.apache.spark.network.netty.NettyBlockTransferService' on port 38583.
[2025-06-09T06:23:58.531+0000] {spark_submit.py:644} INFO - 25/06/09 06:23:58 INFO NettyBlockTransferService: Server created on 03faa25a31e4:38583
[2025-06-09T06:23:58.532+0000] {spark_submit.py:644} INFO - 25/06/09 06:23:58 INFO BlockManager: Using org.apache.spark.storage.RandomBlockReplicationPolicy for block replication policy
[2025-06-09T06:23:58.535+0000] {spark_submit.py:644} INFO - 25/06/09 06:23:58 INFO BlockManagerMaster: Registering BlockManager BlockManagerId(driver, 03faa25a31e4, 38583, None)
[2025-06-09T06:23:58.537+0000] {spark_submit.py:644} INFO - 25/06/09 06:23:58 INFO BlockManagerMasterEndpoint: Registering block manager 03faa25a31e4:38583 with 434.4 MiB RAM, BlockManagerId(driver, 03faa25a31e4, 38583, None)
[2025-06-09T06:23:58.538+0000] {spark_submit.py:644} INFO - 25/06/09 06:23:58 INFO BlockManagerMaster: Registered BlockManager BlockManagerId(driver, 03faa25a31e4, 38583, None)
[2025-06-09T06:23:58.538+0000] {spark_submit.py:644} INFO - 25/06/09 06:23:58 INFO BlockManager: Initialized BlockManager: BlockManagerId(driver, 03faa25a31e4, 38583, None)
[2025-06-09T06:23:58.596+0000] {spark_submit.py:644} INFO - 25/06/09 06:23:58 INFO StandaloneAppClient$ClientEndpoint: Executor updated: app-20250609062358-0001/0 is now RUNNING
[2025-06-09T06:23:58.650+0000] {spark_submit.py:644} INFO - 25/06/09 06:23:58 INFO StandaloneSchedulerBackend: SchedulerBackend is ready for scheduling beginning after reached minRegisteredResourcesRatio: 0.0
[2025-06-09T06:23:58.772+0000] {spark_submit.py:644} INFO - Bronze Ingestion: Spark session created.
[2025-06-09T06:23:58.806+0000] {spark_submit.py:644} INFO - 25/06/09 06:23:58 INFO SharedState: Setting hive.metastore.warehouse.dir ('null') to the value of spark.sql.warehouse.dir.
[2025-06-09T06:23:58.811+0000] {spark_submit.py:644} INFO - 25/06/09 06:23:58 INFO SharedState: Warehouse path is 'file:/opt/***/spark-warehouse'.
[2025-06-09T06:23:59.274+0000] {spark_submit.py:644} INFO - 25/06/09 06:23:59 INFO InMemoryFileIndex: It took 21 ms to list leaf files for 1 paths.
[2025-06-09T06:23:59.672+0000] {spark_submit.py:644} INFO - Successfully loaded Stephen Curry stats from: /opt/***/data/Stephen Curry Stats.parquet
[2025-06-09T06:23:59.727+0000] {spark_submit.py:644} INFO - 25/06/09 06:23:59 INFO StandaloneSchedulerBackend$StandaloneDriverEndpoint: Registered executor NettyRpcEndpointRef(spark-client://Executor) (172.19.0.10:48064) with ID 0,  ResourceProfileId 0
[2025-06-09T06:23:59.764+0000] {spark_submit.py:644} INFO - 25/06/09 06:23:59 INFO BlockManagerMasterEndpoint: Registering block manager 172.19.0.10:38481 with 434.4 MiB RAM, BlockManagerId(0, 172.19.0.10, 38481, None)
[2025-06-09T06:24:00.082+0000] {spark_submit.py:644} INFO - 25/06/09 06:24:00 INFO HiveConf: Found configuration file null
[2025-06-09T06:24:00.086+0000] {spark_submit.py:644} INFO - 25/06/09 06:24:00 INFO HiveUtils: Initializing HiveMetastoreConnection version 2.3.9 using Spark classes.
[2025-06-09T06:24:00.193+0000] {spark_submit.py:644} INFO - 25/06/09 06:24:00 INFO HiveClientImpl: Warehouse location for Hive client (version 2.3.9) is file:/opt/***/spark-warehouse
[2025-06-09T06:24:00.209+0000] {spark_submit.py:644} INFO - 25/06/09 06:24:00 INFO metastore: Trying to connect to metastore with URI thrift://hive-metastore:9083
[2025-06-09T06:24:00.219+0000] {spark_submit.py:644} INFO - 25/06/09 06:24:00 INFO metastore: Opened a connection to metastore, current connections: 1
[2025-06-09T06:24:00.230+0000] {spark_submit.py:644} INFO - 25/06/09 06:24:00 INFO metastore: Connected to metastore.
[2025-06-09T06:24:00.391+0000] {spark_submit.py:644} INFO - 25/06/09 06:24:00 WARN SparkStringUtils: Truncated the string representation of a plan since it was too large. This behavior can be adjusted by setting 'spark.sql.debug.maxToStringFields'.
[2025-06-09T06:24:00.971+0000] {spark_submit.py:644} INFO - 25/06/09 06:24:00 WARN MetricsConfig: Cannot locate configuration: tried hadoop-metrics2-s3a-file-system.properties,hadoop-metrics2.properties
[2025-06-09T06:24:00.978+0000] {spark_submit.py:644} INFO - 25/06/09 06:24:00 INFO MetricsSystemImpl: Scheduled Metric snapshot period at 10 second(s).
[2025-06-09T06:24:00.979+0000] {spark_submit.py:644} INFO - 25/06/09 06:24:00 INFO MetricsSystemImpl: s3a-file-system metrics system started
[2025-06-09T06:24:01.356+0000] {spark_submit.py:644} INFO - 25/06/09 06:24:01 INFO DelegatingLogStore: LogStore `LogStoreAdapter(io.delta.storage.S3SingleDriverLogStore)` is used for scheme `s3a`
[2025-06-09T06:24:01.439+0000] {spark_submit.py:644} INFO - 25/06/09 06:24:01 INFO DeltaLog: Creating initial snapshot without metadata, because the directory is empty
[2025-06-09T06:24:01.445+0000] {spark_submit.py:644} INFO - 25/06/09 06:24:01 INFO InitialSnapshot: [tableId=bed465ab-fcc4-4516-885e-f897db3c3baa] Created snapshot InitialSnapshot(path=s3a://mybucket/sc_stats_db/bronze/raw_data/_delta_log, version=-1, metadata=Metadata(b3a99b70-552e-4bd5-bf96-4b00375d7fde,null,null,Format(parquet,Map()),null,List(),Map(),Some(1749450241442)), logSegment=LogSegment(s3a://mybucket/sc_stats_db/bronze/raw_data/_delta_log,-1,List(),org.apache.spark.sql.delta.EmptyCheckpointProvider$@757dc1d9,-1), checksumOpt=None)
[2025-06-09T06:24:01.488+0000] {spark_submit.py:644} INFO - 25/06/09 06:24:01 INFO DeltaLog: Creating initial snapshot without metadata, because the directory is empty
[2025-06-09T06:24:01.488+0000] {spark_submit.py:644} INFO - 25/06/09 06:24:01 INFO InitialSnapshot: [tableId=b3a99b70-552e-4bd5-bf96-4b00375d7fde] Created snapshot InitialSnapshot(path=s3a://mybucket/sc_stats_db/bronze/raw_data/_delta_log, version=-1, metadata=Metadata(f7e5d014-eb00-4df1-97e5-486d2dd5444c,null,null,Format(parquet,Map()),null,List(),Map(),Some(1749450241488)), logSegment=LogSegment(s3a://mybucket/sc_stats_db/bronze/raw_data/_delta_log,-1,List(),org.apache.spark.sql.delta.EmptyCheckpointProvider$@757dc1d9,-1), checksumOpt=None)
[2025-06-09T06:24:01.539+0000] {spark_submit.py:644} INFO - 25/06/09 06:24:01 INFO OptimisticTransaction: [tableId=f7e5d014,txnId=967228b9] Updated metadata from - to Metadata(c9c24702-f475-49b2-be0d-4d330dc92b10,null,null,Format(parquet,Map()),{"type":"struct","fields":[{"name":"Season_year","type":"string","nullable":true,"metadata":{}},{"name":"Season_div","type":"string","nullable":true,"metadata":{}},{"name":"Date","type":"string","nullable":true,"metadata":{}},{"name":"OPP","type":"string","nullable":true,"metadata":{}},{"name":"Result","type":"string","nullable":true,"metadata":{}},{"name":"T_Score","type":"long","nullable":true,"metadata":{}},{"name":"O_Score","type":"long","nullable":true,"metadata":{}},{"name":"MIN","type":"double","nullable":true,"metadata":{}},{"name":"FG","type":"string","nullable":true,"metadata":{}},{"name":"FGM","type":"long","nullable":true,"metadata":{}},{"name":"FGA","type":"long","nullable":true,"metadata":{}},{"name":"FG_Percentage","type":"double","nullable":true,"metadata":{}},{"name":"3PT","type":"string","nullable":true,"metadata":{}},{"name":"3PTM","type":"long","nullable":true,"metadata":{}},{"name":"3PTA","type":"long","nullable":true,"metadata":{}},{"name":"3P_Percentage","type":"double","nullable":true,"metadata":{}},{"name":"FT","type":"string","nullable":true,"metadata":{}},{"name":"FTM","type":"long","nullable":true,"metadata":{}},{"name":"FTA","type":"long","nullable":true,"metadata":{}},{"name":"FT_Percentage","type":"double","nullable":true,"metadata":{}},{"name":"REB","type":"long","nullable":true,"metadata":{}},{"name":"AST","type":"long","nullable":true,"metadata":{}},{"name":"BLK","type":"long","nullable":true,"metadata":{}},{"name":"STL","type":"long","nullable":true,"metadata":{}},{"name":"PF","type":"long","nullable":true,"metadata":{}},{"name":"TO","type":"long","nullable":true,"metadata":{}},{"name":"PTS","type":"long","nullable":true,"metadata":{}}]},ArrayBuffer(),Map(),Some(1749450241527))
[2025-06-09T06:24:01.817+0000] {spark_submit.py:644} INFO - 25/06/09 06:24:01 INFO FileSourceStrategy: Pushed Filters:
[2025-06-09T06:24:01.817+0000] {spark_submit.py:644} INFO - 25/06/09 06:24:01 INFO FileSourceStrategy: Post-Scan Filters:
[2025-06-09T06:24:01.850+0000] {spark_submit.py:644} INFO - 25/06/09 06:24:01 INFO ParquetUtils: Using default output committer for Parquet: org.apache.parquet.hadoop.ParquetOutputCommitter
[2025-06-09T06:24:02.060+0000] {spark_submit.py:644} INFO - 25/06/09 06:24:02 INFO CodeGenerator: Code generated in 150.197875 ms
[2025-06-09T06:24:02.086+0000] {spark_submit.py:644} INFO - 25/06/09 06:24:02 INFO MemoryStore: Block broadcast_0 stored as values in memory (estimated size 206.3 KiB, free 434.2 MiB)
[2025-06-09T06:24:02.112+0000] {spark_submit.py:644} INFO - 25/06/09 06:24:02 INFO MemoryStore: Block broadcast_0_piece0 stored as bytes in memory (estimated size 36.2 KiB, free 434.2 MiB)
[2025-06-09T06:24:02.113+0000] {spark_submit.py:644} INFO - 25/06/09 06:24:02 INFO BlockManagerInfo: Added broadcast_0_piece0 in memory on 03faa25a31e4:38583 (size: 36.2 KiB, free: 434.4 MiB)
[2025-06-09T06:24:02.119+0000] {spark_submit.py:644} INFO - 25/06/09 06:24:02 INFO SparkContext: Created broadcast 0 from $anonfun$recordDeltaOperationInternal$1 at DatabricksLogging.scala:128
[2025-06-09T06:24:02.131+0000] {spark_submit.py:644} INFO - 25/06/09 06:24:02 INFO FileSourceScanExec: Planning scan with bin packing, max size: 4194304 bytes, open cost is considered as scanning 4194304 bytes.
[2025-06-09T06:24:02.222+0000] {spark_submit.py:644} INFO - 25/06/09 06:24:02 INFO SparkContext: Starting job: $anonfun$recordDeltaOperationInternal$1 at DatabricksLogging.scala:128
[2025-06-09T06:24:02.231+0000] {spark_submit.py:644} INFO - 25/06/09 06:24:02 INFO DAGScheduler: Got job 0 ($anonfun$recordDeltaOperationInternal$1 at DatabricksLogging.scala:128) with 1 output partitions
[2025-06-09T06:24:02.233+0000] {spark_submit.py:644} INFO - 25/06/09 06:24:02 INFO DAGScheduler: Final stage: ResultStage 0 ($anonfun$recordDeltaOperationInternal$1 at DatabricksLogging.scala:128)
[2025-06-09T06:24:02.233+0000] {spark_submit.py:644} INFO - 25/06/09 06:24:02 INFO DAGScheduler: Parents of final stage: List()
[2025-06-09T06:24:02.233+0000] {spark_submit.py:644} INFO - 25/06/09 06:24:02 INFO DAGScheduler: Missing parents: List()
[2025-06-09T06:24:02.233+0000] {spark_submit.py:644} INFO - 25/06/09 06:24:02 INFO DAGScheduler: Submitting ResultStage 0 (MapPartitionsRDD[2] at $anonfun$recordDeltaOperationInternal$1 at DatabricksLogging.scala:128), which has no missing parents
[2025-06-09T06:24:02.284+0000] {spark_submit.py:644} INFO - 25/06/09 06:24:02 INFO MemoryStore: Block broadcast_1 stored as values in memory (estimated size 378.3 KiB, free 433.8 MiB)
[2025-06-09T06:24:02.286+0000] {spark_submit.py:644} INFO - 25/06/09 06:24:02 INFO MemoryStore: Block broadcast_1_piece0 stored as bytes in memory (estimated size 130.2 KiB, free 433.7 MiB)
[2025-06-09T06:24:02.286+0000] {spark_submit.py:644} INFO - 25/06/09 06:24:02 INFO BlockManagerInfo: Added broadcast_1_piece0 in memory on 03faa25a31e4:38583 (size: 130.2 KiB, free: 434.2 MiB)
[2025-06-09T06:24:02.290+0000] {spark_submit.py:644} INFO - 25/06/09 06:24:02 INFO SparkContext: Created broadcast 1 from broadcast at DAGScheduler.scala:1585
[2025-06-09T06:24:02.297+0000] {spark_submit.py:644} INFO - 25/06/09 06:24:02 INFO DAGScheduler: Submitting 1 missing tasks from ResultStage 0 (MapPartitionsRDD[2] at $anonfun$recordDeltaOperationInternal$1 at DatabricksLogging.scala:128) (first 15 tasks are for partitions Vector(0))
[2025-06-09T06:24:02.298+0000] {spark_submit.py:644} INFO - 25/06/09 06:24:02 INFO TaskSchedulerImpl: Adding task set 0.0 with 1 tasks resource profile 0
[2025-06-09T06:24:02.320+0000] {spark_submit.py:644} INFO - 25/06/09 06:24:02 INFO TaskSetManager: Starting task 0.0 in stage 0.0 (TID 0) (172.19.0.10, executor 0, partition 0, PROCESS_LOCAL, 9622 bytes)
[2025-06-09T06:24:02.438+0000] {spark_submit.py:644} INFO - 25/06/09 06:24:02 INFO BlockManagerInfo: Added broadcast_1_piece0 in memory on 172.19.0.10:38481 (size: 130.2 KiB, free: 434.3 MiB)
[2025-06-09T06:24:03.989+0000] {spark_submit.py:644} INFO - 25/06/09 06:24:03 INFO BlockManagerInfo: Added broadcast_0_piece0 in memory on 172.19.0.10:38481 (size: 36.2 KiB, free: 434.2 MiB)
[2025-06-09T06:24:04.873+0000] {spark_submit.py:644} INFO - 25/06/09 06:24:04 INFO TaskSetManager: Finished task 0.0 in stage 0.0 (TID 0) in 2559 ms on 172.19.0.10 (executor 0) (1/1)
[2025-06-09T06:24:04.874+0000] {spark_submit.py:644} INFO - 25/06/09 06:24:04 INFO TaskSchedulerImpl: Removed TaskSet 0.0, whose tasks have all completed, from pool
[2025-06-09T06:24:04.877+0000] {spark_submit.py:644} INFO - 25/06/09 06:24:04 INFO DAGScheduler: ResultStage 0 ($anonfun$recordDeltaOperationInternal$1 at DatabricksLogging.scala:128) finished in 2.637 s
[2025-06-09T06:24:04.878+0000] {spark_submit.py:644} INFO - 25/06/09 06:24:04 INFO DAGScheduler: Job 0 is finished. Cancelling potential speculative or zombie tasks for this job
[2025-06-09T06:24:04.878+0000] {spark_submit.py:644} INFO - 25/06/09 06:24:04 INFO TaskSchedulerImpl: Killing all running tasks in stage 0: Stage finished
[2025-06-09T06:24:04.880+0000] {spark_submit.py:644} INFO - 25/06/09 06:24:04 INFO DAGScheduler: Job 0 finished: $anonfun$recordDeltaOperationInternal$1 at DatabricksLogging.scala:128, took 2.657723 s
[2025-06-09T06:24:04.881+0000] {spark_submit.py:644} INFO - 25/06/09 06:24:04 INFO DeltaFileFormatWriter: Start to commit write Job 57234840-4d8e-42b0-902a-1cdf45c7a8a5.
[2025-06-09T06:24:04.882+0000] {spark_submit.py:644} INFO - 25/06/09 06:24:04 INFO DeltaFileFormatWriter: Write Job 57234840-4d8e-42b0-902a-1cdf45c7a8a5 committed. Elapsed time: 0 ms.
[2025-06-09T06:24:04.885+0000] {spark_submit.py:644} INFO - 25/06/09 06:24:04 INFO DeltaFileFormatWriter: Finished processing stats for write job 57234840-4d8e-42b0-902a-1cdf45c7a8a5.
[2025-06-09T06:24:05.459+0000] {spark_submit.py:644} INFO - 25/06/09 06:24:05 INFO BlockManagerInfo: Removed broadcast_1_piece0 on 172.19.0.10:38481 in memory (size: 130.2 KiB, free: 434.4 MiB)
[2025-06-09T06:24:05.462+0000] {spark_submit.py:644} INFO - 25/06/09 06:24:05 INFO BlockManagerInfo: Removed broadcast_1_piece0 on 03faa25a31e4:38583 in memory (size: 130.2 KiB, free: 434.4 MiB)
[2025-06-09T06:24:05.597+0000] {spark_submit.py:644} INFO - 25/06/09 06:24:05 INFO CodeGenerator: Code generated in 163.396958 ms
[2025-06-09T06:24:05.635+0000] {spark_submit.py:644} INFO - 25/06/09 06:24:05 INFO SparkContext: Starting job: $anonfun$recordDeltaOperationInternal$1 at DatabricksLogging.scala:128
[2025-06-09T06:24:05.636+0000] {spark_submit.py:644} INFO - 25/06/09 06:24:05 INFO DAGScheduler: Job 1 finished: $anonfun$recordDeltaOperationInternal$1 at DatabricksLogging.scala:128, took 0.000198 s
[2025-06-09T06:24:05.697+0000] {spark_submit.py:644} INFO - 25/06/09 06:24:05 INFO OptimisticTransaction: [tableId=f7e5d014,txnId=967228b9] Attempting to commit version 0 with 4 actions with Serializable isolation level
[2025-06-09T06:24:05.818+0000] {spark_submit.py:644} INFO - 25/06/09 06:24:05 INFO DeltaLog: Creating a new snapshot v0 for commit version 0
[2025-06-09T06:24:05.819+0000] {spark_submit.py:644} INFO - 25/06/09 06:24:05 INFO DeltaLog: Loading version 0.
[2025-06-09T06:24:05.827+0000] {spark_submit.py:644} INFO - 25/06/09 06:24:05 INFO DeltaLogFileIndex: Created DeltaLogFileIndex(JSON, numFilesInSegment: 1, totalFileSize: 3922)
[2025-06-09T06:24:05.932+0000] {spark_submit.py:644} INFO - 25/06/09 06:24:05 INFO DataSourceStrategy: Pruning directories with:
[2025-06-09T06:24:05.934+0000] {spark_submit.py:644} INFO - 25/06/09 06:24:05 INFO FileSourceStrategy: Pushed Filters:
[2025-06-09T06:24:05.934+0000] {spark_submit.py:644} INFO - 25/06/09 06:24:05 INFO FileSourceStrategy: Post-Scan Filters: ((isnotnull(protocol#637.minReaderVersion) OR isnotnull(metaData#636.id)) OR (isnotnull(commitInfo#638.inCommitTimestamp) AND (version#639L = 0)))
[2025-06-09T06:24:05.968+0000] {spark_submit.py:644} INFO - 25/06/09 06:24:05 INFO CodeGenerator: Code generated in 20.28825 ms
[2025-06-09T06:24:05.970+0000] {spark_submit.py:644} INFO - 25/06/09 06:24:05 INFO MemoryStore: Block broadcast_2 stored as values in memory (estimated size 202.2 KiB, free 434.0 MiB)
[2025-06-09T06:24:05.975+0000] {spark_submit.py:644} INFO - 25/06/09 06:24:05 INFO MemoryStore: Block broadcast_2_piece0 stored as bytes in memory (estimated size 35.0 KiB, free 433.9 MiB)
[2025-06-09T06:24:05.975+0000] {spark_submit.py:644} INFO - 25/06/09 06:24:05 INFO BlockManagerInfo: Added broadcast_2_piece0 in memory on 03faa25a31e4:38583 (size: 35.0 KiB, free: 434.3 MiB)
[2025-06-09T06:24:05.976+0000] {spark_submit.py:644} INFO - 25/06/09 06:24:05 INFO SparkContext: Created broadcast 2 from $anonfun$recordDeltaOperationInternal$1 at DatabricksLogging.scala:128
[2025-06-09T06:24:05.987+0000] {spark_submit.py:644} INFO - 25/06/09 06:24:05 INFO FileSourceScanExec: Planning scan with bin packing, max size: 4194304 bytes, open cost is considered as scanning 4194304 bytes.
[2025-06-09T06:24:06.010+0000] {spark_submit.py:644} INFO - 25/06/09 06:24:06 INFO SparkContext: Starting job: $anonfun$recordDeltaOperationInternal$1 at DatabricksLogging.scala:128
[2025-06-09T06:24:06.010+0000] {spark_submit.py:644} INFO - 25/06/09 06:24:06 INFO DAGScheduler: Got job 2 ($anonfun$recordDeltaOperationInternal$1 at DatabricksLogging.scala:128) with 1 output partitions
[2025-06-09T06:24:06.010+0000] {spark_submit.py:644} INFO - 25/06/09 06:24:06 INFO DAGScheduler: Final stage: ResultStage 1 ($anonfun$recordDeltaOperationInternal$1 at DatabricksLogging.scala:128)
[2025-06-09T06:24:06.011+0000] {spark_submit.py:644} INFO - 25/06/09 06:24:06 INFO DAGScheduler: Parents of final stage: List()
[2025-06-09T06:24:06.011+0000] {spark_submit.py:644} INFO - 25/06/09 06:24:06 INFO DAGScheduler: Missing parents: List()
[2025-06-09T06:24:06.011+0000] {spark_submit.py:644} INFO - 25/06/09 06:24:06 INFO DAGScheduler: Submitting ResultStage 1 (MapPartitionsRDD[10] at $anonfun$recordDeltaOperationInternal$1 at DatabricksLogging.scala:128), which has no missing parents
[2025-06-09T06:24:06.012+0000] {spark_submit.py:644} INFO - 25/06/09 06:24:06 INFO MemoryStore: Block broadcast_3 stored as values in memory (estimated size 55.2 KiB, free 433.9 MiB)
[2025-06-09T06:24:06.013+0000] {spark_submit.py:644} INFO - 25/06/09 06:24:06 INFO MemoryStore: Block broadcast_3_piece0 stored as bytes in memory (estimated size 17.1 KiB, free 433.9 MiB)
[2025-06-09T06:24:06.013+0000] {spark_submit.py:644} INFO - 25/06/09 06:24:06 INFO BlockManagerInfo: Added broadcast_3_piece0 in memory on 03faa25a31e4:38583 (size: 17.1 KiB, free: 434.3 MiB)
[2025-06-09T06:24:06.014+0000] {spark_submit.py:644} INFO - 25/06/09 06:24:06 INFO SparkContext: Created broadcast 3 from broadcast at DAGScheduler.scala:1585
[2025-06-09T06:24:06.014+0000] {spark_submit.py:644} INFO - 25/06/09 06:24:06 INFO DAGScheduler: Submitting 1 missing tasks from ResultStage 1 (MapPartitionsRDD[10] at $anonfun$recordDeltaOperationInternal$1 at DatabricksLogging.scala:128) (first 15 tasks are for partitions Vector(0))
[2025-06-09T06:24:06.014+0000] {spark_submit.py:644} INFO - 25/06/09 06:24:06 INFO TaskSchedulerImpl: Adding task set 1.0 with 1 tasks resource profile 0
[2025-06-09T06:24:06.015+0000] {spark_submit.py:644} INFO - 25/06/09 06:24:06 INFO TaskSetManager: Starting task 0.0 in stage 1.0 (TID 1) (172.19.0.10, executor 0, partition 0, PROCESS_LOCAL, 9696 bytes)
[2025-06-09T06:24:06.030+0000] {spark_submit.py:644} INFO - 25/06/09 06:24:06 INFO BlockManagerInfo: Added broadcast_3_piece0 in memory on 172.19.0.10:38481 (size: 17.1 KiB, free: 434.3 MiB)
[2025-06-09T06:24:06.141+0000] {spark_submit.py:644} INFO - 25/06/09 06:24:06 INFO BlockManagerInfo: Added broadcast_2_piece0 in memory on 172.19.0.10:38481 (size: 35.0 KiB, free: 434.3 MiB)
[2025-06-09T06:24:06.207+0000] {spark_submit.py:644} INFO - 25/06/09 06:24:06 INFO TaskSetManager: Finished task 0.0 in stage 1.0 (TID 1) in 192 ms on 172.19.0.10 (executor 0) (1/1)
[2025-06-09T06:24:06.208+0000] {spark_submit.py:644} INFO - 25/06/09 06:24:06 INFO TaskSchedulerImpl: Removed TaskSet 1.0, whose tasks have all completed, from pool
[2025-06-09T06:24:06.208+0000] {spark_submit.py:644} INFO - 25/06/09 06:24:06 INFO DAGScheduler: ResultStage 1 ($anonfun$recordDeltaOperationInternal$1 at DatabricksLogging.scala:128) finished in 0.196 s
[2025-06-09T06:24:06.208+0000] {spark_submit.py:644} INFO - 25/06/09 06:24:06 INFO DAGScheduler: Job 2 is finished. Cancelling potential speculative or zombie tasks for this job
[2025-06-09T06:24:06.208+0000] {spark_submit.py:644} INFO - 25/06/09 06:24:06 INFO TaskSchedulerImpl: Killing all running tasks in stage 1: Stage finished
[2025-06-09T06:24:06.209+0000] {spark_submit.py:644} INFO - 25/06/09 06:24:06 INFO DAGScheduler: Job 2 finished: $anonfun$recordDeltaOperationInternal$1 at DatabricksLogging.scala:128, took 0.198423 s
[2025-06-09T06:24:06.235+0000] {spark_submit.py:644} INFO - 25/06/09 06:24:06 INFO CodeGenerator: Code generated in 15.799375 ms
[2025-06-09T06:24:06.238+0000] {spark_submit.py:644} INFO - 25/06/09 06:24:06 INFO Snapshot: [tableId=f7e5d014-eb00-4df1-97e5-486d2dd5444c] Created snapshot Snapshot(path=s3a://mybucket/sc_stats_db/bronze/raw_data/_delta_log, version=0, metadata=Metadata(c9c24702-f475-49b2-be0d-4d330dc92b10,null,null,Format(parquet,Map()),{"type":"struct","fields":[{"name":"Season_year","type":"string","nullable":true,"metadata":{}},{"name":"Season_div","type":"string","nullable":true,"metadata":{}},{"name":"Date","type":"string","nullable":true,"metadata":{}},{"name":"OPP","type":"string","nullable":true,"metadata":{}},{"name":"Result","type":"string","nullable":true,"metadata":{}},{"name":"T_Score","type":"long","nullable":true,"metadata":{}},{"name":"O_Score","type":"long","nullable":true,"metadata":{}},{"name":"MIN","type":"double","nullable":true,"metadata":{}},{"name":"FG","type":"string","nullable":true,"metadata":{}},{"name":"FGM","type":"long","nullable":true,"metadata":{}},{"name":"FGA","type":"long","nullable":true,"metadata":{}},{"name":"FG_Percentage","type":"double","nullable":true,"metadata":{}},{"name":"3PT","type":"string","nullable":true,"metadata":{}},{"name":"3PTM","type":"long","nullable":true,"metadata":{}},{"name":"3PTA","type":"long","nullable":true,"metadata":{}},{"name":"3P_Percentage","type":"double","nullable":true,"metadata":{}},{"name":"FT","type":"string","nullable":true,"metadata":{}},{"name":"FTM","type":"long","nullable":true,"metadata":{}},{"name":"FTA","type":"long","nullable":true,"metadata":{}},{"name":"FT_Percentage","type":"double","nullable":true,"metadata":{}},{"name":"REB","type":"long","nullable":true,"metadata":{}},{"name":"AST","type":"long","nullable":true,"metadata":{}},{"name":"BLK","type":"long","nullable":true,"metadata":{}},{"name":"STL","type":"long","nullable":true,"metadata":{}},{"name":"PF","type":"long","nullable":true,"metadata":{}},{"name":"TO","type":"long","nullable":true,"metadata":{}},{"name":"PTS","type":"long","nullable":true,"metadata":{}}]},List(),Map(),Some(1749450241527)), logSegment=LogSegment(s3a://mybucket/sc_stats_db/bronze/raw_data/_delta_log,0,List(S3AFileStatus{path=s3a://mybucket/sc_stats_db/bronze/raw_data/_delta_log/00000000000000000000.json; isDirectory=false; length=3922; replication=1; blocksize=33554432; modification_time=1749450245000; access_time=0; owner=***; group=***; permission=rw-rw-rw-; isSymlink=false; hasAcl=false; isEncrypted=true; isErasureCoded=false} isEmptyDirectory=FALSE eTag=ba52ad464d979c4ae8c2193a70d654cd versionId=null),org.apache.spark.sql.delta.EmptyCheckpointProvider$@757dc1d9,1749450245000), checksumOpt=None)
[2025-06-09T06:24:06.239+0000] {spark_submit.py:644} INFO - 25/06/09 06:24:06 INFO DeltaLog: Updated snapshot to Snapshot(path=s3a://mybucket/sc_stats_db/bronze/raw_data/_delta_log, version=0, metadata=Metadata(c9c24702-f475-49b2-be0d-4d330dc92b10,null,null,Format(parquet,Map()),{"type":"struct","fields":[{"name":"Season_year","type":"string","nullable":true,"metadata":{}},{"name":"Season_div","type":"string","nullable":true,"metadata":{}},{"name":"Date","type":"string","nullable":true,"metadata":{}},{"name":"OPP","type":"string","nullable":true,"metadata":{}},{"name":"Result","type":"string","nullable":true,"metadata":{}},{"name":"T_Score","type":"long","nullable":true,"metadata":{}},{"name":"O_Score","type":"long","nullable":true,"metadata":{}},{"name":"MIN","type":"double","nullable":true,"metadata":{}},{"name":"FG","type":"string","nullable":true,"metadata":{}},{"name":"FGM","type":"long","nullable":true,"metadata":{}},{"name":"FGA","type":"long","nullable":true,"metadata":{}},{"name":"FG_Percentage","type":"double","nullable":true,"metadata":{}},{"name":"3PT","type":"string","nullable":true,"metadata":{}},{"name":"3PTM","type":"long","nullable":true,"metadata":{}},{"name":"3PTA","type":"long","nullable":true,"metadata":{}},{"name":"3P_Percentage","type":"double","nullable":true,"metadata":{}},{"name":"FT","type":"string","nullable":true,"metadata":{}},{"name":"FTM","type":"long","nullable":true,"metadata":{}},{"name":"FTA","type":"long","nullable":true,"metadata":{}},{"name":"FT_Percentage","type":"double","nullable":true,"metadata":{}},{"name":"REB","type":"long","nullable":true,"metadata":{}},{"name":"AST","type":"long","nullable":true,"metadata":{}},{"name":"BLK","type":"long","nullable":true,"metadata":{}},{"name":"STL","type":"long","nullable":true,"metadata":{}},{"name":"PF","type":"long","nullable":true,"metadata":{}},{"name":"TO","type":"long","nullable":true,"metadata":{}},{"name":"PTS","type":"long","nullable":true,"metadata":{}}]},List(),Map(),Some(1749450241527)), logSegment=LogSegment(s3a://mybucket/sc_stats_db/bronze/raw_data/_delta_log,0,List(S3AFileStatus{path=s3a://mybucket/sc_stats_db/bronze/raw_data/_delta_log/00000000000000000000.json; isDirectory=false; length=3922; replication=1; blocksize=33554432; modification_time=1749450245000; access_time=0; owner=***; group=***; permission=rw-rw-rw-; isSymlink=false; hasAcl=false; isEncrypted=true; isErasureCoded=false} isEmptyDirectory=FALSE eTag=ba52ad464d979c4ae8c2193a70d654cd versionId=null),org.apache.spark.sql.delta.EmptyCheckpointProvider$@757dc1d9,1749450245000), checksumOpt=None)
[2025-06-09T06:24:06.257+0000] {spark_submit.py:644} INFO - 25/06/09 06:24:06 INFO OptimisticTransaction: [tableId=f7e5d014,txnId=967228b9] Committed delta #0 to s3a://mybucket/sc_stats_db/bronze/raw_data/_delta_log
[2025-06-09T06:24:06.258+0000] {spark_submit.py:644} INFO - 25/06/09 06:24:06 INFO CreateDeltaTableCommand: Table is path-based table: false. Update catalog with mode: CreateOrReplace
[2025-06-09T06:24:06.286+0000] {spark_submit.py:644} INFO - 25/06/09 06:24:06 WARN HiveExternalCatalog: Couldn't find corresponding Hive SerDe for data source provider delta. Persisting data source table `spark_catalog`.`sc_stats_db`.`bronze_raw_data` into Hive metastore in Spark SQL specific format, which is NOT compatible with Hive.
[2025-06-09T06:24:06.316+0000] {spark_submit.py:644} INFO - 25/06/09 06:24:06 INFO SQLStdHiveAccessController: Created SQLStdHiveAccessController for session context : HiveAuthzSessionContext [sessionString=29055965-79ad-4082-80a2-63766b56567e, clientType=HIVECLI]
[2025-06-09T06:24:06.317+0000] {spark_submit.py:644} INFO - 25/06/09 06:24:06 WARN SessionState: METASTORE_FILTER_HOOK will be ignored, since hive.security.authorization.manager is set to instance of HiveAuthorizerFactory.
[2025-06-09T06:24:06.317+0000] {spark_submit.py:644} INFO - 25/06/09 06:24:06 INFO metastore: Mestastore configuration hive.metastore.filter.hook changed from org.apache.hadoop.hive.metastore.DefaultMetaStoreFilterHookImpl to org.apache.hadoop.hive.ql.security.authorization.plugin.AuthorizationMetaStoreFilterHook
[2025-06-09T06:24:06.320+0000] {spark_submit.py:644} INFO - 25/06/09 06:24:06 INFO metastore: Closed a connection to metastore, current connections: 0
[2025-06-09T06:24:06.320+0000] {spark_submit.py:644} INFO - 25/06/09 06:24:06 INFO metastore: Trying to connect to metastore with URI thrift://hive-metastore:9083
[2025-06-09T06:24:06.321+0000] {spark_submit.py:644} INFO - 25/06/09 06:24:06 INFO metastore: Opened a connection to metastore, current connections: 1
[2025-06-09T06:24:06.321+0000] {spark_submit.py:644} INFO - 25/06/09 06:24:06 INFO metastore: Connected to metastore.
[2025-06-09T06:24:06.389+0000] {spark_submit.py:644} INFO - 25/06/09 06:24:06 INFO metastore: Trying to connect to metastore with URI thrift://hive-metastore:9083
[2025-06-09T06:24:06.389+0000] {spark_submit.py:644} INFO - 25/06/09 06:24:06 INFO metastore: Opened a connection to metastore, current connections: 2
[2025-06-09T06:24:06.390+0000] {spark_submit.py:644} INFO - 25/06/09 06:24:06 INFO metastore: Connected to metastore.
[2025-06-09T06:24:06.502+0000] {spark_submit.py:644} INFO - Successfully wrote and registered table sc_stats_db.bronze_raw_data at s3a://mybucket/sc_stats_db/bronze/raw_data
[2025-06-09T06:24:06.502+0000] {spark_submit.py:644} INFO - Bronze ingestion job completed successfully.
[2025-06-09T06:24:06.502+0000] {spark_submit.py:644} INFO - 25/06/09 06:24:06 INFO SparkContext: SparkContext is stopping with exitCode 0.
[2025-06-09T06:24:06.508+0000] {spark_submit.py:644} INFO - 25/06/09 06:24:06 INFO SparkUI: Stopped Spark web UI at http://03faa25a31e4:4040
[2025-06-09T06:24:06.510+0000] {spark_submit.py:644} INFO - 25/06/09 06:24:06 INFO StandaloneSchedulerBackend: Shutting down all executors
[2025-06-09T06:24:06.510+0000] {spark_submit.py:644} INFO - 25/06/09 06:24:06 INFO StandaloneSchedulerBackend$StandaloneDriverEndpoint: Asking each executor to shut down
[2025-06-09T06:24:06.520+0000] {spark_submit.py:644} INFO - 25/06/09 06:24:06 INFO MapOutputTrackerMasterEndpoint: MapOutputTrackerMasterEndpoint stopped!
[2025-06-09T06:24:06.532+0000] {spark_submit.py:644} INFO - 25/06/09 06:24:06 INFO MemoryStore: MemoryStore cleared
[2025-06-09T06:24:06.532+0000] {spark_submit.py:644} INFO - 25/06/09 06:24:06 INFO BlockManager: BlockManager stopped
[2025-06-09T06:24:06.534+0000] {spark_submit.py:644} INFO - 25/06/09 06:24:06 INFO BlockManagerMaster: BlockManagerMaster stopped
[2025-06-09T06:24:06.535+0000] {spark_submit.py:644} INFO - 25/06/09 06:24:06 INFO OutputCommitCoordinator$OutputCommitCoordinatorEndpoint: OutputCommitCoordinator stopped!
[2025-06-09T06:24:06.540+0000] {spark_submit.py:644} INFO - 25/06/09 06:24:06 INFO SparkContext: Successfully stopped SparkContext
[2025-06-09T06:24:06.714+0000] {spark_submit.py:644} INFO - 25/06/09 06:24:06 INFO ShutdownHookManager: Shutdown hook called
[2025-06-09T06:24:06.714+0000] {spark_submit.py:644} INFO - 25/06/09 06:24:06 INFO ShutdownHookManager: Deleting directory /tmp/spark-13da8f8e-b008-4ad9-9f40-247c9223a80c/pyspark-5d492edc-d6a6-4c9b-867c-1849d0675eb0
[2025-06-09T06:24:06.716+0000] {spark_submit.py:644} INFO - 25/06/09 06:24:06 INFO ShutdownHookManager: Deleting directory /tmp/spark-13da8f8e-b008-4ad9-9f40-247c9223a80c
[2025-06-09T06:24:06.718+0000] {spark_submit.py:644} INFO - 25/06/09 06:24:06 INFO ShutdownHookManager: Deleting directory /tmp/spark-76a0ea7b-5d5d-4bf8-bc04-c4fd447a5a16
[2025-06-09T06:24:06.721+0000] {spark_submit.py:644} INFO - 25/06/09 06:24:06 INFO MetricsSystemImpl: Stopping s3a-file-system metrics system...
[2025-06-09T06:24:06.721+0000] {spark_submit.py:644} INFO - 25/06/09 06:24:06 INFO MetricsSystemImpl: s3a-file-system metrics system stopped.
[2025-06-09T06:24:06.721+0000] {spark_submit.py:644} INFO - 25/06/09 06:24:06 INFO MetricsSystemImpl: s3a-file-system metrics system shutdown complete.
[2025-06-09T06:24:06.746+0000] {taskinstance.py:340} INFO - ::group::Post task execution logs
[2025-06-09T06:24:06.747+0000] {taskinstance.py:352} INFO - Marking task as SUCCESS. dag_id=stephen_curry_stats_medallion_etl, task_id=bronze_ingestion, run_id=manual__2025-06-09T06:23:55.726995+00:00, execution_date=20250609T062355, start_date=20250609T062356, end_date=20250609T062406
[2025-06-09T06:24:06.783+0000] {local_task_job_runner.py:266} INFO - Task exited with return code 0
[2025-06-09T06:24:06.795+0000] {taskinstance.py:3895} INFO - 0 downstream tasks scheduled from follow-on schedule check
[2025-06-09T06:24:06.797+0000] {local_task_job_runner.py:245} INFO - ::endgroup::
