[2025-06-03T13:05:14.492+0000] {local_task_job_runner.py:123} INFO - ::group::Pre task execution logs
[2025-06-03T13:05:14.501+0000] {taskinstance.py:2613} INFO - Dependencies all met for dep_context=non-requeueable deps ti=<TaskInstance: curry_medallion_etl.submit_bronze_etl_job manual__2025-06-03T13:05:13.098288+00:00 [queued]>
[2025-06-03T13:05:14.505+0000] {taskinstance.py:2613} INFO - Dependencies all met for dep_context=requeueable deps ti=<TaskInstance: curry_medallion_etl.submit_bronze_etl_job manual__2025-06-03T13:05:13.098288+00:00 [queued]>
[2025-06-03T13:05:14.505+0000] {taskinstance.py:2866} INFO - Starting attempt 1 of 1
[2025-06-03T13:05:14.511+0000] {taskinstance.py:2889} INFO - Executing <Task(SparkSubmitOperator): submit_bronze_etl_job> on 2025-06-03 13:05:13.098288+00:00
[2025-06-03T13:05:14.513+0000] {standard_task_runner.py:72} INFO - Started process 196 to run task
[2025-06-03T13:05:14.515+0000] {standard_task_runner.py:104} INFO - Running: ['***', 'tasks', 'run', 'curry_medallion_etl', 'submit_bronze_etl_job', 'manual__2025-06-03T13:05:13.098288+00:00', '--job-id', '3', '--raw', '--subdir', 'DAGS_FOLDER/medallion_sales_etl_dag.py', '--cfg-path', '/tmp/tmp9o35qhlq']
[2025-06-03T13:05:14.517+0000] {standard_task_runner.py:105} INFO - Job 3: Subtask submit_bronze_etl_job
[2025-06-03T13:05:14.543+0000] {task_command.py:467} INFO - Running <TaskInstance: curry_medallion_etl.submit_bronze_etl_job manual__2025-06-03T13:05:13.098288+00:00 [running]> on host 3d1763996cf7
[2025-06-03T13:05:14.586+0000] {taskinstance.py:3132} INFO - Exporting env vars: AIRFLOW_CTX_DAG_OWNER='qdinh18' AIRFLOW_CTX_DAG_ID='curry_medallion_etl' AIRFLOW_CTX_TASK_ID='submit_bronze_etl_job' AIRFLOW_CTX_EXECUTION_DATE='2025-06-03T13:05:13.098288+00:00' AIRFLOW_CTX_TRY_NUMBER='1' AIRFLOW_CTX_DAG_RUN_ID='manual__2025-06-03T13:05:13.098288+00:00'
[2025-06-03T13:05:14.586+0000] {taskinstance.py:731} INFO - ::endgroup::
[2025-06-03T13:05:14.601+0000] {base.py:84} INFO - Retrieving connection 'spark_default'
[2025-06-03T13:05:14.602+0000] {spark_submit.py:474} INFO - Spark-Submit cmd: spark-submit --master spark://spark-master:7077 --conf spark.executor.memory=2g --conf spark.sql.extensions=io.delta.sql.DeltaSparkSessionExtension --conf spark.sql.catalog.spark_catalog=org.apache.spark.sql.delta.catalog.DeltaCatalog --conf spark.hadoop.fs.s3a.endpoint=http://minio:9000 --conf spark.hadoop.fs.s3a.access.key=minioadmin --conf spark.hadoop.fs.s3a.secret.key=****** --conf spark.hadoop.fs.s3a.path.style.access=true --conf spark.hadoop.fs.s3a.impl=org.apache.hadoop.fs.s3a.S3AFileSystem --packages org.apache.hadoop:hadoop-aws:3.3.4,com.amazonaws:aws-java-sdk-bundle:1.12.262,io.delta:delta-spark_2.12:3.1.0 --name bronze_sc_stats_etl --verbose --queue root.default --deploy-mode client /opt/***/dags/bronze_ingestion_sc_stats_etl.py --output_path s3a://mybucket/bronze/curry_raw_data/
[2025-06-03T13:05:15.341+0000] {spark_submit.py:644} INFO - Using properties file: null
[2025-06-03T13:05:15.393+0000] {spark_submit.py:644} INFO - Parsed arguments:
[2025-06-03T13:05:15.393+0000] {spark_submit.py:644} INFO - master                  spark://spark-master:7077
[2025-06-03T13:05:15.394+0000] {spark_submit.py:644} INFO - remote                  null
[2025-06-03T13:05:15.394+0000] {spark_submit.py:644} INFO - deployMode              client
[2025-06-03T13:05:15.394+0000] {spark_submit.py:644} INFO - executorMemory          2g
[2025-06-03T13:05:15.394+0000] {spark_submit.py:644} INFO - executorCores           null
[2025-06-03T13:05:15.394+0000] {spark_submit.py:644} INFO - totalExecutorCores      null
[2025-06-03T13:05:15.395+0000] {spark_submit.py:644} INFO - propertiesFile          null
[2025-06-03T13:05:15.395+0000] {spark_submit.py:644} INFO - driverMemory            null
[2025-06-03T13:05:15.395+0000] {spark_submit.py:644} INFO - driverCores             null
[2025-06-03T13:05:15.395+0000] {spark_submit.py:644} INFO - driverExtraClassPath    null
[2025-06-03T13:05:15.395+0000] {spark_submit.py:644} INFO - driverExtraLibraryPath  null
[2025-06-03T13:05:15.395+0000] {spark_submit.py:644} INFO - driverExtraJavaOptions  null
[2025-06-03T13:05:15.395+0000] {spark_submit.py:644} INFO - supervise               false
[2025-06-03T13:05:15.396+0000] {spark_submit.py:644} INFO - queue                   root.default
[2025-06-03T13:05:15.396+0000] {spark_submit.py:644} INFO - numExecutors            null
[2025-06-03T13:05:15.396+0000] {spark_submit.py:644} INFO - files                   null
[2025-06-03T13:05:15.396+0000] {spark_submit.py:644} INFO - pyFiles                 null
[2025-06-03T13:05:15.396+0000] {spark_submit.py:644} INFO - archives                null
[2025-06-03T13:05:15.396+0000] {spark_submit.py:644} INFO - mainClass               null
[2025-06-03T13:05:15.396+0000] {spark_submit.py:644} INFO - primaryResource         file:/opt/***/dags/bronze_ingestion_sc_stats_etl.py
[2025-06-03T13:05:15.396+0000] {spark_submit.py:644} INFO - name                    bronze_sc_stats_etl
[2025-06-03T13:05:15.397+0000] {spark_submit.py:644} INFO - childArgs               [--output_path s3a://mybucket/bronze/curry_raw_data/]
[2025-06-03T13:05:15.397+0000] {spark_submit.py:644} INFO - jars                    null
[2025-06-03T13:05:15.397+0000] {spark_submit.py:644} INFO - packages                org.apache.hadoop:hadoop-aws:3.3.4,com.amazonaws:aws-java-sdk-bundle:1.12.262,io.delta:delta-spark_2.12:3.1.0
[2025-06-03T13:05:15.397+0000] {spark_submit.py:644} INFO - packagesExclusions      null
[2025-06-03T13:05:15.397+0000] {spark_submit.py:644} INFO - repositories            null
[2025-06-03T13:05:15.397+0000] {spark_submit.py:644} INFO - verbose                 true
[2025-06-03T13:05:15.397+0000] {spark_submit.py:644} INFO - 
[2025-06-03T13:05:15.398+0000] {spark_submit.py:644} INFO - Spark properties used, including those specified through
[2025-06-03T13:05:15.398+0000] {spark_submit.py:644} INFO - --conf and those from the properties file null:
[2025-06-03T13:05:15.398+0000] {spark_submit.py:644} INFO - (spark.executor.memory,2g)
[2025-06-03T13:05:15.398+0000] {spark_submit.py:644} INFO - (spark.hadoop.fs.s3a.access.key,*********(redacted))
[2025-06-03T13:05:15.398+0000] {spark_submit.py:644} INFO - (spark.hadoop.fs.s3a.endpoint,http://minio:9000)
[2025-06-03T13:05:15.398+0000] {spark_submit.py:644} INFO - (spark.hadoop.fs.s3a.impl,org.apache.hadoop.fs.s3a.S3AFileSystem)
[2025-06-03T13:05:15.398+0000] {spark_submit.py:644} INFO - (spark.hadoop.fs.s3a.path.style.access,true)
[2025-06-03T13:05:15.398+0000] {spark_submit.py:644} INFO - (spark.hadoop.fs.s3a.secret.key,*********(redacted))
[2025-06-03T13:05:15.399+0000] {spark_submit.py:644} INFO - (spark.sql.catalog.spark_catalog,org.apache.spark.sql.delta.catalog.DeltaCatalog)
[2025-06-03T13:05:15.399+0000] {spark_submit.py:644} INFO - (spark.sql.extensions,io.delta.sql.DeltaSparkSessionExtension)
[2025-06-03T13:05:15.399+0000] {spark_submit.py:644} INFO - 
[2025-06-03T13:05:15.399+0000] {spark_submit.py:644} INFO - 
[2025-06-03T13:05:15.468+0000] {spark_submit.py:644} INFO - :: loading settings :: url = jar:file:/home/***/.local/lib/python3.11/site-packages/pyspark/jars/ivy-2.5.1.jar!/org/apache/ivy/core/settings/ivysettings.xml
[2025-06-03T13:05:15.508+0000] {spark_submit.py:644} INFO - Ivy Default Cache set to: /home/***/.ivy2/cache
[2025-06-03T13:05:15.509+0000] {spark_submit.py:644} INFO - The jars for the packages stored in: /home/***/.ivy2/jars
[2025-06-03T13:05:15.512+0000] {spark_submit.py:644} INFO - org.apache.hadoop#hadoop-aws added as a dependency
[2025-06-03T13:05:15.512+0000] {spark_submit.py:644} INFO - com.amazonaws#aws-java-sdk-bundle added as a dependency
[2025-06-03T13:05:15.512+0000] {spark_submit.py:644} INFO - io.delta#delta-spark_2.12 added as a dependency
[2025-06-03T13:05:15.512+0000] {spark_submit.py:644} INFO - :: resolving dependencies :: org.apache.spark#spark-submit-parent-e5fe5853-f904-4276-b547-3a4b1f202d3a;1.0
[2025-06-03T13:05:15.513+0000] {spark_submit.py:644} INFO - confs: [default]
[2025-06-03T13:05:19.503+0000] {spark_submit.py:644} INFO - found org.apache.hadoop#hadoop-aws;3.3.4 in central
[2025-06-03T13:05:21.128+0000] {spark_submit.py:644} INFO - found com.amazonaws#aws-java-sdk-bundle;1.12.262 in central
[2025-06-03T13:05:24.095+0000] {spark_submit.py:644} INFO - found org.wildfly.openssl#wildfly-openssl;1.0.7.Final in central
[2025-06-03T13:05:24.473+0000] {spark_submit.py:644} INFO - found io.delta#delta-spark_2.12;3.1.0 in central
[2025-06-03T13:05:24.853+0000] {spark_submit.py:644} INFO - found io.delta#delta-storage;3.1.0 in central
[2025-06-03T13:05:27.566+0000] {spark_submit.py:644} INFO - found org.antlr#antlr4-runtime;4.9.3 in central
[2025-06-03T13:05:27.758+0000] {spark_submit.py:644} INFO - downloading https://repo1.maven.org/maven2/org/apache/hadoop/hadoop-aws/3.3.4/hadoop-aws-3.3.4.jar ...
[2025-06-03T13:05:28.476+0000] {spark_submit.py:644} INFO - [SUCCESSFUL ] org.apache.hadoop#hadoop-aws;3.3.4!hadoop-aws.jar (903ms)
[2025-06-03T13:05:28.656+0000] {spark_submit.py:644} INFO - downloading https://repo1.maven.org/maven2/com/amazonaws/aws-java-sdk-bundle/1.12.262/aws-java-sdk-bundle-1.12.262.jar ...
[2025-06-03T13:05:41.802+0000] {spark_submit.py:644} INFO - [SUCCESSFUL ] com.amazonaws#aws-java-sdk-bundle;1.12.262!aws-java-sdk-bundle.jar (13325ms)
[2025-06-03T13:05:41.987+0000] {spark_submit.py:644} INFO - downloading https://repo1.maven.org/maven2/io/delta/delta-spark_2.12/3.1.0/delta-spark_2.12-3.1.0.jar ...
[2025-06-03T13:05:42.402+0000] {spark_submit.py:644} INFO - [SUCCESSFUL ] io.delta#delta-spark_2.12;3.1.0!delta-spark_2.12.jar (598ms)
[2025-06-03T13:05:42.581+0000] {spark_submit.py:644} INFO - downloading https://repo1.maven.org/maven2/org/wildfly/openssl/wildfly-openssl/1.0.7.Final/wildfly-openssl-1.0.7.Final.jar ...
[2025-06-03T13:05:42.776+0000] {spark_submit.py:644} INFO - [SUCCESSFUL ] org.wildfly.openssl#wildfly-openssl;1.0.7.Final!wildfly-openssl.jar (373ms)
[2025-06-03T13:05:42.960+0000] {spark_submit.py:644} INFO - downloading https://repo1.maven.org/maven2/io/delta/delta-storage/3.1.0/delta-storage-3.1.0.jar ...
[2025-06-03T13:05:43.147+0000] {spark_submit.py:644} INFO - [SUCCESSFUL ] io.delta#delta-storage;3.1.0!delta-storage.jar (370ms)
[2025-06-03T13:05:43.328+0000] {spark_submit.py:644} INFO - downloading https://repo1.maven.org/maven2/org/antlr/antlr4-runtime/4.9.3/antlr4-runtime-4.9.3.jar ...
[2025-06-03T13:05:43.517+0000] {spark_submit.py:644} INFO - [SUCCESSFUL ] org.antlr#antlr4-runtime;4.9.3!antlr4-runtime.jar (367ms)
[2025-06-03T13:05:43.518+0000] {spark_submit.py:644} INFO - :: resolution report :: resolve 12060ms :: artifacts dl 15945ms
[2025-06-03T13:05:43.519+0000] {spark_submit.py:644} INFO - :: modules in use:
[2025-06-03T13:05:43.519+0000] {spark_submit.py:644} INFO - com.amazonaws#aws-java-sdk-bundle;1.12.262 from central in [default]
[2025-06-03T13:05:43.519+0000] {spark_submit.py:644} INFO - io.delta#delta-spark_2.12;3.1.0 from central in [default]
[2025-06-03T13:05:43.520+0000] {spark_submit.py:644} INFO - io.delta#delta-storage;3.1.0 from central in [default]
[2025-06-03T13:05:43.520+0000] {spark_submit.py:644} INFO - org.antlr#antlr4-runtime;4.9.3 from central in [default]
[2025-06-03T13:05:43.520+0000] {spark_submit.py:644} INFO - org.apache.hadoop#hadoop-aws;3.3.4 from central in [default]
[2025-06-03T13:05:43.520+0000] {spark_submit.py:644} INFO - org.wildfly.openssl#wildfly-openssl;1.0.7.Final from central in [default]
[2025-06-03T13:05:43.520+0000] {spark_submit.py:644} INFO - ---------------------------------------------------------------------
[2025-06-03T13:05:43.521+0000] {spark_submit.py:644} INFO - |                  |            modules            ||   artifacts   |
[2025-06-03T13:05:43.521+0000] {spark_submit.py:644} INFO - |       conf       | number| search|dwnlded|evicted|| number|dwnlded|
[2025-06-03T13:05:43.521+0000] {spark_submit.py:644} INFO - ---------------------------------------------------------------------
[2025-06-03T13:05:43.522+0000] {spark_submit.py:644} INFO - |      default     |   6   |   6   |   6   |   0   ||   6   |   6   |
[2025-06-03T13:05:43.522+0000] {spark_submit.py:644} INFO - ---------------------------------------------------------------------
[2025-06-03T13:05:43.523+0000] {spark_submit.py:644} INFO - :: retrieving :: org.apache.spark#spark-submit-parent-e5fe5853-f904-4276-b547-3a4b1f202d3a
[2025-06-03T13:05:43.523+0000] {spark_submit.py:644} INFO - confs: [default]
[2025-06-03T13:05:43.748+0000] {spark_submit.py:644} INFO - 6 artifacts copied, 0 already retrieved (281149kB/227ms)
[2025-06-03T13:05:43.855+0000] {spark_submit.py:644} INFO - 25/06/03 13:05:43 WARN NativeCodeLoader: Unable to load native-hadoop library for your platform... using builtin-java classes where applicable
[2025-06-03T13:05:43.962+0000] {spark_submit.py:644} INFO - Main class:
[2025-06-03T13:05:43.962+0000] {spark_submit.py:644} INFO - org.apache.spark.deploy.PythonRunner
[2025-06-03T13:05:43.962+0000] {spark_submit.py:644} INFO - Arguments:
[2025-06-03T13:05:43.962+0000] {spark_submit.py:644} INFO - file:/opt/***/dags/bronze_ingestion_sc_stats_etl.py
[2025-06-03T13:05:43.963+0000] {spark_submit.py:644} INFO - file:///home/***/.ivy2/jars/org.apache.hadoop_hadoop-aws-3.3.4.jar,file:///home/***/.ivy2/jars/com.amazonaws_aws-java-sdk-bundle-1.12.262.jar,file:///home/***/.ivy2/jars/io.delta_delta-spark_2.12-3.1.0.jar,file:///home/***/.ivy2/jars/org.wildfly.openssl_wildfly-openssl-1.0.7.Final.jar,file:///home/***/.ivy2/jars/io.delta_delta-storage-3.1.0.jar,file:///home/***/.ivy2/jars/org.antlr_antlr4-runtime-4.9.3.jar
[2025-06-03T13:05:43.963+0000] {spark_submit.py:644} INFO - --output_path
[2025-06-03T13:05:43.963+0000] {spark_submit.py:644} INFO - s3a://mybucket/bronze/curry_raw_data/
[2025-06-03T13:05:43.963+0000] {spark_submit.py:644} INFO - Spark config:
[2025-06-03T13:05:43.964+0000] {spark_submit.py:644} INFO - (spark.app.name,bronze_sc_stats_etl)
[2025-06-03T13:05:43.964+0000] {spark_submit.py:644} INFO - (spark.app.submitTime,1748955943955)
[2025-06-03T13:05:43.964+0000] {spark_submit.py:644} INFO - (spark.executor.memory,2g)
[2025-06-03T13:05:43.964+0000] {spark_submit.py:644} INFO - (spark.files,file:///home/***/.ivy2/jars/org.apache.hadoop_hadoop-aws-3.3.4.jar,file:///home/***/.ivy2/jars/com.amazonaws_aws-java-sdk-bundle-1.12.262.jar,file:///home/***/.ivy2/jars/io.delta_delta-spark_2.12-3.1.0.jar,file:///home/***/.ivy2/jars/org.wildfly.openssl_wildfly-openssl-1.0.7.Final.jar,file:///home/***/.ivy2/jars/io.delta_delta-storage-3.1.0.jar,file:///home/***/.ivy2/jars/org.antlr_antlr4-runtime-4.9.3.jar)
[2025-06-03T13:05:43.964+0000] {spark_submit.py:644} INFO - (spark.hadoop.fs.s3a.access.key,*********(redacted))
[2025-06-03T13:05:43.964+0000] {spark_submit.py:644} INFO - (spark.hadoop.fs.s3a.endpoint,http://minio:9000)
[2025-06-03T13:05:43.965+0000] {spark_submit.py:644} INFO - (spark.hadoop.fs.s3a.impl,org.apache.hadoop.fs.s3a.S3AFileSystem)
[2025-06-03T13:05:43.965+0000] {spark_submit.py:644} INFO - (spark.hadoop.fs.s3a.path.style.access,true)
[2025-06-03T13:05:43.965+0000] {spark_submit.py:644} INFO - (spark.hadoop.fs.s3a.secret.key,*********(redacted))
[2025-06-03T13:05:43.965+0000] {spark_submit.py:644} INFO - (spark.jars,file:///home/***/.ivy2/jars/org.apache.hadoop_hadoop-aws-3.3.4.jar,file:///home/***/.ivy2/jars/com.amazonaws_aws-java-sdk-bundle-1.12.262.jar,file:///home/***/.ivy2/jars/io.delta_delta-spark_2.12-3.1.0.jar,file:///home/***/.ivy2/jars/org.wildfly.openssl_wildfly-openssl-1.0.7.Final.jar,file:///home/***/.ivy2/jars/io.delta_delta-storage-3.1.0.jar,file:///home/***/.ivy2/jars/org.antlr_antlr4-runtime-4.9.3.jar)
[2025-06-03T13:05:43.965+0000] {spark_submit.py:644} INFO - (spark.master,spark://spark-master:7077)
[2025-06-03T13:05:43.965+0000] {spark_submit.py:644} INFO - (spark.repl.local.jars,file:///home/***/.ivy2/jars/org.apache.hadoop_hadoop-aws-3.3.4.jar,file:///home/***/.ivy2/jars/com.amazonaws_aws-java-sdk-bundle-1.12.262.jar,file:///home/***/.ivy2/jars/io.delta_delta-spark_2.12-3.1.0.jar,file:///home/***/.ivy2/jars/org.wildfly.openssl_wildfly-openssl-1.0.7.Final.jar,file:///home/***/.ivy2/jars/io.delta_delta-storage-3.1.0.jar,file:///home/***/.ivy2/jars/org.antlr_antlr4-runtime-4.9.3.jar)
[2025-06-03T13:05:43.966+0000] {spark_submit.py:644} INFO - (spark.sql.catalog.spark_catalog,org.apache.spark.sql.delta.catalog.DeltaCatalog)
[2025-06-03T13:05:43.966+0000] {spark_submit.py:644} INFO - (spark.sql.extensions,io.delta.sql.DeltaSparkSessionExtension)
[2025-06-03T13:05:43.966+0000] {spark_submit.py:644} INFO - (spark.submit.deployMode,client)
[2025-06-03T13:05:43.966+0000] {spark_submit.py:644} INFO - (spark.submit.pyFiles,/home/***/.ivy2/jars/org.apache.hadoop_hadoop-aws-3.3.4.jar,/home/***/.ivy2/jars/com.amazonaws_aws-java-sdk-bundle-1.12.262.jar,/home/***/.ivy2/jars/io.delta_delta-spark_2.12-3.1.0.jar,/home/***/.ivy2/jars/org.wildfly.openssl_wildfly-openssl-1.0.7.Final.jar,/home/***/.ivy2/jars/io.delta_delta-storage-3.1.0.jar,/home/***/.ivy2/jars/org.antlr_antlr4-runtime-4.9.3.jar)
[2025-06-03T13:05:43.966+0000] {spark_submit.py:644} INFO - Classpath elements:
[2025-06-03T13:05:43.967+0000] {spark_submit.py:644} INFO - file:///home/***/.ivy2/jars/org.apache.hadoop_hadoop-aws-3.3.4.jar
[2025-06-03T13:05:43.967+0000] {spark_submit.py:644} INFO - file:///home/***/.ivy2/jars/com.amazonaws_aws-java-sdk-bundle-1.12.262.jar
[2025-06-03T13:05:43.967+0000] {spark_submit.py:644} INFO - file:///home/***/.ivy2/jars/io.delta_delta-spark_2.12-3.1.0.jar
[2025-06-03T13:05:43.967+0000] {spark_submit.py:644} INFO - file:///home/***/.ivy2/jars/org.wildfly.openssl_wildfly-openssl-1.0.7.Final.jar
[2025-06-03T13:05:43.967+0000] {spark_submit.py:644} INFO - file:///home/***/.ivy2/jars/io.delta_delta-storage-3.1.0.jar
[2025-06-03T13:05:43.967+0000] {spark_submit.py:644} INFO - file:///home/***/.ivy2/jars/org.antlr_antlr4-runtime-4.9.3.jar
[2025-06-03T13:05:43.968+0000] {spark_submit.py:644} INFO - 
[2025-06-03T13:05:43.968+0000] {spark_submit.py:644} INFO - 
[2025-06-03T13:05:44.565+0000] {spark_submit.py:644} INFO - 25/06/03 13:05:44 INFO SparkContext: Running Spark version 3.5.2
[2025-06-03T13:05:44.566+0000] {spark_submit.py:644} INFO - 25/06/03 13:05:44 INFO SparkContext: OS info Linux, 6.10.14-linuxkit, aarch64
[2025-06-03T13:05:44.566+0000] {spark_submit.py:644} INFO - 25/06/03 13:05:44 INFO SparkContext: Java version 17.0.15
[2025-06-03T13:05:44.577+0000] {spark_submit.py:644} INFO - 25/06/03 13:05:44 INFO ResourceUtils: ==============================================================
[2025-06-03T13:05:44.577+0000] {spark_submit.py:644} INFO - 25/06/03 13:05:44 INFO ResourceUtils: No custom resources configured for spark.driver.
[2025-06-03T13:05:44.577+0000] {spark_submit.py:644} INFO - 25/06/03 13:05:44 INFO ResourceUtils: ==============================================================
[2025-06-03T13:05:44.577+0000] {spark_submit.py:644} INFO - 25/06/03 13:05:44 INFO SparkContext: Submitted application: BronzeIngestionStephenCurryStats
[2025-06-03T13:05:44.656+0000] {spark_submit.py:644} INFO - 25/06/03 13:05:44 INFO ResourceProfile: Default ResourceProfile created, executor resources: Map(memory -> name: memory, amount: 2048, script: , vendor: , offHeap -> name: offHeap, amount: 0, script: , vendor: ), task resources: Map(cpus -> name: cpus, amount: 1.0)
[2025-06-03T13:05:44.660+0000] {spark_submit.py:644} INFO - 25/06/03 13:05:44 INFO ResourceProfile: Limiting resource is cpu
[2025-06-03T13:05:44.660+0000] {spark_submit.py:644} INFO - 25/06/03 13:05:44 INFO ResourceProfileManager: Added ResourceProfile id: 0
[2025-06-03T13:05:44.686+0000] {spark_submit.py:644} INFO - 25/06/03 13:05:44 INFO SecurityManager: Changing view acls to: ***
[2025-06-03T13:05:44.686+0000] {spark_submit.py:644} INFO - 25/06/03 13:05:44 INFO SecurityManager: Changing modify acls to: ***
[2025-06-03T13:05:44.686+0000] {spark_submit.py:644} INFO - 25/06/03 13:05:44 INFO SecurityManager: Changing view acls groups to:
[2025-06-03T13:05:44.686+0000] {spark_submit.py:644} INFO - 25/06/03 13:05:44 INFO SecurityManager: Changing modify acls groups to:
[2025-06-03T13:05:44.686+0000] {spark_submit.py:644} INFO - 25/06/03 13:05:44 INFO SecurityManager: SecurityManager: authentication disabled; ui acls disabled; users with view permissions: ***; groups with view permissions: EMPTY; users with modify permissions: ***; groups with modify permissions: EMPTY
[2025-06-03T13:05:44.796+0000] {spark_submit.py:644} INFO - 25/06/03 13:05:44 INFO Utils: Successfully started service 'sparkDriver' on port 33467.
[2025-06-03T13:05:44.814+0000] {spark_submit.py:644} INFO - 25/06/03 13:05:44 INFO SparkEnv: Registering MapOutputTracker
[2025-06-03T13:05:44.831+0000] {spark_submit.py:644} INFO - 25/06/03 13:05:44 INFO SparkEnv: Registering BlockManagerMaster
[2025-06-03T13:05:44.840+0000] {spark_submit.py:644} INFO - 25/06/03 13:05:44 INFO BlockManagerMasterEndpoint: Using org.apache.spark.storage.DefaultTopologyMapper for getting topology information
[2025-06-03T13:05:44.840+0000] {spark_submit.py:644} INFO - 25/06/03 13:05:44 INFO BlockManagerMasterEndpoint: BlockManagerMasterEndpoint up
[2025-06-03T13:05:44.842+0000] {spark_submit.py:644} INFO - 25/06/03 13:05:44 INFO SparkEnv: Registering BlockManagerMasterHeartbeat
[2025-06-03T13:05:44.853+0000] {spark_submit.py:644} INFO - 25/06/03 13:05:44 INFO DiskBlockManager: Created local directory at /tmp/blockmgr-d0fa63cf-e224-4d7b-b120-b8b6971d82da
[2025-06-03T13:05:44.860+0000] {spark_submit.py:644} INFO - 25/06/03 13:05:44 INFO MemoryStore: MemoryStore started with capacity 434.4 MiB
[2025-06-03T13:05:44.868+0000] {spark_submit.py:644} INFO - 25/06/03 13:05:44 INFO SparkEnv: Registering OutputCommitCoordinator
[2025-06-03T13:05:44.934+0000] {spark_submit.py:644} INFO - 25/06/03 13:05:44 INFO JettyUtils: Start Jetty 0.0.0.0:4040 for SparkUI
[2025-06-03T13:05:44.970+0000] {spark_submit.py:644} INFO - 25/06/03 13:05:44 INFO Utils: Successfully started service 'SparkUI' on port 4040.
[2025-06-03T13:05:44.991+0000] {spark_submit.py:644} INFO - 25/06/03 13:05:44 INFO SparkContext: Added JAR file:///home/***/.ivy2/jars/org.apache.hadoop_hadoop-aws-3.3.4.jar at spark://3d1763996cf7:33467/jars/org.apache.hadoop_hadoop-aws-3.3.4.jar with timestamp 1748955944560
[2025-06-03T13:05:44.991+0000] {spark_submit.py:644} INFO - 25/06/03 13:05:44 INFO SparkContext: Added JAR file:///home/***/.ivy2/jars/com.amazonaws_aws-java-sdk-bundle-1.12.262.jar at spark://3d1763996cf7:33467/jars/com.amazonaws_aws-java-sdk-bundle-1.12.262.jar with timestamp 1748955944560
[2025-06-03T13:05:44.991+0000] {spark_submit.py:644} INFO - 25/06/03 13:05:44 INFO SparkContext: Added JAR file:///home/***/.ivy2/jars/io.delta_delta-spark_2.12-3.1.0.jar at spark://3d1763996cf7:33467/jars/io.delta_delta-spark_2.12-3.1.0.jar with timestamp 1748955944560
[2025-06-03T13:05:44.992+0000] {spark_submit.py:644} INFO - 25/06/03 13:05:44 INFO SparkContext: Added JAR file:///home/***/.ivy2/jars/org.wildfly.openssl_wildfly-openssl-1.0.7.Final.jar at spark://3d1763996cf7:33467/jars/org.wildfly.openssl_wildfly-openssl-1.0.7.Final.jar with timestamp 1748955944560
[2025-06-03T13:05:44.992+0000] {spark_submit.py:644} INFO - 25/06/03 13:05:44 INFO SparkContext: Added JAR file:///home/***/.ivy2/jars/io.delta_delta-storage-3.1.0.jar at spark://3d1763996cf7:33467/jars/io.delta_delta-storage-3.1.0.jar with timestamp 1748955944560
[2025-06-03T13:05:44.992+0000] {spark_submit.py:644} INFO - 25/06/03 13:05:44 INFO SparkContext: Added JAR file:///home/***/.ivy2/jars/org.antlr_antlr4-runtime-4.9.3.jar at spark://3d1763996cf7:33467/jars/org.antlr_antlr4-runtime-4.9.3.jar with timestamp 1748955944560
[2025-06-03T13:05:44.993+0000] {spark_submit.py:644} INFO - 25/06/03 13:05:44 INFO SparkContext: Added file file:///home/***/.ivy2/jars/org.apache.hadoop_hadoop-aws-3.3.4.jar at spark://3d1763996cf7:33467/files/org.apache.hadoop_hadoop-aws-3.3.4.jar with timestamp 1748955944560
[2025-06-03T13:05:44.993+0000] {spark_submit.py:644} INFO - 25/06/03 13:05:44 INFO Utils: Copying /home/***/.ivy2/jars/org.apache.hadoop_hadoop-aws-3.3.4.jar to /tmp/spark-2f6cb9f5-86ec-4a63-adbe-c89a9f41ae10/userFiles-c3e28275-5186-47c7-bccb-cd54b5982ff3/org.apache.hadoop_hadoop-aws-3.3.4.jar
[2025-06-03T13:05:45.001+0000] {spark_submit.py:644} INFO - 25/06/03 13:05:45 INFO SparkContext: Added file file:///home/***/.ivy2/jars/com.amazonaws_aws-java-sdk-bundle-1.12.262.jar at spark://3d1763996cf7:33467/files/com.amazonaws_aws-java-sdk-bundle-1.12.262.jar with timestamp 1748955944560
[2025-06-03T13:05:45.001+0000] {spark_submit.py:644} INFO - 25/06/03 13:05:45 INFO Utils: Copying /home/***/.ivy2/jars/com.amazonaws_aws-java-sdk-bundle-1.12.262.jar to /tmp/spark-2f6cb9f5-86ec-4a63-adbe-c89a9f41ae10/userFiles-c3e28275-5186-47c7-bccb-cd54b5982ff3/com.amazonaws_aws-java-sdk-bundle-1.12.262.jar
[2025-06-03T13:05:45.165+0000] {spark_submit.py:644} INFO - 25/06/03 13:05:45 INFO SparkContext: Added file file:///home/***/.ivy2/jars/io.delta_delta-spark_2.12-3.1.0.jar at spark://3d1763996cf7:33467/files/io.delta_delta-spark_2.12-3.1.0.jar with timestamp 1748955944560
[2025-06-03T13:05:45.166+0000] {spark_submit.py:644} INFO - 25/06/03 13:05:45 INFO Utils: Copying /home/***/.ivy2/jars/io.delta_delta-spark_2.12-3.1.0.jar to /tmp/spark-2f6cb9f5-86ec-4a63-adbe-c89a9f41ae10/userFiles-c3e28275-5186-47c7-bccb-cd54b5982ff3/io.delta_delta-spark_2.12-3.1.0.jar
[2025-06-03T13:05:45.176+0000] {spark_submit.py:644} INFO - 25/06/03 13:05:45 INFO SparkContext: Added file file:///home/***/.ivy2/jars/org.wildfly.openssl_wildfly-openssl-1.0.7.Final.jar at spark://3d1763996cf7:33467/files/org.wildfly.openssl_wildfly-openssl-1.0.7.Final.jar with timestamp 1748955944560
[2025-06-03T13:05:45.176+0000] {spark_submit.py:644} INFO - 25/06/03 13:05:45 INFO Utils: Copying /home/***/.ivy2/jars/org.wildfly.openssl_wildfly-openssl-1.0.7.Final.jar to /tmp/spark-2f6cb9f5-86ec-4a63-adbe-c89a9f41ae10/userFiles-c3e28275-5186-47c7-bccb-cd54b5982ff3/org.wildfly.openssl_wildfly-openssl-1.0.7.Final.jar
[2025-06-03T13:05:45.180+0000] {spark_submit.py:644} INFO - 25/06/03 13:05:45 INFO SparkContext: Added file file:///home/***/.ivy2/jars/io.delta_delta-storage-3.1.0.jar at spark://3d1763996cf7:33467/files/io.delta_delta-storage-3.1.0.jar with timestamp 1748955944560
[2025-06-03T13:05:45.180+0000] {spark_submit.py:644} INFO - 25/06/03 13:05:45 INFO Utils: Copying /home/***/.ivy2/jars/io.delta_delta-storage-3.1.0.jar to /tmp/spark-2f6cb9f5-86ec-4a63-adbe-c89a9f41ae10/userFiles-c3e28275-5186-47c7-bccb-cd54b5982ff3/io.delta_delta-storage-3.1.0.jar
[2025-06-03T13:05:45.183+0000] {spark_submit.py:644} INFO - 25/06/03 13:05:45 INFO SparkContext: Added file file:///home/***/.ivy2/jars/org.antlr_antlr4-runtime-4.9.3.jar at spark://3d1763996cf7:33467/files/org.antlr_antlr4-runtime-4.9.3.jar with timestamp 1748955944560
[2025-06-03T13:05:45.183+0000] {spark_submit.py:644} INFO - 25/06/03 13:05:45 INFO Utils: Copying /home/***/.ivy2/jars/org.antlr_antlr4-runtime-4.9.3.jar to /tmp/spark-2f6cb9f5-86ec-4a63-adbe-c89a9f41ae10/userFiles-c3e28275-5186-47c7-bccb-cd54b5982ff3/org.antlr_antlr4-runtime-4.9.3.jar
[2025-06-03T13:05:45.235+0000] {spark_submit.py:644} INFO - 25/06/03 13:05:45 INFO StandaloneAppClient$ClientEndpoint: Connecting to master spark://spark-master:7077...
[2025-06-03T13:05:45.280+0000] {spark_submit.py:644} INFO - 25/06/03 13:05:45 WARN StandaloneAppClient$ClientEndpoint: Failed to connect to master spark-master:7077
[2025-06-03T13:05:45.280+0000] {spark_submit.py:644} INFO - org.apache.spark.SparkException: Exception thrown in awaitResult:
[2025-06-03T13:05:45.280+0000] {spark_submit.py:644} INFO - at org.apache.spark.util.SparkThreadUtils$.awaitResult(SparkThreadUtils.scala:56)
[2025-06-03T13:05:45.281+0000] {spark_submit.py:644} INFO - at org.apache.spark.util.ThreadUtils$.awaitResult(ThreadUtils.scala:310)
[2025-06-03T13:05:45.281+0000] {spark_submit.py:644} INFO - at org.apache.spark.rpc.RpcTimeout.awaitResult(RpcTimeout.scala:75)
[2025-06-03T13:05:45.281+0000] {spark_submit.py:644} INFO - at org.apache.spark.rpc.RpcEnv.setupEndpointRefByURI(RpcEnv.scala:102)
[2025-06-03T13:05:45.281+0000] {spark_submit.py:644} INFO - at org.apache.spark.rpc.RpcEnv.setupEndpointRef(RpcEnv.scala:110)
[2025-06-03T13:05:45.281+0000] {spark_submit.py:644} INFO - at org.apache.spark.deploy.client.StandaloneAppClient$ClientEndpoint$$anon$1.run(StandaloneAppClient.scala:108)
[2025-06-03T13:05:45.281+0000] {spark_submit.py:644} INFO - at java.base/java.util.concurrent.Executors$RunnableAdapter.call(Executors.java:539)
[2025-06-03T13:05:45.281+0000] {spark_submit.py:644} INFO - at java.base/java.util.concurrent.FutureTask.run(FutureTask.java:264)
[2025-06-03T13:05:45.281+0000] {spark_submit.py:644} INFO - at java.base/java.util.concurrent.ThreadPoolExecutor.runWorker(ThreadPoolExecutor.java:1136)
[2025-06-03T13:05:45.281+0000] {spark_submit.py:644} INFO - at java.base/java.util.concurrent.ThreadPoolExecutor$Worker.run(ThreadPoolExecutor.java:635)
[2025-06-03T13:05:45.281+0000] {spark_submit.py:644} INFO - at java.base/java.lang.Thread.run(Thread.java:840)
[2025-06-03T13:05:45.281+0000] {spark_submit.py:644} INFO - Caused by: java.io.IOException: Failed to connect to spark-master/127.0.0.1:7077
[2025-06-03T13:05:45.282+0000] {spark_submit.py:644} INFO - at org.apache.spark.network.client.TransportClientFactory.createClient(TransportClientFactory.java:294)
[2025-06-03T13:05:45.282+0000] {spark_submit.py:644} INFO - at org.apache.spark.network.client.TransportClientFactory.createClient(TransportClientFactory.java:214)
[2025-06-03T13:05:45.282+0000] {spark_submit.py:644} INFO - at org.apache.spark.network.client.TransportClientFactory.createClient(TransportClientFactory.java:226)
[2025-06-03T13:05:45.282+0000] {spark_submit.py:644} INFO - at org.apache.spark.rpc.netty.NettyRpcEnv.createClient(NettyRpcEnv.scala:204)
[2025-06-03T13:05:45.282+0000] {spark_submit.py:644} INFO - at org.apache.spark.rpc.netty.Outbox$$anon$1.call(Outbox.scala:202)
[2025-06-03T13:05:45.282+0000] {spark_submit.py:644} INFO - at org.apache.spark.rpc.netty.Outbox$$anon$1.call(Outbox.scala:198)
[2025-06-03T13:05:45.282+0000] {spark_submit.py:644} INFO - ... 4 more
[2025-06-03T13:05:45.282+0000] {spark_submit.py:644} INFO - Caused by: io.netty.channel.AbstractChannel$AnnotatedConnectException: Connection refused: spark-master/127.0.0.1:7077
[2025-06-03T13:05:45.282+0000] {spark_submit.py:644} INFO - Caused by: java.net.ConnectException: Connection refused
[2025-06-03T13:05:45.282+0000] {spark_submit.py:644} INFO - at java.base/sun.nio.ch.Net.pollConnect(Native Method)
[2025-06-03T13:05:45.282+0000] {spark_submit.py:644} INFO - at java.base/sun.nio.ch.Net.pollConnectNow(Net.java:672)
[2025-06-03T13:05:45.282+0000] {spark_submit.py:644} INFO - at java.base/sun.nio.ch.SocketChannelImpl.finishConnect(SocketChannelImpl.java:946)
[2025-06-03T13:05:45.283+0000] {spark_submit.py:644} INFO - at io.netty.channel.socket.nio.NioSocketChannel.doFinishConnect(NioSocketChannel.java:337)
[2025-06-03T13:05:45.283+0000] {spark_submit.py:644} INFO - at io.netty.channel.nio.AbstractNioChannel$AbstractNioUnsafe.finishConnect(AbstractNioChannel.java:334)
[2025-06-03T13:05:45.283+0000] {spark_submit.py:644} INFO - at io.netty.channel.nio.NioEventLoop.processSelectedKey(NioEventLoop.java:776)
[2025-06-03T13:05:45.283+0000] {spark_submit.py:644} INFO - at io.netty.channel.nio.NioEventLoop.processSelectedKeysOptimized(NioEventLoop.java:724)
[2025-06-03T13:05:45.283+0000] {spark_submit.py:644} INFO - at io.netty.channel.nio.NioEventLoop.processSelectedKeys(NioEventLoop.java:650)
[2025-06-03T13:05:45.283+0000] {spark_submit.py:644} INFO - at io.netty.channel.nio.NioEventLoop.run(NioEventLoop.java:562)
[2025-06-03T13:05:45.283+0000] {spark_submit.py:644} INFO - at io.netty.util.concurrent.SingleThreadEventExecutor$4.run(SingleThreadEventExecutor.java:997)
[2025-06-03T13:05:45.283+0000] {spark_submit.py:644} INFO - at io.netty.util.internal.ThreadExecutorMap$2.run(ThreadExecutorMap.java:74)
[2025-06-03T13:05:45.283+0000] {spark_submit.py:644} INFO - at io.netty.util.concurrent.FastThreadLocalRunnable.run(FastThreadLocalRunnable.java:30)
[2025-06-03T13:05:45.283+0000] {spark_submit.py:644} INFO - at java.base/java.lang.Thread.run(Thread.java:840)
[2025-06-03T13:06:05.244+0000] {spark_submit.py:644} INFO - 25/06/03 13:06:05 INFO StandaloneAppClient$ClientEndpoint: Connecting to master spark://spark-master:7077...
[2025-06-03T13:06:05.247+0000] {spark_submit.py:644} INFO - 25/06/03 13:06:05 WARN StandaloneAppClient$ClientEndpoint: Failed to connect to master spark-master:7077
[2025-06-03T13:06:05.248+0000] {spark_submit.py:644} INFO - org.apache.spark.SparkException: Exception thrown in awaitResult:
[2025-06-03T13:06:05.248+0000] {spark_submit.py:644} INFO - at org.apache.spark.util.SparkThreadUtils$.awaitResult(SparkThreadUtils.scala:56)
[2025-06-03T13:06:05.249+0000] {spark_submit.py:644} INFO - at org.apache.spark.util.ThreadUtils$.awaitResult(ThreadUtils.scala:310)
[2025-06-03T13:06:05.249+0000] {spark_submit.py:644} INFO - at org.apache.spark.rpc.RpcTimeout.awaitResult(RpcTimeout.scala:75)
[2025-06-03T13:06:05.249+0000] {spark_submit.py:644} INFO - at org.apache.spark.rpc.RpcEnv.setupEndpointRefByURI(RpcEnv.scala:102)
[2025-06-03T13:06:05.250+0000] {spark_submit.py:644} INFO - at org.apache.spark.rpc.RpcEnv.setupEndpointRef(RpcEnv.scala:110)
[2025-06-03T13:06:05.250+0000] {spark_submit.py:644} INFO - at org.apache.spark.deploy.client.StandaloneAppClient$ClientEndpoint$$anon$1.run(StandaloneAppClient.scala:108)
[2025-06-03T13:06:05.250+0000] {spark_submit.py:644} INFO - at java.base/java.util.concurrent.Executors$RunnableAdapter.call(Executors.java:539)
[2025-06-03T13:06:05.250+0000] {spark_submit.py:644} INFO - at java.base/java.util.concurrent.FutureTask.run(FutureTask.java:264)
[2025-06-03T13:06:05.251+0000] {spark_submit.py:644} INFO - at java.base/java.util.concurrent.ThreadPoolExecutor.runWorker(ThreadPoolExecutor.java:1136)
[2025-06-03T13:06:05.251+0000] {spark_submit.py:644} INFO - at java.base/java.util.concurrent.ThreadPoolExecutor$Worker.run(ThreadPoolExecutor.java:635)
[2025-06-03T13:06:05.251+0000] {spark_submit.py:644} INFO - at java.base/java.lang.Thread.run(Thread.java:840)
[2025-06-03T13:06:05.251+0000] {spark_submit.py:644} INFO - Caused by: java.io.IOException: Failed to connect to spark-master/127.0.0.1:7077
[2025-06-03T13:06:05.251+0000] {spark_submit.py:644} INFO - at org.apache.spark.network.client.TransportClientFactory.createClient(TransportClientFactory.java:294)
[2025-06-03T13:06:05.252+0000] {spark_submit.py:644} INFO - at org.apache.spark.network.client.TransportClientFactory.createClient(TransportClientFactory.java:214)
[2025-06-03T13:06:05.252+0000] {spark_submit.py:644} INFO - at org.apache.spark.network.client.TransportClientFactory.createClient(TransportClientFactory.java:226)
[2025-06-03T13:06:05.252+0000] {spark_submit.py:644} INFO - at org.apache.spark.rpc.netty.NettyRpcEnv.createClient(NettyRpcEnv.scala:204)
[2025-06-03T13:06:05.252+0000] {spark_submit.py:644} INFO - at org.apache.spark.rpc.netty.Outbox$$anon$1.call(Outbox.scala:202)
[2025-06-03T13:06:05.253+0000] {spark_submit.py:644} INFO - at org.apache.spark.rpc.netty.Outbox$$anon$1.call(Outbox.scala:198)
[2025-06-03T13:06:05.253+0000] {spark_submit.py:644} INFO - ... 4 more
[2025-06-03T13:06:05.253+0000] {spark_submit.py:644} INFO - Caused by: io.netty.channel.AbstractChannel$AnnotatedConnectException: Connection refused: spark-master/127.0.0.1:7077
[2025-06-03T13:06:05.253+0000] {spark_submit.py:644} INFO - Caused by: java.net.ConnectException: Connection refused
[2025-06-03T13:06:05.254+0000] {spark_submit.py:644} INFO - at java.base/sun.nio.ch.Net.pollConnect(Native Method)
[2025-06-03T13:06:05.254+0000] {spark_submit.py:644} INFO - at java.base/sun.nio.ch.Net.pollConnectNow(Net.java:672)
[2025-06-03T13:06:05.254+0000] {spark_submit.py:644} INFO - at java.base/sun.nio.ch.SocketChannelImpl.finishConnect(SocketChannelImpl.java:946)
[2025-06-03T13:06:05.254+0000] {spark_submit.py:644} INFO - at io.netty.channel.socket.nio.NioSocketChannel.doFinishConnect(NioSocketChannel.java:337)
[2025-06-03T13:06:05.255+0000] {spark_submit.py:644} INFO - at io.netty.channel.nio.AbstractNioChannel$AbstractNioUnsafe.finishConnect(AbstractNioChannel.java:334)
[2025-06-03T13:06:05.255+0000] {spark_submit.py:644} INFO - at io.netty.channel.nio.NioEventLoop.processSelectedKey(NioEventLoop.java:776)
[2025-06-03T13:06:05.255+0000] {spark_submit.py:644} INFO - at io.netty.channel.nio.NioEventLoop.processSelectedKeysOptimized(NioEventLoop.java:724)
[2025-06-03T13:06:05.256+0000] {spark_submit.py:644} INFO - at io.netty.channel.nio.NioEventLoop.processSelectedKeys(NioEventLoop.java:650)
[2025-06-03T13:06:05.256+0000] {spark_submit.py:644} INFO - at io.netty.channel.nio.NioEventLoop.run(NioEventLoop.java:562)
[2025-06-03T13:06:05.256+0000] {spark_submit.py:644} INFO - at io.netty.util.concurrent.SingleThreadEventExecutor$4.run(SingleThreadEventExecutor.java:997)
[2025-06-03T13:06:05.256+0000] {spark_submit.py:644} INFO - at io.netty.util.internal.ThreadExecutorMap$2.run(ThreadExecutorMap.java:74)
[2025-06-03T13:06:05.257+0000] {spark_submit.py:644} INFO - at io.netty.util.concurrent.FastThreadLocalRunnable.run(FastThreadLocalRunnable.java:30)
[2025-06-03T13:06:05.257+0000] {spark_submit.py:644} INFO - at java.base/java.lang.Thread.run(Thread.java:840)
[2025-06-03T13:06:25.255+0000] {spark_submit.py:644} INFO - 25/06/03 13:06:25 INFO StandaloneAppClient$ClientEndpoint: Connecting to master spark://spark-master:7077...
[2025-06-03T13:06:25.266+0000] {spark_submit.py:644} INFO - 25/06/03 13:06:25 WARN StandaloneAppClient$ClientEndpoint: Failed to connect to master spark-master:7077
[2025-06-03T13:06:25.267+0000] {spark_submit.py:644} INFO - org.apache.spark.SparkException: Exception thrown in awaitResult:
[2025-06-03T13:06:25.267+0000] {spark_submit.py:644} INFO - at org.apache.spark.util.SparkThreadUtils$.awaitResult(SparkThreadUtils.scala:56)
[2025-06-03T13:06:25.268+0000] {spark_submit.py:644} INFO - at org.apache.spark.util.ThreadUtils$.awaitResult(ThreadUtils.scala:310)
[2025-06-03T13:06:25.268+0000] {spark_submit.py:644} INFO - at org.apache.spark.rpc.RpcTimeout.awaitResult(RpcTimeout.scala:75)
[2025-06-03T13:06:25.268+0000] {spark_submit.py:644} INFO - at org.apache.spark.rpc.RpcEnv.setupEndpointRefByURI(RpcEnv.scala:102)
[2025-06-03T13:06:25.269+0000] {spark_submit.py:644} INFO - at org.apache.spark.rpc.RpcEnv.setupEndpointRef(RpcEnv.scala:110)
[2025-06-03T13:06:25.269+0000] {spark_submit.py:644} INFO - at org.apache.spark.deploy.client.StandaloneAppClient$ClientEndpoint$$anon$1.run(StandaloneAppClient.scala:108)
[2025-06-03T13:06:25.269+0000] {spark_submit.py:644} INFO - at java.base/java.util.concurrent.Executors$RunnableAdapter.call(Executors.java:539)
[2025-06-03T13:06:25.270+0000] {spark_submit.py:644} INFO - at java.base/java.util.concurrent.FutureTask.run(FutureTask.java:264)
[2025-06-03T13:06:25.270+0000] {spark_submit.py:644} INFO - at java.base/java.util.concurrent.ThreadPoolExecutor.runWorker(ThreadPoolExecutor.java:1136)
[2025-06-03T13:06:25.270+0000] {spark_submit.py:644} INFO - at java.base/java.util.concurrent.ThreadPoolExecutor$Worker.run(ThreadPoolExecutor.java:635)
[2025-06-03T13:06:25.270+0000] {spark_submit.py:644} INFO - at java.base/java.lang.Thread.run(Thread.java:840)
[2025-06-03T13:06:25.271+0000] {spark_submit.py:644} INFO - Caused by: java.io.IOException: Failed to connect to spark-master/127.0.0.1:7077
[2025-06-03T13:06:25.271+0000] {spark_submit.py:644} INFO - at org.apache.spark.network.client.TransportClientFactory.createClient(TransportClientFactory.java:294)
[2025-06-03T13:06:25.271+0000] {spark_submit.py:644} INFO - at org.apache.spark.network.client.TransportClientFactory.createClient(TransportClientFactory.java:214)
[2025-06-03T13:06:25.271+0000] {spark_submit.py:644} INFO - at org.apache.spark.network.client.TransportClientFactory.createClient(TransportClientFactory.java:226)
[2025-06-03T13:06:25.272+0000] {spark_submit.py:644} INFO - at org.apache.spark.rpc.netty.NettyRpcEnv.createClient(NettyRpcEnv.scala:204)
[2025-06-03T13:06:25.272+0000] {spark_submit.py:644} INFO - at org.apache.spark.rpc.netty.Outbox$$anon$1.call(Outbox.scala:202)
[2025-06-03T13:06:25.272+0000] {spark_submit.py:644} INFO - at org.apache.spark.rpc.netty.Outbox$$anon$1.call(Outbox.scala:198)
[2025-06-03T13:06:25.272+0000] {spark_submit.py:644} INFO - ... 4 more
[2025-06-03T13:06:25.273+0000] {spark_submit.py:644} INFO - Caused by: io.netty.channel.AbstractChannel$AnnotatedConnectException: Connection refused: spark-master/127.0.0.1:7077
[2025-06-03T13:06:25.273+0000] {spark_submit.py:644} INFO - Caused by: java.net.ConnectException: Connection refused
[2025-06-03T13:06:25.273+0000] {spark_submit.py:644} INFO - at java.base/sun.nio.ch.Net.pollConnect(Native Method)
[2025-06-03T13:06:25.274+0000] {spark_submit.py:644} INFO - at java.base/sun.nio.ch.Net.pollConnectNow(Net.java:672)
[2025-06-03T13:06:25.274+0000] {spark_submit.py:644} INFO - at java.base/sun.nio.ch.SocketChannelImpl.finishConnect(SocketChannelImpl.java:946)
[2025-06-03T13:06:25.274+0000] {spark_submit.py:644} INFO - at io.netty.channel.socket.nio.NioSocketChannel.doFinishConnect(NioSocketChannel.java:337)
[2025-06-03T13:06:25.274+0000] {spark_submit.py:644} INFO - at io.netty.channel.nio.AbstractNioChannel$AbstractNioUnsafe.finishConnect(AbstractNioChannel.java:334)
[2025-06-03T13:06:25.275+0000] {spark_submit.py:644} INFO - at io.netty.channel.nio.NioEventLoop.processSelectedKey(NioEventLoop.java:776)
[2025-06-03T13:06:25.275+0000] {spark_submit.py:644} INFO - at io.netty.channel.nio.NioEventLoop.processSelectedKeysOptimized(NioEventLoop.java:724)
[2025-06-03T13:06:25.275+0000] {spark_submit.py:644} INFO - at io.netty.channel.nio.NioEventLoop.processSelectedKeys(NioEventLoop.java:650)
[2025-06-03T13:06:25.275+0000] {spark_submit.py:644} INFO - at io.netty.channel.nio.NioEventLoop.run(NioEventLoop.java:562)
[2025-06-03T13:06:25.276+0000] {spark_submit.py:644} INFO - at io.netty.util.concurrent.SingleThreadEventExecutor$4.run(SingleThreadEventExecutor.java:997)
[2025-06-03T13:06:25.276+0000] {spark_submit.py:644} INFO - at io.netty.util.internal.ThreadExecutorMap$2.run(ThreadExecutorMap.java:74)
[2025-06-03T13:06:25.276+0000] {spark_submit.py:644} INFO - at io.netty.util.concurrent.FastThreadLocalRunnable.run(FastThreadLocalRunnable.java:30)
[2025-06-03T13:06:25.276+0000] {spark_submit.py:644} INFO - at java.base/java.lang.Thread.run(Thread.java:840)
[2025-06-03T13:06:45.252+0000] {spark_submit.py:644} INFO - 25/06/03 13:06:45 WARN StandaloneSchedulerBackend: Application ID is not initialized yet.
[2025-06-03T13:06:45.252+0000] {spark_submit.py:644} INFO - 25/06/03 13:06:45 ERROR StandaloneSchedulerBackend: Application has been killed. Reason: All masters are unresponsive! Giving up.
[2025-06-03T13:06:45.258+0000] {spark_submit.py:644} INFO - 25/06/03 13:06:45 INFO Utils: Successfully started service 'org.apache.spark.network.netty.NettyBlockTransferService' on port 46251.
[2025-06-03T13:06:45.258+0000] {spark_submit.py:644} INFO - 25/06/03 13:06:45 INFO NettyBlockTransferService: Server created on 3d1763996cf7:46251
[2025-06-03T13:06:45.260+0000] {spark_submit.py:644} INFO - 25/06/03 13:06:45 INFO BlockManager: Using org.apache.spark.storage.RandomBlockReplicationPolicy for block replication policy
[2025-06-03T13:06:45.264+0000] {spark_submit.py:644} INFO - 25/06/03 13:06:45 INFO BlockManagerMaster: Registering BlockManager BlockManagerId(driver, 3d1763996cf7, 46251, None)
[2025-06-03T13:06:45.267+0000] {spark_submit.py:644} INFO - 25/06/03 13:06:45 INFO BlockManagerMasterEndpoint: Registering block manager 3d1763996cf7:46251 with 434.4 MiB RAM, BlockManagerId(driver, 3d1763996cf7, 46251, None)
[2025-06-03T13:06:45.268+0000] {spark_submit.py:644} INFO - 25/06/03 13:06:45 INFO BlockManagerMaster: Registered BlockManager BlockManagerId(driver, 3d1763996cf7, 46251, None)
[2025-06-03T13:06:45.269+0000] {spark_submit.py:644} INFO - 25/06/03 13:06:45 INFO BlockManager: Initialized BlockManager: BlockManagerId(driver, 3d1763996cf7, 46251, None)
[2025-06-03T13:06:45.365+0000] {spark_submit.py:644} INFO - 25/06/03 13:06:45 INFO StandaloneSchedulerBackend: SchedulerBackend is ready for scheduling beginning after reached minRegisteredResourcesRatio: 0.0
[2025-06-03T13:06:45.502+0000] {spark_submit.py:644} INFO - 25/06/03 13:06:45 INFO SparkContext: SparkContext is stopping with exitCode 0.
[2025-06-03T13:06:45.509+0000] {spark_submit.py:644} INFO - 25/06/03 13:06:45 INFO SparkUI: Stopped Spark web UI at http://3d1763996cf7:4040
[2025-06-03T13:06:45.511+0000] {spark_submit.py:644} INFO - 25/06/03 13:06:45 INFO StandaloneSchedulerBackend: Shutting down all executors
[2025-06-03T13:06:45.513+0000] {spark_submit.py:644} INFO - 25/06/03 13:06:45 INFO StandaloneSchedulerBackend$StandaloneDriverEndpoint: Asking each executor to shut down
[2025-06-03T13:06:45.516+0000] {spark_submit.py:644} INFO - 25/06/03 13:06:45 WARN StandaloneAppClient$ClientEndpoint: Drop UnregisterApplication(null) because has not yet connected to master
[2025-06-03T13:06:45.520+0000] {spark_submit.py:644} INFO - Traceback (most recent call last):
[2025-06-03T13:06:45.520+0000] {spark_submit.py:644} INFO - File "/opt/***/dags/bronze_ingestion_sc_stats_etl.py", line 87, in <module>
[2025-06-03T13:06:45.520+0000] {spark_submit.py:644} INFO - main(args.output_path)
[2025-06-03T13:06:45.521+0000] {spark_submit.py:644} INFO - File "/opt/***/dags/bronze_ingestion_sc_stats_etl.py", line 17, in main
[2025-06-03T13:06:45.521+0000] {spark_submit.py:644} INFO - .getOrCreate())
[2025-06-03T13:06:45.521+0000] {spark_submit.py:644} INFO - ^^^^^^^^^^^^^
[2025-06-03T13:06:45.521+0000] {spark_submit.py:644} INFO - File "/home/***/.local/lib/python3.11/site-packages/pyspark/python/lib/pyspark.zip/pyspark/sql/session.py", line 500, in getOrCreate
[2025-06-03T13:06:45.521+0000] {spark_submit.py:644} INFO - 25/06/03 13:06:45 INFO MapOutputTrackerMasterEndpoint: MapOutputTrackerMasterEndpoint stopped!
[2025-06-03T13:06:45.522+0000] {spark_submit.py:644} INFO - File "/home/***/.local/lib/python3.11/site-packages/pyspark/python/lib/pyspark.zip/pyspark/sql/session.py", line 589, in __init__
[2025-06-03T13:06:45.526+0000] {spark_submit.py:644} INFO - File "/home/***/.local/lib/python3.11/site-packages/pyspark/python/lib/py4j-0.10.9.7-src.zip/py4j/java_gateway.py", line 1587, in __call__
[2025-06-03T13:06:45.526+0000] {spark_submit.py:644} INFO - File "/home/***/.local/lib/python3.11/site-packages/pyspark/python/lib/py4j-0.10.9.7-src.zip/py4j/protocol.py", line 326, in get_return_value
[2025-06-03T13:06:45.526+0000] {spark_submit.py:644} INFO - py4j.protocol.Py4JJavaError: An error occurred while calling None.org.apache.spark.sql.SparkSession.
[2025-06-03T13:06:45.526+0000] {spark_submit.py:644} INFO - : java.lang.IllegalStateException: Cannot call methods on a stopped SparkContext.
[2025-06-03T13:06:45.526+0000] {spark_submit.py:644} INFO - This stopped SparkContext was created at:
[2025-06-03T13:06:45.526+0000] {spark_submit.py:644} INFO - 
[2025-06-03T13:06:45.526+0000] {spark_submit.py:644} INFO - org.apache.spark.api.java.JavaSparkContext.<init>(JavaSparkContext.scala:58)
[2025-06-03T13:06:45.527+0000] {spark_submit.py:644} INFO - java.base/jdk.internal.reflect.NativeConstructorAccessorImpl.newInstance0(Native Method)
[2025-06-03T13:06:45.527+0000] {spark_submit.py:644} INFO - java.base/jdk.internal.reflect.NativeConstructorAccessorImpl.newInstance(NativeConstructorAccessorImpl.java:77)
[2025-06-03T13:06:45.527+0000] {spark_submit.py:644} INFO - java.base/jdk.internal.reflect.DelegatingConstructorAccessorImpl.newInstance(DelegatingConstructorAccessorImpl.java:45)
[2025-06-03T13:06:45.527+0000] {spark_submit.py:644} INFO - java.base/java.lang.reflect.Constructor.newInstanceWithCaller(Constructor.java:500)
[2025-06-03T13:06:45.527+0000] {spark_submit.py:644} INFO - java.base/java.lang.reflect.Constructor.newInstance(Constructor.java:481)
[2025-06-03T13:06:45.527+0000] {spark_submit.py:644} INFO - py4j.reflection.MethodInvoker.invoke(MethodInvoker.java:247)
[2025-06-03T13:06:45.527+0000] {spark_submit.py:644} INFO - py4j.reflection.ReflectionEngine.invoke(ReflectionEngine.java:374)
[2025-06-03T13:06:45.527+0000] {spark_submit.py:644} INFO - py4j.Gateway.invoke(Gateway.java:238)
[2025-06-03T13:06:45.527+0000] {spark_submit.py:644} INFO - py4j.commands.ConstructorCommand.invokeConstructor(ConstructorCommand.java:80)
[2025-06-03T13:06:45.527+0000] {spark_submit.py:644} INFO - py4j.commands.ConstructorCommand.execute(ConstructorCommand.java:69)
[2025-06-03T13:06:45.528+0000] {spark_submit.py:644} INFO - py4j.ClientServerConnection.waitForCommands(ClientServerConnection.java:182)
[2025-06-03T13:06:45.528+0000] {spark_submit.py:644} INFO - py4j.ClientServerConnection.run(ClientServerConnection.java:106)
[2025-06-03T13:06:45.528+0000] {spark_submit.py:644} INFO - java.base/java.lang.Thread.run(Thread.java:840)
[2025-06-03T13:06:45.528+0000] {spark_submit.py:644} INFO - 
[2025-06-03T13:06:45.528+0000] {spark_submit.py:644} INFO - The currently active SparkContext was created at:
[2025-06-03T13:06:45.528+0000] {spark_submit.py:644} INFO - 
[2025-06-03T13:06:45.528+0000] {spark_submit.py:644} INFO - org.apache.spark.api.java.JavaSparkContext.<init>(JavaSparkContext.scala:58)
[2025-06-03T13:06:45.528+0000] {spark_submit.py:644} INFO - java.base/jdk.internal.reflect.NativeConstructorAccessorImpl.newInstance0(Native Method)
[2025-06-03T13:06:45.528+0000] {spark_submit.py:644} INFO - java.base/jdk.internal.reflect.NativeConstructorAccessorImpl.newInstance(NativeConstructorAccessorImpl.java:77)
[2025-06-03T13:06:45.528+0000] {spark_submit.py:644} INFO - java.base/jdk.internal.reflect.DelegatingConstructorAccessorImpl.newInstance(DelegatingConstructorAccessorImpl.java:45)
[2025-06-03T13:06:45.529+0000] {spark_submit.py:644} INFO - java.base/java.lang.reflect.Constructor.newInstanceWithCaller(Constructor.java:500)
[2025-06-03T13:06:45.529+0000] {spark_submit.py:644} INFO - java.base/java.lang.reflect.Constructor.newInstance(Constructor.java:481)
[2025-06-03T13:06:45.529+0000] {spark_submit.py:644} INFO - py4j.reflection.MethodInvoker.invoke(MethodInvoker.java:247)
[2025-06-03T13:06:45.529+0000] {spark_submit.py:644} INFO - py4j.reflection.ReflectionEngine.invoke(ReflectionEngine.java:374)
[2025-06-03T13:06:45.529+0000] {spark_submit.py:644} INFO - py4j.Gateway.invoke(Gateway.java:238)
[2025-06-03T13:06:45.529+0000] {spark_submit.py:644} INFO - py4j.commands.ConstructorCommand.invokeConstructor(ConstructorCommand.java:80)
[2025-06-03T13:06:45.529+0000] {spark_submit.py:644} INFO - py4j.commands.ConstructorCommand.execute(ConstructorCommand.java:69)
[2025-06-03T13:06:45.529+0000] {spark_submit.py:644} INFO - py4j.ClientServerConnection.waitForCommands(ClientServerConnection.java:182)
[2025-06-03T13:06:45.529+0000] {spark_submit.py:644} INFO - py4j.ClientServerConnection.run(ClientServerConnection.java:106)
[2025-06-03T13:06:45.529+0000] {spark_submit.py:644} INFO - java.base/java.lang.Thread.run(Thread.java:840)
[2025-06-03T13:06:45.529+0000] {spark_submit.py:644} INFO - 
[2025-06-03T13:06:45.529+0000] {spark_submit.py:644} INFO - at org.apache.spark.SparkContext.assertNotStopped(SparkContext.scala:122)
[2025-06-03T13:06:45.529+0000] {spark_submit.py:644} INFO - at org.apache.spark.sql.SparkSession.<init>(SparkSession.scala:113)
[2025-06-03T13:06:45.530+0000] {spark_submit.py:644} INFO - at org.apache.spark.sql.SparkSession.<init>(SparkSession.scala:106)
[2025-06-03T13:06:45.530+0000] {spark_submit.py:644} INFO - at java.base/jdk.internal.reflect.NativeConstructorAccessorImpl.newInstance0(Native Method)
[2025-06-03T13:06:45.530+0000] {spark_submit.py:644} INFO - at java.base/jdk.internal.reflect.NativeConstructorAccessorImpl.newInstance(NativeConstructorAccessorImpl.java:77)
[2025-06-03T13:06:45.530+0000] {spark_submit.py:644} INFO - at java.base/jdk.internal.reflect.DelegatingConstructorAccessorImpl.newInstance(DelegatingConstructorAccessorImpl.java:45)
[2025-06-03T13:06:45.530+0000] {spark_submit.py:644} INFO - at java.base/java.lang.reflect.Constructor.newInstanceWithCaller(Constructor.java:500)
[2025-06-03T13:06:45.530+0000] {spark_submit.py:644} INFO - at java.base/java.lang.reflect.Constructor.newInstance(Constructor.java:481)
[2025-06-03T13:06:45.530+0000] {spark_submit.py:644} INFO - at py4j.reflection.MethodInvoker.invoke(MethodInvoker.java:247)
[2025-06-03T13:06:45.530+0000] {spark_submit.py:644} INFO - at py4j.reflection.ReflectionEngine.invoke(ReflectionEngine.java:374)
[2025-06-03T13:06:45.530+0000] {spark_submit.py:644} INFO - at py4j.Gateway.invoke(Gateway.java:238)
[2025-06-03T13:06:45.530+0000] {spark_submit.py:644} INFO - at py4j.commands.ConstructorCommand.invokeConstructor(ConstructorCommand.java:80)
[2025-06-03T13:06:45.530+0000] {spark_submit.py:644} INFO - at py4j.commands.ConstructorCommand.execute(ConstructorCommand.java:69)
[2025-06-03T13:06:45.530+0000] {spark_submit.py:644} INFO - at py4j.ClientServerConnection.waitForCommands(ClientServerConnection.java:182)
[2025-06-03T13:06:45.531+0000] {spark_submit.py:644} INFO - at py4j.ClientServerConnection.run(ClientServerConnection.java:106)
[2025-06-03T13:06:45.531+0000] {spark_submit.py:644} INFO - at java.base/java.lang.Thread.run(Thread.java:840)
[2025-06-03T13:06:45.531+0000] {spark_submit.py:644} INFO - 
[2025-06-03T13:06:45.531+0000] {spark_submit.py:644} INFO - 25/06/03 13:06:45 INFO MemoryStore: MemoryStore cleared
[2025-06-03T13:06:45.531+0000] {spark_submit.py:644} INFO - 25/06/03 13:06:45 INFO BlockManager: BlockManager stopped
[2025-06-03T13:06:45.532+0000] {spark_submit.py:644} INFO - 25/06/03 13:06:45 INFO BlockManagerMaster: BlockManagerMaster stopped
[2025-06-03T13:06:45.533+0000] {spark_submit.py:644} INFO - 25/06/03 13:06:45 INFO OutputCommitCoordinator$OutputCommitCoordinatorEndpoint: OutputCommitCoordinator stopped!
[2025-06-03T13:06:45.551+0000] {spark_submit.py:644} INFO - 25/06/03 13:06:45 INFO SparkContext: Successfully stopped SparkContext
[2025-06-03T13:06:45.557+0000] {spark_submit.py:644} INFO - 25/06/03 13:06:45 INFO ShutdownHookManager: Shutdown hook called
[2025-06-03T13:06:45.557+0000] {spark_submit.py:644} INFO - 25/06/03 13:06:45 INFO ShutdownHookManager: Deleting directory /tmp/spark-5fe8d692-04b8-47f9-877b-363b0e1f0859
[2025-06-03T13:06:45.559+0000] {spark_submit.py:644} INFO - 25/06/03 13:06:45 INFO ShutdownHookManager: Deleting directory /tmp/spark-2f6cb9f5-86ec-4a63-adbe-c89a9f41ae10/pyspark-f513e394-5358-4768-9f7a-c4edc1354514
[2025-06-03T13:06:45.561+0000] {spark_submit.py:644} INFO - 25/06/03 13:06:45 INFO ShutdownHookManager: Deleting directory /tmp/spark-2f6cb9f5-86ec-4a63-adbe-c89a9f41ae10
[2025-06-03T13:06:45.597+0000] {taskinstance.py:3311} ERROR - Task failed with exception
Traceback (most recent call last):
  File "/home/airflow/.local/lib/python3.11/site-packages/airflow/models/taskinstance.py", line 767, in _execute_task
    result = _execute_callable(context=context, **execute_callable_kwargs)
             ^^^^^^^^^^^^^^^^^^^^^^^^^^^^^^^^^^^^^^^^^^^^^^^^^^^^^^^^^^^^^
  File "/home/airflow/.local/lib/python3.11/site-packages/airflow/models/taskinstance.py", line 733, in _execute_callable
    return ExecutionCallableRunner(
           ^^^^^^^^^^^^^^^^^^^^^^^^
  File "/home/airflow/.local/lib/python3.11/site-packages/airflow/utils/operator_helpers.py", line 252, in run
    return self.func(*args, **kwargs)
           ^^^^^^^^^^^^^^^^^^^^^^^^^^
  File "/home/airflow/.local/lib/python3.11/site-packages/airflow/models/baseoperator.py", line 417, in wrapper
    return func(self, *args, **kwargs)
           ^^^^^^^^^^^^^^^^^^^^^^^^^^^
  File "/home/airflow/.local/lib/python3.11/site-packages/airflow/providers/apache/spark/operators/spark_submit.py", line 197, in execute
    self._hook.submit(self.application)
  File "/home/airflow/.local/lib/python3.11/site-packages/airflow/providers/apache/spark/hooks/spark_submit.py", line 566, in submit
    raise AirflowException(
airflow.exceptions.AirflowException: Cannot execute: spark-submit --master spark://spark-master:7077 --conf spark.executor.memory=2g --conf spark.sql.extensions=io.delta.sql.DeltaSparkSessionExtension --conf spark.sql.catalog.spark_catalog=org.apache.spark.sql.delta.catalog.DeltaCatalog --conf spark.hadoop.fs.s3a.endpoint=http://minio:9000 --conf spark.hadoop.fs.s3a.access.key=minioadmin --conf spark.hadoop.fs.s3a.secret.key=****** --conf spark.hadoop.fs.s3a.path.style.access=true --conf spark.hadoop.fs.s3a.impl=org.apache.hadoop.fs.s3a.S3AFileSystem --packages org.apache.hadoop:hadoop-aws:3.3.4,com.amazonaws:aws-java-sdk-bundle:1.12.262,io.delta:delta-spark_2.12:3.1.0 --name bronze_sc_stats_etl --verbose --queue root.default --deploy-mode client /opt/***/dags/bronze_ingestion_sc_stats_etl.py --output_path s3a://mybucket/bronze/curry_raw_data/. Error code is: 1.
[2025-06-03T13:06:45.601+0000] {taskinstance.py:1225} INFO - Marking task as FAILED. dag_id=curry_medallion_etl, task_id=submit_bronze_etl_job, run_id=manual__2025-06-03T13:05:13.098288+00:00, execution_date=20250603T130513, start_date=20250603T130514, end_date=20250603T130645
[2025-06-03T13:06:45.606+0000] {taskinstance.py:340} INFO - ::group::Post task execution logs
[2025-06-03T13:06:45.607+0000] {standard_task_runner.py:124} ERROR - Failed to execute job 3 for task submit_bronze_etl_job (Cannot execute: spark-submit --master spark://spark-master:7077 --conf spark.executor.memory=2g --conf spark.sql.extensions=io.delta.sql.DeltaSparkSessionExtension --conf spark.sql.catalog.spark_catalog=org.apache.spark.sql.delta.catalog.DeltaCatalog --conf spark.hadoop.fs.s3a.endpoint=http://minio:9000 --conf spark.hadoop.fs.s3a.access.key=minioadmin --conf spark.hadoop.fs.s3a.secret.key=****** --conf spark.hadoop.fs.s3a.path.style.access=true --conf spark.hadoop.fs.s3a.impl=org.apache.hadoop.fs.s3a.S3AFileSystem --packages org.apache.hadoop:hadoop-aws:3.3.4,com.amazonaws:aws-java-sdk-bundle:1.12.262,io.delta:delta-spark_2.12:3.1.0 --name bronze_sc_stats_etl --verbose --queue root.default --deploy-mode client /opt/***/dags/bronze_ingestion_sc_stats_etl.py --output_path s3a://mybucket/bronze/curry_raw_data/. Error code is: 1.; 196)
Traceback (most recent call last):
  File "/home/airflow/.local/lib/python3.11/site-packages/airflow/task/task_runner/standard_task_runner.py", line 117, in _start_by_fork
    ret = args.func(args, dag=self.dag)
          ^^^^^^^^^^^^^^^^^^^^^^^^^^^^^
  File "/home/airflow/.local/lib/python3.11/site-packages/airflow/cli/cli_config.py", line 49, in command
    return func(*args, **kwargs)
           ^^^^^^^^^^^^^^^^^^^^^
  File "/home/airflow/.local/lib/python3.11/site-packages/airflow/utils/cli.py", line 116, in wrapper
    return f(*args, **kwargs)
           ^^^^^^^^^^^^^^^^^^
  File "/home/airflow/.local/lib/python3.11/site-packages/airflow/cli/commands/task_command.py", line 483, in task_run
    task_return_code = _run_task_by_selected_method(args, _dag, ti)
                       ^^^^^^^^^^^^^^^^^^^^^^^^^^^^^^^^^^^^^^^^^^^^
  File "/home/airflow/.local/lib/python3.11/site-packages/airflow/cli/commands/task_command.py", line 256, in _run_task_by_selected_method
    return _run_raw_task(args, ti)
           ^^^^^^^^^^^^^^^^^^^^^^^
  File "/home/airflow/.local/lib/python3.11/site-packages/airflow/cli/commands/task_command.py", line 341, in _run_raw_task
    return ti._run_raw_task(
           ^^^^^^^^^^^^^^^^^
  File "/home/airflow/.local/lib/python3.11/site-packages/airflow/utils/session.py", line 97, in wrapper
    return func(*args, session=session, **kwargs)
           ^^^^^^^^^^^^^^^^^^^^^^^^^^^^^^^^^^^^^^
  File "/home/airflow/.local/lib/python3.11/site-packages/airflow/models/taskinstance.py", line 3005, in _run_raw_task
    return _run_raw_task(
           ^^^^^^^^^^^^^^
  File "/home/airflow/.local/lib/python3.11/site-packages/airflow/models/taskinstance.py", line 273, in _run_raw_task
    TaskInstance._execute_task_with_callbacks(
  File "/home/airflow/.local/lib/python3.11/site-packages/airflow/models/taskinstance.py", line 3159, in _execute_task_with_callbacks
    result = self._execute_task(context, task_orig)
             ^^^^^^^^^^^^^^^^^^^^^^^^^^^^^^^^^^^^^^
  File "/home/airflow/.local/lib/python3.11/site-packages/airflow/models/taskinstance.py", line 3183, in _execute_task
    return _execute_task(self, context, task_orig)
           ^^^^^^^^^^^^^^^^^^^^^^^^^^^^^^^^^^^^^^^
  File "/home/airflow/.local/lib/python3.11/site-packages/airflow/models/taskinstance.py", line 767, in _execute_task
    result = _execute_callable(context=context, **execute_callable_kwargs)
             ^^^^^^^^^^^^^^^^^^^^^^^^^^^^^^^^^^^^^^^^^^^^^^^^^^^^^^^^^^^^^
  File "/home/airflow/.local/lib/python3.11/site-packages/airflow/models/taskinstance.py", line 733, in _execute_callable
    return ExecutionCallableRunner(
           ^^^^^^^^^^^^^^^^^^^^^^^^
  File "/home/airflow/.local/lib/python3.11/site-packages/airflow/utils/operator_helpers.py", line 252, in run
    return self.func(*args, **kwargs)
           ^^^^^^^^^^^^^^^^^^^^^^^^^^
  File "/home/airflow/.local/lib/python3.11/site-packages/airflow/models/baseoperator.py", line 417, in wrapper
    return func(self, *args, **kwargs)
           ^^^^^^^^^^^^^^^^^^^^^^^^^^^
  File "/home/airflow/.local/lib/python3.11/site-packages/airflow/providers/apache/spark/operators/spark_submit.py", line 197, in execute
    self._hook.submit(self.application)
  File "/home/airflow/.local/lib/python3.11/site-packages/airflow/providers/apache/spark/hooks/spark_submit.py", line 566, in submit
    raise AirflowException(
airflow.exceptions.AirflowException: Cannot execute: spark-submit --master spark://spark-master:7077 --conf spark.executor.memory=2g --conf spark.sql.extensions=io.delta.sql.DeltaSparkSessionExtension --conf spark.sql.catalog.spark_catalog=org.apache.spark.sql.delta.catalog.DeltaCatalog --conf spark.hadoop.fs.s3a.endpoint=http://minio:9000 --conf spark.hadoop.fs.s3a.access.key=minioadmin --conf spark.hadoop.fs.s3a.secret.key=****** --conf spark.hadoop.fs.s3a.path.style.access=true --conf spark.hadoop.fs.s3a.impl=org.apache.hadoop.fs.s3a.S3AFileSystem --packages org.apache.hadoop:hadoop-aws:3.3.4,com.amazonaws:aws-java-sdk-bundle:1.12.262,io.delta:delta-spark_2.12:3.1.0 --name bronze_sc_stats_etl --verbose --queue root.default --deploy-mode client /opt/***/dags/bronze_ingestion_sc_stats_etl.py --output_path s3a://mybucket/bronze/curry_raw_data/. Error code is: 1.
[2025-06-03T13:06:45.627+0000] {local_task_job_runner.py:266} INFO - Task exited with return code 1
[2025-06-03T13:06:45.638+0000] {taskinstance.py:3895} INFO - 0 downstream tasks scheduled from follow-on schedule check
[2025-06-03T13:06:45.640+0000] {local_task_job_runner.py:245} INFO - ::endgroup::
