[2025-05-31T05:36:24.978+0000] {local_task_job_runner.py:123} INFO - ::group::Pre task execution logs
[2025-05-31T05:36:24.990+0000] {taskinstance.py:2613} INFO - Dependencies all met for dep_context=non-requeueable deps ti=<TaskInstance: medallion_sales_etl.submit_medallion_sales_etl_job manual__2025-05-31T05:36:24.778752+00:00 [queued]>
[2025-05-31T05:36:24.994+0000] {taskinstance.py:2613} INFO - Dependencies all met for dep_context=requeueable deps ti=<TaskInstance: medallion_sales_etl.submit_medallion_sales_etl_job manual__2025-05-31T05:36:24.778752+00:00 [queued]>
[2025-05-31T05:36:24.994+0000] {taskinstance.py:2866} INFO - Starting attempt 1 of 2
[2025-05-31T05:36:25.000+0000] {taskinstance.py:2889} INFO - Executing <Task(SparkSubmitOperator): submit_medallion_sales_etl_job> on 2025-05-31 05:36:24.778752+00:00
[2025-05-31T05:36:25.003+0000] {standard_task_runner.py:72} INFO - Started process 201 to run task
[2025-05-31T05:36:25.005+0000] {standard_task_runner.py:104} INFO - Running: ['***', 'tasks', 'run', 'medallion_sales_etl', 'submit_medallion_sales_etl_job', 'manual__2025-05-31T05:36:24.778752+00:00', '--job-id', '10', '--raw', '--subdir', 'DAGS_FOLDER/medallion_sales_etl_dag.py', '--cfg-path', '/tmp/tmpldlhs4nw']
[2025-05-31T05:36:25.006+0000] {standard_task_runner.py:105} INFO - Job 10: Subtask submit_medallion_sales_etl_job
[2025-05-31T05:36:25.042+0000] {task_command.py:467} INFO - Running <TaskInstance: medallion_sales_etl.submit_medallion_sales_etl_job manual__2025-05-31T05:36:24.778752+00:00 [running]> on host 5d1f499577a6
[2025-05-31T05:36:25.088+0000] {taskinstance.py:3132} INFO - Exporting env vars: AIRFLOW_CTX_DAG_OWNER='***' AIRFLOW_CTX_DAG_ID='medallion_sales_etl' AIRFLOW_CTX_TASK_ID='submit_medallion_sales_etl_job' AIRFLOW_CTX_EXECUTION_DATE='2025-05-31T05:36:24.778752+00:00' AIRFLOW_CTX_TRY_NUMBER='1' AIRFLOW_CTX_DAG_RUN_ID='manual__2025-05-31T05:36:24.778752+00:00'
[2025-05-31T05:36:25.089+0000] {taskinstance.py:731} INFO - ::endgroup::
[2025-05-31T05:36:25.120+0000] {base.py:84} INFO - Retrieving connection 'spark_default'
[2025-05-31T05:36:25.121+0000] {spark_submit.py:474} INFO - Spark-Submit cmd: spark-submit --master spark://spark-master:7077 --conf spark.executor.memory=2g --conf spark.hadoop.fs.s3a.endpoint=http://minio:9000 --conf spark.hadoop.fs.s3a.access.key=minioadmin --conf spark.hadoop.fs.s3a.secret.key=****** --conf spark.hadoop.fs.s3a.path.style.access=true --conf spark.hadoop.fs.s3a.impl=org.apache.hadoop.fs.s3a.S3AFileSystem --conf spark.local.dir=/opt/***/dags/spark_temp --packages org.apache.hadoop:hadoop-aws:3.3.4,com.amazonaws:aws-java-sdk-bundle:1.12.262 --name medallion_sales_etl_spark_job --verbose --queue root.default --deploy-mode client /opt/***/dags/medallion_etl.py
[2025-05-31T05:36:25.733+0000] {spark_submit.py:644} INFO - Using properties file: null
[2025-05-31T05:36:25.785+0000] {spark_submit.py:644} INFO - Parsed arguments:
[2025-05-31T05:36:25.786+0000] {spark_submit.py:644} INFO - master                  spark://spark-master:7077
[2025-05-31T05:36:25.786+0000] {spark_submit.py:644} INFO - remote                  null
[2025-05-31T05:36:25.786+0000] {spark_submit.py:644} INFO - deployMode              client
[2025-05-31T05:36:25.786+0000] {spark_submit.py:644} INFO - executorMemory          2g
[2025-05-31T05:36:25.787+0000] {spark_submit.py:644} INFO - executorCores           null
[2025-05-31T05:36:25.787+0000] {spark_submit.py:644} INFO - totalExecutorCores      null
[2025-05-31T05:36:25.787+0000] {spark_submit.py:644} INFO - propertiesFile          null
[2025-05-31T05:36:25.787+0000] {spark_submit.py:644} INFO - driverMemory            null
[2025-05-31T05:36:25.787+0000] {spark_submit.py:644} INFO - driverCores             null
[2025-05-31T05:36:25.787+0000] {spark_submit.py:644} INFO - driverExtraClassPath    null
[2025-05-31T05:36:25.787+0000] {spark_submit.py:644} INFO - driverExtraLibraryPath  null
[2025-05-31T05:36:25.787+0000] {spark_submit.py:644} INFO - driverExtraJavaOptions  null
[2025-05-31T05:36:25.787+0000] {spark_submit.py:644} INFO - supervise               false
[2025-05-31T05:36:25.788+0000] {spark_submit.py:644} INFO - queue                   root.default
[2025-05-31T05:36:25.788+0000] {spark_submit.py:644} INFO - numExecutors            null
[2025-05-31T05:36:25.788+0000] {spark_submit.py:644} INFO - files                   null
[2025-05-31T05:36:25.788+0000] {spark_submit.py:644} INFO - pyFiles                 null
[2025-05-31T05:36:25.788+0000] {spark_submit.py:644} INFO - archives                null
[2025-05-31T05:36:25.788+0000] {spark_submit.py:644} INFO - mainClass               null
[2025-05-31T05:36:25.788+0000] {spark_submit.py:644} INFO - primaryResource         file:/opt/***/dags/medallion_etl.py
[2025-05-31T05:36:25.788+0000] {spark_submit.py:644} INFO - name                    medallion_sales_etl_spark_job
[2025-05-31T05:36:25.788+0000] {spark_submit.py:644} INFO - childArgs               []
[2025-05-31T05:36:25.789+0000] {spark_submit.py:644} INFO - jars                    null
[2025-05-31T05:36:25.789+0000] {spark_submit.py:644} INFO - packages                org.apache.hadoop:hadoop-aws:3.3.4,com.amazonaws:aws-java-sdk-bundle:1.12.262
[2025-05-31T05:36:25.789+0000] {spark_submit.py:644} INFO - packagesExclusions      null
[2025-05-31T05:36:25.790+0000] {spark_submit.py:644} INFO - repositories            null
[2025-05-31T05:36:25.790+0000] {spark_submit.py:644} INFO - verbose                 true
[2025-05-31T05:36:25.790+0000] {spark_submit.py:644} INFO - 
[2025-05-31T05:36:25.790+0000] {spark_submit.py:644} INFO - Spark properties used, including those specified through
[2025-05-31T05:36:25.790+0000] {spark_submit.py:644} INFO - --conf and those from the properties file null:
[2025-05-31T05:36:25.790+0000] {spark_submit.py:644} INFO - (spark.executor.memory,2g)
[2025-05-31T05:36:25.791+0000] {spark_submit.py:644} INFO - (spark.hadoop.fs.s3a.access.key,*********(redacted))
[2025-05-31T05:36:25.791+0000] {spark_submit.py:644} INFO - (spark.hadoop.fs.s3a.endpoint,http://minio:9000)
[2025-05-31T05:36:25.791+0000] {spark_submit.py:644} INFO - (spark.hadoop.fs.s3a.impl,org.apache.hadoop.fs.s3a.S3AFileSystem)
[2025-05-31T05:36:25.791+0000] {spark_submit.py:644} INFO - (spark.hadoop.fs.s3a.path.style.access,true)
[2025-05-31T05:36:25.791+0000] {spark_submit.py:644} INFO - (spark.hadoop.fs.s3a.secret.key,*********(redacted))
[2025-05-31T05:36:25.792+0000] {spark_submit.py:644} INFO - (spark.local.dir,/opt/***/dags/spark_temp)
[2025-05-31T05:36:25.792+0000] {spark_submit.py:644} INFO - 
[2025-05-31T05:36:25.792+0000] {spark_submit.py:644} INFO - 
[2025-05-31T05:36:25.854+0000] {spark_submit.py:644} INFO - :: loading settings :: url = jar:file:/home/***/.local/lib/python3.11/site-packages/pyspark/jars/ivy-2.5.1.jar!/org/apache/ivy/core/settings/ivysettings.xml
[2025-05-31T05:36:25.890+0000] {spark_submit.py:644} INFO - Ivy Default Cache set to: /home/***/.ivy2/cache
[2025-05-31T05:36:25.890+0000] {spark_submit.py:644} INFO - The jars for the packages stored in: /home/***/.ivy2/jars
[2025-05-31T05:36:25.892+0000] {spark_submit.py:644} INFO - org.apache.hadoop#hadoop-aws added as a dependency
[2025-05-31T05:36:25.893+0000] {spark_submit.py:644} INFO - com.amazonaws#aws-java-sdk-bundle added as a dependency
[2025-05-31T05:36:25.893+0000] {spark_submit.py:644} INFO - :: resolving dependencies :: org.apache.spark#spark-submit-parent-79d3b63f-e6e7-496b-92a9-a6356ca4d204;1.0
[2025-05-31T05:36:25.894+0000] {spark_submit.py:644} INFO - confs: [default]
[2025-05-31T05:36:29.773+0000] {spark_submit.py:644} INFO - found org.apache.hadoop#hadoop-aws;3.3.4 in central
[2025-05-31T05:36:31.183+0000] {spark_submit.py:644} INFO - found com.amazonaws#aws-java-sdk-bundle;1.12.262 in central
[2025-05-31T05:36:33.726+0000] {spark_submit.py:644} INFO - found org.wildfly.openssl#wildfly-openssl;1.0.7.Final in central
[2025-05-31T05:36:33.896+0000] {spark_submit.py:644} INFO - downloading https://repo1.maven.org/maven2/org/apache/hadoop/hadoop-aws/3.3.4/hadoop-aws-3.3.4.jar ...
[2025-05-31T05:36:34.541+0000] {spark_submit.py:644} INFO - [SUCCESSFUL ] org.apache.hadoop#hadoop-aws;3.3.4!hadoop-aws.jar (808ms)
[2025-05-31T05:36:34.704+0000] {spark_submit.py:644} INFO - downloading https://repo1.maven.org/maven2/com/amazonaws/aws-java-sdk-bundle/1.12.262/aws-java-sdk-bundle-1.12.262.jar ...
[2025-05-31T05:36:49.212+0000] {spark_submit.py:644} INFO - [SUCCESSFUL ] com.amazonaws#aws-java-sdk-bundle;1.12.262!aws-java-sdk-bundle.jar (14670ms)
[2025-05-31T05:36:49.375+0000] {spark_submit.py:644} INFO - downloading https://repo1.maven.org/maven2/org/wildfly/openssl/wildfly-openssl/1.0.7.Final/wildfly-openssl-1.0.7.Final.jar ...
[2025-05-31T05:36:49.562+0000] {spark_submit.py:644} INFO - [SUCCESSFUL ] org.wildfly.openssl#wildfly-openssl;1.0.7.Final!wildfly-openssl.jar (348ms)
[2025-05-31T05:36:49.564+0000] {spark_submit.py:644} INFO - :: resolution report :: resolve 7839ms :: artifacts dl 15830ms
[2025-05-31T05:36:49.564+0000] {spark_submit.py:644} INFO - :: modules in use:
[2025-05-31T05:36:49.564+0000] {spark_submit.py:644} INFO - com.amazonaws#aws-java-sdk-bundle;1.12.262 from central in [default]
[2025-05-31T05:36:49.565+0000] {spark_submit.py:644} INFO - org.apache.hadoop#hadoop-aws;3.3.4 from central in [default]
[2025-05-31T05:36:49.565+0000] {spark_submit.py:644} INFO - org.wildfly.openssl#wildfly-openssl;1.0.7.Final from central in [default]
[2025-05-31T05:36:49.566+0000] {spark_submit.py:644} INFO - ---------------------------------------------------------------------
[2025-05-31T05:36:49.566+0000] {spark_submit.py:644} INFO - |                  |            modules            ||   artifacts   |
[2025-05-31T05:36:49.567+0000] {spark_submit.py:644} INFO - |       conf       | number| search|dwnlded|evicted|| number|dwnlded|
[2025-05-31T05:36:49.567+0000] {spark_submit.py:644} INFO - ---------------------------------------------------------------------
[2025-05-31T05:36:49.568+0000] {spark_submit.py:644} INFO - |      default     |   3   |   3   |   3   |   0   ||   3   |   3   |
[2025-05-31T05:36:49.568+0000] {spark_submit.py:644} INFO - ---------------------------------------------------------------------
[2025-05-31T05:36:49.568+0000] {spark_submit.py:644} INFO - 
[2025-05-31T05:36:49.569+0000] {spark_submit.py:644} INFO - :: problems summary ::
[2025-05-31T05:36:49.569+0000] {spark_submit.py:644} INFO - :::: WARNINGS
[2025-05-31T05:36:49.569+0000] {spark_submit.py:644} INFO - impossible to put metadata file in cache: https://repo1.maven.org/maven2/org/jboss/jboss-parent/35/jboss-parent-35.pom (35) (java.io.FileNotFoundException: /home/***/.ivy2/cache/org.jboss/jboss-parent/ivy-35.xml.original (No such file or directory))
[2025-05-31T05:36:49.570+0000] {spark_submit.py:644} INFO - 
[2025-05-31T05:36:49.570+0000] {spark_submit.py:644} INFO - 
[2025-05-31T05:36:49.570+0000] {spark_submit.py:644} INFO - :: USE VERBOSE OR DEBUG MESSAGE LEVEL FOR MORE DETAILS
[2025-05-31T05:36:49.570+0000] {spark_submit.py:644} INFO - :: retrieving :: org.apache.spark#spark-submit-parent-79d3b63f-e6e7-496b-92a9-a6356ca4d204
[2025-05-31T05:36:49.571+0000] {spark_submit.py:644} INFO - confs: [default]
[2025-05-31T05:36:49.769+0000] {spark_submit.py:644} INFO - 3 artifacts copied, 0 already retrieved (275421kB/202ms)
[2025-05-31T05:36:49.867+0000] {spark_submit.py:644} INFO - 25/05/31 05:36:49 WARN NativeCodeLoader: Unable to load native-hadoop library for your platform... using builtin-java classes where applicable
[2025-05-31T05:36:49.958+0000] {spark_submit.py:644} INFO - Main class:
[2025-05-31T05:36:49.959+0000] {spark_submit.py:644} INFO - org.apache.spark.deploy.PythonRunner
[2025-05-31T05:36:49.959+0000] {spark_submit.py:644} INFO - Arguments:
[2025-05-31T05:36:49.959+0000] {spark_submit.py:644} INFO - file:/opt/***/dags/medallion_etl.py
[2025-05-31T05:36:49.959+0000] {spark_submit.py:644} INFO - file:///home/***/.ivy2/jars/org.apache.hadoop_hadoop-aws-3.3.4.jar,file:///home/***/.ivy2/jars/com.amazonaws_aws-java-sdk-bundle-1.12.262.jar,file:///home/***/.ivy2/jars/org.wildfly.openssl_wildfly-openssl-1.0.7.Final.jar
[2025-05-31T05:36:49.960+0000] {spark_submit.py:644} INFO - Spark config:
[2025-05-31T05:36:49.960+0000] {spark_submit.py:644} INFO - (spark.app.name,medallion_sales_etl_spark_job)
[2025-05-31T05:36:49.961+0000] {spark_submit.py:644} INFO - (spark.app.submitTime,1748669809949)
[2025-05-31T05:36:49.961+0000] {spark_submit.py:644} INFO - (spark.executor.memory,2g)
[2025-05-31T05:36:49.961+0000] {spark_submit.py:644} INFO - (spark.files,file:///home/***/.ivy2/jars/org.apache.hadoop_hadoop-aws-3.3.4.jar,file:///home/***/.ivy2/jars/com.amazonaws_aws-java-sdk-bundle-1.12.262.jar,file:///home/***/.ivy2/jars/org.wildfly.openssl_wildfly-openssl-1.0.7.Final.jar)
[2025-05-31T05:36:49.961+0000] {spark_submit.py:644} INFO - (spark.hadoop.fs.s3a.access.key,*********(redacted))
[2025-05-31T05:36:49.962+0000] {spark_submit.py:644} INFO - (spark.hadoop.fs.s3a.endpoint,http://minio:9000)
[2025-05-31T05:36:49.962+0000] {spark_submit.py:644} INFO - (spark.hadoop.fs.s3a.impl,org.apache.hadoop.fs.s3a.S3AFileSystem)
[2025-05-31T05:36:49.962+0000] {spark_submit.py:644} INFO - (spark.hadoop.fs.s3a.path.style.access,true)
[2025-05-31T05:36:49.962+0000] {spark_submit.py:644} INFO - (spark.hadoop.fs.s3a.secret.key,*********(redacted))
[2025-05-31T05:36:49.962+0000] {spark_submit.py:644} INFO - (spark.jars,file:///home/***/.ivy2/jars/org.apache.hadoop_hadoop-aws-3.3.4.jar,file:///home/***/.ivy2/jars/com.amazonaws_aws-java-sdk-bundle-1.12.262.jar,file:///home/***/.ivy2/jars/org.wildfly.openssl_wildfly-openssl-1.0.7.Final.jar)
[2025-05-31T05:36:49.962+0000] {spark_submit.py:644} INFO - (spark.local.dir,/opt/***/dags/spark_temp)
[2025-05-31T05:36:49.963+0000] {spark_submit.py:644} INFO - (spark.master,spark://spark-master:7077)
[2025-05-31T05:36:49.963+0000] {spark_submit.py:644} INFO - (spark.repl.local.jars,file:///home/***/.ivy2/jars/org.apache.hadoop_hadoop-aws-3.3.4.jar,file:///home/***/.ivy2/jars/com.amazonaws_aws-java-sdk-bundle-1.12.262.jar,file:///home/***/.ivy2/jars/org.wildfly.openssl_wildfly-openssl-1.0.7.Final.jar)
[2025-05-31T05:36:49.963+0000] {spark_submit.py:644} INFO - (spark.submit.deployMode,client)
[2025-05-31T05:36:49.963+0000] {spark_submit.py:644} INFO - (spark.submit.pyFiles,/home/***/.ivy2/jars/org.apache.hadoop_hadoop-aws-3.3.4.jar,/home/***/.ivy2/jars/com.amazonaws_aws-java-sdk-bundle-1.12.262.jar,/home/***/.ivy2/jars/org.wildfly.openssl_wildfly-openssl-1.0.7.Final.jar)
[2025-05-31T05:36:49.964+0000] {spark_submit.py:644} INFO - Classpath elements:
[2025-05-31T05:36:49.964+0000] {spark_submit.py:644} INFO - file:///home/***/.ivy2/jars/org.apache.hadoop_hadoop-aws-3.3.4.jar
[2025-05-31T05:36:49.964+0000] {spark_submit.py:644} INFO - file:///home/***/.ivy2/jars/com.amazonaws_aws-java-sdk-bundle-1.12.262.jar
[2025-05-31T05:36:49.964+0000] {spark_submit.py:644} INFO - file:///home/***/.ivy2/jars/org.wildfly.openssl_wildfly-openssl-1.0.7.Final.jar
[2025-05-31T05:36:49.964+0000] {spark_submit.py:644} INFO - 
[2025-05-31T05:36:49.965+0000] {spark_submit.py:644} INFO - 
[2025-05-31T05:36:50.567+0000] {spark_submit.py:644} INFO - 25/05/31 05:36:50 INFO SparkContext: Running Spark version 3.5.2
[2025-05-31T05:36:50.568+0000] {spark_submit.py:644} INFO - 25/05/31 05:36:50 INFO SparkContext: OS info Linux, 6.10.14-linuxkit, aarch64
[2025-05-31T05:36:50.568+0000] {spark_submit.py:644} INFO - 25/05/31 05:36:50 INFO SparkContext: Java version 17.0.15
[2025-05-31T05:36:50.570+0000] {spark_submit.py:644} INFO - 25/05/31 05:36:50 WARN SparkConf: Note that spark.local.dir will be overridden by the value set by the cluster manager (via SPARK_LOCAL_DIRS in mesos/standalone/kubernetes and LOCAL_DIRS in YARN).
[2025-05-31T05:36:50.578+0000] {spark_submit.py:644} INFO - 25/05/31 05:36:50 INFO ResourceUtils: ==============================================================
[2025-05-31T05:36:50.579+0000] {spark_submit.py:644} INFO - 25/05/31 05:36:50 INFO ResourceUtils: No custom resources configured for spark.driver.
[2025-05-31T05:36:50.579+0000] {spark_submit.py:644} INFO - 25/05/31 05:36:50 INFO ResourceUtils: ==============================================================
[2025-05-31T05:36:50.579+0000] {spark_submit.py:644} INFO - 25/05/31 05:36:50 INFO SparkContext: Submitted application: SimpleSparkTest
[2025-05-31T05:36:50.590+0000] {spark_submit.py:644} INFO - 25/05/31 05:36:50 INFO ResourceProfile: Default ResourceProfile created, executor resources: Map(memory -> name: memory, amount: 2048, script: , vendor: , offHeap -> name: offHeap, amount: 0, script: , vendor: ), task resources: Map(cpus -> name: cpus, amount: 1.0)
[2025-05-31T05:36:50.595+0000] {spark_submit.py:644} INFO - 25/05/31 05:36:50 INFO ResourceProfile: Limiting resource is cpu
[2025-05-31T05:36:50.595+0000] {spark_submit.py:644} INFO - 25/05/31 05:36:50 INFO ResourceProfileManager: Added ResourceProfile id: 0
[2025-05-31T05:36:50.622+0000] {spark_submit.py:644} INFO - 25/05/31 05:36:50 INFO SecurityManager: Changing view acls to: ***
[2025-05-31T05:36:50.622+0000] {spark_submit.py:644} INFO - 25/05/31 05:36:50 INFO SecurityManager: Changing modify acls to: ***
[2025-05-31T05:36:50.623+0000] {spark_submit.py:644} INFO - 25/05/31 05:36:50 INFO SecurityManager: Changing view acls groups to:
[2025-05-31T05:36:50.623+0000] {spark_submit.py:644} INFO - 25/05/31 05:36:50 INFO SecurityManager: Changing modify acls groups to:
[2025-05-31T05:36:50.623+0000] {spark_submit.py:644} INFO - 25/05/31 05:36:50 INFO SecurityManager: SecurityManager: authentication disabled; ui acls disabled; users with view permissions: ***; groups with view permissions: EMPTY; users with modify permissions: ***; groups with modify permissions: EMPTY
[2025-05-31T05:36:50.728+0000] {spark_submit.py:644} INFO - 25/05/31 05:36:50 INFO Utils: Successfully started service 'sparkDriver' on port 33837.
[2025-05-31T05:36:50.743+0000] {spark_submit.py:644} INFO - 25/05/31 05:36:50 INFO SparkEnv: Registering MapOutputTracker
[2025-05-31T05:36:50.760+0000] {spark_submit.py:644} INFO - 25/05/31 05:36:50 INFO SparkEnv: Registering BlockManagerMaster
[2025-05-31T05:36:50.768+0000] {spark_submit.py:644} INFO - 25/05/31 05:36:50 INFO BlockManagerMasterEndpoint: Using org.apache.spark.storage.DefaultTopologyMapper for getting topology information
[2025-05-31T05:36:50.768+0000] {spark_submit.py:644} INFO - 25/05/31 05:36:50 INFO BlockManagerMasterEndpoint: BlockManagerMasterEndpoint up
[2025-05-31T05:36:50.771+0000] {spark_submit.py:644} INFO - 25/05/31 05:36:50 INFO SparkEnv: Registering BlockManagerMasterHeartbeat
[2025-05-31T05:36:50.782+0000] {spark_submit.py:644} INFO - 25/05/31 05:36:50 INFO DiskBlockManager: Created local directory at /opt/***/dags/spark_temp/blockmgr-ec1981a7-fa48-4ccf-8f1a-ac5235c77669
[2025-05-31T05:36:50.789+0000] {spark_submit.py:644} INFO - 25/05/31 05:36:50 INFO MemoryStore: MemoryStore started with capacity 434.4 MiB
[2025-05-31T05:36:50.797+0000] {spark_submit.py:644} INFO - 25/05/31 05:36:50 INFO SparkEnv: Registering OutputCommitCoordinator
[2025-05-31T05:36:50.861+0000] {spark_submit.py:644} INFO - 25/05/31 05:36:50 INFO JettyUtils: Start Jetty 0.0.0.0:4040 for SparkUI
[2025-05-31T05:36:50.897+0000] {spark_submit.py:644} INFO - 25/05/31 05:36:50 INFO Utils: Successfully started service 'SparkUI' on port 4040.
[2025-05-31T05:36:50.919+0000] {spark_submit.py:644} INFO - 25/05/31 05:36:50 INFO SparkContext: Added JAR file:///home/***/.ivy2/jars/org.apache.hadoop_hadoop-aws-3.3.4.jar at spark://5d1f499577a6:33837/jars/org.apache.hadoop_hadoop-aws-3.3.4.jar with timestamp 1748669810563
[2025-05-31T05:36:50.919+0000] {spark_submit.py:644} INFO - 25/05/31 05:36:50 INFO SparkContext: Added JAR file:///home/***/.ivy2/jars/com.amazonaws_aws-java-sdk-bundle-1.12.262.jar at spark://5d1f499577a6:33837/jars/com.amazonaws_aws-java-sdk-bundle-1.12.262.jar with timestamp 1748669810563
[2025-05-31T05:36:50.920+0000] {spark_submit.py:644} INFO - 25/05/31 05:36:50 INFO SparkContext: Added JAR file:///home/***/.ivy2/jars/org.wildfly.openssl_wildfly-openssl-1.0.7.Final.jar at spark://5d1f499577a6:33837/jars/org.wildfly.openssl_wildfly-openssl-1.0.7.Final.jar with timestamp 1748669810563
[2025-05-31T05:36:50.921+0000] {spark_submit.py:644} INFO - 25/05/31 05:36:50 INFO SparkContext: Added file file:///home/***/.ivy2/jars/org.apache.hadoop_hadoop-aws-3.3.4.jar at spark://5d1f499577a6:33837/files/org.apache.hadoop_hadoop-aws-3.3.4.jar with timestamp 1748669810563
[2025-05-31T05:36:50.922+0000] {spark_submit.py:644} INFO - 25/05/31 05:36:50 INFO Utils: Copying /home/***/.ivy2/jars/org.apache.hadoop_hadoop-aws-3.3.4.jar to /opt/***/dags/spark_temp/spark-3345830a-15e9-4a7d-a5fc-d3a78c7d378d/userFiles-0026b63e-efd5-4c15-a80d-dd11e27e2382/org.apache.hadoop_hadoop-aws-3.3.4.jar
[2025-05-31T05:36:50.929+0000] {spark_submit.py:644} INFO - 25/05/31 05:36:50 INFO SparkContext: Added file file:///home/***/.ivy2/jars/com.amazonaws_aws-java-sdk-bundle-1.12.262.jar at spark://5d1f499577a6:33837/files/com.amazonaws_aws-java-sdk-bundle-1.12.262.jar with timestamp 1748669810563
[2025-05-31T05:36:50.930+0000] {spark_submit.py:644} INFO - 25/05/31 05:36:50 INFO Utils: Copying /home/***/.ivy2/jars/com.amazonaws_aws-java-sdk-bundle-1.12.262.jar to /opt/***/dags/spark_temp/spark-3345830a-15e9-4a7d-a5fc-d3a78c7d378d/userFiles-0026b63e-efd5-4c15-a80d-dd11e27e2382/com.amazonaws_aws-java-sdk-bundle-1.12.262.jar
[2025-05-31T05:36:51.270+0000] {spark_submit.py:644} INFO - 25/05/31 05:36:51 INFO SparkContext: Added file file:///home/***/.ivy2/jars/org.wildfly.openssl_wildfly-openssl-1.0.7.Final.jar at spark://5d1f499577a6:33837/files/org.wildfly.openssl_wildfly-openssl-1.0.7.Final.jar with timestamp 1748669810563
[2025-05-31T05:36:51.271+0000] {spark_submit.py:644} INFO - 25/05/31 05:36:51 INFO Utils: Copying /home/***/.ivy2/jars/org.wildfly.openssl_wildfly-openssl-1.0.7.Final.jar to /opt/***/dags/spark_temp/spark-3345830a-15e9-4a7d-a5fc-d3a78c7d378d/userFiles-0026b63e-efd5-4c15-a80d-dd11e27e2382/org.wildfly.openssl_wildfly-openssl-1.0.7.Final.jar
[2025-05-31T05:36:51.318+0000] {spark_submit.py:644} INFO - 25/05/31 05:36:51 INFO StandaloneAppClient$ClientEndpoint: Connecting to master spark://spark-master:7077...
[2025-05-31T05:36:51.348+0000] {spark_submit.py:644} INFO - 25/05/31 05:36:51 INFO TransportClientFactory: Successfully created connection to spark-master/172.19.0.7:7077 after 19 ms (0 ms spent in bootstraps)
[2025-05-31T05:36:51.525+0000] {spark_submit.py:644} INFO - 25/05/31 05:36:51 INFO StandaloneSchedulerBackend: Connected to Spark cluster with app ID app-20250531053651-0000
[2025-05-31T05:36:51.530+0000] {spark_submit.py:644} INFO - 25/05/31 05:36:51 INFO Utils: Successfully started service 'org.apache.spark.network.netty.NettyBlockTransferService' on port 43053.
[2025-05-31T05:36:51.533+0000] {spark_submit.py:644} INFO - 25/05/31 05:36:51 INFO NettyBlockTransferService: Server created on 5d1f499577a6:43053
[2025-05-31T05:36:51.534+0000] {spark_submit.py:644} INFO - 25/05/31 05:36:51 INFO BlockManager: Using org.apache.spark.storage.RandomBlockReplicationPolicy for block replication policy
[2025-05-31T05:36:51.536+0000] {spark_submit.py:644} INFO - 25/05/31 05:36:51 INFO BlockManagerMaster: Registering BlockManager BlockManagerId(driver, 5d1f499577a6, 43053, None)
[2025-05-31T05:36:51.539+0000] {spark_submit.py:644} INFO - 25/05/31 05:36:51 INFO BlockManagerMasterEndpoint: Registering block manager 5d1f499577a6:43053 with 434.4 MiB RAM, BlockManagerId(driver, 5d1f499577a6, 43053, None)
[2025-05-31T05:36:51.541+0000] {spark_submit.py:644} INFO - 25/05/31 05:36:51 INFO BlockManagerMaster: Registered BlockManager BlockManagerId(driver, 5d1f499577a6, 43053, None)
[2025-05-31T05:36:51.542+0000] {spark_submit.py:644} INFO - 25/05/31 05:36:51 INFO BlockManager: Initialized BlockManager: BlockManagerId(driver, 5d1f499577a6, 43053, None)
[2025-05-31T05:36:51.550+0000] {spark_submit.py:644} INFO - 25/05/31 05:36:51 INFO StandaloneAppClient$ClientEndpoint: Executor added: app-20250531053651-0000/0 on worker-20250531053450-172.19.0.8-42179 (172.19.0.8:42179) with 4 core(s)
[2025-05-31T05:36:51.551+0000] {spark_submit.py:644} INFO - 25/05/31 05:36:51 INFO StandaloneSchedulerBackend: Granted executor ID app-20250531053651-0000/0 on hostPort 172.19.0.8:42179 with 4 core(s), 2.0 GiB RAM
[2025-05-31T05:36:51.682+0000] {spark_submit.py:644} INFO - 25/05/31 05:36:51 INFO StandaloneSchedulerBackend: SchedulerBackend is ready for scheduling beginning after reached minRegisteredResourcesRatio: 0.0
[2025-05-31T05:36:51.721+0000] {spark_submit.py:644} INFO - 25/05/31 05:36:51 INFO StandaloneAppClient$ClientEndpoint: Executor updated: app-20250531053651-0000/0 is now RUNNING
[2025-05-31T05:36:51.797+0000] {spark_submit.py:644} INFO - Spark session created for simple test.
[2025-05-31T05:36:51.798+0000] {spark_submit.py:644} INFO - Spark version: 3.5.2
[2025-05-31T05:36:52.940+0000] {spark_submit.py:644} INFO - 25/05/31 05:36:52 INFO SharedState: Setting hive.metastore.warehouse.dir ('null') to the value of spark.sql.warehouse.dir.
[2025-05-31T05:36:52.942+0000] {spark_submit.py:644} INFO - 25/05/31 05:36:52 INFO SharedState: Warehouse path is 'file:/opt/***/spark-warehouse'.
[2025-05-31T05:36:53.427+0000] {spark_submit.py:644} INFO - 25/05/31 05:36:53 INFO StandaloneSchedulerBackend$StandaloneDriverEndpoint: Registered executor NettyRpcEndpointRef(spark-client://Executor) (172.19.0.8:34476) with ID 0,  ResourceProfileId 0
[2025-05-31T05:36:53.476+0000] {spark_submit.py:644} INFO - 25/05/31 05:36:53 INFO BlockManagerMasterEndpoint: Registering block manager 172.19.0.8:44365 with 1048.8 MiB RAM, BlockManagerId(0, 172.19.0.8, 44365, None)
[2025-05-31T05:36:53.601+0000] {spark_submit.py:644} INFO - Simple DataFrame created:
[2025-05-31T05:36:54.062+0000] {spark_submit.py:644} INFO - 25/05/31 05:36:54 INFO CodeGenerator: Code generated in 96.8035 ms
[2025-05-31T05:36:54.086+0000] {spark_submit.py:644} INFO - 25/05/31 05:36:54 INFO SparkContext: Starting job: showString at NativeMethodAccessorImpl.java:0
[2025-05-31T05:36:54.097+0000] {spark_submit.py:644} INFO - 25/05/31 05:36:54 INFO DAGScheduler: Got job 0 (showString at NativeMethodAccessorImpl.java:0) with 1 output partitions
[2025-05-31T05:36:54.098+0000] {spark_submit.py:644} INFO - 25/05/31 05:36:54 INFO DAGScheduler: Final stage: ResultStage 0 (showString at NativeMethodAccessorImpl.java:0)
[2025-05-31T05:36:54.099+0000] {spark_submit.py:644} INFO - 25/05/31 05:36:54 INFO DAGScheduler: Parents of final stage: List()
[2025-05-31T05:36:54.099+0000] {spark_submit.py:644} INFO - 25/05/31 05:36:54 INFO DAGScheduler: Missing parents: List()
[2025-05-31T05:36:54.100+0000] {spark_submit.py:644} INFO - 25/05/31 05:36:54 INFO DAGScheduler: Submitting ResultStage 0 (MapPartitionsRDD[6] at showString at NativeMethodAccessorImpl.java:0), which has no missing parents
[2025-05-31T05:36:54.140+0000] {spark_submit.py:644} INFO - 25/05/31 05:36:54 INFO MemoryStore: Block broadcast_0 stored as values in memory (estimated size 12.8 KiB, free 434.4 MiB)
[2025-05-31T05:36:54.166+0000] {spark_submit.py:644} INFO - 25/05/31 05:36:54 INFO MemoryStore: Block broadcast_0_piece0 stored as bytes in memory (estimated size 6.8 KiB, free 434.4 MiB)
[2025-05-31T05:36:54.175+0000] {spark_submit.py:644} INFO - 25/05/31 05:36:54 INFO BlockManagerInfo: Added broadcast_0_piece0 in memory on 5d1f499577a6:43053 (size: 6.8 KiB, free: 434.4 MiB)
[2025-05-31T05:36:54.177+0000] {spark_submit.py:644} INFO - 25/05/31 05:36:54 INFO SparkContext: Created broadcast 0 from broadcast at DAGScheduler.scala:1585
[2025-05-31T05:36:54.189+0000] {spark_submit.py:644} INFO - 25/05/31 05:36:54 INFO DAGScheduler: Submitting 1 missing tasks from ResultStage 0 (MapPartitionsRDD[6] at showString at NativeMethodAccessorImpl.java:0) (first 15 tasks are for partitions Vector(0))
[2025-05-31T05:36:54.190+0000] {spark_submit.py:644} INFO - 25/05/31 05:36:54 INFO TaskSchedulerImpl: Adding task set 0.0 with 1 tasks resource profile 0
[2025-05-31T05:36:54.980+0000] {spark_submit.py:644} INFO - 25/05/31 05:36:54 INFO TaskSetManager: Starting task 0.0 in stage 0.0 (TID 0) (172.19.0.8, executor 0, partition 0, PROCESS_LOCAL, 9750 bytes)
[2025-05-31T05:36:55.090+0000] {spark_submit.py:644} INFO - 25/05/31 05:36:55 INFO StandaloneAppClient$ClientEndpoint: Executor updated: app-20250531053651-0000/0 is now EXITED (Command exited with code 50)
[2025-05-31T05:36:55.091+0000] {spark_submit.py:644} INFO - 25/05/31 05:36:55 INFO StandaloneSchedulerBackend: Executor app-20250531053651-0000/0 removed: Command exited with code 50
[2025-05-31T05:36:55.091+0000] {spark_submit.py:644} INFO - 25/05/31 05:36:55 INFO StandaloneAppClient$ClientEndpoint: Executor added: app-20250531053651-0000/1 on worker-20250531053450-172.19.0.8-42179 (172.19.0.8:42179) with 4 core(s)
[2025-05-31T05:36:55.091+0000] {spark_submit.py:644} INFO - 25/05/31 05:36:55 INFO StandaloneSchedulerBackend: Granted executor ID app-20250531053651-0000/1 on hostPort 172.19.0.8:42179 with 4 core(s), 2.0 GiB RAM
[2025-05-31T05:36:55.092+0000] {spark_submit.py:644} INFO - 25/05/31 05:36:55 ERROR TaskSchedulerImpl: Lost executor 0 on 172.19.0.8: Command exited with code 50
[2025-05-31T05:36:55.095+0000] {spark_submit.py:644} INFO - 25/05/31 05:36:55 WARN TaskSetManager: Lost task 0.0 in stage 0.0 (TID 0) (172.19.0.8 executor 0): ExecutorLostFailure (executor 0 exited caused by one of the running tasks) Reason: Command exited with code 50
[2025-05-31T05:36:55.099+0000] {spark_submit.py:644} INFO - 25/05/31 05:36:55 INFO DAGScheduler: Executor lost: 0 (epoch 0)
[2025-05-31T05:36:55.102+0000] {spark_submit.py:644} INFO - 25/05/31 05:36:55 INFO BlockManagerMasterEndpoint: Trying to remove executor 0 from BlockManagerMaster.
[2025-05-31T05:36:55.102+0000] {spark_submit.py:644} INFO - 25/05/31 05:36:55 INFO BlockManagerMasterEndpoint: Removing block manager BlockManagerId(0, 172.19.0.8, 44365, None)
[2025-05-31T05:36:55.102+0000] {spark_submit.py:644} INFO - 25/05/31 05:36:55 INFO BlockManagerMaster: Removed 0 successfully in removeExecutor
[2025-05-31T05:36:55.103+0000] {spark_submit.py:644} INFO - 25/05/31 05:36:55 INFO DAGScheduler: Shuffle files lost for executor: 0 (epoch 0)
[2025-05-31T05:36:55.109+0000] {spark_submit.py:644} INFO - 25/05/31 05:36:55 INFO StandaloneAppClient$ClientEndpoint: Executor updated: app-20250531053651-0000/1 is now RUNNING
[2025-05-31T05:36:56.470+0000] {spark_submit.py:644} INFO - 25/05/31 05:36:56 INFO StandaloneSchedulerBackend$StandaloneDriverEndpoint: Registered executor NettyRpcEndpointRef(spark-client://Executor) (172.19.0.8:34494) with ID 1,  ResourceProfileId 0
[2025-05-31T05:36:56.513+0000] {spark_submit.py:644} INFO - 25/05/31 05:36:56 INFO BlockManagerMasterEndpoint: Registering block manager 172.19.0.8:36901 with 1048.8 MiB RAM, BlockManagerId(1, 172.19.0.8, 36901, None)
[2025-05-31T05:36:57.910+0000] {spark_submit.py:644} INFO - 25/05/31 05:36:57 INFO TaskSetManager: Starting task 0.1 in stage 0.0 (TID 1) (172.19.0.8, executor 1, partition 0, PROCESS_LOCAL, 9750 bytes)
[2025-05-31T05:36:58.029+0000] {spark_submit.py:644} INFO - 25/05/31 05:36:58 INFO StandaloneAppClient$ClientEndpoint: Executor updated: app-20250531053651-0000/1 is now EXITED (Command exited with code 50)
[2025-05-31T05:36:58.031+0000] {spark_submit.py:644} INFO - 25/05/31 05:36:58 INFO StandaloneSchedulerBackend: Executor app-20250531053651-0000/1 removed: Command exited with code 50
[2025-05-31T05:36:58.031+0000] {spark_submit.py:644} INFO - 25/05/31 05:36:58 ERROR TaskSchedulerImpl: Lost executor 1 on 172.19.0.8: Command exited with code 50
[2025-05-31T05:36:58.032+0000] {spark_submit.py:644} INFO - 25/05/31 05:36:58 WARN TaskSetManager: Lost task 0.1 in stage 0.0 (TID 1) (172.19.0.8 executor 1): ExecutorLostFailure (executor 1 exited caused by one of the running tasks) Reason: Command exited with code 50
[2025-05-31T05:36:58.032+0000] {spark_submit.py:644} INFO - 25/05/31 05:36:58 INFO StandaloneAppClient$ClientEndpoint: Executor added: app-20250531053651-0000/2 on worker-20250531053450-172.19.0.8-42179 (172.19.0.8:42179) with 4 core(s)
[2025-05-31T05:36:58.032+0000] {spark_submit.py:644} INFO - 25/05/31 05:36:58 INFO StandaloneSchedulerBackend: Granted executor ID app-20250531053651-0000/2 on hostPort 172.19.0.8:42179 with 4 core(s), 2.0 GiB RAM
[2025-05-31T05:36:58.033+0000] {spark_submit.py:644} INFO - 25/05/31 05:36:58 INFO DAGScheduler: Executor lost: 1 (epoch 1)
[2025-05-31T05:36:58.033+0000] {spark_submit.py:644} INFO - 25/05/31 05:36:58 INFO BlockManagerMasterEndpoint: Trying to remove executor 1 from BlockManagerMaster.
[2025-05-31T05:36:58.033+0000] {spark_submit.py:644} INFO - 25/05/31 05:36:58 INFO BlockManagerMasterEndpoint: Removing block manager BlockManagerId(1, 172.19.0.8, 36901, None)
[2025-05-31T05:36:58.033+0000] {spark_submit.py:644} INFO - 25/05/31 05:36:58 INFO BlockManagerMaster: Removed 1 successfully in removeExecutor
[2025-05-31T05:36:58.033+0000] {spark_submit.py:644} INFO - 25/05/31 05:36:58 INFO DAGScheduler: Shuffle files lost for executor: 1 (epoch 1)
[2025-05-31T05:36:58.046+0000] {spark_submit.py:644} INFO - 25/05/31 05:36:58 INFO StandaloneAppClient$ClientEndpoint: Executor updated: app-20250531053651-0000/2 is now RUNNING
[2025-05-31T05:36:59.433+0000] {spark_submit.py:644} INFO - 25/05/31 05:36:59 INFO StandaloneSchedulerBackend$StandaloneDriverEndpoint: Registered executor NettyRpcEndpointRef(spark-client://Executor) (172.19.0.8:58972) with ID 2,  ResourceProfileId 0
[2025-05-31T05:36:59.471+0000] {spark_submit.py:644} INFO - 25/05/31 05:36:59 INFO BlockManagerMasterEndpoint: Registering block manager 172.19.0.8:38083 with 1048.8 MiB RAM, BlockManagerId(2, 172.19.0.8, 38083, None)
[2025-05-31T05:37:00.831+0000] {spark_submit.py:644} INFO - 25/05/31 05:37:00 INFO TaskSetManager: Starting task 0.2 in stage 0.0 (TID 2) (172.19.0.8, executor 2, partition 0, PROCESS_LOCAL, 9750 bytes)
[2025-05-31T05:37:00.946+0000] {spark_submit.py:644} INFO - 25/05/31 05:37:00 INFO StandaloneAppClient$ClientEndpoint: Executor updated: app-20250531053651-0000/2 is now EXITED (Command exited with code 50)
[2025-05-31T05:37:00.947+0000] {spark_submit.py:644} INFO - 25/05/31 05:37:00 INFO StandaloneSchedulerBackend: Executor app-20250531053651-0000/2 removed: Command exited with code 50
[2025-05-31T05:37:00.948+0000] {spark_submit.py:644} INFO - 25/05/31 05:37:00 ERROR TaskSchedulerImpl: Lost executor 2 on 172.19.0.8: Command exited with code 50
[2025-05-31T05:37:00.948+0000] {spark_submit.py:644} INFO - 25/05/31 05:37:00 WARN TaskSetManager: Lost task 0.2 in stage 0.0 (TID 2) (172.19.0.8 executor 2): ExecutorLostFailure (executor 2 exited caused by one of the running tasks) Reason: Command exited with code 50
[2025-05-31T05:37:00.948+0000] {spark_submit.py:644} INFO - 25/05/31 05:37:00 INFO StandaloneAppClient$ClientEndpoint: Executor added: app-20250531053651-0000/3 on worker-20250531053450-172.19.0.8-42179 (172.19.0.8:42179) with 4 core(s)
[2025-05-31T05:37:00.949+0000] {spark_submit.py:644} INFO - 25/05/31 05:37:00 INFO DAGScheduler: Executor lost: 2 (epoch 2)
[2025-05-31T05:37:00.949+0000] {spark_submit.py:644} INFO - 25/05/31 05:37:00 INFO StandaloneSchedulerBackend: Granted executor ID app-20250531053651-0000/3 on hostPort 172.19.0.8:42179 with 4 core(s), 2.0 GiB RAM
[2025-05-31T05:37:00.949+0000] {spark_submit.py:644} INFO - 25/05/31 05:37:00 INFO BlockManagerMasterEndpoint: Trying to remove executor 2 from BlockManagerMaster.
[2025-05-31T05:37:00.949+0000] {spark_submit.py:644} INFO - 25/05/31 05:37:00 INFO BlockManagerMasterEndpoint: Removing block manager BlockManagerId(2, 172.19.0.8, 38083, None)
[2025-05-31T05:37:00.950+0000] {spark_submit.py:644} INFO - 25/05/31 05:37:00 INFO BlockManagerMaster: Removed 2 successfully in removeExecutor
[2025-05-31T05:37:00.950+0000] {spark_submit.py:644} INFO - 25/05/31 05:37:00 INFO DAGScheduler: Shuffle files lost for executor: 2 (epoch 2)
[2025-05-31T05:37:00.964+0000] {spark_submit.py:644} INFO - 25/05/31 05:37:00 INFO StandaloneAppClient$ClientEndpoint: Executor updated: app-20250531053651-0000/3 is now RUNNING
[2025-05-31T05:37:02.367+0000] {spark_submit.py:644} INFO - 25/05/31 05:37:02 INFO StandaloneSchedulerBackend$StandaloneDriverEndpoint: Registered executor NettyRpcEndpointRef(spark-client://Executor) (172.19.0.8:59000) with ID 3,  ResourceProfileId 0
[2025-05-31T05:37:02.404+0000] {spark_submit.py:644} INFO - 25/05/31 05:37:02 INFO BlockManagerMasterEndpoint: Registering block manager 172.19.0.8:41787 with 1048.8 MiB RAM, BlockManagerId(3, 172.19.0.8, 41787, None)
[2025-05-31T05:37:03.793+0000] {spark_submit.py:644} INFO - 25/05/31 05:37:03 INFO TaskSetManager: Starting task 0.3 in stage 0.0 (TID 3) (172.19.0.8, executor 3, partition 0, PROCESS_LOCAL, 9750 bytes)
[2025-05-31T05:37:03.914+0000] {spark_submit.py:644} INFO - 25/05/31 05:37:03 INFO StandaloneAppClient$ClientEndpoint: Executor updated: app-20250531053651-0000/3 is now EXITED (Command exited with code 50)
[2025-05-31T05:37:03.916+0000] {spark_submit.py:644} INFO - 25/05/31 05:37:03 INFO StandaloneSchedulerBackend: Executor app-20250531053651-0000/3 removed: Command exited with code 50
[2025-05-31T05:37:03.916+0000] {spark_submit.py:644} INFO - 25/05/31 05:37:03 ERROR TaskSchedulerImpl: Lost executor 3 on 172.19.0.8: Command exited with code 50
[2025-05-31T05:37:03.917+0000] {spark_submit.py:644} INFO - 25/05/31 05:37:03 INFO StandaloneAppClient$ClientEndpoint: Executor added: app-20250531053651-0000/4 on worker-20250531053450-172.19.0.8-42179 (172.19.0.8:42179) with 4 core(s)
[2025-05-31T05:37:03.917+0000] {spark_submit.py:644} INFO - 25/05/31 05:37:03 INFO StandaloneSchedulerBackend: Granted executor ID app-20250531053651-0000/4 on hostPort 172.19.0.8:42179 with 4 core(s), 2.0 GiB RAM
[2025-05-31T05:37:03.917+0000] {spark_submit.py:644} INFO - 25/05/31 05:37:03 WARN TaskSetManager: Lost task 0.3 in stage 0.0 (TID 3) (172.19.0.8 executor 3): ExecutorLostFailure (executor 3 exited caused by one of the running tasks) Reason: Command exited with code 50
[2025-05-31T05:37:03.918+0000] {spark_submit.py:644} INFO - 25/05/31 05:37:03 ERROR TaskSetManager: Task 0 in stage 0.0 failed 4 times; aborting job
[2025-05-31T05:37:03.918+0000] {spark_submit.py:644} INFO - 25/05/31 05:37:03 INFO TaskSchedulerImpl: Removed TaskSet 0.0, whose tasks have all completed, from pool
[2025-05-31T05:37:03.918+0000] {spark_submit.py:644} INFO - 25/05/31 05:37:03 INFO TaskSchedulerImpl: Cancelling stage 0
[2025-05-31T05:37:03.919+0000] {spark_submit.py:644} INFO - 25/05/31 05:37:03 INFO TaskSchedulerImpl: Killing all running tasks in stage 0: Stage cancelled: Job aborted due to stage failure: Task 0 in stage 0.0 failed 4 times, most recent failure: Lost task 0.3 in stage 0.0 (TID 3) (172.19.0.8 executor 3): ExecutorLostFailure (executor 3 exited caused by one of the running tasks) Reason: Command exited with code 50
[2025-05-31T05:37:03.919+0000] {spark_submit.py:644} INFO - Driver stacktrace:
[2025-05-31T05:37:03.920+0000] {spark_submit.py:644} INFO - 25/05/31 05:37:03 INFO DAGScheduler: ResultStage 0 (showString at NativeMethodAccessorImpl.java:0) failed in 9.813 s due to Job aborted due to stage failure: Task 0 in stage 0.0 failed 4 times, most recent failure: Lost task 0.3 in stage 0.0 (TID 3) (172.19.0.8 executor 3): ExecutorLostFailure (executor 3 exited caused by one of the running tasks) Reason: Command exited with code 50
[2025-05-31T05:37:03.920+0000] {spark_submit.py:644} INFO - Driver stacktrace:
[2025-05-31T05:37:03.922+0000] {spark_submit.py:644} INFO - 25/05/31 05:37:03 INFO DAGScheduler: Executor lost: 3 (epoch 3)
[2025-05-31T05:37:03.923+0000] {spark_submit.py:644} INFO - 25/05/31 05:37:03 INFO DAGScheduler: Job 0 failed: showString at NativeMethodAccessorImpl.java:0, took 9.836800 s
[2025-05-31T05:37:03.923+0000] {spark_submit.py:644} INFO - 25/05/31 05:37:03 INFO BlockManagerMasterEndpoint: Trying to remove executor 3 from BlockManagerMaster.
[2025-05-31T05:37:03.923+0000] {spark_submit.py:644} INFO - 25/05/31 05:37:03 INFO BlockManagerMasterEndpoint: Removing block manager BlockManagerId(3, 172.19.0.8, 41787, None)
[2025-05-31T05:37:03.924+0000] {spark_submit.py:644} INFO - 25/05/31 05:37:03 INFO BlockManagerMaster: Removed 3 successfully in removeExecutor
[2025-05-31T05:37:03.924+0000] {spark_submit.py:644} INFO - 25/05/31 05:37:03 INFO DAGScheduler: Shuffle files lost for executor: 3 (epoch 3)
[2025-05-31T05:37:03.932+0000] {spark_submit.py:644} INFO - 25/05/31 05:37:03 INFO StandaloneAppClient$ClientEndpoint: Executor updated: app-20250531053651-0000/4 is now RUNNING
[2025-05-31T05:37:03.993+0000] {spark_submit.py:644} INFO - Traceback (most recent call last):
[2025-05-31T05:37:03.994+0000] {spark_submit.py:644} INFO - File "/opt/***/dags/medallion_etl.py", line 27, in <module>
[2025-05-31T05:37:03.994+0000] {spark_submit.py:644} INFO - main()
[2025-05-31T05:37:03.994+0000] {spark_submit.py:644} INFO - ^^^^^^
[2025-05-31T05:37:03.995+0000] {spark_submit.py:644} INFO - File "/opt/***/dags/medallion_etl.py", line 20, in main
[2025-05-31T05:37:03.995+0000] {spark_submit.py:644} INFO - test_df.show()
[2025-05-31T05:37:03.995+0000] {spark_submit.py:644} INFO - File "/home/***/.local/lib/python3.11/site-packages/pyspark/python/lib/pyspark.zip/pyspark/sql/dataframe.py", line 947, in show
[2025-05-31T05:37:03.995+0000] {spark_submit.py:644} INFO - File "/home/***/.local/lib/python3.11/site-packages/pyspark/python/lib/pyspark.zip/pyspark/sql/dataframe.py", line 965, in _show_string
[2025-05-31T05:37:03.996+0000] {spark_submit.py:644} INFO - File "/home/***/.local/lib/python3.11/site-packages/pyspark/python/lib/py4j-0.10.9.7-src.zip/py4j/java_gateway.py", line 1322, in __call__
[2025-05-31T05:37:03.996+0000] {spark_submit.py:644} INFO - File "/home/***/.local/lib/python3.11/site-packages/pyspark/python/lib/pyspark.zip/pyspark/errors/exceptions/captured.py", line 179, in deco
[2025-05-31T05:37:03.996+0000] {spark_submit.py:644} INFO - File "/home/***/.local/lib/python3.11/site-packages/pyspark/python/lib/py4j-0.10.9.7-src.zip/py4j/protocol.py", line 326, in get_return_value
[2025-05-31T05:37:03.996+0000] {spark_submit.py:644} INFO - py4j.protocol.Py4JJavaError: An error occurred while calling o47.showString.
[2025-05-31T05:37:03.996+0000] {spark_submit.py:644} INFO - : org.apache.spark.SparkException: Job aborted due to stage failure: Task 0 in stage 0.0 failed 4 times, most recent failure: Lost task 0.3 in stage 0.0 (TID 3) (172.19.0.8 executor 3): ExecutorLostFailure (executor 3 exited caused by one of the running tasks) Reason: Command exited with code 50
[2025-05-31T05:37:03.996+0000] {spark_submit.py:644} INFO - Driver stacktrace:
[2025-05-31T05:37:03.997+0000] {spark_submit.py:644} INFO - at org.apache.spark.scheduler.DAGScheduler.failJobAndIndependentStages(DAGScheduler.scala:2856)
[2025-05-31T05:37:03.997+0000] {spark_submit.py:644} INFO - at org.apache.spark.scheduler.DAGScheduler.$anonfun$abortStage$2(DAGScheduler.scala:2792)
[2025-05-31T05:37:03.997+0000] {spark_submit.py:644} INFO - at org.apache.spark.scheduler.DAGScheduler.$anonfun$abortStage$2$adapted(DAGScheduler.scala:2791)
[2025-05-31T05:37:03.997+0000] {spark_submit.py:644} INFO - at scala.collection.mutable.ResizableArray.foreach(ResizableArray.scala:62)
[2025-05-31T05:37:03.997+0000] {spark_submit.py:644} INFO - at scala.collection.mutable.ResizableArray.foreach$(ResizableArray.scala:55)
[2025-05-31T05:37:03.998+0000] {spark_submit.py:644} INFO - at scala.collection.mutable.ArrayBuffer.foreach(ArrayBuffer.scala:49)
[2025-05-31T05:37:03.998+0000] {spark_submit.py:644} INFO - at org.apache.spark.scheduler.DAGScheduler.abortStage(DAGScheduler.scala:2791)
[2025-05-31T05:37:03.998+0000] {spark_submit.py:644} INFO - at org.apache.spark.scheduler.DAGScheduler.$anonfun$handleTaskSetFailed$1(DAGScheduler.scala:1247)
[2025-05-31T05:37:03.998+0000] {spark_submit.py:644} INFO - at org.apache.spark.scheduler.DAGScheduler.$anonfun$handleTaskSetFailed$1$adapted(DAGScheduler.scala:1247)
[2025-05-31T05:37:03.998+0000] {spark_submit.py:644} INFO - at scala.Option.foreach(Option.scala:407)
[2025-05-31T05:37:03.998+0000] {spark_submit.py:644} INFO - at org.apache.spark.scheduler.DAGScheduler.handleTaskSetFailed(DAGScheduler.scala:1247)
[2025-05-31T05:37:03.998+0000] {spark_submit.py:644} INFO - at org.apache.spark.scheduler.DAGSchedulerEventProcessLoop.doOnReceive(DAGScheduler.scala:3060)
[2025-05-31T05:37:03.999+0000] {spark_submit.py:644} INFO - at org.apache.spark.scheduler.DAGSchedulerEventProcessLoop.onReceive(DAGScheduler.scala:2994)
[2025-05-31T05:37:03.999+0000] {spark_submit.py:644} INFO - at org.apache.spark.scheduler.DAGSchedulerEventProcessLoop.onReceive(DAGScheduler.scala:2983)
[2025-05-31T05:37:03.999+0000] {spark_submit.py:644} INFO - at org.apache.spark.util.EventLoop$$anon$1.run(EventLoop.scala:49)
[2025-05-31T05:37:03.999+0000] {spark_submit.py:644} INFO - at org.apache.spark.scheduler.DAGScheduler.runJob(DAGScheduler.scala:989)
[2025-05-31T05:37:03.999+0000] {spark_submit.py:644} INFO - at org.apache.spark.SparkContext.runJob(SparkContext.scala:2393)
[2025-05-31T05:37:03.999+0000] {spark_submit.py:644} INFO - at org.apache.spark.SparkContext.runJob(SparkContext.scala:2414)
[2025-05-31T05:37:03.999+0000] {spark_submit.py:644} INFO - at org.apache.spark.SparkContext.runJob(SparkContext.scala:2433)
[2025-05-31T05:37:04.000+0000] {spark_submit.py:644} INFO - at org.apache.spark.sql.execution.SparkPlan.executeTake(SparkPlan.scala:530)
[2025-05-31T05:37:04.000+0000] {spark_submit.py:644} INFO - at org.apache.spark.sql.execution.SparkPlan.executeTake(SparkPlan.scala:483)
[2025-05-31T05:37:04.000+0000] {spark_submit.py:644} INFO - at org.apache.spark.sql.execution.CollectLimitExec.executeCollect(limit.scala:61)
[2025-05-31T05:37:04.000+0000] {spark_submit.py:644} INFO - at org.apache.spark.sql.Dataset.collectFromPlan(Dataset.scala:4334)
[2025-05-31T05:37:04.000+0000] {spark_submit.py:644} INFO - at org.apache.spark.sql.Dataset.$anonfun$head$1(Dataset.scala:3316)
[2025-05-31T05:37:04.000+0000] {spark_submit.py:644} INFO - at org.apache.spark.sql.Dataset.$anonfun$withAction$2(Dataset.scala:4324)
[2025-05-31T05:37:04.000+0000] {spark_submit.py:644} INFO - at org.apache.spark.sql.execution.QueryExecution$.withInternalError(QueryExecution.scala:546)
[2025-05-31T05:37:04.001+0000] {spark_submit.py:644} INFO - at org.apache.spark.sql.Dataset.$anonfun$withAction$1(Dataset.scala:4322)
[2025-05-31T05:37:04.001+0000] {spark_submit.py:644} INFO - at org.apache.spark.sql.execution.SQLExecution$.$anonfun$withNewExecutionId$6(SQLExecution.scala:125)
[2025-05-31T05:37:04.001+0000] {spark_submit.py:644} INFO - at org.apache.spark.sql.execution.SQLExecution$.withSQLConfPropagated(SQLExecution.scala:201)
[2025-05-31T05:37:04.001+0000] {spark_submit.py:644} INFO - at org.apache.spark.sql.execution.SQLExecution$.$anonfun$withNewExecutionId$1(SQLExecution.scala:108)
[2025-05-31T05:37:04.001+0000] {spark_submit.py:644} INFO - at org.apache.spark.sql.SparkSession.withActive(SparkSession.scala:900)
[2025-05-31T05:37:04.001+0000] {spark_submit.py:644} INFO - at org.apache.spark.sql.execution.SQLExecution$.withNewExecutionId(SQLExecution.scala:66)
[2025-05-31T05:37:04.002+0000] {spark_submit.py:644} INFO - at org.apache.spark.sql.Dataset.withAction(Dataset.scala:4322)
[2025-05-31T05:37:04.002+0000] {spark_submit.py:644} INFO - at org.apache.spark.sql.Dataset.head(Dataset.scala:3316)
[2025-05-31T05:37:04.002+0000] {spark_submit.py:644} INFO - at org.apache.spark.sql.Dataset.take(Dataset.scala:3539)
[2025-05-31T05:37:04.002+0000] {spark_submit.py:644} INFO - at org.apache.spark.sql.Dataset.getRows(Dataset.scala:280)
[2025-05-31T05:37:04.002+0000] {spark_submit.py:644} INFO - at org.apache.spark.sql.Dataset.showString(Dataset.scala:315)
[2025-05-31T05:37:04.002+0000] {spark_submit.py:644} INFO - at java.base/jdk.internal.reflect.NativeMethodAccessorImpl.invoke0(Native Method)
[2025-05-31T05:37:04.002+0000] {spark_submit.py:644} INFO - at java.base/jdk.internal.reflect.NativeMethodAccessorImpl.invoke(NativeMethodAccessorImpl.java:77)
[2025-05-31T05:37:04.003+0000] {spark_submit.py:644} INFO - at java.base/jdk.internal.reflect.DelegatingMethodAccessorImpl.invoke(DelegatingMethodAccessorImpl.java:43)
[2025-05-31T05:37:04.003+0000] {spark_submit.py:644} INFO - at java.base/java.lang.reflect.Method.invoke(Method.java:569)
[2025-05-31T05:37:04.003+0000] {spark_submit.py:644} INFO - at py4j.reflection.MethodInvoker.invoke(MethodInvoker.java:244)
[2025-05-31T05:37:04.003+0000] {spark_submit.py:644} INFO - at py4j.reflection.ReflectionEngine.invoke(ReflectionEngine.java:374)
[2025-05-31T05:37:04.003+0000] {spark_submit.py:644} INFO - at py4j.Gateway.invoke(Gateway.java:282)
[2025-05-31T05:37:04.003+0000] {spark_submit.py:644} INFO - at py4j.commands.AbstractCommand.invokeMethod(AbstractCommand.java:132)
[2025-05-31T05:37:04.004+0000] {spark_submit.py:644} INFO - at py4j.commands.CallCommand.execute(CallCommand.java:79)
[2025-05-31T05:37:04.004+0000] {spark_submit.py:644} INFO - at py4j.ClientServerConnection.waitForCommands(ClientServerConnection.java:182)
[2025-05-31T05:37:04.004+0000] {spark_submit.py:644} INFO - at py4j.ClientServerConnection.run(ClientServerConnection.java:106)
[2025-05-31T05:37:04.004+0000] {spark_submit.py:644} INFO - at java.base/java.lang.Thread.run(Thread.java:840)
[2025-05-31T05:37:04.005+0000] {spark_submit.py:644} INFO - 
[2025-05-31T05:37:04.067+0000] {spark_submit.py:644} INFO - 25/05/31 05:37:04 INFO SparkContext: Invoking stop() from shutdown hook
[2025-05-31T05:37:04.067+0000] {spark_submit.py:644} INFO - 25/05/31 05:37:04 INFO SparkContext: SparkContext is stopping with exitCode 0.
[2025-05-31T05:37:04.073+0000] {spark_submit.py:644} INFO - 25/05/31 05:37:04 INFO SparkUI: Stopped Spark web UI at http://5d1f499577a6:4040
[2025-05-31T05:37:04.075+0000] {spark_submit.py:644} INFO - 25/05/31 05:37:04 INFO StandaloneSchedulerBackend: Shutting down all executors
[2025-05-31T05:37:04.075+0000] {spark_submit.py:644} INFO - 25/05/31 05:37:04 INFO StandaloneSchedulerBackend$StandaloneDriverEndpoint: Asking each executor to shut down
[2025-05-31T05:37:04.084+0000] {spark_submit.py:644} INFO - 25/05/31 05:37:04 INFO MapOutputTrackerMasterEndpoint: MapOutputTrackerMasterEndpoint stopped!
[2025-05-31T05:37:04.095+0000] {spark_submit.py:644} INFO - 25/05/31 05:37:04 INFO MemoryStore: MemoryStore cleared
[2025-05-31T05:37:04.095+0000] {spark_submit.py:644} INFO - 25/05/31 05:37:04 INFO BlockManager: BlockManager stopped
[2025-05-31T05:37:04.098+0000] {spark_submit.py:644} INFO - 25/05/31 05:37:04 INFO BlockManagerMaster: BlockManagerMaster stopped
[2025-05-31T05:37:04.100+0000] {spark_submit.py:644} INFO - 25/05/31 05:37:04 INFO OutputCommitCoordinator$OutputCommitCoordinatorEndpoint: OutputCommitCoordinator stopped!
[2025-05-31T05:37:04.107+0000] {spark_submit.py:644} INFO - 25/05/31 05:37:04 INFO SparkContext: Successfully stopped SparkContext
[2025-05-31T05:37:04.107+0000] {spark_submit.py:644} INFO - 25/05/31 05:37:04 INFO ShutdownHookManager: Shutdown hook called
[2025-05-31T05:37:04.108+0000] {spark_submit.py:644} INFO - 25/05/31 05:37:04 INFO ShutdownHookManager: Deleting directory /opt/***/dags/spark_temp/spark-3345830a-15e9-4a7d-a5fc-d3a78c7d378d/pyspark-559b0c5c-0694-4818-a012-1885fd1247df
[2025-05-31T05:37:04.110+0000] {spark_submit.py:644} INFO - 25/05/31 05:37:04 INFO ShutdownHookManager: Deleting directory /opt/***/dags/spark_temp/spark-3345830a-15e9-4a7d-a5fc-d3a78c7d378d
[2025-05-31T05:37:04.113+0000] {spark_submit.py:644} INFO - 25/05/31 05:37:04 INFO ShutdownHookManager: Deleting directory /tmp/spark-de996303-434a-48de-8a25-48b01dfff757
[2025-05-31T05:37:04.153+0000] {taskinstance.py:3311} ERROR - Task failed with exception
Traceback (most recent call last):
  File "/home/airflow/.local/lib/python3.11/site-packages/airflow/models/taskinstance.py", line 767, in _execute_task
    result = _execute_callable(context=context, **execute_callable_kwargs)
             ^^^^^^^^^^^^^^^^^^^^^^^^^^^^^^^^^^^^^^^^^^^^^^^^^^^^^^^^^^^^^
  File "/home/airflow/.local/lib/python3.11/site-packages/airflow/models/taskinstance.py", line 733, in _execute_callable
    return ExecutionCallableRunner(
           ^^^^^^^^^^^^^^^^^^^^^^^^
  File "/home/airflow/.local/lib/python3.11/site-packages/airflow/utils/operator_helpers.py", line 252, in run
    return self.func(*args, **kwargs)
           ^^^^^^^^^^^^^^^^^^^^^^^^^^
  File "/home/airflow/.local/lib/python3.11/site-packages/airflow/models/baseoperator.py", line 417, in wrapper
    return func(self, *args, **kwargs)
           ^^^^^^^^^^^^^^^^^^^^^^^^^^^
  File "/home/airflow/.local/lib/python3.11/site-packages/airflow/providers/apache/spark/operators/spark_submit.py", line 197, in execute
    self._hook.submit(self.application)
  File "/home/airflow/.local/lib/python3.11/site-packages/airflow/providers/apache/spark/hooks/spark_submit.py", line 566, in submit
    raise AirflowException(
airflow.exceptions.AirflowException: Cannot execute: spark-submit --master spark://spark-master:7077 --conf spark.executor.memory=2g --conf spark.hadoop.fs.s3a.endpoint=http://minio:9000 --conf spark.hadoop.fs.s3a.access.key=minioadmin --conf spark.hadoop.fs.s3a.secret.key=****** --conf spark.hadoop.fs.s3a.path.style.access=true --conf spark.hadoop.fs.s3a.impl=org.apache.hadoop.fs.s3a.S3AFileSystem --conf spark.local.dir=/opt/***/dags/spark_temp --packages org.apache.hadoop:hadoop-aws:3.3.4,com.amazonaws:aws-java-sdk-bundle:1.12.262 --name medallion_sales_etl_spark_job --verbose --queue root.default --deploy-mode client /opt/***/dags/medallion_etl.py. Error code is: 1.
[2025-05-31T05:37:04.157+0000] {taskinstance.py:1225} INFO - Marking task as UP_FOR_RETRY. dag_id=medallion_sales_etl, task_id=submit_medallion_sales_etl_job, run_id=manual__2025-05-31T05:36:24.778752+00:00, execution_date=20250531T053624, start_date=20250531T053624, end_date=20250531T053704
[2025-05-31T05:37:04.164+0000] {taskinstance.py:340} INFO - ::group::Post task execution logs
[2025-05-31T05:37:04.165+0000] {standard_task_runner.py:124} ERROR - Failed to execute job 10 for task submit_medallion_sales_etl_job (Cannot execute: spark-submit --master spark://spark-master:7077 --conf spark.executor.memory=2g --conf spark.hadoop.fs.s3a.endpoint=http://minio:9000 --conf spark.hadoop.fs.s3a.access.key=minioadmin --conf spark.hadoop.fs.s3a.secret.key=****** --conf spark.hadoop.fs.s3a.path.style.access=true --conf spark.hadoop.fs.s3a.impl=org.apache.hadoop.fs.s3a.S3AFileSystem --conf spark.local.dir=/opt/***/dags/spark_temp --packages org.apache.hadoop:hadoop-aws:3.3.4,com.amazonaws:aws-java-sdk-bundle:1.12.262 --name medallion_sales_etl_spark_job --verbose --queue root.default --deploy-mode client /opt/***/dags/medallion_etl.py. Error code is: 1.; 201)
Traceback (most recent call last):
  File "/home/airflow/.local/lib/python3.11/site-packages/airflow/task/task_runner/standard_task_runner.py", line 117, in _start_by_fork
    ret = args.func(args, dag=self.dag)
          ^^^^^^^^^^^^^^^^^^^^^^^^^^^^^
  File "/home/airflow/.local/lib/python3.11/site-packages/airflow/cli/cli_config.py", line 49, in command
    return func(*args, **kwargs)
           ^^^^^^^^^^^^^^^^^^^^^
  File "/home/airflow/.local/lib/python3.11/site-packages/airflow/utils/cli.py", line 116, in wrapper
    return f(*args, **kwargs)
           ^^^^^^^^^^^^^^^^^^
  File "/home/airflow/.local/lib/python3.11/site-packages/airflow/cli/commands/task_command.py", line 483, in task_run
    task_return_code = _run_task_by_selected_method(args, _dag, ti)
                       ^^^^^^^^^^^^^^^^^^^^^^^^^^^^^^^^^^^^^^^^^^^^
  File "/home/airflow/.local/lib/python3.11/site-packages/airflow/cli/commands/task_command.py", line 256, in _run_task_by_selected_method
    return _run_raw_task(args, ti)
           ^^^^^^^^^^^^^^^^^^^^^^^
  File "/home/airflow/.local/lib/python3.11/site-packages/airflow/cli/commands/task_command.py", line 341, in _run_raw_task
    return ti._run_raw_task(
           ^^^^^^^^^^^^^^^^^
  File "/home/airflow/.local/lib/python3.11/site-packages/airflow/utils/session.py", line 97, in wrapper
    return func(*args, session=session, **kwargs)
           ^^^^^^^^^^^^^^^^^^^^^^^^^^^^^^^^^^^^^^
  File "/home/airflow/.local/lib/python3.11/site-packages/airflow/models/taskinstance.py", line 3005, in _run_raw_task
    return _run_raw_task(
           ^^^^^^^^^^^^^^
  File "/home/airflow/.local/lib/python3.11/site-packages/airflow/models/taskinstance.py", line 273, in _run_raw_task
    TaskInstance._execute_task_with_callbacks(
  File "/home/airflow/.local/lib/python3.11/site-packages/airflow/models/taskinstance.py", line 3159, in _execute_task_with_callbacks
    result = self._execute_task(context, task_orig)
             ^^^^^^^^^^^^^^^^^^^^^^^^^^^^^^^^^^^^^^
  File "/home/airflow/.local/lib/python3.11/site-packages/airflow/models/taskinstance.py", line 3183, in _execute_task
    return _execute_task(self, context, task_orig)
           ^^^^^^^^^^^^^^^^^^^^^^^^^^^^^^^^^^^^^^^
  File "/home/airflow/.local/lib/python3.11/site-packages/airflow/models/taskinstance.py", line 767, in _execute_task
    result = _execute_callable(context=context, **execute_callable_kwargs)
             ^^^^^^^^^^^^^^^^^^^^^^^^^^^^^^^^^^^^^^^^^^^^^^^^^^^^^^^^^^^^^
  File "/home/airflow/.local/lib/python3.11/site-packages/airflow/models/taskinstance.py", line 733, in _execute_callable
    return ExecutionCallableRunner(
           ^^^^^^^^^^^^^^^^^^^^^^^^
  File "/home/airflow/.local/lib/python3.11/site-packages/airflow/utils/operator_helpers.py", line 252, in run
    return self.func(*args, **kwargs)
           ^^^^^^^^^^^^^^^^^^^^^^^^^^
  File "/home/airflow/.local/lib/python3.11/site-packages/airflow/models/baseoperator.py", line 417, in wrapper
    return func(self, *args, **kwargs)
           ^^^^^^^^^^^^^^^^^^^^^^^^^^^
  File "/home/airflow/.local/lib/python3.11/site-packages/airflow/providers/apache/spark/operators/spark_submit.py", line 197, in execute
    self._hook.submit(self.application)
  File "/home/airflow/.local/lib/python3.11/site-packages/airflow/providers/apache/spark/hooks/spark_submit.py", line 566, in submit
    raise AirflowException(
airflow.exceptions.AirflowException: Cannot execute: spark-submit --master spark://spark-master:7077 --conf spark.executor.memory=2g --conf spark.hadoop.fs.s3a.endpoint=http://minio:9000 --conf spark.hadoop.fs.s3a.access.key=minioadmin --conf spark.hadoop.fs.s3a.secret.key=****** --conf spark.hadoop.fs.s3a.path.style.access=true --conf spark.hadoop.fs.s3a.impl=org.apache.hadoop.fs.s3a.S3AFileSystem --conf spark.local.dir=/opt/***/dags/spark_temp --packages org.apache.hadoop:hadoop-aws:3.3.4,com.amazonaws:aws-java-sdk-bundle:1.12.262 --name medallion_sales_etl_spark_job --verbose --queue root.default --deploy-mode client /opt/***/dags/medallion_etl.py. Error code is: 1.
[2025-05-31T05:37:04.205+0000] {local_task_job_runner.py:266} INFO - Task exited with return code 1
[2025-05-31T05:37:04.217+0000] {taskinstance.py:3895} INFO - 0 downstream tasks scheduled from follow-on schedule check
[2025-05-31T05:37:04.218+0000] {local_task_job_runner.py:245} INFO - ::endgroup::
