[2025-06-07T15:33:11.864+0000] {local_task_job_runner.py:123} INFO - ::group::Pre task execution logs
[2025-06-07T15:33:11.873+0000] {taskinstance.py:2613} INFO - Dependencies all met for dep_context=non-requeueable deps ti=<TaskInstance: stephen_curry_stats_medallion_etl.bronze_ingestion manual__2025-06-07T15:33:09.878326+00:00 [queued]>
[2025-06-07T15:33:11.878+0000] {taskinstance.py:2613} INFO - Dependencies all met for dep_context=requeueable deps ti=<TaskInstance: stephen_curry_stats_medallion_etl.bronze_ingestion manual__2025-06-07T15:33:09.878326+00:00 [queued]>
[2025-06-07T15:33:11.878+0000] {taskinstance.py:2866} INFO - Starting attempt 1 of 1
[2025-06-07T15:33:11.883+0000] {taskinstance.py:2889} INFO - Executing <Task(SparkSubmitOperator): bronze_ingestion> on 2025-06-07 15:33:09.878326+00:00
[2025-06-07T15:33:11.885+0000] {standard_task_runner.py:72} INFO - Started process 269 to run task
[2025-06-07T15:33:11.887+0000] {standard_task_runner.py:104} INFO - Running: ['***', 'tasks', 'run', 'stephen_curry_stats_medallion_etl', 'bronze_ingestion', 'manual__2025-06-07T15:33:09.878326+00:00', '--job-id', '6', '--raw', '--subdir', 'DAGS_FOLDER/medallion_sales_etl_dag.py', '--cfg-path', '/tmp/tmpdya84t20']
[2025-06-07T15:33:11.889+0000] {standard_task_runner.py:105} INFO - Job 6: Subtask bronze_ingestion
[2025-06-07T15:33:11.916+0000] {task_command.py:467} INFO - Running <TaskInstance: stephen_curry_stats_medallion_etl.bronze_ingestion manual__2025-06-07T15:33:09.878326+00:00 [running]> on host a8930d57bcb9
[2025-06-07T15:33:11.959+0000] {taskinstance.py:3132} INFO - Exporting env vars: AIRFLOW_CTX_DAG_OWNER='***' AIRFLOW_CTX_DAG_ID='stephen_curry_stats_medallion_etl' AIRFLOW_CTX_TASK_ID='bronze_ingestion' AIRFLOW_CTX_EXECUTION_DATE='2025-06-07T15:33:09.878326+00:00' AIRFLOW_CTX_TRY_NUMBER='1' AIRFLOW_CTX_DAG_RUN_ID='manual__2025-06-07T15:33:09.878326+00:00'
[2025-06-07T15:33:11.960+0000] {taskinstance.py:731} INFO - ::endgroup::
[2025-06-07T15:33:11.974+0000] {base.py:84} INFO - Retrieving connection 'spark_default'
[2025-06-07T15:33:11.976+0000] {spark_submit.py:474} INFO - Spark-Submit cmd: spark-submit --master spark://spark-master:7077 --conf spark.executor.memory=2g --conf spark.sql.extensions=io.delta.sql.DeltaSparkSessionExtension --conf spark.sql.catalog.spark_catalog=org.apache.spark.sql.delta.catalog.DeltaCatalog --conf spark.hadoop.fs.s3a.endpoint=http://minio:9000 --conf spark.hadoop.fs.s3a.access.key=minioadmin --conf spark.hadoop.fs.s3a.secret.key=****** --conf spark.hadoop.fs.s3a.path.style.access=true --conf spark.hadoop.fs.s3a.impl=org.apache.hadoop.fs.s3a.S3AFileSystem --conf spark.hadoop.fs.s3a.aws.credentials.provider=org.apache.hadoop.fs.s3a.SimpleAWSCredentialsProvider --packages org.apache.hadoop:hadoop-aws:3.3.4,com.amazonaws:aws-java-sdk-bundle:1.12.262,io.delta:delta-spark_2.12:3.1.0 --name arrow-spark --queue root.default --deploy-mode client dags/bronze_ingestion_sc_stats_etl.py --output_path s3a://mybucket/sc_stats_db/bronze/raw_data
[2025-06-07T15:33:12.686+0000] {spark_submit.py:644} INFO - :: loading settings :: url = jar:file:/home/***/.local/lib/python3.11/site-packages/pyspark/jars/ivy-2.5.1.jar!/org/apache/ivy/core/settings/ivysettings.xml
[2025-06-07T15:33:12.721+0000] {spark_submit.py:644} INFO - Ivy Default Cache set to: /home/***/.ivy2/cache
[2025-06-07T15:33:12.722+0000] {spark_submit.py:644} INFO - The jars for the packages stored in: /home/***/.ivy2/jars
[2025-06-07T15:33:12.723+0000] {spark_submit.py:644} INFO - org.apache.hadoop#hadoop-aws added as a dependency
[2025-06-07T15:33:12.723+0000] {spark_submit.py:644} INFO - com.amazonaws#aws-java-sdk-bundle added as a dependency
[2025-06-07T15:33:12.723+0000] {spark_submit.py:644} INFO - io.delta#delta-spark_2.12 added as a dependency
[2025-06-07T15:33:12.724+0000] {spark_submit.py:644} INFO - :: resolving dependencies :: org.apache.spark#spark-submit-parent-a0430aa2-fc9e-4be8-8d5c-c22b95785491;1.0
[2025-06-07T15:33:12.724+0000] {spark_submit.py:644} INFO - confs: [default]
[2025-06-07T15:33:17.351+0000] {spark_submit.py:644} INFO - found org.apache.hadoop#hadoop-aws;3.3.4 in central
[2025-06-07T15:33:19.148+0000] {spark_submit.py:644} INFO - found com.amazonaws#aws-java-sdk-bundle;1.12.262 in central
[2025-06-07T15:33:22.216+0000] {spark_submit.py:644} INFO - found org.wildfly.openssl#wildfly-openssl;1.0.7.Final in central
[2025-06-07T15:33:22.846+0000] {spark_submit.py:644} INFO - found io.delta#delta-spark_2.12;3.1.0 in central
[2025-06-07T15:33:23.289+0000] {spark_submit.py:644} INFO - found io.delta#delta-storage;3.1.0 in central
[2025-06-07T15:33:26.422+0000] {spark_submit.py:644} INFO - found org.antlr#antlr4-runtime;4.9.3 in central
[2025-06-07T15:33:26.729+0000] {spark_submit.py:644} INFO - downloading https://repo1.maven.org/maven2/org/apache/hadoop/hadoop-aws/3.3.4/hadoop-aws-3.3.4.jar ...
[2025-06-07T15:33:27.574+0000] {spark_submit.py:644} INFO - [SUCCESSFUL ] org.apache.hadoop#hadoop-aws;3.3.4!hadoop-aws.jar (1143ms)
[2025-06-07T15:33:27.786+0000] {spark_submit.py:644} INFO - downloading https://repo1.maven.org/maven2/com/amazonaws/aws-java-sdk-bundle/1.12.262/aws-java-sdk-bundle-1.12.262.jar ...
[2025-06-07T15:34:12.095+0000] {spark_submit.py:644} INFO - [SUCCESSFUL ] com.amazonaws#aws-java-sdk-bundle;1.12.262!aws-java-sdk-bundle.jar (44520ms)
[2025-06-07T15:34:12.308+0000] {spark_submit.py:644} INFO - downloading https://repo1.maven.org/maven2/io/delta/delta-spark_2.12/3.1.0/delta-spark_2.12-3.1.0.jar ...
[2025-06-07T15:34:13.321+0000] {spark_submit.py:644} INFO - [SUCCESSFUL ] io.delta#delta-spark_2.12;3.1.0!delta-spark_2.12.jar (1223ms)
[2025-06-07T15:34:13.534+0000] {spark_submit.py:644} INFO - downloading https://repo1.maven.org/maven2/org/wildfly/openssl/wildfly-openssl/1.0.7.Final/wildfly-openssl-1.0.7.Final.jar ...
[2025-06-07T15:34:13.794+0000] {spark_submit.py:644} INFO - [SUCCESSFUL ] org.wildfly.openssl#wildfly-openssl;1.0.7.Final!wildfly-openssl.jar (472ms)
[2025-06-07T15:34:14.035+0000] {spark_submit.py:644} INFO - downloading https://repo1.maven.org/maven2/io/delta/delta-storage/3.1.0/delta-storage-3.1.0.jar ...
[2025-06-07T15:34:14.249+0000] {spark_submit.py:644} INFO - [SUCCESSFUL ] io.delta#delta-storage;3.1.0!delta-storage.jar (454ms)
[2025-06-07T15:34:14.459+0000] {spark_submit.py:644} INFO - downloading https://repo1.maven.org/maven2/org/antlr/antlr4-runtime/4.9.3/antlr4-runtime-4.9.3.jar ...
[2025-06-07T15:34:14.758+0000] {spark_submit.py:644} INFO - [SUCCESSFUL ] org.antlr#antlr4-runtime;4.9.3!antlr4-runtime.jar (508ms)
[2025-06-07T15:34:14.759+0000] {spark_submit.py:644} INFO - :: resolution report :: resolve 13705ms :: artifacts dl 48329ms
[2025-06-07T15:34:14.760+0000] {spark_submit.py:644} INFO - :: modules in use:
[2025-06-07T15:34:14.760+0000] {spark_submit.py:644} INFO - com.amazonaws#aws-java-sdk-bundle;1.12.262 from central in [default]
[2025-06-07T15:34:14.761+0000] {spark_submit.py:644} INFO - io.delta#delta-spark_2.12;3.1.0 from central in [default]
[2025-06-07T15:34:14.761+0000] {spark_submit.py:644} INFO - io.delta#delta-storage;3.1.0 from central in [default]
[2025-06-07T15:34:14.762+0000] {spark_submit.py:644} INFO - org.antlr#antlr4-runtime;4.9.3 from central in [default]
[2025-06-07T15:34:14.762+0000] {spark_submit.py:644} INFO - org.apache.hadoop#hadoop-aws;3.3.4 from central in [default]
[2025-06-07T15:34:14.762+0000] {spark_submit.py:644} INFO - org.wildfly.openssl#wildfly-openssl;1.0.7.Final from central in [default]
[2025-06-07T15:34:14.763+0000] {spark_submit.py:644} INFO - ---------------------------------------------------------------------
[2025-06-07T15:34:14.763+0000] {spark_submit.py:644} INFO - |                  |            modules            ||   artifacts   |
[2025-06-07T15:34:14.764+0000] {spark_submit.py:644} INFO - |       conf       | number| search|dwnlded|evicted|| number|dwnlded|
[2025-06-07T15:34:14.764+0000] {spark_submit.py:644} INFO - ---------------------------------------------------------------------
[2025-06-07T15:34:14.764+0000] {spark_submit.py:644} INFO - |      default     |   6   |   6   |   6   |   0   ||   6   |   6   |
[2025-06-07T15:34:14.765+0000] {spark_submit.py:644} INFO - ---------------------------------------------------------------------
[2025-06-07T15:34:14.766+0000] {spark_submit.py:644} INFO - :: retrieving :: org.apache.spark#spark-submit-parent-a0430aa2-fc9e-4be8-8d5c-c22b95785491
[2025-06-07T15:34:14.766+0000] {spark_submit.py:644} INFO - confs: [default]
[2025-06-07T15:34:15.062+0000] {spark_submit.py:644} INFO - 6 artifacts copied, 0 already retrieved (281149kB/295ms)
[2025-06-07T15:34:15.158+0000] {spark_submit.py:644} INFO - 25/06/07 15:34:15 WARN NativeCodeLoader: Unable to load native-hadoop library for your platform... using builtin-java classes where applicable
[2025-06-07T15:34:15.858+0000] {spark_submit.py:644} INFO - 25/06/07 15:34:15 INFO SparkContext: Running Spark version 3.5.2
[2025-06-07T15:34:15.859+0000] {spark_submit.py:644} INFO - 25/06/07 15:34:15 INFO SparkContext: OS info Linux, 6.10.14-linuxkit, aarch64
[2025-06-07T15:34:15.859+0000] {spark_submit.py:644} INFO - 25/06/07 15:34:15 INFO SparkContext: Java version 17.0.15
[2025-06-07T15:34:15.869+0000] {spark_submit.py:644} INFO - 25/06/07 15:34:15 INFO ResourceUtils: ==============================================================
[2025-06-07T15:34:15.869+0000] {spark_submit.py:644} INFO - 25/06/07 15:34:15 INFO ResourceUtils: No custom resources configured for spark.driver.
[2025-06-07T15:34:15.869+0000] {spark_submit.py:644} INFO - 25/06/07 15:34:15 INFO ResourceUtils: ==============================================================
[2025-06-07T15:34:15.869+0000] {spark_submit.py:644} INFO - 25/06/07 15:34:15 INFO SparkContext: Submitted application: BronzeIngestionStephenCurryStats
[2025-06-07T15:34:15.878+0000] {spark_submit.py:644} INFO - 25/06/07 15:34:15 INFO ResourceProfile: Default ResourceProfile created, executor resources: Map(memory -> name: memory, amount: 2048, script: , vendor: , offHeap -> name: offHeap, amount: 0, script: , vendor: ), task resources: Map(cpus -> name: cpus, amount: 1.0)
[2025-06-07T15:34:15.882+0000] {spark_submit.py:644} INFO - 25/06/07 15:34:15 INFO ResourceProfile: Limiting resource is cpu
[2025-06-07T15:34:15.883+0000] {spark_submit.py:644} INFO - 25/06/07 15:34:15 INFO ResourceProfileManager: Added ResourceProfile id: 0
[2025-06-07T15:34:15.908+0000] {spark_submit.py:644} INFO - 25/06/07 15:34:15 INFO SecurityManager: Changing view acls to: ***
[2025-06-07T15:34:15.908+0000] {spark_submit.py:644} INFO - 25/06/07 15:34:15 INFO SecurityManager: Changing modify acls to: ***
[2025-06-07T15:34:15.909+0000] {spark_submit.py:644} INFO - 25/06/07 15:34:15 INFO SecurityManager: Changing view acls groups to:
[2025-06-07T15:34:15.909+0000] {spark_submit.py:644} INFO - 25/06/07 15:34:15 INFO SecurityManager: Changing modify acls groups to:
[2025-06-07T15:34:15.909+0000] {spark_submit.py:644} INFO - 25/06/07 15:34:15 INFO SecurityManager: SecurityManager: authentication disabled; ui acls disabled; users with view permissions: ***; groups with view permissions: EMPTY; users with modify permissions: ***; groups with modify permissions: EMPTY
[2025-06-07T15:34:16.013+0000] {spark_submit.py:644} INFO - 25/06/07 15:34:16 INFO Utils: Successfully started service 'sparkDriver' on port 41217.
[2025-06-07T15:34:16.030+0000] {spark_submit.py:644} INFO - 25/06/07 15:34:16 INFO SparkEnv: Registering MapOutputTracker
[2025-06-07T15:34:16.048+0000] {spark_submit.py:644} INFO - 25/06/07 15:34:16 INFO SparkEnv: Registering BlockManagerMaster
[2025-06-07T15:34:16.056+0000] {spark_submit.py:644} INFO - 25/06/07 15:34:16 INFO BlockManagerMasterEndpoint: Using org.apache.spark.storage.DefaultTopologyMapper for getting topology information
[2025-06-07T15:34:16.056+0000] {spark_submit.py:644} INFO - 25/06/07 15:34:16 INFO BlockManagerMasterEndpoint: BlockManagerMasterEndpoint up
[2025-06-07T15:34:16.058+0000] {spark_submit.py:644} INFO - 25/06/07 15:34:16 INFO SparkEnv: Registering BlockManagerMasterHeartbeat
[2025-06-07T15:34:16.070+0000] {spark_submit.py:644} INFO - 25/06/07 15:34:16 INFO DiskBlockManager: Created local directory at /tmp/blockmgr-a46e72d2-8080-46ca-b2f5-778856ccd547
[2025-06-07T15:34:16.077+0000] {spark_submit.py:644} INFO - 25/06/07 15:34:16 INFO MemoryStore: MemoryStore started with capacity 434.4 MiB
[2025-06-07T15:34:16.085+0000] {spark_submit.py:644} INFO - 25/06/07 15:34:16 INFO SparkEnv: Registering OutputCommitCoordinator
[2025-06-07T15:34:16.145+0000] {spark_submit.py:644} INFO - 25/06/07 15:34:16 INFO JettyUtils: Start Jetty 0.0.0.0:4040 for SparkUI
[2025-06-07T15:34:16.178+0000] {spark_submit.py:644} INFO - 25/06/07 15:34:16 INFO Utils: Successfully started service 'SparkUI' on port 4040.
[2025-06-07T15:34:16.199+0000] {spark_submit.py:644} INFO - 25/06/07 15:34:16 INFO SparkContext: Added JAR file:///home/***/.ivy2/jars/org.apache.hadoop_hadoop-aws-3.3.4.jar at spark://a8930d57bcb9:41217/jars/org.apache.hadoop_hadoop-aws-3.3.4.jar with timestamp 1749310455853
[2025-06-07T15:34:16.199+0000] {spark_submit.py:644} INFO - 25/06/07 15:34:16 INFO SparkContext: Added JAR file:///home/***/.ivy2/jars/com.amazonaws_aws-java-sdk-bundle-1.12.262.jar at spark://a8930d57bcb9:41217/jars/com.amazonaws_aws-java-sdk-bundle-1.12.262.jar with timestamp 1749310455853
[2025-06-07T15:34:16.200+0000] {spark_submit.py:644} INFO - 25/06/07 15:34:16 INFO SparkContext: Added JAR file:///home/***/.ivy2/jars/io.delta_delta-spark_2.12-3.1.0.jar at spark://a8930d57bcb9:41217/jars/io.delta_delta-spark_2.12-3.1.0.jar with timestamp 1749310455853
[2025-06-07T15:34:16.200+0000] {spark_submit.py:644} INFO - 25/06/07 15:34:16 INFO SparkContext: Added JAR file:///home/***/.ivy2/jars/org.wildfly.openssl_wildfly-openssl-1.0.7.Final.jar at spark://a8930d57bcb9:41217/jars/org.wildfly.openssl_wildfly-openssl-1.0.7.Final.jar with timestamp 1749310455853
[2025-06-07T15:34:16.200+0000] {spark_submit.py:644} INFO - 25/06/07 15:34:16 INFO SparkContext: Added JAR file:///home/***/.ivy2/jars/io.delta_delta-storage-3.1.0.jar at spark://a8930d57bcb9:41217/jars/io.delta_delta-storage-3.1.0.jar with timestamp 1749310455853
[2025-06-07T15:34:16.200+0000] {spark_submit.py:644} INFO - 25/06/07 15:34:16 INFO SparkContext: Added JAR file:///home/***/.ivy2/jars/org.antlr_antlr4-runtime-4.9.3.jar at spark://a8930d57bcb9:41217/jars/org.antlr_antlr4-runtime-4.9.3.jar with timestamp 1749310455853
[2025-06-07T15:34:16.201+0000] {spark_submit.py:644} INFO - 25/06/07 15:34:16 INFO SparkContext: Added file file:///home/***/.ivy2/jars/org.apache.hadoop_hadoop-aws-3.3.4.jar at spark://a8930d57bcb9:41217/files/org.apache.hadoop_hadoop-aws-3.3.4.jar with timestamp 1749310455853
[2025-06-07T15:34:16.202+0000] {spark_submit.py:644} INFO - 25/06/07 15:34:16 INFO Utils: Copying /home/***/.ivy2/jars/org.apache.hadoop_hadoop-aws-3.3.4.jar to /tmp/spark-43201782-6cb1-4e6d-872e-29d11aa06bf6/userFiles-d683eaa7-a17d-48bd-9801-98b317a8c7cf/org.apache.hadoop_hadoop-aws-3.3.4.jar
[2025-06-07T15:34:16.207+0000] {spark_submit.py:644} INFO - 25/06/07 15:34:16 INFO SparkContext: Added file file:///home/***/.ivy2/jars/com.amazonaws_aws-java-sdk-bundle-1.12.262.jar at spark://a8930d57bcb9:41217/files/com.amazonaws_aws-java-sdk-bundle-1.12.262.jar with timestamp 1749310455853
[2025-06-07T15:34:16.208+0000] {spark_submit.py:644} INFO - 25/06/07 15:34:16 INFO Utils: Copying /home/***/.ivy2/jars/com.amazonaws_aws-java-sdk-bundle-1.12.262.jar to /tmp/spark-43201782-6cb1-4e6d-872e-29d11aa06bf6/userFiles-d683eaa7-a17d-48bd-9801-98b317a8c7cf/com.amazonaws_aws-java-sdk-bundle-1.12.262.jar
[2025-06-07T15:34:16.406+0000] {spark_submit.py:644} INFO - 25/06/07 15:34:16 INFO SparkContext: Added file file:///home/***/.ivy2/jars/io.delta_delta-spark_2.12-3.1.0.jar at spark://a8930d57bcb9:41217/files/io.delta_delta-spark_2.12-3.1.0.jar with timestamp 1749310455853
[2025-06-07T15:34:16.410+0000] {spark_submit.py:644} INFO - 25/06/07 15:34:16 INFO Utils: Copying /home/***/.ivy2/jars/io.delta_delta-spark_2.12-3.1.0.jar to /tmp/spark-43201782-6cb1-4e6d-872e-29d11aa06bf6/userFiles-d683eaa7-a17d-48bd-9801-98b317a8c7cf/io.delta_delta-spark_2.12-3.1.0.jar
[2025-06-07T15:34:16.417+0000] {spark_submit.py:644} INFO - 25/06/07 15:34:16 INFO SparkContext: Added file file:///home/***/.ivy2/jars/org.wildfly.openssl_wildfly-openssl-1.0.7.Final.jar at spark://a8930d57bcb9:41217/files/org.wildfly.openssl_wildfly-openssl-1.0.7.Final.jar with timestamp 1749310455853
[2025-06-07T15:34:16.418+0000] {spark_submit.py:644} INFO - 25/06/07 15:34:16 INFO Utils: Copying /home/***/.ivy2/jars/org.wildfly.openssl_wildfly-openssl-1.0.7.Final.jar to /tmp/spark-43201782-6cb1-4e6d-872e-29d11aa06bf6/userFiles-d683eaa7-a17d-48bd-9801-98b317a8c7cf/org.wildfly.openssl_wildfly-openssl-1.0.7.Final.jar
[2025-06-07T15:34:16.419+0000] {spark_submit.py:644} INFO - 25/06/07 15:34:16 INFO SparkContext: Added file file:///home/***/.ivy2/jars/io.delta_delta-storage-3.1.0.jar at spark://a8930d57bcb9:41217/files/io.delta_delta-storage-3.1.0.jar with timestamp 1749310455853
[2025-06-07T15:34:16.420+0000] {spark_submit.py:644} INFO - 25/06/07 15:34:16 INFO Utils: Copying /home/***/.ivy2/jars/io.delta_delta-storage-3.1.0.jar to /tmp/spark-43201782-6cb1-4e6d-872e-29d11aa06bf6/userFiles-d683eaa7-a17d-48bd-9801-98b317a8c7cf/io.delta_delta-storage-3.1.0.jar
[2025-06-07T15:34:16.422+0000] {spark_submit.py:644} INFO - 25/06/07 15:34:16 INFO SparkContext: Added file file:///home/***/.ivy2/jars/org.antlr_antlr4-runtime-4.9.3.jar at spark://a8930d57bcb9:41217/files/org.antlr_antlr4-runtime-4.9.3.jar with timestamp 1749310455853
[2025-06-07T15:34:16.422+0000] {spark_submit.py:644} INFO - 25/06/07 15:34:16 INFO Utils: Copying /home/***/.ivy2/jars/org.antlr_antlr4-runtime-4.9.3.jar to /tmp/spark-43201782-6cb1-4e6d-872e-29d11aa06bf6/userFiles-d683eaa7-a17d-48bd-9801-98b317a8c7cf/org.antlr_antlr4-runtime-4.9.3.jar
[2025-06-07T15:34:16.474+0000] {spark_submit.py:644} INFO - 25/06/07 15:34:16 INFO StandaloneAppClient$ClientEndpoint: Connecting to master spark://spark-master:7077...
[2025-06-07T15:34:16.497+0000] {spark_submit.py:644} INFO - 25/06/07 15:34:16 INFO TransportClientFactory: Successfully created connection to spark-master/172.19.0.5:7077 after 12 ms (0 ms spent in bootstraps)
[2025-06-07T15:34:16.573+0000] {spark_submit.py:644} INFO - 25/06/07 15:34:16 INFO StandaloneSchedulerBackend: Connected to Spark cluster with app ID app-20250607153416-0000
[2025-06-07T15:34:16.575+0000] {spark_submit.py:644} INFO - 25/06/07 15:34:16 INFO Utils: Successfully started service 'org.apache.spark.network.netty.NettyBlockTransferService' on port 42105.
[2025-06-07T15:34:16.575+0000] {spark_submit.py:644} INFO - 25/06/07 15:34:16 INFO NettyBlockTransferService: Server created on a8930d57bcb9:42105
[2025-06-07T15:34:16.576+0000] {spark_submit.py:644} INFO - 25/06/07 15:34:16 INFO BlockManager: Using org.apache.spark.storage.RandomBlockReplicationPolicy for block replication policy
[2025-06-07T15:34:16.579+0000] {spark_submit.py:644} INFO - 25/06/07 15:34:16 INFO BlockManagerMaster: Registering BlockManager BlockManagerId(driver, a8930d57bcb9, 42105, None)
[2025-06-07T15:34:16.582+0000] {spark_submit.py:644} INFO - 25/06/07 15:34:16 INFO StandaloneAppClient$ClientEndpoint: Executor added: app-20250607153416-0000/0 on worker-20250607153043-172.19.0.7-40239 (172.19.0.7:40239) with 4 core(s)
[2025-06-07T15:34:16.582+0000] {spark_submit.py:644} INFO - 25/06/07 15:34:16 INFO BlockManagerMasterEndpoint: Registering block manager a8930d57bcb9:42105 with 434.4 MiB RAM, BlockManagerId(driver, a8930d57bcb9, 42105, None)
[2025-06-07T15:34:16.583+0000] {spark_submit.py:644} INFO - 25/06/07 15:34:16 INFO StandaloneSchedulerBackend: Granted executor ID app-20250607153416-0000/0 on hostPort 172.19.0.7:40239 with 4 core(s), 2.0 GiB RAM
[2025-06-07T15:34:16.583+0000] {spark_submit.py:644} INFO - 25/06/07 15:34:16 INFO BlockManagerMaster: Registered BlockManager BlockManagerId(driver, a8930d57bcb9, 42105, None)
[2025-06-07T15:34:16.584+0000] {spark_submit.py:644} INFO - 25/06/07 15:34:16 INFO BlockManager: Initialized BlockManager: BlockManagerId(driver, a8930d57bcb9, 42105, None)
[2025-06-07T15:34:16.687+0000] {spark_submit.py:644} INFO - 25/06/07 15:34:16 INFO StandaloneSchedulerBackend: SchedulerBackend is ready for scheduling beginning after reached minRegisteredResourcesRatio: 0.0
[2025-06-07T15:34:16.815+0000] {spark_submit.py:644} INFO - 25/06/07 15:34:16 INFO StandaloneAppClient$ClientEndpoint: Executor updated: app-20250607153416-0000/0 is now RUNNING
[2025-06-07T15:34:16.829+0000] {spark_submit.py:644} INFO - Bronze Ingestion: Spark session created.
[2025-06-07T15:34:16.834+0000] {spark_submit.py:644} INFO - 25/06/07 15:34:16 INFO SharedState: Setting hive.metastore.warehouse.dir ('null') to the value of spark.sql.warehouse.dir.
[2025-06-07T15:34:16.835+0000] {spark_submit.py:644} INFO - 25/06/07 15:34:16 INFO SharedState: Warehouse path is 'file:/tmp/spark-warehouse'.
[2025-06-07T15:34:17.320+0000] {spark_submit.py:644} INFO - 25/06/07 15:34:17 INFO InMemoryFileIndex: It took 20 ms to list leaf files for 1 paths.
[2025-06-07T15:34:17.734+0000] {spark_submit.py:644} INFO - Successfully loaded Stephen Curry stats from: /opt/***/data/Stephen Curry Stats.parquet
[2025-06-07T15:34:17.991+0000] {spark_submit.py:644} INFO - 25/06/07 15:34:17 WARN SparkStringUtils: Truncated the string representation of a plan since it was too large. This behavior can be adjusted by setting 'spark.sql.debug.maxToStringFields'.
[2025-06-07T15:34:18.027+0000] {spark_submit.py:644} INFO - 25/06/07 15:34:18 INFO StandaloneSchedulerBackend$StandaloneDriverEndpoint: Registered executor NettyRpcEndpointRef(spark-client://Executor) (172.19.0.7:44744) with ID 0,  ResourceProfileId 0
[2025-06-07T15:34:18.071+0000] {spark_submit.py:644} INFO - 25/06/07 15:34:18 INFO BlockManagerMasterEndpoint: Registering block manager 172.19.0.7:37887 with 1048.8 MiB RAM, BlockManagerId(0, 172.19.0.7, 37887, None)
[2025-06-07T15:34:18.094+0000] {spark_submit.py:644} INFO - 25/06/07 15:34:18 WARN MetricsConfig: Cannot locate configuration: tried hadoop-metrics2-s3a-file-system.properties,hadoop-metrics2.properties
[2025-06-07T15:34:18.105+0000] {spark_submit.py:644} INFO - 25/06/07 15:34:18 INFO MetricsSystemImpl: Scheduled Metric snapshot period at 10 second(s).
[2025-06-07T15:34:18.105+0000] {spark_submit.py:644} INFO - 25/06/07 15:34:18 INFO MetricsSystemImpl: s3a-file-system metrics system started
[2025-06-07T15:34:18.558+0000] {spark_submit.py:644} INFO - 25/06/07 15:34:18 INFO DelegatingLogStore: LogStore `LogStoreAdapter(io.delta.storage.S3SingleDriverLogStore)` is used for scheme `s3a`
[2025-06-07T15:34:18.673+0000] {spark_submit.py:644} INFO - 25/06/07 15:34:18 INFO DeltaLog: Creating initial snapshot without metadata, because the directory is empty
[2025-06-07T15:34:19.413+0000] {spark_submit.py:644} INFO - 25/06/07 15:34:19 INFO InitialSnapshot: [tableId=c4fda551-5ce2-403c-907f-01fdee6aa332] Created snapshot InitialSnapshot(path=s3a://mybucket/sc_stats_db/bronze/raw_data/_delta_log, version=-1, metadata=Metadata(b46b4887-8ff3-4257-92cb-43a06c552e9e,null,null,Format(parquet,Map()),null,List(),Map(),Some(1749310459409)), logSegment=LogSegment(s3a://mybucket/sc_stats_db/bronze/raw_data/_delta_log,-1,List(),org.apache.spark.sql.delta.EmptyCheckpointProvider$@949666c,-1), checksumOpt=None)
[2025-06-07T15:34:19.456+0000] {spark_submit.py:644} INFO - 25/06/07 15:34:19 INFO DeltaLog: No delta log found for the Delta table at s3a://mybucket/sc_stats_db/bronze/raw_data/_delta_log
[2025-06-07T15:34:19.456+0000] {spark_submit.py:644} INFO - 25/06/07 15:34:19 INFO InitialSnapshot: [tableId=b46b4887-8ff3-4257-92cb-43a06c552e9e] Created snapshot InitialSnapshot(path=s3a://mybucket/sc_stats_db/bronze/raw_data/_delta_log, version=-1, metadata=Metadata(8de7859a-8efb-4f3a-84c1-d0aaed953893,null,null,Format(parquet,Map()),null,List(),Map(),Some(1749310459456)), logSegment=LogSegment(s3a://mybucket/sc_stats_db/bronze/raw_data/_delta_log,-1,List(),org.apache.spark.sql.delta.EmptyCheckpointProvider$@949666c,-1), checksumOpt=None)
[2025-06-07T15:34:19.556+0000] {spark_submit.py:644} INFO - 25/06/07 15:34:19 INFO OptimisticTransaction: [tableId=8de7859a,txnId=e9a8c008] Updated metadata from - to Metadata(5e615861-7cc9-42a0-a52d-f756bf7aff21,null,null,Format(parquet,Map()),{"type":"struct","fields":[{"name":"Season_year","type":"string","nullable":true,"metadata":{}},{"name":"Season_div","type":"string","nullable":true,"metadata":{}},{"name":"Date","type":"string","nullable":true,"metadata":{}},{"name":"OPP","type":"string","nullable":true,"metadata":{}},{"name":"Result","type":"string","nullable":true,"metadata":{}},{"name":"T_Score","type":"long","nullable":true,"metadata":{}},{"name":"O_Score","type":"long","nullable":true,"metadata":{}},{"name":"MIN","type":"double","nullable":true,"metadata":{}},{"name":"FG","type":"string","nullable":true,"metadata":{}},{"name":"FGM","type":"long","nullable":true,"metadata":{}},{"name":"FGA","type":"long","nullable":true,"metadata":{}},{"name":"FG_Percentage","type":"double","nullable":true,"metadata":{}},{"name":"3PT","type":"string","nullable":true,"metadata":{}},{"name":"3PTM","type":"long","nullable":true,"metadata":{}},{"name":"3PTA","type":"long","nullable":true,"metadata":{}},{"name":"3P_Percentage","type":"double","nullable":true,"metadata":{}},{"name":"FT","type":"string","nullable":true,"metadata":{}},{"name":"FTM","type":"long","nullable":true,"metadata":{}},{"name":"FTA","type":"long","nullable":true,"metadata":{}},{"name":"FT_Percentage","type":"double","nullable":true,"metadata":{}},{"name":"REB","type":"long","nullable":true,"metadata":{}},{"name":"AST","type":"long","nullable":true,"metadata":{}},{"name":"BLK","type":"long","nullable":true,"metadata":{}},{"name":"STL","type":"long","nullable":true,"metadata":{}},{"name":"PF","type":"long","nullable":true,"metadata":{}},{"name":"TO","type":"long","nullable":true,"metadata":{}},{"name":"PTS","type":"long","nullable":true,"metadata":{}}]},List(),Map(),Some(1749310459541))
[2025-06-07T15:34:19.860+0000] {spark_submit.py:644} INFO - 25/06/07 15:34:19 INFO FileSourceStrategy: Pushed Filters:
[2025-06-07T15:34:19.860+0000] {spark_submit.py:644} INFO - 25/06/07 15:34:19 INFO FileSourceStrategy: Post-Scan Filters:
[2025-06-07T15:34:19.895+0000] {spark_submit.py:644} INFO - 25/06/07 15:34:19 INFO ParquetUtils: Using default output committer for Parquet: org.apache.parquet.hadoop.ParquetOutputCommitter
[2025-06-07T15:34:20.110+0000] {spark_submit.py:644} INFO - 25/06/07 15:34:20 INFO CodeGenerator: Code generated in 125.536834 ms
[2025-06-07T15:34:20.141+0000] {spark_submit.py:644} INFO - 25/06/07 15:34:20 INFO MemoryStore: Block broadcast_0 stored as values in memory (estimated size 209.9 KiB, free 434.2 MiB)
[2025-06-07T15:34:20.168+0000] {spark_submit.py:644} INFO - 25/06/07 15:34:20 INFO MemoryStore: Block broadcast_0_piece0 stored as bytes in memory (estimated size 37.0 KiB, free 434.2 MiB)
[2025-06-07T15:34:20.169+0000] {spark_submit.py:644} INFO - 25/06/07 15:34:20 INFO BlockManagerInfo: Added broadcast_0_piece0 in memory on a8930d57bcb9:42105 (size: 37.0 KiB, free: 434.4 MiB)
[2025-06-07T15:34:20.172+0000] {spark_submit.py:644} INFO - 25/06/07 15:34:20 INFO SparkContext: Created broadcast 0 from save at NativeMethodAccessorImpl.java:0
[2025-06-07T15:34:20.185+0000] {spark_submit.py:644} INFO - 25/06/07 15:34:20 INFO FileSourceScanExec: Planning scan with bin packing, max size: 4194304 bytes, open cost is considered as scanning 4194304 bytes.
[2025-06-07T15:34:20.271+0000] {spark_submit.py:644} INFO - 25/06/07 15:34:20 INFO SparkContext: Starting job: save at NativeMethodAccessorImpl.java:0
[2025-06-07T15:34:20.278+0000] {spark_submit.py:644} INFO - 25/06/07 15:34:20 INFO DAGScheduler: Got job 0 (save at NativeMethodAccessorImpl.java:0) with 1 output partitions
[2025-06-07T15:34:20.279+0000] {spark_submit.py:644} INFO - 25/06/07 15:34:20 INFO DAGScheduler: Final stage: ResultStage 0 (save at NativeMethodAccessorImpl.java:0)
[2025-06-07T15:34:20.279+0000] {spark_submit.py:644} INFO - 25/06/07 15:34:20 INFO DAGScheduler: Parents of final stage: List()
[2025-06-07T15:34:20.279+0000] {spark_submit.py:644} INFO - 25/06/07 15:34:20 INFO DAGScheduler: Missing parents: List()
[2025-06-07T15:34:20.281+0000] {spark_submit.py:644} INFO - 25/06/07 15:34:20 INFO DAGScheduler: Submitting ResultStage 0 (MapPartitionsRDD[2] at save at NativeMethodAccessorImpl.java:0), which has no missing parents
[2025-06-07T15:34:20.333+0000] {spark_submit.py:644} INFO - 25/06/07 15:34:20 INFO MemoryStore: Block broadcast_1 stored as values in memory (estimated size 387.0 KiB, free 433.8 MiB)
[2025-06-07T15:34:20.338+0000] {spark_submit.py:644} INFO - 25/06/07 15:34:20 INFO MemoryStore: Block broadcast_1_piece0 stored as bytes in memory (estimated size 133.0 KiB, free 433.7 MiB)
[2025-06-07T15:34:20.342+0000] {spark_submit.py:644} INFO - 25/06/07 15:34:20 INFO BlockManagerInfo: Added broadcast_1_piece0 in memory on a8930d57bcb9:42105 (size: 133.0 KiB, free: 434.2 MiB)
[2025-06-07T15:34:20.346+0000] {spark_submit.py:644} INFO - 25/06/07 15:34:20 INFO SparkContext: Created broadcast 1 from broadcast at DAGScheduler.scala:1585
[2025-06-07T15:34:20.348+0000] {spark_submit.py:644} INFO - 25/06/07 15:34:20 INFO DAGScheduler: Submitting 1 missing tasks from ResultStage 0 (MapPartitionsRDD[2] at save at NativeMethodAccessorImpl.java:0) (first 15 tasks are for partitions Vector(0))
[2025-06-07T15:34:20.348+0000] {spark_submit.py:644} INFO - 25/06/07 15:34:20 INFO TaskSchedulerImpl: Adding task set 0.0 with 1 tasks resource profile 0
[2025-06-07T15:34:20.365+0000] {spark_submit.py:644} INFO - 25/06/07 15:34:20 INFO TaskSetManager: Starting task 0.0 in stage 0.0 (TID 0) (172.19.0.7, executor 0, partition 0, PROCESS_LOCAL, 10805 bytes)
[2025-06-07T15:34:20.495+0000] {spark_submit.py:644} INFO - 25/06/07 15:34:20 INFO BlockManagerInfo: Added broadcast_1_piece0 in memory on 172.19.0.7:37887 (size: 133.0 KiB, free: 1048.7 MiB)
[2025-06-07T15:34:22.247+0000] {spark_submit.py:644} INFO - 25/06/07 15:34:22 INFO BlockManagerInfo: Added broadcast_0_piece0 in memory on 172.19.0.7:37887 (size: 37.0 KiB, free: 1048.6 MiB)
[2025-06-07T15:34:23.248+0000] {spark_submit.py:644} INFO - 25/06/07 15:34:23 INFO TaskSetManager: Finished task 0.0 in stage 0.0 (TID 0) in 2889 ms on 172.19.0.7 (executor 0) (1/1)
[2025-06-07T15:34:23.250+0000] {spark_submit.py:644} INFO - 25/06/07 15:34:23 INFO TaskSchedulerImpl: Removed TaskSet 0.0, whose tasks have all completed, from pool
[2025-06-07T15:34:23.253+0000] {spark_submit.py:644} INFO - 25/06/07 15:34:23 INFO DAGScheduler: ResultStage 0 (save at NativeMethodAccessorImpl.java:0) finished in 2.967 s
[2025-06-07T15:34:23.255+0000] {spark_submit.py:644} INFO - 25/06/07 15:34:23 INFO DAGScheduler: Job 0 is finished. Cancelling potential speculative or zombie tasks for this job
[2025-06-07T15:34:23.255+0000] {spark_submit.py:644} INFO - 25/06/07 15:34:23 INFO TaskSchedulerImpl: Killing all running tasks in stage 0: Stage finished
[2025-06-07T15:34:23.257+0000] {spark_submit.py:644} INFO - 25/06/07 15:34:23 INFO DAGScheduler: Job 0 finished: save at NativeMethodAccessorImpl.java:0, took 2.985533 s
[2025-06-07T15:34:23.258+0000] {spark_submit.py:644} INFO - 25/06/07 15:34:23 INFO DeltaFileFormatWriter: Start to commit write Job 459e4d6e-f545-4ae1-b77f-e763d56ae561.
[2025-06-07T15:34:23.259+0000] {spark_submit.py:644} INFO - 25/06/07 15:34:23 INFO DeltaFileFormatWriter: Write Job 459e4d6e-f545-4ae1-b77f-e763d56ae561 committed. Elapsed time: 0 ms.
[2025-06-07T15:34:23.261+0000] {spark_submit.py:644} INFO - 25/06/07 15:34:23 INFO DeltaFileFormatWriter: Finished processing stats for write job 459e4d6e-f545-4ae1-b77f-e763d56ae561.
[2025-06-07T15:34:23.806+0000] {spark_submit.py:644} INFO - 25/06/07 15:34:23 INFO BlockManagerInfo: Removed broadcast_1_piece0 on a8930d57bcb9:42105 in memory (size: 133.0 KiB, free: 434.4 MiB)
[2025-06-07T15:34:23.807+0000] {spark_submit.py:644} INFO - 25/06/07 15:34:23 INFO BlockManagerInfo: Removed broadcast_1_piece0 on 172.19.0.7:37887 in memory (size: 133.0 KiB, free: 1048.8 MiB)
[2025-06-07T15:34:23.957+0000] {spark_submit.py:644} INFO - 25/06/07 15:34:23 INFO CodeGenerator: Code generated in 141.639417 ms
[2025-06-07T15:34:23.990+0000] {spark_submit.py:644} INFO - 25/06/07 15:34:23 INFO SparkContext: Starting job: $anonfun$recordDeltaOperationInternal$1 at DatabricksLogging.scala:128
[2025-06-07T15:34:23.991+0000] {spark_submit.py:644} INFO - 25/06/07 15:34:23 INFO DAGScheduler: Job 1 finished: $anonfun$recordDeltaOperationInternal$1 at DatabricksLogging.scala:128, took 0.000190 s
[2025-06-07T15:34:24.031+0000] {spark_submit.py:644} INFO - 25/06/07 15:34:24 INFO OptimisticTransaction: [tableId=8de7859a,txnId=e9a8c008] Attempting to commit version 0 with 4 actions with Serializable isolation level
[2025-06-07T15:34:24.174+0000] {spark_submit.py:644} INFO - 25/06/07 15:34:24 INFO DeltaLog: Creating a new snapshot v0 for commit version 0
[2025-06-07T15:34:24.174+0000] {spark_submit.py:644} INFO - 25/06/07 15:34:24 INFO DeltaLog: Loading version 0.
[2025-06-07T15:34:24.182+0000] {spark_submit.py:644} INFO - 25/06/07 15:34:24 INFO DeltaLogFileIndex: Created DeltaLogFileIndex(JSON, numFilesInSegment: 1, totalFileSize: 3839)
[2025-06-07T15:34:24.237+0000] {spark_submit.py:644} INFO - 25/06/07 15:34:24 INFO DataSourceStrategy: Pruning directories with:
[2025-06-07T15:34:24.240+0000] {spark_submit.py:644} INFO - 25/06/07 15:34:24 INFO FileSourceStrategy: Pushed Filters:
[2025-06-07T15:34:24.240+0000] {spark_submit.py:644} INFO - 25/06/07 15:34:24 INFO FileSourceStrategy: Post-Scan Filters: (isnotnull(protocol#610.minReaderVersion) OR isnotnull(metaData#609.id))
[2025-06-07T15:34:24.273+0000] {spark_submit.py:644} INFO - 25/06/07 15:34:24 INFO CodeGenerator: Code generated in 21.6175 ms
[2025-06-07T15:34:24.277+0000] {spark_submit.py:644} INFO - 25/06/07 15:34:24 INFO MemoryStore: Block broadcast_2 stored as values in memory (estimated size 205.5 KiB, free 434.0 MiB)
[2025-06-07T15:34:24.282+0000] {spark_submit.py:644} INFO - 25/06/07 15:34:24 INFO MemoryStore: Block broadcast_2_piece0 stored as bytes in memory (estimated size 36.1 KiB, free 433.9 MiB)
[2025-06-07T15:34:24.282+0000] {spark_submit.py:644} INFO - 25/06/07 15:34:24 INFO BlockManagerInfo: Added broadcast_2_piece0 in memory on a8930d57bcb9:42105 (size: 36.1 KiB, free: 434.3 MiB)
[2025-06-07T15:34:24.283+0000] {spark_submit.py:644} INFO - 25/06/07 15:34:24 INFO SparkContext: Created broadcast 2 from toString at String.java:4220
[2025-06-07T15:34:24.293+0000] {spark_submit.py:644} INFO - 25/06/07 15:34:24 INFO FileSourceScanExec: Planning scan with bin packing, max size: 4194304 bytes, open cost is considered as scanning 4194304 bytes.
[2025-06-07T15:34:24.321+0000] {spark_submit.py:644} INFO - 25/06/07 15:34:24 INFO SparkContext: Starting job: toString at String.java:4220
[2025-06-07T15:34:24.322+0000] {spark_submit.py:644} INFO - 25/06/07 15:34:24 INFO DAGScheduler: Got job 2 (toString at String.java:4220) with 1 output partitions
[2025-06-07T15:34:24.323+0000] {spark_submit.py:644} INFO - 25/06/07 15:34:24 INFO DAGScheduler: Final stage: ResultStage 1 (toString at String.java:4220)
[2025-06-07T15:34:24.323+0000] {spark_submit.py:644} INFO - 25/06/07 15:34:24 INFO DAGScheduler: Parents of final stage: List()
[2025-06-07T15:34:24.323+0000] {spark_submit.py:644} INFO - 25/06/07 15:34:24 INFO DAGScheduler: Missing parents: List()
[2025-06-07T15:34:24.323+0000] {spark_submit.py:644} INFO - 25/06/07 15:34:24 INFO DAGScheduler: Submitting ResultStage 1 (MapPartitionsRDD[10] at toString at String.java:4220), which has no missing parents
[2025-06-07T15:34:24.325+0000] {spark_submit.py:644} INFO - 25/06/07 15:34:24 INFO MemoryStore: Block broadcast_3 stored as values in memory (estimated size 40.0 KiB, free 433.9 MiB)
[2025-06-07T15:34:24.326+0000] {spark_submit.py:644} INFO - 25/06/07 15:34:24 INFO MemoryStore: Block broadcast_3_piece0 stored as bytes in memory (estimated size 13.7 KiB, free 433.9 MiB)
[2025-06-07T15:34:24.326+0000] {spark_submit.py:644} INFO - 25/06/07 15:34:24 INFO BlockManagerInfo: Added broadcast_3_piece0 in memory on a8930d57bcb9:42105 (size: 13.7 KiB, free: 434.3 MiB)
[2025-06-07T15:34:24.327+0000] {spark_submit.py:644} INFO - 25/06/07 15:34:24 INFO SparkContext: Created broadcast 3 from broadcast at DAGScheduler.scala:1585
[2025-06-07T15:34:24.327+0000] {spark_submit.py:644} INFO - 25/06/07 15:34:24 INFO DAGScheduler: Submitting 1 missing tasks from ResultStage 1 (MapPartitionsRDD[10] at toString at String.java:4220) (first 15 tasks are for partitions Vector(0))
[2025-06-07T15:34:24.327+0000] {spark_submit.py:644} INFO - 25/06/07 15:34:24 INFO TaskSchedulerImpl: Adding task set 1.0 with 1 tasks resource profile 0
[2025-06-07T15:34:24.328+0000] {spark_submit.py:644} INFO - 25/06/07 15:34:24 INFO TaskSetManager: Starting task 0.0 in stage 1.0 (TID 1) (172.19.0.7, executor 0, partition 0, PROCESS_LOCAL, 10842 bytes)
[2025-06-07T15:34:24.344+0000] {spark_submit.py:644} INFO - 25/06/07 15:34:24 INFO BlockManagerInfo: Added broadcast_3_piece0 in memory on 172.19.0.7:37887 (size: 13.7 KiB, free: 1048.8 MiB)
[2025-06-07T15:34:24.451+0000] {spark_submit.py:644} INFO - 25/06/07 15:34:24 INFO BlockManagerInfo: Added broadcast_2_piece0 in memory on 172.19.0.7:37887 (size: 36.1 KiB, free: 1048.7 MiB)
[2025-06-07T15:34:24.553+0000] {spark_submit.py:644} INFO - 25/06/07 15:34:24 INFO TaskSetManager: Finished task 0.0 in stage 1.0 (TID 1) in 225 ms on 172.19.0.7 (executor 0) (1/1)
[2025-06-07T15:34:24.554+0000] {spark_submit.py:644} INFO - 25/06/07 15:34:24 INFO TaskSchedulerImpl: Removed TaskSet 1.0, whose tasks have all completed, from pool
[2025-06-07T15:34:24.555+0000] {spark_submit.py:644} INFO - 25/06/07 15:34:24 INFO DAGScheduler: ResultStage 1 (toString at String.java:4220) finished in 0.230 s
[2025-06-07T15:34:24.555+0000] {spark_submit.py:644} INFO - 25/06/07 15:34:24 INFO DAGScheduler: Job 2 is finished. Cancelling potential speculative or zombie tasks for this job
[2025-06-07T15:34:24.555+0000] {spark_submit.py:644} INFO - 25/06/07 15:34:24 INFO TaskSchedulerImpl: Killing all running tasks in stage 1: Stage finished
[2025-06-07T15:34:24.555+0000] {spark_submit.py:644} INFO - 25/06/07 15:34:24 INFO DAGScheduler: Job 2 finished: toString at String.java:4220, took 0.232989 s
[2025-06-07T15:34:24.591+0000] {spark_submit.py:644} INFO - 25/06/07 15:34:24 INFO CodeGenerator: Code generated in 21.809667 ms
[2025-06-07T15:34:24.598+0000] {spark_submit.py:644} INFO - 25/06/07 15:34:24 INFO Snapshot: [tableId=8de7859a-8efb-4f3a-84c1-d0aaed953893] Created snapshot Snapshot(path=s3a://mybucket/sc_stats_db/bronze/raw_data/_delta_log, version=0, metadata=Metadata(5e615861-7cc9-42a0-a52d-f756bf7aff21,null,null,Format(parquet,Map()),{"type":"struct","fields":[{"name":"Season_year","type":"string","nullable":true,"metadata":{}},{"name":"Season_div","type":"string","nullable":true,"metadata":{}},{"name":"Date","type":"string","nullable":true,"metadata":{}},{"name":"OPP","type":"string","nullable":true,"metadata":{}},{"name":"Result","type":"string","nullable":true,"metadata":{}},{"name":"T_Score","type":"long","nullable":true,"metadata":{}},{"name":"O_Score","type":"long","nullable":true,"metadata":{}},{"name":"MIN","type":"double","nullable":true,"metadata":{}},{"name":"FG","type":"string","nullable":true,"metadata":{}},{"name":"FGM","type":"long","nullable":true,"metadata":{}},{"name":"FGA","type":"long","nullable":true,"metadata":{}},{"name":"FG_Percentage","type":"double","nullable":true,"metadata":{}},{"name":"3PT","type":"string","nullable":true,"metadata":{}},{"name":"3PTM","type":"long","nullable":true,"metadata":{}},{"name":"3PTA","type":"long","nullable":true,"metadata":{}},{"name":"3P_Percentage","type":"double","nullable":true,"metadata":{}},{"name":"FT","type":"string","nullable":true,"metadata":{}},{"name":"FTM","type":"long","nullable":true,"metadata":{}},{"name":"FTA","type":"long","nullable":true,"metadata":{}},{"name":"FT_Percentage","type":"double","nullable":true,"metadata":{}},{"name":"REB","type":"long","nullable":true,"metadata":{}},{"name":"AST","type":"long","nullable":true,"metadata":{}},{"name":"BLK","type":"long","nullable":true,"metadata":{}},{"name":"STL","type":"long","nullable":true,"metadata":{}},{"name":"PF","type":"long","nullable":true,"metadata":{}},{"name":"TO","type":"long","nullable":true,"metadata":{}},{"name":"PTS","type":"long","nullable":true,"metadata":{}}]},List(),Map(),Some(1749310459541)), logSegment=LogSegment(s3a://mybucket/sc_stats_db/bronze/raw_data/_delta_log,0,WrappedArray(S3AFileStatus{path=s3a://mybucket/sc_stats_db/bronze/raw_data/_delta_log/00000000000000000000.json; isDirectory=false; length=3839; replication=1; blocksize=33554432; modification_time=1749310464144; access_time=0; owner=***; group=***; permission=rw-rw-rw-; isSymlink=false; hasAcl=false; isEncrypted=true; isErasureCoded=false} isEmptyDirectory=FALSE eTag=a7fa53dd2bf3a2030d03eebed6018450 versionId=null),org.apache.spark.sql.delta.EmptyCheckpointProvider$@949666c,1749310464144), checksumOpt=None)
[2025-06-07T15:34:24.599+0000] {spark_submit.py:644} INFO - 25/06/07 15:34:24 INFO DeltaLog: Updated snapshot to Snapshot(path=s3a://mybucket/sc_stats_db/bronze/raw_data/_delta_log, version=0, metadata=Metadata(5e615861-7cc9-42a0-a52d-f756bf7aff21,null,null,Format(parquet,Map()),{"type":"struct","fields":[{"name":"Season_year","type":"string","nullable":true,"metadata":{}},{"name":"Season_div","type":"string","nullable":true,"metadata":{}},{"name":"Date","type":"string","nullable":true,"metadata":{}},{"name":"OPP","type":"string","nullable":true,"metadata":{}},{"name":"Result","type":"string","nullable":true,"metadata":{}},{"name":"T_Score","type":"long","nullable":true,"metadata":{}},{"name":"O_Score","type":"long","nullable":true,"metadata":{}},{"name":"MIN","type":"double","nullable":true,"metadata":{}},{"name":"FG","type":"string","nullable":true,"metadata":{}},{"name":"FGM","type":"long","nullable":true,"metadata":{}},{"name":"FGA","type":"long","nullable":true,"metadata":{}},{"name":"FG_Percentage","type":"double","nullable":true,"metadata":{}},{"name":"3PT","type":"string","nullable":true,"metadata":{}},{"name":"3PTM","type":"long","nullable":true,"metadata":{}},{"name":"3PTA","type":"long","nullable":true,"metadata":{}},{"name":"3P_Percentage","type":"double","nullable":true,"metadata":{}},{"name":"FT","type":"string","nullable":true,"metadata":{}},{"name":"FTM","type":"long","nullable":true,"metadata":{}},{"name":"FTA","type":"long","nullable":true,"metadata":{}},{"name":"FT_Percentage","type":"double","nullable":true,"metadata":{}},{"name":"REB","type":"long","nullable":true,"metadata":{}},{"name":"AST","type":"long","nullable":true,"metadata":{}},{"name":"BLK","type":"long","nullable":true,"metadata":{}},{"name":"STL","type":"long","nullable":true,"metadata":{}},{"name":"PF","type":"long","nullable":true,"metadata":{}},{"name":"TO","type":"long","nullable":true,"metadata":{}},{"name":"PTS","type":"long","nullable":true,"metadata":{}}]},List(),Map(),Some(1749310459541)), logSegment=LogSegment(s3a://mybucket/sc_stats_db/bronze/raw_data/_delta_log,0,WrappedArray(S3AFileStatus{path=s3a://mybucket/sc_stats_db/bronze/raw_data/_delta_log/00000000000000000000.json; isDirectory=false; length=3839; replication=1; blocksize=33554432; modification_time=1749310464144; access_time=0; owner=***; group=***; permission=rw-rw-rw-; isSymlink=false; hasAcl=false; isEncrypted=true; isErasureCoded=false} isEmptyDirectory=FALSE eTag=a7fa53dd2bf3a2030d03eebed6018450 versionId=null),org.apache.spark.sql.delta.EmptyCheckpointProvider$@949666c,1749310464144), checksumOpt=None)
[2025-06-07T15:34:24.604+0000] {spark_submit.py:644} INFO - 25/06/07 15:34:24 INFO Snapshot: [tableId=5e615861-7cc9-42a0-a52d-f756bf7aff21] DELTA: Compute snapshot for version: 0
[2025-06-07T15:34:24.612+0000] {spark_submit.py:644} INFO - 25/06/07 15:34:24 INFO MemoryStore: Block broadcast_4 stored as values in memory (estimated size 205.2 KiB, free 433.7 MiB)
[2025-06-07T15:34:24.619+0000] {spark_submit.py:644} INFO - 25/06/07 15:34:24 INFO MemoryStore: Block broadcast_4_piece0 stored as bytes in memory (estimated size 36.0 KiB, free 433.6 MiB)
[2025-06-07T15:34:24.619+0000] {spark_submit.py:644} INFO - 25/06/07 15:34:24 INFO BlockManagerInfo: Added broadcast_4_piece0 in memory on a8930d57bcb9:42105 (size: 36.0 KiB, free: 434.3 MiB)
[2025-06-07T15:34:24.620+0000] {spark_submit.py:644} INFO - 25/06/07 15:34:24 INFO SparkContext: Created broadcast 4 from $anonfun$recordDeltaOperationInternal$1 at DatabricksLogging.scala:128
[2025-06-07T15:34:24.637+0000] {spark_submit.py:644} INFO - 25/06/07 15:34:24 INFO BlockManagerInfo: Removed broadcast_2_piece0 on a8930d57bcb9:42105 in memory (size: 36.1 KiB, free: 434.3 MiB)
[2025-06-07T15:34:24.640+0000] {spark_submit.py:644} INFO - 25/06/07 15:34:24 INFO BlockManagerInfo: Removed broadcast_2_piece0 on 172.19.0.7:37887 in memory (size: 36.1 KiB, free: 1048.8 MiB)
[2025-06-07T15:34:24.645+0000] {spark_submit.py:644} INFO - 25/06/07 15:34:24 INFO BlockManagerInfo: Removed broadcast_3_piece0 on a8930d57bcb9:42105 in memory (size: 13.7 KiB, free: 434.3 MiB)
[2025-06-07T15:34:24.647+0000] {spark_submit.py:644} INFO - 25/06/07 15:34:24 INFO BlockManagerInfo: Removed broadcast_3_piece0 on 172.19.0.7:37887 in memory (size: 13.7 KiB, free: 1048.8 MiB)
[2025-06-07T15:34:24.813+0000] {spark_submit.py:644} INFO - 25/06/07 15:34:24 INFO DataSourceStrategy: Pruning directories with:
[2025-06-07T15:34:24.813+0000] {spark_submit.py:644} INFO - 25/06/07 15:34:24 INFO FileSourceStrategy: Pushed Filters:
[2025-06-07T15:34:24.813+0000] {spark_submit.py:644} INFO - 25/06/07 15:34:24 INFO FileSourceStrategy: Post-Scan Filters:
[2025-06-07T15:34:24.940+0000] {spark_submit.py:644} INFO - 25/06/07 15:34:24 INFO CodeGenerator: Code generated in 34.958834 ms
[2025-06-07T15:34:24.942+0000] {spark_submit.py:644} INFO - 25/06/07 15:34:24 INFO MemoryStore: Block broadcast_5 stored as values in memory (estimated size 205.5 KiB, free 433.7 MiB)
[2025-06-07T15:34:24.947+0000] {spark_submit.py:644} INFO - 25/06/07 15:34:24 INFO MemoryStore: Block broadcast_5_piece0 stored as bytes in memory (estimated size 36.1 KiB, free 433.7 MiB)
[2025-06-07T15:34:24.947+0000] {spark_submit.py:644} INFO - 25/06/07 15:34:24 INFO BlockManagerInfo: Added broadcast_5_piece0 in memory on a8930d57bcb9:42105 (size: 36.1 KiB, free: 434.3 MiB)
[2025-06-07T15:34:24.948+0000] {spark_submit.py:644} INFO - 25/06/07 15:34:24 INFO SparkContext: Created broadcast 5 from $anonfun$recordDeltaOperationInternal$1 at DatabricksLogging.scala:128
[2025-06-07T15:34:24.949+0000] {spark_submit.py:644} INFO - 25/06/07 15:34:24 INFO FileSourceScanExec: Planning scan with bin packing, max size: 4194304 bytes, open cost is considered as scanning 4194304 bytes.
[2025-06-07T15:34:24.975+0000] {spark_submit.py:644} INFO - 25/06/07 15:34:24 INFO DAGScheduler: Registering RDD 14 ($anonfun$recordDeltaOperationInternal$1 at DatabricksLogging.scala:128) as input to shuffle 0
[2025-06-07T15:34:24.979+0000] {spark_submit.py:644} INFO - 25/06/07 15:34:24 INFO DAGScheduler: Got map stage job 3 ($anonfun$recordDeltaOperationInternal$1 at DatabricksLogging.scala:128) with 1 output partitions
[2025-06-07T15:34:24.979+0000] {spark_submit.py:644} INFO - 25/06/07 15:34:24 INFO DAGScheduler: Final stage: ShuffleMapStage 2 ($anonfun$recordDeltaOperationInternal$1 at DatabricksLogging.scala:128)
[2025-06-07T15:34:24.979+0000] {spark_submit.py:644} INFO - 25/06/07 15:34:24 INFO DAGScheduler: Parents of final stage: List()
[2025-06-07T15:34:24.980+0000] {spark_submit.py:644} INFO - 25/06/07 15:34:24 INFO DAGScheduler: Missing parents: List()
[2025-06-07T15:34:24.981+0000] {spark_submit.py:644} INFO - 25/06/07 15:34:24 INFO DAGScheduler: Submitting ShuffleMapStage 2 (MapPartitionsRDD[14] at $anonfun$recordDeltaOperationInternal$1 at DatabricksLogging.scala:128), which has no missing parents
[2025-06-07T15:34:24.988+0000] {spark_submit.py:644} INFO - 25/06/07 15:34:24 INFO MemoryStore: Block broadcast_6 stored as values in memory (estimated size 105.6 KiB, free 433.6 MiB)
[2025-06-07T15:34:24.988+0000] {spark_submit.py:644} INFO - 25/06/07 15:34:24 INFO MemoryStore: Block broadcast_6_piece0 stored as bytes in memory (estimated size 32.6 KiB, free 433.6 MiB)
[2025-06-07T15:34:24.989+0000] {spark_submit.py:644} INFO - 25/06/07 15:34:24 INFO BlockManagerInfo: Added broadcast_6_piece0 in memory on a8930d57bcb9:42105 (size: 32.6 KiB, free: 434.3 MiB)
[2025-06-07T15:34:24.989+0000] {spark_submit.py:644} INFO - 25/06/07 15:34:24 INFO SparkContext: Created broadcast 6 from broadcast at DAGScheduler.scala:1585
[2025-06-07T15:34:24.990+0000] {spark_submit.py:644} INFO - 25/06/07 15:34:24 INFO DAGScheduler: Submitting 1 missing tasks from ShuffleMapStage 2 (MapPartitionsRDD[14] at $anonfun$recordDeltaOperationInternal$1 at DatabricksLogging.scala:128) (first 15 tasks are for partitions Vector(0))
[2025-06-07T15:34:24.990+0000] {spark_submit.py:644} INFO - 25/06/07 15:34:24 INFO TaskSchedulerImpl: Adding task set 2.0 with 1 tasks resource profile 0
[2025-06-07T15:34:24.991+0000] {spark_submit.py:644} INFO - 25/06/07 15:34:24 INFO TaskSetManager: Starting task 0.0 in stage 2.0 (TID 2) (172.19.0.7, executor 0, partition 0, PROCESS_LOCAL, 10831 bytes)
[2025-06-07T15:34:25.003+0000] {spark_submit.py:644} INFO - 25/06/07 15:34:25 INFO BlockManagerInfo: Added broadcast_6_piece0 in memory on 172.19.0.7:37887 (size: 32.6 KiB, free: 1048.7 MiB)
[2025-06-07T15:34:25.181+0000] {spark_submit.py:644} INFO - 25/06/07 15:34:25 INFO BlockManagerInfo: Added broadcast_5_piece0 in memory on 172.19.0.7:37887 (size: 36.1 KiB, free: 1048.7 MiB)
[2025-06-07T15:34:25.226+0000] {spark_submit.py:644} INFO - 25/06/07 15:34:25 INFO TaskSetManager: Finished task 0.0 in stage 2.0 (TID 2) in 235 ms on 172.19.0.7 (executor 0) (1/1)
[2025-06-07T15:34:25.226+0000] {spark_submit.py:644} INFO - 25/06/07 15:34:25 INFO TaskSchedulerImpl: Removed TaskSet 2.0, whose tasks have all completed, from pool
[2025-06-07T15:34:25.227+0000] {spark_submit.py:644} INFO - 25/06/07 15:34:25 INFO DAGScheduler: ShuffleMapStage 2 ($anonfun$recordDeltaOperationInternal$1 at DatabricksLogging.scala:128) finished in 0.246 s
[2025-06-07T15:34:25.227+0000] {spark_submit.py:644} INFO - 25/06/07 15:34:25 INFO DAGScheduler: looking for newly runnable stages
[2025-06-07T15:34:25.228+0000] {spark_submit.py:644} INFO - 25/06/07 15:34:25 INFO DAGScheduler: running: Set()
[2025-06-07T15:34:25.228+0000] {spark_submit.py:644} INFO - 25/06/07 15:34:25 INFO DAGScheduler: waiting: Set()
[2025-06-07T15:34:25.228+0000] {spark_submit.py:644} INFO - 25/06/07 15:34:25 INFO DAGScheduler: failed: Set()
[2025-06-07T15:34:25.297+0000] {spark_submit.py:644} INFO - 25/06/07 15:34:25 INFO BlockManagerInfo: Removed broadcast_6_piece0 on a8930d57bcb9:42105 in memory (size: 32.6 KiB, free: 434.3 MiB)
[2025-06-07T15:34:25.298+0000] {spark_submit.py:644} INFO - 25/06/07 15:34:25 INFO BlockManagerInfo: Removed broadcast_6_piece0 on 172.19.0.7:37887 in memory (size: 32.6 KiB, free: 1048.7 MiB)
[2025-06-07T15:34:25.436+0000] {spark_submit.py:644} INFO - 25/06/07 15:34:25 INFO CodeGenerator: Generated method too long to be JIT compiled: org.apache.spark.sql.catalyst.expressions.GeneratedClass$GeneratedIteratorForCodegenStage3.serializefromobject_doConsume_0$ is 24899 bytes
[2025-06-07T15:34:25.437+0000] {spark_submit.py:644} INFO - 25/06/07 15:34:25 INFO CodeGenerator: Code generated in 127.251791 ms
[2025-06-07T15:34:25.478+0000] {spark_submit.py:644} INFO - 25/06/07 15:34:25 INFO CodeGenerator: Code generated in 31.375125 ms
[2025-06-07T15:34:25.632+0000] {spark_submit.py:644} INFO - 25/06/07 15:34:25 INFO CodeGenerator: Code generated in 32.436167 ms
[2025-06-07T15:34:25.638+0000] {spark_submit.py:644} INFO - 25/06/07 15:34:25 INFO DAGScheduler: Registering RDD 24 ($anonfun$recordDeltaOperationInternal$1 at DatabricksLogging.scala:128) as input to shuffle 1
[2025-06-07T15:34:25.638+0000] {spark_submit.py:644} INFO - 25/06/07 15:34:25 INFO DAGScheduler: Got map stage job 4 ($anonfun$recordDeltaOperationInternal$1 at DatabricksLogging.scala:128) with 50 output partitions
[2025-06-07T15:34:25.638+0000] {spark_submit.py:644} INFO - 25/06/07 15:34:25 INFO DAGScheduler: Final stage: ShuffleMapStage 4 ($anonfun$recordDeltaOperationInternal$1 at DatabricksLogging.scala:128)
[2025-06-07T15:34:25.638+0000] {spark_submit.py:644} INFO - 25/06/07 15:34:25 INFO DAGScheduler: Parents of final stage: List(ShuffleMapStage 3)
[2025-06-07T15:34:25.639+0000] {spark_submit.py:644} INFO - 25/06/07 15:34:25 INFO DAGScheduler: Missing parents: List()
[2025-06-07T15:34:25.640+0000] {spark_submit.py:644} INFO - 25/06/07 15:34:25 INFO DAGScheduler: Submitting ShuffleMapStage 4 (MapPartitionsRDD[24] at $anonfun$recordDeltaOperationInternal$1 at DatabricksLogging.scala:128), which has no missing parents
[2025-06-07T15:34:25.658+0000] {spark_submit.py:644} INFO - 25/06/07 15:34:25 INFO MemoryStore: Block broadcast_7 stored as values in memory (estimated size 602.7 KiB, free 433.1 MiB)
[2025-06-07T15:34:25.659+0000] {spark_submit.py:644} INFO - 25/06/07 15:34:25 INFO MemoryStore: Block broadcast_7_piece0 stored as bytes in memory (estimated size 138.1 KiB, free 433.0 MiB)
[2025-06-07T15:34:25.660+0000] {spark_submit.py:644} INFO - 25/06/07 15:34:25 INFO BlockManagerInfo: Added broadcast_7_piece0 in memory on a8930d57bcb9:42105 (size: 138.1 KiB, free: 434.2 MiB)
[2025-06-07T15:34:25.661+0000] {spark_submit.py:644} INFO - 25/06/07 15:34:25 INFO SparkContext: Created broadcast 7 from broadcast at DAGScheduler.scala:1585
[2025-06-07T15:34:25.661+0000] {spark_submit.py:644} INFO - 25/06/07 15:34:25 INFO DAGScheduler: Submitting 50 missing tasks from ShuffleMapStage 4 (MapPartitionsRDD[24] at $anonfun$recordDeltaOperationInternal$1 at DatabricksLogging.scala:128) (first 15 tasks are for partitions Vector(0, 1, 2, 3, 4, 5, 6, 7, 8, 9, 10, 11, 12, 13, 14))
[2025-06-07T15:34:25.661+0000] {spark_submit.py:644} INFO - 25/06/07 15:34:25 INFO TaskSchedulerImpl: Adding task set 4.0 with 50 tasks resource profile 0
[2025-06-07T15:34:25.666+0000] {spark_submit.py:644} INFO - 25/06/07 15:34:25 INFO TaskSetManager: Starting task 36.0 in stage 4.0 (TID 3) (172.19.0.7, executor 0, partition 36, NODE_LOCAL, 10175 bytes)
[2025-06-07T15:34:25.667+0000] {spark_submit.py:644} INFO - 25/06/07 15:34:25 INFO TaskSetManager: Starting task 42.0 in stage 4.0 (TID 4) (172.19.0.7, executor 0, partition 42, NODE_LOCAL, 10175 bytes)
[2025-06-07T15:34:25.667+0000] {spark_submit.py:644} INFO - 25/06/07 15:34:25 INFO TaskSetManager: Starting task 0.0 in stage 4.0 (TID 5) (172.19.0.7, executor 0, partition 0, PROCESS_LOCAL, 10175 bytes)
[2025-06-07T15:34:25.668+0000] {spark_submit.py:644} INFO - 25/06/07 15:34:25 INFO TaskSetManager: Starting task 1.0 in stage 4.0 (TID 6) (172.19.0.7, executor 0, partition 1, PROCESS_LOCAL, 10175 bytes)
[2025-06-07T15:34:25.680+0000] {spark_submit.py:644} INFO - 25/06/07 15:34:25 INFO BlockManagerInfo: Added broadcast_7_piece0 in memory on 172.19.0.7:37887 (size: 138.1 KiB, free: 1048.6 MiB)
[2025-06-07T15:34:25.834+0000] {spark_submit.py:644} INFO - 25/06/07 15:34:25 INFO MapOutputTrackerMasterEndpoint: Asked to send map output locations for shuffle 0 to 172.19.0.7:44744
[2025-06-07T15:34:26.229+0000] {spark_submit.py:644} INFO - 25/06/07 15:34:26 INFO BlockManagerInfo: Added rdd_21_0 in memory on 172.19.0.7:37887 (size: 46.0 B, free: 1048.6 MiB)
[2025-06-07T15:34:26.230+0000] {spark_submit.py:644} INFO - 25/06/07 15:34:26 INFO BlockManagerInfo: Added rdd_21_1 in memory on 172.19.0.7:37887 (size: 46.0 B, free: 1048.6 MiB)
[2025-06-07T15:34:26.230+0000] {spark_submit.py:644} INFO - 25/06/07 15:34:26 INFO BlockManagerInfo: Added rdd_21_36 in memory on 172.19.0.7:37887 (size: 798.0 B, free: 1048.6 MiB)
[2025-06-07T15:34:26.271+0000] {spark_submit.py:644} INFO - 25/06/07 15:34:26 INFO BlockManagerInfo: Added rdd_21_42 in memory on 172.19.0.7:37887 (size: 688.0 B, free: 1048.6 MiB)
[2025-06-07T15:34:26.368+0000] {spark_submit.py:644} INFO - 25/06/07 15:34:26 INFO TaskSetManager: Starting task 2.0 in stage 4.0 (TID 7) (172.19.0.7, executor 0, partition 2, PROCESS_LOCAL, 10175 bytes)
[2025-06-07T15:34:26.369+0000] {spark_submit.py:644} INFO - 25/06/07 15:34:26 INFO TaskSetManager: Starting task 3.0 in stage 4.0 (TID 8) (172.19.0.7, executor 0, partition 3, PROCESS_LOCAL, 10175 bytes)
[2025-06-07T15:34:26.370+0000] {spark_submit.py:644} INFO - 25/06/07 15:34:26 INFO TaskSetManager: Starting task 4.0 in stage 4.0 (TID 9) (172.19.0.7, executor 0, partition 4, PROCESS_LOCAL, 10175 bytes)
[2025-06-07T15:34:26.370+0000] {spark_submit.py:644} INFO - 25/06/07 15:34:26 INFO TaskSetManager: Starting task 5.0 in stage 4.0 (TID 10) (172.19.0.7, executor 0, partition 5, PROCESS_LOCAL, 10175 bytes)
[2025-06-07T15:34:26.371+0000] {spark_submit.py:644} INFO - 25/06/07 15:34:26 INFO TaskSetManager: Finished task 36.0 in stage 4.0 (TID 3) in 705 ms on 172.19.0.7 (executor 0) (1/50)
[2025-06-07T15:34:26.374+0000] {spark_submit.py:644} INFO - 25/06/07 15:34:26 INFO TaskSetManager: Finished task 42.0 in stage 4.0 (TID 4) in 704 ms on 172.19.0.7 (executor 0) (2/50)
[2025-06-07T15:34:26.375+0000] {spark_submit.py:644} INFO - 25/06/07 15:34:26 INFO TaskSetManager: Finished task 0.0 in stage 4.0 (TID 5) in 703 ms on 172.19.0.7 (executor 0) (3/50)
[2025-06-07T15:34:26.375+0000] {spark_submit.py:644} INFO - 25/06/07 15:34:26 INFO TaskSetManager: Finished task 1.0 in stage 4.0 (TID 6) in 705 ms on 172.19.0.7 (executor 0) (4/50)
[2025-06-07T15:34:26.469+0000] {spark_submit.py:644} INFO - 25/06/07 15:34:26 INFO BlockManagerInfo: Added rdd_21_4 in memory on 172.19.0.7:37887 (size: 46.0 B, free: 1048.6 MiB)
[2025-06-07T15:34:26.471+0000] {spark_submit.py:644} INFO - 25/06/07 15:34:26 INFO BlockManagerInfo: Added rdd_21_2 in memory on 172.19.0.7:37887 (size: 46.0 B, free: 1048.6 MiB)
[2025-06-07T15:34:26.476+0000] {spark_submit.py:644} INFO - 25/06/07 15:34:26 INFO BlockManagerInfo: Added rdd_21_3 in memory on 172.19.0.7:37887 (size: 46.0 B, free: 1048.6 MiB)
[2025-06-07T15:34:26.477+0000] {spark_submit.py:644} INFO - 25/06/07 15:34:26 INFO BlockManagerInfo: Added rdd_21_5 in memory on 172.19.0.7:37887 (size: 46.0 B, free: 1048.6 MiB)
[2025-06-07T15:34:26.501+0000] {spark_submit.py:644} INFO - 25/06/07 15:34:26 INFO TaskSetManager: Starting task 6.0 in stage 4.0 (TID 11) (172.19.0.7, executor 0, partition 6, PROCESS_LOCAL, 10175 bytes)
[2025-06-07T15:34:26.503+0000] {spark_submit.py:644} INFO - 25/06/07 15:34:26 INFO TaskSetManager: Finished task 4.0 in stage 4.0 (TID 9) in 133 ms on 172.19.0.7 (executor 0) (5/50)
[2025-06-07T15:34:26.504+0000] {spark_submit.py:644} INFO - 25/06/07 15:34:26 INFO TaskSetManager: Starting task 7.0 in stage 4.0 (TID 12) (172.19.0.7, executor 0, partition 7, PROCESS_LOCAL, 10175 bytes)
[2025-06-07T15:34:26.505+0000] {spark_submit.py:644} INFO - 25/06/07 15:34:26 INFO TaskSetManager: Finished task 2.0 in stage 4.0 (TID 7) in 136 ms on 172.19.0.7 (executor 0) (6/50)
[2025-06-07T15:34:26.507+0000] {spark_submit.py:644} INFO - 25/06/07 15:34:26 INFO TaskSetManager: Starting task 8.0 in stage 4.0 (TID 13) (172.19.0.7, executor 0, partition 8, PROCESS_LOCAL, 10175 bytes)
[2025-06-07T15:34:26.509+0000] {spark_submit.py:644} INFO - 25/06/07 15:34:26 INFO TaskSetManager: Starting task 9.0 in stage 4.0 (TID 14) (172.19.0.7, executor 0, partition 9, PROCESS_LOCAL, 10175 bytes)
[2025-06-07T15:34:26.513+0000] {spark_submit.py:644} INFO - 25/06/07 15:34:26 INFO TaskSetManager: Finished task 3.0 in stage 4.0 (TID 8) in 139 ms on 172.19.0.7 (executor 0) (7/50)
[2025-06-07T15:34:26.514+0000] {spark_submit.py:644} INFO - 25/06/07 15:34:26 INFO TaskSetManager: Finished task 5.0 in stage 4.0 (TID 10) in 138 ms on 172.19.0.7 (executor 0) (8/50)
[2025-06-07T15:34:26.574+0000] {spark_submit.py:644} INFO - 25/06/07 15:34:26 INFO BlockManagerInfo: Added rdd_21_7 in memory on 172.19.0.7:37887 (size: 46.0 B, free: 1048.6 MiB)
[2025-06-07T15:34:26.574+0000] {spark_submit.py:644} INFO - 25/06/07 15:34:26 INFO BlockManagerInfo: Added rdd_21_6 in memory on 172.19.0.7:37887 (size: 46.0 B, free: 1048.6 MiB)
[2025-06-07T15:34:26.579+0000] {spark_submit.py:644} INFO - 25/06/07 15:34:26 INFO BlockManagerInfo: Added rdd_21_8 in memory on 172.19.0.7:37887 (size: 46.0 B, free: 1048.6 MiB)
[2025-06-07T15:34:26.581+0000] {spark_submit.py:644} INFO - 25/06/07 15:34:26 INFO BlockManagerInfo: Added rdd_21_9 in memory on 172.19.0.7:37887 (size: 46.0 B, free: 1048.6 MiB)
[2025-06-07T15:34:26.598+0000] {spark_submit.py:644} INFO - 25/06/07 15:34:26 INFO TaskSetManager: Starting task 10.0 in stage 4.0 (TID 15) (172.19.0.7, executor 0, partition 10, PROCESS_LOCAL, 10175 bytes)
[2025-06-07T15:34:26.602+0000] {spark_submit.py:644} INFO - 25/06/07 15:34:26 INFO TaskSetManager: Finished task 7.0 in stage 4.0 (TID 12) in 96 ms on 172.19.0.7 (executor 0) (9/50)
[2025-06-07T15:34:26.609+0000] {spark_submit.py:644} INFO - 25/06/07 15:34:26 INFO TaskSetManager: Starting task 11.0 in stage 4.0 (TID 16) (172.19.0.7, executor 0, partition 11, PROCESS_LOCAL, 10175 bytes)
[2025-06-07T15:34:26.610+0000] {spark_submit.py:644} INFO - 25/06/07 15:34:26 INFO TaskSetManager: Finished task 6.0 in stage 4.0 (TID 11) in 109 ms on 172.19.0.7 (executor 0) (10/50)
[2025-06-07T15:34:26.610+0000] {spark_submit.py:644} INFO - 25/06/07 15:34:26 INFO TaskSetManager: Starting task 12.0 in stage 4.0 (TID 17) (172.19.0.7, executor 0, partition 12, PROCESS_LOCAL, 10175 bytes)
[2025-06-07T15:34:26.612+0000] {spark_submit.py:644} INFO - 25/06/07 15:34:26 INFO TaskSetManager: Starting task 13.0 in stage 4.0 (TID 18) (172.19.0.7, executor 0, partition 13, PROCESS_LOCAL, 10175 bytes)
[2025-06-07T15:34:26.614+0000] {spark_submit.py:644} INFO - 25/06/07 15:34:26 INFO TaskSetManager: Finished task 8.0 in stage 4.0 (TID 13) in 105 ms on 172.19.0.7 (executor 0) (11/50)
[2025-06-07T15:34:26.615+0000] {spark_submit.py:644} INFO - 25/06/07 15:34:26 INFO TaskSetManager: Finished task 9.0 in stage 4.0 (TID 14) in 103 ms on 172.19.0.7 (executor 0) (12/50)
[2025-06-07T15:34:26.638+0000] {spark_submit.py:644} INFO - 25/06/07 15:34:26 INFO BlockManagerInfo: Added rdd_21_10 in memory on 172.19.0.7:37887 (size: 46.0 B, free: 1048.6 MiB)
[2025-06-07T15:34:26.681+0000] {spark_submit.py:644} INFO - 25/06/07 15:34:26 INFO TaskSetManager: Starting task 14.0 in stage 4.0 (TID 19) (172.19.0.7, executor 0, partition 14, PROCESS_LOCAL, 10175 bytes)
[2025-06-07T15:34:26.682+0000] {spark_submit.py:644} INFO - 25/06/07 15:34:26 INFO TaskSetManager: Finished task 10.0 in stage 4.0 (TID 15) in 83 ms on 172.19.0.7 (executor 0) (13/50)
[2025-06-07T15:34:26.689+0000] {spark_submit.py:644} INFO - 25/06/07 15:34:26 INFO BlockManagerInfo: Added rdd_21_12 in memory on 172.19.0.7:37887 (size: 46.0 B, free: 1048.6 MiB)
[2025-06-07T15:34:26.691+0000] {spark_submit.py:644} INFO - 25/06/07 15:34:26 INFO BlockManagerInfo: Added rdd_21_11 in memory on 172.19.0.7:37887 (size: 46.0 B, free: 1048.6 MiB)
[2025-06-07T15:34:26.692+0000] {spark_submit.py:644} INFO - 25/06/07 15:34:26 INFO BlockManagerInfo: Added rdd_21_13 in memory on 172.19.0.7:37887 (size: 46.0 B, free: 1048.6 MiB)
[2025-06-07T15:34:26.710+0000] {spark_submit.py:644} INFO - 25/06/07 15:34:26 INFO TaskSetManager: Starting task 15.0 in stage 4.0 (TID 20) (172.19.0.7, executor 0, partition 15, PROCESS_LOCAL, 10175 bytes)
[2025-06-07T15:34:26.710+0000] {spark_submit.py:644} INFO - 25/06/07 15:34:26 INFO TaskSetManager: Starting task 16.0 in stage 4.0 (TID 21) (172.19.0.7, executor 0, partition 16, PROCESS_LOCAL, 10175 bytes)
[2025-06-07T15:34:26.712+0000] {spark_submit.py:644} INFO - 25/06/07 15:34:26 INFO TaskSetManager: Finished task 11.0 in stage 4.0 (TID 16) in 103 ms on 172.19.0.7 (executor 0) (14/50)
[2025-06-07T15:34:26.714+0000] {spark_submit.py:644} INFO - 25/06/07 15:34:26 INFO TaskSetManager: Finished task 12.0 in stage 4.0 (TID 17) in 103 ms on 172.19.0.7 (executor 0) (15/50)
[2025-06-07T15:34:26.714+0000] {spark_submit.py:644} INFO - 25/06/07 15:34:26 INFO TaskSetManager: Starting task 17.0 in stage 4.0 (TID 22) (172.19.0.7, executor 0, partition 17, PROCESS_LOCAL, 10175 bytes)
[2025-06-07T15:34:26.715+0000] {spark_submit.py:644} INFO - 25/06/07 15:34:26 INFO TaskSetManager: Finished task 13.0 in stage 4.0 (TID 18) in 105 ms on 172.19.0.7 (executor 0) (16/50)
[2025-06-07T15:34:26.720+0000] {spark_submit.py:644} INFO - 25/06/07 15:34:26 INFO BlockManagerInfo: Added rdd_21_14 in memory on 172.19.0.7:37887 (size: 46.0 B, free: 1048.6 MiB)
[2025-06-07T15:34:26.741+0000] {spark_submit.py:644} INFO - 25/06/07 15:34:26 INFO TaskSetManager: Starting task 18.0 in stage 4.0 (TID 23) (172.19.0.7, executor 0, partition 18, PROCESS_LOCAL, 10175 bytes)
[2025-06-07T15:34:26.741+0000] {spark_submit.py:644} INFO - 25/06/07 15:34:26 INFO TaskSetManager: Finished task 14.0 in stage 4.0 (TID 19) in 60 ms on 172.19.0.7 (executor 0) (17/50)
[2025-06-07T15:34:26.764+0000] {spark_submit.py:644} INFO - 25/06/07 15:34:26 INFO BlockManagerInfo: Added rdd_21_16 in memory on 172.19.0.7:37887 (size: 46.0 B, free: 1048.6 MiB)
[2025-06-07T15:34:26.765+0000] {spark_submit.py:644} INFO - 25/06/07 15:34:26 INFO BlockManagerInfo: Added rdd_21_17 in memory on 172.19.0.7:37887 (size: 46.0 B, free: 1048.6 MiB)
[2025-06-07T15:34:26.769+0000] {spark_submit.py:644} INFO - 25/06/07 15:34:26 INFO BlockManagerInfo: Added rdd_21_15 in memory on 172.19.0.7:37887 (size: 46.0 B, free: 1048.6 MiB)
[2025-06-07T15:34:26.794+0000] {spark_submit.py:644} INFO - 25/06/07 15:34:26 INFO TaskSetManager: Starting task 19.0 in stage 4.0 (TID 24) (172.19.0.7, executor 0, partition 19, PROCESS_LOCAL, 10175 bytes)
[2025-06-07T15:34:26.795+0000] {spark_submit.py:644} INFO - 25/06/07 15:34:26 INFO TaskSetManager: Finished task 17.0 in stage 4.0 (TID 22) in 80 ms on 172.19.0.7 (executor 0) (18/50)
[2025-06-07T15:34:26.795+0000] {spark_submit.py:644} INFO - 25/06/07 15:34:26 INFO BlockManagerInfo: Added rdd_21_18 in memory on 172.19.0.7:37887 (size: 46.0 B, free: 1048.6 MiB)
[2025-06-07T15:34:26.795+0000] {spark_submit.py:644} INFO - 25/06/07 15:34:26 INFO TaskSetManager: Starting task 20.0 in stage 4.0 (TID 25) (172.19.0.7, executor 0, partition 20, PROCESS_LOCAL, 10175 bytes)
[2025-06-07T15:34:26.796+0000] {spark_submit.py:644} INFO - 25/06/07 15:34:26 INFO TaskSetManager: Starting task 21.0 in stage 4.0 (TID 26) (172.19.0.7, executor 0, partition 21, PROCESS_LOCAL, 10175 bytes)
[2025-06-07T15:34:26.797+0000] {spark_submit.py:644} INFO - 25/06/07 15:34:26 INFO TaskSetManager: Finished task 16.0 in stage 4.0 (TID 21) in 86 ms on 172.19.0.7 (executor 0) (19/50)
[2025-06-07T15:34:26.797+0000] {spark_submit.py:644} INFO - 25/06/07 15:34:26 INFO TaskSetManager: Finished task 15.0 in stage 4.0 (TID 20) in 87 ms on 172.19.0.7 (executor 0) (20/50)
[2025-06-07T15:34:26.813+0000] {spark_submit.py:644} INFO - 25/06/07 15:34:26 INFO TaskSetManager: Starting task 22.0 in stage 4.0 (TID 27) (172.19.0.7, executor 0, partition 22, PROCESS_LOCAL, 10175 bytes)
[2025-06-07T15:34:26.816+0000] {spark_submit.py:644} INFO - 25/06/07 15:34:26 INFO TaskSetManager: Finished task 18.0 in stage 4.0 (TID 23) in 73 ms on 172.19.0.7 (executor 0) (21/50)
[2025-06-07T15:34:26.850+0000] {spark_submit.py:644} INFO - 25/06/07 15:34:26 INFO BlockManagerInfo: Added rdd_21_20 in memory on 172.19.0.7:37887 (size: 46.0 B, free: 1048.6 MiB)
[2025-06-07T15:34:26.856+0000] {spark_submit.py:644} INFO - 25/06/07 15:34:26 INFO BlockManagerInfo: Added rdd_21_21 in memory on 172.19.0.7:37887 (size: 46.0 B, free: 1048.6 MiB)
[2025-06-07T15:34:26.860+0000] {spark_submit.py:644} INFO - 25/06/07 15:34:26 INFO BlockManagerInfo: Added rdd_21_19 in memory on 172.19.0.7:37887 (size: 46.0 B, free: 1048.6 MiB)
[2025-06-07T15:34:26.868+0000] {spark_submit.py:644} INFO - 25/06/07 15:34:26 INFO BlockManagerInfo: Added rdd_21_22 in memory on 172.19.0.7:37887 (size: 46.0 B, free: 1048.6 MiB)
[2025-06-07T15:34:26.875+0000] {spark_submit.py:644} INFO - 25/06/07 15:34:26 INFO TaskSetManager: Starting task 23.0 in stage 4.0 (TID 28) (172.19.0.7, executor 0, partition 23, PROCESS_LOCAL, 10175 bytes)
[2025-06-07T15:34:26.878+0000] {spark_submit.py:644} INFO - 25/06/07 15:34:26 INFO TaskSetManager: Finished task 20.0 in stage 4.0 (TID 25) in 82 ms on 172.19.0.7 (executor 0) (22/50)
[2025-06-07T15:34:26.882+0000] {spark_submit.py:644} INFO - 25/06/07 15:34:26 INFO TaskSetManager: Starting task 24.0 in stage 4.0 (TID 29) (172.19.0.7, executor 0, partition 24, PROCESS_LOCAL, 10175 bytes)
[2025-06-07T15:34:26.886+0000] {spark_submit.py:644} INFO - 25/06/07 15:34:26 INFO TaskSetManager: Finished task 21.0 in stage 4.0 (TID 26) in 85 ms on 172.19.0.7 (executor 0) (23/50)
[2025-06-07T15:34:26.887+0000] {spark_submit.py:644} INFO - 25/06/07 15:34:26 INFO TaskSetManager: Starting task 25.0 in stage 4.0 (TID 30) (172.19.0.7, executor 0, partition 25, PROCESS_LOCAL, 10175 bytes)
[2025-06-07T15:34:26.887+0000] {spark_submit.py:644} INFO - 25/06/07 15:34:26 INFO TaskSetManager: Finished task 19.0 in stage 4.0 (TID 24) in 94 ms on 172.19.0.7 (executor 0) (24/50)
[2025-06-07T15:34:26.893+0000] {spark_submit.py:644} INFO - 25/06/07 15:34:26 INFO TaskSetManager: Starting task 26.0 in stage 4.0 (TID 31) (172.19.0.7, executor 0, partition 26, PROCESS_LOCAL, 10175 bytes)
[2025-06-07T15:34:26.895+0000] {spark_submit.py:644} INFO - 25/06/07 15:34:26 INFO TaskSetManager: Finished task 22.0 in stage 4.0 (TID 27) in 82 ms on 172.19.0.7 (executor 0) (25/50)
[2025-06-07T15:34:26.925+0000] {spark_submit.py:644} INFO - 25/06/07 15:34:26 INFO BlockManagerInfo: Added rdd_21_23 in memory on 172.19.0.7:37887 (size: 46.0 B, free: 1048.6 MiB)
[2025-06-07T15:34:26.934+0000] {spark_submit.py:644} INFO - 25/06/07 15:34:26 INFO BlockManagerInfo: Added rdd_21_24 in memory on 172.19.0.7:37887 (size: 46.0 B, free: 1048.6 MiB)
[2025-06-07T15:34:26.937+0000] {spark_submit.py:644} INFO - 25/06/07 15:34:26 INFO BlockManagerInfo: Added rdd_21_25 in memory on 172.19.0.7:37887 (size: 46.0 B, free: 1048.6 MiB)
[2025-06-07T15:34:26.940+0000] {spark_submit.py:644} INFO - 25/06/07 15:34:26 INFO BlockManagerInfo: Added rdd_21_26 in memory on 172.19.0.7:37887 (size: 46.0 B, free: 1048.6 MiB)
[2025-06-07T15:34:26.944+0000] {spark_submit.py:644} INFO - 25/06/07 15:34:26 INFO TaskSetManager: Starting task 27.0 in stage 4.0 (TID 32) (172.19.0.7, executor 0, partition 27, PROCESS_LOCAL, 10175 bytes)
[2025-06-07T15:34:26.945+0000] {spark_submit.py:644} INFO - 25/06/07 15:34:26 INFO TaskSetManager: Finished task 23.0 in stage 4.0 (TID 28) in 69 ms on 172.19.0.7 (executor 0) (26/50)
[2025-06-07T15:34:26.955+0000] {spark_submit.py:644} INFO - 25/06/07 15:34:26 INFO TaskSetManager: Starting task 28.0 in stage 4.0 (TID 33) (172.19.0.7, executor 0, partition 28, PROCESS_LOCAL, 10175 bytes)
[2025-06-07T15:34:26.956+0000] {spark_submit.py:644} INFO - 25/06/07 15:34:26 INFO TaskSetManager: Finished task 24.0 in stage 4.0 (TID 29) in 74 ms on 172.19.0.7 (executor 0) (27/50)
[2025-06-07T15:34:26.957+0000] {spark_submit.py:644} INFO - 25/06/07 15:34:26 INFO TaskSetManager: Starting task 29.0 in stage 4.0 (TID 34) (172.19.0.7, executor 0, partition 29, PROCESS_LOCAL, 10175 bytes)
[2025-06-07T15:34:26.958+0000] {spark_submit.py:644} INFO - 25/06/07 15:34:26 INFO TaskSetManager: Finished task 25.0 in stage 4.0 (TID 30) in 70 ms on 172.19.0.7 (executor 0) (28/50)
[2025-06-07T15:34:26.961+0000] {spark_submit.py:644} INFO - 25/06/07 15:34:26 INFO TaskSetManager: Starting task 30.0 in stage 4.0 (TID 35) (172.19.0.7, executor 0, partition 30, PROCESS_LOCAL, 10175 bytes)
[2025-06-07T15:34:26.961+0000] {spark_submit.py:644} INFO - 25/06/07 15:34:26 INFO TaskSetManager: Finished task 26.0 in stage 4.0 (TID 31) in 69 ms on 172.19.0.7 (executor 0) (29/50)
[2025-06-07T15:34:26.979+0000] {spark_submit.py:644} INFO - 25/06/07 15:34:26 INFO BlockManagerInfo: Added rdd_21_27 in memory on 172.19.0.7:37887 (size: 46.0 B, free: 1048.6 MiB)
[2025-06-07T15:34:27.001+0000] {spark_submit.py:644} INFO - 25/06/07 15:34:27 INFO TaskSetManager: Starting task 31.0 in stage 4.0 (TID 36) (172.19.0.7, executor 0, partition 31, PROCESS_LOCAL, 10175 bytes)
[2025-06-07T15:34:27.002+0000] {spark_submit.py:644} INFO - 25/06/07 15:34:27 INFO TaskSetManager: Finished task 27.0 in stage 4.0 (TID 32) in 59 ms on 172.19.0.7 (executor 0) (30/50)
[2025-06-07T15:34:27.005+0000] {spark_submit.py:644} INFO - 25/06/07 15:34:27 INFO BlockManagerInfo: Added rdd_21_28 in memory on 172.19.0.7:37887 (size: 46.0 B, free: 1048.6 MiB)
[2025-06-07T15:34:27.006+0000] {spark_submit.py:644} INFO - 25/06/07 15:34:27 INFO BlockManagerInfo: Added rdd_21_29 in memory on 172.19.0.7:37887 (size: 46.0 B, free: 1048.6 MiB)
[2025-06-07T15:34:27.006+0000] {spark_submit.py:644} INFO - 25/06/07 15:34:27 INFO BlockManagerInfo: Added rdd_21_30 in memory on 172.19.0.7:37887 (size: 46.0 B, free: 1048.6 MiB)
[2025-06-07T15:34:27.030+0000] {spark_submit.py:644} INFO - 25/06/07 15:34:27 INFO TaskSetManager: Starting task 32.0 in stage 4.0 (TID 37) (172.19.0.7, executor 0, partition 32, PROCESS_LOCAL, 10175 bytes)
[2025-06-07T15:34:27.031+0000] {spark_submit.py:644} INFO - 25/06/07 15:34:27 INFO TaskSetManager: Finished task 30.0 in stage 4.0 (TID 35) in 68 ms on 172.19.0.7 (executor 0) (31/50)
[2025-06-07T15:34:27.034+0000] {spark_submit.py:644} INFO - 25/06/07 15:34:27 INFO TaskSetManager: Starting task 33.0 in stage 4.0 (TID 38) (172.19.0.7, executor 0, partition 33, PROCESS_LOCAL, 10175 bytes)
[2025-06-07T15:34:27.035+0000] {spark_submit.py:644} INFO - 25/06/07 15:34:27 INFO TaskSetManager: Finished task 28.0 in stage 4.0 (TID 33) in 76 ms on 172.19.0.7 (executor 0) (32/50)
[2025-06-07T15:34:27.035+0000] {spark_submit.py:644} INFO - 25/06/07 15:34:27 INFO TaskSetManager: Starting task 34.0 in stage 4.0 (TID 39) (172.19.0.7, executor 0, partition 34, PROCESS_LOCAL, 10175 bytes)
[2025-06-07T15:34:27.036+0000] {spark_submit.py:644} INFO - 25/06/07 15:34:27 INFO TaskSetManager: Finished task 29.0 in stage 4.0 (TID 34) in 75 ms on 172.19.0.7 (executor 0) (33/50)
[2025-06-07T15:34:27.036+0000] {spark_submit.py:644} INFO - 25/06/07 15:34:27 INFO BlockManagerInfo: Added rdd_21_31 in memory on 172.19.0.7:37887 (size: 46.0 B, free: 1048.6 MiB)
[2025-06-07T15:34:27.058+0000] {spark_submit.py:644} INFO - 25/06/07 15:34:27 INFO TaskSetManager: Starting task 35.0 in stage 4.0 (TID 40) (172.19.0.7, executor 0, partition 35, PROCESS_LOCAL, 10175 bytes)
[2025-06-07T15:34:27.059+0000] {spark_submit.py:644} INFO - 25/06/07 15:34:27 INFO TaskSetManager: Finished task 31.0 in stage 4.0 (TID 36) in 58 ms on 172.19.0.7 (executor 0) (34/50)
[2025-06-07T15:34:27.086+0000] {spark_submit.py:644} INFO - 25/06/07 15:34:27 INFO BlockManagerInfo: Added rdd_21_34 in memory on 172.19.0.7:37887 (size: 46.0 B, free: 1048.6 MiB)
[2025-06-07T15:34:27.086+0000] {spark_submit.py:644} INFO - 25/06/07 15:34:27 INFO BlockManagerInfo: Added rdd_21_33 in memory on 172.19.0.7:37887 (size: 46.0 B, free: 1048.6 MiB)
[2025-06-07T15:34:27.091+0000] {spark_submit.py:644} INFO - 25/06/07 15:34:27 INFO BlockManagerInfo: Added rdd_21_32 in memory on 172.19.0.7:37887 (size: 46.0 B, free: 1048.6 MiB)
[2025-06-07T15:34:27.104+0000] {spark_submit.py:644} INFO - 25/06/07 15:34:27 INFO TaskSetManager: Starting task 37.0 in stage 4.0 (TID 41) (172.19.0.7, executor 0, partition 37, PROCESS_LOCAL, 10175 bytes)
[2025-06-07T15:34:27.105+0000] {spark_submit.py:644} INFO - 25/06/07 15:34:27 INFO TaskSetManager: Finished task 34.0 in stage 4.0 (TID 39) in 74 ms on 172.19.0.7 (executor 0) (35/50)
[2025-06-07T15:34:27.107+0000] {spark_submit.py:644} INFO - 25/06/07 15:34:27 INFO TaskSetManager: Starting task 38.0 in stage 4.0 (TID 42) (172.19.0.7, executor 0, partition 38, PROCESS_LOCAL, 10175 bytes)
[2025-06-07T15:34:27.108+0000] {spark_submit.py:644} INFO - 25/06/07 15:34:27 INFO TaskSetManager: Finished task 33.0 in stage 4.0 (TID 38) in 78 ms on 172.19.0.7 (executor 0) (36/50)
[2025-06-07T15:34:27.109+0000] {spark_submit.py:644} INFO - 25/06/07 15:34:27 INFO BlockManagerInfo: Added rdd_21_35 in memory on 172.19.0.7:37887 (size: 46.0 B, free: 1048.6 MiB)
[2025-06-07T15:34:27.110+0000] {spark_submit.py:644} INFO - 25/06/07 15:34:27 INFO TaskSetManager: Starting task 39.0 in stage 4.0 (TID 43) (172.19.0.7, executor 0, partition 39, PROCESS_LOCAL, 10175 bytes)
[2025-06-07T15:34:27.111+0000] {spark_submit.py:644} INFO - 25/06/07 15:34:27 INFO TaskSetManager: Finished task 32.0 in stage 4.0 (TID 37) in 80 ms on 172.19.0.7 (executor 0) (37/50)
[2025-06-07T15:34:27.125+0000] {spark_submit.py:644} INFO - 25/06/07 15:34:27 INFO TaskSetManager: Starting task 40.0 in stage 4.0 (TID 44) (172.19.0.7, executor 0, partition 40, PROCESS_LOCAL, 10175 bytes)
[2025-06-07T15:34:27.127+0000] {spark_submit.py:644} INFO - 25/06/07 15:34:27 INFO TaskSetManager: Finished task 35.0 in stage 4.0 (TID 40) in 68 ms on 172.19.0.7 (executor 0) (38/50)
[2025-06-07T15:34:27.140+0000] {spark_submit.py:644} INFO - 25/06/07 15:34:27 INFO BlockManagerInfo: Added rdd_21_37 in memory on 172.19.0.7:37887 (size: 46.0 B, free: 1048.6 MiB)
[2025-06-07T15:34:27.143+0000] {spark_submit.py:644} INFO - 25/06/07 15:34:27 INFO BlockManagerInfo: Added rdd_21_38 in memory on 172.19.0.7:37887 (size: 46.0 B, free: 1048.6 MiB)
[2025-06-07T15:34:27.148+0000] {spark_submit.py:644} INFO - 25/06/07 15:34:27 INFO BlockManagerInfo: Added rdd_21_39 in memory on 172.19.0.7:37887 (size: 46.0 B, free: 1048.6 MiB)
[2025-06-07T15:34:27.160+0000] {spark_submit.py:644} INFO - 25/06/07 15:34:27 INFO TaskSetManager: Starting task 41.0 in stage 4.0 (TID 45) (172.19.0.7, executor 0, partition 41, PROCESS_LOCAL, 10175 bytes)
[2025-06-07T15:34:27.161+0000] {spark_submit.py:644} INFO - 25/06/07 15:34:27 INFO TaskSetManager: Finished task 37.0 in stage 4.0 (TID 41) in 57 ms on 172.19.0.7 (executor 0) (39/50)
[2025-06-07T15:34:27.164+0000] {spark_submit.py:644} INFO - 25/06/07 15:34:27 INFO BlockManagerInfo: Added rdd_21_40 in memory on 172.19.0.7:37887 (size: 46.0 B, free: 1048.6 MiB)
[2025-06-07T15:34:27.170+0000] {spark_submit.py:644} INFO - 25/06/07 15:34:27 INFO TaskSetManager: Starting task 43.0 in stage 4.0 (TID 46) (172.19.0.7, executor 0, partition 43, PROCESS_LOCAL, 10175 bytes)
[2025-06-07T15:34:27.170+0000] {spark_submit.py:644} INFO - 25/06/07 15:34:27 INFO TaskSetManager: Finished task 38.0 in stage 4.0 (TID 42) in 58 ms on 172.19.0.7 (executor 0) (40/50)
[2025-06-07T15:34:27.171+0000] {spark_submit.py:644} INFO - 25/06/07 15:34:27 INFO TaskSetManager: Starting task 44.0 in stage 4.0 (TID 47) (172.19.0.7, executor 0, partition 44, PROCESS_LOCAL, 10175 bytes)
[2025-06-07T15:34:27.171+0000] {spark_submit.py:644} INFO - 25/06/07 15:34:27 INFO TaskSetManager: Finished task 39.0 in stage 4.0 (TID 43) in 58 ms on 172.19.0.7 (executor 0) (41/50)
[2025-06-07T15:34:27.181+0000] {spark_submit.py:644} INFO - 25/06/07 15:34:27 INFO TaskSetManager: Starting task 45.0 in stage 4.0 (TID 48) (172.19.0.7, executor 0, partition 45, PROCESS_LOCAL, 10175 bytes)
[2025-06-07T15:34:27.182+0000] {spark_submit.py:644} INFO - 25/06/07 15:34:27 INFO TaskSetManager: Finished task 40.0 in stage 4.0 (TID 44) in 56 ms on 172.19.0.7 (executor 0) (42/50)
[2025-06-07T15:34:27.202+0000] {spark_submit.py:644} INFO - 25/06/07 15:34:27 INFO BlockManagerInfo: Added rdd_21_41 in memory on 172.19.0.7:37887 (size: 46.0 B, free: 1048.6 MiB)
[2025-06-07T15:34:27.205+0000] {spark_submit.py:644} INFO - 25/06/07 15:34:27 INFO BlockManagerInfo: Added rdd_21_44 in memory on 172.19.0.7:37887 (size: 46.0 B, free: 1048.6 MiB)
[2025-06-07T15:34:27.206+0000] {spark_submit.py:644} INFO - 25/06/07 15:34:27 INFO BlockManagerInfo: Added rdd_21_43 in memory on 172.19.0.7:37887 (size: 46.0 B, free: 1048.6 MiB)
[2025-06-07T15:34:27.219+0000] {spark_submit.py:644} INFO - 25/06/07 15:34:27 INFO BlockManagerInfo: Added rdd_21_45 in memory on 172.19.0.7:37887 (size: 46.0 B, free: 1048.6 MiB)
[2025-06-07T15:34:27.226+0000] {spark_submit.py:644} INFO - 25/06/07 15:34:27 INFO TaskSetManager: Starting task 46.0 in stage 4.0 (TID 49) (172.19.0.7, executor 0, partition 46, PROCESS_LOCAL, 10175 bytes)
[2025-06-07T15:34:27.227+0000] {spark_submit.py:644} INFO - 25/06/07 15:34:27 INFO TaskSetManager: Finished task 41.0 in stage 4.0 (TID 45) in 67 ms on 172.19.0.7 (executor 0) (43/50)
[2025-06-07T15:34:27.232+0000] {spark_submit.py:644} INFO - 25/06/07 15:34:27 INFO TaskSetManager: Starting task 47.0 in stage 4.0 (TID 50) (172.19.0.7, executor 0, partition 47, PROCESS_LOCAL, 10175 bytes)
[2025-06-07T15:34:27.233+0000] {spark_submit.py:644} INFO - 25/06/07 15:34:27 INFO TaskSetManager: Finished task 44.0 in stage 4.0 (TID 47) in 67 ms on 172.19.0.7 (executor 0) (44/50)
[2025-06-07T15:34:27.236+0000] {spark_submit.py:644} INFO - 25/06/07 15:34:27 INFO TaskSetManager: Starting task 48.0 in stage 4.0 (TID 51) (172.19.0.7, executor 0, partition 48, PROCESS_LOCAL, 10175 bytes)
[2025-06-07T15:34:27.238+0000] {spark_submit.py:644} INFO - 25/06/07 15:34:27 INFO TaskSetManager: Finished task 43.0 in stage 4.0 (TID 46) in 73 ms on 172.19.0.7 (executor 0) (45/50)
[2025-06-07T15:34:27.240+0000] {spark_submit.py:644} INFO - 25/06/07 15:34:27 INFO TaskSetManager: Starting task 49.0 in stage 4.0 (TID 52) (172.19.0.7, executor 0, partition 49, PROCESS_LOCAL, 10175 bytes)
[2025-06-07T15:34:27.241+0000] {spark_submit.py:644} INFO - 25/06/07 15:34:27 INFO TaskSetManager: Finished task 45.0 in stage 4.0 (TID 48) in 59 ms on 172.19.0.7 (executor 0) (46/50)
[2025-06-07T15:34:27.273+0000] {spark_submit.py:644} INFO - 25/06/07 15:34:27 INFO BlockManagerInfo: Added rdd_21_46 in memory on 172.19.0.7:37887 (size: 46.0 B, free: 1048.6 MiB)
[2025-06-07T15:34:27.279+0000] {spark_submit.py:644} INFO - 25/06/07 15:34:27 INFO BlockManagerInfo: Added rdd_21_47 in memory on 172.19.0.7:37887 (size: 46.0 B, free: 1048.6 MiB)
[2025-06-07T15:34:27.282+0000] {spark_submit.py:644} INFO - 25/06/07 15:34:27 INFO BlockManagerInfo: Added rdd_21_48 in memory on 172.19.0.7:37887 (size: 46.0 B, free: 1048.6 MiB)
[2025-06-07T15:34:27.285+0000] {spark_submit.py:644} INFO - 25/06/07 15:34:27 INFO BlockManagerInfo: Added rdd_21_49 in memory on 172.19.0.7:37887 (size: 46.0 B, free: 1048.6 MiB)
[2025-06-07T15:34:27.291+0000] {spark_submit.py:644} INFO - 25/06/07 15:34:27 INFO TaskSetManager: Finished task 46.0 in stage 4.0 (TID 49) in 66 ms on 172.19.0.7 (executor 0) (47/50)
[2025-06-07T15:34:27.297+0000] {spark_submit.py:644} INFO - 25/06/07 15:34:27 INFO TaskSetManager: Finished task 47.0 in stage 4.0 (TID 50) in 65 ms on 172.19.0.7 (executor 0) (48/50)
[2025-06-07T15:34:27.298+0000] {spark_submit.py:644} INFO - 25/06/07 15:34:27 INFO TaskSetManager: Finished task 48.0 in stage 4.0 (TID 51) in 63 ms on 172.19.0.7 (executor 0) (49/50)
[2025-06-07T15:34:27.300+0000] {spark_submit.py:644} INFO - 25/06/07 15:34:27 INFO TaskSetManager: Finished task 49.0 in stage 4.0 (TID 52) in 61 ms on 172.19.0.7 (executor 0) (50/50)
[2025-06-07T15:34:27.300+0000] {spark_submit.py:644} INFO - 25/06/07 15:34:27 INFO TaskSchedulerImpl: Removed TaskSet 4.0, whose tasks have all completed, from pool
[2025-06-07T15:34:27.300+0000] {spark_submit.py:644} INFO - 25/06/07 15:34:27 INFO DAGScheduler: ShuffleMapStage 4 ($anonfun$recordDeltaOperationInternal$1 at DatabricksLogging.scala:128) finished in 1.654 s
[2025-06-07T15:34:27.301+0000] {spark_submit.py:644} INFO - 25/06/07 15:34:27 INFO DAGScheduler: looking for newly runnable stages
[2025-06-07T15:34:27.301+0000] {spark_submit.py:644} INFO - 25/06/07 15:34:27 INFO DAGScheduler: running: Set()
[2025-06-07T15:34:27.301+0000] {spark_submit.py:644} INFO - 25/06/07 15:34:27 INFO DAGScheduler: waiting: Set()
[2025-06-07T15:34:27.301+0000] {spark_submit.py:644} INFO - 25/06/07 15:34:27 INFO DAGScheduler: failed: Set()
[2025-06-07T15:34:27.316+0000] {spark_submit.py:644} INFO - 25/06/07 15:34:27 INFO SparkContext: Starting job: $anonfun$recordDeltaOperationInternal$1 at DatabricksLogging.scala:128
[2025-06-07T15:34:27.317+0000] {spark_submit.py:644} INFO - 25/06/07 15:34:27 INFO DAGScheduler: Got job 5 ($anonfun$recordDeltaOperationInternal$1 at DatabricksLogging.scala:128) with 1 output partitions
[2025-06-07T15:34:27.318+0000] {spark_submit.py:644} INFO - 25/06/07 15:34:27 INFO DAGScheduler: Final stage: ResultStage 7 ($anonfun$recordDeltaOperationInternal$1 at DatabricksLogging.scala:128)
[2025-06-07T15:34:27.318+0000] {spark_submit.py:644} INFO - 25/06/07 15:34:27 INFO DAGScheduler: Parents of final stage: List(ShuffleMapStage 6)
[2025-06-07T15:34:27.318+0000] {spark_submit.py:644} INFO - 25/06/07 15:34:27 INFO DAGScheduler: Missing parents: List()
[2025-06-07T15:34:27.318+0000] {spark_submit.py:644} INFO - 25/06/07 15:34:27 INFO DAGScheduler: Submitting ResultStage 7 (MapPartitionsRDD[27] at $anonfun$recordDeltaOperationInternal$1 at DatabricksLogging.scala:128), which has no missing parents
[2025-06-07T15:34:27.321+0000] {spark_submit.py:644} INFO - 25/06/07 15:34:27 INFO MemoryStore: Block broadcast_8 stored as values in memory (estimated size 534.0 KiB, free 432.4 MiB)
[2025-06-07T15:34:27.323+0000] {spark_submit.py:644} INFO - 25/06/07 15:34:27 INFO MemoryStore: Block broadcast_8_piece0 stored as bytes in memory (estimated size 124.6 KiB, free 432.3 MiB)
[2025-06-07T15:34:27.323+0000] {spark_submit.py:644} INFO - 25/06/07 15:34:27 INFO BlockManagerInfo: Added broadcast_8_piece0 in memory on a8930d57bcb9:42105 (size: 124.6 KiB, free: 434.0 MiB)
[2025-06-07T15:34:27.324+0000] {spark_submit.py:644} INFO - 25/06/07 15:34:27 INFO SparkContext: Created broadcast 8 from broadcast at DAGScheduler.scala:1585
[2025-06-07T15:34:27.324+0000] {spark_submit.py:644} INFO - 25/06/07 15:34:27 INFO DAGScheduler: Submitting 1 missing tasks from ResultStage 7 (MapPartitionsRDD[27] at $anonfun$recordDeltaOperationInternal$1 at DatabricksLogging.scala:128) (first 15 tasks are for partitions Vector(0))
[2025-06-07T15:34:27.324+0000] {spark_submit.py:644} INFO - 25/06/07 15:34:27 INFO TaskSchedulerImpl: Adding task set 7.0 with 1 tasks resource profile 0
[2025-06-07T15:34:27.325+0000] {spark_submit.py:644} INFO - 25/06/07 15:34:27 INFO TaskSetManager: Starting task 0.0 in stage 7.0 (TID 53) (172.19.0.7, executor 0, partition 0, NODE_LOCAL, 10186 bytes)
[2025-06-07T15:34:27.333+0000] {spark_submit.py:644} INFO - 25/06/07 15:34:27 INFO BlockManagerInfo: Added broadcast_8_piece0 in memory on 172.19.0.7:37887 (size: 124.6 KiB, free: 1048.5 MiB)
[2025-06-07T15:34:27.341+0000] {spark_submit.py:644} INFO - 25/06/07 15:34:27 INFO MapOutputTrackerMasterEndpoint: Asked to send map output locations for shuffle 1 to 172.19.0.7:44744
[2025-06-07T15:34:27.372+0000] {spark_submit.py:644} INFO - 25/06/07 15:34:27 INFO TaskSetManager: Finished task 0.0 in stage 7.0 (TID 53) in 48 ms on 172.19.0.7 (executor 0) (1/1)
[2025-06-07T15:34:27.373+0000] {spark_submit.py:644} INFO - 25/06/07 15:34:27 INFO TaskSchedulerImpl: Removed TaskSet 7.0, whose tasks have all completed, from pool
[2025-06-07T15:34:27.373+0000] {spark_submit.py:644} INFO - 25/06/07 15:34:27 INFO DAGScheduler: ResultStage 7 ($anonfun$recordDeltaOperationInternal$1 at DatabricksLogging.scala:128) finished in 0.054 s
[2025-06-07T15:34:27.373+0000] {spark_submit.py:644} INFO - 25/06/07 15:34:27 INFO DAGScheduler: Job 5 is finished. Cancelling potential speculative or zombie tasks for this job
[2025-06-07T15:34:27.374+0000] {spark_submit.py:644} INFO - 25/06/07 15:34:27 INFO TaskSchedulerImpl: Killing all running tasks in stage 7: Stage finished
[2025-06-07T15:34:27.374+0000] {spark_submit.py:644} INFO - 25/06/07 15:34:27 INFO DAGScheduler: Job 5 finished: $anonfun$recordDeltaOperationInternal$1 at DatabricksLogging.scala:128, took 0.056566 s
[2025-06-07T15:34:27.410+0000] {spark_submit.py:644} INFO - 25/06/07 15:34:27 INFO CodeGenerator: Code generated in 28.642916 ms
[2025-06-07T15:34:27.412+0000] {spark_submit.py:644} INFO - 25/06/07 15:34:27 INFO Snapshot: [tableId=5e615861-7cc9-42a0-a52d-f756bf7aff21] DELTA: Done
[2025-06-07T15:34:27.422+0000] {spark_submit.py:644} INFO - 25/06/07 15:34:27 INFO OptimisticTransaction: [tableId=8de7859a,txnId=e9a8c008] Committed delta #0 to s3a://mybucket/sc_stats_db/bronze/raw_data/_delta_log
[2025-06-07T15:34:27.425+0000] {spark_submit.py:644} INFO - Successfully wrote data to: s3a://mybucket/sc_stats_db/bronze/raw_data
[2025-06-07T15:34:27.564+0000] {spark_submit.py:644} INFO - 25/06/07 15:34:27 INFO HiveConf: Found configuration file null
[2025-06-07T15:34:27.580+0000] {spark_submit.py:644} INFO - 25/06/07 15:34:27 INFO HiveUtils: Initializing HiveMetastoreConnection version 2.3.9 using Spark classes.
[2025-06-07T15:34:27.701+0000] {spark_submit.py:644} INFO - 25/06/07 15:34:27 INFO HiveClientImpl: Warehouse location for Hive client (version 2.3.9) is file:/tmp/spark-warehouse
[2025-06-07T15:34:27.733+0000] {spark_submit.py:644} INFO - 25/06/07 15:34:27 INFO metastore: Trying to connect to metastore with URI thrift://hive-metastore:9083
[2025-06-07T15:34:27.749+0000] {spark_submit.py:644} INFO - 25/06/07 15:34:27 INFO metastore: Opened a connection to metastore, current connections: 1
[2025-06-07T15:34:27.776+0000] {spark_submit.py:644} INFO - 25/06/07 15:34:27 INFO metastore: Connected to metastore.
[2025-06-07T15:34:28.041+0000] {spark_submit.py:644} INFO - 25/06/07 15:34:28 INFO CreateDeltaTableCommand: Table is path-based table: false. Update catalog with mode: Create
[2025-06-07T15:34:28.059+0000] {spark_submit.py:644} INFO - 25/06/07 15:34:28 WARN HiveExternalCatalog: Couldn't find corresponding Hive SerDe for data source provider delta. Persisting data source table `spark_catalog`.`sc_stats_db`.`bronze_sc_stats` into Hive metastore in Spark SQL specific format, which is NOT compatible with Hive.
[2025-06-07T15:34:28.093+0000] {spark_submit.py:644} INFO - 25/06/07 15:34:28 INFO SQLStdHiveAccessController: Created SQLStdHiveAccessController for session context : HiveAuthzSessionContext [sessionString=31587c68-8cc5-445a-b23b-0761700bfe08, clientType=HIVECLI]
[2025-06-07T15:34:28.093+0000] {spark_submit.py:644} INFO - 25/06/07 15:34:28 WARN SessionState: METASTORE_FILTER_HOOK will be ignored, since hive.security.authorization.manager is set to instance of HiveAuthorizerFactory.
[2025-06-07T15:34:28.094+0000] {spark_submit.py:644} INFO - 25/06/07 15:34:28 INFO metastore: Mestastore configuration hive.metastore.filter.hook changed from org.apache.hadoop.hive.metastore.DefaultMetaStoreFilterHookImpl to org.apache.hadoop.hive.ql.security.authorization.plugin.AuthorizationMetaStoreFilterHook
[2025-06-07T15:34:28.095+0000] {spark_submit.py:644} INFO - 25/06/07 15:34:28 INFO metastore: Closed a connection to metastore, current connections: 0
[2025-06-07T15:34:28.095+0000] {spark_submit.py:644} INFO - 25/06/07 15:34:28 INFO metastore: Trying to connect to metastore with URI thrift://hive-metastore:9083
[2025-06-07T15:34:28.096+0000] {spark_submit.py:644} INFO - 25/06/07 15:34:28 INFO metastore: Opened a connection to metastore, current connections: 1
[2025-06-07T15:34:28.097+0000] {spark_submit.py:644} INFO - 25/06/07 15:34:28 INFO metastore: Connected to metastore.
[2025-06-07T15:34:28.167+0000] {spark_submit.py:644} INFO - 25/06/07 15:34:28 INFO metastore: Trying to connect to metastore with URI thrift://hive-metastore:9083
[2025-06-07T15:34:28.168+0000] {spark_submit.py:644} INFO - 25/06/07 15:34:28 INFO metastore: Opened a connection to metastore, current connections: 2
[2025-06-07T15:34:28.168+0000] {spark_submit.py:644} INFO - 25/06/07 15:34:28 INFO metastore: Connected to metastore.
[2025-06-07T15:34:28.287+0000] {spark_submit.py:644} INFO - Successfully registered table sc_stats_db.bronze_sc_stats in Hive Metastore.
[2025-06-07T15:34:28.287+0000] {spark_submit.py:644} INFO - Bronze ingestion job completed successfully.
[2025-06-07T15:34:28.287+0000] {spark_submit.py:644} INFO - 25/06/07 15:34:28 INFO SparkContext: SparkContext is stopping with exitCode 0.
[2025-06-07T15:34:28.295+0000] {spark_submit.py:644} INFO - 25/06/07 15:34:28 INFO SparkUI: Stopped Spark web UI at http://a8930d57bcb9:4040
[2025-06-07T15:34:28.296+0000] {spark_submit.py:644} INFO - 25/06/07 15:34:28 INFO StandaloneSchedulerBackend: Shutting down all executors
[2025-06-07T15:34:28.297+0000] {spark_submit.py:644} INFO - 25/06/07 15:34:28 INFO StandaloneSchedulerBackend$StandaloneDriverEndpoint: Asking each executor to shut down
[2025-06-07T15:34:28.309+0000] {spark_submit.py:644} INFO - 25/06/07 15:34:28 INFO MapOutputTrackerMasterEndpoint: MapOutputTrackerMasterEndpoint stopped!
[2025-06-07T15:34:28.324+0000] {spark_submit.py:644} INFO - 25/06/07 15:34:28 INFO MemoryStore: MemoryStore cleared
[2025-06-07T15:34:28.324+0000] {spark_submit.py:644} INFO - 25/06/07 15:34:28 INFO BlockManager: BlockManager stopped
[2025-06-07T15:34:28.328+0000] {spark_submit.py:644} INFO - 25/06/07 15:34:28 INFO BlockManagerMaster: BlockManagerMaster stopped
[2025-06-07T15:34:28.329+0000] {spark_submit.py:644} INFO - 25/06/07 15:34:28 INFO OutputCommitCoordinator$OutputCommitCoordinatorEndpoint: OutputCommitCoordinator stopped!
[2025-06-07T15:34:28.350+0000] {spark_submit.py:644} INFO - 25/06/07 15:34:28 INFO SparkContext: Successfully stopped SparkContext
[2025-06-07T15:34:28.807+0000] {spark_submit.py:644} INFO - 25/06/07 15:34:28 INFO ShutdownHookManager: Shutdown hook called
[2025-06-07T15:34:28.808+0000] {spark_submit.py:644} INFO - 25/06/07 15:34:28 INFO ShutdownHookManager: Deleting directory /tmp/spark-43201782-6cb1-4e6d-872e-29d11aa06bf6/pyspark-0e1e4297-6357-410b-9995-8a8743dab52c
[2025-06-07T15:34:28.810+0000] {spark_submit.py:644} INFO - 25/06/07 15:34:28 INFO ShutdownHookManager: Deleting directory /tmp/spark-43201782-6cb1-4e6d-872e-29d11aa06bf6
[2025-06-07T15:34:28.811+0000] {spark_submit.py:644} INFO - 25/06/07 15:34:28 INFO ShutdownHookManager: Deleting directory /tmp/spark-3ca637a9-76ad-406b-a6d1-aec0474cb593
[2025-06-07T15:34:28.814+0000] {spark_submit.py:644} INFO - 25/06/07 15:34:28 INFO MetricsSystemImpl: Stopping s3a-file-system metrics system...
[2025-06-07T15:34:28.815+0000] {spark_submit.py:644} INFO - 25/06/07 15:34:28 INFO MetricsSystemImpl: s3a-file-system metrics system stopped.
[2025-06-07T15:34:28.815+0000] {spark_submit.py:644} INFO - 25/06/07 15:34:28 INFO MetricsSystemImpl: s3a-file-system metrics system shutdown complete.
[2025-06-07T15:34:28.864+0000] {taskinstance.py:340} INFO - ::group::Post task execution logs
[2025-06-07T15:34:28.865+0000] {taskinstance.py:352} INFO - Marking task as SUCCESS. dag_id=stephen_curry_stats_medallion_etl, task_id=bronze_ingestion, run_id=manual__2025-06-07T15:33:09.878326+00:00, execution_date=20250607T153309, start_date=20250607T153311, end_date=20250607T153428
[2025-06-07T15:34:28.899+0000] {local_task_job_runner.py:266} INFO - Task exited with return code 0
[2025-06-07T15:34:28.913+0000] {taskinstance.py:3895} INFO - 1 downstream tasks scheduled from follow-on schedule check
[2025-06-07T15:34:28.913+0000] {local_task_job_runner.py:245} INFO - ::endgroup::
