[2025-06-07T16:03:40.589+0000] {local_task_job_runner.py:123} INFO - ::group::Pre task execution logs
[2025-06-07T16:03:40.598+0000] {taskinstance.py:2613} INFO - Dependencies all met for dep_context=non-requeueable deps ti=<TaskInstance: stephen_curry_stats_medallion_etl.silver_to_gold manual__2025-06-07T16:03:17.602953+00:00 [queued]>
[2025-06-07T16:03:40.602+0000] {taskinstance.py:2613} INFO - Dependencies all met for dep_context=requeueable deps ti=<TaskInstance: stephen_curry_stats_medallion_etl.silver_to_gold manual__2025-06-07T16:03:17.602953+00:00 [queued]>
[2025-06-07T16:03:40.602+0000] {taskinstance.py:2866} INFO - Starting attempt 1 of 1
[2025-06-07T16:03:40.607+0000] {taskinstance.py:2889} INFO - Executing <Task(SparkSubmitOperator): silver_to_gold> on 2025-06-07 16:03:17.602953+00:00
[2025-06-07T16:03:40.610+0000] {standard_task_runner.py:72} INFO - Started process 1845 to run task
[2025-06-07T16:03:40.612+0000] {standard_task_runner.py:104} INFO - Running: ['***', 'tasks', 'run', 'stephen_curry_stats_medallion_etl', 'silver_to_gold', 'manual__2025-06-07T16:03:17.602953+00:00', '--job-id', '12', '--raw', '--subdir', 'DAGS_FOLDER/medallion_sales_etl_dag.py', '--cfg-path', '/tmp/tmp3guiyexz']
[2025-06-07T16:03:40.613+0000] {standard_task_runner.py:105} INFO - Job 12: Subtask silver_to_gold
[2025-06-07T16:03:40.640+0000] {task_command.py:467} INFO - Running <TaskInstance: stephen_curry_stats_medallion_etl.silver_to_gold manual__2025-06-07T16:03:17.602953+00:00 [running]> on host b5e5641a3f5a
[2025-06-07T16:03:40.687+0000] {taskinstance.py:3132} INFO - Exporting env vars: AIRFLOW_CTX_DAG_OWNER='***' AIRFLOW_CTX_DAG_ID='stephen_curry_stats_medallion_etl' AIRFLOW_CTX_TASK_ID='silver_to_gold' AIRFLOW_CTX_EXECUTION_DATE='2025-06-07T16:03:17.602953+00:00' AIRFLOW_CTX_TRY_NUMBER='1' AIRFLOW_CTX_DAG_RUN_ID='manual__2025-06-07T16:03:17.602953+00:00'
[2025-06-07T16:03:40.688+0000] {taskinstance.py:731} INFO - ::endgroup::
[2025-06-07T16:03:40.703+0000] {base.py:84} INFO - Retrieving connection 'spark_default'
[2025-06-07T16:03:40.705+0000] {spark_submit.py:474} INFO - Spark-Submit cmd: spark-submit --master spark://spark-master:7077 --conf spark.executor.memory=2g --conf spark.sql.extensions=io.delta.sql.DeltaSparkSessionExtension --conf spark.sql.catalog.spark_catalog=org.apache.spark.sql.delta.catalog.DeltaCatalog --conf spark.hadoop.fs.s3a.endpoint=http://minio:9000 --conf spark.hadoop.fs.s3a.access.key=minioadmin --conf spark.hadoop.fs.s3a.secret.key=****** --conf spark.hadoop.fs.s3a.path.style.access=true --conf spark.hadoop.fs.s3a.impl=org.apache.hadoop.fs.s3a.S3AFileSystem --conf spark.hadoop.fs.s3a.aws.credentials.provider=org.apache.hadoop.fs.s3a.SimpleAWSCredentialsProvider --packages org.apache.hadoop:hadoop-aws:3.3.4,com.amazonaws:aws-java-sdk-bundle:1.12.262,io.delta:delta-spark_2.12:3.1.0 --name arrow-spark --queue root.default --deploy-mode client dags/silver_to_gold_sc_summary_etl.py --output_path s3a://mybucket/sc_stats_db/gold/summary_data
[2025-06-07T16:03:41.412+0000] {spark_submit.py:644} INFO - :: loading settings :: url = jar:file:/home/***/.local/lib/python3.11/site-packages/pyspark/jars/ivy-2.5.1.jar!/org/apache/ivy/core/settings/ivysettings.xml
[2025-06-07T16:03:41.447+0000] {spark_submit.py:644} INFO - Ivy Default Cache set to: /home/***/.ivy2/cache
[2025-06-07T16:03:41.447+0000] {spark_submit.py:644} INFO - The jars for the packages stored in: /home/***/.ivy2/jars
[2025-06-07T16:03:41.450+0000] {spark_submit.py:644} INFO - org.apache.hadoop#hadoop-aws added as a dependency
[2025-06-07T16:03:41.450+0000] {spark_submit.py:644} INFO - com.amazonaws#aws-java-sdk-bundle added as a dependency
[2025-06-07T16:03:41.450+0000] {spark_submit.py:644} INFO - io.delta#delta-spark_2.12 added as a dependency
[2025-06-07T16:03:41.450+0000] {spark_submit.py:644} INFO - :: resolving dependencies :: org.apache.spark#spark-submit-parent-b838dc29-18ab-4e89-94c3-8ebf08eb14c6;1.0
[2025-06-07T16:03:41.450+0000] {spark_submit.py:644} INFO - confs: [default]
[2025-06-07T16:03:41.532+0000] {spark_submit.py:644} INFO - found org.apache.hadoop#hadoop-aws;3.3.4 in central
[2025-06-07T16:03:41.544+0000] {spark_submit.py:644} INFO - found com.amazonaws#aws-java-sdk-bundle;1.12.262 in central
[2025-06-07T16:03:41.555+0000] {spark_submit.py:644} INFO - found org.wildfly.openssl#wildfly-openssl;1.0.7.Final in central
[2025-06-07T16:03:41.564+0000] {spark_submit.py:644} INFO - found io.delta#delta-spark_2.12;3.1.0 in central
[2025-06-07T16:03:41.572+0000] {spark_submit.py:644} INFO - found io.delta#delta-storage;3.1.0 in central
[2025-06-07T16:03:41.579+0000] {spark_submit.py:644} INFO - found org.antlr#antlr4-runtime;4.9.3 in central
[2025-06-07T16:03:41.596+0000] {spark_submit.py:644} INFO - :: resolution report :: resolve 139ms :: artifacts dl 7ms
[2025-06-07T16:03:41.596+0000] {spark_submit.py:644} INFO - :: modules in use:
[2025-06-07T16:03:41.597+0000] {spark_submit.py:644} INFO - com.amazonaws#aws-java-sdk-bundle;1.12.262 from central in [default]
[2025-06-07T16:03:41.597+0000] {spark_submit.py:644} INFO - io.delta#delta-spark_2.12;3.1.0 from central in [default]
[2025-06-07T16:03:41.597+0000] {spark_submit.py:644} INFO - io.delta#delta-storage;3.1.0 from central in [default]
[2025-06-07T16:03:41.597+0000] {spark_submit.py:644} INFO - org.antlr#antlr4-runtime;4.9.3 from central in [default]
[2025-06-07T16:03:41.597+0000] {spark_submit.py:644} INFO - org.apache.hadoop#hadoop-aws;3.3.4 from central in [default]
[2025-06-07T16:03:41.597+0000] {spark_submit.py:644} INFO - org.wildfly.openssl#wildfly-openssl;1.0.7.Final from central in [default]
[2025-06-07T16:03:41.597+0000] {spark_submit.py:644} INFO - ---------------------------------------------------------------------
[2025-06-07T16:03:41.598+0000] {spark_submit.py:644} INFO - |                  |            modules            ||   artifacts   |
[2025-06-07T16:03:41.598+0000] {spark_submit.py:644} INFO - |       conf       | number| search|dwnlded|evicted|| number|dwnlded|
[2025-06-07T16:03:41.598+0000] {spark_submit.py:644} INFO - ---------------------------------------------------------------------
[2025-06-07T16:03:41.598+0000] {spark_submit.py:644} INFO - |      default     |   6   |   0   |   0   |   0   ||   6   |   0   |
[2025-06-07T16:03:41.598+0000] {spark_submit.py:644} INFO - ---------------------------------------------------------------------
[2025-06-07T16:03:41.599+0000] {spark_submit.py:644} INFO - :: retrieving :: org.apache.spark#spark-submit-parent-b838dc29-18ab-4e89-94c3-8ebf08eb14c6
[2025-06-07T16:03:41.599+0000] {spark_submit.py:644} INFO - confs: [default]
[2025-06-07T16:03:41.603+0000] {spark_submit.py:644} INFO - 0 artifacts copied, 6 already retrieved (0kB/4ms)
[2025-06-07T16:03:41.703+0000] {spark_submit.py:644} INFO - 25/06/07 16:03:41 WARN NativeCodeLoader: Unable to load native-hadoop library for your platform... using builtin-java classes where applicable
[2025-06-07T16:03:42.398+0000] {spark_submit.py:644} INFO - 25/06/07 16:03:42 INFO SparkContext: Running Spark version 3.5.2
[2025-06-07T16:03:42.398+0000] {spark_submit.py:644} INFO - 25/06/07 16:03:42 INFO SparkContext: OS info Linux, 6.10.14-linuxkit, aarch64
[2025-06-07T16:03:42.399+0000] {spark_submit.py:644} INFO - 25/06/07 16:03:42 INFO SparkContext: Java version 17.0.15
[2025-06-07T16:03:42.409+0000] {spark_submit.py:644} INFO - 25/06/07 16:03:42 INFO ResourceUtils: ==============================================================
[2025-06-07T16:03:42.410+0000] {spark_submit.py:644} INFO - 25/06/07 16:03:42 INFO ResourceUtils: No custom resources configured for spark.driver.
[2025-06-07T16:03:42.410+0000] {spark_submit.py:644} INFO - 25/06/07 16:03:42 INFO ResourceUtils: ==============================================================
[2025-06-07T16:03:42.410+0000] {spark_submit.py:644} INFO - 25/06/07 16:03:42 INFO SparkContext: Submitted application: SilverToGoldStephenCurryStats
[2025-06-07T16:03:42.425+0000] {spark_submit.py:644} INFO - 25/06/07 16:03:42 INFO ResourceProfile: Default ResourceProfile created, executor resources: Map(memory -> name: memory, amount: 2048, script: , vendor: , offHeap -> name: offHeap, amount: 0, script: , vendor: ), task resources: Map(cpus -> name: cpus, amount: 1.0)
[2025-06-07T16:03:42.429+0000] {spark_submit.py:644} INFO - 25/06/07 16:03:42 INFO ResourceProfile: Limiting resource is cpu
[2025-06-07T16:03:42.430+0000] {spark_submit.py:644} INFO - 25/06/07 16:03:42 INFO ResourceProfileManager: Added ResourceProfile id: 0
[2025-06-07T16:03:42.459+0000] {spark_submit.py:644} INFO - 25/06/07 16:03:42 INFO SecurityManager: Changing view acls to: ***
[2025-06-07T16:03:42.460+0000] {spark_submit.py:644} INFO - 25/06/07 16:03:42 INFO SecurityManager: Changing modify acls to: ***
[2025-06-07T16:03:42.460+0000] {spark_submit.py:644} INFO - 25/06/07 16:03:42 INFO SecurityManager: Changing view acls groups to:
[2025-06-07T16:03:42.461+0000] {spark_submit.py:644} INFO - 25/06/07 16:03:42 INFO SecurityManager: Changing modify acls groups to:
[2025-06-07T16:03:42.461+0000] {spark_submit.py:644} INFO - 25/06/07 16:03:42 INFO SecurityManager: SecurityManager: authentication disabled; ui acls disabled; users with view permissions: ***; groups with view permissions: EMPTY; users with modify permissions: ***; groups with modify permissions: EMPTY
[2025-06-07T16:03:42.569+0000] {spark_submit.py:644} INFO - 25/06/07 16:03:42 INFO Utils: Successfully started service 'sparkDriver' on port 45751.
[2025-06-07T16:03:42.586+0000] {spark_submit.py:644} INFO - 25/06/07 16:03:42 INFO SparkEnv: Registering MapOutputTracker
[2025-06-07T16:03:42.610+0000] {spark_submit.py:644} INFO - 25/06/07 16:03:42 INFO SparkEnv: Registering BlockManagerMaster
[2025-06-07T16:03:42.617+0000] {spark_submit.py:644} INFO - 25/06/07 16:03:42 INFO BlockManagerMasterEndpoint: Using org.apache.spark.storage.DefaultTopologyMapper for getting topology information
[2025-06-07T16:03:42.617+0000] {spark_submit.py:644} INFO - 25/06/07 16:03:42 INFO BlockManagerMasterEndpoint: BlockManagerMasterEndpoint up
[2025-06-07T16:03:42.619+0000] {spark_submit.py:644} INFO - 25/06/07 16:03:42 INFO SparkEnv: Registering BlockManagerMasterHeartbeat
[2025-06-07T16:03:42.629+0000] {spark_submit.py:644} INFO - 25/06/07 16:03:42 INFO DiskBlockManager: Created local directory at /tmp/blockmgr-8934b708-002d-4efd-a1f2-bffcdbd9f65e
[2025-06-07T16:03:42.636+0000] {spark_submit.py:644} INFO - 25/06/07 16:03:42 INFO MemoryStore: MemoryStore started with capacity 434.4 MiB
[2025-06-07T16:03:42.644+0000] {spark_submit.py:644} INFO - 25/06/07 16:03:42 INFO SparkEnv: Registering OutputCommitCoordinator
[2025-06-07T16:03:42.705+0000] {spark_submit.py:644} INFO - 25/06/07 16:03:42 INFO JettyUtils: Start Jetty 0.0.0.0:4040 for SparkUI
[2025-06-07T16:03:42.741+0000] {spark_submit.py:644} INFO - 25/06/07 16:03:42 INFO Utils: Successfully started service 'SparkUI' on port 4040.
[2025-06-07T16:03:42.760+0000] {spark_submit.py:644} INFO - 25/06/07 16:03:42 INFO SparkContext: Added JAR file:///home/***/.ivy2/jars/org.apache.hadoop_hadoop-aws-3.3.4.jar at spark://b5e5641a3f5a:45751/jars/org.apache.hadoop_hadoop-aws-3.3.4.jar with timestamp 1749312222394
[2025-06-07T16:03:42.761+0000] {spark_submit.py:644} INFO - 25/06/07 16:03:42 INFO SparkContext: Added JAR file:///home/***/.ivy2/jars/com.amazonaws_aws-java-sdk-bundle-1.12.262.jar at spark://b5e5641a3f5a:45751/jars/com.amazonaws_aws-java-sdk-bundle-1.12.262.jar with timestamp 1749312222394
[2025-06-07T16:03:42.761+0000] {spark_submit.py:644} INFO - 25/06/07 16:03:42 INFO SparkContext: Added JAR file:///home/***/.ivy2/jars/io.delta_delta-spark_2.12-3.1.0.jar at spark://b5e5641a3f5a:45751/jars/io.delta_delta-spark_2.12-3.1.0.jar with timestamp 1749312222394
[2025-06-07T16:03:42.761+0000] {spark_submit.py:644} INFO - 25/06/07 16:03:42 INFO SparkContext: Added JAR file:///home/***/.ivy2/jars/org.wildfly.openssl_wildfly-openssl-1.0.7.Final.jar at spark://b5e5641a3f5a:45751/jars/org.wildfly.openssl_wildfly-openssl-1.0.7.Final.jar with timestamp 1749312222394
[2025-06-07T16:03:42.761+0000] {spark_submit.py:644} INFO - 25/06/07 16:03:42 INFO SparkContext: Added JAR file:///home/***/.ivy2/jars/io.delta_delta-storage-3.1.0.jar at spark://b5e5641a3f5a:45751/jars/io.delta_delta-storage-3.1.0.jar with timestamp 1749312222394
[2025-06-07T16:03:42.761+0000] {spark_submit.py:644} INFO - 25/06/07 16:03:42 INFO SparkContext: Added JAR file:///home/***/.ivy2/jars/org.antlr_antlr4-runtime-4.9.3.jar at spark://b5e5641a3f5a:45751/jars/org.antlr_antlr4-runtime-4.9.3.jar with timestamp 1749312222394
[2025-06-07T16:03:42.763+0000] {spark_submit.py:644} INFO - 25/06/07 16:03:42 INFO SparkContext: Added file file:///home/***/.ivy2/jars/org.apache.hadoop_hadoop-aws-3.3.4.jar at spark://b5e5641a3f5a:45751/files/org.apache.hadoop_hadoop-aws-3.3.4.jar with timestamp 1749312222394
[2025-06-07T16:03:42.763+0000] {spark_submit.py:644} INFO - 25/06/07 16:03:42 INFO Utils: Copying /home/***/.ivy2/jars/org.apache.hadoop_hadoop-aws-3.3.4.jar to /tmp/spark-ca4731fc-07cb-4b57-84ff-3ffc0641bdc6/userFiles-83f2ccce-02bb-467d-a16f-c04bd40df762/org.apache.hadoop_hadoop-aws-3.3.4.jar
[2025-06-07T16:03:42.769+0000] {spark_submit.py:644} INFO - 25/06/07 16:03:42 INFO SparkContext: Added file file:///home/***/.ivy2/jars/com.amazonaws_aws-java-sdk-bundle-1.12.262.jar at spark://b5e5641a3f5a:45751/files/com.amazonaws_aws-java-sdk-bundle-1.12.262.jar with timestamp 1749312222394
[2025-06-07T16:03:42.769+0000] {spark_submit.py:644} INFO - 25/06/07 16:03:42 INFO Utils: Copying /home/***/.ivy2/jars/com.amazonaws_aws-java-sdk-bundle-1.12.262.jar to /tmp/spark-ca4731fc-07cb-4b57-84ff-3ffc0641bdc6/userFiles-83f2ccce-02bb-467d-a16f-c04bd40df762/com.amazonaws_aws-java-sdk-bundle-1.12.262.jar
[2025-06-07T16:03:42.844+0000] {spark_submit.py:644} INFO - 25/06/07 16:03:42 INFO SparkContext: Added file file:///home/***/.ivy2/jars/io.delta_delta-spark_2.12-3.1.0.jar at spark://b5e5641a3f5a:45751/files/io.delta_delta-spark_2.12-3.1.0.jar with timestamp 1749312222394
[2025-06-07T16:03:42.844+0000] {spark_submit.py:644} INFO - 25/06/07 16:03:42 INFO Utils: Copying /home/***/.ivy2/jars/io.delta_delta-spark_2.12-3.1.0.jar to /tmp/spark-ca4731fc-07cb-4b57-84ff-3ffc0641bdc6/userFiles-83f2ccce-02bb-467d-a16f-c04bd40df762/io.delta_delta-spark_2.12-3.1.0.jar
[2025-06-07T16:03:42.847+0000] {spark_submit.py:644} INFO - 25/06/07 16:03:42 INFO SparkContext: Added file file:///home/***/.ivy2/jars/org.wildfly.openssl_wildfly-openssl-1.0.7.Final.jar at spark://b5e5641a3f5a:45751/files/org.wildfly.openssl_wildfly-openssl-1.0.7.Final.jar with timestamp 1749312222394
[2025-06-07T16:03:42.848+0000] {spark_submit.py:644} INFO - 25/06/07 16:03:42 INFO Utils: Copying /home/***/.ivy2/jars/org.wildfly.openssl_wildfly-openssl-1.0.7.Final.jar to /tmp/spark-ca4731fc-07cb-4b57-84ff-3ffc0641bdc6/userFiles-83f2ccce-02bb-467d-a16f-c04bd40df762/org.wildfly.openssl_wildfly-openssl-1.0.7.Final.jar
[2025-06-07T16:03:42.849+0000] {spark_submit.py:644} INFO - 25/06/07 16:03:42 INFO SparkContext: Added file file:///home/***/.ivy2/jars/io.delta_delta-storage-3.1.0.jar at spark://b5e5641a3f5a:45751/files/io.delta_delta-storage-3.1.0.jar with timestamp 1749312222394
[2025-06-07T16:03:42.850+0000] {spark_submit.py:644} INFO - 25/06/07 16:03:42 INFO Utils: Copying /home/***/.ivy2/jars/io.delta_delta-storage-3.1.0.jar to /tmp/spark-ca4731fc-07cb-4b57-84ff-3ffc0641bdc6/userFiles-83f2ccce-02bb-467d-a16f-c04bd40df762/io.delta_delta-storage-3.1.0.jar
[2025-06-07T16:03:42.852+0000] {spark_submit.py:644} INFO - 25/06/07 16:03:42 INFO SparkContext: Added file file:///home/***/.ivy2/jars/org.antlr_antlr4-runtime-4.9.3.jar at spark://b5e5641a3f5a:45751/files/org.antlr_antlr4-runtime-4.9.3.jar with timestamp 1749312222394
[2025-06-07T16:03:42.852+0000] {spark_submit.py:644} INFO - 25/06/07 16:03:42 INFO Utils: Copying /home/***/.ivy2/jars/org.antlr_antlr4-runtime-4.9.3.jar to /tmp/spark-ca4731fc-07cb-4b57-84ff-3ffc0641bdc6/userFiles-83f2ccce-02bb-467d-a16f-c04bd40df762/org.antlr_antlr4-runtime-4.9.3.jar
[2025-06-07T16:03:42.891+0000] {spark_submit.py:644} INFO - 25/06/07 16:03:42 INFO StandaloneAppClient$ClientEndpoint: Connecting to master spark://spark-master:7077...
[2025-06-07T16:03:42.913+0000] {spark_submit.py:644} INFO - 25/06/07 16:03:42 INFO TransportClientFactory: Successfully created connection to spark-master/172.19.0.6:7077 after 11 ms (0 ms spent in bootstraps)
[2025-06-07T16:03:42.956+0000] {spark_submit.py:644} INFO - 25/06/07 16:03:42 INFO StandaloneSchedulerBackend: Connected to Spark cluster with app ID app-20250607160342-0006
[2025-06-07T16:03:42.957+0000] {spark_submit.py:644} INFO - 25/06/07 16:03:42 INFO StandaloneAppClient$ClientEndpoint: Executor added: app-20250607160342-0006/0 on worker-20250607155059-172.19.0.7-41643 (172.19.0.7:41643) with 4 core(s)
[2025-06-07T16:03:42.961+0000] {spark_submit.py:644} INFO - 25/06/07 16:03:42 INFO StandaloneSchedulerBackend: Granted executor ID app-20250607160342-0006/0 on hostPort 172.19.0.7:41643 with 4 core(s), 2.0 GiB RAM
[2025-06-07T16:03:42.962+0000] {spark_submit.py:644} INFO - 25/06/07 16:03:42 INFO Utils: Successfully started service 'org.apache.spark.network.netty.NettyBlockTransferService' on port 42869.
[2025-06-07T16:03:42.963+0000] {spark_submit.py:644} INFO - 25/06/07 16:03:42 INFO NettyBlockTransferService: Server created on b5e5641a3f5a:42869
[2025-06-07T16:03:42.963+0000] {spark_submit.py:644} INFO - 25/06/07 16:03:42 INFO BlockManager: Using org.apache.spark.storage.RandomBlockReplicationPolicy for block replication policy
[2025-06-07T16:03:42.966+0000] {spark_submit.py:644} INFO - 25/06/07 16:03:42 INFO BlockManagerMaster: Registering BlockManager BlockManagerId(driver, b5e5641a3f5a, 42869, None)
[2025-06-07T16:03:42.968+0000] {spark_submit.py:644} INFO - 25/06/07 16:03:42 INFO BlockManagerMasterEndpoint: Registering block manager b5e5641a3f5a:42869 with 434.4 MiB RAM, BlockManagerId(driver, b5e5641a3f5a, 42869, None)
[2025-06-07T16:03:42.970+0000] {spark_submit.py:644} INFO - 25/06/07 16:03:42 INFO BlockManagerMaster: Registered BlockManager BlockManagerId(driver, b5e5641a3f5a, 42869, None)
[2025-06-07T16:03:42.971+0000] {spark_submit.py:644} INFO - 25/06/07 16:03:42 INFO BlockManager: Initialized BlockManager: BlockManagerId(driver, b5e5641a3f5a, 42869, None)
[2025-06-07T16:03:42.975+0000] {spark_submit.py:644} INFO - 25/06/07 16:03:42 INFO StandaloneAppClient$ClientEndpoint: Executor updated: app-20250607160342-0006/0 is now RUNNING
[2025-06-07T16:03:43.074+0000] {spark_submit.py:644} INFO - 25/06/07 16:03:43 INFO StandaloneSchedulerBackend: SchedulerBackend is ready for scheduling beginning after reached minRegisteredResourcesRatio: 0.0
[2025-06-07T16:03:43.203+0000] {spark_submit.py:644} INFO - Silver to Gold: Spark session created.
[2025-06-07T16:03:43.207+0000] {spark_submit.py:644} INFO - 25/06/07 16:03:43 INFO SharedState: Setting hive.metastore.warehouse.dir ('null') to the value of spark.sql.warehouse.dir.
[2025-06-07T16:03:43.209+0000] {spark_submit.py:644} INFO - 25/06/07 16:03:43 INFO SharedState: Warehouse path is 'file:/tmp/spark-warehouse'.
[2025-06-07T16:03:43.778+0000] {spark_submit.py:644} INFO - 25/06/07 16:03:43 INFO HiveConf: Found configuration file null
[2025-06-07T16:03:43.783+0000] {spark_submit.py:644} INFO - 25/06/07 16:03:43 INFO HiveUtils: Initializing HiveMetastoreConnection version 2.3.9 using Spark classes.
[2025-06-07T16:03:43.897+0000] {spark_submit.py:644} INFO - 25/06/07 16:03:43 INFO HiveClientImpl: Warehouse location for Hive client (version 2.3.9) is file:/tmp/spark-warehouse
[2025-06-07T16:03:43.914+0000] {spark_submit.py:644} INFO - 25/06/07 16:03:43 INFO metastore: Trying to connect to metastore with URI thrift://hive-metastore:9083
[2025-06-07T16:03:43.924+0000] {spark_submit.py:644} INFO - 25/06/07 16:03:43 INFO metastore: Opened a connection to metastore, current connections: 1
[2025-06-07T16:03:43.935+0000] {spark_submit.py:644} INFO - 25/06/07 16:03:43 INFO metastore: Connected to metastore.
[2025-06-07T16:03:44.435+0000] {spark_submit.py:644} INFO - 25/06/07 16:03:44 WARN MetricsConfig: Cannot locate configuration: tried hadoop-metrics2-s3a-file-system.properties,hadoop-metrics2.properties
[2025-06-07T16:03:44.443+0000] {spark_submit.py:644} INFO - 25/06/07 16:03:44 INFO MetricsSystemImpl: Scheduled Metric snapshot period at 10 second(s).
[2025-06-07T16:03:44.445+0000] {spark_submit.py:644} INFO - 25/06/07 16:03:44 INFO MetricsSystemImpl: s3a-file-system metrics system started
[2025-06-07T16:03:44.567+0000] {spark_submit.py:644} INFO - 25/06/07 16:03:44 INFO StandaloneSchedulerBackend$StandaloneDriverEndpoint: Registered executor NettyRpcEndpointRef(spark-client://Executor) (172.19.0.7:35990) with ID 0,  ResourceProfileId 0
[2025-06-07T16:03:44.605+0000] {spark_submit.py:644} INFO - 25/06/07 16:03:44 INFO BlockManagerMasterEndpoint: Registering block manager 172.19.0.7:46689 with 1048.8 MiB RAM, BlockManagerId(0, 172.19.0.7, 46689, None)
[2025-06-07T16:03:45.025+0000] {spark_submit.py:644} INFO - 25/06/07 16:03:45 INFO InMemoryFileIndex: It took 41 ms to list leaf files for 1 paths.
[2025-06-07T16:03:45.225+0000] {spark_submit.py:644} INFO - Successfully read silver table
[2025-06-07T16:03:45.291+0000] {spark_submit.py:644} INFO - Writing data to Gold layer
[2025-06-07T16:03:45.423+0000] {spark_submit.py:644} INFO - 25/06/07 16:03:45 INFO DelegatingLogStore: LogStore `LogStoreAdapter(io.delta.storage.S3SingleDriverLogStore)` is used for scheme `s3a`
[2025-06-07T16:03:45.474+0000] {spark_submit.py:644} INFO - 25/06/07 16:03:45 INFO DeltaLog: Loading version 0.
[2025-06-07T16:03:46.246+0000] {spark_submit.py:644} INFO - 25/06/07 16:03:46 INFO DeltaLogFileIndex: Created DeltaLogFileIndex(JSON, numFilesInSegment: 1, totalFileSize: 4149)
[2025-06-07T16:03:46.539+0000] {spark_submit.py:644} INFO - 25/06/07 16:03:46 INFO DataSourceStrategy: Pruning directories with:
[2025-06-07T16:03:46.542+0000] {spark_submit.py:644} INFO - 25/06/07 16:03:46 INFO FileSourceStrategy: Pushed Filters:
[2025-06-07T16:03:46.543+0000] {spark_submit.py:644} INFO - 25/06/07 16:03:46 INFO FileSourceStrategy: Post-Scan Filters: (isnotnull(protocol#127.minReaderVersion) OR isnotnull(metaData#126.id))
[2025-06-07T16:03:46.770+0000] {spark_submit.py:644} INFO - 25/06/07 16:03:46 INFO CodeGenerator: Code generated in 137.698042 ms
[2025-06-07T16:03:46.793+0000] {spark_submit.py:644} INFO - 25/06/07 16:03:46 INFO MemoryStore: Block broadcast_0 stored as values in memory (estimated size 205.3 KiB, free 434.2 MiB)
[2025-06-07T16:03:46.820+0000] {spark_submit.py:644} INFO - 25/06/07 16:03:46 INFO MemoryStore: Block broadcast_0_piece0 stored as bytes in memory (estimated size 36.1 KiB, free 434.2 MiB)
[2025-06-07T16:03:46.822+0000] {spark_submit.py:644} INFO - 25/06/07 16:03:46 INFO BlockManagerInfo: Added broadcast_0_piece0 in memory on b5e5641a3f5a:42869 (size: 36.1 KiB, free: 434.4 MiB)
[2025-06-07T16:03:46.824+0000] {spark_submit.py:644} INFO - 25/06/07 16:03:46 INFO SparkContext: Created broadcast 0 from toString at String.java:4220
[2025-06-07T16:03:46.840+0000] {spark_submit.py:644} INFO - 25/06/07 16:03:46 INFO FileSourceScanExec: Planning scan with bin packing, max size: 4194304 bytes, open cost is considered as scanning 4194304 bytes.
[2025-06-07T16:03:46.935+0000] {spark_submit.py:644} INFO - 25/06/07 16:03:46 INFO SparkContext: Starting job: toString at String.java:4220
[2025-06-07T16:03:46.943+0000] {spark_submit.py:644} INFO - 25/06/07 16:03:46 INFO DAGScheduler: Got job 0 (toString at String.java:4220) with 1 output partitions
[2025-06-07T16:03:46.944+0000] {spark_submit.py:644} INFO - 25/06/07 16:03:46 INFO DAGScheduler: Final stage: ResultStage 0 (toString at String.java:4220)
[2025-06-07T16:03:46.944+0000] {spark_submit.py:644} INFO - 25/06/07 16:03:46 INFO DAGScheduler: Parents of final stage: List()
[2025-06-07T16:03:46.944+0000] {spark_submit.py:644} INFO - 25/06/07 16:03:46 INFO DAGScheduler: Missing parents: List()
[2025-06-07T16:03:46.946+0000] {spark_submit.py:644} INFO - 25/06/07 16:03:46 INFO DAGScheduler: Submitting ResultStage 0 (MapPartitionsRDD[3] at toString at String.java:4220), which has no missing parents
[2025-06-07T16:03:46.953+0000] {spark_submit.py:644} INFO - 25/06/07 16:03:46 INFO MemoryStore: Block broadcast_1 stored as values in memory (estimated size 40.0 KiB, free 434.1 MiB)
[2025-06-07T16:03:46.954+0000] {spark_submit.py:644} INFO - 25/06/07 16:03:46 INFO MemoryStore: Block broadcast_1_piece0 stored as bytes in memory (estimated size 13.7 KiB, free 434.1 MiB)
[2025-06-07T16:03:46.955+0000] {spark_submit.py:644} INFO - 25/06/07 16:03:46 INFO BlockManagerInfo: Added broadcast_1_piece0 in memory on b5e5641a3f5a:42869 (size: 13.7 KiB, free: 434.4 MiB)
[2025-06-07T16:03:46.955+0000] {spark_submit.py:644} INFO - 25/06/07 16:03:46 INFO SparkContext: Created broadcast 1 from broadcast at DAGScheduler.scala:1585
[2025-06-07T16:03:46.965+0000] {spark_submit.py:644} INFO - 25/06/07 16:03:46 INFO DAGScheduler: Submitting 1 missing tasks from ResultStage 0 (MapPartitionsRDD[3] at toString at String.java:4220) (first 15 tasks are for partitions Vector(0))
[2025-06-07T16:03:46.966+0000] {spark_submit.py:644} INFO - 25/06/07 16:03:46 INFO TaskSchedulerImpl: Adding task set 0.0 with 1 tasks resource profile 0
[2025-06-07T16:03:46.981+0000] {spark_submit.py:644} INFO - 25/06/07 16:03:46 INFO TaskSetManager: Starting task 0.0 in stage 0.0 (TID 0) (172.19.0.7, executor 0, partition 0, PROCESS_LOCAL, 10844 bytes)
[2025-06-07T16:03:47.101+0000] {spark_submit.py:644} INFO - 25/06/07 16:03:47 INFO BlockManagerInfo: Added broadcast_1_piece0 in memory on 172.19.0.7:46689 (size: 13.7 KiB, free: 1048.8 MiB)
[2025-06-07T16:03:47.594+0000] {spark_submit.py:644} INFO - 25/06/07 16:03:47 INFO BlockManagerInfo: Added broadcast_0_piece0 in memory on 172.19.0.7:46689 (size: 36.1 KiB, free: 1048.8 MiB)
[2025-06-07T16:03:48.158+0000] {spark_submit.py:644} INFO - 25/06/07 16:03:48 INFO TaskSetManager: Finished task 0.0 in stage 0.0 (TID 0) in 1183 ms on 172.19.0.7 (executor 0) (1/1)
[2025-06-07T16:03:48.159+0000] {spark_submit.py:644} INFO - 25/06/07 16:03:48 INFO TaskSchedulerImpl: Removed TaskSet 0.0, whose tasks have all completed, from pool
[2025-06-07T16:03:48.162+0000] {spark_submit.py:644} INFO - 25/06/07 16:03:48 INFO DAGScheduler: ResultStage 0 (toString at String.java:4220) finished in 1.211 s
[2025-06-07T16:03:48.164+0000] {spark_submit.py:644} INFO - 25/06/07 16:03:48 INFO DAGScheduler: Job 0 is finished. Cancelling potential speculative or zombie tasks for this job
[2025-06-07T16:03:48.164+0000] {spark_submit.py:644} INFO - 25/06/07 16:03:48 INFO TaskSchedulerImpl: Killing all running tasks in stage 0: Stage finished
[2025-06-07T16:03:48.166+0000] {spark_submit.py:644} INFO - 25/06/07 16:03:48 INFO DAGScheduler: Job 0 finished: toString at String.java:4220, took 1.229873 s
[2025-06-07T16:03:48.209+0000] {spark_submit.py:644} INFO - 25/06/07 16:03:48 INFO BlockManagerInfo: Removed broadcast_1_piece0 on b5e5641a3f5a:42869 in memory (size: 13.7 KiB, free: 434.4 MiB)
[2025-06-07T16:03:48.214+0000] {spark_submit.py:644} INFO - 25/06/07 16:03:48 INFO BlockManagerInfo: Removed broadcast_1_piece0 on 172.19.0.7:46689 in memory (size: 13.7 KiB, free: 1048.8 MiB)
[2025-06-07T16:03:48.223+0000] {spark_submit.py:644} INFO - 25/06/07 16:03:48 INFO CodeGenerator: Code generated in 41.291792 ms
[2025-06-07T16:03:48.227+0000] {spark_submit.py:644} INFO - 25/06/07 16:03:48 INFO Snapshot: [tableId=b8667758-f706-4002-bc38-0d8993c08307] Created snapshot Snapshot(path=s3a://mybucket/sc_stats_db/gold/summary_data/_delta_log, version=0, metadata=Metadata(5498a60c-0405-44de-bab5-d99d0ed0ad1e,null,null,Format(parquet,Map()),{"type":"struct","fields":[{"name":"Season_year","type":"string","nullable":true,"metadata":{}},{"name":"Season_div","type":"string","nullable":true,"metadata":{}},{"name":"Date","type":"date","nullable":true,"metadata":{}},{"name":"OPP","type":"string","nullable":true,"metadata":{}},{"name":"Result","type":"string","nullable":true,"metadata":{}},{"name":"T_Score","type":"long","nullable":true,"metadata":{}},{"name":"O_Score","type":"long","nullable":true,"metadata":{}},{"name":"MIN","type":"double","nullable":true,"metadata":{}},{"name":"FG","type":"string","nullable":true,"metadata":{}},{"name":"FGM","type":"long","nullable":true,"metadata":{}},{"name":"FGA","type":"long","nullable":true,"metadata":{}},{"name":"FG_Percentage","type":"double","nullable":true,"metadata":{}},{"name":"3PT","type":"string","nullable":true,"metadata":{}},{"name":"3PTM","type":"long","nullable":true,"metadata":{}},{"name":"3PTA","type":"long","nullable":true,"metadata":{}},{"name":"3P_Percentage","type":"double","nullable":true,"metadata":{}},{"name":"FT","type":"string","nullable":true,"metadata":{}},{"name":"FTM","type":"long","nullable":true,"metadata":{}},{"name":"FTA","type":"long","nullable":true,"metadata":{}},{"name":"FT_Percentage","type":"double","nullable":true,"metadata":{}},{"name":"REB","type":"long","nullable":true,"metadata":{}},{"name":"AST","type":"long","nullable":true,"metadata":{}},{"name":"BLK","type":"long","nullable":true,"metadata":{}},{"name":"STL","type":"long","nullable":true,"metadata":{}},{"name":"PF","type":"long","nullable":true,"metadata":{}},{"name":"TO","type":"long","nullable":true,"metadata":{}},{"name":"PTS","type":"long","nullable":true,"metadata":{}},{"name":"Point_Difference","type":"long","nullable":true,"metadata":{}},{"name":"processing_date","type":"date","nullable":true,"metadata":{}}]},List(),Map(),Some(1749311626334)), logSegment=LogSegment(s3a://mybucket/sc_stats_db/gold/summary_data/_delta_log,0,WrappedArray(S3AFileStatus{path=s3a://mybucket/sc_stats_db/gold/summary_data/_delta_log/00000000000000000000.json; isDirectory=false; length=4149; replication=1; blocksize=33554432; modification_time=1749311631878; access_time=0; owner=***; group=***; permission=rw-rw-rw-; isSymlink=false; hasAcl=false; isEncrypted=true; isErasureCoded=false} isEmptyDirectory=FALSE eTag=c3acb3e0a02d2e7792a852a1570c3d9b versionId=null),org.apache.spark.sql.delta.EmptyCheckpointProvider$@50e1bb5c,1749311631878), checksumOpt=None)
[2025-06-07T16:03:48.366+0000] {spark_submit.py:644} INFO - 25/06/07 16:03:48 WARN SparkStringUtils: Truncated the string representation of a plan since it was too large. This behavior can be adjusted by setting 'spark.sql.debug.maxToStringFields'.
[2025-06-07T16:03:48.414+0000] {spark_submit.py:644} INFO - 25/06/07 16:03:48 INFO FileSourceStrategy: Pushed Filters:
[2025-06-07T16:03:48.414+0000] {spark_submit.py:644} INFO - 25/06/07 16:03:48 INFO FileSourceStrategy: Post-Scan Filters:
[2025-06-07T16:03:48.543+0000] {spark_submit.py:644} INFO - 25/06/07 16:03:48 INFO ParquetUtils: Using default output committer for Parquet: org.apache.parquet.hadoop.ParquetOutputCommitter
[2025-06-07T16:03:48.557+0000] {spark_submit.py:644} INFO - 25/06/07 16:03:48 INFO FileOutputCommitter: File Output Committer Algorithm version is 1
[2025-06-07T16:03:48.558+0000] {spark_submit.py:644} INFO - 25/06/07 16:03:48 INFO FileOutputCommitter: FileOutputCommitter skip cleanup _temporary folders under output directory:false, ignore cleanup failures: false
[2025-06-07T16:03:48.558+0000] {spark_submit.py:644} INFO - 25/06/07 16:03:48 INFO SQLHadoopMapReduceCommitProtocol: Using user defined output committer class org.apache.parquet.hadoop.ParquetOutputCommitter
[2025-06-07T16:03:48.558+0000] {spark_submit.py:644} INFO - 25/06/07 16:03:48 INFO FileOutputCommitter: File Output Committer Algorithm version is 1
[2025-06-07T16:03:48.558+0000] {spark_submit.py:644} INFO - 25/06/07 16:03:48 INFO FileOutputCommitter: FileOutputCommitter skip cleanup _temporary folders under output directory:false, ignore cleanup failures: false
[2025-06-07T16:03:48.558+0000] {spark_submit.py:644} INFO - 25/06/07 16:03:48 INFO SQLHadoopMapReduceCommitProtocol: Using output committer class org.apache.parquet.hadoop.ParquetOutputCommitter
[2025-06-07T16:03:48.612+0000] {spark_submit.py:644} INFO - 25/06/07 16:03:48 INFO CodeGenerator: Code generated in 23.377625 ms
[2025-06-07T16:03:48.619+0000] {spark_submit.py:644} INFO - 25/06/07 16:03:48 INFO MemoryStore: Block broadcast_2 stored as values in memory (estimated size 210.1 KiB, free 434.0 MiB)
[2025-06-07T16:03:48.626+0000] {spark_submit.py:644} INFO - 25/06/07 16:03:48 INFO MemoryStore: Block broadcast_2_piece0 stored as bytes in memory (estimated size 37.1 KiB, free 433.9 MiB)
[2025-06-07T16:03:48.627+0000] {spark_submit.py:644} INFO - 25/06/07 16:03:48 INFO BlockManagerInfo: Added broadcast_2_piece0 in memory on b5e5641a3f5a:42869 (size: 37.1 KiB, free: 434.3 MiB)
[2025-06-07T16:03:48.628+0000] {spark_submit.py:644} INFO - 25/06/07 16:03:48 INFO SparkContext: Created broadcast 2 from saveAsTable at NativeMethodAccessorImpl.java:0
[2025-06-07T16:03:48.631+0000] {spark_submit.py:644} INFO - 25/06/07 16:03:48 INFO FileSourceScanExec: Planning scan with bin packing, max size: 4194304 bytes, open cost is considered as scanning 4194304 bytes.
[2025-06-07T16:03:48.637+0000] {spark_submit.py:644} INFO - 25/06/07 16:03:48 INFO SparkContext: Starting job: saveAsTable at NativeMethodAccessorImpl.java:0
[2025-06-07T16:03:48.639+0000] {spark_submit.py:644} INFO - 25/06/07 16:03:48 INFO DAGScheduler: Got job 1 (saveAsTable at NativeMethodAccessorImpl.java:0) with 1 output partitions
[2025-06-07T16:03:48.639+0000] {spark_submit.py:644} INFO - 25/06/07 16:03:48 INFO DAGScheduler: Final stage: ResultStage 1 (saveAsTable at NativeMethodAccessorImpl.java:0)
[2025-06-07T16:03:48.639+0000] {spark_submit.py:644} INFO - 25/06/07 16:03:48 INFO DAGScheduler: Parents of final stage: List()
[2025-06-07T16:03:48.639+0000] {spark_submit.py:644} INFO - 25/06/07 16:03:48 INFO DAGScheduler: Missing parents: List()
[2025-06-07T16:03:48.639+0000] {spark_submit.py:644} INFO - 25/06/07 16:03:48 INFO DAGScheduler: Submitting ResultStage 1 (MapPartitionsRDD[7] at saveAsTable at NativeMethodAccessorImpl.java:0), which has no missing parents
[2025-06-07T16:03:48.652+0000] {spark_submit.py:644} INFO - 25/06/07 16:03:48 INFO BlockManagerInfo: Removed broadcast_0_piece0 on b5e5641a3f5a:42869 in memory (size: 36.1 KiB, free: 434.4 MiB)
[2025-06-07T16:03:48.655+0000] {spark_submit.py:644} INFO - 25/06/07 16:03:48 INFO BlockManagerInfo: Removed broadcast_0_piece0 on 172.19.0.7:46689 in memory (size: 36.1 KiB, free: 1048.8 MiB)
[2025-06-07T16:03:48.665+0000] {spark_submit.py:644} INFO - 25/06/07 16:03:48 INFO MemoryStore: Block broadcast_3 stored as values in memory (estimated size 242.8 KiB, free 433.9 MiB)
[2025-06-07T16:03:48.666+0000] {spark_submit.py:644} INFO - 25/06/07 16:03:48 INFO MemoryStore: Block broadcast_3_piece0 stored as bytes in memory (estimated size 83.4 KiB, free 433.8 MiB)
[2025-06-07T16:03:48.666+0000] {spark_submit.py:644} INFO - 25/06/07 16:03:48 INFO BlockManagerInfo: Added broadcast_3_piece0 in memory on b5e5641a3f5a:42869 (size: 83.4 KiB, free: 434.3 MiB)
[2025-06-07T16:03:48.666+0000] {spark_submit.py:644} INFO - 25/06/07 16:03:48 INFO SparkContext: Created broadcast 3 from broadcast at DAGScheduler.scala:1585
[2025-06-07T16:03:48.667+0000] {spark_submit.py:644} INFO - 25/06/07 16:03:48 INFO DAGScheduler: Submitting 1 missing tasks from ResultStage 1 (MapPartitionsRDD[7] at saveAsTable at NativeMethodAccessorImpl.java:0) (first 15 tasks are for partitions Vector(0))
[2025-06-07T16:03:48.667+0000] {spark_submit.py:644} INFO - 25/06/07 16:03:48 INFO TaskSchedulerImpl: Adding task set 1.0 with 1 tasks resource profile 0
[2025-06-07T16:03:48.668+0000] {spark_submit.py:644} INFO - 25/06/07 16:03:48 INFO TaskSetManager: Starting task 0.0 in stage 1.0 (TID 1) (172.19.0.7, executor 0, partition 0, PROCESS_LOCAL, 10867 bytes)
[2025-06-07T16:03:48.683+0000] {spark_submit.py:644} INFO - 25/06/07 16:03:48 INFO BlockManagerInfo: Added broadcast_3_piece0 in memory on 172.19.0.7:46689 (size: 83.4 KiB, free: 1048.7 MiB)
[2025-06-07T16:03:48.964+0000] {spark_submit.py:644} INFO - 25/06/07 16:03:48 INFO BlockManagerInfo: Added broadcast_2_piece0 in memory on 172.19.0.7:46689 (size: 37.1 KiB, free: 1048.7 MiB)
[2025-06-07T16:03:49.471+0000] {spark_submit.py:644} INFO - 25/06/07 16:03:49 INFO TaskSetManager: Finished task 0.0 in stage 1.0 (TID 1) in 804 ms on 172.19.0.7 (executor 0) (1/1)
[2025-06-07T16:03:49.471+0000] {spark_submit.py:644} INFO - 25/06/07 16:03:49 INFO TaskSchedulerImpl: Removed TaskSet 1.0, whose tasks have all completed, from pool
[2025-06-07T16:03:49.472+0000] {spark_submit.py:644} INFO - 25/06/07 16:03:49 INFO DAGScheduler: ResultStage 1 (saveAsTable at NativeMethodAccessorImpl.java:0) finished in 0.831 s
[2025-06-07T16:03:49.472+0000] {spark_submit.py:644} INFO - 25/06/07 16:03:49 INFO DAGScheduler: Job 1 is finished. Cancelling potential speculative or zombie tasks for this job
[2025-06-07T16:03:49.472+0000] {spark_submit.py:644} INFO - 25/06/07 16:03:49 INFO TaskSchedulerImpl: Killing all running tasks in stage 1: Stage finished
[2025-06-07T16:03:49.473+0000] {spark_submit.py:644} INFO - 25/06/07 16:03:49 INFO DAGScheduler: Job 1 finished: saveAsTable at NativeMethodAccessorImpl.java:0, took 0.835093 s
[2025-06-07T16:03:49.473+0000] {spark_submit.py:644} INFO - 25/06/07 16:03:49 INFO FileFormatWriter: Start to commit write Job 4c66ac0e-4a38-425c-9754-098fcca9f21a.
[2025-06-07T16:03:49.586+0000] {spark_submit.py:644} INFO - 25/06/07 16:03:49 INFO FileFormatWriter: Write Job 4c66ac0e-4a38-425c-9754-098fcca9f21a committed. Elapsed time: 111 ms.
[2025-06-07T16:03:49.587+0000] {spark_submit.py:644} INFO - 25/06/07 16:03:49 INFO FileFormatWriter: Finished processing stats for write job 4c66ac0e-4a38-425c-9754-098fcca9f21a.
[2025-06-07T16:03:49.608+0000] {spark_submit.py:644} INFO - 25/06/07 16:03:49 INFO InMemoryFileIndex: It took 4 ms to list leaf files for 1 paths.
[2025-06-07T16:03:49.624+0000] {spark_submit.py:644} INFO - 25/06/07 16:03:49 INFO HiveExternalCatalog: Persisting file based data source table `spark_catalog`.`sc_stats_db`.`gold_sc_summary` into Hive metastore in Hive compatible format.
[2025-06-07T16:03:49.636+0000] {spark_submit.py:644} INFO - 25/06/07 16:03:49 INFO SQLStdHiveAccessController: Created SQLStdHiveAccessController for session context : HiveAuthzSessionContext [sessionString=0756ddd2-d05a-4d33-bcf9-d7f441df6627, clientType=HIVECLI]
[2025-06-07T16:03:49.637+0000] {spark_submit.py:644} INFO - 25/06/07 16:03:49 WARN SessionState: METASTORE_FILTER_HOOK will be ignored, since hive.security.authorization.manager is set to instance of HiveAuthorizerFactory.
[2025-06-07T16:03:49.637+0000] {spark_submit.py:644} INFO - 25/06/07 16:03:49 INFO metastore: Mestastore configuration hive.metastore.filter.hook changed from org.apache.hadoop.hive.metastore.DefaultMetaStoreFilterHookImpl to org.apache.hadoop.hive.ql.security.authorization.plugin.AuthorizationMetaStoreFilterHook
[2025-06-07T16:03:49.639+0000] {spark_submit.py:644} INFO - 25/06/07 16:03:49 INFO metastore: Closed a connection to metastore, current connections: 0
[2025-06-07T16:03:49.640+0000] {spark_submit.py:644} INFO - 25/06/07 16:03:49 INFO metastore: Trying to connect to metastore with URI thrift://hive-metastore:9083
[2025-06-07T16:03:49.640+0000] {spark_submit.py:644} INFO - 25/06/07 16:03:49 INFO metastore: Opened a connection to metastore, current connections: 1
[2025-06-07T16:03:49.641+0000] {spark_submit.py:644} INFO - 25/06/07 16:03:49 INFO metastore: Connected to metastore.
[2025-06-07T16:03:49.666+0000] {spark_submit.py:644} INFO - 25/06/07 16:03:49 INFO metastore: Trying to connect to metastore with URI thrift://hive-metastore:9083
[2025-06-07T16:03:49.667+0000] {spark_submit.py:644} INFO - 25/06/07 16:03:49 INFO metastore: Opened a connection to metastore, current connections: 2
[2025-06-07T16:03:49.667+0000] {spark_submit.py:644} INFO - 25/06/07 16:03:49 INFO metastore: Connected to metastore.
[2025-06-07T16:03:49.696+0000] {spark_submit.py:644} INFO - 25/06/07 16:03:49 WARN HiveExternalCatalog: Could not persist `spark_catalog`.`sc_stats_db`.`gold_sc_summary` in a Hive compatible way. Persisting it into Hive metastore in Spark SQL specific format.
[2025-06-07T16:03:49.696+0000] {spark_submit.py:644} INFO - org.apache.hadoop.hive.ql.metadata.HiveException: MetaException(message:Got exception: java.nio.file.AccessDeniedException s3a://mybucket/sc_stats_db/gold/summary_data: getFileStatus on s3a://mybucket/sc_stats_db/gold/summary_data: com.amazonaws.services.s3.model.AmazonS3Exception: Forbidden (Service: Amazon S3; Status Code: 403; Error Code: 403 Forbidden; Request ID: 1846CE3463A03426; S3 Extended Request ID: dd9025bab4ad464b049177c95eb6ebf374d3b3fd1af9251148b658df7ac2e3e8; Proxy: null), S3 Extended Request ID: dd9025bab4ad464b049177c95eb6ebf374d3b3fd1af9251148b658df7ac2e3e8:403 Forbidden)
[2025-06-07T16:03:49.697+0000] {spark_submit.py:644} INFO - at org.apache.hadoop.hive.ql.metadata.Hive.createTable(Hive.java:869)
[2025-06-07T16:03:49.697+0000] {spark_submit.py:644} INFO - at org.apache.hadoop.hive.ql.metadata.Hive.createTable(Hive.java:874)
[2025-06-07T16:03:49.697+0000] {spark_submit.py:644} INFO - at org.apache.spark.sql.hive.client.Shim_v0_12.createTable(HiveShim.scala:614)
[2025-06-07T16:03:49.697+0000] {spark_submit.py:644} INFO - at org.apache.spark.sql.hive.client.HiveClientImpl.$anonfun$createTable$1(HiveClientImpl.scala:573)
[2025-06-07T16:03:49.697+0000] {spark_submit.py:644} INFO - at scala.runtime.java8.JFunction0$mcV$sp.apply(JFunction0$mcV$sp.java:23)
[2025-06-07T16:03:49.697+0000] {spark_submit.py:644} INFO - at org.apache.spark.sql.hive.client.HiveClientImpl.$anonfun$withHiveState$1(HiveClientImpl.scala:303)
[2025-06-07T16:03:49.698+0000] {spark_submit.py:644} INFO - at org.apache.spark.sql.hive.client.HiveClientImpl.liftedTree1$1(HiveClientImpl.scala:234)
[2025-06-07T16:03:49.698+0000] {spark_submit.py:644} INFO - at org.apache.spark.sql.hive.client.HiveClientImpl.retryLocked(HiveClientImpl.scala:233)
[2025-06-07T16:03:49.698+0000] {spark_submit.py:644} INFO - at org.apache.spark.sql.hive.client.HiveClientImpl.withHiveState(HiveClientImpl.scala:283)
[2025-06-07T16:03:49.698+0000] {spark_submit.py:644} INFO - at org.apache.spark.sql.hive.client.HiveClientImpl.createTable(HiveClientImpl.scala:571)
[2025-06-07T16:03:49.698+0000] {spark_submit.py:644} INFO - at org.apache.spark.sql.hive.HiveExternalCatalog.saveTableIntoHive(HiveExternalCatalog.scala:526)
[2025-06-07T16:03:49.698+0000] {spark_submit.py:644} INFO - at org.apache.spark.sql.hive.HiveExternalCatalog.createDataSourceTable(HiveExternalCatalog.scala:415)
[2025-06-07T16:03:49.698+0000] {spark_submit.py:644} INFO - at org.apache.spark.sql.hive.HiveExternalCatalog.$anonfun$createTable$1(HiveExternalCatalog.scala:274)
[2025-06-07T16:03:49.699+0000] {spark_submit.py:644} INFO - at scala.runtime.java8.JFunction0$mcV$sp.apply(JFunction0$mcV$sp.java:23)
[2025-06-07T16:03:49.699+0000] {spark_submit.py:644} INFO - at org.apache.spark.sql.hive.HiveExternalCatalog.withClient(HiveExternalCatalog.scala:99)
[2025-06-07T16:03:49.699+0000] {spark_submit.py:644} INFO - at org.apache.spark.sql.hive.HiveExternalCatalog.createTable(HiveExternalCatalog.scala:245)
[2025-06-07T16:03:49.699+0000] {spark_submit.py:644} INFO - at org.apache.spark.sql.catalyst.catalog.ExternalCatalogWithListener.createTable(ExternalCatalogWithListener.scala:94)
[2025-06-07T16:03:49.699+0000] {spark_submit.py:644} INFO - at org.apache.spark.sql.catalyst.catalog.SessionCatalog.createTable(SessionCatalog.scala:406)
[2025-06-07T16:03:49.699+0000] {spark_submit.py:644} INFO - at org.apache.spark.sql.execution.command.CreateDataSourceTableAsSelectCommand.run(createDataSourceTables.scala:193)
[2025-06-07T16:03:49.699+0000] {spark_submit.py:644} INFO - at org.apache.spark.sql.execution.command.ExecutedCommandExec.sideEffectResult$lzycompute(commands.scala:75)
[2025-06-07T16:03:49.700+0000] {spark_submit.py:644} INFO - at org.apache.spark.sql.execution.command.ExecutedCommandExec.sideEffectResult(commands.scala:73)
[2025-06-07T16:03:49.700+0000] {spark_submit.py:644} INFO - at org.apache.spark.sql.execution.command.ExecutedCommandExec.executeCollect(commands.scala:84)
[2025-06-07T16:03:49.700+0000] {spark_submit.py:644} INFO - at org.apache.spark.sql.execution.QueryExecution$$anonfun$eagerlyExecuteCommands$1.$anonfun$applyOrElse$1(QueryExecution.scala:107)
[2025-06-07T16:03:49.700+0000] {spark_submit.py:644} INFO - at org.apache.spark.sql.execution.SQLExecution$.$anonfun$withNewExecutionId$6(SQLExecution.scala:125)
[2025-06-07T16:03:49.700+0000] {spark_submit.py:644} INFO - at org.apache.spark.sql.execution.SQLExecution$.withSQLConfPropagated(SQLExecution.scala:201)
[2025-06-07T16:03:49.700+0000] {spark_submit.py:644} INFO - at org.apache.spark.sql.execution.SQLExecution$.$anonfun$withNewExecutionId$1(SQLExecution.scala:108)
[2025-06-07T16:03:49.700+0000] {spark_submit.py:644} INFO - at org.apache.spark.sql.SparkSession.withActive(SparkSession.scala:900)
[2025-06-07T16:03:49.700+0000] {spark_submit.py:644} INFO - at org.apache.spark.sql.execution.SQLExecution$.withNewExecutionId(SQLExecution.scala:66)
[2025-06-07T16:03:49.701+0000] {spark_submit.py:644} INFO - at org.apache.spark.sql.execution.QueryExecution$$anonfun$eagerlyExecuteCommands$1.applyOrElse(QueryExecution.scala:107)
[2025-06-07T16:03:49.701+0000] {spark_submit.py:644} INFO - at org.apache.spark.sql.execution.QueryExecution$$anonfun$eagerlyExecuteCommands$1.applyOrElse(QueryExecution.scala:98)
[2025-06-07T16:03:49.701+0000] {spark_submit.py:644} INFO - at org.apache.spark.sql.catalyst.trees.TreeNode.$anonfun$transformDownWithPruning$1(TreeNode.scala:461)
[2025-06-07T16:03:49.701+0000] {spark_submit.py:644} INFO - at org.apache.spark.sql.catalyst.trees.CurrentOrigin$.withOrigin(origin.scala:76)
[2025-06-07T16:03:49.701+0000] {spark_submit.py:644} INFO - at org.apache.spark.sql.catalyst.trees.TreeNode.transformDownWithPruning(TreeNode.scala:461)
[2025-06-07T16:03:49.701+0000] {spark_submit.py:644} INFO - at org.apache.spark.sql.catalyst.plans.logical.LogicalPlan.org$apache$spark$sql$catalyst$plans$logical$AnalysisHelper$$super$transformDownWithPruning(LogicalPlan.scala:32)
[2025-06-07T16:03:49.701+0000] {spark_submit.py:644} INFO - at org.apache.spark.sql.catalyst.plans.logical.AnalysisHelper.transformDownWithPruning(AnalysisHelper.scala:267)
[2025-06-07T16:03:49.701+0000] {spark_submit.py:644} INFO - at org.apache.spark.sql.catalyst.plans.logical.AnalysisHelper.transformDownWithPruning$(AnalysisHelper.scala:263)
[2025-06-07T16:03:49.702+0000] {spark_submit.py:644} INFO - at org.apache.spark.sql.catalyst.plans.logical.LogicalPlan.transformDownWithPruning(LogicalPlan.scala:32)
[2025-06-07T16:03:49.702+0000] {spark_submit.py:644} INFO - at org.apache.spark.sql.catalyst.plans.logical.LogicalPlan.transformDownWithPruning(LogicalPlan.scala:32)
[2025-06-07T16:03:49.702+0000] {spark_submit.py:644} INFO - at org.apache.spark.sql.catalyst.trees.TreeNode.transformDown(TreeNode.scala:437)
[2025-06-07T16:03:49.702+0000] {spark_submit.py:644} INFO - at org.apache.spark.sql.execution.QueryExecution.eagerlyExecuteCommands(QueryExecution.scala:98)
[2025-06-07T16:03:49.702+0000] {spark_submit.py:644} INFO - at org.apache.spark.sql.execution.QueryExecution.commandExecuted$lzycompute(QueryExecution.scala:85)
[2025-06-07T16:03:49.702+0000] {spark_submit.py:644} INFO - at org.apache.spark.sql.execution.QueryExecution.commandExecuted(QueryExecution.scala:83)
[2025-06-07T16:03:49.702+0000] {spark_submit.py:644} INFO - at org.apache.spark.sql.execution.QueryExecution.assertCommandExecuted(QueryExecution.scala:142)
[2025-06-07T16:03:49.702+0000] {spark_submit.py:644} INFO - at org.apache.spark.sql.DataFrameWriter.runCommand(DataFrameWriter.scala:859)
[2025-06-07T16:03:49.702+0000] {spark_submit.py:644} INFO - at org.apache.spark.sql.DataFrameWriter.createTable(DataFrameWriter.scala:700)
[2025-06-07T16:03:49.703+0000] {spark_submit.py:644} INFO - at org.apache.spark.sql.DataFrameWriter.saveAsTable(DataFrameWriter.scala:674)
[2025-06-07T16:03:49.703+0000] {spark_submit.py:644} INFO - at org.apache.spark.sql.DataFrameWriter.saveAsTable(DataFrameWriter.scala:571)
[2025-06-07T16:03:49.703+0000] {spark_submit.py:644} INFO - at java.base/jdk.internal.reflect.NativeMethodAccessorImpl.invoke0(Native Method)
[2025-06-07T16:03:49.703+0000] {spark_submit.py:644} INFO - at java.base/jdk.internal.reflect.NativeMethodAccessorImpl.invoke(NativeMethodAccessorImpl.java:77)
[2025-06-07T16:03:49.703+0000] {spark_submit.py:644} INFO - at java.base/jdk.internal.reflect.DelegatingMethodAccessorImpl.invoke(DelegatingMethodAccessorImpl.java:43)
[2025-06-07T16:03:49.703+0000] {spark_submit.py:644} INFO - at java.base/java.lang.reflect.Method.invoke(Method.java:569)
[2025-06-07T16:03:49.703+0000] {spark_submit.py:644} INFO - at py4j.reflection.MethodInvoker.invoke(MethodInvoker.java:244)
[2025-06-07T16:03:49.703+0000] {spark_submit.py:644} INFO - at py4j.reflection.ReflectionEngine.invoke(ReflectionEngine.java:374)
[2025-06-07T16:03:49.703+0000] {spark_submit.py:644} INFO - at py4j.Gateway.invoke(Gateway.java:282)
[2025-06-07T16:03:49.704+0000] {spark_submit.py:644} INFO - at py4j.commands.AbstractCommand.invokeMethod(AbstractCommand.java:132)
[2025-06-07T16:03:49.704+0000] {spark_submit.py:644} INFO - at py4j.commands.CallCommand.execute(CallCommand.java:79)
[2025-06-07T16:03:49.704+0000] {spark_submit.py:644} INFO - at py4j.ClientServerConnection.waitForCommands(ClientServerConnection.java:182)
[2025-06-07T16:03:49.704+0000] {spark_submit.py:644} INFO - at py4j.ClientServerConnection.run(ClientServerConnection.java:106)
[2025-06-07T16:03:49.704+0000] {spark_submit.py:644} INFO - at java.base/java.lang.Thread.run(Thread.java:840)
[2025-06-07T16:03:49.704+0000] {spark_submit.py:644} INFO - Caused by: MetaException(message:Got exception: java.nio.file.AccessDeniedException s3a://mybucket/sc_stats_db/gold/summary_data: getFileStatus on s3a://mybucket/sc_stats_db/gold/summary_data: com.amazonaws.services.s3.model.AmazonS3Exception: Forbidden (Service: Amazon S3; Status Code: 403; Error Code: 403 Forbidden; Request ID: 1846CE3463A03426; S3 Extended Request ID: dd9025bab4ad464b049177c95eb6ebf374d3b3fd1af9251148b658df7ac2e3e8; Proxy: null), S3 Extended Request ID: dd9025bab4ad464b049177c95eb6ebf374d3b3fd1af9251148b658df7ac2e3e8:403 Forbidden)
[2025-06-07T16:03:49.704+0000] {spark_submit.py:644} INFO - at org.apache.hadoop.hive.metastore.api.ThriftHiveMetastore$create_table_with_environment_context_result$create_table_with_environment_context_resultStandardScheme.read(ThriftHiveMetastore.java:42225)
[2025-06-07T16:03:49.704+0000] {spark_submit.py:644} INFO - at org.apache.hadoop.hive.metastore.api.ThriftHiveMetastore$create_table_with_environment_context_result$create_table_with_environment_context_resultStandardScheme.read(ThriftHiveMetastore.java:42193)
[2025-06-07T16:03:49.704+0000] {spark_submit.py:644} INFO - at org.apache.hadoop.hive.metastore.api.ThriftHiveMetastore$create_table_with_environment_context_result.read(ThriftHiveMetastore.java:42119)
[2025-06-07T16:03:49.704+0000] {spark_submit.py:644} INFO - at org.apache.thrift.TServiceClient.receiveBase(TServiceClient.java:88)
[2025-06-07T16:03:49.705+0000] {spark_submit.py:644} INFO - at org.apache.hadoop.hive.metastore.api.ThriftHiveMetastore$Client.recv_create_table_with_environment_context(ThriftHiveMetastore.java:1203)
[2025-06-07T16:03:49.705+0000] {spark_submit.py:644} INFO - at org.apache.hadoop.hive.metastore.api.ThriftHiveMetastore$Client.create_table_with_environment_context(ThriftHiveMetastore.java:1189)
[2025-06-07T16:03:49.705+0000] {spark_submit.py:644} INFO - at org.apache.hadoop.hive.metastore.HiveMetaStoreClient.create_table_with_environment_context(HiveMetaStoreClient.java:2396)
[2025-06-07T16:03:49.705+0000] {spark_submit.py:644} INFO - at org.apache.hadoop.hive.ql.metadata.SessionHiveMetaStoreClient.create_table_with_environment_context(SessionHiveMetaStoreClient.java:93)
[2025-06-07T16:03:49.705+0000] {spark_submit.py:644} INFO - at org.apache.hadoop.hive.metastore.HiveMetaStoreClient.createTable(HiveMetaStoreClient.java:750)
[2025-06-07T16:03:49.705+0000] {spark_submit.py:644} INFO - at org.apache.hadoop.hive.metastore.HiveMetaStoreClient.createTable(HiveMetaStoreClient.java:738)
[2025-06-07T16:03:49.706+0000] {spark_submit.py:644} INFO - at java.base/jdk.internal.reflect.NativeMethodAccessorImpl.invoke0(Native Method)
[2025-06-07T16:03:49.706+0000] {spark_submit.py:644} INFO - at java.base/jdk.internal.reflect.NativeMethodAccessorImpl.invoke(NativeMethodAccessorImpl.java:77)
[2025-06-07T16:03:49.706+0000] {spark_submit.py:644} INFO - at java.base/jdk.internal.reflect.DelegatingMethodAccessorImpl.invoke(DelegatingMethodAccessorImpl.java:43)
[2025-06-07T16:03:49.706+0000] {spark_submit.py:644} INFO - at java.base/java.lang.reflect.Method.invoke(Method.java:569)
[2025-06-07T16:03:49.706+0000] {spark_submit.py:644} INFO - at org.apache.hadoop.hive.metastore.RetryingMetaStoreClient.invoke(RetryingMetaStoreClient.java:173)
[2025-06-07T16:03:49.706+0000] {spark_submit.py:644} INFO - at jdk.proxy2/jdk.proxy2.$Proxy31.createTable(Unknown Source)
[2025-06-07T16:03:49.706+0000] {spark_submit.py:644} INFO - at java.base/jdk.internal.reflect.NativeMethodAccessorImpl.invoke0(Native Method)
[2025-06-07T16:03:49.706+0000] {spark_submit.py:644} INFO - at java.base/jdk.internal.reflect.NativeMethodAccessorImpl.invoke(NativeMethodAccessorImpl.java:77)
[2025-06-07T16:03:49.706+0000] {spark_submit.py:644} INFO - at java.base/jdk.internal.reflect.DelegatingMethodAccessorImpl.invoke(DelegatingMethodAccessorImpl.java:43)
[2025-06-07T16:03:49.707+0000] {spark_submit.py:644} INFO - at java.base/java.lang.reflect.Method.invoke(Method.java:569)
[2025-06-07T16:03:49.707+0000] {spark_submit.py:644} INFO - at org.apache.hadoop.hive.metastore.HiveMetaStoreClient$SynchronizedHandler.invoke(HiveMetaStoreClient.java:2327)
[2025-06-07T16:03:49.707+0000] {spark_submit.py:644} INFO - at jdk.proxy2/jdk.proxy2.$Proxy31.createTable(Unknown Source)
[2025-06-07T16:03:49.707+0000] {spark_submit.py:644} INFO - at org.apache.hadoop.hive.ql.metadata.Hive.createTable(Hive.java:859)
[2025-06-07T16:03:49.707+0000] {spark_submit.py:644} INFO - ... 58 more
[2025-06-07T16:03:49.774+0000] {spark_submit.py:644} INFO - Successfully wrote data to gold table
[2025-06-07T16:03:49.774+0000] {spark_submit.py:644} INFO - Silver to Gold transformation completed successfully.
[2025-06-07T16:03:49.774+0000] {spark_submit.py:644} INFO - 25/06/07 16:03:49 INFO SparkContext: SparkContext is stopping with exitCode 0.
[2025-06-07T16:03:49.779+0000] {spark_submit.py:644} INFO - 25/06/07 16:03:49 INFO SparkUI: Stopped Spark web UI at http://b5e5641a3f5a:4040
[2025-06-07T16:03:49.781+0000] {spark_submit.py:644} INFO - 25/06/07 16:03:49 INFO StandaloneSchedulerBackend: Shutting down all executors
[2025-06-07T16:03:49.781+0000] {spark_submit.py:644} INFO - 25/06/07 16:03:49 INFO StandaloneSchedulerBackend$StandaloneDriverEndpoint: Asking each executor to shut down
[2025-06-07T16:03:49.792+0000] {spark_submit.py:644} INFO - 25/06/07 16:03:49 INFO MapOutputTrackerMasterEndpoint: MapOutputTrackerMasterEndpoint stopped!
[2025-06-07T16:03:49.800+0000] {spark_submit.py:644} INFO - 25/06/07 16:03:49 INFO MemoryStore: MemoryStore cleared
[2025-06-07T16:03:49.801+0000] {spark_submit.py:644} INFO - 25/06/07 16:03:49 INFO BlockManager: BlockManager stopped
[2025-06-07T16:03:49.802+0000] {spark_submit.py:644} INFO - 25/06/07 16:03:49 INFO BlockManagerMaster: BlockManagerMaster stopped
[2025-06-07T16:03:49.804+0000] {spark_submit.py:644} INFO - 25/06/07 16:03:49 INFO OutputCommitCoordinator$OutputCommitCoordinatorEndpoint: OutputCommitCoordinator stopped!
[2025-06-07T16:03:49.827+0000] {spark_submit.py:644} INFO - 25/06/07 16:03:49 INFO SparkContext: Successfully stopped SparkContext
[2025-06-07T16:03:50.160+0000] {spark_submit.py:644} INFO - 25/06/07 16:03:50 INFO ShutdownHookManager: Shutdown hook called
[2025-06-07T16:03:50.161+0000] {spark_submit.py:644} INFO - 25/06/07 16:03:50 INFO ShutdownHookManager: Deleting directory /tmp/spark-ca4731fc-07cb-4b57-84ff-3ffc0641bdc6
[2025-06-07T16:03:50.163+0000] {spark_submit.py:644} INFO - 25/06/07 16:03:50 INFO ShutdownHookManager: Deleting directory /tmp/spark-ca4731fc-07cb-4b57-84ff-3ffc0641bdc6/pyspark-72e3bb53-00c8-46a6-a758-15302df89901
[2025-06-07T16:03:50.165+0000] {spark_submit.py:644} INFO - 25/06/07 16:03:50 INFO ShutdownHookManager: Deleting directory /tmp/spark-cf34bd9f-7d2a-430e-9a88-ba12f1011fea
[2025-06-07T16:03:50.168+0000] {spark_submit.py:644} INFO - 25/06/07 16:03:50 INFO MetricsSystemImpl: Stopping s3a-file-system metrics system...
[2025-06-07T16:03:50.168+0000] {spark_submit.py:644} INFO - 25/06/07 16:03:50 INFO MetricsSystemImpl: s3a-file-system metrics system stopped.
[2025-06-07T16:03:50.168+0000] {spark_submit.py:644} INFO - 25/06/07 16:03:50 INFO MetricsSystemImpl: s3a-file-system metrics system shutdown complete.
[2025-06-07T16:03:50.202+0000] {taskinstance.py:340} INFO - ::group::Post task execution logs
[2025-06-07T16:03:50.202+0000] {taskinstance.py:352} INFO - Marking task as SUCCESS. dag_id=stephen_curry_stats_medallion_etl, task_id=silver_to_gold, run_id=manual__2025-06-07T16:03:17.602953+00:00, execution_date=20250607T160317, start_date=20250607T160340, end_date=20250607T160350
[2025-06-07T16:03:50.227+0000] {local_task_job_runner.py:266} INFO - Task exited with return code 0
[2025-06-07T16:03:50.236+0000] {taskinstance.py:3895} INFO - 0 downstream tasks scheduled from follow-on schedule check
[2025-06-07T16:03:50.237+0000] {local_task_job_runner.py:245} INFO - ::endgroup::
