[2025-06-03T05:41:41.020+0000] {local_task_job_runner.py:123} INFO - ::group::Pre task execution logs
[2025-06-03T05:41:41.036+0000] {taskinstance.py:2613} INFO - Dependencies all met for dep_context=non-requeueable deps ti=<TaskInstance: curry_medallion_etl.submit_bronze_to_silver_job manual__2025-06-03T05:41:25.773369+00:00 [queued]>
[2025-06-03T05:41:41.043+0000] {taskinstance.py:2613} INFO - Dependencies all met for dep_context=requeueable deps ti=<TaskInstance: curry_medallion_etl.submit_bronze_to_silver_job manual__2025-06-03T05:41:25.773369+00:00 [queued]>
[2025-06-03T05:41:41.043+0000] {taskinstance.py:2866} INFO - Starting attempt 1 of 1
[2025-06-03T05:41:41.051+0000] {taskinstance.py:2889} INFO - Executing <Task(SparkSubmitOperator): submit_bronze_to_silver_job> on 2025-06-03 05:41:25.773369+00:00
[2025-06-03T05:41:41.054+0000] {standard_task_runner.py:72} INFO - Started process 3353 to run task
[2025-06-03T05:41:41.056+0000] {standard_task_runner.py:104} INFO - Running: ['***', 'tasks', 'run', 'curry_medallion_etl', 'submit_bronze_to_silver_job', 'manual__2025-06-03T05:41:25.773369+00:00', '--job-id', '36', '--raw', '--subdir', 'DAGS_FOLDER/medallion_sales_etl_dag.py', '--cfg-path', '/tmp/tmp8ak5lw30']
[2025-06-03T05:41:41.058+0000] {standard_task_runner.py:105} INFO - Job 36: Subtask submit_bronze_to_silver_job
[2025-06-03T05:41:41.087+0000] {task_command.py:467} INFO - Running <TaskInstance: curry_medallion_etl.submit_bronze_to_silver_job manual__2025-06-03T05:41:25.773369+00:00 [running]> on host c6e050ed47eb
[2025-06-03T05:41:41.143+0000] {taskinstance.py:3132} INFO - Exporting env vars: AIRFLOW_CTX_DAG_OWNER='qdinh18' AIRFLOW_CTX_DAG_ID='curry_medallion_etl' AIRFLOW_CTX_TASK_ID='submit_bronze_to_silver_job' AIRFLOW_CTX_EXECUTION_DATE='2025-06-03T05:41:25.773369+00:00' AIRFLOW_CTX_TRY_NUMBER='1' AIRFLOW_CTX_DAG_RUN_ID='manual__2025-06-03T05:41:25.773369+00:00'
[2025-06-03T05:41:41.144+0000] {taskinstance.py:731} INFO - ::endgroup::
[2025-06-03T05:41:41.186+0000] {base.py:84} INFO - Retrieving connection 'spark_default'
[2025-06-03T05:41:41.187+0000] {spark_submit.py:474} INFO - Spark-Submit cmd: spark-submit --master spark://spark-master:7077 --conf spark.executor.memory=2g --conf spark.sql.extensions=io.delta.sql.DeltaSparkSessionExtension --conf spark.sql.catalog.spark_catalog=org.apache.spark.sql.delta.catalog.DeltaCatalog --conf spark.hadoop.fs.s3a.endpoint=http://minio:9000 --conf spark.hadoop.fs.s3a.access.key=minioadmin --conf spark.hadoop.fs.s3a.secret.key=****** --conf spark.hadoop.fs.s3a.path.style.access=true --conf spark.hadoop.fs.s3a.impl=org.apache.hadoop.fs.s3a.S3AFileSystem --packages org.apache.hadoop:hadoop-aws:3.3.4,com.amazonaws:aws-java-sdk-bundle:1.12.262,io.delta:delta-spark_2.12:3.1.0 --name bronze_to_silver_sc_stats_etl --verbose --queue root.default --deploy-mode client /opt/***/dags/bronze_to_silver_sc_stats_etl.py --input_path s3a://mybucket/bronze/curry_raw_data/ --output_path s3a://mybucket/silver/curry_transformed/
[2025-06-03T05:41:42.083+0000] {spark_submit.py:644} INFO - Using properties file: null
[2025-06-03T05:41:42.141+0000] {spark_submit.py:644} INFO - Parsed arguments:
[2025-06-03T05:41:42.141+0000] {spark_submit.py:644} INFO - master                  spark://spark-master:7077
[2025-06-03T05:41:42.141+0000] {spark_submit.py:644} INFO - remote                  null
[2025-06-03T05:41:42.141+0000] {spark_submit.py:644} INFO - deployMode              client
[2025-06-03T05:41:42.142+0000] {spark_submit.py:644} INFO - executorMemory          2g
[2025-06-03T05:41:42.142+0000] {spark_submit.py:644} INFO - executorCores           null
[2025-06-03T05:41:42.142+0000] {spark_submit.py:644} INFO - totalExecutorCores      null
[2025-06-03T05:41:42.142+0000] {spark_submit.py:644} INFO - propertiesFile          null
[2025-06-03T05:41:42.142+0000] {spark_submit.py:644} INFO - driverMemory            null
[2025-06-03T05:41:42.142+0000] {spark_submit.py:644} INFO - driverCores             null
[2025-06-03T05:41:42.142+0000] {spark_submit.py:644} INFO - driverExtraClassPath    null
[2025-06-03T05:41:42.142+0000] {spark_submit.py:644} INFO - driverExtraLibraryPath  null
[2025-06-03T05:41:42.143+0000] {spark_submit.py:644} INFO - driverExtraJavaOptions  null
[2025-06-03T05:41:42.143+0000] {spark_submit.py:644} INFO - supervise               false
[2025-06-03T05:41:42.143+0000] {spark_submit.py:644} INFO - queue                   root.default
[2025-06-03T05:41:42.143+0000] {spark_submit.py:644} INFO - numExecutors            null
[2025-06-03T05:41:42.143+0000] {spark_submit.py:644} INFO - files                   null
[2025-06-03T05:41:42.143+0000] {spark_submit.py:644} INFO - pyFiles                 null
[2025-06-03T05:41:42.143+0000] {spark_submit.py:644} INFO - archives                null
[2025-06-03T05:41:42.144+0000] {spark_submit.py:644} INFO - mainClass               null
[2025-06-03T05:41:42.144+0000] {spark_submit.py:644} INFO - primaryResource         file:/opt/***/dags/bronze_to_silver_sc_stats_etl.py
[2025-06-03T05:41:42.144+0000] {spark_submit.py:644} INFO - name                    bronze_to_silver_sc_stats_etl
[2025-06-03T05:41:42.144+0000] {spark_submit.py:644} INFO - childArgs               [--input_path s3a://mybucket/bronze/curry_raw_data/ --output_path s3a://mybucket/silver/curry_transformed/]
[2025-06-03T05:41:42.144+0000] {spark_submit.py:644} INFO - jars                    null
[2025-06-03T05:41:42.145+0000] {spark_submit.py:644} INFO - packages                org.apache.hadoop:hadoop-aws:3.3.4,com.amazonaws:aws-java-sdk-bundle:1.12.262,io.delta:delta-spark_2.12:3.1.0
[2025-06-03T05:41:42.145+0000] {spark_submit.py:644} INFO - packagesExclusions      null
[2025-06-03T05:41:42.145+0000] {spark_submit.py:644} INFO - repositories            null
[2025-06-03T05:41:42.145+0000] {spark_submit.py:644} INFO - verbose                 true
[2025-06-03T05:41:42.145+0000] {spark_submit.py:644} INFO - 
[2025-06-03T05:41:42.145+0000] {spark_submit.py:644} INFO - Spark properties used, including those specified through
[2025-06-03T05:41:42.145+0000] {spark_submit.py:644} INFO - --conf and those from the properties file null:
[2025-06-03T05:41:42.145+0000] {spark_submit.py:644} INFO - (spark.executor.memory,2g)
[2025-06-03T05:41:42.146+0000] {spark_submit.py:644} INFO - (spark.hadoop.fs.s3a.access.key,*********(redacted))
[2025-06-03T05:41:42.146+0000] {spark_submit.py:644} INFO - (spark.hadoop.fs.s3a.endpoint,http://minio:9000)
[2025-06-03T05:41:42.146+0000] {spark_submit.py:644} INFO - (spark.hadoop.fs.s3a.impl,org.apache.hadoop.fs.s3a.S3AFileSystem)
[2025-06-03T05:41:42.146+0000] {spark_submit.py:644} INFO - (spark.hadoop.fs.s3a.path.style.access,true)
[2025-06-03T05:41:42.146+0000] {spark_submit.py:644} INFO - (spark.hadoop.fs.s3a.secret.key,*********(redacted))
[2025-06-03T05:41:42.146+0000] {spark_submit.py:644} INFO - (spark.sql.catalog.spark_catalog,org.apache.spark.sql.delta.catalog.DeltaCatalog)
[2025-06-03T05:41:42.146+0000] {spark_submit.py:644} INFO - (spark.sql.extensions,io.delta.sql.DeltaSparkSessionExtension)
[2025-06-03T05:41:42.147+0000] {spark_submit.py:644} INFO - 
[2025-06-03T05:41:42.147+0000] {spark_submit.py:644} INFO - 
[2025-06-03T05:41:42.219+0000] {spark_submit.py:644} INFO - :: loading settings :: url = jar:file:/home/***/.local/lib/python3.11/site-packages/pyspark/jars/ivy-2.5.1.jar!/org/apache/ivy/core/settings/ivysettings.xml
[2025-06-03T05:41:42.263+0000] {spark_submit.py:644} INFO - Ivy Default Cache set to: /home/***/.ivy2/cache
[2025-06-03T05:41:42.263+0000] {spark_submit.py:644} INFO - The jars for the packages stored in: /home/***/.ivy2/jars
[2025-06-03T05:41:42.265+0000] {spark_submit.py:644} INFO - org.apache.hadoop#hadoop-aws added as a dependency
[2025-06-03T05:41:42.265+0000] {spark_submit.py:644} INFO - com.amazonaws#aws-java-sdk-bundle added as a dependency
[2025-06-03T05:41:42.265+0000] {spark_submit.py:644} INFO - io.delta#delta-spark_2.12 added as a dependency
[2025-06-03T05:41:42.266+0000] {spark_submit.py:644} INFO - :: resolving dependencies :: org.apache.spark#spark-submit-parent-7d542fc9-0945-4a3f-957f-410e55d03c05;1.0
[2025-06-03T05:41:42.266+0000] {spark_submit.py:644} INFO - confs: [default]
[2025-06-03T05:41:42.365+0000] {spark_submit.py:644} INFO - found org.apache.hadoop#hadoop-aws;3.3.4 in central
[2025-06-03T05:41:42.379+0000] {spark_submit.py:644} INFO - found com.amazonaws#aws-java-sdk-bundle;1.12.262 in central
[2025-06-03T05:41:42.391+0000] {spark_submit.py:644} INFO - found org.wildfly.openssl#wildfly-openssl;1.0.7.Final in central
[2025-06-03T05:41:42.401+0000] {spark_submit.py:644} INFO - found io.delta#delta-spark_2.12;3.1.0 in central
[2025-06-03T05:41:42.411+0000] {spark_submit.py:644} INFO - found io.delta#delta-storage;3.1.0 in central
[2025-06-03T05:41:42.419+0000] {spark_submit.py:644} INFO - found org.antlr#antlr4-runtime;4.9.3 in central
[2025-06-03T05:41:42.431+0000] {spark_submit.py:644} INFO - :: resolution report :: resolve 160ms :: artifacts dl 6ms
[2025-06-03T05:41:42.431+0000] {spark_submit.py:644} INFO - :: modules in use:
[2025-06-03T05:41:42.431+0000] {spark_submit.py:644} INFO - com.amazonaws#aws-java-sdk-bundle;1.12.262 from central in [default]
[2025-06-03T05:41:42.431+0000] {spark_submit.py:644} INFO - io.delta#delta-spark_2.12;3.1.0 from central in [default]
[2025-06-03T05:41:42.431+0000] {spark_submit.py:644} INFO - io.delta#delta-storage;3.1.0 from central in [default]
[2025-06-03T05:41:42.432+0000] {spark_submit.py:644} INFO - org.antlr#antlr4-runtime;4.9.3 from central in [default]
[2025-06-03T05:41:42.432+0000] {spark_submit.py:644} INFO - org.apache.hadoop#hadoop-aws;3.3.4 from central in [default]
[2025-06-03T05:41:42.432+0000] {spark_submit.py:644} INFO - org.wildfly.openssl#wildfly-openssl;1.0.7.Final from central in [default]
[2025-06-03T05:41:42.432+0000] {spark_submit.py:644} INFO - ---------------------------------------------------------------------
[2025-06-03T05:41:42.432+0000] {spark_submit.py:644} INFO - |                  |            modules            ||   artifacts   |
[2025-06-03T05:41:42.432+0000] {spark_submit.py:644} INFO - |       conf       | number| search|dwnlded|evicted|| number|dwnlded|
[2025-06-03T05:41:42.432+0000] {spark_submit.py:644} INFO - ---------------------------------------------------------------------
[2025-06-03T05:41:42.432+0000] {spark_submit.py:644} INFO - |      default     |   6   |   0   |   0   |   0   ||   6   |   0   |
[2025-06-03T05:41:42.432+0000] {spark_submit.py:644} INFO - ---------------------------------------------------------------------
[2025-06-03T05:41:42.433+0000] {spark_submit.py:644} INFO - :: retrieving :: org.apache.spark#spark-submit-parent-7d542fc9-0945-4a3f-957f-410e55d03c05
[2025-06-03T05:41:42.434+0000] {spark_submit.py:644} INFO - confs: [default]
[2025-06-03T05:41:42.437+0000] {spark_submit.py:644} INFO - 0 artifacts copied, 6 already retrieved (0kB/4ms)
[2025-06-03T05:41:42.557+0000] {spark_submit.py:644} INFO - 25/06/03 05:41:42 WARN NativeCodeLoader: Unable to load native-hadoop library for your platform... using builtin-java classes where applicable
[2025-06-03T05:41:42.676+0000] {spark_submit.py:644} INFO - Main class:
[2025-06-03T05:41:42.676+0000] {spark_submit.py:644} INFO - org.apache.spark.deploy.PythonRunner
[2025-06-03T05:41:42.676+0000] {spark_submit.py:644} INFO - Arguments:
[2025-06-03T05:41:42.677+0000] {spark_submit.py:644} INFO - file:/opt/***/dags/bronze_to_silver_sc_stats_etl.py
[2025-06-03T05:41:42.677+0000] {spark_submit.py:644} INFO - file:///home/***/.ivy2/jars/org.apache.hadoop_hadoop-aws-3.3.4.jar,file:///home/***/.ivy2/jars/com.amazonaws_aws-java-sdk-bundle-1.12.262.jar,file:///home/***/.ivy2/jars/io.delta_delta-spark_2.12-3.1.0.jar,file:///home/***/.ivy2/jars/org.wildfly.openssl_wildfly-openssl-1.0.7.Final.jar,file:///home/***/.ivy2/jars/io.delta_delta-storage-3.1.0.jar,file:///home/***/.ivy2/jars/org.antlr_antlr4-runtime-4.9.3.jar
[2025-06-03T05:41:42.677+0000] {spark_submit.py:644} INFO - --input_path
[2025-06-03T05:41:42.677+0000] {spark_submit.py:644} INFO - s3a://mybucket/bronze/curry_raw_data/
[2025-06-03T05:41:42.677+0000] {spark_submit.py:644} INFO - --output_path
[2025-06-03T05:41:42.678+0000] {spark_submit.py:644} INFO - s3a://mybucket/silver/curry_transformed/
[2025-06-03T05:41:42.678+0000] {spark_submit.py:644} INFO - Spark config:
[2025-06-03T05:41:42.678+0000] {spark_submit.py:644} INFO - (spark.app.name,bronze_to_silver_sc_stats_etl)
[2025-06-03T05:41:42.678+0000] {spark_submit.py:644} INFO - (spark.app.submitTime,1748929302666)
[2025-06-03T05:41:42.679+0000] {spark_submit.py:644} INFO - (spark.executor.memory,2g)
[2025-06-03T05:41:42.679+0000] {spark_submit.py:644} INFO - (spark.files,file:///home/***/.ivy2/jars/org.apache.hadoop_hadoop-aws-3.3.4.jar,file:///home/***/.ivy2/jars/com.amazonaws_aws-java-sdk-bundle-1.12.262.jar,file:///home/***/.ivy2/jars/io.delta_delta-spark_2.12-3.1.0.jar,file:///home/***/.ivy2/jars/org.wildfly.openssl_wildfly-openssl-1.0.7.Final.jar,file:///home/***/.ivy2/jars/io.delta_delta-storage-3.1.0.jar,file:///home/***/.ivy2/jars/org.antlr_antlr4-runtime-4.9.3.jar)
[2025-06-03T05:41:42.679+0000] {spark_submit.py:644} INFO - (spark.hadoop.fs.s3a.access.key,*********(redacted))
[2025-06-03T05:41:42.679+0000] {spark_submit.py:644} INFO - (spark.hadoop.fs.s3a.endpoint,http://minio:9000)
[2025-06-03T05:41:42.679+0000] {spark_submit.py:644} INFO - (spark.hadoop.fs.s3a.impl,org.apache.hadoop.fs.s3a.S3AFileSystem)
[2025-06-03T05:41:42.680+0000] {spark_submit.py:644} INFO - (spark.hadoop.fs.s3a.path.style.access,true)
[2025-06-03T05:41:42.680+0000] {spark_submit.py:644} INFO - (spark.hadoop.fs.s3a.secret.key,*********(redacted))
[2025-06-03T05:41:42.680+0000] {spark_submit.py:644} INFO - (spark.jars,file:///home/***/.ivy2/jars/org.apache.hadoop_hadoop-aws-3.3.4.jar,file:///home/***/.ivy2/jars/com.amazonaws_aws-java-sdk-bundle-1.12.262.jar,file:///home/***/.ivy2/jars/io.delta_delta-spark_2.12-3.1.0.jar,file:///home/***/.ivy2/jars/org.wildfly.openssl_wildfly-openssl-1.0.7.Final.jar,file:///home/***/.ivy2/jars/io.delta_delta-storage-3.1.0.jar,file:///home/***/.ivy2/jars/org.antlr_antlr4-runtime-4.9.3.jar)
[2025-06-03T05:41:42.680+0000] {spark_submit.py:644} INFO - (spark.master,spark://spark-master:7077)
[2025-06-03T05:41:42.680+0000] {spark_submit.py:644} INFO - (spark.repl.local.jars,file:///home/***/.ivy2/jars/org.apache.hadoop_hadoop-aws-3.3.4.jar,file:///home/***/.ivy2/jars/com.amazonaws_aws-java-sdk-bundle-1.12.262.jar,file:///home/***/.ivy2/jars/io.delta_delta-spark_2.12-3.1.0.jar,file:///home/***/.ivy2/jars/org.wildfly.openssl_wildfly-openssl-1.0.7.Final.jar,file:///home/***/.ivy2/jars/io.delta_delta-storage-3.1.0.jar,file:///home/***/.ivy2/jars/org.antlr_antlr4-runtime-4.9.3.jar)
[2025-06-03T05:41:42.680+0000] {spark_submit.py:644} INFO - (spark.sql.catalog.spark_catalog,org.apache.spark.sql.delta.catalog.DeltaCatalog)
[2025-06-03T05:41:42.680+0000] {spark_submit.py:644} INFO - (spark.sql.extensions,io.delta.sql.DeltaSparkSessionExtension)
[2025-06-03T05:41:42.681+0000] {spark_submit.py:644} INFO - (spark.submit.deployMode,client)
[2025-06-03T05:41:42.681+0000] {spark_submit.py:644} INFO - (spark.submit.pyFiles,/home/***/.ivy2/jars/org.apache.hadoop_hadoop-aws-3.3.4.jar,/home/***/.ivy2/jars/com.amazonaws_aws-java-sdk-bundle-1.12.262.jar,/home/***/.ivy2/jars/io.delta_delta-spark_2.12-3.1.0.jar,/home/***/.ivy2/jars/org.wildfly.openssl_wildfly-openssl-1.0.7.Final.jar,/home/***/.ivy2/jars/io.delta_delta-storage-3.1.0.jar,/home/***/.ivy2/jars/org.antlr_antlr4-runtime-4.9.3.jar)
[2025-06-03T05:41:42.681+0000] {spark_submit.py:644} INFO - Classpath elements:
[2025-06-03T05:41:42.681+0000] {spark_submit.py:644} INFO - file:///home/***/.ivy2/jars/org.apache.hadoop_hadoop-aws-3.3.4.jar
[2025-06-03T05:41:42.681+0000] {spark_submit.py:644} INFO - file:///home/***/.ivy2/jars/com.amazonaws_aws-java-sdk-bundle-1.12.262.jar
[2025-06-03T05:41:42.681+0000] {spark_submit.py:644} INFO - file:///home/***/.ivy2/jars/io.delta_delta-spark_2.12-3.1.0.jar
[2025-06-03T05:41:42.682+0000] {spark_submit.py:644} INFO - file:///home/***/.ivy2/jars/org.wildfly.openssl_wildfly-openssl-1.0.7.Final.jar
[2025-06-03T05:41:42.682+0000] {spark_submit.py:644} INFO - file:///home/***/.ivy2/jars/io.delta_delta-storage-3.1.0.jar
[2025-06-03T05:41:42.682+0000] {spark_submit.py:644} INFO - file:///home/***/.ivy2/jars/org.antlr_antlr4-runtime-4.9.3.jar
[2025-06-03T05:41:42.682+0000] {spark_submit.py:644} INFO - 
[2025-06-03T05:41:42.682+0000] {spark_submit.py:644} INFO - 
[2025-06-03T05:41:43.421+0000] {spark_submit.py:644} INFO - 25/06/03 05:41:43 INFO SparkContext: Running Spark version 3.5.2
[2025-06-03T05:41:43.421+0000] {spark_submit.py:644} INFO - 25/06/03 05:41:43 INFO SparkContext: OS info Linux, 6.10.14-linuxkit, aarch64
[2025-06-03T05:41:43.421+0000] {spark_submit.py:644} INFO - 25/06/03 05:41:43 INFO SparkContext: Java version 17.0.15
[2025-06-03T05:41:43.436+0000] {spark_submit.py:644} INFO - 25/06/03 05:41:43 INFO ResourceUtils: ==============================================================
[2025-06-03T05:41:43.437+0000] {spark_submit.py:644} INFO - 25/06/03 05:41:43 INFO ResourceUtils: No custom resources configured for spark.driver.
[2025-06-03T05:41:43.437+0000] {spark_submit.py:644} INFO - 25/06/03 05:41:43 INFO ResourceUtils: ==============================================================
[2025-06-03T05:41:43.437+0000] {spark_submit.py:644} INFO - 25/06/03 05:41:43 INFO SparkContext: Submitted application: BronzeToSilverStephenCurryStatsETL
[2025-06-03T05:41:43.450+0000] {spark_submit.py:644} INFO - 25/06/03 05:41:43 INFO ResourceProfile: Default ResourceProfile created, executor resources: Map(memory -> name: memory, amount: 2048, script: , vendor: , offHeap -> name: offHeap, amount: 0, script: , vendor: ), task resources: Map(cpus -> name: cpus, amount: 1.0)
[2025-06-03T05:41:43.454+0000] {spark_submit.py:644} INFO - 25/06/03 05:41:43 INFO ResourceProfile: Limiting resource is cpu
[2025-06-03T05:41:43.454+0000] {spark_submit.py:644} INFO - 25/06/03 05:41:43 INFO ResourceProfileManager: Added ResourceProfile id: 0
[2025-06-03T05:41:43.487+0000] {spark_submit.py:644} INFO - 25/06/03 05:41:43 INFO SecurityManager: Changing view acls to: ***
[2025-06-03T05:41:43.487+0000] {spark_submit.py:644} INFO - 25/06/03 05:41:43 INFO SecurityManager: Changing modify acls to: ***
[2025-06-03T05:41:43.487+0000] {spark_submit.py:644} INFO - 25/06/03 05:41:43 INFO SecurityManager: Changing view acls groups to:
[2025-06-03T05:41:43.487+0000] {spark_submit.py:644} INFO - 25/06/03 05:41:43 INFO SecurityManager: Changing modify acls groups to:
[2025-06-03T05:41:43.487+0000] {spark_submit.py:644} INFO - 25/06/03 05:41:43 INFO SecurityManager: SecurityManager: authentication disabled; ui acls disabled; users with view permissions: ***; groups with view permissions: EMPTY; users with modify permissions: ***; groups with modify permissions: EMPTY
[2025-06-03T05:41:43.612+0000] {spark_submit.py:644} INFO - 25/06/03 05:41:43 INFO Utils: Successfully started service 'sparkDriver' on port 36661.
[2025-06-03T05:41:43.636+0000] {spark_submit.py:644} INFO - 25/06/03 05:41:43 INFO SparkEnv: Registering MapOutputTracker
[2025-06-03T05:41:43.660+0000] {spark_submit.py:644} INFO - 25/06/03 05:41:43 INFO SparkEnv: Registering BlockManagerMaster
[2025-06-03T05:41:43.670+0000] {spark_submit.py:644} INFO - 25/06/03 05:41:43 INFO BlockManagerMasterEndpoint: Using org.apache.spark.storage.DefaultTopologyMapper for getting topology information
[2025-06-03T05:41:43.670+0000] {spark_submit.py:644} INFO - 25/06/03 05:41:43 INFO BlockManagerMasterEndpoint: BlockManagerMasterEndpoint up
[2025-06-03T05:41:43.673+0000] {spark_submit.py:644} INFO - 25/06/03 05:41:43 INFO SparkEnv: Registering BlockManagerMasterHeartbeat
[2025-06-03T05:41:43.685+0000] {spark_submit.py:644} INFO - 25/06/03 05:41:43 INFO DiskBlockManager: Created local directory at /tmp/blockmgr-c913bfb5-6218-4c94-a36e-182401654471
[2025-06-03T05:41:43.694+0000] {spark_submit.py:644} INFO - 25/06/03 05:41:43 INFO MemoryStore: MemoryStore started with capacity 434.4 MiB
[2025-06-03T05:41:43.701+0000] {spark_submit.py:644} INFO - 25/06/03 05:41:43 INFO SparkEnv: Registering OutputCommitCoordinator
[2025-06-03T05:41:43.769+0000] {spark_submit.py:644} INFO - 25/06/03 05:41:43 INFO JettyUtils: Start Jetty 0.0.0.0:4040 for SparkUI
[2025-06-03T05:41:43.804+0000] {spark_submit.py:644} INFO - 25/06/03 05:41:43 INFO Utils: Successfully started service 'SparkUI' on port 4040.
[2025-06-03T05:41:43.824+0000] {spark_submit.py:644} INFO - 25/06/03 05:41:43 INFO SparkContext: Added JAR file:///home/***/.ivy2/jars/org.apache.hadoop_hadoop-aws-3.3.4.jar at spark://c6e050ed47eb:36661/jars/org.apache.hadoop_hadoop-aws-3.3.4.jar with timestamp 1748929303417
[2025-06-03T05:41:43.824+0000] {spark_submit.py:644} INFO - 25/06/03 05:41:43 INFO SparkContext: Added JAR file:///home/***/.ivy2/jars/com.amazonaws_aws-java-sdk-bundle-1.12.262.jar at spark://c6e050ed47eb:36661/jars/com.amazonaws_aws-java-sdk-bundle-1.12.262.jar with timestamp 1748929303417
[2025-06-03T05:41:43.824+0000] {spark_submit.py:644} INFO - 25/06/03 05:41:43 INFO SparkContext: Added JAR file:///home/***/.ivy2/jars/io.delta_delta-spark_2.12-3.1.0.jar at spark://c6e050ed47eb:36661/jars/io.delta_delta-spark_2.12-3.1.0.jar with timestamp 1748929303417
[2025-06-03T05:41:43.824+0000] {spark_submit.py:644} INFO - 25/06/03 05:41:43 INFO SparkContext: Added JAR file:///home/***/.ivy2/jars/org.wildfly.openssl_wildfly-openssl-1.0.7.Final.jar at spark://c6e050ed47eb:36661/jars/org.wildfly.openssl_wildfly-openssl-1.0.7.Final.jar with timestamp 1748929303417
[2025-06-03T05:41:43.825+0000] {spark_submit.py:644} INFO - 25/06/03 05:41:43 INFO SparkContext: Added JAR file:///home/***/.ivy2/jars/io.delta_delta-storage-3.1.0.jar at spark://c6e050ed47eb:36661/jars/io.delta_delta-storage-3.1.0.jar with timestamp 1748929303417
[2025-06-03T05:41:43.825+0000] {spark_submit.py:644} INFO - 25/06/03 05:41:43 INFO SparkContext: Added JAR file:///home/***/.ivy2/jars/org.antlr_antlr4-runtime-4.9.3.jar at spark://c6e050ed47eb:36661/jars/org.antlr_antlr4-runtime-4.9.3.jar with timestamp 1748929303417
[2025-06-03T05:41:43.826+0000] {spark_submit.py:644} INFO - 25/06/03 05:41:43 INFO SparkContext: Added file file:///home/***/.ivy2/jars/org.apache.hadoop_hadoop-aws-3.3.4.jar at spark://c6e050ed47eb:36661/files/org.apache.hadoop_hadoop-aws-3.3.4.jar with timestamp 1748929303417
[2025-06-03T05:41:43.827+0000] {spark_submit.py:644} INFO - 25/06/03 05:41:43 INFO Utils: Copying /home/***/.ivy2/jars/org.apache.hadoop_hadoop-aws-3.3.4.jar to /tmp/spark-b6163a36-0a9c-4888-985c-91f5481ec285/userFiles-bf4d524e-58cb-45f8-b260-08271a495cb1/org.apache.hadoop_hadoop-aws-3.3.4.jar
[2025-06-03T05:41:43.835+0000] {spark_submit.py:644} INFO - 25/06/03 05:41:43 INFO SparkContext: Added file file:///home/***/.ivy2/jars/com.amazonaws_aws-java-sdk-bundle-1.12.262.jar at spark://c6e050ed47eb:36661/files/com.amazonaws_aws-java-sdk-bundle-1.12.262.jar with timestamp 1748929303417
[2025-06-03T05:41:43.835+0000] {spark_submit.py:644} INFO - 25/06/03 05:41:43 INFO Utils: Copying /home/***/.ivy2/jars/com.amazonaws_aws-java-sdk-bundle-1.12.262.jar to /tmp/spark-b6163a36-0a9c-4888-985c-91f5481ec285/userFiles-bf4d524e-58cb-45f8-b260-08271a495cb1/com.amazonaws_aws-java-sdk-bundle-1.12.262.jar
[2025-06-03T05:41:43.921+0000] {spark_submit.py:644} INFO - 25/06/03 05:41:43 INFO SparkContext: Added file file:///home/***/.ivy2/jars/io.delta_delta-spark_2.12-3.1.0.jar at spark://c6e050ed47eb:36661/files/io.delta_delta-spark_2.12-3.1.0.jar with timestamp 1748929303417
[2025-06-03T05:41:43.921+0000] {spark_submit.py:644} INFO - 25/06/03 05:41:43 INFO Utils: Copying /home/***/.ivy2/jars/io.delta_delta-spark_2.12-3.1.0.jar to /tmp/spark-b6163a36-0a9c-4888-985c-91f5481ec285/userFiles-bf4d524e-58cb-45f8-b260-08271a495cb1/io.delta_delta-spark_2.12-3.1.0.jar
[2025-06-03T05:41:43.928+0000] {spark_submit.py:644} INFO - 25/06/03 05:41:43 INFO SparkContext: Added file file:///home/***/.ivy2/jars/org.wildfly.openssl_wildfly-openssl-1.0.7.Final.jar at spark://c6e050ed47eb:36661/files/org.wildfly.openssl_wildfly-openssl-1.0.7.Final.jar with timestamp 1748929303417
[2025-06-03T05:41:43.929+0000] {spark_submit.py:644} INFO - 25/06/03 05:41:43 INFO Utils: Copying /home/***/.ivy2/jars/org.wildfly.openssl_wildfly-openssl-1.0.7.Final.jar to /tmp/spark-b6163a36-0a9c-4888-985c-91f5481ec285/userFiles-bf4d524e-58cb-45f8-b260-08271a495cb1/org.wildfly.openssl_wildfly-openssl-1.0.7.Final.jar
[2025-06-03T05:41:43.931+0000] {spark_submit.py:644} INFO - 25/06/03 05:41:43 INFO SparkContext: Added file file:///home/***/.ivy2/jars/io.delta_delta-storage-3.1.0.jar at spark://c6e050ed47eb:36661/files/io.delta_delta-storage-3.1.0.jar with timestamp 1748929303417
[2025-06-03T05:41:43.931+0000] {spark_submit.py:644} INFO - 25/06/03 05:41:43 INFO Utils: Copying /home/***/.ivy2/jars/io.delta_delta-storage-3.1.0.jar to /tmp/spark-b6163a36-0a9c-4888-985c-91f5481ec285/userFiles-bf4d524e-58cb-45f8-b260-08271a495cb1/io.delta_delta-storage-3.1.0.jar
[2025-06-03T05:41:43.933+0000] {spark_submit.py:644} INFO - 25/06/03 05:41:43 INFO SparkContext: Added file file:///home/***/.ivy2/jars/org.antlr_antlr4-runtime-4.9.3.jar at spark://c6e050ed47eb:36661/files/org.antlr_antlr4-runtime-4.9.3.jar with timestamp 1748929303417
[2025-06-03T05:41:43.933+0000] {spark_submit.py:644} INFO - 25/06/03 05:41:43 INFO Utils: Copying /home/***/.ivy2/jars/org.antlr_antlr4-runtime-4.9.3.jar to /tmp/spark-b6163a36-0a9c-4888-985c-91f5481ec285/userFiles-bf4d524e-58cb-45f8-b260-08271a495cb1/org.antlr_antlr4-runtime-4.9.3.jar
[2025-06-03T05:41:43.993+0000] {spark_submit.py:644} INFO - 25/06/03 05:41:43 INFO StandaloneAppClient$ClientEndpoint: Connecting to master spark://spark-master:7077...
[2025-06-03T05:41:44.017+0000] {spark_submit.py:644} INFO - 25/06/03 05:41:44 INFO TransportClientFactory: Successfully created connection to spark-master/172.18.0.5:7077 after 14 ms (0 ms spent in bootstraps)
[2025-06-03T05:41:44.064+0000] {spark_submit.py:644} INFO - 25/06/03 05:41:44 INFO StandaloneSchedulerBackend: Connected to Spark cluster with app ID app-20250603054144-0004
[2025-06-03T05:41:44.066+0000] {spark_submit.py:644} INFO - 25/06/03 05:41:44 INFO StandaloneAppClient$ClientEndpoint: Executor added: app-20250603054144-0004/0 on worker-20250603045933-172.18.0.7-40173 (172.18.0.7:40173) with 4 core(s)
[2025-06-03T05:41:44.066+0000] {spark_submit.py:644} INFO - 25/06/03 05:41:44 INFO StandaloneSchedulerBackend: Granted executor ID app-20250603054144-0004/0 on hostPort 172.18.0.7:40173 with 4 core(s), 2.0 GiB RAM
[2025-06-03T05:41:44.069+0000] {spark_submit.py:644} INFO - 25/06/03 05:41:44 INFO Utils: Successfully started service 'org.apache.spark.network.netty.NettyBlockTransferService' on port 44397.
[2025-06-03T05:41:44.070+0000] {spark_submit.py:644} INFO - 25/06/03 05:41:44 INFO NettyBlockTransferService: Server created on c6e050ed47eb:44397
[2025-06-03T05:41:44.071+0000] {spark_submit.py:644} INFO - 25/06/03 05:41:44 INFO BlockManager: Using org.apache.spark.storage.RandomBlockReplicationPolicy for block replication policy
[2025-06-03T05:41:44.074+0000] {spark_submit.py:644} INFO - 25/06/03 05:41:44 INFO BlockManagerMaster: Registering BlockManager BlockManagerId(driver, c6e050ed47eb, 44397, None)
[2025-06-03T05:41:44.076+0000] {spark_submit.py:644} INFO - 25/06/03 05:41:44 INFO BlockManagerMasterEndpoint: Registering block manager c6e050ed47eb:44397 with 434.4 MiB RAM, BlockManagerId(driver, c6e050ed47eb, 44397, None)
[2025-06-03T05:41:44.078+0000] {spark_submit.py:644} INFO - 25/06/03 05:41:44 INFO BlockManagerMaster: Registered BlockManager BlockManagerId(driver, c6e050ed47eb, 44397, None)
[2025-06-03T05:41:44.078+0000] {spark_submit.py:644} INFO - 25/06/03 05:41:44 INFO BlockManager: Initialized BlockManager: BlockManagerId(driver, c6e050ed47eb, 44397, None)
[2025-06-03T05:41:44.093+0000] {spark_submit.py:644} INFO - 25/06/03 05:41:44 INFO StandaloneAppClient$ClientEndpoint: Executor updated: app-20250603054144-0004/0 is now RUNNING
[2025-06-03T05:41:44.205+0000] {spark_submit.py:644} INFO - 25/06/03 05:41:44 INFO StandaloneSchedulerBackend: SchedulerBackend is ready for scheduling beginning after reached minRegisteredResourcesRatio: 0.0
[2025-06-03T05:41:44.359+0000] {spark_submit.py:644} INFO - Reading Bronze data from: s3a://mybucket/bronze/curry_raw_data/
[2025-06-03T05:41:44.363+0000] {spark_submit.py:644} INFO - 25/06/03 05:41:44 INFO SharedState: Setting hive.metastore.warehouse.dir ('null') to the value of spark.sql.warehouse.dir.
[2025-06-03T05:41:44.438+0000] {spark_submit.py:644} INFO - 25/06/03 05:41:44 WARN MetricsConfig: Cannot locate configuration: tried hadoop-metrics2-s3a-file-system.properties,hadoop-metrics2.properties
[2025-06-03T05:41:44.444+0000] {spark_submit.py:644} INFO - 25/06/03 05:41:44 INFO MetricsSystemImpl: Scheduled Metric snapshot period at 10 second(s).
[2025-06-03T05:41:44.445+0000] {spark_submit.py:644} INFO - 25/06/03 05:41:44 INFO MetricsSystemImpl: s3a-file-system metrics system started
[2025-06-03T05:41:44.850+0000] {spark_submit.py:644} INFO - 25/06/03 05:41:44 INFO SharedState: Warehouse path is 's3a://mybucket'.
[2025-06-03T05:41:45.476+0000] {spark_submit.py:644} INFO - 25/06/03 05:41:45 INFO InMemoryFileIndex: It took 36 ms to list leaf files for 1 paths.
[2025-06-03T05:41:45.683+0000] {spark_submit.py:644} INFO - 25/06/03 05:41:45 INFO StandaloneSchedulerBackend$StandaloneDriverEndpoint: Registered executor NettyRpcEndpointRef(spark-client://Executor) (172.18.0.7:59842) with ID 0,  ResourceProfileId 0
[2025-06-03T05:41:45.726+0000] {spark_submit.py:644} INFO - 25/06/03 05:41:45 INFO SparkContext: Starting job: load at NativeMethodAccessorImpl.java:0
[2025-06-03T05:41:45.729+0000] {spark_submit.py:644} INFO - 25/06/03 05:41:45 INFO BlockManagerMasterEndpoint: Registering block manager 172.18.0.7:40155 with 1048.8 MiB RAM, BlockManagerId(0, 172.18.0.7, 40155, None)
[2025-06-03T05:41:45.735+0000] {spark_submit.py:644} INFO - 25/06/03 05:41:45 INFO DAGScheduler: Got job 0 (load at NativeMethodAccessorImpl.java:0) with 1 output partitions
[2025-06-03T05:41:45.735+0000] {spark_submit.py:644} INFO - 25/06/03 05:41:45 INFO DAGScheduler: Final stage: ResultStage 0 (load at NativeMethodAccessorImpl.java:0)
[2025-06-03T05:41:45.736+0000] {spark_submit.py:644} INFO - 25/06/03 05:41:45 INFO DAGScheduler: Parents of final stage: List()
[2025-06-03T05:41:45.736+0000] {spark_submit.py:644} INFO - 25/06/03 05:41:45 INFO DAGScheduler: Missing parents: List()
[2025-06-03T05:41:45.738+0000] {spark_submit.py:644} INFO - 25/06/03 05:41:45 INFO DAGScheduler: Submitting ResultStage 0 (MapPartitionsRDD[1] at load at NativeMethodAccessorImpl.java:0), which has no missing parents
[2025-06-03T05:41:45.769+0000] {spark_submit.py:644} INFO - 25/06/03 05:41:45 INFO MemoryStore: Block broadcast_0 stored as values in memory (estimated size 107.3 KiB, free 434.3 MiB)
[2025-06-03T05:41:45.789+0000] {spark_submit.py:644} INFO - 25/06/03 05:41:45 INFO MemoryStore: Block broadcast_0_piece0 stored as bytes in memory (estimated size 39.0 KiB, free 434.3 MiB)
[2025-06-03T05:41:45.791+0000] {spark_submit.py:644} INFO - 25/06/03 05:41:45 INFO BlockManagerInfo: Added broadcast_0_piece0 in memory on c6e050ed47eb:44397 (size: 39.0 KiB, free: 434.4 MiB)
[2025-06-03T05:41:45.798+0000] {spark_submit.py:644} INFO - 25/06/03 05:41:45 INFO SparkContext: Created broadcast 0 from broadcast at DAGScheduler.scala:1585
[2025-06-03T05:41:45.810+0000] {spark_submit.py:644} INFO - 25/06/03 05:41:45 INFO DAGScheduler: Submitting 1 missing tasks from ResultStage 0 (MapPartitionsRDD[1] at load at NativeMethodAccessorImpl.java:0) (first 15 tasks are for partitions Vector(0))
[2025-06-03T05:41:45.811+0000] {spark_submit.py:644} INFO - 25/06/03 05:41:45 INFO TaskSchedulerImpl: Adding task set 0.0 with 1 tasks resource profile 0
[2025-06-03T05:41:47.347+0000] {spark_submit.py:644} INFO - 25/06/03 05:41:47 INFO TaskSetManager: Starting task 0.0 in stage 0.0 (TID 0) (172.18.0.7, executor 0, partition 0, PROCESS_LOCAL, 10348 bytes)
[2025-06-03T05:41:47.481+0000] {spark_submit.py:644} INFO - 25/06/03 05:41:47 INFO BlockManagerInfo: Added broadcast_0_piece0 in memory on 172.18.0.7:40155 (size: 39.0 KiB, free: 1048.8 MiB)
[2025-06-03T05:41:48.446+0000] {spark_submit.py:644} INFO - 25/06/03 05:41:48 INFO TaskSetManager: Finished task 0.0 in stage 0.0 (TID 0) in 1112 ms on 172.18.0.7 (executor 0) (1/1)
[2025-06-03T05:41:48.447+0000] {spark_submit.py:644} INFO - 25/06/03 05:41:48 INFO TaskSchedulerImpl: Removed TaskSet 0.0, whose tasks have all completed, from pool
[2025-06-03T05:41:48.451+0000] {spark_submit.py:644} INFO - 25/06/03 05:41:48 INFO DAGScheduler: ResultStage 0 (load at NativeMethodAccessorImpl.java:0) finished in 2.704 s
[2025-06-03T05:41:48.453+0000] {spark_submit.py:644} INFO - 25/06/03 05:41:48 INFO DAGScheduler: Job 0 is finished. Cancelling potential speculative or zombie tasks for this job
[2025-06-03T05:41:48.453+0000] {spark_submit.py:644} INFO - 25/06/03 05:41:48 INFO TaskSchedulerImpl: Killing all running tasks in stage 0: Stage finished
[2025-06-03T05:41:48.454+0000] {spark_submit.py:644} INFO - 25/06/03 05:41:48 INFO DAGScheduler: Job 0 finished: load at NativeMethodAccessorImpl.java:0, took 2.728242 s
[2025-06-03T05:41:48.709+0000] {spark_submit.py:644} INFO - 25/06/03 05:41:48 INFO BlockManagerInfo: Removed broadcast_0_piece0 on c6e050ed47eb:44397 in memory (size: 39.0 KiB, free: 434.4 MiB)
[2025-06-03T05:41:48.716+0000] {spark_submit.py:644} INFO - 25/06/03 05:41:48 INFO BlockManagerInfo: Removed broadcast_0_piece0 on 172.18.0.7:40155 in memory (size: 39.0 KiB, free: 1048.8 MiB)
[2025-06-03T05:41:48.914+0000] {spark_submit.py:644} INFO - Successfully loaded Bronze data.
[2025-06-03T05:41:48.973+0000] {spark_submit.py:644} INFO - Writing to Silver path: s3a://mybucket/silver/curry_transformed/
[2025-06-03T05:41:49.410+0000] {spark_submit.py:644} INFO - 25/06/03 05:41:49 INFO HiveConf: Found configuration file null
[2025-06-03T05:41:49.415+0000] {spark_submit.py:644} INFO - 25/06/03 05:41:49 INFO HiveUtils: Initializing HiveMetastoreConnection version 2.3.9 using Spark classes.
[2025-06-03T05:41:49.541+0000] {spark_submit.py:644} INFO - 25/06/03 05:41:49 INFO HiveClientImpl: Warehouse location for Hive client (version 2.3.9) is s3a://mybucket
[2025-06-03T05:41:49.568+0000] {spark_submit.py:644} INFO - 25/06/03 05:41:49 INFO metastore: Trying to connect to metastore with URI thrift://hive-metastore:9083
[2025-06-03T05:41:49.583+0000] {spark_submit.py:644} INFO - 25/06/03 05:41:49 INFO metastore: Opened a connection to metastore, current connections: 1
[2025-06-03T05:41:49.599+0000] {spark_submit.py:644} INFO - 25/06/03 05:41:49 INFO metastore: Connected to metastore.
[2025-06-03T05:41:49.661+0000] {spark_submit.py:644} INFO - Writing data to S3 path for Silver layer at: s3a://mybucket/silver/curry_transformed/
[2025-06-03T05:41:49.719+0000] {spark_submit.py:644} INFO - 25/06/03 05:41:49 INFO FileSourceStrategy: Pushed Filters:
[2025-06-03T05:41:49.719+0000] {spark_submit.py:644} INFO - 25/06/03 05:41:49 INFO FileSourceStrategy: Post-Scan Filters:
[2025-06-03T05:41:49.736+0000] {spark_submit.py:644} INFO - 25/06/03 05:41:49 WARN SparkStringUtils: Truncated the string representation of a plan since it was too large. This behavior can be adjusted by setting 'spark.sql.debug.maxToStringFields'.
[2025-06-03T05:41:49.866+0000] {spark_submit.py:644} INFO - 25/06/03 05:41:49 INFO ParquetUtils: Using default output committer for Parquet: org.apache.parquet.hadoop.ParquetOutputCommitter
[2025-06-03T05:41:49.885+0000] {spark_submit.py:644} INFO - 25/06/03 05:41:49 INFO FileOutputCommitter: File Output Committer Algorithm version is 1
[2025-06-03T05:41:49.885+0000] {spark_submit.py:644} INFO - 25/06/03 05:41:49 INFO FileOutputCommitter: FileOutputCommitter skip cleanup _temporary folders under output directory:false, ignore cleanup failures: false
[2025-06-03T05:41:49.885+0000] {spark_submit.py:644} INFO - 25/06/03 05:41:49 INFO SQLHadoopMapReduceCommitProtocol: Using user defined output committer class org.apache.parquet.hadoop.ParquetOutputCommitter
[2025-06-03T05:41:49.885+0000] {spark_submit.py:644} INFO - 25/06/03 05:41:49 INFO FileOutputCommitter: File Output Committer Algorithm version is 1
[2025-06-03T05:41:49.885+0000] {spark_submit.py:644} INFO - 25/06/03 05:41:49 INFO FileOutputCommitter: FileOutputCommitter skip cleanup _temporary folders under output directory:false, ignore cleanup failures: false
[2025-06-03T05:41:49.885+0000] {spark_submit.py:644} INFO - 25/06/03 05:41:49 INFO SQLHadoopMapReduceCommitProtocol: Using output committer class org.apache.parquet.hadoop.ParquetOutputCommitter
[2025-06-03T05:41:50.084+0000] {spark_submit.py:644} INFO - 25/06/03 05:41:50 INFO CodeGenerator: Code generated in 128.591791 ms
[2025-06-03T05:41:50.098+0000] {spark_submit.py:644} INFO - 25/06/03 05:41:50 INFO MemoryStore: Block broadcast_1 stored as values in memory (estimated size 209.8 KiB, free 434.2 MiB)
[2025-06-03T05:41:50.106+0000] {spark_submit.py:644} INFO - 25/06/03 05:41:50 INFO MemoryStore: Block broadcast_1_piece0 stored as bytes in memory (estimated size 37.2 KiB, free 434.2 MiB)
[2025-06-03T05:41:50.107+0000] {spark_submit.py:644} INFO - 25/06/03 05:41:50 INFO BlockManagerInfo: Added broadcast_1_piece0 in memory on c6e050ed47eb:44397 (size: 37.2 KiB, free: 434.4 MiB)
[2025-06-03T05:41:50.107+0000] {spark_submit.py:644} INFO - 25/06/03 05:41:50 INFO SparkContext: Created broadcast 1 from save at NativeMethodAccessorImpl.java:0
[2025-06-03T05:41:50.117+0000] {spark_submit.py:644} INFO - 25/06/03 05:41:50 INFO FileSourceScanExec: Planning scan with bin packing, max size: 4194304 bytes, open cost is considered as scanning 4194304 bytes.
[2025-06-03T05:41:50.146+0000] {spark_submit.py:644} INFO - 25/06/03 05:41:50 INFO SparkContext: Starting job: save at NativeMethodAccessorImpl.java:0
[2025-06-03T05:41:50.147+0000] {spark_submit.py:644} INFO - 25/06/03 05:41:50 INFO DAGScheduler: Got job 1 (save at NativeMethodAccessorImpl.java:0) with 1 output partitions
[2025-06-03T05:41:50.149+0000] {spark_submit.py:644} INFO - 25/06/03 05:41:50 INFO DAGScheduler: Final stage: ResultStage 1 (save at NativeMethodAccessorImpl.java:0)
[2025-06-03T05:41:50.149+0000] {spark_submit.py:644} INFO - 25/06/03 05:41:50 INFO DAGScheduler: Parents of final stage: List()
[2025-06-03T05:41:50.149+0000] {spark_submit.py:644} INFO - 25/06/03 05:41:50 INFO DAGScheduler: Missing parents: List()
[2025-06-03T05:41:50.150+0000] {spark_submit.py:644} INFO - 25/06/03 05:41:50 INFO DAGScheduler: Submitting ResultStage 1 (MapPartitionsRDD[5] at save at NativeMethodAccessorImpl.java:0), which has no missing parents
[2025-06-03T05:41:50.174+0000] {spark_submit.py:644} INFO - 25/06/03 05:41:50 INFO MemoryStore: Block broadcast_2 stored as values in memory (estimated size 242.2 KiB, free 433.9 MiB)
[2025-06-03T05:41:50.178+0000] {spark_submit.py:644} INFO - 25/06/03 05:41:50 INFO MemoryStore: Block broadcast_2_piece0 stored as bytes in memory (estimated size 83.2 KiB, free 433.8 MiB)
[2025-06-03T05:41:50.179+0000] {spark_submit.py:644} INFO - 25/06/03 05:41:50 INFO BlockManagerInfo: Added broadcast_2_piece0 in memory on c6e050ed47eb:44397 (size: 83.2 KiB, free: 434.3 MiB)
[2025-06-03T05:41:50.179+0000] {spark_submit.py:644} INFO - 25/06/03 05:41:50 INFO SparkContext: Created broadcast 2 from broadcast at DAGScheduler.scala:1585
[2025-06-03T05:41:50.180+0000] {spark_submit.py:644} INFO - 25/06/03 05:41:50 INFO DAGScheduler: Submitting 1 missing tasks from ResultStage 1 (MapPartitionsRDD[5] at save at NativeMethodAccessorImpl.java:0) (first 15 tasks are for partitions Vector(0))
[2025-06-03T05:41:50.180+0000] {spark_submit.py:644} INFO - 25/06/03 05:41:50 INFO TaskSchedulerImpl: Adding task set 1.0 with 1 tasks resource profile 0
[2025-06-03T05:41:50.183+0000] {spark_submit.py:644} INFO - 25/06/03 05:41:50 INFO TaskSetManager: Starting task 0.0 in stage 1.0 (TID 1) (172.18.0.7, executor 0, partition 0, PROCESS_LOCAL, 10853 bytes)
[2025-06-03T05:41:50.207+0000] {spark_submit.py:644} INFO - 25/06/03 05:41:50 INFO BlockManagerInfo: Added broadcast_2_piece0 in memory on 172.18.0.7:40155 (size: 83.2 KiB, free: 1048.7 MiB)
[2025-06-03T05:41:50.739+0000] {spark_submit.py:644} INFO - 25/06/03 05:41:50 INFO BlockManagerInfo: Added broadcast_1_piece0 in memory on 172.18.0.7:40155 (size: 37.2 KiB, free: 1048.7 MiB)
[2025-06-03T05:41:51.259+0000] {spark_submit.py:644} INFO - 25/06/03 05:41:51 INFO TaskSetManager: Finished task 0.0 in stage 1.0 (TID 1) in 1078 ms on 172.18.0.7 (executor 0) (1/1)
[2025-06-03T05:41:51.259+0000] {spark_submit.py:644} INFO - 25/06/03 05:41:51 INFO TaskSchedulerImpl: Removed TaskSet 1.0, whose tasks have all completed, from pool
[2025-06-03T05:41:51.260+0000] {spark_submit.py:644} INFO - 25/06/03 05:41:51 INFO DAGScheduler: ResultStage 1 (save at NativeMethodAccessorImpl.java:0) finished in 1.112 s
[2025-06-03T05:41:51.260+0000] {spark_submit.py:644} INFO - 25/06/03 05:41:51 INFO DAGScheduler: Job 1 is finished. Cancelling potential speculative or zombie tasks for this job
[2025-06-03T05:41:51.260+0000] {spark_submit.py:644} INFO - 25/06/03 05:41:51 INFO TaskSchedulerImpl: Killing all running tasks in stage 1: Stage finished
[2025-06-03T05:41:51.261+0000] {spark_submit.py:644} INFO - 25/06/03 05:41:51 INFO DAGScheduler: Job 1 finished: save at NativeMethodAccessorImpl.java:0, took 1.114530 s
[2025-06-03T05:41:51.262+0000] {spark_submit.py:644} INFO - 25/06/03 05:41:51 INFO FileFormatWriter: Start to commit write Job 9306927d-579e-4a32-b622-a47c8fef6196.
[2025-06-03T05:41:51.412+0000] {spark_submit.py:644} INFO - 25/06/03 05:41:51 INFO FileFormatWriter: Write Job 9306927d-579e-4a32-b622-a47c8fef6196 committed. Elapsed time: 149 ms.
[2025-06-03T05:41:51.414+0000] {spark_submit.py:644} INFO - 25/06/03 05:41:51 INFO FileFormatWriter: Finished processing stats for write job 9306927d-579e-4a32-b622-a47c8fef6196.
[2025-06-03T05:41:51.418+0000] {spark_submit.py:644} INFO - Successfully wrote data to S3 path: s3a://mybucket/silver/curry_transformed/
[2025-06-03T05:41:51.669+0000] {spark_submit.py:644} INFO - 25/06/03 05:41:51 INFO InMemoryFileIndex: It took 5 ms to list leaf files for 1 paths.
[2025-06-03T05:41:51.690+0000] {spark_submit.py:644} INFO - 25/06/03 05:41:51 INFO SparkContext: Starting job: sql at NativeMethodAccessorImpl.java:0
[2025-06-03T05:41:51.691+0000] {spark_submit.py:644} INFO - 25/06/03 05:41:51 INFO DAGScheduler: Got job 2 (sql at NativeMethodAccessorImpl.java:0) with 1 output partitions
[2025-06-03T05:41:51.691+0000] {spark_submit.py:644} INFO - 25/06/03 05:41:51 INFO DAGScheduler: Final stage: ResultStage 2 (sql at NativeMethodAccessorImpl.java:0)
[2025-06-03T05:41:51.691+0000] {spark_submit.py:644} INFO - 25/06/03 05:41:51 INFO DAGScheduler: Parents of final stage: List()
[2025-06-03T05:41:51.691+0000] {spark_submit.py:644} INFO - 25/06/03 05:41:51 INFO DAGScheduler: Missing parents: List()
[2025-06-03T05:41:51.691+0000] {spark_submit.py:644} INFO - 25/06/03 05:41:51 INFO DAGScheduler: Submitting ResultStage 2 (MapPartitionsRDD[7] at sql at NativeMethodAccessorImpl.java:0), which has no missing parents
[2025-06-03T05:41:51.696+0000] {spark_submit.py:644} INFO - 25/06/03 05:41:51 INFO MemoryStore: Block broadcast_3 stored as values in memory (estimated size 107.4 KiB, free 433.7 MiB)
[2025-06-03T05:41:51.701+0000] {spark_submit.py:644} INFO - 25/06/03 05:41:51 INFO MemoryStore: Block broadcast_3_piece0 stored as bytes in memory (estimated size 39.0 KiB, free 433.7 MiB)
[2025-06-03T05:41:51.702+0000] {spark_submit.py:644} INFO - 25/06/03 05:41:51 INFO BlockManagerInfo: Added broadcast_3_piece0 in memory on c6e050ed47eb:44397 (size: 39.0 KiB, free: 434.2 MiB)
[2025-06-03T05:41:51.702+0000] {spark_submit.py:644} INFO - 25/06/03 05:41:51 INFO BlockManagerInfo: Removed broadcast_2_piece0 on c6e050ed47eb:44397 in memory (size: 83.2 KiB, free: 434.3 MiB)
[2025-06-03T05:41:51.702+0000] {spark_submit.py:644} INFO - 25/06/03 05:41:51 INFO SparkContext: Created broadcast 3 from broadcast at DAGScheduler.scala:1585
[2025-06-03T05:41:51.703+0000] {spark_submit.py:644} INFO - 25/06/03 05:41:51 INFO DAGScheduler: Submitting 1 missing tasks from ResultStage 2 (MapPartitionsRDD[7] at sql at NativeMethodAccessorImpl.java:0) (first 15 tasks are for partitions Vector(0))
[2025-06-03T05:41:51.703+0000] {spark_submit.py:644} INFO - 25/06/03 05:41:51 INFO TaskSchedulerImpl: Adding task set 2.0 with 1 tasks resource profile 0
[2025-06-03T05:41:51.703+0000] {spark_submit.py:644} INFO - 25/06/03 05:41:51 INFO TaskSetManager: Starting task 0.0 in stage 2.0 (TID 2) (172.18.0.7, executor 0, partition 0, PROCESS_LOCAL, 10351 bytes)
[2025-06-03T05:41:51.704+0000] {spark_submit.py:644} INFO - 25/06/03 05:41:51 INFO BlockManagerInfo: Removed broadcast_2_piece0 on 172.18.0.7:40155 in memory (size: 83.2 KiB, free: 1048.8 MiB)
[2025-06-03T05:41:51.714+0000] {spark_submit.py:644} INFO - 25/06/03 05:41:51 INFO BlockManagerInfo: Added broadcast_3_piece0 in memory on 172.18.0.7:40155 (size: 39.0 KiB, free: 1048.7 MiB)
[2025-06-03T05:41:51.738+0000] {spark_submit.py:644} INFO - 25/06/03 05:41:51 INFO TaskSetManager: Finished task 0.0 in stage 2.0 (TID 2) in 35 ms on 172.18.0.7 (executor 0) (1/1)
[2025-06-03T05:41:51.739+0000] {spark_submit.py:644} INFO - 25/06/03 05:41:51 INFO TaskSchedulerImpl: Removed TaskSet 2.0, whose tasks have all completed, from pool
[2025-06-03T05:41:51.739+0000] {spark_submit.py:644} INFO - 25/06/03 05:41:51 INFO DAGScheduler: ResultStage 2 (sql at NativeMethodAccessorImpl.java:0) finished in 0.047 s
[2025-06-03T05:41:51.739+0000] {spark_submit.py:644} INFO - 25/06/03 05:41:51 INFO DAGScheduler: Job 2 is finished. Cancelling potential speculative or zombie tasks for this job
[2025-06-03T05:41:51.739+0000] {spark_submit.py:644} INFO - 25/06/03 05:41:51 INFO TaskSchedulerImpl: Killing all running tasks in stage 2: Stage finished
[2025-06-03T05:41:51.740+0000] {spark_submit.py:644} INFO - 25/06/03 05:41:51 INFO DAGScheduler: Job 2 finished: sql at NativeMethodAccessorImpl.java:0, took 0.049164 s
[2025-06-03T05:41:51.758+0000] {spark_submit.py:644} INFO - 25/06/03 05:41:51 INFO HiveExternalCatalog: Persisting file based data source table `spark_catalog`.`sc_stats_db`.`silver_sc_stats` into Hive metastore in Hive compatible format.
[2025-06-03T05:41:51.775+0000] {spark_submit.py:644} INFO - 25/06/03 05:41:51 INFO SQLStdHiveAccessController: Created SQLStdHiveAccessController for session context : HiveAuthzSessionContext [sessionString=33f70d8f-273c-4cb6-b345-32267381426b, clientType=HIVECLI]
[2025-06-03T05:41:51.776+0000] {spark_submit.py:644} INFO - 25/06/03 05:41:51 WARN SessionState: METASTORE_FILTER_HOOK will be ignored, since hive.security.authorization.manager is set to instance of HiveAuthorizerFactory.
[2025-06-03T05:41:51.776+0000] {spark_submit.py:644} INFO - 25/06/03 05:41:51 INFO metastore: Mestastore configuration hive.metastore.filter.hook changed from org.apache.hadoop.hive.metastore.DefaultMetaStoreFilterHookImpl to org.apache.hadoop.hive.ql.security.authorization.plugin.AuthorizationMetaStoreFilterHook
[2025-06-03T05:41:51.779+0000] {spark_submit.py:644} INFO - 25/06/03 05:41:51 INFO metastore: Closed a connection to metastore, current connections: 0
[2025-06-03T05:41:51.780+0000] {spark_submit.py:644} INFO - 25/06/03 05:41:51 INFO metastore: Trying to connect to metastore with URI thrift://hive-metastore:9083
[2025-06-03T05:41:51.780+0000] {spark_submit.py:644} INFO - 25/06/03 05:41:51 INFO metastore: Opened a connection to metastore, current connections: 1
[2025-06-03T05:41:51.780+0000] {spark_submit.py:644} INFO - 25/06/03 05:41:51 INFO metastore: Connected to metastore.
[2025-06-03T05:41:51.831+0000] {spark_submit.py:644} INFO - 25/06/03 05:41:51 INFO metastore: Trying to connect to metastore with URI thrift://hive-metastore:9083
[2025-06-03T05:41:51.831+0000] {spark_submit.py:644} INFO - 25/06/03 05:41:51 INFO metastore: Opened a connection to metastore, current connections: 2
[2025-06-03T05:41:51.832+0000] {spark_submit.py:644} INFO - 25/06/03 05:41:51 INFO metastore: Connected to metastore.
[2025-06-03T05:41:51.893+0000] {spark_submit.py:644} INFO - Successfully registered table sc_stats_db.silver_sc_stats pointing to s3a://mybucket/silver/curry_transformed/.
[2025-06-03T05:41:51.894+0000] {spark_submit.py:644} INFO - 25/06/03 05:41:51 INFO SparkContext: SparkContext is stopping with exitCode 0.
[2025-06-03T05:41:51.903+0000] {spark_submit.py:644} INFO - 25/06/03 05:41:51 INFO SparkUI: Stopped Spark web UI at http://c6e050ed47eb:4040
[2025-06-03T05:41:51.905+0000] {spark_submit.py:644} INFO - 25/06/03 05:41:51 INFO StandaloneSchedulerBackend: Shutting down all executors
[2025-06-03T05:41:51.905+0000] {spark_submit.py:644} INFO - 25/06/03 05:41:51 INFO StandaloneSchedulerBackend$StandaloneDriverEndpoint: Asking each executor to shut down
[2025-06-03T05:41:51.919+0000] {spark_submit.py:644} INFO - 25/06/03 05:41:51 INFO MapOutputTrackerMasterEndpoint: MapOutputTrackerMasterEndpoint stopped!
[2025-06-03T05:41:51.929+0000] {spark_submit.py:644} INFO - 25/06/03 05:41:51 INFO MemoryStore: MemoryStore cleared
[2025-06-03T05:41:51.930+0000] {spark_submit.py:644} INFO - 25/06/03 05:41:51 INFO BlockManager: BlockManager stopped
[2025-06-03T05:41:51.932+0000] {spark_submit.py:644} INFO - 25/06/03 05:41:51 INFO BlockManagerMaster: BlockManagerMaster stopped
[2025-06-03T05:41:51.933+0000] {spark_submit.py:644} INFO - 25/06/03 05:41:51 INFO OutputCommitCoordinator$OutputCommitCoordinatorEndpoint: OutputCommitCoordinator stopped!
[2025-06-03T05:41:51.946+0000] {spark_submit.py:644} INFO - 25/06/03 05:41:51 INFO SparkContext: Successfully stopped SparkContext
[2025-06-03T05:41:52.269+0000] {spark_submit.py:644} INFO - Bronze to Silver job completed.
[2025-06-03T05:41:52.322+0000] {spark_submit.py:644} INFO - 25/06/03 05:41:52 INFO ShutdownHookManager: Shutdown hook called
[2025-06-03T05:41:52.323+0000] {spark_submit.py:644} INFO - 25/06/03 05:41:52 INFO ShutdownHookManager: Deleting directory /tmp/spark-b6163a36-0a9c-4888-985c-91f5481ec285/pyspark-eb1cb2cd-36f3-45fd-aa5a-29308d2ea838
[2025-06-03T05:41:52.325+0000] {spark_submit.py:644} INFO - 25/06/03 05:41:52 INFO ShutdownHookManager: Deleting directory /tmp/spark-c8fc6562-6c20-487a-a776-4b0a20aa9892
[2025-06-03T05:41:52.327+0000] {spark_submit.py:644} INFO - 25/06/03 05:41:52 INFO ShutdownHookManager: Deleting directory /tmp/spark-b6163a36-0a9c-4888-985c-91f5481ec285
[2025-06-03T05:41:52.330+0000] {spark_submit.py:644} INFO - 25/06/03 05:41:52 INFO MetricsSystemImpl: Stopping s3a-file-system metrics system...
[2025-06-03T05:41:52.330+0000] {spark_submit.py:644} INFO - 25/06/03 05:41:52 INFO MetricsSystemImpl: s3a-file-system metrics system stopped.
[2025-06-03T05:41:52.331+0000] {spark_submit.py:644} INFO - 25/06/03 05:41:52 INFO MetricsSystemImpl: s3a-file-system metrics system shutdown complete.
[2025-06-03T05:41:52.367+0000] {taskinstance.py:340} INFO - ::group::Post task execution logs
[2025-06-03T05:41:52.368+0000] {taskinstance.py:352} INFO - Marking task as SUCCESS. dag_id=curry_medallion_etl, task_id=submit_bronze_to_silver_job, run_id=manual__2025-06-03T05:41:25.773369+00:00, execution_date=20250603T054125, start_date=20250603T054141, end_date=20250603T054152
[2025-06-03T05:41:52.410+0000] {local_task_job_runner.py:266} INFO - Task exited with return code 0
[2025-06-03T05:41:52.422+0000] {taskinstance.py:3895} INFO - 1 downstream tasks scheduled from follow-on schedule check
[2025-06-03T05:41:52.423+0000] {local_task_job_runner.py:245} INFO - ::endgroup::
