[2025-06-07T12:13:11.652+0000] {local_task_job_runner.py:123} INFO - ::group::Pre task execution logs
[2025-06-07T12:13:11.661+0000] {taskinstance.py:2613} INFO - Dependencies all met for dep_context=non-requeueable deps ti=<TaskInstance: curry_medallion_etl.submit_bronze_etl_job manual__2025-06-07T12:13:10.143263+00:00 [queued]>
[2025-06-07T12:13:11.664+0000] {taskinstance.py:2613} INFO - Dependencies all met for dep_context=requeueable deps ti=<TaskInstance: curry_medallion_etl.submit_bronze_etl_job manual__2025-06-07T12:13:10.143263+00:00 [queued]>
[2025-06-07T12:13:11.665+0000] {taskinstance.py:2866} INFO - Starting attempt 1 of 1
[2025-06-07T12:13:11.669+0000] {taskinstance.py:2889} INFO - Executing <Task(SparkSubmitOperator): submit_bronze_etl_job> on 2025-06-07 12:13:10.143263+00:00
[2025-06-07T12:13:11.672+0000] {standard_task_runner.py:72} INFO - Started process 260 to run task
[2025-06-07T12:13:11.674+0000] {standard_task_runner.py:104} INFO - Running: ['***', 'tasks', 'run', 'curry_medallion_etl', 'submit_bronze_etl_job', 'manual__2025-06-07T12:13:10.143263+00:00', '--job-id', '65', '--raw', '--subdir', 'DAGS_FOLDER/medallion_sales_etl_dag.py', '--cfg-path', '/tmp/tmp5zt1vc8w']
[2025-06-07T12:13:11.675+0000] {standard_task_runner.py:105} INFO - Job 65: Subtask submit_bronze_etl_job
[2025-06-07T12:13:11.708+0000] {task_command.py:467} INFO - Running <TaskInstance: curry_medallion_etl.submit_bronze_etl_job manual__2025-06-07T12:13:10.143263+00:00 [running]> on host 5ebb95484de3
[2025-06-07T12:13:11.756+0000] {taskinstance.py:3132} INFO - Exporting env vars: AIRFLOW_CTX_DAG_OWNER='qdinh18' AIRFLOW_CTX_DAG_ID='curry_medallion_etl' AIRFLOW_CTX_TASK_ID='submit_bronze_etl_job' AIRFLOW_CTX_EXECUTION_DATE='2025-06-07T12:13:10.143263+00:00' AIRFLOW_CTX_TRY_NUMBER='1' AIRFLOW_CTX_DAG_RUN_ID='manual__2025-06-07T12:13:10.143263+00:00'
[2025-06-07T12:13:11.756+0000] {taskinstance.py:731} INFO - ::endgroup::
[2025-06-07T12:13:11.777+0000] {base.py:84} INFO - Retrieving connection 'spark_default'
[2025-06-07T12:13:11.778+0000] {spark_submit.py:474} INFO - Spark-Submit cmd: spark-submit --master spark://spark-master:7077 --conf spark.executor.memory=2g --conf spark.sql.warehouse.dir=s3a://mybucket/warehouse/ --conf spark.sql.extensions=io.delta.sql.DeltaSparkSessionExtension --conf spark.sql.catalog.spark_catalog=org.apache.spark.sql.delta.catalog.DeltaCatalog --conf spark.hadoop.fs.s3a.endpoint=http://minio:9000 --conf spark.hadoop.fs.s3a.access.key=minioadmin --conf spark.hadoop.fs.s3a.secret.key=****** --conf spark.hadoop.fs.s3a.path.style.access=true --conf spark.hadoop.fs.s3a.impl=org.apache.hadoop.fs.s3a.S3AFileSystem --packages org.apache.hadoop:hadoop-aws:3.3.4,com.amazonaws:aws-java-sdk-bundle:1.12.262,io.delta:delta-spark_2.12:3.1.0 --name bronze_sc_stats_etl --verbose --queue root.default --deploy-mode client /opt/***/dags/bronze_ingestion_sc_stats_etl.py --output_path s3a://mybucket/bronze/curry_raw_data/
[2025-06-07T12:13:12.489+0000] {spark_submit.py:644} INFO - Using properties file: null
[2025-06-07T12:13:12.545+0000] {spark_submit.py:644} INFO - Parsed arguments:
[2025-06-07T12:13:12.546+0000] {spark_submit.py:644} INFO - master                  spark://spark-master:7077
[2025-06-07T12:13:12.546+0000] {spark_submit.py:644} INFO - remote                  null
[2025-06-07T12:13:12.546+0000] {spark_submit.py:644} INFO - deployMode              client
[2025-06-07T12:13:12.546+0000] {spark_submit.py:644} INFO - executorMemory          2g
[2025-06-07T12:13:12.547+0000] {spark_submit.py:644} INFO - executorCores           null
[2025-06-07T12:13:12.547+0000] {spark_submit.py:644} INFO - totalExecutorCores      null
[2025-06-07T12:13:12.547+0000] {spark_submit.py:644} INFO - propertiesFile          null
[2025-06-07T12:13:12.547+0000] {spark_submit.py:644} INFO - driverMemory            null
[2025-06-07T12:13:12.547+0000] {spark_submit.py:644} INFO - driverCores             null
[2025-06-07T12:13:12.547+0000] {spark_submit.py:644} INFO - driverExtraClassPath    null
[2025-06-07T12:13:12.547+0000] {spark_submit.py:644} INFO - driverExtraLibraryPath  null
[2025-06-07T12:13:12.548+0000] {spark_submit.py:644} INFO - driverExtraJavaOptions  null
[2025-06-07T12:13:12.548+0000] {spark_submit.py:644} INFO - supervise               false
[2025-06-07T12:13:12.548+0000] {spark_submit.py:644} INFO - queue                   root.default
[2025-06-07T12:13:12.548+0000] {spark_submit.py:644} INFO - numExecutors            null
[2025-06-07T12:13:12.548+0000] {spark_submit.py:644} INFO - files                   null
[2025-06-07T12:13:12.548+0000] {spark_submit.py:644} INFO - pyFiles                 null
[2025-06-07T12:13:12.548+0000] {spark_submit.py:644} INFO - archives                null
[2025-06-07T12:13:12.548+0000] {spark_submit.py:644} INFO - mainClass               null
[2025-06-07T12:13:12.549+0000] {spark_submit.py:644} INFO - primaryResource         file:/opt/***/dags/bronze_ingestion_sc_stats_etl.py
[2025-06-07T12:13:12.549+0000] {spark_submit.py:644} INFO - name                    bronze_sc_stats_etl
[2025-06-07T12:13:12.549+0000] {spark_submit.py:644} INFO - childArgs               [--output_path s3a://mybucket/bronze/curry_raw_data/]
[2025-06-07T12:13:12.549+0000] {spark_submit.py:644} INFO - jars                    null
[2025-06-07T12:13:12.549+0000] {spark_submit.py:644} INFO - packages                org.apache.hadoop:hadoop-aws:3.3.4,com.amazonaws:aws-java-sdk-bundle:1.12.262,io.delta:delta-spark_2.12:3.1.0
[2025-06-07T12:13:12.550+0000] {spark_submit.py:644} INFO - packagesExclusions      null
[2025-06-07T12:13:12.550+0000] {spark_submit.py:644} INFO - repositories            null
[2025-06-07T12:13:12.550+0000] {spark_submit.py:644} INFO - verbose                 true
[2025-06-07T12:13:12.550+0000] {spark_submit.py:644} INFO - 
[2025-06-07T12:13:12.550+0000] {spark_submit.py:644} INFO - Spark properties used, including those specified through
[2025-06-07T12:13:12.550+0000] {spark_submit.py:644} INFO - --conf and those from the properties file null:
[2025-06-07T12:13:12.551+0000] {spark_submit.py:644} INFO - (spark.executor.memory,2g)
[2025-06-07T12:13:12.551+0000] {spark_submit.py:644} INFO - (spark.hadoop.fs.s3a.access.key,*********(redacted))
[2025-06-07T12:13:12.552+0000] {spark_submit.py:644} INFO - (spark.hadoop.fs.s3a.endpoint,http://minio:9000)
[2025-06-07T12:13:12.553+0000] {spark_submit.py:644} INFO - (spark.hadoop.fs.s3a.impl,org.apache.hadoop.fs.s3a.S3AFileSystem)
[2025-06-07T12:13:12.553+0000] {spark_submit.py:644} INFO - (spark.hadoop.fs.s3a.path.style.access,true)
[2025-06-07T12:13:12.553+0000] {spark_submit.py:644} INFO - (spark.hadoop.fs.s3a.secret.key,*********(redacted))
[2025-06-07T12:13:12.553+0000] {spark_submit.py:644} INFO - (spark.sql.catalog.spark_catalog,org.apache.spark.sql.delta.catalog.DeltaCatalog)
[2025-06-07T12:13:12.554+0000] {spark_submit.py:644} INFO - (spark.sql.extensions,io.delta.sql.DeltaSparkSessionExtension)
[2025-06-07T12:13:12.554+0000] {spark_submit.py:644} INFO - (spark.sql.warehouse.dir,s3a://mybucket/warehouse/)
[2025-06-07T12:13:12.554+0000] {spark_submit.py:644} INFO - 
[2025-06-07T12:13:12.554+0000] {spark_submit.py:644} INFO - 
[2025-06-07T12:13:12.619+0000] {spark_submit.py:644} INFO - :: loading settings :: url = jar:file:/home/***/.local/lib/python3.11/site-packages/pyspark/jars/ivy-2.5.1.jar!/org/apache/ivy/core/settings/ivysettings.xml
[2025-06-07T12:13:12.656+0000] {spark_submit.py:644} INFO - Ivy Default Cache set to: /home/***/.ivy2/cache
[2025-06-07T12:13:12.657+0000] {spark_submit.py:644} INFO - The jars for the packages stored in: /home/***/.ivy2/jars
[2025-06-07T12:13:12.659+0000] {spark_submit.py:644} INFO - org.apache.hadoop#hadoop-aws added as a dependency
[2025-06-07T12:13:12.659+0000] {spark_submit.py:644} INFO - com.amazonaws#aws-java-sdk-bundle added as a dependency
[2025-06-07T12:13:12.659+0000] {spark_submit.py:644} INFO - io.delta#delta-spark_2.12 added as a dependency
[2025-06-07T12:13:12.659+0000] {spark_submit.py:644} INFO - :: resolving dependencies :: org.apache.spark#spark-submit-parent-1eb80b0f-3750-428f-b068-d58a3a22d908;1.0
[2025-06-07T12:13:12.660+0000] {spark_submit.py:644} INFO - confs: [default]
[2025-06-07T12:13:16.540+0000] {spark_submit.py:644} INFO - found org.apache.hadoop#hadoop-aws;3.3.4 in central
[2025-06-07T12:13:17.759+0000] {spark_submit.py:644} INFO - found com.amazonaws#aws-java-sdk-bundle;1.12.262 in central
[2025-06-07T12:13:20.572+0000] {spark_submit.py:644} INFO - found org.wildfly.openssl#wildfly-openssl;1.0.7.Final in central
[2025-06-07T12:13:20.928+0000] {spark_submit.py:644} INFO - found io.delta#delta-spark_2.12;3.1.0 in central
[2025-06-07T12:13:21.294+0000] {spark_submit.py:644} INFO - found io.delta#delta-storage;3.1.0 in central
[2025-06-07T12:13:23.488+0000] {spark_submit.py:644} INFO - found org.antlr#antlr4-runtime;4.9.3 in central
[2025-06-07T12:13:23.668+0000] {spark_submit.py:644} INFO - downloading https://repo1.maven.org/maven2/org/apache/hadoop/hadoop-aws/3.3.4/hadoop-aws-3.3.4.jar ...
[2025-06-07T12:13:24.341+0000] {spark_submit.py:644} INFO - [SUCCESSFUL ] org.apache.hadoop#hadoop-aws;3.3.4!hadoop-aws.jar (842ms)
[2025-06-07T12:13:24.510+0000] {spark_submit.py:644} INFO - downloading https://repo1.maven.org/maven2/com/amazonaws/aws-java-sdk-bundle/1.12.262/aws-java-sdk-bundle-1.12.262.jar ...
[2025-06-07T12:14:08.745+0000] {spark_submit.py:644} INFO - [SUCCESSFUL ] com.amazonaws#aws-java-sdk-bundle;1.12.262!aws-java-sdk-bundle.jar (44403ms)
[2025-06-07T12:14:08.916+0000] {spark_submit.py:644} INFO - downloading https://repo1.maven.org/maven2/io/delta/delta-spark_2.12/3.1.0/delta-spark_2.12-3.1.0.jar ...
[2025-06-07T12:14:10.356+0000] {spark_submit.py:644} INFO - [SUCCESSFUL ] io.delta#delta-spark_2.12;3.1.0!delta-spark_2.12.jar (1610ms)
[2025-06-07T12:14:10.527+0000] {spark_submit.py:644} INFO - downloading https://repo1.maven.org/maven2/org/wildfly/openssl/wildfly-openssl/1.0.7.Final/wildfly-openssl-1.0.7.Final.jar ...
[2025-06-07T12:14:10.780+0000] {spark_submit.py:644} INFO - [SUCCESSFUL ] org.wildfly.openssl#wildfly-openssl;1.0.7.Final!wildfly-openssl.jar (423ms)
[2025-06-07T12:14:10.951+0000] {spark_submit.py:644} INFO - downloading https://repo1.maven.org/maven2/io/delta/delta-storage/3.1.0/delta-storage-3.1.0.jar ...
[2025-06-07T12:14:11.126+0000] {spark_submit.py:644} INFO - [SUCCESSFUL ] io.delta#delta-storage;3.1.0!delta-storage.jar (344ms)
[2025-06-07T12:14:11.298+0000] {spark_submit.py:644} INFO - downloading https://repo1.maven.org/maven2/org/antlr/antlr4-runtime/4.9.3/antlr4-runtime-4.9.3.jar ...
[2025-06-07T12:14:11.531+0000] {spark_submit.py:644} INFO - [SUCCESSFUL ] org.antlr#antlr4-runtime;4.9.3!antlr4-runtime.jar (403ms)
[2025-06-07T12:14:11.532+0000] {spark_submit.py:644} INFO - :: resolution report :: resolve 10838ms :: artifacts dl 48035ms
[2025-06-07T12:14:11.532+0000] {spark_submit.py:644} INFO - :: modules in use:
[2025-06-07T12:14:11.533+0000] {spark_submit.py:644} INFO - com.amazonaws#aws-java-sdk-bundle;1.12.262 from central in [default]
[2025-06-07T12:14:11.533+0000] {spark_submit.py:644} INFO - io.delta#delta-spark_2.12;3.1.0 from central in [default]
[2025-06-07T12:14:11.534+0000] {spark_submit.py:644} INFO - io.delta#delta-storage;3.1.0 from central in [default]
[2025-06-07T12:14:11.534+0000] {spark_submit.py:644} INFO - org.antlr#antlr4-runtime;4.9.3 from central in [default]
[2025-06-07T12:14:11.534+0000] {spark_submit.py:644} INFO - org.apache.hadoop#hadoop-aws;3.3.4 from central in [default]
[2025-06-07T12:14:11.534+0000] {spark_submit.py:644} INFO - org.wildfly.openssl#wildfly-openssl;1.0.7.Final from central in [default]
[2025-06-07T12:14:11.535+0000] {spark_submit.py:644} INFO - ---------------------------------------------------------------------
[2025-06-07T12:14:11.535+0000] {spark_submit.py:644} INFO - |                  |            modules            ||   artifacts   |
[2025-06-07T12:14:11.535+0000] {spark_submit.py:644} INFO - |       conf       | number| search|dwnlded|evicted|| number|dwnlded|
[2025-06-07T12:14:11.535+0000] {spark_submit.py:644} INFO - ---------------------------------------------------------------------
[2025-06-07T12:14:11.536+0000] {spark_submit.py:644} INFO - |      default     |   6   |   6   |   6   |   0   ||   6   |   6   |
[2025-06-07T12:14:11.536+0000] {spark_submit.py:644} INFO - ---------------------------------------------------------------------
[2025-06-07T12:14:11.536+0000] {spark_submit.py:644} INFO - :: retrieving :: org.apache.spark#spark-submit-parent-1eb80b0f-3750-428f-b068-d58a3a22d908
[2025-06-07T12:14:11.536+0000] {spark_submit.py:644} INFO - confs: [default]
[2025-06-07T12:14:11.850+0000] {spark_submit.py:644} INFO - 6 artifacts copied, 0 already retrieved (281149kB/315ms)
[2025-06-07T12:14:11.946+0000] {spark_submit.py:644} INFO - 25/06/07 12:14:11 WARN NativeCodeLoader: Unable to load native-hadoop library for your platform... using builtin-java classes where applicable
[2025-06-07T12:14:12.041+0000] {spark_submit.py:644} INFO - Main class:
[2025-06-07T12:14:12.041+0000] {spark_submit.py:644} INFO - org.apache.spark.deploy.PythonRunner
[2025-06-07T12:14:12.042+0000] {spark_submit.py:644} INFO - Arguments:
[2025-06-07T12:14:12.042+0000] {spark_submit.py:644} INFO - file:/opt/***/dags/bronze_ingestion_sc_stats_etl.py
[2025-06-07T12:14:12.042+0000] {spark_submit.py:644} INFO - file:///home/***/.ivy2/jars/org.apache.hadoop_hadoop-aws-3.3.4.jar,file:///home/***/.ivy2/jars/com.amazonaws_aws-java-sdk-bundle-1.12.262.jar,file:///home/***/.ivy2/jars/io.delta_delta-spark_2.12-3.1.0.jar,file:///home/***/.ivy2/jars/org.wildfly.openssl_wildfly-openssl-1.0.7.Final.jar,file:///home/***/.ivy2/jars/io.delta_delta-storage-3.1.0.jar,file:///home/***/.ivy2/jars/org.antlr_antlr4-runtime-4.9.3.jar
[2025-06-07T12:14:12.042+0000] {spark_submit.py:644} INFO - --output_path
[2025-06-07T12:14:12.043+0000] {spark_submit.py:644} INFO - s3a://mybucket/bronze/curry_raw_data/
[2025-06-07T12:14:12.043+0000] {spark_submit.py:644} INFO - Spark config:
[2025-06-07T12:14:12.043+0000] {spark_submit.py:644} INFO - (spark.app.name,bronze_sc_stats_etl)
[2025-06-07T12:14:12.043+0000] {spark_submit.py:644} INFO - (spark.app.submitTime,1749298452028)
[2025-06-07T12:14:12.043+0000] {spark_submit.py:644} INFO - (spark.executor.memory,2g)
[2025-06-07T12:14:12.043+0000] {spark_submit.py:644} INFO - (spark.files,file:///home/***/.ivy2/jars/org.apache.hadoop_hadoop-aws-3.3.4.jar,file:///home/***/.ivy2/jars/com.amazonaws_aws-java-sdk-bundle-1.12.262.jar,file:///home/***/.ivy2/jars/io.delta_delta-spark_2.12-3.1.0.jar,file:///home/***/.ivy2/jars/org.wildfly.openssl_wildfly-openssl-1.0.7.Final.jar,file:///home/***/.ivy2/jars/io.delta_delta-storage-3.1.0.jar,file:///home/***/.ivy2/jars/org.antlr_antlr4-runtime-4.9.3.jar)
[2025-06-07T12:14:12.044+0000] {spark_submit.py:644} INFO - (spark.hadoop.fs.s3a.access.key,*********(redacted))
[2025-06-07T12:14:12.044+0000] {spark_submit.py:644} INFO - (spark.hadoop.fs.s3a.endpoint,http://minio:9000)
[2025-06-07T12:14:12.044+0000] {spark_submit.py:644} INFO - (spark.hadoop.fs.s3a.impl,org.apache.hadoop.fs.s3a.S3AFileSystem)
[2025-06-07T12:14:12.044+0000] {spark_submit.py:644} INFO - (spark.hadoop.fs.s3a.path.style.access,true)
[2025-06-07T12:14:12.044+0000] {spark_submit.py:644} INFO - (spark.hadoop.fs.s3a.secret.key,*********(redacted))
[2025-06-07T12:14:12.045+0000] {spark_submit.py:644} INFO - (spark.jars,file:///home/***/.ivy2/jars/org.apache.hadoop_hadoop-aws-3.3.4.jar,file:///home/***/.ivy2/jars/com.amazonaws_aws-java-sdk-bundle-1.12.262.jar,file:///home/***/.ivy2/jars/io.delta_delta-spark_2.12-3.1.0.jar,file:///home/***/.ivy2/jars/org.wildfly.openssl_wildfly-openssl-1.0.7.Final.jar,file:///home/***/.ivy2/jars/io.delta_delta-storage-3.1.0.jar,file:///home/***/.ivy2/jars/org.antlr_antlr4-runtime-4.9.3.jar)
[2025-06-07T12:14:12.045+0000] {spark_submit.py:644} INFO - (spark.master,spark://spark-master:7077)
[2025-06-07T12:14:12.045+0000] {spark_submit.py:644} INFO - (spark.repl.local.jars,file:///home/***/.ivy2/jars/org.apache.hadoop_hadoop-aws-3.3.4.jar,file:///home/***/.ivy2/jars/com.amazonaws_aws-java-sdk-bundle-1.12.262.jar,file:///home/***/.ivy2/jars/io.delta_delta-spark_2.12-3.1.0.jar,file:///home/***/.ivy2/jars/org.wildfly.openssl_wildfly-openssl-1.0.7.Final.jar,file:///home/***/.ivy2/jars/io.delta_delta-storage-3.1.0.jar,file:///home/***/.ivy2/jars/org.antlr_antlr4-runtime-4.9.3.jar)
[2025-06-07T12:14:12.045+0000] {spark_submit.py:644} INFO - (spark.sql.catalog.spark_catalog,org.apache.spark.sql.delta.catalog.DeltaCatalog)
[2025-06-07T12:14:12.045+0000] {spark_submit.py:644} INFO - (spark.sql.extensions,io.delta.sql.DeltaSparkSessionExtension)
[2025-06-07T12:14:12.046+0000] {spark_submit.py:644} INFO - (spark.sql.warehouse.dir,s3a://mybucket/warehouse/)
[2025-06-07T12:14:12.046+0000] {spark_submit.py:644} INFO - (spark.submit.deployMode,client)
[2025-06-07T12:14:12.046+0000] {spark_submit.py:644} INFO - (spark.submit.pyFiles,/home/***/.ivy2/jars/org.apache.hadoop_hadoop-aws-3.3.4.jar,/home/***/.ivy2/jars/com.amazonaws_aws-java-sdk-bundle-1.12.262.jar,/home/***/.ivy2/jars/io.delta_delta-spark_2.12-3.1.0.jar,/home/***/.ivy2/jars/org.wildfly.openssl_wildfly-openssl-1.0.7.Final.jar,/home/***/.ivy2/jars/io.delta_delta-storage-3.1.0.jar,/home/***/.ivy2/jars/org.antlr_antlr4-runtime-4.9.3.jar)
[2025-06-07T12:14:12.046+0000] {spark_submit.py:644} INFO - Classpath elements:
[2025-06-07T12:14:12.046+0000] {spark_submit.py:644} INFO - file:///home/***/.ivy2/jars/org.apache.hadoop_hadoop-aws-3.3.4.jar
[2025-06-07T12:14:12.047+0000] {spark_submit.py:644} INFO - file:///home/***/.ivy2/jars/com.amazonaws_aws-java-sdk-bundle-1.12.262.jar
[2025-06-07T12:14:12.047+0000] {spark_submit.py:644} INFO - file:///home/***/.ivy2/jars/io.delta_delta-spark_2.12-3.1.0.jar
[2025-06-07T12:14:12.047+0000] {spark_submit.py:644} INFO - file:///home/***/.ivy2/jars/org.wildfly.openssl_wildfly-openssl-1.0.7.Final.jar
[2025-06-07T12:14:12.047+0000] {spark_submit.py:644} INFO - file:///home/***/.ivy2/jars/io.delta_delta-storage-3.1.0.jar
[2025-06-07T12:14:12.047+0000] {spark_submit.py:644} INFO - file:///home/***/.ivy2/jars/org.antlr_antlr4-runtime-4.9.3.jar
[2025-06-07T12:14:12.048+0000] {spark_submit.py:644} INFO - 
[2025-06-07T12:14:12.048+0000] {spark_submit.py:644} INFO - 
[2025-06-07T12:14:12.649+0000] {spark_submit.py:644} INFO - 25/06/07 12:14:12 INFO SparkContext: Running Spark version 3.5.2
[2025-06-07T12:14:12.650+0000] {spark_submit.py:644} INFO - 25/06/07 12:14:12 INFO SparkContext: OS info Linux, 6.10.14-linuxkit, aarch64
[2025-06-07T12:14:12.650+0000] {spark_submit.py:644} INFO - 25/06/07 12:14:12 INFO SparkContext: Java version 17.0.15
[2025-06-07T12:14:12.659+0000] {spark_submit.py:644} INFO - 25/06/07 12:14:12 INFO ResourceUtils: ==============================================================
[2025-06-07T12:14:12.659+0000] {spark_submit.py:644} INFO - 25/06/07 12:14:12 INFO ResourceUtils: No custom resources configured for spark.driver.
[2025-06-07T12:14:12.659+0000] {spark_submit.py:644} INFO - 25/06/07 12:14:12 INFO ResourceUtils: ==============================================================
[2025-06-07T12:14:12.659+0000] {spark_submit.py:644} INFO - 25/06/07 12:14:12 INFO SparkContext: Submitted application: BronzeIngestionStephenCurryStats
[2025-06-07T12:14:12.669+0000] {spark_submit.py:644} INFO - 25/06/07 12:14:12 INFO ResourceProfile: Default ResourceProfile created, executor resources: Map(memory -> name: memory, amount: 2048, script: , vendor: , offHeap -> name: offHeap, amount: 0, script: , vendor: ), task resources: Map(cpus -> name: cpus, amount: 1.0)
[2025-06-07T12:14:12.673+0000] {spark_submit.py:644} INFO - 25/06/07 12:14:12 INFO ResourceProfile: Limiting resource is cpu
[2025-06-07T12:14:12.674+0000] {spark_submit.py:644} INFO - 25/06/07 12:14:12 INFO ResourceProfileManager: Added ResourceProfile id: 0
[2025-06-07T12:14:12.698+0000] {spark_submit.py:644} INFO - 25/06/07 12:14:12 INFO SecurityManager: Changing view acls to: ***
[2025-06-07T12:14:12.698+0000] {spark_submit.py:644} INFO - 25/06/07 12:14:12 INFO SecurityManager: Changing modify acls to: ***
[2025-06-07T12:14:12.698+0000] {spark_submit.py:644} INFO - 25/06/07 12:14:12 INFO SecurityManager: Changing view acls groups to:
[2025-06-07T12:14:12.699+0000] {spark_submit.py:644} INFO - 25/06/07 12:14:12 INFO SecurityManager: Changing modify acls groups to:
[2025-06-07T12:14:12.699+0000] {spark_submit.py:644} INFO - 25/06/07 12:14:12 INFO SecurityManager: SecurityManager: authentication disabled; ui acls disabled; users with view permissions: ***; groups with view permissions: EMPTY; users with modify permissions: ***; groups with modify permissions: EMPTY
[2025-06-07T12:14:12.800+0000] {spark_submit.py:644} INFO - 25/06/07 12:14:12 INFO Utils: Successfully started service 'sparkDriver' on port 33877.
[2025-06-07T12:14:12.816+0000] {spark_submit.py:644} INFO - 25/06/07 12:14:12 INFO SparkEnv: Registering MapOutputTracker
[2025-06-07T12:14:12.834+0000] {spark_submit.py:644} INFO - 25/06/07 12:14:12 INFO SparkEnv: Registering BlockManagerMaster
[2025-06-07T12:14:12.842+0000] {spark_submit.py:644} INFO - 25/06/07 12:14:12 INFO BlockManagerMasterEndpoint: Using org.apache.spark.storage.DefaultTopologyMapper for getting topology information
[2025-06-07T12:14:12.843+0000] {spark_submit.py:644} INFO - 25/06/07 12:14:12 INFO BlockManagerMasterEndpoint: BlockManagerMasterEndpoint up
[2025-06-07T12:14:12.844+0000] {spark_submit.py:644} INFO - 25/06/07 12:14:12 INFO SparkEnv: Registering BlockManagerMasterHeartbeat
[2025-06-07T12:14:12.855+0000] {spark_submit.py:644} INFO - 25/06/07 12:14:12 INFO DiskBlockManager: Created local directory at /tmp/blockmgr-74c30a50-7253-4477-9979-2d84df526811
[2025-06-07T12:14:12.862+0000] {spark_submit.py:644} INFO - 25/06/07 12:14:12 INFO MemoryStore: MemoryStore started with capacity 434.4 MiB
[2025-06-07T12:14:12.870+0000] {spark_submit.py:644} INFO - 25/06/07 12:14:12 INFO SparkEnv: Registering OutputCommitCoordinator
[2025-06-07T12:14:12.930+0000] {spark_submit.py:644} INFO - 25/06/07 12:14:12 INFO JettyUtils: Start Jetty 0.0.0.0:4040 for SparkUI
[2025-06-07T12:14:12.966+0000] {spark_submit.py:644} INFO - 25/06/07 12:14:12 INFO Utils: Successfully started service 'SparkUI' on port 4040.
[2025-06-07T12:14:12.986+0000] {spark_submit.py:644} INFO - 25/06/07 12:14:12 INFO SparkContext: Added JAR file:///home/***/.ivy2/jars/org.apache.hadoop_hadoop-aws-3.3.4.jar at spark://5ebb95484de3:33877/jars/org.apache.hadoop_hadoop-aws-3.3.4.jar with timestamp 1749298452644
[2025-06-07T12:14:12.987+0000] {spark_submit.py:644} INFO - 25/06/07 12:14:12 INFO SparkContext: Added JAR file:///home/***/.ivy2/jars/com.amazonaws_aws-java-sdk-bundle-1.12.262.jar at spark://5ebb95484de3:33877/jars/com.amazonaws_aws-java-sdk-bundle-1.12.262.jar with timestamp 1749298452644
[2025-06-07T12:14:12.987+0000] {spark_submit.py:644} INFO - 25/06/07 12:14:12 INFO SparkContext: Added JAR file:///home/***/.ivy2/jars/io.delta_delta-spark_2.12-3.1.0.jar at spark://5ebb95484de3:33877/jars/io.delta_delta-spark_2.12-3.1.0.jar with timestamp 1749298452644
[2025-06-07T12:14:12.987+0000] {spark_submit.py:644} INFO - 25/06/07 12:14:12 INFO SparkContext: Added JAR file:///home/***/.ivy2/jars/org.wildfly.openssl_wildfly-openssl-1.0.7.Final.jar at spark://5ebb95484de3:33877/jars/org.wildfly.openssl_wildfly-openssl-1.0.7.Final.jar with timestamp 1749298452644
[2025-06-07T12:14:12.987+0000] {spark_submit.py:644} INFO - 25/06/07 12:14:12 INFO SparkContext: Added JAR file:///home/***/.ivy2/jars/io.delta_delta-storage-3.1.0.jar at spark://5ebb95484de3:33877/jars/io.delta_delta-storage-3.1.0.jar with timestamp 1749298452644
[2025-06-07T12:14:12.987+0000] {spark_submit.py:644} INFO - 25/06/07 12:14:12 INFO SparkContext: Added JAR file:///home/***/.ivy2/jars/org.antlr_antlr4-runtime-4.9.3.jar at spark://5ebb95484de3:33877/jars/org.antlr_antlr4-runtime-4.9.3.jar with timestamp 1749298452644
[2025-06-07T12:14:12.988+0000] {spark_submit.py:644} INFO - 25/06/07 12:14:12 INFO SparkContext: Added file file:///home/***/.ivy2/jars/org.apache.hadoop_hadoop-aws-3.3.4.jar at spark://5ebb95484de3:33877/files/org.apache.hadoop_hadoop-aws-3.3.4.jar with timestamp 1749298452644
[2025-06-07T12:14:12.989+0000] {spark_submit.py:644} INFO - 25/06/07 12:14:12 INFO Utils: Copying /home/***/.ivy2/jars/org.apache.hadoop_hadoop-aws-3.3.4.jar to /tmp/spark-aa3260aa-f360-4824-b8be-b62cc2637959/userFiles-f71175d8-73a2-42fd-bcc4-5b3b38e8041d/org.apache.hadoop_hadoop-aws-3.3.4.jar
[2025-06-07T12:14:12.995+0000] {spark_submit.py:644} INFO - 25/06/07 12:14:12 INFO SparkContext: Added file file:///home/***/.ivy2/jars/com.amazonaws_aws-java-sdk-bundle-1.12.262.jar at spark://5ebb95484de3:33877/files/com.amazonaws_aws-java-sdk-bundle-1.12.262.jar with timestamp 1749298452644
[2025-06-07T12:14:12.996+0000] {spark_submit.py:644} INFO - 25/06/07 12:14:12 INFO Utils: Copying /home/***/.ivy2/jars/com.amazonaws_aws-java-sdk-bundle-1.12.262.jar to /tmp/spark-aa3260aa-f360-4824-b8be-b62cc2637959/userFiles-f71175d8-73a2-42fd-bcc4-5b3b38e8041d/com.amazonaws_aws-java-sdk-bundle-1.12.262.jar
[2025-06-07T12:14:13.127+0000] {spark_submit.py:644} INFO - 25/06/07 12:14:13 INFO SparkContext: Added file file:///home/***/.ivy2/jars/io.delta_delta-spark_2.12-3.1.0.jar at spark://5ebb95484de3:33877/files/io.delta_delta-spark_2.12-3.1.0.jar with timestamp 1749298452644
[2025-06-07T12:14:13.128+0000] {spark_submit.py:644} INFO - 25/06/07 12:14:13 INFO Utils: Copying /home/***/.ivy2/jars/io.delta_delta-spark_2.12-3.1.0.jar to /tmp/spark-aa3260aa-f360-4824-b8be-b62cc2637959/userFiles-f71175d8-73a2-42fd-bcc4-5b3b38e8041d/io.delta_delta-spark_2.12-3.1.0.jar
[2025-06-07T12:14:13.133+0000] {spark_submit.py:644} INFO - 25/06/07 12:14:13 INFO SparkContext: Added file file:///home/***/.ivy2/jars/org.wildfly.openssl_wildfly-openssl-1.0.7.Final.jar at spark://5ebb95484de3:33877/files/org.wildfly.openssl_wildfly-openssl-1.0.7.Final.jar with timestamp 1749298452644
[2025-06-07T12:14:13.134+0000] {spark_submit.py:644} INFO - 25/06/07 12:14:13 INFO Utils: Copying /home/***/.ivy2/jars/org.wildfly.openssl_wildfly-openssl-1.0.7.Final.jar to /tmp/spark-aa3260aa-f360-4824-b8be-b62cc2637959/userFiles-f71175d8-73a2-42fd-bcc4-5b3b38e8041d/org.wildfly.openssl_wildfly-openssl-1.0.7.Final.jar
[2025-06-07T12:14:13.137+0000] {spark_submit.py:644} INFO - 25/06/07 12:14:13 INFO SparkContext: Added file file:///home/***/.ivy2/jars/io.delta_delta-storage-3.1.0.jar at spark://5ebb95484de3:33877/files/io.delta_delta-storage-3.1.0.jar with timestamp 1749298452644
[2025-06-07T12:14:13.137+0000] {spark_submit.py:644} INFO - 25/06/07 12:14:13 INFO Utils: Copying /home/***/.ivy2/jars/io.delta_delta-storage-3.1.0.jar to /tmp/spark-aa3260aa-f360-4824-b8be-b62cc2637959/userFiles-f71175d8-73a2-42fd-bcc4-5b3b38e8041d/io.delta_delta-storage-3.1.0.jar
[2025-06-07T12:14:13.140+0000] {spark_submit.py:644} INFO - 25/06/07 12:14:13 INFO SparkContext: Added file file:///home/***/.ivy2/jars/org.antlr_antlr4-runtime-4.9.3.jar at spark://5ebb95484de3:33877/files/org.antlr_antlr4-runtime-4.9.3.jar with timestamp 1749298452644
[2025-06-07T12:14:13.141+0000] {spark_submit.py:644} INFO - 25/06/07 12:14:13 INFO Utils: Copying /home/***/.ivy2/jars/org.antlr_antlr4-runtime-4.9.3.jar to /tmp/spark-aa3260aa-f360-4824-b8be-b62cc2637959/userFiles-f71175d8-73a2-42fd-bcc4-5b3b38e8041d/org.antlr_antlr4-runtime-4.9.3.jar
[2025-06-07T12:14:13.189+0000] {spark_submit.py:644} INFO - 25/06/07 12:14:13 INFO StandaloneAppClient$ClientEndpoint: Connecting to master spark://spark-master:7077...
[2025-06-07T12:14:13.212+0000] {spark_submit.py:644} INFO - 25/06/07 12:14:13 INFO TransportClientFactory: Successfully created connection to spark-master/172.19.0.6:7077 after 12 ms (0 ms spent in bootstraps)
[2025-06-07T12:14:13.290+0000] {spark_submit.py:644} INFO - 25/06/07 12:14:13 INFO StandaloneSchedulerBackend: Connected to Spark cluster with app ID app-20250607121413-0000
[2025-06-07T12:14:13.296+0000] {spark_submit.py:644} INFO - 25/06/07 12:14:13 INFO Utils: Successfully started service 'org.apache.spark.network.netty.NettyBlockTransferService' on port 44845.
[2025-06-07T12:14:13.296+0000] {spark_submit.py:644} INFO - 25/06/07 12:14:13 INFO NettyBlockTransferService: Server created on 5ebb95484de3:44845
[2025-06-07T12:14:13.297+0000] {spark_submit.py:644} INFO - 25/06/07 12:14:13 INFO BlockManager: Using org.apache.spark.storage.RandomBlockReplicationPolicy for block replication policy
[2025-06-07T12:14:13.300+0000] {spark_submit.py:644} INFO - 25/06/07 12:14:13 INFO BlockManagerMaster: Registering BlockManager BlockManagerId(driver, 5ebb95484de3, 44845, None)
[2025-06-07T12:14:13.302+0000] {spark_submit.py:644} INFO - 25/06/07 12:14:13 INFO BlockManagerMasterEndpoint: Registering block manager 5ebb95484de3:44845 with 434.4 MiB RAM, BlockManagerId(driver, 5ebb95484de3, 44845, None)
[2025-06-07T12:14:13.304+0000] {spark_submit.py:644} INFO - 25/06/07 12:14:13 INFO BlockManagerMaster: Registered BlockManager BlockManagerId(driver, 5ebb95484de3, 44845, None)
[2025-06-07T12:14:13.304+0000] {spark_submit.py:644} INFO - 25/06/07 12:14:13 INFO BlockManager: Initialized BlockManager: BlockManagerId(driver, 5ebb95484de3, 44845, None)
[2025-06-07T12:14:13.307+0000] {spark_submit.py:644} INFO - 25/06/07 12:14:13 INFO StandaloneAppClient$ClientEndpoint: Executor added: app-20250607121413-0000/0 on worker-20250607120528-172.19.0.7-44613 (172.19.0.7:44613) with 4 core(s)
[2025-06-07T12:14:13.308+0000] {spark_submit.py:644} INFO - 25/06/07 12:14:13 INFO StandaloneSchedulerBackend: Granted executor ID app-20250607121413-0000/0 on hostPort 172.19.0.7:44613 with 4 core(s), 2.0 GiB RAM
[2025-06-07T12:14:13.417+0000] {spark_submit.py:644} INFO - 25/06/07 12:14:13 INFO StandaloneSchedulerBackend: SchedulerBackend is ready for scheduling beginning after reached minRegisteredResourcesRatio: 0.0
[2025-06-07T12:14:13.487+0000] {spark_submit.py:644} INFO - 25/06/07 12:14:13 INFO StandaloneAppClient$ClientEndpoint: Executor updated: app-20250607121413-0000/0 is now RUNNING
[2025-06-07T12:14:13.571+0000] {spark_submit.py:644} INFO - Bronze Ingestion: Spark session created.
[2025-06-07T12:14:13.576+0000] {spark_submit.py:644} INFO - 25/06/07 12:14:13 INFO SharedState: Setting hive.metastore.warehouse.dir ('null') to the value of spark.sql.warehouse.dir.
[2025-06-07T12:14:13.641+0000] {spark_submit.py:644} INFO - 25/06/07 12:14:13 WARN MetricsConfig: Cannot locate configuration: tried hadoop-metrics2-s3a-file-system.properties,hadoop-metrics2.properties
[2025-06-07T12:14:13.649+0000] {spark_submit.py:644} INFO - 25/06/07 12:14:13 INFO MetricsSystemImpl: Scheduled Metric snapshot period at 10 second(s).
[2025-06-07T12:14:13.650+0000] {spark_submit.py:644} INFO - 25/06/07 12:14:13 INFO MetricsSystemImpl: s3a-file-system metrics system started
[2025-06-07T12:14:14.000+0000] {spark_submit.py:644} INFO - 25/06/07 12:14:14 INFO SharedState: Warehouse path is 's3a://mybucket/warehouse'.
[2025-06-07T12:14:14.547+0000] {spark_submit.py:644} INFO - 25/06/07 12:14:14 INFO InMemoryFileIndex: It took 22 ms to list leaf files for 1 paths.
[2025-06-07T12:14:14.825+0000] {spark_submit.py:644} INFO - 25/06/07 12:14:14 INFO StandaloneSchedulerBackend$StandaloneDriverEndpoint: Registered executor NettyRpcEndpointRef(spark-client://Executor) (172.19.0.7:57758) with ID 0,  ResourceProfileId 0
[2025-06-07T12:14:14.865+0000] {spark_submit.py:644} INFO - 25/06/07 12:14:14 INFO BlockManagerMasterEndpoint: Registering block manager 172.19.0.7:39145 with 1048.8 MiB RAM, BlockManagerId(0, 172.19.0.7, 39145, None)
[2025-06-07T12:14:15.039+0000] {spark_submit.py:644} INFO - Successfully loaded Stephen Curry stats from: /opt/***/data/Stephen Curry Stats.parquet
[2025-06-07T12:14:15.628+0000] {spark_submit.py:644} INFO - 25/06/07 12:14:15 INFO HiveConf: Found configuration file null
[2025-06-07T12:14:15.635+0000] {spark_submit.py:644} INFO - 25/06/07 12:14:15 INFO HiveUtils: Initializing HiveMetastoreConnection version 2.3.9 using Spark classes.
[2025-06-07T12:14:15.771+0000] {spark_submit.py:644} INFO - 25/06/07 12:14:15 INFO HiveClientImpl: Warehouse location for Hive client (version 2.3.9) is s3a://mybucket/warehouse
[2025-06-07T12:14:15.801+0000] {spark_submit.py:644} INFO - 25/06/07 12:14:15 INFO metastore: Trying to connect to metastore with URI thrift://hive-metastore:9083
[2025-06-07T12:14:15.815+0000] {spark_submit.py:644} INFO - 25/06/07 12:14:15 INFO metastore: Opened a connection to metastore, current connections: 1
[2025-06-07T12:14:15.844+0000] {spark_submit.py:644} INFO - 25/06/07 12:14:15 INFO metastore: Connected to metastore.
[2025-06-07T12:14:16.354+0000] {spark_submit.py:644} INFO - Error writing data to Bronze layer: org.apache.hadoop.hive.ql.metadata.HiveException: MetaException(message:Got exception: java.nio.file.AccessDeniedException s3a://mybucket/warehouse/sc_stats_db.db: getFileStatus on s3a://mybucket/warehouse/sc_stats_db.db: com.amazonaws.services.s3.model.AmazonS3Exception: Forbidden (Service: Amazon S3; Status Code: 403; Error Code: 403 Forbidden; Request ID: 1846C1AD8046C8E9; S3 Extended Request ID: dd9025bab4ad464b049177c95eb6ebf374d3b3fd1af9251148b658df7ac2e3e8; Proxy: null), S3 Extended Request ID: dd9025bab4ad464b049177c95eb6ebf374d3b3fd1af9251148b658df7ac2e3e8:403 Forbidden)
[2025-06-07T12:14:16.354+0000] {spark_submit.py:644} INFO - 25/06/07 12:14:16 INFO SparkContext: SparkContext is stopping with exitCode 0.
[2025-06-07T12:14:16.360+0000] {spark_submit.py:644} INFO - 25/06/07 12:14:16 INFO SparkUI: Stopped Spark web UI at http://5ebb95484de3:4040
[2025-06-07T12:14:16.362+0000] {spark_submit.py:644} INFO - 25/06/07 12:14:16 INFO StandaloneSchedulerBackend: Shutting down all executors
[2025-06-07T12:14:16.363+0000] {spark_submit.py:644} INFO - 25/06/07 12:14:16 INFO StandaloneSchedulerBackend$StandaloneDriverEndpoint: Asking each executor to shut down
[2025-06-07T12:14:16.373+0000] {spark_submit.py:644} INFO - 25/06/07 12:14:16 INFO MapOutputTrackerMasterEndpoint: MapOutputTrackerMasterEndpoint stopped!
[2025-06-07T12:14:16.383+0000] {spark_submit.py:644} INFO - 25/06/07 12:14:16 INFO MemoryStore: MemoryStore cleared
[2025-06-07T12:14:16.386+0000] {spark_submit.py:644} INFO - 25/06/07 12:14:16 INFO BlockManager: BlockManager stopped
[2025-06-07T12:14:16.387+0000] {spark_submit.py:644} INFO - 25/06/07 12:14:16 INFO BlockManagerMaster: BlockManagerMaster stopped
[2025-06-07T12:14:16.388+0000] {spark_submit.py:644} INFO - 25/06/07 12:14:16 INFO OutputCommitCoordinator$OutputCommitCoordinatorEndpoint: OutputCommitCoordinator stopped!
[2025-06-07T12:14:16.410+0000] {spark_submit.py:644} INFO - 25/06/07 12:14:16 INFO SparkContext: Successfully stopped SparkContext
[2025-06-07T12:14:16.436+0000] {spark_submit.py:644} INFO - Traceback (most recent call last):
[2025-06-07T12:14:16.437+0000] {spark_submit.py:644} INFO - File "/opt/***/dags/bronze_ingestion_sc_stats_etl.py", line 98, in <module>
[2025-06-07T12:14:16.437+0000] {spark_submit.py:644} INFO - main(args.output_path)
[2025-06-07T12:14:16.437+0000] {spark_submit.py:644} INFO - File "/opt/***/dags/bronze_ingestion_sc_stats_etl.py", line 65, in main
[2025-06-07T12:14:16.438+0000] {spark_submit.py:644} INFO - spark.sql("CREATE DATABASE IF NOT EXISTS sc_stats_db")
[2025-06-07T12:14:16.438+0000] {spark_submit.py:644} INFO - File "/home/***/.local/lib/python3.11/site-packages/pyspark/python/lib/pyspark.zip/pyspark/sql/session.py", line 1631, in sql
[2025-06-07T12:14:16.438+0000] {spark_submit.py:644} INFO - File "/home/***/.local/lib/python3.11/site-packages/pyspark/python/lib/py4j-0.10.9.7-src.zip/py4j/java_gateway.py", line 1322, in __call__
[2025-06-07T12:14:16.438+0000] {spark_submit.py:644} INFO - File "/home/***/.local/lib/python3.11/site-packages/pyspark/python/lib/pyspark.zip/pyspark/errors/exceptions/captured.py", line 185, in deco
[2025-06-07T12:14:16.439+0000] {spark_submit.py:644} INFO - pyspark.errors.exceptions.captured.AnalysisException: org.apache.hadoop.hive.ql.metadata.HiveException: MetaException(message:Got exception: java.nio.file.AccessDeniedException s3a://mybucket/warehouse/sc_stats_db.db: getFileStatus on s3a://mybucket/warehouse/sc_stats_db.db: com.amazonaws.services.s3.model.AmazonS3Exception: Forbidden (Service: Amazon S3; Status Code: 403; Error Code: 403 Forbidden; Request ID: 1846C1AD8046C8E9; S3 Extended Request ID: dd9025bab4ad464b049177c95eb6ebf374d3b3fd1af9251148b658df7ac2e3e8; Proxy: null), S3 Extended Request ID: dd9025bab4ad464b049177c95eb6ebf374d3b3fd1af9251148b658df7ac2e3e8:403 Forbidden)
[2025-06-07T12:14:16.466+0000] {spark_submit.py:644} INFO - 25/06/07 12:14:16 INFO ShutdownHookManager: Shutdown hook called
[2025-06-07T12:14:16.466+0000] {spark_submit.py:644} INFO - 25/06/07 12:14:16 INFO ShutdownHookManager: Deleting directory /tmp/spark-aa3260aa-f360-4824-b8be-b62cc2637959
[2025-06-07T12:14:16.468+0000] {spark_submit.py:644} INFO - 25/06/07 12:14:16 INFO ShutdownHookManager: Deleting directory /tmp/spark-449d4a7c-b04c-445f-bf8f-84b332315ebd
[2025-06-07T12:14:16.470+0000] {spark_submit.py:644} INFO - 25/06/07 12:14:16 INFO ShutdownHookManager: Deleting directory /tmp/spark-aa3260aa-f360-4824-b8be-b62cc2637959/pyspark-951e60f1-8e44-4c60-8ef0-bb65e88099d4
[2025-06-07T12:14:16.473+0000] {spark_submit.py:644} INFO - 25/06/07 12:14:16 INFO MetricsSystemImpl: Stopping s3a-file-system metrics system...
[2025-06-07T12:14:16.474+0000] {spark_submit.py:644} INFO - 25/06/07 12:14:16 INFO MetricsSystemImpl: s3a-file-system metrics system stopped.
[2025-06-07T12:14:16.474+0000] {spark_submit.py:644} INFO - 25/06/07 12:14:16 INFO MetricsSystemImpl: s3a-file-system metrics system shutdown complete.
[2025-06-07T12:14:16.500+0000] {taskinstance.py:3311} ERROR - Task failed with exception
Traceback (most recent call last):
  File "/home/airflow/.local/lib/python3.11/site-packages/airflow/models/taskinstance.py", line 767, in _execute_task
    result = _execute_callable(context=context, **execute_callable_kwargs)
             ^^^^^^^^^^^^^^^^^^^^^^^^^^^^^^^^^^^^^^^^^^^^^^^^^^^^^^^^^^^^^
  File "/home/airflow/.local/lib/python3.11/site-packages/airflow/models/taskinstance.py", line 733, in _execute_callable
    return ExecutionCallableRunner(
           ^^^^^^^^^^^^^^^^^^^^^^^^
  File "/home/airflow/.local/lib/python3.11/site-packages/airflow/utils/operator_helpers.py", line 252, in run
    return self.func(*args, **kwargs)
           ^^^^^^^^^^^^^^^^^^^^^^^^^^
  File "/home/airflow/.local/lib/python3.11/site-packages/airflow/models/baseoperator.py", line 417, in wrapper
    return func(self, *args, **kwargs)
           ^^^^^^^^^^^^^^^^^^^^^^^^^^^
  File "/home/airflow/.local/lib/python3.11/site-packages/airflow/providers/apache/spark/operators/spark_submit.py", line 197, in execute
    self._hook.submit(self.application)
  File "/home/airflow/.local/lib/python3.11/site-packages/airflow/providers/apache/spark/hooks/spark_submit.py", line 566, in submit
    raise AirflowException(
airflow.exceptions.AirflowException: Cannot execute: spark-submit --master spark://spark-master:7077 --conf spark.executor.memory=2g --conf spark.sql.warehouse.dir=s3a://mybucket/warehouse/ --conf spark.sql.extensions=io.delta.sql.DeltaSparkSessionExtension --conf spark.sql.catalog.spark_catalog=org.apache.spark.sql.delta.catalog.DeltaCatalog --conf spark.hadoop.fs.s3a.endpoint=http://minio:9000 --conf spark.hadoop.fs.s3a.access.key=minioadmin --conf spark.hadoop.fs.s3a.secret.key=****** --conf spark.hadoop.fs.s3a.path.style.access=true --conf spark.hadoop.fs.s3a.impl=org.apache.hadoop.fs.s3a.S3AFileSystem --packages org.apache.hadoop:hadoop-aws:3.3.4,com.amazonaws:aws-java-sdk-bundle:1.12.262,io.delta:delta-spark_2.12:3.1.0 --name bronze_sc_stats_etl --verbose --queue root.default --deploy-mode client /opt/***/dags/bronze_ingestion_sc_stats_etl.py --output_path s3a://mybucket/bronze/curry_raw_data/. Error code is: 1.
[2025-06-07T12:14:16.503+0000] {taskinstance.py:1225} INFO - Marking task as FAILED. dag_id=curry_medallion_etl, task_id=submit_bronze_etl_job, run_id=manual__2025-06-07T12:13:10.143263+00:00, execution_date=20250607T121310, start_date=20250607T121311, end_date=20250607T121416
[2025-06-07T12:14:16.511+0000] {taskinstance.py:340} INFO - ::group::Post task execution logs
[2025-06-07T12:14:16.511+0000] {standard_task_runner.py:124} ERROR - Failed to execute job 65 for task submit_bronze_etl_job (Cannot execute: spark-submit --master spark://spark-master:7077 --conf spark.executor.memory=2g --conf spark.sql.warehouse.dir=s3a://mybucket/warehouse/ --conf spark.sql.extensions=io.delta.sql.DeltaSparkSessionExtension --conf spark.sql.catalog.spark_catalog=org.apache.spark.sql.delta.catalog.DeltaCatalog --conf spark.hadoop.fs.s3a.endpoint=http://minio:9000 --conf spark.hadoop.fs.s3a.access.key=minioadmin --conf spark.hadoop.fs.s3a.secret.key=****** --conf spark.hadoop.fs.s3a.path.style.access=true --conf spark.hadoop.fs.s3a.impl=org.apache.hadoop.fs.s3a.S3AFileSystem --packages org.apache.hadoop:hadoop-aws:3.3.4,com.amazonaws:aws-java-sdk-bundle:1.12.262,io.delta:delta-spark_2.12:3.1.0 --name bronze_sc_stats_etl --verbose --queue root.default --deploy-mode client /opt/***/dags/bronze_ingestion_sc_stats_etl.py --output_path s3a://mybucket/bronze/curry_raw_data/. Error code is: 1.; 260)
Traceback (most recent call last):
  File "/home/airflow/.local/lib/python3.11/site-packages/airflow/task/task_runner/standard_task_runner.py", line 117, in _start_by_fork
    ret = args.func(args, dag=self.dag)
          ^^^^^^^^^^^^^^^^^^^^^^^^^^^^^
  File "/home/airflow/.local/lib/python3.11/site-packages/airflow/cli/cli_config.py", line 49, in command
    return func(*args, **kwargs)
           ^^^^^^^^^^^^^^^^^^^^^
  File "/home/airflow/.local/lib/python3.11/site-packages/airflow/utils/cli.py", line 116, in wrapper
    return f(*args, **kwargs)
           ^^^^^^^^^^^^^^^^^^
  File "/home/airflow/.local/lib/python3.11/site-packages/airflow/cli/commands/task_command.py", line 483, in task_run
    task_return_code = _run_task_by_selected_method(args, _dag, ti)
                       ^^^^^^^^^^^^^^^^^^^^^^^^^^^^^^^^^^^^^^^^^^^^
  File "/home/airflow/.local/lib/python3.11/site-packages/airflow/cli/commands/task_command.py", line 256, in _run_task_by_selected_method
    return _run_raw_task(args, ti)
           ^^^^^^^^^^^^^^^^^^^^^^^
  File "/home/airflow/.local/lib/python3.11/site-packages/airflow/cli/commands/task_command.py", line 341, in _run_raw_task
    return ti._run_raw_task(
           ^^^^^^^^^^^^^^^^^
  File "/home/airflow/.local/lib/python3.11/site-packages/airflow/utils/session.py", line 97, in wrapper
    return func(*args, session=session, **kwargs)
           ^^^^^^^^^^^^^^^^^^^^^^^^^^^^^^^^^^^^^^
  File "/home/airflow/.local/lib/python3.11/site-packages/airflow/models/taskinstance.py", line 3005, in _run_raw_task
    return _run_raw_task(
           ^^^^^^^^^^^^^^
  File "/home/airflow/.local/lib/python3.11/site-packages/airflow/models/taskinstance.py", line 273, in _run_raw_task
    TaskInstance._execute_task_with_callbacks(
  File "/home/airflow/.local/lib/python3.11/site-packages/airflow/models/taskinstance.py", line 3159, in _execute_task_with_callbacks
    result = self._execute_task(context, task_orig)
             ^^^^^^^^^^^^^^^^^^^^^^^^^^^^^^^^^^^^^^
  File "/home/airflow/.local/lib/python3.11/site-packages/airflow/models/taskinstance.py", line 3183, in _execute_task
    return _execute_task(self, context, task_orig)
           ^^^^^^^^^^^^^^^^^^^^^^^^^^^^^^^^^^^^^^^
  File "/home/airflow/.local/lib/python3.11/site-packages/airflow/models/taskinstance.py", line 767, in _execute_task
    result = _execute_callable(context=context, **execute_callable_kwargs)
             ^^^^^^^^^^^^^^^^^^^^^^^^^^^^^^^^^^^^^^^^^^^^^^^^^^^^^^^^^^^^^
  File "/home/airflow/.local/lib/python3.11/site-packages/airflow/models/taskinstance.py", line 733, in _execute_callable
    return ExecutionCallableRunner(
           ^^^^^^^^^^^^^^^^^^^^^^^^
  File "/home/airflow/.local/lib/python3.11/site-packages/airflow/utils/operator_helpers.py", line 252, in run
    return self.func(*args, **kwargs)
           ^^^^^^^^^^^^^^^^^^^^^^^^^^
  File "/home/airflow/.local/lib/python3.11/site-packages/airflow/models/baseoperator.py", line 417, in wrapper
    return func(self, *args, **kwargs)
           ^^^^^^^^^^^^^^^^^^^^^^^^^^^
  File "/home/airflow/.local/lib/python3.11/site-packages/airflow/providers/apache/spark/operators/spark_submit.py", line 197, in execute
    self._hook.submit(self.application)
  File "/home/airflow/.local/lib/python3.11/site-packages/airflow/providers/apache/spark/hooks/spark_submit.py", line 566, in submit
    raise AirflowException(
airflow.exceptions.AirflowException: Cannot execute: spark-submit --master spark://spark-master:7077 --conf spark.executor.memory=2g --conf spark.sql.warehouse.dir=s3a://mybucket/warehouse/ --conf spark.sql.extensions=io.delta.sql.DeltaSparkSessionExtension --conf spark.sql.catalog.spark_catalog=org.apache.spark.sql.delta.catalog.DeltaCatalog --conf spark.hadoop.fs.s3a.endpoint=http://minio:9000 --conf spark.hadoop.fs.s3a.access.key=minioadmin --conf spark.hadoop.fs.s3a.secret.key=****** --conf spark.hadoop.fs.s3a.path.style.access=true --conf spark.hadoop.fs.s3a.impl=org.apache.hadoop.fs.s3a.S3AFileSystem --packages org.apache.hadoop:hadoop-aws:3.3.4,com.amazonaws:aws-java-sdk-bundle:1.12.262,io.delta:delta-spark_2.12:3.1.0 --name bronze_sc_stats_etl --verbose --queue root.default --deploy-mode client /opt/***/dags/bronze_ingestion_sc_stats_etl.py --output_path s3a://mybucket/bronze/curry_raw_data/. Error code is: 1.
[2025-06-07T12:14:16.549+0000] {local_task_job_runner.py:266} INFO - Task exited with return code 1
[2025-06-07T12:14:16.583+0000] {taskinstance.py:3895} INFO - 0 downstream tasks scheduled from follow-on schedule check
[2025-06-07T12:14:16.590+0000] {local_task_job_runner.py:245} INFO - ::endgroup::
