[2025-05-31T04:21:54.917+0000] {local_task_job_runner.py:123} INFO - ::group::Pre task execution logs
[2025-05-31T04:21:54.926+0000] {taskinstance.py:2613} INFO - Dependencies all met for dep_context=non-requeueable deps ti=<TaskInstance: medallion_sales_etl.submit_medallion_sales_etl_job manual__2025-05-31T04:21:53.959152+00:00 [queued]>
[2025-05-31T04:21:54.930+0000] {taskinstance.py:2613} INFO - Dependencies all met for dep_context=requeueable deps ti=<TaskInstance: medallion_sales_etl.submit_medallion_sales_etl_job manual__2025-05-31T04:21:53.959152+00:00 [queued]>
[2025-05-31T04:21:54.930+0000] {taskinstance.py:2866} INFO - Starting attempt 1 of 2
[2025-05-31T04:21:54.936+0000] {taskinstance.py:2889} INFO - Executing <Task(SparkSubmitOperator): submit_medallion_sales_etl_job> on 2025-05-31 04:21:53.959152+00:00
[2025-05-31T04:21:54.938+0000] {standard_task_runner.py:72} INFO - Started process 447 to run task
[2025-05-31T04:21:54.940+0000] {standard_task_runner.py:104} INFO - Running: ['***', 'tasks', 'run', 'medallion_sales_etl', 'submit_medallion_sales_etl_job', 'manual__2025-05-31T04:21:53.959152+00:00', '--job-id', '3', '--raw', '--subdir', 'DAGS_FOLDER/medallion_etl_dag.py', '--cfg-path', '/tmp/tmpz2md4k4y']
[2025-05-31T04:21:54.942+0000] {standard_task_runner.py:105} INFO - Job 3: Subtask submit_medallion_sales_etl_job
[2025-05-31T04:21:54.976+0000] {task_command.py:467} INFO - Running <TaskInstance: medallion_sales_etl.submit_medallion_sales_etl_job manual__2025-05-31T04:21:53.959152+00:00 [running]> on host 346b7d00d524
[2025-05-31T04:21:55.020+0000] {taskinstance.py:3132} INFO - Exporting env vars: AIRFLOW_CTX_DAG_OWNER='***' AIRFLOW_CTX_DAG_ID='medallion_sales_etl' AIRFLOW_CTX_TASK_ID='submit_medallion_sales_etl_job' AIRFLOW_CTX_EXECUTION_DATE='2025-05-31T04:21:53.959152+00:00' AIRFLOW_CTX_TRY_NUMBER='1' AIRFLOW_CTX_DAG_RUN_ID='manual__2025-05-31T04:21:53.959152+00:00'
[2025-05-31T04:21:55.020+0000] {taskinstance.py:731} INFO - ::endgroup::
[2025-05-31T04:21:55.039+0000] {base.py:84} INFO - Retrieving connection 'spark_default'
[2025-05-31T04:21:55.039+0000] {spark_submit.py:474} INFO - Spark-Submit cmd: spark-submit --master spark:7077 --name medallion_sales_etl_spark_job --verbose --queue root.default --deploy-mode client /opt/spark-app/medallion_etl.py
[2025-05-31T04:21:55.085+0000] {spark_submit.py:644} INFO - /home/***/.local/lib/python3.11/site-packages/pyspark/bin/load-spark-env.sh: line 68: ps: command not found
[2025-05-31T04:21:55.646+0000] {spark_submit.py:644} INFO - Using properties file: null
[2025-05-31T04:21:55.704+0000] {spark_submit.py:644} INFO - Parsed arguments:
[2025-05-31T04:21:55.704+0000] {spark_submit.py:644} INFO - master                  spark:7077
[2025-05-31T04:21:55.704+0000] {spark_submit.py:644} INFO - remote                  null
[2025-05-31T04:21:55.704+0000] {spark_submit.py:644} INFO - deployMode              client
[2025-05-31T04:21:55.705+0000] {spark_submit.py:644} INFO - executorMemory          null
[2025-05-31T04:21:55.705+0000] {spark_submit.py:644} INFO - executorCores           null
[2025-05-31T04:21:55.705+0000] {spark_submit.py:644} INFO - totalExecutorCores      null
[2025-05-31T04:21:55.705+0000] {spark_submit.py:644} INFO - propertiesFile          null
[2025-05-31T04:21:55.705+0000] {spark_submit.py:644} INFO - driverMemory            null
[2025-05-31T04:21:55.705+0000] {spark_submit.py:644} INFO - driverCores             null
[2025-05-31T04:21:55.705+0000] {spark_submit.py:644} INFO - driverExtraClassPath    null
[2025-05-31T04:21:55.705+0000] {spark_submit.py:644} INFO - driverExtraLibraryPath  null
[2025-05-31T04:21:55.705+0000] {spark_submit.py:644} INFO - driverExtraJavaOptions  null
[2025-05-31T04:21:55.706+0000] {spark_submit.py:644} INFO - supervise               false
[2025-05-31T04:21:55.706+0000] {spark_submit.py:644} INFO - queue                   root.default
[2025-05-31T04:21:55.706+0000] {spark_submit.py:644} INFO - numExecutors            null
[2025-05-31T04:21:55.706+0000] {spark_submit.py:644} INFO - files                   null
[2025-05-31T04:21:55.706+0000] {spark_submit.py:644} INFO - pyFiles                 null
[2025-05-31T04:21:55.706+0000] {spark_submit.py:644} INFO - archives                null
[2025-05-31T04:21:55.706+0000] {spark_submit.py:644} INFO - mainClass               null
[2025-05-31T04:21:55.706+0000] {spark_submit.py:644} INFO - primaryResource         file:/opt/spark-app/medallion_etl.py
[2025-05-31T04:21:55.706+0000] {spark_submit.py:644} INFO - name                    medallion_sales_etl_spark_job
[2025-05-31T04:21:55.707+0000] {spark_submit.py:644} INFO - childArgs               []
[2025-05-31T04:21:55.707+0000] {spark_submit.py:644} INFO - jars                    null
[2025-05-31T04:21:55.707+0000] {spark_submit.py:644} INFO - packages                null
[2025-05-31T04:21:55.707+0000] {spark_submit.py:644} INFO - packagesExclusions      null
[2025-05-31T04:21:55.707+0000] {spark_submit.py:644} INFO - repositories            null
[2025-05-31T04:21:55.707+0000] {spark_submit.py:644} INFO - verbose                 true
[2025-05-31T04:21:55.707+0000] {spark_submit.py:644} INFO - 
[2025-05-31T04:21:55.707+0000] {spark_submit.py:644} INFO - Spark properties used, including those specified through
[2025-05-31T04:21:55.707+0000] {spark_submit.py:644} INFO - --conf and those from the properties file null:
[2025-05-31T04:21:55.707+0000] {spark_submit.py:644} INFO - 
[2025-05-31T04:21:55.708+0000] {spark_submit.py:644} INFO - 
[2025-05-31T04:21:55.708+0000] {spark_submit.py:644} INFO - 
[2025-05-31T04:21:55.847+0000] {spark_submit.py:644} INFO - Main class:
[2025-05-31T04:21:55.848+0000] {spark_submit.py:644} INFO - org.apache.spark.deploy.PythonRunner
[2025-05-31T04:21:55.848+0000] {spark_submit.py:644} INFO - Arguments:
[2025-05-31T04:21:55.848+0000] {spark_submit.py:644} INFO - file:/opt/spark-app/medallion_etl.py
[2025-05-31T04:21:55.848+0000] {spark_submit.py:644} INFO - null
[2025-05-31T04:21:55.850+0000] {spark_submit.py:644} INFO - Spark config:
[2025-05-31T04:21:55.850+0000] {spark_submit.py:644} INFO - (spark.app.name,medallion_sales_etl_spark_job)
[2025-05-31T04:21:55.850+0000] {spark_submit.py:644} INFO - (spark.app.submitTime,1748665315840)
[2025-05-31T04:21:55.850+0000] {spark_submit.py:644} INFO - (spark.master,spark:7077)
[2025-05-31T04:21:55.850+0000] {spark_submit.py:644} INFO - (spark.submit.deployMode,client)
[2025-05-31T04:21:55.850+0000] {spark_submit.py:644} INFO - (spark.submit.pyFiles,)
[2025-05-31T04:21:55.851+0000] {spark_submit.py:644} INFO - Classpath elements:
[2025-05-31T04:21:55.851+0000] {spark_submit.py:644} INFO - 
[2025-05-31T04:21:55.851+0000] {spark_submit.py:644} INFO - 
[2025-05-31T04:21:55.851+0000] {spark_submit.py:644} INFO - 
[2025-05-31T04:21:55.917+0000] {spark_submit.py:644} INFO - python3: can't open file '/opt/spark-app/medallion_etl.py': [Errno 2] No such file or directory
[2025-05-31T04:21:55.924+0000] {spark_submit.py:644} INFO - 25/05/31 04:21:55 INFO ShutdownHookManager: Shutdown hook called
[2025-05-31T04:21:55.925+0000] {spark_submit.py:644} INFO - 25/05/31 04:21:55 INFO ShutdownHookManager: Deleting directory /tmp/spark-be1d5269-bfd1-49fa-9a8c-968fdefd17c6
[2025-05-31T04:21:55.956+0000] {taskinstance.py:3311} ERROR - Task failed with exception
Traceback (most recent call last):
  File "/home/airflow/.local/lib/python3.11/site-packages/airflow/models/taskinstance.py", line 767, in _execute_task
    result = _execute_callable(context=context, **execute_callable_kwargs)
             ^^^^^^^^^^^^^^^^^^^^^^^^^^^^^^^^^^^^^^^^^^^^^^^^^^^^^^^^^^^^^
  File "/home/airflow/.local/lib/python3.11/site-packages/airflow/models/taskinstance.py", line 733, in _execute_callable
    return ExecutionCallableRunner(
           ^^^^^^^^^^^^^^^^^^^^^^^^
  File "/home/airflow/.local/lib/python3.11/site-packages/airflow/utils/operator_helpers.py", line 252, in run
    return self.func(*args, **kwargs)
           ^^^^^^^^^^^^^^^^^^^^^^^^^^
  File "/home/airflow/.local/lib/python3.11/site-packages/airflow/models/baseoperator.py", line 417, in wrapper
    return func(self, *args, **kwargs)
           ^^^^^^^^^^^^^^^^^^^^^^^^^^^
  File "/home/airflow/.local/lib/python3.11/site-packages/airflow/providers/apache/spark/operators/spark_submit.py", line 197, in execute
    self._hook.submit(self.application)
  File "/home/airflow/.local/lib/python3.11/site-packages/airflow/providers/apache/spark/hooks/spark_submit.py", line 566, in submit
    raise AirflowException(
airflow.exceptions.AirflowException: Cannot execute: spark-submit --master spark:7077 --name medallion_sales_etl_spark_job --verbose --queue root.default --deploy-mode client /opt/spark-app/medallion_etl.py. Error code is: 2.
[2025-05-31T04:21:55.959+0000] {taskinstance.py:1225} INFO - Marking task as UP_FOR_RETRY. dag_id=medallion_sales_etl, task_id=submit_medallion_sales_etl_job, run_id=manual__2025-05-31T04:21:53.959152+00:00, execution_date=20250531T042153, start_date=20250531T042154, end_date=20250531T042155
[2025-05-31T04:21:55.966+0000] {taskinstance.py:340} INFO - ::group::Post task execution logs
[2025-05-31T04:21:55.966+0000] {standard_task_runner.py:124} ERROR - Failed to execute job 3 for task submit_medallion_sales_etl_job (Cannot execute: spark-submit --master spark:7077 --name medallion_sales_etl_spark_job --verbose --queue root.default --deploy-mode client /opt/spark-app/medallion_etl.py. Error code is: 2.; 447)
Traceback (most recent call last):
  File "/home/airflow/.local/lib/python3.11/site-packages/airflow/task/task_runner/standard_task_runner.py", line 117, in _start_by_fork
    ret = args.func(args, dag=self.dag)
          ^^^^^^^^^^^^^^^^^^^^^^^^^^^^^
  File "/home/airflow/.local/lib/python3.11/site-packages/airflow/cli/cli_config.py", line 49, in command
    return func(*args, **kwargs)
           ^^^^^^^^^^^^^^^^^^^^^
  File "/home/airflow/.local/lib/python3.11/site-packages/airflow/utils/cli.py", line 116, in wrapper
    return f(*args, **kwargs)
           ^^^^^^^^^^^^^^^^^^
  File "/home/airflow/.local/lib/python3.11/site-packages/airflow/cli/commands/task_command.py", line 483, in task_run
    task_return_code = _run_task_by_selected_method(args, _dag, ti)
                       ^^^^^^^^^^^^^^^^^^^^^^^^^^^^^^^^^^^^^^^^^^^^
  File "/home/airflow/.local/lib/python3.11/site-packages/airflow/cli/commands/task_command.py", line 256, in _run_task_by_selected_method
    return _run_raw_task(args, ti)
           ^^^^^^^^^^^^^^^^^^^^^^^
  File "/home/airflow/.local/lib/python3.11/site-packages/airflow/cli/commands/task_command.py", line 341, in _run_raw_task
    return ti._run_raw_task(
           ^^^^^^^^^^^^^^^^^
  File "/home/airflow/.local/lib/python3.11/site-packages/airflow/utils/session.py", line 97, in wrapper
    return func(*args, session=session, **kwargs)
           ^^^^^^^^^^^^^^^^^^^^^^^^^^^^^^^^^^^^^^
  File "/home/airflow/.local/lib/python3.11/site-packages/airflow/models/taskinstance.py", line 3005, in _run_raw_task
    return _run_raw_task(
           ^^^^^^^^^^^^^^
  File "/home/airflow/.local/lib/python3.11/site-packages/airflow/models/taskinstance.py", line 273, in _run_raw_task
    TaskInstance._execute_task_with_callbacks(
  File "/home/airflow/.local/lib/python3.11/site-packages/airflow/models/taskinstance.py", line 3159, in _execute_task_with_callbacks
    result = self._execute_task(context, task_orig)
             ^^^^^^^^^^^^^^^^^^^^^^^^^^^^^^^^^^^^^^
  File "/home/airflow/.local/lib/python3.11/site-packages/airflow/models/taskinstance.py", line 3183, in _execute_task
    return _execute_task(self, context, task_orig)
           ^^^^^^^^^^^^^^^^^^^^^^^^^^^^^^^^^^^^^^^
  File "/home/airflow/.local/lib/python3.11/site-packages/airflow/models/taskinstance.py", line 767, in _execute_task
    result = _execute_callable(context=context, **execute_callable_kwargs)
             ^^^^^^^^^^^^^^^^^^^^^^^^^^^^^^^^^^^^^^^^^^^^^^^^^^^^^^^^^^^^^
  File "/home/airflow/.local/lib/python3.11/site-packages/airflow/models/taskinstance.py", line 733, in _execute_callable
    return ExecutionCallableRunner(
           ^^^^^^^^^^^^^^^^^^^^^^^^
  File "/home/airflow/.local/lib/python3.11/site-packages/airflow/utils/operator_helpers.py", line 252, in run
    return self.func(*args, **kwargs)
           ^^^^^^^^^^^^^^^^^^^^^^^^^^
  File "/home/airflow/.local/lib/python3.11/site-packages/airflow/models/baseoperator.py", line 417, in wrapper
    return func(self, *args, **kwargs)
           ^^^^^^^^^^^^^^^^^^^^^^^^^^^
  File "/home/airflow/.local/lib/python3.11/site-packages/airflow/providers/apache/spark/operators/spark_submit.py", line 197, in execute
    self._hook.submit(self.application)
  File "/home/airflow/.local/lib/python3.11/site-packages/airflow/providers/apache/spark/hooks/spark_submit.py", line 566, in submit
    raise AirflowException(
airflow.exceptions.AirflowException: Cannot execute: spark-submit --master spark:7077 --name medallion_sales_etl_spark_job --verbose --queue root.default --deploy-mode client /opt/spark-app/medallion_etl.py. Error code is: 2.
[2025-05-31T04:21:55.987+0000] {local_task_job_runner.py:266} INFO - Task exited with return code 1
[2025-05-31T04:21:56.002+0000] {taskinstance.py:3895} INFO - 0 downstream tasks scheduled from follow-on schedule check
[2025-05-31T04:21:56.003+0000] {local_task_job_runner.py:245} INFO - ::endgroup::
