[2025-06-03T05:41:27.638+0000] {local_task_job_runner.py:123} INFO - ::group::Pre task execution logs
[2025-06-03T05:41:27.648+0000] {taskinstance.py:2613} INFO - Dependencies all met for dep_context=non-requeueable deps ti=<TaskInstance: curry_medallion_etl.submit_bronze_etl_job manual__2025-06-03T05:41:25.773369+00:00 [queued]>
[2025-06-03T05:41:27.652+0000] {taskinstance.py:2613} INFO - Dependencies all met for dep_context=requeueable deps ti=<TaskInstance: curry_medallion_etl.submit_bronze_etl_job manual__2025-06-03T05:41:25.773369+00:00 [queued]>
[2025-06-03T05:41:27.652+0000] {taskinstance.py:2866} INFO - Starting attempt 1 of 1
[2025-06-03T05:41:27.658+0000] {taskinstance.py:2889} INFO - Executing <Task(SparkSubmitOperator): submit_bronze_etl_job> on 2025-06-03 05:41:25.773369+00:00
[2025-06-03T05:41:27.660+0000] {standard_task_runner.py:72} INFO - Started process 3124 to run task
[2025-06-03T05:41:27.662+0000] {standard_task_runner.py:104} INFO - Running: ['***', 'tasks', 'run', 'curry_medallion_etl', 'submit_bronze_etl_job', 'manual__2025-06-03T05:41:25.773369+00:00', '--job-id', '35', '--raw', '--subdir', 'DAGS_FOLDER/medallion_sales_etl_dag.py', '--cfg-path', '/tmp/tmpm2sxp9ll']
[2025-06-03T05:41:27.664+0000] {standard_task_runner.py:105} INFO - Job 35: Subtask submit_bronze_etl_job
[2025-06-03T05:41:27.693+0000] {task_command.py:467} INFO - Running <TaskInstance: curry_medallion_etl.submit_bronze_etl_job manual__2025-06-03T05:41:25.773369+00:00 [running]> on host c6e050ed47eb
[2025-06-03T05:41:27.742+0000] {taskinstance.py:3132} INFO - Exporting env vars: AIRFLOW_CTX_DAG_OWNER='qdinh18' AIRFLOW_CTX_DAG_ID='curry_medallion_etl' AIRFLOW_CTX_TASK_ID='submit_bronze_etl_job' AIRFLOW_CTX_EXECUTION_DATE='2025-06-03T05:41:25.773369+00:00' AIRFLOW_CTX_TRY_NUMBER='1' AIRFLOW_CTX_DAG_RUN_ID='manual__2025-06-03T05:41:25.773369+00:00'
[2025-06-03T05:41:27.743+0000] {taskinstance.py:731} INFO - ::endgroup::
[2025-06-03T05:41:27.759+0000] {base.py:84} INFO - Retrieving connection 'spark_default'
[2025-06-03T05:41:27.760+0000] {spark_submit.py:474} INFO - Spark-Submit cmd: spark-submit --master spark://spark-master:7077 --conf spark.executor.memory=2g --conf spark.sql.extensions=io.delta.sql.DeltaSparkSessionExtension --conf spark.sql.catalog.spark_catalog=org.apache.spark.sql.delta.catalog.DeltaCatalog --conf spark.hadoop.fs.s3a.endpoint=http://minio:9000 --conf spark.hadoop.fs.s3a.access.key=minioadmin --conf spark.hadoop.fs.s3a.secret.key=****** --conf spark.hadoop.fs.s3a.path.style.access=true --conf spark.hadoop.fs.s3a.impl=org.apache.hadoop.fs.s3a.S3AFileSystem --packages org.apache.hadoop:hadoop-aws:3.3.4,com.amazonaws:aws-java-sdk-bundle:1.12.262,io.delta:delta-spark_2.12:3.1.0 --name bronze_sc_stats_etl --verbose --queue root.default --deploy-mode client /opt/***/dags/bronze_ingestion_sc_stats_etl.py --output_path s3a://mybucket/bronze/curry_raw_data/
[2025-06-03T05:41:28.404+0000] {spark_submit.py:644} INFO - Using properties file: null
[2025-06-03T05:41:28.458+0000] {spark_submit.py:644} INFO - Parsed arguments:
[2025-06-03T05:41:28.459+0000] {spark_submit.py:644} INFO - master                  spark://spark-master:7077
[2025-06-03T05:41:28.459+0000] {spark_submit.py:644} INFO - remote                  null
[2025-06-03T05:41:28.459+0000] {spark_submit.py:644} INFO - deployMode              client
[2025-06-03T05:41:28.459+0000] {spark_submit.py:644} INFO - executorMemory          2g
[2025-06-03T05:41:28.459+0000] {spark_submit.py:644} INFO - executorCores           null
[2025-06-03T05:41:28.460+0000] {spark_submit.py:644} INFO - totalExecutorCores      null
[2025-06-03T05:41:28.460+0000] {spark_submit.py:644} INFO - propertiesFile          null
[2025-06-03T05:41:28.460+0000] {spark_submit.py:644} INFO - driverMemory            null
[2025-06-03T05:41:28.460+0000] {spark_submit.py:644} INFO - driverCores             null
[2025-06-03T05:41:28.460+0000] {spark_submit.py:644} INFO - driverExtraClassPath    null
[2025-06-03T05:41:28.460+0000] {spark_submit.py:644} INFO - driverExtraLibraryPath  null
[2025-06-03T05:41:28.460+0000] {spark_submit.py:644} INFO - driverExtraJavaOptions  null
[2025-06-03T05:41:28.460+0000] {spark_submit.py:644} INFO - supervise               false
[2025-06-03T05:41:28.460+0000] {spark_submit.py:644} INFO - queue                   root.default
[2025-06-03T05:41:28.461+0000] {spark_submit.py:644} INFO - numExecutors            null
[2025-06-03T05:41:28.461+0000] {spark_submit.py:644} INFO - files                   null
[2025-06-03T05:41:28.461+0000] {spark_submit.py:644} INFO - pyFiles                 null
[2025-06-03T05:41:28.461+0000] {spark_submit.py:644} INFO - archives                null
[2025-06-03T05:41:28.461+0000] {spark_submit.py:644} INFO - mainClass               null
[2025-06-03T05:41:28.461+0000] {spark_submit.py:644} INFO - primaryResource         file:/opt/***/dags/bronze_ingestion_sc_stats_etl.py
[2025-06-03T05:41:28.461+0000] {spark_submit.py:644} INFO - name                    bronze_sc_stats_etl
[2025-06-03T05:41:28.461+0000] {spark_submit.py:644} INFO - childArgs               [--output_path s3a://mybucket/bronze/curry_raw_data/]
[2025-06-03T05:41:28.462+0000] {spark_submit.py:644} INFO - jars                    null
[2025-06-03T05:41:28.462+0000] {spark_submit.py:644} INFO - packages                org.apache.hadoop:hadoop-aws:3.3.4,com.amazonaws:aws-java-sdk-bundle:1.12.262,io.delta:delta-spark_2.12:3.1.0
[2025-06-03T05:41:28.462+0000] {spark_submit.py:644} INFO - packagesExclusions      null
[2025-06-03T05:41:28.462+0000] {spark_submit.py:644} INFO - repositories            null
[2025-06-03T05:41:28.462+0000] {spark_submit.py:644} INFO - verbose                 true
[2025-06-03T05:41:28.462+0000] {spark_submit.py:644} INFO - 
[2025-06-03T05:41:28.462+0000] {spark_submit.py:644} INFO - Spark properties used, including those specified through
[2025-06-03T05:41:28.462+0000] {spark_submit.py:644} INFO - --conf and those from the properties file null:
[2025-06-03T05:41:28.462+0000] {spark_submit.py:644} INFO - (spark.executor.memory,2g)
[2025-06-03T05:41:28.463+0000] {spark_submit.py:644} INFO - (spark.hadoop.fs.s3a.access.key,*********(redacted))
[2025-06-03T05:41:28.463+0000] {spark_submit.py:644} INFO - (spark.hadoop.fs.s3a.endpoint,http://minio:9000)
[2025-06-03T05:41:28.463+0000] {spark_submit.py:644} INFO - (spark.hadoop.fs.s3a.impl,org.apache.hadoop.fs.s3a.S3AFileSystem)
[2025-06-03T05:41:28.463+0000] {spark_submit.py:644} INFO - (spark.hadoop.fs.s3a.path.style.access,true)
[2025-06-03T05:41:28.463+0000] {spark_submit.py:644} INFO - (spark.hadoop.fs.s3a.secret.key,*********(redacted))
[2025-06-03T05:41:28.463+0000] {spark_submit.py:644} INFO - (spark.sql.catalog.spark_catalog,org.apache.spark.sql.delta.catalog.DeltaCatalog)
[2025-06-03T05:41:28.463+0000] {spark_submit.py:644} INFO - (spark.sql.extensions,io.delta.sql.DeltaSparkSessionExtension)
[2025-06-03T05:41:28.463+0000] {spark_submit.py:644} INFO - 
[2025-06-03T05:41:28.464+0000] {spark_submit.py:644} INFO - 
[2025-06-03T05:41:28.521+0000] {spark_submit.py:644} INFO - :: loading settings :: url = jar:file:/home/***/.local/lib/python3.11/site-packages/pyspark/jars/ivy-2.5.1.jar!/org/apache/ivy/core/settings/ivysettings.xml
[2025-06-03T05:41:28.554+0000] {spark_submit.py:644} INFO - Ivy Default Cache set to: /home/***/.ivy2/cache
[2025-06-03T05:41:28.554+0000] {spark_submit.py:644} INFO - The jars for the packages stored in: /home/***/.ivy2/jars
[2025-06-03T05:41:28.556+0000] {spark_submit.py:644} INFO - org.apache.hadoop#hadoop-aws added as a dependency
[2025-06-03T05:41:28.557+0000] {spark_submit.py:644} INFO - com.amazonaws#aws-java-sdk-bundle added as a dependency
[2025-06-03T05:41:28.557+0000] {spark_submit.py:644} INFO - io.delta#delta-spark_2.12 added as a dependency
[2025-06-03T05:41:28.557+0000] {spark_submit.py:644} INFO - :: resolving dependencies :: org.apache.spark#spark-submit-parent-1a8607cd-0dba-43ce-9598-450f7149a28a;1.0
[2025-06-03T05:41:28.557+0000] {spark_submit.py:644} INFO - confs: [default]
[2025-06-03T05:41:28.633+0000] {spark_submit.py:644} INFO - found org.apache.hadoop#hadoop-aws;3.3.4 in central
[2025-06-03T05:41:28.644+0000] {spark_submit.py:644} INFO - found com.amazonaws#aws-java-sdk-bundle;1.12.262 in central
[2025-06-03T05:41:28.654+0000] {spark_submit.py:644} INFO - found org.wildfly.openssl#wildfly-openssl;1.0.7.Final in central
[2025-06-03T05:41:28.662+0000] {spark_submit.py:644} INFO - found io.delta#delta-spark_2.12;3.1.0 in central
[2025-06-03T05:41:28.673+0000] {spark_submit.py:644} INFO - found io.delta#delta-storage;3.1.0 in central
[2025-06-03T05:41:28.681+0000] {spark_submit.py:644} INFO - found org.antlr#antlr4-runtime;4.9.3 in central
[2025-06-03T05:41:28.692+0000] {spark_submit.py:644} INFO - :: resolution report :: resolve 129ms :: artifacts dl 6ms
[2025-06-03T05:41:28.693+0000] {spark_submit.py:644} INFO - :: modules in use:
[2025-06-03T05:41:28.693+0000] {spark_submit.py:644} INFO - com.amazonaws#aws-java-sdk-bundle;1.12.262 from central in [default]
[2025-06-03T05:41:28.693+0000] {spark_submit.py:644} INFO - io.delta#delta-spark_2.12;3.1.0 from central in [default]
[2025-06-03T05:41:28.693+0000] {spark_submit.py:644} INFO - io.delta#delta-storage;3.1.0 from central in [default]
[2025-06-03T05:41:28.694+0000] {spark_submit.py:644} INFO - org.antlr#antlr4-runtime;4.9.3 from central in [default]
[2025-06-03T05:41:28.694+0000] {spark_submit.py:644} INFO - org.apache.hadoop#hadoop-aws;3.3.4 from central in [default]
[2025-06-03T05:41:28.694+0000] {spark_submit.py:644} INFO - org.wildfly.openssl#wildfly-openssl;1.0.7.Final from central in [default]
[2025-06-03T05:41:28.694+0000] {spark_submit.py:644} INFO - ---------------------------------------------------------------------
[2025-06-03T05:41:28.694+0000] {spark_submit.py:644} INFO - |                  |            modules            ||   artifacts   |
[2025-06-03T05:41:28.695+0000] {spark_submit.py:644} INFO - |       conf       | number| search|dwnlded|evicted|| number|dwnlded|
[2025-06-03T05:41:28.695+0000] {spark_submit.py:644} INFO - ---------------------------------------------------------------------
[2025-06-03T05:41:28.695+0000] {spark_submit.py:644} INFO - |      default     |   6   |   0   |   0   |   0   ||   6   |   0   |
[2025-06-03T05:41:28.695+0000] {spark_submit.py:644} INFO - ---------------------------------------------------------------------
[2025-06-03T05:41:28.695+0000] {spark_submit.py:644} INFO - :: retrieving :: org.apache.spark#spark-submit-parent-1a8607cd-0dba-43ce-9598-450f7149a28a
[2025-06-03T05:41:28.696+0000] {spark_submit.py:644} INFO - confs: [default]
[2025-06-03T05:41:28.700+0000] {spark_submit.py:644} INFO - 0 artifacts copied, 6 already retrieved (0kB/4ms)
[2025-06-03T05:41:28.788+0000] {spark_submit.py:644} INFO - 25/06/03 05:41:28 WARN NativeCodeLoader: Unable to load native-hadoop library for your platform... using builtin-java classes where applicable
[2025-06-03T05:41:28.878+0000] {spark_submit.py:644} INFO - Main class:
[2025-06-03T05:41:28.879+0000] {spark_submit.py:644} INFO - org.apache.spark.deploy.PythonRunner
[2025-06-03T05:41:28.879+0000] {spark_submit.py:644} INFO - Arguments:
[2025-06-03T05:41:28.879+0000] {spark_submit.py:644} INFO - file:/opt/***/dags/bronze_ingestion_sc_stats_etl.py
[2025-06-03T05:41:28.879+0000] {spark_submit.py:644} INFO - file:///home/***/.ivy2/jars/org.apache.hadoop_hadoop-aws-3.3.4.jar,file:///home/***/.ivy2/jars/com.amazonaws_aws-java-sdk-bundle-1.12.262.jar,file:///home/***/.ivy2/jars/io.delta_delta-spark_2.12-3.1.0.jar,file:///home/***/.ivy2/jars/org.wildfly.openssl_wildfly-openssl-1.0.7.Final.jar,file:///home/***/.ivy2/jars/io.delta_delta-storage-3.1.0.jar,file:///home/***/.ivy2/jars/org.antlr_antlr4-runtime-4.9.3.jar
[2025-06-03T05:41:28.880+0000] {spark_submit.py:644} INFO - --output_path
[2025-06-03T05:41:28.880+0000] {spark_submit.py:644} INFO - s3a://mybucket/bronze/curry_raw_data/
[2025-06-03T05:41:28.880+0000] {spark_submit.py:644} INFO - Spark config:
[2025-06-03T05:41:28.880+0000] {spark_submit.py:644} INFO - (spark.app.name,bronze_sc_stats_etl)
[2025-06-03T05:41:28.880+0000] {spark_submit.py:644} INFO - (spark.app.submitTime,1748929288871)
[2025-06-03T05:41:28.881+0000] {spark_submit.py:644} INFO - (spark.executor.memory,2g)
[2025-06-03T05:41:28.881+0000] {spark_submit.py:644} INFO - (spark.files,file:///home/***/.ivy2/jars/org.apache.hadoop_hadoop-aws-3.3.4.jar,file:///home/***/.ivy2/jars/com.amazonaws_aws-java-sdk-bundle-1.12.262.jar,file:///home/***/.ivy2/jars/io.delta_delta-spark_2.12-3.1.0.jar,file:///home/***/.ivy2/jars/org.wildfly.openssl_wildfly-openssl-1.0.7.Final.jar,file:///home/***/.ivy2/jars/io.delta_delta-storage-3.1.0.jar,file:///home/***/.ivy2/jars/org.antlr_antlr4-runtime-4.9.3.jar)
[2025-06-03T05:41:28.881+0000] {spark_submit.py:644} INFO - (spark.hadoop.fs.s3a.access.key,*********(redacted))
[2025-06-03T05:41:28.881+0000] {spark_submit.py:644} INFO - (spark.hadoop.fs.s3a.endpoint,http://minio:9000)
[2025-06-03T05:41:28.881+0000] {spark_submit.py:644} INFO - (spark.hadoop.fs.s3a.impl,org.apache.hadoop.fs.s3a.S3AFileSystem)
[2025-06-03T05:41:28.881+0000] {spark_submit.py:644} INFO - (spark.hadoop.fs.s3a.path.style.access,true)
[2025-06-03T05:41:28.881+0000] {spark_submit.py:644} INFO - (spark.hadoop.fs.s3a.secret.key,*********(redacted))
[2025-06-03T05:41:28.882+0000] {spark_submit.py:644} INFO - (spark.jars,file:///home/***/.ivy2/jars/org.apache.hadoop_hadoop-aws-3.3.4.jar,file:///home/***/.ivy2/jars/com.amazonaws_aws-java-sdk-bundle-1.12.262.jar,file:///home/***/.ivy2/jars/io.delta_delta-spark_2.12-3.1.0.jar,file:///home/***/.ivy2/jars/org.wildfly.openssl_wildfly-openssl-1.0.7.Final.jar,file:///home/***/.ivy2/jars/io.delta_delta-storage-3.1.0.jar,file:///home/***/.ivy2/jars/org.antlr_antlr4-runtime-4.9.3.jar)
[2025-06-03T05:41:28.882+0000] {spark_submit.py:644} INFO - (spark.master,spark://spark-master:7077)
[2025-06-03T05:41:28.882+0000] {spark_submit.py:644} INFO - (spark.repl.local.jars,file:///home/***/.ivy2/jars/org.apache.hadoop_hadoop-aws-3.3.4.jar,file:///home/***/.ivy2/jars/com.amazonaws_aws-java-sdk-bundle-1.12.262.jar,file:///home/***/.ivy2/jars/io.delta_delta-spark_2.12-3.1.0.jar,file:///home/***/.ivy2/jars/org.wildfly.openssl_wildfly-openssl-1.0.7.Final.jar,file:///home/***/.ivy2/jars/io.delta_delta-storage-3.1.0.jar,file:///home/***/.ivy2/jars/org.antlr_antlr4-runtime-4.9.3.jar)
[2025-06-03T05:41:28.882+0000] {spark_submit.py:644} INFO - (spark.sql.catalog.spark_catalog,org.apache.spark.sql.delta.catalog.DeltaCatalog)
[2025-06-03T05:41:28.882+0000] {spark_submit.py:644} INFO - (spark.sql.extensions,io.delta.sql.DeltaSparkSessionExtension)
[2025-06-03T05:41:28.882+0000] {spark_submit.py:644} INFO - (spark.submit.deployMode,client)
[2025-06-03T05:41:28.882+0000] {spark_submit.py:644} INFO - (spark.submit.pyFiles,/home/***/.ivy2/jars/org.apache.hadoop_hadoop-aws-3.3.4.jar,/home/***/.ivy2/jars/com.amazonaws_aws-java-sdk-bundle-1.12.262.jar,/home/***/.ivy2/jars/io.delta_delta-spark_2.12-3.1.0.jar,/home/***/.ivy2/jars/org.wildfly.openssl_wildfly-openssl-1.0.7.Final.jar,/home/***/.ivy2/jars/io.delta_delta-storage-3.1.0.jar,/home/***/.ivy2/jars/org.antlr_antlr4-runtime-4.9.3.jar)
[2025-06-03T05:41:28.883+0000] {spark_submit.py:644} INFO - Classpath elements:
[2025-06-03T05:41:28.883+0000] {spark_submit.py:644} INFO - file:///home/***/.ivy2/jars/org.apache.hadoop_hadoop-aws-3.3.4.jar
[2025-06-03T05:41:28.883+0000] {spark_submit.py:644} INFO - file:///home/***/.ivy2/jars/com.amazonaws_aws-java-sdk-bundle-1.12.262.jar
[2025-06-03T05:41:28.883+0000] {spark_submit.py:644} INFO - file:///home/***/.ivy2/jars/io.delta_delta-spark_2.12-3.1.0.jar
[2025-06-03T05:41:28.883+0000] {spark_submit.py:644} INFO - file:///home/***/.ivy2/jars/org.wildfly.openssl_wildfly-openssl-1.0.7.Final.jar
[2025-06-03T05:41:28.883+0000] {spark_submit.py:644} INFO - file:///home/***/.ivy2/jars/io.delta_delta-storage-3.1.0.jar
[2025-06-03T05:41:28.884+0000] {spark_submit.py:644} INFO - file:///home/***/.ivy2/jars/org.antlr_antlr4-runtime-4.9.3.jar
[2025-06-03T05:41:28.884+0000] {spark_submit.py:644} INFO - 
[2025-06-03T05:41:28.884+0000] {spark_submit.py:644} INFO - 
[2025-06-03T05:41:29.512+0000] {spark_submit.py:644} INFO - 25/06/03 05:41:29 INFO SparkContext: Running Spark version 3.5.2
[2025-06-03T05:41:29.512+0000] {spark_submit.py:644} INFO - 25/06/03 05:41:29 INFO SparkContext: OS info Linux, 6.10.14-linuxkit, aarch64
[2025-06-03T05:41:29.512+0000] {spark_submit.py:644} INFO - 25/06/03 05:41:29 INFO SparkContext: Java version 17.0.15
[2025-06-03T05:41:29.532+0000] {spark_submit.py:644} INFO - 25/06/03 05:41:29 INFO ResourceUtils: ==============================================================
[2025-06-03T05:41:29.532+0000] {spark_submit.py:644} INFO - 25/06/03 05:41:29 INFO ResourceUtils: No custom resources configured for spark.driver.
[2025-06-03T05:41:29.532+0000] {spark_submit.py:644} INFO - 25/06/03 05:41:29 INFO ResourceUtils: ==============================================================
[2025-06-03T05:41:29.533+0000] {spark_submit.py:644} INFO - 25/06/03 05:41:29 INFO SparkContext: Submitted application: BronzeIngestionStephenCurryStats
[2025-06-03T05:41:29.546+0000] {spark_submit.py:644} INFO - 25/06/03 05:41:29 INFO ResourceProfile: Default ResourceProfile created, executor resources: Map(memory -> name: memory, amount: 2048, script: , vendor: , offHeap -> name: offHeap, amount: 0, script: , vendor: ), task resources: Map(cpus -> name: cpus, amount: 1.0)
[2025-06-03T05:41:29.550+0000] {spark_submit.py:644} INFO - 25/06/03 05:41:29 INFO ResourceProfile: Limiting resource is cpu
[2025-06-03T05:41:29.551+0000] {spark_submit.py:644} INFO - 25/06/03 05:41:29 INFO ResourceProfileManager: Added ResourceProfile id: 0
[2025-06-03T05:41:29.590+0000] {spark_submit.py:644} INFO - 25/06/03 05:41:29 INFO SecurityManager: Changing view acls to: ***
[2025-06-03T05:41:29.590+0000] {spark_submit.py:644} INFO - 25/06/03 05:41:29 INFO SecurityManager: Changing modify acls to: ***
[2025-06-03T05:41:29.590+0000] {spark_submit.py:644} INFO - 25/06/03 05:41:29 INFO SecurityManager: Changing view acls groups to:
[2025-06-03T05:41:29.590+0000] {spark_submit.py:644} INFO - 25/06/03 05:41:29 INFO SecurityManager: Changing modify acls groups to:
[2025-06-03T05:41:29.591+0000] {spark_submit.py:644} INFO - 25/06/03 05:41:29 INFO SecurityManager: SecurityManager: authentication disabled; ui acls disabled; users with view permissions: ***; groups with view permissions: EMPTY; users with modify permissions: ***; groups with modify permissions: EMPTY
[2025-06-03T05:41:29.725+0000] {spark_submit.py:644} INFO - 25/06/03 05:41:29 INFO Utils: Successfully started service 'sparkDriver' on port 37045.
[2025-06-03T05:41:29.752+0000] {spark_submit.py:644} INFO - 25/06/03 05:41:29 INFO SparkEnv: Registering MapOutputTracker
[2025-06-03T05:41:29.778+0000] {spark_submit.py:644} INFO - 25/06/03 05:41:29 INFO SparkEnv: Registering BlockManagerMaster
[2025-06-03T05:41:29.791+0000] {spark_submit.py:644} INFO - 25/06/03 05:41:29 INFO BlockManagerMasterEndpoint: Using org.apache.spark.storage.DefaultTopologyMapper for getting topology information
[2025-06-03T05:41:29.792+0000] {spark_submit.py:644} INFO - 25/06/03 05:41:29 INFO BlockManagerMasterEndpoint: BlockManagerMasterEndpoint up
[2025-06-03T05:41:29.794+0000] {spark_submit.py:644} INFO - 25/06/03 05:41:29 INFO SparkEnv: Registering BlockManagerMasterHeartbeat
[2025-06-03T05:41:29.808+0000] {spark_submit.py:644} INFO - 25/06/03 05:41:29 INFO DiskBlockManager: Created local directory at /tmp/blockmgr-aea29b45-39e0-4e5b-9676-2b514a7e8182
[2025-06-03T05:41:29.816+0000] {spark_submit.py:644} INFO - 25/06/03 05:41:29 INFO MemoryStore: MemoryStore started with capacity 434.4 MiB
[2025-06-03T05:41:29.826+0000] {spark_submit.py:644} INFO - 25/06/03 05:41:29 INFO SparkEnv: Registering OutputCommitCoordinator
[2025-06-03T05:41:29.912+0000] {spark_submit.py:644} INFO - 25/06/03 05:41:29 INFO JettyUtils: Start Jetty 0.0.0.0:4040 for SparkUI
[2025-06-03T05:41:29.952+0000] {spark_submit.py:644} INFO - 25/06/03 05:41:29 INFO Utils: Successfully started service 'SparkUI' on port 4040.
[2025-06-03T05:41:29.973+0000] {spark_submit.py:644} INFO - 25/06/03 05:41:29 INFO SparkContext: Added JAR file:///home/***/.ivy2/jars/org.apache.hadoop_hadoop-aws-3.3.4.jar at spark://c6e050ed47eb:37045/jars/org.apache.hadoop_hadoop-aws-3.3.4.jar with timestamp 1748929289507
[2025-06-03T05:41:29.974+0000] {spark_submit.py:644} INFO - 25/06/03 05:41:29 INFO SparkContext: Added JAR file:///home/***/.ivy2/jars/com.amazonaws_aws-java-sdk-bundle-1.12.262.jar at spark://c6e050ed47eb:37045/jars/com.amazonaws_aws-java-sdk-bundle-1.12.262.jar with timestamp 1748929289507
[2025-06-03T05:41:29.974+0000] {spark_submit.py:644} INFO - 25/06/03 05:41:29 INFO SparkContext: Added JAR file:///home/***/.ivy2/jars/io.delta_delta-spark_2.12-3.1.0.jar at spark://c6e050ed47eb:37045/jars/io.delta_delta-spark_2.12-3.1.0.jar with timestamp 1748929289507
[2025-06-03T05:41:29.974+0000] {spark_submit.py:644} INFO - 25/06/03 05:41:29 INFO SparkContext: Added JAR file:///home/***/.ivy2/jars/org.wildfly.openssl_wildfly-openssl-1.0.7.Final.jar at spark://c6e050ed47eb:37045/jars/org.wildfly.openssl_wildfly-openssl-1.0.7.Final.jar with timestamp 1748929289507
[2025-06-03T05:41:29.974+0000] {spark_submit.py:644} INFO - 25/06/03 05:41:29 INFO SparkContext: Added JAR file:///home/***/.ivy2/jars/io.delta_delta-storage-3.1.0.jar at spark://c6e050ed47eb:37045/jars/io.delta_delta-storage-3.1.0.jar with timestamp 1748929289507
[2025-06-03T05:41:29.974+0000] {spark_submit.py:644} INFO - 25/06/03 05:41:29 INFO SparkContext: Added JAR file:///home/***/.ivy2/jars/org.antlr_antlr4-runtime-4.9.3.jar at spark://c6e050ed47eb:37045/jars/org.antlr_antlr4-runtime-4.9.3.jar with timestamp 1748929289507
[2025-06-03T05:41:29.975+0000] {spark_submit.py:644} INFO - 25/06/03 05:41:29 INFO SparkContext: Added file file:///home/***/.ivy2/jars/org.apache.hadoop_hadoop-aws-3.3.4.jar at spark://c6e050ed47eb:37045/files/org.apache.hadoop_hadoop-aws-3.3.4.jar with timestamp 1748929289507
[2025-06-03T05:41:29.976+0000] {spark_submit.py:644} INFO - 25/06/03 05:41:29 INFO Utils: Copying /home/***/.ivy2/jars/org.apache.hadoop_hadoop-aws-3.3.4.jar to /tmp/spark-54fa481d-37be-4b1f-b0e5-2b0161e7ab39/userFiles-cd967d60-2d42-4544-8ee0-7e4a656c963c/org.apache.hadoop_hadoop-aws-3.3.4.jar
[2025-06-03T05:41:29.984+0000] {spark_submit.py:644} INFO - 25/06/03 05:41:29 INFO SparkContext: Added file file:///home/***/.ivy2/jars/com.amazonaws_aws-java-sdk-bundle-1.12.262.jar at spark://c6e050ed47eb:37045/files/com.amazonaws_aws-java-sdk-bundle-1.12.262.jar with timestamp 1748929289507
[2025-06-03T05:41:29.984+0000] {spark_submit.py:644} INFO - 25/06/03 05:41:29 INFO Utils: Copying /home/***/.ivy2/jars/com.amazonaws_aws-java-sdk-bundle-1.12.262.jar to /tmp/spark-54fa481d-37be-4b1f-b0e5-2b0161e7ab39/userFiles-cd967d60-2d42-4544-8ee0-7e4a656c963c/com.amazonaws_aws-java-sdk-bundle-1.12.262.jar
[2025-06-03T05:41:30.590+0000] {spark_submit.py:644} INFO - 25/06/03 05:41:30 INFO SparkContext: Added file file:///home/***/.ivy2/jars/io.delta_delta-spark_2.12-3.1.0.jar at spark://c6e050ed47eb:37045/files/io.delta_delta-spark_2.12-3.1.0.jar with timestamp 1748929289507
[2025-06-03T05:41:30.591+0000] {spark_submit.py:644} INFO - 25/06/03 05:41:30 INFO Utils: Copying /home/***/.ivy2/jars/io.delta_delta-spark_2.12-3.1.0.jar to /tmp/spark-54fa481d-37be-4b1f-b0e5-2b0161e7ab39/userFiles-cd967d60-2d42-4544-8ee0-7e4a656c963c/io.delta_delta-spark_2.12-3.1.0.jar
[2025-06-03T05:41:30.619+0000] {spark_submit.py:644} INFO - 25/06/03 05:41:30 INFO SparkContext: Added file file:///home/***/.ivy2/jars/org.wildfly.openssl_wildfly-openssl-1.0.7.Final.jar at spark://c6e050ed47eb:37045/files/org.wildfly.openssl_wildfly-openssl-1.0.7.Final.jar with timestamp 1748929289507
[2025-06-03T05:41:30.619+0000] {spark_submit.py:644} INFO - 25/06/03 05:41:30 INFO Utils: Copying /home/***/.ivy2/jars/org.wildfly.openssl_wildfly-openssl-1.0.7.Final.jar to /tmp/spark-54fa481d-37be-4b1f-b0e5-2b0161e7ab39/userFiles-cd967d60-2d42-4544-8ee0-7e4a656c963c/org.wildfly.openssl_wildfly-openssl-1.0.7.Final.jar
[2025-06-03T05:41:30.623+0000] {spark_submit.py:644} INFO - 25/06/03 05:41:30 INFO SparkContext: Added file file:///home/***/.ivy2/jars/io.delta_delta-storage-3.1.0.jar at spark://c6e050ed47eb:37045/files/io.delta_delta-storage-3.1.0.jar with timestamp 1748929289507
[2025-06-03T05:41:30.624+0000] {spark_submit.py:644} INFO - 25/06/03 05:41:30 INFO Utils: Copying /home/***/.ivy2/jars/io.delta_delta-storage-3.1.0.jar to /tmp/spark-54fa481d-37be-4b1f-b0e5-2b0161e7ab39/userFiles-cd967d60-2d42-4544-8ee0-7e4a656c963c/io.delta_delta-storage-3.1.0.jar
[2025-06-03T05:41:30.626+0000] {spark_submit.py:644} INFO - 25/06/03 05:41:30 INFO SparkContext: Added file file:///home/***/.ivy2/jars/org.antlr_antlr4-runtime-4.9.3.jar at spark://c6e050ed47eb:37045/files/org.antlr_antlr4-runtime-4.9.3.jar with timestamp 1748929289507
[2025-06-03T05:41:30.626+0000] {spark_submit.py:644} INFO - 25/06/03 05:41:30 INFO Utils: Copying /home/***/.ivy2/jars/org.antlr_antlr4-runtime-4.9.3.jar to /tmp/spark-54fa481d-37be-4b1f-b0e5-2b0161e7ab39/userFiles-cd967d60-2d42-4544-8ee0-7e4a656c963c/org.antlr_antlr4-runtime-4.9.3.jar
[2025-06-03T05:41:30.689+0000] {spark_submit.py:644} INFO - 25/06/03 05:41:30 INFO StandaloneAppClient$ClientEndpoint: Connecting to master spark://spark-master:7077...
[2025-06-03T05:41:30.722+0000] {spark_submit.py:644} INFO - 25/06/03 05:41:30 INFO TransportClientFactory: Successfully created connection to spark-master/172.18.0.5:7077 after 18 ms (0 ms spent in bootstraps)
[2025-06-03T05:41:30.802+0000] {spark_submit.py:644} INFO - 25/06/03 05:41:30 INFO StandaloneSchedulerBackend: Connected to Spark cluster with app ID app-20250603054130-0003
[2025-06-03T05:41:30.803+0000] {spark_submit.py:644} INFO - 25/06/03 05:41:30 INFO StandaloneAppClient$ClientEndpoint: Executor added: app-20250603054130-0003/0 on worker-20250603045933-172.18.0.7-40173 (172.18.0.7:40173) with 4 core(s)
[2025-06-03T05:41:30.807+0000] {spark_submit.py:644} INFO - 25/06/03 05:41:30 INFO StandaloneSchedulerBackend: Granted executor ID app-20250603054130-0003/0 on hostPort 172.18.0.7:40173 with 4 core(s), 2.0 GiB RAM
[2025-06-03T05:41:30.812+0000] {spark_submit.py:644} INFO - 25/06/03 05:41:30 INFO Utils: Successfully started service 'org.apache.spark.network.netty.NettyBlockTransferService' on port 42409.
[2025-06-03T05:41:30.812+0000] {spark_submit.py:644} INFO - 25/06/03 05:41:30 INFO NettyBlockTransferService: Server created on c6e050ed47eb:42409
[2025-06-03T05:41:30.814+0000] {spark_submit.py:644} INFO - 25/06/03 05:41:30 INFO BlockManager: Using org.apache.spark.storage.RandomBlockReplicationPolicy for block replication policy
[2025-06-03T05:41:30.821+0000] {spark_submit.py:644} INFO - 25/06/03 05:41:30 INFO BlockManagerMaster: Registering BlockManager BlockManagerId(driver, c6e050ed47eb, 42409, None)
[2025-06-03T05:41:30.824+0000] {spark_submit.py:644} INFO - 25/06/03 05:41:30 INFO BlockManagerMasterEndpoint: Registering block manager c6e050ed47eb:42409 with 434.4 MiB RAM, BlockManagerId(driver, c6e050ed47eb, 42409, None)
[2025-06-03T05:41:30.825+0000] {spark_submit.py:644} INFO - 25/06/03 05:41:30 INFO BlockManagerMaster: Registered BlockManager BlockManagerId(driver, c6e050ed47eb, 42409, None)
[2025-06-03T05:41:30.826+0000] {spark_submit.py:644} INFO - 25/06/03 05:41:30 INFO BlockManager: Initialized BlockManager: BlockManagerId(driver, c6e050ed47eb, 42409, None)
[2025-06-03T05:41:30.841+0000] {spark_submit.py:644} INFO - 25/06/03 05:41:30 INFO StandaloneAppClient$ClientEndpoint: Executor updated: app-20250603054130-0003/0 is now RUNNING
[2025-06-03T05:41:30.985+0000] {spark_submit.py:644} INFO - 25/06/03 05:41:30 INFO StandaloneSchedulerBackend: SchedulerBackend is ready for scheduling beginning after reached minRegisteredResourcesRatio: 0.0
[2025-06-03T05:41:31.160+0000] {spark_submit.py:644} INFO - Bronze Ingestion: Spark session created.
[2025-06-03T05:41:31.164+0000] {spark_submit.py:644} INFO - 25/06/03 05:41:31 INFO SharedState: Setting hive.metastore.warehouse.dir ('null') to the value of spark.sql.warehouse.dir.
[2025-06-03T05:41:31.245+0000] {spark_submit.py:644} INFO - 25/06/03 05:41:31 WARN MetricsConfig: Cannot locate configuration: tried hadoop-metrics2-s3a-file-system.properties,hadoop-metrics2.properties
[2025-06-03T05:41:31.256+0000] {spark_submit.py:644} INFO - 25/06/03 05:41:31 INFO MetricsSystemImpl: Scheduled Metric snapshot period at 10 second(s).
[2025-06-03T05:41:31.256+0000] {spark_submit.py:644} INFO - 25/06/03 05:41:31 INFO MetricsSystemImpl: s3a-file-system metrics system started
[2025-06-03T05:41:31.692+0000] {spark_submit.py:644} INFO - 25/06/03 05:41:31 INFO SharedState: Warehouse path is 's3a://mybucket'.
[2025-06-03T05:41:32.297+0000] {spark_submit.py:644} INFO - 25/06/03 05:41:32 INFO StandaloneSchedulerBackend$StandaloneDriverEndpoint: Registered executor NettyRpcEndpointRef(spark-client://Executor) (172.18.0.7:43622) with ID 0,  ResourceProfileId 0
[2025-06-03T05:41:32.345+0000] {spark_submit.py:644} INFO - 25/06/03 05:41:32 INFO BlockManagerMasterEndpoint: Registering block manager 172.18.0.7:46317 with 1048.8 MiB RAM, BlockManagerId(0, 172.18.0.7, 46317, None)
[2025-06-03T05:41:32.359+0000] {spark_submit.py:644} INFO - 25/06/03 05:41:32 INFO InMemoryFileIndex: It took 26 ms to list leaf files for 1 paths.
[2025-06-03T05:41:33.083+0000] {spark_submit.py:644} INFO - Successfully loaded Stephen Curry stats from: /opt/***/data/Stephen Curry Stats.parquet
[2025-06-03T05:41:33.835+0000] {spark_submit.py:644} INFO - 25/06/03 05:41:33 INFO HiveConf: Found configuration file null
[2025-06-03T05:41:33.843+0000] {spark_submit.py:644} INFO - 25/06/03 05:41:33 INFO HiveUtils: Initializing HiveMetastoreConnection version 2.3.9 using Spark classes.
[2025-06-03T05:41:34.212+0000] {spark_submit.py:644} INFO - 25/06/03 05:41:34 INFO HiveClientImpl: Warehouse location for Hive client (version 2.3.9) is s3a://mybucket
[2025-06-03T05:41:34.239+0000] {spark_submit.py:644} INFO - 25/06/03 05:41:34 INFO metastore: Trying to connect to metastore with URI thrift://hive-metastore:9083
[2025-06-03T05:41:34.256+0000] {spark_submit.py:644} INFO - 25/06/03 05:41:34 INFO metastore: Opened a connection to metastore, current connections: 1
[2025-06-03T05:41:34.287+0000] {spark_submit.py:644} INFO - 25/06/03 05:41:34 INFO metastore: Connected to metastore.
[2025-06-03T05:41:34.375+0000] {spark_submit.py:644} INFO - Writing data to Bronze layer at: s3a://mybucket/bronze/curry_raw_data/
[2025-06-03T05:41:34.539+0000] {spark_submit.py:644} INFO - 25/06/03 05:41:34 INFO DelegatingLogStore: LogStore `LogStoreAdapter(io.delta.storage.S3SingleDriverLogStore)` is used for scheme `s3a`
[2025-06-03T05:41:34.667+0000] {spark_submit.py:644} INFO - 25/06/03 05:41:34 INFO DeltaLog: Loading version 0.
[2025-06-03T05:41:35.429+0000] {spark_submit.py:644} INFO - 25/06/03 05:41:35 INFO DeltaLogFileIndex: Created DeltaLogFileIndex(JSON, numFilesInSegment: 1, totalFileSize: 3905)
[2025-06-03T05:41:35.566+0000] {spark_submit.py:644} INFO - 25/06/03 05:41:35 INFO DataSourceStrategy: Pruning directories with:
[2025-06-03T05:41:35.570+0000] {spark_submit.py:644} INFO - 25/06/03 05:41:35 INFO FileSourceStrategy: Pushed Filters:
[2025-06-03T05:41:35.571+0000] {spark_submit.py:644} INFO - 25/06/03 05:41:35 INFO FileSourceStrategy: Post-Scan Filters: (isnotnull(protocol#92.minReaderVersion) OR isnotnull(metaData#91.id))
[2025-06-03T05:41:35.833+0000] {spark_submit.py:644} INFO - 25/06/03 05:41:35 INFO CodeGenerator: Code generated in 168.656459 ms
[2025-06-03T05:41:35.862+0000] {spark_submit.py:644} INFO - 25/06/03 05:41:35 INFO MemoryStore: Block broadcast_0 stored as values in memory (estimated size 205.2 KiB, free 434.2 MiB)
[2025-06-03T05:41:35.902+0000] {spark_submit.py:644} INFO - 25/06/03 05:41:35 INFO MemoryStore: Block broadcast_0_piece0 stored as bytes in memory (estimated size 36.1 KiB, free 434.2 MiB)
[2025-06-03T05:41:35.904+0000] {spark_submit.py:644} INFO - 25/06/03 05:41:35 INFO BlockManagerInfo: Added broadcast_0_piece0 in memory on c6e050ed47eb:42409 (size: 36.1 KiB, free: 434.4 MiB)
[2025-06-03T05:41:35.908+0000] {spark_submit.py:644} INFO - 25/06/03 05:41:35 INFO SparkContext: Created broadcast 0 from toString at String.java:4220
[2025-06-03T05:41:35.926+0000] {spark_submit.py:644} INFO - 25/06/03 05:41:35 INFO FileSourceScanExec: Planning scan with bin packing, max size: 4194304 bytes, open cost is considered as scanning 4194304 bytes.
[2025-06-03T05:41:36.030+0000] {spark_submit.py:644} INFO - 25/06/03 05:41:36 INFO SparkContext: Starting job: toString at String.java:4220
[2025-06-03T05:41:36.038+0000] {spark_submit.py:644} INFO - 25/06/03 05:41:36 INFO DAGScheduler: Got job 0 (toString at String.java:4220) with 1 output partitions
[2025-06-03T05:41:36.038+0000] {spark_submit.py:644} INFO - 25/06/03 05:41:36 INFO DAGScheduler: Final stage: ResultStage 0 (toString at String.java:4220)
[2025-06-03T05:41:36.038+0000] {spark_submit.py:644} INFO - 25/06/03 05:41:36 INFO DAGScheduler: Parents of final stage: List()
[2025-06-03T05:41:36.038+0000] {spark_submit.py:644} INFO - 25/06/03 05:41:36 INFO DAGScheduler: Missing parents: List()
[2025-06-03T05:41:36.040+0000] {spark_submit.py:644} INFO - 25/06/03 05:41:36 INFO DAGScheduler: Submitting ResultStage 0 (MapPartitionsRDD[3] at toString at String.java:4220), which has no missing parents
[2025-06-03T05:41:36.050+0000] {spark_submit.py:644} INFO - 25/06/03 05:41:36 INFO MemoryStore: Block broadcast_1 stored as values in memory (estimated size 40.1 KiB, free 434.1 MiB)
[2025-06-03T05:41:36.054+0000] {spark_submit.py:644} INFO - 25/06/03 05:41:36 INFO MemoryStore: Block broadcast_1_piece0 stored as bytes in memory (estimated size 13.7 KiB, free 434.1 MiB)
[2025-06-03T05:41:36.055+0000] {spark_submit.py:644} INFO - 25/06/03 05:41:36 INFO BlockManagerInfo: Added broadcast_1_piece0 in memory on c6e050ed47eb:42409 (size: 13.7 KiB, free: 434.4 MiB)
[2025-06-03T05:41:36.055+0000] {spark_submit.py:644} INFO - 25/06/03 05:41:36 INFO SparkContext: Created broadcast 1 from broadcast at DAGScheduler.scala:1585
[2025-06-03T05:41:36.068+0000] {spark_submit.py:644} INFO - 25/06/03 05:41:36 INFO DAGScheduler: Submitting 1 missing tasks from ResultStage 0 (MapPartitionsRDD[3] at toString at String.java:4220) (first 15 tasks are for partitions Vector(0))
[2025-06-03T05:41:36.069+0000] {spark_submit.py:644} INFO - 25/06/03 05:41:36 INFO TaskSchedulerImpl: Adding task set 0.0 with 1 tasks resource profile 0
[2025-06-03T05:41:36.089+0000] {spark_submit.py:644} INFO - 25/06/03 05:41:36 INFO TaskSetManager: Starting task 0.0 in stage 0.0 (TID 0) (172.18.0.7, executor 0, partition 0, PROCESS_LOCAL, 10836 bytes)
[2025-06-03T05:41:36.252+0000] {spark_submit.py:644} INFO - 25/06/03 05:41:36 INFO BlockManagerInfo: Added broadcast_1_piece0 in memory on 172.18.0.7:46317 (size: 13.7 KiB, free: 1048.8 MiB)
[2025-06-03T05:41:36.833+0000] {spark_submit.py:644} INFO - 25/06/03 05:41:36 INFO BlockManagerInfo: Added broadcast_0_piece0 in memory on 172.18.0.7:46317 (size: 36.1 KiB, free: 1048.8 MiB)
[2025-06-03T05:41:37.491+0000] {spark_submit.py:644} INFO - 25/06/03 05:41:37 INFO TaskSetManager: Finished task 0.0 in stage 0.0 (TID 0) in 1410 ms on 172.18.0.7 (executor 0) (1/1)
[2025-06-03T05:41:37.492+0000] {spark_submit.py:644} INFO - 25/06/03 05:41:37 INFO TaskSchedulerImpl: Removed TaskSet 0.0, whose tasks have all completed, from pool
[2025-06-03T05:41:37.495+0000] {spark_submit.py:644} INFO - 25/06/03 05:41:37 INFO DAGScheduler: ResultStage 0 (toString at String.java:4220) finished in 1.448 s
[2025-06-03T05:41:37.496+0000] {spark_submit.py:644} INFO - 25/06/03 05:41:37 INFO DAGScheduler: Job 0 is finished. Cancelling potential speculative or zombie tasks for this job
[2025-06-03T05:41:37.496+0000] {spark_submit.py:644} INFO - 25/06/03 05:41:37 INFO TaskSchedulerImpl: Killing all running tasks in stage 0: Stage finished
[2025-06-03T05:41:37.497+0000] {spark_submit.py:644} INFO - 25/06/03 05:41:37 INFO DAGScheduler: Job 0 finished: toString at String.java:4220, took 1.467156 s
[2025-06-03T05:41:37.547+0000] {spark_submit.py:644} INFO - 25/06/03 05:41:37 INFO CodeGenerator: Code generated in 34.495916 ms
[2025-06-03T05:41:37.552+0000] {spark_submit.py:644} INFO - 25/06/03 05:41:37 INFO Snapshot: [tableId=2dd4a96e-f9ec-498c-bc94-f25dfda71689] Created snapshot Snapshot(path=s3a://mybucket/bronze/curry_raw_data/_delta_log, version=0, metadata=Metadata(385ec7cd-a5fb-415b-a7a4-a0facbe278bf,null,null,Format(parquet,Map()),{"type":"struct","fields":[{"name":"Season_year","type":"string","nullable":true,"metadata":{}},{"name":"Season_div","type":"string","nullable":true,"metadata":{}},{"name":"Date","type":"string","nullable":true,"metadata":{}},{"name":"OPP","type":"string","nullable":true,"metadata":{}},{"name":"Result","type":"string","nullable":true,"metadata":{}},{"name":"T_Score","type":"long","nullable":true,"metadata":{}},{"name":"O_Score","type":"long","nullable":true,"metadata":{}},{"name":"MIN","type":"double","nullable":true,"metadata":{}},{"name":"FG","type":"string","nullable":true,"metadata":{}},{"name":"FGM","type":"long","nullable":true,"metadata":{}},{"name":"FGA","type":"long","nullable":true,"metadata":{}},{"name":"FG_Percentage","type":"double","nullable":true,"metadata":{}},{"name":"3PT","type":"string","nullable":true,"metadata":{}},{"name":"3PTM","type":"long","nullable":true,"metadata":{}},{"name":"3PTA","type":"long","nullable":true,"metadata":{}},{"name":"3P_Percentage","type":"double","nullable":true,"metadata":{}},{"name":"FT","type":"string","nullable":true,"metadata":{}},{"name":"FTM","type":"long","nullable":true,"metadata":{}},{"name":"FTA","type":"long","nullable":true,"metadata":{}},{"name":"FT_Percentage","type":"double","nullable":true,"metadata":{}},{"name":"REB","type":"long","nullable":true,"metadata":{}},{"name":"AST","type":"long","nullable":true,"metadata":{}},{"name":"BLK","type":"long","nullable":true,"metadata":{}},{"name":"STL","type":"long","nullable":true,"metadata":{}},{"name":"PF","type":"long","nullable":true,"metadata":{}},{"name":"TO","type":"long","nullable":true,"metadata":{}},{"name":"PTS","type":"long","nullable":true,"metadata":{}}]},List(),Map(),Some(1748926925246)), logSegment=LogSegment(s3a://mybucket/bronze/curry_raw_data/_delta_log,0,WrappedArray(S3AFileStatus{path=s3a://mybucket/bronze/curry_raw_data/_delta_log/00000000000000000000.json; isDirectory=false; length=3905; replication=1; blocksize=33554432; modification_time=1748926930211; access_time=0; owner=***; group=***; permission=rw-rw-rw-; isSymlink=false; hasAcl=false; isEncrypted=true; isErasureCoded=false} isEmptyDirectory=FALSE eTag=855c04129d9b6e2d43262d1608b5cbe5 versionId=null),org.apache.spark.sql.delta.EmptyCheckpointProvider$@1ca8cc5f,1748926930211), checksumOpt=None)
[2025-06-03T05:41:37.814+0000] {spark_submit.py:644} INFO - 25/06/03 05:41:37 WARN SparkStringUtils: Truncated the string representation of a plan since it was too large. This behavior can be adjusted by setting 'spark.sql.debug.maxToStringFields'.
[2025-06-03T05:41:37.843+0000] {spark_submit.py:644} INFO - 25/06/03 05:41:37 INFO FileSourceStrategy: Pushed Filters:
[2025-06-03T05:41:37.844+0000] {spark_submit.py:644} INFO - 25/06/03 05:41:37 INFO FileSourceStrategy: Post-Scan Filters:
[2025-06-03T05:41:37.968+0000] {spark_submit.py:644} INFO - 25/06/03 05:41:37 INFO ParquetUtils: Using default output committer for Parquet: org.apache.parquet.hadoop.ParquetOutputCommitter
[2025-06-03T05:41:37.984+0000] {spark_submit.py:644} INFO - 25/06/03 05:41:37 INFO FileOutputCommitter: File Output Committer Algorithm version is 1
[2025-06-03T05:41:37.984+0000] {spark_submit.py:644} INFO - 25/06/03 05:41:37 INFO FileOutputCommitter: FileOutputCommitter skip cleanup _temporary folders under output directory:false, ignore cleanup failures: false
[2025-06-03T05:41:37.985+0000] {spark_submit.py:644} INFO - 25/06/03 05:41:37 INFO SQLHadoopMapReduceCommitProtocol: Using user defined output committer class org.apache.parquet.hadoop.ParquetOutputCommitter
[2025-06-03T05:41:37.985+0000] {spark_submit.py:644} INFO - 25/06/03 05:41:37 INFO FileOutputCommitter: File Output Committer Algorithm version is 1
[2025-06-03T05:41:37.985+0000] {spark_submit.py:644} INFO - 25/06/03 05:41:37 INFO FileOutputCommitter: FileOutputCommitter skip cleanup _temporary folders under output directory:false, ignore cleanup failures: false
[2025-06-03T05:41:37.985+0000] {spark_submit.py:644} INFO - 25/06/03 05:41:37 INFO SQLHadoopMapReduceCommitProtocol: Using output committer class org.apache.parquet.hadoop.ParquetOutputCommitter
[2025-06-03T05:41:38.036+0000] {spark_submit.py:644} INFO - 25/06/03 05:41:38 INFO CodeGenerator: Code generated in 22.458625 ms
[2025-06-03T05:41:38.040+0000] {spark_submit.py:644} INFO - 25/06/03 05:41:38 INFO BlockManagerInfo: Removed broadcast_0_piece0 on c6e050ed47eb:42409 in memory (size: 36.1 KiB, free: 434.4 MiB)
[2025-06-03T05:41:38.045+0000] {spark_submit.py:644} INFO - 25/06/03 05:41:38 INFO MemoryStore: Block broadcast_2 stored as values in memory (estimated size 209.8 KiB, free 434.1 MiB)
[2025-06-03T05:41:38.049+0000] {spark_submit.py:644} INFO - 25/06/03 05:41:38 INFO BlockManagerInfo: Removed broadcast_0_piece0 on 172.18.0.7:46317 in memory (size: 36.1 KiB, free: 1048.8 MiB)
[2025-06-03T05:41:38.051+0000] {spark_submit.py:644} INFO - 25/06/03 05:41:38 INFO MemoryStore: Block broadcast_2_piece0 stored as bytes in memory (estimated size 37.2 KiB, free 434.1 MiB)
[2025-06-03T05:41:38.053+0000] {spark_submit.py:644} INFO - 25/06/03 05:41:38 INFO BlockManagerInfo: Added broadcast_2_piece0 in memory on c6e050ed47eb:42409 (size: 37.2 KiB, free: 434.4 MiB)
[2025-06-03T05:41:38.053+0000] {spark_submit.py:644} INFO - 25/06/03 05:41:38 INFO SparkContext: Created broadcast 2 from saveAsTable at NativeMethodAccessorImpl.java:0
[2025-06-03T05:41:38.055+0000] {spark_submit.py:644} INFO - 25/06/03 05:41:38 INFO BlockManagerInfo: Removed broadcast_1_piece0 on c6e050ed47eb:42409 in memory (size: 13.7 KiB, free: 434.4 MiB)
[2025-06-03T05:41:38.057+0000] {spark_submit.py:644} INFO - 25/06/03 05:41:38 INFO FileSourceScanExec: Planning scan with bin packing, max size: 4194304 bytes, open cost is considered as scanning 4194304 bytes.
[2025-06-03T05:41:38.059+0000] {spark_submit.py:644} INFO - 25/06/03 05:41:38 INFO BlockManagerInfo: Removed broadcast_1_piece0 on 172.18.0.7:46317 in memory (size: 13.7 KiB, free: 1048.8 MiB)
[2025-06-03T05:41:38.065+0000] {spark_submit.py:644} INFO - 25/06/03 05:41:38 INFO SparkContext: Starting job: saveAsTable at NativeMethodAccessorImpl.java:0
[2025-06-03T05:41:38.068+0000] {spark_submit.py:644} INFO - 25/06/03 05:41:38 INFO DAGScheduler: Got job 1 (saveAsTable at NativeMethodAccessorImpl.java:0) with 1 output partitions
[2025-06-03T05:41:38.068+0000] {spark_submit.py:644} INFO - 25/06/03 05:41:38 INFO DAGScheduler: Final stage: ResultStage 1 (saveAsTable at NativeMethodAccessorImpl.java:0)
[2025-06-03T05:41:38.068+0000] {spark_submit.py:644} INFO - 25/06/03 05:41:38 INFO DAGScheduler: Parents of final stage: List()
[2025-06-03T05:41:38.068+0000] {spark_submit.py:644} INFO - 25/06/03 05:41:38 INFO DAGScheduler: Missing parents: List()
[2025-06-03T05:41:38.069+0000] {spark_submit.py:644} INFO - 25/06/03 05:41:38 INFO DAGScheduler: Submitting ResultStage 1 (MapPartitionsRDD[7] at saveAsTable at NativeMethodAccessorImpl.java:0), which has no missing parents
[2025-06-03T05:41:38.098+0000] {spark_submit.py:644} INFO - 25/06/03 05:41:38 INFO MemoryStore: Block broadcast_3 stored as values in memory (estimated size 241.7 KiB, free 433.9 MiB)
[2025-06-03T05:41:38.098+0000] {spark_submit.py:644} INFO - 25/06/03 05:41:38 INFO MemoryStore: Block broadcast_3_piece0 stored as bytes in memory (estimated size 83.1 KiB, free 433.8 MiB)
[2025-06-03T05:41:38.099+0000] {spark_submit.py:644} INFO - 25/06/03 05:41:38 INFO BlockManagerInfo: Added broadcast_3_piece0 in memory on c6e050ed47eb:42409 (size: 83.1 KiB, free: 434.3 MiB)
[2025-06-03T05:41:38.100+0000] {spark_submit.py:644} INFO - 25/06/03 05:41:38 INFO SparkContext: Created broadcast 3 from broadcast at DAGScheduler.scala:1585
[2025-06-03T05:41:38.100+0000] {spark_submit.py:644} INFO - 25/06/03 05:41:38 INFO DAGScheduler: Submitting 1 missing tasks from ResultStage 1 (MapPartitionsRDD[7] at saveAsTable at NativeMethodAccessorImpl.java:0) (first 15 tasks are for partitions Vector(0))
[2025-06-03T05:41:38.100+0000] {spark_submit.py:644} INFO - 25/06/03 05:41:38 INFO TaskSchedulerImpl: Adding task set 1.0 with 1 tasks resource profile 0
[2025-06-03T05:41:38.101+0000] {spark_submit.py:644} INFO - 25/06/03 05:41:38 INFO TaskSetManager: Starting task 0.0 in stage 1.0 (TID 1) (172.18.0.7, executor 0, partition 0, PROCESS_LOCAL, 10805 bytes)
[2025-06-03T05:41:38.117+0000] {spark_submit.py:644} INFO - 25/06/03 05:41:38 INFO BlockManagerInfo: Added broadcast_3_piece0 in memory on 172.18.0.7:46317 (size: 83.1 KiB, free: 1048.7 MiB)
[2025-06-03T05:41:38.493+0000] {spark_submit.py:644} INFO - 25/06/03 05:41:38 INFO BlockManagerInfo: Added broadcast_2_piece0 in memory on 172.18.0.7:46317 (size: 37.2 KiB, free: 1048.7 MiB)
[2025-06-03T05:41:38.944+0000] {spark_submit.py:644} INFO - 25/06/03 05:41:38 INFO TaskSetManager: Finished task 0.0 in stage 1.0 (TID 1) in 845 ms on 172.18.0.7 (executor 0) (1/1)
[2025-06-03T05:41:38.945+0000] {spark_submit.py:644} INFO - 25/06/03 05:41:38 INFO TaskSchedulerImpl: Removed TaskSet 1.0, whose tasks have all completed, from pool
[2025-06-03T05:41:38.945+0000] {spark_submit.py:644} INFO - 25/06/03 05:41:38 INFO DAGScheduler: ResultStage 1 (saveAsTable at NativeMethodAccessorImpl.java:0) finished in 0.877 s
[2025-06-03T05:41:38.946+0000] {spark_submit.py:644} INFO - 25/06/03 05:41:38 INFO DAGScheduler: Job 1 is finished. Cancelling potential speculative or zombie tasks for this job
[2025-06-03T05:41:38.946+0000] {spark_submit.py:644} INFO - 25/06/03 05:41:38 INFO TaskSchedulerImpl: Killing all running tasks in stage 1: Stage finished
[2025-06-03T05:41:38.946+0000] {spark_submit.py:644} INFO - 25/06/03 05:41:38 INFO DAGScheduler: Job 1 finished: saveAsTable at NativeMethodAccessorImpl.java:0, took 0.881239 s
[2025-06-03T05:41:38.947+0000] {spark_submit.py:644} INFO - 25/06/03 05:41:38 INFO FileFormatWriter: Start to commit write Job effe5fdf-82a7-4aaa-ba65-e9f0888da677.
[2025-06-03T05:41:39.085+0000] {spark_submit.py:644} INFO - 25/06/03 05:41:39 INFO FileFormatWriter: Write Job effe5fdf-82a7-4aaa-ba65-e9f0888da677 committed. Elapsed time: 137 ms.
[2025-06-03T05:41:39.087+0000] {spark_submit.py:644} INFO - 25/06/03 05:41:39 INFO FileFormatWriter: Finished processing stats for write job effe5fdf-82a7-4aaa-ba65-e9f0888da677.
[2025-06-03T05:41:39.112+0000] {spark_submit.py:644} INFO - 25/06/03 05:41:39 INFO InMemoryFileIndex: It took 5 ms to list leaf files for 1 paths.
[2025-06-03T05:41:39.135+0000] {spark_submit.py:644} INFO - 25/06/03 05:41:39 INFO HiveExternalCatalog: Persisting file based data source table `spark_catalog`.`sc_stats_db`.`bronze_sc_stats` into Hive metastore in Hive compatible format.
[2025-06-03T05:41:39.152+0000] {spark_submit.py:644} INFO - 25/06/03 05:41:39 INFO SQLStdHiveAccessController: Created SQLStdHiveAccessController for session context : HiveAuthzSessionContext [sessionString=9237e26e-70da-4d1d-bfdc-be669add4381, clientType=HIVECLI]
[2025-06-03T05:41:39.153+0000] {spark_submit.py:644} INFO - 25/06/03 05:41:39 WARN SessionState: METASTORE_FILTER_HOOK will be ignored, since hive.security.authorization.manager is set to instance of HiveAuthorizerFactory.
[2025-06-03T05:41:39.154+0000] {spark_submit.py:644} INFO - 25/06/03 05:41:39 INFO metastore: Mestastore configuration hive.metastore.filter.hook changed from org.apache.hadoop.hive.metastore.DefaultMetaStoreFilterHookImpl to org.apache.hadoop.hive.ql.security.authorization.plugin.AuthorizationMetaStoreFilterHook
[2025-06-03T05:41:39.156+0000] {spark_submit.py:644} INFO - 25/06/03 05:41:39 INFO metastore: Closed a connection to metastore, current connections: 0
[2025-06-03T05:41:39.157+0000] {spark_submit.py:644} INFO - 25/06/03 05:41:39 INFO metastore: Trying to connect to metastore with URI thrift://hive-metastore:9083
[2025-06-03T05:41:39.157+0000] {spark_submit.py:644} INFO - 25/06/03 05:41:39 INFO metastore: Opened a connection to metastore, current connections: 1
[2025-06-03T05:41:39.158+0000] {spark_submit.py:644} INFO - 25/06/03 05:41:39 INFO metastore: Connected to metastore.
[2025-06-03T05:41:39.196+0000] {spark_submit.py:644} INFO - 25/06/03 05:41:39 INFO metastore: Trying to connect to metastore with URI thrift://hive-metastore:9083
[2025-06-03T05:41:39.197+0000] {spark_submit.py:644} INFO - 25/06/03 05:41:39 INFO metastore: Opened a connection to metastore, current connections: 2
[2025-06-03T05:41:39.197+0000] {spark_submit.py:644} INFO - 25/06/03 05:41:39 INFO metastore: Connected to metastore.
[2025-06-03T05:41:39.327+0000] {spark_submit.py:644} INFO - Successfully wrote data to: s3a://mybucket/bronze/curry_raw_data/ and registered table sc_stats_db.bronze_sc_stats
[2025-06-03T05:41:39.328+0000] {spark_submit.py:644} INFO - Bronze ingestion job completed successfully.
[2025-06-03T05:41:39.328+0000] {spark_submit.py:644} INFO - 25/06/03 05:41:39 INFO SparkContext: SparkContext is stopping with exitCode 0.
[2025-06-03T05:41:39.335+0000] {spark_submit.py:644} INFO - 25/06/03 05:41:39 INFO SparkUI: Stopped Spark web UI at http://c6e050ed47eb:4040
[2025-06-03T05:41:39.337+0000] {spark_submit.py:644} INFO - 25/06/03 05:41:39 INFO StandaloneSchedulerBackend: Shutting down all executors
[2025-06-03T05:41:39.337+0000] {spark_submit.py:644} INFO - 25/06/03 05:41:39 INFO StandaloneSchedulerBackend$StandaloneDriverEndpoint: Asking each executor to shut down
[2025-06-03T05:41:39.353+0000] {spark_submit.py:644} INFO - 25/06/03 05:41:39 INFO MapOutputTrackerMasterEndpoint: MapOutputTrackerMasterEndpoint stopped!
[2025-06-03T05:41:39.363+0000] {spark_submit.py:644} INFO - 25/06/03 05:41:39 INFO MemoryStore: MemoryStore cleared
[2025-06-03T05:41:39.363+0000] {spark_submit.py:644} INFO - 25/06/03 05:41:39 INFO BlockManager: BlockManager stopped
[2025-06-03T05:41:39.365+0000] {spark_submit.py:644} INFO - 25/06/03 05:41:39 INFO BlockManagerMaster: BlockManagerMaster stopped
[2025-06-03T05:41:39.367+0000] {spark_submit.py:644} INFO - 25/06/03 05:41:39 INFO OutputCommitCoordinator$OutputCommitCoordinatorEndpoint: OutputCommitCoordinator stopped!
[2025-06-03T05:41:39.378+0000] {spark_submit.py:644} INFO - 25/06/03 05:41:39 INFO SparkContext: Successfully stopped SparkContext
[2025-06-03T05:41:39.567+0000] {spark_submit.py:644} INFO - 25/06/03 05:41:39 INFO ShutdownHookManager: Shutdown hook called
[2025-06-03T05:41:39.567+0000] {spark_submit.py:644} INFO - 25/06/03 05:41:39 INFO ShutdownHookManager: Deleting directory /tmp/spark-d78a98f0-0ba4-433c-91f7-c76abaa41b07
[2025-06-03T05:41:39.569+0000] {spark_submit.py:644} INFO - 25/06/03 05:41:39 INFO ShutdownHookManager: Deleting directory /tmp/spark-54fa481d-37be-4b1f-b0e5-2b0161e7ab39/pyspark-5c7cb611-afe3-436b-93dd-a77b306a8d07
[2025-06-03T05:41:39.571+0000] {spark_submit.py:644} INFO - 25/06/03 05:41:39 INFO ShutdownHookManager: Deleting directory /tmp/spark-54fa481d-37be-4b1f-b0e5-2b0161e7ab39
[2025-06-03T05:41:39.574+0000] {spark_submit.py:644} INFO - 25/06/03 05:41:39 INFO MetricsSystemImpl: Stopping s3a-file-system metrics system...
[2025-06-03T05:41:39.575+0000] {spark_submit.py:644} INFO - 25/06/03 05:41:39 INFO MetricsSystemImpl: s3a-file-system metrics system stopped.
[2025-06-03T05:41:39.575+0000] {spark_submit.py:644} INFO - 25/06/03 05:41:39 INFO MetricsSystemImpl: s3a-file-system metrics system shutdown complete.
[2025-06-03T05:41:39.610+0000] {taskinstance.py:340} INFO - ::group::Post task execution logs
[2025-06-03T05:41:39.611+0000] {taskinstance.py:352} INFO - Marking task as SUCCESS. dag_id=curry_medallion_etl, task_id=submit_bronze_etl_job, run_id=manual__2025-06-03T05:41:25.773369+00:00, execution_date=20250603T054125, start_date=20250603T054127, end_date=20250603T054139
[2025-06-03T05:41:39.653+0000] {local_task_job_runner.py:266} INFO - Task exited with return code 0
[2025-06-03T05:41:39.674+0000] {taskinstance.py:3895} INFO - 1 downstream tasks scheduled from follow-on schedule check
[2025-06-03T05:41:39.675+0000] {local_task_job_runner.py:245} INFO - ::endgroup::
