[2025-06-03T05:39:45.302+0000] {local_task_job_runner.py:123} INFO - ::group::Pre task execution logs
[2025-06-03T05:39:45.313+0000] {taskinstance.py:2613} INFO - Dependencies all met for dep_context=non-requeueable deps ti=<TaskInstance: curry_medallion_etl.submit_bronze_etl_job manual__2025-06-03T05:39:43.825482+00:00 [queued]>
[2025-06-03T05:39:45.317+0000] {taskinstance.py:2613} INFO - Dependencies all met for dep_context=requeueable deps ti=<TaskInstance: curry_medallion_etl.submit_bronze_etl_job manual__2025-06-03T05:39:43.825482+00:00 [queued]>
[2025-06-03T05:39:45.318+0000] {taskinstance.py:2866} INFO - Starting attempt 1 of 1
[2025-06-03T05:39:45.325+0000] {taskinstance.py:2889} INFO - Executing <Task(SparkSubmitOperator): submit_bronze_etl_job> on 2025-06-03 05:39:43.825482+00:00
[2025-06-03T05:39:45.327+0000] {standard_task_runner.py:72} INFO - Started process 2873 to run task
[2025-06-03T05:39:45.329+0000] {standard_task_runner.py:104} INFO - Running: ['***', 'tasks', 'run', 'curry_medallion_etl', 'submit_bronze_etl_job', 'manual__2025-06-03T05:39:43.825482+00:00', '--job-id', '31', '--raw', '--subdir', 'DAGS_FOLDER/medallion_sales_etl_dag.py', '--cfg-path', '/tmp/tmp334k2fv6']
[2025-06-03T05:39:45.331+0000] {standard_task_runner.py:105} INFO - Job 31: Subtask submit_bronze_etl_job
[2025-06-03T05:39:45.361+0000] {task_command.py:467} INFO - Running <TaskInstance: curry_medallion_etl.submit_bronze_etl_job manual__2025-06-03T05:39:43.825482+00:00 [running]> on host c6e050ed47eb
[2025-06-03T05:39:45.413+0000] {taskinstance.py:3132} INFO - Exporting env vars: AIRFLOW_CTX_DAG_OWNER='qdinh18' AIRFLOW_CTX_DAG_ID='curry_medallion_etl' AIRFLOW_CTX_TASK_ID='submit_bronze_etl_job' AIRFLOW_CTX_EXECUTION_DATE='2025-06-03T05:39:43.825482+00:00' AIRFLOW_CTX_TRY_NUMBER='1' AIRFLOW_CTX_DAG_RUN_ID='manual__2025-06-03T05:39:43.825482+00:00'
[2025-06-03T05:39:45.414+0000] {taskinstance.py:731} INFO - ::endgroup::
[2025-06-03T05:39:45.431+0000] {base.py:84} INFO - Retrieving connection 'spark_default'
[2025-06-03T05:39:45.432+0000] {spark_submit.py:474} INFO - Spark-Submit cmd: spark-submit --master spark://spark-master:7077 --conf spark.executor.memory=2g --conf spark.sql.extensions=io.delta.sql.DeltaSparkSessionExtension --conf spark.sql.catalog.spark_catalog=org.apache.spark.sql.delta.catalog.DeltaCatalog --conf spark.hadoop.fs.s3a.endpoint=http://minio:9000 --conf spark.hadoop.fs.s3a.access.key=minioadmin --conf spark.hadoop.fs.s3a.secret.key=****** --conf spark.hadoop.fs.s3a.path.style.access=true --conf spark.hadoop.fs.s3a.impl=org.apache.hadoop.fs.s3a.S3AFileSystem --packages org.apache.hadoop:hadoop-aws:3.3.4,com.amazonaws:aws-java-sdk-bundle:1.12.262,io.delta:delta-spark_2.12:3.1.0 --name bronze_sc_stats_etl --verbose --queue root.default --deploy-mode client /opt/***/dags/bronze_ingestion_sc_stats_etl.py --output_path s3a://mybucket/bronze/curry_raw_data/
[2025-06-03T05:39:46.059+0000] {spark_submit.py:644} INFO - Using properties file: null
[2025-06-03T05:39:46.115+0000] {spark_submit.py:644} INFO - Parsed arguments:
[2025-06-03T05:39:46.115+0000] {spark_submit.py:644} INFO - master                  spark://spark-master:7077
[2025-06-03T05:39:46.116+0000] {spark_submit.py:644} INFO - remote                  null
[2025-06-03T05:39:46.116+0000] {spark_submit.py:644} INFO - deployMode              client
[2025-06-03T05:39:46.116+0000] {spark_submit.py:644} INFO - executorMemory          2g
[2025-06-03T05:39:46.117+0000] {spark_submit.py:644} INFO - executorCores           null
[2025-06-03T05:39:46.117+0000] {spark_submit.py:644} INFO - totalExecutorCores      null
[2025-06-03T05:39:46.117+0000] {spark_submit.py:644} INFO - propertiesFile          null
[2025-06-03T05:39:46.117+0000] {spark_submit.py:644} INFO - driverMemory            null
[2025-06-03T05:39:46.117+0000] {spark_submit.py:644} INFO - driverCores             null
[2025-06-03T05:39:46.118+0000] {spark_submit.py:644} INFO - driverExtraClassPath    null
[2025-06-03T05:39:46.118+0000] {spark_submit.py:644} INFO - driverExtraLibraryPath  null
[2025-06-03T05:39:46.118+0000] {spark_submit.py:644} INFO - driverExtraJavaOptions  null
[2025-06-03T05:39:46.118+0000] {spark_submit.py:644} INFO - supervise               false
[2025-06-03T05:39:46.119+0000] {spark_submit.py:644} INFO - queue                   root.default
[2025-06-03T05:39:46.119+0000] {spark_submit.py:644} INFO - numExecutors            null
[2025-06-03T05:39:46.119+0000] {spark_submit.py:644} INFO - files                   null
[2025-06-03T05:39:46.119+0000] {spark_submit.py:644} INFO - pyFiles                 null
[2025-06-03T05:39:46.120+0000] {spark_submit.py:644} INFO - archives                null
[2025-06-03T05:39:46.120+0000] {spark_submit.py:644} INFO - mainClass               null
[2025-06-03T05:39:46.120+0000] {spark_submit.py:644} INFO - primaryResource         file:/opt/***/dags/bronze_ingestion_sc_stats_etl.py
[2025-06-03T05:39:46.120+0000] {spark_submit.py:644} INFO - name                    bronze_sc_stats_etl
[2025-06-03T05:39:46.120+0000] {spark_submit.py:644} INFO - childArgs               [--output_path s3a://mybucket/bronze/curry_raw_data/]
[2025-06-03T05:39:46.121+0000] {spark_submit.py:644} INFO - jars                    null
[2025-06-03T05:39:46.121+0000] {spark_submit.py:644} INFO - packages                org.apache.hadoop:hadoop-aws:3.3.4,com.amazonaws:aws-java-sdk-bundle:1.12.262,io.delta:delta-spark_2.12:3.1.0
[2025-06-03T05:39:46.121+0000] {spark_submit.py:644} INFO - packagesExclusions      null
[2025-06-03T05:39:46.121+0000] {spark_submit.py:644} INFO - repositories            null
[2025-06-03T05:39:46.121+0000] {spark_submit.py:644} INFO - verbose                 true
[2025-06-03T05:39:46.122+0000] {spark_submit.py:644} INFO - 
[2025-06-03T05:39:46.122+0000] {spark_submit.py:644} INFO - Spark properties used, including those specified through
[2025-06-03T05:39:46.122+0000] {spark_submit.py:644} INFO - --conf and those from the properties file null:
[2025-06-03T05:39:46.122+0000] {spark_submit.py:644} INFO - (spark.executor.memory,2g)
[2025-06-03T05:39:46.122+0000] {spark_submit.py:644} INFO - (spark.hadoop.fs.s3a.access.key,*********(redacted))
[2025-06-03T05:39:46.123+0000] {spark_submit.py:644} INFO - (spark.hadoop.fs.s3a.endpoint,http://minio:9000)
[2025-06-03T05:39:46.123+0000] {spark_submit.py:644} INFO - (spark.hadoop.fs.s3a.impl,org.apache.hadoop.fs.s3a.S3AFileSystem)
[2025-06-03T05:39:46.123+0000] {spark_submit.py:644} INFO - (spark.hadoop.fs.s3a.path.style.access,true)
[2025-06-03T05:39:46.123+0000] {spark_submit.py:644} INFO - (spark.hadoop.fs.s3a.secret.key,*********(redacted))
[2025-06-03T05:39:46.123+0000] {spark_submit.py:644} INFO - (spark.sql.catalog.spark_catalog,org.apache.spark.sql.delta.catalog.DeltaCatalog)
[2025-06-03T05:39:46.123+0000] {spark_submit.py:644} INFO - (spark.sql.extensions,io.delta.sql.DeltaSparkSessionExtension)
[2025-06-03T05:39:46.124+0000] {spark_submit.py:644} INFO - 
[2025-06-03T05:39:46.124+0000] {spark_submit.py:644} INFO - 
[2025-06-03T05:39:46.185+0000] {spark_submit.py:644} INFO - :: loading settings :: url = jar:file:/home/***/.local/lib/python3.11/site-packages/pyspark/jars/ivy-2.5.1.jar!/org/apache/ivy/core/settings/ivysettings.xml
[2025-06-03T05:39:46.221+0000] {spark_submit.py:644} INFO - Ivy Default Cache set to: /home/***/.ivy2/cache
[2025-06-03T05:39:46.223+0000] {spark_submit.py:644} INFO - The jars for the packages stored in: /home/***/.ivy2/jars
[2025-06-03T05:39:46.224+0000] {spark_submit.py:644} INFO - org.apache.hadoop#hadoop-aws added as a dependency
[2025-06-03T05:39:46.225+0000] {spark_submit.py:644} INFO - com.amazonaws#aws-java-sdk-bundle added as a dependency
[2025-06-03T05:39:46.225+0000] {spark_submit.py:644} INFO - io.delta#delta-spark_2.12 added as a dependency
[2025-06-03T05:39:46.225+0000] {spark_submit.py:644} INFO - :: resolving dependencies :: org.apache.spark#spark-submit-parent-5fbb3d61-814d-44a0-831a-696685d3f4d6;1.0
[2025-06-03T05:39:46.225+0000] {spark_submit.py:644} INFO - confs: [default]
[2025-06-03T05:39:46.303+0000] {spark_submit.py:644} INFO - found org.apache.hadoop#hadoop-aws;3.3.4 in central
[2025-06-03T05:39:46.316+0000] {spark_submit.py:644} INFO - found com.amazonaws#aws-java-sdk-bundle;1.12.262 in central
[2025-06-03T05:39:46.328+0000] {spark_submit.py:644} INFO - found org.wildfly.openssl#wildfly-openssl;1.0.7.Final in central
[2025-06-03T05:39:46.337+0000] {spark_submit.py:644} INFO - found io.delta#delta-spark_2.12;3.1.0 in central
[2025-06-03T05:39:46.345+0000] {spark_submit.py:644} INFO - found io.delta#delta-storage;3.1.0 in central
[2025-06-03T05:39:46.352+0000] {spark_submit.py:644} INFO - found org.antlr#antlr4-runtime;4.9.3 in central
[2025-06-03T05:39:46.363+0000] {spark_submit.py:644} INFO - :: resolution report :: resolve 133ms :: artifacts dl 5ms
[2025-06-03T05:39:46.364+0000] {spark_submit.py:644} INFO - :: modules in use:
[2025-06-03T05:39:46.364+0000] {spark_submit.py:644} INFO - com.amazonaws#aws-java-sdk-bundle;1.12.262 from central in [default]
[2025-06-03T05:39:46.364+0000] {spark_submit.py:644} INFO - io.delta#delta-spark_2.12;3.1.0 from central in [default]
[2025-06-03T05:39:46.365+0000] {spark_submit.py:644} INFO - io.delta#delta-storage;3.1.0 from central in [default]
[2025-06-03T05:39:46.365+0000] {spark_submit.py:644} INFO - org.antlr#antlr4-runtime;4.9.3 from central in [default]
[2025-06-03T05:39:46.365+0000] {spark_submit.py:644} INFO - org.apache.hadoop#hadoop-aws;3.3.4 from central in [default]
[2025-06-03T05:39:46.365+0000] {spark_submit.py:644} INFO - org.wildfly.openssl#wildfly-openssl;1.0.7.Final from central in [default]
[2025-06-03T05:39:46.366+0000] {spark_submit.py:644} INFO - ---------------------------------------------------------------------
[2025-06-03T05:39:46.366+0000] {spark_submit.py:644} INFO - |                  |            modules            ||   artifacts   |
[2025-06-03T05:39:46.366+0000] {spark_submit.py:644} INFO - |       conf       | number| search|dwnlded|evicted|| number|dwnlded|
[2025-06-03T05:39:46.366+0000] {spark_submit.py:644} INFO - ---------------------------------------------------------------------
[2025-06-03T05:39:46.366+0000] {spark_submit.py:644} INFO - |      default     |   6   |   0   |   0   |   0   ||   6   |   0   |
[2025-06-03T05:39:46.366+0000] {spark_submit.py:644} INFO - ---------------------------------------------------------------------
[2025-06-03T05:39:46.367+0000] {spark_submit.py:644} INFO - :: retrieving :: org.apache.spark#spark-submit-parent-5fbb3d61-814d-44a0-831a-696685d3f4d6
[2025-06-03T05:39:46.367+0000] {spark_submit.py:644} INFO - confs: [default]
[2025-06-03T05:39:46.370+0000] {spark_submit.py:644} INFO - 0 artifacts copied, 6 already retrieved (0kB/4ms)
[2025-06-03T05:39:46.462+0000] {spark_submit.py:644} INFO - 25/06/03 05:39:46 WARN NativeCodeLoader: Unable to load native-hadoop library for your platform... using builtin-java classes where applicable
[2025-06-03T05:39:46.558+0000] {spark_submit.py:644} INFO - Main class:
[2025-06-03T05:39:46.559+0000] {spark_submit.py:644} INFO - org.apache.spark.deploy.PythonRunner
[2025-06-03T05:39:46.559+0000] {spark_submit.py:644} INFO - Arguments:
[2025-06-03T05:39:46.560+0000] {spark_submit.py:644} INFO - file:/opt/***/dags/bronze_ingestion_sc_stats_etl.py
[2025-06-03T05:39:46.560+0000] {spark_submit.py:644} INFO - file:///home/***/.ivy2/jars/org.apache.hadoop_hadoop-aws-3.3.4.jar,file:///home/***/.ivy2/jars/com.amazonaws_aws-java-sdk-bundle-1.12.262.jar,file:///home/***/.ivy2/jars/io.delta_delta-spark_2.12-3.1.0.jar,file:///home/***/.ivy2/jars/org.wildfly.openssl_wildfly-openssl-1.0.7.Final.jar,file:///home/***/.ivy2/jars/io.delta_delta-storage-3.1.0.jar,file:///home/***/.ivy2/jars/org.antlr_antlr4-runtime-4.9.3.jar
[2025-06-03T05:39:46.560+0000] {spark_submit.py:644} INFO - --output_path
[2025-06-03T05:39:46.560+0000] {spark_submit.py:644} INFO - s3a://mybucket/bronze/curry_raw_data/
[2025-06-03T05:39:46.561+0000] {spark_submit.py:644} INFO - Spark config:
[2025-06-03T05:39:46.561+0000] {spark_submit.py:644} INFO - (spark.app.name,bronze_sc_stats_etl)
[2025-06-03T05:39:46.561+0000] {spark_submit.py:644} INFO - (spark.app.submitTime,1748929186551)
[2025-06-03T05:39:46.561+0000] {spark_submit.py:644} INFO - (spark.executor.memory,2g)
[2025-06-03T05:39:46.561+0000] {spark_submit.py:644} INFO - (spark.files,file:///home/***/.ivy2/jars/org.apache.hadoop_hadoop-aws-3.3.4.jar,file:///home/***/.ivy2/jars/com.amazonaws_aws-java-sdk-bundle-1.12.262.jar,file:///home/***/.ivy2/jars/io.delta_delta-spark_2.12-3.1.0.jar,file:///home/***/.ivy2/jars/org.wildfly.openssl_wildfly-openssl-1.0.7.Final.jar,file:///home/***/.ivy2/jars/io.delta_delta-storage-3.1.0.jar,file:///home/***/.ivy2/jars/org.antlr_antlr4-runtime-4.9.3.jar)
[2025-06-03T05:39:46.562+0000] {spark_submit.py:644} INFO - (spark.hadoop.fs.s3a.access.key,*********(redacted))
[2025-06-03T05:39:46.562+0000] {spark_submit.py:644} INFO - (spark.hadoop.fs.s3a.endpoint,http://minio:9000)
[2025-06-03T05:39:46.562+0000] {spark_submit.py:644} INFO - (spark.hadoop.fs.s3a.impl,org.apache.hadoop.fs.s3a.S3AFileSystem)
[2025-06-03T05:39:46.562+0000] {spark_submit.py:644} INFO - (spark.hadoop.fs.s3a.path.style.access,true)
[2025-06-03T05:39:46.562+0000] {spark_submit.py:644} INFO - (spark.hadoop.fs.s3a.secret.key,*********(redacted))
[2025-06-03T05:39:46.563+0000] {spark_submit.py:644} INFO - (spark.jars,file:///home/***/.ivy2/jars/org.apache.hadoop_hadoop-aws-3.3.4.jar,file:///home/***/.ivy2/jars/com.amazonaws_aws-java-sdk-bundle-1.12.262.jar,file:///home/***/.ivy2/jars/io.delta_delta-spark_2.12-3.1.0.jar,file:///home/***/.ivy2/jars/org.wildfly.openssl_wildfly-openssl-1.0.7.Final.jar,file:///home/***/.ivy2/jars/io.delta_delta-storage-3.1.0.jar,file:///home/***/.ivy2/jars/org.antlr_antlr4-runtime-4.9.3.jar)
[2025-06-03T05:39:46.563+0000] {spark_submit.py:644} INFO - (spark.master,spark://spark-master:7077)
[2025-06-03T05:39:46.563+0000] {spark_submit.py:644} INFO - (spark.repl.local.jars,file:///home/***/.ivy2/jars/org.apache.hadoop_hadoop-aws-3.3.4.jar,file:///home/***/.ivy2/jars/com.amazonaws_aws-java-sdk-bundle-1.12.262.jar,file:///home/***/.ivy2/jars/io.delta_delta-spark_2.12-3.1.0.jar,file:///home/***/.ivy2/jars/org.wildfly.openssl_wildfly-openssl-1.0.7.Final.jar,file:///home/***/.ivy2/jars/io.delta_delta-storage-3.1.0.jar,file:///home/***/.ivy2/jars/org.antlr_antlr4-runtime-4.9.3.jar)
[2025-06-03T05:39:46.563+0000] {spark_submit.py:644} INFO - (spark.sql.catalog.spark_catalog,org.apache.spark.sql.delta.catalog.DeltaCatalog)
[2025-06-03T05:39:46.563+0000] {spark_submit.py:644} INFO - (spark.sql.extensions,io.delta.sql.DeltaSparkSessionExtension)
[2025-06-03T05:39:46.564+0000] {spark_submit.py:644} INFO - (spark.submit.deployMode,client)
[2025-06-03T05:39:46.564+0000] {spark_submit.py:644} INFO - (spark.submit.pyFiles,/home/***/.ivy2/jars/org.apache.hadoop_hadoop-aws-3.3.4.jar,/home/***/.ivy2/jars/com.amazonaws_aws-java-sdk-bundle-1.12.262.jar,/home/***/.ivy2/jars/io.delta_delta-spark_2.12-3.1.0.jar,/home/***/.ivy2/jars/org.wildfly.openssl_wildfly-openssl-1.0.7.Final.jar,/home/***/.ivy2/jars/io.delta_delta-storage-3.1.0.jar,/home/***/.ivy2/jars/org.antlr_antlr4-runtime-4.9.3.jar)
[2025-06-03T05:39:46.564+0000] {spark_submit.py:644} INFO - Classpath elements:
[2025-06-03T05:39:46.564+0000] {spark_submit.py:644} INFO - file:///home/***/.ivy2/jars/org.apache.hadoop_hadoop-aws-3.3.4.jar
[2025-06-03T05:39:46.564+0000] {spark_submit.py:644} INFO - file:///home/***/.ivy2/jars/com.amazonaws_aws-java-sdk-bundle-1.12.262.jar
[2025-06-03T05:39:46.564+0000] {spark_submit.py:644} INFO - file:///home/***/.ivy2/jars/io.delta_delta-spark_2.12-3.1.0.jar
[2025-06-03T05:39:46.565+0000] {spark_submit.py:644} INFO - file:///home/***/.ivy2/jars/org.wildfly.openssl_wildfly-openssl-1.0.7.Final.jar
[2025-06-03T05:39:46.565+0000] {spark_submit.py:644} INFO - file:///home/***/.ivy2/jars/io.delta_delta-storage-3.1.0.jar
[2025-06-03T05:39:46.565+0000] {spark_submit.py:644} INFO - file:///home/***/.ivy2/jars/org.antlr_antlr4-runtime-4.9.3.jar
[2025-06-03T05:39:46.565+0000] {spark_submit.py:644} INFO - 
[2025-06-03T05:39:46.565+0000] {spark_submit.py:644} INFO - 
[2025-06-03T05:39:47.103+0000] {spark_submit.py:644} INFO - 25/06/03 05:39:47 INFO ShutdownHookManager: Shutdown hook called
[2025-06-03T05:39:47.104+0000] {spark_submit.py:644} INFO - 25/06/03 05:39:47 INFO ShutdownHookManager: Deleting directory /tmp/spark-53b204c8-479e-48c6-af06-e2de830cee87
[2025-06-03T05:39:47.129+0000] {taskinstance.py:340} INFO - ::group::Post task execution logs
[2025-06-03T05:39:47.129+0000] {taskinstance.py:352} INFO - Marking task as SUCCESS. dag_id=curry_medallion_etl, task_id=submit_bronze_etl_job, run_id=manual__2025-06-03T05:39:43.825482+00:00, execution_date=20250603T053943, start_date=20250603T053945, end_date=20250603T053947
[2025-06-03T05:39:47.170+0000] {local_task_job_runner.py:266} INFO - Task exited with return code 0
[2025-06-03T05:39:47.186+0000] {taskinstance.py:3895} INFO - 1 downstream tasks scheduled from follow-on schedule check
[2025-06-03T05:39:47.187+0000] {local_task_job_runner.py:245} INFO - ::endgroup::
