[2025-06-08T11:05:48.845+0000] {local_task_job_runner.py:123} INFO - ::group::Pre task execution logs
[2025-06-08T11:05:48.853+0000] {taskinstance.py:2613} INFO - Dependencies all met for dep_context=non-requeueable deps ti=<TaskInstance: stephen_curry_stats_medallion_etl.bronze_ingestion manual__2025-06-08T11:05:47.472422+00:00 [queued]>
[2025-06-08T11:05:48.857+0000] {taskinstance.py:2613} INFO - Dependencies all met for dep_context=requeueable deps ti=<TaskInstance: stephen_curry_stats_medallion_etl.bronze_ingestion manual__2025-06-08T11:05:47.472422+00:00 [queued]>
[2025-06-08T11:05:48.857+0000] {taskinstance.py:2866} INFO - Starting attempt 1 of 1
[2025-06-08T11:05:48.862+0000] {taskinstance.py:2889} INFO - Executing <Task(SparkSubmitOperator): bronze_ingestion> on 2025-06-08 11:05:47.472422+00:00
[2025-06-08T11:05:48.864+0000] {standard_task_runner.py:72} INFO - Started process 647 to run task
[2025-06-08T11:05:48.866+0000] {standard_task_runner.py:104} INFO - Running: ['***', 'tasks', 'run', 'stephen_curry_stats_medallion_etl', 'bronze_ingestion', 'manual__2025-06-08T11:05:47.472422+00:00', '--job-id', '18', '--raw', '--subdir', 'DAGS_FOLDER/medallion_sales_etl_dag.py', '--cfg-path', '/tmp/tmppm51vzla']
[2025-06-08T11:05:48.868+0000] {standard_task_runner.py:105} INFO - Job 18: Subtask bronze_ingestion
[2025-06-08T11:05:48.895+0000] {task_command.py:467} INFO - Running <TaskInstance: stephen_curry_stats_medallion_etl.bronze_ingestion manual__2025-06-08T11:05:47.472422+00:00 [running]> on host 30ce5609b561
[2025-06-08T11:05:48.941+0000] {taskinstance.py:3132} INFO - Exporting env vars: AIRFLOW_CTX_DAG_OWNER='***' AIRFLOW_CTX_DAG_ID='stephen_curry_stats_medallion_etl' AIRFLOW_CTX_TASK_ID='bronze_ingestion' AIRFLOW_CTX_EXECUTION_DATE='2025-06-08T11:05:47.472422+00:00' AIRFLOW_CTX_TRY_NUMBER='1' AIRFLOW_CTX_DAG_RUN_ID='manual__2025-06-08T11:05:47.472422+00:00'
[2025-06-08T11:05:48.941+0000] {taskinstance.py:731} INFO - ::endgroup::
[2025-06-08T11:05:48.959+0000] {base.py:84} INFO - Retrieving connection 'spark_default'
[2025-06-08T11:05:48.960+0000] {spark_submit.py:474} INFO - Spark-Submit cmd: spark-submit --master spark://spark-master:7077 --conf spark.sql.extensions=io.delta.sql.DeltaSparkSessionExtension --conf spark.sql.catalog.spark_catalog=org.apache.spark.sql.delta.catalog.DeltaCatalog --conf spark.hadoop.fs.s3a.endpoint=http://minio:9000 --conf spark.hadoop.fs.s3a.access.key=minioadmin --conf spark.hadoop.fs.s3a.secret.key=****** --conf spark.hadoop.fs.s3a.path.style.access=true --conf spark.hadoop.fs.s3a.impl=org.apache.hadoop.fs.s3a.S3AFileSystem --conf spark.hadoop.fs.s3a.aws.credentials.provider=org.apache.hadoop.fs.s3a.SimpleAWSCredentialsProvider --name arrow-spark --queue root.default --deploy-mode client dags/bronze_ingestion_sc_stats_etl.py --output_path s3a://mybucket/sc_stats_db/bronze/raw_data
[2025-06-08T11:05:50.271+0000] {spark_submit.py:644} INFO - 25/06/08 11:05:50 INFO SparkContext: Running Spark version 3.5.2
[2025-06-08T11:05:50.272+0000] {spark_submit.py:644} INFO - 25/06/08 11:05:50 INFO SparkContext: OS info Linux, 6.10.14-linuxkit, aarch64
[2025-06-08T11:05:50.272+0000] {spark_submit.py:644} INFO - 25/06/08 11:05:50 INFO SparkContext: Java version 17.0.15
[2025-06-08T11:05:50.302+0000] {spark_submit.py:644} INFO - 25/06/08 11:05:50 WARN NativeCodeLoader: Unable to load native-hadoop library for your platform... using builtin-java classes where applicable
[2025-06-08T11:05:50.346+0000] {spark_submit.py:644} INFO - 25/06/08 11:05:50 INFO ResourceUtils: ==============================================================
[2025-06-08T11:05:50.346+0000] {spark_submit.py:644} INFO - 25/06/08 11:05:50 INFO ResourceUtils: No custom resources configured for spark.driver.
[2025-06-08T11:05:50.346+0000] {spark_submit.py:644} INFO - 25/06/08 11:05:50 INFO ResourceUtils: ==============================================================
[2025-06-08T11:05:50.346+0000] {spark_submit.py:644} INFO - 25/06/08 11:05:50 INFO SparkContext: Submitted application: BronzeIngestionStephenCurryStats
[2025-06-08T11:05:50.357+0000] {spark_submit.py:644} INFO - 25/06/08 11:05:50 INFO ResourceProfile: Default ResourceProfile created, executor resources: Map(memory -> name: memory, amount: 1024, script: , vendor: , offHeap -> name: offHeap, amount: 0, script: , vendor: ), task resources: Map(cpus -> name: cpus, amount: 1.0)
[2025-06-08T11:05:50.361+0000] {spark_submit.py:644} INFO - 25/06/08 11:05:50 INFO ResourceProfile: Limiting resource is cpu
[2025-06-08T11:05:50.362+0000] {spark_submit.py:644} INFO - 25/06/08 11:05:50 INFO ResourceProfileManager: Added ResourceProfile id: 0
[2025-06-08T11:05:50.389+0000] {spark_submit.py:644} INFO - 25/06/08 11:05:50 INFO SecurityManager: Changing view acls to: ***
[2025-06-08T11:05:50.389+0000] {spark_submit.py:644} INFO - 25/06/08 11:05:50 INFO SecurityManager: Changing modify acls to: ***
[2025-06-08T11:05:50.390+0000] {spark_submit.py:644} INFO - 25/06/08 11:05:50 INFO SecurityManager: Changing view acls groups to:
[2025-06-08T11:05:50.390+0000] {spark_submit.py:644} INFO - 25/06/08 11:05:50 INFO SecurityManager: Changing modify acls groups to:
[2025-06-08T11:05:50.390+0000] {spark_submit.py:644} INFO - 25/06/08 11:05:50 INFO SecurityManager: SecurityManager: authentication disabled; ui acls disabled; users with view permissions: ***; groups with view permissions: EMPTY; users with modify permissions: ***; groups with modify permissions: EMPTY
[2025-06-08T11:05:50.507+0000] {spark_submit.py:644} INFO - 25/06/08 11:05:50 INFO Utils: Successfully started service 'sparkDriver' on port 32973.
[2025-06-08T11:05:50.522+0000] {spark_submit.py:644} INFO - 25/06/08 11:05:50 INFO SparkEnv: Registering MapOutputTracker
[2025-06-08T11:05:50.542+0000] {spark_submit.py:644} INFO - 25/06/08 11:05:50 INFO SparkEnv: Registering BlockManagerMaster
[2025-06-08T11:05:50.549+0000] {spark_submit.py:644} INFO - 25/06/08 11:05:50 INFO BlockManagerMasterEndpoint: Using org.apache.spark.storage.DefaultTopologyMapper for getting topology information
[2025-06-08T11:05:50.550+0000] {spark_submit.py:644} INFO - 25/06/08 11:05:50 INFO BlockManagerMasterEndpoint: BlockManagerMasterEndpoint up
[2025-06-08T11:05:50.552+0000] {spark_submit.py:644} INFO - 25/06/08 11:05:50 INFO SparkEnv: Registering BlockManagerMasterHeartbeat
[2025-06-08T11:05:50.562+0000] {spark_submit.py:644} INFO - 25/06/08 11:05:50 INFO DiskBlockManager: Created local directory at /tmp/blockmgr-e2ed5294-1815-44e7-8765-262b9cdf9bcd
[2025-06-08T11:05:50.570+0000] {spark_submit.py:644} INFO - 25/06/08 11:05:50 INFO MemoryStore: MemoryStore started with capacity 434.4 MiB
[2025-06-08T11:05:50.578+0000] {spark_submit.py:644} INFO - 25/06/08 11:05:50 INFO SparkEnv: Registering OutputCommitCoordinator
[2025-06-08T11:05:50.640+0000] {spark_submit.py:644} INFO - 25/06/08 11:05:50 INFO JettyUtils: Start Jetty 0.0.0.0:4040 for SparkUI
[2025-06-08T11:05:50.670+0000] {spark_submit.py:644} INFO - 25/06/08 11:05:50 INFO Utils: Successfully started service 'SparkUI' on port 4040.
[2025-06-08T11:05:50.733+0000] {spark_submit.py:644} INFO - 25/06/08 11:05:50 INFO StandaloneAppClient$ClientEndpoint: Connecting to master spark://spark-master:7077...
[2025-06-08T11:05:50.757+0000] {spark_submit.py:644} INFO - 25/06/08 11:05:50 INFO TransportClientFactory: Successfully created connection to spark-master/172.19.0.8:7077 after 12 ms (0 ms spent in bootstraps)
[2025-06-08T11:05:50.804+0000] {spark_submit.py:644} INFO - 25/06/08 11:05:50 INFO StandaloneSchedulerBackend: Connected to Spark cluster with app ID app-20250608110550-0006
[2025-06-08T11:05:50.809+0000] {spark_submit.py:644} INFO - 25/06/08 11:05:50 INFO StandaloneAppClient$ClientEndpoint: Executor added: app-20250608110550-0006/0 on worker-20250608103716-172.19.0.9-35131 (172.19.0.9:35131) with 4 core(s)
[2025-06-08T11:05:50.809+0000] {spark_submit.py:644} INFO - 25/06/08 11:05:50 INFO StandaloneSchedulerBackend: Granted executor ID app-20250608110550-0006/0 on hostPort 172.19.0.9:35131 with 4 core(s), 1024.0 MiB RAM
[2025-06-08T11:05:50.810+0000] {spark_submit.py:644} INFO - 25/06/08 11:05:50 INFO Utils: Successfully started service 'org.apache.spark.network.netty.NettyBlockTransferService' on port 39893.
[2025-06-08T11:05:50.811+0000] {spark_submit.py:644} INFO - 25/06/08 11:05:50 INFO NettyBlockTransferService: Server created on 30ce5609b561:39893
[2025-06-08T11:05:50.812+0000] {spark_submit.py:644} INFO - 25/06/08 11:05:50 INFO BlockManager: Using org.apache.spark.storage.RandomBlockReplicationPolicy for block replication policy
[2025-06-08T11:05:50.817+0000] {spark_submit.py:644} INFO - 25/06/08 11:05:50 INFO BlockManagerMaster: Registering BlockManager BlockManagerId(driver, 30ce5609b561, 39893, None)
[2025-06-08T11:05:50.820+0000] {spark_submit.py:644} INFO - 25/06/08 11:05:50 INFO BlockManagerMasterEndpoint: Registering block manager 30ce5609b561:39893 with 434.4 MiB RAM, BlockManagerId(driver, 30ce5609b561, 39893, None)
[2025-06-08T11:05:50.822+0000] {spark_submit.py:644} INFO - 25/06/08 11:05:50 INFO BlockManagerMaster: Registered BlockManager BlockManagerId(driver, 30ce5609b561, 39893, None)
[2025-06-08T11:05:50.823+0000] {spark_submit.py:644} INFO - 25/06/08 11:05:50 INFO BlockManager: Initialized BlockManager: BlockManagerId(driver, 30ce5609b561, 39893, None)
[2025-06-08T11:05:50.825+0000] {spark_submit.py:644} INFO - 25/06/08 11:05:50 INFO StandaloneAppClient$ClientEndpoint: Executor updated: app-20250608110550-0006/0 is now RUNNING
[2025-06-08T11:05:50.937+0000] {spark_submit.py:644} INFO - 25/06/08 11:05:50 INFO StandaloneSchedulerBackend: SchedulerBackend is ready for scheduling beginning after reached minRegisteredResourcesRatio: 0.0
[2025-06-08T11:05:51.034+0000] {spark_submit.py:644} INFO - 25/06/08 11:05:51 WARN SparkSession: Cannot use io.delta.sql.DeltaSparkSessionExtension to configure session extensions.
[2025-06-08T11:05:51.039+0000] {spark_submit.py:644} INFO - java.lang.ClassNotFoundException: io.delta.sql.DeltaSparkSessionExtension
[2025-06-08T11:05:51.040+0000] {spark_submit.py:644} INFO - at java.base/java.net.URLClassLoader.findClass(URLClassLoader.java:445)
[2025-06-08T11:05:51.040+0000] {spark_submit.py:644} INFO - at java.base/java.lang.ClassLoader.loadClass(ClassLoader.java:592)
[2025-06-08T11:05:51.040+0000] {spark_submit.py:644} INFO - at java.base/java.lang.ClassLoader.loadClass(ClassLoader.java:525)
[2025-06-08T11:05:51.040+0000] {spark_submit.py:644} INFO - at java.base/java.lang.Class.forName0(Native Method)
[2025-06-08T11:05:51.041+0000] {spark_submit.py:644} INFO - at java.base/java.lang.Class.forName(Class.java:467)
[2025-06-08T11:05:51.041+0000] {spark_submit.py:644} INFO - at org.apache.spark.util.SparkClassUtils.classForName(SparkClassUtils.scala:41)
[2025-06-08T11:05:51.041+0000] {spark_submit.py:644} INFO - at org.apache.spark.util.SparkClassUtils.classForName$(SparkClassUtils.scala:36)
[2025-06-08T11:05:51.042+0000] {spark_submit.py:644} INFO - at org.apache.spark.util.Utils$.classForName(Utils.scala:94)
[2025-06-08T11:05:51.042+0000] {spark_submit.py:644} INFO - at org.apache.spark.sql.SparkSession$.$anonfun$applyExtensions$2(SparkSession.scala:1367)
[2025-06-08T11:05:51.043+0000] {spark_submit.py:644} INFO - at org.apache.spark.sql.SparkSession$.$anonfun$applyExtensions$2$adapted(SparkSession.scala:1365)
[2025-06-08T11:05:51.043+0000] {spark_submit.py:644} INFO - at scala.collection.mutable.ResizableArray.foreach(ResizableArray.scala:62)
[2025-06-08T11:05:51.043+0000] {spark_submit.py:644} INFO - at scala.collection.mutable.ResizableArray.foreach$(ResizableArray.scala:55)
[2025-06-08T11:05:51.043+0000] {spark_submit.py:644} INFO - at scala.collection.mutable.ArrayBuffer.foreach(ArrayBuffer.scala:49)
[2025-06-08T11:05:51.044+0000] {spark_submit.py:644} INFO - at org.apache.spark.sql.SparkSession$.org$apache$spark$sql$SparkSession$$applyExtensions(SparkSession.scala:1365)
[2025-06-08T11:05:51.044+0000] {spark_submit.py:644} INFO - at org.apache.spark.sql.SparkSession.<init>(SparkSession.scala:105)
[2025-06-08T11:05:51.044+0000] {spark_submit.py:644} INFO - at java.base/jdk.internal.reflect.NativeConstructorAccessorImpl.newInstance0(Native Method)
[2025-06-08T11:05:51.045+0000] {spark_submit.py:644} INFO - at java.base/jdk.internal.reflect.NativeConstructorAccessorImpl.newInstance(NativeConstructorAccessorImpl.java:77)
[2025-06-08T11:05:51.045+0000] {spark_submit.py:644} INFO - at java.base/jdk.internal.reflect.DelegatingConstructorAccessorImpl.newInstance(DelegatingConstructorAccessorImpl.java:45)
[2025-06-08T11:05:51.045+0000] {spark_submit.py:644} INFO - at java.base/java.lang.reflect.Constructor.newInstanceWithCaller(Constructor.java:500)
[2025-06-08T11:05:51.045+0000] {spark_submit.py:644} INFO - at java.base/java.lang.reflect.Constructor.newInstance(Constructor.java:481)
[2025-06-08T11:05:51.046+0000] {spark_submit.py:644} INFO - at py4j.reflection.MethodInvoker.invoke(MethodInvoker.java:247)
[2025-06-08T11:05:51.046+0000] {spark_submit.py:644} INFO - at py4j.reflection.ReflectionEngine.invoke(ReflectionEngine.java:374)
[2025-06-08T11:05:51.046+0000] {spark_submit.py:644} INFO - at py4j.Gateway.invoke(Gateway.java:238)
[2025-06-08T11:05:51.046+0000] {spark_submit.py:644} INFO - at py4j.commands.ConstructorCommand.invokeConstructor(ConstructorCommand.java:80)
[2025-06-08T11:05:51.047+0000] {spark_submit.py:644} INFO - at py4j.commands.ConstructorCommand.execute(ConstructorCommand.java:69)
[2025-06-08T11:05:51.047+0000] {spark_submit.py:644} INFO - at py4j.ClientServerConnection.waitForCommands(ClientServerConnection.java:182)
[2025-06-08T11:05:51.047+0000] {spark_submit.py:644} INFO - at py4j.ClientServerConnection.run(ClientServerConnection.java:106)
[2025-06-08T11:05:51.047+0000] {spark_submit.py:644} INFO - at java.base/java.lang.Thread.run(Thread.java:840)
[2025-06-08T11:05:51.048+0000] {spark_submit.py:644} INFO - Bronze Ingestion: Spark session created.
[2025-06-08T11:05:51.075+0000] {spark_submit.py:644} INFO - 25/06/08 11:05:51 INFO SharedState: Setting hive.metastore.warehouse.dir ('null') to the value of spark.sql.warehouse.dir.
[2025-06-08T11:05:51.080+0000] {spark_submit.py:644} INFO - 25/06/08 11:05:51 INFO SharedState: Warehouse path is 'file:/opt/***/spark-warehouse'.
[2025-06-08T11:05:51.555+0000] {spark_submit.py:644} INFO - 25/06/08 11:05:51 INFO InMemoryFileIndex: It took 21 ms to list leaf files for 1 paths.
[2025-06-08T11:05:51.952+0000] {spark_submit.py:644} INFO - Successfully loaded Stephen Curry stats from: /opt/***/data/Stephen Curry Stats.parquet
[2025-06-08T11:05:52.033+0000] {spark_submit.py:644} INFO - 25/06/08 11:05:52 INFO StandaloneSchedulerBackend$StandaloneDriverEndpoint: Registered executor NettyRpcEndpointRef(spark-client://Executor) (172.19.0.9:60088) with ID 0,  ResourceProfileId 0
[2025-06-08T11:05:52.072+0000] {spark_submit.py:644} INFO - 25/06/08 11:05:52 INFO BlockManagerMasterEndpoint: Registering block manager 172.19.0.9:34157 with 434.4 MiB RAM, BlockManagerId(0, 172.19.0.9, 34157, None)
[2025-06-08T11:05:52.276+0000] {spark_submit.py:644} INFO - Error writing data to Minio/Hive: An error occurred while calling o35.sql.
[2025-06-08T11:05:52.276+0000] {spark_submit.py:644} INFO - : org.apache.spark.SparkException: Cannot find catalog plugin class for catalog 'spark_catalog': org.apache.spark.sql.delta.catalog.DeltaCatalog.
[2025-06-08T11:05:52.276+0000] {spark_submit.py:644} INFO - at org.apache.spark.sql.errors.QueryExecutionErrors$.catalogPluginClassNotFoundForCatalogError(QueryExecutionErrors.scala:1926)
[2025-06-08T11:05:52.277+0000] {spark_submit.py:644} INFO - at org.apache.spark.sql.connector.catalog.Catalogs$.load(Catalogs.scala:70)
[2025-06-08T11:05:52.277+0000] {spark_submit.py:644} INFO - at org.apache.spark.sql.connector.catalog.CatalogManager.loadV2SessionCatalog(CatalogManager.scala:68)
[2025-06-08T11:05:52.277+0000] {spark_submit.py:644} INFO - at org.apache.spark.sql.connector.catalog.CatalogManager.$anonfun$v2SessionCatalog$2(CatalogManager.scala:87)
[2025-06-08T11:05:52.277+0000] {spark_submit.py:644} INFO - at scala.collection.mutable.HashMap.getOrElseUpdate(HashMap.scala:86)
[2025-06-08T11:05:52.278+0000] {spark_submit.py:644} INFO - at org.apache.spark.sql.connector.catalog.CatalogManager.$anonfun$v2SessionCatalog$1(CatalogManager.scala:87)
[2025-06-08T11:05:52.278+0000] {spark_submit.py:644} INFO - at scala.Option.map(Option.scala:230)
[2025-06-08T11:05:52.278+0000] {spark_submit.py:644} INFO - at org.apache.spark.sql.connector.catalog.CatalogManager.v2SessionCatalog(CatalogManager.scala:86)
[2025-06-08T11:05:52.278+0000] {spark_submit.py:644} INFO - at org.apache.spark.sql.connector.catalog.CatalogManager.catalog(CatalogManager.scala:52)
[2025-06-08T11:05:52.279+0000] {spark_submit.py:644} INFO - at org.apache.spark.sql.connector.catalog.CatalogManager.currentCatalog(CatalogManager.scala:135)
[2025-06-08T11:05:52.279+0000] {spark_submit.py:644} INFO - at org.apache.spark.sql.connector.catalog.LookupCatalog.currentCatalog(LookupCatalog.scala:34)
[2025-06-08T11:05:52.279+0000] {spark_submit.py:644} INFO - at org.apache.spark.sql.connector.catalog.LookupCatalog.currentCatalog$(LookupCatalog.scala:34)
[2025-06-08T11:05:52.279+0000] {spark_submit.py:644} INFO - at org.apache.spark.sql.catalyst.analysis.ResolveCatalogs.currentCatalog(ResolveCatalogs.scala:27)
[2025-06-08T11:05:52.279+0000] {spark_submit.py:644} INFO - at org.apache.spark.sql.connector.catalog.LookupCatalog$CatalogAndNamespace$.unapply(LookupCatalog.scala:89)
[2025-06-08T11:05:52.280+0000] {spark_submit.py:644} INFO - at org.apache.spark.sql.catalyst.analysis.ResolveCatalogs$$anonfun$apply$1.applyOrElse(ResolveCatalogs.scala:51)
[2025-06-08T11:05:52.280+0000] {spark_submit.py:644} INFO - at org.apache.spark.sql.catalyst.analysis.ResolveCatalogs$$anonfun$apply$1.applyOrElse(ResolveCatalogs.scala:30)
[2025-06-08T11:05:52.280+0000] {spark_submit.py:644} INFO - at org.apache.spark.sql.catalyst.plans.logical.AnalysisHelper.$anonfun$resolveOperatorsDownWithPruning$2(AnalysisHelper.scala:170)
[2025-06-08T11:05:52.280+0000] {spark_submit.py:644} INFO - at org.apache.spark.sql.catalyst.trees.CurrentOrigin$.withOrigin(origin.scala:76)
[2025-06-08T11:05:52.280+0000] {spark_submit.py:644} INFO - at org.apache.spark.sql.catalyst.plans.logical.AnalysisHelper.$anonfun$resolveOperatorsDownWithPruning$1(AnalysisHelper.scala:170)
[2025-06-08T11:05:52.281+0000] {spark_submit.py:644} INFO - at org.apache.spark.sql.catalyst.plans.logical.AnalysisHelper$.allowInvokingTransformsInAnalyzer(AnalysisHelper.scala:323)
[2025-06-08T11:05:52.281+0000] {spark_submit.py:644} INFO - at org.apache.spark.sql.catalyst.plans.logical.AnalysisHelper.resolveOperatorsDownWithPruning(AnalysisHelper.scala:168)
[2025-06-08T11:05:52.281+0000] {spark_submit.py:644} INFO - at org.apache.spark.sql.catalyst.plans.logical.AnalysisHelper.resolveOperatorsDownWithPruning$(AnalysisHelper.scala:164)
[2025-06-08T11:05:52.281+0000] {spark_submit.py:644} INFO - at org.apache.spark.sql.catalyst.plans.logical.LogicalPlan.resolveOperatorsDownWithPruning(LogicalPlan.scala:32)
[2025-06-08T11:05:52.281+0000] {spark_submit.py:644} INFO - at org.apache.spark.sql.catalyst.plans.logical.AnalysisHelper.$anonfun$resolveOperatorsDownWithPruning$4(AnalysisHelper.scala:175)
[2025-06-08T11:05:52.281+0000] {spark_submit.py:644} INFO - at org.apache.spark.sql.catalyst.trees.UnaryLike.mapChildren(TreeNode.scala:1216)
[2025-06-08T11:05:52.281+0000] {spark_submit.py:644} INFO - at org.apache.spark.sql.catalyst.trees.UnaryLike.mapChildren$(TreeNode.scala:1215)
[2025-06-08T11:05:52.282+0000] {spark_submit.py:644} INFO - at org.apache.spark.sql.catalyst.plans.logical.CreateNamespace.mapChildren(v2Commands.scala:549)
[2025-06-08T11:05:52.282+0000] {spark_submit.py:644} INFO - at org.apache.spark.sql.catalyst.plans.logical.AnalysisHelper.$anonfun$resolveOperatorsDownWithPruning$1(AnalysisHelper.scala:175)
[2025-06-08T11:05:52.282+0000] {spark_submit.py:644} INFO - at org.apache.spark.sql.catalyst.plans.logical.AnalysisHelper$.allowInvokingTransformsInAnalyzer(AnalysisHelper.scala:323)
[2025-06-08T11:05:52.282+0000] {spark_submit.py:644} INFO - at org.apache.spark.sql.catalyst.plans.logical.AnalysisHelper.resolveOperatorsDownWithPruning(AnalysisHelper.scala:168)
[2025-06-08T11:05:52.282+0000] {spark_submit.py:644} INFO - at org.apache.spark.sql.catalyst.plans.logical.AnalysisHelper.resolveOperatorsDownWithPruning$(AnalysisHelper.scala:164)
[2025-06-08T11:05:52.283+0000] {spark_submit.py:644} INFO - at org.apache.spark.sql.catalyst.plans.logical.LogicalPlan.resolveOperatorsDownWithPruning(LogicalPlan.scala:32)
[2025-06-08T11:05:52.283+0000] {spark_submit.py:644} INFO - at org.apache.spark.sql.catalyst.plans.logical.AnalysisHelper.resolveOperatorsWithPruning(AnalysisHelper.scala:99)
[2025-06-08T11:05:52.283+0000] {spark_submit.py:644} INFO - at org.apache.spark.sql.catalyst.plans.logical.AnalysisHelper.resolveOperatorsWithPruning$(AnalysisHelper.scala:96)
[2025-06-08T11:05:52.283+0000] {spark_submit.py:644} INFO - at org.apache.spark.sql.catalyst.plans.logical.LogicalPlan.resolveOperatorsWithPruning(LogicalPlan.scala:32)
[2025-06-08T11:05:52.283+0000] {spark_submit.py:644} INFO - at org.apache.spark.sql.catalyst.plans.logical.AnalysisHelper.resolveOperators(AnalysisHelper.scala:76)
[2025-06-08T11:05:52.283+0000] {spark_submit.py:644} INFO - at org.apache.spark.sql.catalyst.plans.logical.AnalysisHelper.resolveOperators$(AnalysisHelper.scala:75)
[2025-06-08T11:05:52.283+0000] {spark_submit.py:644} INFO - at org.apache.spark.sql.catalyst.plans.logical.LogicalPlan.resolveOperators(LogicalPlan.scala:32)
[2025-06-08T11:05:52.284+0000] {spark_submit.py:644} INFO - at org.apache.spark.sql.catalyst.analysis.ResolveCatalogs.apply(ResolveCatalogs.scala:30)
[2025-06-08T11:05:52.284+0000] {spark_submit.py:644} INFO - at org.apache.spark.sql.catalyst.analysis.ResolveCatalogs.apply(ResolveCatalogs.scala:27)
[2025-06-08T11:05:52.284+0000] {spark_submit.py:644} INFO - at org.apache.spark.sql.catalyst.rules.RuleExecutor.$anonfun$execute$2(RuleExecutor.scala:222)
[2025-06-08T11:05:52.284+0000] {spark_submit.py:644} INFO - at scala.collection.LinearSeqOptimized.foldLeft(LinearSeqOptimized.scala:126)
[2025-06-08T11:05:52.284+0000] {spark_submit.py:644} INFO - at scala.collection.LinearSeqOptimized.foldLeft$(LinearSeqOptimized.scala:122)
[2025-06-08T11:05:52.285+0000] {spark_submit.py:644} INFO - at scala.collection.immutable.List.foldLeft(List.scala:91)
[2025-06-08T11:05:52.285+0000] {spark_submit.py:644} INFO - at org.apache.spark.sql.catalyst.rules.RuleExecutor.$anonfun$execute$1(RuleExecutor.scala:219)
[2025-06-08T11:05:52.285+0000] {spark_submit.py:644} INFO - at org.apache.spark.sql.catalyst.rules.RuleExecutor.$anonfun$execute$1$adapted(RuleExecutor.scala:211)
[2025-06-08T11:05:52.286+0000] {spark_submit.py:644} INFO - at scala.collection.immutable.List.foreach(List.scala:431)
[2025-06-08T11:05:52.286+0000] {spark_submit.py:644} INFO - at org.apache.spark.sql.catalyst.rules.RuleExecutor.execute(RuleExecutor.scala:211)
[2025-06-08T11:05:52.286+0000] {spark_submit.py:644} INFO - at org.apache.spark.sql.catalyst.analysis.Analyzer.org$apache$spark$sql$catalyst$analysis$Analyzer$$executeSameContext(Analyzer.scala:240)
[2025-06-08T11:05:52.288+0000] {spark_submit.py:644} INFO - at org.apache.spark.sql.catalyst.analysis.Analyzer.$anonfun$execute$1(Analyzer.scala:236)
[2025-06-08T11:05:52.288+0000] {spark_submit.py:644} INFO - at org.apache.spark.sql.catalyst.analysis.AnalysisContext$.withNewAnalysisContext(Analyzer.scala:187)
[2025-06-08T11:05:52.289+0000] {spark_submit.py:644} INFO - at org.apache.spark.sql.catalyst.analysis.Analyzer.execute(Analyzer.scala:236)
[2025-06-08T11:05:52.289+0000] {spark_submit.py:644} INFO - at org.apache.spark.sql.catalyst.analysis.Analyzer.execute(Analyzer.scala:202)
[2025-06-08T11:05:52.290+0000] {spark_submit.py:644} INFO - at org.apache.spark.sql.catalyst.rules.RuleExecutor.$anonfun$executeAndTrack$1(RuleExecutor.scala:182)
[2025-06-08T11:05:52.290+0000] {spark_submit.py:644} INFO - at org.apache.spark.sql.catalyst.QueryPlanningTracker$.withTracker(QueryPlanningTracker.scala:89)
[2025-06-08T11:05:52.290+0000] {spark_submit.py:644} INFO - at org.apache.spark.sql.catalyst.rules.RuleExecutor.executeAndTrack(RuleExecutor.scala:182)
[2025-06-08T11:05:52.291+0000] {spark_submit.py:644} INFO - at org.apache.spark.sql.catalyst.analysis.Analyzer.$anonfun$executeAndCheck$1(Analyzer.scala:223)
[2025-06-08T11:05:52.291+0000] {spark_submit.py:644} INFO - at org.apache.spark.sql.catalyst.plans.logical.AnalysisHelper$.markInAnalyzer(AnalysisHelper.scala:330)
[2025-06-08T11:05:52.291+0000] {spark_submit.py:644} INFO - at org.apache.spark.sql.catalyst.analysis.Analyzer.executeAndCheck(Analyzer.scala:222)
[2025-06-08T11:05:52.292+0000] {spark_submit.py:644} INFO - at org.apache.spark.sql.execution.QueryExecution.$anonfun$analyzed$1(QueryExecution.scala:77)
[2025-06-08T11:05:52.292+0000] {spark_submit.py:644} INFO - at org.apache.spark.sql.catalyst.QueryPlanningTracker.measurePhase(QueryPlanningTracker.scala:138)
[2025-06-08T11:05:52.293+0000] {spark_submit.py:644} INFO - at org.apache.spark.sql.execution.QueryExecution.$anonfun$executePhase$2(QueryExecution.scala:219)
[2025-06-08T11:05:52.293+0000] {spark_submit.py:644} INFO - at org.apache.spark.sql.execution.QueryExecution$.withInternalError(QueryExecution.scala:546)
[2025-06-08T11:05:52.295+0000] {spark_submit.py:644} INFO - at org.apache.spark.sql.execution.QueryExecution.$anonfun$executePhase$1(QueryExecution.scala:219)
[2025-06-08T11:05:52.295+0000] {spark_submit.py:644} INFO - at org.apache.spark.sql.SparkSession.withActive(SparkSession.scala:900)
[2025-06-08T11:05:52.295+0000] {spark_submit.py:644} INFO - at org.apache.spark.sql.execution.QueryExecution.executePhase(QueryExecution.scala:218)
[2025-06-08T11:05:52.296+0000] {spark_submit.py:644} INFO - at org.apache.spark.sql.execution.QueryExecution.analyzed$lzycompute(QueryExecution.scala:77)
[2025-06-08T11:05:52.296+0000] {spark_submit.py:644} INFO - at org.apache.spark.sql.execution.QueryExecution.analyzed(QueryExecution.scala:74)
[2025-06-08T11:05:52.297+0000] {spark_submit.py:644} INFO - at org.apache.spark.sql.execution.QueryExecution.assertAnalyzed(QueryExecution.scala:66)
[2025-06-08T11:05:52.297+0000] {spark_submit.py:644} INFO - at org.apache.spark.sql.Dataset$.$anonfun$ofRows$2(Dataset.scala:99)
[2025-06-08T11:05:52.297+0000] {spark_submit.py:644} INFO - at org.apache.spark.sql.SparkSession.withActive(SparkSession.scala:900)
[2025-06-08T11:05:52.298+0000] {spark_submit.py:644} INFO - at org.apache.spark.sql.Dataset$.ofRows(Dataset.scala:97)
[2025-06-08T11:05:52.300+0000] {spark_submit.py:644} INFO - at org.apache.spark.sql.SparkSession.$anonfun$sql$1(SparkSession.scala:638)
[2025-06-08T11:05:52.300+0000] {spark_submit.py:644} INFO - at org.apache.spark.sql.SparkSession.withActive(SparkSession.scala:900)
[2025-06-08T11:05:52.301+0000] {spark_submit.py:644} INFO - at org.apache.spark.sql.SparkSession.sql(SparkSession.scala:629)
[2025-06-08T11:05:52.302+0000] {spark_submit.py:644} INFO - at org.apache.spark.sql.SparkSession.sql(SparkSession.scala:659)
[2025-06-08T11:05:52.304+0000] {spark_submit.py:644} INFO - at java.base/jdk.internal.reflect.NativeMethodAccessorImpl.invoke0(Native Method)
[2025-06-08T11:05:52.304+0000] {spark_submit.py:644} INFO - at java.base/jdk.internal.reflect.NativeMethodAccessorImpl.invoke(NativeMethodAccessorImpl.java:77)
[2025-06-08T11:05:52.306+0000] {spark_submit.py:644} INFO - at java.base/jdk.internal.reflect.DelegatingMethodAccessorImpl.invoke(DelegatingMethodAccessorImpl.java:43)
[2025-06-08T11:05:52.306+0000] {spark_submit.py:644} INFO - at java.base/java.lang.reflect.Method.invoke(Method.java:569)
[2025-06-08T11:05:52.306+0000] {spark_submit.py:644} INFO - at py4j.reflection.MethodInvoker.invoke(MethodInvoker.java:244)
[2025-06-08T11:05:52.307+0000] {spark_submit.py:644} INFO - at py4j.reflection.ReflectionEngine.invoke(ReflectionEngine.java:374)
[2025-06-08T11:05:52.307+0000] {spark_submit.py:644} INFO - at py4j.Gateway.invoke(Gateway.java:282)
[2025-06-08T11:05:52.307+0000] {spark_submit.py:644} INFO - at py4j.commands.AbstractCommand.invokeMethod(AbstractCommand.java:132)
[2025-06-08T11:05:52.308+0000] {spark_submit.py:644} INFO - at py4j.commands.CallCommand.execute(CallCommand.java:79)
[2025-06-08T11:05:52.308+0000] {spark_submit.py:644} INFO - at py4j.ClientServerConnection.waitForCommands(ClientServerConnection.java:182)
[2025-06-08T11:05:52.308+0000] {spark_submit.py:644} INFO - at py4j.ClientServerConnection.run(ClientServerConnection.java:106)
[2025-06-08T11:05:52.308+0000] {spark_submit.py:644} INFO - at java.base/java.lang.Thread.run(Thread.java:840)
[2025-06-08T11:05:52.309+0000] {spark_submit.py:644} INFO - Caused by: java.lang.ClassNotFoundException: org.apache.spark.sql.delta.catalog.DeltaCatalog
[2025-06-08T11:05:52.309+0000] {spark_submit.py:644} INFO - at java.base/java.net.URLClassLoader.findClass(URLClassLoader.java:445)
[2025-06-08T11:05:52.309+0000] {spark_submit.py:644} INFO - at java.base/java.lang.ClassLoader.loadClass(ClassLoader.java:592)
[2025-06-08T11:05:52.309+0000] {spark_submit.py:644} INFO - at java.base/java.lang.ClassLoader.loadClass(ClassLoader.java:525)
[2025-06-08T11:05:52.309+0000] {spark_submit.py:644} INFO - at org.apache.spark.sql.connector.catalog.Catalogs$.load(Catalogs.scala:60)
[2025-06-08T11:05:52.309+0000] {spark_submit.py:644} INFO - ... 86 more
[2025-06-08T11:05:52.310+0000] {spark_submit.py:644} INFO - 
[2025-06-08T11:05:52.310+0000] {spark_submit.py:644} INFO - 25/06/08 11:05:52 INFO SparkContext: SparkContext is stopping with exitCode 0.
[2025-06-08T11:05:52.310+0000] {spark_submit.py:644} INFO - 25/06/08 11:05:52 INFO SparkUI: Stopped Spark web UI at http://30ce5609b561:4040
[2025-06-08T11:05:52.310+0000] {spark_submit.py:644} INFO - 25/06/08 11:05:52 INFO StandaloneSchedulerBackend: Shutting down all executors
[2025-06-08T11:05:52.311+0000] {spark_submit.py:644} INFO - 25/06/08 11:05:52 INFO StandaloneSchedulerBackend$StandaloneDriverEndpoint: Asking each executor to shut down
[2025-06-08T11:05:52.311+0000] {spark_submit.py:644} INFO - 25/06/08 11:05:52 INFO MapOutputTrackerMasterEndpoint: MapOutputTrackerMasterEndpoint stopped!
[2025-06-08T11:05:52.311+0000] {spark_submit.py:644} INFO - 25/06/08 11:05:52 INFO MemoryStore: MemoryStore cleared
[2025-06-08T11:05:52.311+0000] {spark_submit.py:644} INFO - 25/06/08 11:05:52 INFO BlockManager: BlockManager stopped
[2025-06-08T11:05:52.313+0000] {spark_submit.py:644} INFO - 25/06/08 11:05:52 INFO BlockManagerMaster: BlockManagerMaster stopped
[2025-06-08T11:05:52.314+0000] {spark_submit.py:644} INFO - 25/06/08 11:05:52 INFO OutputCommitCoordinator$OutputCommitCoordinatorEndpoint: OutputCommitCoordinator stopped!
[2025-06-08T11:05:52.319+0000] {spark_submit.py:644} INFO - 25/06/08 11:05:52 INFO SparkContext: Successfully stopped SparkContext
[2025-06-08T11:05:52.454+0000] {spark_submit.py:644} INFO - Traceback (most recent call last):
[2025-06-08T11:05:52.454+0000] {spark_submit.py:644} INFO - File "/opt/***/dags/bronze_ingestion_sc_stats_etl.py", line 82, in <module>
[2025-06-08T11:05:52.455+0000] {spark_submit.py:644} INFO - main(args.output_path)
[2025-06-08T11:05:52.455+0000] {spark_submit.py:644} INFO - File "/opt/***/dags/bronze_ingestion_sc_stats_etl.py", line 59, in main
[2025-06-08T11:05:52.455+0000] {spark_submit.py:644} INFO - spark.sql("CREATE DATABASE IF NOT EXISTS sc_stats_db")
[2025-06-08T11:05:52.456+0000] {spark_submit.py:644} INFO - File "/opt/spark/python/lib/pyspark.zip/pyspark/sql/session.py", line 1631, in sql
[2025-06-08T11:05:52.456+0000] {spark_submit.py:644} INFO - File "/opt/spark/python/lib/py4j-0.10.9.7-src.zip/py4j/java_gateway.py", line 1322, in __call__
[2025-06-08T11:05:52.456+0000] {spark_submit.py:644} INFO - File "/opt/spark/python/lib/pyspark.zip/pyspark/errors/exceptions/captured.py", line 179, in deco
[2025-06-08T11:05:52.457+0000] {spark_submit.py:644} INFO - File "/opt/spark/python/lib/py4j-0.10.9.7-src.zip/py4j/protocol.py", line 326, in get_return_value
[2025-06-08T11:05:52.497+0000] {spark_submit.py:644} INFO - py4j.protocol.Py4JJavaError: An error occurred while calling o35.sql.
[2025-06-08T11:05:52.498+0000] {spark_submit.py:644} INFO - : org.apache.spark.SparkException: Cannot find catalog plugin class for catalog 'spark_catalog': org.apache.spark.sql.delta.catalog.DeltaCatalog.
[2025-06-08T11:05:52.498+0000] {spark_submit.py:644} INFO - at org.apache.spark.sql.errors.QueryExecutionErrors$.catalogPluginClassNotFoundForCatalogError(QueryExecutionErrors.scala:1926)
[2025-06-08T11:05:52.499+0000] {spark_submit.py:644} INFO - at org.apache.spark.sql.connector.catalog.Catalogs$.load(Catalogs.scala:70)
[2025-06-08T11:05:52.499+0000] {spark_submit.py:644} INFO - at org.apache.spark.sql.connector.catalog.CatalogManager.loadV2SessionCatalog(CatalogManager.scala:68)
[2025-06-08T11:05:52.499+0000] {spark_submit.py:644} INFO - at org.apache.spark.sql.connector.catalog.CatalogManager.$anonfun$v2SessionCatalog$2(CatalogManager.scala:87)
[2025-06-08T11:05:52.500+0000] {spark_submit.py:644} INFO - at scala.collection.mutable.HashMap.getOrElseUpdate(HashMap.scala:86)
[2025-06-08T11:05:52.500+0000] {spark_submit.py:644} INFO - at org.apache.spark.sql.connector.catalog.CatalogManager.$anonfun$v2SessionCatalog$1(CatalogManager.scala:87)
[2025-06-08T11:05:52.500+0000] {spark_submit.py:644} INFO - at scala.Option.map(Option.scala:230)
[2025-06-08T11:05:52.501+0000] {spark_submit.py:644} INFO - at org.apache.spark.sql.connector.catalog.CatalogManager.v2SessionCatalog(CatalogManager.scala:86)
[2025-06-08T11:05:52.501+0000] {spark_submit.py:644} INFO - at org.apache.spark.sql.connector.catalog.CatalogManager.catalog(CatalogManager.scala:52)
[2025-06-08T11:05:52.501+0000] {spark_submit.py:644} INFO - at org.apache.spark.sql.connector.catalog.CatalogManager.currentCatalog(CatalogManager.scala:135)
[2025-06-08T11:05:52.501+0000] {spark_submit.py:644} INFO - at org.apache.spark.sql.connector.catalog.LookupCatalog.currentCatalog(LookupCatalog.scala:34)
[2025-06-08T11:05:52.502+0000] {spark_submit.py:644} INFO - at org.apache.spark.sql.connector.catalog.LookupCatalog.currentCatalog$(LookupCatalog.scala:34)
[2025-06-08T11:05:52.502+0000] {spark_submit.py:644} INFO - at org.apache.spark.sql.catalyst.analysis.ResolveCatalogs.currentCatalog(ResolveCatalogs.scala:27)
[2025-06-08T11:05:52.502+0000] {spark_submit.py:644} INFO - at org.apache.spark.sql.connector.catalog.LookupCatalog$CatalogAndNamespace$.unapply(LookupCatalog.scala:89)
[2025-06-08T11:05:52.503+0000] {spark_submit.py:644} INFO - at org.apache.spark.sql.catalyst.analysis.ResolveCatalogs$$anonfun$apply$1.applyOrElse(ResolveCatalogs.scala:51)
[2025-06-08T11:05:52.503+0000] {spark_submit.py:644} INFO - at org.apache.spark.sql.catalyst.analysis.ResolveCatalogs$$anonfun$apply$1.applyOrElse(ResolveCatalogs.scala:30)
[2025-06-08T11:05:52.504+0000] {spark_submit.py:644} INFO - at org.apache.spark.sql.catalyst.plans.logical.AnalysisHelper.$anonfun$resolveOperatorsDownWithPruning$2(AnalysisHelper.scala:170)
[2025-06-08T11:05:52.504+0000] {spark_submit.py:644} INFO - at org.apache.spark.sql.catalyst.trees.CurrentOrigin$.withOrigin(origin.scala:76)
[2025-06-08T11:05:52.504+0000] {spark_submit.py:644} INFO - at org.apache.spark.sql.catalyst.plans.logical.AnalysisHelper.$anonfun$resolveOperatorsDownWithPruning$1(AnalysisHelper.scala:170)
[2025-06-08T11:05:52.505+0000] {spark_submit.py:644} INFO - at org.apache.spark.sql.catalyst.plans.logical.AnalysisHelper$.allowInvokingTransformsInAnalyzer(AnalysisHelper.scala:323)
[2025-06-08T11:05:52.505+0000] {spark_submit.py:644} INFO - at org.apache.spark.sql.catalyst.plans.logical.AnalysisHelper.resolveOperatorsDownWithPruning(AnalysisHelper.scala:168)
[2025-06-08T11:05:52.505+0000] {spark_submit.py:644} INFO - at org.apache.spark.sql.catalyst.plans.logical.AnalysisHelper.resolveOperatorsDownWithPruning$(AnalysisHelper.scala:164)
[2025-06-08T11:05:52.505+0000] {spark_submit.py:644} INFO - at org.apache.spark.sql.catalyst.plans.logical.LogicalPlan.resolveOperatorsDownWithPruning(LogicalPlan.scala:32)
[2025-06-08T11:05:52.506+0000] {spark_submit.py:644} INFO - at org.apache.spark.sql.catalyst.plans.logical.AnalysisHelper.$anonfun$resolveOperatorsDownWithPruning$4(AnalysisHelper.scala:175)
[2025-06-08T11:05:52.506+0000] {spark_submit.py:644} INFO - at org.apache.spark.sql.catalyst.trees.UnaryLike.mapChildren(TreeNode.scala:1216)
[2025-06-08T11:05:52.506+0000] {spark_submit.py:644} INFO - at org.apache.spark.sql.catalyst.trees.UnaryLike.mapChildren$(TreeNode.scala:1215)
[2025-06-08T11:05:52.507+0000] {spark_submit.py:644} INFO - at org.apache.spark.sql.catalyst.plans.logical.CreateNamespace.mapChildren(v2Commands.scala:549)
[2025-06-08T11:05:52.507+0000] {spark_submit.py:644} INFO - at org.apache.spark.sql.catalyst.plans.logical.AnalysisHelper.$anonfun$resolveOperatorsDownWithPruning$1(AnalysisHelper.scala:175)
[2025-06-08T11:05:52.507+0000] {spark_submit.py:644} INFO - at org.apache.spark.sql.catalyst.plans.logical.AnalysisHelper$.allowInvokingTransformsInAnalyzer(AnalysisHelper.scala:323)
[2025-06-08T11:05:52.507+0000] {spark_submit.py:644} INFO - at org.apache.spark.sql.catalyst.plans.logical.AnalysisHelper.resolveOperatorsDownWithPruning(AnalysisHelper.scala:168)
[2025-06-08T11:05:52.508+0000] {spark_submit.py:644} INFO - at org.apache.spark.sql.catalyst.plans.logical.AnalysisHelper.resolveOperatorsDownWithPruning$(AnalysisHelper.scala:164)
[2025-06-08T11:05:52.508+0000] {spark_submit.py:644} INFO - at org.apache.spark.sql.catalyst.plans.logical.LogicalPlan.resolveOperatorsDownWithPruning(LogicalPlan.scala:32)
[2025-06-08T11:05:52.508+0000] {spark_submit.py:644} INFO - at org.apache.spark.sql.catalyst.plans.logical.AnalysisHelper.resolveOperatorsWithPruning(AnalysisHelper.scala:99)
[2025-06-08T11:05:52.508+0000] {spark_submit.py:644} INFO - at org.apache.spark.sql.catalyst.plans.logical.AnalysisHelper.resolveOperatorsWithPruning$(AnalysisHelper.scala:96)
[2025-06-08T11:05:52.509+0000] {spark_submit.py:644} INFO - at org.apache.spark.sql.catalyst.plans.logical.LogicalPlan.resolveOperatorsWithPruning(LogicalPlan.scala:32)
[2025-06-08T11:05:52.509+0000] {spark_submit.py:644} INFO - at org.apache.spark.sql.catalyst.plans.logical.AnalysisHelper.resolveOperators(AnalysisHelper.scala:76)
[2025-06-08T11:05:52.509+0000] {spark_submit.py:644} INFO - at org.apache.spark.sql.catalyst.plans.logical.AnalysisHelper.resolveOperators$(AnalysisHelper.scala:75)
[2025-06-08T11:05:52.509+0000] {spark_submit.py:644} INFO - at org.apache.spark.sql.catalyst.plans.logical.LogicalPlan.resolveOperators(LogicalPlan.scala:32)
[2025-06-08T11:05:52.510+0000] {spark_submit.py:644} INFO - at org.apache.spark.sql.catalyst.analysis.ResolveCatalogs.apply(ResolveCatalogs.scala:30)
[2025-06-08T11:05:52.510+0000] {spark_submit.py:644} INFO - at org.apache.spark.sql.catalyst.analysis.ResolveCatalogs.apply(ResolveCatalogs.scala:27)
[2025-06-08T11:05:52.510+0000] {spark_submit.py:644} INFO - at org.apache.spark.sql.catalyst.rules.RuleExecutor.$anonfun$execute$2(RuleExecutor.scala:222)
[2025-06-08T11:05:52.510+0000] {spark_submit.py:644} INFO - at scala.collection.LinearSeqOptimized.foldLeft(LinearSeqOptimized.scala:126)
[2025-06-08T11:05:52.511+0000] {spark_submit.py:644} INFO - at scala.collection.LinearSeqOptimized.foldLeft$(LinearSeqOptimized.scala:122)
[2025-06-08T11:05:52.511+0000] {spark_submit.py:644} INFO - at scala.collection.immutable.List.foldLeft(List.scala:91)
[2025-06-08T11:05:52.511+0000] {spark_submit.py:644} INFO - at org.apache.spark.sql.catalyst.rules.RuleExecutor.$anonfun$execute$1(RuleExecutor.scala:219)
[2025-06-08T11:05:52.512+0000] {spark_submit.py:644} INFO - at org.apache.spark.sql.catalyst.rules.RuleExecutor.$anonfun$execute$1$adapted(RuleExecutor.scala:211)
[2025-06-08T11:05:52.512+0000] {spark_submit.py:644} INFO - at scala.collection.immutable.List.foreach(List.scala:431)
[2025-06-08T11:05:52.512+0000] {spark_submit.py:644} INFO - at org.apache.spark.sql.catalyst.rules.RuleExecutor.execute(RuleExecutor.scala:211)
[2025-06-08T11:05:52.512+0000] {spark_submit.py:644} INFO - at org.apache.spark.sql.catalyst.analysis.Analyzer.org$apache$spark$sql$catalyst$analysis$Analyzer$$executeSameContext(Analyzer.scala:240)
[2025-06-08T11:05:52.512+0000] {spark_submit.py:644} INFO - at org.apache.spark.sql.catalyst.analysis.Analyzer.$anonfun$execute$1(Analyzer.scala:236)
[2025-06-08T11:05:52.513+0000] {spark_submit.py:644} INFO - at org.apache.spark.sql.catalyst.analysis.AnalysisContext$.withNewAnalysisContext(Analyzer.scala:187)
[2025-06-08T11:05:52.513+0000] {spark_submit.py:644} INFO - at org.apache.spark.sql.catalyst.analysis.Analyzer.execute(Analyzer.scala:236)
[2025-06-08T11:05:52.513+0000] {spark_submit.py:644} INFO - at org.apache.spark.sql.catalyst.analysis.Analyzer.execute(Analyzer.scala:202)
[2025-06-08T11:05:52.513+0000] {spark_submit.py:644} INFO - at org.apache.spark.sql.catalyst.rules.RuleExecutor.$anonfun$executeAndTrack$1(RuleExecutor.scala:182)
[2025-06-08T11:05:52.514+0000] {spark_submit.py:644} INFO - at org.apache.spark.sql.catalyst.QueryPlanningTracker$.withTracker(QueryPlanningTracker.scala:89)
[2025-06-08T11:05:52.514+0000] {spark_submit.py:644} INFO - at org.apache.spark.sql.catalyst.rules.RuleExecutor.executeAndTrack(RuleExecutor.scala:182)
[2025-06-08T11:05:52.514+0000] {spark_submit.py:644} INFO - at org.apache.spark.sql.catalyst.analysis.Analyzer.$anonfun$executeAndCheck$1(Analyzer.scala:223)
[2025-06-08T11:05:52.514+0000] {spark_submit.py:644} INFO - at org.apache.spark.sql.catalyst.plans.logical.AnalysisHelper$.markInAnalyzer(AnalysisHelper.scala:330)
[2025-06-08T11:05:52.514+0000] {spark_submit.py:644} INFO - at org.apache.spark.sql.catalyst.analysis.Analyzer.executeAndCheck(Analyzer.scala:222)
[2025-06-08T11:05:52.515+0000] {spark_submit.py:644} INFO - at org.apache.spark.sql.execution.QueryExecution.$anonfun$analyzed$1(QueryExecution.scala:77)
[2025-06-08T11:05:52.515+0000] {spark_submit.py:644} INFO - at org.apache.spark.sql.catalyst.QueryPlanningTracker.measurePhase(QueryPlanningTracker.scala:138)
[2025-06-08T11:05:52.515+0000] {spark_submit.py:644} INFO - at org.apache.spark.sql.execution.QueryExecution.$anonfun$executePhase$2(QueryExecution.scala:219)
[2025-06-08T11:05:52.515+0000] {spark_submit.py:644} INFO - at org.apache.spark.sql.execution.QueryExecution$.withInternalError(QueryExecution.scala:546)
[2025-06-08T11:05:52.515+0000] {spark_submit.py:644} INFO - at org.apache.spark.sql.execution.QueryExecution.$anonfun$executePhase$1(QueryExecution.scala:219)
[2025-06-08T11:05:52.516+0000] {spark_submit.py:644} INFO - at org.apache.spark.sql.SparkSession.withActive(SparkSession.scala:900)
[2025-06-08T11:05:52.516+0000] {spark_submit.py:644} INFO - at org.apache.spark.sql.execution.QueryExecution.executePhase(QueryExecution.scala:218)
[2025-06-08T11:05:52.516+0000] {spark_submit.py:644} INFO - at org.apache.spark.sql.execution.QueryExecution.analyzed$lzycompute(QueryExecution.scala:77)
[2025-06-08T11:05:52.516+0000] {spark_submit.py:644} INFO - at org.apache.spark.sql.execution.QueryExecution.analyzed(QueryExecution.scala:74)
[2025-06-08T11:05:52.516+0000] {spark_submit.py:644} INFO - at org.apache.spark.sql.execution.QueryExecution.assertAnalyzed(QueryExecution.scala:66)
[2025-06-08T11:05:52.517+0000] {spark_submit.py:644} INFO - at org.apache.spark.sql.Dataset$.$anonfun$ofRows$2(Dataset.scala:99)
[2025-06-08T11:05:52.517+0000] {spark_submit.py:644} INFO - at org.apache.spark.sql.SparkSession.withActive(SparkSession.scala:900)
[2025-06-08T11:05:52.517+0000] {spark_submit.py:644} INFO - at org.apache.spark.sql.Dataset$.ofRows(Dataset.scala:97)
[2025-06-08T11:05:52.517+0000] {spark_submit.py:644} INFO - at org.apache.spark.sql.SparkSession.$anonfun$sql$1(SparkSession.scala:638)
[2025-06-08T11:05:52.518+0000] {spark_submit.py:644} INFO - at org.apache.spark.sql.SparkSession.withActive(SparkSession.scala:900)
[2025-06-08T11:05:52.518+0000] {spark_submit.py:644} INFO - at org.apache.spark.sql.SparkSession.sql(SparkSession.scala:629)
[2025-06-08T11:05:52.519+0000] {spark_submit.py:644} INFO - at org.apache.spark.sql.SparkSession.sql(SparkSession.scala:659)
[2025-06-08T11:05:52.519+0000] {spark_submit.py:644} INFO - at java.base/jdk.internal.reflect.NativeMethodAccessorImpl.invoke0(Native Method)
[2025-06-08T11:05:52.519+0000] {spark_submit.py:644} INFO - at java.base/jdk.internal.reflect.NativeMethodAccessorImpl.invoke(NativeMethodAccessorImpl.java:77)
[2025-06-08T11:05:52.519+0000] {spark_submit.py:644} INFO - at java.base/jdk.internal.reflect.DelegatingMethodAccessorImpl.invoke(DelegatingMethodAccessorImpl.java:43)
[2025-06-08T11:05:52.520+0000] {spark_submit.py:644} INFO - at java.base/java.lang.reflect.Method.invoke(Method.java:569)
[2025-06-08T11:05:52.520+0000] {spark_submit.py:644} INFO - at py4j.reflection.MethodInvoker.invoke(MethodInvoker.java:244)
[2025-06-08T11:05:52.520+0000] {spark_submit.py:644} INFO - at py4j.reflection.ReflectionEngine.invoke(ReflectionEngine.java:374)
[2025-06-08T11:05:52.520+0000] {spark_submit.py:644} INFO - at py4j.Gateway.invoke(Gateway.java:282)
[2025-06-08T11:05:52.521+0000] {spark_submit.py:644} INFO - at py4j.commands.AbstractCommand.invokeMethod(AbstractCommand.java:132)
[2025-06-08T11:05:52.521+0000] {spark_submit.py:644} INFO - at py4j.commands.CallCommand.execute(CallCommand.java:79)
[2025-06-08T11:05:52.521+0000] {spark_submit.py:644} INFO - at py4j.ClientServerConnection.waitForCommands(ClientServerConnection.java:182)
[2025-06-08T11:05:52.521+0000] {spark_submit.py:644} INFO - at py4j.ClientServerConnection.run(ClientServerConnection.java:106)
[2025-06-08T11:05:52.521+0000] {spark_submit.py:644} INFO - at java.base/java.lang.Thread.run(Thread.java:840)
[2025-06-08T11:05:52.522+0000] {spark_submit.py:644} INFO - Caused by: java.lang.ClassNotFoundException: org.apache.spark.sql.delta.catalog.DeltaCatalog
[2025-06-08T11:05:52.522+0000] {spark_submit.py:644} INFO - at java.base/java.net.URLClassLoader.findClass(URLClassLoader.java:445)
[2025-06-08T11:05:52.522+0000] {spark_submit.py:644} INFO - at java.base/java.lang.ClassLoader.loadClass(ClassLoader.java:592)
[2025-06-08T11:05:52.522+0000] {spark_submit.py:644} INFO - at java.base/java.lang.ClassLoader.loadClass(ClassLoader.java:525)
[2025-06-08T11:05:52.522+0000] {spark_submit.py:644} INFO - at org.apache.spark.sql.connector.catalog.Catalogs$.load(Catalogs.scala:60)
[2025-06-08T11:05:52.523+0000] {spark_submit.py:644} INFO - ... 86 more
[2025-06-08T11:05:52.523+0000] {spark_submit.py:644} INFO - 
[2025-06-08T11:05:52.534+0000] {spark_submit.py:644} INFO - 25/06/08 11:05:52 INFO ShutdownHookManager: Shutdown hook called
[2025-06-08T11:05:52.534+0000] {spark_submit.py:644} INFO - 25/06/08 11:05:52 INFO ShutdownHookManager: Deleting directory /tmp/spark-125d2122-c6b1-422e-b006-abfdc491038d
[2025-06-08T11:05:52.536+0000] {spark_submit.py:644} INFO - 25/06/08 11:05:52 INFO ShutdownHookManager: Deleting directory /tmp/spark-125d2122-c6b1-422e-b006-abfdc491038d/pyspark-1fdc7db0-e30e-430f-94dc-a3a5acedf3aa
[2025-06-08T11:05:52.539+0000] {spark_submit.py:644} INFO - 25/06/08 11:05:52 INFO ShutdownHookManager: Deleting directory /tmp/spark-0eff601b-d31f-4484-a759-e2bb1c23fd6b
[2025-06-08T11:05:52.577+0000] {taskinstance.py:3311} ERROR - Task failed with exception
Traceback (most recent call last):
  File "/home/airflow/.local/lib/python3.11/site-packages/airflow/models/taskinstance.py", line 767, in _execute_task
    result = _execute_callable(context=context, **execute_callable_kwargs)
             ^^^^^^^^^^^^^^^^^^^^^^^^^^^^^^^^^^^^^^^^^^^^^^^^^^^^^^^^^^^^^
  File "/home/airflow/.local/lib/python3.11/site-packages/airflow/models/taskinstance.py", line 733, in _execute_callable
    return ExecutionCallableRunner(
           ^^^^^^^^^^^^^^^^^^^^^^^^
  File "/home/airflow/.local/lib/python3.11/site-packages/airflow/utils/operator_helpers.py", line 252, in run
    return self.func(*args, **kwargs)
           ^^^^^^^^^^^^^^^^^^^^^^^^^^
  File "/home/airflow/.local/lib/python3.11/site-packages/airflow/models/baseoperator.py", line 417, in wrapper
    return func(self, *args, **kwargs)
           ^^^^^^^^^^^^^^^^^^^^^^^^^^^
  File "/home/airflow/.local/lib/python3.11/site-packages/airflow/providers/apache/spark/operators/spark_submit.py", line 197, in execute
    self._hook.submit(self.application)
  File "/home/airflow/.local/lib/python3.11/site-packages/airflow/providers/apache/spark/hooks/spark_submit.py", line 566, in submit
    raise AirflowException(
airflow.exceptions.AirflowException: Cannot execute: spark-submit --master spark://spark-master:7077 --conf spark.sql.extensions=io.delta.sql.DeltaSparkSessionExtension --conf spark.sql.catalog.spark_catalog=org.apache.spark.sql.delta.catalog.DeltaCatalog --conf spark.hadoop.fs.s3a.endpoint=http://minio:9000 --conf spark.hadoop.fs.s3a.access.key=minioadmin --conf spark.hadoop.fs.s3a.secret.key=****** --conf spark.hadoop.fs.s3a.path.style.access=true --conf spark.hadoop.fs.s3a.impl=org.apache.hadoop.fs.s3a.S3AFileSystem --conf spark.hadoop.fs.s3a.aws.credentials.provider=org.apache.hadoop.fs.s3a.SimpleAWSCredentialsProvider --name arrow-spark --queue root.default --deploy-mode client dags/bronze_ingestion_sc_stats_etl.py --output_path s3a://mybucket/sc_stats_db/bronze/raw_data. Error code is: 1.
[2025-06-08T11:05:52.580+0000] {taskinstance.py:1225} INFO - Marking task as FAILED. dag_id=stephen_curry_stats_medallion_etl, task_id=bronze_ingestion, run_id=manual__2025-06-08T11:05:47.472422+00:00, execution_date=20250608T110547, start_date=20250608T110548, end_date=20250608T110552
[2025-06-08T11:05:52.586+0000] {taskinstance.py:340} INFO - ::group::Post task execution logs
[2025-06-08T11:05:52.586+0000] {standard_task_runner.py:124} ERROR - Failed to execute job 18 for task bronze_ingestion (Cannot execute: spark-submit --master spark://spark-master:7077 --conf spark.sql.extensions=io.delta.sql.DeltaSparkSessionExtension --conf spark.sql.catalog.spark_catalog=org.apache.spark.sql.delta.catalog.DeltaCatalog --conf spark.hadoop.fs.s3a.endpoint=http://minio:9000 --conf spark.hadoop.fs.s3a.access.key=minioadmin --conf spark.hadoop.fs.s3a.secret.key=****** --conf spark.hadoop.fs.s3a.path.style.access=true --conf spark.hadoop.fs.s3a.impl=org.apache.hadoop.fs.s3a.S3AFileSystem --conf spark.hadoop.fs.s3a.aws.credentials.provider=org.apache.hadoop.fs.s3a.SimpleAWSCredentialsProvider --name arrow-spark --queue root.default --deploy-mode client dags/bronze_ingestion_sc_stats_etl.py --output_path s3a://mybucket/sc_stats_db/bronze/raw_data. Error code is: 1.; 647)
Traceback (most recent call last):
  File "/home/airflow/.local/lib/python3.11/site-packages/airflow/task/task_runner/standard_task_runner.py", line 117, in _start_by_fork
    ret = args.func(args, dag=self.dag)
          ^^^^^^^^^^^^^^^^^^^^^^^^^^^^^
  File "/home/airflow/.local/lib/python3.11/site-packages/airflow/cli/cli_config.py", line 49, in command
    return func(*args, **kwargs)
           ^^^^^^^^^^^^^^^^^^^^^
  File "/home/airflow/.local/lib/python3.11/site-packages/airflow/utils/cli.py", line 116, in wrapper
    return f(*args, **kwargs)
           ^^^^^^^^^^^^^^^^^^
  File "/home/airflow/.local/lib/python3.11/site-packages/airflow/cli/commands/task_command.py", line 483, in task_run
    task_return_code = _run_task_by_selected_method(args, _dag, ti)
                       ^^^^^^^^^^^^^^^^^^^^^^^^^^^^^^^^^^^^^^^^^^^^
  File "/home/airflow/.local/lib/python3.11/site-packages/airflow/cli/commands/task_command.py", line 256, in _run_task_by_selected_method
    return _run_raw_task(args, ti)
           ^^^^^^^^^^^^^^^^^^^^^^^
  File "/home/airflow/.local/lib/python3.11/site-packages/airflow/cli/commands/task_command.py", line 341, in _run_raw_task
    return ti._run_raw_task(
           ^^^^^^^^^^^^^^^^^
  File "/home/airflow/.local/lib/python3.11/site-packages/airflow/utils/session.py", line 97, in wrapper
    return func(*args, session=session, **kwargs)
           ^^^^^^^^^^^^^^^^^^^^^^^^^^^^^^^^^^^^^^
  File "/home/airflow/.local/lib/python3.11/site-packages/airflow/models/taskinstance.py", line 3005, in _run_raw_task
    return _run_raw_task(
           ^^^^^^^^^^^^^^
  File "/home/airflow/.local/lib/python3.11/site-packages/airflow/models/taskinstance.py", line 273, in _run_raw_task
    TaskInstance._execute_task_with_callbacks(
  File "/home/airflow/.local/lib/python3.11/site-packages/airflow/models/taskinstance.py", line 3159, in _execute_task_with_callbacks
    result = self._execute_task(context, task_orig)
             ^^^^^^^^^^^^^^^^^^^^^^^^^^^^^^^^^^^^^^
  File "/home/airflow/.local/lib/python3.11/site-packages/airflow/models/taskinstance.py", line 3183, in _execute_task
    return _execute_task(self, context, task_orig)
           ^^^^^^^^^^^^^^^^^^^^^^^^^^^^^^^^^^^^^^^
  File "/home/airflow/.local/lib/python3.11/site-packages/airflow/models/taskinstance.py", line 767, in _execute_task
    result = _execute_callable(context=context, **execute_callable_kwargs)
             ^^^^^^^^^^^^^^^^^^^^^^^^^^^^^^^^^^^^^^^^^^^^^^^^^^^^^^^^^^^^^
  File "/home/airflow/.local/lib/python3.11/site-packages/airflow/models/taskinstance.py", line 733, in _execute_callable
    return ExecutionCallableRunner(
           ^^^^^^^^^^^^^^^^^^^^^^^^
  File "/home/airflow/.local/lib/python3.11/site-packages/airflow/utils/operator_helpers.py", line 252, in run
    return self.func(*args, **kwargs)
           ^^^^^^^^^^^^^^^^^^^^^^^^^^
  File "/home/airflow/.local/lib/python3.11/site-packages/airflow/models/baseoperator.py", line 417, in wrapper
    return func(self, *args, **kwargs)
           ^^^^^^^^^^^^^^^^^^^^^^^^^^^
  File "/home/airflow/.local/lib/python3.11/site-packages/airflow/providers/apache/spark/operators/spark_submit.py", line 197, in execute
    self._hook.submit(self.application)
  File "/home/airflow/.local/lib/python3.11/site-packages/airflow/providers/apache/spark/hooks/spark_submit.py", line 566, in submit
    raise AirflowException(
airflow.exceptions.AirflowException: Cannot execute: spark-submit --master spark://spark-master:7077 --conf spark.sql.extensions=io.delta.sql.DeltaSparkSessionExtension --conf spark.sql.catalog.spark_catalog=org.apache.spark.sql.delta.catalog.DeltaCatalog --conf spark.hadoop.fs.s3a.endpoint=http://minio:9000 --conf spark.hadoop.fs.s3a.access.key=minioadmin --conf spark.hadoop.fs.s3a.secret.key=****** --conf spark.hadoop.fs.s3a.path.style.access=true --conf spark.hadoop.fs.s3a.impl=org.apache.hadoop.fs.s3a.S3AFileSystem --conf spark.hadoop.fs.s3a.aws.credentials.provider=org.apache.hadoop.fs.s3a.SimpleAWSCredentialsProvider --name arrow-spark --queue root.default --deploy-mode client dags/bronze_ingestion_sc_stats_etl.py --output_path s3a://mybucket/sc_stats_db/bronze/raw_data. Error code is: 1.
[2025-06-08T11:05:52.597+0000] {local_task_job_runner.py:266} INFO - Task exited with return code 1
[2025-06-08T11:05:52.610+0000] {taskinstance.py:3895} INFO - 0 downstream tasks scheduled from follow-on schedule check
[2025-06-08T11:05:52.613+0000] {local_task_job_runner.py:245} INFO - ::endgroup::
