[2025-06-07T15:32:15.563+0000] {local_task_job_runner.py:123} INFO - ::group::Pre task execution logs
[2025-06-07T15:32:15.573+0000] {taskinstance.py:2613} INFO - Dependencies all met for dep_context=non-requeueable deps ti=<TaskInstance: stephen_curry_stats_medallion_etl.ensure_bucket_exists scheduled__2025-06-06T00:00:00+00:00 [queued]>
[2025-06-07T15:32:15.578+0000] {taskinstance.py:2613} INFO - Dependencies all met for dep_context=requeueable deps ti=<TaskInstance: stephen_curry_stats_medallion_etl.ensure_bucket_exists scheduled__2025-06-06T00:00:00+00:00 [queued]>
[2025-06-07T15:32:15.579+0000] {taskinstance.py:2866} INFO - Starting attempt 1 of 1
[2025-06-07T15:32:15.587+0000] {taskinstance.py:2889} INFO - Executing <Task(PythonOperator): ensure_bucket_exists> on 2025-06-06 00:00:00+00:00
[2025-06-07T15:32:15.590+0000] {standard_task_runner.py:72} INFO - Started process 198 to run task
[2025-06-07T15:32:15.592+0000] {standard_task_runner.py:104} INFO - Running: ['***', 'tasks', 'run', 'stephen_curry_stats_medallion_etl', 'ensure_bucket_exists', 'scheduled__2025-06-06T00:00:00+00:00', '--job-id', '3', '--raw', '--subdir', 'DAGS_FOLDER/medallion_sales_etl_dag.py', '--cfg-path', '/tmp/tmpkpoyiadm']
[2025-06-07T15:32:15.594+0000] {standard_task_runner.py:105} INFO - Job 3: Subtask ensure_bucket_exists
[2025-06-07T15:32:15.628+0000] {task_command.py:467} INFO - Running <TaskInstance: stephen_curry_stats_medallion_etl.ensure_bucket_exists scheduled__2025-06-06T00:00:00+00:00 [running]> on host a8930d57bcb9
[2025-06-07T15:32:15.678+0000] {taskinstance.py:3132} INFO - Exporting env vars: AIRFLOW_CTX_DAG_OWNER='***' AIRFLOW_CTX_DAG_ID='stephen_curry_stats_medallion_etl' AIRFLOW_CTX_TASK_ID='ensure_bucket_exists' AIRFLOW_CTX_EXECUTION_DATE='2025-06-06T00:00:00+00:00' AIRFLOW_CTX_TRY_NUMBER='1' AIRFLOW_CTX_DAG_RUN_ID='scheduled__2025-06-06T00:00:00+00:00'
[2025-06-07T15:32:15.679+0000] {taskinstance.py:731} INFO - ::endgroup::
[2025-06-07T15:32:15.700+0000] {logging_mixin.py:190} INFO - Bucket 'mybucket' not found. Creating it...
[2025-06-07T15:32:15.704+0000] {logging_mixin.py:190} INFO - Bucket 'mybucket' created successfully.
[2025-06-07T15:32:15.704+0000] {python.py:240} INFO - Done. Returned value was: True
[2025-06-07T15:32:15.719+0000] {taskinstance.py:340} INFO - ::group::Post task execution logs
[2025-06-07T15:32:15.719+0000] {taskinstance.py:352} INFO - Marking task as SUCCESS. dag_id=stephen_curry_stats_medallion_etl, task_id=ensure_bucket_exists, run_id=scheduled__2025-06-06T00:00:00+00:00, execution_date=20250606T000000, start_date=20250607T153215, end_date=20250607T153215
[2025-06-07T15:32:15.733+0000] {local_task_job_runner.py:266} INFO - Task exited with return code 0
[2025-06-07T15:32:15.747+0000] {taskinstance.py:3895} INFO - 1 downstream tasks scheduled from follow-on schedule check
[2025-06-07T15:32:15.748+0000] {local_task_job_runner.py:245} INFO - ::endgroup::
[2025-06-07T15:52:04.558+0000] {local_task_job_runner.py:123} INFO - ::group::Pre task execution logs
[2025-06-07T15:52:04.569+0000] {taskinstance.py:2613} INFO - Dependencies all met for dep_context=non-requeueable deps ti=<TaskInstance: stephen_curry_stats_medallion_etl.ensure_bucket_exists scheduled__2025-06-06T00:00:00+00:00 [queued]>
[2025-06-07T15:52:04.574+0000] {taskinstance.py:2613} INFO - Dependencies all met for dep_context=requeueable deps ti=<TaskInstance: stephen_curry_stats_medallion_etl.ensure_bucket_exists scheduled__2025-06-06T00:00:00+00:00 [queued]>
[2025-06-07T15:52:04.576+0000] {taskinstance.py:2866} INFO - Starting attempt 1 of 1
[2025-06-07T15:52:04.583+0000] {taskinstance.py:2889} INFO - Executing <Task(PythonOperator): ensure_bucket_exists> on 2025-06-06 00:00:00+00:00
[2025-06-07T15:52:04.586+0000] {standard_task_runner.py:72} INFO - Started process 193 to run task
[2025-06-07T15:52:04.588+0000] {standard_task_runner.py:104} INFO - Running: ['***', 'tasks', 'run', 'stephen_curry_stats_medallion_etl', 'ensure_bucket_exists', 'scheduled__2025-06-06T00:00:00+00:00', '--job-id', '3', '--raw', '--subdir', 'DAGS_FOLDER/medallion_sales_etl_dag.py', '--cfg-path', '/tmp/tmpqwr6xf86']
[2025-06-07T15:52:04.593+0000] {standard_task_runner.py:105} INFO - Job 3: Subtask ensure_bucket_exists
[2025-06-07T15:52:04.626+0000] {task_command.py:467} INFO - Running <TaskInstance: stephen_curry_stats_medallion_etl.ensure_bucket_exists scheduled__2025-06-06T00:00:00+00:00 [running]> on host b5e5641a3f5a
[2025-06-07T15:52:04.675+0000] {taskinstance.py:3132} INFO - Exporting env vars: AIRFLOW_CTX_DAG_OWNER='***' AIRFLOW_CTX_DAG_ID='stephen_curry_stats_medallion_etl' AIRFLOW_CTX_TASK_ID='ensure_bucket_exists' AIRFLOW_CTX_EXECUTION_DATE='2025-06-06T00:00:00+00:00' AIRFLOW_CTX_TRY_NUMBER='1' AIRFLOW_CTX_DAG_RUN_ID='scheduled__2025-06-06T00:00:00+00:00'
[2025-06-07T15:52:04.676+0000] {taskinstance.py:731} INFO - ::endgroup::
[2025-06-07T15:52:04.698+0000] {logging_mixin.py:190} INFO - Bucket 'mybucket' not found. Creating it...
[2025-06-07T15:52:04.702+0000] {logging_mixin.py:190} INFO - Bucket 'mybucket' created successfully.
[2025-06-07T15:52:04.702+0000] {python.py:240} INFO - Done. Returned value was: True
[2025-06-07T15:52:04.717+0000] {taskinstance.py:340} INFO - ::group::Post task execution logs
[2025-06-07T15:52:04.718+0000] {taskinstance.py:352} INFO - Marking task as SUCCESS. dag_id=stephen_curry_stats_medallion_etl, task_id=ensure_bucket_exists, run_id=scheduled__2025-06-06T00:00:00+00:00, execution_date=20250606T000000, start_date=20250607T155204, end_date=20250607T155204
[2025-06-07T15:52:04.729+0000] {local_task_job_runner.py:266} INFO - Task exited with return code 0
[2025-06-07T15:52:04.745+0000] {taskinstance.py:3895} INFO - 1 downstream tasks scheduled from follow-on schedule check
[2025-06-07T15:52:04.746+0000] {local_task_job_runner.py:245} INFO - ::endgroup::
[2025-06-07T16:23:48.538+0000] {local_task_job_runner.py:123} INFO - ::group::Pre task execution logs
[2025-06-07T16:23:48.549+0000] {taskinstance.py:2613} INFO - Dependencies all met for dep_context=non-requeueable deps ti=<TaskInstance: stephen_curry_stats_medallion_etl.ensure_bucket_exists scheduled__2025-06-06T00:00:00+00:00 [queued]>
[2025-06-07T16:23:48.554+0000] {taskinstance.py:2613} INFO - Dependencies all met for dep_context=requeueable deps ti=<TaskInstance: stephen_curry_stats_medallion_etl.ensure_bucket_exists scheduled__2025-06-06T00:00:00+00:00 [queued]>
[2025-06-07T16:23:48.556+0000] {taskinstance.py:2866} INFO - Starting attempt 1 of 1
[2025-06-07T16:23:48.563+0000] {taskinstance.py:2889} INFO - Executing <Task(PythonOperator): ensure_bucket_exists> on 2025-06-06 00:00:00+00:00
[2025-06-07T16:23:48.566+0000] {standard_task_runner.py:72} INFO - Started process 200 to run task
[2025-06-07T16:23:48.568+0000] {standard_task_runner.py:104} INFO - Running: ['***', 'tasks', 'run', 'stephen_curry_stats_medallion_etl', 'ensure_bucket_exists', 'scheduled__2025-06-06T00:00:00+00:00', '--job-id', '3', '--raw', '--subdir', 'DAGS_FOLDER/medallion_sales_etl_dag.py', '--cfg-path', '/tmp/tmp3iezev1o']
[2025-06-07T16:23:48.570+0000] {standard_task_runner.py:105} INFO - Job 3: Subtask ensure_bucket_exists
[2025-06-07T16:23:48.610+0000] {task_command.py:467} INFO - Running <TaskInstance: stephen_curry_stats_medallion_etl.ensure_bucket_exists scheduled__2025-06-06T00:00:00+00:00 [running]> on host ae00baecdfb8
[2025-06-07T16:23:48.673+0000] {taskinstance.py:3132} INFO - Exporting env vars: AIRFLOW_CTX_DAG_OWNER='***' AIRFLOW_CTX_DAG_ID='stephen_curry_stats_medallion_etl' AIRFLOW_CTX_TASK_ID='ensure_bucket_exists' AIRFLOW_CTX_EXECUTION_DATE='2025-06-06T00:00:00+00:00' AIRFLOW_CTX_TRY_NUMBER='1' AIRFLOW_CTX_DAG_RUN_ID='scheduled__2025-06-06T00:00:00+00:00'
[2025-06-07T16:23:48.674+0000] {taskinstance.py:731} INFO - ::endgroup::
[2025-06-07T16:23:48.689+0000] {logging_mixin.py:190} INFO - Bucket 'mybucket' already exists.
[2025-06-07T16:23:48.690+0000] {python.py:240} INFO - Done. Returned value was: True
[2025-06-07T16:23:48.704+0000] {taskinstance.py:340} INFO - ::group::Post task execution logs
[2025-06-07T16:23:48.704+0000] {taskinstance.py:352} INFO - Marking task as SUCCESS. dag_id=stephen_curry_stats_medallion_etl, task_id=ensure_bucket_exists, run_id=scheduled__2025-06-06T00:00:00+00:00, execution_date=20250606T000000, start_date=20250607T162348, end_date=20250607T162348
[2025-06-07T16:23:48.750+0000] {local_task_job_runner.py:266} INFO - Task exited with return code 0
[2025-06-07T16:23:48.765+0000] {taskinstance.py:3895} INFO - 1 downstream tasks scheduled from follow-on schedule check
[2025-06-07T16:23:48.766+0000] {local_task_job_runner.py:245} INFO - ::endgroup::
