[2025-06-08T08:47:16.697+0000] {local_task_job_runner.py:123} INFO - ::group::Pre task execution logs
[2025-06-08T08:47:16.706+0000] {taskinstance.py:2613} INFO - Dependencies all met for dep_context=non-requeueable deps ti=<TaskInstance: stephen_curry_stats_medallion_etl.bronze_to_silver manual__2025-06-08T08:46:59.772718+00:00 [queued]>
[2025-06-08T08:47:16.709+0000] {taskinstance.py:2613} INFO - Dependencies all met for dep_context=requeueable deps ti=<TaskInstance: stephen_curry_stats_medallion_etl.bronze_to_silver manual__2025-06-08T08:46:59.772718+00:00 [queued]>
[2025-06-08T08:47:16.710+0000] {taskinstance.py:2866} INFO - Starting attempt 1 of 1
[2025-06-08T08:47:16.715+0000] {taskinstance.py:2889} INFO - Executing <Task(SparkSubmitOperator): bronze_to_silver> on 2025-06-08 08:46:59.772718+00:00
[2025-06-08T08:47:16.717+0000] {standard_task_runner.py:72} INFO - Started process 12564 to run task
[2025-06-08T08:47:16.719+0000] {standard_task_runner.py:104} INFO - Running: ['***', 'tasks', 'run', 'stephen_curry_stats_medallion_etl', 'bronze_to_silver', 'manual__2025-06-08T08:46:59.772718+00:00', '--job-id', '59', '--raw', '--subdir', 'DAGS_FOLDER/medallion_sales_etl_dag.py', '--cfg-path', '/tmp/tmp8xrwsj5l']
[2025-06-08T08:47:16.720+0000] {standard_task_runner.py:105} INFO - Job 59: Subtask bronze_to_silver
[2025-06-08T08:47:16.746+0000] {task_command.py:467} INFO - Running <TaskInstance: stephen_curry_stats_medallion_etl.bronze_to_silver manual__2025-06-08T08:46:59.772718+00:00 [running]> on host ae00baecdfb8
[2025-06-08T08:47:16.792+0000] {taskinstance.py:3132} INFO - Exporting env vars: AIRFLOW_CTX_DAG_OWNER='***' AIRFLOW_CTX_DAG_ID='stephen_curry_stats_medallion_etl' AIRFLOW_CTX_TASK_ID='bronze_to_silver' AIRFLOW_CTX_EXECUTION_DATE='2025-06-08T08:46:59.772718+00:00' AIRFLOW_CTX_TRY_NUMBER='1' AIRFLOW_CTX_DAG_RUN_ID='manual__2025-06-08T08:46:59.772718+00:00'
[2025-06-08T08:47:16.793+0000] {taskinstance.py:731} INFO - ::endgroup::
[2025-06-08T08:47:16.810+0000] {base.py:84} INFO - Retrieving connection 'spark_default'
[2025-06-08T08:47:16.811+0000] {spark_submit.py:474} INFO - Spark-Submit cmd: spark-submit --master spark://spark-master:7077 --conf spark.sql.extensions=io.delta.sql.DeltaSparkSessionExtension --conf spark.sql.catalog.spark_catalog=org.apache.spark.sql.delta.catalog.DeltaCatalog --conf spark.hadoop.fs.s3a.endpoint=http://minio:9000 --conf spark.hadoop.fs.s3a.access.key=minioadmin --conf spark.hadoop.fs.s3a.secret.key=****** --conf spark.hadoop.fs.s3a.path.style.access=true --conf spark.hadoop.fs.s3a.impl=org.apache.hadoop.fs.s3a.S3AFileSystem --conf spark.hadoop.fs.s3a.aws.credentials.provider=org.apache.hadoop.fs.s3a.SimpleAWSCredentialsProvider --packages org.apache.hadoop:hadoop-aws:3.3.4,com.amazonaws:aws-java-sdk-bundle:1.12.262,io.delta:delta-spark_2.12:3.1.0 --name arrow-spark --queue root.default --deploy-mode client dags/bronze_to_silver_sc_stats_etl.py --output_path s3a://mybucket/sc_stats_db/silver/transformed_data
[2025-06-08T08:47:17.504+0000] {spark_submit.py:644} INFO - :: loading settings :: url = jar:file:/home/***/.local/lib/python3.11/site-packages/pyspark/jars/ivy-2.5.1.jar!/org/apache/ivy/core/settings/ivysettings.xml
[2025-06-08T08:47:17.539+0000] {spark_submit.py:644} INFO - Ivy Default Cache set to: /home/***/.ivy2/cache
[2025-06-08T08:47:17.540+0000] {spark_submit.py:644} INFO - The jars for the packages stored in: /home/***/.ivy2/jars
[2025-06-08T08:47:17.542+0000] {spark_submit.py:644} INFO - org.apache.hadoop#hadoop-aws added as a dependency
[2025-06-08T08:47:17.542+0000] {spark_submit.py:644} INFO - com.amazonaws#aws-java-sdk-bundle added as a dependency
[2025-06-08T08:47:17.542+0000] {spark_submit.py:644} INFO - io.delta#delta-spark_2.12 added as a dependency
[2025-06-08T08:47:17.543+0000] {spark_submit.py:644} INFO - :: resolving dependencies :: org.apache.spark#spark-submit-parent-fe55ed31-c059-469a-aa6d-a0b8094489ce;1.0
[2025-06-08T08:47:17.543+0000] {spark_submit.py:644} INFO - confs: [default]
[2025-06-08T08:47:17.620+0000] {spark_submit.py:644} INFO - found org.apache.hadoop#hadoop-aws;3.3.4 in central
[2025-06-08T08:47:17.632+0000] {spark_submit.py:644} INFO - found com.amazonaws#aws-java-sdk-bundle;1.12.262 in central
[2025-06-08T08:47:17.644+0000] {spark_submit.py:644} INFO - found org.wildfly.openssl#wildfly-openssl;1.0.7.Final in central
[2025-06-08T08:47:17.652+0000] {spark_submit.py:644} INFO - found io.delta#delta-spark_2.12;3.1.0 in central
[2025-06-08T08:47:17.662+0000] {spark_submit.py:644} INFO - found io.delta#delta-storage;3.1.0 in central
[2025-06-08T08:47:17.669+0000] {spark_submit.py:644} INFO - found org.antlr#antlr4-runtime;4.9.3 in central
[2025-06-08T08:47:17.683+0000] {spark_submit.py:644} INFO - :: resolution report :: resolve 134ms :: artifacts dl 6ms
[2025-06-08T08:47:17.683+0000] {spark_submit.py:644} INFO - :: modules in use:
[2025-06-08T08:47:17.683+0000] {spark_submit.py:644} INFO - com.amazonaws#aws-java-sdk-bundle;1.12.262 from central in [default]
[2025-06-08T08:47:17.683+0000] {spark_submit.py:644} INFO - io.delta#delta-spark_2.12;3.1.0 from central in [default]
[2025-06-08T08:47:17.683+0000] {spark_submit.py:644} INFO - io.delta#delta-storage;3.1.0 from central in [default]
[2025-06-08T08:47:17.683+0000] {spark_submit.py:644} INFO - org.antlr#antlr4-runtime;4.9.3 from central in [default]
[2025-06-08T08:47:17.683+0000] {spark_submit.py:644} INFO - org.apache.hadoop#hadoop-aws;3.3.4 from central in [default]
[2025-06-08T08:47:17.684+0000] {spark_submit.py:644} INFO - org.wildfly.openssl#wildfly-openssl;1.0.7.Final from central in [default]
[2025-06-08T08:47:17.684+0000] {spark_submit.py:644} INFO - ---------------------------------------------------------------------
[2025-06-08T08:47:17.684+0000] {spark_submit.py:644} INFO - |                  |            modules            ||   artifacts   |
[2025-06-08T08:47:17.684+0000] {spark_submit.py:644} INFO - |       conf       | number| search|dwnlded|evicted|| number|dwnlded|
[2025-06-08T08:47:17.684+0000] {spark_submit.py:644} INFO - ---------------------------------------------------------------------
[2025-06-08T08:47:17.684+0000] {spark_submit.py:644} INFO - |      default     |   6   |   0   |   0   |   0   ||   6   |   0   |
[2025-06-08T08:47:17.684+0000] {spark_submit.py:644} INFO - ---------------------------------------------------------------------
[2025-06-08T08:47:17.686+0000] {spark_submit.py:644} INFO - :: retrieving :: org.apache.spark#spark-submit-parent-fe55ed31-c059-469a-aa6d-a0b8094489ce
[2025-06-08T08:47:17.686+0000] {spark_submit.py:644} INFO - confs: [default]
[2025-06-08T08:47:17.689+0000] {spark_submit.py:644} INFO - 0 artifacts copied, 6 already retrieved (0kB/3ms)
[2025-06-08T08:47:17.776+0000] {spark_submit.py:644} INFO - 25/06/08 08:47:17 WARN NativeCodeLoader: Unable to load native-hadoop library for your platform... using builtin-java classes where applicable
[2025-06-08T08:47:18.458+0000] {spark_submit.py:644} INFO - 25/06/08 08:47:18 INFO SparkContext: Running Spark version 3.5.2
[2025-06-08T08:47:18.458+0000] {spark_submit.py:644} INFO - 25/06/08 08:47:18 INFO SparkContext: OS info Linux, 6.10.14-linuxkit, aarch64
[2025-06-08T08:47:18.459+0000] {spark_submit.py:644} INFO - 25/06/08 08:47:18 INFO SparkContext: Java version 17.0.15
[2025-06-08T08:47:18.469+0000] {spark_submit.py:644} INFO - 25/06/08 08:47:18 INFO ResourceUtils: ==============================================================
[2025-06-08T08:47:18.470+0000] {spark_submit.py:644} INFO - 25/06/08 08:47:18 INFO ResourceUtils: No custom resources configured for spark.driver.
[2025-06-08T08:47:18.470+0000] {spark_submit.py:644} INFO - 25/06/08 08:47:18 INFO ResourceUtils: ==============================================================
[2025-06-08T08:47:18.470+0000] {spark_submit.py:644} INFO - 25/06/08 08:47:18 INFO SparkContext: Submitted application: BronzeToSilverStephenCurryStats
[2025-06-08T08:47:18.481+0000] {spark_submit.py:644} INFO - 25/06/08 08:47:18 INFO ResourceProfile: Default ResourceProfile created, executor resources: Map(memory -> name: memory, amount: 1024, script: , vendor: , offHeap -> name: offHeap, amount: 0, script: , vendor: ), task resources: Map(cpus -> name: cpus, amount: 1.0)
[2025-06-08T08:47:18.485+0000] {spark_submit.py:644} INFO - 25/06/08 08:47:18 INFO ResourceProfile: Limiting resource is cpu
[2025-06-08T08:47:18.485+0000] {spark_submit.py:644} INFO - 25/06/08 08:47:18 INFO ResourceProfileManager: Added ResourceProfile id: 0
[2025-06-08T08:47:18.513+0000] {spark_submit.py:644} INFO - 25/06/08 08:47:18 INFO SecurityManager: Changing view acls to: ***
[2025-06-08T08:47:18.514+0000] {spark_submit.py:644} INFO - 25/06/08 08:47:18 INFO SecurityManager: Changing modify acls to: ***
[2025-06-08T08:47:18.515+0000] {spark_submit.py:644} INFO - 25/06/08 08:47:18 INFO SecurityManager: Changing view acls groups to:
[2025-06-08T08:47:18.515+0000] {spark_submit.py:644} INFO - 25/06/08 08:47:18 INFO SecurityManager: Changing modify acls groups to:
[2025-06-08T08:47:18.515+0000] {spark_submit.py:644} INFO - 25/06/08 08:47:18 INFO SecurityManager: SecurityManager: authentication disabled; ui acls disabled; users with view permissions: ***; groups with view permissions: EMPTY; users with modify permissions: ***; groups with modify permissions: EMPTY
[2025-06-08T08:47:18.630+0000] {spark_submit.py:644} INFO - 25/06/08 08:47:18 INFO Utils: Successfully started service 'sparkDriver' on port 41977.
[2025-06-08T08:47:18.643+0000] {spark_submit.py:644} INFO - 25/06/08 08:47:18 INFO SparkEnv: Registering MapOutputTracker
[2025-06-08T08:47:18.665+0000] {spark_submit.py:644} INFO - 25/06/08 08:47:18 INFO SparkEnv: Registering BlockManagerMaster
[2025-06-08T08:47:18.673+0000] {spark_submit.py:644} INFO - 25/06/08 08:47:18 INFO BlockManagerMasterEndpoint: Using org.apache.spark.storage.DefaultTopologyMapper for getting topology information
[2025-06-08T08:47:18.674+0000] {spark_submit.py:644} INFO - 25/06/08 08:47:18 INFO BlockManagerMasterEndpoint: BlockManagerMasterEndpoint up
[2025-06-08T08:47:18.676+0000] {spark_submit.py:644} INFO - 25/06/08 08:47:18 INFO SparkEnv: Registering BlockManagerMasterHeartbeat
[2025-06-08T08:47:18.686+0000] {spark_submit.py:644} INFO - 25/06/08 08:47:18 INFO DiskBlockManager: Created local directory at /tmp/blockmgr-7f70d9b9-4940-4770-b6da-3ac64f6a4bd3
[2025-06-08T08:47:18.693+0000] {spark_submit.py:644} INFO - 25/06/08 08:47:18 INFO MemoryStore: MemoryStore started with capacity 434.4 MiB
[2025-06-08T08:47:18.701+0000] {spark_submit.py:644} INFO - 25/06/08 08:47:18 INFO SparkEnv: Registering OutputCommitCoordinator
[2025-06-08T08:47:18.758+0000] {spark_submit.py:644} INFO - 25/06/08 08:47:18 INFO JettyUtils: Start Jetty 0.0.0.0:4040 for SparkUI
[2025-06-08T08:47:18.790+0000] {spark_submit.py:644} INFO - 25/06/08 08:47:18 INFO Utils: Successfully started service 'SparkUI' on port 4040.
[2025-06-08T08:47:18.809+0000] {spark_submit.py:644} INFO - 25/06/08 08:47:18 INFO SparkContext: Added JAR file:///home/***/.ivy2/jars/org.apache.hadoop_hadoop-aws-3.3.4.jar at spark://ae00baecdfb8:41977/jars/org.apache.hadoop_hadoop-aws-3.3.4.jar with timestamp 1749372438450
[2025-06-08T08:47:18.810+0000] {spark_submit.py:644} INFO - 25/06/08 08:47:18 INFO SparkContext: Added JAR file:///home/***/.ivy2/jars/com.amazonaws_aws-java-sdk-bundle-1.12.262.jar at spark://ae00baecdfb8:41977/jars/com.amazonaws_aws-java-sdk-bundle-1.12.262.jar with timestamp 1749372438450
[2025-06-08T08:47:18.810+0000] {spark_submit.py:644} INFO - 25/06/08 08:47:18 INFO SparkContext: Added JAR file:///home/***/.ivy2/jars/io.delta_delta-spark_2.12-3.1.0.jar at spark://ae00baecdfb8:41977/jars/io.delta_delta-spark_2.12-3.1.0.jar with timestamp 1749372438450
[2025-06-08T08:47:18.810+0000] {spark_submit.py:644} INFO - 25/06/08 08:47:18 INFO SparkContext: Added JAR file:///home/***/.ivy2/jars/org.wildfly.openssl_wildfly-openssl-1.0.7.Final.jar at spark://ae00baecdfb8:41977/jars/org.wildfly.openssl_wildfly-openssl-1.0.7.Final.jar with timestamp 1749372438450
[2025-06-08T08:47:18.810+0000] {spark_submit.py:644} INFO - 25/06/08 08:47:18 INFO SparkContext: Added JAR file:///home/***/.ivy2/jars/io.delta_delta-storage-3.1.0.jar at spark://ae00baecdfb8:41977/jars/io.delta_delta-storage-3.1.0.jar with timestamp 1749372438450
[2025-06-08T08:47:18.810+0000] {spark_submit.py:644} INFO - 25/06/08 08:47:18 INFO SparkContext: Added JAR file:///home/***/.ivy2/jars/org.antlr_antlr4-runtime-4.9.3.jar at spark://ae00baecdfb8:41977/jars/org.antlr_antlr4-runtime-4.9.3.jar with timestamp 1749372438450
[2025-06-08T08:47:18.811+0000] {spark_submit.py:644} INFO - 25/06/08 08:47:18 INFO SparkContext: Added file file:///home/***/.ivy2/jars/org.apache.hadoop_hadoop-aws-3.3.4.jar at spark://ae00baecdfb8:41977/files/org.apache.hadoop_hadoop-aws-3.3.4.jar with timestamp 1749372438450
[2025-06-08T08:47:18.812+0000] {spark_submit.py:644} INFO - 25/06/08 08:47:18 INFO Utils: Copying /home/***/.ivy2/jars/org.apache.hadoop_hadoop-aws-3.3.4.jar to /tmp/spark-02754af6-4d66-42a7-afd0-ac4b81ddc393/userFiles-8da031e8-869f-4ac5-9c04-8ccb29c7e6ec/org.apache.hadoop_hadoop-aws-3.3.4.jar
[2025-06-08T08:47:18.817+0000] {spark_submit.py:644} INFO - 25/06/08 08:47:18 INFO SparkContext: Added file file:///home/***/.ivy2/jars/com.amazonaws_aws-java-sdk-bundle-1.12.262.jar at spark://ae00baecdfb8:41977/files/com.amazonaws_aws-java-sdk-bundle-1.12.262.jar with timestamp 1749372438450
[2025-06-08T08:47:18.818+0000] {spark_submit.py:644} INFO - 25/06/08 08:47:18 INFO Utils: Copying /home/***/.ivy2/jars/com.amazonaws_aws-java-sdk-bundle-1.12.262.jar to /tmp/spark-02754af6-4d66-42a7-afd0-ac4b81ddc393/userFiles-8da031e8-869f-4ac5-9c04-8ccb29c7e6ec/com.amazonaws_aws-java-sdk-bundle-1.12.262.jar
[2025-06-08T08:47:18.888+0000] {spark_submit.py:644} INFO - 25/06/08 08:47:18 INFO SparkContext: Added file file:///home/***/.ivy2/jars/io.delta_delta-spark_2.12-3.1.0.jar at spark://ae00baecdfb8:41977/files/io.delta_delta-spark_2.12-3.1.0.jar with timestamp 1749372438450
[2025-06-08T08:47:18.888+0000] {spark_submit.py:644} INFO - 25/06/08 08:47:18 INFO Utils: Copying /home/***/.ivy2/jars/io.delta_delta-spark_2.12-3.1.0.jar to /tmp/spark-02754af6-4d66-42a7-afd0-ac4b81ddc393/userFiles-8da031e8-869f-4ac5-9c04-8ccb29c7e6ec/io.delta_delta-spark_2.12-3.1.0.jar
[2025-06-08T08:47:18.892+0000] {spark_submit.py:644} INFO - 25/06/08 08:47:18 INFO SparkContext: Added file file:///home/***/.ivy2/jars/org.wildfly.openssl_wildfly-openssl-1.0.7.Final.jar at spark://ae00baecdfb8:41977/files/org.wildfly.openssl_wildfly-openssl-1.0.7.Final.jar with timestamp 1749372438450
[2025-06-08T08:47:18.892+0000] {spark_submit.py:644} INFO - 25/06/08 08:47:18 INFO Utils: Copying /home/***/.ivy2/jars/org.wildfly.openssl_wildfly-openssl-1.0.7.Final.jar to /tmp/spark-02754af6-4d66-42a7-afd0-ac4b81ddc393/userFiles-8da031e8-869f-4ac5-9c04-8ccb29c7e6ec/org.wildfly.openssl_wildfly-openssl-1.0.7.Final.jar
[2025-06-08T08:47:18.894+0000] {spark_submit.py:644} INFO - 25/06/08 08:47:18 INFO SparkContext: Added file file:///home/***/.ivy2/jars/io.delta_delta-storage-3.1.0.jar at spark://ae00baecdfb8:41977/files/io.delta_delta-storage-3.1.0.jar with timestamp 1749372438450
[2025-06-08T08:47:18.894+0000] {spark_submit.py:644} INFO - 25/06/08 08:47:18 INFO Utils: Copying /home/***/.ivy2/jars/io.delta_delta-storage-3.1.0.jar to /tmp/spark-02754af6-4d66-42a7-afd0-ac4b81ddc393/userFiles-8da031e8-869f-4ac5-9c04-8ccb29c7e6ec/io.delta_delta-storage-3.1.0.jar
[2025-06-08T08:47:18.896+0000] {spark_submit.py:644} INFO - 25/06/08 08:47:18 INFO SparkContext: Added file file:///home/***/.ivy2/jars/org.antlr_antlr4-runtime-4.9.3.jar at spark://ae00baecdfb8:41977/files/org.antlr_antlr4-runtime-4.9.3.jar with timestamp 1749372438450
[2025-06-08T08:47:18.897+0000] {spark_submit.py:644} INFO - 25/06/08 08:47:18 INFO Utils: Copying /home/***/.ivy2/jars/org.antlr_antlr4-runtime-4.9.3.jar to /tmp/spark-02754af6-4d66-42a7-afd0-ac4b81ddc393/userFiles-8da031e8-869f-4ac5-9c04-8ccb29c7e6ec/org.antlr_antlr4-runtime-4.9.3.jar
[2025-06-08T08:47:18.939+0000] {spark_submit.py:644} INFO - 25/06/08 08:47:18 INFO StandaloneAppClient$ClientEndpoint: Connecting to master spark://spark-master:7077...
[2025-06-08T08:47:18.956+0000] {spark_submit.py:644} INFO - 25/06/08 08:47:18 INFO TransportClientFactory: Successfully created connection to spark-master/172.19.0.7:7077 after 10 ms (0 ms spent in bootstraps)
[2025-06-08T08:47:18.999+0000] {spark_submit.py:644} INFO - 25/06/08 08:47:18 INFO StandaloneSchedulerBackend: Connected to Spark cluster with app ID app-20250608084718-0001
[2025-06-08T08:47:19.001+0000] {spark_submit.py:644} INFO - 25/06/08 08:47:18 INFO StandaloneAppClient$ClientEndpoint: Executor added: app-20250608084718-0001/0 on worker-20250608084555-172.19.0.9-32905 (172.19.0.9:32905) with 4 core(s)
[2025-06-08T08:47:19.002+0000] {spark_submit.py:644} INFO - 25/06/08 08:47:19 INFO StandaloneSchedulerBackend: Granted executor ID app-20250608084718-0001/0 on hostPort 172.19.0.9:32905 with 4 core(s), 1024.0 MiB RAM
[2025-06-08T08:47:19.004+0000] {spark_submit.py:644} INFO - 25/06/08 08:47:19 INFO Utils: Successfully started service 'org.apache.spark.network.netty.NettyBlockTransferService' on port 38149.
[2025-06-08T08:47:19.004+0000] {spark_submit.py:644} INFO - 25/06/08 08:47:19 INFO NettyBlockTransferService: Server created on ae00baecdfb8:38149
[2025-06-08T08:47:19.005+0000] {spark_submit.py:644} INFO - 25/06/08 08:47:19 INFO BlockManager: Using org.apache.spark.storage.RandomBlockReplicationPolicy for block replication policy
[2025-06-08T08:47:19.008+0000] {spark_submit.py:644} INFO - 25/06/08 08:47:19 INFO BlockManagerMaster: Registering BlockManager BlockManagerId(driver, ae00baecdfb8, 38149, None)
[2025-06-08T08:47:19.010+0000] {spark_submit.py:644} INFO - 25/06/08 08:47:19 INFO BlockManagerMasterEndpoint: Registering block manager ae00baecdfb8:38149 with 434.4 MiB RAM, BlockManagerId(driver, ae00baecdfb8, 38149, None)
[2025-06-08T08:47:19.012+0000] {spark_submit.py:644} INFO - 25/06/08 08:47:19 INFO BlockManagerMaster: Registered BlockManager BlockManagerId(driver, ae00baecdfb8, 38149, None)
[2025-06-08T08:47:19.013+0000] {spark_submit.py:644} INFO - 25/06/08 08:47:19 INFO BlockManager: Initialized BlockManager: BlockManagerId(driver, ae00baecdfb8, 38149, None)
[2025-06-08T08:47:19.020+0000] {spark_submit.py:644} INFO - 25/06/08 08:47:19 INFO StandaloneAppClient$ClientEndpoint: Executor updated: app-20250608084718-0001/0 is now RUNNING
[2025-06-08T08:47:19.119+0000] {spark_submit.py:644} INFO - 25/06/08 08:47:19 INFO StandaloneSchedulerBackend: SchedulerBackend is ready for scheduling beginning after reached minRegisteredResourcesRatio: 0.0
[2025-06-08T08:47:19.233+0000] {spark_submit.py:644} INFO - Bronze to Silver: Spark session created.
[2025-06-08T08:47:19.239+0000] {spark_submit.py:644} INFO - 25/06/08 08:47:19 INFO SharedState: Setting hive.metastore.warehouse.dir ('null') to the value of spark.sql.warehouse.dir.
[2025-06-08T08:47:19.240+0000] {spark_submit.py:644} INFO - 25/06/08 08:47:19 INFO SharedState: Warehouse path is 'file:/opt/***/spark-warehouse'.
[2025-06-08T08:47:19.770+0000] {spark_submit.py:644} INFO - 25/06/08 08:47:19 INFO HiveConf: Found configuration file null
[2025-06-08T08:47:19.775+0000] {spark_submit.py:644} INFO - 25/06/08 08:47:19 INFO HiveUtils: Initializing HiveMetastoreConnection version 2.3.9 using Spark classes.
[2025-06-08T08:47:19.886+0000] {spark_submit.py:644} INFO - 25/06/08 08:47:19 INFO HiveClientImpl: Warehouse location for Hive client (version 2.3.9) is file:/opt/***/spark-warehouse
[2025-06-08T08:47:19.968+0000] {spark_submit.py:644} INFO - 25/06/08 08:47:19 WARN HiveConf: HiveConf of name hive.stats.jdbc.timeout does not exist
[2025-06-08T08:47:19.970+0000] {spark_submit.py:644} INFO - 25/06/08 08:47:19 WARN HiveConf: HiveConf of name hive.stats.retries.wait does not exist
[2025-06-08T08:47:19.972+0000] {spark_submit.py:644} INFO - 25/06/08 08:47:19 INFO HiveMetaStore: 0: Opening raw store with implementation class:org.apache.hadoop.hive.metastore.ObjectStore
[2025-06-08T08:47:20.001+0000] {spark_submit.py:644} INFO - 25/06/08 08:47:20 INFO ObjectStore: ObjectStore, initialize called
[2025-06-08T08:47:20.086+0000] {spark_submit.py:644} INFO - 25/06/08 08:47:20 INFO Persistence: Property hive.metastore.integral.jdo.pushdown unknown - will be ignored
[2025-06-08T08:47:20.087+0000] {spark_submit.py:644} INFO - 25/06/08 08:47:20 INFO Persistence: Property datanucleus.cache.level2 unknown - will be ignored
[2025-06-08T08:47:20.540+0000] {spark_submit.py:644} INFO - 25/06/08 08:47:20 INFO ObjectStore: Setting MetaStore object pin classes with hive.metastore.cache.pinobjtypes="Table,StorageDescriptor,SerDeInfo,Partition,Database,Type,FieldSchema,Order"
[2025-06-08T08:47:20.622+0000] {spark_submit.py:644} INFO - 25/06/08 08:47:20 INFO StandaloneSchedulerBackend$StandaloneDriverEndpoint: Registered executor NettyRpcEndpointRef(spark-client://Executor) (172.19.0.9:42810) with ID 0,  ResourceProfileId 0
[2025-06-08T08:47:20.664+0000] {spark_submit.py:644} INFO - 25/06/08 08:47:20 INFO BlockManagerMasterEndpoint: Registering block manager 172.19.0.9:39587 with 434.4 MiB RAM, BlockManagerId(0, 172.19.0.9, 39587, None)
[2025-06-08T08:47:21.026+0000] {spark_submit.py:644} INFO - 25/06/08 08:47:21 INFO MetaStoreDirectSql: Using direct SQL, underlying DB is DERBY
[2025-06-08T08:47:21.027+0000] {spark_submit.py:644} INFO - 25/06/08 08:47:21 INFO ObjectStore: Initialized ObjectStore
[2025-06-08T08:47:21.067+0000] {spark_submit.py:644} INFO - 25/06/08 08:47:21 WARN ObjectStore: Version information not found in metastore. hive.metastore.schema.verification is not enabled so recording the schema version 2.3.0
[2025-06-08T08:47:21.068+0000] {spark_submit.py:644} INFO - 25/06/08 08:47:21 WARN ObjectStore: setMetaStoreSchemaVersion called but recording version is disabled: version = 2.3.0, comment = Set by MetaStore UNKNOWN@172.19.0.8
[2025-06-08T08:47:21.129+0000] {spark_submit.py:644} INFO - 25/06/08 08:47:21 INFO HiveMetaStore: Added admin role in metastore
[2025-06-08T08:47:21.130+0000] {spark_submit.py:644} INFO - 25/06/08 08:47:21 INFO HiveMetaStore: Added public role in metastore
[2025-06-08T08:47:21.150+0000] {spark_submit.py:644} INFO - 25/06/08 08:47:21 INFO HiveMetaStore: No user is added in admin role, since config is empty
[2025-06-08T08:47:21.217+0000] {spark_submit.py:644} INFO - 25/06/08 08:47:21 INFO HiveMetaStore: 0: get_database: default
[2025-06-08T08:47:21.218+0000] {spark_submit.py:644} INFO - 25/06/08 08:47:21 INFO audit: ugi=***	ip=unknown-ip-addr	cmd=get_database: default
[2025-06-08T08:47:21.221+0000] {spark_submit.py:644} INFO - 25/06/08 08:47:21 INFO HiveMetaStore: 0: get_database: global_temp
[2025-06-08T08:47:21.221+0000] {spark_submit.py:644} INFO - 25/06/08 08:47:21 INFO audit: ugi=***	ip=unknown-ip-addr	cmd=get_database: global_temp
[2025-06-08T08:47:21.222+0000] {spark_submit.py:644} INFO - 25/06/08 08:47:21 WARN ObjectStore: Failed to get database global_temp, returning NoSuchObjectException
[2025-06-08T08:47:21.498+0000] {spark_submit.py:644} INFO - 25/06/08 08:47:21 INFO HiveMetaStore: 0: get_database: sc_stats_db
[2025-06-08T08:47:21.498+0000] {spark_submit.py:644} INFO - 25/06/08 08:47:21 INFO audit: ugi=***	ip=unknown-ip-addr	cmd=get_database: sc_stats_db
[2025-06-08T08:47:21.502+0000] {spark_submit.py:644} INFO - 25/06/08 08:47:21 INFO HiveMetaStore: 0: get_table : db=sc_stats_db tbl=bronze_raw_data
[2025-06-08T08:47:21.502+0000] {spark_submit.py:644} INFO - 25/06/08 08:47:21 INFO audit: ugi=***	ip=unknown-ip-addr	cmd=get_table : db=sc_stats_db tbl=bronze_raw_data
[2025-06-08T08:47:21.802+0000] {spark_submit.py:644} INFO - 25/06/08 08:47:21 INFO HiveMetaStore: 0: get_table : db=sc_stats_db tbl=bronze_raw_data
[2025-06-08T08:47:21.803+0000] {spark_submit.py:644} INFO - 25/06/08 08:47:21 INFO audit: ugi=***	ip=unknown-ip-addr	cmd=get_table : db=sc_stats_db tbl=bronze_raw_data
[2025-06-08T08:47:21.974+0000] {spark_submit.py:644} INFO - 25/06/08 08:47:21 WARN MetricsConfig: Cannot locate configuration: tried hadoop-metrics2-s3a-file-system.properties,hadoop-metrics2.properties
[2025-06-08T08:47:21.985+0000] {spark_submit.py:644} INFO - 25/06/08 08:47:21 INFO MetricsSystemImpl: Scheduled Metric snapshot period at 10 second(s).
[2025-06-08T08:47:21.992+0000] {spark_submit.py:644} INFO - 25/06/08 08:47:21 INFO MetricsSystemImpl: s3a-file-system metrics system started
[2025-06-08T08:47:22.362+0000] {spark_submit.py:644} INFO - 25/06/08 08:47:22 INFO DelegatingLogStore: LogStore `LogStoreAdapter(io.delta.storage.S3SingleDriverLogStore)` is used for scheme `s3a`
[2025-06-08T08:47:22.457+0000] {spark_submit.py:644} INFO - 25/06/08 08:47:22 INFO DeltaLog: Creating initial snapshot without metadata, because the directory is empty
[2025-06-08T08:47:22.999+0000] {spark_submit.py:644} INFO - 25/06/08 08:47:22 INFO InitialSnapshot: [tableId=743adce1-6614-4cc7-b971-82b403b919e0] Created snapshot InitialSnapshot(path=s3a://mybucket/warehouse/sc_stats_db.db/bronze_raw_data/_delta_log, version=-1, metadata=Metadata(796c800e-5eb6-42ad-b6d9-3b0e8c92567f,null,null,Format(parquet,Map()),null,List(),Map(),Some(1749372442995)), logSegment=LogSegment(s3a://mybucket/warehouse/sc_stats_db.db/bronze_raw_data/_delta_log,-1,List(),org.apache.spark.sql.delta.EmptyCheckpointProvider$@66592272,-1), checksumOpt=None)
[2025-06-08T08:47:23.147+0000] {spark_submit.py:644} INFO - Error in bronze to silver transformation: [DELTA_TABLE_NOT_FOUND] Delta table `sc_stats_db`.`bronze_raw_data` doesn't exist.
[2025-06-08T08:47:23.147+0000] {spark_submit.py:644} INFO - 25/06/08 08:47:23 INFO SparkContext: SparkContext is stopping with exitCode 0.
[2025-06-08T08:47:23.153+0000] {spark_submit.py:644} INFO - 25/06/08 08:47:23 INFO SparkUI: Stopped Spark web UI at http://ae00baecdfb8:4040
[2025-06-08T08:47:23.156+0000] {spark_submit.py:644} INFO - 25/06/08 08:47:23 INFO StandaloneSchedulerBackend: Shutting down all executors
[2025-06-08T08:47:23.156+0000] {spark_submit.py:644} INFO - 25/06/08 08:47:23 INFO StandaloneSchedulerBackend$StandaloneDriverEndpoint: Asking each executor to shut down
[2025-06-08T08:47:23.167+0000] {spark_submit.py:644} INFO - 25/06/08 08:47:23 INFO MapOutputTrackerMasterEndpoint: MapOutputTrackerMasterEndpoint stopped!
[2025-06-08T08:47:23.175+0000] {spark_submit.py:644} INFO - 25/06/08 08:47:23 INFO MemoryStore: MemoryStore cleared
[2025-06-08T08:47:23.175+0000] {spark_submit.py:644} INFO - 25/06/08 08:47:23 INFO BlockManager: BlockManager stopped
[2025-06-08T08:47:23.180+0000] {spark_submit.py:644} INFO - 25/06/08 08:47:23 INFO BlockManagerMaster: BlockManagerMaster stopped
[2025-06-08T08:47:23.181+0000] {spark_submit.py:644} INFO - 25/06/08 08:47:23 INFO OutputCommitCoordinator$OutputCommitCoordinatorEndpoint: OutputCommitCoordinator stopped!
[2025-06-08T08:47:23.207+0000] {spark_submit.py:644} INFO - 25/06/08 08:47:23 INFO SparkContext: Successfully stopped SparkContext
[2025-06-08T08:47:23.654+0000] {spark_submit.py:644} INFO - Traceback (most recent call last):
[2025-06-08T08:47:23.655+0000] {spark_submit.py:644} INFO - File "/opt/***/dags/bronze_to_silver_sc_stats_etl.py", line 54, in <module>
[2025-06-08T08:47:23.656+0000] {spark_submit.py:644} INFO - main(args.output_path)
[2025-06-08T08:47:23.656+0000] {spark_submit.py:644} INFO - ^^^^^^^^^^^^^^^^^^^^^^
[2025-06-08T08:47:23.657+0000] {spark_submit.py:644} INFO - File "/opt/***/dags/bronze_to_silver_sc_stats_etl.py", line 16, in main
[2025-06-08T08:47:23.657+0000] {spark_submit.py:644} INFO - bronze_df = spark.table("sc_stats_db.bronze_raw_data")
[2025-06-08T08:47:23.657+0000] {spark_submit.py:644} INFO - ^^^^^^^^^^^^^^^^^^^^^^^^^^^^^^^^^^^^^^^^^^
[2025-06-08T08:47:23.658+0000] {spark_submit.py:644} INFO - File "/home/***/.local/lib/python3.11/site-packages/pyspark/python/lib/pyspark.zip/pyspark/sql/session.py", line 1667, in table
[2025-06-08T08:47:23.658+0000] {spark_submit.py:644} INFO - File "/home/***/.local/lib/python3.11/site-packages/pyspark/python/lib/py4j-0.10.9.7-src.zip/py4j/java_gateway.py", line 1322, in __call__
[2025-06-08T08:47:23.658+0000] {spark_submit.py:644} INFO - File "/home/***/.local/lib/python3.11/site-packages/pyspark/python/lib/pyspark.zip/pyspark/errors/exceptions/captured.py", line 185, in deco
[2025-06-08T08:47:23.661+0000] {spark_submit.py:644} INFO - pyspark.errors.exceptions.captured.AnalysisException: [DELTA_TABLE_NOT_FOUND] Delta table `sc_stats_db`.`bronze_raw_data` doesn't exist.
[2025-06-08T08:47:23.703+0000] {spark_submit.py:644} INFO - 25/06/08 08:47:23 INFO ShutdownHookManager: Shutdown hook called
[2025-06-08T08:47:23.703+0000] {spark_submit.py:644} INFO - 25/06/08 08:47:23 INFO ShutdownHookManager: Deleting directory /tmp/spark-02754af6-4d66-42a7-afd0-ac4b81ddc393/pyspark-ddf74014-ca06-48ae-a986-171c9d06335c
[2025-06-08T08:47:23.706+0000] {spark_submit.py:644} INFO - 25/06/08 08:47:23 INFO ShutdownHookManager: Deleting directory /tmp/spark-80117c86-7437-48e6-953f-a7797d7d20c1
[2025-06-08T08:47:23.708+0000] {spark_submit.py:644} INFO - 25/06/08 08:47:23 INFO ShutdownHookManager: Deleting directory /tmp/spark-02754af6-4d66-42a7-afd0-ac4b81ddc393
[2025-06-08T08:47:23.712+0000] {spark_submit.py:644} INFO - 25/06/08 08:47:23 INFO MetricsSystemImpl: Stopping s3a-file-system metrics system...
[2025-06-08T08:47:23.713+0000] {spark_submit.py:644} INFO - 25/06/08 08:47:23 INFO MetricsSystemImpl: s3a-file-system metrics system stopped.
[2025-06-08T08:47:23.713+0000] {spark_submit.py:644} INFO - 25/06/08 08:47:23 INFO MetricsSystemImpl: s3a-file-system metrics system shutdown complete.
[2025-06-08T08:47:23.744+0000] {taskinstance.py:3311} ERROR - Task failed with exception
Traceback (most recent call last):
  File "/home/airflow/.local/lib/python3.11/site-packages/airflow/models/taskinstance.py", line 767, in _execute_task
    result = _execute_callable(context=context, **execute_callable_kwargs)
             ^^^^^^^^^^^^^^^^^^^^^^^^^^^^^^^^^^^^^^^^^^^^^^^^^^^^^^^^^^^^^
  File "/home/airflow/.local/lib/python3.11/site-packages/airflow/models/taskinstance.py", line 733, in _execute_callable
    return ExecutionCallableRunner(
           ^^^^^^^^^^^^^^^^^^^^^^^^
  File "/home/airflow/.local/lib/python3.11/site-packages/airflow/utils/operator_helpers.py", line 252, in run
    return self.func(*args, **kwargs)
           ^^^^^^^^^^^^^^^^^^^^^^^^^^
  File "/home/airflow/.local/lib/python3.11/site-packages/airflow/models/baseoperator.py", line 417, in wrapper
    return func(self, *args, **kwargs)
           ^^^^^^^^^^^^^^^^^^^^^^^^^^^
  File "/home/airflow/.local/lib/python3.11/site-packages/airflow/providers/apache/spark/operators/spark_submit.py", line 197, in execute
    self._hook.submit(self.application)
  File "/home/airflow/.local/lib/python3.11/site-packages/airflow/providers/apache/spark/hooks/spark_submit.py", line 566, in submit
    raise AirflowException(
airflow.exceptions.AirflowException: Cannot execute: spark-submit --master spark://spark-master:7077 --conf spark.sql.extensions=io.delta.sql.DeltaSparkSessionExtension --conf spark.sql.catalog.spark_catalog=org.apache.spark.sql.delta.catalog.DeltaCatalog --conf spark.hadoop.fs.s3a.endpoint=http://minio:9000 --conf spark.hadoop.fs.s3a.access.key=minioadmin --conf spark.hadoop.fs.s3a.secret.key=****** --conf spark.hadoop.fs.s3a.path.style.access=true --conf spark.hadoop.fs.s3a.impl=org.apache.hadoop.fs.s3a.S3AFileSystem --conf spark.hadoop.fs.s3a.aws.credentials.provider=org.apache.hadoop.fs.s3a.SimpleAWSCredentialsProvider --packages org.apache.hadoop:hadoop-aws:3.3.4,com.amazonaws:aws-java-sdk-bundle:1.12.262,io.delta:delta-spark_2.12:3.1.0 --name arrow-spark --queue root.default --deploy-mode client dags/bronze_to_silver_sc_stats_etl.py --output_path s3a://mybucket/sc_stats_db/silver/transformed_data. Error code is: 1.
[2025-06-08T08:47:23.746+0000] {taskinstance.py:1225} INFO - Marking task as FAILED. dag_id=stephen_curry_stats_medallion_etl, task_id=bronze_to_silver, run_id=manual__2025-06-08T08:46:59.772718+00:00, execution_date=20250608T084659, start_date=20250608T084716, end_date=20250608T084723
[2025-06-08T08:47:23.751+0000] {taskinstance.py:340} INFO - ::group::Post task execution logs
[2025-06-08T08:47:23.752+0000] {standard_task_runner.py:124} ERROR - Failed to execute job 59 for task bronze_to_silver (Cannot execute: spark-submit --master spark://spark-master:7077 --conf spark.sql.extensions=io.delta.sql.DeltaSparkSessionExtension --conf spark.sql.catalog.spark_catalog=org.apache.spark.sql.delta.catalog.DeltaCatalog --conf spark.hadoop.fs.s3a.endpoint=http://minio:9000 --conf spark.hadoop.fs.s3a.access.key=minioadmin --conf spark.hadoop.fs.s3a.secret.key=****** --conf spark.hadoop.fs.s3a.path.style.access=true --conf spark.hadoop.fs.s3a.impl=org.apache.hadoop.fs.s3a.S3AFileSystem --conf spark.hadoop.fs.s3a.aws.credentials.provider=org.apache.hadoop.fs.s3a.SimpleAWSCredentialsProvider --packages org.apache.hadoop:hadoop-aws:3.3.4,com.amazonaws:aws-java-sdk-bundle:1.12.262,io.delta:delta-spark_2.12:3.1.0 --name arrow-spark --queue root.default --deploy-mode client dags/bronze_to_silver_sc_stats_etl.py --output_path s3a://mybucket/sc_stats_db/silver/transformed_data. Error code is: 1.; 12564)
Traceback (most recent call last):
  File "/home/airflow/.local/lib/python3.11/site-packages/airflow/task/task_runner/standard_task_runner.py", line 117, in _start_by_fork
    ret = args.func(args, dag=self.dag)
          ^^^^^^^^^^^^^^^^^^^^^^^^^^^^^
  File "/home/airflow/.local/lib/python3.11/site-packages/airflow/cli/cli_config.py", line 49, in command
    return func(*args, **kwargs)
           ^^^^^^^^^^^^^^^^^^^^^
  File "/home/airflow/.local/lib/python3.11/site-packages/airflow/utils/cli.py", line 116, in wrapper
    return f(*args, **kwargs)
           ^^^^^^^^^^^^^^^^^^
  File "/home/airflow/.local/lib/python3.11/site-packages/airflow/cli/commands/task_command.py", line 483, in task_run
    task_return_code = _run_task_by_selected_method(args, _dag, ti)
                       ^^^^^^^^^^^^^^^^^^^^^^^^^^^^^^^^^^^^^^^^^^^^
  File "/home/airflow/.local/lib/python3.11/site-packages/airflow/cli/commands/task_command.py", line 256, in _run_task_by_selected_method
    return _run_raw_task(args, ti)
           ^^^^^^^^^^^^^^^^^^^^^^^
  File "/home/airflow/.local/lib/python3.11/site-packages/airflow/cli/commands/task_command.py", line 341, in _run_raw_task
    return ti._run_raw_task(
           ^^^^^^^^^^^^^^^^^
  File "/home/airflow/.local/lib/python3.11/site-packages/airflow/utils/session.py", line 97, in wrapper
    return func(*args, session=session, **kwargs)
           ^^^^^^^^^^^^^^^^^^^^^^^^^^^^^^^^^^^^^^
  File "/home/airflow/.local/lib/python3.11/site-packages/airflow/models/taskinstance.py", line 3005, in _run_raw_task
    return _run_raw_task(
           ^^^^^^^^^^^^^^
  File "/home/airflow/.local/lib/python3.11/site-packages/airflow/models/taskinstance.py", line 273, in _run_raw_task
    TaskInstance._execute_task_with_callbacks(
  File "/home/airflow/.local/lib/python3.11/site-packages/airflow/models/taskinstance.py", line 3159, in _execute_task_with_callbacks
    result = self._execute_task(context, task_orig)
             ^^^^^^^^^^^^^^^^^^^^^^^^^^^^^^^^^^^^^^
  File "/home/airflow/.local/lib/python3.11/site-packages/airflow/models/taskinstance.py", line 3183, in _execute_task
    return _execute_task(self, context, task_orig)
           ^^^^^^^^^^^^^^^^^^^^^^^^^^^^^^^^^^^^^^^
  File "/home/airflow/.local/lib/python3.11/site-packages/airflow/models/taskinstance.py", line 767, in _execute_task
    result = _execute_callable(context=context, **execute_callable_kwargs)
             ^^^^^^^^^^^^^^^^^^^^^^^^^^^^^^^^^^^^^^^^^^^^^^^^^^^^^^^^^^^^^
  File "/home/airflow/.local/lib/python3.11/site-packages/airflow/models/taskinstance.py", line 733, in _execute_callable
    return ExecutionCallableRunner(
           ^^^^^^^^^^^^^^^^^^^^^^^^
  File "/home/airflow/.local/lib/python3.11/site-packages/airflow/utils/operator_helpers.py", line 252, in run
    return self.func(*args, **kwargs)
           ^^^^^^^^^^^^^^^^^^^^^^^^^^
  File "/home/airflow/.local/lib/python3.11/site-packages/airflow/models/baseoperator.py", line 417, in wrapper
    return func(self, *args, **kwargs)
           ^^^^^^^^^^^^^^^^^^^^^^^^^^^
  File "/home/airflow/.local/lib/python3.11/site-packages/airflow/providers/apache/spark/operators/spark_submit.py", line 197, in execute
    self._hook.submit(self.application)
  File "/home/airflow/.local/lib/python3.11/site-packages/airflow/providers/apache/spark/hooks/spark_submit.py", line 566, in submit
    raise AirflowException(
airflow.exceptions.AirflowException: Cannot execute: spark-submit --master spark://spark-master:7077 --conf spark.sql.extensions=io.delta.sql.DeltaSparkSessionExtension --conf spark.sql.catalog.spark_catalog=org.apache.spark.sql.delta.catalog.DeltaCatalog --conf spark.hadoop.fs.s3a.endpoint=http://minio:9000 --conf spark.hadoop.fs.s3a.access.key=minioadmin --conf spark.hadoop.fs.s3a.secret.key=****** --conf spark.hadoop.fs.s3a.path.style.access=true --conf spark.hadoop.fs.s3a.impl=org.apache.hadoop.fs.s3a.S3AFileSystem --conf spark.hadoop.fs.s3a.aws.credentials.provider=org.apache.hadoop.fs.s3a.SimpleAWSCredentialsProvider --packages org.apache.hadoop:hadoop-aws:3.3.4,com.amazonaws:aws-java-sdk-bundle:1.12.262,io.delta:delta-spark_2.12:3.1.0 --name arrow-spark --queue root.default --deploy-mode client dags/bronze_to_silver_sc_stats_etl.py --output_path s3a://mybucket/sc_stats_db/silver/transformed_data. Error code is: 1.
[2025-06-08T08:47:23.769+0000] {local_task_job_runner.py:266} INFO - Task exited with return code 1
[2025-06-08T08:47:23.780+0000] {taskinstance.py:3895} INFO - 0 downstream tasks scheduled from follow-on schedule check
[2025-06-08T08:47:23.782+0000] {local_task_job_runner.py:245} INFO - ::endgroup::
