[2025-06-03T05:41:52.760+0000] {local_task_job_runner.py:123} INFO - ::group::Pre task execution logs
[2025-06-03T05:41:52.770+0000] {taskinstance.py:2613} INFO - Dependencies all met for dep_context=non-requeueable deps ti=<TaskInstance: curry_medallion_etl.submit_silver_to_gold_job manual__2025-06-03T05:41:25.773369+00:00 [queued]>
[2025-06-03T05:41:52.773+0000] {taskinstance.py:2613} INFO - Dependencies all met for dep_context=requeueable deps ti=<TaskInstance: curry_medallion_etl.submit_silver_to_gold_job manual__2025-06-03T05:41:25.773369+00:00 [queued]>
[2025-06-03T05:41:52.774+0000] {taskinstance.py:2866} INFO - Starting attempt 1 of 1
[2025-06-03T05:41:52.779+0000] {taskinstance.py:2889} INFO - Executing <Task(SparkSubmitOperator): submit_silver_to_gold_job> on 2025-06-03 05:41:25.773369+00:00
[2025-06-03T05:41:52.781+0000] {standard_task_runner.py:72} INFO - Started process 3590 to run task
[2025-06-03T05:41:52.783+0000] {standard_task_runner.py:104} INFO - Running: ['***', 'tasks', 'run', 'curry_medallion_etl', 'submit_silver_to_gold_job', 'manual__2025-06-03T05:41:25.773369+00:00', '--job-id', '37', '--raw', '--subdir', 'DAGS_FOLDER/medallion_sales_etl_dag.py', '--cfg-path', '/tmp/tmpmihpuukm']
[2025-06-03T05:41:52.785+0000] {standard_task_runner.py:105} INFO - Job 37: Subtask submit_silver_to_gold_job
[2025-06-03T05:41:52.812+0000] {task_command.py:467} INFO - Running <TaskInstance: curry_medallion_etl.submit_silver_to_gold_job manual__2025-06-03T05:41:25.773369+00:00 [running]> on host c6e050ed47eb
[2025-06-03T05:41:52.859+0000] {taskinstance.py:3132} INFO - Exporting env vars: AIRFLOW_CTX_DAG_OWNER='qdinh18' AIRFLOW_CTX_DAG_ID='curry_medallion_etl' AIRFLOW_CTX_TASK_ID='submit_silver_to_gold_job' AIRFLOW_CTX_EXECUTION_DATE='2025-06-03T05:41:25.773369+00:00' AIRFLOW_CTX_TRY_NUMBER='1' AIRFLOW_CTX_DAG_RUN_ID='manual__2025-06-03T05:41:25.773369+00:00'
[2025-06-03T05:41:52.860+0000] {taskinstance.py:731} INFO - ::endgroup::
[2025-06-03T05:41:52.877+0000] {base.py:84} INFO - Retrieving connection 'spark_default'
[2025-06-03T05:41:52.878+0000] {spark_submit.py:474} INFO - Spark-Submit cmd: spark-submit --master spark://spark-master:7077 --conf spark.executor.memory=2g --conf spark.sql.extensions=io.delta.sql.DeltaSparkSessionExtension --conf spark.sql.catalog.spark_catalog=org.apache.spark.sql.delta.catalog.DeltaCatalog --conf spark.hadoop.fs.s3a.endpoint=http://minio:9000 --conf spark.hadoop.fs.s3a.access.key=minioadmin --conf spark.hadoop.fs.s3a.secret.key=****** --conf spark.hadoop.fs.s3a.path.style.access=true --conf spark.hadoop.fs.s3a.impl=org.apache.hadoop.fs.s3a.S3AFileSystem --packages org.apache.hadoop:hadoop-aws:3.3.4,com.amazonaws:aws-java-sdk-bundle:1.12.262,io.delta:delta-spark_2.12:3.1.0 --name silver_to_gold_sc_summary_etl --verbose --queue root.default --deploy-mode client /opt/***/dags/silver_to_gold_sc_summary_etl.py --input_path s3a://mybucket/silver/curry_transformed/ --output_path s3a://mybucket/gold/season_summary/
[2025-06-03T05:41:53.735+0000] {spark_submit.py:644} INFO - Using properties file: null
[2025-06-03T05:41:53.797+0000] {spark_submit.py:644} INFO - Parsed arguments:
[2025-06-03T05:41:53.797+0000] {spark_submit.py:644} INFO - master                  spark://spark-master:7077
[2025-06-03T05:41:53.798+0000] {spark_submit.py:644} INFO - remote                  null
[2025-06-03T05:41:53.798+0000] {spark_submit.py:644} INFO - deployMode              client
[2025-06-03T05:41:53.798+0000] {spark_submit.py:644} INFO - executorMemory          2g
[2025-06-03T05:41:53.798+0000] {spark_submit.py:644} INFO - executorCores           null
[2025-06-03T05:41:53.799+0000] {spark_submit.py:644} INFO - totalExecutorCores      null
[2025-06-03T05:41:53.799+0000] {spark_submit.py:644} INFO - propertiesFile          null
[2025-06-03T05:41:53.799+0000] {spark_submit.py:644} INFO - driverMemory            null
[2025-06-03T05:41:53.799+0000] {spark_submit.py:644} INFO - driverCores             null
[2025-06-03T05:41:53.800+0000] {spark_submit.py:644} INFO - driverExtraClassPath    null
[2025-06-03T05:41:53.800+0000] {spark_submit.py:644} INFO - driverExtraLibraryPath  null
[2025-06-03T05:41:53.800+0000] {spark_submit.py:644} INFO - driverExtraJavaOptions  null
[2025-06-03T05:41:53.800+0000] {spark_submit.py:644} INFO - supervise               false
[2025-06-03T05:41:53.800+0000] {spark_submit.py:644} INFO - queue                   root.default
[2025-06-03T05:41:53.800+0000] {spark_submit.py:644} INFO - numExecutors            null
[2025-06-03T05:41:53.801+0000] {spark_submit.py:644} INFO - files                   null
[2025-06-03T05:41:53.801+0000] {spark_submit.py:644} INFO - pyFiles                 null
[2025-06-03T05:41:53.801+0000] {spark_submit.py:644} INFO - archives                null
[2025-06-03T05:41:53.801+0000] {spark_submit.py:644} INFO - mainClass               null
[2025-06-03T05:41:53.801+0000] {spark_submit.py:644} INFO - primaryResource         file:/opt/***/dags/silver_to_gold_sc_summary_etl.py
[2025-06-03T05:41:53.801+0000] {spark_submit.py:644} INFO - name                    silver_to_gold_sc_summary_etl
[2025-06-03T05:41:53.801+0000] {spark_submit.py:644} INFO - childArgs               [--input_path s3a://mybucket/silver/curry_transformed/ --output_path s3a://mybucket/gold/season_summary/]
[2025-06-03T05:41:53.801+0000] {spark_submit.py:644} INFO - jars                    null
[2025-06-03T05:41:53.802+0000] {spark_submit.py:644} INFO - packages                org.apache.hadoop:hadoop-aws:3.3.4,com.amazonaws:aws-java-sdk-bundle:1.12.262,io.delta:delta-spark_2.12:3.1.0
[2025-06-03T05:41:53.802+0000] {spark_submit.py:644} INFO - packagesExclusions      null
[2025-06-03T05:41:53.802+0000] {spark_submit.py:644} INFO - repositories            null
[2025-06-03T05:41:53.802+0000] {spark_submit.py:644} INFO - verbose                 true
[2025-06-03T05:41:53.802+0000] {spark_submit.py:644} INFO - 
[2025-06-03T05:41:53.802+0000] {spark_submit.py:644} INFO - Spark properties used, including those specified through
[2025-06-03T05:41:53.802+0000] {spark_submit.py:644} INFO - --conf and those from the properties file null:
[2025-06-03T05:41:53.803+0000] {spark_submit.py:644} INFO - (spark.executor.memory,2g)
[2025-06-03T05:41:53.803+0000] {spark_submit.py:644} INFO - (spark.hadoop.fs.s3a.access.key,*********(redacted))
[2025-06-03T05:41:53.803+0000] {spark_submit.py:644} INFO - (spark.hadoop.fs.s3a.endpoint,http://minio:9000)
[2025-06-03T05:41:53.803+0000] {spark_submit.py:644} INFO - (spark.hadoop.fs.s3a.impl,org.apache.hadoop.fs.s3a.S3AFileSystem)
[2025-06-03T05:41:53.803+0000] {spark_submit.py:644} INFO - (spark.hadoop.fs.s3a.path.style.access,true)
[2025-06-03T05:41:53.803+0000] {spark_submit.py:644} INFO - (spark.hadoop.fs.s3a.secret.key,*********(redacted))
[2025-06-03T05:41:53.804+0000] {spark_submit.py:644} INFO - (spark.sql.catalog.spark_catalog,org.apache.spark.sql.delta.catalog.DeltaCatalog)
[2025-06-03T05:41:53.804+0000] {spark_submit.py:644} INFO - (spark.sql.extensions,io.delta.sql.DeltaSparkSessionExtension)
[2025-06-03T05:41:53.804+0000] {spark_submit.py:644} INFO - 
[2025-06-03T05:41:53.804+0000] {spark_submit.py:644} INFO - 
[2025-06-03T05:41:53.879+0000] {spark_submit.py:644} INFO - :: loading settings :: url = jar:file:/home/***/.local/lib/python3.11/site-packages/pyspark/jars/ivy-2.5.1.jar!/org/apache/ivy/core/settings/ivysettings.xml
[2025-06-03T05:41:53.928+0000] {spark_submit.py:644} INFO - Ivy Default Cache set to: /home/***/.ivy2/cache
[2025-06-03T05:41:53.929+0000] {spark_submit.py:644} INFO - The jars for the packages stored in: /home/***/.ivy2/jars
[2025-06-03T05:41:53.931+0000] {spark_submit.py:644} INFO - org.apache.hadoop#hadoop-aws added as a dependency
[2025-06-03T05:41:53.931+0000] {spark_submit.py:644} INFO - com.amazonaws#aws-java-sdk-bundle added as a dependency
[2025-06-03T05:41:53.931+0000] {spark_submit.py:644} INFO - io.delta#delta-spark_2.12 added as a dependency
[2025-06-03T05:41:53.932+0000] {spark_submit.py:644} INFO - :: resolving dependencies :: org.apache.spark#spark-submit-parent-324ea45d-2b68-4034-ab1e-2d5af3b7f6ff;1.0
[2025-06-03T05:41:53.932+0000] {spark_submit.py:644} INFO - confs: [default]
[2025-06-03T05:41:54.029+0000] {spark_submit.py:644} INFO - found org.apache.hadoop#hadoop-aws;3.3.4 in central
[2025-06-03T05:41:54.043+0000] {spark_submit.py:644} INFO - found com.amazonaws#aws-java-sdk-bundle;1.12.262 in central
[2025-06-03T05:41:54.057+0000] {spark_submit.py:644} INFO - found org.wildfly.openssl#wildfly-openssl;1.0.7.Final in central
[2025-06-03T05:41:54.067+0000] {spark_submit.py:644} INFO - found io.delta#delta-spark_2.12;3.1.0 in central
[2025-06-03T05:41:54.077+0000] {spark_submit.py:644} INFO - found io.delta#delta-storage;3.1.0 in central
[2025-06-03T05:41:54.089+0000] {spark_submit.py:644} INFO - found org.antlr#antlr4-runtime;4.9.3 in central
[2025-06-03T05:41:54.102+0000] {spark_submit.py:644} INFO - :: resolution report :: resolve 163ms :: artifacts dl 6ms
[2025-06-03T05:41:54.102+0000] {spark_submit.py:644} INFO - :: modules in use:
[2025-06-03T05:41:54.102+0000] {spark_submit.py:644} INFO - com.amazonaws#aws-java-sdk-bundle;1.12.262 from central in [default]
[2025-06-03T05:41:54.102+0000] {spark_submit.py:644} INFO - io.delta#delta-spark_2.12;3.1.0 from central in [default]
[2025-06-03T05:41:54.103+0000] {spark_submit.py:644} INFO - io.delta#delta-storage;3.1.0 from central in [default]
[2025-06-03T05:41:54.103+0000] {spark_submit.py:644} INFO - org.antlr#antlr4-runtime;4.9.3 from central in [default]
[2025-06-03T05:41:54.103+0000] {spark_submit.py:644} INFO - org.apache.hadoop#hadoop-aws;3.3.4 from central in [default]
[2025-06-03T05:41:54.103+0000] {spark_submit.py:644} INFO - org.wildfly.openssl#wildfly-openssl;1.0.7.Final from central in [default]
[2025-06-03T05:41:54.104+0000] {spark_submit.py:644} INFO - ---------------------------------------------------------------------
[2025-06-03T05:41:54.104+0000] {spark_submit.py:644} INFO - |                  |            modules            ||   artifacts   |
[2025-06-03T05:41:54.104+0000] {spark_submit.py:644} INFO - |       conf       | number| search|dwnlded|evicted|| number|dwnlded|
[2025-06-03T05:41:54.104+0000] {spark_submit.py:644} INFO - ---------------------------------------------------------------------
[2025-06-03T05:41:54.104+0000] {spark_submit.py:644} INFO - |      default     |   6   |   0   |   0   |   0   ||   6   |   0   |
[2025-06-03T05:41:54.104+0000] {spark_submit.py:644} INFO - ---------------------------------------------------------------------
[2025-06-03T05:41:54.106+0000] {spark_submit.py:644} INFO - :: retrieving :: org.apache.spark#spark-submit-parent-324ea45d-2b68-4034-ab1e-2d5af3b7f6ff
[2025-06-03T05:41:54.106+0000] {spark_submit.py:644} INFO - confs: [default]
[2025-06-03T05:41:54.109+0000] {spark_submit.py:644} INFO - 0 artifacts copied, 6 already retrieved (0kB/3ms)
[2025-06-03T05:41:54.228+0000] {spark_submit.py:644} INFO - 25/06/03 05:41:54 WARN NativeCodeLoader: Unable to load native-hadoop library for your platform... using builtin-java classes where applicable
[2025-06-03T05:41:54.340+0000] {spark_submit.py:644} INFO - Main class:
[2025-06-03T05:41:54.341+0000] {spark_submit.py:644} INFO - org.apache.spark.deploy.PythonRunner
[2025-06-03T05:41:54.341+0000] {spark_submit.py:644} INFO - Arguments:
[2025-06-03T05:41:54.341+0000] {spark_submit.py:644} INFO - file:/opt/***/dags/silver_to_gold_sc_summary_etl.py
[2025-06-03T05:41:54.341+0000] {spark_submit.py:644} INFO - file:///home/***/.ivy2/jars/org.apache.hadoop_hadoop-aws-3.3.4.jar,file:///home/***/.ivy2/jars/com.amazonaws_aws-java-sdk-bundle-1.12.262.jar,file:///home/***/.ivy2/jars/io.delta_delta-spark_2.12-3.1.0.jar,file:///home/***/.ivy2/jars/org.wildfly.openssl_wildfly-openssl-1.0.7.Final.jar,file:///home/***/.ivy2/jars/io.delta_delta-storage-3.1.0.jar,file:///home/***/.ivy2/jars/org.antlr_antlr4-runtime-4.9.3.jar
[2025-06-03T05:41:54.342+0000] {spark_submit.py:644} INFO - --input_path
[2025-06-03T05:41:54.342+0000] {spark_submit.py:644} INFO - s3a://mybucket/silver/curry_transformed/
[2025-06-03T05:41:54.342+0000] {spark_submit.py:644} INFO - --output_path
[2025-06-03T05:41:54.342+0000] {spark_submit.py:644} INFO - s3a://mybucket/gold/season_summary/
[2025-06-03T05:41:54.342+0000] {spark_submit.py:644} INFO - Spark config:
[2025-06-03T05:41:54.343+0000] {spark_submit.py:644} INFO - (spark.app.name,silver_to_gold_sc_summary_etl)
[2025-06-03T05:41:54.343+0000] {spark_submit.py:644} INFO - (spark.app.submitTime,1748929314331)
[2025-06-03T05:41:54.343+0000] {spark_submit.py:644} INFO - (spark.executor.memory,2g)
[2025-06-03T05:41:54.343+0000] {spark_submit.py:644} INFO - (spark.files,file:///home/***/.ivy2/jars/org.apache.hadoop_hadoop-aws-3.3.4.jar,file:///home/***/.ivy2/jars/com.amazonaws_aws-java-sdk-bundle-1.12.262.jar,file:///home/***/.ivy2/jars/io.delta_delta-spark_2.12-3.1.0.jar,file:///home/***/.ivy2/jars/org.wildfly.openssl_wildfly-openssl-1.0.7.Final.jar,file:///home/***/.ivy2/jars/io.delta_delta-storage-3.1.0.jar,file:///home/***/.ivy2/jars/org.antlr_antlr4-runtime-4.9.3.jar)
[2025-06-03T05:41:54.343+0000] {spark_submit.py:644} INFO - (spark.hadoop.fs.s3a.access.key,*********(redacted))
[2025-06-03T05:41:54.343+0000] {spark_submit.py:644} INFO - (spark.hadoop.fs.s3a.endpoint,http://minio:9000)
[2025-06-03T05:41:54.344+0000] {spark_submit.py:644} INFO - (spark.hadoop.fs.s3a.impl,org.apache.hadoop.fs.s3a.S3AFileSystem)
[2025-06-03T05:41:54.344+0000] {spark_submit.py:644} INFO - (spark.hadoop.fs.s3a.path.style.access,true)
[2025-06-03T05:41:54.344+0000] {spark_submit.py:644} INFO - (spark.hadoop.fs.s3a.secret.key,*********(redacted))
[2025-06-03T05:41:54.344+0000] {spark_submit.py:644} INFO - (spark.jars,file:///home/***/.ivy2/jars/org.apache.hadoop_hadoop-aws-3.3.4.jar,file:///home/***/.ivy2/jars/com.amazonaws_aws-java-sdk-bundle-1.12.262.jar,file:///home/***/.ivy2/jars/io.delta_delta-spark_2.12-3.1.0.jar,file:///home/***/.ivy2/jars/org.wildfly.openssl_wildfly-openssl-1.0.7.Final.jar,file:///home/***/.ivy2/jars/io.delta_delta-storage-3.1.0.jar,file:///home/***/.ivy2/jars/org.antlr_antlr4-runtime-4.9.3.jar)
[2025-06-03T05:41:54.344+0000] {spark_submit.py:644} INFO - (spark.master,spark://spark-master:7077)
[2025-06-03T05:41:54.344+0000] {spark_submit.py:644} INFO - (spark.repl.local.jars,file:///home/***/.ivy2/jars/org.apache.hadoop_hadoop-aws-3.3.4.jar,file:///home/***/.ivy2/jars/com.amazonaws_aws-java-sdk-bundle-1.12.262.jar,file:///home/***/.ivy2/jars/io.delta_delta-spark_2.12-3.1.0.jar,file:///home/***/.ivy2/jars/org.wildfly.openssl_wildfly-openssl-1.0.7.Final.jar,file:///home/***/.ivy2/jars/io.delta_delta-storage-3.1.0.jar,file:///home/***/.ivy2/jars/org.antlr_antlr4-runtime-4.9.3.jar)
[2025-06-03T05:41:54.345+0000] {spark_submit.py:644} INFO - (spark.sql.catalog.spark_catalog,org.apache.spark.sql.delta.catalog.DeltaCatalog)
[2025-06-03T05:41:54.345+0000] {spark_submit.py:644} INFO - (spark.sql.extensions,io.delta.sql.DeltaSparkSessionExtension)
[2025-06-03T05:41:54.345+0000] {spark_submit.py:644} INFO - (spark.submit.deployMode,client)
[2025-06-03T05:41:54.345+0000] {spark_submit.py:644} INFO - (spark.submit.pyFiles,/home/***/.ivy2/jars/org.apache.hadoop_hadoop-aws-3.3.4.jar,/home/***/.ivy2/jars/com.amazonaws_aws-java-sdk-bundle-1.12.262.jar,/home/***/.ivy2/jars/io.delta_delta-spark_2.12-3.1.0.jar,/home/***/.ivy2/jars/org.wildfly.openssl_wildfly-openssl-1.0.7.Final.jar,/home/***/.ivy2/jars/io.delta_delta-storage-3.1.0.jar,/home/***/.ivy2/jars/org.antlr_antlr4-runtime-4.9.3.jar)
[2025-06-03T05:41:54.345+0000] {spark_submit.py:644} INFO - Classpath elements:
[2025-06-03T05:41:54.345+0000] {spark_submit.py:644} INFO - file:///home/***/.ivy2/jars/org.apache.hadoop_hadoop-aws-3.3.4.jar
[2025-06-03T05:41:54.346+0000] {spark_submit.py:644} INFO - file:///home/***/.ivy2/jars/com.amazonaws_aws-java-sdk-bundle-1.12.262.jar
[2025-06-03T05:41:54.346+0000] {spark_submit.py:644} INFO - file:///home/***/.ivy2/jars/io.delta_delta-spark_2.12-3.1.0.jar
[2025-06-03T05:41:54.346+0000] {spark_submit.py:644} INFO - file:///home/***/.ivy2/jars/org.wildfly.openssl_wildfly-openssl-1.0.7.Final.jar
[2025-06-03T05:41:54.346+0000] {spark_submit.py:644} INFO - file:///home/***/.ivy2/jars/io.delta_delta-storage-3.1.0.jar
[2025-06-03T05:41:54.346+0000] {spark_submit.py:644} INFO - file:///home/***/.ivy2/jars/org.antlr_antlr4-runtime-4.9.3.jar
[2025-06-03T05:41:54.346+0000] {spark_submit.py:644} INFO - 
[2025-06-03T05:41:54.346+0000] {spark_submit.py:644} INFO - 
[2025-06-03T05:41:55.061+0000] {spark_submit.py:644} INFO - 25/06/03 05:41:55 INFO SparkContext: Running Spark version 3.5.2
[2025-06-03T05:41:55.061+0000] {spark_submit.py:644} INFO - 25/06/03 05:41:55 INFO SparkContext: OS info Linux, 6.10.14-linuxkit, aarch64
[2025-06-03T05:41:55.062+0000] {spark_submit.py:644} INFO - 25/06/03 05:41:55 INFO SparkContext: Java version 17.0.15
[2025-06-03T05:41:55.079+0000] {spark_submit.py:644} INFO - 25/06/03 05:41:55 INFO ResourceUtils: ==============================================================
[2025-06-03T05:41:55.080+0000] {spark_submit.py:644} INFO - 25/06/03 05:41:55 INFO ResourceUtils: No custom resources configured for spark.driver.
[2025-06-03T05:41:55.080+0000] {spark_submit.py:644} INFO - 25/06/03 05:41:55 INFO ResourceUtils: ==============================================================
[2025-06-03T05:41:55.080+0000] {spark_submit.py:644} INFO - 25/06/03 05:41:55 INFO SparkContext: Submitted application: SilverToGoldStephenCurrySummaryETL
[2025-06-03T05:41:55.093+0000] {spark_submit.py:644} INFO - 25/06/03 05:41:55 INFO ResourceProfile: Default ResourceProfile created, executor resources: Map(memory -> name: memory, amount: 2048, script: , vendor: , offHeap -> name: offHeap, amount: 0, script: , vendor: ), task resources: Map(cpus -> name: cpus, amount: 1.0)
[2025-06-03T05:41:55.097+0000] {spark_submit.py:644} INFO - 25/06/03 05:41:55 INFO ResourceProfile: Limiting resource is cpu
[2025-06-03T05:41:55.097+0000] {spark_submit.py:644} INFO - 25/06/03 05:41:55 INFO ResourceProfileManager: Added ResourceProfile id: 0
[2025-06-03T05:41:55.136+0000] {spark_submit.py:644} INFO - 25/06/03 05:41:55 INFO SecurityManager: Changing view acls to: ***
[2025-06-03T05:41:55.137+0000] {spark_submit.py:644} INFO - 25/06/03 05:41:55 INFO SecurityManager: Changing modify acls to: ***
[2025-06-03T05:41:55.137+0000] {spark_submit.py:644} INFO - 25/06/03 05:41:55 INFO SecurityManager: Changing view acls groups to:
[2025-06-03T05:41:55.137+0000] {spark_submit.py:644} INFO - 25/06/03 05:41:55 INFO SecurityManager: Changing modify acls groups to:
[2025-06-03T05:41:55.137+0000] {spark_submit.py:644} INFO - 25/06/03 05:41:55 INFO SecurityManager: SecurityManager: authentication disabled; ui acls disabled; users with view permissions: ***; groups with view permissions: EMPTY; users with modify permissions: ***; groups with modify permissions: EMPTY
[2025-06-03T05:41:55.271+0000] {spark_submit.py:644} INFO - 25/06/03 05:41:55 INFO Utils: Successfully started service 'sparkDriver' on port 37197.
[2025-06-03T05:41:55.294+0000] {spark_submit.py:644} INFO - 25/06/03 05:41:55 INFO SparkEnv: Registering MapOutputTracker
[2025-06-03T05:41:55.318+0000] {spark_submit.py:644} INFO - 25/06/03 05:41:55 INFO SparkEnv: Registering BlockManagerMaster
[2025-06-03T05:41:55.328+0000] {spark_submit.py:644} INFO - 25/06/03 05:41:55 INFO BlockManagerMasterEndpoint: Using org.apache.spark.storage.DefaultTopologyMapper for getting topology information
[2025-06-03T05:41:55.328+0000] {spark_submit.py:644} INFO - 25/06/03 05:41:55 INFO BlockManagerMasterEndpoint: BlockManagerMasterEndpoint up
[2025-06-03T05:41:55.331+0000] {spark_submit.py:644} INFO - 25/06/03 05:41:55 INFO SparkEnv: Registering BlockManagerMasterHeartbeat
[2025-06-03T05:41:55.346+0000] {spark_submit.py:644} INFO - 25/06/03 05:41:55 INFO DiskBlockManager: Created local directory at /tmp/blockmgr-f6032fd4-3226-4a76-882f-bc9d2ef48359
[2025-06-03T05:41:55.354+0000] {spark_submit.py:644} INFO - 25/06/03 05:41:55 INFO MemoryStore: MemoryStore started with capacity 434.4 MiB
[2025-06-03T05:41:55.362+0000] {spark_submit.py:644} INFO - 25/06/03 05:41:55 INFO SparkEnv: Registering OutputCommitCoordinator
[2025-06-03T05:41:55.433+0000] {spark_submit.py:644} INFO - 25/06/03 05:41:55 INFO JettyUtils: Start Jetty 0.0.0.0:4040 for SparkUI
[2025-06-03T05:41:55.468+0000] {spark_submit.py:644} INFO - 25/06/03 05:41:55 INFO Utils: Successfully started service 'SparkUI' on port 4040.
[2025-06-03T05:41:55.488+0000] {spark_submit.py:644} INFO - 25/06/03 05:41:55 INFO SparkContext: Added JAR file:///home/***/.ivy2/jars/org.apache.hadoop_hadoop-aws-3.3.4.jar at spark://c6e050ed47eb:37197/jars/org.apache.hadoop_hadoop-aws-3.3.4.jar with timestamp 1748929315057
[2025-06-03T05:41:55.489+0000] {spark_submit.py:644} INFO - 25/06/03 05:41:55 INFO SparkContext: Added JAR file:///home/***/.ivy2/jars/com.amazonaws_aws-java-sdk-bundle-1.12.262.jar at spark://c6e050ed47eb:37197/jars/com.amazonaws_aws-java-sdk-bundle-1.12.262.jar with timestamp 1748929315057
[2025-06-03T05:41:55.489+0000] {spark_submit.py:644} INFO - 25/06/03 05:41:55 INFO SparkContext: Added JAR file:///home/***/.ivy2/jars/io.delta_delta-spark_2.12-3.1.0.jar at spark://c6e050ed47eb:37197/jars/io.delta_delta-spark_2.12-3.1.0.jar with timestamp 1748929315057
[2025-06-03T05:41:55.489+0000] {spark_submit.py:644} INFO - 25/06/03 05:41:55 INFO SparkContext: Added JAR file:///home/***/.ivy2/jars/org.wildfly.openssl_wildfly-openssl-1.0.7.Final.jar at spark://c6e050ed47eb:37197/jars/org.wildfly.openssl_wildfly-openssl-1.0.7.Final.jar with timestamp 1748929315057
[2025-06-03T05:41:55.489+0000] {spark_submit.py:644} INFO - 25/06/03 05:41:55 INFO SparkContext: Added JAR file:///home/***/.ivy2/jars/io.delta_delta-storage-3.1.0.jar at spark://c6e050ed47eb:37197/jars/io.delta_delta-storage-3.1.0.jar with timestamp 1748929315057
[2025-06-03T05:41:55.489+0000] {spark_submit.py:644} INFO - 25/06/03 05:41:55 INFO SparkContext: Added JAR file:///home/***/.ivy2/jars/org.antlr_antlr4-runtime-4.9.3.jar at spark://c6e050ed47eb:37197/jars/org.antlr_antlr4-runtime-4.9.3.jar with timestamp 1748929315057
[2025-06-03T05:41:55.490+0000] {spark_submit.py:644} INFO - 25/06/03 05:41:55 INFO SparkContext: Added file file:///home/***/.ivy2/jars/org.apache.hadoop_hadoop-aws-3.3.4.jar at spark://c6e050ed47eb:37197/files/org.apache.hadoop_hadoop-aws-3.3.4.jar with timestamp 1748929315057
[2025-06-03T05:41:55.491+0000] {spark_submit.py:644} INFO - 25/06/03 05:41:55 INFO Utils: Copying /home/***/.ivy2/jars/org.apache.hadoop_hadoop-aws-3.3.4.jar to /tmp/spark-6661e3c0-e2b9-47e5-9601-f698889f20ae/userFiles-be49e221-6c39-42cb-b8e7-77c5bb279ab5/org.apache.hadoop_hadoop-aws-3.3.4.jar
[2025-06-03T05:41:55.498+0000] {spark_submit.py:644} INFO - 25/06/03 05:41:55 INFO SparkContext: Added file file:///home/***/.ivy2/jars/com.amazonaws_aws-java-sdk-bundle-1.12.262.jar at spark://c6e050ed47eb:37197/files/com.amazonaws_aws-java-sdk-bundle-1.12.262.jar with timestamp 1748929315057
[2025-06-03T05:41:55.498+0000] {spark_submit.py:644} INFO - 25/06/03 05:41:55 INFO Utils: Copying /home/***/.ivy2/jars/com.amazonaws_aws-java-sdk-bundle-1.12.262.jar to /tmp/spark-6661e3c0-e2b9-47e5-9601-f698889f20ae/userFiles-be49e221-6c39-42cb-b8e7-77c5bb279ab5/com.amazonaws_aws-java-sdk-bundle-1.12.262.jar
[2025-06-03T05:41:55.586+0000] {spark_submit.py:644} INFO - 25/06/03 05:41:55 INFO SparkContext: Added file file:///home/***/.ivy2/jars/io.delta_delta-spark_2.12-3.1.0.jar at spark://c6e050ed47eb:37197/files/io.delta_delta-spark_2.12-3.1.0.jar with timestamp 1748929315057
[2025-06-03T05:41:55.587+0000] {spark_submit.py:644} INFO - 25/06/03 05:41:55 INFO Utils: Copying /home/***/.ivy2/jars/io.delta_delta-spark_2.12-3.1.0.jar to /tmp/spark-6661e3c0-e2b9-47e5-9601-f698889f20ae/userFiles-be49e221-6c39-42cb-b8e7-77c5bb279ab5/io.delta_delta-spark_2.12-3.1.0.jar
[2025-06-03T05:41:55.590+0000] {spark_submit.py:644} INFO - 25/06/03 05:41:55 INFO SparkContext: Added file file:///home/***/.ivy2/jars/org.wildfly.openssl_wildfly-openssl-1.0.7.Final.jar at spark://c6e050ed47eb:37197/files/org.wildfly.openssl_wildfly-openssl-1.0.7.Final.jar with timestamp 1748929315057
[2025-06-03T05:41:55.590+0000] {spark_submit.py:644} INFO - 25/06/03 05:41:55 INFO Utils: Copying /home/***/.ivy2/jars/org.wildfly.openssl_wildfly-openssl-1.0.7.Final.jar to /tmp/spark-6661e3c0-e2b9-47e5-9601-f698889f20ae/userFiles-be49e221-6c39-42cb-b8e7-77c5bb279ab5/org.wildfly.openssl_wildfly-openssl-1.0.7.Final.jar
[2025-06-03T05:41:55.592+0000] {spark_submit.py:644} INFO - 25/06/03 05:41:55 INFO SparkContext: Added file file:///home/***/.ivy2/jars/io.delta_delta-storage-3.1.0.jar at spark://c6e050ed47eb:37197/files/io.delta_delta-storage-3.1.0.jar with timestamp 1748929315057
[2025-06-03T05:41:55.592+0000] {spark_submit.py:644} INFO - 25/06/03 05:41:55 INFO Utils: Copying /home/***/.ivy2/jars/io.delta_delta-storage-3.1.0.jar to /tmp/spark-6661e3c0-e2b9-47e5-9601-f698889f20ae/userFiles-be49e221-6c39-42cb-b8e7-77c5bb279ab5/io.delta_delta-storage-3.1.0.jar
[2025-06-03T05:41:55.594+0000] {spark_submit.py:644} INFO - 25/06/03 05:41:55 INFO SparkContext: Added file file:///home/***/.ivy2/jars/org.antlr_antlr4-runtime-4.9.3.jar at spark://c6e050ed47eb:37197/files/org.antlr_antlr4-runtime-4.9.3.jar with timestamp 1748929315057
[2025-06-03T05:41:55.595+0000] {spark_submit.py:644} INFO - 25/06/03 05:41:55 INFO Utils: Copying /home/***/.ivy2/jars/org.antlr_antlr4-runtime-4.9.3.jar to /tmp/spark-6661e3c0-e2b9-47e5-9601-f698889f20ae/userFiles-be49e221-6c39-42cb-b8e7-77c5bb279ab5/org.antlr_antlr4-runtime-4.9.3.jar
[2025-06-03T05:41:55.639+0000] {spark_submit.py:644} INFO - 25/06/03 05:41:55 INFO StandaloneAppClient$ClientEndpoint: Connecting to master spark://spark-master:7077...
[2025-06-03T05:41:55.665+0000] {spark_submit.py:644} INFO - 25/06/03 05:41:55 INFO TransportClientFactory: Successfully created connection to spark-master/172.18.0.5:7077 after 12 ms (0 ms spent in bootstraps)
[2025-06-03T05:41:55.712+0000] {spark_submit.py:644} INFO - 25/06/03 05:41:55 INFO StandaloneSchedulerBackend: Connected to Spark cluster with app ID app-20250603054155-0005
[2025-06-03T05:41:55.713+0000] {spark_submit.py:644} INFO - 25/06/03 05:41:55 INFO StandaloneAppClient$ClientEndpoint: Executor added: app-20250603054155-0005/0 on worker-20250603045933-172.18.0.7-40173 (172.18.0.7:40173) with 4 core(s)
[2025-06-03T05:41:55.714+0000] {spark_submit.py:644} INFO - 25/06/03 05:41:55 INFO StandaloneSchedulerBackend: Granted executor ID app-20250603054155-0005/0 on hostPort 172.18.0.7:40173 with 4 core(s), 2.0 GiB RAM
[2025-06-03T05:41:55.717+0000] {spark_submit.py:644} INFO - 25/06/03 05:41:55 INFO Utils: Successfully started service 'org.apache.spark.network.netty.NettyBlockTransferService' on port 40557.
[2025-06-03T05:41:55.717+0000] {spark_submit.py:644} INFO - 25/06/03 05:41:55 INFO NettyBlockTransferService: Server created on c6e050ed47eb:40557
[2025-06-03T05:41:55.718+0000] {spark_submit.py:644} INFO - 25/06/03 05:41:55 INFO BlockManager: Using org.apache.spark.storage.RandomBlockReplicationPolicy for block replication policy
[2025-06-03T05:41:55.721+0000] {spark_submit.py:644} INFO - 25/06/03 05:41:55 INFO BlockManagerMaster: Registering BlockManager BlockManagerId(driver, c6e050ed47eb, 40557, None)
[2025-06-03T05:41:55.723+0000] {spark_submit.py:644} INFO - 25/06/03 05:41:55 INFO BlockManagerMasterEndpoint: Registering block manager c6e050ed47eb:40557 with 434.4 MiB RAM, BlockManagerId(driver, c6e050ed47eb, 40557, None)
[2025-06-03T05:41:55.724+0000] {spark_submit.py:644} INFO - 25/06/03 05:41:55 INFO BlockManagerMaster: Registered BlockManager BlockManagerId(driver, c6e050ed47eb, 40557, None)
[2025-06-03T05:41:55.725+0000] {spark_submit.py:644} INFO - 25/06/03 05:41:55 INFO BlockManager: Initialized BlockManager: BlockManagerId(driver, c6e050ed47eb, 40557, None)
[2025-06-03T05:41:55.742+0000] {spark_submit.py:644} INFO - 25/06/03 05:41:55 INFO StandaloneAppClient$ClientEndpoint: Executor updated: app-20250603054155-0005/0 is now RUNNING
[2025-06-03T05:41:55.845+0000] {spark_submit.py:644} INFO - 25/06/03 05:41:55 INFO StandaloneSchedulerBackend: SchedulerBackend is ready for scheduling beginning after reached minRegisteredResourcesRatio: 0.0
[2025-06-03T05:41:55.994+0000] {spark_submit.py:644} INFO - Reading Silver data from: s3a://mybucket/silver/curry_transformed/
[2025-06-03T05:41:55.996+0000] {spark_submit.py:644} INFO - 25/06/03 05:41:55 INFO SharedState: Setting hive.metastore.warehouse.dir ('null') to the value of spark.sql.warehouse.dir.
[2025-06-03T05:41:56.062+0000] {spark_submit.py:644} INFO - 25/06/03 05:41:56 WARN MetricsConfig: Cannot locate configuration: tried hadoop-metrics2-s3a-file-system.properties,hadoop-metrics2.properties
[2025-06-03T05:41:56.070+0000] {spark_submit.py:644} INFO - 25/06/03 05:41:56 INFO MetricsSystemImpl: Scheduled Metric snapshot period at 10 second(s).
[2025-06-03T05:41:56.070+0000] {spark_submit.py:644} INFO - 25/06/03 05:41:56 INFO MetricsSystemImpl: s3a-file-system metrics system started
[2025-06-03T05:41:56.481+0000] {spark_submit.py:644} INFO - 25/06/03 05:41:56 INFO SharedState: Warehouse path is 's3a://mybucket'.
[2025-06-03T05:41:57.090+0000] {spark_submit.py:644} INFO - 25/06/03 05:41:57 INFO InMemoryFileIndex: It took 39 ms to list leaf files for 1 paths.
[2025-06-03T05:41:57.236+0000] {spark_submit.py:644} INFO - 25/06/03 05:41:57 INFO StandaloneSchedulerBackend$StandaloneDriverEndpoint: Registered executor NettyRpcEndpointRef(spark-client://Executor) (172.18.0.7:38336) with ID 0,  ResourceProfileId 0
[2025-06-03T05:41:57.272+0000] {spark_submit.py:644} INFO - 25/06/03 05:41:57 INFO BlockManagerMasterEndpoint: Registering block manager 172.18.0.7:37109 with 1048.8 MiB RAM, BlockManagerId(0, 172.18.0.7, 37109, None)
[2025-06-03T05:41:57.356+0000] {spark_submit.py:644} INFO - 25/06/03 05:41:57 INFO SparkContext: Starting job: load at NativeMethodAccessorImpl.java:0
[2025-06-03T05:41:57.366+0000] {spark_submit.py:644} INFO - 25/06/03 05:41:57 INFO DAGScheduler: Got job 0 (load at NativeMethodAccessorImpl.java:0) with 1 output partitions
[2025-06-03T05:41:57.366+0000] {spark_submit.py:644} INFO - 25/06/03 05:41:57 INFO DAGScheduler: Final stage: ResultStage 0 (load at NativeMethodAccessorImpl.java:0)
[2025-06-03T05:41:57.367+0000] {spark_submit.py:644} INFO - 25/06/03 05:41:57 INFO DAGScheduler: Parents of final stage: List()
[2025-06-03T05:41:57.367+0000] {spark_submit.py:644} INFO - 25/06/03 05:41:57 INFO DAGScheduler: Missing parents: List()
[2025-06-03T05:41:57.370+0000] {spark_submit.py:644} INFO - 25/06/03 05:41:57 INFO DAGScheduler: Submitting ResultStage 0 (MapPartitionsRDD[1] at load at NativeMethodAccessorImpl.java:0), which has no missing parents
[2025-06-03T05:41:57.404+0000] {spark_submit.py:644} INFO - 25/06/03 05:41:57 INFO MemoryStore: Block broadcast_0 stored as values in memory (estimated size 107.3 KiB, free 434.3 MiB)
[2025-06-03T05:41:57.433+0000] {spark_submit.py:644} INFO - 25/06/03 05:41:57 INFO MemoryStore: Block broadcast_0_piece0 stored as bytes in memory (estimated size 38.9 KiB, free 434.3 MiB)
[2025-06-03T05:41:57.435+0000] {spark_submit.py:644} INFO - 25/06/03 05:41:57 INFO BlockManagerInfo: Added broadcast_0_piece0 in memory on c6e050ed47eb:40557 (size: 38.9 KiB, free: 434.4 MiB)
[2025-06-03T05:41:57.442+0000] {spark_submit.py:644} INFO - 25/06/03 05:41:57 INFO SparkContext: Created broadcast 0 from broadcast at DAGScheduler.scala:1585
[2025-06-03T05:41:57.456+0000] {spark_submit.py:644} INFO - 25/06/03 05:41:57 INFO DAGScheduler: Submitting 1 missing tasks from ResultStage 0 (MapPartitionsRDD[1] at load at NativeMethodAccessorImpl.java:0) (first 15 tasks are for partitions Vector(0))
[2025-06-03T05:41:57.456+0000] {spark_submit.py:644} INFO - 25/06/03 05:41:57 INFO TaskSchedulerImpl: Adding task set 0.0 with 1 tasks resource profile 0
[2025-06-03T05:41:58.465+0000] {spark_submit.py:644} INFO - 25/06/03 05:41:58 INFO TaskSetManager: Starting task 0.0 in stage 0.0 (TID 0) (172.18.0.7, executor 0, partition 0, PROCESS_LOCAL, 10351 bytes)
[2025-06-03T05:41:58.701+0000] {spark_submit.py:644} INFO - 25/06/03 05:41:58 INFO BlockManagerInfo: Added broadcast_0_piece0 in memory on 172.18.0.7:37109 (size: 38.9 KiB, free: 1048.8 MiB)
[2025-06-03T05:41:59.612+0000] {spark_submit.py:644} INFO - 25/06/03 05:41:59 INFO TaskSetManager: Finished task 0.0 in stage 0.0 (TID 0) in 1157 ms on 172.18.0.7 (executor 0) (1/1)
[2025-06-03T05:41:59.613+0000] {spark_submit.py:644} INFO - 25/06/03 05:41:59 INFO TaskSchedulerImpl: Removed TaskSet 0.0, whose tasks have all completed, from pool
[2025-06-03T05:41:59.617+0000] {spark_submit.py:644} INFO - 25/06/03 05:41:59 INFO DAGScheduler: ResultStage 0 (load at NativeMethodAccessorImpl.java:0) finished in 2.238 s
[2025-06-03T05:41:59.619+0000] {spark_submit.py:644} INFO - 25/06/03 05:41:59 INFO DAGScheduler: Job 0 is finished. Cancelling potential speculative or zombie tasks for this job
[2025-06-03T05:41:59.619+0000] {spark_submit.py:644} INFO - 25/06/03 05:41:59 INFO TaskSchedulerImpl: Killing all running tasks in stage 0: Stage finished
[2025-06-03T05:41:59.620+0000] {spark_submit.py:644} INFO - 25/06/03 05:41:59 INFO DAGScheduler: Job 0 finished: load at NativeMethodAccessorImpl.java:0, took 2.263914 s
[2025-06-03T05:41:59.891+0000] {spark_submit.py:644} INFO - 25/06/03 05:41:59 INFO BlockManagerInfo: Removed broadcast_0_piece0 on c6e050ed47eb:40557 in memory (size: 38.9 KiB, free: 434.4 MiB)
[2025-06-03T05:41:59.894+0000] {spark_submit.py:644} INFO - 25/06/03 05:41:59 INFO BlockManagerInfo: Removed broadcast_0_piece0 on 172.18.0.7:37109 in memory (size: 38.9 KiB, free: 1048.8 MiB)
[2025-06-03T05:42:00.072+0000] {spark_submit.py:644} INFO - Successfully loaded Silver data.
[2025-06-03T05:42:00.072+0000] {spark_submit.py:644} INFO - Generating Gold summary (avg/min/max PTS per season)...
[2025-06-03T05:42:00.155+0000] {spark_submit.py:644} INFO - Writing Gold summary to: s3a://mybucket/gold/season_summary/
[2025-06-03T05:42:00.526+0000] {spark_submit.py:644} INFO - 25/06/03 05:42:00 INFO HiveConf: Found configuration file null
[2025-06-03T05:42:00.531+0000] {spark_submit.py:644} INFO - 25/06/03 05:42:00 INFO HiveUtils: Initializing HiveMetastoreConnection version 2.3.9 using Spark classes.
[2025-06-03T05:42:00.659+0000] {spark_submit.py:644} INFO - 25/06/03 05:42:00 INFO HiveClientImpl: Warehouse location for Hive client (version 2.3.9) is s3a://mybucket
[2025-06-03T05:42:00.687+0000] {spark_submit.py:644} INFO - 25/06/03 05:42:00 INFO metastore: Trying to connect to metastore with URI thrift://hive-metastore:9083
[2025-06-03T05:42:00.701+0000] {spark_submit.py:644} INFO - 25/06/03 05:42:00 INFO metastore: Opened a connection to metastore, current connections: 1
[2025-06-03T05:42:00.718+0000] {spark_submit.py:644} INFO - 25/06/03 05:42:00 INFO metastore: Connected to metastore.
[2025-06-03T05:42:00.778+0000] {spark_submit.py:644} INFO - Writing data to S3 path for Gold layer at: s3a://mybucket/gold/season_summary/
[2025-06-03T05:42:00.899+0000] {spark_submit.py:644} INFO - 25/06/03 05:42:00 INFO FileSourceStrategy: Pushed Filters:
[2025-06-03T05:42:00.899+0000] {spark_submit.py:644} INFO - 25/06/03 05:42:00 INFO FileSourceStrategy: Post-Scan Filters:
[2025-06-03T05:42:01.175+0000] {spark_submit.py:644} INFO - 25/06/03 05:42:01 INFO CodeGenerator: Code generated in 154.288583 ms
[2025-06-03T05:42:01.199+0000] {spark_submit.py:644} INFO - 25/06/03 05:42:01 INFO MemoryStore: Block broadcast_1 stored as values in memory (estimated size 206.8 KiB, free 434.2 MiB)
[2025-06-03T05:42:01.206+0000] {spark_submit.py:644} INFO - 25/06/03 05:42:01 INFO MemoryStore: Block broadcast_1_piece0 stored as bytes in memory (estimated size 36.6 KiB, free 434.2 MiB)
[2025-06-03T05:42:01.207+0000] {spark_submit.py:644} INFO - 25/06/03 05:42:01 INFO BlockManagerInfo: Added broadcast_1_piece0 in memory on c6e050ed47eb:40557 (size: 36.6 KiB, free: 434.4 MiB)
[2025-06-03T05:42:01.207+0000] {spark_submit.py:644} INFO - 25/06/03 05:42:01 INFO SparkContext: Created broadcast 1 from save at NativeMethodAccessorImpl.java:0
[2025-06-03T05:42:01.215+0000] {spark_submit.py:644} INFO - 25/06/03 05:42:01 INFO FileSourceScanExec: Planning scan with bin packing, max size: 4194304 bytes, open cost is considered as scanning 4194304 bytes.
[2025-06-03T05:42:01.284+0000] {spark_submit.py:644} INFO - 25/06/03 05:42:01 INFO DAGScheduler: Registering RDD 5 (save at NativeMethodAccessorImpl.java:0) as input to shuffle 0
[2025-06-03T05:42:01.287+0000] {spark_submit.py:644} INFO - 25/06/03 05:42:01 INFO DAGScheduler: Got map stage job 1 (save at NativeMethodAccessorImpl.java:0) with 1 output partitions
[2025-06-03T05:42:01.288+0000] {spark_submit.py:644} INFO - 25/06/03 05:42:01 INFO DAGScheduler: Final stage: ShuffleMapStage 1 (save at NativeMethodAccessorImpl.java:0)
[2025-06-03T05:42:01.288+0000] {spark_submit.py:644} INFO - 25/06/03 05:42:01 INFO DAGScheduler: Parents of final stage: List()
[2025-06-03T05:42:01.288+0000] {spark_submit.py:644} INFO - 25/06/03 05:42:01 INFO DAGScheduler: Missing parents: List()
[2025-06-03T05:42:01.289+0000] {spark_submit.py:644} INFO - 25/06/03 05:42:01 INFO DAGScheduler: Submitting ShuffleMapStage 1 (MapPartitionsRDD[5] at save at NativeMethodAccessorImpl.java:0), which has no missing parents
[2025-06-03T05:42:01.296+0000] {spark_submit.py:644} INFO - 25/06/03 05:42:01 INFO MemoryStore: Block broadcast_2 stored as values in memory (estimated size 48.3 KiB, free 434.1 MiB)
[2025-06-03T05:42:01.302+0000] {spark_submit.py:644} INFO - 25/06/03 05:42:01 INFO MemoryStore: Block broadcast_2_piece0 stored as bytes in memory (estimated size 20.4 KiB, free 434.1 MiB)
[2025-06-03T05:42:01.302+0000] {spark_submit.py:644} INFO - 25/06/03 05:42:01 INFO BlockManagerInfo: Added broadcast_2_piece0 in memory on c6e050ed47eb:40557 (size: 20.4 KiB, free: 434.3 MiB)
[2025-06-03T05:42:01.303+0000] {spark_submit.py:644} INFO - 25/06/03 05:42:01 INFO SparkContext: Created broadcast 2 from broadcast at DAGScheduler.scala:1585
[2025-06-03T05:42:01.304+0000] {spark_submit.py:644} INFO - 25/06/03 05:42:01 INFO DAGScheduler: Submitting 1 missing tasks from ShuffleMapStage 1 (MapPartitionsRDD[5] at save at NativeMethodAccessorImpl.java:0) (first 15 tasks are for partitions Vector(0))
[2025-06-03T05:42:01.305+0000] {spark_submit.py:644} INFO - 25/06/03 05:42:01 INFO TaskSchedulerImpl: Adding task set 1.0 with 1 tasks resource profile 0
[2025-06-03T05:42:01.307+0000] {spark_submit.py:644} INFO - 25/06/03 05:42:01 INFO TaskSetManager: Starting task 0.0 in stage 1.0 (TID 1) (172.18.0.7, executor 0, partition 0, PROCESS_LOCAL, 10845 bytes)
[2025-06-03T05:42:01.334+0000] {spark_submit.py:644} INFO - 25/06/03 05:42:01 INFO BlockManagerInfo: Added broadcast_2_piece0 in memory on 172.18.0.7:37109 (size: 20.4 KiB, free: 1048.8 MiB)
[2025-06-03T05:42:01.803+0000] {spark_submit.py:644} INFO - 25/06/03 05:42:01 INFO BlockManagerInfo: Added broadcast_1_piece0 in memory on 172.18.0.7:37109 (size: 36.6 KiB, free: 1048.7 MiB)
[2025-06-03T05:42:02.036+0000] {spark_submit.py:644} INFO - 25/06/03 05:42:02 INFO TaskSetManager: Finished task 0.0 in stage 1.0 (TID 1) in 731 ms on 172.18.0.7 (executor 0) (1/1)
[2025-06-03T05:42:02.036+0000] {spark_submit.py:644} INFO - 25/06/03 05:42:02 INFO TaskSchedulerImpl: Removed TaskSet 1.0, whose tasks have all completed, from pool
[2025-06-03T05:42:02.037+0000] {spark_submit.py:644} INFO - 25/06/03 05:42:02 INFO DAGScheduler: ShuffleMapStage 1 (save at NativeMethodAccessorImpl.java:0) finished in 0.747 s
[2025-06-03T05:42:02.038+0000] {spark_submit.py:644} INFO - 25/06/03 05:42:02 INFO DAGScheduler: looking for newly runnable stages
[2025-06-03T05:42:02.039+0000] {spark_submit.py:644} INFO - 25/06/03 05:42:02 INFO DAGScheduler: running: Set()
[2025-06-03T05:42:02.039+0000] {spark_submit.py:644} INFO - 25/06/03 05:42:02 INFO DAGScheduler: waiting: Set()
[2025-06-03T05:42:02.040+0000] {spark_submit.py:644} INFO - 25/06/03 05:42:02 INFO DAGScheduler: failed: Set()
[2025-06-03T05:42:02.052+0000] {spark_submit.py:644} INFO - 25/06/03 05:42:02 INFO ShufflePartitionsUtil: For shuffle(0), advisory target size: 67108864, actual target size 1048576, minimum partition size: 1048576
[2025-06-03T05:42:02.183+0000] {spark_submit.py:644} INFO - 25/06/03 05:42:02 INFO ParquetUtils: Using default output committer for Parquet: org.apache.parquet.hadoop.ParquetOutputCommitter
[2025-06-03T05:42:02.194+0000] {spark_submit.py:644} INFO - 25/06/03 05:42:02 INFO FileOutputCommitter: File Output Committer Algorithm version is 1
[2025-06-03T05:42:02.194+0000] {spark_submit.py:644} INFO - 25/06/03 05:42:02 INFO FileOutputCommitter: FileOutputCommitter skip cleanup _temporary folders under output directory:false, ignore cleanup failures: false
[2025-06-03T05:42:02.195+0000] {spark_submit.py:644} INFO - 25/06/03 05:42:02 INFO SQLHadoopMapReduceCommitProtocol: Using user defined output committer class org.apache.parquet.hadoop.ParquetOutputCommitter
[2025-06-03T05:42:02.195+0000] {spark_submit.py:644} INFO - 25/06/03 05:42:02 INFO FileOutputCommitter: File Output Committer Algorithm version is 1
[2025-06-03T05:42:02.195+0000] {spark_submit.py:644} INFO - 25/06/03 05:42:02 INFO FileOutputCommitter: FileOutputCommitter skip cleanup _temporary folders under output directory:false, ignore cleanup failures: false
[2025-06-03T05:42:02.195+0000] {spark_submit.py:644} INFO - 25/06/03 05:42:02 INFO SQLHadoopMapReduceCommitProtocol: Using output committer class org.apache.parquet.hadoop.ParquetOutputCommitter
[2025-06-03T05:42:02.217+0000] {spark_submit.py:644} INFO - 25/06/03 05:42:02 INFO HashAggregateExec: spark.sql.codegen.aggregate.map.twolevel.enabled is set to true, but current version of codegened fast hashmap does not support this aggregate.
[2025-06-03T05:42:02.241+0000] {spark_submit.py:644} INFO - 25/06/03 05:42:02 INFO CodeGenerator: Code generated in 18.585083 ms
[2025-06-03T05:42:02.258+0000] {spark_submit.py:644} INFO - 25/06/03 05:42:02 INFO SparkContext: Starting job: save at NativeMethodAccessorImpl.java:0
[2025-06-03T05:42:02.259+0000] {spark_submit.py:644} INFO - 25/06/03 05:42:02 INFO DAGScheduler: Got job 2 (save at NativeMethodAccessorImpl.java:0) with 1 output partitions
[2025-06-03T05:42:02.259+0000] {spark_submit.py:644} INFO - 25/06/03 05:42:02 INFO DAGScheduler: Final stage: ResultStage 3 (save at NativeMethodAccessorImpl.java:0)
[2025-06-03T05:42:02.259+0000] {spark_submit.py:644} INFO - 25/06/03 05:42:02 INFO DAGScheduler: Parents of final stage: List(ShuffleMapStage 2)
[2025-06-03T05:42:02.259+0000] {spark_submit.py:644} INFO - 25/06/03 05:42:02 INFO DAGScheduler: Missing parents: List()
[2025-06-03T05:42:02.260+0000] {spark_submit.py:644} INFO - 25/06/03 05:42:02 INFO DAGScheduler: Submitting ResultStage 3 (MapPartitionsRDD[8] at save at NativeMethodAccessorImpl.java:0), which has no missing parents
[2025-06-03T05:42:02.281+0000] {spark_submit.py:644} INFO - 25/06/03 05:42:02 INFO MemoryStore: Block broadcast_3 stored as values in memory (estimated size 259.0 KiB, free 433.8 MiB)
[2025-06-03T05:42:02.285+0000] {spark_submit.py:644} INFO - 25/06/03 05:42:02 INFO MemoryStore: Block broadcast_3_piece0 stored as bytes in memory (estimated size 95.5 KiB, free 433.7 MiB)
[2025-06-03T05:42:02.287+0000] {spark_submit.py:644} INFO - 25/06/03 05:42:02 INFO BlockManagerInfo: Added broadcast_3_piece0 in memory on c6e050ed47eb:40557 (size: 95.5 KiB, free: 434.3 MiB)
[2025-06-03T05:42:02.288+0000] {spark_submit.py:644} INFO - 25/06/03 05:42:02 INFO BlockManagerInfo: Removed broadcast_2_piece0 on c6e050ed47eb:40557 in memory (size: 20.4 KiB, free: 434.3 MiB)
[2025-06-03T05:42:02.288+0000] {spark_submit.py:644} INFO - 25/06/03 05:42:02 INFO SparkContext: Created broadcast 3 from broadcast at DAGScheduler.scala:1585
[2025-06-03T05:42:02.288+0000] {spark_submit.py:644} INFO - 25/06/03 05:42:02 INFO DAGScheduler: Submitting 1 missing tasks from ResultStage 3 (MapPartitionsRDD[8] at save at NativeMethodAccessorImpl.java:0) (first 15 tasks are for partitions Vector(0))
[2025-06-03T05:42:02.288+0000] {spark_submit.py:644} INFO - 25/06/03 05:42:02 INFO TaskSchedulerImpl: Adding task set 3.0 with 1 tasks resource profile 0
[2025-06-03T05:42:02.289+0000] {spark_submit.py:644} INFO - 25/06/03 05:42:02 INFO BlockManagerInfo: Removed broadcast_2_piece0 on 172.18.0.7:37109 in memory (size: 20.4 KiB, free: 1048.8 MiB)
[2025-06-03T05:42:02.292+0000] {spark_submit.py:644} INFO - 25/06/03 05:42:02 INFO TaskSetManager: Starting task 0.0 in stage 3.0 (TID 2) (172.18.0.7, executor 0, partition 0, NODE_LOCAL, 10186 bytes)
[2025-06-03T05:42:02.308+0000] {spark_submit.py:644} INFO - 25/06/03 05:42:02 INFO BlockManagerInfo: Added broadcast_3_piece0 in memory on 172.18.0.7:37109 (size: 95.5 KiB, free: 1048.7 MiB)
[2025-06-03T05:42:02.360+0000] {spark_submit.py:644} INFO - 25/06/03 05:42:02 INFO MapOutputTrackerMasterEndpoint: Asked to send map output locations for shuffle 0 to 172.18.0.7:38336
[2025-06-03T05:42:02.915+0000] {spark_submit.py:644} INFO - 25/06/03 05:42:02 INFO TaskSetManager: Finished task 0.0 in stage 3.0 (TID 2) in 624 ms on 172.18.0.7 (executor 0) (1/1)
[2025-06-03T05:42:02.916+0000] {spark_submit.py:644} INFO - 25/06/03 05:42:02 INFO TaskSchedulerImpl: Removed TaskSet 3.0, whose tasks have all completed, from pool
[2025-06-03T05:42:02.916+0000] {spark_submit.py:644} INFO - 25/06/03 05:42:02 INFO DAGScheduler: ResultStage 3 (save at NativeMethodAccessorImpl.java:0) finished in 0.652 s
[2025-06-03T05:42:02.917+0000] {spark_submit.py:644} INFO - 25/06/03 05:42:02 INFO DAGScheduler: Job 2 is finished. Cancelling potential speculative or zombie tasks for this job
[2025-06-03T05:42:02.917+0000] {spark_submit.py:644} INFO - 25/06/03 05:42:02 INFO TaskSchedulerImpl: Killing all running tasks in stage 3: Stage finished
[2025-06-03T05:42:02.917+0000] {spark_submit.py:644} INFO - 25/06/03 05:42:02 INFO DAGScheduler: Job 2 finished: save at NativeMethodAccessorImpl.java:0, took 0.659255 s
[2025-06-03T05:42:02.918+0000] {spark_submit.py:644} INFO - 25/06/03 05:42:02 INFO FileFormatWriter: Start to commit write Job 903f087e-fe4d-4c6b-82be-a169a67dc656.
[2025-06-03T05:42:03.042+0000] {spark_submit.py:644} INFO - 25/06/03 05:42:03 INFO FileFormatWriter: Write Job 903f087e-fe4d-4c6b-82be-a169a67dc656 committed. Elapsed time: 122 ms.
[2025-06-03T05:42:03.043+0000] {spark_submit.py:644} INFO - 25/06/03 05:42:03 INFO FileFormatWriter: Finished processing stats for write job 903f087e-fe4d-4c6b-82be-a169a67dc656.
[2025-06-03T05:42:03.045+0000] {spark_submit.py:644} INFO - Successfully wrote data to S3 path: s3a://mybucket/gold/season_summary/
[2025-06-03T05:42:03.274+0000] {spark_submit.py:644} INFO - 25/06/03 05:42:03 INFO InMemoryFileIndex: It took 4 ms to list leaf files for 1 paths.
[2025-06-03T05:42:03.295+0000] {spark_submit.py:644} INFO - 25/06/03 05:42:03 INFO SparkContext: Starting job: sql at NativeMethodAccessorImpl.java:0
[2025-06-03T05:42:03.295+0000] {spark_submit.py:644} INFO - 25/06/03 05:42:03 INFO DAGScheduler: Got job 3 (sql at NativeMethodAccessorImpl.java:0) with 1 output partitions
[2025-06-03T05:42:03.296+0000] {spark_submit.py:644} INFO - 25/06/03 05:42:03 INFO DAGScheduler: Final stage: ResultStage 4 (sql at NativeMethodAccessorImpl.java:0)
[2025-06-03T05:42:03.296+0000] {spark_submit.py:644} INFO - 25/06/03 05:42:03 INFO DAGScheduler: Parents of final stage: List()
[2025-06-03T05:42:03.296+0000] {spark_submit.py:644} INFO - 25/06/03 05:42:03 INFO DAGScheduler: Missing parents: List()
[2025-06-03T05:42:03.296+0000] {spark_submit.py:644} INFO - 25/06/03 05:42:03 INFO DAGScheduler: Submitting ResultStage 4 (MapPartitionsRDD[10] at sql at NativeMethodAccessorImpl.java:0), which has no missing parents
[2025-06-03T05:42:03.301+0000] {spark_submit.py:644} INFO - 25/06/03 05:42:03 INFO MemoryStore: Block broadcast_4 stored as values in memory (estimated size 107.4 KiB, free 433.7 MiB)
[2025-06-03T05:42:03.305+0000] {spark_submit.py:644} INFO - 25/06/03 05:42:03 INFO MemoryStore: Block broadcast_4_piece0 stored as bytes in memory (estimated size 38.9 KiB, free 433.7 MiB)
[2025-06-03T05:42:03.306+0000] {spark_submit.py:644} INFO - 25/06/03 05:42:03 INFO BlockManagerInfo: Added broadcast_4_piece0 in memory on c6e050ed47eb:40557 (size: 38.9 KiB, free: 434.2 MiB)
[2025-06-03T05:42:03.306+0000] {spark_submit.py:644} INFO - 25/06/03 05:42:03 INFO SparkContext: Created broadcast 4 from broadcast at DAGScheduler.scala:1585
[2025-06-03T05:42:03.314+0000] {spark_submit.py:644} INFO - 25/06/03 05:42:03 INFO BlockManagerInfo: Removed broadcast_3_piece0 on c6e050ed47eb:40557 in memory (size: 95.5 KiB, free: 434.3 MiB)
[2025-06-03T05:42:03.315+0000] {spark_submit.py:644} INFO - 25/06/03 05:42:03 INFO DAGScheduler: Submitting 1 missing tasks from ResultStage 4 (MapPartitionsRDD[10] at sql at NativeMethodAccessorImpl.java:0) (first 15 tasks are for partitions Vector(0))
[2025-06-03T05:42:03.315+0000] {spark_submit.py:644} INFO - 25/06/03 05:42:03 INFO TaskSchedulerImpl: Adding task set 4.0 with 1 tasks resource profile 0
[2025-06-03T05:42:03.315+0000] {spark_submit.py:644} INFO - 25/06/03 05:42:03 INFO TaskSetManager: Starting task 0.0 in stage 4.0 (TID 3) (172.18.0.7, executor 0, partition 0, PROCESS_LOCAL, 10346 bytes)
[2025-06-03T05:42:03.315+0000] {spark_submit.py:644} INFO - 25/06/03 05:42:03 INFO BlockManagerInfo: Removed broadcast_3_piece0 on 172.18.0.7:37109 in memory (size: 95.5 KiB, free: 1048.8 MiB)
[2025-06-03T05:42:03.318+0000] {spark_submit.py:644} INFO - 25/06/03 05:42:03 INFO BlockManagerInfo: Added broadcast_4_piece0 in memory on 172.18.0.7:37109 (size: 38.9 KiB, free: 1048.7 MiB)
[2025-06-03T05:42:03.343+0000] {spark_submit.py:644} INFO - 25/06/03 05:42:03 INFO TaskSetManager: Finished task 0.0 in stage 4.0 (TID 3) in 36 ms on 172.18.0.7 (executor 0) (1/1)
[2025-06-03T05:42:03.343+0000] {spark_submit.py:644} INFO - 25/06/03 05:42:03 INFO TaskSchedulerImpl: Removed TaskSet 4.0, whose tasks have all completed, from pool
[2025-06-03T05:42:03.344+0000] {spark_submit.py:644} INFO - 25/06/03 05:42:03 INFO DAGScheduler: ResultStage 4 (sql at NativeMethodAccessorImpl.java:0) finished in 0.047 s
[2025-06-03T05:42:03.344+0000] {spark_submit.py:644} INFO - 25/06/03 05:42:03 INFO DAGScheduler: Job 3 is finished. Cancelling potential speculative or zombie tasks for this job
[2025-06-03T05:42:03.344+0000] {spark_submit.py:644} INFO - 25/06/03 05:42:03 INFO TaskSchedulerImpl: Killing all running tasks in stage 4: Stage finished
[2025-06-03T05:42:03.344+0000] {spark_submit.py:644} INFO - 25/06/03 05:42:03 INFO DAGScheduler: Job 3 finished: sql at NativeMethodAccessorImpl.java:0, took 0.049071 s
[2025-06-03T05:42:03.360+0000] {spark_submit.py:644} INFO - 25/06/03 05:42:03 INFO HiveExternalCatalog: Persisting file based data source table `spark_catalog`.`sc_stats_db`.`gold_sc_summary` into Hive metastore in Hive compatible format.
[2025-06-03T05:42:03.376+0000] {spark_submit.py:644} INFO - 25/06/03 05:42:03 INFO SQLStdHiveAccessController: Created SQLStdHiveAccessController for session context : HiveAuthzSessionContext [sessionString=6c655088-171e-43da-bcbc-138c7e7604fe, clientType=HIVECLI]
[2025-06-03T05:42:03.377+0000] {spark_submit.py:644} INFO - 25/06/03 05:42:03 WARN SessionState: METASTORE_FILTER_HOOK will be ignored, since hive.security.authorization.manager is set to instance of HiveAuthorizerFactory.
[2025-06-03T05:42:03.377+0000] {spark_submit.py:644} INFO - 25/06/03 05:42:03 INFO metastore: Mestastore configuration hive.metastore.filter.hook changed from org.apache.hadoop.hive.metastore.DefaultMetaStoreFilterHookImpl to org.apache.hadoop.hive.ql.security.authorization.plugin.AuthorizationMetaStoreFilterHook
[2025-06-03T05:42:03.380+0000] {spark_submit.py:644} INFO - 25/06/03 05:42:03 INFO metastore: Closed a connection to metastore, current connections: 0
[2025-06-03T05:42:03.381+0000] {spark_submit.py:644} INFO - 25/06/03 05:42:03 INFO metastore: Trying to connect to metastore with URI thrift://hive-metastore:9083
[2025-06-03T05:42:03.382+0000] {spark_submit.py:644} INFO - 25/06/03 05:42:03 INFO metastore: Opened a connection to metastore, current connections: 1
[2025-06-03T05:42:03.382+0000] {spark_submit.py:644} INFO - 25/06/03 05:42:03 INFO metastore: Connected to metastore.
[2025-06-03T05:42:03.432+0000] {spark_submit.py:644} INFO - 25/06/03 05:42:03 INFO metastore: Trying to connect to metastore with URI thrift://hive-metastore:9083
[2025-06-03T05:42:03.433+0000] {spark_submit.py:644} INFO - 25/06/03 05:42:03 INFO metastore: Opened a connection to metastore, current connections: 2
[2025-06-03T05:42:03.433+0000] {spark_submit.py:644} INFO - 25/06/03 05:42:03 INFO metastore: Connected to metastore.
[2025-06-03T05:42:03.487+0000] {spark_submit.py:644} INFO - Successfully registered table sc_stats_db.gold_sc_summary pointing to s3a://mybucket/gold/season_summary/.
[2025-06-03T05:42:03.487+0000] {spark_submit.py:644} INFO - 25/06/03 05:42:03 INFO SparkContext: SparkContext is stopping with exitCode 0.
[2025-06-03T05:42:03.494+0000] {spark_submit.py:644} INFO - 25/06/03 05:42:03 INFO SparkUI: Stopped Spark web UI at http://c6e050ed47eb:4040
[2025-06-03T05:42:03.496+0000] {spark_submit.py:644} INFO - 25/06/03 05:42:03 INFO StandaloneSchedulerBackend: Shutting down all executors
[2025-06-03T05:42:03.496+0000] {spark_submit.py:644} INFO - 25/06/03 05:42:03 INFO StandaloneSchedulerBackend$StandaloneDriverEndpoint: Asking each executor to shut down
[2025-06-03T05:42:03.508+0000] {spark_submit.py:644} INFO - 25/06/03 05:42:03 INFO MapOutputTrackerMasterEndpoint: MapOutputTrackerMasterEndpoint stopped!
[2025-06-03T05:42:03.518+0000] {spark_submit.py:644} INFO - 25/06/03 05:42:03 INFO MemoryStore: MemoryStore cleared
[2025-06-03T05:42:03.519+0000] {spark_submit.py:644} INFO - 25/06/03 05:42:03 INFO BlockManager: BlockManager stopped
[2025-06-03T05:42:03.520+0000] {spark_submit.py:644} INFO - 25/06/03 05:42:03 INFO BlockManagerMaster: BlockManagerMaster stopped
[2025-06-03T05:42:03.521+0000] {spark_submit.py:644} INFO - 25/06/03 05:42:03 INFO OutputCommitCoordinator$OutputCommitCoordinatorEndpoint: OutputCommitCoordinator stopped!
[2025-06-03T05:42:03.535+0000] {spark_submit.py:644} INFO - 25/06/03 05:42:03 INFO SparkContext: Successfully stopped SparkContext
[2025-06-03T05:42:03.903+0000] {spark_submit.py:644} INFO - Silver to Gold summary job completed.
[2025-06-03T05:42:03.951+0000] {spark_submit.py:644} INFO - 25/06/03 05:42:03 INFO ShutdownHookManager: Shutdown hook called
[2025-06-03T05:42:03.951+0000] {spark_submit.py:644} INFO - 25/06/03 05:42:03 INFO ShutdownHookManager: Deleting directory /tmp/spark-2043c503-dcb0-44f4-b6a5-2c9ee560743b
[2025-06-03T05:42:03.953+0000] {spark_submit.py:644} INFO - 25/06/03 05:42:03 INFO ShutdownHookManager: Deleting directory /tmp/spark-6661e3c0-e2b9-47e5-9601-f698889f20ae
[2025-06-03T05:42:03.955+0000] {spark_submit.py:644} INFO - 25/06/03 05:42:03 INFO ShutdownHookManager: Deleting directory /tmp/spark-6661e3c0-e2b9-47e5-9601-f698889f20ae/pyspark-e95925f7-95b8-47eb-b802-69cd1c0255c4
[2025-06-03T05:42:03.959+0000] {spark_submit.py:644} INFO - 25/06/03 05:42:03 INFO MetricsSystemImpl: Stopping s3a-file-system metrics system...
[2025-06-03T05:42:03.959+0000] {spark_submit.py:644} INFO - 25/06/03 05:42:03 INFO MetricsSystemImpl: s3a-file-system metrics system stopped.
[2025-06-03T05:42:03.959+0000] {spark_submit.py:644} INFO - 25/06/03 05:42:03 INFO MetricsSystemImpl: s3a-file-system metrics system shutdown complete.
[2025-06-03T05:42:03.997+0000] {taskinstance.py:340} INFO - ::group::Post task execution logs
[2025-06-03T05:42:03.997+0000] {taskinstance.py:352} INFO - Marking task as SUCCESS. dag_id=curry_medallion_etl, task_id=submit_silver_to_gold_job, run_id=manual__2025-06-03T05:41:25.773369+00:00, execution_date=20250603T054125, start_date=20250603T054152, end_date=20250603T054203
[2025-06-03T05:42:04.030+0000] {local_task_job_runner.py:266} INFO - Task exited with return code 0
[2025-06-03T05:42:04.040+0000] {taskinstance.py:3895} INFO - 0 downstream tasks scheduled from follow-on schedule check
[2025-06-03T05:42:04.041+0000] {local_task_job_runner.py:245} INFO - ::endgroup::
