[2025-05-31T05:51:04.166+0000] {local_task_job_runner.py:123} INFO - ::group::Pre task execution logs
[2025-05-31T05:51:04.175+0000] {taskinstance.py:2613} INFO - Dependencies all met for dep_context=non-requeueable deps ti=<TaskInstance: medallion_sales_etl.submit_medallion_sales_etl_job manual__2025-05-31T05:51:03.359642+00:00 [queued]>
[2025-05-31T05:51:04.178+0000] {taskinstance.py:2613} INFO - Dependencies all met for dep_context=requeueable deps ti=<TaskInstance: medallion_sales_etl.submit_medallion_sales_etl_job manual__2025-05-31T05:51:03.359642+00:00 [queued]>
[2025-05-31T05:51:04.178+0000] {taskinstance.py:2866} INFO - Starting attempt 1 of 2
[2025-05-31T05:51:04.183+0000] {taskinstance.py:2889} INFO - Executing <Task(SparkSubmitOperator): submit_medallion_sales_etl_job> on 2025-05-31 05:51:03.359642+00:00
[2025-05-31T05:51:04.185+0000] {standard_task_runner.py:72} INFO - Started process 356 to run task
[2025-05-31T05:51:04.187+0000] {standard_task_runner.py:104} INFO - Running: ['***', 'tasks', 'run', 'medallion_sales_etl', 'submit_medallion_sales_etl_job', 'manual__2025-05-31T05:51:03.359642+00:00', '--job-id', '19', '--raw', '--subdir', 'DAGS_FOLDER/medallion_sales_etl_dag.py', '--cfg-path', '/tmp/tmpm2lzo3ow']
[2025-05-31T05:51:04.189+0000] {standard_task_runner.py:105} INFO - Job 19: Subtask submit_medallion_sales_etl_job
[2025-05-31T05:51:04.215+0000] {task_command.py:467} INFO - Running <TaskInstance: medallion_sales_etl.submit_medallion_sales_etl_job manual__2025-05-31T05:51:03.359642+00:00 [running]> on host ab7c62ed7b93
[2025-05-31T05:51:04.258+0000] {taskinstance.py:3132} INFO - Exporting env vars: AIRFLOW_CTX_DAG_OWNER='***' AIRFLOW_CTX_DAG_ID='medallion_sales_etl' AIRFLOW_CTX_TASK_ID='submit_medallion_sales_etl_job' AIRFLOW_CTX_EXECUTION_DATE='2025-05-31T05:51:03.359642+00:00' AIRFLOW_CTX_TRY_NUMBER='1' AIRFLOW_CTX_DAG_RUN_ID='manual__2025-05-31T05:51:03.359642+00:00'
[2025-05-31T05:51:04.258+0000] {taskinstance.py:731} INFO - ::endgroup::
[2025-05-31T05:51:04.274+0000] {base.py:84} INFO - Retrieving connection 'spark_default'
[2025-05-31T05:51:04.274+0000] {spark_submit.py:474} INFO - Spark-Submit cmd: spark-submit --master spark://spark-master:7077 --conf spark.executor.memory=2g --conf spark.local.dir=/opt/***/dags/spark_temp --name medallion_sales_etl_spark_job --verbose --queue root.default --deploy-mode client /opt/***/dags/medallion_etl.py
[2025-05-31T05:51:04.927+0000] {spark_submit.py:644} INFO - Using properties file: null
[2025-05-31T05:51:04.981+0000] {spark_submit.py:644} INFO - Parsed arguments:
[2025-05-31T05:51:04.981+0000] {spark_submit.py:644} INFO - master                  spark://spark-master:7077
[2025-05-31T05:51:04.982+0000] {spark_submit.py:644} INFO - remote                  null
[2025-05-31T05:51:04.982+0000] {spark_submit.py:644} INFO - deployMode              client
[2025-05-31T05:51:04.982+0000] {spark_submit.py:644} INFO - executorMemory          2g
[2025-05-31T05:51:04.982+0000] {spark_submit.py:644} INFO - executorCores           null
[2025-05-31T05:51:04.982+0000] {spark_submit.py:644} INFO - totalExecutorCores      null
[2025-05-31T05:51:04.982+0000] {spark_submit.py:644} INFO - propertiesFile          null
[2025-05-31T05:51:04.983+0000] {spark_submit.py:644} INFO - driverMemory            null
[2025-05-31T05:51:04.983+0000] {spark_submit.py:644} INFO - driverCores             null
[2025-05-31T05:51:04.983+0000] {spark_submit.py:644} INFO - driverExtraClassPath    null
[2025-05-31T05:51:04.983+0000] {spark_submit.py:644} INFO - driverExtraLibraryPath  null
[2025-05-31T05:51:04.983+0000] {spark_submit.py:644} INFO - driverExtraJavaOptions  null
[2025-05-31T05:51:04.983+0000] {spark_submit.py:644} INFO - supervise               false
[2025-05-31T05:51:04.983+0000] {spark_submit.py:644} INFO - queue                   root.default
[2025-05-31T05:51:04.983+0000] {spark_submit.py:644} INFO - numExecutors            null
[2025-05-31T05:51:04.984+0000] {spark_submit.py:644} INFO - files                   null
[2025-05-31T05:51:04.984+0000] {spark_submit.py:644} INFO - pyFiles                 null
[2025-05-31T05:51:04.984+0000] {spark_submit.py:644} INFO - archives                null
[2025-05-31T05:51:04.984+0000] {spark_submit.py:644} INFO - mainClass               null
[2025-05-31T05:51:04.984+0000] {spark_submit.py:644} INFO - primaryResource         file:/opt/***/dags/medallion_etl.py
[2025-05-31T05:51:04.984+0000] {spark_submit.py:644} INFO - name                    medallion_sales_etl_spark_job
[2025-05-31T05:51:04.984+0000] {spark_submit.py:644} INFO - childArgs               []
[2025-05-31T05:51:04.985+0000] {spark_submit.py:644} INFO - jars                    null
[2025-05-31T05:51:04.985+0000] {spark_submit.py:644} INFO - packages                null
[2025-05-31T05:51:04.985+0000] {spark_submit.py:644} INFO - packagesExclusions      null
[2025-05-31T05:51:04.985+0000] {spark_submit.py:644} INFO - repositories            null
[2025-05-31T05:51:04.985+0000] {spark_submit.py:644} INFO - verbose                 true
[2025-05-31T05:51:04.985+0000] {spark_submit.py:644} INFO - 
[2025-05-31T05:51:04.985+0000] {spark_submit.py:644} INFO - Spark properties used, including those specified through
[2025-05-31T05:51:04.985+0000] {spark_submit.py:644} INFO - --conf and those from the properties file null:
[2025-05-31T05:51:04.985+0000] {spark_submit.py:644} INFO - (spark.executor.memory,2g)
[2025-05-31T05:51:04.986+0000] {spark_submit.py:644} INFO - (spark.local.dir,/opt/***/dags/spark_temp)
[2025-05-31T05:51:04.986+0000] {spark_submit.py:644} INFO - 
[2025-05-31T05:51:04.986+0000] {spark_submit.py:644} INFO - 
[2025-05-31T05:51:05.105+0000] {spark_submit.py:644} INFO - Main class:
[2025-05-31T05:51:05.105+0000] {spark_submit.py:644} INFO - org.apache.spark.deploy.PythonRunner
[2025-05-31T05:51:05.105+0000] {spark_submit.py:644} INFO - Arguments:
[2025-05-31T05:51:05.106+0000] {spark_submit.py:644} INFO - file:/opt/***/dags/medallion_etl.py
[2025-05-31T05:51:05.106+0000] {spark_submit.py:644} INFO - null
[2025-05-31T05:51:05.106+0000] {spark_submit.py:644} INFO - Spark config:
[2025-05-31T05:51:05.106+0000] {spark_submit.py:644} INFO - (spark.app.name,medallion_sales_etl_spark_job)
[2025-05-31T05:51:05.106+0000] {spark_submit.py:644} INFO - (spark.app.submitTime,1748670665096)
[2025-05-31T05:51:05.107+0000] {spark_submit.py:644} INFO - (spark.executor.memory,2g)
[2025-05-31T05:51:05.107+0000] {spark_submit.py:644} INFO - (spark.local.dir,/opt/***/dags/spark_temp)
[2025-05-31T05:51:05.107+0000] {spark_submit.py:644} INFO - (spark.master,spark://spark-master:7077)
[2025-05-31T05:51:05.107+0000] {spark_submit.py:644} INFO - (spark.submit.deployMode,client)
[2025-05-31T05:51:05.107+0000] {spark_submit.py:644} INFO - (spark.submit.pyFiles,)
[2025-05-31T05:51:05.107+0000] {spark_submit.py:644} INFO - Classpath elements:
[2025-05-31T05:51:05.107+0000] {spark_submit.py:644} INFO - 
[2025-05-31T05:51:05.107+0000] {spark_submit.py:644} INFO - 
[2025-05-31T05:51:05.107+0000] {spark_submit.py:644} INFO - 
[2025-05-31T05:51:05.667+0000] {spark_submit.py:644} INFO - 25/05/31 05:51:05 INFO SparkContext: Running Spark version 3.5.2
[2025-05-31T05:51:05.668+0000] {spark_submit.py:644} INFO - 25/05/31 05:51:05 INFO SparkContext: OS info Linux, 6.10.14-linuxkit, aarch64
[2025-05-31T05:51:05.668+0000] {spark_submit.py:644} INFO - 25/05/31 05:51:05 INFO SparkContext: Java version 17.0.15
[2025-05-31T05:51:05.693+0000] {spark_submit.py:644} INFO - 25/05/31 05:51:05 WARN NativeCodeLoader: Unable to load native-hadoop library for your platform... using builtin-java classes where applicable
[2025-05-31T05:51:05.721+0000] {spark_submit.py:644} INFO - 25/05/31 05:51:05 WARN SparkConf: Note that spark.local.dir will be overridden by the value set by the cluster manager (via SPARK_LOCAL_DIRS in mesos/standalone/kubernetes and LOCAL_DIRS in YARN).
[2025-05-31T05:51:05.732+0000] {spark_submit.py:644} INFO - 25/05/31 05:51:05 INFO ResourceUtils: ==============================================================
[2025-05-31T05:51:05.733+0000] {spark_submit.py:644} INFO - 25/05/31 05:51:05 INFO ResourceUtils: No custom resources configured for spark.driver.
[2025-05-31T05:51:05.733+0000] {spark_submit.py:644} INFO - 25/05/31 05:51:05 INFO ResourceUtils: ==============================================================
[2025-05-31T05:51:05.733+0000] {spark_submit.py:644} INFO - 25/05/31 05:51:05 INFO SparkContext: Submitted application: SimpleSparkTest
[2025-05-31T05:51:05.743+0000] {spark_submit.py:644} INFO - 25/05/31 05:51:05 INFO ResourceProfile: Default ResourceProfile created, executor resources: Map(memory -> name: memory, amount: 2048, script: , vendor: , offHeap -> name: offHeap, amount: 0, script: , vendor: ), task resources: Map(cpus -> name: cpus, amount: 1.0)
[2025-05-31T05:51:05.747+0000] {spark_submit.py:644} INFO - 25/05/31 05:51:05 INFO ResourceProfile: Limiting resource is cpu
[2025-05-31T05:51:05.747+0000] {spark_submit.py:644} INFO - 25/05/31 05:51:05 INFO ResourceProfileManager: Added ResourceProfile id: 0
[2025-05-31T05:51:05.773+0000] {spark_submit.py:644} INFO - 25/05/31 05:51:05 INFO SecurityManager: Changing view acls to: ***
[2025-05-31T05:51:05.773+0000] {spark_submit.py:644} INFO - 25/05/31 05:51:05 INFO SecurityManager: Changing modify acls to: ***
[2025-05-31T05:51:05.774+0000] {spark_submit.py:644} INFO - 25/05/31 05:51:05 INFO SecurityManager: Changing view acls groups to:
[2025-05-31T05:51:05.774+0000] {spark_submit.py:644} INFO - 25/05/31 05:51:05 INFO SecurityManager: Changing modify acls groups to:
[2025-05-31T05:51:05.774+0000] {spark_submit.py:644} INFO - 25/05/31 05:51:05 INFO SecurityManager: SecurityManager: authentication disabled; ui acls disabled; users with view permissions: ***; groups with view permissions: EMPTY; users with modify permissions: ***; groups with modify permissions: EMPTY
[2025-05-31T05:51:05.879+0000] {spark_submit.py:644} INFO - 25/05/31 05:51:05 INFO Utils: Successfully started service 'sparkDriver' on port 42321.
[2025-05-31T05:51:05.892+0000] {spark_submit.py:644} INFO - 25/05/31 05:51:05 INFO SparkEnv: Registering MapOutputTracker
[2025-05-31T05:51:05.910+0000] {spark_submit.py:644} INFO - 25/05/31 05:51:05 INFO SparkEnv: Registering BlockManagerMaster
[2025-05-31T05:51:05.918+0000] {spark_submit.py:644} INFO - 25/05/31 05:51:05 INFO BlockManagerMasterEndpoint: Using org.apache.spark.storage.DefaultTopologyMapper for getting topology information
[2025-05-31T05:51:05.919+0000] {spark_submit.py:644} INFO - 25/05/31 05:51:05 INFO BlockManagerMasterEndpoint: BlockManagerMasterEndpoint up
[2025-05-31T05:51:05.921+0000] {spark_submit.py:644} INFO - 25/05/31 05:51:05 INFO SparkEnv: Registering BlockManagerMasterHeartbeat
[2025-05-31T05:51:05.930+0000] {spark_submit.py:644} INFO - 25/05/31 05:51:05 INFO DiskBlockManager: Created local directory at /opt/***/dags/spark_temp/blockmgr-8ba79d3b-b648-469b-b2a2-b95d90f793b1
[2025-05-31T05:51:05.938+0000] {spark_submit.py:644} INFO - 25/05/31 05:51:05 INFO MemoryStore: MemoryStore started with capacity 434.4 MiB
[2025-05-31T05:51:05.946+0000] {spark_submit.py:644} INFO - 25/05/31 05:51:05 INFO SparkEnv: Registering OutputCommitCoordinator
[2025-05-31T05:51:06.013+0000] {spark_submit.py:644} INFO - 25/05/31 05:51:06 INFO JettyUtils: Start Jetty 0.0.0.0:4040 for SparkUI
[2025-05-31T05:51:06.042+0000] {spark_submit.py:644} INFO - 25/05/31 05:51:06 INFO Utils: Successfully started service 'SparkUI' on port 4040.
[2025-05-31T05:51:06.110+0000] {spark_submit.py:644} INFO - 25/05/31 05:51:06 INFO StandaloneAppClient$ClientEndpoint: Connecting to master spark://spark-master:7077...
[2025-05-31T05:51:06.133+0000] {spark_submit.py:644} INFO - 25/05/31 05:51:06 INFO TransportClientFactory: Successfully created connection to spark-master/172.19.0.7:7077 after 14 ms (0 ms spent in bootstraps)
[2025-05-31T05:51:06.182+0000] {spark_submit.py:644} INFO - 25/05/31 05:51:06 INFO StandaloneSchedulerBackend: Connected to Spark cluster with app ID app-20250531055106-0001
[2025-05-31T05:51:06.183+0000] {spark_submit.py:644} INFO - 25/05/31 05:51:06 INFO StandaloneAppClient$ClientEndpoint: Executor added: app-20250531055106-0001/0 on worker-20250531055032-172.19.0.8-41355 (172.19.0.8:41355) with 4 core(s)
[2025-05-31T05:51:06.186+0000] {spark_submit.py:644} INFO - 25/05/31 05:51:06 INFO StandaloneSchedulerBackend: Granted executor ID app-20250531055106-0001/0 on hostPort 172.19.0.8:41355 with 4 core(s), 2.0 GiB RAM
[2025-05-31T05:51:06.187+0000] {spark_submit.py:644} INFO - 25/05/31 05:51:06 INFO Utils: Successfully started service 'org.apache.spark.network.netty.NettyBlockTransferService' on port 46453.
[2025-05-31T05:51:06.188+0000] {spark_submit.py:644} INFO - 25/05/31 05:51:06 INFO NettyBlockTransferService: Server created on ab7c62ed7b93:46453
[2025-05-31T05:51:06.189+0000] {spark_submit.py:644} INFO - 25/05/31 05:51:06 INFO BlockManager: Using org.apache.spark.storage.RandomBlockReplicationPolicy for block replication policy
[2025-05-31T05:51:06.193+0000] {spark_submit.py:644} INFO - 25/05/31 05:51:06 INFO BlockManagerMaster: Registering BlockManager BlockManagerId(driver, ab7c62ed7b93, 46453, None)
[2025-05-31T05:51:06.196+0000] {spark_submit.py:644} INFO - 25/05/31 05:51:06 INFO BlockManagerMasterEndpoint: Registering block manager ab7c62ed7b93:46453 with 434.4 MiB RAM, BlockManagerId(driver, ab7c62ed7b93, 46453, None)
[2025-05-31T05:51:06.196+0000] {spark_submit.py:644} INFO - 25/05/31 05:51:06 INFO BlockManagerMaster: Registered BlockManager BlockManagerId(driver, ab7c62ed7b93, 46453, None)
[2025-05-31T05:51:06.197+0000] {spark_submit.py:644} INFO - 25/05/31 05:51:06 INFO BlockManager: Initialized BlockManager: BlockManagerId(driver, ab7c62ed7b93, 46453, None)
[2025-05-31T05:51:06.208+0000] {spark_submit.py:644} INFO - 25/05/31 05:51:06 INFO StandaloneAppClient$ClientEndpoint: Executor updated: app-20250531055106-0001/0 is now RUNNING
[2025-05-31T05:51:06.307+0000] {spark_submit.py:644} INFO - 25/05/31 05:51:06 INFO StandaloneSchedulerBackend: SchedulerBackend is ready for scheduling beginning after reached minRegisteredResourcesRatio: 0.0
[2025-05-31T05:51:06.406+0000] {spark_submit.py:644} INFO - Spark session created for simple test.
[2025-05-31T05:51:06.407+0000] {spark_submit.py:644} INFO - Spark version: 3.5.2
[2025-05-31T05:51:06.823+0000] {spark_submit.py:644} INFO - 25/05/31 05:51:06 INFO SharedState: Setting hive.metastore.warehouse.dir ('null') to the value of spark.sql.warehouse.dir.
[2025-05-31T05:51:06.828+0000] {spark_submit.py:644} INFO - 25/05/31 05:51:06 INFO SharedState: Warehouse path is 'file:/opt/***/spark-warehouse'.
[2025-05-31T05:51:07.488+0000] {spark_submit.py:644} INFO - Simple DataFrame created:
[2025-05-31T05:51:07.836+0000] {spark_submit.py:644} INFO - 25/05/31 05:51:07 INFO StandaloneSchedulerBackend$StandaloneDriverEndpoint: Registered executor NettyRpcEndpointRef(spark-client://Executor) (172.19.0.8:45862) with ID 0,  ResourceProfileId 0
[2025-05-31T05:51:07.885+0000] {spark_submit.py:644} INFO - 25/05/31 05:51:07 INFO BlockManagerMasterEndpoint: Registering block manager 172.19.0.8:36779 with 1048.8 MiB RAM, BlockManagerId(0, 172.19.0.8, 36779, None)
[2025-05-31T05:51:07.886+0000] {spark_submit.py:644} INFO - 25/05/31 05:51:07 INFO CodeGenerator: Code generated in 100.699459 ms
[2025-05-31T05:51:07.907+0000] {spark_submit.py:644} INFO - 25/05/31 05:51:07 INFO SparkContext: Starting job: showString at NativeMethodAccessorImpl.java:0
[2025-05-31T05:51:07.916+0000] {spark_submit.py:644} INFO - 25/05/31 05:51:07 INFO DAGScheduler: Got job 0 (showString at NativeMethodAccessorImpl.java:0) with 1 output partitions
[2025-05-31T05:51:07.916+0000] {spark_submit.py:644} INFO - 25/05/31 05:51:07 INFO DAGScheduler: Final stage: ResultStage 0 (showString at NativeMethodAccessorImpl.java:0)
[2025-05-31T05:51:07.916+0000] {spark_submit.py:644} INFO - 25/05/31 05:51:07 INFO DAGScheduler: Parents of final stage: List()
[2025-05-31T05:51:07.916+0000] {spark_submit.py:644} INFO - 25/05/31 05:51:07 INFO DAGScheduler: Missing parents: List()
[2025-05-31T05:51:07.918+0000] {spark_submit.py:644} INFO - 25/05/31 05:51:07 INFO DAGScheduler: Submitting ResultStage 0 (MapPartitionsRDD[6] at showString at NativeMethodAccessorImpl.java:0), which has no missing parents
[2025-05-31T05:51:07.951+0000] {spark_submit.py:644} INFO - 25/05/31 05:51:07 INFO MemoryStore: Block broadcast_0 stored as values in memory (estimated size 12.7 KiB, free 434.4 MiB)
[2025-05-31T05:51:07.966+0000] {spark_submit.py:644} INFO - 25/05/31 05:51:07 INFO MemoryStore: Block broadcast_0_piece0 stored as bytes in memory (estimated size 6.7 KiB, free 434.4 MiB)
[2025-05-31T05:51:07.967+0000] {spark_submit.py:644} INFO - 25/05/31 05:51:07 INFO BlockManagerInfo: Added broadcast_0_piece0 in memory on ab7c62ed7b93:46453 (size: 6.7 KiB, free: 434.4 MiB)
[2025-05-31T05:51:07.969+0000] {spark_submit.py:644} INFO - 25/05/31 05:51:07 INFO SparkContext: Created broadcast 0 from broadcast at DAGScheduler.scala:1585
[2025-05-31T05:51:07.978+0000] {spark_submit.py:644} INFO - 25/05/31 05:51:07 INFO DAGScheduler: Submitting 1 missing tasks from ResultStage 0 (MapPartitionsRDD[6] at showString at NativeMethodAccessorImpl.java:0) (first 15 tasks are for partitions Vector(0))
[2025-05-31T05:51:07.979+0000] {spark_submit.py:644} INFO - 25/05/31 05:51:07 INFO TaskSchedulerImpl: Adding task set 0.0 with 1 tasks resource profile 0
[2025-05-31T05:51:07.995+0000] {spark_submit.py:644} INFO - 25/05/31 05:51:07 INFO TaskSetManager: Starting task 0.0 in stage 0.0 (TID 0) (172.19.0.8, executor 0, partition 0, PROCESS_LOCAL, 9020 bytes)
[2025-05-31T05:51:08.103+0000] {spark_submit.py:644} INFO - 25/05/31 05:51:08 INFO StandaloneAppClient$ClientEndpoint: Executor updated: app-20250531055106-0001/0 is now EXITED (Command exited with code 50)
[2025-05-31T05:51:08.104+0000] {spark_submit.py:644} INFO - 25/05/31 05:51:08 INFO StandaloneSchedulerBackend: Executor app-20250531055106-0001/0 removed: Command exited with code 50
[2025-05-31T05:51:08.104+0000] {spark_submit.py:644} INFO - 25/05/31 05:51:08 INFO StandaloneAppClient$ClientEndpoint: Executor added: app-20250531055106-0001/1 on worker-20250531055032-172.19.0.8-41355 (172.19.0.8:41355) with 4 core(s)
[2025-05-31T05:51:08.105+0000] {spark_submit.py:644} INFO - 25/05/31 05:51:08 INFO StandaloneSchedulerBackend: Granted executor ID app-20250531055106-0001/1 on hostPort 172.19.0.8:41355 with 4 core(s), 2.0 GiB RAM
[2025-05-31T05:51:08.106+0000] {spark_submit.py:644} INFO - 25/05/31 05:51:08 ERROR TaskSchedulerImpl: Lost executor 0 on 172.19.0.8: Command exited with code 50
[2025-05-31T05:51:08.109+0000] {spark_submit.py:644} INFO - 25/05/31 05:51:08 WARN TaskSetManager: Lost task 0.0 in stage 0.0 (TID 0) (172.19.0.8 executor 0): ExecutorLostFailure (executor 0 exited caused by one of the running tasks) Reason: Command exited with code 50
[2025-05-31T05:51:08.114+0000] {spark_submit.py:644} INFO - 25/05/31 05:51:08 INFO DAGScheduler: Executor lost: 0 (epoch 0)
[2025-05-31T05:51:08.118+0000] {spark_submit.py:644} INFO - 25/05/31 05:51:08 INFO BlockManagerMasterEndpoint: Trying to remove executor 0 from BlockManagerMaster.
[2025-05-31T05:51:08.118+0000] {spark_submit.py:644} INFO - 25/05/31 05:51:08 INFO BlockManagerMasterEndpoint: Removing block manager BlockManagerId(0, 172.19.0.8, 36779, None)
[2025-05-31T05:51:08.119+0000] {spark_submit.py:644} INFO - 25/05/31 05:51:08 INFO BlockManagerMaster: Removed 0 successfully in removeExecutor
[2025-05-31T05:51:08.119+0000] {spark_submit.py:644} INFO - 25/05/31 05:51:08 INFO DAGScheduler: Shuffle files lost for executor: 0 (epoch 0)
[2025-05-31T05:51:08.119+0000] {spark_submit.py:644} INFO - 25/05/31 05:51:08 INFO StandaloneAppClient$ClientEndpoint: Executor updated: app-20250531055106-0001/1 is now RUNNING
[2025-05-31T05:51:09.487+0000] {spark_submit.py:644} INFO - 25/05/31 05:51:09 INFO StandaloneSchedulerBackend$StandaloneDriverEndpoint: Registered executor NettyRpcEndpointRef(spark-client://Executor) (172.19.0.8:45868) with ID 1,  ResourceProfileId 0
[2025-05-31T05:51:09.527+0000] {spark_submit.py:644} INFO - 25/05/31 05:51:09 INFO BlockManagerMasterEndpoint: Registering block manager 172.19.0.8:38865 with 1048.8 MiB RAM, BlockManagerId(1, 172.19.0.8, 38865, None)
[2025-05-31T05:51:09.552+0000] {spark_submit.py:644} INFO - 25/05/31 05:51:09 INFO TaskSetManager: Starting task 0.1 in stage 0.0 (TID 1) (172.19.0.8, executor 1, partition 0, PROCESS_LOCAL, 9020 bytes)
[2025-05-31T05:51:09.634+0000] {spark_submit.py:644} INFO - 25/05/31 05:51:09 INFO StandaloneAppClient$ClientEndpoint: Executor updated: app-20250531055106-0001/1 is now EXITED (Command exited with code 50)
[2025-05-31T05:51:09.634+0000] {spark_submit.py:644} INFO - 25/05/31 05:51:09 INFO StandaloneSchedulerBackend: Executor app-20250531055106-0001/1 removed: Command exited with code 50
[2025-05-31T05:51:09.634+0000] {spark_submit.py:644} INFO - 25/05/31 05:51:09 INFO StandaloneAppClient$ClientEndpoint: Executor added: app-20250531055106-0001/2 on worker-20250531055032-172.19.0.8-41355 (172.19.0.8:41355) with 4 core(s)
[2025-05-31T05:51:09.635+0000] {spark_submit.py:644} INFO - 25/05/31 05:51:09 ERROR TaskSchedulerImpl: Lost executor 1 on 172.19.0.8: Command exited with code 50
[2025-05-31T05:51:09.636+0000] {spark_submit.py:644} INFO - 25/05/31 05:51:09 INFO StandaloneSchedulerBackend: Granted executor ID app-20250531055106-0001/2 on hostPort 172.19.0.8:41355 with 4 core(s), 2.0 GiB RAM
[2025-05-31T05:51:09.636+0000] {spark_submit.py:644} INFO - 25/05/31 05:51:09 WARN TaskSetManager: Lost task 0.1 in stage 0.0 (TID 1) (172.19.0.8 executor 1): ExecutorLostFailure (executor 1 exited caused by one of the running tasks) Reason: Command exited with code 50
[2025-05-31T05:51:09.636+0000] {spark_submit.py:644} INFO - 25/05/31 05:51:09 INFO DAGScheduler: Executor lost: 1 (epoch 1)
[2025-05-31T05:51:09.636+0000] {spark_submit.py:644} INFO - 25/05/31 05:51:09 INFO BlockManagerMasterEndpoint: Trying to remove executor 1 from BlockManagerMaster.
[2025-05-31T05:51:09.636+0000] {spark_submit.py:644} INFO - 25/05/31 05:51:09 INFO BlockManagerMasterEndpoint: Removing block manager BlockManagerId(1, 172.19.0.8, 38865, None)
[2025-05-31T05:51:09.637+0000] {spark_submit.py:644} INFO - 25/05/31 05:51:09 INFO BlockManagerMaster: Removed 1 successfully in removeExecutor
[2025-05-31T05:51:09.637+0000] {spark_submit.py:644} INFO - 25/05/31 05:51:09 INFO DAGScheduler: Shuffle files lost for executor: 1 (epoch 1)
[2025-05-31T05:51:09.649+0000] {spark_submit.py:644} INFO - 25/05/31 05:51:09 INFO StandaloneAppClient$ClientEndpoint: Executor updated: app-20250531055106-0001/2 is now RUNNING
[2025-05-31T05:51:10.954+0000] {spark_submit.py:644} INFO - 25/05/31 05:51:10 INFO StandaloneSchedulerBackend$StandaloneDriverEndpoint: Registered executor NettyRpcEndpointRef(spark-client://Executor) (172.19.0.8:45872) with ID 2,  ResourceProfileId 0
[2025-05-31T05:51:10.991+0000] {spark_submit.py:644} INFO - 25/05/31 05:51:10 INFO BlockManagerMasterEndpoint: Registering block manager 172.19.0.8:39681 with 1048.8 MiB RAM, BlockManagerId(2, 172.19.0.8, 39681, None)
[2025-05-31T05:51:11.012+0000] {spark_submit.py:644} INFO - 25/05/31 05:51:11 INFO TaskSetManager: Starting task 0.2 in stage 0.0 (TID 2) (172.19.0.8, executor 2, partition 0, PROCESS_LOCAL, 9020 bytes)
[2025-05-31T05:51:11.094+0000] {spark_submit.py:644} INFO - 25/05/31 05:51:11 INFO StandaloneAppClient$ClientEndpoint: Executor updated: app-20250531055106-0001/2 is now EXITED (Command exited with code 50)
[2025-05-31T05:51:11.097+0000] {spark_submit.py:644} INFO - 25/05/31 05:51:11 INFO StandaloneSchedulerBackend: Executor app-20250531055106-0001/2 removed: Command exited with code 50
[2025-05-31T05:51:11.098+0000] {spark_submit.py:644} INFO - 25/05/31 05:51:11 INFO StandaloneAppClient$ClientEndpoint: Executor added: app-20250531055106-0001/3 on worker-20250531055032-172.19.0.8-41355 (172.19.0.8:41355) with 4 core(s)
[2025-05-31T05:51:11.098+0000] {spark_submit.py:644} INFO - 25/05/31 05:51:11 INFO StandaloneSchedulerBackend: Granted executor ID app-20250531055106-0001/3 on hostPort 172.19.0.8:41355 with 4 core(s), 2.0 GiB RAM
[2025-05-31T05:51:11.098+0000] {spark_submit.py:644} INFO - 25/05/31 05:51:11 ERROR TaskSchedulerImpl: Lost executor 2 on 172.19.0.8: Command exited with code 50
[2025-05-31T05:51:11.098+0000] {spark_submit.py:644} INFO - 25/05/31 05:51:11 WARN TaskSetManager: Lost task 0.2 in stage 0.0 (TID 2) (172.19.0.8 executor 2): ExecutorLostFailure (executor 2 exited caused by one of the running tasks) Reason: Command exited with code 50
[2025-05-31T05:51:11.098+0000] {spark_submit.py:644} INFO - 25/05/31 05:51:11 INFO DAGScheduler: Executor lost: 2 (epoch 2)
[2025-05-31T05:51:11.098+0000] {spark_submit.py:644} INFO - 25/05/31 05:51:11 INFO BlockManagerMasterEndpoint: Trying to remove executor 2 from BlockManagerMaster.
[2025-05-31T05:51:11.099+0000] {spark_submit.py:644} INFO - 25/05/31 05:51:11 INFO BlockManagerMasterEndpoint: Removing block manager BlockManagerId(2, 172.19.0.8, 39681, None)
[2025-05-31T05:51:11.099+0000] {spark_submit.py:644} INFO - 25/05/31 05:51:11 INFO BlockManagerMaster: Removed 2 successfully in removeExecutor
[2025-05-31T05:51:11.099+0000] {spark_submit.py:644} INFO - 25/05/31 05:51:11 INFO DAGScheduler: Shuffle files lost for executor: 2 (epoch 2)
[2025-05-31T05:51:11.111+0000] {spark_submit.py:644} INFO - 25/05/31 05:51:11 INFO StandaloneAppClient$ClientEndpoint: Executor updated: app-20250531055106-0001/3 is now RUNNING
[2025-05-31T05:51:12.448+0000] {spark_submit.py:644} INFO - 25/05/31 05:51:12 INFO StandaloneSchedulerBackend$StandaloneDriverEndpoint: Registered executor NettyRpcEndpointRef(spark-client://Executor) (172.19.0.8:45890) with ID 3,  ResourceProfileId 0
[2025-05-31T05:51:12.486+0000] {spark_submit.py:644} INFO - 25/05/31 05:51:12 INFO BlockManagerMasterEndpoint: Registering block manager 172.19.0.8:33999 with 1048.8 MiB RAM, BlockManagerId(3, 172.19.0.8, 33999, None)
[2025-05-31T05:51:12.506+0000] {spark_submit.py:644} INFO - 25/05/31 05:51:12 INFO TaskSetManager: Starting task 0.3 in stage 0.0 (TID 3) (172.19.0.8, executor 3, partition 0, PROCESS_LOCAL, 9020 bytes)
[2025-05-31T05:51:12.579+0000] {spark_submit.py:644} INFO - 25/05/31 05:51:12 INFO StandaloneAppClient$ClientEndpoint: Executor updated: app-20250531055106-0001/3 is now EXITED (Command exited with code 50)
[2025-05-31T05:51:12.580+0000] {spark_submit.py:644} INFO - 25/05/31 05:51:12 INFO StandaloneSchedulerBackend: Executor app-20250531055106-0001/3 removed: Command exited with code 50
[2025-05-31T05:51:12.580+0000] {spark_submit.py:644} INFO - 25/05/31 05:51:12 INFO StandaloneAppClient$ClientEndpoint: Executor added: app-20250531055106-0001/4 on worker-20250531055032-172.19.0.8-41355 (172.19.0.8:41355) with 4 core(s)
[2025-05-31T05:51:12.580+0000] {spark_submit.py:644} INFO - 25/05/31 05:51:12 ERROR TaskSchedulerImpl: Lost executor 3 on 172.19.0.8: Command exited with code 50
[2025-05-31T05:51:12.580+0000] {spark_submit.py:644} INFO - 25/05/31 05:51:12 INFO StandaloneSchedulerBackend: Granted executor ID app-20250531055106-0001/4 on hostPort 172.19.0.8:41355 with 4 core(s), 2.0 GiB RAM
[2025-05-31T05:51:12.581+0000] {spark_submit.py:644} INFO - 25/05/31 05:51:12 WARN TaskSetManager: Lost task 0.3 in stage 0.0 (TID 3) (172.19.0.8 executor 3): ExecutorLostFailure (executor 3 exited caused by one of the running tasks) Reason: Command exited with code 50
[2025-05-31T05:51:12.581+0000] {spark_submit.py:644} INFO - 25/05/31 05:51:12 ERROR TaskSetManager: Task 0 in stage 0.0 failed 4 times; aborting job
[2025-05-31T05:51:12.581+0000] {spark_submit.py:644} INFO - 25/05/31 05:51:12 INFO TaskSchedulerImpl: Removed TaskSet 0.0, whose tasks have all completed, from pool
[2025-05-31T05:51:12.582+0000] {spark_submit.py:644} INFO - 25/05/31 05:51:12 INFO TaskSchedulerImpl: Cancelling stage 0
[2025-05-31T05:51:12.582+0000] {spark_submit.py:644} INFO - 25/05/31 05:51:12 INFO TaskSchedulerImpl: Killing all running tasks in stage 0: Stage cancelled: Job aborted due to stage failure: Task 0 in stage 0.0 failed 4 times, most recent failure: Lost task 0.3 in stage 0.0 (TID 3) (172.19.0.8 executor 3): ExecutorLostFailure (executor 3 exited caused by one of the running tasks) Reason: Command exited with code 50
[2025-05-31T05:51:12.582+0000] {spark_submit.py:644} INFO - Driver stacktrace:
[2025-05-31T05:51:12.583+0000] {spark_submit.py:644} INFO - 25/05/31 05:51:12 INFO DAGScheduler: ResultStage 0 (showString at NativeMethodAccessorImpl.java:0) failed in 4.659 s due to Job aborted due to stage failure: Task 0 in stage 0.0 failed 4 times, most recent failure: Lost task 0.3 in stage 0.0 (TID 3) (172.19.0.8 executor 3): ExecutorLostFailure (executor 3 exited caused by one of the running tasks) Reason: Command exited with code 50
[2025-05-31T05:51:12.583+0000] {spark_submit.py:644} INFO - Driver stacktrace:
[2025-05-31T05:51:12.585+0000] {spark_submit.py:644} INFO - 25/05/31 05:51:12 INFO DAGScheduler: Executor lost: 3 (epoch 3)
[2025-05-31T05:51:12.585+0000] {spark_submit.py:644} INFO - 25/05/31 05:51:12 INFO DAGScheduler: Job 0 failed: showString at NativeMethodAccessorImpl.java:0, took 4.677831 s
[2025-05-31T05:51:12.586+0000] {spark_submit.py:644} INFO - 25/05/31 05:51:12 INFO BlockManagerMasterEndpoint: Trying to remove executor 3 from BlockManagerMaster.
[2025-05-31T05:51:12.586+0000] {spark_submit.py:644} INFO - 25/05/31 05:51:12 INFO BlockManagerMasterEndpoint: Removing block manager BlockManagerId(3, 172.19.0.8, 33999, None)
[2025-05-31T05:51:12.586+0000] {spark_submit.py:644} INFO - 25/05/31 05:51:12 INFO BlockManagerMaster: Removed 3 successfully in removeExecutor
[2025-05-31T05:51:12.586+0000] {spark_submit.py:644} INFO - 25/05/31 05:51:12 INFO DAGScheduler: Shuffle files lost for executor: 3 (epoch 3)
[2025-05-31T05:51:12.595+0000] {spark_submit.py:644} INFO - 25/05/31 05:51:12 INFO StandaloneAppClient$ClientEndpoint: Executor updated: app-20250531055106-0001/4 is now RUNNING
[2025-05-31T05:51:12.652+0000] {spark_submit.py:644} INFO - Traceback (most recent call last):
[2025-05-31T05:51:12.652+0000] {spark_submit.py:644} INFO - File "/opt/***/dags/medallion_etl.py", line 27, in <module>
[2025-05-31T05:51:12.653+0000] {spark_submit.py:644} INFO - main()
[2025-05-31T05:51:12.653+0000] {spark_submit.py:644} INFO - ^^^^^^
[2025-05-31T05:51:12.653+0000] {spark_submit.py:644} INFO - File "/opt/***/dags/medallion_etl.py", line 20, in main
[2025-05-31T05:51:12.653+0000] {spark_submit.py:644} INFO - test_df.show()
[2025-05-31T05:51:12.654+0000] {spark_submit.py:644} INFO - File "/home/***/.local/lib/python3.11/site-packages/pyspark/python/lib/pyspark.zip/pyspark/sql/dataframe.py", line 947, in show
[2025-05-31T05:51:12.654+0000] {spark_submit.py:644} INFO - File "/home/***/.local/lib/python3.11/site-packages/pyspark/python/lib/pyspark.zip/pyspark/sql/dataframe.py", line 965, in _show_string
[2025-05-31T05:51:12.654+0000] {spark_submit.py:644} INFO - File "/home/***/.local/lib/python3.11/site-packages/pyspark/python/lib/py4j-0.10.9.7-src.zip/py4j/java_gateway.py", line 1322, in __call__
[2025-05-31T05:51:12.654+0000] {spark_submit.py:644} INFO - File "/home/***/.local/lib/python3.11/site-packages/pyspark/python/lib/pyspark.zip/pyspark/errors/exceptions/captured.py", line 179, in deco
[2025-05-31T05:51:12.654+0000] {spark_submit.py:644} INFO - File "/home/***/.local/lib/python3.11/site-packages/pyspark/python/lib/py4j-0.10.9.7-src.zip/py4j/protocol.py", line 326, in get_return_value
[2025-05-31T05:51:12.655+0000] {spark_submit.py:644} INFO - py4j.protocol.Py4JJavaError: An error occurred while calling o39.showString.
[2025-05-31T05:51:12.655+0000] {spark_submit.py:644} INFO - : org.apache.spark.SparkException: Job aborted due to stage failure: Task 0 in stage 0.0 failed 4 times, most recent failure: Lost task 0.3 in stage 0.0 (TID 3) (172.19.0.8 executor 3): ExecutorLostFailure (executor 3 exited caused by one of the running tasks) Reason: Command exited with code 50
[2025-05-31T05:51:12.655+0000] {spark_submit.py:644} INFO - Driver stacktrace:
[2025-05-31T05:51:12.655+0000] {spark_submit.py:644} INFO - at org.apache.spark.scheduler.DAGScheduler.failJobAndIndependentStages(DAGScheduler.scala:2856)
[2025-05-31T05:51:12.655+0000] {spark_submit.py:644} INFO - at org.apache.spark.scheduler.DAGScheduler.$anonfun$abortStage$2(DAGScheduler.scala:2792)
[2025-05-31T05:51:12.656+0000] {spark_submit.py:644} INFO - at org.apache.spark.scheduler.DAGScheduler.$anonfun$abortStage$2$adapted(DAGScheduler.scala:2791)
[2025-05-31T05:51:12.656+0000] {spark_submit.py:644} INFO - at scala.collection.mutable.ResizableArray.foreach(ResizableArray.scala:62)
[2025-05-31T05:51:12.656+0000] {spark_submit.py:644} INFO - at scala.collection.mutable.ResizableArray.foreach$(ResizableArray.scala:55)
[2025-05-31T05:51:12.656+0000] {spark_submit.py:644} INFO - at scala.collection.mutable.ArrayBuffer.foreach(ArrayBuffer.scala:49)
[2025-05-31T05:51:12.656+0000] {spark_submit.py:644} INFO - at org.apache.spark.scheduler.DAGScheduler.abortStage(DAGScheduler.scala:2791)
[2025-05-31T05:51:12.656+0000] {spark_submit.py:644} INFO - at org.apache.spark.scheduler.DAGScheduler.$anonfun$handleTaskSetFailed$1(DAGScheduler.scala:1247)
[2025-05-31T05:51:12.656+0000] {spark_submit.py:644} INFO - at org.apache.spark.scheduler.DAGScheduler.$anonfun$handleTaskSetFailed$1$adapted(DAGScheduler.scala:1247)
[2025-05-31T05:51:12.656+0000] {spark_submit.py:644} INFO - at scala.Option.foreach(Option.scala:407)
[2025-05-31T05:51:12.657+0000] {spark_submit.py:644} INFO - at org.apache.spark.scheduler.DAGScheduler.handleTaskSetFailed(DAGScheduler.scala:1247)
[2025-05-31T05:51:12.657+0000] {spark_submit.py:644} INFO - at org.apache.spark.scheduler.DAGSchedulerEventProcessLoop.doOnReceive(DAGScheduler.scala:3060)
[2025-05-31T05:51:12.657+0000] {spark_submit.py:644} INFO - at org.apache.spark.scheduler.DAGSchedulerEventProcessLoop.onReceive(DAGScheduler.scala:2994)
[2025-05-31T05:51:12.657+0000] {spark_submit.py:644} INFO - at org.apache.spark.scheduler.DAGSchedulerEventProcessLoop.onReceive(DAGScheduler.scala:2983)
[2025-05-31T05:51:12.657+0000] {spark_submit.py:644} INFO - at org.apache.spark.util.EventLoop$$anon$1.run(EventLoop.scala:49)
[2025-05-31T05:51:12.657+0000] {spark_submit.py:644} INFO - at org.apache.spark.scheduler.DAGScheduler.runJob(DAGScheduler.scala:989)
[2025-05-31T05:51:12.658+0000] {spark_submit.py:644} INFO - at org.apache.spark.SparkContext.runJob(SparkContext.scala:2393)
[2025-05-31T05:51:12.658+0000] {spark_submit.py:644} INFO - at org.apache.spark.SparkContext.runJob(SparkContext.scala:2414)
[2025-05-31T05:51:12.658+0000] {spark_submit.py:644} INFO - at org.apache.spark.SparkContext.runJob(SparkContext.scala:2433)
[2025-05-31T05:51:12.658+0000] {spark_submit.py:644} INFO - at org.apache.spark.sql.execution.SparkPlan.executeTake(SparkPlan.scala:530)
[2025-05-31T05:51:12.658+0000] {spark_submit.py:644} INFO - at org.apache.spark.sql.execution.SparkPlan.executeTake(SparkPlan.scala:483)
[2025-05-31T05:51:12.658+0000] {spark_submit.py:644} INFO - at org.apache.spark.sql.execution.CollectLimitExec.executeCollect(limit.scala:61)
[2025-05-31T05:51:12.658+0000] {spark_submit.py:644} INFO - at org.apache.spark.sql.Dataset.collectFromPlan(Dataset.scala:4334)
[2025-05-31T05:51:12.658+0000] {spark_submit.py:644} INFO - at org.apache.spark.sql.Dataset.$anonfun$head$1(Dataset.scala:3316)
[2025-05-31T05:51:12.659+0000] {spark_submit.py:644} INFO - at org.apache.spark.sql.Dataset.$anonfun$withAction$2(Dataset.scala:4324)
[2025-05-31T05:51:12.659+0000] {spark_submit.py:644} INFO - at org.apache.spark.sql.execution.QueryExecution$.withInternalError(QueryExecution.scala:546)
[2025-05-31T05:51:12.659+0000] {spark_submit.py:644} INFO - at org.apache.spark.sql.Dataset.$anonfun$withAction$1(Dataset.scala:4322)
[2025-05-31T05:51:12.659+0000] {spark_submit.py:644} INFO - at org.apache.spark.sql.execution.SQLExecution$.$anonfun$withNewExecutionId$6(SQLExecution.scala:125)
[2025-05-31T05:51:12.659+0000] {spark_submit.py:644} INFO - at org.apache.spark.sql.execution.SQLExecution$.withSQLConfPropagated(SQLExecution.scala:201)
[2025-05-31T05:51:12.659+0000] {spark_submit.py:644} INFO - at org.apache.spark.sql.execution.SQLExecution$.$anonfun$withNewExecutionId$1(SQLExecution.scala:108)
[2025-05-31T05:51:12.659+0000] {spark_submit.py:644} INFO - at org.apache.spark.sql.SparkSession.withActive(SparkSession.scala:900)
[2025-05-31T05:51:12.660+0000] {spark_submit.py:644} INFO - at org.apache.spark.sql.execution.SQLExecution$.withNewExecutionId(SQLExecution.scala:66)
[2025-05-31T05:51:12.660+0000] {spark_submit.py:644} INFO - at org.apache.spark.sql.Dataset.withAction(Dataset.scala:4322)
[2025-05-31T05:51:12.660+0000] {spark_submit.py:644} INFO - at org.apache.spark.sql.Dataset.head(Dataset.scala:3316)
[2025-05-31T05:51:12.660+0000] {spark_submit.py:644} INFO - at org.apache.spark.sql.Dataset.take(Dataset.scala:3539)
[2025-05-31T05:51:12.660+0000] {spark_submit.py:644} INFO - at org.apache.spark.sql.Dataset.getRows(Dataset.scala:280)
[2025-05-31T05:51:12.660+0000] {spark_submit.py:644} INFO - at org.apache.spark.sql.Dataset.showString(Dataset.scala:315)
[2025-05-31T05:51:12.660+0000] {spark_submit.py:644} INFO - at java.base/jdk.internal.reflect.NativeMethodAccessorImpl.invoke0(Native Method)
[2025-05-31T05:51:12.661+0000] {spark_submit.py:644} INFO - at java.base/jdk.internal.reflect.NativeMethodAccessorImpl.invoke(NativeMethodAccessorImpl.java:77)
[2025-05-31T05:51:12.661+0000] {spark_submit.py:644} INFO - at java.base/jdk.internal.reflect.DelegatingMethodAccessorImpl.invoke(DelegatingMethodAccessorImpl.java:43)
[2025-05-31T05:51:12.661+0000] {spark_submit.py:644} INFO - at java.base/java.lang.reflect.Method.invoke(Method.java:569)
[2025-05-31T05:51:12.661+0000] {spark_submit.py:644} INFO - at py4j.reflection.MethodInvoker.invoke(MethodInvoker.java:244)
[2025-05-31T05:51:12.661+0000] {spark_submit.py:644} INFO - at py4j.reflection.ReflectionEngine.invoke(ReflectionEngine.java:374)
[2025-05-31T05:51:12.661+0000] {spark_submit.py:644} INFO - at py4j.Gateway.invoke(Gateway.java:282)
[2025-05-31T05:51:12.661+0000] {spark_submit.py:644} INFO - at py4j.commands.AbstractCommand.invokeMethod(AbstractCommand.java:132)
[2025-05-31T05:51:12.661+0000] {spark_submit.py:644} INFO - at py4j.commands.CallCommand.execute(CallCommand.java:79)
[2025-05-31T05:51:12.661+0000] {spark_submit.py:644} INFO - at py4j.ClientServerConnection.waitForCommands(ClientServerConnection.java:182)
[2025-05-31T05:51:12.662+0000] {spark_submit.py:644} INFO - at py4j.ClientServerConnection.run(ClientServerConnection.java:106)
[2025-05-31T05:51:12.662+0000] {spark_submit.py:644} INFO - at java.base/java.lang.Thread.run(Thread.java:840)
[2025-05-31T05:51:12.662+0000] {spark_submit.py:644} INFO - 
[2025-05-31T05:51:12.725+0000] {spark_submit.py:644} INFO - 25/05/31 05:51:12 INFO SparkContext: Invoking stop() from shutdown hook
[2025-05-31T05:51:12.726+0000] {spark_submit.py:644} INFO - 25/05/31 05:51:12 INFO SparkContext: SparkContext is stopping with exitCode 0.
[2025-05-31T05:51:12.732+0000] {spark_submit.py:644} INFO - 25/05/31 05:51:12 INFO SparkUI: Stopped Spark web UI at http://ab7c62ed7b93:4040
[2025-05-31T05:51:12.734+0000] {spark_submit.py:644} INFO - 25/05/31 05:51:12 INFO StandaloneSchedulerBackend: Shutting down all executors
[2025-05-31T05:51:12.734+0000] {spark_submit.py:644} INFO - 25/05/31 05:51:12 INFO StandaloneSchedulerBackend$StandaloneDriverEndpoint: Asking each executor to shut down
[2025-05-31T05:51:12.743+0000] {spark_submit.py:644} INFO - 25/05/31 05:51:12 INFO MapOutputTrackerMasterEndpoint: MapOutputTrackerMasterEndpoint stopped!
[2025-05-31T05:51:12.753+0000] {spark_submit.py:644} INFO - 25/05/31 05:51:12 INFO MemoryStore: MemoryStore cleared
[2025-05-31T05:51:12.753+0000] {spark_submit.py:644} INFO - 25/05/31 05:51:12 INFO BlockManager: BlockManager stopped
[2025-05-31T05:51:12.754+0000] {spark_submit.py:644} INFO - 25/05/31 05:51:12 INFO BlockManagerMaster: BlockManagerMaster stopped
[2025-05-31T05:51:12.755+0000] {spark_submit.py:644} INFO - 25/05/31 05:51:12 INFO OutputCommitCoordinator$OutputCommitCoordinatorEndpoint: OutputCommitCoordinator stopped!
[2025-05-31T05:51:12.774+0000] {spark_submit.py:644} INFO - 25/05/31 05:51:12 INFO SparkContext: Successfully stopped SparkContext
[2025-05-31T05:51:12.775+0000] {spark_submit.py:644} INFO - 25/05/31 05:51:12 INFO ShutdownHookManager: Shutdown hook called
[2025-05-31T05:51:12.775+0000] {spark_submit.py:644} INFO - 25/05/31 05:51:12 INFO ShutdownHookManager: Deleting directory /tmp/spark-f8edb7de-ab99-4212-b0e8-5747adf3f06d
[2025-05-31T05:51:12.777+0000] {spark_submit.py:644} INFO - 25/05/31 05:51:12 INFO ShutdownHookManager: Deleting directory /opt/***/dags/spark_temp/spark-82165fe7-4f62-4cb3-83e1-67eb6a4f2c24/pyspark-aee1119a-c02c-41aa-b1cf-8d5a3231d1f1
[2025-05-31T05:51:12.780+0000] {spark_submit.py:644} INFO - 25/05/31 05:51:12 INFO ShutdownHookManager: Deleting directory /opt/***/dags/spark_temp/spark-82165fe7-4f62-4cb3-83e1-67eb6a4f2c24
[2025-05-31T05:51:12.815+0000] {taskinstance.py:3311} ERROR - Task failed with exception
Traceback (most recent call last):
  File "/home/airflow/.local/lib/python3.11/site-packages/airflow/models/taskinstance.py", line 767, in _execute_task
    result = _execute_callable(context=context, **execute_callable_kwargs)
             ^^^^^^^^^^^^^^^^^^^^^^^^^^^^^^^^^^^^^^^^^^^^^^^^^^^^^^^^^^^^^
  File "/home/airflow/.local/lib/python3.11/site-packages/airflow/models/taskinstance.py", line 733, in _execute_callable
    return ExecutionCallableRunner(
           ^^^^^^^^^^^^^^^^^^^^^^^^
  File "/home/airflow/.local/lib/python3.11/site-packages/airflow/utils/operator_helpers.py", line 252, in run
    return self.func(*args, **kwargs)
           ^^^^^^^^^^^^^^^^^^^^^^^^^^
  File "/home/airflow/.local/lib/python3.11/site-packages/airflow/models/baseoperator.py", line 417, in wrapper
    return func(self, *args, **kwargs)
           ^^^^^^^^^^^^^^^^^^^^^^^^^^^
  File "/home/airflow/.local/lib/python3.11/site-packages/airflow/providers/apache/spark/operators/spark_submit.py", line 197, in execute
    self._hook.submit(self.application)
  File "/home/airflow/.local/lib/python3.11/site-packages/airflow/providers/apache/spark/hooks/spark_submit.py", line 566, in submit
    raise AirflowException(
airflow.exceptions.AirflowException: Cannot execute: spark-submit --master spark://spark-master:7077 --conf spark.executor.memory=2g --conf spark.local.dir=/opt/***/dags/spark_temp --name medallion_sales_etl_spark_job --verbose --queue root.default --deploy-mode client /opt/***/dags/medallion_etl.py. Error code is: 1.
[2025-05-31T05:51:12.819+0000] {taskinstance.py:1225} INFO - Marking task as UP_FOR_RETRY. dag_id=medallion_sales_etl, task_id=submit_medallion_sales_etl_job, run_id=manual__2025-05-31T05:51:03.359642+00:00, execution_date=20250531T055103, start_date=20250531T055104, end_date=20250531T055112
[2025-05-31T05:51:12.826+0000] {taskinstance.py:340} INFO - ::group::Post task execution logs
[2025-05-31T05:51:12.826+0000] {standard_task_runner.py:124} ERROR - Failed to execute job 19 for task submit_medallion_sales_etl_job (Cannot execute: spark-submit --master spark://spark-master:7077 --conf spark.executor.memory=2g --conf spark.local.dir=/opt/***/dags/spark_temp --name medallion_sales_etl_spark_job --verbose --queue root.default --deploy-mode client /opt/***/dags/medallion_etl.py. Error code is: 1.; 356)
Traceback (most recent call last):
  File "/home/airflow/.local/lib/python3.11/site-packages/airflow/task/task_runner/standard_task_runner.py", line 117, in _start_by_fork
    ret = args.func(args, dag=self.dag)
          ^^^^^^^^^^^^^^^^^^^^^^^^^^^^^
  File "/home/airflow/.local/lib/python3.11/site-packages/airflow/cli/cli_config.py", line 49, in command
    return func(*args, **kwargs)
           ^^^^^^^^^^^^^^^^^^^^^
  File "/home/airflow/.local/lib/python3.11/site-packages/airflow/utils/cli.py", line 116, in wrapper
    return f(*args, **kwargs)
           ^^^^^^^^^^^^^^^^^^
  File "/home/airflow/.local/lib/python3.11/site-packages/airflow/cli/commands/task_command.py", line 483, in task_run
    task_return_code = _run_task_by_selected_method(args, _dag, ti)
                       ^^^^^^^^^^^^^^^^^^^^^^^^^^^^^^^^^^^^^^^^^^^^
  File "/home/airflow/.local/lib/python3.11/site-packages/airflow/cli/commands/task_command.py", line 256, in _run_task_by_selected_method
    return _run_raw_task(args, ti)
           ^^^^^^^^^^^^^^^^^^^^^^^
  File "/home/airflow/.local/lib/python3.11/site-packages/airflow/cli/commands/task_command.py", line 341, in _run_raw_task
    return ti._run_raw_task(
           ^^^^^^^^^^^^^^^^^
  File "/home/airflow/.local/lib/python3.11/site-packages/airflow/utils/session.py", line 97, in wrapper
    return func(*args, session=session, **kwargs)
           ^^^^^^^^^^^^^^^^^^^^^^^^^^^^^^^^^^^^^^
  File "/home/airflow/.local/lib/python3.11/site-packages/airflow/models/taskinstance.py", line 3005, in _run_raw_task
    return _run_raw_task(
           ^^^^^^^^^^^^^^
  File "/home/airflow/.local/lib/python3.11/site-packages/airflow/models/taskinstance.py", line 273, in _run_raw_task
    TaskInstance._execute_task_with_callbacks(
  File "/home/airflow/.local/lib/python3.11/site-packages/airflow/models/taskinstance.py", line 3159, in _execute_task_with_callbacks
    result = self._execute_task(context, task_orig)
             ^^^^^^^^^^^^^^^^^^^^^^^^^^^^^^^^^^^^^^
  File "/home/airflow/.local/lib/python3.11/site-packages/airflow/models/taskinstance.py", line 3183, in _execute_task
    return _execute_task(self, context, task_orig)
           ^^^^^^^^^^^^^^^^^^^^^^^^^^^^^^^^^^^^^^^
  File "/home/airflow/.local/lib/python3.11/site-packages/airflow/models/taskinstance.py", line 767, in _execute_task
    result = _execute_callable(context=context, **execute_callable_kwargs)
             ^^^^^^^^^^^^^^^^^^^^^^^^^^^^^^^^^^^^^^^^^^^^^^^^^^^^^^^^^^^^^
  File "/home/airflow/.local/lib/python3.11/site-packages/airflow/models/taskinstance.py", line 733, in _execute_callable
    return ExecutionCallableRunner(
           ^^^^^^^^^^^^^^^^^^^^^^^^
  File "/home/airflow/.local/lib/python3.11/site-packages/airflow/utils/operator_helpers.py", line 252, in run
    return self.func(*args, **kwargs)
           ^^^^^^^^^^^^^^^^^^^^^^^^^^
  File "/home/airflow/.local/lib/python3.11/site-packages/airflow/models/baseoperator.py", line 417, in wrapper
    return func(self, *args, **kwargs)
           ^^^^^^^^^^^^^^^^^^^^^^^^^^^
  File "/home/airflow/.local/lib/python3.11/site-packages/airflow/providers/apache/spark/operators/spark_submit.py", line 197, in execute
    self._hook.submit(self.application)
  File "/home/airflow/.local/lib/python3.11/site-packages/airflow/providers/apache/spark/hooks/spark_submit.py", line 566, in submit
    raise AirflowException(
airflow.exceptions.AirflowException: Cannot execute: spark-submit --master spark://spark-master:7077 --conf spark.executor.memory=2g --conf spark.local.dir=/opt/***/dags/spark_temp --name medallion_sales_etl_spark_job --verbose --queue root.default --deploy-mode client /opt/***/dags/medallion_etl.py. Error code is: 1.
[2025-05-31T05:51:12.869+0000] {local_task_job_runner.py:266} INFO - Task exited with return code 1
[2025-05-31T05:51:12.882+0000] {taskinstance.py:3895} INFO - 0 downstream tasks scheduled from follow-on schedule check
[2025-05-31T05:51:12.883+0000] {local_task_job_runner.py:245} INFO - ::endgroup::
