[2025-06-03T03:47:43.776+0000] {local_task_job_runner.py:123} INFO - ::group::Pre task execution logs
[2025-06-03T03:47:43.786+0000] {taskinstance.py:2613} INFO - Dependencies all met for dep_context=non-requeueable deps ti=<TaskInstance: curry_medallion_etl.submit_bronze_to_silver_job manual__2025-06-03T03:47:29.326869+00:00 [queued]>
[2025-06-03T03:47:43.790+0000] {taskinstance.py:2613} INFO - Dependencies all met for dep_context=requeueable deps ti=<TaskInstance: curry_medallion_etl.submit_bronze_to_silver_job manual__2025-06-03T03:47:29.326869+00:00 [queued]>
[2025-06-03T03:47:43.790+0000] {taskinstance.py:2866} INFO - Starting attempt 1 of 1
[2025-06-03T03:47:43.795+0000] {taskinstance.py:2889} INFO - Executing <Task(SparkSubmitOperator): submit_bronze_to_silver_job> on 2025-06-03 03:47:29.326869+00:00
[2025-06-03T03:47:43.798+0000] {standard_task_runner.py:72} INFO - Started process 2798 to run task
[2025-06-03T03:47:43.800+0000] {standard_task_runner.py:104} INFO - Running: ['***', 'tasks', 'run', 'curry_medallion_etl', 'submit_bronze_to_silver_job', 'manual__2025-06-03T03:47:29.326869+00:00', '--job-id', '27', '--raw', '--subdir', 'DAGS_FOLDER/medallion_sales_etl_dag.py', '--cfg-path', '/tmp/tmp5jzlveim']
[2025-06-03T03:47:43.801+0000] {standard_task_runner.py:105} INFO - Job 27: Subtask submit_bronze_to_silver_job
[2025-06-03T03:47:43.828+0000] {task_command.py:467} INFO - Running <TaskInstance: curry_medallion_etl.submit_bronze_to_silver_job manual__2025-06-03T03:47:29.326869+00:00 [running]> on host 083f94398a74
[2025-06-03T03:47:43.876+0000] {taskinstance.py:3132} INFO - Exporting env vars: AIRFLOW_CTX_DAG_OWNER='qdinh18' AIRFLOW_CTX_DAG_ID='curry_medallion_etl' AIRFLOW_CTX_TASK_ID='submit_bronze_to_silver_job' AIRFLOW_CTX_EXECUTION_DATE='2025-06-03T03:47:29.326869+00:00' AIRFLOW_CTX_TRY_NUMBER='1' AIRFLOW_CTX_DAG_RUN_ID='manual__2025-06-03T03:47:29.326869+00:00'
[2025-06-03T03:47:43.876+0000] {taskinstance.py:731} INFO - ::endgroup::
[2025-06-03T03:47:43.895+0000] {base.py:84} INFO - Retrieving connection 'spark_default'
[2025-06-03T03:47:43.896+0000] {spark_submit.py:474} INFO - Spark-Submit cmd: spark-submit --master spark://spark-master:7077 --conf spark.executor.memory=2g --conf spark.sql.extensions=io.delta.sql.DeltaSparkSessionExtension --conf spark.sql.catalog.spark_catalog=org.apache.spark.sql.delta.catalog.DeltaCatalog --conf spark.hadoop.fs.s3a.endpoint=http://minio:9000 --conf spark.hadoop.fs.s3a.access.key=minioadmin --conf spark.hadoop.fs.s3a.secret.key=****** --conf spark.hadoop.fs.s3a.path.style.access=true --conf spark.hadoop.fs.s3a.impl=org.apache.hadoop.fs.s3a.S3AFileSystem --packages org.apache.hadoop:hadoop-aws:3.3.4,com.amazonaws:aws-java-sdk-bundle:1.12.262,io.delta:delta-spark_2.12:3.1.0 --name bronze_to_silver_sc_stats_etl --verbose --queue root.default --deploy-mode client /opt/***/dags/bronze_to_silver_sc_stats_etl.py --input_path s3a://mybucket/bronze/curry_raw_data/ --output_path s3a://mybucket/silver/curry_transformed/
[2025-06-03T03:47:44.732+0000] {spark_submit.py:644} INFO - Using properties file: null
[2025-06-03T03:47:44.809+0000] {spark_submit.py:644} INFO - Parsed arguments:
[2025-06-03T03:47:44.810+0000] {spark_submit.py:644} INFO - master                  spark://spark-master:7077
[2025-06-03T03:47:44.810+0000] {spark_submit.py:644} INFO - remote                  null
[2025-06-03T03:47:44.810+0000] {spark_submit.py:644} INFO - deployMode              client
[2025-06-03T03:47:44.811+0000] {spark_submit.py:644} INFO - executorMemory          2g
[2025-06-03T03:47:44.811+0000] {spark_submit.py:644} INFO - executorCores           null
[2025-06-03T03:47:44.811+0000] {spark_submit.py:644} INFO - totalExecutorCores      null
[2025-06-03T03:47:44.811+0000] {spark_submit.py:644} INFO - propertiesFile          null
[2025-06-03T03:47:44.811+0000] {spark_submit.py:644} INFO - driverMemory            null
[2025-06-03T03:47:44.812+0000] {spark_submit.py:644} INFO - driverCores             null
[2025-06-03T03:47:44.812+0000] {spark_submit.py:644} INFO - driverExtraClassPath    null
[2025-06-03T03:47:44.812+0000] {spark_submit.py:644} INFO - driverExtraLibraryPath  null
[2025-06-03T03:47:44.812+0000] {spark_submit.py:644} INFO - driverExtraJavaOptions  null
[2025-06-03T03:47:44.812+0000] {spark_submit.py:644} INFO - supervise               false
[2025-06-03T03:47:44.813+0000] {spark_submit.py:644} INFO - queue                   root.default
[2025-06-03T03:47:44.813+0000] {spark_submit.py:644} INFO - numExecutors            null
[2025-06-03T03:47:44.813+0000] {spark_submit.py:644} INFO - files                   null
[2025-06-03T03:47:44.813+0000] {spark_submit.py:644} INFO - pyFiles                 null
[2025-06-03T03:47:44.813+0000] {spark_submit.py:644} INFO - archives                null
[2025-06-03T03:47:44.813+0000] {spark_submit.py:644} INFO - mainClass               null
[2025-06-03T03:47:44.813+0000] {spark_submit.py:644} INFO - primaryResource         file:/opt/***/dags/bronze_to_silver_sc_stats_etl.py
[2025-06-03T03:47:44.813+0000] {spark_submit.py:644} INFO - name                    bronze_to_silver_sc_stats_etl
[2025-06-03T03:47:44.814+0000] {spark_submit.py:644} INFO - childArgs               [--input_path s3a://mybucket/bronze/curry_raw_data/ --output_path s3a://mybucket/silver/curry_transformed/]
[2025-06-03T03:47:44.814+0000] {spark_submit.py:644} INFO - jars                    null
[2025-06-03T03:47:44.814+0000] {spark_submit.py:644} INFO - packages                org.apache.hadoop:hadoop-aws:3.3.4,com.amazonaws:aws-java-sdk-bundle:1.12.262,io.delta:delta-spark_2.12:3.1.0
[2025-06-03T03:47:44.815+0000] {spark_submit.py:644} INFO - packagesExclusions      null
[2025-06-03T03:47:44.815+0000] {spark_submit.py:644} INFO - repositories            null
[2025-06-03T03:47:44.815+0000] {spark_submit.py:644} INFO - verbose                 true
[2025-06-03T03:47:44.815+0000] {spark_submit.py:644} INFO - 
[2025-06-03T03:47:44.815+0000] {spark_submit.py:644} INFO - Spark properties used, including those specified through
[2025-06-03T03:47:44.815+0000] {spark_submit.py:644} INFO - --conf and those from the properties file null:
[2025-06-03T03:47:44.816+0000] {spark_submit.py:644} INFO - (spark.executor.memory,2g)
[2025-06-03T03:47:44.816+0000] {spark_submit.py:644} INFO - (spark.hadoop.fs.s3a.access.key,*********(redacted))
[2025-06-03T03:47:44.816+0000] {spark_submit.py:644} INFO - (spark.hadoop.fs.s3a.endpoint,http://minio:9000)
[2025-06-03T03:47:44.816+0000] {spark_submit.py:644} INFO - (spark.hadoop.fs.s3a.impl,org.apache.hadoop.fs.s3a.S3AFileSystem)
[2025-06-03T03:47:44.817+0000] {spark_submit.py:644} INFO - (spark.hadoop.fs.s3a.path.style.access,true)
[2025-06-03T03:47:44.817+0000] {spark_submit.py:644} INFO - (spark.hadoop.fs.s3a.secret.key,*********(redacted))
[2025-06-03T03:47:44.817+0000] {spark_submit.py:644} INFO - (spark.sql.catalog.spark_catalog,org.apache.spark.sql.delta.catalog.DeltaCatalog)
[2025-06-03T03:47:44.817+0000] {spark_submit.py:644} INFO - (spark.sql.extensions,io.delta.sql.DeltaSparkSessionExtension)
[2025-06-03T03:47:44.817+0000] {spark_submit.py:644} INFO - 
[2025-06-03T03:47:44.817+0000] {spark_submit.py:644} INFO - 
[2025-06-03T03:47:44.896+0000] {spark_submit.py:644} INFO - :: loading settings :: url = jar:file:/home/***/.local/lib/python3.11/site-packages/pyspark/jars/ivy-2.5.1.jar!/org/apache/ivy/core/settings/ivysettings.xml
[2025-06-03T03:47:44.943+0000] {spark_submit.py:644} INFO - Ivy Default Cache set to: /home/***/.ivy2/cache
[2025-06-03T03:47:44.943+0000] {spark_submit.py:644} INFO - The jars for the packages stored in: /home/***/.ivy2/jars
[2025-06-03T03:47:44.946+0000] {spark_submit.py:644} INFO - org.apache.hadoop#hadoop-aws added as a dependency
[2025-06-03T03:47:44.946+0000] {spark_submit.py:644} INFO - com.amazonaws#aws-java-sdk-bundle added as a dependency
[2025-06-03T03:47:44.946+0000] {spark_submit.py:644} INFO - io.delta#delta-spark_2.12 added as a dependency
[2025-06-03T03:47:44.946+0000] {spark_submit.py:644} INFO - :: resolving dependencies :: org.apache.spark#spark-submit-parent-20b9ea52-1a89-42d4-9022-6318ca5633fd;1.0
[2025-06-03T03:47:44.946+0000] {spark_submit.py:644} INFO - confs: [default]
[2025-06-03T03:47:45.043+0000] {spark_submit.py:644} INFO - found org.apache.hadoop#hadoop-aws;3.3.4 in central
[2025-06-03T03:47:45.056+0000] {spark_submit.py:644} INFO - found com.amazonaws#aws-java-sdk-bundle;1.12.262 in central
[2025-06-03T03:47:45.069+0000] {spark_submit.py:644} INFO - found org.wildfly.openssl#wildfly-openssl;1.0.7.Final in central
[2025-06-03T03:47:45.079+0000] {spark_submit.py:644} INFO - found io.delta#delta-spark_2.12;3.1.0 in central
[2025-06-03T03:47:45.088+0000] {spark_submit.py:644} INFO - found io.delta#delta-storage;3.1.0 in central
[2025-06-03T03:47:45.098+0000] {spark_submit.py:644} INFO - found org.antlr#antlr4-runtime;4.9.3 in central
[2025-06-03T03:47:45.112+0000] {spark_submit.py:644} INFO - :: resolution report :: resolve 158ms :: artifacts dl 7ms
[2025-06-03T03:47:45.112+0000] {spark_submit.py:644} INFO - :: modules in use:
[2025-06-03T03:47:45.112+0000] {spark_submit.py:644} INFO - com.amazonaws#aws-java-sdk-bundle;1.12.262 from central in [default]
[2025-06-03T03:47:45.112+0000] {spark_submit.py:644} INFO - io.delta#delta-spark_2.12;3.1.0 from central in [default]
[2025-06-03T03:47:45.113+0000] {spark_submit.py:644} INFO - io.delta#delta-storage;3.1.0 from central in [default]
[2025-06-03T03:47:45.113+0000] {spark_submit.py:644} INFO - org.antlr#antlr4-runtime;4.9.3 from central in [default]
[2025-06-03T03:47:45.113+0000] {spark_submit.py:644} INFO - org.apache.hadoop#hadoop-aws;3.3.4 from central in [default]
[2025-06-03T03:47:45.113+0000] {spark_submit.py:644} INFO - org.wildfly.openssl#wildfly-openssl;1.0.7.Final from central in [default]
[2025-06-03T03:47:45.113+0000] {spark_submit.py:644} INFO - ---------------------------------------------------------------------
[2025-06-03T03:47:45.113+0000] {spark_submit.py:644} INFO - |                  |            modules            ||   artifacts   |
[2025-06-03T03:47:45.113+0000] {spark_submit.py:644} INFO - |       conf       | number| search|dwnlded|evicted|| number|dwnlded|
[2025-06-03T03:47:45.114+0000] {spark_submit.py:644} INFO - ---------------------------------------------------------------------
[2025-06-03T03:47:45.114+0000] {spark_submit.py:644} INFO - |      default     |   6   |   0   |   0   |   0   ||   6   |   0   |
[2025-06-03T03:47:45.114+0000] {spark_submit.py:644} INFO - ---------------------------------------------------------------------
[2025-06-03T03:47:45.115+0000] {spark_submit.py:644} INFO - :: retrieving :: org.apache.spark#spark-submit-parent-20b9ea52-1a89-42d4-9022-6318ca5633fd
[2025-06-03T03:47:45.115+0000] {spark_submit.py:644} INFO - confs: [default]
[2025-06-03T03:47:45.119+0000] {spark_submit.py:644} INFO - 0 artifacts copied, 6 already retrieved (0kB/4ms)
[2025-06-03T03:47:45.239+0000] {spark_submit.py:644} INFO - 25/06/03 03:47:45 WARN NativeCodeLoader: Unable to load native-hadoop library for your platform... using builtin-java classes where applicable
[2025-06-03T03:47:45.347+0000] {spark_submit.py:644} INFO - Main class:
[2025-06-03T03:47:45.347+0000] {spark_submit.py:644} INFO - org.apache.spark.deploy.PythonRunner
[2025-06-03T03:47:45.348+0000] {spark_submit.py:644} INFO - Arguments:
[2025-06-03T03:47:45.348+0000] {spark_submit.py:644} INFO - file:/opt/***/dags/bronze_to_silver_sc_stats_etl.py
[2025-06-03T03:47:45.348+0000] {spark_submit.py:644} INFO - file:///home/***/.ivy2/jars/org.apache.hadoop_hadoop-aws-3.3.4.jar,file:///home/***/.ivy2/jars/com.amazonaws_aws-java-sdk-bundle-1.12.262.jar,file:///home/***/.ivy2/jars/io.delta_delta-spark_2.12-3.1.0.jar,file:///home/***/.ivy2/jars/org.wildfly.openssl_wildfly-openssl-1.0.7.Final.jar,file:///home/***/.ivy2/jars/io.delta_delta-storage-3.1.0.jar,file:///home/***/.ivy2/jars/org.antlr_antlr4-runtime-4.9.3.jar
[2025-06-03T03:47:45.348+0000] {spark_submit.py:644} INFO - --input_path
[2025-06-03T03:47:45.348+0000] {spark_submit.py:644} INFO - s3a://mybucket/bronze/curry_raw_data/
[2025-06-03T03:47:45.348+0000] {spark_submit.py:644} INFO - --output_path
[2025-06-03T03:47:45.349+0000] {spark_submit.py:644} INFO - s3a://mybucket/silver/curry_transformed/
[2025-06-03T03:47:45.349+0000] {spark_submit.py:644} INFO - Spark config:
[2025-06-03T03:47:45.349+0000] {spark_submit.py:644} INFO - (spark.app.name,bronze_to_silver_sc_stats_etl)
[2025-06-03T03:47:45.349+0000] {spark_submit.py:644} INFO - (spark.app.submitTime,1748922465338)
[2025-06-03T03:47:45.349+0000] {spark_submit.py:644} INFO - (spark.executor.memory,2g)
[2025-06-03T03:47:45.349+0000] {spark_submit.py:644} INFO - (spark.files,file:///home/***/.ivy2/jars/org.apache.hadoop_hadoop-aws-3.3.4.jar,file:///home/***/.ivy2/jars/com.amazonaws_aws-java-sdk-bundle-1.12.262.jar,file:///home/***/.ivy2/jars/io.delta_delta-spark_2.12-3.1.0.jar,file:///home/***/.ivy2/jars/org.wildfly.openssl_wildfly-openssl-1.0.7.Final.jar,file:///home/***/.ivy2/jars/io.delta_delta-storage-3.1.0.jar,file:///home/***/.ivy2/jars/org.antlr_antlr4-runtime-4.9.3.jar)
[2025-06-03T03:47:45.350+0000] {spark_submit.py:644} INFO - (spark.hadoop.fs.s3a.access.key,*********(redacted))
[2025-06-03T03:47:45.350+0000] {spark_submit.py:644} INFO - (spark.hadoop.fs.s3a.endpoint,http://minio:9000)
[2025-06-03T03:47:45.350+0000] {spark_submit.py:644} INFO - (spark.hadoop.fs.s3a.impl,org.apache.hadoop.fs.s3a.S3AFileSystem)
[2025-06-03T03:47:45.350+0000] {spark_submit.py:644} INFO - (spark.hadoop.fs.s3a.path.style.access,true)
[2025-06-03T03:47:45.350+0000] {spark_submit.py:644} INFO - (spark.hadoop.fs.s3a.secret.key,*********(redacted))
[2025-06-03T03:47:45.350+0000] {spark_submit.py:644} INFO - (spark.jars,file:///home/***/.ivy2/jars/org.apache.hadoop_hadoop-aws-3.3.4.jar,file:///home/***/.ivy2/jars/com.amazonaws_aws-java-sdk-bundle-1.12.262.jar,file:///home/***/.ivy2/jars/io.delta_delta-spark_2.12-3.1.0.jar,file:///home/***/.ivy2/jars/org.wildfly.openssl_wildfly-openssl-1.0.7.Final.jar,file:///home/***/.ivy2/jars/io.delta_delta-storage-3.1.0.jar,file:///home/***/.ivy2/jars/org.antlr_antlr4-runtime-4.9.3.jar)
[2025-06-03T03:47:45.350+0000] {spark_submit.py:644} INFO - (spark.master,spark://spark-master:7077)
[2025-06-03T03:47:45.351+0000] {spark_submit.py:644} INFO - (spark.repl.local.jars,file:///home/***/.ivy2/jars/org.apache.hadoop_hadoop-aws-3.3.4.jar,file:///home/***/.ivy2/jars/com.amazonaws_aws-java-sdk-bundle-1.12.262.jar,file:///home/***/.ivy2/jars/io.delta_delta-spark_2.12-3.1.0.jar,file:///home/***/.ivy2/jars/org.wildfly.openssl_wildfly-openssl-1.0.7.Final.jar,file:///home/***/.ivy2/jars/io.delta_delta-storage-3.1.0.jar,file:///home/***/.ivy2/jars/org.antlr_antlr4-runtime-4.9.3.jar)
[2025-06-03T03:47:45.351+0000] {spark_submit.py:644} INFO - (spark.sql.catalog.spark_catalog,org.apache.spark.sql.delta.catalog.DeltaCatalog)
[2025-06-03T03:47:45.351+0000] {spark_submit.py:644} INFO - (spark.sql.extensions,io.delta.sql.DeltaSparkSessionExtension)
[2025-06-03T03:47:45.351+0000] {spark_submit.py:644} INFO - (spark.submit.deployMode,client)
[2025-06-03T03:47:45.351+0000] {spark_submit.py:644} INFO - (spark.submit.pyFiles,/home/***/.ivy2/jars/org.apache.hadoop_hadoop-aws-3.3.4.jar,/home/***/.ivy2/jars/com.amazonaws_aws-java-sdk-bundle-1.12.262.jar,/home/***/.ivy2/jars/io.delta_delta-spark_2.12-3.1.0.jar,/home/***/.ivy2/jars/org.wildfly.openssl_wildfly-openssl-1.0.7.Final.jar,/home/***/.ivy2/jars/io.delta_delta-storage-3.1.0.jar,/home/***/.ivy2/jars/org.antlr_antlr4-runtime-4.9.3.jar)
[2025-06-03T03:47:45.351+0000] {spark_submit.py:644} INFO - Classpath elements:
[2025-06-03T03:47:45.351+0000] {spark_submit.py:644} INFO - file:///home/***/.ivy2/jars/org.apache.hadoop_hadoop-aws-3.3.4.jar
[2025-06-03T03:47:45.352+0000] {spark_submit.py:644} INFO - file:///home/***/.ivy2/jars/com.amazonaws_aws-java-sdk-bundle-1.12.262.jar
[2025-06-03T03:47:45.352+0000] {spark_submit.py:644} INFO - file:///home/***/.ivy2/jars/io.delta_delta-spark_2.12-3.1.0.jar
[2025-06-03T03:47:45.352+0000] {spark_submit.py:644} INFO - file:///home/***/.ivy2/jars/org.wildfly.openssl_wildfly-openssl-1.0.7.Final.jar
[2025-06-03T03:47:45.352+0000] {spark_submit.py:644} INFO - file:///home/***/.ivy2/jars/io.delta_delta-storage-3.1.0.jar
[2025-06-03T03:47:45.352+0000] {spark_submit.py:644} INFO - file:///home/***/.ivy2/jars/org.antlr_antlr4-runtime-4.9.3.jar
[2025-06-03T03:47:45.352+0000] {spark_submit.py:644} INFO - 
[2025-06-03T03:47:45.352+0000] {spark_submit.py:644} INFO - 
[2025-06-03T03:47:46.100+0000] {spark_submit.py:644} INFO - 25/06/03 03:47:46 INFO SparkContext: Running Spark version 3.5.2
[2025-06-03T03:47:46.100+0000] {spark_submit.py:644} INFO - 25/06/03 03:47:46 INFO SparkContext: OS info Linux, 6.10.14-linuxkit, aarch64
[2025-06-03T03:47:46.100+0000] {spark_submit.py:644} INFO - 25/06/03 03:47:46 INFO SparkContext: Java version 17.0.15
[2025-06-03T03:47:46.113+0000] {spark_submit.py:644} INFO - 25/06/03 03:47:46 INFO ResourceUtils: ==============================================================
[2025-06-03T03:47:46.113+0000] {spark_submit.py:644} INFO - 25/06/03 03:47:46 INFO ResourceUtils: No custom resources configured for spark.driver.
[2025-06-03T03:47:46.113+0000] {spark_submit.py:644} INFO - 25/06/03 03:47:46 INFO ResourceUtils: ==============================================================
[2025-06-03T03:47:46.113+0000] {spark_submit.py:644} INFO - 25/06/03 03:47:46 INFO SparkContext: Submitted application: BronzeToSilverStephenCurryStatsETL
[2025-06-03T03:47:46.126+0000] {spark_submit.py:644} INFO - 25/06/03 03:47:46 INFO ResourceProfile: Default ResourceProfile created, executor resources: Map(memory -> name: memory, amount: 2048, script: , vendor: , offHeap -> name: offHeap, amount: 0, script: , vendor: ), task resources: Map(cpus -> name: cpus, amount: 1.0)
[2025-06-03T03:47:46.131+0000] {spark_submit.py:644} INFO - 25/06/03 03:47:46 INFO ResourceProfile: Limiting resource is cpu
[2025-06-03T03:47:46.132+0000] {spark_submit.py:644} INFO - 25/06/03 03:47:46 INFO ResourceProfileManager: Added ResourceProfile id: 0
[2025-06-03T03:47:46.171+0000] {spark_submit.py:644} INFO - 25/06/03 03:47:46 INFO SecurityManager: Changing view acls to: ***
[2025-06-03T03:47:46.172+0000] {spark_submit.py:644} INFO - 25/06/03 03:47:46 INFO SecurityManager: Changing modify acls to: ***
[2025-06-03T03:47:46.172+0000] {spark_submit.py:644} INFO - 25/06/03 03:47:46 INFO SecurityManager: Changing view acls groups to:
[2025-06-03T03:47:46.172+0000] {spark_submit.py:644} INFO - 25/06/03 03:47:46 INFO SecurityManager: Changing modify acls groups to:
[2025-06-03T03:47:46.172+0000] {spark_submit.py:644} INFO - 25/06/03 03:47:46 INFO SecurityManager: SecurityManager: authentication disabled; ui acls disabled; users with view permissions: ***; groups with view permissions: EMPTY; users with modify permissions: ***; groups with modify permissions: EMPTY
[2025-06-03T03:47:46.311+0000] {spark_submit.py:644} INFO - 25/06/03 03:47:46 INFO Utils: Successfully started service 'sparkDriver' on port 37007.
[2025-06-03T03:47:46.330+0000] {spark_submit.py:644} INFO - 25/06/03 03:47:46 INFO SparkEnv: Registering MapOutputTracker
[2025-06-03T03:47:46.354+0000] {spark_submit.py:644} INFO - 25/06/03 03:47:46 INFO SparkEnv: Registering BlockManagerMaster
[2025-06-03T03:47:46.364+0000] {spark_submit.py:644} INFO - 25/06/03 03:47:46 INFO BlockManagerMasterEndpoint: Using org.apache.spark.storage.DefaultTopologyMapper for getting topology information
[2025-06-03T03:47:46.365+0000] {spark_submit.py:644} INFO - 25/06/03 03:47:46 INFO BlockManagerMasterEndpoint: BlockManagerMasterEndpoint up
[2025-06-03T03:47:46.367+0000] {spark_submit.py:644} INFO - 25/06/03 03:47:46 INFO SparkEnv: Registering BlockManagerMasterHeartbeat
[2025-06-03T03:47:46.381+0000] {spark_submit.py:644} INFO - 25/06/03 03:47:46 INFO DiskBlockManager: Created local directory at /tmp/blockmgr-2c238134-4038-4ab6-bdca-67bec4351752
[2025-06-03T03:47:46.388+0000] {spark_submit.py:644} INFO - 25/06/03 03:47:46 INFO MemoryStore: MemoryStore started with capacity 434.4 MiB
[2025-06-03T03:47:46.396+0000] {spark_submit.py:644} INFO - 25/06/03 03:47:46 INFO SparkEnv: Registering OutputCommitCoordinator
[2025-06-03T03:47:46.463+0000] {spark_submit.py:644} INFO - 25/06/03 03:47:46 INFO JettyUtils: Start Jetty 0.0.0.0:4040 for SparkUI
[2025-06-03T03:47:46.498+0000] {spark_submit.py:644} INFO - 25/06/03 03:47:46 INFO Utils: Successfully started service 'SparkUI' on port 4040.
[2025-06-03T03:47:46.519+0000] {spark_submit.py:644} INFO - 25/06/03 03:47:46 INFO SparkContext: Added JAR file:///home/***/.ivy2/jars/org.apache.hadoop_hadoop-aws-3.3.4.jar at spark://083f94398a74:37007/jars/org.apache.hadoop_hadoop-aws-3.3.4.jar with timestamp 1748922466096
[2025-06-03T03:47:46.519+0000] {spark_submit.py:644} INFO - 25/06/03 03:47:46 INFO SparkContext: Added JAR file:///home/***/.ivy2/jars/com.amazonaws_aws-java-sdk-bundle-1.12.262.jar at spark://083f94398a74:37007/jars/com.amazonaws_aws-java-sdk-bundle-1.12.262.jar with timestamp 1748922466096
[2025-06-03T03:47:46.520+0000] {spark_submit.py:644} INFO - 25/06/03 03:47:46 INFO SparkContext: Added JAR file:///home/***/.ivy2/jars/io.delta_delta-spark_2.12-3.1.0.jar at spark://083f94398a74:37007/jars/io.delta_delta-spark_2.12-3.1.0.jar with timestamp 1748922466096
[2025-06-03T03:47:46.520+0000] {spark_submit.py:644} INFO - 25/06/03 03:47:46 INFO SparkContext: Added JAR file:///home/***/.ivy2/jars/org.wildfly.openssl_wildfly-openssl-1.0.7.Final.jar at spark://083f94398a74:37007/jars/org.wildfly.openssl_wildfly-openssl-1.0.7.Final.jar with timestamp 1748922466096
[2025-06-03T03:47:46.520+0000] {spark_submit.py:644} INFO - 25/06/03 03:47:46 INFO SparkContext: Added JAR file:///home/***/.ivy2/jars/io.delta_delta-storage-3.1.0.jar at spark://083f94398a74:37007/jars/io.delta_delta-storage-3.1.0.jar with timestamp 1748922466096
[2025-06-03T03:47:46.520+0000] {spark_submit.py:644} INFO - 25/06/03 03:47:46 INFO SparkContext: Added JAR file:///home/***/.ivy2/jars/org.antlr_antlr4-runtime-4.9.3.jar at spark://083f94398a74:37007/jars/org.antlr_antlr4-runtime-4.9.3.jar with timestamp 1748922466096
[2025-06-03T03:47:46.521+0000] {spark_submit.py:644} INFO - 25/06/03 03:47:46 INFO SparkContext: Added file file:///home/***/.ivy2/jars/org.apache.hadoop_hadoop-aws-3.3.4.jar at spark://083f94398a74:37007/files/org.apache.hadoop_hadoop-aws-3.3.4.jar with timestamp 1748922466096
[2025-06-03T03:47:46.522+0000] {spark_submit.py:644} INFO - 25/06/03 03:47:46 INFO Utils: Copying /home/***/.ivy2/jars/org.apache.hadoop_hadoop-aws-3.3.4.jar to /tmp/spark-ab047639-93ff-4b52-92d7-c71a934c0cc0/userFiles-65de7732-b966-4fd9-a642-4267cf03e6a1/org.apache.hadoop_hadoop-aws-3.3.4.jar
[2025-06-03T03:47:46.528+0000] {spark_submit.py:644} INFO - 25/06/03 03:47:46 INFO SparkContext: Added file file:///home/***/.ivy2/jars/com.amazonaws_aws-java-sdk-bundle-1.12.262.jar at spark://083f94398a74:37007/files/com.amazonaws_aws-java-sdk-bundle-1.12.262.jar with timestamp 1748922466096
[2025-06-03T03:47:46.529+0000] {spark_submit.py:644} INFO - 25/06/03 03:47:46 INFO Utils: Copying /home/***/.ivy2/jars/com.amazonaws_aws-java-sdk-bundle-1.12.262.jar to /tmp/spark-ab047639-93ff-4b52-92d7-c71a934c0cc0/userFiles-65de7732-b966-4fd9-a642-4267cf03e6a1/com.amazonaws_aws-java-sdk-bundle-1.12.262.jar
[2025-06-03T03:47:46.659+0000] {spark_submit.py:644} INFO - 25/06/03 03:47:46 INFO SparkContext: Added file file:///home/***/.ivy2/jars/io.delta_delta-spark_2.12-3.1.0.jar at spark://083f94398a74:37007/files/io.delta_delta-spark_2.12-3.1.0.jar with timestamp 1748922466096
[2025-06-03T03:47:46.660+0000] {spark_submit.py:644} INFO - 25/06/03 03:47:46 INFO Utils: Copying /home/***/.ivy2/jars/io.delta_delta-spark_2.12-3.1.0.jar to /tmp/spark-ab047639-93ff-4b52-92d7-c71a934c0cc0/userFiles-65de7732-b966-4fd9-a642-4267cf03e6a1/io.delta_delta-spark_2.12-3.1.0.jar
[2025-06-03T03:47:46.663+0000] {spark_submit.py:644} INFO - 25/06/03 03:47:46 INFO SparkContext: Added file file:///home/***/.ivy2/jars/org.wildfly.openssl_wildfly-openssl-1.0.7.Final.jar at spark://083f94398a74:37007/files/org.wildfly.openssl_wildfly-openssl-1.0.7.Final.jar with timestamp 1748922466096
[2025-06-03T03:47:46.664+0000] {spark_submit.py:644} INFO - 25/06/03 03:47:46 INFO Utils: Copying /home/***/.ivy2/jars/org.wildfly.openssl_wildfly-openssl-1.0.7.Final.jar to /tmp/spark-ab047639-93ff-4b52-92d7-c71a934c0cc0/userFiles-65de7732-b966-4fd9-a642-4267cf03e6a1/org.wildfly.openssl_wildfly-openssl-1.0.7.Final.jar
[2025-06-03T03:47:46.666+0000] {spark_submit.py:644} INFO - 25/06/03 03:47:46 INFO SparkContext: Added file file:///home/***/.ivy2/jars/io.delta_delta-storage-3.1.0.jar at spark://083f94398a74:37007/files/io.delta_delta-storage-3.1.0.jar with timestamp 1748922466096
[2025-06-03T03:47:46.666+0000] {spark_submit.py:644} INFO - 25/06/03 03:47:46 INFO Utils: Copying /home/***/.ivy2/jars/io.delta_delta-storage-3.1.0.jar to /tmp/spark-ab047639-93ff-4b52-92d7-c71a934c0cc0/userFiles-65de7732-b966-4fd9-a642-4267cf03e6a1/io.delta_delta-storage-3.1.0.jar
[2025-06-03T03:47:46.668+0000] {spark_submit.py:644} INFO - 25/06/03 03:47:46 INFO SparkContext: Added file file:///home/***/.ivy2/jars/org.antlr_antlr4-runtime-4.9.3.jar at spark://083f94398a74:37007/files/org.antlr_antlr4-runtime-4.9.3.jar with timestamp 1748922466096
[2025-06-03T03:47:46.668+0000] {spark_submit.py:644} INFO - 25/06/03 03:47:46 INFO Utils: Copying /home/***/.ivy2/jars/org.antlr_antlr4-runtime-4.9.3.jar to /tmp/spark-ab047639-93ff-4b52-92d7-c71a934c0cc0/userFiles-65de7732-b966-4fd9-a642-4267cf03e6a1/org.antlr_antlr4-runtime-4.9.3.jar
[2025-06-03T03:47:46.742+0000] {spark_submit.py:644} INFO - 25/06/03 03:47:46 INFO StandaloneAppClient$ClientEndpoint: Connecting to master spark://spark-master:7077...
[2025-06-03T03:47:46.766+0000] {spark_submit.py:644} INFO - 25/06/03 03:47:46 INFO TransportClientFactory: Successfully created connection to spark-master/172.18.0.6:7077 after 14 ms (0 ms spent in bootstraps)
[2025-06-03T03:47:46.813+0000] {spark_submit.py:644} INFO - 25/06/03 03:47:46 INFO StandaloneSchedulerBackend: Connected to Spark cluster with app ID app-20250603034746-0008
[2025-06-03T03:47:46.813+0000] {spark_submit.py:644} INFO - 25/06/03 03:47:46 INFO StandaloneAppClient$ClientEndpoint: Executor added: app-20250603034746-0008/0 on worker-20250603030932-172.18.0.7-43297 (172.18.0.7:43297) with 4 core(s)
[2025-06-03T03:47:46.815+0000] {spark_submit.py:644} INFO - 25/06/03 03:47:46 INFO StandaloneSchedulerBackend: Granted executor ID app-20250603034746-0008/0 on hostPort 172.18.0.7:43297 with 4 core(s), 2.0 GiB RAM
[2025-06-03T03:47:46.818+0000] {spark_submit.py:644} INFO - 25/06/03 03:47:46 INFO Utils: Successfully started service 'org.apache.spark.network.netty.NettyBlockTransferService' on port 40725.
[2025-06-03T03:47:46.819+0000] {spark_submit.py:644} INFO - 25/06/03 03:47:46 INFO NettyBlockTransferService: Server created on 083f94398a74:40725
[2025-06-03T03:47:46.820+0000] {spark_submit.py:644} INFO - 25/06/03 03:47:46 INFO BlockManager: Using org.apache.spark.storage.RandomBlockReplicationPolicy for block replication policy
[2025-06-03T03:47:46.823+0000] {spark_submit.py:644} INFO - 25/06/03 03:47:46 INFO BlockManagerMaster: Registering BlockManager BlockManagerId(driver, 083f94398a74, 40725, None)
[2025-06-03T03:47:46.825+0000] {spark_submit.py:644} INFO - 25/06/03 03:47:46 INFO BlockManagerMasterEndpoint: Registering block manager 083f94398a74:40725 with 434.4 MiB RAM, BlockManagerId(driver, 083f94398a74, 40725, None)
[2025-06-03T03:47:46.826+0000] {spark_submit.py:644} INFO - 25/06/03 03:47:46 INFO BlockManagerMaster: Registered BlockManager BlockManagerId(driver, 083f94398a74, 40725, None)
[2025-06-03T03:47:46.827+0000] {spark_submit.py:644} INFO - 25/06/03 03:47:46 INFO BlockManager: Initialized BlockManager: BlockManagerId(driver, 083f94398a74, 40725, None)
[2025-06-03T03:47:46.846+0000] {spark_submit.py:644} INFO - 25/06/03 03:47:46 INFO StandaloneAppClient$ClientEndpoint: Executor updated: app-20250603034746-0008/0 is now RUNNING
[2025-06-03T03:47:46.967+0000] {spark_submit.py:644} INFO - 25/06/03 03:47:46 INFO StandaloneSchedulerBackend: SchedulerBackend is ready for scheduling beginning after reached minRegisteredResourcesRatio: 0.0
[2025-06-03T03:47:47.117+0000] {spark_submit.py:644} INFO - Reading Bronze data from: s3a://mybucket/bronze/curry_raw_data/
[2025-06-03T03:47:47.124+0000] {spark_submit.py:644} INFO - 25/06/03 03:47:47 INFO SharedState: Setting hive.metastore.warehouse.dir ('null') to the value of spark.sql.warehouse.dir.
[2025-06-03T03:47:47.193+0000] {spark_submit.py:644} INFO - 25/06/03 03:47:47 WARN MetricsConfig: Cannot locate configuration: tried hadoop-metrics2-s3a-file-system.properties,hadoop-metrics2.properties
[2025-06-03T03:47:47.200+0000] {spark_submit.py:644} INFO - 25/06/03 03:47:47 INFO MetricsSystemImpl: Scheduled Metric snapshot period at 10 second(s).
[2025-06-03T03:47:47.200+0000] {spark_submit.py:644} INFO - 25/06/03 03:47:47 INFO MetricsSystemImpl: s3a-file-system metrics system started
[2025-06-03T03:47:47.630+0000] {spark_submit.py:644} INFO - 25/06/03 03:47:47 INFO SharedState: Warehouse path is 's3a://mybucket'.
[2025-06-03T03:47:48.335+0000] {spark_submit.py:644} INFO - 25/06/03 03:47:48 INFO InMemoryFileIndex: It took 40 ms to list leaf files for 1 paths.
[2025-06-03T03:47:48.494+0000] {spark_submit.py:644} INFO - 25/06/03 03:47:48 INFO StandaloneSchedulerBackend$StandaloneDriverEndpoint: Registered executor NettyRpcEndpointRef(spark-client://Executor) (172.18.0.7:58990) with ID 0,  ResourceProfileId 0
[2025-06-03T03:47:48.534+0000] {spark_submit.py:644} INFO - 25/06/03 03:47:48 INFO BlockManagerMasterEndpoint: Registering block manager 172.18.0.7:44451 with 1048.8 MiB RAM, BlockManagerId(0, 172.18.0.7, 44451, None)
[2025-06-03T03:47:48.589+0000] {spark_submit.py:644} INFO - 25/06/03 03:47:48 INFO SparkContext: Starting job: load at NativeMethodAccessorImpl.java:0
[2025-06-03T03:47:48.599+0000] {spark_submit.py:644} INFO - 25/06/03 03:47:48 INFO DAGScheduler: Got job 0 (load at NativeMethodAccessorImpl.java:0) with 1 output partitions
[2025-06-03T03:47:48.600+0000] {spark_submit.py:644} INFO - 25/06/03 03:47:48 INFO DAGScheduler: Final stage: ResultStage 0 (load at NativeMethodAccessorImpl.java:0)
[2025-06-03T03:47:48.600+0000] {spark_submit.py:644} INFO - 25/06/03 03:47:48 INFO DAGScheduler: Parents of final stage: List()
[2025-06-03T03:47:48.600+0000] {spark_submit.py:644} INFO - 25/06/03 03:47:48 INFO DAGScheduler: Missing parents: List()
[2025-06-03T03:47:48.604+0000] {spark_submit.py:644} INFO - 25/06/03 03:47:48 INFO DAGScheduler: Submitting ResultStage 0 (MapPartitionsRDD[1] at load at NativeMethodAccessorImpl.java:0), which has no missing parents
[2025-06-03T03:47:48.640+0000] {spark_submit.py:644} INFO - 25/06/03 03:47:48 INFO MemoryStore: Block broadcast_0 stored as values in memory (estimated size 107.3 KiB, free 434.3 MiB)
[2025-06-03T03:47:48.665+0000] {spark_submit.py:644} INFO - 25/06/03 03:47:48 INFO MemoryStore: Block broadcast_0_piece0 stored as bytes in memory (estimated size 38.9 KiB, free 434.3 MiB)
[2025-06-03T03:47:48.667+0000] {spark_submit.py:644} INFO - 25/06/03 03:47:48 INFO BlockManagerInfo: Added broadcast_0_piece0 in memory on 083f94398a74:40725 (size: 38.9 KiB, free: 434.4 MiB)
[2025-06-03T03:47:48.673+0000] {spark_submit.py:644} INFO - 25/06/03 03:47:48 INFO SparkContext: Created broadcast 0 from broadcast at DAGScheduler.scala:1585
[2025-06-03T03:47:48.685+0000] {spark_submit.py:644} INFO - 25/06/03 03:47:48 INFO DAGScheduler: Submitting 1 missing tasks from ResultStage 0 (MapPartitionsRDD[1] at load at NativeMethodAccessorImpl.java:0) (first 15 tasks are for partitions Vector(0))
[2025-06-03T03:47:48.686+0000] {spark_submit.py:644} INFO - 25/06/03 03:47:48 INFO TaskSchedulerImpl: Adding task set 0.0 with 1 tasks resource profile 0
[2025-06-03T03:47:49.632+0000] {spark_submit.py:644} INFO - 25/06/03 03:47:49 INFO TaskSetManager: Starting task 0.0 in stage 0.0 (TID 0) (172.18.0.7, executor 0, partition 0, PROCESS_LOCAL, 10348 bytes)
[2025-06-03T03:47:49.768+0000] {spark_submit.py:644} INFO - 25/06/03 03:47:49 INFO BlockManagerInfo: Added broadcast_0_piece0 in memory on 172.18.0.7:44451 (size: 38.9 KiB, free: 1048.8 MiB)
[2025-06-03T03:47:50.900+0000] {spark_submit.py:644} INFO - 25/06/03 03:47:50 INFO TaskSetManager: Finished task 0.0 in stage 0.0 (TID 0) in 1278 ms on 172.18.0.7 (executor 0) (1/1)
[2025-06-03T03:47:50.901+0000] {spark_submit.py:644} INFO - 25/06/03 03:47:50 INFO TaskSchedulerImpl: Removed TaskSet 0.0, whose tasks have all completed, from pool
[2025-06-03T03:47:50.904+0000] {spark_submit.py:644} INFO - 25/06/03 03:47:50 INFO DAGScheduler: ResultStage 0 (load at NativeMethodAccessorImpl.java:0) finished in 2.293 s
[2025-06-03T03:47:50.905+0000] {spark_submit.py:644} INFO - 25/06/03 03:47:50 INFO DAGScheduler: Job 0 is finished. Cancelling potential speculative or zombie tasks for this job
[2025-06-03T03:47:50.906+0000] {spark_submit.py:644} INFO - 25/06/03 03:47:50 INFO TaskSchedulerImpl: Killing all running tasks in stage 0: Stage finished
[2025-06-03T03:47:50.907+0000] {spark_submit.py:644} INFO - 25/06/03 03:47:50 INFO DAGScheduler: Job 0 finished: load at NativeMethodAccessorImpl.java:0, took 2.317779 s
[2025-06-03T03:47:51.146+0000] {spark_submit.py:644} INFO - 25/06/03 03:47:51 INFO BlockManagerInfo: Removed broadcast_0_piece0 on 083f94398a74:40725 in memory (size: 38.9 KiB, free: 434.4 MiB)
[2025-06-03T03:47:51.150+0000] {spark_submit.py:644} INFO - 25/06/03 03:47:51 INFO BlockManagerInfo: Removed broadcast_0_piece0 on 172.18.0.7:44451 in memory (size: 38.9 KiB, free: 1048.8 MiB)
[2025-06-03T03:47:51.351+0000] {spark_submit.py:644} INFO - Successfully loaded Bronze data.
[2025-06-03T03:47:51.400+0000] {spark_submit.py:644} INFO - Writing to Silver path: s3a://mybucket/silver/curry_transformed/
[2025-06-03T03:47:51.789+0000] {spark_submit.py:644} INFO - 25/06/03 03:47:51 INFO HiveConf: Found configuration file null
[2025-06-03T03:47:51.796+0000] {spark_submit.py:644} INFO - 25/06/03 03:47:51 INFO HiveUtils: Initializing HiveMetastoreConnection version 2.3.9 using Spark classes.
[2025-06-03T03:47:51.928+0000] {spark_submit.py:644} INFO - 25/06/03 03:47:51 INFO HiveClientImpl: Warehouse location for Hive client (version 2.3.9) is s3a://mybucket
[2025-06-03T03:47:51.956+0000] {spark_submit.py:644} INFO - 25/06/03 03:47:51 INFO metastore: Trying to connect to metastore with URI thrift://hive-metastore:9083
[2025-06-03T03:47:51.972+0000] {spark_submit.py:644} INFO - 25/06/03 03:47:51 INFO metastore: Opened a connection to metastore, current connections: 1
[2025-06-03T03:47:51.987+0000] {spark_submit.py:644} INFO - 25/06/03 03:47:51 INFO metastore: Connected to metastore.
[2025-06-03T03:47:52.232+0000] {spark_submit.py:644} INFO - 25/06/03 03:47:52 INFO DelegatingLogStore: LogStore `LogStoreAdapter(io.delta.storage.S3SingleDriverLogStore)` is used for scheme `s3a`
[2025-06-03T03:47:52.273+0000] {spark_submit.py:644} INFO - 25/06/03 03:47:52 INFO DeltaLog: Loading version 0.
[2025-06-03T03:47:53.056+0000] {spark_submit.py:644} INFO - 25/06/03 03:47:53 INFO DeltaLogFileIndex: Created DeltaLogFileIndex(JSON, numFilesInSegment: 1, totalFileSize: 4133)
[2025-06-03T03:47:53.171+0000] {spark_submit.py:644} INFO - 25/06/03 03:47:53 INFO DataSourceStrategy: Pruning directories with:
[2025-06-03T03:47:53.173+0000] {spark_submit.py:644} INFO - 25/06/03 03:47:53 INFO FileSourceStrategy: Pushed Filters:
[2025-06-03T03:47:53.174+0000] {spark_submit.py:644} INFO - 25/06/03 03:47:53 INFO FileSourceStrategy: Post-Scan Filters: (isnotnull(protocol#123.minReaderVersion) OR isnotnull(metaData#122.id))
[2025-06-03T03:47:53.387+0000] {spark_submit.py:644} INFO - 25/06/03 03:47:53 INFO CodeGenerator: Code generated in 140.809292 ms
[2025-06-03T03:47:53.393+0000] {spark_submit.py:644} INFO - 25/06/03 03:47:53 INFO MemoryStore: Block broadcast_1 stored as values in memory (estimated size 205.2 KiB, free 434.2 MiB)
[2025-06-03T03:47:53.401+0000] {spark_submit.py:644} INFO - 25/06/03 03:47:53 INFO MemoryStore: Block broadcast_1_piece0 stored as bytes in memory (estimated size 36.1 KiB, free 434.2 MiB)
[2025-06-03T03:47:53.401+0000] {spark_submit.py:644} INFO - 25/06/03 03:47:53 INFO BlockManagerInfo: Added broadcast_1_piece0 in memory on 083f94398a74:40725 (size: 36.1 KiB, free: 434.4 MiB)
[2025-06-03T03:47:53.402+0000] {spark_submit.py:644} INFO - 25/06/03 03:47:53 INFO SparkContext: Created broadcast 1 from toString at String.java:4220
[2025-06-03T03:47:53.415+0000] {spark_submit.py:644} INFO - 25/06/03 03:47:53 INFO FileSourceScanExec: Planning scan with bin packing, max size: 4194304 bytes, open cost is considered as scanning 4194304 bytes.
[2025-06-03T03:47:53.467+0000] {spark_submit.py:644} INFO - 25/06/03 03:47:53 INFO SparkContext: Starting job: toString at String.java:4220
[2025-06-03T03:47:53.467+0000] {spark_submit.py:644} INFO - 25/06/03 03:47:53 INFO DAGScheduler: Got job 1 (toString at String.java:4220) with 1 output partitions
[2025-06-03T03:47:53.468+0000] {spark_submit.py:644} INFO - 25/06/03 03:47:53 INFO DAGScheduler: Final stage: ResultStage 1 (toString at String.java:4220)
[2025-06-03T03:47:53.468+0000] {spark_submit.py:644} INFO - 25/06/03 03:47:53 INFO DAGScheduler: Parents of final stage: List()
[2025-06-03T03:47:53.468+0000] {spark_submit.py:644} INFO - 25/06/03 03:47:53 INFO DAGScheduler: Missing parents: List()
[2025-06-03T03:47:53.468+0000] {spark_submit.py:644} INFO - 25/06/03 03:47:53 INFO DAGScheduler: Submitting ResultStage 1 (MapPartitionsRDD[5] at toString at String.java:4220), which has no missing parents
[2025-06-03T03:47:53.471+0000] {spark_submit.py:644} INFO - 25/06/03 03:47:53 INFO MemoryStore: Block broadcast_2 stored as values in memory (estimated size 40.1 KiB, free 434.1 MiB)
[2025-06-03T03:47:53.474+0000] {spark_submit.py:644} INFO - 25/06/03 03:47:53 INFO MemoryStore: Block broadcast_2_piece0 stored as bytes in memory (estimated size 13.7 KiB, free 434.1 MiB)
[2025-06-03T03:47:53.475+0000] {spark_submit.py:644} INFO - 25/06/03 03:47:53 INFO BlockManagerInfo: Added broadcast_2_piece0 in memory on 083f94398a74:40725 (size: 13.7 KiB, free: 434.4 MiB)
[2025-06-03T03:47:53.475+0000] {spark_submit.py:644} INFO - 25/06/03 03:47:53 INFO SparkContext: Created broadcast 2 from broadcast at DAGScheduler.scala:1585
[2025-06-03T03:47:53.476+0000] {spark_submit.py:644} INFO - 25/06/03 03:47:53 INFO DAGScheduler: Submitting 1 missing tasks from ResultStage 1 (MapPartitionsRDD[5] at toString at String.java:4220) (first 15 tasks are for partitions Vector(0))
[2025-06-03T03:47:53.476+0000] {spark_submit.py:644} INFO - 25/06/03 03:47:53 INFO TaskSchedulerImpl: Adding task set 1.0 with 1 tasks resource profile 0
[2025-06-03T03:47:53.478+0000] {spark_submit.py:644} INFO - 25/06/03 03:47:53 INFO TaskSetManager: Starting task 0.0 in stage 1.0 (TID 1) (172.18.0.7, executor 0, partition 0, PROCESS_LOCAL, 10839 bytes)
[2025-06-03T03:47:53.504+0000] {spark_submit.py:644} INFO - 25/06/03 03:47:53 INFO BlockManagerInfo: Added broadcast_2_piece0 in memory on 172.18.0.7:44451 (size: 13.7 KiB, free: 1048.8 MiB)
[2025-06-03T03:47:53.904+0000] {spark_submit.py:644} INFO - 25/06/03 03:47:53 INFO BlockManagerInfo: Added broadcast_1_piece0 in memory on 172.18.0.7:44451 (size: 36.1 KiB, free: 1048.8 MiB)
[2025-06-03T03:47:53.996+0000] {spark_submit.py:644} INFO - 25/06/03 03:47:53 INFO TaskSetManager: Finished task 0.0 in stage 1.0 (TID 1) in 519 ms on 172.18.0.7 (executor 0) (1/1)
[2025-06-03T03:47:53.996+0000] {spark_submit.py:644} INFO - 25/06/03 03:47:53 INFO TaskSchedulerImpl: Removed TaskSet 1.0, whose tasks have all completed, from pool
[2025-06-03T03:47:53.996+0000] {spark_submit.py:644} INFO - 25/06/03 03:47:53 INFO DAGScheduler: ResultStage 1 (toString at String.java:4220) finished in 0.527 s
[2025-06-03T03:47:53.997+0000] {spark_submit.py:644} INFO - 25/06/03 03:47:53 INFO DAGScheduler: Job 1 is finished. Cancelling potential speculative or zombie tasks for this job
[2025-06-03T03:47:53.997+0000] {spark_submit.py:644} INFO - 25/06/03 03:47:53 INFO TaskSchedulerImpl: Killing all running tasks in stage 1: Stage finished
[2025-06-03T03:47:53.998+0000] {spark_submit.py:644} INFO - 25/06/03 03:47:53 INFO DAGScheduler: Job 1 finished: toString at String.java:4220, took 0.530228 s
[2025-06-03T03:47:54.046+0000] {spark_submit.py:644} INFO - 25/06/03 03:47:54 INFO CodeGenerator: Code generated in 31.989625 ms
[2025-06-03T03:47:54.050+0000] {spark_submit.py:644} INFO - 25/06/03 03:47:54 INFO Snapshot: [tableId=867e71b1-d114-49c0-8db3-5d16144e49f4] Created snapshot Snapshot(path=s3a://mybucket/silver/curry_transformed/_delta_log, version=0, metadata=Metadata(62c82f27-003c-4650-a988-3b6bcadc91c8,null,null,Format(parquet,Map()),{"type":"struct","fields":[{"name":"Season_year","type":"string","nullable":true,"metadata":{}},{"name":"Season_div","type":"string","nullable":true,"metadata":{}},{"name":"Date","type":"string","nullable":true,"metadata":{}},{"name":"OPP","type":"string","nullable":true,"metadata":{}},{"name":"Result","type":"string","nullable":true,"metadata":{}},{"name":"T_Score","type":"long","nullable":true,"metadata":{}},{"name":"O_Score","type":"long","nullable":true,"metadata":{}},{"name":"MIN","type":"double","nullable":true,"metadata":{}},{"name":"FG","type":"string","nullable":true,"metadata":{}},{"name":"FGM","type":"long","nullable":true,"metadata":{}},{"name":"FGA","type":"long","nullable":true,"metadata":{}},{"name":"FG_Percentage","type":"double","nullable":true,"metadata":{}},{"name":"3PT","type":"string","nullable":true,"metadata":{}},{"name":"3PTM","type":"long","nullable":true,"metadata":{}},{"name":"3PTA","type":"long","nullable":true,"metadata":{}},{"name":"3P_Percentage","type":"double","nullable":true,"metadata":{}},{"name":"FT","type":"string","nullable":true,"metadata":{}},{"name":"FTM","type":"long","nullable":true,"metadata":{}},{"name":"FTA","type":"long","nullable":true,"metadata":{}},{"name":"FT_Percentage","type":"double","nullable":true,"metadata":{}},{"name":"REB","type":"long","nullable":true,"metadata":{}},{"name":"AST","type":"long","nullable":true,"metadata":{}},{"name":"BLK","type":"long","nullable":true,"metadata":{}},{"name":"STL","type":"long","nullable":true,"metadata":{}},{"name":"PF","type":"long","nullable":true,"metadata":{}},{"name":"TO","type":"long","nullable":true,"metadata":{}},{"name":"PTS","type":"long","nullable":true,"metadata":{}},{"name":"silver_processing_ts","type":"timestamp","nullable":true,"metadata":{}}]},List(),Map(),Some(1748922037800)), logSegment=LogSegment(s3a://mybucket/silver/curry_transformed/_delta_log,0,WrappedArray(S3AFileStatus{path=s3a://mybucket/silver/curry_transformed/_delta_log/00000000000000000000.json; isDirectory=false; length=4133; replication=1; blocksize=33554432; modification_time=1748922043992; access_time=0; owner=***; group=***; permission=rw-rw-rw-; isSymlink=false; hasAcl=false; isEncrypted=true; isErasureCoded=false} isEmptyDirectory=FALSE eTag=bc30413de03d8696c3ebf60039aade7a versionId=null),org.apache.spark.sql.delta.EmptyCheckpointProvider$@56b4ecf3,1748922043992), checksumOpt=None)
[2025-06-03T03:47:54.197+0000] {spark_submit.py:644} INFO - 25/06/03 03:47:54 WARN SparkStringUtils: Truncated the string representation of a plan since it was too large. This behavior can be adjusted by setting 'spark.sql.debug.maxToStringFields'.
[2025-06-03T03:47:54.230+0000] {spark_submit.py:644} INFO - 25/06/03 03:47:54 INFO FileSourceStrategy: Pushed Filters:
[2025-06-03T03:47:54.231+0000] {spark_submit.py:644} INFO - 25/06/03 03:47:54 INFO FileSourceStrategy: Post-Scan Filters:
[2025-06-03T03:47:54.348+0000] {spark_submit.py:644} INFO - 25/06/03 03:47:54 INFO ParquetUtils: Using default output committer for Parquet: org.apache.parquet.hadoop.ParquetOutputCommitter
[2025-06-03T03:47:54.362+0000] {spark_submit.py:644} INFO - 25/06/03 03:47:54 INFO FileOutputCommitter: File Output Committer Algorithm version is 1
[2025-06-03T03:47:54.362+0000] {spark_submit.py:644} INFO - 25/06/03 03:47:54 INFO FileOutputCommitter: FileOutputCommitter skip cleanup _temporary folders under output directory:false, ignore cleanup failures: false
[2025-06-03T03:47:54.363+0000] {spark_submit.py:644} INFO - 25/06/03 03:47:54 INFO SQLHadoopMapReduceCommitProtocol: Using user defined output committer class org.apache.parquet.hadoop.ParquetOutputCommitter
[2025-06-03T03:47:54.363+0000] {spark_submit.py:644} INFO - 25/06/03 03:47:54 INFO FileOutputCommitter: File Output Committer Algorithm version is 1
[2025-06-03T03:47:54.363+0000] {spark_submit.py:644} INFO - 25/06/03 03:47:54 INFO FileOutputCommitter: FileOutputCommitter skip cleanup _temporary folders under output directory:false, ignore cleanup failures: false
[2025-06-03T03:47:54.363+0000] {spark_submit.py:644} INFO - 25/06/03 03:47:54 INFO SQLHadoopMapReduceCommitProtocol: Using output committer class org.apache.parquet.hadoop.ParquetOutputCommitter
[2025-06-03T03:47:54.414+0000] {spark_submit.py:644} INFO - 25/06/03 03:47:54 INFO CodeGenerator: Code generated in 20.436583 ms
[2025-06-03T03:47:54.422+0000] {spark_submit.py:644} INFO - 25/06/03 03:47:54 INFO MemoryStore: Block broadcast_3 stored as values in memory (estimated size 209.8 KiB, free 433.9 MiB)
[2025-06-03T03:47:54.431+0000] {spark_submit.py:644} INFO - 25/06/03 03:47:54 INFO BlockManagerInfo: Removed broadcast_2_piece0 on 083f94398a74:40725 in memory (size: 13.7 KiB, free: 434.4 MiB)
[2025-06-03T03:47:54.432+0000] {spark_submit.py:644} INFO - 25/06/03 03:47:54 INFO MemoryStore: Block broadcast_3_piece0 stored as bytes in memory (estimated size 37.2 KiB, free 433.9 MiB)
[2025-06-03T03:47:54.433+0000] {spark_submit.py:644} INFO - 25/06/03 03:47:54 INFO BlockManagerInfo: Added broadcast_3_piece0 in memory on 083f94398a74:40725 (size: 37.2 KiB, free: 434.3 MiB)
[2025-06-03T03:47:54.433+0000] {spark_submit.py:644} INFO - 25/06/03 03:47:54 INFO BlockManagerInfo: Removed broadcast_2_piece0 on 172.18.0.7:44451 in memory (size: 13.7 KiB, free: 1048.8 MiB)
[2025-06-03T03:47:54.433+0000] {spark_submit.py:644} INFO - 25/06/03 03:47:54 INFO SparkContext: Created broadcast 3 from saveAsTable at NativeMethodAccessorImpl.java:0
[2025-06-03T03:47:54.437+0000] {spark_submit.py:644} INFO - 25/06/03 03:47:54 INFO FileSourceScanExec: Planning scan with bin packing, max size: 4194304 bytes, open cost is considered as scanning 4194304 bytes.
[2025-06-03T03:47:54.437+0000] {spark_submit.py:644} INFO - 25/06/03 03:47:54 INFO BlockManagerInfo: Removed broadcast_1_piece0 on 083f94398a74:40725 in memory (size: 36.1 KiB, free: 434.4 MiB)
[2025-06-03T03:47:54.438+0000] {spark_submit.py:644} INFO - 25/06/03 03:47:54 INFO BlockManagerInfo: Removed broadcast_1_piece0 on 172.18.0.7:44451 in memory (size: 36.1 KiB, free: 1048.8 MiB)
[2025-06-03T03:47:54.444+0000] {spark_submit.py:644} INFO - 25/06/03 03:47:54 INFO SparkContext: Starting job: saveAsTable at NativeMethodAccessorImpl.java:0
[2025-06-03T03:47:54.445+0000] {spark_submit.py:644} INFO - 25/06/03 03:47:54 INFO DAGScheduler: Got job 2 (saveAsTable at NativeMethodAccessorImpl.java:0) with 1 output partitions
[2025-06-03T03:47:54.445+0000] {spark_submit.py:644} INFO - 25/06/03 03:47:54 INFO DAGScheduler: Final stage: ResultStage 2 (saveAsTable at NativeMethodAccessorImpl.java:0)
[2025-06-03T03:47:54.445+0000] {spark_submit.py:644} INFO - 25/06/03 03:47:54 INFO DAGScheduler: Parents of final stage: List()
[2025-06-03T03:47:54.445+0000] {spark_submit.py:644} INFO - 25/06/03 03:47:54 INFO DAGScheduler: Missing parents: List()
[2025-06-03T03:47:54.446+0000] {spark_submit.py:644} INFO - 25/06/03 03:47:54 INFO DAGScheduler: Submitting ResultStage 2 (MapPartitionsRDD[9] at saveAsTable at NativeMethodAccessorImpl.java:0), which has no missing parents
[2025-06-03T03:47:54.468+0000] {spark_submit.py:644} INFO - 25/06/03 03:47:54 INFO MemoryStore: Block broadcast_4 stored as values in memory (estimated size 242.2 KiB, free 433.9 MiB)
[2025-06-03T03:47:54.473+0000] {spark_submit.py:644} INFO - 25/06/03 03:47:54 INFO MemoryStore: Block broadcast_4_piece0 stored as bytes in memory (estimated size 83.1 KiB, free 433.8 MiB)
[2025-06-03T03:47:54.474+0000] {spark_submit.py:644} INFO - 25/06/03 03:47:54 INFO BlockManagerInfo: Added broadcast_4_piece0 in memory on 083f94398a74:40725 (size: 83.1 KiB, free: 434.3 MiB)
[2025-06-03T03:47:54.474+0000] {spark_submit.py:644} INFO - 25/06/03 03:47:54 INFO SparkContext: Created broadcast 4 from broadcast at DAGScheduler.scala:1585
[2025-06-03T03:47:54.475+0000] {spark_submit.py:644} INFO - 25/06/03 03:47:54 INFO DAGScheduler: Submitting 1 missing tasks from ResultStage 2 (MapPartitionsRDD[9] at saveAsTable at NativeMethodAccessorImpl.java:0) (first 15 tasks are for partitions Vector(0))
[2025-06-03T03:47:54.475+0000] {spark_submit.py:644} INFO - 25/06/03 03:47:54 INFO TaskSchedulerImpl: Adding task set 2.0 with 1 tasks resource profile 0
[2025-06-03T03:47:54.476+0000] {spark_submit.py:644} INFO - 25/06/03 03:47:54 INFO TaskSetManager: Starting task 0.0 in stage 2.0 (TID 2) (172.18.0.7, executor 0, partition 0, PROCESS_LOCAL, 10853 bytes)
[2025-06-03T03:47:54.488+0000] {spark_submit.py:644} INFO - 25/06/03 03:47:54 INFO BlockManagerInfo: Added broadcast_4_piece0 in memory on 172.18.0.7:44451 (size: 83.1 KiB, free: 1048.7 MiB)
[2025-06-03T03:47:54.779+0000] {spark_submit.py:644} INFO - 25/06/03 03:47:54 INFO BlockManagerInfo: Added broadcast_3_piece0 in memory on 172.18.0.7:44451 (size: 37.2 KiB, free: 1048.7 MiB)
[2025-06-03T03:47:55.247+0000] {spark_submit.py:644} INFO - 25/06/03 03:47:55 INFO TaskSetManager: Finished task 0.0 in stage 2.0 (TID 2) in 771 ms on 172.18.0.7 (executor 0) (1/1)
[2025-06-03T03:47:55.248+0000] {spark_submit.py:644} INFO - 25/06/03 03:47:55 INFO TaskSchedulerImpl: Removed TaskSet 2.0, whose tasks have all completed, from pool
[2025-06-03T03:47:55.248+0000] {spark_submit.py:644} INFO - 25/06/03 03:47:55 INFO DAGScheduler: ResultStage 2 (saveAsTable at NativeMethodAccessorImpl.java:0) finished in 0.801 s
[2025-06-03T03:47:55.248+0000] {spark_submit.py:644} INFO - 25/06/03 03:47:55 INFO DAGScheduler: Job 2 is finished. Cancelling potential speculative or zombie tasks for this job
[2025-06-03T03:47:55.249+0000] {spark_submit.py:644} INFO - 25/06/03 03:47:55 INFO TaskSchedulerImpl: Killing all running tasks in stage 2: Stage finished
[2025-06-03T03:47:55.249+0000] {spark_submit.py:644} INFO - 25/06/03 03:47:55 INFO DAGScheduler: Job 2 finished: saveAsTable at NativeMethodAccessorImpl.java:0, took 0.804415 s
[2025-06-03T03:47:55.250+0000] {spark_submit.py:644} INFO - 25/06/03 03:47:55 INFO FileFormatWriter: Start to commit write Job 0beb9c42-c89c-43d9-83a5-1b34a19a7ce0.
[2025-06-03T03:47:55.369+0000] {spark_submit.py:644} INFO - 25/06/03 03:47:55 INFO FileFormatWriter: Write Job 0beb9c42-c89c-43d9-83a5-1b34a19a7ce0 committed. Elapsed time: 118 ms.
[2025-06-03T03:47:55.370+0000] {spark_submit.py:644} INFO - 25/06/03 03:47:55 INFO FileFormatWriter: Finished processing stats for write job 0beb9c42-c89c-43d9-83a5-1b34a19a7ce0.
[2025-06-03T03:47:55.393+0000] {spark_submit.py:644} INFO - 25/06/03 03:47:55 INFO InMemoryFileIndex: It took 5 ms to list leaf files for 1 paths.
[2025-06-03T03:47:55.414+0000] {spark_submit.py:644} INFO - 25/06/03 03:47:55 INFO HiveExternalCatalog: Persisting file based data source table `spark_catalog`.`sc_stats_db`.`silver_sc_stats` into Hive metastore in Hive compatible format.
[2025-06-03T03:47:55.430+0000] {spark_submit.py:644} INFO - 25/06/03 03:47:55 INFO SQLStdHiveAccessController: Created SQLStdHiveAccessController for session context : HiveAuthzSessionContext [sessionString=13740d5a-68c3-4d87-ba95-1ecef64531d6, clientType=HIVECLI]
[2025-06-03T03:47:55.432+0000] {spark_submit.py:644} INFO - 25/06/03 03:47:55 WARN SessionState: METASTORE_FILTER_HOOK will be ignored, since hive.security.authorization.manager is set to instance of HiveAuthorizerFactory.
[2025-06-03T03:47:55.432+0000] {spark_submit.py:644} INFO - 25/06/03 03:47:55 INFO metastore: Mestastore configuration hive.metastore.filter.hook changed from org.apache.hadoop.hive.metastore.DefaultMetaStoreFilterHookImpl to org.apache.hadoop.hive.ql.security.authorization.plugin.AuthorizationMetaStoreFilterHook
[2025-06-03T03:47:55.433+0000] {spark_submit.py:644} INFO - 25/06/03 03:47:55 INFO metastore: Closed a connection to metastore, current connections: 0
[2025-06-03T03:47:55.435+0000] {spark_submit.py:644} INFO - 25/06/03 03:47:55 INFO metastore: Trying to connect to metastore with URI thrift://hive-metastore:9083
[2025-06-03T03:47:55.435+0000] {spark_submit.py:644} INFO - 25/06/03 03:47:55 INFO metastore: Opened a connection to metastore, current connections: 1
[2025-06-03T03:47:55.436+0000] {spark_submit.py:644} INFO - 25/06/03 03:47:55 INFO metastore: Connected to metastore.
[2025-06-03T03:47:55.483+0000] {spark_submit.py:644} INFO - 25/06/03 03:47:55 INFO metastore: Trying to connect to metastore with URI thrift://hive-metastore:9083
[2025-06-03T03:47:55.484+0000] {spark_submit.py:644} INFO - 25/06/03 03:47:55 INFO metastore: Opened a connection to metastore, current connections: 2
[2025-06-03T03:47:55.485+0000] {spark_submit.py:644} INFO - 25/06/03 03:47:55 INFO metastore: Connected to metastore.
[2025-06-03T03:47:55.544+0000] {spark_submit.py:644} INFO - Successfully wrote to Silver layer and registered table sc_stats_db.silver_sc_stats.
[2025-06-03T03:47:55.544+0000] {spark_submit.py:644} INFO - 25/06/03 03:47:55 INFO SparkContext: SparkContext is stopping with exitCode 0.
[2025-06-03T03:47:55.550+0000] {spark_submit.py:644} INFO - 25/06/03 03:47:55 INFO SparkUI: Stopped Spark web UI at http://083f94398a74:4040
[2025-06-03T03:47:55.552+0000] {spark_submit.py:644} INFO - 25/06/03 03:47:55 INFO StandaloneSchedulerBackend: Shutting down all executors
[2025-06-03T03:47:55.552+0000] {spark_submit.py:644} INFO - 25/06/03 03:47:55 INFO StandaloneSchedulerBackend$StandaloneDriverEndpoint: Asking each executor to shut down
[2025-06-03T03:47:55.565+0000] {spark_submit.py:644} INFO - 25/06/03 03:47:55 INFO MapOutputTrackerMasterEndpoint: MapOutputTrackerMasterEndpoint stopped!
[2025-06-03T03:47:55.574+0000] {spark_submit.py:644} INFO - 25/06/03 03:47:55 INFO MemoryStore: MemoryStore cleared
[2025-06-03T03:47:55.574+0000] {spark_submit.py:644} INFO - 25/06/03 03:47:55 INFO BlockManager: BlockManager stopped
[2025-06-03T03:47:55.577+0000] {spark_submit.py:644} INFO - 25/06/03 03:47:55 INFO BlockManagerMaster: BlockManagerMaster stopped
[2025-06-03T03:47:55.578+0000] {spark_submit.py:644} INFO - 25/06/03 03:47:55 INFO OutputCommitCoordinator$OutputCommitCoordinatorEndpoint: OutputCommitCoordinator stopped!
[2025-06-03T03:47:55.595+0000] {spark_submit.py:644} INFO - 25/06/03 03:47:55 INFO SparkContext: Successfully stopped SparkContext
[2025-06-03T03:47:56.015+0000] {spark_submit.py:644} INFO - Bronze to Silver job completed.
[2025-06-03T03:47:56.053+0000] {spark_submit.py:644} INFO - 25/06/03 03:47:56 INFO ShutdownHookManager: Shutdown hook called
[2025-06-03T03:47:56.054+0000] {spark_submit.py:644} INFO - 25/06/03 03:47:56 INFO ShutdownHookManager: Deleting directory /tmp/spark-ab047639-93ff-4b52-92d7-c71a934c0cc0/pyspark-9bde935a-f06c-4037-86fa-68a9801b09f8
[2025-06-03T03:47:56.056+0000] {spark_submit.py:644} INFO - 25/06/03 03:47:56 INFO ShutdownHookManager: Deleting directory /tmp/spark-c224aa3c-097c-4be8-9134-53577c52f9c0
[2025-06-03T03:47:56.059+0000] {spark_submit.py:644} INFO - 25/06/03 03:47:56 INFO ShutdownHookManager: Deleting directory /tmp/spark-ab047639-93ff-4b52-92d7-c71a934c0cc0
[2025-06-03T03:47:56.064+0000] {spark_submit.py:644} INFO - 25/06/03 03:47:56 INFO MetricsSystemImpl: Stopping s3a-file-system metrics system...
[2025-06-03T03:47:56.064+0000] {spark_submit.py:644} INFO - 25/06/03 03:47:56 INFO MetricsSystemImpl: s3a-file-system metrics system stopped.
[2025-06-03T03:47:56.064+0000] {spark_submit.py:644} INFO - 25/06/03 03:47:56 INFO MetricsSystemImpl: s3a-file-system metrics system shutdown complete.
[2025-06-03T03:47:56.101+0000] {taskinstance.py:340} INFO - ::group::Post task execution logs
[2025-06-03T03:47:56.102+0000] {taskinstance.py:352} INFO - Marking task as SUCCESS. dag_id=curry_medallion_etl, task_id=submit_bronze_to_silver_job, run_id=manual__2025-06-03T03:47:29.326869+00:00, execution_date=20250603T034729, start_date=20250603T034743, end_date=20250603T034756
[2025-06-03T03:47:56.143+0000] {local_task_job_runner.py:266} INFO - Task exited with return code 0
[2025-06-03T03:47:56.156+0000] {taskinstance.py:3895} INFO - 1 downstream tasks scheduled from follow-on schedule check
[2025-06-03T03:47:56.156+0000] {local_task_job_runner.py:245} INFO - ::endgroup::
