[2025-06-09T07:32:04.730+0000] {local_task_job_runner.py:123} INFO - ::group::Pre task execution logs
[2025-06-09T07:32:04.739+0000] {taskinstance.py:2613} INFO - Dependencies all met for dep_context=non-requeueable deps ti=<TaskInstance: stephen_curry_stats_medallion_etl.bronze_ingestion manual__2025-06-09T07:32:02.803987+00:00 [queued]>
[2025-06-09T07:32:04.742+0000] {taskinstance.py:2613} INFO - Dependencies all met for dep_context=requeueable deps ti=<TaskInstance: stephen_curry_stats_medallion_etl.bronze_ingestion manual__2025-06-09T07:32:02.803987+00:00 [queued]>
[2025-06-09T07:32:04.742+0000] {taskinstance.py:2866} INFO - Starting attempt 1 of 1
[2025-06-09T07:32:04.747+0000] {taskinstance.py:2889} INFO - Executing <Task(SparkSubmitOperator): bronze_ingestion> on 2025-06-09 07:32:02.803987+00:00
[2025-06-09T07:32:04.750+0000] {standard_task_runner.py:72} INFO - Started process 245 to run task
[2025-06-09T07:32:04.752+0000] {standard_task_runner.py:104} INFO - Running: ['***', 'tasks', 'run', 'stephen_curry_stats_medallion_etl', 'bronze_ingestion', 'manual__2025-06-09T07:32:02.803987+00:00', '--job-id', '15', '--raw', '--subdir', 'DAGS_FOLDER/medallion_sales_etl_dag.py', '--cfg-path', '/tmp/tmpowv07zig']
[2025-06-09T07:32:04.754+0000] {standard_task_runner.py:105} INFO - Job 15: Subtask bronze_ingestion
[2025-06-09T07:32:04.779+0000] {task_command.py:467} INFO - Running <TaskInstance: stephen_curry_stats_medallion_etl.bronze_ingestion manual__2025-06-09T07:32:02.803987+00:00 [running]> on host 2a29413e4eed
[2025-06-09T07:32:04.823+0000] {taskinstance.py:3132} INFO - Exporting env vars: AIRFLOW_CTX_DAG_OWNER='***' AIRFLOW_CTX_DAG_ID='stephen_curry_stats_medallion_etl' AIRFLOW_CTX_TASK_ID='bronze_ingestion' AIRFLOW_CTX_EXECUTION_DATE='2025-06-09T07:32:02.803987+00:00' AIRFLOW_CTX_TRY_NUMBER='1' AIRFLOW_CTX_DAG_RUN_ID='manual__2025-06-09T07:32:02.803987+00:00'
[2025-06-09T07:32:04.823+0000] {taskinstance.py:731} INFO - ::endgroup::
[2025-06-09T07:32:04.838+0000] {base.py:84} INFO - Retrieving connection 'spark_default'
[2025-06-09T07:32:04.840+0000] {spark_submit.py:474} INFO - Spark-Submit cmd: spark-submit --master spark://spark-master:7077 --conf spark.sql.extensions=io.delta.sql.DeltaSparkSessionExtension --conf spark.sql.catalog.spark_catalog=org.apache.spark.sql.delta.catalog.DeltaCatalog --conf spark.hadoop.fs.s3a.endpoint=http://minio:9000 --conf spark.hadoop.fs.s3a.access.key=minioadmin --conf spark.hadoop.fs.s3a.secret.key=****** --conf spark.hadoop.fs.s3a.path.style.access=true --conf spark.hadoop.fs.s3a.impl=org.apache.hadoop.fs.s3a.S3AFileSystem --conf spark.hadoop.fs.s3a.aws.credentials.provider=org.apache.hadoop.fs.s3a.SimpleAWSCredentialsProvider --name arrow-spark --queue root.default --deploy-mode client dags/bronze_ingestion_sc_stats_etl.py --output_path s3a://mybucket/sc_stats_db/bronze/raw_data
[2025-06-09T07:32:05.107+0000] {spark_submit.py:644} INFO - WARNING: Using incubator modules: jdk.incubator.vector
[2025-06-09T07:32:07.281+0000] {spark_submit.py:644} INFO - Using Spark's default log4j profile: org/apache/spark/log4j2-defaults.properties
[2025-06-09T07:32:07.287+0000] {spark_submit.py:644} INFO - 25/06/09 07:32:07 INFO SparkContext: Running Spark version 4.0.0
[2025-06-09T07:32:07.289+0000] {spark_submit.py:644} INFO - 25/06/09 07:32:07 INFO SparkContext: OS info Linux, 6.10.14-linuxkit, aarch64
[2025-06-09T07:32:07.290+0000] {spark_submit.py:644} INFO - 25/06/09 07:32:07 INFO SparkContext: Java version 17.0.15
[2025-06-09T07:32:07.339+0000] {spark_submit.py:644} INFO - 25/06/09 07:32:07 WARN NativeCodeLoader: Unable to load native-hadoop library for your platform... using builtin-java classes where applicable
[2025-06-09T07:32:07.374+0000] {spark_submit.py:644} INFO - 25/06/09 07:32:07 INFO ResourceUtils: ==============================================================
[2025-06-09T07:32:07.374+0000] {spark_submit.py:644} INFO - 25/06/09 07:32:07 INFO ResourceUtils: No custom resources configured for spark.driver.
[2025-06-09T07:32:07.374+0000] {spark_submit.py:644} INFO - 25/06/09 07:32:07 INFO ResourceUtils: ==============================================================
[2025-06-09T07:32:07.374+0000] {spark_submit.py:644} INFO - 25/06/09 07:32:07 INFO SparkContext: Submitted application: BronzeIngestionStephenCurryStats
[2025-06-09T07:32:07.388+0000] {spark_submit.py:644} INFO - 25/06/09 07:32:07 INFO ResourceProfile: Default ResourceProfile created, executor resources: Map(memory -> name: memory, amount: 1024, script: , vendor: , offHeap -> name: offHeap, amount: 0, script: , vendor: ), task resources: Map(cpus -> name: cpus, amount: 1.0)
[2025-06-09T07:32:07.390+0000] {spark_submit.py:644} INFO - 25/06/09 07:32:07 INFO ResourceProfile: Limiting resource is cpu
[2025-06-09T07:32:07.390+0000] {spark_submit.py:644} INFO - 25/06/09 07:32:07 INFO ResourceProfileManager: Added ResourceProfile id: 0
[2025-06-09T07:32:07.418+0000] {spark_submit.py:644} INFO - 25/06/09 07:32:07 INFO SecurityManager: Changing view acls to: ***
[2025-06-09T07:32:07.418+0000] {spark_submit.py:644} INFO - 25/06/09 07:32:07 INFO SecurityManager: Changing modify acls to: ***
[2025-06-09T07:32:07.419+0000] {spark_submit.py:644} INFO - 25/06/09 07:32:07 INFO SecurityManager: Changing view acls groups to: ***
[2025-06-09T07:32:07.419+0000] {spark_submit.py:644} INFO - 25/06/09 07:32:07 INFO SecurityManager: Changing modify acls groups to: ***
[2025-06-09T07:32:07.420+0000] {spark_submit.py:644} INFO - 25/06/09 07:32:07 INFO SecurityManager: SecurityManager: authentication disabled; ui acls disabled; users with view permissions: *** groups with view permissions: EMPTY; users with modify permissions: ***; groups with modify permissions: EMPTY; RPC SSL disabled
[2025-06-09T07:32:07.546+0000] {spark_submit.py:644} INFO - 25/06/09 07:32:07 INFO Utils: Successfully started service 'sparkDriver' on port 35859.
[2025-06-09T07:32:07.560+0000] {spark_submit.py:644} INFO - 25/06/09 07:32:07 INFO SparkEnv: Registering MapOutputTracker
[2025-06-09T07:32:07.568+0000] {spark_submit.py:644} INFO - 25/06/09 07:32:07 INFO SparkEnv: Registering BlockManagerMaster
[2025-06-09T07:32:07.576+0000] {spark_submit.py:644} INFO - 25/06/09 07:32:07 INFO BlockManagerMasterEndpoint: Using org.apache.spark.storage.DefaultTopologyMapper for getting topology information
[2025-06-09T07:32:07.576+0000] {spark_submit.py:644} INFO - 25/06/09 07:32:07 INFO BlockManagerMasterEndpoint: BlockManagerMasterEndpoint up
[2025-06-09T07:32:07.578+0000] {spark_submit.py:644} INFO - 25/06/09 07:32:07 INFO SparkEnv: Registering BlockManagerMasterHeartbeat
[2025-06-09T07:32:07.589+0000] {spark_submit.py:644} INFO - 25/06/09 07:32:07 INFO DiskBlockManager: Created local directory at /tmp/blockmgr-d5fa8984-a261-446f-9755-9ab44f46ab2f
[2025-06-09T07:32:07.600+0000] {spark_submit.py:644} INFO - 25/06/09 07:32:07 INFO SparkEnv: Registering OutputCommitCoordinator
[2025-06-09T07:32:07.672+0000] {spark_submit.py:644} INFO - 25/06/09 07:32:07 INFO JettyUtils: Start Jetty 0.0.0.0:4040 for SparkUI
[2025-06-09T07:32:07.709+0000] {spark_submit.py:644} INFO - 25/06/09 07:32:07 INFO Utils: Successfully started service 'SparkUI' on port 4040.
[2025-06-09T07:32:07.739+0000] {spark_submit.py:644} INFO - 25/06/09 07:32:07 INFO SecurityManager: Changing view acls to: ***
[2025-06-09T07:32:07.740+0000] {spark_submit.py:644} INFO - 25/06/09 07:32:07 INFO SecurityManager: Changing modify acls to: ***
[2025-06-09T07:32:07.740+0000] {spark_submit.py:644} INFO - 25/06/09 07:32:07 INFO SecurityManager: Changing view acls groups to: ***
[2025-06-09T07:32:07.740+0000] {spark_submit.py:644} INFO - 25/06/09 07:32:07 INFO SecurityManager: Changing modify acls groups to: ***
[2025-06-09T07:32:07.740+0000] {spark_submit.py:644} INFO - 25/06/09 07:32:07 INFO SecurityManager: SecurityManager: authentication disabled; ui acls disabled; users with view permissions: *** groups with view permissions: EMPTY; users with modify permissions: ***; groups with modify permissions: EMPTY; RPC SSL disabled
[2025-06-09T07:32:07.825+0000] {spark_submit.py:644} INFO - 25/06/09 07:32:07 INFO StandaloneAppClient$ClientEndpoint: Connecting to master spark://spark-master:7077...
[2025-06-09T07:32:07.852+0000] {spark_submit.py:644} INFO - 25/06/09 07:32:07 INFO TransportClientFactory: Successfully created connection to spark-master/172.19.0.8:7077 after 13 ms (0 ms spent in bootstraps)
[2025-06-09T07:32:07.871+0000] {spark_submit.py:644} INFO - 25/06/09 07:32:07 WARN StandaloneAppClient$ClientEndpoint: Failed to connect to master spark-master:7077
[2025-06-09T07:32:07.872+0000] {spark_submit.py:644} INFO - org.apache.spark.SparkException: Exception thrown in awaitResult:
[2025-06-09T07:32:07.872+0000] {spark_submit.py:644} INFO - at org.apache.spark.util.SparkThreadUtils$.awaitResult(SparkThreadUtils.scala:53)
[2025-06-09T07:32:07.872+0000] {spark_submit.py:644} INFO - at org.apache.spark.util.ThreadUtils$.awaitResult(ThreadUtils.scala:342)
[2025-06-09T07:32:07.872+0000] {spark_submit.py:644} INFO - at org.apache.spark.rpc.RpcTimeout.awaitResult(RpcTimeout.scala:75)
[2025-06-09T07:32:07.872+0000] {spark_submit.py:644} INFO - at org.apache.spark.rpc.RpcEnv.setupEndpointRefByURI(RpcEnv.scala:102)
[2025-06-09T07:32:07.872+0000] {spark_submit.py:644} INFO - at org.apache.spark.rpc.RpcEnv.setupEndpointRef(RpcEnv.scala:110)
[2025-06-09T07:32:07.872+0000] {spark_submit.py:644} INFO - at org.apache.spark.deploy.client.StandaloneAppClient$ClientEndpoint$$anon$1.run(StandaloneAppClient.scala:110)
[2025-06-09T07:32:07.872+0000] {spark_submit.py:644} INFO - at java.base/java.util.concurrent.Executors$RunnableAdapter.call(Executors.java:539)
[2025-06-09T07:32:07.873+0000] {spark_submit.py:644} INFO - at java.base/java.util.concurrent.FutureTask.run(FutureTask.java:264)
[2025-06-09T07:32:07.873+0000] {spark_submit.py:644} INFO - at java.base/java.util.concurrent.ThreadPoolExecutor.runWorker(ThreadPoolExecutor.java:1136)
[2025-06-09T07:32:07.873+0000] {spark_submit.py:644} INFO - at java.base/java.util.concurrent.ThreadPoolExecutor$Worker.run(ThreadPoolExecutor.java:635)
[2025-06-09T07:32:07.873+0000] {spark_submit.py:644} INFO - at java.base/java.lang.Thread.run(Thread.java:840)
[2025-06-09T07:32:07.873+0000] {spark_submit.py:644} INFO - Caused by: java.lang.RuntimeException: java.io.InvalidClassException: org.apache.spark.rpc.netty.RpcEndpointVerifier$CheckExistence; local class incompatible: stream classdesc serialVersionUID = 5378738997755484868, local class serialVersionUID = 7789290765573734431
[2025-06-09T07:32:07.873+0000] {spark_submit.py:644} INFO - at java.base/java.io.ObjectStreamClass.initNonProxy(ObjectStreamClass.java:597)
[2025-06-09T07:32:07.873+0000] {spark_submit.py:644} INFO - at java.base/java.io.ObjectInputStream.readNonProxyDesc(ObjectInputStream.java:2051)
[2025-06-09T07:32:07.873+0000] {spark_submit.py:644} INFO - at java.base/java.io.ObjectInputStream.readClassDesc(ObjectInputStream.java:1898)
[2025-06-09T07:32:07.873+0000] {spark_submit.py:644} INFO - at java.base/java.io.ObjectInputStream.readOrdinaryObject(ObjectInputStream.java:2224)
[2025-06-09T07:32:07.873+0000] {spark_submit.py:644} INFO - at java.base/java.io.ObjectInputStream.readObject0(ObjectInputStream.java:1733)
[2025-06-09T07:32:07.873+0000] {spark_submit.py:644} INFO - at java.base/java.io.ObjectInputStream.readObject(ObjectInputStream.java:509)
[2025-06-09T07:32:07.873+0000] {spark_submit.py:644} INFO - at java.base/java.io.ObjectInputStream.readObject(ObjectInputStream.java:467)
[2025-06-09T07:32:07.873+0000] {spark_submit.py:644} INFO - at org.apache.spark.serializer.JavaDeserializationStream.readObject(JavaSerializer.scala:87)
[2025-06-09T07:32:07.874+0000] {spark_submit.py:644} INFO - at org.apache.spark.serializer.JavaSerializerInstance.deserialize(JavaSerializer.scala:123)
[2025-06-09T07:32:07.874+0000] {spark_submit.py:644} INFO - at org.apache.spark.rpc.netty.NettyRpcEnv.$anonfun$deserialize$2(NettyRpcEnv.scala:299)
[2025-06-09T07:32:07.874+0000] {spark_submit.py:644} INFO - at scala.util.DynamicVariable.withValue(DynamicVariable.scala:62)
[2025-06-09T07:32:07.874+0000] {spark_submit.py:644} INFO - at org.apache.spark.rpc.netty.NettyRpcEnv.deserialize(NettyRpcEnv.scala:352)
[2025-06-09T07:32:07.874+0000] {spark_submit.py:644} INFO - at org.apache.spark.rpc.netty.NettyRpcEnv.$anonfun$deserialize$1(NettyRpcEnv.scala:298)
[2025-06-09T07:32:07.874+0000] {spark_submit.py:644} INFO - at scala.util.DynamicVariable.withValue(DynamicVariable.scala:62)
[2025-06-09T07:32:07.874+0000] {spark_submit.py:644} INFO - at org.apache.spark.rpc.netty.NettyRpcEnv.deserialize(NettyRpcEnv.scala:298)
[2025-06-09T07:32:07.874+0000] {spark_submit.py:644} INFO - at org.apache.spark.rpc.netty.RequestMessage$.apply(NettyRpcEnv.scala:646)
[2025-06-09T07:32:07.874+0000] {spark_submit.py:644} INFO - at org.apache.spark.rpc.netty.NettyRpcHandler.internalReceive(NettyRpcEnv.scala:697)
[2025-06-09T07:32:07.874+0000] {spark_submit.py:644} INFO - at org.apache.spark.rpc.netty.NettyRpcHandler.receive(NettyRpcEnv.scala:682)
[2025-06-09T07:32:07.874+0000] {spark_submit.py:644} INFO - at org.apache.spark.network.server.TransportRequestHandler.processRpcRequest(TransportRequestHandler.java:163)
[2025-06-09T07:32:07.875+0000] {spark_submit.py:644} INFO - at org.apache.spark.network.server.TransportRequestHandler.handle(TransportRequestHandler.java:109)
[2025-06-09T07:32:07.875+0000] {spark_submit.py:644} INFO - at org.apache.spark.network.server.TransportChannelHandler.channelRead0(TransportChannelHandler.java:140)
[2025-06-09T07:32:07.875+0000] {spark_submit.py:644} INFO - at org.apache.spark.network.server.TransportChannelHandler.channelRead0(TransportChannelHandler.java:53)
[2025-06-09T07:32:07.875+0000] {spark_submit.py:644} INFO - at io.netty.channel.SimpleChannelInboundHandler.channelRead(SimpleChannelInboundHandler.java:99)
[2025-06-09T07:32:07.875+0000] {spark_submit.py:644} INFO - at io.netty.channel.AbstractChannelHandlerContext.invokeChannelRead(AbstractChannelHandlerContext.java:444)
[2025-06-09T07:32:07.875+0000] {spark_submit.py:644} INFO - at io.netty.channel.AbstractChannelHandlerContext.invokeChannelRead(AbstractChannelHandlerContext.java:420)
[2025-06-09T07:32:07.875+0000] {spark_submit.py:644} INFO - at io.netty.channel.AbstractChannelHandlerContext.fireChannelRead(AbstractChannelHandlerContext.java:412)
[2025-06-09T07:32:07.875+0000] {spark_submit.py:644} INFO - at io.netty.handler.timeout.IdleStateHandler.channelRead(IdleStateHandler.java:286)
[2025-06-09T07:32:07.875+0000] {spark_submit.py:644} INFO - at io.netty.channel.AbstractChannelHandlerContext.invokeChannelRead(AbstractChannelHandlerContext.java:442)
[2025-06-09T07:32:07.876+0000] {spark_submit.py:644} INFO - at io.netty.channel.AbstractChannelHandlerContext.invokeChannelRead(AbstractChannelHandlerContext.java:420)
[2025-06-09T07:32:07.876+0000] {spark_submit.py:644} INFO - at io.netty.channel.AbstractChannelHandlerContext.fireChannelRead(AbstractChannelHandlerContext.java:412)
[2025-06-09T07:32:07.876+0000] {spark_submit.py:644} INFO - at io.netty.handler.codec.MessageToMessageDecoder.channelRead(MessageToMessageDecoder.java:103)
[2025-06-09T07:32:07.876+0000] {spark_submit.py:644} INFO - at io.netty.channel.AbstractChannelHandlerContext.invokeChannelRead(AbstractChannelHandlerContext.java:444)
[2025-06-09T07:32:07.876+0000] {spark_submit.py:644} INFO - at io.netty.channel.AbstractChannelHandlerContext.invokeChannelRead(AbstractChannelHandlerContext.java:420)
[2025-06-09T07:32:07.876+0000] {spark_submit.py:644} INFO - at io.netty.channel.AbstractChannelHandlerContext.fireChannelRead(AbstractChannelHandlerContext.java:412)
[2025-06-09T07:32:07.876+0000] {spark_submit.py:644} INFO - at org.apache.spark.network.util.TransportFrameDecoder.channelRead(TransportFrameDecoder.java:102)
[2025-06-09T07:32:07.876+0000] {spark_submit.py:644} INFO - at io.netty.channel.AbstractChannelHandlerContext.invokeChannelRead(AbstractChannelHandlerContext.java:444)
[2025-06-09T07:32:07.876+0000] {spark_submit.py:644} INFO - at io.netty.channel.AbstractChannelHandlerContext.invokeChannelRead(AbstractChannelHandlerContext.java:420)
[2025-06-09T07:32:07.876+0000] {spark_submit.py:644} INFO - at io.netty.channel.AbstractChannelHandlerContext.fireChannelRead(AbstractChannelHandlerContext.java:412)
[2025-06-09T07:32:07.877+0000] {spark_submit.py:644} INFO - at io.netty.channel.DefaultChannelPipeline$HeadContext.channelRead(DefaultChannelPipeline.java:1410)
[2025-06-09T07:32:07.877+0000] {spark_submit.py:644} INFO - at io.netty.channel.AbstractChannelHandlerContext.invokeChannelRead(AbstractChannelHandlerContext.java:440)
[2025-06-09T07:32:07.877+0000] {spark_submit.py:644} INFO - at io.netty.channel.AbstractChannelHandlerContext.invokeChannelRead(AbstractChannelHandlerContext.java:420)
[2025-06-09T07:32:07.877+0000] {spark_submit.py:644} INFO - at io.netty.channel.DefaultChannelPipeline.fireChannelRead(DefaultChannelPipeline.java:919)
[2025-06-09T07:32:07.877+0000] {spark_submit.py:644} INFO - at io.netty.channel.nio.AbstractNioByteChannel$NioByteUnsafe.read(AbstractNioByteChannel.java:166)
[2025-06-09T07:32:07.877+0000] {spark_submit.py:644} INFO - at io.netty.channel.nio.NioEventLoop.processSelectedKey(NioEventLoop.java:788)
[2025-06-09T07:32:07.877+0000] {spark_submit.py:644} INFO - at io.netty.channel.nio.NioEventLoop.processSelectedKeysOptimized(NioEventLoop.java:724)
[2025-06-09T07:32:07.877+0000] {spark_submit.py:644} INFO - at io.netty.channel.nio.NioEventLoop.processSelectedKeys(NioEventLoop.java:650)
[2025-06-09T07:32:07.877+0000] {spark_submit.py:644} INFO - at io.netty.channel.nio.NioEventLoop.run(NioEventLoop.java:562)
[2025-06-09T07:32:07.877+0000] {spark_submit.py:644} INFO - at io.netty.util.concurrent.SingleThreadEventExecutor$4.run(SingleThreadEventExecutor.java:997)
[2025-06-09T07:32:07.877+0000] {spark_submit.py:644} INFO - at io.netty.util.internal.ThreadExecutorMap$2.run(ThreadExecutorMap.java:74)
[2025-06-09T07:32:07.878+0000] {spark_submit.py:644} INFO - at io.netty.util.concurrent.FastThreadLocalRunnable.run(FastThreadLocalRunnable.java:30)
[2025-06-09T07:32:07.878+0000] {spark_submit.py:644} INFO - at java.base/java.lang.Thread.run(Thread.java:840)
[2025-06-09T07:32:07.878+0000] {spark_submit.py:644} INFO - 
[2025-06-09T07:32:07.878+0000] {spark_submit.py:644} INFO - at org.apache.spark.network.client.TransportResponseHandler.handle(TransportResponseHandler.java:217)
[2025-06-09T07:32:07.878+0000] {spark_submit.py:644} INFO - at org.apache.spark.network.server.TransportChannelHandler.channelRead0(TransportChannelHandler.java:145)
[2025-06-09T07:32:07.878+0000] {spark_submit.py:644} INFO - at org.apache.spark.network.server.TransportChannelHandler.channelRead0(TransportChannelHandler.java:55)
[2025-06-09T07:32:07.878+0000] {spark_submit.py:644} INFO - at io.netty.channel.SimpleChannelInboundHandler.channelRead(SimpleChannelInboundHandler.java:99)
[2025-06-09T07:32:07.878+0000] {spark_submit.py:644} INFO - at io.netty.channel.AbstractChannelHandlerContext.invokeChannelRead(AbstractChannelHandlerContext.java:444)
[2025-06-09T07:32:07.878+0000] {spark_submit.py:644} INFO - at io.netty.channel.AbstractChannelHandlerContext.invokeChannelRead(AbstractChannelHandlerContext.java:420)
[2025-06-09T07:32:07.878+0000] {spark_submit.py:644} INFO - at io.netty.channel.AbstractChannelHandlerContext.fireChannelRead(AbstractChannelHandlerContext.java:412)
[2025-06-09T07:32:07.879+0000] {spark_submit.py:644} INFO - at io.netty.handler.timeout.IdleStateHandler.channelRead(IdleStateHandler.java:289)
[2025-06-09T07:32:07.879+0000] {spark_submit.py:644} INFO - at io.netty.channel.AbstractChannelHandlerContext.invokeChannelRead(AbstractChannelHandlerContext.java:442)
[2025-06-09T07:32:07.879+0000] {spark_submit.py:644} INFO - at io.netty.channel.AbstractChannelHandlerContext.invokeChannelRead(AbstractChannelHandlerContext.java:420)
[2025-06-09T07:32:07.879+0000] {spark_submit.py:644} INFO - at io.netty.channel.AbstractChannelHandlerContext.fireChannelRead(AbstractChannelHandlerContext.java:412)
[2025-06-09T07:32:07.879+0000] {spark_submit.py:644} INFO - at io.netty.handler.codec.MessageToMessageDecoder.channelRead(MessageToMessageDecoder.java:107)
[2025-06-09T07:32:07.879+0000] {spark_submit.py:644} INFO - at io.netty.channel.AbstractChannelHandlerContext.invokeChannelRead(AbstractChannelHandlerContext.java:444)
[2025-06-09T07:32:07.879+0000] {spark_submit.py:644} INFO - at io.netty.channel.AbstractChannelHandlerContext.invokeChannelRead(AbstractChannelHandlerContext.java:420)
[2025-06-09T07:32:07.879+0000] {spark_submit.py:644} INFO - at io.netty.channel.AbstractChannelHandlerContext.fireChannelRead(AbstractChannelHandlerContext.java:412)
[2025-06-09T07:32:07.879+0000] {spark_submit.py:644} INFO - at org.apache.spark.network.util.TransportFrameDecoder.channelRead(TransportFrameDecoder.java:102)
[2025-06-09T07:32:07.879+0000] {spark_submit.py:644} INFO - at io.netty.channel.AbstractChannelHandlerContext.invokeChannelRead(AbstractChannelHandlerContext.java:444)
[2025-06-09T07:32:07.880+0000] {spark_submit.py:644} INFO - at io.netty.channel.AbstractChannelHandlerContext.invokeChannelRead(AbstractChannelHandlerContext.java:420)
[2025-06-09T07:32:07.880+0000] {spark_submit.py:644} INFO - at io.netty.channel.AbstractChannelHandlerContext.fireChannelRead(AbstractChannelHandlerContext.java:412)
[2025-06-09T07:32:07.880+0000] {spark_submit.py:644} INFO - at io.netty.channel.DefaultChannelPipeline$HeadContext.channelRead(DefaultChannelPipeline.java:1357)
[2025-06-09T07:32:07.880+0000] {spark_submit.py:644} INFO - at io.netty.channel.AbstractChannelHandlerContext.invokeChannelRead(AbstractChannelHandlerContext.java:440)
[2025-06-09T07:32:07.880+0000] {spark_submit.py:644} INFO - at io.netty.channel.AbstractChannelHandlerContext.invokeChannelRead(AbstractChannelHandlerContext.java:420)
[2025-06-09T07:32:07.880+0000] {spark_submit.py:644} INFO - at io.netty.channel.DefaultChannelPipeline.fireChannelRead(DefaultChannelPipeline.java:868)
[2025-06-09T07:32:07.880+0000] {spark_submit.py:644} INFO - at io.netty.channel.nio.AbstractNioByteChannel$NioByteUnsafe.read(AbstractNioByteChannel.java:166)
[2025-06-09T07:32:07.880+0000] {spark_submit.py:644} INFO - at io.netty.channel.nio.NioEventLoop.processSelectedKey(NioEventLoop.java:796)
[2025-06-09T07:32:07.880+0000] {spark_submit.py:644} INFO - at io.netty.channel.nio.NioEventLoop.processSelectedKeysOptimized(NioEventLoop.java:732)
[2025-06-09T07:32:07.881+0000] {spark_submit.py:644} INFO - at io.netty.channel.nio.NioEventLoop.processSelectedKeys(NioEventLoop.java:658)
[2025-06-09T07:32:07.881+0000] {spark_submit.py:644} INFO - at io.netty.channel.nio.NioEventLoop.run(NioEventLoop.java:562)
[2025-06-09T07:32:07.881+0000] {spark_submit.py:644} INFO - at io.netty.util.concurrent.SingleThreadEventExecutor$4.run(SingleThreadEventExecutor.java:998)
[2025-06-09T07:32:07.881+0000] {spark_submit.py:644} INFO - at io.netty.util.internal.ThreadExecutorMap$2.run(ThreadExecutorMap.java:74)
[2025-06-09T07:32:07.881+0000] {spark_submit.py:644} INFO - at io.netty.util.concurrent.FastThreadLocalRunnable.run(FastThreadLocalRunnable.java:30)
[2025-06-09T07:32:07.881+0000] {spark_submit.py:644} INFO - ... 1 more
[2025-06-09T07:32:27.831+0000] {spark_submit.py:644} INFO - 25/06/09 07:32:27 INFO StandaloneAppClient$ClientEndpoint: Connecting to master spark://spark-master:7077...
[2025-06-09T07:32:27.838+0000] {spark_submit.py:644} INFO - 25/06/09 07:32:27 WARN StandaloneAppClient$ClientEndpoint: Failed to connect to master spark-master:7077
[2025-06-09T07:32:27.839+0000] {spark_submit.py:644} INFO - org.apache.spark.SparkException: Exception thrown in awaitResult:
[2025-06-09T07:32:27.839+0000] {spark_submit.py:644} INFO - at org.apache.spark.util.SparkThreadUtils$.awaitResult(SparkThreadUtils.scala:53)
[2025-06-09T07:32:27.840+0000] {spark_submit.py:644} INFO - at org.apache.spark.util.ThreadUtils$.awaitResult(ThreadUtils.scala:342)
[2025-06-09T07:32:27.840+0000] {spark_submit.py:644} INFO - at org.apache.spark.rpc.RpcTimeout.awaitResult(RpcTimeout.scala:75)
[2025-06-09T07:32:27.840+0000] {spark_submit.py:644} INFO - at org.apache.spark.rpc.RpcEnv.setupEndpointRefByURI(RpcEnv.scala:102)
[2025-06-09T07:32:27.841+0000] {spark_submit.py:644} INFO - at org.apache.spark.rpc.RpcEnv.setupEndpointRef(RpcEnv.scala:110)
[2025-06-09T07:32:27.841+0000] {spark_submit.py:644} INFO - at org.apache.spark.deploy.client.StandaloneAppClient$ClientEndpoint$$anon$1.run(StandaloneAppClient.scala:110)
[2025-06-09T07:32:27.842+0000] {spark_submit.py:644} INFO - at java.base/java.util.concurrent.Executors$RunnableAdapter.call(Executors.java:539)
[2025-06-09T07:32:27.842+0000] {spark_submit.py:644} INFO - at java.base/java.util.concurrent.FutureTask.run(FutureTask.java:264)
[2025-06-09T07:32:27.842+0000] {spark_submit.py:644} INFO - at java.base/java.util.concurrent.ThreadPoolExecutor.runWorker(ThreadPoolExecutor.java:1136)
[2025-06-09T07:32:27.842+0000] {spark_submit.py:644} INFO - at java.base/java.util.concurrent.ThreadPoolExecutor$Worker.run(ThreadPoolExecutor.java:635)
[2025-06-09T07:32:27.843+0000] {spark_submit.py:644} INFO - at java.base/java.lang.Thread.run(Thread.java:840)
[2025-06-09T07:32:27.843+0000] {spark_submit.py:644} INFO - Caused by: java.lang.RuntimeException: java.io.InvalidClassException: org.apache.spark.rpc.netty.RpcEndpointVerifier$CheckExistence; local class incompatible: stream classdesc serialVersionUID = 5378738997755484868, local class serialVersionUID = 7789290765573734431
[2025-06-09T07:32:27.843+0000] {spark_submit.py:644} INFO - at java.base/java.io.ObjectStreamClass.initNonProxy(ObjectStreamClass.java:597)
[2025-06-09T07:32:27.843+0000] {spark_submit.py:644} INFO - at java.base/java.io.ObjectInputStream.readNonProxyDesc(ObjectInputStream.java:2051)
[2025-06-09T07:32:27.844+0000] {spark_submit.py:644} INFO - at java.base/java.io.ObjectInputStream.readClassDesc(ObjectInputStream.java:1898)
[2025-06-09T07:32:27.844+0000] {spark_submit.py:644} INFO - at java.base/java.io.ObjectInputStream.readOrdinaryObject(ObjectInputStream.java:2224)
[2025-06-09T07:32:27.844+0000] {spark_submit.py:644} INFO - at java.base/java.io.ObjectInputStream.readObject0(ObjectInputStream.java:1733)
[2025-06-09T07:32:27.844+0000] {spark_submit.py:644} INFO - at java.base/java.io.ObjectInputStream.readObject(ObjectInputStream.java:509)
[2025-06-09T07:32:27.845+0000] {spark_submit.py:644} INFO - at java.base/java.io.ObjectInputStream.readObject(ObjectInputStream.java:467)
[2025-06-09T07:32:27.845+0000] {spark_submit.py:644} INFO - at org.apache.spark.serializer.JavaDeserializationStream.readObject(JavaSerializer.scala:87)
[2025-06-09T07:32:27.845+0000] {spark_submit.py:644} INFO - at org.apache.spark.serializer.JavaSerializerInstance.deserialize(JavaSerializer.scala:123)
[2025-06-09T07:32:27.845+0000] {spark_submit.py:644} INFO - at org.apache.spark.rpc.netty.NettyRpcEnv.$anonfun$deserialize$2(NettyRpcEnv.scala:299)
[2025-06-09T07:32:27.846+0000] {spark_submit.py:644} INFO - at scala.util.DynamicVariable.withValue(DynamicVariable.scala:62)
[2025-06-09T07:32:27.846+0000] {spark_submit.py:644} INFO - at org.apache.spark.rpc.netty.NettyRpcEnv.deserialize(NettyRpcEnv.scala:352)
[2025-06-09T07:32:27.846+0000] {spark_submit.py:644} INFO - at org.apache.spark.rpc.netty.NettyRpcEnv.$anonfun$deserialize$1(NettyRpcEnv.scala:298)
[2025-06-09T07:32:27.846+0000] {spark_submit.py:644} INFO - at scala.util.DynamicVariable.withValue(DynamicVariable.scala:62)
[2025-06-09T07:32:27.847+0000] {spark_submit.py:644} INFO - at org.apache.spark.rpc.netty.NettyRpcEnv.deserialize(NettyRpcEnv.scala:298)
[2025-06-09T07:32:27.847+0000] {spark_submit.py:644} INFO - at org.apache.spark.rpc.netty.RequestMessage$.apply(NettyRpcEnv.scala:646)
[2025-06-09T07:32:27.847+0000] {spark_submit.py:644} INFO - at org.apache.spark.rpc.netty.NettyRpcHandler.internalReceive(NettyRpcEnv.scala:697)
[2025-06-09T07:32:27.847+0000] {spark_submit.py:644} INFO - at org.apache.spark.rpc.netty.NettyRpcHandler.receive(NettyRpcEnv.scala:682)
[2025-06-09T07:32:27.848+0000] {spark_submit.py:644} INFO - at org.apache.spark.network.server.TransportRequestHandler.processRpcRequest(TransportRequestHandler.java:163)
[2025-06-09T07:32:27.848+0000] {spark_submit.py:644} INFO - at org.apache.spark.network.server.TransportRequestHandler.handle(TransportRequestHandler.java:109)
[2025-06-09T07:32:27.848+0000] {spark_submit.py:644} INFO - at org.apache.spark.network.server.TransportChannelHandler.channelRead0(TransportChannelHandler.java:140)
[2025-06-09T07:32:27.848+0000] {spark_submit.py:644} INFO - at org.apache.spark.network.server.TransportChannelHandler.channelRead0(TransportChannelHandler.java:53)
[2025-06-09T07:32:27.849+0000] {spark_submit.py:644} INFO - at io.netty.channel.SimpleChannelInboundHandler.channelRead(SimpleChannelInboundHandler.java:99)
[2025-06-09T07:32:27.849+0000] {spark_submit.py:644} INFO - at io.netty.channel.AbstractChannelHandlerContext.invokeChannelRead(AbstractChannelHandlerContext.java:444)
[2025-06-09T07:32:27.849+0000] {spark_submit.py:644} INFO - at io.netty.channel.AbstractChannelHandlerContext.invokeChannelRead(AbstractChannelHandlerContext.java:420)
[2025-06-09T07:32:27.849+0000] {spark_submit.py:644} INFO - at io.netty.channel.AbstractChannelHandlerContext.fireChannelRead(AbstractChannelHandlerContext.java:412)
[2025-06-09T07:32:27.849+0000] {spark_submit.py:644} INFO - at io.netty.handler.timeout.IdleStateHandler.channelRead(IdleStateHandler.java:286)
[2025-06-09T07:32:27.850+0000] {spark_submit.py:644} INFO - at io.netty.channel.AbstractChannelHandlerContext.invokeChannelRead(AbstractChannelHandlerContext.java:442)
[2025-06-09T07:32:27.850+0000] {spark_submit.py:644} INFO - at io.netty.channel.AbstractChannelHandlerContext.invokeChannelRead(AbstractChannelHandlerContext.java:420)
[2025-06-09T07:32:27.850+0000] {spark_submit.py:644} INFO - at io.netty.channel.AbstractChannelHandlerContext.fireChannelRead(AbstractChannelHandlerContext.java:412)
[2025-06-09T07:32:27.850+0000] {spark_submit.py:644} INFO - at io.netty.handler.codec.MessageToMessageDecoder.channelRead(MessageToMessageDecoder.java:103)
[2025-06-09T07:32:27.850+0000] {spark_submit.py:644} INFO - at io.netty.channel.AbstractChannelHandlerContext.invokeChannelRead(AbstractChannelHandlerContext.java:444)
[2025-06-09T07:32:27.851+0000] {spark_submit.py:644} INFO - at io.netty.channel.AbstractChannelHandlerContext.invokeChannelRead(AbstractChannelHandlerContext.java:420)
[2025-06-09T07:32:27.851+0000] {spark_submit.py:644} INFO - at io.netty.channel.AbstractChannelHandlerContext.fireChannelRead(AbstractChannelHandlerContext.java:412)
[2025-06-09T07:32:27.851+0000] {spark_submit.py:644} INFO - at org.apache.spark.network.util.TransportFrameDecoder.channelRead(TransportFrameDecoder.java:102)
[2025-06-09T07:32:27.851+0000] {spark_submit.py:644} INFO - at io.netty.channel.AbstractChannelHandlerContext.invokeChannelRead(AbstractChannelHandlerContext.java:444)
[2025-06-09T07:32:27.852+0000] {spark_submit.py:644} INFO - at io.netty.channel.AbstractChannelHandlerContext.invokeChannelRead(AbstractChannelHandlerContext.java:420)
[2025-06-09T07:32:27.852+0000] {spark_submit.py:644} INFO - at io.netty.channel.AbstractChannelHandlerContext.fireChannelRead(AbstractChannelHandlerContext.java:412)
[2025-06-09T07:32:27.852+0000] {spark_submit.py:644} INFO - at io.netty.channel.DefaultChannelPipeline$HeadContext.channelRead(DefaultChannelPipeline.java:1410)
[2025-06-09T07:32:27.852+0000] {spark_submit.py:644} INFO - at io.netty.channel.AbstractChannelHandlerContext.invokeChannelRead(AbstractChannelHandlerContext.java:440)
[2025-06-09T07:32:27.852+0000] {spark_submit.py:644} INFO - at io.netty.channel.AbstractChannelHandlerContext.invokeChannelRead(AbstractChannelHandlerContext.java:420)
[2025-06-09T07:32:27.853+0000] {spark_submit.py:644} INFO - at io.netty.channel.DefaultChannelPipeline.fireChannelRead(DefaultChannelPipeline.java:919)
[2025-06-09T07:32:27.853+0000] {spark_submit.py:644} INFO - at io.netty.channel.nio.AbstractNioByteChannel$NioByteUnsafe.read(AbstractNioByteChannel.java:166)
[2025-06-09T07:32:27.853+0000] {spark_submit.py:644} INFO - at io.netty.channel.nio.NioEventLoop.processSelectedKey(NioEventLoop.java:788)
[2025-06-09T07:32:27.853+0000] {spark_submit.py:644} INFO - at io.netty.channel.nio.NioEventLoop.processSelectedKeysOptimized(NioEventLoop.java:724)
[2025-06-09T07:32:27.853+0000] {spark_submit.py:644} INFO - at io.netty.channel.nio.NioEventLoop.processSelectedKeys(NioEventLoop.java:650)
[2025-06-09T07:32:27.853+0000] {spark_submit.py:644} INFO - at io.netty.channel.nio.NioEventLoop.run(NioEventLoop.java:562)
[2025-06-09T07:32:27.854+0000] {spark_submit.py:644} INFO - at io.netty.util.concurrent.SingleThreadEventExecutor$4.run(SingleThreadEventExecutor.java:997)
[2025-06-09T07:32:27.854+0000] {spark_submit.py:644} INFO - at io.netty.util.internal.ThreadExecutorMap$2.run(ThreadExecutorMap.java:74)
[2025-06-09T07:32:27.854+0000] {spark_submit.py:644} INFO - at io.netty.util.concurrent.FastThreadLocalRunnable.run(FastThreadLocalRunnable.java:30)
[2025-06-09T07:32:27.854+0000] {spark_submit.py:644} INFO - at java.base/java.lang.Thread.run(Thread.java:840)
[2025-06-09T07:32:27.855+0000] {spark_submit.py:644} INFO - 
[2025-06-09T07:32:27.855+0000] {spark_submit.py:644} INFO - at org.apache.spark.network.client.TransportResponseHandler.handle(TransportResponseHandler.java:217)
[2025-06-09T07:32:27.855+0000] {spark_submit.py:644} INFO - at org.apache.spark.network.server.TransportChannelHandler.channelRead0(TransportChannelHandler.java:145)
[2025-06-09T07:32:27.855+0000] {spark_submit.py:644} INFO - at org.apache.spark.network.server.TransportChannelHandler.channelRead0(TransportChannelHandler.java:55)
[2025-06-09T07:32:27.855+0000] {spark_submit.py:644} INFO - at io.netty.channel.SimpleChannelInboundHandler.channelRead(SimpleChannelInboundHandler.java:99)
[2025-06-09T07:32:27.855+0000] {spark_submit.py:644} INFO - at io.netty.channel.AbstractChannelHandlerContext.invokeChannelRead(AbstractChannelHandlerContext.java:444)
[2025-06-09T07:32:27.855+0000] {spark_submit.py:644} INFO - at io.netty.channel.AbstractChannelHandlerContext.invokeChannelRead(AbstractChannelHandlerContext.java:420)
[2025-06-09T07:32:27.856+0000] {spark_submit.py:644} INFO - at io.netty.channel.AbstractChannelHandlerContext.fireChannelRead(AbstractChannelHandlerContext.java:412)
[2025-06-09T07:32:27.856+0000] {spark_submit.py:644} INFO - at io.netty.handler.timeout.IdleStateHandler.channelRead(IdleStateHandler.java:289)
[2025-06-09T07:32:27.856+0000] {spark_submit.py:644} INFO - at io.netty.channel.AbstractChannelHandlerContext.invokeChannelRead(AbstractChannelHandlerContext.java:442)
[2025-06-09T07:32:27.856+0000] {spark_submit.py:644} INFO - at io.netty.channel.AbstractChannelHandlerContext.invokeChannelRead(AbstractChannelHandlerContext.java:420)
[2025-06-09T07:32:27.856+0000] {spark_submit.py:644} INFO - at io.netty.channel.AbstractChannelHandlerContext.fireChannelRead(AbstractChannelHandlerContext.java:412)
[2025-06-09T07:32:27.856+0000] {spark_submit.py:644} INFO - at io.netty.handler.codec.MessageToMessageDecoder.channelRead(MessageToMessageDecoder.java:107)
[2025-06-09T07:32:27.856+0000] {spark_submit.py:644} INFO - at io.netty.channel.AbstractChannelHandlerContext.invokeChannelRead(AbstractChannelHandlerContext.java:444)
[2025-06-09T07:32:27.856+0000] {spark_submit.py:644} INFO - at io.netty.channel.AbstractChannelHandlerContext.invokeChannelRead(AbstractChannelHandlerContext.java:420)
[2025-06-09T07:32:27.857+0000] {spark_submit.py:644} INFO - at io.netty.channel.AbstractChannelHandlerContext.fireChannelRead(AbstractChannelHandlerContext.java:412)
[2025-06-09T07:32:27.857+0000] {spark_submit.py:644} INFO - at org.apache.spark.network.util.TransportFrameDecoder.channelRead(TransportFrameDecoder.java:102)
[2025-06-09T07:32:27.857+0000] {spark_submit.py:644} INFO - at io.netty.channel.AbstractChannelHandlerContext.invokeChannelRead(AbstractChannelHandlerContext.java:444)
[2025-06-09T07:32:27.857+0000] {spark_submit.py:644} INFO - at io.netty.channel.AbstractChannelHandlerContext.invokeChannelRead(AbstractChannelHandlerContext.java:420)
[2025-06-09T07:32:27.857+0000] {spark_submit.py:644} INFO - at io.netty.channel.AbstractChannelHandlerContext.fireChannelRead(AbstractChannelHandlerContext.java:412)
[2025-06-09T07:32:27.857+0000] {spark_submit.py:644} INFO - at io.netty.channel.DefaultChannelPipeline$HeadContext.channelRead(DefaultChannelPipeline.java:1357)
[2025-06-09T07:32:27.857+0000] {spark_submit.py:644} INFO - at io.netty.channel.AbstractChannelHandlerContext.invokeChannelRead(AbstractChannelHandlerContext.java:440)
[2025-06-09T07:32:27.858+0000] {spark_submit.py:644} INFO - at io.netty.channel.AbstractChannelHandlerContext.invokeChannelRead(AbstractChannelHandlerContext.java:420)
[2025-06-09T07:32:27.858+0000] {spark_submit.py:644} INFO - at io.netty.channel.DefaultChannelPipeline.fireChannelRead(DefaultChannelPipeline.java:868)
[2025-06-09T07:32:27.858+0000] {spark_submit.py:644} INFO - at io.netty.channel.nio.AbstractNioByteChannel$NioByteUnsafe.read(AbstractNioByteChannel.java:166)
[2025-06-09T07:32:27.858+0000] {spark_submit.py:644} INFO - at io.netty.channel.nio.NioEventLoop.processSelectedKey(NioEventLoop.java:796)
[2025-06-09T07:32:27.858+0000] {spark_submit.py:644} INFO - at io.netty.channel.nio.NioEventLoop.processSelectedKeysOptimized(NioEventLoop.java:732)
[2025-06-09T07:32:27.858+0000] {spark_submit.py:644} INFO - at io.netty.channel.nio.NioEventLoop.processSelectedKeys(NioEventLoop.java:658)
[2025-06-09T07:32:27.859+0000] {spark_submit.py:644} INFO - at io.netty.channel.nio.NioEventLoop.run(NioEventLoop.java:562)
[2025-06-09T07:32:27.859+0000] {spark_submit.py:644} INFO - at io.netty.util.concurrent.SingleThreadEventExecutor$4.run(SingleThreadEventExecutor.java:998)
[2025-06-09T07:32:27.859+0000] {spark_submit.py:644} INFO - at io.netty.util.internal.ThreadExecutorMap$2.run(ThreadExecutorMap.java:74)
[2025-06-09T07:32:27.859+0000] {spark_submit.py:644} INFO - at io.netty.util.concurrent.FastThreadLocalRunnable.run(FastThreadLocalRunnable.java:30)
[2025-06-09T07:32:27.859+0000] {spark_submit.py:644} INFO - ... 1 more
[2025-06-09T07:32:47.833+0000] {spark_submit.py:644} INFO - 25/06/09 07:32:47 INFO StandaloneAppClient$ClientEndpoint: Connecting to master spark://spark-master:7077...
[2025-06-09T07:32:47.840+0000] {spark_submit.py:644} INFO - 25/06/09 07:32:47 WARN StandaloneAppClient$ClientEndpoint: Failed to connect to master spark-master:7077
[2025-06-09T07:32:47.840+0000] {spark_submit.py:644} INFO - org.apache.spark.SparkException: Exception thrown in awaitResult:
[2025-06-09T07:32:47.841+0000] {spark_submit.py:644} INFO - at org.apache.spark.util.SparkThreadUtils$.awaitResult(SparkThreadUtils.scala:53)
[2025-06-09T07:32:47.841+0000] {spark_submit.py:644} INFO - at org.apache.spark.util.ThreadUtils$.awaitResult(ThreadUtils.scala:342)
[2025-06-09T07:32:47.842+0000] {spark_submit.py:644} INFO - at org.apache.spark.rpc.RpcTimeout.awaitResult(RpcTimeout.scala:75)
[2025-06-09T07:32:47.842+0000] {spark_submit.py:644} INFO - at org.apache.spark.rpc.RpcEnv.setupEndpointRefByURI(RpcEnv.scala:102)
[2025-06-09T07:32:47.842+0000] {spark_submit.py:644} INFO - at org.apache.spark.rpc.RpcEnv.setupEndpointRef(RpcEnv.scala:110)
[2025-06-09T07:32:47.843+0000] {spark_submit.py:644} INFO - at org.apache.spark.deploy.client.StandaloneAppClient$ClientEndpoint$$anon$1.run(StandaloneAppClient.scala:110)
[2025-06-09T07:32:47.843+0000] {spark_submit.py:644} INFO - at java.base/java.util.concurrent.Executors$RunnableAdapter.call(Executors.java:539)
[2025-06-09T07:32:47.843+0000] {spark_submit.py:644} INFO - at java.base/java.util.concurrent.FutureTask.run(FutureTask.java:264)
[2025-06-09T07:32:47.844+0000] {spark_submit.py:644} INFO - at java.base/java.util.concurrent.ThreadPoolExecutor.runWorker(ThreadPoolExecutor.java:1136)
[2025-06-09T07:32:47.844+0000] {spark_submit.py:644} INFO - at java.base/java.util.concurrent.ThreadPoolExecutor$Worker.run(ThreadPoolExecutor.java:635)
[2025-06-09T07:32:47.844+0000] {spark_submit.py:644} INFO - at java.base/java.lang.Thread.run(Thread.java:840)
[2025-06-09T07:32:47.844+0000] {spark_submit.py:644} INFO - Caused by: java.lang.RuntimeException: java.io.InvalidClassException: org.apache.spark.rpc.netty.RpcEndpointVerifier$CheckExistence; local class incompatible: stream classdesc serialVersionUID = 5378738997755484868, local class serialVersionUID = 7789290765573734431
[2025-06-09T07:32:47.845+0000] {spark_submit.py:644} INFO - at java.base/java.io.ObjectStreamClass.initNonProxy(ObjectStreamClass.java:597)
[2025-06-09T07:32:47.845+0000] {spark_submit.py:644} INFO - at java.base/java.io.ObjectInputStream.readNonProxyDesc(ObjectInputStream.java:2051)
[2025-06-09T07:32:47.845+0000] {spark_submit.py:644} INFO - at java.base/java.io.ObjectInputStream.readClassDesc(ObjectInputStream.java:1898)
[2025-06-09T07:32:47.845+0000] {spark_submit.py:644} INFO - at java.base/java.io.ObjectInputStream.readOrdinaryObject(ObjectInputStream.java:2224)
[2025-06-09T07:32:47.846+0000] {spark_submit.py:644} INFO - at java.base/java.io.ObjectInputStream.readObject0(ObjectInputStream.java:1733)
[2025-06-09T07:32:47.846+0000] {spark_submit.py:644} INFO - at java.base/java.io.ObjectInputStream.readObject(ObjectInputStream.java:509)
[2025-06-09T07:32:47.846+0000] {spark_submit.py:644} INFO - at java.base/java.io.ObjectInputStream.readObject(ObjectInputStream.java:467)
[2025-06-09T07:32:47.846+0000] {spark_submit.py:644} INFO - at org.apache.spark.serializer.JavaDeserializationStream.readObject(JavaSerializer.scala:87)
[2025-06-09T07:32:47.847+0000] {spark_submit.py:644} INFO - at org.apache.spark.serializer.JavaSerializerInstance.deserialize(JavaSerializer.scala:123)
[2025-06-09T07:32:47.847+0000] {spark_submit.py:644} INFO - at org.apache.spark.rpc.netty.NettyRpcEnv.$anonfun$deserialize$2(NettyRpcEnv.scala:299)
[2025-06-09T07:32:47.847+0000] {spark_submit.py:644} INFO - at scala.util.DynamicVariable.withValue(DynamicVariable.scala:62)
[2025-06-09T07:32:47.847+0000] {spark_submit.py:644} INFO - at org.apache.spark.rpc.netty.NettyRpcEnv.deserialize(NettyRpcEnv.scala:352)
[2025-06-09T07:32:47.848+0000] {spark_submit.py:644} INFO - at org.apache.spark.rpc.netty.NettyRpcEnv.$anonfun$deserialize$1(NettyRpcEnv.scala:298)
[2025-06-09T07:32:47.848+0000] {spark_submit.py:644} INFO - at scala.util.DynamicVariable.withValue(DynamicVariable.scala:62)
[2025-06-09T07:32:47.848+0000] {spark_submit.py:644} INFO - at org.apache.spark.rpc.netty.NettyRpcEnv.deserialize(NettyRpcEnv.scala:298)
[2025-06-09T07:32:47.848+0000] {spark_submit.py:644} INFO - at org.apache.spark.rpc.netty.RequestMessage$.apply(NettyRpcEnv.scala:646)
[2025-06-09T07:32:47.849+0000] {spark_submit.py:644} INFO - at org.apache.spark.rpc.netty.NettyRpcHandler.internalReceive(NettyRpcEnv.scala:697)
[2025-06-09T07:32:47.849+0000] {spark_submit.py:644} INFO - at org.apache.spark.rpc.netty.NettyRpcHandler.receive(NettyRpcEnv.scala:682)
[2025-06-09T07:32:47.849+0000] {spark_submit.py:644} INFO - at org.apache.spark.network.server.TransportRequestHandler.processRpcRequest(TransportRequestHandler.java:163)
[2025-06-09T07:32:47.849+0000] {spark_submit.py:644} INFO - at org.apache.spark.network.server.TransportRequestHandler.handle(TransportRequestHandler.java:109)
[2025-06-09T07:32:47.850+0000] {spark_submit.py:644} INFO - at org.apache.spark.network.server.TransportChannelHandler.channelRead0(TransportChannelHandler.java:140)
[2025-06-09T07:32:47.850+0000] {spark_submit.py:644} INFO - at org.apache.spark.network.server.TransportChannelHandler.channelRead0(TransportChannelHandler.java:53)
[2025-06-09T07:32:47.850+0000] {spark_submit.py:644} INFO - at io.netty.channel.SimpleChannelInboundHandler.channelRead(SimpleChannelInboundHandler.java:99)
[2025-06-09T07:32:47.850+0000] {spark_submit.py:644} INFO - at io.netty.channel.AbstractChannelHandlerContext.invokeChannelRead(AbstractChannelHandlerContext.java:444)
[2025-06-09T07:32:47.851+0000] {spark_submit.py:644} INFO - at io.netty.channel.AbstractChannelHandlerContext.invokeChannelRead(AbstractChannelHandlerContext.java:420)
[2025-06-09T07:32:47.851+0000] {spark_submit.py:644} INFO - at io.netty.channel.AbstractChannelHandlerContext.fireChannelRead(AbstractChannelHandlerContext.java:412)
[2025-06-09T07:32:47.851+0000] {spark_submit.py:644} INFO - at io.netty.handler.timeout.IdleStateHandler.channelRead(IdleStateHandler.java:286)
[2025-06-09T07:32:47.851+0000] {spark_submit.py:644} INFO - at io.netty.channel.AbstractChannelHandlerContext.invokeChannelRead(AbstractChannelHandlerContext.java:442)
[2025-06-09T07:32:47.851+0000] {spark_submit.py:644} INFO - at io.netty.channel.AbstractChannelHandlerContext.invokeChannelRead(AbstractChannelHandlerContext.java:420)
[2025-06-09T07:32:47.852+0000] {spark_submit.py:644} INFO - at io.netty.channel.AbstractChannelHandlerContext.fireChannelRead(AbstractChannelHandlerContext.java:412)
[2025-06-09T07:32:47.852+0000] {spark_submit.py:644} INFO - at io.netty.handler.codec.MessageToMessageDecoder.channelRead(MessageToMessageDecoder.java:103)
[2025-06-09T07:32:47.852+0000] {spark_submit.py:644} INFO - at io.netty.channel.AbstractChannelHandlerContext.invokeChannelRead(AbstractChannelHandlerContext.java:444)
[2025-06-09T07:32:47.852+0000] {spark_submit.py:644} INFO - at io.netty.channel.AbstractChannelHandlerContext.invokeChannelRead(AbstractChannelHandlerContext.java:420)
[2025-06-09T07:32:47.853+0000] {spark_submit.py:644} INFO - at io.netty.channel.AbstractChannelHandlerContext.fireChannelRead(AbstractChannelHandlerContext.java:412)
[2025-06-09T07:32:47.853+0000] {spark_submit.py:644} INFO - at org.apache.spark.network.util.TransportFrameDecoder.channelRead(TransportFrameDecoder.java:102)
[2025-06-09T07:32:47.853+0000] {spark_submit.py:644} INFO - at io.netty.channel.AbstractChannelHandlerContext.invokeChannelRead(AbstractChannelHandlerContext.java:444)
[2025-06-09T07:32:47.853+0000] {spark_submit.py:644} INFO - at io.netty.channel.AbstractChannelHandlerContext.invokeChannelRead(AbstractChannelHandlerContext.java:420)
[2025-06-09T07:32:47.853+0000] {spark_submit.py:644} INFO - at io.netty.channel.AbstractChannelHandlerContext.fireChannelRead(AbstractChannelHandlerContext.java:412)
[2025-06-09T07:32:47.854+0000] {spark_submit.py:644} INFO - at io.netty.channel.DefaultChannelPipeline$HeadContext.channelRead(DefaultChannelPipeline.java:1410)
[2025-06-09T07:32:47.854+0000] {spark_submit.py:644} INFO - at io.netty.channel.AbstractChannelHandlerContext.invokeChannelRead(AbstractChannelHandlerContext.java:440)
[2025-06-09T07:32:47.854+0000] {spark_submit.py:644} INFO - at io.netty.channel.AbstractChannelHandlerContext.invokeChannelRead(AbstractChannelHandlerContext.java:420)
[2025-06-09T07:32:47.854+0000] {spark_submit.py:644} INFO - at io.netty.channel.DefaultChannelPipeline.fireChannelRead(DefaultChannelPipeline.java:919)
[2025-06-09T07:32:47.854+0000] {spark_submit.py:644} INFO - at io.netty.channel.nio.AbstractNioByteChannel$NioByteUnsafe.read(AbstractNioByteChannel.java:166)
[2025-06-09T07:32:47.855+0000] {spark_submit.py:644} INFO - at io.netty.channel.nio.NioEventLoop.processSelectedKey(NioEventLoop.java:788)
[2025-06-09T07:32:47.855+0000] {spark_submit.py:644} INFO - at io.netty.channel.nio.NioEventLoop.processSelectedKeysOptimized(NioEventLoop.java:724)
[2025-06-09T07:32:47.855+0000] {spark_submit.py:644} INFO - at io.netty.channel.nio.NioEventLoop.processSelectedKeys(NioEventLoop.java:650)
[2025-06-09T07:32:47.855+0000] {spark_submit.py:644} INFO - at io.netty.channel.nio.NioEventLoop.run(NioEventLoop.java:562)
[2025-06-09T07:32:47.855+0000] {spark_submit.py:644} INFO - at io.netty.util.concurrent.SingleThreadEventExecutor$4.run(SingleThreadEventExecutor.java:997)
[2025-06-09T07:32:47.856+0000] {spark_submit.py:644} INFO - at io.netty.util.internal.ThreadExecutorMap$2.run(ThreadExecutorMap.java:74)
[2025-06-09T07:32:47.856+0000] {spark_submit.py:644} INFO - at io.netty.util.concurrent.FastThreadLocalRunnable.run(FastThreadLocalRunnable.java:30)
[2025-06-09T07:32:47.856+0000] {spark_submit.py:644} INFO - at java.base/java.lang.Thread.run(Thread.java:840)
[2025-06-09T07:32:47.856+0000] {spark_submit.py:644} INFO - 
[2025-06-09T07:32:47.857+0000] {spark_submit.py:644} INFO - at org.apache.spark.network.client.TransportResponseHandler.handle(TransportResponseHandler.java:217)
[2025-06-09T07:32:47.857+0000] {spark_submit.py:644} INFO - at org.apache.spark.network.server.TransportChannelHandler.channelRead0(TransportChannelHandler.java:145)
[2025-06-09T07:32:47.857+0000] {spark_submit.py:644} INFO - at org.apache.spark.network.server.TransportChannelHandler.channelRead0(TransportChannelHandler.java:55)
[2025-06-09T07:32:47.857+0000] {spark_submit.py:644} INFO - at io.netty.channel.SimpleChannelInboundHandler.channelRead(SimpleChannelInboundHandler.java:99)
[2025-06-09T07:32:47.857+0000] {spark_submit.py:644} INFO - at io.netty.channel.AbstractChannelHandlerContext.invokeChannelRead(AbstractChannelHandlerContext.java:444)
[2025-06-09T07:32:47.858+0000] {spark_submit.py:644} INFO - at io.netty.channel.AbstractChannelHandlerContext.invokeChannelRead(AbstractChannelHandlerContext.java:420)
[2025-06-09T07:32:47.858+0000] {spark_submit.py:644} INFO - at io.netty.channel.AbstractChannelHandlerContext.fireChannelRead(AbstractChannelHandlerContext.java:412)
[2025-06-09T07:32:47.858+0000] {spark_submit.py:644} INFO - at io.netty.handler.timeout.IdleStateHandler.channelRead(IdleStateHandler.java:289)
[2025-06-09T07:32:47.858+0000] {spark_submit.py:644} INFO - at io.netty.channel.AbstractChannelHandlerContext.invokeChannelRead(AbstractChannelHandlerContext.java:442)
[2025-06-09T07:32:47.858+0000] {spark_submit.py:644} INFO - at io.netty.channel.AbstractChannelHandlerContext.invokeChannelRead(AbstractChannelHandlerContext.java:420)
[2025-06-09T07:32:47.858+0000] {spark_submit.py:644} INFO - at io.netty.channel.AbstractChannelHandlerContext.fireChannelRead(AbstractChannelHandlerContext.java:412)
[2025-06-09T07:32:47.858+0000] {spark_submit.py:644} INFO - at io.netty.handler.codec.MessageToMessageDecoder.channelRead(MessageToMessageDecoder.java:107)
[2025-06-09T07:32:47.859+0000] {spark_submit.py:644} INFO - at io.netty.channel.AbstractChannelHandlerContext.invokeChannelRead(AbstractChannelHandlerContext.java:444)
[2025-06-09T07:32:47.859+0000] {spark_submit.py:644} INFO - at io.netty.channel.AbstractChannelHandlerContext.invokeChannelRead(AbstractChannelHandlerContext.java:420)
[2025-06-09T07:32:47.859+0000] {spark_submit.py:644} INFO - at io.netty.channel.AbstractChannelHandlerContext.fireChannelRead(AbstractChannelHandlerContext.java:412)
[2025-06-09T07:32:47.859+0000] {spark_submit.py:644} INFO - at org.apache.spark.network.util.TransportFrameDecoder.channelRead(TransportFrameDecoder.java:102)
[2025-06-09T07:32:47.859+0000] {spark_submit.py:644} INFO - at io.netty.channel.AbstractChannelHandlerContext.invokeChannelRead(AbstractChannelHandlerContext.java:444)
[2025-06-09T07:32:47.859+0000] {spark_submit.py:644} INFO - at io.netty.channel.AbstractChannelHandlerContext.invokeChannelRead(AbstractChannelHandlerContext.java:420)
[2025-06-09T07:32:47.859+0000] {spark_submit.py:644} INFO - at io.netty.channel.AbstractChannelHandlerContext.fireChannelRead(AbstractChannelHandlerContext.java:412)
[2025-06-09T07:32:47.859+0000] {spark_submit.py:644} INFO - at io.netty.channel.DefaultChannelPipeline$HeadContext.channelRead(DefaultChannelPipeline.java:1357)
[2025-06-09T07:32:47.860+0000] {spark_submit.py:644} INFO - at io.netty.channel.AbstractChannelHandlerContext.invokeChannelRead(AbstractChannelHandlerContext.java:440)
[2025-06-09T07:32:47.860+0000] {spark_submit.py:644} INFO - at io.netty.channel.AbstractChannelHandlerContext.invokeChannelRead(AbstractChannelHandlerContext.java:420)
[2025-06-09T07:32:47.860+0000] {spark_submit.py:644} INFO - at io.netty.channel.DefaultChannelPipeline.fireChannelRead(DefaultChannelPipeline.java:868)
[2025-06-09T07:32:47.860+0000] {spark_submit.py:644} INFO - at io.netty.channel.nio.AbstractNioByteChannel$NioByteUnsafe.read(AbstractNioByteChannel.java:166)
[2025-06-09T07:32:47.860+0000] {spark_submit.py:644} INFO - at io.netty.channel.nio.NioEventLoop.processSelectedKey(NioEventLoop.java:796)
[2025-06-09T07:32:47.860+0000] {spark_submit.py:644} INFO - at io.netty.channel.nio.NioEventLoop.processSelectedKeysOptimized(NioEventLoop.java:732)
[2025-06-09T07:32:47.860+0000] {spark_submit.py:644} INFO - at io.netty.channel.nio.NioEventLoop.processSelectedKeys(NioEventLoop.java:658)
[2025-06-09T07:32:47.861+0000] {spark_submit.py:644} INFO - at io.netty.channel.nio.NioEventLoop.run(NioEventLoop.java:562)
[2025-06-09T07:32:47.861+0000] {spark_submit.py:644} INFO - at io.netty.util.concurrent.SingleThreadEventExecutor$4.run(SingleThreadEventExecutor.java:998)
[2025-06-09T07:32:47.861+0000] {spark_submit.py:644} INFO - at io.netty.util.internal.ThreadExecutorMap$2.run(ThreadExecutorMap.java:74)
[2025-06-09T07:32:47.861+0000] {spark_submit.py:644} INFO - at io.netty.util.concurrent.FastThreadLocalRunnable.run(FastThreadLocalRunnable.java:30)
[2025-06-09T07:32:47.861+0000] {spark_submit.py:644} INFO - ... 1 more
[2025-06-09T07:33:07.834+0000] {spark_submit.py:644} INFO - 25/06/09 07:33:07 WARN StandaloneSchedulerBackend: Application ID is not initialized yet.
[2025-06-09T07:33:07.835+0000] {spark_submit.py:644} INFO - 25/06/09 07:33:07 ERROR StandaloneSchedulerBackend: Application has been killed. Reason: All masters are unresponsive! Giving up.
[2025-06-09T07:33:07.839+0000] {spark_submit.py:644} INFO - 25/06/09 07:33:07 INFO Utils: Successfully started service 'org.apache.spark.network.netty.NettyBlockTransferService' on port 40409.
[2025-06-09T07:33:07.839+0000] {spark_submit.py:644} INFO - 25/06/09 07:33:07 INFO NettyBlockTransferService: Server created on 2a29413e4eed:40409
[2025-06-09T07:33:07.840+0000] {spark_submit.py:644} INFO - 25/06/09 07:33:07 INFO BlockManager: Using org.apache.spark.storage.RandomBlockReplicationPolicy for block replication policy
[2025-06-09T07:33:07.846+0000] {spark_submit.py:644} INFO - 25/06/09 07:33:07 INFO BlockManagerMaster: Registering BlockManager BlockManagerId(driver, 2a29413e4eed, 40409, None)
[2025-06-09T07:33:07.849+0000] {spark_submit.py:644} INFO - 25/06/09 07:33:07 INFO BlockManagerMasterEndpoint: Registering block manager 2a29413e4eed:40409 with 434.4 MiB RAM, BlockManagerId(driver, 2a29413e4eed, 40409, None)
[2025-06-09T07:33:07.851+0000] {spark_submit.py:644} INFO - 25/06/09 07:33:07 INFO BlockManagerMaster: Registered BlockManager BlockManagerId(driver, 2a29413e4eed, 40409, None)
[2025-06-09T07:33:07.851+0000] {spark_submit.py:644} INFO - 25/06/09 07:33:07 INFO BlockManager: Initialized BlockManager: BlockManagerId(driver, 2a29413e4eed, 40409, None)
[2025-06-09T07:33:07.914+0000] {spark_submit.py:644} INFO - 25/06/09 07:33:07 INFO StandaloneSchedulerBackend: SchedulerBackend is ready for scheduling beginning after reached minRegisteredResourcesRatio: 0.0
[2025-06-09T07:33:08.023+0000] {spark_submit.py:644} INFO - 25/06/09 07:33:08 WARN SparkSession: Cannot use io.delta.sql.DeltaSparkSessionExtension to configure session extensions.
[2025-06-09T07:33:08.023+0000] {spark_submit.py:644} INFO - java.lang.ClassNotFoundException: io.delta.sql.DeltaSparkSessionExtension
[2025-06-09T07:33:08.024+0000] {spark_submit.py:644} INFO - at java.base/java.net.URLClassLoader.findClass(URLClassLoader.java:445)
[2025-06-09T07:33:08.024+0000] {spark_submit.py:644} INFO - at java.base/java.lang.ClassLoader.loadClass(ClassLoader.java:592)
[2025-06-09T07:33:08.024+0000] {spark_submit.py:644} INFO - at java.base/java.lang.ClassLoader.loadClass(ClassLoader.java:525)
[2025-06-09T07:33:08.024+0000] {spark_submit.py:644} INFO - at java.base/java.lang.Class.forName0(Native Method)
[2025-06-09T07:33:08.024+0000] {spark_submit.py:644} INFO - at java.base/java.lang.Class.forName(Class.java:467)
[2025-06-09T07:33:08.025+0000] {spark_submit.py:644} INFO - at org.apache.spark.util.SparkClassUtils.classForName(SparkClassUtils.scala:41)
[2025-06-09T07:33:08.025+0000] {spark_submit.py:644} INFO - at org.apache.spark.util.SparkClassUtils.classForName$(SparkClassUtils.scala:36)
[2025-06-09T07:33:08.025+0000] {spark_submit.py:644} INFO - at org.apache.spark.util.Utils$.classForName(Utils.scala:99)
[2025-06-09T07:33:08.025+0000] {spark_submit.py:644} INFO - at org.apache.spark.sql.classic.SparkSession$.$anonfun$applyExtensions$2(SparkSession.scala:1056)
[2025-06-09T07:33:08.025+0000] {spark_submit.py:644} INFO - at org.apache.spark.sql.classic.SparkSession$.$anonfun$applyExtensions$2$adapted(SparkSession.scala:1054)
[2025-06-09T07:33:08.025+0000] {spark_submit.py:644} INFO - at scala.collection.IterableOnceOps.foreach(IterableOnce.scala:619)
[2025-06-09T07:33:08.026+0000] {spark_submit.py:644} INFO - at scala.collection.IterableOnceOps.foreach$(IterableOnce.scala:617)
[2025-06-09T07:33:08.026+0000] {spark_submit.py:644} INFO - at scala.collection.AbstractIterable.foreach(Iterable.scala:935)
[2025-06-09T07:33:08.026+0000] {spark_submit.py:644} INFO - at org.apache.spark.sql.classic.SparkSession$.org$apache$spark$sql$classic$SparkSession$$applyExtensions(SparkSession.scala:1054)
[2025-06-09T07:33:08.026+0000] {spark_submit.py:644} INFO - at org.apache.spark.sql.classic.SparkSession$.applyAndLoadExtensions(SparkSession.scala:1038)
[2025-06-09T07:33:08.026+0000] {spark_submit.py:644} INFO - at org.apache.spark.sql.classic.SparkSession.<init>(SparkSession.scala:116)
[2025-06-09T07:33:08.026+0000] {spark_submit.py:644} INFO - at java.base/jdk.internal.reflect.NativeConstructorAccessorImpl.newInstance0(Native Method)
[2025-06-09T07:33:08.026+0000] {spark_submit.py:644} INFO - at java.base/jdk.internal.reflect.NativeConstructorAccessorImpl.newInstance(NativeConstructorAccessorImpl.java:77)
[2025-06-09T07:33:08.027+0000] {spark_submit.py:644} INFO - at java.base/jdk.internal.reflect.DelegatingConstructorAccessorImpl.newInstance(DelegatingConstructorAccessorImpl.java:45)
[2025-06-09T07:33:08.027+0000] {spark_submit.py:644} INFO - at java.base/java.lang.reflect.Constructor.newInstanceWithCaller(Constructor.java:500)
[2025-06-09T07:33:08.027+0000] {spark_submit.py:644} INFO - at java.base/java.lang.reflect.Constructor.newInstance(Constructor.java:481)
[2025-06-09T07:33:08.027+0000] {spark_submit.py:644} INFO - at py4j.reflection.MethodInvoker.invoke(MethodInvoker.java:247)
[2025-06-09T07:33:08.027+0000] {spark_submit.py:644} INFO - at py4j.reflection.ReflectionEngine.invoke(ReflectionEngine.java:374)
[2025-06-09T07:33:08.027+0000] {spark_submit.py:644} INFO - at py4j.Gateway.invoke(Gateway.java:238)
[2025-06-09T07:33:08.028+0000] {spark_submit.py:644} INFO - at py4j.commands.ConstructorCommand.invokeConstructor(ConstructorCommand.java:80)
[2025-06-09T07:33:08.028+0000] {spark_submit.py:644} INFO - at py4j.commands.ConstructorCommand.execute(ConstructorCommand.java:69)
[2025-06-09T07:33:08.028+0000] {spark_submit.py:644} INFO - at py4j.ClientServerConnection.waitForCommands(ClientServerConnection.java:184)
[2025-06-09T07:33:08.028+0000] {spark_submit.py:644} INFO - at py4j.ClientServerConnection.run(ClientServerConnection.java:108)
[2025-06-09T07:33:08.028+0000] {spark_submit.py:644} INFO - at java.base/java.lang.Thread.run(Thread.java:840)
[2025-06-09T07:33:08.032+0000] {spark_submit.py:644} INFO - 25/06/09 07:33:08 INFO SparkContext: SparkContext is stopping with exitCode 0 from run at <unknown>:0.
[2025-06-09T07:33:08.037+0000] {spark_submit.py:644} INFO - 25/06/09 07:33:08 INFO SparkUI: Stopped Spark web UI at http://2a29413e4eed:4040
[2025-06-09T07:33:08.039+0000] {spark_submit.py:644} INFO - 25/06/09 07:33:08 INFO StandaloneSchedulerBackend: Shutting down all executors
[2025-06-09T07:33:08.041+0000] {spark_submit.py:644} INFO - 25/06/09 07:33:08 INFO StandaloneSchedulerBackend$StandaloneDriverEndpoint: Asking each executor to shut down
[2025-06-09T07:33:08.044+0000] {spark_submit.py:644} INFO - 25/06/09 07:33:08 WARN StandaloneAppClient$ClientEndpoint: Drop UnregisterApplication(null) because has not yet connected to master
[2025-06-09T07:33:08.048+0000] {spark_submit.py:644} INFO - 25/06/09 07:33:08 INFO MapOutputTrackerMasterEndpoint: MapOutputTrackerMasterEndpoint stopped!
[2025-06-09T07:33:08.059+0000] {spark_submit.py:644} INFO - 25/06/09 07:33:08 INFO MemoryStore: MemoryStore started with capacity 434.4 MiB
[2025-06-09T07:33:08.060+0000] {spark_submit.py:644} INFO - 25/06/09 07:33:08 INFO MemoryStore: MemoryStore cleared
[2025-06-09T07:33:08.060+0000] {spark_submit.py:644} INFO - 25/06/09 07:33:08 INFO BlockManager: BlockManager stopped
[2025-06-09T07:33:08.066+0000] {spark_submit.py:644} INFO - 25/06/09 07:33:08 INFO BlockManagerMaster: BlockManagerMaster stopped
[2025-06-09T07:33:08.067+0000] {spark_submit.py:644} INFO - 25/06/09 07:33:08 INFO OutputCommitCoordinator$OutputCommitCoordinatorEndpoint: OutputCommitCoordinator stopped!
[2025-06-09T07:33:08.072+0000] {spark_submit.py:644} INFO - 25/06/09 07:33:08 INFO SparkContext: Successfully stopped SparkContext
[2025-06-09T07:33:08.842+0000] {spark_submit.py:644} INFO - Traceback (most recent call last):
[2025-06-09T07:33:08.842+0000] {spark_submit.py:644} INFO - File "/opt/***/dags/bronze_ingestion_sc_stats_etl.py", line 82, in <module>
[2025-06-09T07:33:08.843+0000] {spark_submit.py:644} INFO - main(args.output_path)
[2025-06-09T07:33:08.843+0000] {spark_submit.py:644} INFO - File "/opt/***/dags/bronze_ingestion_sc_stats_etl.py", line 11, in main
[2025-06-09T07:33:08.843+0000] {spark_submit.py:644} INFO - .getOrCreate())
[2025-06-09T07:33:08.843+0000] {spark_submit.py:644} INFO - ^^^^^^^^^^^^^
[2025-06-09T07:33:08.844+0000] {spark_submit.py:644} INFO - File "/home/***/.local/lib/python3.11/site-packages/pyspark/python/lib/pyspark.zip/pyspark/sql/session.py", line 559, in getOrCreate
[2025-06-09T07:33:08.848+0000] {spark_submit.py:644} INFO - File "/home/***/.local/lib/python3.11/site-packages/pyspark/python/lib/pyspark.zip/pyspark/sql/session.py", line 641, in __init__
[2025-06-09T07:33:08.850+0000] {spark_submit.py:644} INFO - File "/home/***/.local/lib/python3.11/site-packages/pyspark/python/lib/py4j-0.10.9.9-src.zip/py4j/java_gateway.py", line 1627, in __call__
[2025-06-09T07:33:08.853+0000] {spark_submit.py:644} INFO - File "/home/***/.local/lib/python3.11/site-packages/pyspark/python/lib/py4j-0.10.9.9-src.zip/py4j/protocol.py", line 327, in get_return_value
[2025-06-09T07:33:08.856+0000] {spark_submit.py:644} INFO - py4j.protocol.Py4JJavaError: An error occurred while calling None.org.apache.spark.sql.classic.SparkSession.
[2025-06-09T07:33:08.857+0000] {spark_submit.py:644} INFO - : java.lang.IllegalStateException: Cannot call methods on a stopped SparkContext.
[2025-06-09T07:33:08.857+0000] {spark_submit.py:644} INFO - This stopped SparkContext was created at:
[2025-06-09T07:33:08.857+0000] {spark_submit.py:644} INFO - 
[2025-06-09T07:33:08.858+0000] {spark_submit.py:644} INFO - org.apache.spark.api.java.JavaSparkContext.<init>(JavaSparkContext.scala:59)
[2025-06-09T07:33:08.858+0000] {spark_submit.py:644} INFO - java.base/jdk.internal.reflect.NativeConstructorAccessorImpl.newInstance0(Native Method)
[2025-06-09T07:33:08.858+0000] {spark_submit.py:644} INFO - java.base/jdk.internal.reflect.NativeConstructorAccessorImpl.newInstance(NativeConstructorAccessorImpl.java:77)
[2025-06-09T07:33:08.858+0000] {spark_submit.py:644} INFO - java.base/jdk.internal.reflect.DelegatingConstructorAccessorImpl.newInstance(DelegatingConstructorAccessorImpl.java:45)
[2025-06-09T07:33:08.858+0000] {spark_submit.py:644} INFO - java.base/java.lang.reflect.Constructor.newInstanceWithCaller(Constructor.java:500)
[2025-06-09T07:33:08.858+0000] {spark_submit.py:644} INFO - java.base/java.lang.reflect.Constructor.newInstance(Constructor.java:481)
[2025-06-09T07:33:08.858+0000] {spark_submit.py:644} INFO - py4j.reflection.MethodInvoker.invoke(MethodInvoker.java:247)
[2025-06-09T07:33:08.859+0000] {spark_submit.py:644} INFO - py4j.reflection.ReflectionEngine.invoke(ReflectionEngine.java:374)
[2025-06-09T07:33:08.860+0000] {spark_submit.py:644} INFO - py4j.Gateway.invoke(Gateway.java:238)
[2025-06-09T07:33:08.861+0000] {spark_submit.py:644} INFO - py4j.commands.ConstructorCommand.invokeConstructor(ConstructorCommand.java:80)
[2025-06-09T07:33:08.861+0000] {spark_submit.py:644} INFO - py4j.commands.ConstructorCommand.execute(ConstructorCommand.java:69)
[2025-06-09T07:33:08.861+0000] {spark_submit.py:644} INFO - py4j.ClientServerConnection.waitForCommands(ClientServerConnection.java:184)
[2025-06-09T07:33:08.861+0000] {spark_submit.py:644} INFO - py4j.ClientServerConnection.run(ClientServerConnection.java:108)
[2025-06-09T07:33:08.861+0000] {spark_submit.py:644} INFO - java.base/java.lang.Thread.run(Thread.java:840)
[2025-06-09T07:33:08.862+0000] {spark_submit.py:644} INFO - 
[2025-06-09T07:33:08.862+0000] {spark_submit.py:644} INFO - And it was stopped at:
[2025-06-09T07:33:08.862+0000] {spark_submit.py:644} INFO - 
[2025-06-09T07:33:08.862+0000] {spark_submit.py:644} INFO - org.apache.spark.SparkContext$$anon$3.run(SparkContext.scala:2284)
[2025-06-09T07:33:08.864+0000] {spark_submit.py:644} INFO - 
[2025-06-09T07:33:08.865+0000] {spark_submit.py:644} INFO - The currently active SparkContext was created at:
[2025-06-09T07:33:08.865+0000] {spark_submit.py:644} INFO - 
[2025-06-09T07:33:08.865+0000] {spark_submit.py:644} INFO - (No active SparkContext.)
[2025-06-09T07:33:08.866+0000] {spark_submit.py:644} INFO - 
[2025-06-09T07:33:08.866+0000] {spark_submit.py:644} INFO - at org.apache.spark.SparkContext.assertNotStopped(SparkContext.scala:128)
[2025-06-09T07:33:08.866+0000] {spark_submit.py:644} INFO - at org.apache.spark.sql.classic.SparkSession.<init>(SparkSession.scala:124)
[2025-06-09T07:33:08.866+0000] {spark_submit.py:644} INFO - at org.apache.spark.sql.classic.SparkSession.<init>(SparkSession.scala:117)
[2025-06-09T07:33:08.866+0000] {spark_submit.py:644} INFO - at java.base/jdk.internal.reflect.NativeConstructorAccessorImpl.newInstance0(Native Method)
[2025-06-09T07:33:08.866+0000] {spark_submit.py:644} INFO - at java.base/jdk.internal.reflect.NativeConstructorAccessorImpl.newInstance(NativeConstructorAccessorImpl.java:77)
[2025-06-09T07:33:08.866+0000] {spark_submit.py:644} INFO - at java.base/jdk.internal.reflect.DelegatingConstructorAccessorImpl.newInstance(DelegatingConstructorAccessorImpl.java:45)
[2025-06-09T07:33:08.866+0000] {spark_submit.py:644} INFO - at java.base/java.lang.reflect.Constructor.newInstanceWithCaller(Constructor.java:500)
[2025-06-09T07:33:08.867+0000] {spark_submit.py:644} INFO - at java.base/java.lang.reflect.Constructor.newInstance(Constructor.java:481)
[2025-06-09T07:33:08.867+0000] {spark_submit.py:644} INFO - at py4j.reflection.MethodInvoker.invoke(MethodInvoker.java:247)
[2025-06-09T07:33:08.867+0000] {spark_submit.py:644} INFO - at py4j.reflection.ReflectionEngine.invoke(ReflectionEngine.java:374)
[2025-06-09T07:33:08.867+0000] {spark_submit.py:644} INFO - at py4j.Gateway.invoke(Gateway.java:238)
[2025-06-09T07:33:08.868+0000] {spark_submit.py:644} INFO - at py4j.commands.ConstructorCommand.invokeConstructor(ConstructorCommand.java:80)
[2025-06-09T07:33:08.871+0000] {spark_submit.py:644} INFO - at py4j.commands.ConstructorCommand.execute(ConstructorCommand.java:69)
[2025-06-09T07:33:08.873+0000] {spark_submit.py:644} INFO - at py4j.ClientServerConnection.waitForCommands(ClientServerConnection.java:184)
[2025-06-09T07:33:08.874+0000] {spark_submit.py:644} INFO - at py4j.ClientServerConnection.run(ClientServerConnection.java:108)
[2025-06-09T07:33:08.875+0000] {spark_submit.py:644} INFO - at java.base/java.lang.Thread.run(Thread.java:840)
[2025-06-09T07:33:08.876+0000] {spark_submit.py:644} INFO - 
[2025-06-09T07:33:08.916+0000] {spark_submit.py:644} INFO - 25/06/09 07:33:08 INFO ShutdownHookManager: Shutdown hook called
[2025-06-09T07:33:08.916+0000] {spark_submit.py:644} INFO - 25/06/09 07:33:08 INFO ShutdownHookManager: Deleting directory /tmp/spark-15409ebf-37a4-4436-b4c3-b2858ba71bed
[2025-06-09T07:33:08.918+0000] {spark_submit.py:644} INFO - 25/06/09 07:33:08 INFO ShutdownHookManager: Deleting directory /tmp/spark-0c39bafe-325b-4e09-b488-37adf9f894f6
[2025-06-09T07:33:08.920+0000] {spark_submit.py:644} INFO - 25/06/09 07:33:08 INFO ShutdownHookManager: Deleting directory /tmp/spark-0c39bafe-325b-4e09-b488-37adf9f894f6/pyspark-b0f9deef-e646-42a7-a284-0116bb3373ac
[2025-06-09T07:33:08.954+0000] {taskinstance.py:3311} ERROR - Task failed with exception
Traceback (most recent call last):
  File "/home/airflow/.local/lib/python3.11/site-packages/airflow/models/taskinstance.py", line 767, in _execute_task
    result = _execute_callable(context=context, **execute_callable_kwargs)
             ^^^^^^^^^^^^^^^^^^^^^^^^^^^^^^^^^^^^^^^^^^^^^^^^^^^^^^^^^^^^^
  File "/home/airflow/.local/lib/python3.11/site-packages/airflow/models/taskinstance.py", line 733, in _execute_callable
    return ExecutionCallableRunner(
           ^^^^^^^^^^^^^^^^^^^^^^^^
  File "/home/airflow/.local/lib/python3.11/site-packages/airflow/utils/operator_helpers.py", line 252, in run
    return self.func(*args, **kwargs)
           ^^^^^^^^^^^^^^^^^^^^^^^^^^
  File "/home/airflow/.local/lib/python3.11/site-packages/airflow/models/baseoperator.py", line 417, in wrapper
    return func(self, *args, **kwargs)
           ^^^^^^^^^^^^^^^^^^^^^^^^^^^
  File "/home/airflow/.local/lib/python3.11/site-packages/airflow/providers/apache/spark/operators/spark_submit.py", line 197, in execute
    self._hook.submit(self.application)
  File "/home/airflow/.local/lib/python3.11/site-packages/airflow/providers/apache/spark/hooks/spark_submit.py", line 566, in submit
    raise AirflowException(
airflow.exceptions.AirflowException: Cannot execute: spark-submit --master spark://spark-master:7077 --conf spark.sql.extensions=io.delta.sql.DeltaSparkSessionExtension --conf spark.sql.catalog.spark_catalog=org.apache.spark.sql.delta.catalog.DeltaCatalog --conf spark.hadoop.fs.s3a.endpoint=http://minio:9000 --conf spark.hadoop.fs.s3a.access.key=minioadmin --conf spark.hadoop.fs.s3a.secret.key=****** --conf spark.hadoop.fs.s3a.path.style.access=true --conf spark.hadoop.fs.s3a.impl=org.apache.hadoop.fs.s3a.S3AFileSystem --conf spark.hadoop.fs.s3a.aws.credentials.provider=org.apache.hadoop.fs.s3a.SimpleAWSCredentialsProvider --name arrow-spark --queue root.default --deploy-mode client dags/bronze_ingestion_sc_stats_etl.py --output_path s3a://mybucket/sc_stats_db/bronze/raw_data. Error code is: 1.
[2025-06-09T07:33:08.956+0000] {taskinstance.py:1225} INFO - Marking task as FAILED. dag_id=stephen_curry_stats_medallion_etl, task_id=bronze_ingestion, run_id=manual__2025-06-09T07:32:02.803987+00:00, execution_date=20250609T073202, start_date=20250609T073204, end_date=20250609T073308
[2025-06-09T07:33:08.963+0000] {taskinstance.py:340} INFO - ::group::Post task execution logs
[2025-06-09T07:33:08.964+0000] {standard_task_runner.py:124} ERROR - Failed to execute job 15 for task bronze_ingestion (Cannot execute: spark-submit --master spark://spark-master:7077 --conf spark.sql.extensions=io.delta.sql.DeltaSparkSessionExtension --conf spark.sql.catalog.spark_catalog=org.apache.spark.sql.delta.catalog.DeltaCatalog --conf spark.hadoop.fs.s3a.endpoint=http://minio:9000 --conf spark.hadoop.fs.s3a.access.key=minioadmin --conf spark.hadoop.fs.s3a.secret.key=****** --conf spark.hadoop.fs.s3a.path.style.access=true --conf spark.hadoop.fs.s3a.impl=org.apache.hadoop.fs.s3a.S3AFileSystem --conf spark.hadoop.fs.s3a.aws.credentials.provider=org.apache.hadoop.fs.s3a.SimpleAWSCredentialsProvider --name arrow-spark --queue root.default --deploy-mode client dags/bronze_ingestion_sc_stats_etl.py --output_path s3a://mybucket/sc_stats_db/bronze/raw_data. Error code is: 1.; 245)
Traceback (most recent call last):
  File "/home/airflow/.local/lib/python3.11/site-packages/airflow/task/task_runner/standard_task_runner.py", line 117, in _start_by_fork
    ret = args.func(args, dag=self.dag)
          ^^^^^^^^^^^^^^^^^^^^^^^^^^^^^
  File "/home/airflow/.local/lib/python3.11/site-packages/airflow/cli/cli_config.py", line 49, in command
    return func(*args, **kwargs)
           ^^^^^^^^^^^^^^^^^^^^^
  File "/home/airflow/.local/lib/python3.11/site-packages/airflow/utils/cli.py", line 116, in wrapper
    return f(*args, **kwargs)
           ^^^^^^^^^^^^^^^^^^
  File "/home/airflow/.local/lib/python3.11/site-packages/airflow/cli/commands/task_command.py", line 483, in task_run
    task_return_code = _run_task_by_selected_method(args, _dag, ti)
                       ^^^^^^^^^^^^^^^^^^^^^^^^^^^^^^^^^^^^^^^^^^^^
  File "/home/airflow/.local/lib/python3.11/site-packages/airflow/cli/commands/task_command.py", line 256, in _run_task_by_selected_method
    return _run_raw_task(args, ti)
           ^^^^^^^^^^^^^^^^^^^^^^^
  File "/home/airflow/.local/lib/python3.11/site-packages/airflow/cli/commands/task_command.py", line 341, in _run_raw_task
    return ti._run_raw_task(
           ^^^^^^^^^^^^^^^^^
  File "/home/airflow/.local/lib/python3.11/site-packages/airflow/utils/session.py", line 97, in wrapper
    return func(*args, session=session, **kwargs)
           ^^^^^^^^^^^^^^^^^^^^^^^^^^^^^^^^^^^^^^
  File "/home/airflow/.local/lib/python3.11/site-packages/airflow/models/taskinstance.py", line 3005, in _run_raw_task
    return _run_raw_task(
           ^^^^^^^^^^^^^^
  File "/home/airflow/.local/lib/python3.11/site-packages/airflow/models/taskinstance.py", line 273, in _run_raw_task
    TaskInstance._execute_task_with_callbacks(
  File "/home/airflow/.local/lib/python3.11/site-packages/airflow/models/taskinstance.py", line 3159, in _execute_task_with_callbacks
    result = self._execute_task(context, task_orig)
             ^^^^^^^^^^^^^^^^^^^^^^^^^^^^^^^^^^^^^^
  File "/home/airflow/.local/lib/python3.11/site-packages/airflow/models/taskinstance.py", line 3183, in _execute_task
    return _execute_task(self, context, task_orig)
           ^^^^^^^^^^^^^^^^^^^^^^^^^^^^^^^^^^^^^^^
  File "/home/airflow/.local/lib/python3.11/site-packages/airflow/models/taskinstance.py", line 767, in _execute_task
    result = _execute_callable(context=context, **execute_callable_kwargs)
             ^^^^^^^^^^^^^^^^^^^^^^^^^^^^^^^^^^^^^^^^^^^^^^^^^^^^^^^^^^^^^
  File "/home/airflow/.local/lib/python3.11/site-packages/airflow/models/taskinstance.py", line 733, in _execute_callable
    return ExecutionCallableRunner(
           ^^^^^^^^^^^^^^^^^^^^^^^^
  File "/home/airflow/.local/lib/python3.11/site-packages/airflow/utils/operator_helpers.py", line 252, in run
    return self.func(*args, **kwargs)
           ^^^^^^^^^^^^^^^^^^^^^^^^^^
  File "/home/airflow/.local/lib/python3.11/site-packages/airflow/models/baseoperator.py", line 417, in wrapper
    return func(self, *args, **kwargs)
           ^^^^^^^^^^^^^^^^^^^^^^^^^^^
  File "/home/airflow/.local/lib/python3.11/site-packages/airflow/providers/apache/spark/operators/spark_submit.py", line 197, in execute
    self._hook.submit(self.application)
  File "/home/airflow/.local/lib/python3.11/site-packages/airflow/providers/apache/spark/hooks/spark_submit.py", line 566, in submit
    raise AirflowException(
airflow.exceptions.AirflowException: Cannot execute: spark-submit --master spark://spark-master:7077 --conf spark.sql.extensions=io.delta.sql.DeltaSparkSessionExtension --conf spark.sql.catalog.spark_catalog=org.apache.spark.sql.delta.catalog.DeltaCatalog --conf spark.hadoop.fs.s3a.endpoint=http://minio:9000 --conf spark.hadoop.fs.s3a.access.key=minioadmin --conf spark.hadoop.fs.s3a.secret.key=****** --conf spark.hadoop.fs.s3a.path.style.access=true --conf spark.hadoop.fs.s3a.impl=org.apache.hadoop.fs.s3a.S3AFileSystem --conf spark.hadoop.fs.s3a.aws.credentials.provider=org.apache.hadoop.fs.s3a.SimpleAWSCredentialsProvider --name arrow-spark --queue root.default --deploy-mode client dags/bronze_ingestion_sc_stats_etl.py --output_path s3a://mybucket/sc_stats_db/bronze/raw_data. Error code is: 1.
[2025-06-09T07:33:08.992+0000] {local_task_job_runner.py:266} INFO - Task exited with return code 1
[2025-06-09T07:33:09.003+0000] {taskinstance.py:3895} INFO - 0 downstream tasks scheduled from follow-on schedule check
[2025-06-09T07:33:09.005+0000] {local_task_job_runner.py:245} INFO - ::endgroup::
