[2025-05-31T05:30:05.430+0000] {local_task_job_runner.py:123} INFO - ::group::Pre task execution logs
[2025-05-31T05:30:05.446+0000] {taskinstance.py:2613} INFO - Dependencies all met for dep_context=non-requeueable deps ti=<TaskInstance: medallion_sales_etl.submit_medallion_sales_etl_job manual__2025-05-31T05:24:25.951980+00:00 [queued]>
[2025-05-31T05:30:05.452+0000] {taskinstance.py:2613} INFO - Dependencies all met for dep_context=requeueable deps ti=<TaskInstance: medallion_sales_etl.submit_medallion_sales_etl_job manual__2025-05-31T05:24:25.951980+00:00 [queued]>
[2025-05-31T05:30:05.452+0000] {taskinstance.py:2866} INFO - Starting attempt 2 of 2
[2025-05-31T05:30:05.460+0000] {taskinstance.py:2889} INFO - Executing <Task(SparkSubmitOperator): submit_medallion_sales_etl_job> on 2025-05-31 05:24:25.951980+00:00
[2025-05-31T05:30:05.463+0000] {standard_task_runner.py:72} INFO - Started process 1088 to run task
[2025-05-31T05:30:05.465+0000] {standard_task_runner.py:104} INFO - Running: ['***', 'tasks', 'run', 'medallion_sales_etl', 'submit_medallion_sales_etl_job', 'manual__2025-05-31T05:24:25.951980+00:00', '--job-id', '7', '--raw', '--subdir', 'DAGS_FOLDER/medallion_sales_etl_dag.py', '--cfg-path', '/tmp/tmpdit3eq14']
[2025-05-31T05:30:05.467+0000] {standard_task_runner.py:105} INFO - Job 7: Subtask submit_medallion_sales_etl_job
[2025-05-31T05:30:05.501+0000] {task_command.py:467} INFO - Running <TaskInstance: medallion_sales_etl.submit_medallion_sales_etl_job manual__2025-05-31T05:24:25.951980+00:00 [running]> on host eb9714469121
[2025-05-31T05:30:05.554+0000] {taskinstance.py:3132} INFO - Exporting env vars: AIRFLOW_CTX_DAG_OWNER='***' AIRFLOW_CTX_DAG_ID='medallion_sales_etl' AIRFLOW_CTX_TASK_ID='submit_medallion_sales_etl_job' AIRFLOW_CTX_EXECUTION_DATE='2025-05-31T05:24:25.951980+00:00' AIRFLOW_CTX_TRY_NUMBER='2' AIRFLOW_CTX_DAG_RUN_ID='manual__2025-05-31T05:24:25.951980+00:00'
[2025-05-31T05:30:05.554+0000] {taskinstance.py:731} INFO - ::endgroup::
[2025-05-31T05:30:05.576+0000] {base.py:84} INFO - Retrieving connection 'spark_default'
[2025-05-31T05:30:05.577+0000] {spark_submit.py:474} INFO - Spark-Submit cmd: spark-submit --master spark://spark-master:7077 --conf spark.executor.memory=2g --conf spark.hadoop.fs.s3a.endpoint=http://minio:9000 --conf spark.hadoop.fs.s3a.access.key=minioadmin --conf spark.hadoop.fs.s3a.secret.key=****** --conf spark.hadoop.fs.s3a.path.style.access=true --conf spark.hadoop.fs.s3a.impl=org.apache.hadoop.fs.s3a.S3AFileSystem --packages org.apache.hadoop:hadoop-aws:3.3.4,com.amazonaws:aws-java-sdk-bundle:1.12.262 --name medallion_sales_etl_spark_job --verbose --queue root.default --deploy-mode client /opt/***/dags/medallion_etl.py
[2025-05-31T05:30:06.222+0000] {spark_submit.py:644} INFO - Using properties file: null
[2025-05-31T05:30:06.280+0000] {spark_submit.py:644} INFO - Parsed arguments:
[2025-05-31T05:30:06.280+0000] {spark_submit.py:644} INFO - master                  spark://spark-master:7077
[2025-05-31T05:30:06.280+0000] {spark_submit.py:644} INFO - remote                  null
[2025-05-31T05:30:06.280+0000] {spark_submit.py:644} INFO - deployMode              client
[2025-05-31T05:30:06.280+0000] {spark_submit.py:644} INFO - executorMemory          2g
[2025-05-31T05:30:06.280+0000] {spark_submit.py:644} INFO - executorCores           null
[2025-05-31T05:30:06.281+0000] {spark_submit.py:644} INFO - totalExecutorCores      null
[2025-05-31T05:30:06.281+0000] {spark_submit.py:644} INFO - propertiesFile          null
[2025-05-31T05:30:06.281+0000] {spark_submit.py:644} INFO - driverMemory            null
[2025-05-31T05:30:06.281+0000] {spark_submit.py:644} INFO - driverCores             null
[2025-05-31T05:30:06.281+0000] {spark_submit.py:644} INFO - driverExtraClassPath    null
[2025-05-31T05:30:06.281+0000] {spark_submit.py:644} INFO - driverExtraLibraryPath  null
[2025-05-31T05:30:06.281+0000] {spark_submit.py:644} INFO - driverExtraJavaOptions  null
[2025-05-31T05:30:06.281+0000] {spark_submit.py:644} INFO - supervise               false
[2025-05-31T05:30:06.281+0000] {spark_submit.py:644} INFO - queue                   root.default
[2025-05-31T05:30:06.281+0000] {spark_submit.py:644} INFO - numExecutors            null
[2025-05-31T05:30:06.282+0000] {spark_submit.py:644} INFO - files                   null
[2025-05-31T05:30:06.282+0000] {spark_submit.py:644} INFO - pyFiles                 null
[2025-05-31T05:30:06.282+0000] {spark_submit.py:644} INFO - archives                null
[2025-05-31T05:30:06.282+0000] {spark_submit.py:644} INFO - mainClass               null
[2025-05-31T05:30:06.282+0000] {spark_submit.py:644} INFO - primaryResource         file:/opt/***/dags/medallion_etl.py
[2025-05-31T05:30:06.283+0000] {spark_submit.py:644} INFO - name                    medallion_sales_etl_spark_job
[2025-05-31T05:30:06.283+0000] {spark_submit.py:644} INFO - childArgs               []
[2025-05-31T05:30:06.283+0000] {spark_submit.py:644} INFO - jars                    null
[2025-05-31T05:30:06.283+0000] {spark_submit.py:644} INFO - packages                org.apache.hadoop:hadoop-aws:3.3.4,com.amazonaws:aws-java-sdk-bundle:1.12.262
[2025-05-31T05:30:06.283+0000] {spark_submit.py:644} INFO - packagesExclusions      null
[2025-05-31T05:30:06.283+0000] {spark_submit.py:644} INFO - repositories            null
[2025-05-31T05:30:06.283+0000] {spark_submit.py:644} INFO - verbose                 true
[2025-05-31T05:30:06.283+0000] {spark_submit.py:644} INFO - 
[2025-05-31T05:30:06.284+0000] {spark_submit.py:644} INFO - Spark properties used, including those specified through
[2025-05-31T05:30:06.284+0000] {spark_submit.py:644} INFO - --conf and those from the properties file null:
[2025-05-31T05:30:06.284+0000] {spark_submit.py:644} INFO - (spark.executor.memory,2g)
[2025-05-31T05:30:06.284+0000] {spark_submit.py:644} INFO - (spark.hadoop.fs.s3a.access.key,*********(redacted))
[2025-05-31T05:30:06.284+0000] {spark_submit.py:644} INFO - (spark.hadoop.fs.s3a.endpoint,http://minio:9000)
[2025-05-31T05:30:06.284+0000] {spark_submit.py:644} INFO - (spark.hadoop.fs.s3a.impl,org.apache.hadoop.fs.s3a.S3AFileSystem)
[2025-05-31T05:30:06.285+0000] {spark_submit.py:644} INFO - (spark.hadoop.fs.s3a.path.style.access,true)
[2025-05-31T05:30:06.285+0000] {spark_submit.py:644} INFO - (spark.hadoop.fs.s3a.secret.key,*********(redacted))
[2025-05-31T05:30:06.285+0000] {spark_submit.py:644} INFO - 
[2025-05-31T05:30:06.285+0000] {spark_submit.py:644} INFO - 
[2025-05-31T05:30:06.347+0000] {spark_submit.py:644} INFO - :: loading settings :: url = jar:file:/home/***/.local/lib/python3.11/site-packages/pyspark/jars/ivy-2.5.1.jar!/org/apache/ivy/core/settings/ivysettings.xml
[2025-05-31T05:30:06.383+0000] {spark_submit.py:644} INFO - Ivy Default Cache set to: /home/***/.ivy2/cache
[2025-05-31T05:30:06.383+0000] {spark_submit.py:644} INFO - The jars for the packages stored in: /home/***/.ivy2/jars
[2025-05-31T05:30:06.386+0000] {spark_submit.py:644} INFO - org.apache.hadoop#hadoop-aws added as a dependency
[2025-05-31T05:30:06.386+0000] {spark_submit.py:644} INFO - com.amazonaws#aws-java-sdk-bundle added as a dependency
[2025-05-31T05:30:06.386+0000] {spark_submit.py:644} INFO - :: resolving dependencies :: org.apache.spark#spark-submit-parent-e6bf5f1c-595e-4857-ac6c-f4a2ab663c2d;1.0
[2025-05-31T05:30:06.386+0000] {spark_submit.py:644} INFO - confs: [default]
[2025-05-31T05:30:06.469+0000] {spark_submit.py:644} INFO - found org.apache.hadoop#hadoop-aws;3.3.4 in central
[2025-05-31T05:30:06.482+0000] {spark_submit.py:644} INFO - found com.amazonaws#aws-java-sdk-bundle;1.12.262 in central
[2025-05-31T05:30:06.494+0000] {spark_submit.py:644} INFO - found org.wildfly.openssl#wildfly-openssl;1.0.7.Final in central
[2025-05-31T05:30:06.503+0000] {spark_submit.py:644} INFO - :: resolution report :: resolve 113ms :: artifacts dl 4ms
[2025-05-31T05:30:06.503+0000] {spark_submit.py:644} INFO - :: modules in use:
[2025-05-31T05:30:06.503+0000] {spark_submit.py:644} INFO - com.amazonaws#aws-java-sdk-bundle;1.12.262 from central in [default]
[2025-05-31T05:30:06.504+0000] {spark_submit.py:644} INFO - org.apache.hadoop#hadoop-aws;3.3.4 from central in [default]
[2025-05-31T05:30:06.504+0000] {spark_submit.py:644} INFO - org.wildfly.openssl#wildfly-openssl;1.0.7.Final from central in [default]
[2025-05-31T05:30:06.504+0000] {spark_submit.py:644} INFO - ---------------------------------------------------------------------
[2025-05-31T05:30:06.504+0000] {spark_submit.py:644} INFO - |                  |            modules            ||   artifacts   |
[2025-05-31T05:30:06.504+0000] {spark_submit.py:644} INFO - |       conf       | number| search|dwnlded|evicted|| number|dwnlded|
[2025-05-31T05:30:06.504+0000] {spark_submit.py:644} INFO - ---------------------------------------------------------------------
[2025-05-31T05:30:06.504+0000] {spark_submit.py:644} INFO - |      default     |   3   |   0   |   0   |   0   ||   3   |   0   |
[2025-05-31T05:30:06.505+0000] {spark_submit.py:644} INFO - ---------------------------------------------------------------------
[2025-05-31T05:30:06.505+0000] {spark_submit.py:644} INFO - :: retrieving :: org.apache.spark#spark-submit-parent-e6bf5f1c-595e-4857-ac6c-f4a2ab663c2d
[2025-05-31T05:30:06.505+0000] {spark_submit.py:644} INFO - confs: [default]
[2025-05-31T05:30:06.508+0000] {spark_submit.py:644} INFO - 0 artifacts copied, 3 already retrieved (0kB/3ms)
[2025-05-31T05:30:06.603+0000] {spark_submit.py:644} INFO - 25/05/31 05:30:06 WARN NativeCodeLoader: Unable to load native-hadoop library for your platform... using builtin-java classes where applicable
[2025-05-31T05:30:06.695+0000] {spark_submit.py:644} INFO - Main class:
[2025-05-31T05:30:06.696+0000] {spark_submit.py:644} INFO - org.apache.spark.deploy.PythonRunner
[2025-05-31T05:30:06.696+0000] {spark_submit.py:644} INFO - Arguments:
[2025-05-31T05:30:06.696+0000] {spark_submit.py:644} INFO - file:/opt/***/dags/medallion_etl.py
[2025-05-31T05:30:06.696+0000] {spark_submit.py:644} INFO - file:///home/***/.ivy2/jars/org.apache.hadoop_hadoop-aws-3.3.4.jar,file:///home/***/.ivy2/jars/com.amazonaws_aws-java-sdk-bundle-1.12.262.jar,file:///home/***/.ivy2/jars/org.wildfly.openssl_wildfly-openssl-1.0.7.Final.jar
[2025-05-31T05:30:06.697+0000] {spark_submit.py:644} INFO - Spark config:
[2025-05-31T05:30:06.698+0000] {spark_submit.py:644} INFO - (spark.app.name,medallion_sales_etl_spark_job)
[2025-05-31T05:30:06.698+0000] {spark_submit.py:644} INFO - (spark.app.submitTime,1748669406686)
[2025-05-31T05:30:06.698+0000] {spark_submit.py:644} INFO - (spark.executor.memory,2g)
[2025-05-31T05:30:06.698+0000] {spark_submit.py:644} INFO - (spark.files,file:///home/***/.ivy2/jars/org.apache.hadoop_hadoop-aws-3.3.4.jar,file:///home/***/.ivy2/jars/com.amazonaws_aws-java-sdk-bundle-1.12.262.jar,file:///home/***/.ivy2/jars/org.wildfly.openssl_wildfly-openssl-1.0.7.Final.jar)
[2025-05-31T05:30:06.698+0000] {spark_submit.py:644} INFO - (spark.hadoop.fs.s3a.access.key,*********(redacted))
[2025-05-31T05:30:06.698+0000] {spark_submit.py:644} INFO - (spark.hadoop.fs.s3a.endpoint,http://minio:9000)
[2025-05-31T05:30:06.698+0000] {spark_submit.py:644} INFO - (spark.hadoop.fs.s3a.impl,org.apache.hadoop.fs.s3a.S3AFileSystem)
[2025-05-31T05:30:06.699+0000] {spark_submit.py:644} INFO - (spark.hadoop.fs.s3a.path.style.access,true)
[2025-05-31T05:30:06.699+0000] {spark_submit.py:644} INFO - (spark.hadoop.fs.s3a.secret.key,*********(redacted))
[2025-05-31T05:30:06.699+0000] {spark_submit.py:644} INFO - (spark.jars,file:///home/***/.ivy2/jars/org.apache.hadoop_hadoop-aws-3.3.4.jar,file:///home/***/.ivy2/jars/com.amazonaws_aws-java-sdk-bundle-1.12.262.jar,file:///home/***/.ivy2/jars/org.wildfly.openssl_wildfly-openssl-1.0.7.Final.jar)
[2025-05-31T05:30:06.699+0000] {spark_submit.py:644} INFO - (spark.master,spark://spark-master:7077)
[2025-05-31T05:30:06.700+0000] {spark_submit.py:644} INFO - (spark.repl.local.jars,file:///home/***/.ivy2/jars/org.apache.hadoop_hadoop-aws-3.3.4.jar,file:///home/***/.ivy2/jars/com.amazonaws_aws-java-sdk-bundle-1.12.262.jar,file:///home/***/.ivy2/jars/org.wildfly.openssl_wildfly-openssl-1.0.7.Final.jar)
[2025-05-31T05:30:06.700+0000] {spark_submit.py:644} INFO - (spark.submit.deployMode,client)
[2025-05-31T05:30:06.700+0000] {spark_submit.py:644} INFO - (spark.submit.pyFiles,/home/***/.ivy2/jars/org.apache.hadoop_hadoop-aws-3.3.4.jar,/home/***/.ivy2/jars/com.amazonaws_aws-java-sdk-bundle-1.12.262.jar,/home/***/.ivy2/jars/org.wildfly.openssl_wildfly-openssl-1.0.7.Final.jar)
[2025-05-31T05:30:06.700+0000] {spark_submit.py:644} INFO - Classpath elements:
[2025-05-31T05:30:06.700+0000] {spark_submit.py:644} INFO - file:///home/***/.ivy2/jars/org.apache.hadoop_hadoop-aws-3.3.4.jar
[2025-05-31T05:30:06.700+0000] {spark_submit.py:644} INFO - file:///home/***/.ivy2/jars/com.amazonaws_aws-java-sdk-bundle-1.12.262.jar
[2025-05-31T05:30:06.701+0000] {spark_submit.py:644} INFO - file:///home/***/.ivy2/jars/org.wildfly.openssl_wildfly-openssl-1.0.7.Final.jar
[2025-05-31T05:30:06.701+0000] {spark_submit.py:644} INFO - 
[2025-05-31T05:30:06.701+0000] {spark_submit.py:644} INFO - 
[2025-05-31T05:30:07.355+0000] {spark_submit.py:644} INFO - 25/05/31 05:30:07 INFO SparkContext: Running Spark version 3.5.2
[2025-05-31T05:30:07.356+0000] {spark_submit.py:644} INFO - 25/05/31 05:30:07 INFO SparkContext: OS info Linux, 6.10.14-linuxkit, aarch64
[2025-05-31T05:30:07.356+0000] {spark_submit.py:644} INFO - 25/05/31 05:30:07 INFO SparkContext: Java version 17.0.15
[2025-05-31T05:30:07.366+0000] {spark_submit.py:644} INFO - 25/05/31 05:30:07 INFO ResourceUtils: ==============================================================
[2025-05-31T05:30:07.366+0000] {spark_submit.py:644} INFO - 25/05/31 05:30:07 INFO ResourceUtils: No custom resources configured for spark.driver.
[2025-05-31T05:30:07.367+0000] {spark_submit.py:644} INFO - 25/05/31 05:30:07 INFO ResourceUtils: ==============================================================
[2025-05-31T05:30:07.367+0000] {spark_submit.py:644} INFO - 25/05/31 05:30:07 INFO SparkContext: Submitted application: SampleDataToMinIO
[2025-05-31T05:30:07.379+0000] {spark_submit.py:644} INFO - 25/05/31 05:30:07 INFO ResourceProfile: Default ResourceProfile created, executor resources: Map(memory -> name: memory, amount: 2048, script: , vendor: , offHeap -> name: offHeap, amount: 0, script: , vendor: ), task resources: Map(cpus -> name: cpus, amount: 1.0)
[2025-05-31T05:30:07.385+0000] {spark_submit.py:644} INFO - 25/05/31 05:30:07 INFO ResourceProfile: Limiting resource is cpu
[2025-05-31T05:30:07.385+0000] {spark_submit.py:644} INFO - 25/05/31 05:30:07 INFO ResourceProfileManager: Added ResourceProfile id: 0
[2025-05-31T05:30:07.416+0000] {spark_submit.py:644} INFO - 25/05/31 05:30:07 INFO SecurityManager: Changing view acls to: ***
[2025-05-31T05:30:07.417+0000] {spark_submit.py:644} INFO - 25/05/31 05:30:07 INFO SecurityManager: Changing modify acls to: ***
[2025-05-31T05:30:07.417+0000] {spark_submit.py:644} INFO - 25/05/31 05:30:07 INFO SecurityManager: Changing view acls groups to:
[2025-05-31T05:30:07.418+0000] {spark_submit.py:644} INFO - 25/05/31 05:30:07 INFO SecurityManager: Changing modify acls groups to:
[2025-05-31T05:30:07.418+0000] {spark_submit.py:644} INFO - 25/05/31 05:30:07 INFO SecurityManager: SecurityManager: authentication disabled; ui acls disabled; users with view permissions: ***; groups with view permissions: EMPTY; users with modify permissions: ***; groups with modify permissions: EMPTY
[2025-05-31T05:30:07.540+0000] {spark_submit.py:644} INFO - 25/05/31 05:30:07 INFO Utils: Successfully started service 'sparkDriver' on port 36219.
[2025-05-31T05:30:07.556+0000] {spark_submit.py:644} INFO - 25/05/31 05:30:07 INFO SparkEnv: Registering MapOutputTracker
[2025-05-31T05:30:07.577+0000] {spark_submit.py:644} INFO - 25/05/31 05:30:07 INFO SparkEnv: Registering BlockManagerMaster
[2025-05-31T05:30:07.588+0000] {spark_submit.py:644} INFO - 25/05/31 05:30:07 INFO BlockManagerMasterEndpoint: Using org.apache.spark.storage.DefaultTopologyMapper for getting topology information
[2025-05-31T05:30:07.589+0000] {spark_submit.py:644} INFO - 25/05/31 05:30:07 INFO BlockManagerMasterEndpoint: BlockManagerMasterEndpoint up
[2025-05-31T05:30:07.591+0000] {spark_submit.py:644} INFO - 25/05/31 05:30:07 INFO SparkEnv: Registering BlockManagerMasterHeartbeat
[2025-05-31T05:30:07.602+0000] {spark_submit.py:644} INFO - 25/05/31 05:30:07 INFO DiskBlockManager: Created local directory at /tmp/blockmgr-eede9258-e33e-4ade-a977-de287d2f69de
[2025-05-31T05:30:07.609+0000] {spark_submit.py:644} INFO - 25/05/31 05:30:07 INFO MemoryStore: MemoryStore started with capacity 434.4 MiB
[2025-05-31T05:30:07.616+0000] {spark_submit.py:644} INFO - 25/05/31 05:30:07 INFO SparkEnv: Registering OutputCommitCoordinator
[2025-05-31T05:30:07.680+0000] {spark_submit.py:644} INFO - 25/05/31 05:30:07 INFO JettyUtils: Start Jetty 0.0.0.0:4040 for SparkUI
[2025-05-31T05:30:07.713+0000] {spark_submit.py:644} INFO - 25/05/31 05:30:07 INFO Utils: Successfully started service 'SparkUI' on port 4040.
[2025-05-31T05:30:07.734+0000] {spark_submit.py:644} INFO - 25/05/31 05:30:07 INFO SparkContext: Added JAR file:///home/***/.ivy2/jars/org.apache.hadoop_hadoop-aws-3.3.4.jar at spark://eb9714469121:36219/jars/org.apache.hadoop_hadoop-aws-3.3.4.jar with timestamp 1748669407351
[2025-05-31T05:30:07.734+0000] {spark_submit.py:644} INFO - 25/05/31 05:30:07 INFO SparkContext: Added JAR file:///home/***/.ivy2/jars/com.amazonaws_aws-java-sdk-bundle-1.12.262.jar at spark://eb9714469121:36219/jars/com.amazonaws_aws-java-sdk-bundle-1.12.262.jar with timestamp 1748669407351
[2025-05-31T05:30:07.735+0000] {spark_submit.py:644} INFO - 25/05/31 05:30:07 INFO SparkContext: Added JAR file:///home/***/.ivy2/jars/org.wildfly.openssl_wildfly-openssl-1.0.7.Final.jar at spark://eb9714469121:36219/jars/org.wildfly.openssl_wildfly-openssl-1.0.7.Final.jar with timestamp 1748669407351
[2025-05-31T05:30:07.736+0000] {spark_submit.py:644} INFO - 25/05/31 05:30:07 INFO SparkContext: Added file file:///home/***/.ivy2/jars/org.apache.hadoop_hadoop-aws-3.3.4.jar at spark://eb9714469121:36219/files/org.apache.hadoop_hadoop-aws-3.3.4.jar with timestamp 1748669407351
[2025-05-31T05:30:07.737+0000] {spark_submit.py:644} INFO - 25/05/31 05:30:07 INFO Utils: Copying /home/***/.ivy2/jars/org.apache.hadoop_hadoop-aws-3.3.4.jar to /tmp/spark-6fb88a53-f29f-401b-b2a0-b526593b0980/userFiles-1e4b169b-daa7-4959-9cca-39ef84eeb38d/org.apache.hadoop_hadoop-aws-3.3.4.jar
[2025-05-31T05:30:07.744+0000] {spark_submit.py:644} INFO - 25/05/31 05:30:07 INFO SparkContext: Added file file:///home/***/.ivy2/jars/com.amazonaws_aws-java-sdk-bundle-1.12.262.jar at spark://eb9714469121:36219/files/com.amazonaws_aws-java-sdk-bundle-1.12.262.jar with timestamp 1748669407351
[2025-05-31T05:30:07.745+0000] {spark_submit.py:644} INFO - 25/05/31 05:30:07 INFO Utils: Copying /home/***/.ivy2/jars/com.amazonaws_aws-java-sdk-bundle-1.12.262.jar to /tmp/spark-6fb88a53-f29f-401b-b2a0-b526593b0980/userFiles-1e4b169b-daa7-4959-9cca-39ef84eeb38d/com.amazonaws_aws-java-sdk-bundle-1.12.262.jar
[2025-05-31T05:30:07.827+0000] {spark_submit.py:644} INFO - 25/05/31 05:30:07 INFO SparkContext: Added file file:///home/***/.ivy2/jars/org.wildfly.openssl_wildfly-openssl-1.0.7.Final.jar at spark://eb9714469121:36219/files/org.wildfly.openssl_wildfly-openssl-1.0.7.Final.jar with timestamp 1748669407351
[2025-05-31T05:30:07.827+0000] {spark_submit.py:644} INFO - 25/05/31 05:30:07 INFO Utils: Copying /home/***/.ivy2/jars/org.wildfly.openssl_wildfly-openssl-1.0.7.Final.jar to /tmp/spark-6fb88a53-f29f-401b-b2a0-b526593b0980/userFiles-1e4b169b-daa7-4959-9cca-39ef84eeb38d/org.wildfly.openssl_wildfly-openssl-1.0.7.Final.jar
[2025-05-31T05:30:07.869+0000] {spark_submit.py:644} INFO - 25/05/31 05:30:07 INFO StandaloneAppClient$ClientEndpoint: Connecting to master spark://spark-master:7077...
[2025-05-31T05:30:07.894+0000] {spark_submit.py:644} INFO - 25/05/31 05:30:07 INFO TransportClientFactory: Successfully created connection to spark-master/172.19.0.5:7077 after 16 ms (0 ms spent in bootstraps)
[2025-05-31T05:30:07.940+0000] {spark_submit.py:644} INFO - 25/05/31 05:30:07 INFO StandaloneSchedulerBackend: Connected to Spark cluster with app ID app-20250531053007-0004
[2025-05-31T05:30:07.941+0000] {spark_submit.py:644} INFO - 25/05/31 05:30:07 INFO StandaloneAppClient$ClientEndpoint: Executor added: app-20250531053007-0004/0 on worker-20250531051810-172.19.0.6-36989 (172.19.0.6:36989) with 4 core(s)
[2025-05-31T05:30:07.942+0000] {spark_submit.py:644} INFO - 25/05/31 05:30:07 INFO StandaloneSchedulerBackend: Granted executor ID app-20250531053007-0004/0 on hostPort 172.19.0.6:36989 with 4 core(s), 2.0 GiB RAM
[2025-05-31T05:30:07.945+0000] {spark_submit.py:644} INFO - 25/05/31 05:30:07 INFO Utils: Successfully started service 'org.apache.spark.network.netty.NettyBlockTransferService' on port 41759.
[2025-05-31T05:30:07.945+0000] {spark_submit.py:644} INFO - 25/05/31 05:30:07 INFO NettyBlockTransferService: Server created on eb9714469121:41759
[2025-05-31T05:30:07.946+0000] {spark_submit.py:644} INFO - 25/05/31 05:30:07 INFO BlockManager: Using org.apache.spark.storage.RandomBlockReplicationPolicy for block replication policy
[2025-05-31T05:30:07.949+0000] {spark_submit.py:644} INFO - 25/05/31 05:30:07 INFO BlockManagerMaster: Registering BlockManager BlockManagerId(driver, eb9714469121, 41759, None)
[2025-05-31T05:30:07.951+0000] {spark_submit.py:644} INFO - 25/05/31 05:30:07 INFO BlockManagerMasterEndpoint: Registering block manager eb9714469121:41759 with 434.4 MiB RAM, BlockManagerId(driver, eb9714469121, 41759, None)
[2025-05-31T05:30:07.953+0000] {spark_submit.py:644} INFO - 25/05/31 05:30:07 INFO BlockManagerMaster: Registered BlockManager BlockManagerId(driver, eb9714469121, 41759, None)
[2025-05-31T05:30:07.953+0000] {spark_submit.py:644} INFO - 25/05/31 05:30:07 INFO BlockManager: Initialized BlockManager: BlockManagerId(driver, eb9714469121, 41759, None)
[2025-05-31T05:30:07.975+0000] {spark_submit.py:644} INFO - 25/05/31 05:30:07 INFO StandaloneAppClient$ClientEndpoint: Executor updated: app-20250531053007-0004/0 is now FAILED (java.io.IOException: Failed to create directory /opt/bitnami/spark/work/app-20250531053007-0004/0)
[2025-05-31T05:30:07.978+0000] {spark_submit.py:644} INFO - 25/05/31 05:30:07 INFO StandaloneSchedulerBackend: Executor app-20250531053007-0004/0 removed: java.io.IOException: Failed to create directory /opt/bitnami/spark/work/app-20250531053007-0004/0
[2025-05-31T05:30:07.980+0000] {spark_submit.py:644} INFO - 25/05/31 05:30:07 INFO StandaloneAppClient$ClientEndpoint: Executor added: app-20250531053007-0004/1 on worker-20250531051810-172.19.0.6-36989 (172.19.0.6:36989) with 4 core(s)
[2025-05-31T05:30:07.980+0000] {spark_submit.py:644} INFO - 25/05/31 05:30:07 INFO StandaloneSchedulerBackend: Granted executor ID app-20250531053007-0004/1 on hostPort 172.19.0.6:36989 with 4 core(s), 2.0 GiB RAM
[2025-05-31T05:30:07.980+0000] {spark_submit.py:644} INFO - 25/05/31 05:30:07 INFO StandaloneAppClient$ClientEndpoint: Executor updated: app-20250531053007-0004/1 is now FAILED (java.io.IOException: Failed to create directory /opt/bitnami/spark/work/app-20250531053007-0004/1)
[2025-05-31T05:30:07.981+0000] {spark_submit.py:644} INFO - 25/05/31 05:30:07 INFO StandaloneSchedulerBackend: Executor app-20250531053007-0004/1 removed: java.io.IOException: Failed to create directory /opt/bitnami/spark/work/app-20250531053007-0004/1
[2025-05-31T05:30:07.983+0000] {spark_submit.py:644} INFO - 25/05/31 05:30:07 INFO StandaloneAppClient$ClientEndpoint: Executor added: app-20250531053007-0004/2 on worker-20250531051810-172.19.0.6-36989 (172.19.0.6:36989) with 4 core(s)
[2025-05-31T05:30:07.984+0000] {spark_submit.py:644} INFO - 25/05/31 05:30:07 INFO StandaloneSchedulerBackend: Granted executor ID app-20250531053007-0004/2 on hostPort 172.19.0.6:36989 with 4 core(s), 2.0 GiB RAM
[2025-05-31T05:30:07.987+0000] {spark_submit.py:644} INFO - 25/05/31 05:30:07 INFO StandaloneAppClient$ClientEndpoint: Executor updated: app-20250531053007-0004/2 is now FAILED (java.io.IOException: Failed to create directory /opt/bitnami/spark/work/app-20250531053007-0004/2)
[2025-05-31T05:30:07.988+0000] {spark_submit.py:644} INFO - 25/05/31 05:30:07 INFO StandaloneSchedulerBackend: Executor app-20250531053007-0004/2 removed: java.io.IOException: Failed to create directory /opt/bitnami/spark/work/app-20250531053007-0004/2
[2025-05-31T05:30:07.989+0000] {spark_submit.py:644} INFO - 25/05/31 05:30:07 INFO StandaloneAppClient$ClientEndpoint: Executor added: app-20250531053007-0004/3 on worker-20250531051810-172.19.0.6-36989 (172.19.0.6:36989) with 4 core(s)
[2025-05-31T05:30:07.990+0000] {spark_submit.py:644} INFO - 25/05/31 05:30:07 INFO StandaloneSchedulerBackend: Granted executor ID app-20250531053007-0004/3 on hostPort 172.19.0.6:36989 with 4 core(s), 2.0 GiB RAM
[2025-05-31T05:30:07.991+0000] {spark_submit.py:644} INFO - 25/05/31 05:30:07 INFO StandaloneAppClient$ClientEndpoint: Executor updated: app-20250531053007-0004/3 is now FAILED (java.io.IOException: Failed to create directory /opt/bitnami/spark/work/app-20250531053007-0004/3)
[2025-05-31T05:30:07.993+0000] {spark_submit.py:644} INFO - 25/05/31 05:30:07 INFO StandaloneSchedulerBackend: Executor app-20250531053007-0004/3 removed: java.io.IOException: Failed to create directory /opt/bitnami/spark/work/app-20250531053007-0004/3
[2025-05-31T05:30:07.993+0000] {spark_submit.py:644} INFO - 25/05/31 05:30:07 INFO BlockManagerMaster: Removal of executor 0 requested
[2025-05-31T05:30:07.994+0000] {spark_submit.py:644} INFO - 25/05/31 05:30:07 INFO StandaloneAppClient$ClientEndpoint: Executor added: app-20250531053007-0004/4 on worker-20250531051810-172.19.0.6-36989 (172.19.0.6:36989) with 4 core(s)
[2025-05-31T05:30:07.994+0000] {spark_submit.py:644} INFO - 25/05/31 05:30:07 INFO StandaloneSchedulerBackend: Granted executor ID app-20250531053007-0004/4 on hostPort 172.19.0.6:36989 with 4 core(s), 2.0 GiB RAM
[2025-05-31T05:30:07.994+0000] {spark_submit.py:644} INFO - 25/05/31 05:30:07 INFO StandaloneSchedulerBackend$StandaloneDriverEndpoint: Asked to remove non-existent executor 0
[2025-05-31T05:30:07.994+0000] {spark_submit.py:644} INFO - 25/05/31 05:30:07 INFO BlockManagerMaster: Removal of executor 1 requested
[2025-05-31T05:30:07.995+0000] {spark_submit.py:644} INFO - 25/05/31 05:30:07 INFO StandaloneSchedulerBackend$StandaloneDriverEndpoint: Asked to remove non-existent executor 1
[2025-05-31T05:30:07.995+0000] {spark_submit.py:644} INFO - 25/05/31 05:30:07 INFO BlockManagerMaster: Removal of executor 2 requested
[2025-05-31T05:30:07.995+0000] {spark_submit.py:644} INFO - 25/05/31 05:30:07 INFO StandaloneSchedulerBackend$StandaloneDriverEndpoint: Asked to remove non-existent executor 2
[2025-05-31T05:30:07.996+0000] {spark_submit.py:644} INFO - 25/05/31 05:30:07 INFO BlockManagerMaster: Removal of executor 3 requested
[2025-05-31T05:30:07.996+0000] {spark_submit.py:644} INFO - 25/05/31 05:30:07 INFO StandaloneSchedulerBackend$StandaloneDriverEndpoint: Asked to remove non-existent executor 3
[2025-05-31T05:30:07.996+0000] {spark_submit.py:644} INFO - 25/05/31 05:30:07 INFO StandaloneAppClient$ClientEndpoint: Executor updated: app-20250531053007-0004/4 is now FAILED (java.io.IOException: Failed to create directory /opt/bitnami/spark/work/app-20250531053007-0004/4)
[2025-05-31T05:30:07.996+0000] {spark_submit.py:644} INFO - 25/05/31 05:30:07 INFO StandaloneSchedulerBackend: Executor app-20250531053007-0004/4 removed: java.io.IOException: Failed to create directory /opt/bitnami/spark/work/app-20250531053007-0004/4
[2025-05-31T05:30:07.997+0000] {spark_submit.py:644} INFO - 25/05/31 05:30:07 INFO BlockManagerMaster: Removal of executor 4 requested
[2025-05-31T05:30:07.997+0000] {spark_submit.py:644} INFO - 25/05/31 05:30:07 INFO StandaloneSchedulerBackend$StandaloneDriverEndpoint: Asked to remove non-existent executor 4
[2025-05-31T05:30:07.997+0000] {spark_submit.py:644} INFO - 25/05/31 05:30:07 INFO StandaloneAppClient$ClientEndpoint: Executor added: app-20250531053007-0004/5 on worker-20250531051810-172.19.0.6-36989 (172.19.0.6:36989) with 4 core(s)
[2025-05-31T05:30:07.997+0000] {spark_submit.py:644} INFO - 25/05/31 05:30:07 INFO StandaloneSchedulerBackend: Granted executor ID app-20250531053007-0004/5 on hostPort 172.19.0.6:36989 with 4 core(s), 2.0 GiB RAM
[2025-05-31T05:30:07.998+0000] {spark_submit.py:644} INFO - 25/05/31 05:30:07 INFO BlockManagerMasterEndpoint: Trying to remove executor 0 from BlockManagerMaster.
[2025-05-31T05:30:07.998+0000] {spark_submit.py:644} INFO - 25/05/31 05:30:07 INFO BlockManagerMasterEndpoint: Trying to remove executor 1 from BlockManagerMaster.
[2025-05-31T05:30:07.998+0000] {spark_submit.py:644} INFO - 25/05/31 05:30:07 INFO BlockManagerMasterEndpoint: Trying to remove executor 2 from BlockManagerMaster.
[2025-05-31T05:30:07.998+0000] {spark_submit.py:644} INFO - 25/05/31 05:30:07 INFO BlockManagerMasterEndpoint: Trying to remove executor 3 from BlockManagerMaster.
[2025-05-31T05:30:07.998+0000] {spark_submit.py:644} INFO - 25/05/31 05:30:07 INFO BlockManagerMasterEndpoint: Trying to remove executor 4 from BlockManagerMaster.
[2025-05-31T05:30:07.998+0000] {spark_submit.py:644} INFO - 25/05/31 05:30:07 INFO StandaloneAppClient$ClientEndpoint: Executor updated: app-20250531053007-0004/5 is now FAILED (java.io.IOException: Failed to create directory /opt/bitnami/spark/work/app-20250531053007-0004/5)
[2025-05-31T05:30:07.999+0000] {spark_submit.py:644} INFO - 25/05/31 05:30:07 INFO StandaloneSchedulerBackend: Executor app-20250531053007-0004/5 removed: java.io.IOException: Failed to create directory /opt/bitnami/spark/work/app-20250531053007-0004/5
[2025-05-31T05:30:07.999+0000] {spark_submit.py:644} INFO - 25/05/31 05:30:07 INFO BlockManagerMaster: Removal of executor 5 requested
[2025-05-31T05:30:07.999+0000] {spark_submit.py:644} INFO - 25/05/31 05:30:07 INFO StandaloneSchedulerBackend$StandaloneDriverEndpoint: Asked to remove non-existent executor 5
[2025-05-31T05:30:07.999+0000] {spark_submit.py:644} INFO - 25/05/31 05:30:07 INFO StandaloneAppClient$ClientEndpoint: Executor added: app-20250531053007-0004/6 on worker-20250531051810-172.19.0.6-36989 (172.19.0.6:36989) with 4 core(s)
[2025-05-31T05:30:07.999+0000] {spark_submit.py:644} INFO - 25/05/31 05:30:07 INFO StandaloneSchedulerBackend: Granted executor ID app-20250531053007-0004/6 on hostPort 172.19.0.6:36989 with 4 core(s), 2.0 GiB RAM
[2025-05-31T05:30:08.000+0000] {spark_submit.py:644} INFO - 25/05/31 05:30:07 INFO BlockManagerMasterEndpoint: Trying to remove executor 5 from BlockManagerMaster.
[2025-05-31T05:30:08.000+0000] {spark_submit.py:644} INFO - 25/05/31 05:30:07 INFO StandaloneAppClient$ClientEndpoint: Executor updated: app-20250531053007-0004/6 is now FAILED (java.io.IOException: Failed to create directory /opt/bitnami/spark/work/app-20250531053007-0004/6)
[2025-05-31T05:30:08.000+0000] {spark_submit.py:644} INFO - 25/05/31 05:30:07 INFO StandaloneSchedulerBackend: Executor app-20250531053007-0004/6 removed: java.io.IOException: Failed to create directory /opt/bitnami/spark/work/app-20250531053007-0004/6
[2025-05-31T05:30:08.000+0000] {spark_submit.py:644} INFO - 25/05/31 05:30:07 INFO StandaloneAppClient$ClientEndpoint: Executor added: app-20250531053007-0004/7 on worker-20250531051810-172.19.0.6-36989 (172.19.0.6:36989) with 4 core(s)
[2025-05-31T05:30:08.000+0000] {spark_submit.py:644} INFO - 25/05/31 05:30:07 INFO BlockManagerMaster: Removal of executor 6 requested
[2025-05-31T05:30:08.000+0000] {spark_submit.py:644} INFO - 25/05/31 05:30:07 INFO BlockManagerMasterEndpoint: Trying to remove executor 6 from BlockManagerMaster.
[2025-05-31T05:30:08.001+0000] {spark_submit.py:644} INFO - 25/05/31 05:30:07 INFO StandaloneSchedulerBackend: Granted executor ID app-20250531053007-0004/7 on hostPort 172.19.0.6:36989 with 4 core(s), 2.0 GiB RAM
[2025-05-31T05:30:08.002+0000] {spark_submit.py:644} INFO - 25/05/31 05:30:07 INFO StandaloneSchedulerBackend$StandaloneDriverEndpoint: Asked to remove non-existent executor 6
[2025-05-31T05:30:08.002+0000] {spark_submit.py:644} INFO - 25/05/31 05:30:08 INFO StandaloneAppClient$ClientEndpoint: Executor updated: app-20250531053007-0004/7 is now FAILED (java.io.IOException: Failed to create directory /opt/bitnami/spark/work/app-20250531053007-0004/7)
[2025-05-31T05:30:08.004+0000] {spark_submit.py:644} INFO - 25/05/31 05:30:08 INFO StandaloneSchedulerBackend: Executor app-20250531053007-0004/7 removed: java.io.IOException: Failed to create directory /opt/bitnami/spark/work/app-20250531053007-0004/7
[2025-05-31T05:30:08.005+0000] {spark_submit.py:644} INFO - 25/05/31 05:30:08 INFO BlockManagerMaster: Removal of executor 7 requested
[2025-05-31T05:30:08.005+0000] {spark_submit.py:644} INFO - 25/05/31 05:30:08 INFO StandaloneAppClient$ClientEndpoint: Executor added: app-20250531053007-0004/8 on worker-20250531051810-172.19.0.6-36989 (172.19.0.6:36989) with 4 core(s)
[2025-05-31T05:30:08.005+0000] {spark_submit.py:644} INFO - 25/05/31 05:30:08 INFO StandaloneSchedulerBackend: Granted executor ID app-20250531053007-0004/8 on hostPort 172.19.0.6:36989 with 4 core(s), 2.0 GiB RAM
[2025-05-31T05:30:08.006+0000] {spark_submit.py:644} INFO - 25/05/31 05:30:08 INFO StandaloneSchedulerBackend$StandaloneDriverEndpoint: Asked to remove non-existent executor 7
[2025-05-31T05:30:08.006+0000] {spark_submit.py:644} INFO - 25/05/31 05:30:08 INFO StandaloneAppClient$ClientEndpoint: Executor updated: app-20250531053007-0004/8 is now FAILED (java.io.IOException: Failed to create directory /opt/bitnami/spark/work/app-20250531053007-0004/8)
[2025-05-31T05:30:08.006+0000] {spark_submit.py:644} INFO - 25/05/31 05:30:08 INFO StandaloneSchedulerBackend: Executor app-20250531053007-0004/8 removed: java.io.IOException: Failed to create directory /opt/bitnami/spark/work/app-20250531053007-0004/8
[2025-05-31T05:30:08.006+0000] {spark_submit.py:644} INFO - 25/05/31 05:30:08 INFO BlockManagerMasterEndpoint: Trying to remove executor 7 from BlockManagerMaster.
[2025-05-31T05:30:08.006+0000] {spark_submit.py:644} INFO - 25/05/31 05:30:08 INFO BlockManagerMaster: Removal of executor 8 requested
[2025-05-31T05:30:08.007+0000] {spark_submit.py:644} INFO - 25/05/31 05:30:08 INFO StandaloneSchedulerBackend$StandaloneDriverEndpoint: Asked to remove non-existent executor 8
[2025-05-31T05:30:08.007+0000] {spark_submit.py:644} INFO - 25/05/31 05:30:08 INFO BlockManagerMasterEndpoint: Trying to remove executor 8 from BlockManagerMaster.
[2025-05-31T05:30:08.008+0000] {spark_submit.py:644} INFO - 25/05/31 05:30:08 INFO StandaloneAppClient$ClientEndpoint: Executor added: app-20250531053007-0004/9 on worker-20250531051810-172.19.0.6-36989 (172.19.0.6:36989) with 4 core(s)
[2025-05-31T05:30:08.008+0000] {spark_submit.py:644} INFO - 25/05/31 05:30:08 INFO StandaloneSchedulerBackend: Granted executor ID app-20250531053007-0004/9 on hostPort 172.19.0.6:36989 with 4 core(s), 2.0 GiB RAM
[2025-05-31T05:30:08.009+0000] {spark_submit.py:644} INFO - 25/05/31 05:30:08 INFO StandaloneAppClient$ClientEndpoint: Executor updated: app-20250531053007-0004/9 is now FAILED (java.io.IOException: Failed to create directory /opt/bitnami/spark/work/app-20250531053007-0004/9)
[2025-05-31T05:30:08.010+0000] {spark_submit.py:644} INFO - 25/05/31 05:30:08 INFO StandaloneSchedulerBackend: Executor app-20250531053007-0004/9 removed: java.io.IOException: Failed to create directory /opt/bitnami/spark/work/app-20250531053007-0004/9
[2025-05-31T05:30:08.010+0000] {spark_submit.py:644} INFO - 25/05/31 05:30:08 INFO BlockManagerMaster: Removal of executor 9 requested
[2025-05-31T05:30:08.011+0000] {spark_submit.py:644} INFO - 25/05/31 05:30:08 INFO BlockManagerMasterEndpoint: Trying to remove executor 9 from BlockManagerMaster.
[2025-05-31T05:30:08.011+0000] {spark_submit.py:644} INFO - 25/05/31 05:30:08 INFO StandaloneSchedulerBackend$StandaloneDriverEndpoint: Asked to remove non-existent executor 9
[2025-05-31T05:30:08.012+0000] {spark_submit.py:644} INFO - 25/05/31 05:30:08 ERROR StandaloneSchedulerBackend: Application has been killed. Reason: Master removed our application: FAILED
[2025-05-31T05:30:08.086+0000] {spark_submit.py:644} INFO - 25/05/31 05:30:08 INFO StandaloneSchedulerBackend: SchedulerBackend is ready for scheduling beginning after reached minRegisteredResourcesRatio: 0.0
[2025-05-31T05:30:08.117+0000] {spark_submit.py:644} INFO - 25/05/31 05:30:08 ERROR JavaUtils: Failed to create directory /tmp/spark-6fb88a53-f29f-401b-b2a0-b526593b0980/pyspark-2748c642-ab56-405c-be24-1de3761ae0ad
[2025-05-31T05:30:08.117+0000] {spark_submit.py:644} INFO - java.nio.file.FileSystemException: /tmp/spark-6fb88a53-f29f-401b-b2a0-b526593b0980/pyspark-2748c642-ab56-405c-be24-1de3761ae0ad: No space left on device
[2025-05-31T05:30:08.118+0000] {spark_submit.py:644} INFO - at java.base/sun.nio.fs.UnixException.translateToIOException(UnixException.java:100)
[2025-05-31T05:30:08.118+0000] {spark_submit.py:644} INFO - at java.base/sun.nio.fs.UnixException.rethrowAsIOException(UnixException.java:106)
[2025-05-31T05:30:08.118+0000] {spark_submit.py:644} INFO - at java.base/sun.nio.fs.UnixException.rethrowAsIOException(UnixException.java:111)
[2025-05-31T05:30:08.118+0000] {spark_submit.py:644} INFO - at java.base/sun.nio.fs.UnixFileSystemProvider.createDirectory(UnixFileSystemProvider.java:397)
[2025-05-31T05:30:08.119+0000] {spark_submit.py:644} INFO - at java.base/java.nio.file.Files.createDirectory(Files.java:700)
[2025-05-31T05:30:08.119+0000] {spark_submit.py:644} INFO - at java.base/java.nio.file.Files.createAndCheckIsDirectory(Files.java:807)
[2025-05-31T05:30:08.119+0000] {spark_submit.py:644} INFO - at java.base/java.nio.file.Files.createDirectories(Files.java:793)
[2025-05-31T05:30:08.119+0000] {spark_submit.py:644} INFO - at org.apache.spark.network.util.JavaUtils.createDirectory(JavaUtils.java:397)
[2025-05-31T05:30:08.120+0000] {spark_submit.py:644} INFO - at org.apache.spark.util.SparkFileUtils.createDirectory(SparkFileUtils.scala:95)
[2025-05-31T05:30:08.120+0000] {spark_submit.py:644} INFO - at org.apache.spark.util.SparkFileUtils.createDirectory$(SparkFileUtils.scala:94)
[2025-05-31T05:30:08.120+0000] {spark_submit.py:644} INFO - at org.apache.spark.util.Utils$.createDirectory(Utils.scala:94)
[2025-05-31T05:30:08.120+0000] {spark_submit.py:644} INFO - at org.apache.spark.util.Utils$.createTempDir(Utils.scala:241)
[2025-05-31T05:30:08.120+0000] {spark_submit.py:644} INFO - at org.apache.spark.util.Utils.createTempDir(Utils.scala)
[2025-05-31T05:30:08.120+0000] {spark_submit.py:644} INFO - at java.base/jdk.internal.reflect.NativeMethodAccessorImpl.invoke0(Native Method)
[2025-05-31T05:30:08.121+0000] {spark_submit.py:644} INFO - at java.base/jdk.internal.reflect.NativeMethodAccessorImpl.invoke(NativeMethodAccessorImpl.java:77)
[2025-05-31T05:30:08.121+0000] {spark_submit.py:644} INFO - at java.base/jdk.internal.reflect.DelegatingMethodAccessorImpl.invoke(DelegatingMethodAccessorImpl.java:43)
[2025-05-31T05:30:08.121+0000] {spark_submit.py:644} INFO - at java.base/java.lang.reflect.Method.invoke(Method.java:569)
[2025-05-31T05:30:08.121+0000] {spark_submit.py:644} INFO - at py4j.reflection.MethodInvoker.invoke(MethodInvoker.java:244)
[2025-05-31T05:30:08.121+0000] {spark_submit.py:644} INFO - at py4j.reflection.ReflectionEngine.invoke(ReflectionEngine.java:374)
[2025-05-31T05:30:08.121+0000] {spark_submit.py:644} INFO - at py4j.Gateway.invoke(Gateway.java:282)
[2025-05-31T05:30:08.122+0000] {spark_submit.py:644} INFO - at py4j.commands.AbstractCommand.invokeMethod(AbstractCommand.java:132)
[2025-05-31T05:30:08.122+0000] {spark_submit.py:644} INFO - at py4j.commands.CallCommand.execute(CallCommand.java:79)
[2025-05-31T05:30:08.122+0000] {spark_submit.py:644} INFO - at py4j.ClientServerConnection.waitForCommands(ClientServerConnection.java:182)
[2025-05-31T05:30:08.122+0000] {spark_submit.py:644} INFO - at py4j.ClientServerConnection.run(ClientServerConnection.java:106)
[2025-05-31T05:30:08.122+0000] {spark_submit.py:644} INFO - at java.base/java.lang.Thread.run(Thread.java:840)
[2025-05-31T05:30:08.123+0000] {spark_submit.py:644} INFO - 25/05/31 05:30:08 ERROR JavaUtils: Failed to create directory /tmp/spark-6fb88a53-f29f-401b-b2a0-b526593b0980/pyspark-b154d675-b5a2-44c0-9382-0a8a28101712
[2025-05-31T05:30:08.123+0000] {spark_submit.py:644} INFO - java.nio.file.FileSystemException: /tmp/spark-6fb88a53-f29f-401b-b2a0-b526593b0980/pyspark-b154d675-b5a2-44c0-9382-0a8a28101712: No space left on device
[2025-05-31T05:30:08.123+0000] {spark_submit.py:644} INFO - at java.base/sun.nio.fs.UnixException.translateToIOException(UnixException.java:100)
[2025-05-31T05:30:08.124+0000] {spark_submit.py:644} INFO - at java.base/sun.nio.fs.UnixException.rethrowAsIOException(UnixException.java:106)
[2025-05-31T05:30:08.124+0000] {spark_submit.py:644} INFO - at java.base/sun.nio.fs.UnixException.rethrowAsIOException(UnixException.java:111)
[2025-05-31T05:30:08.124+0000] {spark_submit.py:644} INFO - at java.base/sun.nio.fs.UnixFileSystemProvider.createDirectory(UnixFileSystemProvider.java:397)
[2025-05-31T05:30:08.124+0000] {spark_submit.py:644} INFO - at java.base/java.nio.file.Files.createDirectory(Files.java:700)
[2025-05-31T05:30:08.124+0000] {spark_submit.py:644} INFO - at java.base/java.nio.file.Files.createAndCheckIsDirectory(Files.java:807)
[2025-05-31T05:30:08.124+0000] {spark_submit.py:644} INFO - at java.base/java.nio.file.Files.createDirectories(Files.java:793)
[2025-05-31T05:30:08.124+0000] {spark_submit.py:644} INFO - at org.apache.spark.network.util.JavaUtils.createDirectory(JavaUtils.java:397)
[2025-05-31T05:30:08.124+0000] {spark_submit.py:644} INFO - at org.apache.spark.util.SparkFileUtils.createDirectory(SparkFileUtils.scala:95)
[2025-05-31T05:30:08.124+0000] {spark_submit.py:644} INFO - at org.apache.spark.util.SparkFileUtils.createDirectory$(SparkFileUtils.scala:94)
[2025-05-31T05:30:08.124+0000] {spark_submit.py:644} INFO - at org.apache.spark.util.Utils$.createDirectory(Utils.scala:94)
[2025-05-31T05:30:08.125+0000] {spark_submit.py:644} INFO - at org.apache.spark.util.Utils$.createTempDir(Utils.scala:241)
[2025-05-31T05:30:08.125+0000] {spark_submit.py:644} INFO - at org.apache.spark.util.Utils.createTempDir(Utils.scala)
[2025-05-31T05:30:08.125+0000] {spark_submit.py:644} INFO - at java.base/jdk.internal.reflect.NativeMethodAccessorImpl.invoke0(Native Method)
[2025-05-31T05:30:08.125+0000] {spark_submit.py:644} INFO - at java.base/jdk.internal.reflect.NativeMethodAccessorImpl.invoke(NativeMethodAccessorImpl.java:77)
[2025-05-31T05:30:08.125+0000] {spark_submit.py:644} INFO - at java.base/jdk.internal.reflect.DelegatingMethodAccessorImpl.invoke(DelegatingMethodAccessorImpl.java:43)
[2025-05-31T05:30:08.126+0000] {spark_submit.py:644} INFO - at java.base/java.lang.reflect.Method.invoke(Method.java:569)
[2025-05-31T05:30:08.126+0000] {spark_submit.py:644} INFO - at py4j.reflection.MethodInvoker.invoke(MethodInvoker.java:244)
[2025-05-31T05:30:08.126+0000] {spark_submit.py:644} INFO - at py4j.reflection.ReflectionEngine.invoke(ReflectionEngine.java:374)
[2025-05-31T05:30:08.126+0000] {spark_submit.py:644} INFO - at py4j.Gateway.invoke(Gateway.java:282)
[2025-05-31T05:30:08.126+0000] {spark_submit.py:644} INFO - at py4j.commands.AbstractCommand.invokeMethod(AbstractCommand.java:132)
[2025-05-31T05:30:08.126+0000] {spark_submit.py:644} INFO - at py4j.commands.CallCommand.execute(CallCommand.java:79)
[2025-05-31T05:30:08.126+0000] {spark_submit.py:644} INFO - at py4j.ClientServerConnection.waitForCommands(ClientServerConnection.java:182)
[2025-05-31T05:30:08.126+0000] {spark_submit.py:644} INFO - at py4j.ClientServerConnection.run(ClientServerConnection.java:106)
[2025-05-31T05:30:08.127+0000] {spark_submit.py:644} INFO - at java.base/java.lang.Thread.run(Thread.java:840)
[2025-05-31T05:30:08.127+0000] {spark_submit.py:644} INFO - 25/05/31 05:30:08 ERROR JavaUtils: Failed to create directory /tmp/spark-6fb88a53-f29f-401b-b2a0-b526593b0980/pyspark-db0a5827-4b4c-45cb-be23-771eed2ebd04
[2025-05-31T05:30:08.127+0000] {spark_submit.py:644} INFO - java.nio.file.FileSystemException: /tmp/spark-6fb88a53-f29f-401b-b2a0-b526593b0980/pyspark-db0a5827-4b4c-45cb-be23-771eed2ebd04: No space left on device
[2025-05-31T05:30:08.128+0000] {spark_submit.py:644} INFO - at java.base/sun.nio.fs.UnixException.translateToIOException(UnixException.java:100)
[2025-05-31T05:30:08.128+0000] {spark_submit.py:644} INFO - at java.base/sun.nio.fs.UnixException.rethrowAsIOException(UnixException.java:106)
[2025-05-31T05:30:08.128+0000] {spark_submit.py:644} INFO - at java.base/sun.nio.fs.UnixException.rethrowAsIOException(UnixException.java:111)
[2025-05-31T05:30:08.128+0000] {spark_submit.py:644} INFO - at java.base/sun.nio.fs.UnixFileSystemProvider.createDirectory(UnixFileSystemProvider.java:397)
[2025-05-31T05:30:08.128+0000] {spark_submit.py:644} INFO - at java.base/java.nio.file.Files.createDirectory(Files.java:700)
[2025-05-31T05:30:08.129+0000] {spark_submit.py:644} INFO - at java.base/java.nio.file.Files.createAndCheckIsDirectory(Files.java:807)
[2025-05-31T05:30:08.129+0000] {spark_submit.py:644} INFO - at java.base/java.nio.file.Files.createDirectories(Files.java:793)
[2025-05-31T05:30:08.129+0000] {spark_submit.py:644} INFO - at org.apache.spark.network.util.JavaUtils.createDirectory(JavaUtils.java:397)
[2025-05-31T05:30:08.129+0000] {spark_submit.py:644} INFO - at org.apache.spark.util.SparkFileUtils.createDirectory(SparkFileUtils.scala:95)
[2025-05-31T05:30:08.129+0000] {spark_submit.py:644} INFO - at org.apache.spark.util.SparkFileUtils.createDirectory$(SparkFileUtils.scala:94)
[2025-05-31T05:30:08.129+0000] {spark_submit.py:644} INFO - at org.apache.spark.util.Utils$.createDirectory(Utils.scala:94)
[2025-05-31T05:30:08.130+0000] {spark_submit.py:644} INFO - at org.apache.spark.util.Utils$.createTempDir(Utils.scala:241)
[2025-05-31T05:30:08.130+0000] {spark_submit.py:644} INFO - at org.apache.spark.util.Utils.createTempDir(Utils.scala)
[2025-05-31T05:30:08.130+0000] {spark_submit.py:644} INFO - at java.base/jdk.internal.reflect.NativeMethodAccessorImpl.invoke0(Native Method)
[2025-05-31T05:30:08.130+0000] {spark_submit.py:644} INFO - at java.base/jdk.internal.reflect.NativeMethodAccessorImpl.invoke(NativeMethodAccessorImpl.java:77)
[2025-05-31T05:30:08.130+0000] {spark_submit.py:644} INFO - at java.base/jdk.internal.reflect.DelegatingMethodAccessorImpl.invoke(DelegatingMethodAccessorImpl.java:43)
[2025-05-31T05:30:08.130+0000] {spark_submit.py:644} INFO - at java.base/java.lang.reflect.Method.invoke(Method.java:569)
[2025-05-31T05:30:08.131+0000] {spark_submit.py:644} INFO - at py4j.reflection.MethodInvoker.invoke(MethodInvoker.java:244)
[2025-05-31T05:30:08.131+0000] {spark_submit.py:644} INFO - at py4j.reflection.ReflectionEngine.invoke(ReflectionEngine.java:374)
[2025-05-31T05:30:08.131+0000] {spark_submit.py:644} INFO - at py4j.Gateway.invoke(Gateway.java:282)
[2025-05-31T05:30:08.131+0000] {spark_submit.py:644} INFO - at py4j.commands.AbstractCommand.invokeMethod(AbstractCommand.java:132)
[2025-05-31T05:30:08.131+0000] {spark_submit.py:644} INFO - at py4j.commands.CallCommand.execute(CallCommand.java:79)
[2025-05-31T05:30:08.131+0000] {spark_submit.py:644} INFO - at py4j.ClientServerConnection.waitForCommands(ClientServerConnection.java:182)
[2025-05-31T05:30:08.132+0000] {spark_submit.py:644} INFO - at py4j.ClientServerConnection.run(ClientServerConnection.java:106)
[2025-05-31T05:30:08.132+0000] {spark_submit.py:644} INFO - at java.base/java.lang.Thread.run(Thread.java:840)
[2025-05-31T05:30:08.132+0000] {spark_submit.py:644} INFO - 25/05/31 05:30:08 ERROR JavaUtils: Failed to create directory /tmp/spark-6fb88a53-f29f-401b-b2a0-b526593b0980/pyspark-658601dc-9c06-4373-98bb-251b03aee6b1
[2025-05-31T05:30:08.132+0000] {spark_submit.py:644} INFO - java.nio.file.FileSystemException: /tmp/spark-6fb88a53-f29f-401b-b2a0-b526593b0980/pyspark-658601dc-9c06-4373-98bb-251b03aee6b1: No space left on device
[2025-05-31T05:30:08.132+0000] {spark_submit.py:644} INFO - at java.base/sun.nio.fs.UnixException.translateToIOException(UnixException.java:100)
[2025-05-31T05:30:08.132+0000] {spark_submit.py:644} INFO - at java.base/sun.nio.fs.UnixException.rethrowAsIOException(UnixException.java:106)
[2025-05-31T05:30:08.133+0000] {spark_submit.py:644} INFO - at java.base/sun.nio.fs.UnixException.rethrowAsIOException(UnixException.java:111)
[2025-05-31T05:30:08.133+0000] {spark_submit.py:644} INFO - at java.base/sun.nio.fs.UnixFileSystemProvider.createDirectory(UnixFileSystemProvider.java:397)
[2025-05-31T05:30:08.133+0000] {spark_submit.py:644} INFO - at java.base/java.nio.file.Files.createDirectory(Files.java:700)
[2025-05-31T05:30:08.133+0000] {spark_submit.py:644} INFO - at java.base/java.nio.file.Files.createAndCheckIsDirectory(Files.java:807)
[2025-05-31T05:30:08.133+0000] {spark_submit.py:644} INFO - at java.base/java.nio.file.Files.createDirectories(Files.java:793)
[2025-05-31T05:30:08.133+0000] {spark_submit.py:644} INFO - at org.apache.spark.network.util.JavaUtils.createDirectory(JavaUtils.java:397)
[2025-05-31T05:30:08.134+0000] {spark_submit.py:644} INFO - at org.apache.spark.util.SparkFileUtils.createDirectory(SparkFileUtils.scala:95)
[2025-05-31T05:30:08.134+0000] {spark_submit.py:644} INFO - at org.apache.spark.util.SparkFileUtils.createDirectory$(SparkFileUtils.scala:94)
[2025-05-31T05:30:08.134+0000] {spark_submit.py:644} INFO - at org.apache.spark.util.Utils$.createDirectory(Utils.scala:94)
[2025-05-31T05:30:08.134+0000] {spark_submit.py:644} INFO - at org.apache.spark.util.Utils$.createTempDir(Utils.scala:241)
[2025-05-31T05:30:08.134+0000] {spark_submit.py:644} INFO - at org.apache.spark.util.Utils.createTempDir(Utils.scala)
[2025-05-31T05:30:08.134+0000] {spark_submit.py:644} INFO - at java.base/jdk.internal.reflect.NativeMethodAccessorImpl.invoke0(Native Method)
[2025-05-31T05:30:08.135+0000] {spark_submit.py:644} INFO - at java.base/jdk.internal.reflect.NativeMethodAccessorImpl.invoke(NativeMethodAccessorImpl.java:77)
[2025-05-31T05:30:08.135+0000] {spark_submit.py:644} INFO - at java.base/jdk.internal.reflect.DelegatingMethodAccessorImpl.invoke(DelegatingMethodAccessorImpl.java:43)
[2025-05-31T05:30:08.135+0000] {spark_submit.py:644} INFO - at java.base/java.lang.reflect.Method.invoke(Method.java:569)
[2025-05-31T05:30:08.135+0000] {spark_submit.py:644} INFO - at py4j.reflection.MethodInvoker.invoke(MethodInvoker.java:244)
[2025-05-31T05:30:08.135+0000] {spark_submit.py:644} INFO - at py4j.reflection.ReflectionEngine.invoke(ReflectionEngine.java:374)
[2025-05-31T05:30:08.135+0000] {spark_submit.py:644} INFO - at py4j.Gateway.invoke(Gateway.java:282)
[2025-05-31T05:30:08.135+0000] {spark_submit.py:644} INFO - at py4j.commands.AbstractCommand.invokeMethod(AbstractCommand.java:132)
[2025-05-31T05:30:08.135+0000] {spark_submit.py:644} INFO - at py4j.commands.CallCommand.execute(CallCommand.java:79)
[2025-05-31T05:30:08.135+0000] {spark_submit.py:644} INFO - at py4j.ClientServerConnection.waitForCommands(ClientServerConnection.java:182)
[2025-05-31T05:30:08.135+0000] {spark_submit.py:644} INFO - at py4j.ClientServerConnection.run(ClientServerConnection.java:106)
[2025-05-31T05:30:08.136+0000] {spark_submit.py:644} INFO - at java.base/java.lang.Thread.run(Thread.java:840)
[2025-05-31T05:30:08.136+0000] {spark_submit.py:644} INFO - 25/05/31 05:30:08 ERROR JavaUtils: Failed to create directory /tmp/spark-6fb88a53-f29f-401b-b2a0-b526593b0980/pyspark-534cbde1-c14d-4f1e-8e14-25b6f8055af2
[2025-05-31T05:30:08.136+0000] {spark_submit.py:644} INFO - java.nio.file.FileSystemException: /tmp/spark-6fb88a53-f29f-401b-b2a0-b526593b0980/pyspark-534cbde1-c14d-4f1e-8e14-25b6f8055af2: No space left on device
[2025-05-31T05:30:08.136+0000] {spark_submit.py:644} INFO - at java.base/sun.nio.fs.UnixException.translateToIOException(UnixException.java:100)
[2025-05-31T05:30:08.136+0000] {spark_submit.py:644} INFO - at java.base/sun.nio.fs.UnixException.rethrowAsIOException(UnixException.java:106)
[2025-05-31T05:30:08.136+0000] {spark_submit.py:644} INFO - at java.base/sun.nio.fs.UnixException.rethrowAsIOException(UnixException.java:111)
[2025-05-31T05:30:08.136+0000] {spark_submit.py:644} INFO - at java.base/sun.nio.fs.UnixFileSystemProvider.createDirectory(UnixFileSystemProvider.java:397)
[2025-05-31T05:30:08.136+0000] {spark_submit.py:644} INFO - at java.base/java.nio.file.Files.createDirectory(Files.java:700)
[2025-05-31T05:30:08.136+0000] {spark_submit.py:644} INFO - at java.base/java.nio.file.Files.createAndCheckIsDirectory(Files.java:807)
[2025-05-31T05:30:08.137+0000] {spark_submit.py:644} INFO - at java.base/java.nio.file.Files.createDirectories(Files.java:793)
[2025-05-31T05:30:08.137+0000] {spark_submit.py:644} INFO - at org.apache.spark.network.util.JavaUtils.createDirectory(JavaUtils.java:397)
[2025-05-31T05:30:08.137+0000] {spark_submit.py:644} INFO - at org.apache.spark.util.SparkFileUtils.createDirectory(SparkFileUtils.scala:95)
[2025-05-31T05:30:08.137+0000] {spark_submit.py:644} INFO - at org.apache.spark.util.SparkFileUtils.createDirectory$(SparkFileUtils.scala:94)
[2025-05-31T05:30:08.137+0000] {spark_submit.py:644} INFO - at org.apache.spark.util.Utils$.createDirectory(Utils.scala:94)
[2025-05-31T05:30:08.137+0000] {spark_submit.py:644} INFO - at org.apache.spark.util.Utils$.createTempDir(Utils.scala:241)
[2025-05-31T05:30:08.137+0000] {spark_submit.py:644} INFO - at org.apache.spark.util.Utils.createTempDir(Utils.scala)
[2025-05-31T05:30:08.137+0000] {spark_submit.py:644} INFO - at java.base/jdk.internal.reflect.NativeMethodAccessorImpl.invoke0(Native Method)
[2025-05-31T05:30:08.137+0000] {spark_submit.py:644} INFO - at java.base/jdk.internal.reflect.NativeMethodAccessorImpl.invoke(NativeMethodAccessorImpl.java:77)
[2025-05-31T05:30:08.137+0000] {spark_submit.py:644} INFO - at java.base/jdk.internal.reflect.DelegatingMethodAccessorImpl.invoke(DelegatingMethodAccessorImpl.java:43)
[2025-05-31T05:30:08.138+0000] {spark_submit.py:644} INFO - at java.base/java.lang.reflect.Method.invoke(Method.java:569)
[2025-05-31T05:30:08.138+0000] {spark_submit.py:644} INFO - at py4j.reflection.MethodInvoker.invoke(MethodInvoker.java:244)
[2025-05-31T05:30:08.138+0000] {spark_submit.py:644} INFO - at py4j.reflection.ReflectionEngine.invoke(ReflectionEngine.java:374)
[2025-05-31T05:30:08.138+0000] {spark_submit.py:644} INFO - at py4j.Gateway.invoke(Gateway.java:282)
[2025-05-31T05:30:08.138+0000] {spark_submit.py:644} INFO - at py4j.commands.AbstractCommand.invokeMethod(AbstractCommand.java:132)
[2025-05-31T05:30:08.138+0000] {spark_submit.py:644} INFO - at py4j.commands.CallCommand.execute(CallCommand.java:79)
[2025-05-31T05:30:08.138+0000] {spark_submit.py:644} INFO - at py4j.ClientServerConnection.waitForCommands(ClientServerConnection.java:182)
[2025-05-31T05:30:08.138+0000] {spark_submit.py:644} INFO - at py4j.ClientServerConnection.run(ClientServerConnection.java:106)
[2025-05-31T05:30:08.139+0000] {spark_submit.py:644} INFO - at java.base/java.lang.Thread.run(Thread.java:840)
[2025-05-31T05:30:08.139+0000] {spark_submit.py:644} INFO - 25/05/31 05:30:08 ERROR JavaUtils: Failed to create directory /tmp/spark-6fb88a53-f29f-401b-b2a0-b526593b0980/pyspark-00ffade3-4510-489b-a821-f600d5e125a1
[2025-05-31T05:30:08.139+0000] {spark_submit.py:644} INFO - java.nio.file.FileSystemException: /tmp/spark-6fb88a53-f29f-401b-b2a0-b526593b0980/pyspark-00ffade3-4510-489b-a821-f600d5e125a1: No space left on device
[2025-05-31T05:30:08.139+0000] {spark_submit.py:644} INFO - at java.base/sun.nio.fs.UnixException.translateToIOException(UnixException.java:100)
[2025-05-31T05:30:08.139+0000] {spark_submit.py:644} INFO - at java.base/sun.nio.fs.UnixException.rethrowAsIOException(UnixException.java:106)
[2025-05-31T05:30:08.139+0000] {spark_submit.py:644} INFO - at java.base/sun.nio.fs.UnixException.rethrowAsIOException(UnixException.java:111)
[2025-05-31T05:30:08.140+0000] {spark_submit.py:644} INFO - at java.base/sun.nio.fs.UnixFileSystemProvider.createDirectory(UnixFileSystemProvider.java:397)
[2025-05-31T05:30:08.140+0000] {spark_submit.py:644} INFO - at java.base/java.nio.file.Files.createDirectory(Files.java:700)
[2025-05-31T05:30:08.140+0000] {spark_submit.py:644} INFO - at java.base/java.nio.file.Files.createAndCheckIsDirectory(Files.java:807)
[2025-05-31T05:30:08.140+0000] {spark_submit.py:644} INFO - at java.base/java.nio.file.Files.createDirectories(Files.java:793)
[2025-05-31T05:30:08.140+0000] {spark_submit.py:644} INFO - at org.apache.spark.network.util.JavaUtils.createDirectory(JavaUtils.java:397)
[2025-05-31T05:30:08.140+0000] {spark_submit.py:644} INFO - at org.apache.spark.util.SparkFileUtils.createDirectory(SparkFileUtils.scala:95)
[2025-05-31T05:30:08.140+0000] {spark_submit.py:644} INFO - at org.apache.spark.util.SparkFileUtils.createDirectory$(SparkFileUtils.scala:94)
[2025-05-31T05:30:08.141+0000] {spark_submit.py:644} INFO - at org.apache.spark.util.Utils$.createDirectory(Utils.scala:94)
[2025-05-31T05:30:08.141+0000] {spark_submit.py:644} INFO - at org.apache.spark.util.Utils$.createTempDir(Utils.scala:241)
[2025-05-31T05:30:08.141+0000] {spark_submit.py:644} INFO - at org.apache.spark.util.Utils.createTempDir(Utils.scala)
[2025-05-31T05:30:08.141+0000] {spark_submit.py:644} INFO - at java.base/jdk.internal.reflect.NativeMethodAccessorImpl.invoke0(Native Method)
[2025-05-31T05:30:08.141+0000] {spark_submit.py:644} INFO - at java.base/jdk.internal.reflect.NativeMethodAccessorImpl.invoke(NativeMethodAccessorImpl.java:77)
[2025-05-31T05:30:08.141+0000] {spark_submit.py:644} INFO - at java.base/jdk.internal.reflect.DelegatingMethodAccessorImpl.invoke(DelegatingMethodAccessorImpl.java:43)
[2025-05-31T05:30:08.141+0000] {spark_submit.py:644} INFO - at java.base/java.lang.reflect.Method.invoke(Method.java:569)
[2025-05-31T05:30:08.141+0000] {spark_submit.py:644} INFO - at py4j.reflection.MethodInvoker.invoke(MethodInvoker.java:244)
[2025-05-31T05:30:08.142+0000] {spark_submit.py:644} INFO - at py4j.reflection.ReflectionEngine.invoke(ReflectionEngine.java:374)
[2025-05-31T05:30:08.142+0000] {spark_submit.py:644} INFO - at py4j.Gateway.invoke(Gateway.java:282)
[2025-05-31T05:30:08.142+0000] {spark_submit.py:644} INFO - at py4j.commands.AbstractCommand.invokeMethod(AbstractCommand.java:132)
[2025-05-31T05:30:08.142+0000] {spark_submit.py:644} INFO - at py4j.commands.CallCommand.execute(CallCommand.java:79)
[2025-05-31T05:30:08.142+0000] {spark_submit.py:644} INFO - at py4j.ClientServerConnection.waitForCommands(ClientServerConnection.java:182)
[2025-05-31T05:30:08.142+0000] {spark_submit.py:644} INFO - at py4j.ClientServerConnection.run(ClientServerConnection.java:106)
[2025-05-31T05:30:08.142+0000] {spark_submit.py:644} INFO - at java.base/java.lang.Thread.run(Thread.java:840)
[2025-05-31T05:30:08.142+0000] {spark_submit.py:644} INFO - 25/05/31 05:30:08 ERROR JavaUtils: Failed to create directory /tmp/spark-6fb88a53-f29f-401b-b2a0-b526593b0980/pyspark-e3c3b529-5dc4-4b95-ac70-a18a0fc3272b
[2025-05-31T05:30:08.142+0000] {spark_submit.py:644} INFO - java.nio.file.FileSystemException: /tmp/spark-6fb88a53-f29f-401b-b2a0-b526593b0980/pyspark-e3c3b529-5dc4-4b95-ac70-a18a0fc3272b: No space left on device
[2025-05-31T05:30:08.142+0000] {spark_submit.py:644} INFO - at java.base/sun.nio.fs.UnixException.translateToIOException(UnixException.java:100)
[2025-05-31T05:30:08.143+0000] {spark_submit.py:644} INFO - at java.base/sun.nio.fs.UnixException.rethrowAsIOException(UnixException.java:106)
[2025-05-31T05:30:08.143+0000] {spark_submit.py:644} INFO - at java.base/sun.nio.fs.UnixException.rethrowAsIOException(UnixException.java:111)
[2025-05-31T05:30:08.143+0000] {spark_submit.py:644} INFO - at java.base/sun.nio.fs.UnixFileSystemProvider.createDirectory(UnixFileSystemProvider.java:397)
[2025-05-31T05:30:08.143+0000] {spark_submit.py:644} INFO - at java.base/java.nio.file.Files.createDirectory(Files.java:700)
[2025-05-31T05:30:08.143+0000] {spark_submit.py:644} INFO - at java.base/java.nio.file.Files.createAndCheckIsDirectory(Files.java:807)
[2025-05-31T05:30:08.143+0000] {spark_submit.py:644} INFO - at java.base/java.nio.file.Files.createDirectories(Files.java:793)
[2025-05-31T05:30:08.143+0000] {spark_submit.py:644} INFO - at org.apache.spark.network.util.JavaUtils.createDirectory(JavaUtils.java:397)
[2025-05-31T05:30:08.143+0000] {spark_submit.py:644} INFO - at org.apache.spark.util.SparkFileUtils.createDirectory(SparkFileUtils.scala:95)
[2025-05-31T05:30:08.143+0000] {spark_submit.py:644} INFO - at org.apache.spark.util.SparkFileUtils.createDirectory$(SparkFileUtils.scala:94)
[2025-05-31T05:30:08.144+0000] {spark_submit.py:644} INFO - at org.apache.spark.util.Utils$.createDirectory(Utils.scala:94)
[2025-05-31T05:30:08.144+0000] {spark_submit.py:644} INFO - at org.apache.spark.util.Utils$.createTempDir(Utils.scala:241)
[2025-05-31T05:30:08.144+0000] {spark_submit.py:644} INFO - at org.apache.spark.util.Utils.createTempDir(Utils.scala)
[2025-05-31T05:30:08.144+0000] {spark_submit.py:644} INFO - at java.base/jdk.internal.reflect.NativeMethodAccessorImpl.invoke0(Native Method)
[2025-05-31T05:30:08.144+0000] {spark_submit.py:644} INFO - at java.base/jdk.internal.reflect.NativeMethodAccessorImpl.invoke(NativeMethodAccessorImpl.java:77)
[2025-05-31T05:30:08.144+0000] {spark_submit.py:644} INFO - at java.base/jdk.internal.reflect.DelegatingMethodAccessorImpl.invoke(DelegatingMethodAccessorImpl.java:43)
[2025-05-31T05:30:08.145+0000] {spark_submit.py:644} INFO - at java.base/java.lang.reflect.Method.invoke(Method.java:569)
[2025-05-31T05:30:08.145+0000] {spark_submit.py:644} INFO - at py4j.reflection.MethodInvoker.invoke(MethodInvoker.java:244)
[2025-05-31T05:30:08.145+0000] {spark_submit.py:644} INFO - at py4j.reflection.ReflectionEngine.invoke(ReflectionEngine.java:374)
[2025-05-31T05:30:08.145+0000] {spark_submit.py:644} INFO - at py4j.Gateway.invoke(Gateway.java:282)
[2025-05-31T05:30:08.145+0000] {spark_submit.py:644} INFO - at py4j.commands.AbstractCommand.invokeMethod(AbstractCommand.java:132)
[2025-05-31T05:30:08.145+0000] {spark_submit.py:644} INFO - at py4j.commands.CallCommand.execute(CallCommand.java:79)
[2025-05-31T05:30:08.145+0000] {spark_submit.py:644} INFO - at py4j.ClientServerConnection.waitForCommands(ClientServerConnection.java:182)
[2025-05-31T05:30:08.145+0000] {spark_submit.py:644} INFO - at py4j.ClientServerConnection.run(ClientServerConnection.java:106)
[2025-05-31T05:30:08.146+0000] {spark_submit.py:644} INFO - at java.base/java.lang.Thread.run(Thread.java:840)
[2025-05-31T05:30:08.146+0000] {spark_submit.py:644} INFO - 25/05/31 05:30:08 ERROR JavaUtils: Failed to create directory /tmp/spark-6fb88a53-f29f-401b-b2a0-b526593b0980/pyspark-89384701-ddad-4390-bc55-aed5e6580642
[2025-05-31T05:30:08.146+0000] {spark_submit.py:644} INFO - java.nio.file.FileSystemException: /tmp/spark-6fb88a53-f29f-401b-b2a0-b526593b0980/pyspark-89384701-ddad-4390-bc55-aed5e6580642: No space left on device
[2025-05-31T05:30:08.146+0000] {spark_submit.py:644} INFO - at java.base/sun.nio.fs.UnixException.translateToIOException(UnixException.java:100)
[2025-05-31T05:30:08.146+0000] {spark_submit.py:644} INFO - at java.base/sun.nio.fs.UnixException.rethrowAsIOException(UnixException.java:106)
[2025-05-31T05:30:08.146+0000] {spark_submit.py:644} INFO - at java.base/sun.nio.fs.UnixException.rethrowAsIOException(UnixException.java:111)
[2025-05-31T05:30:08.146+0000] {spark_submit.py:644} INFO - at java.base/sun.nio.fs.UnixFileSystemProvider.createDirectory(UnixFileSystemProvider.java:397)
[2025-05-31T05:30:08.147+0000] {spark_submit.py:644} INFO - at java.base/java.nio.file.Files.createDirectory(Files.java:700)
[2025-05-31T05:30:08.147+0000] {spark_submit.py:644} INFO - at java.base/java.nio.file.Files.createAndCheckIsDirectory(Files.java:807)
[2025-05-31T05:30:08.147+0000] {spark_submit.py:644} INFO - at java.base/java.nio.file.Files.createDirectories(Files.java:793)
[2025-05-31T05:30:08.147+0000] {spark_submit.py:644} INFO - at org.apache.spark.network.util.JavaUtils.createDirectory(JavaUtils.java:397)
[2025-05-31T05:30:08.147+0000] {spark_submit.py:644} INFO - at org.apache.spark.util.SparkFileUtils.createDirectory(SparkFileUtils.scala:95)
[2025-05-31T05:30:08.147+0000] {spark_submit.py:644} INFO - at org.apache.spark.util.SparkFileUtils.createDirectory$(SparkFileUtils.scala:94)
[2025-05-31T05:30:08.147+0000] {spark_submit.py:644} INFO - at org.apache.spark.util.Utils$.createDirectory(Utils.scala:94)
[2025-05-31T05:30:08.147+0000] {spark_submit.py:644} INFO - at org.apache.spark.util.Utils$.createTempDir(Utils.scala:241)
[2025-05-31T05:30:08.147+0000] {spark_submit.py:644} INFO - at org.apache.spark.util.Utils.createTempDir(Utils.scala)
[2025-05-31T05:30:08.148+0000] {spark_submit.py:644} INFO - at java.base/jdk.internal.reflect.NativeMethodAccessorImpl.invoke0(Native Method)
[2025-05-31T05:30:08.148+0000] {spark_submit.py:644} INFO - at java.base/jdk.internal.reflect.NativeMethodAccessorImpl.invoke(NativeMethodAccessorImpl.java:77)
[2025-05-31T05:30:08.148+0000] {spark_submit.py:644} INFO - at java.base/jdk.internal.reflect.DelegatingMethodAccessorImpl.invoke(DelegatingMethodAccessorImpl.java:43)
[2025-05-31T05:30:08.148+0000] {spark_submit.py:644} INFO - at java.base/java.lang.reflect.Method.invoke(Method.java:569)
[2025-05-31T05:30:08.148+0000] {spark_submit.py:644} INFO - at py4j.reflection.MethodInvoker.invoke(MethodInvoker.java:244)
[2025-05-31T05:30:08.148+0000] {spark_submit.py:644} INFO - at py4j.reflection.ReflectionEngine.invoke(ReflectionEngine.java:374)
[2025-05-31T05:30:08.149+0000] {spark_submit.py:644} INFO - at py4j.Gateway.invoke(Gateway.java:282)
[2025-05-31T05:30:08.149+0000] {spark_submit.py:644} INFO - at py4j.commands.AbstractCommand.invokeMethod(AbstractCommand.java:132)
[2025-05-31T05:30:08.149+0000] {spark_submit.py:644} INFO - at py4j.commands.CallCommand.execute(CallCommand.java:79)
[2025-05-31T05:30:08.149+0000] {spark_submit.py:644} INFO - at py4j.ClientServerConnection.waitForCommands(ClientServerConnection.java:182)
[2025-05-31T05:30:08.149+0000] {spark_submit.py:644} INFO - at py4j.ClientServerConnection.run(ClientServerConnection.java:106)
[2025-05-31T05:30:08.149+0000] {spark_submit.py:644} INFO - at java.base/java.lang.Thread.run(Thread.java:840)
[2025-05-31T05:30:08.149+0000] {spark_submit.py:644} INFO - 25/05/31 05:30:08 ERROR JavaUtils: Failed to create directory /tmp/spark-6fb88a53-f29f-401b-b2a0-b526593b0980/pyspark-65fa26bb-44e9-48fd-87a2-379a5badcf9a
[2025-05-31T05:30:08.150+0000] {spark_submit.py:644} INFO - java.nio.file.FileSystemException: /tmp/spark-6fb88a53-f29f-401b-b2a0-b526593b0980/pyspark-65fa26bb-44e9-48fd-87a2-379a5badcf9a: No space left on device
[2025-05-31T05:30:08.150+0000] {spark_submit.py:644} INFO - at java.base/sun.nio.fs.UnixException.translateToIOException(UnixException.java:100)
[2025-05-31T05:30:08.150+0000] {spark_submit.py:644} INFO - at java.base/sun.nio.fs.UnixException.rethrowAsIOException(UnixException.java:106)
[2025-05-31T05:30:08.150+0000] {spark_submit.py:644} INFO - at java.base/sun.nio.fs.UnixException.rethrowAsIOException(UnixException.java:111)
[2025-05-31T05:30:08.150+0000] {spark_submit.py:644} INFO - at java.base/sun.nio.fs.UnixFileSystemProvider.createDirectory(UnixFileSystemProvider.java:397)
[2025-05-31T05:30:08.150+0000] {spark_submit.py:644} INFO - at java.base/java.nio.file.Files.createDirectory(Files.java:700)
[2025-05-31T05:30:08.150+0000] {spark_submit.py:644} INFO - at java.base/java.nio.file.Files.createAndCheckIsDirectory(Files.java:807)
[2025-05-31T05:30:08.150+0000] {spark_submit.py:644} INFO - at java.base/java.nio.file.Files.createDirectories(Files.java:793)
[2025-05-31T05:30:08.151+0000] {spark_submit.py:644} INFO - at org.apache.spark.network.util.JavaUtils.createDirectory(JavaUtils.java:397)
[2025-05-31T05:30:08.151+0000] {spark_submit.py:644} INFO - at org.apache.spark.util.SparkFileUtils.createDirectory(SparkFileUtils.scala:95)
[2025-05-31T05:30:08.151+0000] {spark_submit.py:644} INFO - at org.apache.spark.util.SparkFileUtils.createDirectory$(SparkFileUtils.scala:94)
[2025-05-31T05:30:08.151+0000] {spark_submit.py:644} INFO - at org.apache.spark.util.Utils$.createDirectory(Utils.scala:94)
[2025-05-31T05:30:08.151+0000] {spark_submit.py:644} INFO - at org.apache.spark.util.Utils$.createTempDir(Utils.scala:241)
[2025-05-31T05:30:08.151+0000] {spark_submit.py:644} INFO - at org.apache.spark.util.Utils.createTempDir(Utils.scala)
[2025-05-31T05:30:08.151+0000] {spark_submit.py:644} INFO - at java.base/jdk.internal.reflect.NativeMethodAccessorImpl.invoke0(Native Method)
[2025-05-31T05:30:08.151+0000] {spark_submit.py:644} INFO - at java.base/jdk.internal.reflect.NativeMethodAccessorImpl.invoke(NativeMethodAccessorImpl.java:77)
[2025-05-31T05:30:08.151+0000] {spark_submit.py:644} INFO - at java.base/jdk.internal.reflect.DelegatingMethodAccessorImpl.invoke(DelegatingMethodAccessorImpl.java:43)
[2025-05-31T05:30:08.152+0000] {spark_submit.py:644} INFO - at java.base/java.lang.reflect.Method.invoke(Method.java:569)
[2025-05-31T05:30:08.152+0000] {spark_submit.py:644} INFO - at py4j.reflection.MethodInvoker.invoke(MethodInvoker.java:244)
[2025-05-31T05:30:08.152+0000] {spark_submit.py:644} INFO - at py4j.reflection.ReflectionEngine.invoke(ReflectionEngine.java:374)
[2025-05-31T05:30:08.152+0000] {spark_submit.py:644} INFO - at py4j.Gateway.invoke(Gateway.java:282)
[2025-05-31T05:30:08.152+0000] {spark_submit.py:644} INFO - at py4j.commands.AbstractCommand.invokeMethod(AbstractCommand.java:132)
[2025-05-31T05:30:08.152+0000] {spark_submit.py:644} INFO - at py4j.commands.CallCommand.execute(CallCommand.java:79)
[2025-05-31T05:30:08.153+0000] {spark_submit.py:644} INFO - at py4j.ClientServerConnection.waitForCommands(ClientServerConnection.java:182)
[2025-05-31T05:30:08.153+0000] {spark_submit.py:644} INFO - at py4j.ClientServerConnection.run(ClientServerConnection.java:106)
[2025-05-31T05:30:08.153+0000] {spark_submit.py:644} INFO - at java.base/java.lang.Thread.run(Thread.java:840)
[2025-05-31T05:30:08.153+0000] {spark_submit.py:644} INFO - 25/05/31 05:30:08 ERROR JavaUtils: Failed to create directory /tmp/spark-6fb88a53-f29f-401b-b2a0-b526593b0980/pyspark-d59d2654-ebc8-44ee-b834-8afe59d79eea
[2025-05-31T05:30:08.153+0000] {spark_submit.py:644} INFO - java.nio.file.FileSystemException: /tmp/spark-6fb88a53-f29f-401b-b2a0-b526593b0980/pyspark-d59d2654-ebc8-44ee-b834-8afe59d79eea: No space left on device
[2025-05-31T05:30:08.153+0000] {spark_submit.py:644} INFO - at java.base/sun.nio.fs.UnixException.translateToIOException(UnixException.java:100)
[2025-05-31T05:30:08.153+0000] {spark_submit.py:644} INFO - at java.base/sun.nio.fs.UnixException.rethrowAsIOException(UnixException.java:106)
[2025-05-31T05:30:08.153+0000] {spark_submit.py:644} INFO - at java.base/sun.nio.fs.UnixException.rethrowAsIOException(UnixException.java:111)
[2025-05-31T05:30:08.153+0000] {spark_submit.py:644} INFO - at java.base/sun.nio.fs.UnixFileSystemProvider.createDirectory(UnixFileSystemProvider.java:397)
[2025-05-31T05:30:08.153+0000] {spark_submit.py:644} INFO - at java.base/java.nio.file.Files.createDirectory(Files.java:700)
[2025-05-31T05:30:08.154+0000] {spark_submit.py:644} INFO - at java.base/java.nio.file.Files.createAndCheckIsDirectory(Files.java:807)
[2025-05-31T05:30:08.154+0000] {spark_submit.py:644} INFO - at java.base/java.nio.file.Files.createDirectories(Files.java:793)
[2025-05-31T05:30:08.154+0000] {spark_submit.py:644} INFO - at org.apache.spark.network.util.JavaUtils.createDirectory(JavaUtils.java:397)
[2025-05-31T05:30:08.154+0000] {spark_submit.py:644} INFO - at org.apache.spark.util.SparkFileUtils.createDirectory(SparkFileUtils.scala:95)
[2025-05-31T05:30:08.154+0000] {spark_submit.py:644} INFO - at org.apache.spark.util.SparkFileUtils.createDirectory$(SparkFileUtils.scala:94)
[2025-05-31T05:30:08.154+0000] {spark_submit.py:644} INFO - at org.apache.spark.util.Utils$.createDirectory(Utils.scala:94)
[2025-05-31T05:30:08.154+0000] {spark_submit.py:644} INFO - at org.apache.spark.util.Utils$.createTempDir(Utils.scala:241)
[2025-05-31T05:30:08.154+0000] {spark_submit.py:644} INFO - at org.apache.spark.util.Utils.createTempDir(Utils.scala)
[2025-05-31T05:30:08.154+0000] {spark_submit.py:644} INFO - at java.base/jdk.internal.reflect.NativeMethodAccessorImpl.invoke0(Native Method)
[2025-05-31T05:30:08.155+0000] {spark_submit.py:644} INFO - at java.base/jdk.internal.reflect.NativeMethodAccessorImpl.invoke(NativeMethodAccessorImpl.java:77)
[2025-05-31T05:30:08.155+0000] {spark_submit.py:644} INFO - at java.base/jdk.internal.reflect.DelegatingMethodAccessorImpl.invoke(DelegatingMethodAccessorImpl.java:43)
[2025-05-31T05:30:08.155+0000] {spark_submit.py:644} INFO - at java.base/java.lang.reflect.Method.invoke(Method.java:569)
[2025-05-31T05:30:08.155+0000] {spark_submit.py:644} INFO - at py4j.reflection.MethodInvoker.invoke(MethodInvoker.java:244)
[2025-05-31T05:30:08.155+0000] {spark_submit.py:644} INFO - at py4j.reflection.ReflectionEngine.invoke(ReflectionEngine.java:374)
[2025-05-31T05:30:08.155+0000] {spark_submit.py:644} INFO - at py4j.Gateway.invoke(Gateway.java:282)
[2025-05-31T05:30:08.156+0000] {spark_submit.py:644} INFO - at py4j.commands.AbstractCommand.invokeMethod(AbstractCommand.java:132)
[2025-05-31T05:30:08.156+0000] {spark_submit.py:644} INFO - at py4j.commands.CallCommand.execute(CallCommand.java:79)
[2025-05-31T05:30:08.156+0000] {spark_submit.py:644} INFO - at py4j.ClientServerConnection.waitForCommands(ClientServerConnection.java:182)
[2025-05-31T05:30:08.156+0000] {spark_submit.py:644} INFO - at py4j.ClientServerConnection.run(ClientServerConnection.java:106)
[2025-05-31T05:30:08.156+0000] {spark_submit.py:644} INFO - at java.base/java.lang.Thread.run(Thread.java:840)
[2025-05-31T05:30:08.156+0000] {spark_submit.py:644} INFO - 25/05/31 05:30:08 INFO SparkContext: SparkContext is stopping with exitCode 0.
[2025-05-31T05:30:08.156+0000] {spark_submit.py:644} INFO - 25/05/31 05:30:08 INFO SparkUI: Stopped Spark web UI at http://eb9714469121:4040
[2025-05-31T05:30:08.157+0000] {spark_submit.py:644} INFO - 25/05/31 05:30:08 INFO StandaloneSchedulerBackend: Shutting down all executors
[2025-05-31T05:30:08.157+0000] {spark_submit.py:644} INFO - 25/05/31 05:30:08 INFO StandaloneSchedulerBackend$StandaloneDriverEndpoint: Asking each executor to shut down
[2025-05-31T05:30:08.207+0000] {spark_submit.py:644} INFO - 25/05/31 05:30:08 INFO SparkContext: SparkContext is stopping with exitCode 0.
[2025-05-31T05:30:08.207+0000] {spark_submit.py:644} INFO - 25/05/31 05:30:08 INFO SparkContext: SparkContext already stopped.
[2025-05-31T05:30:08.208+0000] {spark_submit.py:644} INFO - 25/05/31 05:30:08 ERROR Inbox: Ignoring error
[2025-05-31T05:30:08.208+0000] {spark_submit.py:644} INFO - org.apache.spark.SparkException: Exiting due to error from cluster scheduler: Master removed our application: FAILED
[2025-05-31T05:30:08.208+0000] {spark_submit.py:644} INFO - at org.apache.spark.errors.SparkCoreErrors$.clusterSchedulerError(SparkCoreErrors.scala:291)
[2025-05-31T05:30:08.208+0000] {spark_submit.py:644} INFO - at org.apache.spark.scheduler.TaskSchedulerImpl.error(TaskSchedulerImpl.scala:981)
[2025-05-31T05:30:08.209+0000] {spark_submit.py:644} INFO - at org.apache.spark.scheduler.cluster.StandaloneSchedulerBackend.dead(StandaloneSchedulerBackend.scala:165)
[2025-05-31T05:30:08.210+0000] {spark_submit.py:644} INFO - at org.apache.spark.deploy.client.StandaloneAppClient$ClientEndpoint.markDead(StandaloneAppClient.scala:263)
[2025-05-31T05:30:08.210+0000] {spark_submit.py:644} INFO - at org.apache.spark.deploy.client.StandaloneAppClient$ClientEndpoint$$anonfun$receive$1.applyOrElse(StandaloneAppClient.scala:170)
[2025-05-31T05:30:08.210+0000] {spark_submit.py:644} INFO - at org.apache.spark.rpc.netty.Inbox.$anonfun$process$1(Inbox.scala:115)
[2025-05-31T05:30:08.210+0000] {spark_submit.py:644} INFO - at org.apache.spark.rpc.netty.Inbox.safelyCall(Inbox.scala:213)
[2025-05-31T05:30:08.210+0000] {spark_submit.py:644} INFO - at org.apache.spark.rpc.netty.Inbox.process(Inbox.scala:100)
[2025-05-31T05:30:08.211+0000] {spark_submit.py:644} INFO - at org.apache.spark.rpc.netty.MessageLoop.org$apache$spark$rpc$netty$MessageLoop$$receiveLoop(MessageLoop.scala:75)
[2025-05-31T05:30:08.211+0000] {spark_submit.py:644} INFO - at org.apache.spark.rpc.netty.MessageLoop$$anon$1.run(MessageLoop.scala:41)
[2025-05-31T05:30:08.211+0000] {spark_submit.py:644} INFO - at java.base/java.util.concurrent.ThreadPoolExecutor.runWorker(ThreadPoolExecutor.java:1136)
[2025-05-31T05:30:08.211+0000] {spark_submit.py:644} INFO - at java.base/java.util.concurrent.ThreadPoolExecutor$Worker.run(ThreadPoolExecutor.java:635)
[2025-05-31T05:30:08.211+0000] {spark_submit.py:644} INFO - at java.base/java.lang.Thread.run(Thread.java:840)
[2025-05-31T05:30:08.214+0000] {spark_submit.py:644} INFO - 25/05/31 05:30:08 INFO MapOutputTrackerMasterEndpoint: MapOutputTrackerMasterEndpoint stopped!
[2025-05-31T05:30:08.221+0000] {spark_submit.py:644} INFO - 25/05/31 05:30:08 INFO MemoryStore: MemoryStore cleared
[2025-05-31T05:30:08.222+0000] {spark_submit.py:644} INFO - 25/05/31 05:30:08 INFO BlockManager: BlockManager stopped
[2025-05-31T05:30:08.223+0000] {spark_submit.py:644} INFO - 25/05/31 05:30:08 INFO BlockManagerMaster: BlockManagerMaster stopped
[2025-05-31T05:30:08.224+0000] {spark_submit.py:644} INFO - 25/05/31 05:30:08 INFO OutputCommitCoordinator$OutputCommitCoordinatorEndpoint: OutputCommitCoordinator stopped!
[2025-05-31T05:30:08.249+0000] {spark_submit.py:644} INFO - 25/05/31 05:30:08 INFO SparkContext: Successfully stopped SparkContext
[2025-05-31T05:30:08.604+0000] {spark_submit.py:644} INFO - Traceback (most recent call last):
[2025-05-31T05:30:08.605+0000] {spark_submit.py:644} INFO - File "/opt/***/dags/medallion_etl.py", line 64, in <module>
[2025-05-31T05:30:08.606+0000] {spark_submit.py:644} INFO - main()
[2025-05-31T05:30:08.607+0000] {spark_submit.py:644} INFO - ^^^^^^
[2025-05-31T05:30:08.607+0000] {spark_submit.py:644} INFO - File "/opt/***/dags/medallion_etl.py", line 20, in main
[2025-05-31T05:30:08.608+0000] {spark_submit.py:644} INFO - .getOrCreate()
[2025-05-31T05:30:08.609+0000] {spark_submit.py:644} INFO - ^^^^^^^^^^^^^
[2025-05-31T05:30:08.609+0000] {spark_submit.py:644} INFO - File "/home/***/.local/lib/python3.11/site-packages/pyspark/python/lib/pyspark.zip/pyspark/sql/session.py", line 497, in getOrCreate
[2025-05-31T05:30:08.610+0000] {spark_submit.py:644} INFO - File "/home/***/.local/lib/python3.11/site-packages/pyspark/python/lib/pyspark.zip/pyspark/context.py", line 515, in getOrCreate
[2025-05-31T05:30:08.610+0000] {spark_submit.py:644} INFO - File "/home/***/.local/lib/python3.11/site-packages/pyspark/python/lib/pyspark.zip/pyspark/context.py", line 203, in __init__
[2025-05-31T05:30:08.610+0000] {spark_submit.py:644} INFO - File "/home/***/.local/lib/python3.11/site-packages/pyspark/python/lib/pyspark.zip/pyspark/context.py", line 363, in _do_init
[2025-05-31T05:30:08.611+0000] {spark_submit.py:644} INFO - File "/home/***/.local/lib/python3.11/site-packages/pyspark/python/lib/py4j-0.10.9.7-src.zip/py4j/java_gateway.py", line 1322, in __call__
[2025-05-31T05:30:08.611+0000] {spark_submit.py:644} INFO - File "/home/***/.local/lib/python3.11/site-packages/pyspark/python/lib/py4j-0.10.9.7-src.zip/py4j/protocol.py", line 326, in get_return_value
[2025-05-31T05:30:08.612+0000] {spark_submit.py:644} INFO - py4j.protocol.Py4JJavaError: An error occurred while calling z:org.apache.spark.util.Utils.createTempDir.
[2025-05-31T05:30:08.612+0000] {spark_submit.py:644} INFO - : java.io.IOException: Failed to create a temp directory (under /tmp/spark-6fb88a53-f29f-401b-b2a0-b526593b0980) after 10 attempts!
[2025-05-31T05:30:08.613+0000] {spark_submit.py:644} INFO - at org.apache.spark.network.util.JavaUtils.createDirectory(JavaUtils.java:392)
[2025-05-31T05:30:08.613+0000] {spark_submit.py:644} INFO - at org.apache.spark.util.SparkFileUtils.createDirectory(SparkFileUtils.scala:95)
[2025-05-31T05:30:08.613+0000] {spark_submit.py:644} INFO - at org.apache.spark.util.SparkFileUtils.createDirectory$(SparkFileUtils.scala:94)
[2025-05-31T05:30:08.614+0000] {spark_submit.py:644} INFO - at org.apache.spark.util.Utils$.createDirectory(Utils.scala:94)
[2025-05-31T05:30:08.614+0000] {spark_submit.py:644} INFO - at org.apache.spark.util.Utils$.createTempDir(Utils.scala:241)
[2025-05-31T05:30:08.615+0000] {spark_submit.py:644} INFO - at org.apache.spark.util.Utils.createTempDir(Utils.scala)
[2025-05-31T05:30:08.615+0000] {spark_submit.py:644} INFO - at java.base/jdk.internal.reflect.NativeMethodAccessorImpl.invoke0(Native Method)
[2025-05-31T05:30:08.616+0000] {spark_submit.py:644} INFO - at java.base/jdk.internal.reflect.NativeMethodAccessorImpl.invoke(NativeMethodAccessorImpl.java:77)
[2025-05-31T05:30:08.616+0000] {spark_submit.py:644} INFO - at java.base/jdk.internal.reflect.DelegatingMethodAccessorImpl.invoke(DelegatingMethodAccessorImpl.java:43)
[2025-05-31T05:30:08.616+0000] {spark_submit.py:644} INFO - at java.base/java.lang.reflect.Method.invoke(Method.java:569)
[2025-05-31T05:30:08.617+0000] {spark_submit.py:644} INFO - at py4j.reflection.MethodInvoker.invoke(MethodInvoker.java:244)
[2025-05-31T05:30:08.617+0000] {spark_submit.py:644} INFO - at py4j.reflection.ReflectionEngine.invoke(ReflectionEngine.java:374)
[2025-05-31T05:30:08.617+0000] {spark_submit.py:644} INFO - at py4j.Gateway.invoke(Gateway.java:282)
[2025-05-31T05:30:08.618+0000] {spark_submit.py:644} INFO - at py4j.commands.AbstractCommand.invokeMethod(AbstractCommand.java:132)
[2025-05-31T05:30:08.618+0000] {spark_submit.py:644} INFO - at py4j.commands.CallCommand.execute(CallCommand.java:79)
[2025-05-31T05:30:08.618+0000] {spark_submit.py:644} INFO - at py4j.ClientServerConnection.waitForCommands(ClientServerConnection.java:182)
[2025-05-31T05:30:08.618+0000] {spark_submit.py:644} INFO - at py4j.ClientServerConnection.run(ClientServerConnection.java:106)
[2025-05-31T05:30:08.619+0000] {spark_submit.py:644} INFO - at java.base/java.lang.Thread.run(Thread.java:840)
[2025-05-31T05:30:08.619+0000] {spark_submit.py:644} INFO - 
[2025-05-31T05:30:08.658+0000] {spark_submit.py:644} INFO - 25/05/31 05:30:08 INFO ShutdownHookManager: Shutdown hook called
[2025-05-31T05:30:08.659+0000] {spark_submit.py:644} INFO - 25/05/31 05:30:08 INFO ShutdownHookManager: Deleting directory /tmp/spark-6fb88a53-f29f-401b-b2a0-b526593b0980
[2025-05-31T05:30:08.661+0000] {spark_submit.py:644} INFO - 25/05/31 05:30:08 INFO ShutdownHookManager: Deleting directory /tmp/spark-8cb2a814-a0cc-4ed2-8765-bb93ff26191c
[2025-05-31T05:30:08.696+0000] {taskinstance.py:3311} ERROR - Task failed with exception
Traceback (most recent call last):
  File "/home/airflow/.local/lib/python3.11/site-packages/airflow/models/taskinstance.py", line 767, in _execute_task
    result = _execute_callable(context=context, **execute_callable_kwargs)
             ^^^^^^^^^^^^^^^^^^^^^^^^^^^^^^^^^^^^^^^^^^^^^^^^^^^^^^^^^^^^^
  File "/home/airflow/.local/lib/python3.11/site-packages/airflow/models/taskinstance.py", line 733, in _execute_callable
    return ExecutionCallableRunner(
           ^^^^^^^^^^^^^^^^^^^^^^^^
  File "/home/airflow/.local/lib/python3.11/site-packages/airflow/utils/operator_helpers.py", line 252, in run
    return self.func(*args, **kwargs)
           ^^^^^^^^^^^^^^^^^^^^^^^^^^
  File "/home/airflow/.local/lib/python3.11/site-packages/airflow/models/baseoperator.py", line 417, in wrapper
    return func(self, *args, **kwargs)
           ^^^^^^^^^^^^^^^^^^^^^^^^^^^
  File "/home/airflow/.local/lib/python3.11/site-packages/airflow/providers/apache/spark/operators/spark_submit.py", line 197, in execute
    self._hook.submit(self.application)
  File "/home/airflow/.local/lib/python3.11/site-packages/airflow/providers/apache/spark/hooks/spark_submit.py", line 566, in submit
    raise AirflowException(
airflow.exceptions.AirflowException: Cannot execute: spark-submit --master spark://spark-master:7077 --conf spark.executor.memory=2g --conf spark.hadoop.fs.s3a.endpoint=http://minio:9000 --conf spark.hadoop.fs.s3a.access.key=minioadmin --conf spark.hadoop.fs.s3a.secret.key=****** --conf spark.hadoop.fs.s3a.path.style.access=true --conf spark.hadoop.fs.s3a.impl=org.apache.hadoop.fs.s3a.S3AFileSystem --packages org.apache.hadoop:hadoop-aws:3.3.4,com.amazonaws:aws-java-sdk-bundle:1.12.262 --name medallion_sales_etl_spark_job --verbose --queue root.default --deploy-mode client /opt/***/dags/medallion_etl.py. Error code is: 1.
[2025-05-31T05:30:08.699+0000] {taskinstance.py:1225} INFO - Marking task as FAILED. dag_id=medallion_sales_etl, task_id=submit_medallion_sales_etl_job, run_id=manual__2025-05-31T05:24:25.951980+00:00, execution_date=20250531T052425, start_date=20250531T053005, end_date=20250531T053008
[2025-05-31T05:30:08.707+0000] {taskinstance.py:340} INFO - ::group::Post task execution logs
[2025-05-31T05:30:08.707+0000] {standard_task_runner.py:124} ERROR - Failed to execute job 7 for task submit_medallion_sales_etl_job (Cannot execute: spark-submit --master spark://spark-master:7077 --conf spark.executor.memory=2g --conf spark.hadoop.fs.s3a.endpoint=http://minio:9000 --conf spark.hadoop.fs.s3a.access.key=minioadmin --conf spark.hadoop.fs.s3a.secret.key=****** --conf spark.hadoop.fs.s3a.path.style.access=true --conf spark.hadoop.fs.s3a.impl=org.apache.hadoop.fs.s3a.S3AFileSystem --packages org.apache.hadoop:hadoop-aws:3.3.4,com.amazonaws:aws-java-sdk-bundle:1.12.262 --name medallion_sales_etl_spark_job --verbose --queue root.default --deploy-mode client /opt/***/dags/medallion_etl.py. Error code is: 1.; 1088)
Traceback (most recent call last):
  File "/home/airflow/.local/lib/python3.11/site-packages/airflow/task/task_runner/standard_task_runner.py", line 117, in _start_by_fork
    ret = args.func(args, dag=self.dag)
          ^^^^^^^^^^^^^^^^^^^^^^^^^^^^^
  File "/home/airflow/.local/lib/python3.11/site-packages/airflow/cli/cli_config.py", line 49, in command
    return func(*args, **kwargs)
           ^^^^^^^^^^^^^^^^^^^^^
  File "/home/airflow/.local/lib/python3.11/site-packages/airflow/utils/cli.py", line 116, in wrapper
    return f(*args, **kwargs)
           ^^^^^^^^^^^^^^^^^^
  File "/home/airflow/.local/lib/python3.11/site-packages/airflow/cli/commands/task_command.py", line 483, in task_run
    task_return_code = _run_task_by_selected_method(args, _dag, ti)
                       ^^^^^^^^^^^^^^^^^^^^^^^^^^^^^^^^^^^^^^^^^^^^
  File "/home/airflow/.local/lib/python3.11/site-packages/airflow/cli/commands/task_command.py", line 256, in _run_task_by_selected_method
    return _run_raw_task(args, ti)
           ^^^^^^^^^^^^^^^^^^^^^^^
  File "/home/airflow/.local/lib/python3.11/site-packages/airflow/cli/commands/task_command.py", line 341, in _run_raw_task
    return ti._run_raw_task(
           ^^^^^^^^^^^^^^^^^
  File "/home/airflow/.local/lib/python3.11/site-packages/airflow/utils/session.py", line 97, in wrapper
    return func(*args, session=session, **kwargs)
           ^^^^^^^^^^^^^^^^^^^^^^^^^^^^^^^^^^^^^^
  File "/home/airflow/.local/lib/python3.11/site-packages/airflow/models/taskinstance.py", line 3005, in _run_raw_task
    return _run_raw_task(
           ^^^^^^^^^^^^^^
  File "/home/airflow/.local/lib/python3.11/site-packages/airflow/models/taskinstance.py", line 273, in _run_raw_task
    TaskInstance._execute_task_with_callbacks(
  File "/home/airflow/.local/lib/python3.11/site-packages/airflow/models/taskinstance.py", line 3159, in _execute_task_with_callbacks
    result = self._execute_task(context, task_orig)
             ^^^^^^^^^^^^^^^^^^^^^^^^^^^^^^^^^^^^^^
  File "/home/airflow/.local/lib/python3.11/site-packages/airflow/models/taskinstance.py", line 3183, in _execute_task
    return _execute_task(self, context, task_orig)
           ^^^^^^^^^^^^^^^^^^^^^^^^^^^^^^^^^^^^^^^
  File "/home/airflow/.local/lib/python3.11/site-packages/airflow/models/taskinstance.py", line 767, in _execute_task
    result = _execute_callable(context=context, **execute_callable_kwargs)
             ^^^^^^^^^^^^^^^^^^^^^^^^^^^^^^^^^^^^^^^^^^^^^^^^^^^^^^^^^^^^^
  File "/home/airflow/.local/lib/python3.11/site-packages/airflow/models/taskinstance.py", line 733, in _execute_callable
    return ExecutionCallableRunner(
           ^^^^^^^^^^^^^^^^^^^^^^^^
  File "/home/airflow/.local/lib/python3.11/site-packages/airflow/utils/operator_helpers.py", line 252, in run
    return self.func(*args, **kwargs)
           ^^^^^^^^^^^^^^^^^^^^^^^^^^
  File "/home/airflow/.local/lib/python3.11/site-packages/airflow/models/baseoperator.py", line 417, in wrapper
    return func(self, *args, **kwargs)
           ^^^^^^^^^^^^^^^^^^^^^^^^^^^
  File "/home/airflow/.local/lib/python3.11/site-packages/airflow/providers/apache/spark/operators/spark_submit.py", line 197, in execute
    self._hook.submit(self.application)
  File "/home/airflow/.local/lib/python3.11/site-packages/airflow/providers/apache/spark/hooks/spark_submit.py", line 566, in submit
    raise AirflowException(
airflow.exceptions.AirflowException: Cannot execute: spark-submit --master spark://spark-master:7077 --conf spark.executor.memory=2g --conf spark.hadoop.fs.s3a.endpoint=http://minio:9000 --conf spark.hadoop.fs.s3a.access.key=minioadmin --conf spark.hadoop.fs.s3a.secret.key=****** --conf spark.hadoop.fs.s3a.path.style.access=true --conf spark.hadoop.fs.s3a.impl=org.apache.hadoop.fs.s3a.S3AFileSystem --packages org.apache.hadoop:hadoop-aws:3.3.4,com.amazonaws:aws-java-sdk-bundle:1.12.262 --name medallion_sales_etl_spark_job --verbose --queue root.default --deploy-mode client /opt/***/dags/medallion_etl.py. Error code is: 1.
[2025-05-31T05:30:08.743+0000] {local_task_job_runner.py:266} INFO - Task exited with return code 1
[2025-05-31T05:30:08.756+0000] {taskinstance.py:3895} INFO - 0 downstream tasks scheduled from follow-on schedule check
[2025-05-31T05:30:08.757+0000] {local_task_job_runner.py:245} INFO - ::endgroup::
