[2025-06-07T12:44:23.826+0000] {local_task_job_runner.py:123} INFO - ::group::Pre task execution logs
[2025-06-07T12:44:23.835+0000] {taskinstance.py:2613} INFO - Dependencies all met for dep_context=non-requeueable deps ti=<TaskInstance: curry_medallion_etl.submit_bronze_etl_job manual__2025-06-07T12:44:21.594800+00:00 [queued]>
[2025-06-07T12:44:23.839+0000] {taskinstance.py:2613} INFO - Dependencies all met for dep_context=requeueable deps ti=<TaskInstance: curry_medallion_etl.submit_bronze_etl_job manual__2025-06-07T12:44:21.594800+00:00 [queued]>
[2025-06-07T12:44:23.839+0000] {taskinstance.py:2866} INFO - Starting attempt 1 of 1
[2025-06-07T12:44:23.844+0000] {taskinstance.py:2889} INFO - Executing <Task(SparkSubmitOperator): submit_bronze_etl_job> on 2025-06-07 12:44:21.594800+00:00
[2025-06-07T12:44:23.846+0000] {standard_task_runner.py:72} INFO - Started process 1724 to run task
[2025-06-07T12:44:23.848+0000] {standard_task_runner.py:104} INFO - Running: ['***', 'tasks', 'run', 'curry_medallion_etl', 'submit_bronze_etl_job', 'manual__2025-06-07T12:44:21.594800+00:00', '--job-id', '75', '--raw', '--subdir', 'DAGS_FOLDER/medallion_sales_etl_dag.py', '--cfg-path', '/tmp/tmp4rxw8hod']
[2025-06-07T12:44:23.850+0000] {standard_task_runner.py:105} INFO - Job 75: Subtask submit_bronze_etl_job
[2025-06-07T12:44:23.876+0000] {task_command.py:467} INFO - Running <TaskInstance: curry_medallion_etl.submit_bronze_etl_job manual__2025-06-07T12:44:21.594800+00:00 [running]> on host 5ebb95484de3
[2025-06-07T12:44:23.921+0000] {taskinstance.py:3132} INFO - Exporting env vars: AIRFLOW_CTX_DAG_OWNER='qdinh18' AIRFLOW_CTX_DAG_ID='curry_medallion_etl' AIRFLOW_CTX_TASK_ID='submit_bronze_etl_job' AIRFLOW_CTX_EXECUTION_DATE='2025-06-07T12:44:21.594800+00:00' AIRFLOW_CTX_TRY_NUMBER='1' AIRFLOW_CTX_DAG_RUN_ID='manual__2025-06-07T12:44:21.594800+00:00'
[2025-06-07T12:44:23.922+0000] {taskinstance.py:731} INFO - ::endgroup::
[2025-06-07T12:44:23.938+0000] {base.py:84} INFO - Retrieving connection 'spark_default'
[2025-06-07T12:44:23.940+0000] {spark_submit.py:474} INFO - Spark-Submit cmd: spark-submit --master spark://spark-master:7077 --conf spark.executor.memory=2g --conf spark.sql.warehouse.dir=s3a://mybucket/warehouse/ --conf spark.hadoop.fs.s3a.endpoint=http://minio:9000 --conf spark.hadoop.fs.s3a.access.key=minioadmin --conf spark.hadoop.fs.s3a.secret.key=****** --conf spark.hadoop.fs.s3a.path.style.access=true --conf spark.hadoop.fs.s3a.impl=org.apache.hadoop.fs.s3a.S3AFileSystem --conf spark.hadoop.fs.s3a.aws.credentials.provider=org.apache.hadoop.fs.s3a.SimpleAWSCredentialsProvider --packages org.apache.hadoop:hadoop-aws:3.3.4,com.amazonaws:aws-java-sdk-bundle:1.12.262 --name bronze_sc_stats_etl --verbose --queue root.default --deploy-mode client /opt/***/dags/bronze_ingestion_sc_stats_etl.py --output_path s3a://mybucket/bronze/curry_raw_data/
[2025-06-07T12:44:24.581+0000] {spark_submit.py:644} INFO - Using properties file: null
[2025-06-07T12:44:24.637+0000] {spark_submit.py:644} INFO - Parsed arguments:
[2025-06-07T12:44:24.639+0000] {spark_submit.py:644} INFO - master                  spark://spark-master:7077
[2025-06-07T12:44:24.640+0000] {spark_submit.py:644} INFO - remote                  null
[2025-06-07T12:44:24.640+0000] {spark_submit.py:644} INFO - deployMode              client
[2025-06-07T12:44:24.640+0000] {spark_submit.py:644} INFO - executorMemory          2g
[2025-06-07T12:44:24.641+0000] {spark_submit.py:644} INFO - executorCores           null
[2025-06-07T12:44:24.641+0000] {spark_submit.py:644} INFO - totalExecutorCores      null
[2025-06-07T12:44:24.641+0000] {spark_submit.py:644} INFO - propertiesFile          null
[2025-06-07T12:44:24.641+0000] {spark_submit.py:644} INFO - driverMemory            null
[2025-06-07T12:44:24.641+0000] {spark_submit.py:644} INFO - driverCores             null
[2025-06-07T12:44:24.642+0000] {spark_submit.py:644} INFO - driverExtraClassPath    null
[2025-06-07T12:44:24.642+0000] {spark_submit.py:644} INFO - driverExtraLibraryPath  null
[2025-06-07T12:44:24.642+0000] {spark_submit.py:644} INFO - driverExtraJavaOptions  null
[2025-06-07T12:44:24.642+0000] {spark_submit.py:644} INFO - supervise               false
[2025-06-07T12:44:24.643+0000] {spark_submit.py:644} INFO - queue                   root.default
[2025-06-07T12:44:24.643+0000] {spark_submit.py:644} INFO - numExecutors            null
[2025-06-07T12:44:24.643+0000] {spark_submit.py:644} INFO - files                   null
[2025-06-07T12:44:24.643+0000] {spark_submit.py:644} INFO - pyFiles                 null
[2025-06-07T12:44:24.644+0000] {spark_submit.py:644} INFO - archives                null
[2025-06-07T12:44:24.644+0000] {spark_submit.py:644} INFO - mainClass               null
[2025-06-07T12:44:24.644+0000] {spark_submit.py:644} INFO - primaryResource         file:/opt/***/dags/bronze_ingestion_sc_stats_etl.py
[2025-06-07T12:44:24.644+0000] {spark_submit.py:644} INFO - name                    bronze_sc_stats_etl
[2025-06-07T12:44:24.644+0000] {spark_submit.py:644} INFO - childArgs               [--output_path s3a://mybucket/bronze/curry_raw_data/]
[2025-06-07T12:44:24.645+0000] {spark_submit.py:644} INFO - jars                    null
[2025-06-07T12:44:24.645+0000] {spark_submit.py:644} INFO - packages                org.apache.hadoop:hadoop-aws:3.3.4,com.amazonaws:aws-java-sdk-bundle:1.12.262
[2025-06-07T12:44:24.645+0000] {spark_submit.py:644} INFO - packagesExclusions      null
[2025-06-07T12:44:24.645+0000] {spark_submit.py:644} INFO - repositories            null
[2025-06-07T12:44:24.645+0000] {spark_submit.py:644} INFO - verbose                 true
[2025-06-07T12:44:24.646+0000] {spark_submit.py:644} INFO - 
[2025-06-07T12:44:24.646+0000] {spark_submit.py:644} INFO - Spark properties used, including those specified through
[2025-06-07T12:44:24.646+0000] {spark_submit.py:644} INFO - --conf and those from the properties file null:
[2025-06-07T12:44:24.646+0000] {spark_submit.py:644} INFO - (spark.executor.memory,2g)
[2025-06-07T12:44:24.646+0000] {spark_submit.py:644} INFO - (spark.hadoop.fs.s3a.access.key,*********(redacted))
[2025-06-07T12:44:24.647+0000] {spark_submit.py:644} INFO - (spark.hadoop.fs.s3a.aws.credentials.provider,org.apache.hadoop.fs.s3a.SimpleAWSCredentialsProvider)
[2025-06-07T12:44:24.647+0000] {spark_submit.py:644} INFO - (spark.hadoop.fs.s3a.endpoint,http://minio:9000)
[2025-06-07T12:44:24.647+0000] {spark_submit.py:644} INFO - (spark.hadoop.fs.s3a.impl,org.apache.hadoop.fs.s3a.S3AFileSystem)
[2025-06-07T12:44:24.647+0000] {spark_submit.py:644} INFO - (spark.hadoop.fs.s3a.path.style.access,true)
[2025-06-07T12:44:24.647+0000] {spark_submit.py:644} INFO - (spark.hadoop.fs.s3a.secret.key,*********(redacted))
[2025-06-07T12:44:24.647+0000] {spark_submit.py:644} INFO - (spark.sql.warehouse.dir,s3a://mybucket/warehouse/)
[2025-06-07T12:44:24.648+0000] {spark_submit.py:644} INFO - 
[2025-06-07T12:44:24.648+0000] {spark_submit.py:644} INFO - 
[2025-06-07T12:44:24.704+0000] {spark_submit.py:644} INFO - :: loading settings :: url = jar:file:/home/***/.local/lib/python3.11/site-packages/pyspark/jars/ivy-2.5.1.jar!/org/apache/ivy/core/settings/ivysettings.xml
[2025-06-07T12:44:24.741+0000] {spark_submit.py:644} INFO - Ivy Default Cache set to: /home/***/.ivy2/cache
[2025-06-07T12:44:24.742+0000] {spark_submit.py:644} INFO - The jars for the packages stored in: /home/***/.ivy2/jars
[2025-06-07T12:44:24.744+0000] {spark_submit.py:644} INFO - org.apache.hadoop#hadoop-aws added as a dependency
[2025-06-07T12:44:24.744+0000] {spark_submit.py:644} INFO - com.amazonaws#aws-java-sdk-bundle added as a dependency
[2025-06-07T12:44:24.745+0000] {spark_submit.py:644} INFO - :: resolving dependencies :: org.apache.spark#spark-submit-parent-dbb728ec-cba1-4884-9b4d-1a6eec194d58;1.0
[2025-06-07T12:44:24.745+0000] {spark_submit.py:644} INFO - confs: [default]
[2025-06-07T12:44:24.827+0000] {spark_submit.py:644} INFO - found org.apache.hadoop#hadoop-aws;3.3.4 in central
[2025-06-07T12:44:24.840+0000] {spark_submit.py:644} INFO - found com.amazonaws#aws-java-sdk-bundle;1.12.262 in central
[2025-06-07T12:44:24.852+0000] {spark_submit.py:644} INFO - found org.wildfly.openssl#wildfly-openssl;1.0.7.Final in central
[2025-06-07T12:44:24.860+0000] {spark_submit.py:644} INFO - :: resolution report :: resolve 113ms :: artifacts dl 3ms
[2025-06-07T12:44:24.861+0000] {spark_submit.py:644} INFO - :: modules in use:
[2025-06-07T12:44:24.861+0000] {spark_submit.py:644} INFO - com.amazonaws#aws-java-sdk-bundle;1.12.262 from central in [default]
[2025-06-07T12:44:24.861+0000] {spark_submit.py:644} INFO - org.apache.hadoop#hadoop-aws;3.3.4 from central in [default]
[2025-06-07T12:44:24.862+0000] {spark_submit.py:644} INFO - org.wildfly.openssl#wildfly-openssl;1.0.7.Final from central in [default]
[2025-06-07T12:44:24.862+0000] {spark_submit.py:644} INFO - ---------------------------------------------------------------------
[2025-06-07T12:44:24.862+0000] {spark_submit.py:644} INFO - |                  |            modules            ||   artifacts   |
[2025-06-07T12:44:24.862+0000] {spark_submit.py:644} INFO - |       conf       | number| search|dwnlded|evicted|| number|dwnlded|
[2025-06-07T12:44:24.862+0000] {spark_submit.py:644} INFO - ---------------------------------------------------------------------
[2025-06-07T12:44:24.863+0000] {spark_submit.py:644} INFO - |      default     |   3   |   0   |   0   |   0   ||   3   |   0   |
[2025-06-07T12:44:24.863+0000] {spark_submit.py:644} INFO - ---------------------------------------------------------------------
[2025-06-07T12:44:24.863+0000] {spark_submit.py:644} INFO - :: retrieving :: org.apache.spark#spark-submit-parent-dbb728ec-cba1-4884-9b4d-1a6eec194d58
[2025-06-07T12:44:24.863+0000] {spark_submit.py:644} INFO - confs: [default]
[2025-06-07T12:44:24.865+0000] {spark_submit.py:644} INFO - 0 artifacts copied, 3 already retrieved (0kB/2ms)
[2025-06-07T12:44:24.962+0000] {spark_submit.py:644} INFO - 25/06/07 12:44:24 WARN NativeCodeLoader: Unable to load native-hadoop library for your platform... using builtin-java classes where applicable
[2025-06-07T12:44:25.048+0000] {spark_submit.py:644} INFO - Main class:
[2025-06-07T12:44:25.049+0000] {spark_submit.py:644} INFO - org.apache.spark.deploy.PythonRunner
[2025-06-07T12:44:25.049+0000] {spark_submit.py:644} INFO - Arguments:
[2025-06-07T12:44:25.049+0000] {spark_submit.py:644} INFO - file:/opt/***/dags/bronze_ingestion_sc_stats_etl.py
[2025-06-07T12:44:25.050+0000] {spark_submit.py:644} INFO - file:///home/***/.ivy2/jars/org.apache.hadoop_hadoop-aws-3.3.4.jar,file:///home/***/.ivy2/jars/com.amazonaws_aws-java-sdk-bundle-1.12.262.jar,file:///home/***/.ivy2/jars/org.wildfly.openssl_wildfly-openssl-1.0.7.Final.jar
[2025-06-07T12:44:25.050+0000] {spark_submit.py:644} INFO - --output_path
[2025-06-07T12:44:25.050+0000] {spark_submit.py:644} INFO - s3a://mybucket/bronze/curry_raw_data/
[2025-06-07T12:44:25.051+0000] {spark_submit.py:644} INFO - Spark config:
[2025-06-07T12:44:25.053+0000] {spark_submit.py:644} INFO - (spark.app.name,bronze_sc_stats_etl)
[2025-06-07T12:44:25.053+0000] {spark_submit.py:644} INFO - (spark.app.submitTime,1749300265038)
[2025-06-07T12:44:25.053+0000] {spark_submit.py:644} INFO - (spark.executor.memory,2g)
[2025-06-07T12:44:25.054+0000] {spark_submit.py:644} INFO - (spark.files,file:///home/***/.ivy2/jars/org.apache.hadoop_hadoop-aws-3.3.4.jar,file:///home/***/.ivy2/jars/com.amazonaws_aws-java-sdk-bundle-1.12.262.jar,file:///home/***/.ivy2/jars/org.wildfly.openssl_wildfly-openssl-1.0.7.Final.jar)
[2025-06-07T12:44:25.054+0000] {spark_submit.py:644} INFO - (spark.hadoop.fs.s3a.access.key,*********(redacted))
[2025-06-07T12:44:25.054+0000] {spark_submit.py:644} INFO - (spark.hadoop.fs.s3a.aws.credentials.provider,org.apache.hadoop.fs.s3a.SimpleAWSCredentialsProvider)
[2025-06-07T12:44:25.054+0000] {spark_submit.py:644} INFO - (spark.hadoop.fs.s3a.endpoint,http://minio:9000)
[2025-06-07T12:44:25.055+0000] {spark_submit.py:644} INFO - (spark.hadoop.fs.s3a.impl,org.apache.hadoop.fs.s3a.S3AFileSystem)
[2025-06-07T12:44:25.055+0000] {spark_submit.py:644} INFO - (spark.hadoop.fs.s3a.path.style.access,true)
[2025-06-07T12:44:25.055+0000] {spark_submit.py:644} INFO - (spark.hadoop.fs.s3a.secret.key,*********(redacted))
[2025-06-07T12:44:25.055+0000] {spark_submit.py:644} INFO - (spark.jars,file:///home/***/.ivy2/jars/org.apache.hadoop_hadoop-aws-3.3.4.jar,file:///home/***/.ivy2/jars/com.amazonaws_aws-java-sdk-bundle-1.12.262.jar,file:///home/***/.ivy2/jars/org.wildfly.openssl_wildfly-openssl-1.0.7.Final.jar)
[2025-06-07T12:44:25.056+0000] {spark_submit.py:644} INFO - (spark.master,spark://spark-master:7077)
[2025-06-07T12:44:25.056+0000] {spark_submit.py:644} INFO - (spark.repl.local.jars,file:///home/***/.ivy2/jars/org.apache.hadoop_hadoop-aws-3.3.4.jar,file:///home/***/.ivy2/jars/com.amazonaws_aws-java-sdk-bundle-1.12.262.jar,file:///home/***/.ivy2/jars/org.wildfly.openssl_wildfly-openssl-1.0.7.Final.jar)
[2025-06-07T12:44:25.056+0000] {spark_submit.py:644} INFO - (spark.sql.warehouse.dir,s3a://mybucket/warehouse/)
[2025-06-07T12:44:25.056+0000] {spark_submit.py:644} INFO - (spark.submit.deployMode,client)
[2025-06-07T12:44:25.056+0000] {spark_submit.py:644} INFO - (spark.submit.pyFiles,/home/***/.ivy2/jars/org.apache.hadoop_hadoop-aws-3.3.4.jar,/home/***/.ivy2/jars/com.amazonaws_aws-java-sdk-bundle-1.12.262.jar,/home/***/.ivy2/jars/org.wildfly.openssl_wildfly-openssl-1.0.7.Final.jar)
[2025-06-07T12:44:25.056+0000] {spark_submit.py:644} INFO - Classpath elements:
[2025-06-07T12:44:25.057+0000] {spark_submit.py:644} INFO - file:///home/***/.ivy2/jars/org.apache.hadoop_hadoop-aws-3.3.4.jar
[2025-06-07T12:44:25.057+0000] {spark_submit.py:644} INFO - file:///home/***/.ivy2/jars/com.amazonaws_aws-java-sdk-bundle-1.12.262.jar
[2025-06-07T12:44:25.057+0000] {spark_submit.py:644} INFO - file:///home/***/.ivy2/jars/org.wildfly.openssl_wildfly-openssl-1.0.7.Final.jar
[2025-06-07T12:44:25.057+0000] {spark_submit.py:644} INFO - 
[2025-06-07T12:44:25.057+0000] {spark_submit.py:644} INFO - 
[2025-06-07T12:44:25.682+0000] {spark_submit.py:644} INFO - 25/06/07 12:44:25 INFO SparkContext: Running Spark version 3.5.2
[2025-06-07T12:44:25.682+0000] {spark_submit.py:644} INFO - 25/06/07 12:44:25 INFO SparkContext: OS info Linux, 6.10.14-linuxkit, aarch64
[2025-06-07T12:44:25.683+0000] {spark_submit.py:644} INFO - 25/06/07 12:44:25 INFO SparkContext: Java version 17.0.15
[2025-06-07T12:44:25.692+0000] {spark_submit.py:644} INFO - 25/06/07 12:44:25 INFO ResourceUtils: ==============================================================
[2025-06-07T12:44:25.693+0000] {spark_submit.py:644} INFO - 25/06/07 12:44:25 INFO ResourceUtils: No custom resources configured for spark.driver.
[2025-06-07T12:44:25.693+0000] {spark_submit.py:644} INFO - 25/06/07 12:44:25 INFO ResourceUtils: ==============================================================
[2025-06-07T12:44:25.693+0000] {spark_submit.py:644} INFO - 25/06/07 12:44:25 INFO SparkContext: Submitted application: BronzeIngestionStephenCurryStats
[2025-06-07T12:44:25.705+0000] {spark_submit.py:644} INFO - 25/06/07 12:44:25 INFO ResourceProfile: Default ResourceProfile created, executor resources: Map(memory -> name: memory, amount: 2048, script: , vendor: , offHeap -> name: offHeap, amount: 0, script: , vendor: ), task resources: Map(cpus -> name: cpus, amount: 1.0)
[2025-06-07T12:44:25.709+0000] {spark_submit.py:644} INFO - 25/06/07 12:44:25 INFO ResourceProfile: Limiting resource is cpu
[2025-06-07T12:44:25.710+0000] {spark_submit.py:644} INFO - 25/06/07 12:44:25 INFO ResourceProfileManager: Added ResourceProfile id: 0
[2025-06-07T12:44:25.741+0000] {spark_submit.py:644} INFO - 25/06/07 12:44:25 INFO SecurityManager: Changing view acls to: ***
[2025-06-07T12:44:25.741+0000] {spark_submit.py:644} INFO - 25/06/07 12:44:25 INFO SecurityManager: Changing modify acls to: ***
[2025-06-07T12:44:25.742+0000] {spark_submit.py:644} INFO - 25/06/07 12:44:25 INFO SecurityManager: Changing view acls groups to:
[2025-06-07T12:44:25.742+0000] {spark_submit.py:644} INFO - 25/06/07 12:44:25 INFO SecurityManager: Changing modify acls groups to:
[2025-06-07T12:44:25.742+0000] {spark_submit.py:644} INFO - 25/06/07 12:44:25 INFO SecurityManager: SecurityManager: authentication disabled; ui acls disabled; users with view permissions: ***; groups with view permissions: EMPTY; users with modify permissions: ***; groups with modify permissions: EMPTY
[2025-06-07T12:44:25.858+0000] {spark_submit.py:644} INFO - 25/06/07 12:44:25 INFO Utils: Successfully started service 'sparkDriver' on port 38639.
[2025-06-07T12:44:25.876+0000] {spark_submit.py:644} INFO - 25/06/07 12:44:25 INFO SparkEnv: Registering MapOutputTracker
[2025-06-07T12:44:25.905+0000] {spark_submit.py:644} INFO - 25/06/07 12:44:25 INFO SparkEnv: Registering BlockManagerMaster
[2025-06-07T12:44:25.915+0000] {spark_submit.py:644} INFO - 25/06/07 12:44:25 INFO BlockManagerMasterEndpoint: Using org.apache.spark.storage.DefaultTopologyMapper for getting topology information
[2025-06-07T12:44:25.916+0000] {spark_submit.py:644} INFO - 25/06/07 12:44:25 INFO BlockManagerMasterEndpoint: BlockManagerMasterEndpoint up
[2025-06-07T12:44:25.918+0000] {spark_submit.py:644} INFO - 25/06/07 12:44:25 INFO SparkEnv: Registering BlockManagerMasterHeartbeat
[2025-06-07T12:44:25.931+0000] {spark_submit.py:644} INFO - 25/06/07 12:44:25 INFO DiskBlockManager: Created local directory at /tmp/blockmgr-e6f09d1c-20c2-4cf6-a72a-132897159a11
[2025-06-07T12:44:25.938+0000] {spark_submit.py:644} INFO - 25/06/07 12:44:25 INFO MemoryStore: MemoryStore started with capacity 434.4 MiB
[2025-06-07T12:44:25.949+0000] {spark_submit.py:644} INFO - 25/06/07 12:44:25 INFO SparkEnv: Registering OutputCommitCoordinator
[2025-06-07T12:44:26.016+0000] {spark_submit.py:644} INFO - 25/06/07 12:44:26 INFO JettyUtils: Start Jetty 0.0.0.0:4040 for SparkUI
[2025-06-07T12:44:26.047+0000] {spark_submit.py:644} INFO - 25/06/07 12:44:26 INFO Utils: Successfully started service 'SparkUI' on port 4040.
[2025-06-07T12:44:26.067+0000] {spark_submit.py:644} INFO - 25/06/07 12:44:26 INFO SparkContext: Added JAR file:///home/***/.ivy2/jars/org.apache.hadoop_hadoop-aws-3.3.4.jar at spark://5ebb95484de3:38639/jars/org.apache.hadoop_hadoop-aws-3.3.4.jar with timestamp 1749300265678
[2025-06-07T12:44:26.068+0000] {spark_submit.py:644} INFO - 25/06/07 12:44:26 INFO SparkContext: Added JAR file:///home/***/.ivy2/jars/com.amazonaws_aws-java-sdk-bundle-1.12.262.jar at spark://5ebb95484de3:38639/jars/com.amazonaws_aws-java-sdk-bundle-1.12.262.jar with timestamp 1749300265678
[2025-06-07T12:44:26.068+0000] {spark_submit.py:644} INFO - 25/06/07 12:44:26 INFO SparkContext: Added JAR file:///home/***/.ivy2/jars/org.wildfly.openssl_wildfly-openssl-1.0.7.Final.jar at spark://5ebb95484de3:38639/jars/org.wildfly.openssl_wildfly-openssl-1.0.7.Final.jar with timestamp 1749300265678
[2025-06-07T12:44:26.070+0000] {spark_submit.py:644} INFO - 25/06/07 12:44:26 INFO SparkContext: Added file file:///home/***/.ivy2/jars/org.apache.hadoop_hadoop-aws-3.3.4.jar at spark://5ebb95484de3:38639/files/org.apache.hadoop_hadoop-aws-3.3.4.jar with timestamp 1749300265678
[2025-06-07T12:44:26.071+0000] {spark_submit.py:644} INFO - 25/06/07 12:44:26 INFO Utils: Copying /home/***/.ivy2/jars/org.apache.hadoop_hadoop-aws-3.3.4.jar to /tmp/spark-e7eda455-0ebb-40b2-bb2a-848292c0ec7d/userFiles-471aed5d-f0df-49e3-aada-2bd447740092/org.apache.hadoop_hadoop-aws-3.3.4.jar
[2025-06-07T12:44:26.076+0000] {spark_submit.py:644} INFO - 25/06/07 12:44:26 INFO SparkContext: Added file file:///home/***/.ivy2/jars/com.amazonaws_aws-java-sdk-bundle-1.12.262.jar at spark://5ebb95484de3:38639/files/com.amazonaws_aws-java-sdk-bundle-1.12.262.jar with timestamp 1749300265678
[2025-06-07T12:44:26.076+0000] {spark_submit.py:644} INFO - 25/06/07 12:44:26 INFO Utils: Copying /home/***/.ivy2/jars/com.amazonaws_aws-java-sdk-bundle-1.12.262.jar to /tmp/spark-e7eda455-0ebb-40b2-bb2a-848292c0ec7d/userFiles-471aed5d-f0df-49e3-aada-2bd447740092/com.amazonaws_aws-java-sdk-bundle-1.12.262.jar
[2025-06-07T12:44:26.149+0000] {spark_submit.py:644} INFO - 25/06/07 12:44:26 INFO SparkContext: Added file file:///home/***/.ivy2/jars/org.wildfly.openssl_wildfly-openssl-1.0.7.Final.jar at spark://5ebb95484de3:38639/files/org.wildfly.openssl_wildfly-openssl-1.0.7.Final.jar with timestamp 1749300265678
[2025-06-07T12:44:26.150+0000] {spark_submit.py:644} INFO - 25/06/07 12:44:26 INFO Utils: Copying /home/***/.ivy2/jars/org.wildfly.openssl_wildfly-openssl-1.0.7.Final.jar to /tmp/spark-e7eda455-0ebb-40b2-bb2a-848292c0ec7d/userFiles-471aed5d-f0df-49e3-aada-2bd447740092/org.wildfly.openssl_wildfly-openssl-1.0.7.Final.jar
[2025-06-07T12:44:26.197+0000] {spark_submit.py:644} INFO - 25/06/07 12:44:26 INFO StandaloneAppClient$ClientEndpoint: Connecting to master spark://spark-master:7077...
[2025-06-07T12:44:26.220+0000] {spark_submit.py:644} INFO - 25/06/07 12:44:26 INFO TransportClientFactory: Successfully created connection to spark-master/172.19.0.6:7077 after 12 ms (0 ms spent in bootstraps)
[2025-06-07T12:44:26.264+0000] {spark_submit.py:644} INFO - 25/06/07 12:44:26 INFO StandaloneSchedulerBackend: Connected to Spark cluster with app ID app-20250607124426-0005
[2025-06-07T12:44:26.265+0000] {spark_submit.py:644} INFO - 25/06/07 12:44:26 INFO StandaloneAppClient$ClientEndpoint: Executor added: app-20250607124426-0005/0 on worker-20250607120528-172.19.0.7-44613 (172.19.0.7:44613) with 4 core(s)
[2025-06-07T12:44:26.266+0000] {spark_submit.py:644} INFO - 25/06/07 12:44:26 INFO StandaloneSchedulerBackend: Granted executor ID app-20250607124426-0005/0 on hostPort 172.19.0.7:44613 with 4 core(s), 2.0 GiB RAM
[2025-06-07T12:44:26.271+0000] {spark_submit.py:644} INFO - 25/06/07 12:44:26 INFO Utils: Successfully started service 'org.apache.spark.network.netty.NettyBlockTransferService' on port 36475.
[2025-06-07T12:44:26.271+0000] {spark_submit.py:644} INFO - 25/06/07 12:44:26 INFO NettyBlockTransferService: Server created on 5ebb95484de3:36475
[2025-06-07T12:44:26.272+0000] {spark_submit.py:644} INFO - 25/06/07 12:44:26 INFO BlockManager: Using org.apache.spark.storage.RandomBlockReplicationPolicy for block replication policy
[2025-06-07T12:44:26.275+0000] {spark_submit.py:644} INFO - 25/06/07 12:44:26 INFO BlockManagerMaster: Registering BlockManager BlockManagerId(driver, 5ebb95484de3, 36475, None)
[2025-06-07T12:44:26.277+0000] {spark_submit.py:644} INFO - 25/06/07 12:44:26 INFO BlockManagerMasterEndpoint: Registering block manager 5ebb95484de3:36475 with 434.4 MiB RAM, BlockManagerId(driver, 5ebb95484de3, 36475, None)
[2025-06-07T12:44:26.278+0000] {spark_submit.py:644} INFO - 25/06/07 12:44:26 INFO BlockManagerMaster: Registered BlockManager BlockManagerId(driver, 5ebb95484de3, 36475, None)
[2025-06-07T12:44:26.279+0000] {spark_submit.py:644} INFO - 25/06/07 12:44:26 INFO BlockManager: Initialized BlockManager: BlockManagerId(driver, 5ebb95484de3, 36475, None)
[2025-06-07T12:44:26.285+0000] {spark_submit.py:644} INFO - 25/06/07 12:44:26 INFO StandaloneAppClient$ClientEndpoint: Executor updated: app-20250607124426-0005/0 is now RUNNING
[2025-06-07T12:44:26.388+0000] {spark_submit.py:644} INFO - 25/06/07 12:44:26 INFO StandaloneSchedulerBackend: SchedulerBackend is ready for scheduling beginning after reached minRegisteredResourcesRatio: 0.0
[2025-06-07T12:44:26.482+0000] {spark_submit.py:644} INFO - Bronze Ingestion: Spark session created.
[2025-06-07T12:44:26.486+0000] {spark_submit.py:644} INFO - 25/06/07 12:44:26 INFO SharedState: Setting hive.metastore.warehouse.dir ('null') to the value of spark.sql.warehouse.dir.
[2025-06-07T12:44:26.549+0000] {spark_submit.py:644} INFO - 25/06/07 12:44:26 WARN MetricsConfig: Cannot locate configuration: tried hadoop-metrics2-s3a-file-system.properties,hadoop-metrics2.properties
[2025-06-07T12:44:26.555+0000] {spark_submit.py:644} INFO - 25/06/07 12:44:26 INFO MetricsSystemImpl: Scheduled Metric snapshot period at 10 second(s).
[2025-06-07T12:44:26.555+0000] {spark_submit.py:644} INFO - 25/06/07 12:44:26 INFO MetricsSystemImpl: s3a-file-system metrics system started
[2025-06-07T12:44:26.913+0000] {spark_submit.py:644} INFO - 25/06/07 12:44:26 INFO SharedState: Warehouse path is 's3a://mybucket/warehouse'.
[2025-06-07T12:44:27.400+0000] {spark_submit.py:644} INFO - 25/06/07 12:44:27 INFO InMemoryFileIndex: It took 21 ms to list leaf files for 1 paths.
[2025-06-07T12:44:27.789+0000] {spark_submit.py:644} INFO - Successfully loaded Stephen Curry stats from: /opt/***/data/Stephen Curry Stats.parquet
[2025-06-07T12:44:27.789+0000] {spark_submit.py:644} INFO - Writing data to Bronze layer at: s3a://mybucket/bronze/curry_raw_data/
[2025-06-07T12:44:27.937+0000] {spark_submit.py:644} INFO - 25/06/07 12:44:27 INFO StandaloneSchedulerBackend$StandaloneDriverEndpoint: Registered executor NettyRpcEndpointRef(spark-client://Executor) (172.19.0.7:48908) with ID 0,  ResourceProfileId 0
[2025-06-07T12:44:27.990+0000] {spark_submit.py:644} INFO - 25/06/07 12:44:27 INFO BlockManagerMasterEndpoint: Registering block manager 172.19.0.7:37151 with 1048.8 MiB RAM, BlockManagerId(0, 172.19.0.7, 37151, None)
[2025-06-07T12:44:28.038+0000] {spark_submit.py:644} INFO - 25/06/07 12:44:28 INFO FileSourceStrategy: Pushed Filters:
[2025-06-07T12:44:28.039+0000] {spark_submit.py:644} INFO - 25/06/07 12:44:28 INFO FileSourceStrategy: Post-Scan Filters:
[2025-06-07T12:44:28.083+0000] {spark_submit.py:644} INFO - 25/06/07 12:44:28 WARN SparkStringUtils: Truncated the string representation of a plan since it was too large. This behavior can be adjusted by setting 'spark.sql.debug.maxToStringFields'.
[2025-06-07T12:44:28.327+0000] {spark_submit.py:644} INFO - 25/06/07 12:44:28 INFO ParquetUtils: Using default output committer for Parquet: org.apache.parquet.hadoop.ParquetOutputCommitter
[2025-06-07T12:44:28.348+0000] {spark_submit.py:644} INFO - 25/06/07 12:44:28 INFO FileOutputCommitter: File Output Committer Algorithm version is 1
[2025-06-07T12:44:28.348+0000] {spark_submit.py:644} INFO - 25/06/07 12:44:28 INFO FileOutputCommitter: FileOutputCommitter skip cleanup _temporary folders under output directory:false, ignore cleanup failures: false
[2025-06-07T12:44:28.349+0000] {spark_submit.py:644} INFO - 25/06/07 12:44:28 INFO SQLHadoopMapReduceCommitProtocol: Using user defined output committer class org.apache.parquet.hadoop.ParquetOutputCommitter
[2025-06-07T12:44:28.350+0000] {spark_submit.py:644} INFO - 25/06/07 12:44:28 INFO FileOutputCommitter: File Output Committer Algorithm version is 1
[2025-06-07T12:44:28.350+0000] {spark_submit.py:644} INFO - 25/06/07 12:44:28 INFO FileOutputCommitter: FileOutputCommitter skip cleanup _temporary folders under output directory:false, ignore cleanup failures: false
[2025-06-07T12:44:28.351+0000] {spark_submit.py:644} INFO - 25/06/07 12:44:28 INFO SQLHadoopMapReduceCommitProtocol: Using output committer class org.apache.parquet.hadoop.ParquetOutputCommitter
[2025-06-07T12:44:28.725+0000] {spark_submit.py:644} INFO - 25/06/07 12:44:28 INFO CodeGenerator: Code generated in 180.84 ms
[2025-06-07T12:44:28.762+0000] {spark_submit.py:644} INFO - 25/06/07 12:44:28 INFO MemoryStore: Block broadcast_0 stored as values in memory (estimated size 208.6 KiB, free 434.2 MiB)
[2025-06-07T12:44:28.792+0000] {spark_submit.py:644} INFO - 25/06/07 12:44:28 INFO MemoryStore: Block broadcast_0_piece0 stored as bytes in memory (estimated size 36.7 KiB, free 434.2 MiB)
[2025-06-07T12:44:28.795+0000] {spark_submit.py:644} INFO - 25/06/07 12:44:28 INFO BlockManagerInfo: Added broadcast_0_piece0 in memory on 5ebb95484de3:36475 (size: 36.7 KiB, free: 434.4 MiB)
[2025-06-07T12:44:28.798+0000] {spark_submit.py:644} INFO - 25/06/07 12:44:28 INFO SparkContext: Created broadcast 0 from save at NativeMethodAccessorImpl.java:0
[2025-06-07T12:44:28.808+0000] {spark_submit.py:644} INFO - 25/06/07 12:44:28 INFO FileSourceScanExec: Planning scan with bin packing, max size: 4194304 bytes, open cost is considered as scanning 4194304 bytes.
[2025-06-07T12:44:28.846+0000] {spark_submit.py:644} INFO - 25/06/07 12:44:28 INFO SparkContext: Starting job: save at NativeMethodAccessorImpl.java:0
[2025-06-07T12:44:28.853+0000] {spark_submit.py:644} INFO - 25/06/07 12:44:28 INFO DAGScheduler: Got job 0 (save at NativeMethodAccessorImpl.java:0) with 1 output partitions
[2025-06-07T12:44:28.854+0000] {spark_submit.py:644} INFO - 25/06/07 12:44:28 INFO DAGScheduler: Final stage: ResultStage 0 (save at NativeMethodAccessorImpl.java:0)
[2025-06-07T12:44:28.854+0000] {spark_submit.py:644} INFO - 25/06/07 12:44:28 INFO DAGScheduler: Parents of final stage: List()
[2025-06-07T12:44:28.854+0000] {spark_submit.py:644} INFO - 25/06/07 12:44:28 INFO DAGScheduler: Missing parents: List()
[2025-06-07T12:44:28.855+0000] {spark_submit.py:644} INFO - 25/06/07 12:44:28 INFO DAGScheduler: Submitting ResultStage 0 (MapPartitionsRDD[3] at save at NativeMethodAccessorImpl.java:0), which has no missing parents
[2025-06-07T12:44:28.904+0000] {spark_submit.py:644} INFO - 25/06/07 12:44:28 INFO MemoryStore: Block broadcast_1 stored as values in memory (estimated size 238.6 KiB, free 433.9 MiB)
[2025-06-07T12:44:28.905+0000] {spark_submit.py:644} INFO - 25/06/07 12:44:28 INFO MemoryStore: Block broadcast_1_piece0 stored as bytes in memory (estimated size 81.9 KiB, free 433.8 MiB)
[2025-06-07T12:44:28.906+0000] {spark_submit.py:644} INFO - 25/06/07 12:44:28 INFO BlockManagerInfo: Added broadcast_1_piece0 in memory on 5ebb95484de3:36475 (size: 81.9 KiB, free: 434.3 MiB)
[2025-06-07T12:44:28.906+0000] {spark_submit.py:644} INFO - 25/06/07 12:44:28 INFO SparkContext: Created broadcast 1 from broadcast at DAGScheduler.scala:1585
[2025-06-07T12:44:28.916+0000] {spark_submit.py:644} INFO - 25/06/07 12:44:28 INFO DAGScheduler: Submitting 1 missing tasks from ResultStage 0 (MapPartitionsRDD[3] at save at NativeMethodAccessorImpl.java:0) (first 15 tasks are for partitions Vector(0))
[2025-06-07T12:44:28.917+0000] {spark_submit.py:644} INFO - 25/06/07 12:44:28 INFO TaskSchedulerImpl: Adding task set 0.0 with 1 tasks resource profile 0
[2025-06-07T12:44:28.931+0000] {spark_submit.py:644} INFO - 25/06/07 12:44:28 INFO TaskSetManager: Starting task 0.0 in stage 0.0 (TID 0) (172.19.0.7, executor 0, partition 0, PROCESS_LOCAL, 10352 bytes)
[2025-06-07T12:44:29.197+0000] {spark_submit.py:644} INFO - 25/06/07 12:44:29 INFO BlockManagerInfo: Added broadcast_1_piece0 in memory on 172.19.0.7:37151 (size: 81.9 KiB, free: 1048.7 MiB)
[2025-06-07T12:44:30.218+0000] {spark_submit.py:644} INFO - 25/06/07 12:44:30 INFO BlockManagerInfo: Added broadcast_0_piece0 in memory on 172.19.0.7:37151 (size: 36.7 KiB, free: 1048.7 MiB)
[2025-06-07T12:44:30.607+0000] {spark_submit.py:644} INFO - 25/06/07 12:44:30 INFO TaskSetManager: Finished task 0.0 in stage 0.0 (TID 0) in 1682 ms on 172.19.0.7 (executor 0) (1/1)
[2025-06-07T12:44:30.608+0000] {spark_submit.py:644} INFO - 25/06/07 12:44:30 INFO TaskSchedulerImpl: Removed TaskSet 0.0, whose tasks have all completed, from pool
[2025-06-07T12:44:30.610+0000] {spark_submit.py:644} INFO - 25/06/07 12:44:30 INFO DAGScheduler: ResultStage 0 (save at NativeMethodAccessorImpl.java:0) finished in 1.750 s
[2025-06-07T12:44:30.612+0000] {spark_submit.py:644} INFO - 25/06/07 12:44:30 INFO DAGScheduler: Job 0 is finished. Cancelling potential speculative or zombie tasks for this job
[2025-06-07T12:44:30.613+0000] {spark_submit.py:644} INFO - 25/06/07 12:44:30 INFO TaskSchedulerImpl: Killing all running tasks in stage 0: Stage finished
[2025-06-07T12:44:30.613+0000] {spark_submit.py:644} INFO - 25/06/07 12:44:30 INFO DAGScheduler: Job 0 finished: save at NativeMethodAccessorImpl.java:0, took 1.767275 s
[2025-06-07T12:44:30.617+0000] {spark_submit.py:644} INFO - 25/06/07 12:44:30 INFO FileFormatWriter: Start to commit write Job a713183a-b10b-4109-a47c-baa8adfc8ec7.
[2025-06-07T12:44:30.731+0000] {spark_submit.py:644} INFO - 25/06/07 12:44:30 INFO FileFormatWriter: Write Job a713183a-b10b-4109-a47c-baa8adfc8ec7 committed. Elapsed time: 115 ms.
[2025-06-07T12:44:30.733+0000] {spark_submit.py:644} INFO - 25/06/07 12:44:30 INFO FileFormatWriter: Finished processing stats for write job a713183a-b10b-4109-a47c-baa8adfc8ec7.
[2025-06-07T12:44:30.734+0000] {spark_submit.py:644} INFO - Successfully wrote Parquet data to S3 path: s3a://mybucket/bronze/curry_raw_data/
[2025-06-07T12:44:30.784+0000] {spark_submit.py:644} INFO - 25/06/07 12:44:30 INFO HiveConf: Found configuration file null
[2025-06-07T12:44:30.789+0000] {spark_submit.py:644} INFO - 25/06/07 12:44:30 INFO HiveUtils: Initializing HiveMetastoreConnection version 2.3.9 using Spark classes.
[2025-06-07T12:44:30.894+0000] {spark_submit.py:644} INFO - 25/06/07 12:44:30 INFO HiveClientImpl: Warehouse location for Hive client (version 2.3.9) is s3a://mybucket/warehouse
[2025-06-07T12:44:30.912+0000] {spark_submit.py:644} INFO - 25/06/07 12:44:30 INFO metastore: Trying to connect to metastore with URI thrift://hive-metastore:9083
[2025-06-07T12:44:30.922+0000] {spark_submit.py:644} INFO - 25/06/07 12:44:30 INFO metastore: Opened a connection to metastore, current connections: 1
[2025-06-07T12:44:30.932+0000] {spark_submit.py:644} INFO - 25/06/07 12:44:30 INFO metastore: Connected to metastore.
[2025-06-07T12:44:30.988+0000] {spark_submit.py:644} INFO - 25/06/07 12:44:30 INFO BlockManagerInfo: Removed broadcast_1_piece0 on 5ebb95484de3:36475 in memory (size: 81.9 KiB, free: 434.4 MiB)
[2025-06-07T12:44:30.997+0000] {spark_submit.py:644} INFO - 25/06/07 12:44:30 INFO BlockManagerInfo: Removed broadcast_1_piece0 on 172.19.0.7:37151 in memory (size: 81.9 KiB, free: 1048.8 MiB)
[2025-06-07T12:44:31.155+0000] {spark_submit.py:644} INFO - 25/06/07 12:44:31 INFO SQLStdHiveAccessController: Created SQLStdHiveAccessController for session context : HiveAuthzSessionContext [sessionString=a8ee20b0-f587-4e68-a27f-a57383c3bc02, clientType=HIVECLI]
[2025-06-07T12:44:31.156+0000] {spark_submit.py:644} INFO - 25/06/07 12:44:31 WARN SessionState: METASTORE_FILTER_HOOK will be ignored, since hive.security.authorization.manager is set to instance of HiveAuthorizerFactory.
[2025-06-07T12:44:31.156+0000] {spark_submit.py:644} INFO - 25/06/07 12:44:31 INFO metastore: Mestastore configuration hive.metastore.filter.hook changed from org.apache.hadoop.hive.metastore.DefaultMetaStoreFilterHookImpl to org.apache.hadoop.hive.ql.security.authorization.plugin.AuthorizationMetaStoreFilterHook
[2025-06-07T12:44:31.158+0000] {spark_submit.py:644} INFO - 25/06/07 12:44:31 INFO metastore: Closed a connection to metastore, current connections: 0
[2025-06-07T12:44:31.158+0000] {spark_submit.py:644} INFO - 25/06/07 12:44:31 INFO metastore: Trying to connect to metastore with URI thrift://hive-metastore:9083
[2025-06-07T12:44:31.159+0000] {spark_submit.py:644} INFO - 25/06/07 12:44:31 INFO metastore: Opened a connection to metastore, current connections: 1
[2025-06-07T12:44:31.160+0000] {spark_submit.py:644} INFO - 25/06/07 12:44:31 INFO metastore: Connected to metastore.
[2025-06-07T12:44:31.193+0000] {spark_submit.py:644} INFO - 25/06/07 12:44:31 INFO metastore: Trying to connect to metastore with URI thrift://hive-metastore:9083
[2025-06-07T12:44:31.194+0000] {spark_submit.py:644} INFO - 25/06/07 12:44:31 INFO metastore: Opened a connection to metastore, current connections: 2
[2025-06-07T12:44:31.194+0000] {spark_submit.py:644} INFO - 25/06/07 12:44:31 INFO metastore: Connected to metastore.
[2025-06-07T12:44:31.377+0000] {spark_submit.py:644} INFO - Error writing data to Bronze layer: org.apache.hadoop.hive.ql.metadata.HiveException: MetaException(message:Got exception: java.nio.file.AccessDeniedException s3a://mybucket/bronze/curry_raw_data: getFileStatus on s3a://mybucket/bronze/curry_raw_data: com.amazonaws.services.s3.model.AmazonS3Exception: Forbidden (Service: Amazon S3; Status Code: 403; Error Code: 403 Forbidden; Request ID: 1846C3541714433C; S3 Extended Request ID: dd9025bab4ad464b049177c95eb6ebf374d3b3fd1af9251148b658df7ac2e3e8; Proxy: null), S3 Extended Request ID: dd9025bab4ad464b049177c95eb6ebf374d3b3fd1af9251148b658df7ac2e3e8:403 Forbidden)
[2025-06-07T12:44:31.378+0000] {spark_submit.py:644} INFO - 25/06/07 12:44:31 INFO SparkContext: SparkContext is stopping with exitCode 0.
[2025-06-07T12:44:31.384+0000] {spark_submit.py:644} INFO - 25/06/07 12:44:31 INFO SparkUI: Stopped Spark web UI at http://5ebb95484de3:4040
[2025-06-07T12:44:31.386+0000] {spark_submit.py:644} INFO - 25/06/07 12:44:31 INFO StandaloneSchedulerBackend: Shutting down all executors
[2025-06-07T12:44:31.389+0000] {spark_submit.py:644} INFO - 25/06/07 12:44:31 INFO StandaloneSchedulerBackend$StandaloneDriverEndpoint: Asking each executor to shut down
[2025-06-07T12:44:31.398+0000] {spark_submit.py:644} INFO - 25/06/07 12:44:31 INFO MapOutputTrackerMasterEndpoint: MapOutputTrackerMasterEndpoint stopped!
[2025-06-07T12:44:31.407+0000] {spark_submit.py:644} INFO - 25/06/07 12:44:31 INFO MemoryStore: MemoryStore cleared
[2025-06-07T12:44:31.407+0000] {spark_submit.py:644} INFO - 25/06/07 12:44:31 INFO BlockManager: BlockManager stopped
[2025-06-07T12:44:31.409+0000] {spark_submit.py:644} INFO - 25/06/07 12:44:31 INFO BlockManagerMaster: BlockManagerMaster stopped
[2025-06-07T12:44:31.410+0000] {spark_submit.py:644} INFO - 25/06/07 12:44:31 INFO OutputCommitCoordinator$OutputCommitCoordinatorEndpoint: OutputCommitCoordinator stopped!
[2025-06-07T12:44:31.436+0000] {spark_submit.py:644} INFO - 25/06/07 12:44:31 INFO SparkContext: Successfully stopped SparkContext
[2025-06-07T12:44:31.923+0000] {spark_submit.py:644} INFO - Traceback (most recent call last):
[2025-06-07T12:44:31.925+0000] {spark_submit.py:644} INFO - File "/opt/***/dags/bronze_ingestion_sc_stats_etl.py", line 116, in <module>
[2025-06-07T12:44:31.925+0000] {spark_submit.py:644} INFO - main(args.output_path)
[2025-06-07T12:44:31.926+0000] {spark_submit.py:644} INFO - File "/opt/***/dags/bronze_ingestion_sc_stats_etl.py", line 101, in main
[2025-06-07T12:44:31.926+0000] {spark_submit.py:644} INFO - spark.sql(create_table_sql)
[2025-06-07T12:44:31.927+0000] {spark_submit.py:644} INFO - File "/home/***/.local/lib/python3.11/site-packages/pyspark/python/lib/pyspark.zip/pyspark/sql/session.py", line 1631, in sql
[2025-06-07T12:44:31.927+0000] {spark_submit.py:644} INFO - File "/home/***/.local/lib/python3.11/site-packages/pyspark/python/lib/py4j-0.10.9.7-src.zip/py4j/java_gateway.py", line 1322, in __call__
[2025-06-07T12:44:31.928+0000] {spark_submit.py:644} INFO - File "/home/***/.local/lib/python3.11/site-packages/pyspark/python/lib/pyspark.zip/pyspark/errors/exceptions/captured.py", line 185, in deco
[2025-06-07T12:44:31.930+0000] {spark_submit.py:644} INFO - pyspark.errors.exceptions.captured.AnalysisException: org.apache.hadoop.hive.ql.metadata.HiveException: MetaException(message:Got exception: java.nio.file.AccessDeniedException s3a://mybucket/bronze/curry_raw_data: getFileStatus on s3a://mybucket/bronze/curry_raw_data: com.amazonaws.services.s3.model.AmazonS3Exception: Forbidden (Service: Amazon S3; Status Code: 403; Error Code: 403 Forbidden; Request ID: 1846C3541714433C; S3 Extended Request ID: dd9025bab4ad464b049177c95eb6ebf374d3b3fd1af9251148b658df7ac2e3e8; Proxy: null), S3 Extended Request ID: dd9025bab4ad464b049177c95eb6ebf374d3b3fd1af9251148b658df7ac2e3e8:403 Forbidden)
[2025-06-07T12:44:31.979+0000] {spark_submit.py:644} INFO - 25/06/07 12:44:31 INFO ShutdownHookManager: Shutdown hook called
[2025-06-07T12:44:31.980+0000] {spark_submit.py:644} INFO - 25/06/07 12:44:31 INFO ShutdownHookManager: Deleting directory /tmp/spark-e7eda455-0ebb-40b2-bb2a-848292c0ec7d
[2025-06-07T12:44:31.982+0000] {spark_submit.py:644} INFO - 25/06/07 12:44:31 INFO ShutdownHookManager: Deleting directory /tmp/spark-e7eda455-0ebb-40b2-bb2a-848292c0ec7d/pyspark-55b88f72-98e4-465f-ad8d-acf6f434dd4a
[2025-06-07T12:44:31.984+0000] {spark_submit.py:644} INFO - 25/06/07 12:44:31 INFO ShutdownHookManager: Deleting directory /tmp/spark-467a2d1b-e29b-4e67-ae2e-3e27096268cf
[2025-06-07T12:44:31.987+0000] {spark_submit.py:644} INFO - 25/06/07 12:44:31 INFO MetricsSystemImpl: Stopping s3a-file-system metrics system...
[2025-06-07T12:44:31.987+0000] {spark_submit.py:644} INFO - 25/06/07 12:44:31 INFO MetricsSystemImpl: s3a-file-system metrics system stopped.
[2025-06-07T12:44:31.988+0000] {spark_submit.py:644} INFO - 25/06/07 12:44:31 INFO MetricsSystemImpl: s3a-file-system metrics system shutdown complete.
[2025-06-07T12:44:32.020+0000] {taskinstance.py:3311} ERROR - Task failed with exception
Traceback (most recent call last):
  File "/home/airflow/.local/lib/python3.11/site-packages/airflow/models/taskinstance.py", line 767, in _execute_task
    result = _execute_callable(context=context, **execute_callable_kwargs)
             ^^^^^^^^^^^^^^^^^^^^^^^^^^^^^^^^^^^^^^^^^^^^^^^^^^^^^^^^^^^^^
  File "/home/airflow/.local/lib/python3.11/site-packages/airflow/models/taskinstance.py", line 733, in _execute_callable
    return ExecutionCallableRunner(
           ^^^^^^^^^^^^^^^^^^^^^^^^
  File "/home/airflow/.local/lib/python3.11/site-packages/airflow/utils/operator_helpers.py", line 252, in run
    return self.func(*args, **kwargs)
           ^^^^^^^^^^^^^^^^^^^^^^^^^^
  File "/home/airflow/.local/lib/python3.11/site-packages/airflow/models/baseoperator.py", line 417, in wrapper
    return func(self, *args, **kwargs)
           ^^^^^^^^^^^^^^^^^^^^^^^^^^^
  File "/home/airflow/.local/lib/python3.11/site-packages/airflow/providers/apache/spark/operators/spark_submit.py", line 197, in execute
    self._hook.submit(self.application)
  File "/home/airflow/.local/lib/python3.11/site-packages/airflow/providers/apache/spark/hooks/spark_submit.py", line 566, in submit
    raise AirflowException(
airflow.exceptions.AirflowException: Cannot execute: spark-submit --master spark://spark-master:7077 --conf spark.executor.memory=2g --conf spark.sql.warehouse.dir=s3a://mybucket/warehouse/ --conf spark.hadoop.fs.s3a.endpoint=http://minio:9000 --conf spark.hadoop.fs.s3a.access.key=minioadmin --conf spark.hadoop.fs.s3a.secret.key=****** --conf spark.hadoop.fs.s3a.path.style.access=true --conf spark.hadoop.fs.s3a.impl=org.apache.hadoop.fs.s3a.S3AFileSystem --conf spark.hadoop.fs.s3a.aws.credentials.provider=org.apache.hadoop.fs.s3a.SimpleAWSCredentialsProvider --packages org.apache.hadoop:hadoop-aws:3.3.4,com.amazonaws:aws-java-sdk-bundle:1.12.262 --name bronze_sc_stats_etl --verbose --queue root.default --deploy-mode client /opt/***/dags/bronze_ingestion_sc_stats_etl.py --output_path s3a://mybucket/bronze/curry_raw_data/. Error code is: 1.
[2025-06-07T12:44:32.022+0000] {taskinstance.py:1225} INFO - Marking task as FAILED. dag_id=curry_medallion_etl, task_id=submit_bronze_etl_job, run_id=manual__2025-06-07T12:44:21.594800+00:00, execution_date=20250607T124421, start_date=20250607T124423, end_date=20250607T124432
[2025-06-07T12:44:32.028+0000] {taskinstance.py:340} INFO - ::group::Post task execution logs
[2025-06-07T12:44:32.028+0000] {standard_task_runner.py:124} ERROR - Failed to execute job 75 for task submit_bronze_etl_job (Cannot execute: spark-submit --master spark://spark-master:7077 --conf spark.executor.memory=2g --conf spark.sql.warehouse.dir=s3a://mybucket/warehouse/ --conf spark.hadoop.fs.s3a.endpoint=http://minio:9000 --conf spark.hadoop.fs.s3a.access.key=minioadmin --conf spark.hadoop.fs.s3a.secret.key=****** --conf spark.hadoop.fs.s3a.path.style.access=true --conf spark.hadoop.fs.s3a.impl=org.apache.hadoop.fs.s3a.S3AFileSystem --conf spark.hadoop.fs.s3a.aws.credentials.provider=org.apache.hadoop.fs.s3a.SimpleAWSCredentialsProvider --packages org.apache.hadoop:hadoop-aws:3.3.4,com.amazonaws:aws-java-sdk-bundle:1.12.262 --name bronze_sc_stats_etl --verbose --queue root.default --deploy-mode client /opt/***/dags/bronze_ingestion_sc_stats_etl.py --output_path s3a://mybucket/bronze/curry_raw_data/. Error code is: 1.; 1724)
Traceback (most recent call last):
  File "/home/airflow/.local/lib/python3.11/site-packages/airflow/task/task_runner/standard_task_runner.py", line 117, in _start_by_fork
    ret = args.func(args, dag=self.dag)
          ^^^^^^^^^^^^^^^^^^^^^^^^^^^^^
  File "/home/airflow/.local/lib/python3.11/site-packages/airflow/cli/cli_config.py", line 49, in command
    return func(*args, **kwargs)
           ^^^^^^^^^^^^^^^^^^^^^
  File "/home/airflow/.local/lib/python3.11/site-packages/airflow/utils/cli.py", line 116, in wrapper
    return f(*args, **kwargs)
           ^^^^^^^^^^^^^^^^^^
  File "/home/airflow/.local/lib/python3.11/site-packages/airflow/cli/commands/task_command.py", line 483, in task_run
    task_return_code = _run_task_by_selected_method(args, _dag, ti)
                       ^^^^^^^^^^^^^^^^^^^^^^^^^^^^^^^^^^^^^^^^^^^^
  File "/home/airflow/.local/lib/python3.11/site-packages/airflow/cli/commands/task_command.py", line 256, in _run_task_by_selected_method
    return _run_raw_task(args, ti)
           ^^^^^^^^^^^^^^^^^^^^^^^
  File "/home/airflow/.local/lib/python3.11/site-packages/airflow/cli/commands/task_command.py", line 341, in _run_raw_task
    return ti._run_raw_task(
           ^^^^^^^^^^^^^^^^^
  File "/home/airflow/.local/lib/python3.11/site-packages/airflow/utils/session.py", line 97, in wrapper
    return func(*args, session=session, **kwargs)
           ^^^^^^^^^^^^^^^^^^^^^^^^^^^^^^^^^^^^^^
  File "/home/airflow/.local/lib/python3.11/site-packages/airflow/models/taskinstance.py", line 3005, in _run_raw_task
    return _run_raw_task(
           ^^^^^^^^^^^^^^
  File "/home/airflow/.local/lib/python3.11/site-packages/airflow/models/taskinstance.py", line 273, in _run_raw_task
    TaskInstance._execute_task_with_callbacks(
  File "/home/airflow/.local/lib/python3.11/site-packages/airflow/models/taskinstance.py", line 3159, in _execute_task_with_callbacks
    result = self._execute_task(context, task_orig)
             ^^^^^^^^^^^^^^^^^^^^^^^^^^^^^^^^^^^^^^
  File "/home/airflow/.local/lib/python3.11/site-packages/airflow/models/taskinstance.py", line 3183, in _execute_task
    return _execute_task(self, context, task_orig)
           ^^^^^^^^^^^^^^^^^^^^^^^^^^^^^^^^^^^^^^^
  File "/home/airflow/.local/lib/python3.11/site-packages/airflow/models/taskinstance.py", line 767, in _execute_task
    result = _execute_callable(context=context, **execute_callable_kwargs)
             ^^^^^^^^^^^^^^^^^^^^^^^^^^^^^^^^^^^^^^^^^^^^^^^^^^^^^^^^^^^^^
  File "/home/airflow/.local/lib/python3.11/site-packages/airflow/models/taskinstance.py", line 733, in _execute_callable
    return ExecutionCallableRunner(
           ^^^^^^^^^^^^^^^^^^^^^^^^
  File "/home/airflow/.local/lib/python3.11/site-packages/airflow/utils/operator_helpers.py", line 252, in run
    return self.func(*args, **kwargs)
           ^^^^^^^^^^^^^^^^^^^^^^^^^^
  File "/home/airflow/.local/lib/python3.11/site-packages/airflow/models/baseoperator.py", line 417, in wrapper
    return func(self, *args, **kwargs)
           ^^^^^^^^^^^^^^^^^^^^^^^^^^^
  File "/home/airflow/.local/lib/python3.11/site-packages/airflow/providers/apache/spark/operators/spark_submit.py", line 197, in execute
    self._hook.submit(self.application)
  File "/home/airflow/.local/lib/python3.11/site-packages/airflow/providers/apache/spark/hooks/spark_submit.py", line 566, in submit
    raise AirflowException(
airflow.exceptions.AirflowException: Cannot execute: spark-submit --master spark://spark-master:7077 --conf spark.executor.memory=2g --conf spark.sql.warehouse.dir=s3a://mybucket/warehouse/ --conf spark.hadoop.fs.s3a.endpoint=http://minio:9000 --conf spark.hadoop.fs.s3a.access.key=minioadmin --conf spark.hadoop.fs.s3a.secret.key=****** --conf spark.hadoop.fs.s3a.path.style.access=true --conf spark.hadoop.fs.s3a.impl=org.apache.hadoop.fs.s3a.S3AFileSystem --conf spark.hadoop.fs.s3a.aws.credentials.provider=org.apache.hadoop.fs.s3a.SimpleAWSCredentialsProvider --packages org.apache.hadoop:hadoop-aws:3.3.4,com.amazonaws:aws-java-sdk-bundle:1.12.262 --name bronze_sc_stats_etl --verbose --queue root.default --deploy-mode client /opt/***/dags/bronze_ingestion_sc_stats_etl.py --output_path s3a://mybucket/bronze/curry_raw_data/. Error code is: 1.
[2025-06-07T12:44:32.075+0000] {local_task_job_runner.py:266} INFO - Task exited with return code 1
[2025-06-07T12:44:32.087+0000] {taskinstance.py:3895} INFO - 0 downstream tasks scheduled from follow-on schedule check
[2025-06-07T12:44:32.089+0000] {local_task_job_runner.py:245} INFO - ::endgroup::
