[2025-06-03T05:16:48.197+0000] {local_task_job_runner.py:123} INFO - ::group::Pre task execution logs
[2025-06-03T05:16:48.207+0000] {taskinstance.py:2613} INFO - Dependencies all met for dep_context=non-requeueable deps ti=<TaskInstance: curry_medallion_etl.submit_bronze_to_silver_job manual__2025-06-03T05:16:43.150667+00:00 [queued]>
[2025-06-03T05:16:48.211+0000] {taskinstance.py:2613} INFO - Dependencies all met for dep_context=requeueable deps ti=<TaskInstance: curry_medallion_etl.submit_bronze_to_silver_job manual__2025-06-03T05:16:43.150667+00:00 [queued]>
[2025-06-03T05:16:48.212+0000] {taskinstance.py:2866} INFO - Starting attempt 1 of 1
[2025-06-03T05:16:48.218+0000] {taskinstance.py:2889} INFO - Executing <Task(SparkSubmitOperator): submit_bronze_to_silver_job> on 2025-06-03 05:16:43.150667+00:00
[2025-06-03T05:16:48.220+0000] {standard_task_runner.py:72} INFO - Started process 1516 to run task
[2025-06-03T05:16:48.223+0000] {standard_task_runner.py:104} INFO - Running: ['***', 'tasks', 'run', 'curry_medallion_etl', 'submit_bronze_to_silver_job', 'manual__2025-06-03T05:16:43.150667+00:00', '--job-id', '12', '--raw', '--subdir', 'DAGS_FOLDER/medallion_sales_etl_dag.py', '--cfg-path', '/tmp/tmpkiwj_fes']
[2025-06-03T05:16:48.224+0000] {standard_task_runner.py:105} INFO - Job 12: Subtask submit_bronze_to_silver_job
[2025-06-03T05:16:48.254+0000] {task_command.py:467} INFO - Running <TaskInstance: curry_medallion_etl.submit_bronze_to_silver_job manual__2025-06-03T05:16:43.150667+00:00 [running]> on host c6e050ed47eb
[2025-06-03T05:16:48.304+0000] {taskinstance.py:3132} INFO - Exporting env vars: AIRFLOW_CTX_DAG_OWNER='qdinh18' AIRFLOW_CTX_DAG_ID='curry_medallion_etl' AIRFLOW_CTX_TASK_ID='submit_bronze_to_silver_job' AIRFLOW_CTX_EXECUTION_DATE='2025-06-03T05:16:43.150667+00:00' AIRFLOW_CTX_TRY_NUMBER='1' AIRFLOW_CTX_DAG_RUN_ID='manual__2025-06-03T05:16:43.150667+00:00'
[2025-06-03T05:16:48.305+0000] {taskinstance.py:731} INFO - ::endgroup::
[2025-06-03T05:16:48.320+0000] {base.py:84} INFO - Retrieving connection 'spark_default'
[2025-06-03T05:16:48.321+0000] {spark_submit.py:474} INFO - Spark-Submit cmd: spark-submit --master spark://spark-master:7077 --conf spark.executor.memory=2g --conf spark.sql.extensions=io.delta.sql.DeltaSparkSessionExtension --conf spark.sql.catalog.spark_catalog=org.apache.spark.sql.delta.catalog.DeltaCatalog --conf spark.hadoop.fs.s3a.endpoint=http://minio:9000 --conf spark.hadoop.fs.s3a.access.key=minioadmin --conf spark.hadoop.fs.s3a.secret.key=****** --conf spark.hadoop.fs.s3a.path.style.access=true --conf spark.hadoop.fs.s3a.impl=org.apache.hadoop.fs.s3a.S3AFileSystem --packages org.apache.hadoop:hadoop-aws:3.3.4,com.amazonaws:aws-java-sdk-bundle:1.12.262,io.delta:delta-spark_2.12:3.1.0 --name bronze_to_silver_sc_stats_etl --verbose --queue root.default --deploy-mode client /opt/***/dags/bronze_to_silver_sc_stats_etl.py --input_path s3a://mybucket/bronze/curry_raw_data/ --output_path s3a://mybucket/silver/curry_transformed/
[2025-06-03T05:16:48.948+0000] {spark_submit.py:644} INFO - Using properties file: null
[2025-06-03T05:16:49.007+0000] {spark_submit.py:644} INFO - Parsed arguments:
[2025-06-03T05:16:49.008+0000] {spark_submit.py:644} INFO - master                  spark://spark-master:7077
[2025-06-03T05:16:49.008+0000] {spark_submit.py:644} INFO - remote                  null
[2025-06-03T05:16:49.008+0000] {spark_submit.py:644} INFO - deployMode              client
[2025-06-03T05:16:49.008+0000] {spark_submit.py:644} INFO - executorMemory          2g
[2025-06-03T05:16:49.009+0000] {spark_submit.py:644} INFO - executorCores           null
[2025-06-03T05:16:49.009+0000] {spark_submit.py:644} INFO - totalExecutorCores      null
[2025-06-03T05:16:49.009+0000] {spark_submit.py:644} INFO - propertiesFile          null
[2025-06-03T05:16:49.009+0000] {spark_submit.py:644} INFO - driverMemory            null
[2025-06-03T05:16:49.009+0000] {spark_submit.py:644} INFO - driverCores             null
[2025-06-03T05:16:49.009+0000] {spark_submit.py:644} INFO - driverExtraClassPath    null
[2025-06-03T05:16:49.010+0000] {spark_submit.py:644} INFO - driverExtraLibraryPath  null
[2025-06-03T05:16:49.010+0000] {spark_submit.py:644} INFO - driverExtraJavaOptions  null
[2025-06-03T05:16:49.010+0000] {spark_submit.py:644} INFO - supervise               false
[2025-06-03T05:16:49.010+0000] {spark_submit.py:644} INFO - queue                   root.default
[2025-06-03T05:16:49.011+0000] {spark_submit.py:644} INFO - numExecutors            null
[2025-06-03T05:16:49.011+0000] {spark_submit.py:644} INFO - files                   null
[2025-06-03T05:16:49.011+0000] {spark_submit.py:644} INFO - pyFiles                 null
[2025-06-03T05:16:49.011+0000] {spark_submit.py:644} INFO - archives                null
[2025-06-03T05:16:49.011+0000] {spark_submit.py:644} INFO - mainClass               null
[2025-06-03T05:16:49.011+0000] {spark_submit.py:644} INFO - primaryResource         file:/opt/***/dags/bronze_to_silver_sc_stats_etl.py
[2025-06-03T05:16:49.012+0000] {spark_submit.py:644} INFO - name                    bronze_to_silver_sc_stats_etl
[2025-06-03T05:16:49.012+0000] {spark_submit.py:644} INFO - childArgs               [--input_path s3a://mybucket/bronze/curry_raw_data/ --output_path s3a://mybucket/silver/curry_transformed/]
[2025-06-03T05:16:49.012+0000] {spark_submit.py:644} INFO - jars                    null
[2025-06-03T05:16:49.012+0000] {spark_submit.py:644} INFO - packages                org.apache.hadoop:hadoop-aws:3.3.4,com.amazonaws:aws-java-sdk-bundle:1.12.262,io.delta:delta-spark_2.12:3.1.0
[2025-06-03T05:16:49.012+0000] {spark_submit.py:644} INFO - packagesExclusions      null
[2025-06-03T05:16:49.012+0000] {spark_submit.py:644} INFO - repositories            null
[2025-06-03T05:16:49.013+0000] {spark_submit.py:644} INFO - verbose                 true
[2025-06-03T05:16:49.013+0000] {spark_submit.py:644} INFO - 
[2025-06-03T05:16:49.013+0000] {spark_submit.py:644} INFO - Spark properties used, including those specified through
[2025-06-03T05:16:49.013+0000] {spark_submit.py:644} INFO - --conf and those from the properties file null:
[2025-06-03T05:16:49.013+0000] {spark_submit.py:644} INFO - (spark.executor.memory,2g)
[2025-06-03T05:16:49.013+0000] {spark_submit.py:644} INFO - (spark.hadoop.fs.s3a.access.key,*********(redacted))
[2025-06-03T05:16:49.013+0000] {spark_submit.py:644} INFO - (spark.hadoop.fs.s3a.endpoint,http://minio:9000)
[2025-06-03T05:16:49.014+0000] {spark_submit.py:644} INFO - (spark.hadoop.fs.s3a.impl,org.apache.hadoop.fs.s3a.S3AFileSystem)
[2025-06-03T05:16:49.014+0000] {spark_submit.py:644} INFO - (spark.hadoop.fs.s3a.path.style.access,true)
[2025-06-03T05:16:49.014+0000] {spark_submit.py:644} INFO - (spark.hadoop.fs.s3a.secret.key,*********(redacted))
[2025-06-03T05:16:49.014+0000] {spark_submit.py:644} INFO - (spark.sql.catalog.spark_catalog,org.apache.spark.sql.delta.catalog.DeltaCatalog)
[2025-06-03T05:16:49.014+0000] {spark_submit.py:644} INFO - (spark.sql.extensions,io.delta.sql.DeltaSparkSessionExtension)
[2025-06-03T05:16:49.014+0000] {spark_submit.py:644} INFO - 
[2025-06-03T05:16:49.014+0000] {spark_submit.py:644} INFO - 
[2025-06-03T05:16:49.081+0000] {spark_submit.py:644} INFO - :: loading settings :: url = jar:file:/home/***/.local/lib/python3.11/site-packages/pyspark/jars/ivy-2.5.1.jar!/org/apache/ivy/core/settings/ivysettings.xml
[2025-06-03T05:16:49.122+0000] {spark_submit.py:644} INFO - Ivy Default Cache set to: /home/***/.ivy2/cache
[2025-06-03T05:16:49.122+0000] {spark_submit.py:644} INFO - The jars for the packages stored in: /home/***/.ivy2/jars
[2025-06-03T05:16:49.124+0000] {spark_submit.py:644} INFO - org.apache.hadoop#hadoop-aws added as a dependency
[2025-06-03T05:16:49.124+0000] {spark_submit.py:644} INFO - com.amazonaws#aws-java-sdk-bundle added as a dependency
[2025-06-03T05:16:49.124+0000] {spark_submit.py:644} INFO - io.delta#delta-spark_2.12 added as a dependency
[2025-06-03T05:16:49.124+0000] {spark_submit.py:644} INFO - :: resolving dependencies :: org.apache.spark#spark-submit-parent-e4caa297-0e0e-4882-b294-03343d8851dd;1.0
[2025-06-03T05:16:49.124+0000] {spark_submit.py:644} INFO - confs: [default]
[2025-06-03T05:16:49.213+0000] {spark_submit.py:644} INFO - found org.apache.hadoop#hadoop-aws;3.3.4 in central
[2025-06-03T05:16:49.224+0000] {spark_submit.py:644} INFO - found com.amazonaws#aws-java-sdk-bundle;1.12.262 in central
[2025-06-03T05:16:49.238+0000] {spark_submit.py:644} INFO - found org.wildfly.openssl#wildfly-openssl;1.0.7.Final in central
[2025-06-03T05:16:49.247+0000] {spark_submit.py:644} INFO - found io.delta#delta-spark_2.12;3.1.0 in central
[2025-06-03T05:16:49.256+0000] {spark_submit.py:644} INFO - found io.delta#delta-storage;3.1.0 in central
[2025-06-03T05:16:49.267+0000] {spark_submit.py:644} INFO - found org.antlr#antlr4-runtime;4.9.3 in central
[2025-06-03T05:16:49.281+0000] {spark_submit.py:644} INFO - :: resolution report :: resolve 149ms :: artifacts dl 8ms
[2025-06-03T05:16:49.282+0000] {spark_submit.py:644} INFO - :: modules in use:
[2025-06-03T05:16:49.282+0000] {spark_submit.py:644} INFO - com.amazonaws#aws-java-sdk-bundle;1.12.262 from central in [default]
[2025-06-03T05:16:49.282+0000] {spark_submit.py:644} INFO - io.delta#delta-spark_2.12;3.1.0 from central in [default]
[2025-06-03T05:16:49.282+0000] {spark_submit.py:644} INFO - io.delta#delta-storage;3.1.0 from central in [default]
[2025-06-03T05:16:49.282+0000] {spark_submit.py:644} INFO - org.antlr#antlr4-runtime;4.9.3 from central in [default]
[2025-06-03T05:16:49.283+0000] {spark_submit.py:644} INFO - org.apache.hadoop#hadoop-aws;3.3.4 from central in [default]
[2025-06-03T05:16:49.283+0000] {spark_submit.py:644} INFO - org.wildfly.openssl#wildfly-openssl;1.0.7.Final from central in [default]
[2025-06-03T05:16:49.283+0000] {spark_submit.py:644} INFO - ---------------------------------------------------------------------
[2025-06-03T05:16:49.283+0000] {spark_submit.py:644} INFO - |                  |            modules            ||   artifacts   |
[2025-06-03T05:16:49.283+0000] {spark_submit.py:644} INFO - |       conf       | number| search|dwnlded|evicted|| number|dwnlded|
[2025-06-03T05:16:49.284+0000] {spark_submit.py:644} INFO - ---------------------------------------------------------------------
[2025-06-03T05:16:49.284+0000] {spark_submit.py:644} INFO - |      default     |   6   |   0   |   0   |   0   ||   6   |   0   |
[2025-06-03T05:16:49.284+0000] {spark_submit.py:644} INFO - ---------------------------------------------------------------------
[2025-06-03T05:16:49.285+0000] {spark_submit.py:644} INFO - :: retrieving :: org.apache.spark#spark-submit-parent-e4caa297-0e0e-4882-b294-03343d8851dd
[2025-06-03T05:16:49.286+0000] {spark_submit.py:644} INFO - confs: [default]
[2025-06-03T05:16:49.289+0000] {spark_submit.py:644} INFO - 0 artifacts copied, 6 already retrieved (0kB/4ms)
[2025-06-03T05:16:49.384+0000] {spark_submit.py:644} INFO - 25/06/03 05:16:49 WARN NativeCodeLoader: Unable to load native-hadoop library for your platform... using builtin-java classes where applicable
[2025-06-03T05:16:49.477+0000] {spark_submit.py:644} INFO - Main class:
[2025-06-03T05:16:49.478+0000] {spark_submit.py:644} INFO - org.apache.spark.deploy.PythonRunner
[2025-06-03T05:16:49.478+0000] {spark_submit.py:644} INFO - Arguments:
[2025-06-03T05:16:49.478+0000] {spark_submit.py:644} INFO - file:/opt/***/dags/bronze_to_silver_sc_stats_etl.py
[2025-06-03T05:16:49.478+0000] {spark_submit.py:644} INFO - file:///home/***/.ivy2/jars/org.apache.hadoop_hadoop-aws-3.3.4.jar,file:///home/***/.ivy2/jars/com.amazonaws_aws-java-sdk-bundle-1.12.262.jar,file:///home/***/.ivy2/jars/io.delta_delta-spark_2.12-3.1.0.jar,file:///home/***/.ivy2/jars/org.wildfly.openssl_wildfly-openssl-1.0.7.Final.jar,file:///home/***/.ivy2/jars/io.delta_delta-storage-3.1.0.jar,file:///home/***/.ivy2/jars/org.antlr_antlr4-runtime-4.9.3.jar
[2025-06-03T05:16:49.479+0000] {spark_submit.py:644} INFO - --input_path
[2025-06-03T05:16:49.479+0000] {spark_submit.py:644} INFO - s3a://mybucket/bronze/curry_raw_data/
[2025-06-03T05:16:49.479+0000] {spark_submit.py:644} INFO - --output_path
[2025-06-03T05:16:49.479+0000] {spark_submit.py:644} INFO - s3a://mybucket/silver/curry_transformed/
[2025-06-03T05:16:49.480+0000] {spark_submit.py:644} INFO - Spark config:
[2025-06-03T05:16:49.480+0000] {spark_submit.py:644} INFO - (spark.app.name,bronze_to_silver_sc_stats_etl)
[2025-06-03T05:16:49.480+0000] {spark_submit.py:644} INFO - (spark.app.submitTime,1748927809467)
[2025-06-03T05:16:49.480+0000] {spark_submit.py:644} INFO - (spark.executor.memory,2g)
[2025-06-03T05:16:49.481+0000] {spark_submit.py:644} INFO - (spark.files,file:///home/***/.ivy2/jars/org.apache.hadoop_hadoop-aws-3.3.4.jar,file:///home/***/.ivy2/jars/com.amazonaws_aws-java-sdk-bundle-1.12.262.jar,file:///home/***/.ivy2/jars/io.delta_delta-spark_2.12-3.1.0.jar,file:///home/***/.ivy2/jars/org.wildfly.openssl_wildfly-openssl-1.0.7.Final.jar,file:///home/***/.ivy2/jars/io.delta_delta-storage-3.1.0.jar,file:///home/***/.ivy2/jars/org.antlr_antlr4-runtime-4.9.3.jar)
[2025-06-03T05:16:49.481+0000] {spark_submit.py:644} INFO - (spark.hadoop.fs.s3a.access.key,*********(redacted))
[2025-06-03T05:16:49.481+0000] {spark_submit.py:644} INFO - (spark.hadoop.fs.s3a.endpoint,http://minio:9000)
[2025-06-03T05:16:49.481+0000] {spark_submit.py:644} INFO - (spark.hadoop.fs.s3a.impl,org.apache.hadoop.fs.s3a.S3AFileSystem)
[2025-06-03T05:16:49.482+0000] {spark_submit.py:644} INFO - (spark.hadoop.fs.s3a.path.style.access,true)
[2025-06-03T05:16:49.482+0000] {spark_submit.py:644} INFO - (spark.hadoop.fs.s3a.secret.key,*********(redacted))
[2025-06-03T05:16:49.482+0000] {spark_submit.py:644} INFO - (spark.jars,file:///home/***/.ivy2/jars/org.apache.hadoop_hadoop-aws-3.3.4.jar,file:///home/***/.ivy2/jars/com.amazonaws_aws-java-sdk-bundle-1.12.262.jar,file:///home/***/.ivy2/jars/io.delta_delta-spark_2.12-3.1.0.jar,file:///home/***/.ivy2/jars/org.wildfly.openssl_wildfly-openssl-1.0.7.Final.jar,file:///home/***/.ivy2/jars/io.delta_delta-storage-3.1.0.jar,file:///home/***/.ivy2/jars/org.antlr_antlr4-runtime-4.9.3.jar)
[2025-06-03T05:16:49.483+0000] {spark_submit.py:644} INFO - (spark.master,spark://spark-master:7077)
[2025-06-03T05:16:49.483+0000] {spark_submit.py:644} INFO - (spark.repl.local.jars,file:///home/***/.ivy2/jars/org.apache.hadoop_hadoop-aws-3.3.4.jar,file:///home/***/.ivy2/jars/com.amazonaws_aws-java-sdk-bundle-1.12.262.jar,file:///home/***/.ivy2/jars/io.delta_delta-spark_2.12-3.1.0.jar,file:///home/***/.ivy2/jars/org.wildfly.openssl_wildfly-openssl-1.0.7.Final.jar,file:///home/***/.ivy2/jars/io.delta_delta-storage-3.1.0.jar,file:///home/***/.ivy2/jars/org.antlr_antlr4-runtime-4.9.3.jar)
[2025-06-03T05:16:49.484+0000] {spark_submit.py:644} INFO - (spark.sql.catalog.spark_catalog,org.apache.spark.sql.delta.catalog.DeltaCatalog)
[2025-06-03T05:16:49.484+0000] {spark_submit.py:644} INFO - (spark.sql.extensions,io.delta.sql.DeltaSparkSessionExtension)
[2025-06-03T05:16:49.484+0000] {spark_submit.py:644} INFO - (spark.submit.deployMode,client)
[2025-06-03T05:16:49.484+0000] {spark_submit.py:644} INFO - (spark.submit.pyFiles,/home/***/.ivy2/jars/org.apache.hadoop_hadoop-aws-3.3.4.jar,/home/***/.ivy2/jars/com.amazonaws_aws-java-sdk-bundle-1.12.262.jar,/home/***/.ivy2/jars/io.delta_delta-spark_2.12-3.1.0.jar,/home/***/.ivy2/jars/org.wildfly.openssl_wildfly-openssl-1.0.7.Final.jar,/home/***/.ivy2/jars/io.delta_delta-storage-3.1.0.jar,/home/***/.ivy2/jars/org.antlr_antlr4-runtime-4.9.3.jar)
[2025-06-03T05:16:49.484+0000] {spark_submit.py:644} INFO - Classpath elements:
[2025-06-03T05:16:49.485+0000] {spark_submit.py:644} INFO - file:///home/***/.ivy2/jars/org.apache.hadoop_hadoop-aws-3.3.4.jar
[2025-06-03T05:16:49.485+0000] {spark_submit.py:644} INFO - file:///home/***/.ivy2/jars/com.amazonaws_aws-java-sdk-bundle-1.12.262.jar
[2025-06-03T05:16:49.485+0000] {spark_submit.py:644} INFO - file:///home/***/.ivy2/jars/io.delta_delta-spark_2.12-3.1.0.jar
[2025-06-03T05:16:49.485+0000] {spark_submit.py:644} INFO - file:///home/***/.ivy2/jars/org.wildfly.openssl_wildfly-openssl-1.0.7.Final.jar
[2025-06-03T05:16:49.486+0000] {spark_submit.py:644} INFO - file:///home/***/.ivy2/jars/io.delta_delta-storage-3.1.0.jar
[2025-06-03T05:16:49.486+0000] {spark_submit.py:644} INFO - file:///home/***/.ivy2/jars/org.antlr_antlr4-runtime-4.9.3.jar
[2025-06-03T05:16:49.486+0000] {spark_submit.py:644} INFO - 
[2025-06-03T05:16:49.486+0000] {spark_submit.py:644} INFO - 
[2025-06-03T05:16:50.099+0000] {spark_submit.py:644} INFO - 25/06/03 05:16:50 INFO ShutdownHookManager: Shutdown hook called
[2025-06-03T05:16:50.099+0000] {spark_submit.py:644} INFO - 25/06/03 05:16:50 INFO ShutdownHookManager: Deleting directory /tmp/spark-2258452f-a85d-4eea-a1fa-3ed895a5d20b
[2025-06-03T05:16:50.125+0000] {taskinstance.py:340} INFO - ::group::Post task execution logs
[2025-06-03T05:16:50.125+0000] {taskinstance.py:352} INFO - Marking task as SUCCESS. dag_id=curry_medallion_etl, task_id=submit_bronze_to_silver_job, run_id=manual__2025-06-03T05:16:43.150667+00:00, execution_date=20250603T051643, start_date=20250603T051648, end_date=20250603T051650
[2025-06-03T05:16:50.135+0000] {local_task_job_runner.py:266} INFO - Task exited with return code 0
[2025-06-03T05:16:50.147+0000] {taskinstance.py:3895} INFO - 0 downstream tasks scheduled from follow-on schedule check
[2025-06-03T05:16:50.148+0000] {local_task_job_runner.py:245} INFO - ::endgroup::
