[2025-06-07T14:23:44.531+0000] {local_task_job_runner.py:123} INFO - ::group::Pre task execution logs
[2025-06-07T14:23:44.544+0000] {taskinstance.py:2613} INFO - Dependencies all met for dep_context=non-requeueable deps ti=<TaskInstance: stephen_curry_stats_medallion_etl.bronze_to_silver manual__2025-06-07T14:23:43.381804+00:00 [queued]>
[2025-06-07T14:23:44.551+0000] {taskinstance.py:2613} INFO - Dependencies all met for dep_context=requeueable deps ti=<TaskInstance: stephen_curry_stats_medallion_etl.bronze_to_silver manual__2025-06-07T14:23:43.381804+00:00 [queued]>
[2025-06-07T14:23:44.551+0000] {taskinstance.py:2866} INFO - Starting attempt 1 of 1
[2025-06-07T14:23:44.559+0000] {taskinstance.py:2889} INFO - Executing <Task(SparkSubmitOperator): bronze_to_silver> on 2025-06-07 14:23:43.381804+00:00
[2025-06-07T14:23:44.562+0000] {standard_task_runner.py:72} INFO - Started process 5831 to run task
[2025-06-07T14:23:44.565+0000] {standard_task_runner.py:104} INFO - Running: ['***', 'tasks', 'run', 'stephen_curry_stats_medallion_etl', 'bronze_to_silver', 'manual__2025-06-07T14:23:43.381804+00:00', '--job-id', '105', '--raw', '--subdir', 'DAGS_FOLDER/medallion_sales_etl_dag.py', '--cfg-path', '/tmp/tmpmg6epn9a']
[2025-06-07T14:23:44.567+0000] {standard_task_runner.py:105} INFO - Job 105: Subtask bronze_to_silver
[2025-06-07T14:23:44.598+0000] {task_command.py:467} INFO - Running <TaskInstance: stephen_curry_stats_medallion_etl.bronze_to_silver manual__2025-06-07T14:23:43.381804+00:00 [running]> on host 5ebb95484de3
[2025-06-07T14:23:44.647+0000] {taskinstance.py:3132} INFO - Exporting env vars: AIRFLOW_CTX_DAG_OWNER='***' AIRFLOW_CTX_DAG_ID='stephen_curry_stats_medallion_etl' AIRFLOW_CTX_TASK_ID='bronze_to_silver' AIRFLOW_CTX_EXECUTION_DATE='2025-06-07T14:23:43.381804+00:00' AIRFLOW_CTX_TRY_NUMBER='1' AIRFLOW_CTX_DAG_RUN_ID='manual__2025-06-07T14:23:43.381804+00:00'
[2025-06-07T14:23:44.648+0000] {taskinstance.py:731} INFO - ::endgroup::
[2025-06-07T14:23:44.665+0000] {base.py:84} INFO - Retrieving connection 'spark_default'
[2025-06-07T14:23:44.667+0000] {spark_submit.py:474} INFO - Spark-Submit cmd: spark-submit --master spark://spark-master:7077 --conf spark.executor.memory=2g --conf spark.sql.extensions=io.delta.sql.DeltaSparkSessionExtension --conf spark.sql.catalog.spark_catalog=org.apache.spark.sql.delta.catalog.DeltaCatalog --conf spark.hadoop.fs.s3a.endpoint=http://minio:9000 --conf spark.hadoop.fs.s3a.access.key=minioadmin --conf spark.hadoop.fs.s3a.secret.key=****** --conf spark.hadoop.fs.s3a.path.style.access=true --conf spark.hadoop.fs.s3a.impl=org.apache.hadoop.fs.s3a.S3AFileSystem --conf spark.hadoop.fs.s3a.aws.credentials.provider=org.apache.hadoop.fs.s3a.SimpleAWSCredentialsProvider --packages org.apache.hadoop:hadoop-aws:3.3.4,com.amazonaws:aws-java-sdk-bundle:1.12.262,io.delta:delta-spark_2.12:3.1.0 --name arrow-spark --queue root.default --deploy-mode client dags/bronze_to_silver_sc_stats_etl.py --output_path s3a://mybucket/sc_stats_db.db/bronze
[2025-06-07T14:23:45.506+0000] {spark_submit.py:644} INFO - :: loading settings :: url = jar:file:/home/***/.local/lib/python3.11/site-packages/pyspark/jars/ivy-2.5.1.jar!/org/apache/ivy/core/settings/ivysettings.xml
[2025-06-07T14:23:45.544+0000] {spark_submit.py:644} INFO - Ivy Default Cache set to: /home/***/.ivy2/cache
[2025-06-07T14:23:45.547+0000] {spark_submit.py:644} INFO - The jars for the packages stored in: /home/***/.ivy2/jars
[2025-06-07T14:23:45.547+0000] {spark_submit.py:644} INFO - org.apache.hadoop#hadoop-aws added as a dependency
[2025-06-07T14:23:45.547+0000] {spark_submit.py:644} INFO - com.amazonaws#aws-java-sdk-bundle added as a dependency
[2025-06-07T14:23:45.547+0000] {spark_submit.py:644} INFO - io.delta#delta-spark_2.12 added as a dependency
[2025-06-07T14:23:45.548+0000] {spark_submit.py:644} INFO - :: resolving dependencies :: org.apache.spark#spark-submit-parent-9fedc80a-3429-40b2-ae38-db9a24d25c1e;1.0
[2025-06-07T14:23:45.548+0000] {spark_submit.py:644} INFO - confs: [default]
[2025-06-07T14:23:45.643+0000] {spark_submit.py:644} INFO - found org.apache.hadoop#hadoop-aws;3.3.4 in central
[2025-06-07T14:23:45.658+0000] {spark_submit.py:644} INFO - found com.amazonaws#aws-java-sdk-bundle;1.12.262 in central
[2025-06-07T14:23:45.674+0000] {spark_submit.py:644} INFO - found org.wildfly.openssl#wildfly-openssl;1.0.7.Final in central
[2025-06-07T14:23:45.689+0000] {spark_submit.py:644} INFO - found io.delta#delta-spark_2.12;3.1.0 in central
[2025-06-07T14:23:45.715+0000] {spark_submit.py:644} INFO - found io.delta#delta-storage;3.1.0 in central
[2025-06-07T14:23:45.722+0000] {spark_submit.py:644} INFO - found org.antlr#antlr4-runtime;4.9.3 in central
[2025-06-07T14:23:45.735+0000] {spark_submit.py:644} INFO - :: resolution report :: resolve 179ms :: artifacts dl 7ms
[2025-06-07T14:23:45.736+0000] {spark_submit.py:644} INFO - :: modules in use:
[2025-06-07T14:23:45.736+0000] {spark_submit.py:644} INFO - com.amazonaws#aws-java-sdk-bundle;1.12.262 from central in [default]
[2025-06-07T14:23:45.736+0000] {spark_submit.py:644} INFO - io.delta#delta-spark_2.12;3.1.0 from central in [default]
[2025-06-07T14:23:45.736+0000] {spark_submit.py:644} INFO - io.delta#delta-storage;3.1.0 from central in [default]
[2025-06-07T14:23:45.737+0000] {spark_submit.py:644} INFO - org.antlr#antlr4-runtime;4.9.3 from central in [default]
[2025-06-07T14:23:45.737+0000] {spark_submit.py:644} INFO - org.apache.hadoop#hadoop-aws;3.3.4 from central in [default]
[2025-06-07T14:23:45.737+0000] {spark_submit.py:644} INFO - org.wildfly.openssl#wildfly-openssl;1.0.7.Final from central in [default]
[2025-06-07T14:23:45.738+0000] {spark_submit.py:644} INFO - ---------------------------------------------------------------------
[2025-06-07T14:23:45.738+0000] {spark_submit.py:644} INFO - |                  |            modules            ||   artifacts   |
[2025-06-07T14:23:45.738+0000] {spark_submit.py:644} INFO - |       conf       | number| search|dwnlded|evicted|| number|dwnlded|
[2025-06-07T14:23:45.738+0000] {spark_submit.py:644} INFO - ---------------------------------------------------------------------
[2025-06-07T14:23:45.738+0000] {spark_submit.py:644} INFO - |      default     |   6   |   0   |   0   |   0   ||   6   |   0   |
[2025-06-07T14:23:45.738+0000] {spark_submit.py:644} INFO - ---------------------------------------------------------------------
[2025-06-07T14:23:45.738+0000] {spark_submit.py:644} INFO - :: retrieving :: org.apache.spark#spark-submit-parent-9fedc80a-3429-40b2-ae38-db9a24d25c1e
[2025-06-07T14:23:45.740+0000] {spark_submit.py:644} INFO - confs: [default]
[2025-06-07T14:23:45.742+0000] {spark_submit.py:644} INFO - 0 artifacts copied, 6 already retrieved (0kB/4ms)
[2025-06-07T14:23:45.859+0000] {spark_submit.py:644} INFO - 25/06/07 14:23:45 WARN NativeCodeLoader: Unable to load native-hadoop library for your platform... using builtin-java classes where applicable
[2025-06-07T14:23:46.700+0000] {spark_submit.py:644} INFO - 25/06/07 14:23:46 INFO SparkContext: Running Spark version 3.5.2
[2025-06-07T14:23:46.701+0000] {spark_submit.py:644} INFO - 25/06/07 14:23:46 INFO SparkContext: OS info Linux, 6.10.14-linuxkit, aarch64
[2025-06-07T14:23:46.701+0000] {spark_submit.py:644} INFO - 25/06/07 14:23:46 INFO SparkContext: Java version 17.0.15
[2025-06-07T14:23:46.713+0000] {spark_submit.py:644} INFO - 25/06/07 14:23:46 INFO ResourceUtils: ==============================================================
[2025-06-07T14:23:46.714+0000] {spark_submit.py:644} INFO - 25/06/07 14:23:46 INFO ResourceUtils: No custom resources configured for spark.driver.
[2025-06-07T14:23:46.716+0000] {spark_submit.py:644} INFO - 25/06/07 14:23:46 INFO ResourceUtils: ==============================================================
[2025-06-07T14:23:46.716+0000] {spark_submit.py:644} INFO - 25/06/07 14:23:46 INFO SparkContext: Submitted application: BronzeToSilverStephenCurryStats
[2025-06-07T14:23:46.744+0000] {spark_submit.py:644} INFO - 25/06/07 14:23:46 INFO ResourceProfile: Default ResourceProfile created, executor resources: Map(memory -> name: memory, amount: 2048, script: , vendor: , offHeap -> name: offHeap, amount: 0, script: , vendor: ), task resources: Map(cpus -> name: cpus, amount: 1.0)
[2025-06-07T14:23:46.749+0000] {spark_submit.py:644} INFO - 25/06/07 14:23:46 INFO ResourceProfile: Limiting resource is cpu
[2025-06-07T14:23:46.750+0000] {spark_submit.py:644} INFO - 25/06/07 14:23:46 INFO ResourceProfileManager: Added ResourceProfile id: 0
[2025-06-07T14:23:46.794+0000] {spark_submit.py:644} INFO - 25/06/07 14:23:46 INFO SecurityManager: Changing view acls to: ***
[2025-06-07T14:23:46.797+0000] {spark_submit.py:644} INFO - 25/06/07 14:23:46 INFO SecurityManager: Changing modify acls to: ***
[2025-06-07T14:23:46.798+0000] {spark_submit.py:644} INFO - 25/06/07 14:23:46 INFO SecurityManager: Changing view acls groups to:
[2025-06-07T14:23:46.798+0000] {spark_submit.py:644} INFO - 25/06/07 14:23:46 INFO SecurityManager: Changing modify acls groups to:
[2025-06-07T14:23:46.798+0000] {spark_submit.py:644} INFO - 25/06/07 14:23:46 INFO SecurityManager: SecurityManager: authentication disabled; ui acls disabled; users with view permissions: ***; groups with view permissions: EMPTY; users with modify permissions: ***; groups with modify permissions: EMPTY
[2025-06-07T14:23:46.948+0000] {spark_submit.py:644} INFO - 25/06/07 14:23:46 INFO Utils: Successfully started service 'sparkDriver' on port 40641.
[2025-06-07T14:23:46.970+0000] {spark_submit.py:644} INFO - 25/06/07 14:23:46 INFO SparkEnv: Registering MapOutputTracker
[2025-06-07T14:23:47.003+0000] {spark_submit.py:644} INFO - 25/06/07 14:23:47 INFO SparkEnv: Registering BlockManagerMaster
[2025-06-07T14:23:47.011+0000] {spark_submit.py:644} INFO - 25/06/07 14:23:47 INFO BlockManagerMasterEndpoint: Using org.apache.spark.storage.DefaultTopologyMapper for getting topology information
[2025-06-07T14:23:47.012+0000] {spark_submit.py:644} INFO - 25/06/07 14:23:47 INFO BlockManagerMasterEndpoint: BlockManagerMasterEndpoint up
[2025-06-07T14:23:47.015+0000] {spark_submit.py:644} INFO - 25/06/07 14:23:47 INFO SparkEnv: Registering BlockManagerMasterHeartbeat
[2025-06-07T14:23:47.026+0000] {spark_submit.py:644} INFO - 25/06/07 14:23:47 INFO DiskBlockManager: Created local directory at /tmp/blockmgr-dbc858a3-868a-4309-94ff-b40edea4a3af
[2025-06-07T14:23:47.034+0000] {spark_submit.py:644} INFO - 25/06/07 14:23:47 INFO MemoryStore: MemoryStore started with capacity 434.4 MiB
[2025-06-07T14:23:47.044+0000] {spark_submit.py:644} INFO - 25/06/07 14:23:47 INFO SparkEnv: Registering OutputCommitCoordinator
[2025-06-07T14:23:47.137+0000] {spark_submit.py:644} INFO - 25/06/07 14:23:47 INFO JettyUtils: Start Jetty 0.0.0.0:4040 for SparkUI
[2025-06-07T14:23:47.178+0000] {spark_submit.py:644} INFO - 25/06/07 14:23:47 WARN Utils: Service 'SparkUI' could not bind on port 4040. Attempting port 4041.
[2025-06-07T14:23:47.184+0000] {spark_submit.py:644} INFO - 25/06/07 14:23:47 INFO Utils: Successfully started service 'SparkUI' on port 4041.
[2025-06-07T14:23:47.209+0000] {spark_submit.py:644} INFO - 25/06/07 14:23:47 INFO SparkContext: Added JAR file:///home/***/.ivy2/jars/org.apache.hadoop_hadoop-aws-3.3.4.jar at spark://5ebb95484de3:40641/jars/org.apache.hadoop_hadoop-aws-3.3.4.jar with timestamp 1749306226694
[2025-06-07T14:23:47.214+0000] {spark_submit.py:644} INFO - 25/06/07 14:23:47 INFO SparkContext: Added JAR file:///home/***/.ivy2/jars/com.amazonaws_aws-java-sdk-bundle-1.12.262.jar at spark://5ebb95484de3:40641/jars/com.amazonaws_aws-java-sdk-bundle-1.12.262.jar with timestamp 1749306226694
[2025-06-07T14:23:47.216+0000] {spark_submit.py:644} INFO - 25/06/07 14:23:47 INFO SparkContext: Added JAR file:///home/***/.ivy2/jars/io.delta_delta-spark_2.12-3.1.0.jar at spark://5ebb95484de3:40641/jars/io.delta_delta-spark_2.12-3.1.0.jar with timestamp 1749306226694
[2025-06-07T14:23:47.216+0000] {spark_submit.py:644} INFO - 25/06/07 14:23:47 INFO SparkContext: Added JAR file:///home/***/.ivy2/jars/org.wildfly.openssl_wildfly-openssl-1.0.7.Final.jar at spark://5ebb95484de3:40641/jars/org.wildfly.openssl_wildfly-openssl-1.0.7.Final.jar with timestamp 1749306226694
[2025-06-07T14:23:47.216+0000] {spark_submit.py:644} INFO - 25/06/07 14:23:47 INFO SparkContext: Added JAR file:///home/***/.ivy2/jars/io.delta_delta-storage-3.1.0.jar at spark://5ebb95484de3:40641/jars/io.delta_delta-storage-3.1.0.jar with timestamp 1749306226694
[2025-06-07T14:23:47.217+0000] {spark_submit.py:644} INFO - 25/06/07 14:23:47 INFO SparkContext: Added JAR file:///home/***/.ivy2/jars/org.antlr_antlr4-runtime-4.9.3.jar at spark://5ebb95484de3:40641/jars/org.antlr_antlr4-runtime-4.9.3.jar with timestamp 1749306226694
[2025-06-07T14:23:47.217+0000] {spark_submit.py:644} INFO - 25/06/07 14:23:47 INFO SparkContext: Added file file:///home/***/.ivy2/jars/org.apache.hadoop_hadoop-aws-3.3.4.jar at spark://5ebb95484de3:40641/files/org.apache.hadoop_hadoop-aws-3.3.4.jar with timestamp 1749306226694
[2025-06-07T14:23:47.217+0000] {spark_submit.py:644} INFO - 25/06/07 14:23:47 INFO Utils: Copying /home/***/.ivy2/jars/org.apache.hadoop_hadoop-aws-3.3.4.jar to /tmp/spark-b071bd0b-35d6-4f5b-8f83-30ee9abc24b1/userFiles-e375f84a-9238-4d66-8d69-7ec05d868165/org.apache.hadoop_hadoop-aws-3.3.4.jar
[2025-06-07T14:23:47.219+0000] {spark_submit.py:644} INFO - 25/06/07 14:23:47 INFO SparkContext: Added file file:///home/***/.ivy2/jars/com.amazonaws_aws-java-sdk-bundle-1.12.262.jar at spark://5ebb95484de3:40641/files/com.amazonaws_aws-java-sdk-bundle-1.12.262.jar with timestamp 1749306226694
[2025-06-07T14:23:47.220+0000] {spark_submit.py:644} INFO - 25/06/07 14:23:47 INFO Utils: Copying /home/***/.ivy2/jars/com.amazonaws_aws-java-sdk-bundle-1.12.262.jar to /tmp/spark-b071bd0b-35d6-4f5b-8f83-30ee9abc24b1/userFiles-e375f84a-9238-4d66-8d69-7ec05d868165/com.amazonaws_aws-java-sdk-bundle-1.12.262.jar
[2025-06-07T14:23:47.288+0000] {spark_submit.py:644} INFO - 25/06/07 14:23:47 INFO SparkContext: Added file file:///home/***/.ivy2/jars/io.delta_delta-spark_2.12-3.1.0.jar at spark://5ebb95484de3:40641/files/io.delta_delta-spark_2.12-3.1.0.jar with timestamp 1749306226694
[2025-06-07T14:23:47.288+0000] {spark_submit.py:644} INFO - 25/06/07 14:23:47 INFO Utils: Copying /home/***/.ivy2/jars/io.delta_delta-spark_2.12-3.1.0.jar to /tmp/spark-b071bd0b-35d6-4f5b-8f83-30ee9abc24b1/userFiles-e375f84a-9238-4d66-8d69-7ec05d868165/io.delta_delta-spark_2.12-3.1.0.jar
[2025-06-07T14:23:47.292+0000] {spark_submit.py:644} INFO - 25/06/07 14:23:47 INFO SparkContext: Added file file:///home/***/.ivy2/jars/org.wildfly.openssl_wildfly-openssl-1.0.7.Final.jar at spark://5ebb95484de3:40641/files/org.wildfly.openssl_wildfly-openssl-1.0.7.Final.jar with timestamp 1749306226694
[2025-06-07T14:23:47.292+0000] {spark_submit.py:644} INFO - 25/06/07 14:23:47 INFO Utils: Copying /home/***/.ivy2/jars/org.wildfly.openssl_wildfly-openssl-1.0.7.Final.jar to /tmp/spark-b071bd0b-35d6-4f5b-8f83-30ee9abc24b1/userFiles-e375f84a-9238-4d66-8d69-7ec05d868165/org.wildfly.openssl_wildfly-openssl-1.0.7.Final.jar
[2025-06-07T14:23:47.294+0000] {spark_submit.py:644} INFO - 25/06/07 14:23:47 INFO SparkContext: Added file file:///home/***/.ivy2/jars/io.delta_delta-storage-3.1.0.jar at spark://5ebb95484de3:40641/files/io.delta_delta-storage-3.1.0.jar with timestamp 1749306226694
[2025-06-07T14:23:47.295+0000] {spark_submit.py:644} INFO - 25/06/07 14:23:47 INFO Utils: Copying /home/***/.ivy2/jars/io.delta_delta-storage-3.1.0.jar to /tmp/spark-b071bd0b-35d6-4f5b-8f83-30ee9abc24b1/userFiles-e375f84a-9238-4d66-8d69-7ec05d868165/io.delta_delta-storage-3.1.0.jar
[2025-06-07T14:23:47.297+0000] {spark_submit.py:644} INFO - 25/06/07 14:23:47 INFO SparkContext: Added file file:///home/***/.ivy2/jars/org.antlr_antlr4-runtime-4.9.3.jar at spark://5ebb95484de3:40641/files/org.antlr_antlr4-runtime-4.9.3.jar with timestamp 1749306226694
[2025-06-07T14:23:47.297+0000] {spark_submit.py:644} INFO - 25/06/07 14:23:47 INFO Utils: Copying /home/***/.ivy2/jars/org.antlr_antlr4-runtime-4.9.3.jar to /tmp/spark-b071bd0b-35d6-4f5b-8f83-30ee9abc24b1/userFiles-e375f84a-9238-4d66-8d69-7ec05d868165/org.antlr_antlr4-runtime-4.9.3.jar
[2025-06-07T14:23:47.348+0000] {spark_submit.py:644} INFO - 25/06/07 14:23:47 INFO StandaloneAppClient$ClientEndpoint: Connecting to master spark://spark-master:7077...
[2025-06-07T14:23:47.370+0000] {spark_submit.py:644} INFO - 25/06/07 14:23:47 INFO TransportClientFactory: Successfully created connection to spark-master/172.19.0.6:7077 after 12 ms (0 ms spent in bootstraps)
[2025-06-07T14:23:47.429+0000] {spark_submit.py:644} INFO - 25/06/07 14:23:47 INFO StandaloneSchedulerBackend: Connected to Spark cluster with app ID app-20250607142347-0023
[2025-06-07T14:23:47.433+0000] {spark_submit.py:644} INFO - 25/06/07 14:23:47 INFO Utils: Successfully started service 'org.apache.spark.network.netty.NettyBlockTransferService' on port 36093.
[2025-06-07T14:23:47.436+0000] {spark_submit.py:644} INFO - 25/06/07 14:23:47 INFO NettyBlockTransferService: Server created on 5ebb95484de3:36093
[2025-06-07T14:23:47.436+0000] {spark_submit.py:644} INFO - 25/06/07 14:23:47 INFO BlockManager: Using org.apache.spark.storage.RandomBlockReplicationPolicy for block replication policy
[2025-06-07T14:23:47.438+0000] {spark_submit.py:644} INFO - 25/06/07 14:23:47 INFO BlockManagerMaster: Registering BlockManager BlockManagerId(driver, 5ebb95484de3, 36093, None)
[2025-06-07T14:23:47.440+0000] {spark_submit.py:644} INFO - 25/06/07 14:23:47 INFO BlockManagerMasterEndpoint: Registering block manager 5ebb95484de3:36093 with 434.4 MiB RAM, BlockManagerId(driver, 5ebb95484de3, 36093, None)
[2025-06-07T14:23:47.441+0000] {spark_submit.py:644} INFO - 25/06/07 14:23:47 INFO BlockManagerMaster: Registered BlockManager BlockManagerId(driver, 5ebb95484de3, 36093, None)
[2025-06-07T14:23:47.442+0000] {spark_submit.py:644} INFO - 25/06/07 14:23:47 INFO BlockManager: Initialized BlockManager: BlockManagerId(driver, 5ebb95484de3, 36093, None)
[2025-06-07T14:23:47.574+0000] {spark_submit.py:644} INFO - 25/06/07 14:23:47 INFO StandaloneSchedulerBackend: SchedulerBackend is ready for scheduling beginning after reached minRegisteredResourcesRatio: 0.0
[2025-06-07T14:23:47.731+0000] {spark_submit.py:644} INFO - Bronze to Silver: Spark session created.
[2025-06-07T14:23:47.735+0000] {spark_submit.py:644} INFO - 25/06/07 14:23:47 INFO SharedState: Setting hive.metastore.warehouse.dir ('null') to the value of spark.sql.warehouse.dir.
[2025-06-07T14:23:47.830+0000] {spark_submit.py:644} INFO - 25/06/07 14:23:47 WARN MetricsConfig: Cannot locate configuration: tried hadoop-metrics2-s3a-file-system.properties,hadoop-metrics2.properties
[2025-06-07T14:23:47.837+0000] {spark_submit.py:644} INFO - 25/06/07 14:23:47 INFO MetricsSystemImpl: Scheduled Metric snapshot period at 10 second(s).
[2025-06-07T14:23:47.838+0000] {spark_submit.py:644} INFO - 25/06/07 14:23:47 INFO MetricsSystemImpl: s3a-file-system metrics system started
[2025-06-07T14:23:48.384+0000] {spark_submit.py:644} INFO - 25/06/07 14:23:48 INFO SharedState: Warehouse path is 's3a://mybucket'.
[2025-06-07T14:23:49.171+0000] {spark_submit.py:644} INFO - 25/06/07 14:23:49 INFO HiveConf: Found configuration file null
[2025-06-07T14:23:49.184+0000] {spark_submit.py:644} INFO - 25/06/07 14:23:49 INFO HiveUtils: Initializing HiveMetastoreConnection version 2.3.9 using Spark classes.
[2025-06-07T14:23:49.329+0000] {spark_submit.py:644} INFO - 25/06/07 14:23:49 INFO HiveClientImpl: Warehouse location for Hive client (version 2.3.9) is s3a://mybucket
[2025-06-07T14:23:49.347+0000] {spark_submit.py:644} INFO - 25/06/07 14:23:49 INFO metastore: Trying to connect to metastore with URI thrift://hive-metastore:9083
[2025-06-07T14:23:49.362+0000] {spark_submit.py:644} INFO - 25/06/07 14:23:49 INFO metastore: Opened a connection to metastore, current connections: 1
[2025-06-07T14:23:49.377+0000] {spark_submit.py:644} INFO - 25/06/07 14:23:49 INFO metastore: Connected to metastore.
[2025-06-07T14:23:49.881+0000] {spark_submit.py:644} INFO - Error in bronze to silver transformation: [TABLE_OR_VIEW_NOT_FOUND] The table or view `sc_stats_db`.`bronze_sc_stats` cannot be found. Verify the spelling and correctness of the schema and catalog.
[2025-06-07T14:23:49.881+0000] {spark_submit.py:644} INFO - If you did not qualify the name with a schema, verify the current_schema() output, or qualify the name with the correct schema and catalog.
[2025-06-07T14:23:49.884+0000] {spark_submit.py:644} INFO - To tolerate the error on drop use DROP VIEW IF EXISTS or DROP TABLE IF EXISTS.;
[2025-06-07T14:23:49.884+0000] {spark_submit.py:644} INFO - 'UnresolvedRelation [sc_stats_db, bronze_sc_stats], [], false
[2025-06-07T14:23:49.885+0000] {spark_submit.py:644} INFO - 
[2025-06-07T14:23:49.885+0000] {spark_submit.py:644} INFO - 25/06/07 14:23:49 INFO SparkContext: SparkContext is stopping with exitCode 0.
[2025-06-07T14:23:49.892+0000] {spark_submit.py:644} INFO - 25/06/07 14:23:49 INFO SparkUI: Stopped Spark web UI at http://5ebb95484de3:4041
[2025-06-07T14:23:49.896+0000] {spark_submit.py:644} INFO - 25/06/07 14:23:49 INFO StandaloneSchedulerBackend: Shutting down all executors
[2025-06-07T14:23:49.900+0000] {spark_submit.py:644} INFO - 25/06/07 14:23:49 INFO StandaloneSchedulerBackend$StandaloneDriverEndpoint: Asking each executor to shut down
[2025-06-07T14:23:49.915+0000] {spark_submit.py:644} INFO - 25/06/07 14:23:49 INFO MapOutputTrackerMasterEndpoint: MapOutputTrackerMasterEndpoint stopped!
[2025-06-07T14:23:49.945+0000] {spark_submit.py:644} INFO - 25/06/07 14:23:49 INFO MemoryStore: MemoryStore cleared
[2025-06-07T14:23:49.945+0000] {spark_submit.py:644} INFO - 25/06/07 14:23:49 INFO BlockManager: BlockManager stopped
[2025-06-07T14:23:49.954+0000] {spark_submit.py:644} INFO - 25/06/07 14:23:49 INFO BlockManagerMaster: BlockManagerMaster stopped
[2025-06-07T14:23:49.957+0000] {spark_submit.py:644} INFO - 25/06/07 14:23:49 INFO OutputCommitCoordinator$OutputCommitCoordinatorEndpoint: OutputCommitCoordinator stopped!
[2025-06-07T14:23:49.990+0000] {spark_submit.py:644} INFO - 25/06/07 14:23:49 INFO SparkContext: Successfully stopped SparkContext
[2025-06-07T14:23:50.102+0000] {spark_submit.py:644} INFO - Traceback (most recent call last):
[2025-06-07T14:23:50.103+0000] {spark_submit.py:644} INFO - File "/opt/***/dags/bronze_to_silver_sc_stats_etl.py", line 58, in <module>
[2025-06-07T14:23:50.103+0000] {spark_submit.py:644} INFO - main()
[2025-06-07T14:23:50.104+0000] {spark_submit.py:644} INFO - ^^^^^^
[2025-06-07T14:23:50.104+0000] {spark_submit.py:644} INFO - File "/opt/***/dags/bronze_to_silver_sc_stats_etl.py", line 23, in main
[2025-06-07T14:23:50.105+0000] {spark_submit.py:644} INFO - bronze_df = spark.table("sc_stats_db.bronze_sc_stats")
[2025-06-07T14:23:50.105+0000] {spark_submit.py:644} INFO - ^^^^^^^^^^^^^^^^^^^^^^^^^^^^^^^^^^^^^^^^^^
[2025-06-07T14:23:50.106+0000] {spark_submit.py:644} INFO - File "/home/***/.local/lib/python3.11/site-packages/pyspark/python/lib/pyspark.zip/pyspark/sql/session.py", line 1667, in table
[2025-06-07T14:23:50.106+0000] {spark_submit.py:644} INFO - File "/home/***/.local/lib/python3.11/site-packages/pyspark/python/lib/py4j-0.10.9.7-src.zip/py4j/java_gateway.py", line 1322, in __call__
[2025-06-07T14:23:50.107+0000] {spark_submit.py:644} INFO - File "/home/***/.local/lib/python3.11/site-packages/pyspark/python/lib/pyspark.zip/pyspark/errors/exceptions/captured.py", line 185, in deco
[2025-06-07T14:23:50.110+0000] {spark_submit.py:644} INFO - pyspark.errors.exceptions.captured.AnalysisException: [TABLE_OR_VIEW_NOT_FOUND] The table or view `sc_stats_db`.`bronze_sc_stats` cannot be found. Verify the spelling and correctness of the schema and catalog.
[2025-06-07T14:23:50.110+0000] {spark_submit.py:644} INFO - If you did not qualify the name with a schema, verify the current_schema() output, or qualify the name with the correct schema and catalog.
[2025-06-07T14:23:50.111+0000] {spark_submit.py:644} INFO - To tolerate the error on drop use DROP VIEW IF EXISTS or DROP TABLE IF EXISTS.;
[2025-06-07T14:23:50.111+0000] {spark_submit.py:644} INFO - 'UnresolvedRelation [sc_stats_db, bronze_sc_stats], [], false
[2025-06-07T14:23:50.111+0000] {spark_submit.py:644} INFO - 
[2025-06-07T14:23:50.144+0000] {spark_submit.py:644} INFO - 25/06/07 14:23:50 INFO ShutdownHookManager: Shutdown hook called
[2025-06-07T14:23:50.144+0000] {spark_submit.py:644} INFO - 25/06/07 14:23:50 INFO ShutdownHookManager: Deleting directory /tmp/spark-9e43203d-4afc-4565-bad9-255a966829b4
[2025-06-07T14:23:50.147+0000] {spark_submit.py:644} INFO - 25/06/07 14:23:50 INFO ShutdownHookManager: Deleting directory /tmp/spark-b071bd0b-35d6-4f5b-8f83-30ee9abc24b1/pyspark-ad761b9b-1ea4-4c5b-b6a1-347dfe93359d
[2025-06-07T14:23:50.149+0000] {spark_submit.py:644} INFO - 25/06/07 14:23:50 INFO ShutdownHookManager: Deleting directory /tmp/spark-b071bd0b-35d6-4f5b-8f83-30ee9abc24b1
[2025-06-07T14:23:50.154+0000] {spark_submit.py:644} INFO - 25/06/07 14:23:50 INFO MetricsSystemImpl: Stopping s3a-file-system metrics system...
[2025-06-07T14:23:50.157+0000] {spark_submit.py:644} INFO - 25/06/07 14:23:50 INFO MetricsSystemImpl: s3a-file-system metrics system stopped.
[2025-06-07T14:23:50.157+0000] {spark_submit.py:644} INFO - 25/06/07 14:23:50 INFO MetricsSystemImpl: s3a-file-system metrics system shutdown complete.
[2025-06-07T14:23:50.199+0000] {taskinstance.py:3311} ERROR - Task failed with exception
Traceback (most recent call last):
  File "/home/airflow/.local/lib/python3.11/site-packages/airflow/models/taskinstance.py", line 767, in _execute_task
    result = _execute_callable(context=context, **execute_callable_kwargs)
             ^^^^^^^^^^^^^^^^^^^^^^^^^^^^^^^^^^^^^^^^^^^^^^^^^^^^^^^^^^^^^
  File "/home/airflow/.local/lib/python3.11/site-packages/airflow/models/taskinstance.py", line 733, in _execute_callable
    return ExecutionCallableRunner(
           ^^^^^^^^^^^^^^^^^^^^^^^^
  File "/home/airflow/.local/lib/python3.11/site-packages/airflow/utils/operator_helpers.py", line 252, in run
    return self.func(*args, **kwargs)
           ^^^^^^^^^^^^^^^^^^^^^^^^^^
  File "/home/airflow/.local/lib/python3.11/site-packages/airflow/models/baseoperator.py", line 417, in wrapper
    return func(self, *args, **kwargs)
           ^^^^^^^^^^^^^^^^^^^^^^^^^^^
  File "/home/airflow/.local/lib/python3.11/site-packages/airflow/providers/apache/spark/operators/spark_submit.py", line 197, in execute
    self._hook.submit(self.application)
  File "/home/airflow/.local/lib/python3.11/site-packages/airflow/providers/apache/spark/hooks/spark_submit.py", line 566, in submit
    raise AirflowException(
airflow.exceptions.AirflowException: Cannot execute: spark-submit --master spark://spark-master:7077 --conf spark.executor.memory=2g --conf spark.sql.extensions=io.delta.sql.DeltaSparkSessionExtension --conf spark.sql.catalog.spark_catalog=org.apache.spark.sql.delta.catalog.DeltaCatalog --conf spark.hadoop.fs.s3a.endpoint=http://minio:9000 --conf spark.hadoop.fs.s3a.access.key=minioadmin --conf spark.hadoop.fs.s3a.secret.key=****** --conf spark.hadoop.fs.s3a.path.style.access=true --conf spark.hadoop.fs.s3a.impl=org.apache.hadoop.fs.s3a.S3AFileSystem --conf spark.hadoop.fs.s3a.aws.credentials.provider=org.apache.hadoop.fs.s3a.SimpleAWSCredentialsProvider --packages org.apache.hadoop:hadoop-aws:3.3.4,com.amazonaws:aws-java-sdk-bundle:1.12.262,io.delta:delta-spark_2.12:3.1.0 --name arrow-spark --queue root.default --deploy-mode client dags/bronze_to_silver_sc_stats_etl.py --output_path s3a://mybucket/sc_stats_db.db/bronze. Error code is: 1.
[2025-06-07T14:23:50.202+0000] {taskinstance.py:1225} INFO - Marking task as FAILED. dag_id=stephen_curry_stats_medallion_etl, task_id=bronze_to_silver, run_id=manual__2025-06-07T14:23:43.381804+00:00, execution_date=20250607T142343, start_date=20250607T142344, end_date=20250607T142350
[2025-06-07T14:23:50.255+0000] {taskinstance.py:340} INFO - ::group::Post task execution logs
[2025-06-07T14:23:50.255+0000] {standard_task_runner.py:124} ERROR - Failed to execute job 105 for task bronze_to_silver (Cannot execute: spark-submit --master spark://spark-master:7077 --conf spark.executor.memory=2g --conf spark.sql.extensions=io.delta.sql.DeltaSparkSessionExtension --conf spark.sql.catalog.spark_catalog=org.apache.spark.sql.delta.catalog.DeltaCatalog --conf spark.hadoop.fs.s3a.endpoint=http://minio:9000 --conf spark.hadoop.fs.s3a.access.key=minioadmin --conf spark.hadoop.fs.s3a.secret.key=****** --conf spark.hadoop.fs.s3a.path.style.access=true --conf spark.hadoop.fs.s3a.impl=org.apache.hadoop.fs.s3a.S3AFileSystem --conf spark.hadoop.fs.s3a.aws.credentials.provider=org.apache.hadoop.fs.s3a.SimpleAWSCredentialsProvider --packages org.apache.hadoop:hadoop-aws:3.3.4,com.amazonaws:aws-java-sdk-bundle:1.12.262,io.delta:delta-spark_2.12:3.1.0 --name arrow-spark --queue root.default --deploy-mode client dags/bronze_to_silver_sc_stats_etl.py --output_path s3a://mybucket/sc_stats_db.db/bronze. Error code is: 1.; 5831)
Traceback (most recent call last):
  File "/home/airflow/.local/lib/python3.11/site-packages/airflow/task/task_runner/standard_task_runner.py", line 117, in _start_by_fork
    ret = args.func(args, dag=self.dag)
          ^^^^^^^^^^^^^^^^^^^^^^^^^^^^^
  File "/home/airflow/.local/lib/python3.11/site-packages/airflow/cli/cli_config.py", line 49, in command
    return func(*args, **kwargs)
           ^^^^^^^^^^^^^^^^^^^^^
  File "/home/airflow/.local/lib/python3.11/site-packages/airflow/utils/cli.py", line 116, in wrapper
    return f(*args, **kwargs)
           ^^^^^^^^^^^^^^^^^^
  File "/home/airflow/.local/lib/python3.11/site-packages/airflow/cli/commands/task_command.py", line 483, in task_run
    task_return_code = _run_task_by_selected_method(args, _dag, ti)
                       ^^^^^^^^^^^^^^^^^^^^^^^^^^^^^^^^^^^^^^^^^^^^
  File "/home/airflow/.local/lib/python3.11/site-packages/airflow/cli/commands/task_command.py", line 256, in _run_task_by_selected_method
    return _run_raw_task(args, ti)
           ^^^^^^^^^^^^^^^^^^^^^^^
  File "/home/airflow/.local/lib/python3.11/site-packages/airflow/cli/commands/task_command.py", line 341, in _run_raw_task
    return ti._run_raw_task(
           ^^^^^^^^^^^^^^^^^
  File "/home/airflow/.local/lib/python3.11/site-packages/airflow/utils/session.py", line 97, in wrapper
    return func(*args, session=session, **kwargs)
           ^^^^^^^^^^^^^^^^^^^^^^^^^^^^^^^^^^^^^^
  File "/home/airflow/.local/lib/python3.11/site-packages/airflow/models/taskinstance.py", line 3005, in _run_raw_task
    return _run_raw_task(
           ^^^^^^^^^^^^^^
  File "/home/airflow/.local/lib/python3.11/site-packages/airflow/models/taskinstance.py", line 273, in _run_raw_task
    TaskInstance._execute_task_with_callbacks(
  File "/home/airflow/.local/lib/python3.11/site-packages/airflow/models/taskinstance.py", line 3159, in _execute_task_with_callbacks
    result = self._execute_task(context, task_orig)
             ^^^^^^^^^^^^^^^^^^^^^^^^^^^^^^^^^^^^^^
  File "/home/airflow/.local/lib/python3.11/site-packages/airflow/models/taskinstance.py", line 3183, in _execute_task
    return _execute_task(self, context, task_orig)
           ^^^^^^^^^^^^^^^^^^^^^^^^^^^^^^^^^^^^^^^
  File "/home/airflow/.local/lib/python3.11/site-packages/airflow/models/taskinstance.py", line 767, in _execute_task
    result = _execute_callable(context=context, **execute_callable_kwargs)
             ^^^^^^^^^^^^^^^^^^^^^^^^^^^^^^^^^^^^^^^^^^^^^^^^^^^^^^^^^^^^^
  File "/home/airflow/.local/lib/python3.11/site-packages/airflow/models/taskinstance.py", line 733, in _execute_callable
    return ExecutionCallableRunner(
           ^^^^^^^^^^^^^^^^^^^^^^^^
  File "/home/airflow/.local/lib/python3.11/site-packages/airflow/utils/operator_helpers.py", line 252, in run
    return self.func(*args, **kwargs)
           ^^^^^^^^^^^^^^^^^^^^^^^^^^
  File "/home/airflow/.local/lib/python3.11/site-packages/airflow/models/baseoperator.py", line 417, in wrapper
    return func(self, *args, **kwargs)
           ^^^^^^^^^^^^^^^^^^^^^^^^^^^
  File "/home/airflow/.local/lib/python3.11/site-packages/airflow/providers/apache/spark/operators/spark_submit.py", line 197, in execute
    self._hook.submit(self.application)
  File "/home/airflow/.local/lib/python3.11/site-packages/airflow/providers/apache/spark/hooks/spark_submit.py", line 566, in submit
    raise AirflowException(
airflow.exceptions.AirflowException: Cannot execute: spark-submit --master spark://spark-master:7077 --conf spark.executor.memory=2g --conf spark.sql.extensions=io.delta.sql.DeltaSparkSessionExtension --conf spark.sql.catalog.spark_catalog=org.apache.spark.sql.delta.catalog.DeltaCatalog --conf spark.hadoop.fs.s3a.endpoint=http://minio:9000 --conf spark.hadoop.fs.s3a.access.key=minioadmin --conf spark.hadoop.fs.s3a.secret.key=****** --conf spark.hadoop.fs.s3a.path.style.access=true --conf spark.hadoop.fs.s3a.impl=org.apache.hadoop.fs.s3a.S3AFileSystem --conf spark.hadoop.fs.s3a.aws.credentials.provider=org.apache.hadoop.fs.s3a.SimpleAWSCredentialsProvider --packages org.apache.hadoop:hadoop-aws:3.3.4,com.amazonaws:aws-java-sdk-bundle:1.12.262,io.delta:delta-spark_2.12:3.1.0 --name arrow-spark --queue root.default --deploy-mode client dags/bronze_to_silver_sc_stats_etl.py --output_path s3a://mybucket/sc_stats_db.db/bronze. Error code is: 1.
[2025-06-07T14:23:50.301+0000] {local_task_job_runner.py:266} INFO - Task exited with return code 1
[2025-06-07T14:23:50.312+0000] {taskinstance.py:3895} INFO - 0 downstream tasks scheduled from follow-on schedule check
[2025-06-07T14:23:50.313+0000] {local_task_job_runner.py:245} INFO - ::endgroup::
