[2025-06-08T09:04:07.354+0000] {local_task_job_runner.py:123} INFO - ::group::Pre task execution logs
[2025-06-08T09:04:07.363+0000] {taskinstance.py:2613} INFO - Dependencies all met for dep_context=non-requeueable deps ti=<TaskInstance: stephen_curry_stats_medallion_etl.silver_to_gold manual__2025-06-08T09:03:31.506567+00:00 [queued]>
[2025-06-08T09:04:07.367+0000] {taskinstance.py:2613} INFO - Dependencies all met for dep_context=requeueable deps ti=<TaskInstance: stephen_curry_stats_medallion_etl.silver_to_gold manual__2025-06-08T09:03:31.506567+00:00 [queued]>
[2025-06-08T09:04:07.367+0000] {taskinstance.py:2866} INFO - Starting attempt 1 of 1
[2025-06-08T09:04:07.372+0000] {taskinstance.py:2889} INFO - Executing <Task(SparkSubmitOperator): silver_to_gold> on 2025-06-08 09:03:31.506567+00:00
[2025-06-08T09:04:07.374+0000] {standard_task_runner.py:72} INFO - Started process 14841 to run task
[2025-06-08T09:04:07.377+0000] {standard_task_runner.py:104} INFO - Running: ['***', 'tasks', 'run', 'stephen_curry_stats_medallion_etl', 'silver_to_gold', 'manual__2025-06-08T09:03:31.506567+00:00', '--job-id', '70', '--raw', '--subdir', 'DAGS_FOLDER/medallion_sales_etl_dag.py', '--cfg-path', '/tmp/tmpe5dujw5j']
[2025-06-08T09:04:07.378+0000] {standard_task_runner.py:105} INFO - Job 70: Subtask silver_to_gold
[2025-06-08T09:04:07.406+0000] {task_command.py:467} INFO - Running <TaskInstance: stephen_curry_stats_medallion_etl.silver_to_gold manual__2025-06-08T09:03:31.506567+00:00 [running]> on host ae00baecdfb8
[2025-06-08T09:04:07.454+0000] {taskinstance.py:3132} INFO - Exporting env vars: AIRFLOW_CTX_DAG_OWNER='***' AIRFLOW_CTX_DAG_ID='stephen_curry_stats_medallion_etl' AIRFLOW_CTX_TASK_ID='silver_to_gold' AIRFLOW_CTX_EXECUTION_DATE='2025-06-08T09:03:31.506567+00:00' AIRFLOW_CTX_TRY_NUMBER='1' AIRFLOW_CTX_DAG_RUN_ID='manual__2025-06-08T09:03:31.506567+00:00'
[2025-06-08T09:04:07.454+0000] {taskinstance.py:731} INFO - ::endgroup::
[2025-06-08T09:04:07.471+0000] {base.py:84} INFO - Retrieving connection 'spark_default'
[2025-06-08T09:04:07.473+0000] {spark_submit.py:474} INFO - Spark-Submit cmd: spark-submit --master spark://spark-master:7077 --conf spark.sql.extensions=io.delta.sql.DeltaSparkSessionExtension --conf spark.sql.catalog.spark_catalog=org.apache.spark.sql.delta.catalog.DeltaCatalog --conf spark.hadoop.fs.s3a.endpoint=http://minio:9000 --conf spark.hadoop.fs.s3a.access.key=minioadmin --conf spark.hadoop.fs.s3a.secret.key=****** --conf spark.hadoop.fs.s3a.path.style.access=true --conf spark.hadoop.fs.s3a.impl=org.apache.hadoop.fs.s3a.S3AFileSystem --conf spark.hadoop.fs.s3a.aws.credentials.provider=org.apache.hadoop.fs.s3a.SimpleAWSCredentialsProvider --packages org.apache.hadoop:hadoop-aws:3.3.4,com.amazonaws:aws-java-sdk-bundle:1.12.262,io.delta:delta-spark_2.12:3.1.0 --name arrow-spark --queue root.default --deploy-mode client dags/silver_to_gold_sc_summary_etl.py --output_path s3a://mybucket/sc_stats_db/gold/summary_data
[2025-06-08T09:04:08.182+0000] {spark_submit.py:644} INFO - :: loading settings :: url = jar:file:/home/***/.local/lib/python3.11/site-packages/pyspark/jars/ivy-2.5.1.jar!/org/apache/ivy/core/settings/ivysettings.xml
[2025-06-08T09:04:08.216+0000] {spark_submit.py:644} INFO - Ivy Default Cache set to: /home/***/.ivy2/cache
[2025-06-08T09:04:08.216+0000] {spark_submit.py:644} INFO - The jars for the packages stored in: /home/***/.ivy2/jars
[2025-06-08T09:04:08.218+0000] {spark_submit.py:644} INFO - org.apache.hadoop#hadoop-aws added as a dependency
[2025-06-08T09:04:08.219+0000] {spark_submit.py:644} INFO - com.amazonaws#aws-java-sdk-bundle added as a dependency
[2025-06-08T09:04:08.219+0000] {spark_submit.py:644} INFO - io.delta#delta-spark_2.12 added as a dependency
[2025-06-08T09:04:08.219+0000] {spark_submit.py:644} INFO - :: resolving dependencies :: org.apache.spark#spark-submit-parent-ea0e4210-de14-42e3-bafe-3d9b6530a7b4;1.0
[2025-06-08T09:04:08.219+0000] {spark_submit.py:644} INFO - confs: [default]
[2025-06-08T09:04:08.296+0000] {spark_submit.py:644} INFO - found org.apache.hadoop#hadoop-aws;3.3.4 in central
[2025-06-08T09:04:08.309+0000] {spark_submit.py:644} INFO - found com.amazonaws#aws-java-sdk-bundle;1.12.262 in central
[2025-06-08T09:04:08.319+0000] {spark_submit.py:644} INFO - found org.wildfly.openssl#wildfly-openssl;1.0.7.Final in central
[2025-06-08T09:04:08.326+0000] {spark_submit.py:644} INFO - found io.delta#delta-spark_2.12;3.1.0 in central
[2025-06-08T09:04:08.336+0000] {spark_submit.py:644} INFO - found io.delta#delta-storage;3.1.0 in central
[2025-06-08T09:04:08.344+0000] {spark_submit.py:644} INFO - found org.antlr#antlr4-runtime;4.9.3 in central
[2025-06-08T09:04:08.358+0000] {spark_submit.py:644} INFO - :: resolution report :: resolve 133ms :: artifacts dl 6ms
[2025-06-08T09:04:08.359+0000] {spark_submit.py:644} INFO - :: modules in use:
[2025-06-08T09:04:08.359+0000] {spark_submit.py:644} INFO - com.amazonaws#aws-java-sdk-bundle;1.12.262 from central in [default]
[2025-06-08T09:04:08.359+0000] {spark_submit.py:644} INFO - io.delta#delta-spark_2.12;3.1.0 from central in [default]
[2025-06-08T09:04:08.359+0000] {spark_submit.py:644} INFO - io.delta#delta-storage;3.1.0 from central in [default]
[2025-06-08T09:04:08.359+0000] {spark_submit.py:644} INFO - org.antlr#antlr4-runtime;4.9.3 from central in [default]
[2025-06-08T09:04:08.359+0000] {spark_submit.py:644} INFO - org.apache.hadoop#hadoop-aws;3.3.4 from central in [default]
[2025-06-08T09:04:08.360+0000] {spark_submit.py:644} INFO - org.wildfly.openssl#wildfly-openssl;1.0.7.Final from central in [default]
[2025-06-08T09:04:08.360+0000] {spark_submit.py:644} INFO - ---------------------------------------------------------------------
[2025-06-08T09:04:08.360+0000] {spark_submit.py:644} INFO - |                  |            modules            ||   artifacts   |
[2025-06-08T09:04:08.360+0000] {spark_submit.py:644} INFO - |       conf       | number| search|dwnlded|evicted|| number|dwnlded|
[2025-06-08T09:04:08.360+0000] {spark_submit.py:644} INFO - ---------------------------------------------------------------------
[2025-06-08T09:04:08.360+0000] {spark_submit.py:644} INFO - |      default     |   6   |   0   |   0   |   0   ||   6   |   0   |
[2025-06-08T09:04:08.360+0000] {spark_submit.py:644} INFO - ---------------------------------------------------------------------
[2025-06-08T09:04:08.361+0000] {spark_submit.py:644} INFO - :: retrieving :: org.apache.spark#spark-submit-parent-ea0e4210-de14-42e3-bafe-3d9b6530a7b4
[2025-06-08T09:04:08.361+0000] {spark_submit.py:644} INFO - confs: [default]
[2025-06-08T09:04:08.364+0000] {spark_submit.py:644} INFO - 0 artifacts copied, 6 already retrieved (0kB/3ms)
[2025-06-08T09:04:08.452+0000] {spark_submit.py:644} INFO - 25/06/08 09:04:08 WARN NativeCodeLoader: Unable to load native-hadoop library for your platform... using builtin-java classes where applicable
[2025-06-08T09:04:09.136+0000] {spark_submit.py:644} INFO - 25/06/08 09:04:09 INFO SparkContext: Running Spark version 3.5.2
[2025-06-08T09:04:09.136+0000] {spark_submit.py:644} INFO - 25/06/08 09:04:09 INFO SparkContext: OS info Linux, 6.10.14-linuxkit, aarch64
[2025-06-08T09:04:09.137+0000] {spark_submit.py:644} INFO - 25/06/08 09:04:09 INFO SparkContext: Java version 17.0.15
[2025-06-08T09:04:09.147+0000] {spark_submit.py:644} INFO - 25/06/08 09:04:09 INFO ResourceUtils: ==============================================================
[2025-06-08T09:04:09.148+0000] {spark_submit.py:644} INFO - 25/06/08 09:04:09 INFO ResourceUtils: No custom resources configured for spark.driver.
[2025-06-08T09:04:09.148+0000] {spark_submit.py:644} INFO - 25/06/08 09:04:09 INFO ResourceUtils: ==============================================================
[2025-06-08T09:04:09.148+0000] {spark_submit.py:644} INFO - 25/06/08 09:04:09 INFO SparkContext: Submitted application: SilverToGoldStephenCurryStats
[2025-06-08T09:04:09.164+0000] {spark_submit.py:644} INFO - 25/06/08 09:04:09 INFO ResourceProfile: Default ResourceProfile created, executor resources: Map(memory -> name: memory, amount: 1024, script: , vendor: , offHeap -> name: offHeap, amount: 0, script: , vendor: ), task resources: Map(cpus -> name: cpus, amount: 1.0)
[2025-06-08T09:04:09.168+0000] {spark_submit.py:644} INFO - 25/06/08 09:04:09 INFO ResourceProfile: Limiting resource is cpu
[2025-06-08T09:04:09.169+0000] {spark_submit.py:644} INFO - 25/06/08 09:04:09 INFO ResourceProfileManager: Added ResourceProfile id: 0
[2025-06-08T09:04:09.196+0000] {spark_submit.py:644} INFO - 25/06/08 09:04:09 INFO SecurityManager: Changing view acls to: ***
[2025-06-08T09:04:09.196+0000] {spark_submit.py:644} INFO - 25/06/08 09:04:09 INFO SecurityManager: Changing modify acls to: ***
[2025-06-08T09:04:09.197+0000] {spark_submit.py:644} INFO - 25/06/08 09:04:09 INFO SecurityManager: Changing view acls groups to:
[2025-06-08T09:04:09.197+0000] {spark_submit.py:644} INFO - 25/06/08 09:04:09 INFO SecurityManager: Changing modify acls groups to:
[2025-06-08T09:04:09.197+0000] {spark_submit.py:644} INFO - 25/06/08 09:04:09 INFO SecurityManager: SecurityManager: authentication disabled; ui acls disabled; users with view permissions: ***; groups with view permissions: EMPTY; users with modify permissions: ***; groups with modify permissions: EMPTY
[2025-06-08T09:04:09.303+0000] {spark_submit.py:644} INFO - 25/06/08 09:04:09 INFO Utils: Successfully started service 'sparkDriver' on port 43325.
[2025-06-08T09:04:09.321+0000] {spark_submit.py:644} INFO - 25/06/08 09:04:09 INFO SparkEnv: Registering MapOutputTracker
[2025-06-08T09:04:09.344+0000] {spark_submit.py:644} INFO - 25/06/08 09:04:09 INFO SparkEnv: Registering BlockManagerMaster
[2025-06-08T09:04:09.351+0000] {spark_submit.py:644} INFO - 25/06/08 09:04:09 INFO BlockManagerMasterEndpoint: Using org.apache.spark.storage.DefaultTopologyMapper for getting topology information
[2025-06-08T09:04:09.352+0000] {spark_submit.py:644} INFO - 25/06/08 09:04:09 INFO BlockManagerMasterEndpoint: BlockManagerMasterEndpoint up
[2025-06-08T09:04:09.354+0000] {spark_submit.py:644} INFO - 25/06/08 09:04:09 INFO SparkEnv: Registering BlockManagerMasterHeartbeat
[2025-06-08T09:04:09.366+0000] {spark_submit.py:644} INFO - 25/06/08 09:04:09 INFO DiskBlockManager: Created local directory at /tmp/blockmgr-0de602d9-ccf6-4a22-8a98-a5e9dd2fdcf2
[2025-06-08T09:04:09.373+0000] {spark_submit.py:644} INFO - 25/06/08 09:04:09 INFO MemoryStore: MemoryStore started with capacity 434.4 MiB
[2025-06-08T09:04:09.380+0000] {spark_submit.py:644} INFO - 25/06/08 09:04:09 INFO SparkEnv: Registering OutputCommitCoordinator
[2025-06-08T09:04:09.441+0000] {spark_submit.py:644} INFO - 25/06/08 09:04:09 INFO JettyUtils: Start Jetty 0.0.0.0:4040 for SparkUI
[2025-06-08T09:04:09.478+0000] {spark_submit.py:644} INFO - 25/06/08 09:04:09 INFO Utils: Successfully started service 'SparkUI' on port 4040.
[2025-06-08T09:04:09.513+0000] {spark_submit.py:644} INFO - 25/06/08 09:04:09 INFO SparkContext: Added JAR file:///home/***/.ivy2/jars/org.apache.hadoop_hadoop-aws-3.3.4.jar at spark://ae00baecdfb8:43325/jars/org.apache.hadoop_hadoop-aws-3.3.4.jar with timestamp 1749373449132
[2025-06-08T09:04:09.513+0000] {spark_submit.py:644} INFO - 25/06/08 09:04:09 INFO SparkContext: Added JAR file:///home/***/.ivy2/jars/com.amazonaws_aws-java-sdk-bundle-1.12.262.jar at spark://ae00baecdfb8:43325/jars/com.amazonaws_aws-java-sdk-bundle-1.12.262.jar with timestamp 1749373449132
[2025-06-08T09:04:09.513+0000] {spark_submit.py:644} INFO - 25/06/08 09:04:09 INFO SparkContext: Added JAR file:///home/***/.ivy2/jars/io.delta_delta-spark_2.12-3.1.0.jar at spark://ae00baecdfb8:43325/jars/io.delta_delta-spark_2.12-3.1.0.jar with timestamp 1749373449132
[2025-06-08T09:04:09.513+0000] {spark_submit.py:644} INFO - 25/06/08 09:04:09 INFO SparkContext: Added JAR file:///home/***/.ivy2/jars/org.wildfly.openssl_wildfly-openssl-1.0.7.Final.jar at spark://ae00baecdfb8:43325/jars/org.wildfly.openssl_wildfly-openssl-1.0.7.Final.jar with timestamp 1749373449132
[2025-06-08T09:04:09.513+0000] {spark_submit.py:644} INFO - 25/06/08 09:04:09 INFO SparkContext: Added JAR file:///home/***/.ivy2/jars/io.delta_delta-storage-3.1.0.jar at spark://ae00baecdfb8:43325/jars/io.delta_delta-storage-3.1.0.jar with timestamp 1749373449132
[2025-06-08T09:04:09.514+0000] {spark_submit.py:644} INFO - 25/06/08 09:04:09 INFO SparkContext: Added JAR file:///home/***/.ivy2/jars/org.antlr_antlr4-runtime-4.9.3.jar at spark://ae00baecdfb8:43325/jars/org.antlr_antlr4-runtime-4.9.3.jar with timestamp 1749373449132
[2025-06-08T09:04:09.515+0000] {spark_submit.py:644} INFO - 25/06/08 09:04:09 INFO SparkContext: Added file file:///home/***/.ivy2/jars/org.apache.hadoop_hadoop-aws-3.3.4.jar at spark://ae00baecdfb8:43325/files/org.apache.hadoop_hadoop-aws-3.3.4.jar with timestamp 1749373449132
[2025-06-08T09:04:09.516+0000] {spark_submit.py:644} INFO - 25/06/08 09:04:09 INFO Utils: Copying /home/***/.ivy2/jars/org.apache.hadoop_hadoop-aws-3.3.4.jar to /tmp/spark-aa7db3a7-0670-4a93-835b-abc6cc68d58b/userFiles-eabbbf3d-9198-4d70-a36e-a58c4ace17bf/org.apache.hadoop_hadoop-aws-3.3.4.jar
[2025-06-08T09:04:09.522+0000] {spark_submit.py:644} INFO - 25/06/08 09:04:09 INFO SparkContext: Added file file:///home/***/.ivy2/jars/com.amazonaws_aws-java-sdk-bundle-1.12.262.jar at spark://ae00baecdfb8:43325/files/com.amazonaws_aws-java-sdk-bundle-1.12.262.jar with timestamp 1749373449132
[2025-06-08T09:04:09.522+0000] {spark_submit.py:644} INFO - 25/06/08 09:04:09 INFO Utils: Copying /home/***/.ivy2/jars/com.amazonaws_aws-java-sdk-bundle-1.12.262.jar to /tmp/spark-aa7db3a7-0670-4a93-835b-abc6cc68d58b/userFiles-eabbbf3d-9198-4d70-a36e-a58c4ace17bf/com.amazonaws_aws-java-sdk-bundle-1.12.262.jar
[2025-06-08T09:04:09.606+0000] {spark_submit.py:644} INFO - 25/06/08 09:04:09 INFO SparkContext: Added file file:///home/***/.ivy2/jars/io.delta_delta-spark_2.12-3.1.0.jar at spark://ae00baecdfb8:43325/files/io.delta_delta-spark_2.12-3.1.0.jar with timestamp 1749373449132
[2025-06-08T09:04:09.606+0000] {spark_submit.py:644} INFO - 25/06/08 09:04:09 INFO Utils: Copying /home/***/.ivy2/jars/io.delta_delta-spark_2.12-3.1.0.jar to /tmp/spark-aa7db3a7-0670-4a93-835b-abc6cc68d58b/userFiles-eabbbf3d-9198-4d70-a36e-a58c4ace17bf/io.delta_delta-spark_2.12-3.1.0.jar
[2025-06-08T09:04:09.610+0000] {spark_submit.py:644} INFO - 25/06/08 09:04:09 INFO SparkContext: Added file file:///home/***/.ivy2/jars/org.wildfly.openssl_wildfly-openssl-1.0.7.Final.jar at spark://ae00baecdfb8:43325/files/org.wildfly.openssl_wildfly-openssl-1.0.7.Final.jar with timestamp 1749373449132
[2025-06-08T09:04:09.610+0000] {spark_submit.py:644} INFO - 25/06/08 09:04:09 INFO Utils: Copying /home/***/.ivy2/jars/org.wildfly.openssl_wildfly-openssl-1.0.7.Final.jar to /tmp/spark-aa7db3a7-0670-4a93-835b-abc6cc68d58b/userFiles-eabbbf3d-9198-4d70-a36e-a58c4ace17bf/org.wildfly.openssl_wildfly-openssl-1.0.7.Final.jar
[2025-06-08T09:04:09.612+0000] {spark_submit.py:644} INFO - 25/06/08 09:04:09 INFO SparkContext: Added file file:///home/***/.ivy2/jars/io.delta_delta-storage-3.1.0.jar at spark://ae00baecdfb8:43325/files/io.delta_delta-storage-3.1.0.jar with timestamp 1749373449132
[2025-06-08T09:04:09.613+0000] {spark_submit.py:644} INFO - 25/06/08 09:04:09 INFO Utils: Copying /home/***/.ivy2/jars/io.delta_delta-storage-3.1.0.jar to /tmp/spark-aa7db3a7-0670-4a93-835b-abc6cc68d58b/userFiles-eabbbf3d-9198-4d70-a36e-a58c4ace17bf/io.delta_delta-storage-3.1.0.jar
[2025-06-08T09:04:09.614+0000] {spark_submit.py:644} INFO - 25/06/08 09:04:09 INFO SparkContext: Added file file:///home/***/.ivy2/jars/org.antlr_antlr4-runtime-4.9.3.jar at spark://ae00baecdfb8:43325/files/org.antlr_antlr4-runtime-4.9.3.jar with timestamp 1749373449132
[2025-06-08T09:04:09.615+0000] {spark_submit.py:644} INFO - 25/06/08 09:04:09 INFO Utils: Copying /home/***/.ivy2/jars/org.antlr_antlr4-runtime-4.9.3.jar to /tmp/spark-aa7db3a7-0670-4a93-835b-abc6cc68d58b/userFiles-eabbbf3d-9198-4d70-a36e-a58c4ace17bf/org.antlr_antlr4-runtime-4.9.3.jar
[2025-06-08T09:04:09.660+0000] {spark_submit.py:644} INFO - 25/06/08 09:04:09 INFO StandaloneAppClient$ClientEndpoint: Connecting to master spark://spark-master:7077...
[2025-06-08T09:04:09.680+0000] {spark_submit.py:644} INFO - 25/06/08 09:04:09 INFO TransportClientFactory: Successfully created connection to spark-master/172.19.0.7:7077 after 11 ms (0 ms spent in bootstraps)
[2025-06-08T09:04:09.722+0000] {spark_submit.py:644} INFO - 25/06/08 09:04:09 INFO StandaloneSchedulerBackend: Connected to Spark cluster with app ID app-20250608090409-0008
[2025-06-08T09:04:09.723+0000] {spark_submit.py:644} INFO - 25/06/08 09:04:09 INFO StandaloneAppClient$ClientEndpoint: Executor added: app-20250608090409-0008/0 on worker-20250608085938-172.19.0.10-33591 (172.19.0.10:33591) with 4 core(s)
[2025-06-08T09:04:09.724+0000] {spark_submit.py:644} INFO - 25/06/08 09:04:09 INFO StandaloneSchedulerBackend: Granted executor ID app-20250608090409-0008/0 on hostPort 172.19.0.10:33591 with 4 core(s), 1024.0 MiB RAM
[2025-06-08T09:04:09.728+0000] {spark_submit.py:644} INFO - 25/06/08 09:04:09 INFO Utils: Successfully started service 'org.apache.spark.network.netty.NettyBlockTransferService' on port 33719.
[2025-06-08T09:04:09.729+0000] {spark_submit.py:644} INFO - 25/06/08 09:04:09 INFO NettyBlockTransferService: Server created on ae00baecdfb8:33719
[2025-06-08T09:04:09.730+0000] {spark_submit.py:644} INFO - 25/06/08 09:04:09 INFO BlockManager: Using org.apache.spark.storage.RandomBlockReplicationPolicy for block replication policy
[2025-06-08T09:04:09.733+0000] {spark_submit.py:644} INFO - 25/06/08 09:04:09 INFO BlockManagerMaster: Registering BlockManager BlockManagerId(driver, ae00baecdfb8, 33719, None)
[2025-06-08T09:04:09.738+0000] {spark_submit.py:644} INFO - 25/06/08 09:04:09 INFO BlockManagerMasterEndpoint: Registering block manager ae00baecdfb8:33719 with 434.4 MiB RAM, BlockManagerId(driver, ae00baecdfb8, 33719, None)
[2025-06-08T09:04:09.739+0000] {spark_submit.py:644} INFO - 25/06/08 09:04:09 INFO BlockManagerMaster: Registered BlockManager BlockManagerId(driver, ae00baecdfb8, 33719, None)
[2025-06-08T09:04:09.739+0000] {spark_submit.py:644} INFO - 25/06/08 09:04:09 INFO BlockManager: Initialized BlockManager: BlockManagerId(driver, ae00baecdfb8, 33719, None)
[2025-06-08T09:04:09.740+0000] {spark_submit.py:644} INFO - 25/06/08 09:04:09 INFO StandaloneAppClient$ClientEndpoint: Executor updated: app-20250608090409-0008/0 is now RUNNING
[2025-06-08T09:04:09.848+0000] {spark_submit.py:644} INFO - 25/06/08 09:04:09 INFO StandaloneSchedulerBackend: SchedulerBackend is ready for scheduling beginning after reached minRegisteredResourcesRatio: 0.0
[2025-06-08T09:04:09.973+0000] {spark_submit.py:644} INFO - Silver to Gold: Spark session created.
[2025-06-08T09:04:09.977+0000] {spark_submit.py:644} INFO - 25/06/08 09:04:09 INFO SharedState: Setting hive.metastore.warehouse.dir ('null') to the value of spark.sql.warehouse.dir.
[2025-06-08T09:04:09.978+0000] {spark_submit.py:644} INFO - 25/06/08 09:04:09 INFO SharedState: Warehouse path is 'file:/opt/***/spark-warehouse'.
[2025-06-08T09:04:10.542+0000] {spark_submit.py:644} INFO - 25/06/08 09:04:10 INFO HiveConf: Found configuration file null
[2025-06-08T09:04:10.546+0000] {spark_submit.py:644} INFO - 25/06/08 09:04:10 INFO HiveUtils: Initializing HiveMetastoreConnection version 2.3.9 using Spark classes.
[2025-06-08T09:04:10.664+0000] {spark_submit.py:644} INFO - 25/06/08 09:04:10 INFO HiveClientImpl: Warehouse location for Hive client (version 2.3.9) is file:/opt/***/spark-warehouse
[2025-06-08T09:04:10.741+0000] {spark_submit.py:644} INFO - 25/06/08 09:04:10 WARN HiveConf: HiveConf of name hive.stats.jdbc.timeout does not exist
[2025-06-08T09:04:10.742+0000] {spark_submit.py:644} INFO - 25/06/08 09:04:10 WARN HiveConf: HiveConf of name hive.stats.retries.wait does not exist
[2025-06-08T09:04:10.742+0000] {spark_submit.py:644} INFO - 25/06/08 09:04:10 INFO HiveMetaStore: 0: Opening raw store with implementation class:org.apache.hadoop.hive.metastore.ObjectStore
[2025-06-08T09:04:10.768+0000] {spark_submit.py:644} INFO - 25/06/08 09:04:10 INFO ObjectStore: ObjectStore, initialize called
[2025-06-08T09:04:10.841+0000] {spark_submit.py:644} INFO - 25/06/08 09:04:10 INFO Persistence: Property hive.metastore.integral.jdo.pushdown unknown - will be ignored
[2025-06-08T09:04:10.842+0000] {spark_submit.py:644} INFO - 25/06/08 09:04:10 INFO Persistence: Property datanucleus.cache.level2 unknown - will be ignored
[2025-06-08T09:04:10.904+0000] {spark_submit.py:644} INFO - 25/06/08 09:04:10 INFO StandaloneSchedulerBackend$StandaloneDriverEndpoint: Registered executor NettyRpcEndpointRef(spark-client://Executor) (172.19.0.10:40752) with ID 0,  ResourceProfileId 0
[2025-06-08T09:04:10.943+0000] {spark_submit.py:644} INFO - 25/06/08 09:04:10 INFO BlockManagerMasterEndpoint: Registering block manager 172.19.0.10:37845 with 434.4 MiB RAM, BlockManagerId(0, 172.19.0.10, 37845, None)
[2025-06-08T09:04:11.507+0000] {spark_submit.py:644} INFO - 25/06/08 09:04:11 INFO ObjectStore: Setting MetaStore object pin classes with hive.metastore.cache.pinobjtypes="Table,StorageDescriptor,SerDeInfo,Partition,Database,Type,FieldSchema,Order"
[2025-06-08T09:04:11.979+0000] {spark_submit.py:644} INFO - 25/06/08 09:04:11 INFO MetaStoreDirectSql: Using direct SQL, underlying DB is DERBY
[2025-06-08T09:04:11.981+0000] {spark_submit.py:644} INFO - 25/06/08 09:04:11 INFO ObjectStore: Initialized ObjectStore
[2025-06-08T09:04:12.015+0000] {spark_submit.py:644} INFO - 25/06/08 09:04:12 WARN ObjectStore: Version information not found in metastore. hive.metastore.schema.verification is not enabled so recording the schema version 2.3.0
[2025-06-08T09:04:12.015+0000] {spark_submit.py:644} INFO - 25/06/08 09:04:12 WARN ObjectStore: setMetaStoreSchemaVersion called but recording version is disabled: version = 2.3.0, comment = Set by MetaStore UNKNOWN@172.19.0.8
[2025-06-08T09:04:12.057+0000] {spark_submit.py:644} INFO - 25/06/08 09:04:12 INFO HiveMetaStore: Added admin role in metastore
[2025-06-08T09:04:12.058+0000] {spark_submit.py:644} INFO - 25/06/08 09:04:12 INFO HiveMetaStore: Added public role in metastore
[2025-06-08T09:04:12.073+0000] {spark_submit.py:644} INFO - 25/06/08 09:04:12 INFO HiveMetaStore: No user is added in admin role, since config is empty
[2025-06-08T09:04:12.108+0000] {spark_submit.py:644} INFO - 25/06/08 09:04:12 INFO HiveMetaStore: 0: get_database: default
[2025-06-08T09:04:12.109+0000] {spark_submit.py:644} INFO - 25/06/08 09:04:12 INFO audit: ugi=***	ip=unknown-ip-addr	cmd=get_database: default
[2025-06-08T09:04:12.111+0000] {spark_submit.py:644} INFO - 25/06/08 09:04:12 INFO HiveMetaStore: 0: get_database: global_temp
[2025-06-08T09:04:12.111+0000] {spark_submit.py:644} INFO - 25/06/08 09:04:12 INFO audit: ugi=***	ip=unknown-ip-addr	cmd=get_database: global_temp
[2025-06-08T09:04:12.112+0000] {spark_submit.py:644} INFO - 25/06/08 09:04:12 WARN ObjectStore: Failed to get database global_temp, returning NoSuchObjectException
[2025-06-08T09:04:12.320+0000] {spark_submit.py:644} INFO - 25/06/08 09:04:12 INFO HiveMetaStore: 0: get_database: sc_stats_db
[2025-06-08T09:04:12.321+0000] {spark_submit.py:644} INFO - 25/06/08 09:04:12 INFO audit: ugi=***	ip=unknown-ip-addr	cmd=get_database: sc_stats_db
[2025-06-08T09:04:12.322+0000] {spark_submit.py:644} INFO - 25/06/08 09:04:12 INFO HiveMetaStore: 0: get_table : db=sc_stats_db tbl=silver_transformed_data
[2025-06-08T09:04:12.322+0000] {spark_submit.py:644} INFO - 25/06/08 09:04:12 INFO audit: ugi=***	ip=unknown-ip-addr	cmd=get_table : db=sc_stats_db tbl=silver_transformed_data
[2025-06-08T09:04:12.427+0000] {spark_submit.py:644} INFO - 25/06/08 09:04:12 INFO HiveMetaStore: 0: get_table : db=sc_stats_db tbl=silver_transformed_data
[2025-06-08T09:04:12.428+0000] {spark_submit.py:644} INFO - 25/06/08 09:04:12 INFO audit: ugi=***	ip=unknown-ip-addr	cmd=get_table : db=sc_stats_db tbl=silver_transformed_data
[2025-06-08T09:04:12.605+0000] {spark_submit.py:644} INFO - 25/06/08 09:04:12 WARN MetricsConfig: Cannot locate configuration: tried hadoop-metrics2-s3a-file-system.properties,hadoop-metrics2.properties
[2025-06-08T09:04:12.611+0000] {spark_submit.py:644} INFO - 25/06/08 09:04:12 INFO MetricsSystemImpl: Scheduled Metric snapshot period at 10 second(s).
[2025-06-08T09:04:12.612+0000] {spark_submit.py:644} INFO - 25/06/08 09:04:12 INFO MetricsSystemImpl: s3a-file-system metrics system started
[2025-06-08T09:04:12.982+0000] {spark_submit.py:644} INFO - 25/06/08 09:04:12 INFO DelegatingLogStore: LogStore `LogStoreAdapter(io.delta.storage.S3SingleDriverLogStore)` is used for scheme `s3a`
[2025-06-08T09:04:13.064+0000] {spark_submit.py:644} INFO - 25/06/08 09:04:13 INFO DeltaLog: Creating initial snapshot without metadata, because the directory is empty
[2025-06-08T09:04:13.617+0000] {spark_submit.py:644} INFO - 25/06/08 09:04:13 INFO InitialSnapshot: [tableId=fae31ecb-921e-4ff6-bb25-b22063e628ee] Created snapshot InitialSnapshot(path=s3a://mybucket/warehouse/sc_stats_db.db/silver_transformed_data/_delta_log, version=-1, metadata=Metadata(bdc065fe-0edf-4f39-8798-29fa8240d222,null,null,Format(parquet,Map()),null,List(),Map(),Some(1749373453613)), logSegment=LogSegment(s3a://mybucket/warehouse/sc_stats_db.db/silver_transformed_data/_delta_log,-1,List(),org.apache.spark.sql.delta.EmptyCheckpointProvider$@36702baf,-1), checksumOpt=None)
[2025-06-08T09:04:13.765+0000] {spark_submit.py:644} INFO - Error in silver to gold transformation: [DELTA_TABLE_NOT_FOUND] Delta table `sc_stats_db`.`silver_transformed_data` doesn't exist.
[2025-06-08T09:04:13.766+0000] {spark_submit.py:644} INFO - 25/06/08 09:04:13 INFO SparkContext: SparkContext is stopping with exitCode 0.
[2025-06-08T09:04:13.772+0000] {spark_submit.py:644} INFO - 25/06/08 09:04:13 INFO SparkUI: Stopped Spark web UI at http://ae00baecdfb8:4040
[2025-06-08T09:04:13.774+0000] {spark_submit.py:644} INFO - 25/06/08 09:04:13 INFO StandaloneSchedulerBackend: Shutting down all executors
[2025-06-08T09:04:13.774+0000] {spark_submit.py:644} INFO - 25/06/08 09:04:13 INFO StandaloneSchedulerBackend$StandaloneDriverEndpoint: Asking each executor to shut down
[2025-06-08T09:04:13.785+0000] {spark_submit.py:644} INFO - 25/06/08 09:04:13 INFO MapOutputTrackerMasterEndpoint: MapOutputTrackerMasterEndpoint stopped!
[2025-06-08T09:04:13.796+0000] {spark_submit.py:644} INFO - 25/06/08 09:04:13 INFO MemoryStore: MemoryStore cleared
[2025-06-08T09:04:13.799+0000] {spark_submit.py:644} INFO - 25/06/08 09:04:13 INFO BlockManager: BlockManager stopped
[2025-06-08T09:04:13.799+0000] {spark_submit.py:644} INFO - 25/06/08 09:04:13 INFO BlockManagerMaster: BlockManagerMaster stopped
[2025-06-08T09:04:13.800+0000] {spark_submit.py:644} INFO - 25/06/08 09:04:13 INFO OutputCommitCoordinator$OutputCommitCoordinatorEndpoint: OutputCommitCoordinator stopped!
[2025-06-08T09:04:13.820+0000] {spark_submit.py:644} INFO - 25/06/08 09:04:13 INFO SparkContext: Successfully stopped SparkContext
[2025-06-08T09:04:13.885+0000] {spark_submit.py:644} INFO - Traceback (most recent call last):
[2025-06-08T09:04:13.885+0000] {spark_submit.py:644} INFO - File "/opt/***/dags/silver_to_gold_sc_summary_etl.py", line 43, in <module>
[2025-06-08T09:04:13.886+0000] {spark_submit.py:644} INFO - main(args.output_path)
[2025-06-08T09:04:13.886+0000] {spark_submit.py:644} INFO - ^^^^^^^^^^^^^^^^^^^^^^
[2025-06-08T09:04:13.886+0000] {spark_submit.py:644} INFO - File "/opt/***/dags/silver_to_gold_sc_summary_etl.py", line 16, in main
[2025-06-08T09:04:13.886+0000] {spark_submit.py:644} INFO - silver_df = spark.table("sc_stats_db.silver_transformed_data")
[2025-06-08T09:04:13.886+0000] {spark_submit.py:644} INFO - ^^^^^^^^^^^^^^^^^^^^^^^^^^^^^^^^^^^^^^^^^^^^^^^^^^
[2025-06-08T09:04:13.887+0000] {spark_submit.py:644} INFO - File "/home/***/.local/lib/python3.11/site-packages/pyspark/python/lib/pyspark.zip/pyspark/sql/session.py", line 1667, in table
[2025-06-08T09:04:13.887+0000] {spark_submit.py:644} INFO - File "/home/***/.local/lib/python3.11/site-packages/pyspark/python/lib/py4j-0.10.9.7-src.zip/py4j/java_gateway.py", line 1322, in __call__
[2025-06-08T09:04:13.887+0000] {spark_submit.py:644} INFO - File "/home/***/.local/lib/python3.11/site-packages/pyspark/python/lib/pyspark.zip/pyspark/errors/exceptions/captured.py", line 185, in deco
[2025-06-08T09:04:13.888+0000] {spark_submit.py:644} INFO - pyspark.errors.exceptions.captured.AnalysisException: [DELTA_TABLE_NOT_FOUND] Delta table `sc_stats_db`.`silver_transformed_data` doesn't exist.
[2025-06-08T09:04:13.918+0000] {spark_submit.py:644} INFO - 25/06/08 09:04:13 INFO ShutdownHookManager: Shutdown hook called
[2025-06-08T09:04:13.919+0000] {spark_submit.py:644} INFO - 25/06/08 09:04:13 INFO ShutdownHookManager: Deleting directory /tmp/spark-76648259-187d-400d-a931-7e70435ba770
[2025-06-08T09:04:13.920+0000] {spark_submit.py:644} INFO - 25/06/08 09:04:13 INFO ShutdownHookManager: Deleting directory /tmp/spark-aa7db3a7-0670-4a93-835b-abc6cc68d58b/pyspark-2fc068ba-51ff-4a1c-bd20-cabdb6b8921e
[2025-06-08T09:04:13.922+0000] {spark_submit.py:644} INFO - 25/06/08 09:04:13 INFO ShutdownHookManager: Deleting directory /tmp/spark-aa7db3a7-0670-4a93-835b-abc6cc68d58b
[2025-06-08T09:04:13.926+0000] {spark_submit.py:644} INFO - 25/06/08 09:04:13 INFO MetricsSystemImpl: Stopping s3a-file-system metrics system...
[2025-06-08T09:04:13.926+0000] {spark_submit.py:644} INFO - 25/06/08 09:04:13 INFO MetricsSystemImpl: s3a-file-system metrics system stopped.
[2025-06-08T09:04:13.926+0000] {spark_submit.py:644} INFO - 25/06/08 09:04:13 INFO MetricsSystemImpl: s3a-file-system metrics system shutdown complete.
[2025-06-08T09:04:13.958+0000] {taskinstance.py:3311} ERROR - Task failed with exception
Traceback (most recent call last):
  File "/home/airflow/.local/lib/python3.11/site-packages/airflow/models/taskinstance.py", line 767, in _execute_task
    result = _execute_callable(context=context, **execute_callable_kwargs)
             ^^^^^^^^^^^^^^^^^^^^^^^^^^^^^^^^^^^^^^^^^^^^^^^^^^^^^^^^^^^^^
  File "/home/airflow/.local/lib/python3.11/site-packages/airflow/models/taskinstance.py", line 733, in _execute_callable
    return ExecutionCallableRunner(
           ^^^^^^^^^^^^^^^^^^^^^^^^
  File "/home/airflow/.local/lib/python3.11/site-packages/airflow/utils/operator_helpers.py", line 252, in run
    return self.func(*args, **kwargs)
           ^^^^^^^^^^^^^^^^^^^^^^^^^^
  File "/home/airflow/.local/lib/python3.11/site-packages/airflow/models/baseoperator.py", line 417, in wrapper
    return func(self, *args, **kwargs)
           ^^^^^^^^^^^^^^^^^^^^^^^^^^^
  File "/home/airflow/.local/lib/python3.11/site-packages/airflow/providers/apache/spark/operators/spark_submit.py", line 197, in execute
    self._hook.submit(self.application)
  File "/home/airflow/.local/lib/python3.11/site-packages/airflow/providers/apache/spark/hooks/spark_submit.py", line 566, in submit
    raise AirflowException(
airflow.exceptions.AirflowException: Cannot execute: spark-submit --master spark://spark-master:7077 --conf spark.sql.extensions=io.delta.sql.DeltaSparkSessionExtension --conf spark.sql.catalog.spark_catalog=org.apache.spark.sql.delta.catalog.DeltaCatalog --conf spark.hadoop.fs.s3a.endpoint=http://minio:9000 --conf spark.hadoop.fs.s3a.access.key=minioadmin --conf spark.hadoop.fs.s3a.secret.key=****** --conf spark.hadoop.fs.s3a.path.style.access=true --conf spark.hadoop.fs.s3a.impl=org.apache.hadoop.fs.s3a.S3AFileSystem --conf spark.hadoop.fs.s3a.aws.credentials.provider=org.apache.hadoop.fs.s3a.SimpleAWSCredentialsProvider --packages org.apache.hadoop:hadoop-aws:3.3.4,com.amazonaws:aws-java-sdk-bundle:1.12.262,io.delta:delta-spark_2.12:3.1.0 --name arrow-spark --queue root.default --deploy-mode client dags/silver_to_gold_sc_summary_etl.py --output_path s3a://mybucket/sc_stats_db/gold/summary_data. Error code is: 1.
[2025-06-08T09:04:13.960+0000] {taskinstance.py:1225} INFO - Marking task as FAILED. dag_id=stephen_curry_stats_medallion_etl, task_id=silver_to_gold, run_id=manual__2025-06-08T09:03:31.506567+00:00, execution_date=20250608T090331, start_date=20250608T090407, end_date=20250608T090413
[2025-06-08T09:04:13.967+0000] {taskinstance.py:340} INFO - ::group::Post task execution logs
[2025-06-08T09:04:13.968+0000] {standard_task_runner.py:124} ERROR - Failed to execute job 70 for task silver_to_gold (Cannot execute: spark-submit --master spark://spark-master:7077 --conf spark.sql.extensions=io.delta.sql.DeltaSparkSessionExtension --conf spark.sql.catalog.spark_catalog=org.apache.spark.sql.delta.catalog.DeltaCatalog --conf spark.hadoop.fs.s3a.endpoint=http://minio:9000 --conf spark.hadoop.fs.s3a.access.key=minioadmin --conf spark.hadoop.fs.s3a.secret.key=****** --conf spark.hadoop.fs.s3a.path.style.access=true --conf spark.hadoop.fs.s3a.impl=org.apache.hadoop.fs.s3a.S3AFileSystem --conf spark.hadoop.fs.s3a.aws.credentials.provider=org.apache.hadoop.fs.s3a.SimpleAWSCredentialsProvider --packages org.apache.hadoop:hadoop-aws:3.3.4,com.amazonaws:aws-java-sdk-bundle:1.12.262,io.delta:delta-spark_2.12:3.1.0 --name arrow-spark --queue root.default --deploy-mode client dags/silver_to_gold_sc_summary_etl.py --output_path s3a://mybucket/sc_stats_db/gold/summary_data. Error code is: 1.; 14841)
Traceback (most recent call last):
  File "/home/airflow/.local/lib/python3.11/site-packages/airflow/task/task_runner/standard_task_runner.py", line 117, in _start_by_fork
    ret = args.func(args, dag=self.dag)
          ^^^^^^^^^^^^^^^^^^^^^^^^^^^^^
  File "/home/airflow/.local/lib/python3.11/site-packages/airflow/cli/cli_config.py", line 49, in command
    return func(*args, **kwargs)
           ^^^^^^^^^^^^^^^^^^^^^
  File "/home/airflow/.local/lib/python3.11/site-packages/airflow/utils/cli.py", line 116, in wrapper
    return f(*args, **kwargs)
           ^^^^^^^^^^^^^^^^^^
  File "/home/airflow/.local/lib/python3.11/site-packages/airflow/cli/commands/task_command.py", line 483, in task_run
    task_return_code = _run_task_by_selected_method(args, _dag, ti)
                       ^^^^^^^^^^^^^^^^^^^^^^^^^^^^^^^^^^^^^^^^^^^^
  File "/home/airflow/.local/lib/python3.11/site-packages/airflow/cli/commands/task_command.py", line 256, in _run_task_by_selected_method
    return _run_raw_task(args, ti)
           ^^^^^^^^^^^^^^^^^^^^^^^
  File "/home/airflow/.local/lib/python3.11/site-packages/airflow/cli/commands/task_command.py", line 341, in _run_raw_task
    return ti._run_raw_task(
           ^^^^^^^^^^^^^^^^^
  File "/home/airflow/.local/lib/python3.11/site-packages/airflow/utils/session.py", line 97, in wrapper
    return func(*args, session=session, **kwargs)
           ^^^^^^^^^^^^^^^^^^^^^^^^^^^^^^^^^^^^^^
  File "/home/airflow/.local/lib/python3.11/site-packages/airflow/models/taskinstance.py", line 3005, in _run_raw_task
    return _run_raw_task(
           ^^^^^^^^^^^^^^
  File "/home/airflow/.local/lib/python3.11/site-packages/airflow/models/taskinstance.py", line 273, in _run_raw_task
    TaskInstance._execute_task_with_callbacks(
  File "/home/airflow/.local/lib/python3.11/site-packages/airflow/models/taskinstance.py", line 3159, in _execute_task_with_callbacks
    result = self._execute_task(context, task_orig)
             ^^^^^^^^^^^^^^^^^^^^^^^^^^^^^^^^^^^^^^
  File "/home/airflow/.local/lib/python3.11/site-packages/airflow/models/taskinstance.py", line 3183, in _execute_task
    return _execute_task(self, context, task_orig)
           ^^^^^^^^^^^^^^^^^^^^^^^^^^^^^^^^^^^^^^^
  File "/home/airflow/.local/lib/python3.11/site-packages/airflow/models/taskinstance.py", line 767, in _execute_task
    result = _execute_callable(context=context, **execute_callable_kwargs)
             ^^^^^^^^^^^^^^^^^^^^^^^^^^^^^^^^^^^^^^^^^^^^^^^^^^^^^^^^^^^^^
  File "/home/airflow/.local/lib/python3.11/site-packages/airflow/models/taskinstance.py", line 733, in _execute_callable
    return ExecutionCallableRunner(
           ^^^^^^^^^^^^^^^^^^^^^^^^
  File "/home/airflow/.local/lib/python3.11/site-packages/airflow/utils/operator_helpers.py", line 252, in run
    return self.func(*args, **kwargs)
           ^^^^^^^^^^^^^^^^^^^^^^^^^^
  File "/home/airflow/.local/lib/python3.11/site-packages/airflow/models/baseoperator.py", line 417, in wrapper
    return func(self, *args, **kwargs)
           ^^^^^^^^^^^^^^^^^^^^^^^^^^^
  File "/home/airflow/.local/lib/python3.11/site-packages/airflow/providers/apache/spark/operators/spark_submit.py", line 197, in execute
    self._hook.submit(self.application)
  File "/home/airflow/.local/lib/python3.11/site-packages/airflow/providers/apache/spark/hooks/spark_submit.py", line 566, in submit
    raise AirflowException(
airflow.exceptions.AirflowException: Cannot execute: spark-submit --master spark://spark-master:7077 --conf spark.sql.extensions=io.delta.sql.DeltaSparkSessionExtension --conf spark.sql.catalog.spark_catalog=org.apache.spark.sql.delta.catalog.DeltaCatalog --conf spark.hadoop.fs.s3a.endpoint=http://minio:9000 --conf spark.hadoop.fs.s3a.access.key=minioadmin --conf spark.hadoop.fs.s3a.secret.key=****** --conf spark.hadoop.fs.s3a.path.style.access=true --conf spark.hadoop.fs.s3a.impl=org.apache.hadoop.fs.s3a.S3AFileSystem --conf spark.hadoop.fs.s3a.aws.credentials.provider=org.apache.hadoop.fs.s3a.SimpleAWSCredentialsProvider --packages org.apache.hadoop:hadoop-aws:3.3.4,com.amazonaws:aws-java-sdk-bundle:1.12.262,io.delta:delta-spark_2.12:3.1.0 --name arrow-spark --queue root.default --deploy-mode client dags/silver_to_gold_sc_summary_etl.py --output_path s3a://mybucket/sc_stats_db/gold/summary_data. Error code is: 1.
[2025-06-08T09:04:13.975+0000] {local_task_job_runner.py:266} INFO - Task exited with return code 1
[2025-06-08T09:04:13.984+0000] {taskinstance.py:3895} INFO - 0 downstream tasks scheduled from follow-on schedule check
[2025-06-08T09:04:13.985+0000] {local_task_job_runner.py:245} INFO - ::endgroup::
