[2025-06-03T06:08:21.024+0000] {local_task_job_runner.py:123} INFO - ::group::Pre task execution logs
[2025-06-03T06:08:21.034+0000] {taskinstance.py:2613} INFO - Dependencies all met for dep_context=non-requeueable deps ti=<TaskInstance: curry_medallion_etl.submit_bronze_etl_job manual__2025-06-03T06:08:19.071872+00:00 [queued]>
[2025-06-03T06:08:21.038+0000] {taskinstance.py:2613} INFO - Dependencies all met for dep_context=requeueable deps ti=<TaskInstance: curry_medallion_etl.submit_bronze_etl_job manual__2025-06-03T06:08:19.071872+00:00 [queued]>
[2025-06-03T06:08:21.038+0000] {taskinstance.py:2866} INFO - Starting attempt 1 of 1
[2025-06-03T06:08:21.044+0000] {taskinstance.py:2889} INFO - Executing <Task(SparkSubmitOperator): submit_bronze_etl_job> on 2025-06-03 06:08:19.071872+00:00
[2025-06-03T06:08:21.046+0000] {standard_task_runner.py:72} INFO - Started process 229 to run task
[2025-06-03T06:08:21.048+0000] {standard_task_runner.py:104} INFO - Running: ['***', 'tasks', 'run', 'curry_medallion_etl', 'submit_bronze_etl_job', 'manual__2025-06-03T06:08:19.071872+00:00', '--job-id', '3', '--raw', '--subdir', 'DAGS_FOLDER/medallion_sales_etl_dag.py', '--cfg-path', '/tmp/tmppcs4hkru']
[2025-06-03T06:08:21.050+0000] {standard_task_runner.py:105} INFO - Job 3: Subtask submit_bronze_etl_job
[2025-06-03T06:08:21.078+0000] {task_command.py:467} INFO - Running <TaskInstance: curry_medallion_etl.submit_bronze_etl_job manual__2025-06-03T06:08:19.071872+00:00 [running]> on host eff93630df4f
[2025-06-03T06:08:21.123+0000] {taskinstance.py:3132} INFO - Exporting env vars: AIRFLOW_CTX_DAG_OWNER='qdinh18' AIRFLOW_CTX_DAG_ID='curry_medallion_etl' AIRFLOW_CTX_TASK_ID='submit_bronze_etl_job' AIRFLOW_CTX_EXECUTION_DATE='2025-06-03T06:08:19.071872+00:00' AIRFLOW_CTX_TRY_NUMBER='1' AIRFLOW_CTX_DAG_RUN_ID='manual__2025-06-03T06:08:19.071872+00:00'
[2025-06-03T06:08:21.124+0000] {taskinstance.py:731} INFO - ::endgroup::
[2025-06-03T06:08:21.140+0000] {base.py:84} INFO - Retrieving connection 'spark_default'
[2025-06-03T06:08:21.142+0000] {spark_submit.py:474} INFO - Spark-Submit cmd: spark-submit --master yarn --conf spark.executor.memory=2g --conf spark.sql.extensions=io.delta.sql.DeltaSparkSessionExtension --conf spark.sql.catalog.spark_catalog=org.apache.spark.sql.delta.catalog.DeltaCatalog --conf spark.hadoop.fs.s3a.endpoint=http://minio:9000 --conf spark.hadoop.fs.s3a.access.key=minioadmin --conf spark.hadoop.fs.s3a.secret.key=****** --conf spark.hadoop.fs.s3a.path.style.access=true --conf spark.hadoop.fs.s3a.impl=org.apache.hadoop.fs.s3a.S3AFileSystem --packages org.apache.hadoop:hadoop-aws:3.3.4,com.amazonaws:aws-java-sdk-bundle:1.12.262,io.delta:delta-spark_2.12:3.1.0 --name bronze_sc_stats_etl --verbose --queue root.default /opt/***/dags/bronze_ingestion_sc_stats_etl.py --output_path s3a://mybucket/bronze/curry_raw_data/
[2025-06-03T06:08:22.022+0000] {spark_submit.py:644} INFO - Using properties file: null
[2025-06-03T06:08:22.080+0000] {spark_submit.py:644} INFO - Exception in thread "main" org.apache.spark.SparkException: When running with master 'yarn' either HADOOP_CONF_DIR or YARN_CONF_DIR must be set in the environment.
[2025-06-03T06:08:22.080+0000] {spark_submit.py:644} INFO - at org.apache.spark.deploy.SparkSubmitArguments.error(SparkSubmitArguments.scala:650)
[2025-06-03T06:08:22.081+0000] {spark_submit.py:644} INFO - at org.apache.spark.deploy.SparkSubmitArguments.validateSubmitArguments(SparkSubmitArguments.scala:281)
[2025-06-03T06:08:22.081+0000] {spark_submit.py:644} INFO - at org.apache.spark.deploy.SparkSubmitArguments.validateArguments(SparkSubmitArguments.scala:237)
[2025-06-03T06:08:22.081+0000] {spark_submit.py:644} INFO - at org.apache.spark.deploy.SparkSubmitArguments.<init>(SparkSubmitArguments.scala:122)
[2025-06-03T06:08:22.081+0000] {spark_submit.py:644} INFO - at org.apache.spark.deploy.SparkSubmit$$anon$2$$anon$3.<init>(SparkSubmit.scala:1103)
[2025-06-03T06:08:22.081+0000] {spark_submit.py:644} INFO - at org.apache.spark.deploy.SparkSubmit$$anon$2.parseArguments(SparkSubmit.scala:1103)
[2025-06-03T06:08:22.081+0000] {spark_submit.py:644} INFO - at org.apache.spark.deploy.SparkSubmit.doSubmit(SparkSubmit.scala:86)
[2025-06-03T06:08:22.082+0000] {spark_submit.py:644} INFO - at org.apache.spark.deploy.SparkSubmit$$anon$2.doSubmit(SparkSubmit.scala:1120)
[2025-06-03T06:08:22.082+0000] {spark_submit.py:644} INFO - at org.apache.spark.deploy.SparkSubmit$.main(SparkSubmit.scala:1129)
[2025-06-03T06:08:22.082+0000] {spark_submit.py:644} INFO - at org.apache.spark.deploy.SparkSubmit.main(SparkSubmit.scala)
[2025-06-03T06:08:22.106+0000] {taskinstance.py:3311} ERROR - Task failed with exception
Traceback (most recent call last):
  File "/home/airflow/.local/lib/python3.11/site-packages/airflow/models/taskinstance.py", line 767, in _execute_task
    result = _execute_callable(context=context, **execute_callable_kwargs)
             ^^^^^^^^^^^^^^^^^^^^^^^^^^^^^^^^^^^^^^^^^^^^^^^^^^^^^^^^^^^^^
  File "/home/airflow/.local/lib/python3.11/site-packages/airflow/models/taskinstance.py", line 733, in _execute_callable
    return ExecutionCallableRunner(
           ^^^^^^^^^^^^^^^^^^^^^^^^
  File "/home/airflow/.local/lib/python3.11/site-packages/airflow/utils/operator_helpers.py", line 252, in run
    return self.func(*args, **kwargs)
           ^^^^^^^^^^^^^^^^^^^^^^^^^^
  File "/home/airflow/.local/lib/python3.11/site-packages/airflow/models/baseoperator.py", line 417, in wrapper
    return func(self, *args, **kwargs)
           ^^^^^^^^^^^^^^^^^^^^^^^^^^^
  File "/home/airflow/.local/lib/python3.11/site-packages/airflow/providers/apache/spark/operators/spark_submit.py", line 197, in execute
    self._hook.submit(self.application)
  File "/home/airflow/.local/lib/python3.11/site-packages/airflow/providers/apache/spark/hooks/spark_submit.py", line 566, in submit
    raise AirflowException(
airflow.exceptions.AirflowException: Cannot execute: spark-submit --master yarn --conf spark.executor.memory=2g --conf spark.sql.extensions=io.delta.sql.DeltaSparkSessionExtension --conf spark.sql.catalog.spark_catalog=org.apache.spark.sql.delta.catalog.DeltaCatalog --conf spark.hadoop.fs.s3a.endpoint=http://minio:9000 --conf spark.hadoop.fs.s3a.access.key=minioadmin --conf spark.hadoop.fs.s3a.secret.key=****** --conf spark.hadoop.fs.s3a.path.style.access=true --conf spark.hadoop.fs.s3a.impl=org.apache.hadoop.fs.s3a.S3AFileSystem --packages org.apache.hadoop:hadoop-aws:3.3.4,com.amazonaws:aws-java-sdk-bundle:1.12.262,io.delta:delta-spark_2.12:3.1.0 --name bronze_sc_stats_etl --verbose --queue root.default /opt/***/dags/bronze_ingestion_sc_stats_etl.py --output_path s3a://mybucket/bronze/curry_raw_data/. Error code is: 1.
[2025-06-03T06:08:22.109+0000] {taskinstance.py:1225} INFO - Marking task as FAILED. dag_id=curry_medallion_etl, task_id=submit_bronze_etl_job, run_id=manual__2025-06-03T06:08:19.071872+00:00, execution_date=20250603T060819, start_date=20250603T060821, end_date=20250603T060822
[2025-06-03T06:08:22.115+0000] {taskinstance.py:340} INFO - ::group::Post task execution logs
[2025-06-03T06:08:22.116+0000] {standard_task_runner.py:124} ERROR - Failed to execute job 3 for task submit_bronze_etl_job (Cannot execute: spark-submit --master yarn --conf spark.executor.memory=2g --conf spark.sql.extensions=io.delta.sql.DeltaSparkSessionExtension --conf spark.sql.catalog.spark_catalog=org.apache.spark.sql.delta.catalog.DeltaCatalog --conf spark.hadoop.fs.s3a.endpoint=http://minio:9000 --conf spark.hadoop.fs.s3a.access.key=minioadmin --conf spark.hadoop.fs.s3a.secret.key=****** --conf spark.hadoop.fs.s3a.path.style.access=true --conf spark.hadoop.fs.s3a.impl=org.apache.hadoop.fs.s3a.S3AFileSystem --packages org.apache.hadoop:hadoop-aws:3.3.4,com.amazonaws:aws-java-sdk-bundle:1.12.262,io.delta:delta-spark_2.12:3.1.0 --name bronze_sc_stats_etl --verbose --queue root.default /opt/***/dags/bronze_ingestion_sc_stats_etl.py --output_path s3a://mybucket/bronze/curry_raw_data/. Error code is: 1.; 229)
Traceback (most recent call last):
  File "/home/airflow/.local/lib/python3.11/site-packages/airflow/task/task_runner/standard_task_runner.py", line 117, in _start_by_fork
    ret = args.func(args, dag=self.dag)
          ^^^^^^^^^^^^^^^^^^^^^^^^^^^^^
  File "/home/airflow/.local/lib/python3.11/site-packages/airflow/cli/cli_config.py", line 49, in command
    return func(*args, **kwargs)
           ^^^^^^^^^^^^^^^^^^^^^
  File "/home/airflow/.local/lib/python3.11/site-packages/airflow/utils/cli.py", line 116, in wrapper
    return f(*args, **kwargs)
           ^^^^^^^^^^^^^^^^^^
  File "/home/airflow/.local/lib/python3.11/site-packages/airflow/cli/commands/task_command.py", line 483, in task_run
    task_return_code = _run_task_by_selected_method(args, _dag, ti)
                       ^^^^^^^^^^^^^^^^^^^^^^^^^^^^^^^^^^^^^^^^^^^^
  File "/home/airflow/.local/lib/python3.11/site-packages/airflow/cli/commands/task_command.py", line 256, in _run_task_by_selected_method
    return _run_raw_task(args, ti)
           ^^^^^^^^^^^^^^^^^^^^^^^
  File "/home/airflow/.local/lib/python3.11/site-packages/airflow/cli/commands/task_command.py", line 341, in _run_raw_task
    return ti._run_raw_task(
           ^^^^^^^^^^^^^^^^^
  File "/home/airflow/.local/lib/python3.11/site-packages/airflow/utils/session.py", line 97, in wrapper
    return func(*args, session=session, **kwargs)
           ^^^^^^^^^^^^^^^^^^^^^^^^^^^^^^^^^^^^^^
  File "/home/airflow/.local/lib/python3.11/site-packages/airflow/models/taskinstance.py", line 3005, in _run_raw_task
    return _run_raw_task(
           ^^^^^^^^^^^^^^
  File "/home/airflow/.local/lib/python3.11/site-packages/airflow/models/taskinstance.py", line 273, in _run_raw_task
    TaskInstance._execute_task_with_callbacks(
  File "/home/airflow/.local/lib/python3.11/site-packages/airflow/models/taskinstance.py", line 3159, in _execute_task_with_callbacks
    result = self._execute_task(context, task_orig)
             ^^^^^^^^^^^^^^^^^^^^^^^^^^^^^^^^^^^^^^
  File "/home/airflow/.local/lib/python3.11/site-packages/airflow/models/taskinstance.py", line 3183, in _execute_task
    return _execute_task(self, context, task_orig)
           ^^^^^^^^^^^^^^^^^^^^^^^^^^^^^^^^^^^^^^^
  File "/home/airflow/.local/lib/python3.11/site-packages/airflow/models/taskinstance.py", line 767, in _execute_task
    result = _execute_callable(context=context, **execute_callable_kwargs)
             ^^^^^^^^^^^^^^^^^^^^^^^^^^^^^^^^^^^^^^^^^^^^^^^^^^^^^^^^^^^^^
  File "/home/airflow/.local/lib/python3.11/site-packages/airflow/models/taskinstance.py", line 733, in _execute_callable
    return ExecutionCallableRunner(
           ^^^^^^^^^^^^^^^^^^^^^^^^
  File "/home/airflow/.local/lib/python3.11/site-packages/airflow/utils/operator_helpers.py", line 252, in run
    return self.func(*args, **kwargs)
           ^^^^^^^^^^^^^^^^^^^^^^^^^^
  File "/home/airflow/.local/lib/python3.11/site-packages/airflow/models/baseoperator.py", line 417, in wrapper
    return func(self, *args, **kwargs)
           ^^^^^^^^^^^^^^^^^^^^^^^^^^^
  File "/home/airflow/.local/lib/python3.11/site-packages/airflow/providers/apache/spark/operators/spark_submit.py", line 197, in execute
    self._hook.submit(self.application)
  File "/home/airflow/.local/lib/python3.11/site-packages/airflow/providers/apache/spark/hooks/spark_submit.py", line 566, in submit
    raise AirflowException(
airflow.exceptions.AirflowException: Cannot execute: spark-submit --master yarn --conf spark.executor.memory=2g --conf spark.sql.extensions=io.delta.sql.DeltaSparkSessionExtension --conf spark.sql.catalog.spark_catalog=org.apache.spark.sql.delta.catalog.DeltaCatalog --conf spark.hadoop.fs.s3a.endpoint=http://minio:9000 --conf spark.hadoop.fs.s3a.access.key=minioadmin --conf spark.hadoop.fs.s3a.secret.key=****** --conf spark.hadoop.fs.s3a.path.style.access=true --conf spark.hadoop.fs.s3a.impl=org.apache.hadoop.fs.s3a.S3AFileSystem --packages org.apache.hadoop:hadoop-aws:3.3.4,com.amazonaws:aws-java-sdk-bundle:1.12.262,io.delta:delta-spark_2.12:3.1.0 --name bronze_sc_stats_etl --verbose --queue root.default /opt/***/dags/bronze_ingestion_sc_stats_etl.py --output_path s3a://mybucket/bronze/curry_raw_data/. Error code is: 1.
[2025-06-03T06:08:22.146+0000] {local_task_job_runner.py:266} INFO - Task exited with return code 1
[2025-06-03T06:08:22.159+0000] {taskinstance.py:3895} INFO - 0 downstream tasks scheduled from follow-on schedule check
[2025-06-03T06:08:22.162+0000] {local_task_job_runner.py:245} INFO - ::endgroup::
