[2025-06-08T08:44:06.174+0000] {local_task_job_runner.py:123} INFO - ::group::Pre task execution logs
[2025-06-08T08:44:06.182+0000] {taskinstance.py:2613} INFO - Dependencies all met for dep_context=non-requeueable deps ti=<TaskInstance: stephen_curry_stats_medallion_etl.bronze_ingestion manual__2025-06-08T08:44:04.112372+00:00 [queued]>
[2025-06-08T08:44:06.186+0000] {taskinstance.py:2613} INFO - Dependencies all met for dep_context=requeueable deps ti=<TaskInstance: stephen_curry_stats_medallion_etl.bronze_ingestion manual__2025-06-08T08:44:04.112372+00:00 [queued]>
[2025-06-08T08:44:06.187+0000] {taskinstance.py:2866} INFO - Starting attempt 1 of 1
[2025-06-08T08:44:06.192+0000] {taskinstance.py:2889} INFO - Executing <Task(SparkSubmitOperator): bronze_ingestion> on 2025-06-08 08:44:04.112372+00:00
[2025-06-08T08:44:06.194+0000] {standard_task_runner.py:72} INFO - Started process 12103 to run task
[2025-06-08T08:44:06.196+0000] {standard_task_runner.py:104} INFO - Running: ['***', 'tasks', 'run', 'stephen_curry_stats_medallion_etl', 'bronze_ingestion', 'manual__2025-06-08T08:44:04.112372+00:00', '--job-id', '56', '--raw', '--subdir', 'DAGS_FOLDER/medallion_sales_etl_dag.py', '--cfg-path', '/tmp/tmp8o442lqf']
[2025-06-08T08:44:06.198+0000] {standard_task_runner.py:105} INFO - Job 56: Subtask bronze_ingestion
[2025-06-08T08:44:06.224+0000] {task_command.py:467} INFO - Running <TaskInstance: stephen_curry_stats_medallion_etl.bronze_ingestion manual__2025-06-08T08:44:04.112372+00:00 [running]> on host ae00baecdfb8
[2025-06-08T08:44:06.271+0000] {taskinstance.py:3132} INFO - Exporting env vars: AIRFLOW_CTX_DAG_OWNER='***' AIRFLOW_CTX_DAG_ID='stephen_curry_stats_medallion_etl' AIRFLOW_CTX_TASK_ID='bronze_ingestion' AIRFLOW_CTX_EXECUTION_DATE='2025-06-08T08:44:04.112372+00:00' AIRFLOW_CTX_TRY_NUMBER='1' AIRFLOW_CTX_DAG_RUN_ID='manual__2025-06-08T08:44:04.112372+00:00'
[2025-06-08T08:44:06.272+0000] {taskinstance.py:731} INFO - ::endgroup::
[2025-06-08T08:44:06.289+0000] {base.py:84} INFO - Retrieving connection 'spark_default'
[2025-06-08T08:44:06.290+0000] {spark_submit.py:474} INFO - Spark-Submit cmd: spark-submit --master spark://spark-master:7077 --conf spark.sql.extensions=io.delta.sql.DeltaSparkSessionExtension --conf spark.sql.catalog.spark_catalog=org.apache.spark.sql.delta.catalog.DeltaCatalog --conf spark.hadoop.fs.s3a.endpoint=http://minio:9000 --conf spark.hadoop.fs.s3a.access.key=minioadmin --conf spark.hadoop.fs.s3a.secret.key=****** --conf spark.hadoop.fs.s3a.path.style.access=true --conf spark.hadoop.fs.s3a.impl=org.apache.hadoop.fs.s3a.S3AFileSystem --conf spark.hadoop.fs.s3a.aws.credentials.provider=org.apache.hadoop.fs.s3a.SimpleAWSCredentialsProvider --packages org.apache.hadoop:hadoop-aws:3.3.4,com.amazonaws:aws-java-sdk-bundle:1.12.262,io.delta:delta-spark_2.12:3.1.0 --name arrow-spark --queue root.default --deploy-mode client dags/bronze_ingestion_sc_stats_etl.py --output_path s3a://mybucket/sc_stats_db/bronze/raw_data
[2025-06-08T08:44:07.315+0000] {spark_submit.py:644} INFO - :: loading settings :: url = jar:file:/home/***/.local/lib/python3.11/site-packages/pyspark/jars/ivy-2.5.1.jar!/org/apache/ivy/core/settings/ivysettings.xml
[2025-06-08T08:44:07.362+0000] {spark_submit.py:644} INFO - Ivy Default Cache set to: /home/***/.ivy2/cache
[2025-06-08T08:44:07.362+0000] {spark_submit.py:644} INFO - The jars for the packages stored in: /home/***/.ivy2/jars
[2025-06-08T08:44:07.364+0000] {spark_submit.py:644} INFO - org.apache.hadoop#hadoop-aws added as a dependency
[2025-06-08T08:44:07.364+0000] {spark_submit.py:644} INFO - com.amazonaws#aws-java-sdk-bundle added as a dependency
[2025-06-08T08:44:07.364+0000] {spark_submit.py:644} INFO - io.delta#delta-spark_2.12 added as a dependency
[2025-06-08T08:44:07.365+0000] {spark_submit.py:644} INFO - :: resolving dependencies :: org.apache.spark#spark-submit-parent-7a0b9b70-5b8e-4f67-8496-8f841551de7e;1.0
[2025-06-08T08:44:07.365+0000] {spark_submit.py:644} INFO - confs: [default]
[2025-06-08T08:44:07.474+0000] {spark_submit.py:644} INFO - found org.apache.hadoop#hadoop-aws;3.3.4 in central
[2025-06-08T08:44:07.490+0000] {spark_submit.py:644} INFO - found com.amazonaws#aws-java-sdk-bundle;1.12.262 in central
[2025-06-08T08:44:07.505+0000] {spark_submit.py:644} INFO - found org.wildfly.openssl#wildfly-openssl;1.0.7.Final in central
[2025-06-08T08:44:07.515+0000] {spark_submit.py:644} INFO - found io.delta#delta-spark_2.12;3.1.0 in central
[2025-06-08T08:44:07.529+0000] {spark_submit.py:644} INFO - found io.delta#delta-storage;3.1.0 in central
[2025-06-08T08:44:07.537+0000] {spark_submit.py:644} INFO - found org.antlr#antlr4-runtime;4.9.3 in central
[2025-06-08T08:44:07.551+0000] {spark_submit.py:644} INFO - :: resolution report :: resolve 179ms :: artifacts dl 7ms
[2025-06-08T08:44:07.551+0000] {spark_submit.py:644} INFO - :: modules in use:
[2025-06-08T08:44:07.551+0000] {spark_submit.py:644} INFO - com.amazonaws#aws-java-sdk-bundle;1.12.262 from central in [default]
[2025-06-08T08:44:07.552+0000] {spark_submit.py:644} INFO - io.delta#delta-spark_2.12;3.1.0 from central in [default]
[2025-06-08T08:44:07.552+0000] {spark_submit.py:644} INFO - io.delta#delta-storage;3.1.0 from central in [default]
[2025-06-08T08:44:07.552+0000] {spark_submit.py:644} INFO - org.antlr#antlr4-runtime;4.9.3 from central in [default]
[2025-06-08T08:44:07.552+0000] {spark_submit.py:644} INFO - org.apache.hadoop#hadoop-aws;3.3.4 from central in [default]
[2025-06-08T08:44:07.552+0000] {spark_submit.py:644} INFO - org.wildfly.openssl#wildfly-openssl;1.0.7.Final from central in [default]
[2025-06-08T08:44:07.552+0000] {spark_submit.py:644} INFO - ---------------------------------------------------------------------
[2025-06-08T08:44:07.553+0000] {spark_submit.py:644} INFO - |                  |            modules            ||   artifacts   |
[2025-06-08T08:44:07.553+0000] {spark_submit.py:644} INFO - |       conf       | number| search|dwnlded|evicted|| number|dwnlded|
[2025-06-08T08:44:07.553+0000] {spark_submit.py:644} INFO - ---------------------------------------------------------------------
[2025-06-08T08:44:07.553+0000] {spark_submit.py:644} INFO - |      default     |   6   |   0   |   0   |   0   ||   6   |   0   |
[2025-06-08T08:44:07.553+0000] {spark_submit.py:644} INFO - ---------------------------------------------------------------------
[2025-06-08T08:44:07.555+0000] {spark_submit.py:644} INFO - :: retrieving :: org.apache.spark#spark-submit-parent-7a0b9b70-5b8e-4f67-8496-8f841551de7e
[2025-06-08T08:44:07.555+0000] {spark_submit.py:644} INFO - confs: [default]
[2025-06-08T08:44:07.559+0000] {spark_submit.py:644} INFO - 0 artifacts copied, 6 already retrieved (0kB/4ms)
[2025-06-08T08:44:07.688+0000] {spark_submit.py:644} INFO - 25/06/08 08:44:07 WARN NativeCodeLoader: Unable to load native-hadoop library for your platform... using builtin-java classes where applicable
[2025-06-08T08:44:08.535+0000] {spark_submit.py:644} INFO - 25/06/08 08:44:08 INFO SparkContext: Running Spark version 3.5.2
[2025-06-08T08:44:08.536+0000] {spark_submit.py:644} INFO - 25/06/08 08:44:08 INFO SparkContext: OS info Linux, 6.10.14-linuxkit, aarch64
[2025-06-08T08:44:08.536+0000] {spark_submit.py:644} INFO - 25/06/08 08:44:08 INFO SparkContext: Java version 17.0.15
[2025-06-08T08:44:08.548+0000] {spark_submit.py:644} INFO - 25/06/08 08:44:08 INFO ResourceUtils: ==============================================================
[2025-06-08T08:44:08.548+0000] {spark_submit.py:644} INFO - 25/06/08 08:44:08 INFO ResourceUtils: No custom resources configured for spark.driver.
[2025-06-08T08:44:08.548+0000] {spark_submit.py:644} INFO - 25/06/08 08:44:08 INFO ResourceUtils: ==============================================================
[2025-06-08T08:44:08.548+0000] {spark_submit.py:644} INFO - 25/06/08 08:44:08 INFO SparkContext: Submitted application: BronzeIngestionStephenCurryStats
[2025-06-08T08:44:08.565+0000] {spark_submit.py:644} INFO - 25/06/08 08:44:08 INFO ResourceProfile: Default ResourceProfile created, executor resources: Map(memory -> name: memory, amount: 1024, script: , vendor: , offHeap -> name: offHeap, amount: 0, script: , vendor: ), task resources: Map(cpus -> name: cpus, amount: 1.0)
[2025-06-08T08:44:08.570+0000] {spark_submit.py:644} INFO - 25/06/08 08:44:08 INFO ResourceProfile: Limiting resource is cpu
[2025-06-08T08:44:08.570+0000] {spark_submit.py:644} INFO - 25/06/08 08:44:08 INFO ResourceProfileManager: Added ResourceProfile id: 0
[2025-06-08T08:44:08.606+0000] {spark_submit.py:644} INFO - 25/06/08 08:44:08 INFO SecurityManager: Changing view acls to: ***
[2025-06-08T08:44:08.607+0000] {spark_submit.py:644} INFO - 25/06/08 08:44:08 INFO SecurityManager: Changing modify acls to: ***
[2025-06-08T08:44:08.607+0000] {spark_submit.py:644} INFO - 25/06/08 08:44:08 INFO SecurityManager: Changing view acls groups to:
[2025-06-08T08:44:08.607+0000] {spark_submit.py:644} INFO - 25/06/08 08:44:08 INFO SecurityManager: Changing modify acls groups to:
[2025-06-08T08:44:08.607+0000] {spark_submit.py:644} INFO - 25/06/08 08:44:08 INFO SecurityManager: SecurityManager: authentication disabled; ui acls disabled; users with view permissions: ***; groups with view permissions: EMPTY; users with modify permissions: ***; groups with modify permissions: EMPTY
[2025-06-08T08:44:08.755+0000] {spark_submit.py:644} INFO - 25/06/08 08:44:08 INFO Utils: Successfully started service 'sparkDriver' on port 46791.
[2025-06-08T08:44:08.779+0000] {spark_submit.py:644} INFO - 25/06/08 08:44:08 INFO SparkEnv: Registering MapOutputTracker
[2025-06-08T08:44:08.805+0000] {spark_submit.py:644} INFO - 25/06/08 08:44:08 INFO SparkEnv: Registering BlockManagerMaster
[2025-06-08T08:44:08.815+0000] {spark_submit.py:644} INFO - 25/06/08 08:44:08 INFO BlockManagerMasterEndpoint: Using org.apache.spark.storage.DefaultTopologyMapper for getting topology information
[2025-06-08T08:44:08.816+0000] {spark_submit.py:644} INFO - 25/06/08 08:44:08 INFO BlockManagerMasterEndpoint: BlockManagerMasterEndpoint up
[2025-06-08T08:44:08.818+0000] {spark_submit.py:644} INFO - 25/06/08 08:44:08 INFO SparkEnv: Registering BlockManagerMasterHeartbeat
[2025-06-08T08:44:08.831+0000] {spark_submit.py:644} INFO - 25/06/08 08:44:08 INFO DiskBlockManager: Created local directory at /tmp/blockmgr-68df8a8a-fa21-4e40-b289-c01bbfe445b4
[2025-06-08T08:44:08.839+0000] {spark_submit.py:644} INFO - 25/06/08 08:44:08 INFO MemoryStore: MemoryStore started with capacity 434.4 MiB
[2025-06-08T08:44:08.849+0000] {spark_submit.py:644} INFO - 25/06/08 08:44:08 INFO SparkEnv: Registering OutputCommitCoordinator
[2025-06-08T08:44:08.923+0000] {spark_submit.py:644} INFO - 25/06/08 08:44:08 INFO JettyUtils: Start Jetty 0.0.0.0:4040 for SparkUI
[2025-06-08T08:44:08.957+0000] {spark_submit.py:644} INFO - 25/06/08 08:44:08 INFO Utils: Successfully started service 'SparkUI' on port 4040.
[2025-06-08T08:44:08.978+0000] {spark_submit.py:644} INFO - 25/06/08 08:44:08 INFO SparkContext: Added JAR file:///home/***/.ivy2/jars/org.apache.hadoop_hadoop-aws-3.3.4.jar at spark://ae00baecdfb8:46791/jars/org.apache.hadoop_hadoop-aws-3.3.4.jar with timestamp 1749372248531
[2025-06-08T08:44:08.978+0000] {spark_submit.py:644} INFO - 25/06/08 08:44:08 INFO SparkContext: Added JAR file:///home/***/.ivy2/jars/com.amazonaws_aws-java-sdk-bundle-1.12.262.jar at spark://ae00baecdfb8:46791/jars/com.amazonaws_aws-java-sdk-bundle-1.12.262.jar with timestamp 1749372248531
[2025-06-08T08:44:08.978+0000] {spark_submit.py:644} INFO - 25/06/08 08:44:08 INFO SparkContext: Added JAR file:///home/***/.ivy2/jars/io.delta_delta-spark_2.12-3.1.0.jar at spark://ae00baecdfb8:46791/jars/io.delta_delta-spark_2.12-3.1.0.jar with timestamp 1749372248531
[2025-06-08T08:44:08.978+0000] {spark_submit.py:644} INFO - 25/06/08 08:44:08 INFO SparkContext: Added JAR file:///home/***/.ivy2/jars/org.wildfly.openssl_wildfly-openssl-1.0.7.Final.jar at spark://ae00baecdfb8:46791/jars/org.wildfly.openssl_wildfly-openssl-1.0.7.Final.jar with timestamp 1749372248531
[2025-06-08T08:44:08.979+0000] {spark_submit.py:644} INFO - 25/06/08 08:44:08 INFO SparkContext: Added JAR file:///home/***/.ivy2/jars/io.delta_delta-storage-3.1.0.jar at spark://ae00baecdfb8:46791/jars/io.delta_delta-storage-3.1.0.jar with timestamp 1749372248531
[2025-06-08T08:44:08.979+0000] {spark_submit.py:644} INFO - 25/06/08 08:44:08 INFO SparkContext: Added JAR file:///home/***/.ivy2/jars/org.antlr_antlr4-runtime-4.9.3.jar at spark://ae00baecdfb8:46791/jars/org.antlr_antlr4-runtime-4.9.3.jar with timestamp 1749372248531
[2025-06-08T08:44:08.980+0000] {spark_submit.py:644} INFO - 25/06/08 08:44:08 INFO SparkContext: Added file file:///home/***/.ivy2/jars/org.apache.hadoop_hadoop-aws-3.3.4.jar at spark://ae00baecdfb8:46791/files/org.apache.hadoop_hadoop-aws-3.3.4.jar with timestamp 1749372248531
[2025-06-08T08:44:08.981+0000] {spark_submit.py:644} INFO - 25/06/08 08:44:08 INFO Utils: Copying /home/***/.ivy2/jars/org.apache.hadoop_hadoop-aws-3.3.4.jar to /tmp/spark-c04de544-8579-4a87-9862-5a4ba5371c40/userFiles-056f78a8-3c3e-48e8-a476-f7f52fd6bac5/org.apache.hadoop_hadoop-aws-3.3.4.jar
[2025-06-08T08:44:08.989+0000] {spark_submit.py:644} INFO - 25/06/08 08:44:08 INFO SparkContext: Added file file:///home/***/.ivy2/jars/com.amazonaws_aws-java-sdk-bundle-1.12.262.jar at spark://ae00baecdfb8:46791/files/com.amazonaws_aws-java-sdk-bundle-1.12.262.jar with timestamp 1749372248531
[2025-06-08T08:44:08.989+0000] {spark_submit.py:644} INFO - 25/06/08 08:44:08 INFO Utils: Copying /home/***/.ivy2/jars/com.amazonaws_aws-java-sdk-bundle-1.12.262.jar to /tmp/spark-c04de544-8579-4a87-9862-5a4ba5371c40/userFiles-056f78a8-3c3e-48e8-a476-f7f52fd6bac5/com.amazonaws_aws-java-sdk-bundle-1.12.262.jar
[2025-06-08T08:44:09.383+0000] {spark_submit.py:644} INFO - 25/06/08 08:44:09 INFO SparkContext: Added file file:///home/***/.ivy2/jars/io.delta_delta-spark_2.12-3.1.0.jar at spark://ae00baecdfb8:46791/files/io.delta_delta-spark_2.12-3.1.0.jar with timestamp 1749372248531
[2025-06-08T08:44:09.384+0000] {spark_submit.py:644} INFO - 25/06/08 08:44:09 INFO Utils: Copying /home/***/.ivy2/jars/io.delta_delta-spark_2.12-3.1.0.jar to /tmp/spark-c04de544-8579-4a87-9862-5a4ba5371c40/userFiles-056f78a8-3c3e-48e8-a476-f7f52fd6bac5/io.delta_delta-spark_2.12-3.1.0.jar
[2025-06-08T08:44:09.398+0000] {spark_submit.py:644} INFO - 25/06/08 08:44:09 INFO SparkContext: Added file file:///home/***/.ivy2/jars/org.wildfly.openssl_wildfly-openssl-1.0.7.Final.jar at spark://ae00baecdfb8:46791/files/org.wildfly.openssl_wildfly-openssl-1.0.7.Final.jar with timestamp 1749372248531
[2025-06-08T08:44:09.399+0000] {spark_submit.py:644} INFO - 25/06/08 08:44:09 INFO Utils: Copying /home/***/.ivy2/jars/org.wildfly.openssl_wildfly-openssl-1.0.7.Final.jar to /tmp/spark-c04de544-8579-4a87-9862-5a4ba5371c40/userFiles-056f78a8-3c3e-48e8-a476-f7f52fd6bac5/org.wildfly.openssl_wildfly-openssl-1.0.7.Final.jar
[2025-06-08T08:44:09.403+0000] {spark_submit.py:644} INFO - 25/06/08 08:44:09 INFO SparkContext: Added file file:///home/***/.ivy2/jars/io.delta_delta-storage-3.1.0.jar at spark://ae00baecdfb8:46791/files/io.delta_delta-storage-3.1.0.jar with timestamp 1749372248531
[2025-06-08T08:44:09.403+0000] {spark_submit.py:644} INFO - 25/06/08 08:44:09 INFO Utils: Copying /home/***/.ivy2/jars/io.delta_delta-storage-3.1.0.jar to /tmp/spark-c04de544-8579-4a87-9862-5a4ba5371c40/userFiles-056f78a8-3c3e-48e8-a476-f7f52fd6bac5/io.delta_delta-storage-3.1.0.jar
[2025-06-08T08:44:09.406+0000] {spark_submit.py:644} INFO - 25/06/08 08:44:09 INFO SparkContext: Added file file:///home/***/.ivy2/jars/org.antlr_antlr4-runtime-4.9.3.jar at spark://ae00baecdfb8:46791/files/org.antlr_antlr4-runtime-4.9.3.jar with timestamp 1749372248531
[2025-06-08T08:44:09.406+0000] {spark_submit.py:644} INFO - 25/06/08 08:44:09 INFO Utils: Copying /home/***/.ivy2/jars/org.antlr_antlr4-runtime-4.9.3.jar to /tmp/spark-c04de544-8579-4a87-9862-5a4ba5371c40/userFiles-056f78a8-3c3e-48e8-a476-f7f52fd6bac5/org.antlr_antlr4-runtime-4.9.3.jar
[2025-06-08T08:44:09.456+0000] {spark_submit.py:644} INFO - 25/06/08 08:44:09 INFO StandaloneAppClient$ClientEndpoint: Connecting to master spark://spark-master:7077...
[2025-06-08T08:44:09.482+0000] {spark_submit.py:644} INFO - 25/06/08 08:44:09 INFO TransportClientFactory: Successfully created connection to spark-master/172.19.0.4:7077 after 14 ms (0 ms spent in bootstraps)
[2025-06-08T08:44:09.529+0000] {spark_submit.py:644} INFO - 25/06/08 08:44:09 INFO StandaloneSchedulerBackend: Connected to Spark cluster with app ID app-20250608084409-0028
[2025-06-08T08:44:09.530+0000] {spark_submit.py:644} INFO - 25/06/08 08:44:09 INFO StandaloneAppClient$ClientEndpoint: Executor added: app-20250608084409-0028/0 on worker-20250607171945-172.19.0.6-40061 (172.19.0.6:40061) with 4 core(s)
[2025-06-08T08:44:09.533+0000] {spark_submit.py:644} INFO - 25/06/08 08:44:09 INFO StandaloneSchedulerBackend: Granted executor ID app-20250608084409-0028/0 on hostPort 172.19.0.6:40061 with 4 core(s), 1024.0 MiB RAM
[2025-06-08T08:44:09.537+0000] {spark_submit.py:644} INFO - 25/06/08 08:44:09 INFO Utils: Successfully started service 'org.apache.spark.network.netty.NettyBlockTransferService' on port 40087.
[2025-06-08T08:44:09.537+0000] {spark_submit.py:644} INFO - 25/06/08 08:44:09 INFO NettyBlockTransferService: Server created on ae00baecdfb8:40087
[2025-06-08T08:44:09.539+0000] {spark_submit.py:644} INFO - 25/06/08 08:44:09 INFO BlockManager: Using org.apache.spark.storage.RandomBlockReplicationPolicy for block replication policy
[2025-06-08T08:44:09.545+0000] {spark_submit.py:644} INFO - 25/06/08 08:44:09 INFO BlockManagerMaster: Registering BlockManager BlockManagerId(driver, ae00baecdfb8, 40087, None)
[2025-06-08T08:44:09.547+0000] {spark_submit.py:644} INFO - 25/06/08 08:44:09 INFO BlockManagerMasterEndpoint: Registering block manager ae00baecdfb8:40087 with 434.4 MiB RAM, BlockManagerId(driver, ae00baecdfb8, 40087, None)
[2025-06-08T08:44:09.549+0000] {spark_submit.py:644} INFO - 25/06/08 08:44:09 INFO BlockManagerMaster: Registered BlockManager BlockManagerId(driver, ae00baecdfb8, 40087, None)
[2025-06-08T08:44:09.550+0000] {spark_submit.py:644} INFO - 25/06/08 08:44:09 INFO BlockManager: Initialized BlockManager: BlockManagerId(driver, ae00baecdfb8, 40087, None)
[2025-06-08T08:44:09.550+0000] {spark_submit.py:644} INFO - 25/06/08 08:44:09 INFO StandaloneAppClient$ClientEndpoint: Executor updated: app-20250608084409-0028/0 is now RUNNING
[2025-06-08T08:44:09.690+0000] {spark_submit.py:644} INFO - 25/06/08 08:44:09 INFO StandaloneSchedulerBackend: SchedulerBackend is ready for scheduling beginning after reached minRegisteredResourcesRatio: 0.0
[2025-06-08T08:44:09.844+0000] {spark_submit.py:644} INFO - Bronze Ingestion: Spark session created.
[2025-06-08T08:44:09.848+0000] {spark_submit.py:644} INFO - 25/06/08 08:44:09 INFO SharedState: Setting hive.metastore.warehouse.dir ('null') to the value of spark.sql.warehouse.dir.
[2025-06-08T08:44:09.849+0000] {spark_submit.py:644} INFO - 25/06/08 08:44:09 INFO SharedState: Warehouse path is 'file:/tmp/spark-warehouse'.
[2025-06-08T08:44:10.492+0000] {spark_submit.py:644} INFO - 25/06/08 08:44:10 INFO InMemoryFileIndex: It took 30 ms to list leaf files for 1 paths.
[2025-06-08T08:44:10.785+0000] {spark_submit.py:644} INFO - 25/06/08 08:44:10 INFO StandaloneSchedulerBackend$StandaloneDriverEndpoint: Registered executor NettyRpcEndpointRef(spark-client://Executor) (172.19.0.6:40576) with ID 0,  ResourceProfileId 0
[2025-06-08T08:44:10.821+0000] {spark_submit.py:644} INFO - 25/06/08 08:44:10 INFO BlockManagerMasterEndpoint: Registering block manager 172.19.0.6:34659 with 434.4 MiB RAM, BlockManagerId(0, 172.19.0.6, 34659, None)
[2025-06-08T08:44:10.980+0000] {spark_submit.py:644} INFO - Successfully loaded Stephen Curry stats from: /opt/***/data/Stephen Curry Stats.parquet
[2025-06-08T08:44:11.672+0000] {spark_submit.py:644} INFO - 25/06/08 08:44:11 INFO HiveConf: Found configuration file null
[2025-06-08T08:44:11.681+0000] {spark_submit.py:644} INFO - 25/06/08 08:44:11 INFO HiveUtils: Initializing HiveMetastoreConnection version 2.3.9 using Spark classes.
[2025-06-08T08:44:11.969+0000] {spark_submit.py:644} INFO - Error writing data to Minio/Hive: An error occurred while calling o40.sql.
[2025-06-08T08:44:11.970+0000] {spark_submit.py:644} INFO - : java.lang.RuntimeException: Couldn't create directory /tmp/e243f3c2-d34c-4f3a-8958-e8993d03ce2f_resources
[2025-06-08T08:44:11.970+0000] {spark_submit.py:644} INFO - at org.apache.hadoop.hive.ql.util.ResourceDownloader.ensureDirectory(ResourceDownloader.java:116)
[2025-06-08T08:44:11.971+0000] {spark_submit.py:644} INFO - at org.apache.hadoop.hive.ql.util.ResourceDownloader.<init>(ResourceDownloader.java:47)
[2025-06-08T08:44:11.971+0000] {spark_submit.py:644} INFO - at org.apache.hadoop.hive.ql.session.SessionState.<init>(SessionState.java:401)
[2025-06-08T08:44:11.971+0000] {spark_submit.py:644} INFO - at org.apache.hadoop.hive.ql.session.SessionState.<init>(SessionState.java:372)
[2025-06-08T08:44:11.971+0000] {spark_submit.py:644} INFO - at org.apache.spark.sql.hive.client.HiveClientImpl.newState(HiveClientImpl.scala:175)
[2025-06-08T08:44:11.971+0000] {spark_submit.py:644} INFO - at org.apache.spark.sql.hive.client.HiveClientImpl.<init>(HiveClientImpl.scala:139)
[2025-06-08T08:44:11.972+0000] {spark_submit.py:644} INFO - at org.apache.spark.sql.hive.client.IsolatedClientLoader.createClient(IsolatedClientLoader.scala:308)
[2025-06-08T08:44:11.972+0000] {spark_submit.py:644} INFO - at org.apache.spark.sql.hive.HiveUtils$.newClientForMetadata(HiveUtils.scala:488)
[2025-06-08T08:44:11.972+0000] {spark_submit.py:644} INFO - at org.apache.spark.sql.hive.HiveUtils$.newClientForMetadata(HiveUtils.scala:376)
[2025-06-08T08:44:11.972+0000] {spark_submit.py:644} INFO - at org.apache.spark.sql.hive.HiveExternalCatalog.client$lzycompute(HiveExternalCatalog.scala:68)
[2025-06-08T08:44:11.972+0000] {spark_submit.py:644} INFO - at org.apache.spark.sql.hive.HiveExternalCatalog.client(HiveExternalCatalog.scala:67)
[2025-06-08T08:44:11.972+0000] {spark_submit.py:644} INFO - at org.apache.spark.sql.hive.HiveExternalCatalog.$anonfun$databaseExists$1(HiveExternalCatalog.scala:224)
[2025-06-08T08:44:11.973+0000] {spark_submit.py:644} INFO - at scala.runtime.java8.JFunction0$mcZ$sp.apply(JFunction0$mcZ$sp.java:23)
[2025-06-08T08:44:11.973+0000] {spark_submit.py:644} INFO - at org.apache.spark.sql.hive.HiveExternalCatalog.withClient(HiveExternalCatalog.scala:99)
[2025-06-08T08:44:11.973+0000] {spark_submit.py:644} INFO - at org.apache.spark.sql.hive.HiveExternalCatalog.databaseExists(HiveExternalCatalog.scala:224)
[2025-06-08T08:44:11.973+0000] {spark_submit.py:644} INFO - at org.apache.spark.sql.internal.SharedState.externalCatalog$lzycompute(SharedState.scala:146)
[2025-06-08T08:44:11.973+0000] {spark_submit.py:644} INFO - at org.apache.spark.sql.internal.SharedState.externalCatalog(SharedState.scala:140)
[2025-06-08T08:44:11.974+0000] {spark_submit.py:644} INFO - at org.apache.spark.sql.hive.HiveSessionStateBuilder.externalCatalog(HiveSessionStateBuilder.scala:54)
[2025-06-08T08:44:11.974+0000] {spark_submit.py:644} INFO - at org.apache.spark.sql.hive.HiveSessionStateBuilder.$anonfun$catalog$1(HiveSessionStateBuilder.scala:69)
[2025-06-08T08:44:11.974+0000] {spark_submit.py:644} INFO - at org.apache.spark.sql.catalyst.catalog.SessionCatalog.externalCatalog$lzycompute(SessionCatalog.scala:122)
[2025-06-08T08:44:11.974+0000] {spark_submit.py:644} INFO - at org.apache.spark.sql.catalyst.catalog.SessionCatalog.externalCatalog(SessionCatalog.scala:122)
[2025-06-08T08:44:11.974+0000] {spark_submit.py:644} INFO - at org.apache.spark.sql.catalyst.catalog.SessionCatalog.databaseExists(SessionCatalog.scala:319)
[2025-06-08T08:44:11.974+0000] {spark_submit.py:644} INFO - at org.apache.spark.sql.execution.datasources.v2.V2SessionCatalog.namespaceExists(V2SessionCatalog.scala:261)
[2025-06-08T08:44:11.975+0000] {spark_submit.py:644} INFO - at org.apache.spark.sql.connector.catalog.DelegatingCatalogExtension.namespaceExists(DelegatingCatalogExtension.java:150)
[2025-06-08T08:44:11.975+0000] {spark_submit.py:644} INFO - at org.apache.spark.sql.execution.datasources.v2.CreateNamespaceExec.run(CreateNamespaceExec.scala:43)
[2025-06-08T08:44:11.975+0000] {spark_submit.py:644} INFO - at org.apache.spark.sql.execution.datasources.v2.V2CommandExec.result$lzycompute(V2CommandExec.scala:43)
[2025-06-08T08:44:11.975+0000] {spark_submit.py:644} INFO - at org.apache.spark.sql.execution.datasources.v2.V2CommandExec.result(V2CommandExec.scala:43)
[2025-06-08T08:44:11.975+0000] {spark_submit.py:644} INFO - at org.apache.spark.sql.execution.datasources.v2.V2CommandExec.executeCollect(V2CommandExec.scala:49)
[2025-06-08T08:44:11.975+0000] {spark_submit.py:644} INFO - at org.apache.spark.sql.execution.QueryExecution$$anonfun$eagerlyExecuteCommands$1.$anonfun$applyOrElse$1(QueryExecution.scala:107)
[2025-06-08T08:44:11.976+0000] {spark_submit.py:644} INFO - at org.apache.spark.sql.execution.SQLExecution$.$anonfun$withNewExecutionId$6(SQLExecution.scala:125)
[2025-06-08T08:44:11.976+0000] {spark_submit.py:644} INFO - at org.apache.spark.sql.execution.SQLExecution$.withSQLConfPropagated(SQLExecution.scala:201)
[2025-06-08T08:44:11.976+0000] {spark_submit.py:644} INFO - at org.apache.spark.sql.execution.SQLExecution$.$anonfun$withNewExecutionId$1(SQLExecution.scala:108)
[2025-06-08T08:44:11.976+0000] {spark_submit.py:644} INFO - at org.apache.spark.sql.SparkSession.withActive(SparkSession.scala:900)
[2025-06-08T08:44:11.976+0000] {spark_submit.py:644} INFO - at org.apache.spark.sql.execution.SQLExecution$.withNewExecutionId(SQLExecution.scala:66)
[2025-06-08T08:44:11.977+0000] {spark_submit.py:644} INFO - at org.apache.spark.sql.execution.QueryExecution$$anonfun$eagerlyExecuteCommands$1.applyOrElse(QueryExecution.scala:107)
[2025-06-08T08:44:11.977+0000] {spark_submit.py:644} INFO - at org.apache.spark.sql.execution.QueryExecution$$anonfun$eagerlyExecuteCommands$1.applyOrElse(QueryExecution.scala:98)
[2025-06-08T08:44:11.977+0000] {spark_submit.py:644} INFO - at org.apache.spark.sql.catalyst.trees.TreeNode.$anonfun$transformDownWithPruning$1(TreeNode.scala:461)
[2025-06-08T08:44:11.977+0000] {spark_submit.py:644} INFO - at org.apache.spark.sql.catalyst.trees.CurrentOrigin$.withOrigin(origin.scala:76)
[2025-06-08T08:44:11.977+0000] {spark_submit.py:644} INFO - at org.apache.spark.sql.catalyst.trees.TreeNode.transformDownWithPruning(TreeNode.scala:461)
[2025-06-08T08:44:11.977+0000] {spark_submit.py:644} INFO - at org.apache.spark.sql.catalyst.plans.logical.LogicalPlan.org$apache$spark$sql$catalyst$plans$logical$AnalysisHelper$$super$transformDownWithPruning(LogicalPlan.scala:32)
[2025-06-08T08:44:11.977+0000] {spark_submit.py:644} INFO - at org.apache.spark.sql.catalyst.plans.logical.AnalysisHelper.transformDownWithPruning(AnalysisHelper.scala:267)
[2025-06-08T08:44:11.978+0000] {spark_submit.py:644} INFO - at org.apache.spark.sql.catalyst.plans.logical.AnalysisHelper.transformDownWithPruning$(AnalysisHelper.scala:263)
[2025-06-08T08:44:11.978+0000] {spark_submit.py:644} INFO - at org.apache.spark.sql.catalyst.plans.logical.LogicalPlan.transformDownWithPruning(LogicalPlan.scala:32)
[2025-06-08T08:44:11.978+0000] {spark_submit.py:644} INFO - at org.apache.spark.sql.catalyst.plans.logical.LogicalPlan.transformDownWithPruning(LogicalPlan.scala:32)
[2025-06-08T08:44:11.978+0000] {spark_submit.py:644} INFO - at org.apache.spark.sql.catalyst.trees.TreeNode.transformDown(TreeNode.scala:437)
[2025-06-08T08:44:11.978+0000] {spark_submit.py:644} INFO - at org.apache.spark.sql.execution.QueryExecution.eagerlyExecuteCommands(QueryExecution.scala:98)
[2025-06-08T08:44:11.978+0000] {spark_submit.py:644} INFO - at org.apache.spark.sql.execution.QueryExecution.commandExecuted$lzycompute(QueryExecution.scala:85)
[2025-06-08T08:44:11.978+0000] {spark_submit.py:644} INFO - at org.apache.spark.sql.execution.QueryExecution.commandExecuted(QueryExecution.scala:83)
[2025-06-08T08:44:11.979+0000] {spark_submit.py:644} INFO - at org.apache.spark.sql.Dataset.<init>(Dataset.scala:220)
[2025-06-08T08:44:11.979+0000] {spark_submit.py:644} INFO - at org.apache.spark.sql.Dataset$.$anonfun$ofRows$2(Dataset.scala:100)
[2025-06-08T08:44:11.979+0000] {spark_submit.py:644} INFO - at org.apache.spark.sql.SparkSession.withActive(SparkSession.scala:900)
[2025-06-08T08:44:11.979+0000] {spark_submit.py:644} INFO - at org.apache.spark.sql.Dataset$.ofRows(Dataset.scala:97)
[2025-06-08T08:44:11.979+0000] {spark_submit.py:644} INFO - at org.apache.spark.sql.SparkSession.$anonfun$sql$1(SparkSession.scala:638)
[2025-06-08T08:44:11.979+0000] {spark_submit.py:644} INFO - at org.apache.spark.sql.SparkSession.withActive(SparkSession.scala:900)
[2025-06-08T08:44:11.980+0000] {spark_submit.py:644} INFO - at org.apache.spark.sql.SparkSession.sql(SparkSession.scala:629)
[2025-06-08T08:44:11.980+0000] {spark_submit.py:644} INFO - at org.apache.spark.sql.SparkSession.sql(SparkSession.scala:659)
[2025-06-08T08:44:11.980+0000] {spark_submit.py:644} INFO - at java.base/jdk.internal.reflect.NativeMethodAccessorImpl.invoke0(Native Method)
[2025-06-08T08:44:11.981+0000] {spark_submit.py:644} INFO - at java.base/jdk.internal.reflect.NativeMethodAccessorImpl.invoke(NativeMethodAccessorImpl.java:77)
[2025-06-08T08:44:11.981+0000] {spark_submit.py:644} INFO - at java.base/jdk.internal.reflect.DelegatingMethodAccessorImpl.invoke(DelegatingMethodAccessorImpl.java:43)
[2025-06-08T08:44:11.981+0000] {spark_submit.py:644} INFO - at java.base/java.lang.reflect.Method.invoke(Method.java:569)
[2025-06-08T08:44:11.981+0000] {spark_submit.py:644} INFO - at py4j.reflection.MethodInvoker.invoke(MethodInvoker.java:244)
[2025-06-08T08:44:11.982+0000] {spark_submit.py:644} INFO - at py4j.reflection.ReflectionEngine.invoke(ReflectionEngine.java:374)
[2025-06-08T08:44:11.982+0000] {spark_submit.py:644} INFO - at py4j.Gateway.invoke(Gateway.java:282)
[2025-06-08T08:44:11.982+0000] {spark_submit.py:644} INFO - at py4j.commands.AbstractCommand.invokeMethod(AbstractCommand.java:132)
[2025-06-08T08:44:11.982+0000] {spark_submit.py:644} INFO - at py4j.commands.CallCommand.execute(CallCommand.java:79)
[2025-06-08T08:44:11.983+0000] {spark_submit.py:644} INFO - at py4j.ClientServerConnection.waitForCommands(ClientServerConnection.java:182)
[2025-06-08T08:44:11.983+0000] {spark_submit.py:644} INFO - at py4j.ClientServerConnection.run(ClientServerConnection.java:106)
[2025-06-08T08:44:11.983+0000] {spark_submit.py:644} INFO - at java.base/java.lang.Thread.run(Thread.java:840)
[2025-06-08T08:44:11.983+0000] {spark_submit.py:644} INFO - 
[2025-06-08T08:44:11.984+0000] {spark_submit.py:644} INFO - 25/06/08 08:44:11 INFO SparkContext: SparkContext is stopping with exitCode 0.
[2025-06-08T08:44:11.984+0000] {spark_submit.py:644} INFO - 25/06/08 08:44:11 INFO SparkUI: Stopped Spark web UI at http://ae00baecdfb8:4040
[2025-06-08T08:44:11.984+0000] {spark_submit.py:644} INFO - 25/06/08 08:44:11 INFO StandaloneSchedulerBackend: Shutting down all executors
[2025-06-08T08:44:11.984+0000] {spark_submit.py:644} INFO - 25/06/08 08:44:11 INFO StandaloneSchedulerBackend$StandaloneDriverEndpoint: Asking each executor to shut down
[2025-06-08T08:44:11.991+0000] {spark_submit.py:644} INFO - 25/06/08 08:44:11 INFO MapOutputTrackerMasterEndpoint: MapOutputTrackerMasterEndpoint stopped!
[2025-06-08T08:44:12.001+0000] {spark_submit.py:644} INFO - 25/06/08 08:44:12 INFO MemoryStore: MemoryStore cleared
[2025-06-08T08:44:12.002+0000] {spark_submit.py:644} INFO - 25/06/08 08:44:12 INFO BlockManager: BlockManager stopped
[2025-06-08T08:44:12.004+0000] {spark_submit.py:644} INFO - 25/06/08 08:44:12 INFO BlockManagerMaster: BlockManagerMaster stopped
[2025-06-08T08:44:12.006+0000] {spark_submit.py:644} INFO - 25/06/08 08:44:12 INFO OutputCommitCoordinator$OutputCommitCoordinatorEndpoint: OutputCommitCoordinator stopped!
[2025-06-08T08:44:12.030+0000] {spark_submit.py:644} INFO - 25/06/08 08:44:12 INFO SparkContext: Successfully stopped SparkContext
[2025-06-08T08:44:12.212+0000] {spark_submit.py:644} INFO - Traceback (most recent call last):
[2025-06-08T08:44:12.213+0000] {spark_submit.py:644} INFO - File "/opt/***/dags/bronze_ingestion_sc_stats_etl.py", line 83, in <module>
[2025-06-08T08:44:12.213+0000] {spark_submit.py:644} INFO - main(args.output_path)
[2025-06-08T08:44:12.214+0000] {spark_submit.py:644} INFO - File "/opt/***/dags/bronze_ingestion_sc_stats_etl.py", line 60, in main
[2025-06-08T08:44:12.214+0000] {spark_submit.py:644} INFO - spark.sql("CREATE DATABASE IF NOT EXISTS sc_stats_db")
[2025-06-08T08:44:12.214+0000] {spark_submit.py:644} INFO - File "/home/***/.local/lib/python3.11/site-packages/pyspark/python/lib/pyspark.zip/pyspark/sql/session.py", line 1631, in sql
[2025-06-08T08:44:12.214+0000] {spark_submit.py:644} INFO - File "/home/***/.local/lib/python3.11/site-packages/pyspark/python/lib/py4j-0.10.9.7-src.zip/py4j/java_gateway.py", line 1322, in __call__
[2025-06-08T08:44:12.215+0000] {spark_submit.py:644} INFO - File "/home/***/.local/lib/python3.11/site-packages/pyspark/python/lib/pyspark.zip/pyspark/errors/exceptions/captured.py", line 179, in deco
[2025-06-08T08:44:12.215+0000] {spark_submit.py:644} INFO - File "/home/***/.local/lib/python3.11/site-packages/pyspark/python/lib/py4j-0.10.9.7-src.zip/py4j/protocol.py", line 326, in get_return_value
[2025-06-08T08:44:12.215+0000] {spark_submit.py:644} INFO - py4j.protocol.Py4JJavaError: An error occurred while calling o40.sql.
[2025-06-08T08:44:12.216+0000] {spark_submit.py:644} INFO - : java.lang.RuntimeException: Couldn't create directory /tmp/e243f3c2-d34c-4f3a-8958-e8993d03ce2f_resources
[2025-06-08T08:44:12.216+0000] {spark_submit.py:644} INFO - at org.apache.hadoop.hive.ql.util.ResourceDownloader.ensureDirectory(ResourceDownloader.java:116)
[2025-06-08T08:44:12.216+0000] {spark_submit.py:644} INFO - at org.apache.hadoop.hive.ql.util.ResourceDownloader.<init>(ResourceDownloader.java:47)
[2025-06-08T08:44:12.216+0000] {spark_submit.py:644} INFO - at org.apache.hadoop.hive.ql.session.SessionState.<init>(SessionState.java:401)
[2025-06-08T08:44:12.217+0000] {spark_submit.py:644} INFO - at org.apache.hadoop.hive.ql.session.SessionState.<init>(SessionState.java:372)
[2025-06-08T08:44:12.217+0000] {spark_submit.py:644} INFO - at org.apache.spark.sql.hive.client.HiveClientImpl.newState(HiveClientImpl.scala:175)
[2025-06-08T08:44:12.217+0000] {spark_submit.py:644} INFO - at org.apache.spark.sql.hive.client.HiveClientImpl.<init>(HiveClientImpl.scala:139)
[2025-06-08T08:44:12.217+0000] {spark_submit.py:644} INFO - at org.apache.spark.sql.hive.client.IsolatedClientLoader.createClient(IsolatedClientLoader.scala:308)
[2025-06-08T08:44:12.218+0000] {spark_submit.py:644} INFO - at org.apache.spark.sql.hive.HiveUtils$.newClientForMetadata(HiveUtils.scala:488)
[2025-06-08T08:44:12.218+0000] {spark_submit.py:644} INFO - at org.apache.spark.sql.hive.HiveUtils$.newClientForMetadata(HiveUtils.scala:376)
[2025-06-08T08:44:12.218+0000] {spark_submit.py:644} INFO - at org.apache.spark.sql.hive.HiveExternalCatalog.client$lzycompute(HiveExternalCatalog.scala:68)
[2025-06-08T08:44:12.218+0000] {spark_submit.py:644} INFO - at org.apache.spark.sql.hive.HiveExternalCatalog.client(HiveExternalCatalog.scala:67)
[2025-06-08T08:44:12.219+0000] {spark_submit.py:644} INFO - at org.apache.spark.sql.hive.HiveExternalCatalog.$anonfun$databaseExists$1(HiveExternalCatalog.scala:224)
[2025-06-08T08:44:12.219+0000] {spark_submit.py:644} INFO - at scala.runtime.java8.JFunction0$mcZ$sp.apply(JFunction0$mcZ$sp.java:23)
[2025-06-08T08:44:12.219+0000] {spark_submit.py:644} INFO - at org.apache.spark.sql.hive.HiveExternalCatalog.withClient(HiveExternalCatalog.scala:99)
[2025-06-08T08:44:12.219+0000] {spark_submit.py:644} INFO - at org.apache.spark.sql.hive.HiveExternalCatalog.databaseExists(HiveExternalCatalog.scala:224)
[2025-06-08T08:44:12.219+0000] {spark_submit.py:644} INFO - at org.apache.spark.sql.internal.SharedState.externalCatalog$lzycompute(SharedState.scala:146)
[2025-06-08T08:44:12.220+0000] {spark_submit.py:644} INFO - at org.apache.spark.sql.internal.SharedState.externalCatalog(SharedState.scala:140)
[2025-06-08T08:44:12.220+0000] {spark_submit.py:644} INFO - at org.apache.spark.sql.hive.HiveSessionStateBuilder.externalCatalog(HiveSessionStateBuilder.scala:54)
[2025-06-08T08:44:12.220+0000] {spark_submit.py:644} INFO - at org.apache.spark.sql.hive.HiveSessionStateBuilder.$anonfun$catalog$1(HiveSessionStateBuilder.scala:69)
[2025-06-08T08:44:12.220+0000] {spark_submit.py:644} INFO - at org.apache.spark.sql.catalyst.catalog.SessionCatalog.externalCatalog$lzycompute(SessionCatalog.scala:122)
[2025-06-08T08:44:12.220+0000] {spark_submit.py:644} INFO - at org.apache.spark.sql.catalyst.catalog.SessionCatalog.externalCatalog(SessionCatalog.scala:122)
[2025-06-08T08:44:12.221+0000] {spark_submit.py:644} INFO - at org.apache.spark.sql.catalyst.catalog.SessionCatalog.databaseExists(SessionCatalog.scala:319)
[2025-06-08T08:44:12.221+0000] {spark_submit.py:644} INFO - at org.apache.spark.sql.execution.datasources.v2.V2SessionCatalog.namespaceExists(V2SessionCatalog.scala:261)
[2025-06-08T08:44:12.221+0000] {spark_submit.py:644} INFO - at org.apache.spark.sql.connector.catalog.DelegatingCatalogExtension.namespaceExists(DelegatingCatalogExtension.java:150)
[2025-06-08T08:44:12.221+0000] {spark_submit.py:644} INFO - at org.apache.spark.sql.execution.datasources.v2.CreateNamespaceExec.run(CreateNamespaceExec.scala:43)
[2025-06-08T08:44:12.221+0000] {spark_submit.py:644} INFO - at org.apache.spark.sql.execution.datasources.v2.V2CommandExec.result$lzycompute(V2CommandExec.scala:43)
[2025-06-08T08:44:12.221+0000] {spark_submit.py:644} INFO - at org.apache.spark.sql.execution.datasources.v2.V2CommandExec.result(V2CommandExec.scala:43)
[2025-06-08T08:44:12.222+0000] {spark_submit.py:644} INFO - at org.apache.spark.sql.execution.datasources.v2.V2CommandExec.executeCollect(V2CommandExec.scala:49)
[2025-06-08T08:44:12.222+0000] {spark_submit.py:644} INFO - at org.apache.spark.sql.execution.QueryExecution$$anonfun$eagerlyExecuteCommands$1.$anonfun$applyOrElse$1(QueryExecution.scala:107)
[2025-06-08T08:44:12.222+0000] {spark_submit.py:644} INFO - at org.apache.spark.sql.execution.SQLExecution$.$anonfun$withNewExecutionId$6(SQLExecution.scala:125)
[2025-06-08T08:44:12.222+0000] {spark_submit.py:644} INFO - at org.apache.spark.sql.execution.SQLExecution$.withSQLConfPropagated(SQLExecution.scala:201)
[2025-06-08T08:44:12.222+0000] {spark_submit.py:644} INFO - at org.apache.spark.sql.execution.SQLExecution$.$anonfun$withNewExecutionId$1(SQLExecution.scala:108)
[2025-06-08T08:44:12.222+0000] {spark_submit.py:644} INFO - at org.apache.spark.sql.SparkSession.withActive(SparkSession.scala:900)
[2025-06-08T08:44:12.222+0000] {spark_submit.py:644} INFO - at org.apache.spark.sql.execution.SQLExecution$.withNewExecutionId(SQLExecution.scala:66)
[2025-06-08T08:44:12.222+0000] {spark_submit.py:644} INFO - at org.apache.spark.sql.execution.QueryExecution$$anonfun$eagerlyExecuteCommands$1.applyOrElse(QueryExecution.scala:107)
[2025-06-08T08:44:12.223+0000] {spark_submit.py:644} INFO - at org.apache.spark.sql.execution.QueryExecution$$anonfun$eagerlyExecuteCommands$1.applyOrElse(QueryExecution.scala:98)
[2025-06-08T08:44:12.223+0000] {spark_submit.py:644} INFO - at org.apache.spark.sql.catalyst.trees.TreeNode.$anonfun$transformDownWithPruning$1(TreeNode.scala:461)
[2025-06-08T08:44:12.223+0000] {spark_submit.py:644} INFO - at org.apache.spark.sql.catalyst.trees.CurrentOrigin$.withOrigin(origin.scala:76)
[2025-06-08T08:44:12.223+0000] {spark_submit.py:644} INFO - at org.apache.spark.sql.catalyst.trees.TreeNode.transformDownWithPruning(TreeNode.scala:461)
[2025-06-08T08:44:12.223+0000] {spark_submit.py:644} INFO - at org.apache.spark.sql.catalyst.plans.logical.LogicalPlan.org$apache$spark$sql$catalyst$plans$logical$AnalysisHelper$$super$transformDownWithPruning(LogicalPlan.scala:32)
[2025-06-08T08:44:12.223+0000] {spark_submit.py:644} INFO - at org.apache.spark.sql.catalyst.plans.logical.AnalysisHelper.transformDownWithPruning(AnalysisHelper.scala:267)
[2025-06-08T08:44:12.223+0000] {spark_submit.py:644} INFO - at org.apache.spark.sql.catalyst.plans.logical.AnalysisHelper.transformDownWithPruning$(AnalysisHelper.scala:263)
[2025-06-08T08:44:12.224+0000] {spark_submit.py:644} INFO - at org.apache.spark.sql.catalyst.plans.logical.LogicalPlan.transformDownWithPruning(LogicalPlan.scala:32)
[2025-06-08T08:44:12.224+0000] {spark_submit.py:644} INFO - at org.apache.spark.sql.catalyst.plans.logical.LogicalPlan.transformDownWithPruning(LogicalPlan.scala:32)
[2025-06-08T08:44:12.224+0000] {spark_submit.py:644} INFO - at org.apache.spark.sql.catalyst.trees.TreeNode.transformDown(TreeNode.scala:437)
[2025-06-08T08:44:12.224+0000] {spark_submit.py:644} INFO - at org.apache.spark.sql.execution.QueryExecution.eagerlyExecuteCommands(QueryExecution.scala:98)
[2025-06-08T08:44:12.224+0000] {spark_submit.py:644} INFO - at org.apache.spark.sql.execution.QueryExecution.commandExecuted$lzycompute(QueryExecution.scala:85)
[2025-06-08T08:44:12.224+0000] {spark_submit.py:644} INFO - at org.apache.spark.sql.execution.QueryExecution.commandExecuted(QueryExecution.scala:83)
[2025-06-08T08:44:12.224+0000] {spark_submit.py:644} INFO - at org.apache.spark.sql.Dataset.<init>(Dataset.scala:220)
[2025-06-08T08:44:12.225+0000] {spark_submit.py:644} INFO - at org.apache.spark.sql.Dataset$.$anonfun$ofRows$2(Dataset.scala:100)
[2025-06-08T08:44:12.225+0000] {spark_submit.py:644} INFO - at org.apache.spark.sql.SparkSession.withActive(SparkSession.scala:900)
[2025-06-08T08:44:12.225+0000] {spark_submit.py:644} INFO - at org.apache.spark.sql.Dataset$.ofRows(Dataset.scala:97)
[2025-06-08T08:44:12.225+0000] {spark_submit.py:644} INFO - at org.apache.spark.sql.SparkSession.$anonfun$sql$1(SparkSession.scala:638)
[2025-06-08T08:44:12.225+0000] {spark_submit.py:644} INFO - at org.apache.spark.sql.SparkSession.withActive(SparkSession.scala:900)
[2025-06-08T08:44:12.225+0000] {spark_submit.py:644} INFO - at org.apache.spark.sql.SparkSession.sql(SparkSession.scala:629)
[2025-06-08T08:44:12.225+0000] {spark_submit.py:644} INFO - at org.apache.spark.sql.SparkSession.sql(SparkSession.scala:659)
[2025-06-08T08:44:12.225+0000] {spark_submit.py:644} INFO - at java.base/jdk.internal.reflect.NativeMethodAccessorImpl.invoke0(Native Method)
[2025-06-08T08:44:12.225+0000] {spark_submit.py:644} INFO - at java.base/jdk.internal.reflect.NativeMethodAccessorImpl.invoke(NativeMethodAccessorImpl.java:77)
[2025-06-08T08:44:12.226+0000] {spark_submit.py:644} INFO - at java.base/jdk.internal.reflect.DelegatingMethodAccessorImpl.invoke(DelegatingMethodAccessorImpl.java:43)
[2025-06-08T08:44:12.226+0000] {spark_submit.py:644} INFO - at java.base/java.lang.reflect.Method.invoke(Method.java:569)
[2025-06-08T08:44:12.226+0000] {spark_submit.py:644} INFO - at py4j.reflection.MethodInvoker.invoke(MethodInvoker.java:244)
[2025-06-08T08:44:12.226+0000] {spark_submit.py:644} INFO - at py4j.reflection.ReflectionEngine.invoke(ReflectionEngine.java:374)
[2025-06-08T08:44:12.226+0000] {spark_submit.py:644} INFO - at py4j.Gateway.invoke(Gateway.java:282)
[2025-06-08T08:44:12.226+0000] {spark_submit.py:644} INFO - at py4j.commands.AbstractCommand.invokeMethod(AbstractCommand.java:132)
[2025-06-08T08:44:12.226+0000] {spark_submit.py:644} INFO - at py4j.commands.CallCommand.execute(CallCommand.java:79)
[2025-06-08T08:44:12.227+0000] {spark_submit.py:644} INFO - at py4j.ClientServerConnection.waitForCommands(ClientServerConnection.java:182)
[2025-06-08T08:44:12.227+0000] {spark_submit.py:644} INFO - at py4j.ClientServerConnection.run(ClientServerConnection.java:106)
[2025-06-08T08:44:12.227+0000] {spark_submit.py:644} INFO - at java.base/java.lang.Thread.run(Thread.java:840)
[2025-06-08T08:44:12.227+0000] {spark_submit.py:644} INFO - 
[2025-06-08T08:44:12.248+0000] {spark_submit.py:644} INFO - 25/06/08 08:44:12 INFO ShutdownHookManager: Shutdown hook called
[2025-06-08T08:44:12.248+0000] {spark_submit.py:644} INFO - 25/06/08 08:44:12 INFO ShutdownHookManager: Deleting directory /tmp/spark-a75fac01-2f93-4d7a-b742-67691f05f74f
[2025-06-08T08:44:12.251+0000] {spark_submit.py:644} INFO - 25/06/08 08:44:12 INFO ShutdownHookManager: Deleting directory /tmp/spark-c04de544-8579-4a87-9862-5a4ba5371c40
[2025-06-08T08:44:12.252+0000] {spark_submit.py:644} INFO - 25/06/08 08:44:12 INFO ShutdownHookManager: Deleting directory /tmp/spark-c04de544-8579-4a87-9862-5a4ba5371c40/pyspark-f693b99d-0671-49d0-8e3d-1b37ba398bc6
[2025-06-08T08:44:12.288+0000] {taskinstance.py:3311} ERROR - Task failed with exception
Traceback (most recent call last):
  File "/home/airflow/.local/lib/python3.11/site-packages/airflow/models/taskinstance.py", line 767, in _execute_task
    result = _execute_callable(context=context, **execute_callable_kwargs)
             ^^^^^^^^^^^^^^^^^^^^^^^^^^^^^^^^^^^^^^^^^^^^^^^^^^^^^^^^^^^^^
  File "/home/airflow/.local/lib/python3.11/site-packages/airflow/models/taskinstance.py", line 733, in _execute_callable
    return ExecutionCallableRunner(
           ^^^^^^^^^^^^^^^^^^^^^^^^
  File "/home/airflow/.local/lib/python3.11/site-packages/airflow/utils/operator_helpers.py", line 252, in run
    return self.func(*args, **kwargs)
           ^^^^^^^^^^^^^^^^^^^^^^^^^^
  File "/home/airflow/.local/lib/python3.11/site-packages/airflow/models/baseoperator.py", line 417, in wrapper
    return func(self, *args, **kwargs)
           ^^^^^^^^^^^^^^^^^^^^^^^^^^^
  File "/home/airflow/.local/lib/python3.11/site-packages/airflow/providers/apache/spark/operators/spark_submit.py", line 197, in execute
    self._hook.submit(self.application)
  File "/home/airflow/.local/lib/python3.11/site-packages/airflow/providers/apache/spark/hooks/spark_submit.py", line 566, in submit
    raise AirflowException(
airflow.exceptions.AirflowException: Cannot execute: spark-submit --master spark://spark-master:7077 --conf spark.sql.extensions=io.delta.sql.DeltaSparkSessionExtension --conf spark.sql.catalog.spark_catalog=org.apache.spark.sql.delta.catalog.DeltaCatalog --conf spark.hadoop.fs.s3a.endpoint=http://minio:9000 --conf spark.hadoop.fs.s3a.access.key=minioadmin --conf spark.hadoop.fs.s3a.secret.key=****** --conf spark.hadoop.fs.s3a.path.style.access=true --conf spark.hadoop.fs.s3a.impl=org.apache.hadoop.fs.s3a.S3AFileSystem --conf spark.hadoop.fs.s3a.aws.credentials.provider=org.apache.hadoop.fs.s3a.SimpleAWSCredentialsProvider --packages org.apache.hadoop:hadoop-aws:3.3.4,com.amazonaws:aws-java-sdk-bundle:1.12.262,io.delta:delta-spark_2.12:3.1.0 --name arrow-spark --queue root.default --deploy-mode client dags/bronze_ingestion_sc_stats_etl.py --output_path s3a://mybucket/sc_stats_db/bronze/raw_data. Error code is: 1.
[2025-06-08T08:44:12.295+0000] {taskinstance.py:1225} INFO - Marking task as FAILED. dag_id=stephen_curry_stats_medallion_etl, task_id=bronze_ingestion, run_id=manual__2025-06-08T08:44:04.112372+00:00, execution_date=20250608T084404, start_date=20250608T084406, end_date=20250608T084412
[2025-06-08T08:44:12.302+0000] {taskinstance.py:340} INFO - ::group::Post task execution logs
[2025-06-08T08:44:12.302+0000] {standard_task_runner.py:124} ERROR - Failed to execute job 56 for task bronze_ingestion (Cannot execute: spark-submit --master spark://spark-master:7077 --conf spark.sql.extensions=io.delta.sql.DeltaSparkSessionExtension --conf spark.sql.catalog.spark_catalog=org.apache.spark.sql.delta.catalog.DeltaCatalog --conf spark.hadoop.fs.s3a.endpoint=http://minio:9000 --conf spark.hadoop.fs.s3a.access.key=minioadmin --conf spark.hadoop.fs.s3a.secret.key=****** --conf spark.hadoop.fs.s3a.path.style.access=true --conf spark.hadoop.fs.s3a.impl=org.apache.hadoop.fs.s3a.S3AFileSystem --conf spark.hadoop.fs.s3a.aws.credentials.provider=org.apache.hadoop.fs.s3a.SimpleAWSCredentialsProvider --packages org.apache.hadoop:hadoop-aws:3.3.4,com.amazonaws:aws-java-sdk-bundle:1.12.262,io.delta:delta-spark_2.12:3.1.0 --name arrow-spark --queue root.default --deploy-mode client dags/bronze_ingestion_sc_stats_etl.py --output_path s3a://mybucket/sc_stats_db/bronze/raw_data. Error code is: 1.; 12103)
Traceback (most recent call last):
  File "/home/airflow/.local/lib/python3.11/site-packages/airflow/task/task_runner/standard_task_runner.py", line 117, in _start_by_fork
    ret = args.func(args, dag=self.dag)
          ^^^^^^^^^^^^^^^^^^^^^^^^^^^^^
  File "/home/airflow/.local/lib/python3.11/site-packages/airflow/cli/cli_config.py", line 49, in command
    return func(*args, **kwargs)
           ^^^^^^^^^^^^^^^^^^^^^
  File "/home/airflow/.local/lib/python3.11/site-packages/airflow/utils/cli.py", line 116, in wrapper
    return f(*args, **kwargs)
           ^^^^^^^^^^^^^^^^^^
  File "/home/airflow/.local/lib/python3.11/site-packages/airflow/cli/commands/task_command.py", line 483, in task_run
    task_return_code = _run_task_by_selected_method(args, _dag, ti)
                       ^^^^^^^^^^^^^^^^^^^^^^^^^^^^^^^^^^^^^^^^^^^^
  File "/home/airflow/.local/lib/python3.11/site-packages/airflow/cli/commands/task_command.py", line 256, in _run_task_by_selected_method
    return _run_raw_task(args, ti)
           ^^^^^^^^^^^^^^^^^^^^^^^
  File "/home/airflow/.local/lib/python3.11/site-packages/airflow/cli/commands/task_command.py", line 341, in _run_raw_task
    return ti._run_raw_task(
           ^^^^^^^^^^^^^^^^^
  File "/home/airflow/.local/lib/python3.11/site-packages/airflow/utils/session.py", line 97, in wrapper
    return func(*args, session=session, **kwargs)
           ^^^^^^^^^^^^^^^^^^^^^^^^^^^^^^^^^^^^^^
  File "/home/airflow/.local/lib/python3.11/site-packages/airflow/models/taskinstance.py", line 3005, in _run_raw_task
    return _run_raw_task(
           ^^^^^^^^^^^^^^
  File "/home/airflow/.local/lib/python3.11/site-packages/airflow/models/taskinstance.py", line 273, in _run_raw_task
    TaskInstance._execute_task_with_callbacks(
  File "/home/airflow/.local/lib/python3.11/site-packages/airflow/models/taskinstance.py", line 3159, in _execute_task_with_callbacks
    result = self._execute_task(context, task_orig)
             ^^^^^^^^^^^^^^^^^^^^^^^^^^^^^^^^^^^^^^
  File "/home/airflow/.local/lib/python3.11/site-packages/airflow/models/taskinstance.py", line 3183, in _execute_task
    return _execute_task(self, context, task_orig)
           ^^^^^^^^^^^^^^^^^^^^^^^^^^^^^^^^^^^^^^^
  File "/home/airflow/.local/lib/python3.11/site-packages/airflow/models/taskinstance.py", line 767, in _execute_task
    result = _execute_callable(context=context, **execute_callable_kwargs)
             ^^^^^^^^^^^^^^^^^^^^^^^^^^^^^^^^^^^^^^^^^^^^^^^^^^^^^^^^^^^^^
  File "/home/airflow/.local/lib/python3.11/site-packages/airflow/models/taskinstance.py", line 733, in _execute_callable
    return ExecutionCallableRunner(
           ^^^^^^^^^^^^^^^^^^^^^^^^
  File "/home/airflow/.local/lib/python3.11/site-packages/airflow/utils/operator_helpers.py", line 252, in run
    return self.func(*args, **kwargs)
           ^^^^^^^^^^^^^^^^^^^^^^^^^^
  File "/home/airflow/.local/lib/python3.11/site-packages/airflow/models/baseoperator.py", line 417, in wrapper
    return func(self, *args, **kwargs)
           ^^^^^^^^^^^^^^^^^^^^^^^^^^^
  File "/home/airflow/.local/lib/python3.11/site-packages/airflow/providers/apache/spark/operators/spark_submit.py", line 197, in execute
    self._hook.submit(self.application)
  File "/home/airflow/.local/lib/python3.11/site-packages/airflow/providers/apache/spark/hooks/spark_submit.py", line 566, in submit
    raise AirflowException(
airflow.exceptions.AirflowException: Cannot execute: spark-submit --master spark://spark-master:7077 --conf spark.sql.extensions=io.delta.sql.DeltaSparkSessionExtension --conf spark.sql.catalog.spark_catalog=org.apache.spark.sql.delta.catalog.DeltaCatalog --conf spark.hadoop.fs.s3a.endpoint=http://minio:9000 --conf spark.hadoop.fs.s3a.access.key=minioadmin --conf spark.hadoop.fs.s3a.secret.key=****** --conf spark.hadoop.fs.s3a.path.style.access=true --conf spark.hadoop.fs.s3a.impl=org.apache.hadoop.fs.s3a.S3AFileSystem --conf spark.hadoop.fs.s3a.aws.credentials.provider=org.apache.hadoop.fs.s3a.SimpleAWSCredentialsProvider --packages org.apache.hadoop:hadoop-aws:3.3.4,com.amazonaws:aws-java-sdk-bundle:1.12.262,io.delta:delta-spark_2.12:3.1.0 --name arrow-spark --queue root.default --deploy-mode client dags/bronze_ingestion_sc_stats_etl.py --output_path s3a://mybucket/sc_stats_db/bronze/raw_data. Error code is: 1.
[2025-06-08T08:44:12.334+0000] {local_task_job_runner.py:266} INFO - Task exited with return code 1
[2025-06-08T08:44:12.347+0000] {taskinstance.py:3895} INFO - 0 downstream tasks scheduled from follow-on schedule check
[2025-06-08T08:44:12.349+0000] {local_task_job_runner.py:245} INFO - ::endgroup::
