[2025-06-08T08:29:13.848+0000] {local_task_job_runner.py:123} INFO - ::group::Pre task execution logs
[2025-06-08T08:29:13.857+0000] {taskinstance.py:2613} INFO - Dependencies all met for dep_context=non-requeueable deps ti=<TaskInstance: stephen_curry_stats_medallion_etl.bronze_to_silver manual__2025-06-08T08:28:57.057290+00:00 [queued]>
[2025-06-08T08:29:13.860+0000] {taskinstance.py:2613} INFO - Dependencies all met for dep_context=requeueable deps ti=<TaskInstance: stephen_curry_stats_medallion_etl.bronze_to_silver manual__2025-06-08T08:28:57.057290+00:00 [queued]>
[2025-06-08T08:29:13.861+0000] {taskinstance.py:2866} INFO - Starting attempt 1 of 1
[2025-06-08T08:29:13.866+0000] {taskinstance.py:2889} INFO - Executing <Task(SparkSubmitOperator): bronze_to_silver> on 2025-06-08 08:28:57.057290+00:00
[2025-06-08T08:29:13.868+0000] {standard_task_runner.py:72} INFO - Started process 11493 to run task
[2025-06-08T08:29:13.870+0000] {standard_task_runner.py:104} INFO - Running: ['***', 'tasks', 'run', 'stephen_curry_stats_medallion_etl', 'bronze_to_silver', 'manual__2025-06-08T08:28:57.057290+00:00', '--job-id', '53', '--raw', '--subdir', 'DAGS_FOLDER/medallion_sales_etl_dag.py', '--cfg-path', '/tmp/tmpkbsty14a']
[2025-06-08T08:29:13.872+0000] {standard_task_runner.py:105} INFO - Job 53: Subtask bronze_to_silver
[2025-06-08T08:29:13.899+0000] {task_command.py:467} INFO - Running <TaskInstance: stephen_curry_stats_medallion_etl.bronze_to_silver manual__2025-06-08T08:28:57.057290+00:00 [running]> on host ae00baecdfb8
[2025-06-08T08:29:13.945+0000] {taskinstance.py:3132} INFO - Exporting env vars: AIRFLOW_CTX_DAG_OWNER='***' AIRFLOW_CTX_DAG_ID='stephen_curry_stats_medallion_etl' AIRFLOW_CTX_TASK_ID='bronze_to_silver' AIRFLOW_CTX_EXECUTION_DATE='2025-06-08T08:28:57.057290+00:00' AIRFLOW_CTX_TRY_NUMBER='1' AIRFLOW_CTX_DAG_RUN_ID='manual__2025-06-08T08:28:57.057290+00:00'
[2025-06-08T08:29:13.945+0000] {taskinstance.py:731} INFO - ::endgroup::
[2025-06-08T08:29:13.963+0000] {base.py:84} INFO - Retrieving connection 'spark_default'
[2025-06-08T08:29:13.965+0000] {spark_submit.py:474} INFO - Spark-Submit cmd: spark-submit --master spark://spark-master:7077 --conf spark.executor.memory=2g --conf spark.sql.extensions=io.delta.sql.DeltaSparkSessionExtension --conf spark.sql.catalog.spark_catalog=org.apache.spark.sql.delta.catalog.DeltaCatalog --conf spark.hadoop.fs.s3a.endpoint=http://minio:9000 --conf spark.hadoop.fs.s3a.access.key=minioadmin --conf spark.hadoop.fs.s3a.secret.key=****** --conf spark.hadoop.fs.s3a.path.style.access=true --conf spark.hadoop.fs.s3a.impl=org.apache.hadoop.fs.s3a.S3AFileSystem --conf spark.hadoop.fs.s3a.aws.credentials.provider=org.apache.hadoop.fs.s3a.SimpleAWSCredentialsProvider --packages org.apache.hadoop:hadoop-aws:3.3.4,com.amazonaws:aws-java-sdk-bundle:1.12.262,io.delta:delta-spark_2.12:3.1.0 --name arrow-spark --queue root.default --deploy-mode client dags/bronze_to_silver_sc_stats_etl.py --input_path s3a://mybucket/sc_stats_db/bronze/raw_data --output_path s3a://mybucket/sc_stats_db/silver/transformed_data
[2025-06-08T08:29:14.913+0000] {spark_submit.py:644} INFO - :: loading settings :: url = jar:file:/home/***/.local/lib/python3.11/site-packages/pyspark/jars/ivy-2.5.1.jar!/org/apache/ivy/core/settings/ivysettings.xml
[2025-06-08T08:29:14.960+0000] {spark_submit.py:644} INFO - Ivy Default Cache set to: /home/***/.ivy2/cache
[2025-06-08T08:29:14.961+0000] {spark_submit.py:644} INFO - The jars for the packages stored in: /home/***/.ivy2/jars
[2025-06-08T08:29:14.962+0000] {spark_submit.py:644} INFO - org.apache.hadoop#hadoop-aws added as a dependency
[2025-06-08T08:29:14.963+0000] {spark_submit.py:644} INFO - com.amazonaws#aws-java-sdk-bundle added as a dependency
[2025-06-08T08:29:14.963+0000] {spark_submit.py:644} INFO - io.delta#delta-spark_2.12 added as a dependency
[2025-06-08T08:29:14.963+0000] {spark_submit.py:644} INFO - :: resolving dependencies :: org.apache.spark#spark-submit-parent-1fb6aefd-6e1a-44b3-b49d-ea91bca05b7c;1.0
[2025-06-08T08:29:14.963+0000] {spark_submit.py:644} INFO - confs: [default]
[2025-06-08T08:29:15.056+0000] {spark_submit.py:644} INFO - found org.apache.hadoop#hadoop-aws;3.3.4 in central
[2025-06-08T08:29:15.069+0000] {spark_submit.py:644} INFO - found com.amazonaws#aws-java-sdk-bundle;1.12.262 in central
[2025-06-08T08:29:15.081+0000] {spark_submit.py:644} INFO - found org.wildfly.openssl#wildfly-openssl;1.0.7.Final in central
[2025-06-08T08:29:15.090+0000] {spark_submit.py:644} INFO - found io.delta#delta-spark_2.12;3.1.0 in central
[2025-06-08T08:29:15.101+0000] {spark_submit.py:644} INFO - found io.delta#delta-storage;3.1.0 in central
[2025-06-08T08:29:15.109+0000] {spark_submit.py:644} INFO - found org.antlr#antlr4-runtime;4.9.3 in central
[2025-06-08T08:29:15.124+0000] {spark_submit.py:644} INFO - :: resolution report :: resolve 154ms :: artifacts dl 7ms
[2025-06-08T08:29:15.125+0000] {spark_submit.py:644} INFO - :: modules in use:
[2025-06-08T08:29:15.125+0000] {spark_submit.py:644} INFO - com.amazonaws#aws-java-sdk-bundle;1.12.262 from central in [default]
[2025-06-08T08:29:15.125+0000] {spark_submit.py:644} INFO - io.delta#delta-spark_2.12;3.1.0 from central in [default]
[2025-06-08T08:29:15.125+0000] {spark_submit.py:644} INFO - io.delta#delta-storage;3.1.0 from central in [default]
[2025-06-08T08:29:15.125+0000] {spark_submit.py:644} INFO - org.antlr#antlr4-runtime;4.9.3 from central in [default]
[2025-06-08T08:29:15.125+0000] {spark_submit.py:644} INFO - org.apache.hadoop#hadoop-aws;3.3.4 from central in [default]
[2025-06-08T08:29:15.126+0000] {spark_submit.py:644} INFO - org.wildfly.openssl#wildfly-openssl;1.0.7.Final from central in [default]
[2025-06-08T08:29:15.126+0000] {spark_submit.py:644} INFO - ---------------------------------------------------------------------
[2025-06-08T08:29:15.126+0000] {spark_submit.py:644} INFO - |                  |            modules            ||   artifacts   |
[2025-06-08T08:29:15.126+0000] {spark_submit.py:644} INFO - |       conf       | number| search|dwnlded|evicted|| number|dwnlded|
[2025-06-08T08:29:15.126+0000] {spark_submit.py:644} INFO - ---------------------------------------------------------------------
[2025-06-08T08:29:15.126+0000] {spark_submit.py:644} INFO - |      default     |   6   |   0   |   0   |   0   ||   6   |   0   |
[2025-06-08T08:29:15.127+0000] {spark_submit.py:644} INFO - ---------------------------------------------------------------------
[2025-06-08T08:29:15.128+0000] {spark_submit.py:644} INFO - :: retrieving :: org.apache.spark#spark-submit-parent-1fb6aefd-6e1a-44b3-b49d-ea91bca05b7c
[2025-06-08T08:29:15.128+0000] {spark_submit.py:644} INFO - confs: [default]
[2025-06-08T08:29:15.132+0000] {spark_submit.py:644} INFO - 0 artifacts copied, 6 already retrieved (0kB/4ms)
[2025-06-08T08:29:15.245+0000] {spark_submit.py:644} INFO - 25/06/08 08:29:15 WARN NativeCodeLoader: Unable to load native-hadoop library for your platform... using builtin-java classes where applicable
[2025-06-08T08:29:16.043+0000] {spark_submit.py:644} INFO - 25/06/08 08:29:16 INFO SparkContext: Running Spark version 3.5.2
[2025-06-08T08:29:16.043+0000] {spark_submit.py:644} INFO - 25/06/08 08:29:16 INFO SparkContext: OS info Linux, 6.10.14-linuxkit, aarch64
[2025-06-08T08:29:16.043+0000] {spark_submit.py:644} INFO - 25/06/08 08:29:16 INFO SparkContext: Java version 17.0.15
[2025-06-08T08:29:16.059+0000] {spark_submit.py:644} INFO - 25/06/08 08:29:16 INFO ResourceUtils: ==============================================================
[2025-06-08T08:29:16.059+0000] {spark_submit.py:644} INFO - 25/06/08 08:29:16 INFO ResourceUtils: No custom resources configured for spark.driver.
[2025-06-08T08:29:16.060+0000] {spark_submit.py:644} INFO - 25/06/08 08:29:16 INFO ResourceUtils: ==============================================================
[2025-06-08T08:29:16.060+0000] {spark_submit.py:644} INFO - 25/06/08 08:29:16 INFO SparkContext: Submitted application: BronzeToSilverStephenCurryStats
[2025-06-08T08:29:16.072+0000] {spark_submit.py:644} INFO - 25/06/08 08:29:16 INFO ResourceProfile: Default ResourceProfile created, executor resources: Map(memory -> name: memory, amount: 2048, script: , vendor: , offHeap -> name: offHeap, amount: 0, script: , vendor: ), task resources: Map(cpus -> name: cpus, amount: 1.0)
[2025-06-08T08:29:16.077+0000] {spark_submit.py:644} INFO - 25/06/08 08:29:16 INFO ResourceProfile: Limiting resource is cpu
[2025-06-08T08:29:16.077+0000] {spark_submit.py:644} INFO - 25/06/08 08:29:16 INFO ResourceProfileManager: Added ResourceProfile id: 0
[2025-06-08T08:29:16.114+0000] {spark_submit.py:644} INFO - 25/06/08 08:29:16 INFO SecurityManager: Changing view acls to: ***
[2025-06-08T08:29:16.115+0000] {spark_submit.py:644} INFO - 25/06/08 08:29:16 INFO SecurityManager: Changing modify acls to: ***
[2025-06-08T08:29:16.115+0000] {spark_submit.py:644} INFO - 25/06/08 08:29:16 INFO SecurityManager: Changing view acls groups to:
[2025-06-08T08:29:16.115+0000] {spark_submit.py:644} INFO - 25/06/08 08:29:16 INFO SecurityManager: Changing modify acls groups to:
[2025-06-08T08:29:16.115+0000] {spark_submit.py:644} INFO - 25/06/08 08:29:16 INFO SecurityManager: SecurityManager: authentication disabled; ui acls disabled; users with view permissions: ***; groups with view permissions: EMPTY; users with modify permissions: ***; groups with modify permissions: EMPTY
[2025-06-08T08:29:16.241+0000] {spark_submit.py:644} INFO - 25/06/08 08:29:16 INFO Utils: Successfully started service 'sparkDriver' on port 37735.
[2025-06-08T08:29:16.260+0000] {spark_submit.py:644} INFO - 25/06/08 08:29:16 INFO SparkEnv: Registering MapOutputTracker
[2025-06-08T08:29:16.277+0000] {spark_submit.py:644} INFO - 25/06/08 08:29:16 INFO SparkEnv: Registering BlockManagerMaster
[2025-06-08T08:29:16.287+0000] {spark_submit.py:644} INFO - 25/06/08 08:29:16 INFO BlockManagerMasterEndpoint: Using org.apache.spark.storage.DefaultTopologyMapper for getting topology information
[2025-06-08T08:29:16.287+0000] {spark_submit.py:644} INFO - 25/06/08 08:29:16 INFO BlockManagerMasterEndpoint: BlockManagerMasterEndpoint up
[2025-06-08T08:29:16.289+0000] {spark_submit.py:644} INFO - 25/06/08 08:29:16 INFO SparkEnv: Registering BlockManagerMasterHeartbeat
[2025-06-08T08:29:16.300+0000] {spark_submit.py:644} INFO - 25/06/08 08:29:16 INFO DiskBlockManager: Created local directory at /tmp/blockmgr-e1bb7e59-ec8f-4639-aaf2-2b984d0ec049
[2025-06-08T08:29:16.307+0000] {spark_submit.py:644} INFO - 25/06/08 08:29:16 INFO MemoryStore: MemoryStore started with capacity 434.4 MiB
[2025-06-08T08:29:16.315+0000] {spark_submit.py:644} INFO - 25/06/08 08:29:16 INFO SparkEnv: Registering OutputCommitCoordinator
[2025-06-08T08:29:16.385+0000] {spark_submit.py:644} INFO - 25/06/08 08:29:16 INFO JettyUtils: Start Jetty 0.0.0.0:4040 for SparkUI
[2025-06-08T08:29:16.422+0000] {spark_submit.py:644} INFO - 25/06/08 08:29:16 INFO Utils: Successfully started service 'SparkUI' on port 4040.
[2025-06-08T08:29:16.444+0000] {spark_submit.py:644} INFO - 25/06/08 08:29:16 INFO SparkContext: Added JAR file:///home/***/.ivy2/jars/org.apache.hadoop_hadoop-aws-3.3.4.jar at spark://ae00baecdfb8:37735/jars/org.apache.hadoop_hadoop-aws-3.3.4.jar with timestamp 1749371356039
[2025-06-08T08:29:16.444+0000] {spark_submit.py:644} INFO - 25/06/08 08:29:16 INFO SparkContext: Added JAR file:///home/***/.ivy2/jars/com.amazonaws_aws-java-sdk-bundle-1.12.262.jar at spark://ae00baecdfb8:37735/jars/com.amazonaws_aws-java-sdk-bundle-1.12.262.jar with timestamp 1749371356039
[2025-06-08T08:29:16.445+0000] {spark_submit.py:644} INFO - 25/06/08 08:29:16 INFO SparkContext: Added JAR file:///home/***/.ivy2/jars/io.delta_delta-spark_2.12-3.1.0.jar at spark://ae00baecdfb8:37735/jars/io.delta_delta-spark_2.12-3.1.0.jar with timestamp 1749371356039
[2025-06-08T08:29:16.445+0000] {spark_submit.py:644} INFO - 25/06/08 08:29:16 INFO SparkContext: Added JAR file:///home/***/.ivy2/jars/org.wildfly.openssl_wildfly-openssl-1.0.7.Final.jar at spark://ae00baecdfb8:37735/jars/org.wildfly.openssl_wildfly-openssl-1.0.7.Final.jar with timestamp 1749371356039
[2025-06-08T08:29:16.445+0000] {spark_submit.py:644} INFO - 25/06/08 08:29:16 INFO SparkContext: Added JAR file:///home/***/.ivy2/jars/io.delta_delta-storage-3.1.0.jar at spark://ae00baecdfb8:37735/jars/io.delta_delta-storage-3.1.0.jar with timestamp 1749371356039
[2025-06-08T08:29:16.445+0000] {spark_submit.py:644} INFO - 25/06/08 08:29:16 INFO SparkContext: Added JAR file:///home/***/.ivy2/jars/org.antlr_antlr4-runtime-4.9.3.jar at spark://ae00baecdfb8:37735/jars/org.antlr_antlr4-runtime-4.9.3.jar with timestamp 1749371356039
[2025-06-08T08:29:16.446+0000] {spark_submit.py:644} INFO - 25/06/08 08:29:16 INFO SparkContext: Added file file:///home/***/.ivy2/jars/org.apache.hadoop_hadoop-aws-3.3.4.jar at spark://ae00baecdfb8:37735/files/org.apache.hadoop_hadoop-aws-3.3.4.jar with timestamp 1749371356039
[2025-06-08T08:29:16.447+0000] {spark_submit.py:644} INFO - 25/06/08 08:29:16 INFO Utils: Copying /home/***/.ivy2/jars/org.apache.hadoop_hadoop-aws-3.3.4.jar to /tmp/spark-7f7a7def-a516-4d74-9efe-02cc271c6199/userFiles-df35defe-a529-4c01-8c83-6915d87be91c/org.apache.hadoop_hadoop-aws-3.3.4.jar
[2025-06-08T08:29:16.453+0000] {spark_submit.py:644} INFO - 25/06/08 08:29:16 INFO SparkContext: Added file file:///home/***/.ivy2/jars/com.amazonaws_aws-java-sdk-bundle-1.12.262.jar at spark://ae00baecdfb8:37735/files/com.amazonaws_aws-java-sdk-bundle-1.12.262.jar with timestamp 1749371356039
[2025-06-08T08:29:16.454+0000] {spark_submit.py:644} INFO - 25/06/08 08:29:16 INFO Utils: Copying /home/***/.ivy2/jars/com.amazonaws_aws-java-sdk-bundle-1.12.262.jar to /tmp/spark-7f7a7def-a516-4d74-9efe-02cc271c6199/userFiles-df35defe-a529-4c01-8c83-6915d87be91c/com.amazonaws_aws-java-sdk-bundle-1.12.262.jar
[2025-06-08T08:29:16.517+0000] {spark_submit.py:644} INFO - 25/06/08 08:29:16 INFO SparkContext: Added file file:///home/***/.ivy2/jars/io.delta_delta-spark_2.12-3.1.0.jar at spark://ae00baecdfb8:37735/files/io.delta_delta-spark_2.12-3.1.0.jar with timestamp 1749371356039
[2025-06-08T08:29:16.518+0000] {spark_submit.py:644} INFO - 25/06/08 08:29:16 INFO Utils: Copying /home/***/.ivy2/jars/io.delta_delta-spark_2.12-3.1.0.jar to /tmp/spark-7f7a7def-a516-4d74-9efe-02cc271c6199/userFiles-df35defe-a529-4c01-8c83-6915d87be91c/io.delta_delta-spark_2.12-3.1.0.jar
[2025-06-08T08:29:16.521+0000] {spark_submit.py:644} INFO - 25/06/08 08:29:16 INFO SparkContext: Added file file:///home/***/.ivy2/jars/org.wildfly.openssl_wildfly-openssl-1.0.7.Final.jar at spark://ae00baecdfb8:37735/files/org.wildfly.openssl_wildfly-openssl-1.0.7.Final.jar with timestamp 1749371356039
[2025-06-08T08:29:16.521+0000] {spark_submit.py:644} INFO - 25/06/08 08:29:16 INFO Utils: Copying /home/***/.ivy2/jars/org.wildfly.openssl_wildfly-openssl-1.0.7.Final.jar to /tmp/spark-7f7a7def-a516-4d74-9efe-02cc271c6199/userFiles-df35defe-a529-4c01-8c83-6915d87be91c/org.wildfly.openssl_wildfly-openssl-1.0.7.Final.jar
[2025-06-08T08:29:16.523+0000] {spark_submit.py:644} INFO - 25/06/08 08:29:16 INFO SparkContext: Added file file:///home/***/.ivy2/jars/io.delta_delta-storage-3.1.0.jar at spark://ae00baecdfb8:37735/files/io.delta_delta-storage-3.1.0.jar with timestamp 1749371356039
[2025-06-08T08:29:16.524+0000] {spark_submit.py:644} INFO - 25/06/08 08:29:16 INFO Utils: Copying /home/***/.ivy2/jars/io.delta_delta-storage-3.1.0.jar to /tmp/spark-7f7a7def-a516-4d74-9efe-02cc271c6199/userFiles-df35defe-a529-4c01-8c83-6915d87be91c/io.delta_delta-storage-3.1.0.jar
[2025-06-08T08:29:16.525+0000] {spark_submit.py:644} INFO - 25/06/08 08:29:16 INFO SparkContext: Added file file:///home/***/.ivy2/jars/org.antlr_antlr4-runtime-4.9.3.jar at spark://ae00baecdfb8:37735/files/org.antlr_antlr4-runtime-4.9.3.jar with timestamp 1749371356039
[2025-06-08T08:29:16.526+0000] {spark_submit.py:644} INFO - 25/06/08 08:29:16 INFO Utils: Copying /home/***/.ivy2/jars/org.antlr_antlr4-runtime-4.9.3.jar to /tmp/spark-7f7a7def-a516-4d74-9efe-02cc271c6199/userFiles-df35defe-a529-4c01-8c83-6915d87be91c/org.antlr_antlr4-runtime-4.9.3.jar
[2025-06-08T08:29:16.565+0000] {spark_submit.py:644} INFO - 25/06/08 08:29:16 INFO StandaloneAppClient$ClientEndpoint: Connecting to master spark://spark-master:7077...
[2025-06-08T08:29:16.590+0000] {spark_submit.py:644} INFO - 25/06/08 08:29:16 INFO TransportClientFactory: Successfully created connection to spark-master/172.19.0.4:7077 after 13 ms (0 ms spent in bootstraps)
[2025-06-08T08:29:16.636+0000] {spark_submit.py:644} INFO - 25/06/08 08:29:16 INFO StandaloneSchedulerBackend: Connected to Spark cluster with app ID app-20250608082916-0024
[2025-06-08T08:29:16.637+0000] {spark_submit.py:644} INFO - 25/06/08 08:29:16 INFO StandaloneAppClient$ClientEndpoint: Executor added: app-20250608082916-0024/0 on worker-20250607171945-172.19.0.6-40061 (172.19.0.6:40061) with 4 core(s)
[2025-06-08T08:29:16.638+0000] {spark_submit.py:644} INFO - 25/06/08 08:29:16 INFO StandaloneSchedulerBackend: Granted executor ID app-20250608082916-0024/0 on hostPort 172.19.0.6:40061 with 4 core(s), 2.0 GiB RAM
[2025-06-08T08:29:16.641+0000] {spark_submit.py:644} INFO - 25/06/08 08:29:16 INFO Utils: Successfully started service 'org.apache.spark.network.netty.NettyBlockTransferService' on port 32981.
[2025-06-08T08:29:16.641+0000] {spark_submit.py:644} INFO - 25/06/08 08:29:16 INFO NettyBlockTransferService: Server created on ae00baecdfb8:32981
[2025-06-08T08:29:16.643+0000] {spark_submit.py:644} INFO - 25/06/08 08:29:16 INFO BlockManager: Using org.apache.spark.storage.RandomBlockReplicationPolicy for block replication policy
[2025-06-08T08:29:16.647+0000] {spark_submit.py:644} INFO - 25/06/08 08:29:16 INFO BlockManagerMaster: Registering BlockManager BlockManagerId(driver, ae00baecdfb8, 32981, None)
[2025-06-08T08:29:16.650+0000] {spark_submit.py:644} INFO - 25/06/08 08:29:16 INFO BlockManagerMasterEndpoint: Registering block manager ae00baecdfb8:32981 with 434.4 MiB RAM, BlockManagerId(driver, ae00baecdfb8, 32981, None)
[2025-06-08T08:29:16.651+0000] {spark_submit.py:644} INFO - 25/06/08 08:29:16 INFO BlockManagerMaster: Registered BlockManager BlockManagerId(driver, ae00baecdfb8, 32981, None)
[2025-06-08T08:29:16.651+0000] {spark_submit.py:644} INFO - 25/06/08 08:29:16 INFO StandaloneAppClient$ClientEndpoint: Executor updated: app-20250608082916-0024/0 is now RUNNING
[2025-06-08T08:29:16.652+0000] {spark_submit.py:644} INFO - 25/06/08 08:29:16 INFO BlockManager: Initialized BlockManager: BlockManagerId(driver, ae00baecdfb8, 32981, None)
[2025-06-08T08:29:16.764+0000] {spark_submit.py:644} INFO - 25/06/08 08:29:16 INFO StandaloneSchedulerBackend: SchedulerBackend is ready for scheduling beginning after reached minRegisteredResourcesRatio: 0.0
[2025-06-08T08:29:16.911+0000] {spark_submit.py:644} INFO - Bronze to Silver: Spark session created.
[2025-06-08T08:29:16.914+0000] {spark_submit.py:644} INFO - 25/06/08 08:29:16 INFO SharedState: Setting hive.metastore.warehouse.dir ('null') to the value of spark.sql.warehouse.dir.
[2025-06-08T08:29:16.915+0000] {spark_submit.py:644} INFO - 25/06/08 08:29:16 INFO SharedState: Warehouse path is 'file:/tmp/spark-warehouse'.
[2025-06-08T08:29:17.375+0000] {spark_submit.py:644} INFO - 25/06/08 08:29:17 WARN MetricsConfig: Cannot locate configuration: tried hadoop-metrics2-s3a-file-system.properties,hadoop-metrics2.properties
[2025-06-08T08:29:17.382+0000] {spark_submit.py:644} INFO - 25/06/08 08:29:17 INFO MetricsSystemImpl: Scheduled Metric snapshot period at 10 second(s).
[2025-06-08T08:29:17.382+0000] {spark_submit.py:644} INFO - 25/06/08 08:29:17 INFO MetricsSystemImpl: s3a-file-system metrics system started
[2025-06-08T08:29:17.869+0000] {spark_submit.py:644} INFO - 25/06/08 08:29:17 INFO StandaloneSchedulerBackend$StandaloneDriverEndpoint: Registered executor NettyRpcEndpointRef(spark-client://Executor) (172.19.0.6:38770) with ID 0,  ResourceProfileId 0
[2025-06-08T08:29:17.901+0000] {spark_submit.py:644} INFO - 25/06/08 08:29:17 INFO InMemoryFileIndex: It took 31 ms to list leaf files for 1 paths.
[2025-06-08T08:29:17.906+0000] {spark_submit.py:644} INFO - 25/06/08 08:29:17 INFO BlockManagerMasterEndpoint: Registering block manager 172.19.0.6:41291 with 1048.8 MiB RAM, BlockManagerId(0, 172.19.0.6, 41291, None)
[2025-06-08T08:29:18.145+0000] {spark_submit.py:644} INFO - 25/06/08 08:29:18 INFO SparkContext: Starting job: parquet at NativeMethodAccessorImpl.java:0
[2025-06-08T08:29:18.155+0000] {spark_submit.py:644} INFO - 25/06/08 08:29:18 INFO DAGScheduler: Got job 0 (parquet at NativeMethodAccessorImpl.java:0) with 1 output partitions
[2025-06-08T08:29:18.156+0000] {spark_submit.py:644} INFO - 25/06/08 08:29:18 INFO DAGScheduler: Final stage: ResultStage 0 (parquet at NativeMethodAccessorImpl.java:0)
[2025-06-08T08:29:18.156+0000] {spark_submit.py:644} INFO - 25/06/08 08:29:18 INFO DAGScheduler: Parents of final stage: List()
[2025-06-08T08:29:18.157+0000] {spark_submit.py:644} INFO - 25/06/08 08:29:18 INFO DAGScheduler: Missing parents: List()
[2025-06-08T08:29:18.159+0000] {spark_submit.py:644} INFO - 25/06/08 08:29:18 INFO DAGScheduler: Submitting ResultStage 0 (MapPartitionsRDD[1] at parquet at NativeMethodAccessorImpl.java:0), which has no missing parents
[2025-06-08T08:29:18.189+0000] {spark_submit.py:644} INFO - 25/06/08 08:29:18 INFO MemoryStore: Block broadcast_0 stored as values in memory (estimated size 107.3 KiB, free 434.3 MiB)
[2025-06-08T08:29:18.210+0000] {spark_submit.py:644} INFO - 25/06/08 08:29:18 INFO MemoryStore: Block broadcast_0_piece0 stored as bytes in memory (estimated size 38.9 KiB, free 434.3 MiB)
[2025-06-08T08:29:18.213+0000] {spark_submit.py:644} INFO - 25/06/08 08:29:18 INFO BlockManagerInfo: Added broadcast_0_piece0 in memory on ae00baecdfb8:32981 (size: 38.9 KiB, free: 434.4 MiB)
[2025-06-08T08:29:18.215+0000] {spark_submit.py:644} INFO - 25/06/08 08:29:18 INFO SparkContext: Created broadcast 0 from broadcast at DAGScheduler.scala:1585
[2025-06-08T08:29:18.229+0000] {spark_submit.py:644} INFO - 25/06/08 08:29:18 INFO DAGScheduler: Submitting 1 missing tasks from ResultStage 0 (MapPartitionsRDD[1] at parquet at NativeMethodAccessorImpl.java:0) (first 15 tasks are for partitions Vector(0))
[2025-06-08T08:29:18.230+0000] {spark_submit.py:644} INFO - 25/06/08 08:29:18 INFO TaskSchedulerImpl: Adding task set 0.0 with 1 tasks resource profile 0
[2025-06-08T08:29:18.988+0000] {spark_submit.py:644} INFO - 25/06/08 08:29:18 INFO TaskSetManager: Starting task 0.0 in stage 0.0 (TID 0) (172.19.0.6, executor 0, partition 0, PROCESS_LOCAL, 10354 bytes)
[2025-06-08T08:29:19.116+0000] {spark_submit.py:644} INFO - 25/06/08 08:29:19 INFO BlockManagerInfo: Added broadcast_0_piece0 in memory on 172.19.0.6:41291 (size: 38.9 KiB, free: 1048.8 MiB)
[2025-06-08T08:29:19.963+0000] {spark_submit.py:644} INFO - 25/06/08 08:29:19 INFO TaskSetManager: Finished task 0.0 in stage 0.0 (TID 0) in 981 ms on 172.19.0.6 (executor 0) (1/1)
[2025-06-08T08:29:19.964+0000] {spark_submit.py:644} INFO - 25/06/08 08:29:19 INFO TaskSchedulerImpl: Removed TaskSet 0.0, whose tasks have all completed, from pool
[2025-06-08T08:29:19.966+0000] {spark_submit.py:644} INFO - 25/06/08 08:29:19 INFO DAGScheduler: ResultStage 0 (parquet at NativeMethodAccessorImpl.java:0) finished in 1.799 s
[2025-06-08T08:29:19.967+0000] {spark_submit.py:644} INFO - 25/06/08 08:29:19 INFO DAGScheduler: Job 0 is finished. Cancelling potential speculative or zombie tasks for this job
[2025-06-08T08:29:19.968+0000] {spark_submit.py:644} INFO - 25/06/08 08:29:19 INFO TaskSchedulerImpl: Killing all running tasks in stage 0: Stage finished
[2025-06-08T08:29:19.969+0000] {spark_submit.py:644} INFO - 25/06/08 08:29:19 INFO DAGScheduler: Job 0 finished: parquet at NativeMethodAccessorImpl.java:0, took 1.823584 s
[2025-06-08T08:29:20.326+0000] {spark_submit.py:644} INFO - Successfully read bronze table
[2025-06-08T08:29:20.459+0000] {spark_submit.py:644} INFO - Writing data to Silver layer...
[2025-06-08T08:29:20.573+0000] {spark_submit.py:644} INFO - 25/06/08 08:29:20 INFO HiveConf: Found configuration file null
[2025-06-08T08:29:20.583+0000] {spark_submit.py:644} INFO - 25/06/08 08:29:20 INFO HiveUtils: Initializing HiveMetastoreConnection version 2.3.9 using Spark classes.
[2025-06-08T08:29:20.680+0000] {spark_submit.py:644} INFO - 25/06/08 08:29:20 INFO HiveClientImpl: Warehouse location for Hive client (version 2.3.9) is file:/tmp/spark-warehouse
[2025-06-08T08:29:20.697+0000] {spark_submit.py:644} INFO - 25/06/08 08:29:20 INFO metastore: Trying to connect to metastore with URI thrift://hive-metastore:9083
[2025-06-08T08:29:20.706+0000] {spark_submit.py:644} INFO - 25/06/08 08:29:20 INFO metastore: Opened a connection to metastore, current connections: 1
[2025-06-08T08:29:20.717+0000] {spark_submit.py:644} INFO - 25/06/08 08:29:20 INFO metastore: Connected to metastore.
[2025-06-08T08:29:20.850+0000] {spark_submit.py:644} INFO - 25/06/08 08:29:20 WARN HadoopFSUtils: The directory s3a://mybucket/sc_stats_db/silver/transformed_data was not found. Was it deleted very recently?
[2025-06-08T08:29:20.851+0000] {spark_submit.py:644} INFO - 25/06/08 08:29:20 INFO InMemoryFileIndex: It took 8 ms to list leaf files for 1 paths.
[2025-06-08T08:29:21.115+0000] {spark_submit.py:644} INFO - 25/06/08 08:29:21 WARN SparkStringUtils: Truncated the string representation of a plan since it was too large. This behavior can be adjusted by setting 'spark.sql.debug.maxToStringFields'.
[2025-06-08T08:29:21.175+0000] {spark_submit.py:644} INFO - 25/06/08 08:29:21 INFO FileSourceStrategy: Pushed Filters:
[2025-06-08T08:29:21.175+0000] {spark_submit.py:644} INFO - 25/06/08 08:29:21 INFO FileSourceStrategy: Post-Scan Filters:
[2025-06-08T08:29:21.214+0000] {spark_submit.py:644} INFO - 25/06/08 08:29:21 INFO ParquetUtils: Using default output committer for Parquet: org.apache.parquet.hadoop.ParquetOutputCommitter
[2025-06-08T08:29:21.228+0000] {spark_submit.py:644} INFO - 25/06/08 08:29:21 INFO FileOutputCommitter: File Output Committer Algorithm version is 1
[2025-06-08T08:29:21.229+0000] {spark_submit.py:644} INFO - 25/06/08 08:29:21 INFO FileOutputCommitter: FileOutputCommitter skip cleanup _temporary folders under output directory:false, ignore cleanup failures: false
[2025-06-08T08:29:21.229+0000] {spark_submit.py:644} INFO - 25/06/08 08:29:21 INFO SQLHadoopMapReduceCommitProtocol: Using user defined output committer class org.apache.parquet.hadoop.ParquetOutputCommitter
[2025-06-08T08:29:21.229+0000] {spark_submit.py:644} INFO - 25/06/08 08:29:21 INFO FileOutputCommitter: File Output Committer Algorithm version is 1
[2025-06-08T08:29:21.229+0000] {spark_submit.py:644} INFO - 25/06/08 08:29:21 INFO FileOutputCommitter: FileOutputCommitter skip cleanup _temporary folders under output directory:false, ignore cleanup failures: false
[2025-06-08T08:29:21.229+0000] {spark_submit.py:644} INFO - 25/06/08 08:29:21 INFO SQLHadoopMapReduceCommitProtocol: Using output committer class org.apache.parquet.hadoop.ParquetOutputCommitter
[2025-06-08T08:29:21.398+0000] {spark_submit.py:644} INFO - 25/06/08 08:29:21 INFO BlockManagerInfo: Removed broadcast_0_piece0 on ae00baecdfb8:32981 in memory (size: 38.9 KiB, free: 434.4 MiB)
[2025-06-08T08:29:21.415+0000] {spark_submit.py:644} INFO - 25/06/08 08:29:21 INFO BlockManagerInfo: Removed broadcast_0_piece0 on 172.19.0.6:41291 in memory (size: 38.9 KiB, free: 1048.8 MiB)
[2025-06-08T08:29:21.497+0000] {spark_submit.py:644} INFO - 25/06/08 08:29:21 INFO CodeGenerator: Code generated in 151.997167 ms
[2025-06-08T08:29:21.509+0000] {spark_submit.py:644} INFO - 25/06/08 08:29:21 INFO MemoryStore: Block broadcast_1 stored as values in memory (estimated size 209.9 KiB, free 434.2 MiB)
[2025-06-08T08:29:21.517+0000] {spark_submit.py:644} INFO - 25/06/08 08:29:21 INFO MemoryStore: Block broadcast_1_piece0 stored as bytes in memory (estimated size 37.1 KiB, free 434.2 MiB)
[2025-06-08T08:29:21.517+0000] {spark_submit.py:644} INFO - 25/06/08 08:29:21 INFO BlockManagerInfo: Added broadcast_1_piece0 in memory on ae00baecdfb8:32981 (size: 37.1 KiB, free: 434.4 MiB)
[2025-06-08T08:29:21.518+0000] {spark_submit.py:644} INFO - 25/06/08 08:29:21 INFO SparkContext: Created broadcast 1 from saveAsTable at NativeMethodAccessorImpl.java:0
[2025-06-08T08:29:21.525+0000] {spark_submit.py:644} INFO - 25/06/08 08:29:21 INFO FileSourceScanExec: Planning scan with bin packing, max size: 4194304 bytes, open cost is considered as scanning 4194304 bytes.
[2025-06-08T08:29:21.555+0000] {spark_submit.py:644} INFO - 25/06/08 08:29:21 INFO SparkContext: Starting job: saveAsTable at NativeMethodAccessorImpl.java:0
[2025-06-08T08:29:21.555+0000] {spark_submit.py:644} INFO - 25/06/08 08:29:21 INFO DAGScheduler: Got job 1 (saveAsTable at NativeMethodAccessorImpl.java:0) with 1 output partitions
[2025-06-08T08:29:21.556+0000] {spark_submit.py:644} INFO - 25/06/08 08:29:21 INFO DAGScheduler: Final stage: ResultStage 1 (saveAsTable at NativeMethodAccessorImpl.java:0)
[2025-06-08T08:29:21.556+0000] {spark_submit.py:644} INFO - 25/06/08 08:29:21 INFO DAGScheduler: Parents of final stage: List()
[2025-06-08T08:29:21.556+0000] {spark_submit.py:644} INFO - 25/06/08 08:29:21 INFO DAGScheduler: Missing parents: List()
[2025-06-08T08:29:21.556+0000] {spark_submit.py:644} INFO - 25/06/08 08:29:21 INFO DAGScheduler: Submitting ResultStage 1 (MapPartitionsRDD[5] at saveAsTable at NativeMethodAccessorImpl.java:0), which has no missing parents
[2025-06-08T08:29:21.579+0000] {spark_submit.py:644} INFO - 25/06/08 08:29:21 INFO MemoryStore: Block broadcast_2 stored as values in memory (estimated size 246.6 KiB, free 433.9 MiB)
[2025-06-08T08:29:21.584+0000] {spark_submit.py:644} INFO - 25/06/08 08:29:21 INFO MemoryStore: Block broadcast_2_piece0 stored as bytes in memory (estimated size 85.6 KiB, free 433.8 MiB)
[2025-06-08T08:29:21.584+0000] {spark_submit.py:644} INFO - 25/06/08 08:29:21 INFO BlockManagerInfo: Added broadcast_2_piece0 in memory on ae00baecdfb8:32981 (size: 85.6 KiB, free: 434.3 MiB)
[2025-06-08T08:29:21.585+0000] {spark_submit.py:644} INFO - 25/06/08 08:29:21 INFO SparkContext: Created broadcast 2 from broadcast at DAGScheduler.scala:1585
[2025-06-08T08:29:21.585+0000] {spark_submit.py:644} INFO - 25/06/08 08:29:21 INFO DAGScheduler: Submitting 1 missing tasks from ResultStage 1 (MapPartitionsRDD[5] at saveAsTable at NativeMethodAccessorImpl.java:0) (first 15 tasks are for partitions Vector(0))
[2025-06-08T08:29:21.585+0000] {spark_submit.py:644} INFO - 25/06/08 08:29:21 INFO TaskSchedulerImpl: Adding task set 1.0 with 1 tasks resource profile 0
[2025-06-08T08:29:21.588+0000] {spark_submit.py:644} INFO - 25/06/08 08:29:21 INFO TaskSetManager: Starting task 0.0 in stage 1.0 (TID 1) (172.19.0.6, executor 0, partition 0, PROCESS_LOCAL, 10859 bytes)
[2025-06-08T08:29:21.614+0000] {spark_submit.py:644} INFO - 25/06/08 08:29:21 INFO BlockManagerInfo: Added broadcast_2_piece0 in memory on 172.19.0.6:41291 (size: 85.6 KiB, free: 1048.7 MiB)
[2025-06-08T08:29:22.119+0000] {spark_submit.py:644} INFO - 25/06/08 08:29:22 INFO BlockManagerInfo: Added broadcast_1_piece0 in memory on 172.19.0.6:41291 (size: 37.1 KiB, free: 1048.7 MiB)
[2025-06-08T08:29:22.508+0000] {spark_submit.py:644} INFO - 25/06/08 08:29:22 INFO TaskSetManager: Finished task 0.0 in stage 1.0 (TID 1) in 921 ms on 172.19.0.6 (executor 0) (1/1)
[2025-06-08T08:29:22.508+0000] {spark_submit.py:644} INFO - 25/06/08 08:29:22 INFO TaskSchedulerImpl: Removed TaskSet 1.0, whose tasks have all completed, from pool
[2025-06-08T08:29:22.509+0000] {spark_submit.py:644} INFO - 25/06/08 08:29:22 INFO DAGScheduler: ResultStage 1 (saveAsTable at NativeMethodAccessorImpl.java:0) finished in 0.951 s
[2025-06-08T08:29:22.509+0000] {spark_submit.py:644} INFO - 25/06/08 08:29:22 INFO DAGScheduler: Job 1 is finished. Cancelling potential speculative or zombie tasks for this job
[2025-06-08T08:29:22.509+0000] {spark_submit.py:644} INFO - 25/06/08 08:29:22 INFO TaskSchedulerImpl: Killing all running tasks in stage 1: Stage finished
[2025-06-08T08:29:22.509+0000] {spark_submit.py:644} INFO - 25/06/08 08:29:22 INFO DAGScheduler: Job 1 finished: saveAsTable at NativeMethodAccessorImpl.java:0, took 0.954550 s
[2025-06-08T08:29:22.511+0000] {spark_submit.py:644} INFO - 25/06/08 08:29:22 INFO FileFormatWriter: Start to commit write Job e7a3f11c-dac0-4785-b718-aaf86ef4e790.
[2025-06-08T08:29:22.622+0000] {spark_submit.py:644} INFO - 25/06/08 08:29:22 INFO FileFormatWriter: Write Job e7a3f11c-dac0-4785-b718-aaf86ef4e790 committed. Elapsed time: 110 ms.
[2025-06-08T08:29:22.623+0000] {spark_submit.py:644} INFO - 25/06/08 08:29:22 INFO FileFormatWriter: Finished processing stats for write job e7a3f11c-dac0-4785-b718-aaf86ef4e790.
[2025-06-08T08:29:22.645+0000] {spark_submit.py:644} INFO - 25/06/08 08:29:22 INFO InMemoryFileIndex: It took 5 ms to list leaf files for 1 paths.
[2025-06-08T08:29:22.660+0000] {spark_submit.py:644} INFO - 25/06/08 08:29:22 INFO HiveExternalCatalog: Persisting file based data source table `spark_catalog`.`sc_stats_db`.`silver_sc_stats` into Hive metastore in Hive compatible format.
[2025-06-08T08:29:22.673+0000] {spark_submit.py:644} INFO - 25/06/08 08:29:22 INFO SQLStdHiveAccessController: Created SQLStdHiveAccessController for session context : HiveAuthzSessionContext [sessionString=2cb1c967-e872-47cc-95ba-993c48c21728, clientType=HIVECLI]
[2025-06-08T08:29:22.674+0000] {spark_submit.py:644} INFO - 25/06/08 08:29:22 WARN SessionState: METASTORE_FILTER_HOOK will be ignored, since hive.security.authorization.manager is set to instance of HiveAuthorizerFactory.
[2025-06-08T08:29:22.674+0000] {spark_submit.py:644} INFO - 25/06/08 08:29:22 INFO metastore: Mestastore configuration hive.metastore.filter.hook changed from org.apache.hadoop.hive.metastore.DefaultMetaStoreFilterHookImpl to org.apache.hadoop.hive.ql.security.authorization.plugin.AuthorizationMetaStoreFilterHook
[2025-06-08T08:29:22.676+0000] {spark_submit.py:644} INFO - 25/06/08 08:29:22 INFO metastore: Closed a connection to metastore, current connections: 0
[2025-06-08T08:29:22.677+0000] {spark_submit.py:644} INFO - 25/06/08 08:29:22 INFO metastore: Trying to connect to metastore with URI thrift://hive-metastore:9083
[2025-06-08T08:29:22.677+0000] {spark_submit.py:644} INFO - 25/06/08 08:29:22 INFO metastore: Opened a connection to metastore, current connections: 1
[2025-06-08T08:29:22.677+0000] {spark_submit.py:644} INFO - 25/06/08 08:29:22 INFO metastore: Connected to metastore.
[2025-06-08T08:29:22.714+0000] {spark_submit.py:644} INFO - 25/06/08 08:29:22 INFO metastore: Trying to connect to metastore with URI thrift://hive-metastore:9083
[2025-06-08T08:29:22.714+0000] {spark_submit.py:644} INFO - 25/06/08 08:29:22 INFO metastore: Opened a connection to metastore, current connections: 2
[2025-06-08T08:29:22.715+0000] {spark_submit.py:644} INFO - 25/06/08 08:29:22 INFO metastore: Connected to metastore.
[2025-06-08T08:29:22.741+0000] {spark_submit.py:644} INFO - 25/06/08 08:29:22 WARN HiveExternalCatalog: Could not persist `spark_catalog`.`sc_stats_db`.`silver_sc_stats` in a Hive compatible way. Persisting it into Hive metastore in Spark SQL specific format.
[2025-06-08T08:29:22.741+0000] {spark_submit.py:644} INFO - org.apache.hadoop.hive.ql.metadata.HiveException: MetaException(message:Got exception: java.nio.file.AccessDeniedException s3a://mybucket/sc_stats_db/silver/transformed_data: getFileStatus on s3a://mybucket/sc_stats_db/silver/transformed_data: com.amazonaws.services.s3.model.AmazonS3Exception: Forbidden (Service: Amazon S3; Status Code: 403; Error Code: 403 Forbidden; Request ID: 184703FC5FD315D7; S3 Extended Request ID: dd9025bab4ad464b049177c95eb6ebf374d3b3fd1af9251148b658df7ac2e3e8; Proxy: null), S3 Extended Request ID: dd9025bab4ad464b049177c95eb6ebf374d3b3fd1af9251148b658df7ac2e3e8:403 Forbidden)
[2025-06-08T08:29:22.741+0000] {spark_submit.py:644} INFO - at org.apache.hadoop.hive.ql.metadata.Hive.createTable(Hive.java:869)
[2025-06-08T08:29:22.742+0000] {spark_submit.py:644} INFO - at org.apache.hadoop.hive.ql.metadata.Hive.createTable(Hive.java:874)
[2025-06-08T08:29:22.742+0000] {spark_submit.py:644} INFO - at org.apache.spark.sql.hive.client.Shim_v0_12.createTable(HiveShim.scala:614)
[2025-06-08T08:29:22.742+0000] {spark_submit.py:644} INFO - at org.apache.spark.sql.hive.client.HiveClientImpl.$anonfun$createTable$1(HiveClientImpl.scala:573)
[2025-06-08T08:29:22.742+0000] {spark_submit.py:644} INFO - at scala.runtime.java8.JFunction0$mcV$sp.apply(JFunction0$mcV$sp.java:23)
[2025-06-08T08:29:22.742+0000] {spark_submit.py:644} INFO - at org.apache.spark.sql.hive.client.HiveClientImpl.$anonfun$withHiveState$1(HiveClientImpl.scala:303)
[2025-06-08T08:29:22.742+0000] {spark_submit.py:644} INFO - at org.apache.spark.sql.hive.client.HiveClientImpl.liftedTree1$1(HiveClientImpl.scala:234)
[2025-06-08T08:29:22.742+0000] {spark_submit.py:644} INFO - at org.apache.spark.sql.hive.client.HiveClientImpl.retryLocked(HiveClientImpl.scala:233)
[2025-06-08T08:29:22.743+0000] {spark_submit.py:644} INFO - at org.apache.spark.sql.hive.client.HiveClientImpl.withHiveState(HiveClientImpl.scala:283)
[2025-06-08T08:29:22.743+0000] {spark_submit.py:644} INFO - at org.apache.spark.sql.hive.client.HiveClientImpl.createTable(HiveClientImpl.scala:571)
[2025-06-08T08:29:22.743+0000] {spark_submit.py:644} INFO - at org.apache.spark.sql.hive.HiveExternalCatalog.saveTableIntoHive(HiveExternalCatalog.scala:526)
[2025-06-08T08:29:22.743+0000] {spark_submit.py:644} INFO - at org.apache.spark.sql.hive.HiveExternalCatalog.createDataSourceTable(HiveExternalCatalog.scala:415)
[2025-06-08T08:29:22.743+0000] {spark_submit.py:644} INFO - at org.apache.spark.sql.hive.HiveExternalCatalog.$anonfun$createTable$1(HiveExternalCatalog.scala:274)
[2025-06-08T08:29:22.743+0000] {spark_submit.py:644} INFO - at scala.runtime.java8.JFunction0$mcV$sp.apply(JFunction0$mcV$sp.java:23)
[2025-06-08T08:29:22.743+0000] {spark_submit.py:644} INFO - at org.apache.spark.sql.hive.HiveExternalCatalog.withClient(HiveExternalCatalog.scala:99)
[2025-06-08T08:29:22.743+0000] {spark_submit.py:644} INFO - at org.apache.spark.sql.hive.HiveExternalCatalog.createTable(HiveExternalCatalog.scala:245)
[2025-06-08T08:29:22.744+0000] {spark_submit.py:644} INFO - at org.apache.spark.sql.catalyst.catalog.ExternalCatalogWithListener.createTable(ExternalCatalogWithListener.scala:94)
[2025-06-08T08:29:22.744+0000] {spark_submit.py:644} INFO - at org.apache.spark.sql.catalyst.catalog.SessionCatalog.createTable(SessionCatalog.scala:406)
[2025-06-08T08:29:22.744+0000] {spark_submit.py:644} INFO - at org.apache.spark.sql.execution.command.CreateDataSourceTableAsSelectCommand.run(createDataSourceTables.scala:193)
[2025-06-08T08:29:22.744+0000] {spark_submit.py:644} INFO - at org.apache.spark.sql.execution.command.ExecutedCommandExec.sideEffectResult$lzycompute(commands.scala:75)
[2025-06-08T08:29:22.744+0000] {spark_submit.py:644} INFO - at org.apache.spark.sql.execution.command.ExecutedCommandExec.sideEffectResult(commands.scala:73)
[2025-06-08T08:29:22.744+0000] {spark_submit.py:644} INFO - at org.apache.spark.sql.execution.command.ExecutedCommandExec.executeCollect(commands.scala:84)
[2025-06-08T08:29:22.744+0000] {spark_submit.py:644} INFO - at org.apache.spark.sql.execution.QueryExecution$$anonfun$eagerlyExecuteCommands$1.$anonfun$applyOrElse$1(QueryExecution.scala:107)
[2025-06-08T08:29:22.745+0000] {spark_submit.py:644} INFO - at org.apache.spark.sql.execution.SQLExecution$.$anonfun$withNewExecutionId$6(SQLExecution.scala:125)
[2025-06-08T08:29:22.745+0000] {spark_submit.py:644} INFO - at org.apache.spark.sql.execution.SQLExecution$.withSQLConfPropagated(SQLExecution.scala:201)
[2025-06-08T08:29:22.745+0000] {spark_submit.py:644} INFO - at org.apache.spark.sql.execution.SQLExecution$.$anonfun$withNewExecutionId$1(SQLExecution.scala:108)
[2025-06-08T08:29:22.745+0000] {spark_submit.py:644} INFO - at org.apache.spark.sql.SparkSession.withActive(SparkSession.scala:900)
[2025-06-08T08:29:22.745+0000] {spark_submit.py:644} INFO - at org.apache.spark.sql.execution.SQLExecution$.withNewExecutionId(SQLExecution.scala:66)
[2025-06-08T08:29:22.745+0000] {spark_submit.py:644} INFO - at org.apache.spark.sql.execution.QueryExecution$$anonfun$eagerlyExecuteCommands$1.applyOrElse(QueryExecution.scala:107)
[2025-06-08T08:29:22.745+0000] {spark_submit.py:644} INFO - at org.apache.spark.sql.execution.QueryExecution$$anonfun$eagerlyExecuteCommands$1.applyOrElse(QueryExecution.scala:98)
[2025-06-08T08:29:22.745+0000] {spark_submit.py:644} INFO - at org.apache.spark.sql.catalyst.trees.TreeNode.$anonfun$transformDownWithPruning$1(TreeNode.scala:461)
[2025-06-08T08:29:22.746+0000] {spark_submit.py:644} INFO - at org.apache.spark.sql.catalyst.trees.CurrentOrigin$.withOrigin(origin.scala:76)
[2025-06-08T08:29:22.746+0000] {spark_submit.py:644} INFO - at org.apache.spark.sql.catalyst.trees.TreeNode.transformDownWithPruning(TreeNode.scala:461)
[2025-06-08T08:29:22.746+0000] {spark_submit.py:644} INFO - at org.apache.spark.sql.catalyst.plans.logical.LogicalPlan.org$apache$spark$sql$catalyst$plans$logical$AnalysisHelper$$super$transformDownWithPruning(LogicalPlan.scala:32)
[2025-06-08T08:29:22.746+0000] {spark_submit.py:644} INFO - at org.apache.spark.sql.catalyst.plans.logical.AnalysisHelper.transformDownWithPruning(AnalysisHelper.scala:267)
[2025-06-08T08:29:22.746+0000] {spark_submit.py:644} INFO - at org.apache.spark.sql.catalyst.plans.logical.AnalysisHelper.transformDownWithPruning$(AnalysisHelper.scala:263)
[2025-06-08T08:29:22.746+0000] {spark_submit.py:644} INFO - at org.apache.spark.sql.catalyst.plans.logical.LogicalPlan.transformDownWithPruning(LogicalPlan.scala:32)
[2025-06-08T08:29:22.746+0000] {spark_submit.py:644} INFO - at org.apache.spark.sql.catalyst.plans.logical.LogicalPlan.transformDownWithPruning(LogicalPlan.scala:32)
[2025-06-08T08:29:22.746+0000] {spark_submit.py:644} INFO - at org.apache.spark.sql.catalyst.trees.TreeNode.transformDown(TreeNode.scala:437)
[2025-06-08T08:29:22.747+0000] {spark_submit.py:644} INFO - at org.apache.spark.sql.execution.QueryExecution.eagerlyExecuteCommands(QueryExecution.scala:98)
[2025-06-08T08:29:22.747+0000] {spark_submit.py:644} INFO - at org.apache.spark.sql.execution.QueryExecution.commandExecuted$lzycompute(QueryExecution.scala:85)
[2025-06-08T08:29:22.747+0000] {spark_submit.py:644} INFO - at org.apache.spark.sql.execution.QueryExecution.commandExecuted(QueryExecution.scala:83)
[2025-06-08T08:29:22.747+0000] {spark_submit.py:644} INFO - at org.apache.spark.sql.execution.QueryExecution.assertCommandExecuted(QueryExecution.scala:142)
[2025-06-08T08:29:22.747+0000] {spark_submit.py:644} INFO - at org.apache.spark.sql.DataFrameWriter.runCommand(DataFrameWriter.scala:859)
[2025-06-08T08:29:22.747+0000] {spark_submit.py:644} INFO - at org.apache.spark.sql.DataFrameWriter.createTable(DataFrameWriter.scala:700)
[2025-06-08T08:29:22.747+0000] {spark_submit.py:644} INFO - at org.apache.spark.sql.DataFrameWriter.saveAsTable(DataFrameWriter.scala:674)
[2025-06-08T08:29:22.747+0000] {spark_submit.py:644} INFO - at org.apache.spark.sql.DataFrameWriter.saveAsTable(DataFrameWriter.scala:571)
[2025-06-08T08:29:22.748+0000] {spark_submit.py:644} INFO - at java.base/jdk.internal.reflect.NativeMethodAccessorImpl.invoke0(Native Method)
[2025-06-08T08:29:22.748+0000] {spark_submit.py:644} INFO - at java.base/jdk.internal.reflect.NativeMethodAccessorImpl.invoke(NativeMethodAccessorImpl.java:77)
[2025-06-08T08:29:22.748+0000] {spark_submit.py:644} INFO - at java.base/jdk.internal.reflect.DelegatingMethodAccessorImpl.invoke(DelegatingMethodAccessorImpl.java:43)
[2025-06-08T08:29:22.748+0000] {spark_submit.py:644} INFO - at java.base/java.lang.reflect.Method.invoke(Method.java:569)
[2025-06-08T08:29:22.748+0000] {spark_submit.py:644} INFO - at py4j.reflection.MethodInvoker.invoke(MethodInvoker.java:244)
[2025-06-08T08:29:22.748+0000] {spark_submit.py:644} INFO - at py4j.reflection.ReflectionEngine.invoke(ReflectionEngine.java:374)
[2025-06-08T08:29:22.748+0000] {spark_submit.py:644} INFO - at py4j.Gateway.invoke(Gateway.java:282)
[2025-06-08T08:29:22.748+0000] {spark_submit.py:644} INFO - at py4j.commands.AbstractCommand.invokeMethod(AbstractCommand.java:132)
[2025-06-08T08:29:22.748+0000] {spark_submit.py:644} INFO - at py4j.commands.CallCommand.execute(CallCommand.java:79)
[2025-06-08T08:29:22.748+0000] {spark_submit.py:644} INFO - at py4j.ClientServerConnection.waitForCommands(ClientServerConnection.java:182)
[2025-06-08T08:29:22.749+0000] {spark_submit.py:644} INFO - at py4j.ClientServerConnection.run(ClientServerConnection.java:106)
[2025-06-08T08:29:22.749+0000] {spark_submit.py:644} INFO - at java.base/java.lang.Thread.run(Thread.java:840)
[2025-06-08T08:29:22.749+0000] {spark_submit.py:644} INFO - Caused by: MetaException(message:Got exception: java.nio.file.AccessDeniedException s3a://mybucket/sc_stats_db/silver/transformed_data: getFileStatus on s3a://mybucket/sc_stats_db/silver/transformed_data: com.amazonaws.services.s3.model.AmazonS3Exception: Forbidden (Service: Amazon S3; Status Code: 403; Error Code: 403 Forbidden; Request ID: 184703FC5FD315D7; S3 Extended Request ID: dd9025bab4ad464b049177c95eb6ebf374d3b3fd1af9251148b658df7ac2e3e8; Proxy: null), S3 Extended Request ID: dd9025bab4ad464b049177c95eb6ebf374d3b3fd1af9251148b658df7ac2e3e8:403 Forbidden)
[2025-06-08T08:29:22.749+0000] {spark_submit.py:644} INFO - at org.apache.hadoop.hive.metastore.api.ThriftHiveMetastore$create_table_with_environment_context_result$create_table_with_environment_context_resultStandardScheme.read(ThriftHiveMetastore.java:42225)
[2025-06-08T08:29:22.749+0000] {spark_submit.py:644} INFO - at org.apache.hadoop.hive.metastore.api.ThriftHiveMetastore$create_table_with_environment_context_result$create_table_with_environment_context_resultStandardScheme.read(ThriftHiveMetastore.java:42193)
[2025-06-08T08:29:22.749+0000] {spark_submit.py:644} INFO - at org.apache.hadoop.hive.metastore.api.ThriftHiveMetastore$create_table_with_environment_context_result.read(ThriftHiveMetastore.java:42119)
[2025-06-08T08:29:22.749+0000] {spark_submit.py:644} INFO - at org.apache.thrift.TServiceClient.receiveBase(TServiceClient.java:88)
[2025-06-08T08:29:22.749+0000] {spark_submit.py:644} INFO - at org.apache.hadoop.hive.metastore.api.ThriftHiveMetastore$Client.recv_create_table_with_environment_context(ThriftHiveMetastore.java:1203)
[2025-06-08T08:29:22.749+0000] {spark_submit.py:644} INFO - at org.apache.hadoop.hive.metastore.api.ThriftHiveMetastore$Client.create_table_with_environment_context(ThriftHiveMetastore.java:1189)
[2025-06-08T08:29:22.750+0000] {spark_submit.py:644} INFO - at org.apache.hadoop.hive.metastore.HiveMetaStoreClient.create_table_with_environment_context(HiveMetaStoreClient.java:2396)
[2025-06-08T08:29:22.750+0000] {spark_submit.py:644} INFO - at org.apache.hadoop.hive.ql.metadata.SessionHiveMetaStoreClient.create_table_with_environment_context(SessionHiveMetaStoreClient.java:93)
[2025-06-08T08:29:22.750+0000] {spark_submit.py:644} INFO - at org.apache.hadoop.hive.metastore.HiveMetaStoreClient.createTable(HiveMetaStoreClient.java:750)
[2025-06-08T08:29:22.750+0000] {spark_submit.py:644} INFO - at org.apache.hadoop.hive.metastore.HiveMetaStoreClient.createTable(HiveMetaStoreClient.java:738)
[2025-06-08T08:29:22.750+0000] {spark_submit.py:644} INFO - at java.base/jdk.internal.reflect.NativeMethodAccessorImpl.invoke0(Native Method)
[2025-06-08T08:29:22.750+0000] {spark_submit.py:644} INFO - at java.base/jdk.internal.reflect.NativeMethodAccessorImpl.invoke(NativeMethodAccessorImpl.java:77)
[2025-06-08T08:29:22.750+0000] {spark_submit.py:644} INFO - at java.base/jdk.internal.reflect.DelegatingMethodAccessorImpl.invoke(DelegatingMethodAccessorImpl.java:43)
[2025-06-08T08:29:22.750+0000] {spark_submit.py:644} INFO - at java.base/java.lang.reflect.Method.invoke(Method.java:569)
[2025-06-08T08:29:22.750+0000] {spark_submit.py:644} INFO - at org.apache.hadoop.hive.metastore.RetryingMetaStoreClient.invoke(RetryingMetaStoreClient.java:173)
[2025-06-08T08:29:22.751+0000] {spark_submit.py:644} INFO - at jdk.proxy2/jdk.proxy2.$Proxy44.createTable(Unknown Source)
[2025-06-08T08:29:22.751+0000] {spark_submit.py:644} INFO - at java.base/jdk.internal.reflect.NativeMethodAccessorImpl.invoke0(Native Method)
[2025-06-08T08:29:22.751+0000] {spark_submit.py:644} INFO - at java.base/jdk.internal.reflect.NativeMethodAccessorImpl.invoke(NativeMethodAccessorImpl.java:77)
[2025-06-08T08:29:22.751+0000] {spark_submit.py:644} INFO - at java.base/jdk.internal.reflect.DelegatingMethodAccessorImpl.invoke(DelegatingMethodAccessorImpl.java:43)
[2025-06-08T08:29:22.751+0000] {spark_submit.py:644} INFO - at java.base/java.lang.reflect.Method.invoke(Method.java:569)
[2025-06-08T08:29:22.751+0000] {spark_submit.py:644} INFO - at org.apache.hadoop.hive.metastore.HiveMetaStoreClient$SynchronizedHandler.invoke(HiveMetaStoreClient.java:2327)
[2025-06-08T08:29:22.751+0000] {spark_submit.py:644} INFO - at jdk.proxy2/jdk.proxy2.$Proxy44.createTable(Unknown Source)
[2025-06-08T08:29:22.751+0000] {spark_submit.py:644} INFO - at org.apache.hadoop.hive.ql.metadata.Hive.createTable(Hive.java:859)
[2025-06-08T08:29:22.751+0000] {spark_submit.py:644} INFO - ... 58 more
[2025-06-08T08:29:22.808+0000] {spark_submit.py:644} INFO - Successfully wrote data to silver table
[2025-06-08T08:29:22.809+0000] {spark_submit.py:644} INFO - Bronze to Silver transformation completed successfully.
[2025-06-08T08:29:22.809+0000] {spark_submit.py:644} INFO - 25/06/08 08:29:22 INFO SparkContext: SparkContext is stopping with exitCode 0.
[2025-06-08T08:29:22.814+0000] {spark_submit.py:644} INFO - 25/06/08 08:29:22 INFO SparkUI: Stopped Spark web UI at http://ae00baecdfb8:4040
[2025-06-08T08:29:22.816+0000] {spark_submit.py:644} INFO - 25/06/08 08:29:22 INFO StandaloneSchedulerBackend: Shutting down all executors
[2025-06-08T08:29:22.816+0000] {spark_submit.py:644} INFO - 25/06/08 08:29:22 INFO StandaloneSchedulerBackend$StandaloneDriverEndpoint: Asking each executor to shut down
[2025-06-08T08:29:22.825+0000] {spark_submit.py:644} INFO - 25/06/08 08:29:22 INFO MapOutputTrackerMasterEndpoint: MapOutputTrackerMasterEndpoint stopped!
[2025-06-08T08:29:22.833+0000] {spark_submit.py:644} INFO - 25/06/08 08:29:22 INFO MemoryStore: MemoryStore cleared
[2025-06-08T08:29:22.834+0000] {spark_submit.py:644} INFO - 25/06/08 08:29:22 INFO BlockManager: BlockManager stopped
[2025-06-08T08:29:22.835+0000] {spark_submit.py:644} INFO - 25/06/08 08:29:22 INFO BlockManagerMaster: BlockManagerMaster stopped
[2025-06-08T08:29:22.836+0000] {spark_submit.py:644} INFO - 25/06/08 08:29:22 INFO OutputCommitCoordinator$OutputCommitCoordinatorEndpoint: OutputCommitCoordinator stopped!
[2025-06-08T08:29:22.859+0000] {spark_submit.py:644} INFO - 25/06/08 08:29:22 INFO SparkContext: Successfully stopped SparkContext
[2025-06-08T08:29:23.345+0000] {spark_submit.py:644} INFO - 25/06/08 08:29:23 INFO ShutdownHookManager: Shutdown hook called
[2025-06-08T08:29:23.346+0000] {spark_submit.py:644} INFO - 25/06/08 08:29:23 INFO ShutdownHookManager: Deleting directory /tmp/spark-d6688a6a-a3b5-430e-a6fb-9d8ee815e5d2
[2025-06-08T08:29:23.348+0000] {spark_submit.py:644} INFO - 25/06/08 08:29:23 INFO ShutdownHookManager: Deleting directory /tmp/spark-7f7a7def-a516-4d74-9efe-02cc271c6199
[2025-06-08T08:29:23.350+0000] {spark_submit.py:644} INFO - 25/06/08 08:29:23 INFO ShutdownHookManager: Deleting directory /tmp/spark-7f7a7def-a516-4d74-9efe-02cc271c6199/pyspark-809e5233-6616-40fc-974b-fc77bc1450c2
[2025-06-08T08:29:23.353+0000] {spark_submit.py:644} INFO - 25/06/08 08:29:23 INFO MetricsSystemImpl: Stopping s3a-file-system metrics system...
[2025-06-08T08:29:23.353+0000] {spark_submit.py:644} INFO - 25/06/08 08:29:23 INFO MetricsSystemImpl: s3a-file-system metrics system stopped.
[2025-06-08T08:29:23.353+0000] {spark_submit.py:644} INFO - 25/06/08 08:29:23 INFO MetricsSystemImpl: s3a-file-system metrics system shutdown complete.
[2025-06-08T08:29:23.400+0000] {taskinstance.py:340} INFO - ::group::Post task execution logs
[2025-06-08T08:29:23.400+0000] {taskinstance.py:352} INFO - Marking task as SUCCESS. dag_id=stephen_curry_stats_medallion_etl, task_id=bronze_to_silver, run_id=manual__2025-06-08T08:28:57.057290+00:00, execution_date=20250608T082857, start_date=20250608T082913, end_date=20250608T082923
[2025-06-08T08:29:23.445+0000] {local_task_job_runner.py:266} INFO - Task exited with return code 0
[2025-06-08T08:29:23.456+0000] {taskinstance.py:3895} INFO - 1 downstream tasks scheduled from follow-on schedule check
[2025-06-08T08:29:23.457+0000] {local_task_job_runner.py:245} INFO - ::endgroup::
