[2025-06-09T07:40:45.388+0000] {local_task_job_runner.py:123} INFO - ::group::Pre task execution logs
[2025-06-09T07:40:45.397+0000] {taskinstance.py:2613} INFO - Dependencies all met for dep_context=non-requeueable deps ti=<TaskInstance: stephen_curry_stats_medallion_etl.bronze_ingestion manual__2025-06-09T07:40:43.086198+00:00 [queued]>
[2025-06-09T07:40:45.401+0000] {taskinstance.py:2613} INFO - Dependencies all met for dep_context=requeueable deps ti=<TaskInstance: stephen_curry_stats_medallion_etl.bronze_ingestion manual__2025-06-09T07:40:43.086198+00:00 [queued]>
[2025-06-09T07:40:45.401+0000] {taskinstance.py:2866} INFO - Starting attempt 1 of 1
[2025-06-09T07:40:45.406+0000] {taskinstance.py:2889} INFO - Executing <Task(SparkSubmitOperator): bronze_ingestion> on 2025-06-09 07:40:43.086198+00:00
[2025-06-09T07:40:45.408+0000] {standard_task_runner.py:72} INFO - Started process 195 to run task
[2025-06-09T07:40:45.410+0000] {standard_task_runner.py:104} INFO - Running: ['***', 'tasks', 'run', 'stephen_curry_stats_medallion_etl', 'bronze_ingestion', 'manual__2025-06-09T07:40:43.086198+00:00', '--job-id', '18', '--raw', '--subdir', 'DAGS_FOLDER/medallion_sales_etl_dag.py', '--cfg-path', '/tmp/tmpfcru1t9v']
[2025-06-09T07:40:45.412+0000] {standard_task_runner.py:105} INFO - Job 18: Subtask bronze_ingestion
[2025-06-09T07:40:45.437+0000] {task_command.py:467} INFO - Running <TaskInstance: stephen_curry_stats_medallion_etl.bronze_ingestion manual__2025-06-09T07:40:43.086198+00:00 [running]> on host 7f4f4ec1a8c4
[2025-06-09T07:40:45.481+0000] {taskinstance.py:3132} INFO - Exporting env vars: AIRFLOW_CTX_DAG_OWNER='***' AIRFLOW_CTX_DAG_ID='stephen_curry_stats_medallion_etl' AIRFLOW_CTX_TASK_ID='bronze_ingestion' AIRFLOW_CTX_EXECUTION_DATE='2025-06-09T07:40:43.086198+00:00' AIRFLOW_CTX_TRY_NUMBER='1' AIRFLOW_CTX_DAG_RUN_ID='manual__2025-06-09T07:40:43.086198+00:00'
[2025-06-09T07:40:45.481+0000] {taskinstance.py:731} INFO - ::endgroup::
[2025-06-09T07:40:45.496+0000] {base.py:84} INFO - Retrieving connection 'spark_default'
[2025-06-09T07:40:45.497+0000] {spark_submit.py:474} INFO - Spark-Submit cmd: spark-submit --master spark://spark-master:7077 --conf spark.sql.extensions=io.delta.sql.DeltaSparkSessionExtension --conf spark.sql.catalog.spark_catalog=org.apache.spark.sql.delta.catalog.DeltaCatalog --conf spark.hadoop.fs.s3a.endpoint=http://minio:9000 --conf spark.hadoop.fs.s3a.access.key=minioadmin --conf spark.hadoop.fs.s3a.secret.key=****** --conf spark.hadoop.fs.s3a.path.style.access=true --conf spark.hadoop.fs.s3a.impl=org.apache.hadoop.fs.s3a.S3AFileSystem --conf spark.hadoop.fs.s3a.aws.credentials.provider=org.apache.hadoop.fs.s3a.SimpleAWSCredentialsProvider --name arrow-spark --queue root.default --deploy-mode client dags/bronze_ingestion_sc_stats_etl.py --output_path s3a://mybucket/sc_stats_db/bronze/raw_data
[2025-06-09T07:40:45.721+0000] {spark_submit.py:644} INFO - WARNING: Using incubator modules: jdk.incubator.vector
[2025-06-09T07:40:47.863+0000] {spark_submit.py:644} INFO - Using Spark's default log4j profile: org/apache/spark/log4j2-defaults.properties
[2025-06-09T07:40:47.869+0000] {spark_submit.py:644} INFO - 25/06/09 07:40:47 INFO SparkContext: Running Spark version 4.0.0
[2025-06-09T07:40:47.871+0000] {spark_submit.py:644} INFO - 25/06/09 07:40:47 INFO SparkContext: OS info Linux, 6.10.14-linuxkit, aarch64
[2025-06-09T07:40:47.871+0000] {spark_submit.py:644} INFO - 25/06/09 07:40:47 INFO SparkContext: Java version 17.0.15
[2025-06-09T07:40:47.918+0000] {spark_submit.py:644} INFO - 25/06/09 07:40:47 WARN NativeCodeLoader: Unable to load native-hadoop library for your platform... using builtin-java classes where applicable
[2025-06-09T07:40:47.945+0000] {spark_submit.py:644} INFO - 25/06/09 07:40:47 INFO ResourceUtils: ==============================================================
[2025-06-09T07:40:47.946+0000] {spark_submit.py:644} INFO - 25/06/09 07:40:47 INFO ResourceUtils: No custom resources configured for spark.driver.
[2025-06-09T07:40:47.946+0000] {spark_submit.py:644} INFO - 25/06/09 07:40:47 INFO ResourceUtils: ==============================================================
[2025-06-09T07:40:47.946+0000] {spark_submit.py:644} INFO - 25/06/09 07:40:47 INFO SparkContext: Submitted application: BronzeIngestionStephenCurryStats
[2025-06-09T07:40:47.960+0000] {spark_submit.py:644} INFO - 25/06/09 07:40:47 INFO ResourceProfile: Default ResourceProfile created, executor resources: Map(memory -> name: memory, amount: 1024, script: , vendor: , offHeap -> name: offHeap, amount: 0, script: , vendor: ), task resources: Map(cpus -> name: cpus, amount: 1.0)
[2025-06-09T07:40:47.961+0000] {spark_submit.py:644} INFO - 25/06/09 07:40:47 INFO ResourceProfile: Limiting resource is cpu
[2025-06-09T07:40:47.962+0000] {spark_submit.py:644} INFO - 25/06/09 07:40:47 INFO ResourceProfileManager: Added ResourceProfile id: 0
[2025-06-09T07:40:47.987+0000] {spark_submit.py:644} INFO - 25/06/09 07:40:47 INFO SecurityManager: Changing view acls to: ***
[2025-06-09T07:40:47.987+0000] {spark_submit.py:644} INFO - 25/06/09 07:40:47 INFO SecurityManager: Changing modify acls to: ***
[2025-06-09T07:40:47.988+0000] {spark_submit.py:644} INFO - 25/06/09 07:40:47 INFO SecurityManager: Changing view acls groups to: ***
[2025-06-09T07:40:47.988+0000] {spark_submit.py:644} INFO - 25/06/09 07:40:47 INFO SecurityManager: Changing modify acls groups to: ***
[2025-06-09T07:40:47.989+0000] {spark_submit.py:644} INFO - 25/06/09 07:40:47 INFO SecurityManager: SecurityManager: authentication disabled; ui acls disabled; users with view permissions: *** groups with view permissions: EMPTY; users with modify permissions: ***; groups with modify permissions: EMPTY; RPC SSL disabled
[2025-06-09T07:40:48.097+0000] {spark_submit.py:644} INFO - 25/06/09 07:40:48 INFO Utils: Successfully started service 'sparkDriver' on port 34237.
[2025-06-09T07:40:48.111+0000] {spark_submit.py:644} INFO - 25/06/09 07:40:48 INFO SparkEnv: Registering MapOutputTracker
[2025-06-09T07:40:48.117+0000] {spark_submit.py:644} INFO - 25/06/09 07:40:48 INFO SparkEnv: Registering BlockManagerMaster
[2025-06-09T07:40:48.125+0000] {spark_submit.py:644} INFO - 25/06/09 07:40:48 INFO BlockManagerMasterEndpoint: Using org.apache.spark.storage.DefaultTopologyMapper for getting topology information
[2025-06-09T07:40:48.126+0000] {spark_submit.py:644} INFO - 25/06/09 07:40:48 INFO BlockManagerMasterEndpoint: BlockManagerMasterEndpoint up
[2025-06-09T07:40:48.127+0000] {spark_submit.py:644} INFO - 25/06/09 07:40:48 INFO SparkEnv: Registering BlockManagerMasterHeartbeat
[2025-06-09T07:40:48.140+0000] {spark_submit.py:644} INFO - 25/06/09 07:40:48 INFO DiskBlockManager: Created local directory at /tmp/blockmgr-4dd25d9e-d550-45b6-8864-2e4c7f6d0988
[2025-06-09T07:40:48.151+0000] {spark_submit.py:644} INFO - 25/06/09 07:40:48 INFO SparkEnv: Registering OutputCommitCoordinator
[2025-06-09T07:40:48.219+0000] {spark_submit.py:644} INFO - 25/06/09 07:40:48 INFO JettyUtils: Start Jetty 0.0.0.0:4040 for SparkUI
[2025-06-09T07:40:48.256+0000] {spark_submit.py:644} INFO - 25/06/09 07:40:48 INFO Utils: Successfully started service 'SparkUI' on port 4040.
[2025-06-09T07:40:48.285+0000] {spark_submit.py:644} INFO - 25/06/09 07:40:48 INFO SecurityManager: Changing view acls to: ***
[2025-06-09T07:40:48.286+0000] {spark_submit.py:644} INFO - 25/06/09 07:40:48 INFO SecurityManager: Changing modify acls to: ***
[2025-06-09T07:40:48.286+0000] {spark_submit.py:644} INFO - 25/06/09 07:40:48 INFO SecurityManager: Changing view acls groups to: ***
[2025-06-09T07:40:48.286+0000] {spark_submit.py:644} INFO - 25/06/09 07:40:48 INFO SecurityManager: Changing modify acls groups to: ***
[2025-06-09T07:40:48.287+0000] {spark_submit.py:644} INFO - 25/06/09 07:40:48 INFO SecurityManager: SecurityManager: authentication disabled; ui acls disabled; users with view permissions: *** groups with view permissions: EMPTY; users with modify permissions: ***; groups with modify permissions: EMPTY; RPC SSL disabled
[2025-06-09T07:40:48.360+0000] {spark_submit.py:644} INFO - 25/06/09 07:40:48 INFO StandaloneAppClient$ClientEndpoint: Connecting to master spark://spark-master:7077...
[2025-06-09T07:40:48.384+0000] {spark_submit.py:644} INFO - 25/06/09 07:40:48 INFO TransportClientFactory: Successfully created connection to spark-master/172.19.0.8:7077 after 11 ms (0 ms spent in bootstraps)
[2025-06-09T07:40:48.397+0000] {spark_submit.py:644} INFO - 25/06/09 07:40:48 WARN StandaloneAppClient$ClientEndpoint: Failed to connect to master spark-master:7077
[2025-06-09T07:40:48.398+0000] {spark_submit.py:644} INFO - org.apache.spark.SparkException: Exception thrown in awaitResult:
[2025-06-09T07:40:48.398+0000] {spark_submit.py:644} INFO - at org.apache.spark.util.SparkThreadUtils$.awaitResult(SparkThreadUtils.scala:53)
[2025-06-09T07:40:48.398+0000] {spark_submit.py:644} INFO - at org.apache.spark.util.ThreadUtils$.awaitResult(ThreadUtils.scala:342)
[2025-06-09T07:40:48.398+0000] {spark_submit.py:644} INFO - at org.apache.spark.rpc.RpcTimeout.awaitResult(RpcTimeout.scala:75)
[2025-06-09T07:40:48.398+0000] {spark_submit.py:644} INFO - at org.apache.spark.rpc.RpcEnv.setupEndpointRefByURI(RpcEnv.scala:102)
[2025-06-09T07:40:48.398+0000] {spark_submit.py:644} INFO - at org.apache.spark.rpc.RpcEnv.setupEndpointRef(RpcEnv.scala:110)
[2025-06-09T07:40:48.398+0000] {spark_submit.py:644} INFO - at org.apache.spark.deploy.client.StandaloneAppClient$ClientEndpoint$$anon$1.run(StandaloneAppClient.scala:110)
[2025-06-09T07:40:48.399+0000] {spark_submit.py:644} INFO - at java.base/java.util.concurrent.Executors$RunnableAdapter.call(Executors.java:539)
[2025-06-09T07:40:48.399+0000] {spark_submit.py:644} INFO - at java.base/java.util.concurrent.FutureTask.run(FutureTask.java:264)
[2025-06-09T07:40:48.399+0000] {spark_submit.py:644} INFO - at java.base/java.util.concurrent.ThreadPoolExecutor.runWorker(ThreadPoolExecutor.java:1136)
[2025-06-09T07:40:48.399+0000] {spark_submit.py:644} INFO - at java.base/java.util.concurrent.ThreadPoolExecutor$Worker.run(ThreadPoolExecutor.java:635)
[2025-06-09T07:40:48.399+0000] {spark_submit.py:644} INFO - at java.base/java.lang.Thread.run(Thread.java:840)
[2025-06-09T07:40:48.399+0000] {spark_submit.py:644} INFO - Caused by: java.lang.RuntimeException: java.io.InvalidClassException: org.apache.spark.rpc.netty.RpcEndpointVerifier$CheckExistence; local class incompatible: stream classdesc serialVersionUID = 5378738997755484868, local class serialVersionUID = 7789290765573734431
[2025-06-09T07:40:48.399+0000] {spark_submit.py:644} INFO - at java.base/java.io.ObjectStreamClass.initNonProxy(ObjectStreamClass.java:597)
[2025-06-09T07:40:48.399+0000] {spark_submit.py:644} INFO - at java.base/java.io.ObjectInputStream.readNonProxyDesc(ObjectInputStream.java:2051)
[2025-06-09T07:40:48.399+0000] {spark_submit.py:644} INFO - at java.base/java.io.ObjectInputStream.readClassDesc(ObjectInputStream.java:1898)
[2025-06-09T07:40:48.399+0000] {spark_submit.py:644} INFO - at java.base/java.io.ObjectInputStream.readOrdinaryObject(ObjectInputStream.java:2224)
[2025-06-09T07:40:48.400+0000] {spark_submit.py:644} INFO - at java.base/java.io.ObjectInputStream.readObject0(ObjectInputStream.java:1733)
[2025-06-09T07:40:48.400+0000] {spark_submit.py:644} INFO - at java.base/java.io.ObjectInputStream.readObject(ObjectInputStream.java:509)
[2025-06-09T07:40:48.400+0000] {spark_submit.py:644} INFO - at java.base/java.io.ObjectInputStream.readObject(ObjectInputStream.java:467)
[2025-06-09T07:40:48.400+0000] {spark_submit.py:644} INFO - at org.apache.spark.serializer.JavaDeserializationStream.readObject(JavaSerializer.scala:87)
[2025-06-09T07:40:48.400+0000] {spark_submit.py:644} INFO - at org.apache.spark.serializer.JavaSerializerInstance.deserialize(JavaSerializer.scala:123)
[2025-06-09T07:40:48.400+0000] {spark_submit.py:644} INFO - at org.apache.spark.rpc.netty.NettyRpcEnv.$anonfun$deserialize$2(NettyRpcEnv.scala:299)
[2025-06-09T07:40:48.400+0000] {spark_submit.py:644} INFO - at scala.util.DynamicVariable.withValue(DynamicVariable.scala:62)
[2025-06-09T07:40:48.400+0000] {spark_submit.py:644} INFO - at org.apache.spark.rpc.netty.NettyRpcEnv.deserialize(NettyRpcEnv.scala:352)
[2025-06-09T07:40:48.400+0000] {spark_submit.py:644} INFO - at org.apache.spark.rpc.netty.NettyRpcEnv.$anonfun$deserialize$1(NettyRpcEnv.scala:298)
[2025-06-09T07:40:48.401+0000] {spark_submit.py:644} INFO - at scala.util.DynamicVariable.withValue(DynamicVariable.scala:62)
[2025-06-09T07:40:48.401+0000] {spark_submit.py:644} INFO - at org.apache.spark.rpc.netty.NettyRpcEnv.deserialize(NettyRpcEnv.scala:298)
[2025-06-09T07:40:48.401+0000] {spark_submit.py:644} INFO - at org.apache.spark.rpc.netty.RequestMessage$.apply(NettyRpcEnv.scala:646)
[2025-06-09T07:40:48.401+0000] {spark_submit.py:644} INFO - at org.apache.spark.rpc.netty.NettyRpcHandler.internalReceive(NettyRpcEnv.scala:697)
[2025-06-09T07:40:48.401+0000] {spark_submit.py:644} INFO - at org.apache.spark.rpc.netty.NettyRpcHandler.receive(NettyRpcEnv.scala:682)
[2025-06-09T07:40:48.401+0000] {spark_submit.py:644} INFO - at org.apache.spark.network.server.TransportRequestHandler.processRpcRequest(TransportRequestHandler.java:163)
[2025-06-09T07:40:48.401+0000] {spark_submit.py:644} INFO - at org.apache.spark.network.server.TransportRequestHandler.handle(TransportRequestHandler.java:109)
[2025-06-09T07:40:48.401+0000] {spark_submit.py:644} INFO - at org.apache.spark.network.server.TransportChannelHandler.channelRead0(TransportChannelHandler.java:140)
[2025-06-09T07:40:48.401+0000] {spark_submit.py:644} INFO - at org.apache.spark.network.server.TransportChannelHandler.channelRead0(TransportChannelHandler.java:53)
[2025-06-09T07:40:48.402+0000] {spark_submit.py:644} INFO - at io.netty.channel.SimpleChannelInboundHandler.channelRead(SimpleChannelInboundHandler.java:99)
[2025-06-09T07:40:48.402+0000] {spark_submit.py:644} INFO - at io.netty.channel.AbstractChannelHandlerContext.invokeChannelRead(AbstractChannelHandlerContext.java:444)
[2025-06-09T07:40:48.402+0000] {spark_submit.py:644} INFO - at io.netty.channel.AbstractChannelHandlerContext.invokeChannelRead(AbstractChannelHandlerContext.java:420)
[2025-06-09T07:40:48.402+0000] {spark_submit.py:644} INFO - at io.netty.channel.AbstractChannelHandlerContext.fireChannelRead(AbstractChannelHandlerContext.java:412)
[2025-06-09T07:40:48.402+0000] {spark_submit.py:644} INFO - at io.netty.handler.timeout.IdleStateHandler.channelRead(IdleStateHandler.java:286)
[2025-06-09T07:40:48.402+0000] {spark_submit.py:644} INFO - at io.netty.channel.AbstractChannelHandlerContext.invokeChannelRead(AbstractChannelHandlerContext.java:442)
[2025-06-09T07:40:48.402+0000] {spark_submit.py:644} INFO - at io.netty.channel.AbstractChannelHandlerContext.invokeChannelRead(AbstractChannelHandlerContext.java:420)
[2025-06-09T07:40:48.402+0000] {spark_submit.py:644} INFO - at io.netty.channel.AbstractChannelHandlerContext.fireChannelRead(AbstractChannelHandlerContext.java:412)
[2025-06-09T07:40:48.402+0000] {spark_submit.py:644} INFO - at io.netty.handler.codec.MessageToMessageDecoder.channelRead(MessageToMessageDecoder.java:103)
[2025-06-09T07:40:48.402+0000] {spark_submit.py:644} INFO - at io.netty.channel.AbstractChannelHandlerContext.invokeChannelRead(AbstractChannelHandlerContext.java:444)
[2025-06-09T07:40:48.403+0000] {spark_submit.py:644} INFO - at io.netty.channel.AbstractChannelHandlerContext.invokeChannelRead(AbstractChannelHandlerContext.java:420)
[2025-06-09T07:40:48.403+0000] {spark_submit.py:644} INFO - at io.netty.channel.AbstractChannelHandlerContext.fireChannelRead(AbstractChannelHandlerContext.java:412)
[2025-06-09T07:40:48.403+0000] {spark_submit.py:644} INFO - at org.apache.spark.network.util.TransportFrameDecoder.channelRead(TransportFrameDecoder.java:102)
[2025-06-09T07:40:48.403+0000] {spark_submit.py:644} INFO - at io.netty.channel.AbstractChannelHandlerContext.invokeChannelRead(AbstractChannelHandlerContext.java:444)
[2025-06-09T07:40:48.403+0000] {spark_submit.py:644} INFO - at io.netty.channel.AbstractChannelHandlerContext.invokeChannelRead(AbstractChannelHandlerContext.java:420)
[2025-06-09T07:40:48.403+0000] {spark_submit.py:644} INFO - at io.netty.channel.AbstractChannelHandlerContext.fireChannelRead(AbstractChannelHandlerContext.java:412)
[2025-06-09T07:40:48.404+0000] {spark_submit.py:644} INFO - at io.netty.channel.DefaultChannelPipeline$HeadContext.channelRead(DefaultChannelPipeline.java:1410)
[2025-06-09T07:40:48.404+0000] {spark_submit.py:644} INFO - at io.netty.channel.AbstractChannelHandlerContext.invokeChannelRead(AbstractChannelHandlerContext.java:440)
[2025-06-09T07:40:48.404+0000] {spark_submit.py:644} INFO - at io.netty.channel.AbstractChannelHandlerContext.invokeChannelRead(AbstractChannelHandlerContext.java:420)
[2025-06-09T07:40:48.404+0000] {spark_submit.py:644} INFO - at io.netty.channel.DefaultChannelPipeline.fireChannelRead(DefaultChannelPipeline.java:919)
[2025-06-09T07:40:48.404+0000] {spark_submit.py:644} INFO - at io.netty.channel.nio.AbstractNioByteChannel$NioByteUnsafe.read(AbstractNioByteChannel.java:166)
[2025-06-09T07:40:48.404+0000] {spark_submit.py:644} INFO - at io.netty.channel.nio.NioEventLoop.processSelectedKey(NioEventLoop.java:788)
[2025-06-09T07:40:48.404+0000] {spark_submit.py:644} INFO - at io.netty.channel.nio.NioEventLoop.processSelectedKeysOptimized(NioEventLoop.java:724)
[2025-06-09T07:40:48.404+0000] {spark_submit.py:644} INFO - at io.netty.channel.nio.NioEventLoop.processSelectedKeys(NioEventLoop.java:650)
[2025-06-09T07:40:48.404+0000] {spark_submit.py:644} INFO - at io.netty.channel.nio.NioEventLoop.run(NioEventLoop.java:562)
[2025-06-09T07:40:48.404+0000] {spark_submit.py:644} INFO - at io.netty.util.concurrent.SingleThreadEventExecutor$4.run(SingleThreadEventExecutor.java:997)
[2025-06-09T07:40:48.405+0000] {spark_submit.py:644} INFO - at io.netty.util.internal.ThreadExecutorMap$2.run(ThreadExecutorMap.java:74)
[2025-06-09T07:40:48.405+0000] {spark_submit.py:644} INFO - at io.netty.util.concurrent.FastThreadLocalRunnable.run(FastThreadLocalRunnable.java:30)
[2025-06-09T07:40:48.405+0000] {spark_submit.py:644} INFO - at java.base/java.lang.Thread.run(Thread.java:840)
[2025-06-09T07:40:48.405+0000] {spark_submit.py:644} INFO - 
[2025-06-09T07:40:48.405+0000] {spark_submit.py:644} INFO - at org.apache.spark.network.client.TransportResponseHandler.handle(TransportResponseHandler.java:217)
[2025-06-09T07:40:48.405+0000] {spark_submit.py:644} INFO - at org.apache.spark.network.server.TransportChannelHandler.channelRead0(TransportChannelHandler.java:145)
[2025-06-09T07:40:48.405+0000] {spark_submit.py:644} INFO - at org.apache.spark.network.server.TransportChannelHandler.channelRead0(TransportChannelHandler.java:55)
[2025-06-09T07:40:48.405+0000] {spark_submit.py:644} INFO - at io.netty.channel.SimpleChannelInboundHandler.channelRead(SimpleChannelInboundHandler.java:99)
[2025-06-09T07:40:48.405+0000] {spark_submit.py:644} INFO - at io.netty.channel.AbstractChannelHandlerContext.invokeChannelRead(AbstractChannelHandlerContext.java:444)
[2025-06-09T07:40:48.405+0000] {spark_submit.py:644} INFO - at io.netty.channel.AbstractChannelHandlerContext.invokeChannelRead(AbstractChannelHandlerContext.java:420)
[2025-06-09T07:40:48.406+0000] {spark_submit.py:644} INFO - at io.netty.channel.AbstractChannelHandlerContext.fireChannelRead(AbstractChannelHandlerContext.java:412)
[2025-06-09T07:40:48.406+0000] {spark_submit.py:644} INFO - at io.netty.handler.timeout.IdleStateHandler.channelRead(IdleStateHandler.java:289)
[2025-06-09T07:40:48.406+0000] {spark_submit.py:644} INFO - at io.netty.channel.AbstractChannelHandlerContext.invokeChannelRead(AbstractChannelHandlerContext.java:442)
[2025-06-09T07:40:48.406+0000] {spark_submit.py:644} INFO - at io.netty.channel.AbstractChannelHandlerContext.invokeChannelRead(AbstractChannelHandlerContext.java:420)
[2025-06-09T07:40:48.406+0000] {spark_submit.py:644} INFO - at io.netty.channel.AbstractChannelHandlerContext.fireChannelRead(AbstractChannelHandlerContext.java:412)
[2025-06-09T07:40:48.406+0000] {spark_submit.py:644} INFO - at io.netty.handler.codec.MessageToMessageDecoder.channelRead(MessageToMessageDecoder.java:107)
[2025-06-09T07:40:48.407+0000] {spark_submit.py:644} INFO - at io.netty.channel.AbstractChannelHandlerContext.invokeChannelRead(AbstractChannelHandlerContext.java:444)
[2025-06-09T07:40:48.407+0000] {spark_submit.py:644} INFO - at io.netty.channel.AbstractChannelHandlerContext.invokeChannelRead(AbstractChannelHandlerContext.java:420)
[2025-06-09T07:40:48.407+0000] {spark_submit.py:644} INFO - at io.netty.channel.AbstractChannelHandlerContext.fireChannelRead(AbstractChannelHandlerContext.java:412)
[2025-06-09T07:40:48.407+0000] {spark_submit.py:644} INFO - at org.apache.spark.network.util.TransportFrameDecoder.channelRead(TransportFrameDecoder.java:102)
[2025-06-09T07:40:48.407+0000] {spark_submit.py:644} INFO - at io.netty.channel.AbstractChannelHandlerContext.invokeChannelRead(AbstractChannelHandlerContext.java:444)
[2025-06-09T07:40:48.407+0000] {spark_submit.py:644} INFO - at io.netty.channel.AbstractChannelHandlerContext.invokeChannelRead(AbstractChannelHandlerContext.java:420)
[2025-06-09T07:40:48.407+0000] {spark_submit.py:644} INFO - at io.netty.channel.AbstractChannelHandlerContext.fireChannelRead(AbstractChannelHandlerContext.java:412)
[2025-06-09T07:40:48.407+0000] {spark_submit.py:644} INFO - at io.netty.channel.DefaultChannelPipeline$HeadContext.channelRead(DefaultChannelPipeline.java:1357)
[2025-06-09T07:40:48.407+0000] {spark_submit.py:644} INFO - at io.netty.channel.AbstractChannelHandlerContext.invokeChannelRead(AbstractChannelHandlerContext.java:440)
[2025-06-09T07:40:48.408+0000] {spark_submit.py:644} INFO - at io.netty.channel.AbstractChannelHandlerContext.invokeChannelRead(AbstractChannelHandlerContext.java:420)
[2025-06-09T07:40:48.408+0000] {spark_submit.py:644} INFO - at io.netty.channel.DefaultChannelPipeline.fireChannelRead(DefaultChannelPipeline.java:868)
[2025-06-09T07:40:48.408+0000] {spark_submit.py:644} INFO - at io.netty.channel.nio.AbstractNioByteChannel$NioByteUnsafe.read(AbstractNioByteChannel.java:166)
[2025-06-09T07:40:48.408+0000] {spark_submit.py:644} INFO - at io.netty.channel.nio.NioEventLoop.processSelectedKey(NioEventLoop.java:796)
[2025-06-09T07:40:48.408+0000] {spark_submit.py:644} INFO - at io.netty.channel.nio.NioEventLoop.processSelectedKeysOptimized(NioEventLoop.java:732)
[2025-06-09T07:40:48.408+0000] {spark_submit.py:644} INFO - at io.netty.channel.nio.NioEventLoop.processSelectedKeys(NioEventLoop.java:658)
[2025-06-09T07:40:48.408+0000] {spark_submit.py:644} INFO - at io.netty.channel.nio.NioEventLoop.run(NioEventLoop.java:562)
[2025-06-09T07:40:48.408+0000] {spark_submit.py:644} INFO - at io.netty.util.concurrent.SingleThreadEventExecutor$4.run(SingleThreadEventExecutor.java:998)
[2025-06-09T07:40:48.408+0000] {spark_submit.py:644} INFO - at io.netty.util.internal.ThreadExecutorMap$2.run(ThreadExecutorMap.java:74)
[2025-06-09T07:40:48.408+0000] {spark_submit.py:644} INFO - at io.netty.util.concurrent.FastThreadLocalRunnable.run(FastThreadLocalRunnable.java:30)
[2025-06-09T07:40:48.408+0000] {spark_submit.py:644} INFO - ... 1 more
[2025-06-09T07:41:08.367+0000] {spark_submit.py:644} INFO - 25/06/09 07:41:08 INFO StandaloneAppClient$ClientEndpoint: Connecting to master spark://spark-master:7077...
[2025-06-09T07:41:08.374+0000] {spark_submit.py:644} INFO - 25/06/09 07:41:08 WARN StandaloneAppClient$ClientEndpoint: Failed to connect to master spark-master:7077
[2025-06-09T07:41:08.375+0000] {spark_submit.py:644} INFO - org.apache.spark.SparkException: Exception thrown in awaitResult:
[2025-06-09T07:41:08.375+0000] {spark_submit.py:644} INFO - at org.apache.spark.util.SparkThreadUtils$.awaitResult(SparkThreadUtils.scala:53)
[2025-06-09T07:41:08.376+0000] {spark_submit.py:644} INFO - at org.apache.spark.util.ThreadUtils$.awaitResult(ThreadUtils.scala:342)
[2025-06-09T07:41:08.376+0000] {spark_submit.py:644} INFO - at org.apache.spark.rpc.RpcTimeout.awaitResult(RpcTimeout.scala:75)
[2025-06-09T07:41:08.376+0000] {spark_submit.py:644} INFO - at org.apache.spark.rpc.RpcEnv.setupEndpointRefByURI(RpcEnv.scala:102)
[2025-06-09T07:41:08.377+0000] {spark_submit.py:644} INFO - at org.apache.spark.rpc.RpcEnv.setupEndpointRef(RpcEnv.scala:110)
[2025-06-09T07:41:08.377+0000] {spark_submit.py:644} INFO - at org.apache.spark.deploy.client.StandaloneAppClient$ClientEndpoint$$anon$1.run(StandaloneAppClient.scala:110)
[2025-06-09T07:41:08.378+0000] {spark_submit.py:644} INFO - at java.base/java.util.concurrent.Executors$RunnableAdapter.call(Executors.java:539)
[2025-06-09T07:41:08.378+0000] {spark_submit.py:644} INFO - at java.base/java.util.concurrent.FutureTask.run(FutureTask.java:264)
[2025-06-09T07:41:08.378+0000] {spark_submit.py:644} INFO - at java.base/java.util.concurrent.ThreadPoolExecutor.runWorker(ThreadPoolExecutor.java:1136)
[2025-06-09T07:41:08.379+0000] {spark_submit.py:644} INFO - at java.base/java.util.concurrent.ThreadPoolExecutor$Worker.run(ThreadPoolExecutor.java:635)
[2025-06-09T07:41:08.379+0000] {spark_submit.py:644} INFO - at java.base/java.lang.Thread.run(Thread.java:840)
[2025-06-09T07:41:08.379+0000] {spark_submit.py:644} INFO - Caused by: java.lang.RuntimeException: java.io.InvalidClassException: org.apache.spark.rpc.netty.RpcEndpointVerifier$CheckExistence; local class incompatible: stream classdesc serialVersionUID = 5378738997755484868, local class serialVersionUID = 7789290765573734431
[2025-06-09T07:41:08.380+0000] {spark_submit.py:644} INFO - at java.base/java.io.ObjectStreamClass.initNonProxy(ObjectStreamClass.java:597)
[2025-06-09T07:41:08.380+0000] {spark_submit.py:644} INFO - at java.base/java.io.ObjectInputStream.readNonProxyDesc(ObjectInputStream.java:2051)
[2025-06-09T07:41:08.380+0000] {spark_submit.py:644} INFO - at java.base/java.io.ObjectInputStream.readClassDesc(ObjectInputStream.java:1898)
[2025-06-09T07:41:08.381+0000] {spark_submit.py:644} INFO - at java.base/java.io.ObjectInputStream.readOrdinaryObject(ObjectInputStream.java:2224)
[2025-06-09T07:41:08.381+0000] {spark_submit.py:644} INFO - at java.base/java.io.ObjectInputStream.readObject0(ObjectInputStream.java:1733)
[2025-06-09T07:41:08.381+0000] {spark_submit.py:644} INFO - at java.base/java.io.ObjectInputStream.readObject(ObjectInputStream.java:509)
[2025-06-09T07:41:08.382+0000] {spark_submit.py:644} INFO - at java.base/java.io.ObjectInputStream.readObject(ObjectInputStream.java:467)
[2025-06-09T07:41:08.382+0000] {spark_submit.py:644} INFO - at org.apache.spark.serializer.JavaDeserializationStream.readObject(JavaSerializer.scala:87)
[2025-06-09T07:41:08.382+0000] {spark_submit.py:644} INFO - at org.apache.spark.serializer.JavaSerializerInstance.deserialize(JavaSerializer.scala:123)
[2025-06-09T07:41:08.383+0000] {spark_submit.py:644} INFO - at org.apache.spark.rpc.netty.NettyRpcEnv.$anonfun$deserialize$2(NettyRpcEnv.scala:299)
[2025-06-09T07:41:08.383+0000] {spark_submit.py:644} INFO - at scala.util.DynamicVariable.withValue(DynamicVariable.scala:62)
[2025-06-09T07:41:08.383+0000] {spark_submit.py:644} INFO - at org.apache.spark.rpc.netty.NettyRpcEnv.deserialize(NettyRpcEnv.scala:352)
[2025-06-09T07:41:08.383+0000] {spark_submit.py:644} INFO - at org.apache.spark.rpc.netty.NettyRpcEnv.$anonfun$deserialize$1(NettyRpcEnv.scala:298)
[2025-06-09T07:41:08.384+0000] {spark_submit.py:644} INFO - at scala.util.DynamicVariable.withValue(DynamicVariable.scala:62)
[2025-06-09T07:41:08.384+0000] {spark_submit.py:644} INFO - at org.apache.spark.rpc.netty.NettyRpcEnv.deserialize(NettyRpcEnv.scala:298)
[2025-06-09T07:41:08.384+0000] {spark_submit.py:644} INFO - at org.apache.spark.rpc.netty.RequestMessage$.apply(NettyRpcEnv.scala:646)
[2025-06-09T07:41:08.384+0000] {spark_submit.py:644} INFO - at org.apache.spark.rpc.netty.NettyRpcHandler.internalReceive(NettyRpcEnv.scala:697)
[2025-06-09T07:41:08.385+0000] {spark_submit.py:644} INFO - at org.apache.spark.rpc.netty.NettyRpcHandler.receive(NettyRpcEnv.scala:682)
[2025-06-09T07:41:08.385+0000] {spark_submit.py:644} INFO - at org.apache.spark.network.server.TransportRequestHandler.processRpcRequest(TransportRequestHandler.java:163)
[2025-06-09T07:41:08.385+0000] {spark_submit.py:644} INFO - at org.apache.spark.network.server.TransportRequestHandler.handle(TransportRequestHandler.java:109)
[2025-06-09T07:41:08.385+0000] {spark_submit.py:644} INFO - at org.apache.spark.network.server.TransportChannelHandler.channelRead0(TransportChannelHandler.java:140)
[2025-06-09T07:41:08.386+0000] {spark_submit.py:644} INFO - at org.apache.spark.network.server.TransportChannelHandler.channelRead0(TransportChannelHandler.java:53)
[2025-06-09T07:41:08.386+0000] {spark_submit.py:644} INFO - at io.netty.channel.SimpleChannelInboundHandler.channelRead(SimpleChannelInboundHandler.java:99)
[2025-06-09T07:41:08.386+0000] {spark_submit.py:644} INFO - at io.netty.channel.AbstractChannelHandlerContext.invokeChannelRead(AbstractChannelHandlerContext.java:444)
[2025-06-09T07:41:08.386+0000] {spark_submit.py:644} INFO - at io.netty.channel.AbstractChannelHandlerContext.invokeChannelRead(AbstractChannelHandlerContext.java:420)
[2025-06-09T07:41:08.387+0000] {spark_submit.py:644} INFO - at io.netty.channel.AbstractChannelHandlerContext.fireChannelRead(AbstractChannelHandlerContext.java:412)
[2025-06-09T07:41:08.387+0000] {spark_submit.py:644} INFO - at io.netty.handler.timeout.IdleStateHandler.channelRead(IdleStateHandler.java:286)
[2025-06-09T07:41:08.387+0000] {spark_submit.py:644} INFO - at io.netty.channel.AbstractChannelHandlerContext.invokeChannelRead(AbstractChannelHandlerContext.java:442)
[2025-06-09T07:41:08.387+0000] {spark_submit.py:644} INFO - at io.netty.channel.AbstractChannelHandlerContext.invokeChannelRead(AbstractChannelHandlerContext.java:420)
[2025-06-09T07:41:08.388+0000] {spark_submit.py:644} INFO - at io.netty.channel.AbstractChannelHandlerContext.fireChannelRead(AbstractChannelHandlerContext.java:412)
[2025-06-09T07:41:08.388+0000] {spark_submit.py:644} INFO - at io.netty.handler.codec.MessageToMessageDecoder.channelRead(MessageToMessageDecoder.java:103)
[2025-06-09T07:41:08.388+0000] {spark_submit.py:644} INFO - at io.netty.channel.AbstractChannelHandlerContext.invokeChannelRead(AbstractChannelHandlerContext.java:444)
[2025-06-09T07:41:08.388+0000] {spark_submit.py:644} INFO - at io.netty.channel.AbstractChannelHandlerContext.invokeChannelRead(AbstractChannelHandlerContext.java:420)
[2025-06-09T07:41:08.389+0000] {spark_submit.py:644} INFO - at io.netty.channel.AbstractChannelHandlerContext.fireChannelRead(AbstractChannelHandlerContext.java:412)
[2025-06-09T07:41:08.389+0000] {spark_submit.py:644} INFO - at org.apache.spark.network.util.TransportFrameDecoder.channelRead(TransportFrameDecoder.java:102)
[2025-06-09T07:41:08.389+0000] {spark_submit.py:644} INFO - at io.netty.channel.AbstractChannelHandlerContext.invokeChannelRead(AbstractChannelHandlerContext.java:444)
[2025-06-09T07:41:08.390+0000] {spark_submit.py:644} INFO - at io.netty.channel.AbstractChannelHandlerContext.invokeChannelRead(AbstractChannelHandlerContext.java:420)
[2025-06-09T07:41:08.390+0000] {spark_submit.py:644} INFO - at io.netty.channel.AbstractChannelHandlerContext.fireChannelRead(AbstractChannelHandlerContext.java:412)
[2025-06-09T07:41:08.390+0000] {spark_submit.py:644} INFO - at io.netty.channel.DefaultChannelPipeline$HeadContext.channelRead(DefaultChannelPipeline.java:1410)
[2025-06-09T07:41:08.390+0000] {spark_submit.py:644} INFO - at io.netty.channel.AbstractChannelHandlerContext.invokeChannelRead(AbstractChannelHandlerContext.java:440)
[2025-06-09T07:41:08.390+0000] {spark_submit.py:644} INFO - at io.netty.channel.AbstractChannelHandlerContext.invokeChannelRead(AbstractChannelHandlerContext.java:420)
[2025-06-09T07:41:08.391+0000] {spark_submit.py:644} INFO - at io.netty.channel.DefaultChannelPipeline.fireChannelRead(DefaultChannelPipeline.java:919)
[2025-06-09T07:41:08.391+0000] {spark_submit.py:644} INFO - at io.netty.channel.nio.AbstractNioByteChannel$NioByteUnsafe.read(AbstractNioByteChannel.java:166)
[2025-06-09T07:41:08.391+0000] {spark_submit.py:644} INFO - at io.netty.channel.nio.NioEventLoop.processSelectedKey(NioEventLoop.java:788)
[2025-06-09T07:41:08.391+0000] {spark_submit.py:644} INFO - at io.netty.channel.nio.NioEventLoop.processSelectedKeysOptimized(NioEventLoop.java:724)
[2025-06-09T07:41:08.391+0000] {spark_submit.py:644} INFO - at io.netty.channel.nio.NioEventLoop.processSelectedKeys(NioEventLoop.java:650)
[2025-06-09T07:41:08.391+0000] {spark_submit.py:644} INFO - at io.netty.channel.nio.NioEventLoop.run(NioEventLoop.java:562)
[2025-06-09T07:41:08.391+0000] {spark_submit.py:644} INFO - at io.netty.util.concurrent.SingleThreadEventExecutor$4.run(SingleThreadEventExecutor.java:997)
[2025-06-09T07:41:08.392+0000] {spark_submit.py:644} INFO - at io.netty.util.internal.ThreadExecutorMap$2.run(ThreadExecutorMap.java:74)
[2025-06-09T07:41:08.392+0000] {spark_submit.py:644} INFO - at io.netty.util.concurrent.FastThreadLocalRunnable.run(FastThreadLocalRunnable.java:30)
[2025-06-09T07:41:08.392+0000] {spark_submit.py:644} INFO - at java.base/java.lang.Thread.run(Thread.java:840)
[2025-06-09T07:41:08.392+0000] {spark_submit.py:644} INFO - 
[2025-06-09T07:41:08.392+0000] {spark_submit.py:644} INFO - at org.apache.spark.network.client.TransportResponseHandler.handle(TransportResponseHandler.java:217)
[2025-06-09T07:41:08.392+0000] {spark_submit.py:644} INFO - at org.apache.spark.network.server.TransportChannelHandler.channelRead0(TransportChannelHandler.java:145)
[2025-06-09T07:41:08.393+0000] {spark_submit.py:644} INFO - at org.apache.spark.network.server.TransportChannelHandler.channelRead0(TransportChannelHandler.java:55)
[2025-06-09T07:41:08.393+0000] {spark_submit.py:644} INFO - at io.netty.channel.SimpleChannelInboundHandler.channelRead(SimpleChannelInboundHandler.java:99)
[2025-06-09T07:41:08.393+0000] {spark_submit.py:644} INFO - at io.netty.channel.AbstractChannelHandlerContext.invokeChannelRead(AbstractChannelHandlerContext.java:444)
[2025-06-09T07:41:08.393+0000] {spark_submit.py:644} INFO - at io.netty.channel.AbstractChannelHandlerContext.invokeChannelRead(AbstractChannelHandlerContext.java:420)
[2025-06-09T07:41:08.393+0000] {spark_submit.py:644} INFO - at io.netty.channel.AbstractChannelHandlerContext.fireChannelRead(AbstractChannelHandlerContext.java:412)
[2025-06-09T07:41:08.393+0000] {spark_submit.py:644} INFO - at io.netty.handler.timeout.IdleStateHandler.channelRead(IdleStateHandler.java:289)
[2025-06-09T07:41:08.394+0000] {spark_submit.py:644} INFO - at io.netty.channel.AbstractChannelHandlerContext.invokeChannelRead(AbstractChannelHandlerContext.java:442)
[2025-06-09T07:41:08.394+0000] {spark_submit.py:644} INFO - at io.netty.channel.AbstractChannelHandlerContext.invokeChannelRead(AbstractChannelHandlerContext.java:420)
[2025-06-09T07:41:08.394+0000] {spark_submit.py:644} INFO - at io.netty.channel.AbstractChannelHandlerContext.fireChannelRead(AbstractChannelHandlerContext.java:412)
[2025-06-09T07:41:08.394+0000] {spark_submit.py:644} INFO - at io.netty.handler.codec.MessageToMessageDecoder.channelRead(MessageToMessageDecoder.java:107)
[2025-06-09T07:41:08.394+0000] {spark_submit.py:644} INFO - at io.netty.channel.AbstractChannelHandlerContext.invokeChannelRead(AbstractChannelHandlerContext.java:444)
[2025-06-09T07:41:08.394+0000] {spark_submit.py:644} INFO - at io.netty.channel.AbstractChannelHandlerContext.invokeChannelRead(AbstractChannelHandlerContext.java:420)
[2025-06-09T07:41:08.394+0000] {spark_submit.py:644} INFO - at io.netty.channel.AbstractChannelHandlerContext.fireChannelRead(AbstractChannelHandlerContext.java:412)
[2025-06-09T07:41:08.395+0000] {spark_submit.py:644} INFO - at org.apache.spark.network.util.TransportFrameDecoder.channelRead(TransportFrameDecoder.java:102)
[2025-06-09T07:41:08.395+0000] {spark_submit.py:644} INFO - at io.netty.channel.AbstractChannelHandlerContext.invokeChannelRead(AbstractChannelHandlerContext.java:444)
[2025-06-09T07:41:08.395+0000] {spark_submit.py:644} INFO - at io.netty.channel.AbstractChannelHandlerContext.invokeChannelRead(AbstractChannelHandlerContext.java:420)
[2025-06-09T07:41:08.395+0000] {spark_submit.py:644} INFO - at io.netty.channel.AbstractChannelHandlerContext.fireChannelRead(AbstractChannelHandlerContext.java:412)
[2025-06-09T07:41:08.395+0000] {spark_submit.py:644} INFO - at io.netty.channel.DefaultChannelPipeline$HeadContext.channelRead(DefaultChannelPipeline.java:1357)
[2025-06-09T07:41:08.395+0000] {spark_submit.py:644} INFO - at io.netty.channel.AbstractChannelHandlerContext.invokeChannelRead(AbstractChannelHandlerContext.java:440)
[2025-06-09T07:41:08.395+0000] {spark_submit.py:644} INFO - at io.netty.channel.AbstractChannelHandlerContext.invokeChannelRead(AbstractChannelHandlerContext.java:420)
[2025-06-09T07:41:08.395+0000] {spark_submit.py:644} INFO - at io.netty.channel.DefaultChannelPipeline.fireChannelRead(DefaultChannelPipeline.java:868)
[2025-06-09T07:41:08.396+0000] {spark_submit.py:644} INFO - at io.netty.channel.nio.AbstractNioByteChannel$NioByteUnsafe.read(AbstractNioByteChannel.java:166)
[2025-06-09T07:41:08.396+0000] {spark_submit.py:644} INFO - at io.netty.channel.nio.NioEventLoop.processSelectedKey(NioEventLoop.java:796)
[2025-06-09T07:41:08.396+0000] {spark_submit.py:644} INFO - at io.netty.channel.nio.NioEventLoop.processSelectedKeysOptimized(NioEventLoop.java:732)
[2025-06-09T07:41:08.396+0000] {spark_submit.py:644} INFO - at io.netty.channel.nio.NioEventLoop.processSelectedKeys(NioEventLoop.java:658)
[2025-06-09T07:41:08.396+0000] {spark_submit.py:644} INFO - at io.netty.channel.nio.NioEventLoop.run(NioEventLoop.java:562)
[2025-06-09T07:41:08.396+0000] {spark_submit.py:644} INFO - at io.netty.util.concurrent.SingleThreadEventExecutor$4.run(SingleThreadEventExecutor.java:998)
[2025-06-09T07:41:08.396+0000] {spark_submit.py:644} INFO - at io.netty.util.internal.ThreadExecutorMap$2.run(ThreadExecutorMap.java:74)
[2025-06-09T07:41:08.396+0000] {spark_submit.py:644} INFO - at io.netty.util.concurrent.FastThreadLocalRunnable.run(FastThreadLocalRunnable.java:30)
[2025-06-09T07:41:08.396+0000] {spark_submit.py:644} INFO - ... 1 more
[2025-06-09T07:41:28.377+0000] {spark_submit.py:644} INFO - 25/06/09 07:41:28 INFO StandaloneAppClient$ClientEndpoint: Connecting to master spark://spark-master:7077...
[2025-06-09T07:41:28.384+0000] {spark_submit.py:644} INFO - 25/06/09 07:41:28 WARN StandaloneAppClient$ClientEndpoint: Failed to connect to master spark-master:7077
[2025-06-09T07:41:28.385+0000] {spark_submit.py:644} INFO - org.apache.spark.SparkException: Exception thrown in awaitResult:
[2025-06-09T07:41:28.385+0000] {spark_submit.py:644} INFO - at org.apache.spark.util.SparkThreadUtils$.awaitResult(SparkThreadUtils.scala:53)
[2025-06-09T07:41:28.385+0000] {spark_submit.py:644} INFO - at org.apache.spark.util.ThreadUtils$.awaitResult(ThreadUtils.scala:342)
[2025-06-09T07:41:28.385+0000] {spark_submit.py:644} INFO - at org.apache.spark.rpc.RpcTimeout.awaitResult(RpcTimeout.scala:75)
[2025-06-09T07:41:28.386+0000] {spark_submit.py:644} INFO - at org.apache.spark.rpc.RpcEnv.setupEndpointRefByURI(RpcEnv.scala:102)
[2025-06-09T07:41:28.386+0000] {spark_submit.py:644} INFO - at org.apache.spark.rpc.RpcEnv.setupEndpointRef(RpcEnv.scala:110)
[2025-06-09T07:41:28.386+0000] {spark_submit.py:644} INFO - at org.apache.spark.deploy.client.StandaloneAppClient$ClientEndpoint$$anon$1.run(StandaloneAppClient.scala:110)
[2025-06-09T07:41:28.386+0000] {spark_submit.py:644} INFO - at java.base/java.util.concurrent.Executors$RunnableAdapter.call(Executors.java:539)
[2025-06-09T07:41:28.386+0000] {spark_submit.py:644} INFO - at java.base/java.util.concurrent.FutureTask.run(FutureTask.java:264)
[2025-06-09T07:41:28.387+0000] {spark_submit.py:644} INFO - at java.base/java.util.concurrent.ThreadPoolExecutor.runWorker(ThreadPoolExecutor.java:1136)
[2025-06-09T07:41:28.387+0000] {spark_submit.py:644} INFO - at java.base/java.util.concurrent.ThreadPoolExecutor$Worker.run(ThreadPoolExecutor.java:635)
[2025-06-09T07:41:28.388+0000] {spark_submit.py:644} INFO - at java.base/java.lang.Thread.run(Thread.java:840)
[2025-06-09T07:41:28.388+0000] {spark_submit.py:644} INFO - Caused by: java.lang.RuntimeException: java.io.InvalidClassException: org.apache.spark.rpc.netty.RpcEndpointVerifier$CheckExistence; local class incompatible: stream classdesc serialVersionUID = 5378738997755484868, local class serialVersionUID = 7789290765573734431
[2025-06-09T07:41:28.388+0000] {spark_submit.py:644} INFO - at java.base/java.io.ObjectStreamClass.initNonProxy(ObjectStreamClass.java:597)
[2025-06-09T07:41:28.389+0000] {spark_submit.py:644} INFO - at java.base/java.io.ObjectInputStream.readNonProxyDesc(ObjectInputStream.java:2051)
[2025-06-09T07:41:28.389+0000] {spark_submit.py:644} INFO - at java.base/java.io.ObjectInputStream.readClassDesc(ObjectInputStream.java:1898)
[2025-06-09T07:41:28.389+0000] {spark_submit.py:644} INFO - at java.base/java.io.ObjectInputStream.readOrdinaryObject(ObjectInputStream.java:2224)
[2025-06-09T07:41:28.390+0000] {spark_submit.py:644} INFO - at java.base/java.io.ObjectInputStream.readObject0(ObjectInputStream.java:1733)
[2025-06-09T07:41:28.390+0000] {spark_submit.py:644} INFO - at java.base/java.io.ObjectInputStream.readObject(ObjectInputStream.java:509)
[2025-06-09T07:41:28.390+0000] {spark_submit.py:644} INFO - at java.base/java.io.ObjectInputStream.readObject(ObjectInputStream.java:467)
[2025-06-09T07:41:28.390+0000] {spark_submit.py:644} INFO - at org.apache.spark.serializer.JavaDeserializationStream.readObject(JavaSerializer.scala:87)
[2025-06-09T07:41:28.391+0000] {spark_submit.py:644} INFO - at org.apache.spark.serializer.JavaSerializerInstance.deserialize(JavaSerializer.scala:123)
[2025-06-09T07:41:28.391+0000] {spark_submit.py:644} INFO - at org.apache.spark.rpc.netty.NettyRpcEnv.$anonfun$deserialize$2(NettyRpcEnv.scala:299)
[2025-06-09T07:41:28.391+0000] {spark_submit.py:644} INFO - at scala.util.DynamicVariable.withValue(DynamicVariable.scala:62)
[2025-06-09T07:41:28.391+0000] {spark_submit.py:644} INFO - at org.apache.spark.rpc.netty.NettyRpcEnv.deserialize(NettyRpcEnv.scala:352)
[2025-06-09T07:41:28.391+0000] {spark_submit.py:644} INFO - at org.apache.spark.rpc.netty.NettyRpcEnv.$anonfun$deserialize$1(NettyRpcEnv.scala:298)
[2025-06-09T07:41:28.391+0000] {spark_submit.py:644} INFO - at scala.util.DynamicVariable.withValue(DynamicVariable.scala:62)
[2025-06-09T07:41:28.392+0000] {spark_submit.py:644} INFO - at org.apache.spark.rpc.netty.NettyRpcEnv.deserialize(NettyRpcEnv.scala:298)
[2025-06-09T07:41:28.392+0000] {spark_submit.py:644} INFO - at org.apache.spark.rpc.netty.RequestMessage$.apply(NettyRpcEnv.scala:646)
[2025-06-09T07:41:28.392+0000] {spark_submit.py:644} INFO - at org.apache.spark.rpc.netty.NettyRpcHandler.internalReceive(NettyRpcEnv.scala:697)
[2025-06-09T07:41:28.392+0000] {spark_submit.py:644} INFO - at org.apache.spark.rpc.netty.NettyRpcHandler.receive(NettyRpcEnv.scala:682)
[2025-06-09T07:41:28.392+0000] {spark_submit.py:644} INFO - at org.apache.spark.network.server.TransportRequestHandler.processRpcRequest(TransportRequestHandler.java:163)
[2025-06-09T07:41:28.392+0000] {spark_submit.py:644} INFO - at org.apache.spark.network.server.TransportRequestHandler.handle(TransportRequestHandler.java:109)
[2025-06-09T07:41:28.392+0000] {spark_submit.py:644} INFO - at org.apache.spark.network.server.TransportChannelHandler.channelRead0(TransportChannelHandler.java:140)
[2025-06-09T07:41:28.392+0000] {spark_submit.py:644} INFO - at org.apache.spark.network.server.TransportChannelHandler.channelRead0(TransportChannelHandler.java:53)
[2025-06-09T07:41:28.392+0000] {spark_submit.py:644} INFO - at io.netty.channel.SimpleChannelInboundHandler.channelRead(SimpleChannelInboundHandler.java:99)
[2025-06-09T07:41:28.393+0000] {spark_submit.py:644} INFO - at io.netty.channel.AbstractChannelHandlerContext.invokeChannelRead(AbstractChannelHandlerContext.java:444)
[2025-06-09T07:41:28.393+0000] {spark_submit.py:644} INFO - at io.netty.channel.AbstractChannelHandlerContext.invokeChannelRead(AbstractChannelHandlerContext.java:420)
[2025-06-09T07:41:28.393+0000] {spark_submit.py:644} INFO - at io.netty.channel.AbstractChannelHandlerContext.fireChannelRead(AbstractChannelHandlerContext.java:412)
[2025-06-09T07:41:28.393+0000] {spark_submit.py:644} INFO - at io.netty.handler.timeout.IdleStateHandler.channelRead(IdleStateHandler.java:286)
[2025-06-09T07:41:28.393+0000] {spark_submit.py:644} INFO - at io.netty.channel.AbstractChannelHandlerContext.invokeChannelRead(AbstractChannelHandlerContext.java:442)
[2025-06-09T07:41:28.393+0000] {spark_submit.py:644} INFO - at io.netty.channel.AbstractChannelHandlerContext.invokeChannelRead(AbstractChannelHandlerContext.java:420)
[2025-06-09T07:41:28.394+0000] {spark_submit.py:644} INFO - at io.netty.channel.AbstractChannelHandlerContext.fireChannelRead(AbstractChannelHandlerContext.java:412)
[2025-06-09T07:41:28.394+0000] {spark_submit.py:644} INFO - at io.netty.handler.codec.MessageToMessageDecoder.channelRead(MessageToMessageDecoder.java:103)
[2025-06-09T07:41:28.394+0000] {spark_submit.py:644} INFO - at io.netty.channel.AbstractChannelHandlerContext.invokeChannelRead(AbstractChannelHandlerContext.java:444)
[2025-06-09T07:41:28.394+0000] {spark_submit.py:644} INFO - at io.netty.channel.AbstractChannelHandlerContext.invokeChannelRead(AbstractChannelHandlerContext.java:420)
[2025-06-09T07:41:28.394+0000] {spark_submit.py:644} INFO - at io.netty.channel.AbstractChannelHandlerContext.fireChannelRead(AbstractChannelHandlerContext.java:412)
[2025-06-09T07:41:28.394+0000] {spark_submit.py:644} INFO - at org.apache.spark.network.util.TransportFrameDecoder.channelRead(TransportFrameDecoder.java:102)
[2025-06-09T07:41:28.394+0000] {spark_submit.py:644} INFO - at io.netty.channel.AbstractChannelHandlerContext.invokeChannelRead(AbstractChannelHandlerContext.java:444)
[2025-06-09T07:41:28.395+0000] {spark_submit.py:644} INFO - at io.netty.channel.AbstractChannelHandlerContext.invokeChannelRead(AbstractChannelHandlerContext.java:420)
[2025-06-09T07:41:28.395+0000] {spark_submit.py:644} INFO - at io.netty.channel.AbstractChannelHandlerContext.fireChannelRead(AbstractChannelHandlerContext.java:412)
[2025-06-09T07:41:28.395+0000] {spark_submit.py:644} INFO - at io.netty.channel.DefaultChannelPipeline$HeadContext.channelRead(DefaultChannelPipeline.java:1410)
[2025-06-09T07:41:28.395+0000] {spark_submit.py:644} INFO - at io.netty.channel.AbstractChannelHandlerContext.invokeChannelRead(AbstractChannelHandlerContext.java:440)
[2025-06-09T07:41:28.395+0000] {spark_submit.py:644} INFO - at io.netty.channel.AbstractChannelHandlerContext.invokeChannelRead(AbstractChannelHandlerContext.java:420)
[2025-06-09T07:41:28.395+0000] {spark_submit.py:644} INFO - at io.netty.channel.DefaultChannelPipeline.fireChannelRead(DefaultChannelPipeline.java:919)
[2025-06-09T07:41:28.395+0000] {spark_submit.py:644} INFO - at io.netty.channel.nio.AbstractNioByteChannel$NioByteUnsafe.read(AbstractNioByteChannel.java:166)
[2025-06-09T07:41:28.396+0000] {spark_submit.py:644} INFO - at io.netty.channel.nio.NioEventLoop.processSelectedKey(NioEventLoop.java:788)
[2025-06-09T07:41:28.396+0000] {spark_submit.py:644} INFO - at io.netty.channel.nio.NioEventLoop.processSelectedKeysOptimized(NioEventLoop.java:724)
[2025-06-09T07:41:28.396+0000] {spark_submit.py:644} INFO - at io.netty.channel.nio.NioEventLoop.processSelectedKeys(NioEventLoop.java:650)
[2025-06-09T07:41:28.396+0000] {spark_submit.py:644} INFO - at io.netty.channel.nio.NioEventLoop.run(NioEventLoop.java:562)
[2025-06-09T07:41:28.396+0000] {spark_submit.py:644} INFO - at io.netty.util.concurrent.SingleThreadEventExecutor$4.run(SingleThreadEventExecutor.java:997)
[2025-06-09T07:41:28.397+0000] {spark_submit.py:644} INFO - at io.netty.util.internal.ThreadExecutorMap$2.run(ThreadExecutorMap.java:74)
[2025-06-09T07:41:28.397+0000] {spark_submit.py:644} INFO - at io.netty.util.concurrent.FastThreadLocalRunnable.run(FastThreadLocalRunnable.java:30)
[2025-06-09T07:41:28.397+0000] {spark_submit.py:644} INFO - at java.base/java.lang.Thread.run(Thread.java:840)
[2025-06-09T07:41:28.397+0000] {spark_submit.py:644} INFO - 
[2025-06-09T07:41:28.397+0000] {spark_submit.py:644} INFO - at org.apache.spark.network.client.TransportResponseHandler.handle(TransportResponseHandler.java:217)
[2025-06-09T07:41:28.397+0000] {spark_submit.py:644} INFO - at org.apache.spark.network.server.TransportChannelHandler.channelRead0(TransportChannelHandler.java:145)
[2025-06-09T07:41:28.398+0000] {spark_submit.py:644} INFO - at org.apache.spark.network.server.TransportChannelHandler.channelRead0(TransportChannelHandler.java:55)
[2025-06-09T07:41:28.398+0000] {spark_submit.py:644} INFO - at io.netty.channel.SimpleChannelInboundHandler.channelRead(SimpleChannelInboundHandler.java:99)
[2025-06-09T07:41:28.398+0000] {spark_submit.py:644} INFO - at io.netty.channel.AbstractChannelHandlerContext.invokeChannelRead(AbstractChannelHandlerContext.java:444)
[2025-06-09T07:41:28.398+0000] {spark_submit.py:644} INFO - at io.netty.channel.AbstractChannelHandlerContext.invokeChannelRead(AbstractChannelHandlerContext.java:420)
[2025-06-09T07:41:28.398+0000] {spark_submit.py:644} INFO - at io.netty.channel.AbstractChannelHandlerContext.fireChannelRead(AbstractChannelHandlerContext.java:412)
[2025-06-09T07:41:28.398+0000] {spark_submit.py:644} INFO - at io.netty.handler.timeout.IdleStateHandler.channelRead(IdleStateHandler.java:289)
[2025-06-09T07:41:28.399+0000] {spark_submit.py:644} INFO - at io.netty.channel.AbstractChannelHandlerContext.invokeChannelRead(AbstractChannelHandlerContext.java:442)
[2025-06-09T07:41:28.399+0000] {spark_submit.py:644} INFO - at io.netty.channel.AbstractChannelHandlerContext.invokeChannelRead(AbstractChannelHandlerContext.java:420)
[2025-06-09T07:41:28.399+0000] {spark_submit.py:644} INFO - at io.netty.channel.AbstractChannelHandlerContext.fireChannelRead(AbstractChannelHandlerContext.java:412)
[2025-06-09T07:41:28.399+0000] {spark_submit.py:644} INFO - at io.netty.handler.codec.MessageToMessageDecoder.channelRead(MessageToMessageDecoder.java:107)
[2025-06-09T07:41:28.399+0000] {spark_submit.py:644} INFO - at io.netty.channel.AbstractChannelHandlerContext.invokeChannelRead(AbstractChannelHandlerContext.java:444)
[2025-06-09T07:41:28.399+0000] {spark_submit.py:644} INFO - at io.netty.channel.AbstractChannelHandlerContext.invokeChannelRead(AbstractChannelHandlerContext.java:420)
[2025-06-09T07:41:28.399+0000] {spark_submit.py:644} INFO - at io.netty.channel.AbstractChannelHandlerContext.fireChannelRead(AbstractChannelHandlerContext.java:412)
[2025-06-09T07:41:28.399+0000] {spark_submit.py:644} INFO - at org.apache.spark.network.util.TransportFrameDecoder.channelRead(TransportFrameDecoder.java:102)
[2025-06-09T07:41:28.400+0000] {spark_submit.py:644} INFO - at io.netty.channel.AbstractChannelHandlerContext.invokeChannelRead(AbstractChannelHandlerContext.java:444)
[2025-06-09T07:41:28.400+0000] {spark_submit.py:644} INFO - at io.netty.channel.AbstractChannelHandlerContext.invokeChannelRead(AbstractChannelHandlerContext.java:420)
[2025-06-09T07:41:28.400+0000] {spark_submit.py:644} INFO - at io.netty.channel.AbstractChannelHandlerContext.fireChannelRead(AbstractChannelHandlerContext.java:412)
[2025-06-09T07:41:28.400+0000] {spark_submit.py:644} INFO - at io.netty.channel.DefaultChannelPipeline$HeadContext.channelRead(DefaultChannelPipeline.java:1357)
[2025-06-09T07:41:28.400+0000] {spark_submit.py:644} INFO - at io.netty.channel.AbstractChannelHandlerContext.invokeChannelRead(AbstractChannelHandlerContext.java:440)
[2025-06-09T07:41:28.401+0000] {spark_submit.py:644} INFO - at io.netty.channel.AbstractChannelHandlerContext.invokeChannelRead(AbstractChannelHandlerContext.java:420)
[2025-06-09T07:41:28.401+0000] {spark_submit.py:644} INFO - at io.netty.channel.DefaultChannelPipeline.fireChannelRead(DefaultChannelPipeline.java:868)
[2025-06-09T07:41:28.401+0000] {spark_submit.py:644} INFO - at io.netty.channel.nio.AbstractNioByteChannel$NioByteUnsafe.read(AbstractNioByteChannel.java:166)
[2025-06-09T07:41:28.401+0000] {spark_submit.py:644} INFO - at io.netty.channel.nio.NioEventLoop.processSelectedKey(NioEventLoop.java:796)
[2025-06-09T07:41:28.401+0000] {spark_submit.py:644} INFO - at io.netty.channel.nio.NioEventLoop.processSelectedKeysOptimized(NioEventLoop.java:732)
[2025-06-09T07:41:28.402+0000] {spark_submit.py:644} INFO - at io.netty.channel.nio.NioEventLoop.processSelectedKeys(NioEventLoop.java:658)
[2025-06-09T07:41:28.402+0000] {spark_submit.py:644} INFO - at io.netty.channel.nio.NioEventLoop.run(NioEventLoop.java:562)
[2025-06-09T07:41:28.402+0000] {spark_submit.py:644} INFO - at io.netty.util.concurrent.SingleThreadEventExecutor$4.run(SingleThreadEventExecutor.java:998)
[2025-06-09T07:41:28.402+0000] {spark_submit.py:644} INFO - at io.netty.util.internal.ThreadExecutorMap$2.run(ThreadExecutorMap.java:74)
[2025-06-09T07:41:28.402+0000] {spark_submit.py:644} INFO - at io.netty.util.concurrent.FastThreadLocalRunnable.run(FastThreadLocalRunnable.java:30)
[2025-06-09T07:41:28.403+0000] {spark_submit.py:644} INFO - ... 1 more
[2025-06-09T07:41:48.383+0000] {spark_submit.py:644} INFO - 25/06/09 07:41:48 WARN StandaloneSchedulerBackend: Application ID is not initialized yet.
[2025-06-09T07:41:48.384+0000] {spark_submit.py:644} INFO - 25/06/09 07:41:48 ERROR StandaloneSchedulerBackend: Application has been killed. Reason: All masters are unresponsive! Giving up.
[2025-06-09T07:41:48.394+0000] {spark_submit.py:644} INFO - 25/06/09 07:41:48 INFO Utils: Successfully started service 'org.apache.spark.network.netty.NettyBlockTransferService' on port 34535.
[2025-06-09T07:41:48.395+0000] {spark_submit.py:644} INFO - 25/06/09 07:41:48 INFO NettyBlockTransferService: Server created on 7f4f4ec1a8c4:34535
[2025-06-09T07:41:48.396+0000] {spark_submit.py:644} INFO - 25/06/09 07:41:48 INFO BlockManager: Using org.apache.spark.storage.RandomBlockReplicationPolicy for block replication policy
[2025-06-09T07:41:48.405+0000] {spark_submit.py:644} INFO - 25/06/09 07:41:48 INFO BlockManagerMaster: Registering BlockManager BlockManagerId(driver, 7f4f4ec1a8c4, 34535, None)
[2025-06-09T07:41:48.410+0000] {spark_submit.py:644} INFO - 25/06/09 07:41:48 INFO BlockManagerMasterEndpoint: Registering block manager 7f4f4ec1a8c4:34535 with 434.4 MiB RAM, BlockManagerId(driver, 7f4f4ec1a8c4, 34535, None)
[2025-06-09T07:41:48.411+0000] {spark_submit.py:644} INFO - 25/06/09 07:41:48 INFO BlockManagerMaster: Registered BlockManager BlockManagerId(driver, 7f4f4ec1a8c4, 34535, None)
[2025-06-09T07:41:48.412+0000] {spark_submit.py:644} INFO - 25/06/09 07:41:48 INFO BlockManager: Initialized BlockManager: BlockManagerId(driver, 7f4f4ec1a8c4, 34535, None)
[2025-06-09T07:41:48.477+0000] {spark_submit.py:644} INFO - 25/06/09 07:41:48 INFO StandaloneSchedulerBackend: SchedulerBackend is ready for scheduling beginning after reached minRegisteredResourcesRatio: 0.0
[2025-06-09T07:41:48.582+0000] {spark_submit.py:644} INFO - 25/06/09 07:41:48 WARN SparkSession: Cannot use io.delta.sql.DeltaSparkSessionExtension to configure session extensions.
[2025-06-09T07:41:48.583+0000] {spark_submit.py:644} INFO - java.lang.ClassNotFoundException: io.delta.sql.DeltaSparkSessionExtension
[2025-06-09T07:41:48.583+0000] {spark_submit.py:644} INFO - at java.base/java.net.URLClassLoader.findClass(URLClassLoader.java:445)
[2025-06-09T07:41:48.583+0000] {spark_submit.py:644} INFO - at java.base/java.lang.ClassLoader.loadClass(ClassLoader.java:592)
[2025-06-09T07:41:48.583+0000] {spark_submit.py:644} INFO - at java.base/java.lang.ClassLoader.loadClass(ClassLoader.java:525)
[2025-06-09T07:41:48.583+0000] {spark_submit.py:644} INFO - at java.base/java.lang.Class.forName0(Native Method)
[2025-06-09T07:41:48.584+0000] {spark_submit.py:644} INFO - at java.base/java.lang.Class.forName(Class.java:467)
[2025-06-09T07:41:48.584+0000] {spark_submit.py:644} INFO - at org.apache.spark.util.SparkClassUtils.classForName(SparkClassUtils.scala:41)
[2025-06-09T07:41:48.584+0000] {spark_submit.py:644} INFO - at org.apache.spark.util.SparkClassUtils.classForName$(SparkClassUtils.scala:36)
[2025-06-09T07:41:48.584+0000] {spark_submit.py:644} INFO - at org.apache.spark.util.Utils$.classForName(Utils.scala:99)
[2025-06-09T07:41:48.584+0000] {spark_submit.py:644} INFO - at org.apache.spark.sql.classic.SparkSession$.$anonfun$applyExtensions$2(SparkSession.scala:1056)
[2025-06-09T07:41:48.584+0000] {spark_submit.py:644} INFO - at org.apache.spark.sql.classic.SparkSession$.$anonfun$applyExtensions$2$adapted(SparkSession.scala:1054)
[2025-06-09T07:41:48.585+0000] {spark_submit.py:644} INFO - at scala.collection.IterableOnceOps.foreach(IterableOnce.scala:619)
[2025-06-09T07:41:48.585+0000] {spark_submit.py:644} INFO - at scala.collection.IterableOnceOps.foreach$(IterableOnce.scala:617)
[2025-06-09T07:41:48.585+0000] {spark_submit.py:644} INFO - at scala.collection.AbstractIterable.foreach(Iterable.scala:935)
[2025-06-09T07:41:48.585+0000] {spark_submit.py:644} INFO - at org.apache.spark.sql.classic.SparkSession$.org$apache$spark$sql$classic$SparkSession$$applyExtensions(SparkSession.scala:1054)
[2025-06-09T07:41:48.585+0000] {spark_submit.py:644} INFO - at org.apache.spark.sql.classic.SparkSession$.applyAndLoadExtensions(SparkSession.scala:1038)
[2025-06-09T07:41:48.585+0000] {spark_submit.py:644} INFO - at org.apache.spark.sql.classic.SparkSession.<init>(SparkSession.scala:116)
[2025-06-09T07:41:48.585+0000] {spark_submit.py:644} INFO - at java.base/jdk.internal.reflect.NativeConstructorAccessorImpl.newInstance0(Native Method)
[2025-06-09T07:41:48.585+0000] {spark_submit.py:644} INFO - at java.base/jdk.internal.reflect.NativeConstructorAccessorImpl.newInstance(NativeConstructorAccessorImpl.java:77)
[2025-06-09T07:41:48.585+0000] {spark_submit.py:644} INFO - at java.base/jdk.internal.reflect.DelegatingConstructorAccessorImpl.newInstance(DelegatingConstructorAccessorImpl.java:45)
[2025-06-09T07:41:48.585+0000] {spark_submit.py:644} INFO - at java.base/java.lang.reflect.Constructor.newInstanceWithCaller(Constructor.java:500)
[2025-06-09T07:41:48.585+0000] {spark_submit.py:644} INFO - at java.base/java.lang.reflect.Constructor.newInstance(Constructor.java:481)
[2025-06-09T07:41:48.586+0000] {spark_submit.py:644} INFO - at py4j.reflection.MethodInvoker.invoke(MethodInvoker.java:247)
[2025-06-09T07:41:48.586+0000] {spark_submit.py:644} INFO - at py4j.reflection.ReflectionEngine.invoke(ReflectionEngine.java:374)
[2025-06-09T07:41:48.586+0000] {spark_submit.py:644} INFO - at py4j.Gateway.invoke(Gateway.java:238)
[2025-06-09T07:41:48.586+0000] {spark_submit.py:644} INFO - at py4j.commands.ConstructorCommand.invokeConstructor(ConstructorCommand.java:80)
[2025-06-09T07:41:48.586+0000] {spark_submit.py:644} INFO - at py4j.commands.ConstructorCommand.execute(ConstructorCommand.java:69)
[2025-06-09T07:41:48.586+0000] {spark_submit.py:644} INFO - at py4j.ClientServerConnection.waitForCommands(ClientServerConnection.java:184)
[2025-06-09T07:41:48.586+0000] {spark_submit.py:644} INFO - at py4j.ClientServerConnection.run(ClientServerConnection.java:108)
[2025-06-09T07:41:48.587+0000] {spark_submit.py:644} INFO - at java.base/java.lang.Thread.run(Thread.java:840)
[2025-06-09T07:41:48.590+0000] {spark_submit.py:644} INFO - 25/06/09 07:41:48 INFO SparkContext: SparkContext is stopping with exitCode 0 from run at <unknown>:0.
[2025-06-09T07:41:48.597+0000] {spark_submit.py:644} INFO - 25/06/09 07:41:48 INFO SparkUI: Stopped Spark web UI at http://7f4f4ec1a8c4:4040
[2025-06-09T07:41:48.599+0000] {spark_submit.py:644} INFO - 25/06/09 07:41:48 INFO StandaloneSchedulerBackend: Shutting down all executors
[2025-06-09T07:41:48.601+0000] {spark_submit.py:644} INFO - 25/06/09 07:41:48 INFO StandaloneSchedulerBackend$StandaloneDriverEndpoint: Asking each executor to shut down
[2025-06-09T07:41:48.604+0000] {spark_submit.py:644} INFO - 25/06/09 07:41:48 WARN StandaloneAppClient$ClientEndpoint: Drop UnregisterApplication(null) because has not yet connected to master
[2025-06-09T07:41:48.608+0000] {spark_submit.py:644} INFO - 25/06/09 07:41:48 INFO MapOutputTrackerMasterEndpoint: MapOutputTrackerMasterEndpoint stopped!
[2025-06-09T07:41:48.616+0000] {spark_submit.py:644} INFO - 25/06/09 07:41:48 INFO MemoryStore: MemoryStore started with capacity 434.4 MiB
[2025-06-09T07:41:48.617+0000] {spark_submit.py:644} INFO - 25/06/09 07:41:48 INFO MemoryStore: MemoryStore cleared
[2025-06-09T07:41:48.617+0000] {spark_submit.py:644} INFO - 25/06/09 07:41:48 INFO BlockManager: BlockManager stopped
[2025-06-09T07:41:48.620+0000] {spark_submit.py:644} INFO - 25/06/09 07:41:48 INFO BlockManagerMaster: BlockManagerMaster stopped
[2025-06-09T07:41:48.621+0000] {spark_submit.py:644} INFO - 25/06/09 07:41:48 INFO OutputCommitCoordinator$OutputCommitCoordinatorEndpoint: OutputCommitCoordinator stopped!
[2025-06-09T07:41:48.626+0000] {spark_submit.py:644} INFO - 25/06/09 07:41:48 INFO SparkContext: Successfully stopped SparkContext
[2025-06-09T07:41:49.393+0000] {spark_submit.py:644} INFO - Traceback (most recent call last):
[2025-06-09T07:41:49.393+0000] {spark_submit.py:644} INFO - File "/opt/***/dags/bronze_ingestion_sc_stats_etl.py", line 82, in <module>
[2025-06-09T07:41:49.394+0000] {spark_submit.py:644} INFO - main(args.output_path)
[2025-06-09T07:41:49.394+0000] {spark_submit.py:644} INFO - File "/opt/***/dags/bronze_ingestion_sc_stats_etl.py", line 11, in main
[2025-06-09T07:41:49.394+0000] {spark_submit.py:644} INFO - .getOrCreate())
[2025-06-09T07:41:49.394+0000] {spark_submit.py:644} INFO - ^^^^^^^^^^^^^
[2025-06-09T07:41:49.398+0000] {spark_submit.py:644} INFO - File "/home/***/.local/lib/python3.11/site-packages/pyspark/python/lib/pyspark.zip/pyspark/sql/session.py", line 559, in getOrCreate
[2025-06-09T07:41:49.401+0000] {spark_submit.py:644} INFO - File "/home/***/.local/lib/python3.11/site-packages/pyspark/python/lib/pyspark.zip/pyspark/sql/session.py", line 641, in __init__
[2025-06-09T07:41:49.404+0000] {spark_submit.py:644} INFO - File "/home/***/.local/lib/python3.11/site-packages/pyspark/python/lib/py4j-0.10.9.9-src.zip/py4j/java_gateway.py", line 1627, in __call__
[2025-06-09T07:41:49.404+0000] {spark_submit.py:644} INFO - File "/home/***/.local/lib/python3.11/site-packages/pyspark/python/lib/py4j-0.10.9.9-src.zip/py4j/protocol.py", line 327, in get_return_value
[2025-06-09T07:41:49.405+0000] {spark_submit.py:644} INFO - py4j.protocol.Py4JJavaError: An error occurred while calling None.org.apache.spark.sql.classic.SparkSession.
[2025-06-09T07:41:49.405+0000] {spark_submit.py:644} INFO - : java.lang.IllegalStateException: Cannot call methods on a stopped SparkContext.
[2025-06-09T07:41:49.405+0000] {spark_submit.py:644} INFO - This stopped SparkContext was created at:
[2025-06-09T07:41:49.405+0000] {spark_submit.py:644} INFO - 
[2025-06-09T07:41:49.405+0000] {spark_submit.py:644} INFO - org.apache.spark.api.java.JavaSparkContext.<init>(JavaSparkContext.scala:59)
[2025-06-09T07:41:49.405+0000] {spark_submit.py:644} INFO - java.base/jdk.internal.reflect.NativeConstructorAccessorImpl.newInstance0(Native Method)
[2025-06-09T07:41:49.406+0000] {spark_submit.py:644} INFO - java.base/jdk.internal.reflect.NativeConstructorAccessorImpl.newInstance(NativeConstructorAccessorImpl.java:77)
[2025-06-09T07:41:49.406+0000] {spark_submit.py:644} INFO - java.base/jdk.internal.reflect.DelegatingConstructorAccessorImpl.newInstance(DelegatingConstructorAccessorImpl.java:45)
[2025-06-09T07:41:49.406+0000] {spark_submit.py:644} INFO - java.base/java.lang.reflect.Constructor.newInstanceWithCaller(Constructor.java:500)
[2025-06-09T07:41:49.406+0000] {spark_submit.py:644} INFO - java.base/java.lang.reflect.Constructor.newInstance(Constructor.java:481)
[2025-06-09T07:41:49.406+0000] {spark_submit.py:644} INFO - py4j.reflection.MethodInvoker.invoke(MethodInvoker.java:247)
[2025-06-09T07:41:49.408+0000] {spark_submit.py:644} INFO - py4j.reflection.ReflectionEngine.invoke(ReflectionEngine.java:374)
[2025-06-09T07:41:49.409+0000] {spark_submit.py:644} INFO - py4j.Gateway.invoke(Gateway.java:238)
[2025-06-09T07:41:49.409+0000] {spark_submit.py:644} INFO - py4j.commands.ConstructorCommand.invokeConstructor(ConstructorCommand.java:80)
[2025-06-09T07:41:49.409+0000] {spark_submit.py:644} INFO - py4j.commands.ConstructorCommand.execute(ConstructorCommand.java:69)
[2025-06-09T07:41:49.409+0000] {spark_submit.py:644} INFO - py4j.ClientServerConnection.waitForCommands(ClientServerConnection.java:184)
[2025-06-09T07:41:49.409+0000] {spark_submit.py:644} INFO - py4j.ClientServerConnection.run(ClientServerConnection.java:108)
[2025-06-09T07:41:49.409+0000] {spark_submit.py:644} INFO - java.base/java.lang.Thread.run(Thread.java:840)
[2025-06-09T07:41:49.409+0000] {spark_submit.py:644} INFO - 
[2025-06-09T07:41:49.410+0000] {spark_submit.py:644} INFO - And it was stopped at:
[2025-06-09T07:41:49.410+0000] {spark_submit.py:644} INFO - 
[2025-06-09T07:41:49.410+0000] {spark_submit.py:644} INFO - org.apache.spark.SparkContext$$anon$3.run(SparkContext.scala:2284)
[2025-06-09T07:41:49.410+0000] {spark_submit.py:644} INFO - 
[2025-06-09T07:41:49.410+0000] {spark_submit.py:644} INFO - The currently active SparkContext was created at:
[2025-06-09T07:41:49.410+0000] {spark_submit.py:644} INFO - 
[2025-06-09T07:41:49.410+0000] {spark_submit.py:644} INFO - (No active SparkContext.)
[2025-06-09T07:41:49.410+0000] {spark_submit.py:644} INFO - 
[2025-06-09T07:41:49.411+0000] {spark_submit.py:644} INFO - at org.apache.spark.SparkContext.assertNotStopped(SparkContext.scala:128)
[2025-06-09T07:41:49.411+0000] {spark_submit.py:644} INFO - at org.apache.spark.sql.classic.SparkSession.<init>(SparkSession.scala:124)
[2025-06-09T07:41:49.411+0000] {spark_submit.py:644} INFO - at org.apache.spark.sql.classic.SparkSession.<init>(SparkSession.scala:117)
[2025-06-09T07:41:49.411+0000] {spark_submit.py:644} INFO - at java.base/jdk.internal.reflect.NativeConstructorAccessorImpl.newInstance0(Native Method)
[2025-06-09T07:41:49.411+0000] {spark_submit.py:644} INFO - at java.base/jdk.internal.reflect.NativeConstructorAccessorImpl.newInstance(NativeConstructorAccessorImpl.java:77)
[2025-06-09T07:41:49.411+0000] {spark_submit.py:644} INFO - at java.base/jdk.internal.reflect.DelegatingConstructorAccessorImpl.newInstance(DelegatingConstructorAccessorImpl.java:45)
[2025-06-09T07:41:49.411+0000] {spark_submit.py:644} INFO - at java.base/java.lang.reflect.Constructor.newInstanceWithCaller(Constructor.java:500)
[2025-06-09T07:41:49.411+0000] {spark_submit.py:644} INFO - at java.base/java.lang.reflect.Constructor.newInstance(Constructor.java:481)
[2025-06-09T07:41:49.412+0000] {spark_submit.py:644} INFO - at py4j.reflection.MethodInvoker.invoke(MethodInvoker.java:247)
[2025-06-09T07:41:49.412+0000] {spark_submit.py:644} INFO - at py4j.reflection.ReflectionEngine.invoke(ReflectionEngine.java:374)
[2025-06-09T07:41:49.412+0000] {spark_submit.py:644} INFO - at py4j.Gateway.invoke(Gateway.java:238)
[2025-06-09T07:41:49.412+0000] {spark_submit.py:644} INFO - at py4j.commands.ConstructorCommand.invokeConstructor(ConstructorCommand.java:80)
[2025-06-09T07:41:49.412+0000] {spark_submit.py:644} INFO - at py4j.commands.ConstructorCommand.execute(ConstructorCommand.java:69)
[2025-06-09T07:41:49.412+0000] {spark_submit.py:644} INFO - at py4j.ClientServerConnection.waitForCommands(ClientServerConnection.java:184)
[2025-06-09T07:41:49.412+0000] {spark_submit.py:644} INFO - at py4j.ClientServerConnection.run(ClientServerConnection.java:108)
[2025-06-09T07:41:49.412+0000] {spark_submit.py:644} INFO - at java.base/java.lang.Thread.run(Thread.java:840)
[2025-06-09T07:41:49.413+0000] {spark_submit.py:644} INFO - 
[2025-06-09T07:41:49.465+0000] {spark_submit.py:644} INFO - 25/06/09 07:41:49 INFO ShutdownHookManager: Shutdown hook called
[2025-06-09T07:41:49.466+0000] {spark_submit.py:644} INFO - 25/06/09 07:41:49 INFO ShutdownHookManager: Deleting directory /tmp/spark-824906ba-2593-473f-9e03-491263444ad8
[2025-06-09T07:41:49.468+0000] {spark_submit.py:644} INFO - 25/06/09 07:41:49 INFO ShutdownHookManager: Deleting directory /tmp/spark-f0d33837-3ca9-4ff8-88a7-efd0f1d7180d
[2025-06-09T07:41:49.470+0000] {spark_submit.py:644} INFO - 25/06/09 07:41:49 INFO ShutdownHookManager: Deleting directory /tmp/spark-824906ba-2593-473f-9e03-491263444ad8/pyspark-549325ab-2391-432c-b24b-e8c08204da4d
[2025-06-09T07:41:49.508+0000] {taskinstance.py:3311} ERROR - Task failed with exception
Traceback (most recent call last):
  File "/home/airflow/.local/lib/python3.11/site-packages/airflow/models/taskinstance.py", line 767, in _execute_task
    result = _execute_callable(context=context, **execute_callable_kwargs)
             ^^^^^^^^^^^^^^^^^^^^^^^^^^^^^^^^^^^^^^^^^^^^^^^^^^^^^^^^^^^^^
  File "/home/airflow/.local/lib/python3.11/site-packages/airflow/models/taskinstance.py", line 733, in _execute_callable
    return ExecutionCallableRunner(
           ^^^^^^^^^^^^^^^^^^^^^^^^
  File "/home/airflow/.local/lib/python3.11/site-packages/airflow/utils/operator_helpers.py", line 252, in run
    return self.func(*args, **kwargs)
           ^^^^^^^^^^^^^^^^^^^^^^^^^^
  File "/home/airflow/.local/lib/python3.11/site-packages/airflow/models/baseoperator.py", line 417, in wrapper
    return func(self, *args, **kwargs)
           ^^^^^^^^^^^^^^^^^^^^^^^^^^^
  File "/home/airflow/.local/lib/python3.11/site-packages/airflow/providers/apache/spark/operators/spark_submit.py", line 197, in execute
    self._hook.submit(self.application)
  File "/home/airflow/.local/lib/python3.11/site-packages/airflow/providers/apache/spark/hooks/spark_submit.py", line 566, in submit
    raise AirflowException(
airflow.exceptions.AirflowException: Cannot execute: spark-submit --master spark://spark-master:7077 --conf spark.sql.extensions=io.delta.sql.DeltaSparkSessionExtension --conf spark.sql.catalog.spark_catalog=org.apache.spark.sql.delta.catalog.DeltaCatalog --conf spark.hadoop.fs.s3a.endpoint=http://minio:9000 --conf spark.hadoop.fs.s3a.access.key=minioadmin --conf spark.hadoop.fs.s3a.secret.key=****** --conf spark.hadoop.fs.s3a.path.style.access=true --conf spark.hadoop.fs.s3a.impl=org.apache.hadoop.fs.s3a.S3AFileSystem --conf spark.hadoop.fs.s3a.aws.credentials.provider=org.apache.hadoop.fs.s3a.SimpleAWSCredentialsProvider --name arrow-spark --queue root.default --deploy-mode client dags/bronze_ingestion_sc_stats_etl.py --output_path s3a://mybucket/sc_stats_db/bronze/raw_data. Error code is: 1.
[2025-06-09T07:41:49.510+0000] {taskinstance.py:1225} INFO - Marking task as FAILED. dag_id=stephen_curry_stats_medallion_etl, task_id=bronze_ingestion, run_id=manual__2025-06-09T07:40:43.086198+00:00, execution_date=20250609T074043, start_date=20250609T074045, end_date=20250609T074149
[2025-06-09T07:41:49.515+0000] {taskinstance.py:340} INFO - ::group::Post task execution logs
[2025-06-09T07:41:49.515+0000] {standard_task_runner.py:124} ERROR - Failed to execute job 18 for task bronze_ingestion (Cannot execute: spark-submit --master spark://spark-master:7077 --conf spark.sql.extensions=io.delta.sql.DeltaSparkSessionExtension --conf spark.sql.catalog.spark_catalog=org.apache.spark.sql.delta.catalog.DeltaCatalog --conf spark.hadoop.fs.s3a.endpoint=http://minio:9000 --conf spark.hadoop.fs.s3a.access.key=minioadmin --conf spark.hadoop.fs.s3a.secret.key=****** --conf spark.hadoop.fs.s3a.path.style.access=true --conf spark.hadoop.fs.s3a.impl=org.apache.hadoop.fs.s3a.S3AFileSystem --conf spark.hadoop.fs.s3a.aws.credentials.provider=org.apache.hadoop.fs.s3a.SimpleAWSCredentialsProvider --name arrow-spark --queue root.default --deploy-mode client dags/bronze_ingestion_sc_stats_etl.py --output_path s3a://mybucket/sc_stats_db/bronze/raw_data. Error code is: 1.; 195)
Traceback (most recent call last):
  File "/home/airflow/.local/lib/python3.11/site-packages/airflow/task/task_runner/standard_task_runner.py", line 117, in _start_by_fork
    ret = args.func(args, dag=self.dag)
          ^^^^^^^^^^^^^^^^^^^^^^^^^^^^^
  File "/home/airflow/.local/lib/python3.11/site-packages/airflow/cli/cli_config.py", line 49, in command
    return func(*args, **kwargs)
           ^^^^^^^^^^^^^^^^^^^^^
  File "/home/airflow/.local/lib/python3.11/site-packages/airflow/utils/cli.py", line 116, in wrapper
    return f(*args, **kwargs)
           ^^^^^^^^^^^^^^^^^^
  File "/home/airflow/.local/lib/python3.11/site-packages/airflow/cli/commands/task_command.py", line 483, in task_run
    task_return_code = _run_task_by_selected_method(args, _dag, ti)
                       ^^^^^^^^^^^^^^^^^^^^^^^^^^^^^^^^^^^^^^^^^^^^
  File "/home/airflow/.local/lib/python3.11/site-packages/airflow/cli/commands/task_command.py", line 256, in _run_task_by_selected_method
    return _run_raw_task(args, ti)
           ^^^^^^^^^^^^^^^^^^^^^^^
  File "/home/airflow/.local/lib/python3.11/site-packages/airflow/cli/commands/task_command.py", line 341, in _run_raw_task
    return ti._run_raw_task(
           ^^^^^^^^^^^^^^^^^
  File "/home/airflow/.local/lib/python3.11/site-packages/airflow/utils/session.py", line 97, in wrapper
    return func(*args, session=session, **kwargs)
           ^^^^^^^^^^^^^^^^^^^^^^^^^^^^^^^^^^^^^^
  File "/home/airflow/.local/lib/python3.11/site-packages/airflow/models/taskinstance.py", line 3005, in _run_raw_task
    return _run_raw_task(
           ^^^^^^^^^^^^^^
  File "/home/airflow/.local/lib/python3.11/site-packages/airflow/models/taskinstance.py", line 273, in _run_raw_task
    TaskInstance._execute_task_with_callbacks(
  File "/home/airflow/.local/lib/python3.11/site-packages/airflow/models/taskinstance.py", line 3159, in _execute_task_with_callbacks
    result = self._execute_task(context, task_orig)
             ^^^^^^^^^^^^^^^^^^^^^^^^^^^^^^^^^^^^^^
  File "/home/airflow/.local/lib/python3.11/site-packages/airflow/models/taskinstance.py", line 3183, in _execute_task
    return _execute_task(self, context, task_orig)
           ^^^^^^^^^^^^^^^^^^^^^^^^^^^^^^^^^^^^^^^
  File "/home/airflow/.local/lib/python3.11/site-packages/airflow/models/taskinstance.py", line 767, in _execute_task
    result = _execute_callable(context=context, **execute_callable_kwargs)
             ^^^^^^^^^^^^^^^^^^^^^^^^^^^^^^^^^^^^^^^^^^^^^^^^^^^^^^^^^^^^^
  File "/home/airflow/.local/lib/python3.11/site-packages/airflow/models/taskinstance.py", line 733, in _execute_callable
    return ExecutionCallableRunner(
           ^^^^^^^^^^^^^^^^^^^^^^^^
  File "/home/airflow/.local/lib/python3.11/site-packages/airflow/utils/operator_helpers.py", line 252, in run
    return self.func(*args, **kwargs)
           ^^^^^^^^^^^^^^^^^^^^^^^^^^
  File "/home/airflow/.local/lib/python3.11/site-packages/airflow/models/baseoperator.py", line 417, in wrapper
    return func(self, *args, **kwargs)
           ^^^^^^^^^^^^^^^^^^^^^^^^^^^
  File "/home/airflow/.local/lib/python3.11/site-packages/airflow/providers/apache/spark/operators/spark_submit.py", line 197, in execute
    self._hook.submit(self.application)
  File "/home/airflow/.local/lib/python3.11/site-packages/airflow/providers/apache/spark/hooks/spark_submit.py", line 566, in submit
    raise AirflowException(
airflow.exceptions.AirflowException: Cannot execute: spark-submit --master spark://spark-master:7077 --conf spark.sql.extensions=io.delta.sql.DeltaSparkSessionExtension --conf spark.sql.catalog.spark_catalog=org.apache.spark.sql.delta.catalog.DeltaCatalog --conf spark.hadoop.fs.s3a.endpoint=http://minio:9000 --conf spark.hadoop.fs.s3a.access.key=minioadmin --conf spark.hadoop.fs.s3a.secret.key=****** --conf spark.hadoop.fs.s3a.path.style.access=true --conf spark.hadoop.fs.s3a.impl=org.apache.hadoop.fs.s3a.S3AFileSystem --conf spark.hadoop.fs.s3a.aws.credentials.provider=org.apache.hadoop.fs.s3a.SimpleAWSCredentialsProvider --name arrow-spark --queue root.default --deploy-mode client dags/bronze_ingestion_sc_stats_etl.py --output_path s3a://mybucket/sc_stats_db/bronze/raw_data. Error code is: 1.
[2025-06-09T07:41:49.535+0000] {local_task_job_runner.py:266} INFO - Task exited with return code 1
[2025-06-09T07:41:49.547+0000] {taskinstance.py:3895} INFO - 0 downstream tasks scheduled from follow-on schedule check
[2025-06-09T07:41:49.549+0000] {local_task_job_runner.py:245} INFO - ::endgroup::
