[2025-06-07T10:58:00.229+0000] {local_task_job_runner.py:123} INFO - ::group::Pre task execution logs
[2025-06-07T10:58:00.238+0000] {taskinstance.py:2613} INFO - Dependencies all met for dep_context=non-requeueable deps ti=<TaskInstance: curry_medallion_etl.submit_bronze_etl_job manual__2025-06-07T10:57:57.904935+00:00 [queued]>
[2025-06-07T10:58:00.241+0000] {taskinstance.py:2613} INFO - Dependencies all met for dep_context=requeueable deps ti=<TaskInstance: curry_medallion_etl.submit_bronze_etl_job manual__2025-06-07T10:57:57.904935+00:00 [queued]>
[2025-06-07T10:58:00.241+0000] {taskinstance.py:2866} INFO - Starting attempt 1 of 1
[2025-06-07T10:58:00.246+0000] {taskinstance.py:2889} INFO - Executing <Task(SparkSubmitOperator): submit_bronze_etl_job> on 2025-06-07 10:57:57.904935+00:00
[2025-06-07T10:58:00.248+0000] {standard_task_runner.py:72} INFO - Started process 5779 to run task
[2025-06-07T10:58:00.250+0000] {standard_task_runner.py:104} INFO - Running: ['***', 'tasks', 'run', 'curry_medallion_etl', 'submit_bronze_etl_job', 'manual__2025-06-07T10:57:57.904935+00:00', '--job-id', '42', '--raw', '--subdir', 'DAGS_FOLDER/medallion_sales_etl_dag.py', '--cfg-path', '/tmp/tmpx37grtcq']
[2025-06-07T10:58:00.252+0000] {standard_task_runner.py:105} INFO - Job 42: Subtask submit_bronze_etl_job
[2025-06-07T10:58:00.279+0000] {task_command.py:467} INFO - Running <TaskInstance: curry_medallion_etl.submit_bronze_etl_job manual__2025-06-07T10:57:57.904935+00:00 [running]> on host 1ed3a5ab4297
[2025-06-07T10:58:00.324+0000] {taskinstance.py:3132} INFO - Exporting env vars: AIRFLOW_CTX_DAG_OWNER='qdinh18' AIRFLOW_CTX_DAG_ID='curry_medallion_etl' AIRFLOW_CTX_TASK_ID='submit_bronze_etl_job' AIRFLOW_CTX_EXECUTION_DATE='2025-06-07T10:57:57.904935+00:00' AIRFLOW_CTX_TRY_NUMBER='1' AIRFLOW_CTX_DAG_RUN_ID='manual__2025-06-07T10:57:57.904935+00:00'
[2025-06-07T10:58:00.324+0000] {taskinstance.py:731} INFO - ::endgroup::
[2025-06-07T10:58:00.339+0000] {base.py:84} INFO - Retrieving connection 'spark_default'
[2025-06-07T10:58:00.341+0000] {spark_submit.py:474} INFO - Spark-Submit cmd: spark-submit --master spark://spark-master:7077 --conf spark.executor.memory=2g --conf spark.sql.extensions=io.delta.sql.DeltaSparkSessionExtension --conf spark.sql.catalog.spark_catalog=org.apache.spark.sql.delta.catalog.DeltaCatalog --conf spark.hadoop.fs.s3a.endpoint=http://minio:9000 --conf spark.hadoop.fs.s3a.access.key=minioadmin --conf spark.hadoop.fs.s3a.secret.key=****** --conf spark.hadoop.fs.s3a.path.style.access=true --conf spark.hadoop.fs.s3a.impl=org.apache.hadoop.fs.s3a.S3AFileSystem --packages org.apache.hadoop:hadoop-aws:3.3.4,com.amazonaws:aws-java-sdk-bundle:1.12.262,io.delta:delta-spark_2.12:3.1.0 --name bronze_sc_stats_etl --verbose --queue root.default --deploy-mode client /opt/***/dags/bronze_ingestion_sc_stats_etl.py --output_path s3a://mybucket/bronze/curry_raw_data/
[2025-06-07T10:58:01.144+0000] {spark_submit.py:644} INFO - Using properties file: null
[2025-06-07T10:58:01.201+0000] {spark_submit.py:644} INFO - Parsed arguments:
[2025-06-07T10:58:01.201+0000] {spark_submit.py:644} INFO - master                  spark://spark-master:7077
[2025-06-07T10:58:01.202+0000] {spark_submit.py:644} INFO - remote                  null
[2025-06-07T10:58:01.202+0000] {spark_submit.py:644} INFO - deployMode              client
[2025-06-07T10:58:01.202+0000] {spark_submit.py:644} INFO - executorMemory          2g
[2025-06-07T10:58:01.202+0000] {spark_submit.py:644} INFO - executorCores           null
[2025-06-07T10:58:01.202+0000] {spark_submit.py:644} INFO - totalExecutorCores      null
[2025-06-07T10:58:01.203+0000] {spark_submit.py:644} INFO - propertiesFile          null
[2025-06-07T10:58:01.203+0000] {spark_submit.py:644} INFO - driverMemory            null
[2025-06-07T10:58:01.203+0000] {spark_submit.py:644} INFO - driverCores             null
[2025-06-07T10:58:01.203+0000] {spark_submit.py:644} INFO - driverExtraClassPath    null
[2025-06-07T10:58:01.203+0000] {spark_submit.py:644} INFO - driverExtraLibraryPath  null
[2025-06-07T10:58:01.203+0000] {spark_submit.py:644} INFO - driverExtraJavaOptions  null
[2025-06-07T10:58:01.203+0000] {spark_submit.py:644} INFO - supervise               false
[2025-06-07T10:58:01.204+0000] {spark_submit.py:644} INFO - queue                   root.default
[2025-06-07T10:58:01.204+0000] {spark_submit.py:644} INFO - numExecutors            null
[2025-06-07T10:58:01.204+0000] {spark_submit.py:644} INFO - files                   null
[2025-06-07T10:58:01.204+0000] {spark_submit.py:644} INFO - pyFiles                 null
[2025-06-07T10:58:01.204+0000] {spark_submit.py:644} INFO - archives                null
[2025-06-07T10:58:01.204+0000] {spark_submit.py:644} INFO - mainClass               null
[2025-06-07T10:58:01.205+0000] {spark_submit.py:644} INFO - primaryResource         file:/opt/***/dags/bronze_ingestion_sc_stats_etl.py
[2025-06-07T10:58:01.205+0000] {spark_submit.py:644} INFO - name                    bronze_sc_stats_etl
[2025-06-07T10:58:01.205+0000] {spark_submit.py:644} INFO - childArgs               [--output_path s3a://mybucket/bronze/curry_raw_data/]
[2025-06-07T10:58:01.205+0000] {spark_submit.py:644} INFO - jars                    null
[2025-06-07T10:58:01.205+0000] {spark_submit.py:644} INFO - packages                org.apache.hadoop:hadoop-aws:3.3.4,com.amazonaws:aws-java-sdk-bundle:1.12.262,io.delta:delta-spark_2.12:3.1.0
[2025-06-07T10:58:01.206+0000] {spark_submit.py:644} INFO - packagesExclusions      null
[2025-06-07T10:58:01.206+0000] {spark_submit.py:644} INFO - repositories            null
[2025-06-07T10:58:01.206+0000] {spark_submit.py:644} INFO - verbose                 true
[2025-06-07T10:58:01.206+0000] {spark_submit.py:644} INFO - 
[2025-06-07T10:58:01.206+0000] {spark_submit.py:644} INFO - Spark properties used, including those specified through
[2025-06-07T10:58:01.207+0000] {spark_submit.py:644} INFO - --conf and those from the properties file null:
[2025-06-07T10:58:01.207+0000] {spark_submit.py:644} INFO - (spark.executor.memory,2g)
[2025-06-07T10:58:01.207+0000] {spark_submit.py:644} INFO - (spark.hadoop.fs.s3a.access.key,*********(redacted))
[2025-06-07T10:58:01.207+0000] {spark_submit.py:644} INFO - (spark.hadoop.fs.s3a.endpoint,http://minio:9000)
[2025-06-07T10:58:01.207+0000] {spark_submit.py:644} INFO - (spark.hadoop.fs.s3a.impl,org.apache.hadoop.fs.s3a.S3AFileSystem)
[2025-06-07T10:58:01.207+0000] {spark_submit.py:644} INFO - (spark.hadoop.fs.s3a.path.style.access,true)
[2025-06-07T10:58:01.207+0000] {spark_submit.py:644} INFO - (spark.hadoop.fs.s3a.secret.key,*********(redacted))
[2025-06-07T10:58:01.208+0000] {spark_submit.py:644} INFO - (spark.sql.catalog.spark_catalog,org.apache.spark.sql.delta.catalog.DeltaCatalog)
[2025-06-07T10:58:01.208+0000] {spark_submit.py:644} INFO - (spark.sql.extensions,io.delta.sql.DeltaSparkSessionExtension)
[2025-06-07T10:58:01.208+0000] {spark_submit.py:644} INFO - 
[2025-06-07T10:58:01.208+0000] {spark_submit.py:644} INFO - 
[2025-06-07T10:58:01.279+0000] {spark_submit.py:644} INFO - :: loading settings :: url = jar:file:/home/***/.local/lib/python3.11/site-packages/pyspark/jars/ivy-2.5.1.jar!/org/apache/ivy/core/settings/ivysettings.xml
[2025-06-07T10:58:01.319+0000] {spark_submit.py:644} INFO - Ivy Default Cache set to: /home/***/.ivy2/cache
[2025-06-07T10:58:01.320+0000] {spark_submit.py:644} INFO - The jars for the packages stored in: /home/***/.ivy2/jars
[2025-06-07T10:58:01.322+0000] {spark_submit.py:644} INFO - org.apache.hadoop#hadoop-aws added as a dependency
[2025-06-07T10:58:01.322+0000] {spark_submit.py:644} INFO - com.amazonaws#aws-java-sdk-bundle added as a dependency
[2025-06-07T10:58:01.322+0000] {spark_submit.py:644} INFO - io.delta#delta-spark_2.12 added as a dependency
[2025-06-07T10:58:01.323+0000] {spark_submit.py:644} INFO - :: resolving dependencies :: org.apache.spark#spark-submit-parent-481fe33e-df8b-4dd4-9693-e271906d519a;1.0
[2025-06-07T10:58:01.323+0000] {spark_submit.py:644} INFO - confs: [default]
[2025-06-07T10:58:01.414+0000] {spark_submit.py:644} INFO - found org.apache.hadoop#hadoop-aws;3.3.4 in central
[2025-06-07T10:58:01.426+0000] {spark_submit.py:644} INFO - found com.amazonaws#aws-java-sdk-bundle;1.12.262 in central
[2025-06-07T10:58:01.436+0000] {spark_submit.py:644} INFO - found org.wildfly.openssl#wildfly-openssl;1.0.7.Final in central
[2025-06-07T10:58:01.445+0000] {spark_submit.py:644} INFO - found io.delta#delta-spark_2.12;3.1.0 in central
[2025-06-07T10:58:01.454+0000] {spark_submit.py:644} INFO - found io.delta#delta-storage;3.1.0 in central
[2025-06-07T10:58:01.462+0000] {spark_submit.py:644} INFO - found org.antlr#antlr4-runtime;4.9.3 in central
[2025-06-07T10:58:01.472+0000] {spark_submit.py:644} INFO - :: resolution report :: resolve 145ms :: artifacts dl 4ms
[2025-06-07T10:58:01.472+0000] {spark_submit.py:644} INFO - :: modules in use:
[2025-06-07T10:58:01.472+0000] {spark_submit.py:644} INFO - com.amazonaws#aws-java-sdk-bundle;1.12.262 from central in [default]
[2025-06-07T10:58:01.472+0000] {spark_submit.py:644} INFO - io.delta#delta-spark_2.12;3.1.0 from central in [default]
[2025-06-07T10:58:01.473+0000] {spark_submit.py:644} INFO - io.delta#delta-storage;3.1.0 from central in [default]
[2025-06-07T10:58:01.473+0000] {spark_submit.py:644} INFO - org.antlr#antlr4-runtime;4.9.3 from central in [default]
[2025-06-07T10:58:01.473+0000] {spark_submit.py:644} INFO - org.apache.hadoop#hadoop-aws;3.3.4 from central in [default]
[2025-06-07T10:58:01.473+0000] {spark_submit.py:644} INFO - org.wildfly.openssl#wildfly-openssl;1.0.7.Final from central in [default]
[2025-06-07T10:58:01.473+0000] {spark_submit.py:644} INFO - ---------------------------------------------------------------------
[2025-06-07T10:58:01.474+0000] {spark_submit.py:644} INFO - |                  |            modules            ||   artifacts   |
[2025-06-07T10:58:01.474+0000] {spark_submit.py:644} INFO - |       conf       | number| search|dwnlded|evicted|| number|dwnlded|
[2025-06-07T10:58:01.474+0000] {spark_submit.py:644} INFO - ---------------------------------------------------------------------
[2025-06-07T10:58:01.474+0000] {spark_submit.py:644} INFO - |      default     |   6   |   0   |   0   |   0   ||   6   |   0   |
[2025-06-07T10:58:01.475+0000] {spark_submit.py:644} INFO - ---------------------------------------------------------------------
[2025-06-07T10:58:01.475+0000] {spark_submit.py:644} INFO - :: retrieving :: org.apache.spark#spark-submit-parent-481fe33e-df8b-4dd4-9693-e271906d519a
[2025-06-07T10:58:01.475+0000] {spark_submit.py:644} INFO - confs: [default]
[2025-06-07T10:58:01.477+0000] {spark_submit.py:644} INFO - 0 artifacts copied, 6 already retrieved (0kB/3ms)
[2025-06-07T10:58:01.591+0000] {spark_submit.py:644} INFO - 25/06/07 10:58:01 WARN NativeCodeLoader: Unable to load native-hadoop library for your platform... using builtin-java classes where applicable
[2025-06-07T10:58:01.710+0000] {spark_submit.py:644} INFO - Main class:
[2025-06-07T10:58:01.711+0000] {spark_submit.py:644} INFO - org.apache.spark.deploy.PythonRunner
[2025-06-07T10:58:01.711+0000] {spark_submit.py:644} INFO - Arguments:
[2025-06-07T10:58:01.712+0000] {spark_submit.py:644} INFO - file:/opt/***/dags/bronze_ingestion_sc_stats_etl.py
[2025-06-07T10:58:01.712+0000] {spark_submit.py:644} INFO - file:///home/***/.ivy2/jars/org.apache.hadoop_hadoop-aws-3.3.4.jar,file:///home/***/.ivy2/jars/com.amazonaws_aws-java-sdk-bundle-1.12.262.jar,file:///home/***/.ivy2/jars/io.delta_delta-spark_2.12-3.1.0.jar,file:///home/***/.ivy2/jars/org.wildfly.openssl_wildfly-openssl-1.0.7.Final.jar,file:///home/***/.ivy2/jars/io.delta_delta-storage-3.1.0.jar,file:///home/***/.ivy2/jars/org.antlr_antlr4-runtime-4.9.3.jar
[2025-06-07T10:58:01.712+0000] {spark_submit.py:644} INFO - --output_path
[2025-06-07T10:58:01.713+0000] {spark_submit.py:644} INFO - s3a://mybucket/bronze/curry_raw_data/
[2025-06-07T10:58:01.713+0000] {spark_submit.py:644} INFO - Spark config:
[2025-06-07T10:58:01.713+0000] {spark_submit.py:644} INFO - (spark.app.name,bronze_sc_stats_etl)
[2025-06-07T10:58:01.713+0000] {spark_submit.py:644} INFO - (spark.app.submitTime,1749293881701)
[2025-06-07T10:58:01.714+0000] {spark_submit.py:644} INFO - (spark.executor.memory,2g)
[2025-06-07T10:58:01.714+0000] {spark_submit.py:644} INFO - (spark.files,file:///home/***/.ivy2/jars/org.apache.hadoop_hadoop-aws-3.3.4.jar,file:///home/***/.ivy2/jars/com.amazonaws_aws-java-sdk-bundle-1.12.262.jar,file:///home/***/.ivy2/jars/io.delta_delta-spark_2.12-3.1.0.jar,file:///home/***/.ivy2/jars/org.wildfly.openssl_wildfly-openssl-1.0.7.Final.jar,file:///home/***/.ivy2/jars/io.delta_delta-storage-3.1.0.jar,file:///home/***/.ivy2/jars/org.antlr_antlr4-runtime-4.9.3.jar)
[2025-06-07T10:58:01.714+0000] {spark_submit.py:644} INFO - (spark.hadoop.fs.s3a.access.key,*********(redacted))
[2025-06-07T10:58:01.714+0000] {spark_submit.py:644} INFO - (spark.hadoop.fs.s3a.endpoint,http://minio:9000)
[2025-06-07T10:58:01.715+0000] {spark_submit.py:644} INFO - (spark.hadoop.fs.s3a.impl,org.apache.hadoop.fs.s3a.S3AFileSystem)
[2025-06-07T10:58:01.715+0000] {spark_submit.py:644} INFO - (spark.hadoop.fs.s3a.path.style.access,true)
[2025-06-07T10:58:01.715+0000] {spark_submit.py:644} INFO - (spark.hadoop.fs.s3a.secret.key,*********(redacted))
[2025-06-07T10:58:01.715+0000] {spark_submit.py:644} INFO - (spark.jars,file:///home/***/.ivy2/jars/org.apache.hadoop_hadoop-aws-3.3.4.jar,file:///home/***/.ivy2/jars/com.amazonaws_aws-java-sdk-bundle-1.12.262.jar,file:///home/***/.ivy2/jars/io.delta_delta-spark_2.12-3.1.0.jar,file:///home/***/.ivy2/jars/org.wildfly.openssl_wildfly-openssl-1.0.7.Final.jar,file:///home/***/.ivy2/jars/io.delta_delta-storage-3.1.0.jar,file:///home/***/.ivy2/jars/org.antlr_antlr4-runtime-4.9.3.jar)
[2025-06-07T10:58:01.716+0000] {spark_submit.py:644} INFO - (spark.master,spark://spark-master:7077)
[2025-06-07T10:58:01.716+0000] {spark_submit.py:644} INFO - (spark.repl.local.jars,file:///home/***/.ivy2/jars/org.apache.hadoop_hadoop-aws-3.3.4.jar,file:///home/***/.ivy2/jars/com.amazonaws_aws-java-sdk-bundle-1.12.262.jar,file:///home/***/.ivy2/jars/io.delta_delta-spark_2.12-3.1.0.jar,file:///home/***/.ivy2/jars/org.wildfly.openssl_wildfly-openssl-1.0.7.Final.jar,file:///home/***/.ivy2/jars/io.delta_delta-storage-3.1.0.jar,file:///home/***/.ivy2/jars/org.antlr_antlr4-runtime-4.9.3.jar)
[2025-06-07T10:58:01.716+0000] {spark_submit.py:644} INFO - (spark.sql.catalog.spark_catalog,org.apache.spark.sql.delta.catalog.DeltaCatalog)
[2025-06-07T10:58:01.716+0000] {spark_submit.py:644} INFO - (spark.sql.extensions,io.delta.sql.DeltaSparkSessionExtension)
[2025-06-07T10:58:01.717+0000] {spark_submit.py:644} INFO - (spark.submit.deployMode,client)
[2025-06-07T10:58:01.717+0000] {spark_submit.py:644} INFO - (spark.submit.pyFiles,/home/***/.ivy2/jars/org.apache.hadoop_hadoop-aws-3.3.4.jar,/home/***/.ivy2/jars/com.amazonaws_aws-java-sdk-bundle-1.12.262.jar,/home/***/.ivy2/jars/io.delta_delta-spark_2.12-3.1.0.jar,/home/***/.ivy2/jars/org.wildfly.openssl_wildfly-openssl-1.0.7.Final.jar,/home/***/.ivy2/jars/io.delta_delta-storage-3.1.0.jar,/home/***/.ivy2/jars/org.antlr_antlr4-runtime-4.9.3.jar)
[2025-06-07T10:58:01.717+0000] {spark_submit.py:644} INFO - Classpath elements:
[2025-06-07T10:58:01.717+0000] {spark_submit.py:644} INFO - file:///home/***/.ivy2/jars/org.apache.hadoop_hadoop-aws-3.3.4.jar
[2025-06-07T10:58:01.717+0000] {spark_submit.py:644} INFO - file:///home/***/.ivy2/jars/com.amazonaws_aws-java-sdk-bundle-1.12.262.jar
[2025-06-07T10:58:01.717+0000] {spark_submit.py:644} INFO - file:///home/***/.ivy2/jars/io.delta_delta-spark_2.12-3.1.0.jar
[2025-06-07T10:58:01.718+0000] {spark_submit.py:644} INFO - file:///home/***/.ivy2/jars/org.wildfly.openssl_wildfly-openssl-1.0.7.Final.jar
[2025-06-07T10:58:01.718+0000] {spark_submit.py:644} INFO - file:///home/***/.ivy2/jars/io.delta_delta-storage-3.1.0.jar
[2025-06-07T10:58:01.718+0000] {spark_submit.py:644} INFO - file:///home/***/.ivy2/jars/org.antlr_antlr4-runtime-4.9.3.jar
[2025-06-07T10:58:01.718+0000] {spark_submit.py:644} INFO - 
[2025-06-07T10:58:01.718+0000] {spark_submit.py:644} INFO - 
[2025-06-07T10:58:02.448+0000] {spark_submit.py:644} INFO - 25/06/07 10:58:02 INFO SparkContext: Running Spark version 3.5.2
[2025-06-07T10:58:02.449+0000] {spark_submit.py:644} INFO - 25/06/07 10:58:02 INFO SparkContext: OS info Linux, 6.10.14-linuxkit, aarch64
[2025-06-07T10:58:02.449+0000] {spark_submit.py:644} INFO - 25/06/07 10:58:02 INFO SparkContext: Java version 17.0.15
[2025-06-07T10:58:02.465+0000] {spark_submit.py:644} INFO - 25/06/07 10:58:02 INFO ResourceUtils: ==============================================================
[2025-06-07T10:58:02.466+0000] {spark_submit.py:644} INFO - 25/06/07 10:58:02 INFO ResourceUtils: No custom resources configured for spark.driver.
[2025-06-07T10:58:02.466+0000] {spark_submit.py:644} INFO - 25/06/07 10:58:02 INFO ResourceUtils: ==============================================================
[2025-06-07T10:58:02.466+0000] {spark_submit.py:644} INFO - 25/06/07 10:58:02 INFO SparkContext: Submitted application: BronzeIngestionStephenCurryStats
[2025-06-07T10:58:02.477+0000] {spark_submit.py:644} INFO - 25/06/07 10:58:02 INFO ResourceProfile: Default ResourceProfile created, executor resources: Map(memory -> name: memory, amount: 2048, script: , vendor: , offHeap -> name: offHeap, amount: 0, script: , vendor: ), task resources: Map(cpus -> name: cpus, amount: 1.0)
[2025-06-07T10:58:02.482+0000] {spark_submit.py:644} INFO - 25/06/07 10:58:02 INFO ResourceProfile: Limiting resource is cpu
[2025-06-07T10:58:02.482+0000] {spark_submit.py:644} INFO - 25/06/07 10:58:02 INFO ResourceProfileManager: Added ResourceProfile id: 0
[2025-06-07T10:58:02.515+0000] {spark_submit.py:644} INFO - 25/06/07 10:58:02 INFO SecurityManager: Changing view acls to: ***
[2025-06-07T10:58:02.516+0000] {spark_submit.py:644} INFO - 25/06/07 10:58:02 INFO SecurityManager: Changing modify acls to: ***
[2025-06-07T10:58:02.516+0000] {spark_submit.py:644} INFO - 25/06/07 10:58:02 INFO SecurityManager: Changing view acls groups to:
[2025-06-07T10:58:02.516+0000] {spark_submit.py:644} INFO - 25/06/07 10:58:02 INFO SecurityManager: Changing modify acls groups to:
[2025-06-07T10:58:02.516+0000] {spark_submit.py:644} INFO - 25/06/07 10:58:02 INFO SecurityManager: SecurityManager: authentication disabled; ui acls disabled; users with view permissions: ***; groups with view permissions: EMPTY; users with modify permissions: ***; groups with modify permissions: EMPTY
[2025-06-07T10:58:02.645+0000] {spark_submit.py:644} INFO - 25/06/07 10:58:02 INFO Utils: Successfully started service 'sparkDriver' on port 42623.
[2025-06-07T10:58:02.673+0000] {spark_submit.py:644} INFO - 25/06/07 10:58:02 INFO SparkEnv: Registering MapOutputTracker
[2025-06-07T10:58:02.699+0000] {spark_submit.py:644} INFO - 25/06/07 10:58:02 INFO SparkEnv: Registering BlockManagerMaster
[2025-06-07T10:58:02.709+0000] {spark_submit.py:644} INFO - 25/06/07 10:58:02 INFO BlockManagerMasterEndpoint: Using org.apache.spark.storage.DefaultTopologyMapper for getting topology information
[2025-06-07T10:58:02.710+0000] {spark_submit.py:644} INFO - 25/06/07 10:58:02 INFO BlockManagerMasterEndpoint: BlockManagerMasterEndpoint up
[2025-06-07T10:58:02.712+0000] {spark_submit.py:644} INFO - 25/06/07 10:58:02 INFO SparkEnv: Registering BlockManagerMasterHeartbeat
[2025-06-07T10:58:02.728+0000] {spark_submit.py:644} INFO - 25/06/07 10:58:02 INFO DiskBlockManager: Created local directory at /tmp/blockmgr-eb866dfd-26d7-4ecd-a1a6-ba474605d36a
[2025-06-07T10:58:02.736+0000] {spark_submit.py:644} INFO - 25/06/07 10:58:02 INFO MemoryStore: MemoryStore started with capacity 434.4 MiB
[2025-06-07T10:58:02.745+0000] {spark_submit.py:644} INFO - 25/06/07 10:58:02 INFO SparkEnv: Registering OutputCommitCoordinator
[2025-06-07T10:58:02.821+0000] {spark_submit.py:644} INFO - 25/06/07 10:58:02 INFO JettyUtils: Start Jetty 0.0.0.0:4040 for SparkUI
[2025-06-07T10:58:02.860+0000] {spark_submit.py:644} INFO - 25/06/07 10:58:02 INFO Utils: Successfully started service 'SparkUI' on port 4040.
[2025-06-07T10:58:02.883+0000] {spark_submit.py:644} INFO - 25/06/07 10:58:02 INFO SparkContext: Added JAR file:///home/***/.ivy2/jars/org.apache.hadoop_hadoop-aws-3.3.4.jar at spark://1ed3a5ab4297:42623/jars/org.apache.hadoop_hadoop-aws-3.3.4.jar with timestamp 1749293882444
[2025-06-07T10:58:02.883+0000] {spark_submit.py:644} INFO - 25/06/07 10:58:02 INFO SparkContext: Added JAR file:///home/***/.ivy2/jars/com.amazonaws_aws-java-sdk-bundle-1.12.262.jar at spark://1ed3a5ab4297:42623/jars/com.amazonaws_aws-java-sdk-bundle-1.12.262.jar with timestamp 1749293882444
[2025-06-07T10:58:02.884+0000] {spark_submit.py:644} INFO - 25/06/07 10:58:02 INFO SparkContext: Added JAR file:///home/***/.ivy2/jars/io.delta_delta-spark_2.12-3.1.0.jar at spark://1ed3a5ab4297:42623/jars/io.delta_delta-spark_2.12-3.1.0.jar with timestamp 1749293882444
[2025-06-07T10:58:02.884+0000] {spark_submit.py:644} INFO - 25/06/07 10:58:02 INFO SparkContext: Added JAR file:///home/***/.ivy2/jars/org.wildfly.openssl_wildfly-openssl-1.0.7.Final.jar at spark://1ed3a5ab4297:42623/jars/org.wildfly.openssl_wildfly-openssl-1.0.7.Final.jar with timestamp 1749293882444
[2025-06-07T10:58:02.884+0000] {spark_submit.py:644} INFO - 25/06/07 10:58:02 INFO SparkContext: Added JAR file:///home/***/.ivy2/jars/io.delta_delta-storage-3.1.0.jar at spark://1ed3a5ab4297:42623/jars/io.delta_delta-storage-3.1.0.jar with timestamp 1749293882444
[2025-06-07T10:58:02.884+0000] {spark_submit.py:644} INFO - 25/06/07 10:58:02 INFO SparkContext: Added JAR file:///home/***/.ivy2/jars/org.antlr_antlr4-runtime-4.9.3.jar at spark://1ed3a5ab4297:42623/jars/org.antlr_antlr4-runtime-4.9.3.jar with timestamp 1749293882444
[2025-06-07T10:58:02.885+0000] {spark_submit.py:644} INFO - 25/06/07 10:58:02 INFO SparkContext: Added file file:///home/***/.ivy2/jars/org.apache.hadoop_hadoop-aws-3.3.4.jar at spark://1ed3a5ab4297:42623/files/org.apache.hadoop_hadoop-aws-3.3.4.jar with timestamp 1749293882444
[2025-06-07T10:58:02.886+0000] {spark_submit.py:644} INFO - 25/06/07 10:58:02 INFO Utils: Copying /home/***/.ivy2/jars/org.apache.hadoop_hadoop-aws-3.3.4.jar to /tmp/spark-f5c96fab-4968-460f-b6a9-e6d74892b507/userFiles-06cf1468-e984-4a7b-b058-d5c4a4192663/org.apache.hadoop_hadoop-aws-3.3.4.jar
[2025-06-07T10:58:02.893+0000] {spark_submit.py:644} INFO - 25/06/07 10:58:02 INFO SparkContext: Added file file:///home/***/.ivy2/jars/com.amazonaws_aws-java-sdk-bundle-1.12.262.jar at spark://1ed3a5ab4297:42623/files/com.amazonaws_aws-java-sdk-bundle-1.12.262.jar with timestamp 1749293882444
[2025-06-07T10:58:02.893+0000] {spark_submit.py:644} INFO - 25/06/07 10:58:02 INFO Utils: Copying /home/***/.ivy2/jars/com.amazonaws_aws-java-sdk-bundle-1.12.262.jar to /tmp/spark-f5c96fab-4968-460f-b6a9-e6d74892b507/userFiles-06cf1468-e984-4a7b-b058-d5c4a4192663/com.amazonaws_aws-java-sdk-bundle-1.12.262.jar
[2025-06-07T10:58:03.159+0000] {spark_submit.py:644} INFO - 25/06/07 10:58:03 INFO SparkContext: Added file file:///home/***/.ivy2/jars/io.delta_delta-spark_2.12-3.1.0.jar at spark://1ed3a5ab4297:42623/files/io.delta_delta-spark_2.12-3.1.0.jar with timestamp 1749293882444
[2025-06-07T10:58:03.159+0000] {spark_submit.py:644} INFO - 25/06/07 10:58:03 INFO Utils: Copying /home/***/.ivy2/jars/io.delta_delta-spark_2.12-3.1.0.jar to /tmp/spark-f5c96fab-4968-460f-b6a9-e6d74892b507/userFiles-06cf1468-e984-4a7b-b058-d5c4a4192663/io.delta_delta-spark_2.12-3.1.0.jar
[2025-06-07T10:58:03.166+0000] {spark_submit.py:644} INFO - 25/06/07 10:58:03 INFO SparkContext: Added file file:///home/***/.ivy2/jars/org.wildfly.openssl_wildfly-openssl-1.0.7.Final.jar at spark://1ed3a5ab4297:42623/files/org.wildfly.openssl_wildfly-openssl-1.0.7.Final.jar with timestamp 1749293882444
[2025-06-07T10:58:03.166+0000] {spark_submit.py:644} INFO - 25/06/07 10:58:03 INFO Utils: Copying /home/***/.ivy2/jars/org.wildfly.openssl_wildfly-openssl-1.0.7.Final.jar to /tmp/spark-f5c96fab-4968-460f-b6a9-e6d74892b507/userFiles-06cf1468-e984-4a7b-b058-d5c4a4192663/org.wildfly.openssl_wildfly-openssl-1.0.7.Final.jar
[2025-06-07T10:58:03.169+0000] {spark_submit.py:644} INFO - 25/06/07 10:58:03 INFO SparkContext: Added file file:///home/***/.ivy2/jars/io.delta_delta-storage-3.1.0.jar at spark://1ed3a5ab4297:42623/files/io.delta_delta-storage-3.1.0.jar with timestamp 1749293882444
[2025-06-07T10:58:03.169+0000] {spark_submit.py:644} INFO - 25/06/07 10:58:03 INFO Utils: Copying /home/***/.ivy2/jars/io.delta_delta-storage-3.1.0.jar to /tmp/spark-f5c96fab-4968-460f-b6a9-e6d74892b507/userFiles-06cf1468-e984-4a7b-b058-d5c4a4192663/io.delta_delta-storage-3.1.0.jar
[2025-06-07T10:58:03.171+0000] {spark_submit.py:644} INFO - 25/06/07 10:58:03 INFO SparkContext: Added file file:///home/***/.ivy2/jars/org.antlr_antlr4-runtime-4.9.3.jar at spark://1ed3a5ab4297:42623/files/org.antlr_antlr4-runtime-4.9.3.jar with timestamp 1749293882444
[2025-06-07T10:58:03.172+0000] {spark_submit.py:644} INFO - 25/06/07 10:58:03 INFO Utils: Copying /home/***/.ivy2/jars/org.antlr_antlr4-runtime-4.9.3.jar to /tmp/spark-f5c96fab-4968-460f-b6a9-e6d74892b507/userFiles-06cf1468-e984-4a7b-b058-d5c4a4192663/org.antlr_antlr4-runtime-4.9.3.jar
[2025-06-07T10:58:03.220+0000] {spark_submit.py:644} INFO - 25/06/07 10:58:03 INFO StandaloneAppClient$ClientEndpoint: Connecting to master spark://spark-master:7077...
[2025-06-07T10:58:03.248+0000] {spark_submit.py:644} INFO - 25/06/07 10:58:03 INFO TransportClientFactory: Successfully created connection to spark-master/172.19.0.6:7077 after 16 ms (0 ms spent in bootstraps)
[2025-06-07T10:58:03.298+0000] {spark_submit.py:644} INFO - 25/06/07 10:58:03 INFO StandaloneSchedulerBackend: Connected to Spark cluster with app ID app-20250607105803-0017
[2025-06-07T10:58:03.299+0000] {spark_submit.py:644} INFO - 25/06/07 10:58:03 INFO StandaloneAppClient$ClientEndpoint: Executor added: app-20250607105803-0017/0 on worker-20250607084629-172.19.0.7-38989 (172.19.0.7:38989) with 4 core(s)
[2025-06-07T10:58:03.300+0000] {spark_submit.py:644} INFO - 25/06/07 10:58:03 INFO StandaloneSchedulerBackend: Granted executor ID app-20250607105803-0017/0 on hostPort 172.19.0.7:38989 with 4 core(s), 2.0 GiB RAM
[2025-06-07T10:58:03.303+0000] {spark_submit.py:644} INFO - 25/06/07 10:58:03 INFO Utils: Successfully started service 'org.apache.spark.network.netty.NettyBlockTransferService' on port 35611.
[2025-06-07T10:58:03.304+0000] {spark_submit.py:644} INFO - 25/06/07 10:58:03 INFO NettyBlockTransferService: Server created on 1ed3a5ab4297:35611
[2025-06-07T10:58:03.305+0000] {spark_submit.py:644} INFO - 25/06/07 10:58:03 INFO BlockManager: Using org.apache.spark.storage.RandomBlockReplicationPolicy for block replication policy
[2025-06-07T10:58:03.311+0000] {spark_submit.py:644} INFO - 25/06/07 10:58:03 INFO BlockManagerMaster: Registering BlockManager BlockManagerId(driver, 1ed3a5ab4297, 35611, None)
[2025-06-07T10:58:03.314+0000] {spark_submit.py:644} INFO - 25/06/07 10:58:03 INFO BlockManagerMasterEndpoint: Registering block manager 1ed3a5ab4297:35611 with 434.4 MiB RAM, BlockManagerId(driver, 1ed3a5ab4297, 35611, None)
[2025-06-07T10:58:03.316+0000] {spark_submit.py:644} INFO - 25/06/07 10:58:03 INFO StandaloneAppClient$ClientEndpoint: Executor updated: app-20250607105803-0017/0 is now RUNNING
[2025-06-07T10:58:03.316+0000] {spark_submit.py:644} INFO - 25/06/07 10:58:03 INFO BlockManagerMaster: Registered BlockManager BlockManagerId(driver, 1ed3a5ab4297, 35611, None)
[2025-06-07T10:58:03.316+0000] {spark_submit.py:644} INFO - 25/06/07 10:58:03 INFO BlockManager: Initialized BlockManager: BlockManagerId(driver, 1ed3a5ab4297, 35611, None)
[2025-06-07T10:58:03.522+0000] {spark_submit.py:644} INFO - 25/06/07 10:58:03 INFO StandaloneSchedulerBackend: SchedulerBackend is ready for scheduling beginning after reached minRegisteredResourcesRatio: 0.0
[2025-06-07T10:58:03.695+0000] {spark_submit.py:644} INFO - Bronze Ingestion: Spark session created.
[2025-06-07T10:58:03.699+0000] {spark_submit.py:644} INFO - 25/06/07 10:58:03 INFO SharedState: Setting hive.metastore.warehouse.dir ('null') to the value of spark.sql.warehouse.dir.
[2025-06-07T10:58:03.785+0000] {spark_submit.py:644} INFO - 25/06/07 10:58:03 WARN MetricsConfig: Cannot locate configuration: tried hadoop-metrics2-s3a-file-system.properties,hadoop-metrics2.properties
[2025-06-07T10:58:03.792+0000] {spark_submit.py:644} INFO - 25/06/07 10:58:03 INFO MetricsSystemImpl: Scheduled Metric snapshot period at 10 second(s).
[2025-06-07T10:58:03.792+0000] {spark_submit.py:644} INFO - 25/06/07 10:58:03 INFO MetricsSystemImpl: s3a-file-system metrics system started
[2025-06-07T10:58:04.279+0000] {spark_submit.py:644} INFO - 25/06/07 10:58:04 INFO SharedState: Warehouse path is 's3a://mybucket'.
[2025-06-07T10:58:05.036+0000] {spark_submit.py:644} INFO - 25/06/07 10:58:05 INFO InMemoryFileIndex: It took 36 ms to list leaf files for 1 paths.
[2025-06-07T10:58:05.313+0000] {spark_submit.py:644} INFO - 25/06/07 10:58:05 INFO StandaloneSchedulerBackend$StandaloneDriverEndpoint: Registered executor NettyRpcEndpointRef(spark-client://Executor) (172.19.0.7:41738) with ID 0,  ResourceProfileId 0
[2025-06-07T10:58:05.364+0000] {spark_submit.py:644} INFO - 25/06/07 10:58:05 INFO BlockManagerMasterEndpoint: Registering block manager 172.19.0.7:41461 with 1048.8 MiB RAM, BlockManagerId(0, 172.19.0.7, 41461, None)
[2025-06-07T10:58:05.621+0000] {spark_submit.py:644} INFO - Successfully loaded Stephen Curry stats from: /opt/***/data/Stephen Curry Stats.parquet
[2025-06-07T10:58:06.151+0000] {spark_submit.py:644} INFO - 25/06/07 10:58:06 INFO HiveConf: Found configuration file null
[2025-06-07T10:58:06.159+0000] {spark_submit.py:644} INFO - 25/06/07 10:58:06 INFO HiveUtils: Initializing HiveMetastoreConnection version 2.3.9 using Spark classes.
[2025-06-07T10:58:06.300+0000] {spark_submit.py:644} INFO - 25/06/07 10:58:06 INFO HiveClientImpl: Warehouse location for Hive client (version 2.3.9) is s3a://mybucket
[2025-06-07T10:58:06.336+0000] {spark_submit.py:644} INFO - 25/06/07 10:58:06 INFO metastore: Trying to connect to metastore with URI thrift://hive-metastore:9083
[2025-06-07T10:58:06.363+0000] {spark_submit.py:644} INFO - 25/06/07 10:58:06 INFO metastore: Opened a connection to metastore, current connections: 1
[2025-06-07T10:58:06.427+0000] {spark_submit.py:644} INFO - 25/06/07 10:58:06 INFO metastore: Connected to metastore.
[2025-06-07T10:58:06.549+0000] {spark_submit.py:644} INFO - Writing data to Bronze layer at: s3a://mybucket/bronze/curry_raw_data/
[2025-06-07T10:58:06.690+0000] {spark_submit.py:644} INFO - 25/06/07 10:58:06 WARN SparkStringUtils: Truncated the string representation of a plan since it was too large. This behavior can be adjusted by setting 'spark.sql.debug.maxToStringFields'.
[2025-06-07T10:58:06.842+0000] {spark_submit.py:644} INFO - 25/06/07 10:58:06 INFO DelegatingLogStore: LogStore `LogStoreAdapter(io.delta.storage.S3SingleDriverLogStore)` is used for scheme `s3a`
[2025-06-07T10:59:34.650+0000] {local_task_job_runner.py:127} ERROR - Received SIGTERM. Terminating subprocesses
[2025-06-07T10:59:34.662+0000] {process_utils.py:132} INFO - Sending 15 to group 5779. PIDs of all processes in the group: [5781, 5840, 5779]
[2025-06-07T10:59:34.664+0000] {process_utils.py:87} INFO - Sending the signal 15 to group 5779
[2025-06-07T10:59:34.669+0000] {taskinstance.py:3093} ERROR - Received SIGTERM. Terminating subprocesses.
[2025-06-07T10:59:34.670+0000] {spark_submit.py:770} INFO - Sending kill signal to spark-submit
[2025-06-07T10:59:34.818+0000] {taskinstance.py:3311} ERROR - Task failed with exception
Traceback (most recent call last):
  File "/home/airflow/.local/lib/python3.11/site-packages/airflow/models/taskinstance.py", line 767, in _execute_task
    result = _execute_callable(context=context, **execute_callable_kwargs)
             ^^^^^^^^^^^^^^^^^^^^^^^^^^^^^^^^^^^^^^^^^^^^^^^^^^^^^^^^^^^^^
  File "/home/airflow/.local/lib/python3.11/site-packages/airflow/models/taskinstance.py", line 733, in _execute_callable
    return ExecutionCallableRunner(
           ^^^^^^^^^^^^^^^^^^^^^^^^
  File "/home/airflow/.local/lib/python3.11/site-packages/airflow/utils/operator_helpers.py", line 252, in run
    return self.func(*args, **kwargs)
           ^^^^^^^^^^^^^^^^^^^^^^^^^^
  File "/home/airflow/.local/lib/python3.11/site-packages/airflow/models/baseoperator.py", line 417, in wrapper
    return func(self, *args, **kwargs)
           ^^^^^^^^^^^^^^^^^^^^^^^^^^^
  File "/home/airflow/.local/lib/python3.11/site-packages/airflow/providers/apache/spark/operators/spark_submit.py", line 197, in execute
    self._hook.submit(self.application)
  File "/home/airflow/.local/lib/python3.11/site-packages/airflow/providers/apache/spark/hooks/spark_submit.py", line 555, in submit
    self._process_spark_submit_log(iter(self._submit_sp.stdout))  # type: ignore
    ^^^^^^^^^^^^^^^^^^^^^^^^^^^^^^^^^^^^^^^^^^^^^^^^^^^^^^^^^^^^
  File "/home/airflow/.local/lib/python3.11/site-packages/airflow/providers/apache/spark/hooks/spark_submit.py", line 603, in _process_spark_submit_log
    for line in itr:
  File "/home/airflow/.local/lib/python3.11/site-packages/airflow/models/taskinstance.py", line 3095, in signal_handler
    raise AirflowTaskTerminated("Task received SIGTERM signal")
airflow.exceptions.AirflowTaskTerminated: Task received SIGTERM signal
[2025-06-07T10:59:34.877+0000] {taskinstance.py:1225} INFO - Marking task as FAILED. dag_id=curry_medallion_etl, task_id=submit_bronze_etl_job, run_id=manual__2025-06-07T10:57:57.904935+00:00, execution_date=20250607T105757, start_date=20250607T105800, end_date=20250607T105934
[2025-06-07T10:59:34.913+0000] {taskinstance.py:340} INFO - ::group::Post task execution logs
[2025-06-07T10:59:34.977+0000] {process_utils.py:80} INFO - Process psutil.Process(pid=5781, status='terminated', started='10:57:59') (5781) terminated with exit code None
[2025-06-07T10:59:34.978+0000] {process_utils.py:80} INFO - Process psutil.Process(pid=5840, status='terminated', started='10:58:00') (5840) terminated with exit code None
[2025-06-07T10:59:34.981+0000] {process_utils.py:80} INFO - Process psutil.Process(pid=5779, status='terminated', exitcode=2, started='10:57:59') (5779) terminated with exit code 2
[2025-06-07T10:59:34.984+0000] {local_task_job_runner.py:266} INFO - Task exited with return code 143
[2025-06-07T10:59:35.048+0000] {taskinstance.py:3895} INFO - 0 downstream tasks scheduled from follow-on schedule check
[2025-06-07T10:59:35.291+0000] {standard_task_runner.py:217} INFO - Process not found (most likely exited), stop collecting metrics
[2025-06-07T10:59:35.955+0000] {local_task_job_runner.py:245} INFO - ::endgroup::
