[2025-06-07T10:33:52.079+0000] {local_task_job_runner.py:123} INFO - ::group::Pre task execution logs
[2025-06-07T10:33:52.088+0000] {taskinstance.py:2613} INFO - Dependencies all met for dep_context=non-requeueable deps ti=<TaskInstance: curry_medallion_etl.submit_bronze_etl_job manual__2025-06-07T10:33:49.707472+00:00 [queued]>
[2025-06-07T10:33:52.092+0000] {taskinstance.py:2613} INFO - Dependencies all met for dep_context=requeueable deps ti=<TaskInstance: curry_medallion_etl.submit_bronze_etl_job manual__2025-06-07T10:33:49.707472+00:00 [queued]>
[2025-06-07T10:33:52.092+0000] {taskinstance.py:2866} INFO - Starting attempt 1 of 1
[2025-06-07T10:33:52.097+0000] {taskinstance.py:2889} INFO - Executing <Task(SparkSubmitOperator): submit_bronze_etl_job> on 2025-06-07 10:33:49.707472+00:00
[2025-06-07T10:33:52.100+0000] {standard_task_runner.py:72} INFO - Started process 5071 to run task
[2025-06-07T10:33:52.102+0000] {standard_task_runner.py:104} INFO - Running: ['***', 'tasks', 'run', 'curry_medallion_etl', 'submit_bronze_etl_job', 'manual__2025-06-07T10:33:49.707472+00:00', '--job-id', '36', '--raw', '--subdir', 'DAGS_FOLDER/medallion_sales_etl_dag.py', '--cfg-path', '/tmp/tmp6nid44mw']
[2025-06-07T10:33:52.103+0000] {standard_task_runner.py:105} INFO - Job 36: Subtask submit_bronze_etl_job
[2025-06-07T10:33:52.130+0000] {task_command.py:467} INFO - Running <TaskInstance: curry_medallion_etl.submit_bronze_etl_job manual__2025-06-07T10:33:49.707472+00:00 [running]> on host 1ed3a5ab4297
[2025-06-07T10:33:52.176+0000] {taskinstance.py:3132} INFO - Exporting env vars: AIRFLOW_CTX_DAG_OWNER='qdinh18' AIRFLOW_CTX_DAG_ID='curry_medallion_etl' AIRFLOW_CTX_TASK_ID='submit_bronze_etl_job' AIRFLOW_CTX_EXECUTION_DATE='2025-06-07T10:33:49.707472+00:00' AIRFLOW_CTX_TRY_NUMBER='1' AIRFLOW_CTX_DAG_RUN_ID='manual__2025-06-07T10:33:49.707472+00:00'
[2025-06-07T10:33:52.177+0000] {taskinstance.py:731} INFO - ::endgroup::
[2025-06-07T10:33:52.210+0000] {base.py:84} INFO - Retrieving connection 'spark_default'
[2025-06-07T10:33:52.211+0000] {spark_submit.py:474} INFO - Spark-Submit cmd: spark-submit --master spark://spark-master:7077 --conf spark.executor.memory=2g --conf spark.sql.extensions=io.delta.sql.DeltaSparkSessionExtension --conf spark.sql.catalog.spark_catalog=org.apache.spark.sql.delta.catalog.DeltaCatalog --conf spark.hadoop.fs.s3a.endpoint=http://minio:9000 --conf spark.hadoop.fs.s3a.access.key=minioadmin --conf spark.hadoop.fs.s3a.secret.key=****** --conf spark.hadoop.fs.s3a.path.style.access=true --conf spark.hadoop.fs.s3a.impl=org.apache.hadoop.fs.s3a.S3AFileSystem --conf spark.hadoop.fs.s3a.aws.credentials.provider=org.apache.hadoop.fs.s3a.SimpleAWSCredentialsProvider --packages org.apache.hadoop:hadoop-aws:3.3.4,com.amazonaws:aws-java-sdk-bundle:1.12.262,io.delta:delta-spark_2.12:3.2.0 --name bronze_sc_stats_etl --verbose --queue root.default --deploy-mode client /opt/***/dags/bronze_ingestion_sc_stats_etl.py
[2025-06-07T10:33:52.853+0000] {spark_submit.py:644} INFO - Using properties file: null
[2025-06-07T10:33:52.915+0000] {spark_submit.py:644} INFO - Parsed arguments:
[2025-06-07T10:33:52.915+0000] {spark_submit.py:644} INFO - master                  spark://spark-master:7077
[2025-06-07T10:33:52.915+0000] {spark_submit.py:644} INFO - remote                  null
[2025-06-07T10:33:52.915+0000] {spark_submit.py:644} INFO - deployMode              client
[2025-06-07T10:33:52.916+0000] {spark_submit.py:644} INFO - executorMemory          2g
[2025-06-07T10:33:52.916+0000] {spark_submit.py:644} INFO - executorCores           null
[2025-06-07T10:33:52.916+0000] {spark_submit.py:644} INFO - totalExecutorCores      null
[2025-06-07T10:33:52.916+0000] {spark_submit.py:644} INFO - propertiesFile          null
[2025-06-07T10:33:52.916+0000] {spark_submit.py:644} INFO - driverMemory            null
[2025-06-07T10:33:52.916+0000] {spark_submit.py:644} INFO - driverCores             null
[2025-06-07T10:33:52.917+0000] {spark_submit.py:644} INFO - driverExtraClassPath    null
[2025-06-07T10:33:52.917+0000] {spark_submit.py:644} INFO - driverExtraLibraryPath  null
[2025-06-07T10:33:52.917+0000] {spark_submit.py:644} INFO - driverExtraJavaOptions  null
[2025-06-07T10:33:52.917+0000] {spark_submit.py:644} INFO - supervise               false
[2025-06-07T10:33:52.917+0000] {spark_submit.py:644} INFO - queue                   root.default
[2025-06-07T10:33:52.917+0000] {spark_submit.py:644} INFO - numExecutors            null
[2025-06-07T10:33:52.918+0000] {spark_submit.py:644} INFO - files                   null
[2025-06-07T10:33:52.918+0000] {spark_submit.py:644} INFO - pyFiles                 null
[2025-06-07T10:33:52.918+0000] {spark_submit.py:644} INFO - archives                null
[2025-06-07T10:33:52.918+0000] {spark_submit.py:644} INFO - mainClass               null
[2025-06-07T10:33:52.919+0000] {spark_submit.py:644} INFO - primaryResource         file:/opt/***/dags/bronze_ingestion_sc_stats_etl.py
[2025-06-07T10:33:52.919+0000] {spark_submit.py:644} INFO - name                    bronze_sc_stats_etl
[2025-06-07T10:33:52.919+0000] {spark_submit.py:644} INFO - childArgs               []
[2025-06-07T10:33:52.919+0000] {spark_submit.py:644} INFO - jars                    null
[2025-06-07T10:33:52.919+0000] {spark_submit.py:644} INFO - packages                org.apache.hadoop:hadoop-aws:3.3.4,com.amazonaws:aws-java-sdk-bundle:1.12.262,io.delta:delta-spark_2.12:3.2.0
[2025-06-07T10:33:52.920+0000] {spark_submit.py:644} INFO - packagesExclusions      null
[2025-06-07T10:33:52.920+0000] {spark_submit.py:644} INFO - repositories            null
[2025-06-07T10:33:52.920+0000] {spark_submit.py:644} INFO - verbose                 true
[2025-06-07T10:33:52.920+0000] {spark_submit.py:644} INFO - 
[2025-06-07T10:33:52.920+0000] {spark_submit.py:644} INFO - Spark properties used, including those specified through
[2025-06-07T10:33:52.920+0000] {spark_submit.py:644} INFO - --conf and those from the properties file null:
[2025-06-07T10:33:52.921+0000] {spark_submit.py:644} INFO - (spark.executor.memory,2g)
[2025-06-07T10:33:52.921+0000] {spark_submit.py:644} INFO - (spark.hadoop.fs.s3a.access.key,*********(redacted))
[2025-06-07T10:33:52.921+0000] {spark_submit.py:644} INFO - (spark.hadoop.fs.s3a.aws.credentials.provider,org.apache.hadoop.fs.s3a.SimpleAWSCredentialsProvider)
[2025-06-07T10:33:52.921+0000] {spark_submit.py:644} INFO - (spark.hadoop.fs.s3a.endpoint,http://minio:9000)
[2025-06-07T10:33:52.921+0000] {spark_submit.py:644} INFO - (spark.hadoop.fs.s3a.impl,org.apache.hadoop.fs.s3a.S3AFileSystem)
[2025-06-07T10:33:52.922+0000] {spark_submit.py:644} INFO - (spark.hadoop.fs.s3a.path.style.access,true)
[2025-06-07T10:33:52.922+0000] {spark_submit.py:644} INFO - (spark.hadoop.fs.s3a.secret.key,*********(redacted))
[2025-06-07T10:33:52.922+0000] {spark_submit.py:644} INFO - (spark.sql.catalog.spark_catalog,org.apache.spark.sql.delta.catalog.DeltaCatalog)
[2025-06-07T10:33:52.922+0000] {spark_submit.py:644} INFO - (spark.sql.extensions,io.delta.sql.DeltaSparkSessionExtension)
[2025-06-07T10:33:52.922+0000] {spark_submit.py:644} INFO - 
[2025-06-07T10:33:52.923+0000] {spark_submit.py:644} INFO - 
[2025-06-07T10:33:52.991+0000] {spark_submit.py:644} INFO - :: loading settings :: url = jar:file:/home/***/.local/lib/python3.11/site-packages/pyspark/jars/ivy-2.5.1.jar!/org/apache/ivy/core/settings/ivysettings.xml
[2025-06-07T10:33:53.032+0000] {spark_submit.py:644} INFO - Ivy Default Cache set to: /home/***/.ivy2/cache
[2025-06-07T10:33:53.033+0000] {spark_submit.py:644} INFO - The jars for the packages stored in: /home/***/.ivy2/jars
[2025-06-07T10:33:53.034+0000] {spark_submit.py:644} INFO - org.apache.hadoop#hadoop-aws added as a dependency
[2025-06-07T10:33:53.035+0000] {spark_submit.py:644} INFO - com.amazonaws#aws-java-sdk-bundle added as a dependency
[2025-06-07T10:33:53.035+0000] {spark_submit.py:644} INFO - io.delta#delta-spark_2.12 added as a dependency
[2025-06-07T10:33:53.036+0000] {spark_submit.py:644} INFO - :: resolving dependencies :: org.apache.spark#spark-submit-parent-58815f8f-c904-4fbd-88b5-b428b915116e;1.0
[2025-06-07T10:33:53.036+0000] {spark_submit.py:644} INFO - confs: [default]
[2025-06-07T10:33:53.120+0000] {spark_submit.py:644} INFO - found org.apache.hadoop#hadoop-aws;3.3.4 in central
[2025-06-07T10:33:53.132+0000] {spark_submit.py:644} INFO - found com.amazonaws#aws-java-sdk-bundle;1.12.262 in central
[2025-06-07T10:33:53.144+0000] {spark_submit.py:644} INFO - found org.wildfly.openssl#wildfly-openssl;1.0.7.Final in central
[2025-06-07T10:33:53.153+0000] {spark_submit.py:644} INFO - found io.delta#delta-spark_2.12;3.2.0 in central
[2025-06-07T10:33:53.164+0000] {spark_submit.py:644} INFO - found io.delta#delta-storage;3.2.0 in central
[2025-06-07T10:33:53.172+0000] {spark_submit.py:644} INFO - found org.antlr#antlr4-runtime;4.9.3 in central
[2025-06-07T10:33:53.186+0000] {spark_submit.py:644} INFO - :: resolution report :: resolve 145ms :: artifacts dl 6ms
[2025-06-07T10:33:53.186+0000] {spark_submit.py:644} INFO - :: modules in use:
[2025-06-07T10:33:53.186+0000] {spark_submit.py:644} INFO - com.amazonaws#aws-java-sdk-bundle;1.12.262 from central in [default]
[2025-06-07T10:33:53.187+0000] {spark_submit.py:644} INFO - io.delta#delta-spark_2.12;3.2.0 from central in [default]
[2025-06-07T10:33:53.187+0000] {spark_submit.py:644} INFO - io.delta#delta-storage;3.2.0 from central in [default]
[2025-06-07T10:33:53.187+0000] {spark_submit.py:644} INFO - org.antlr#antlr4-runtime;4.9.3 from central in [default]
[2025-06-07T10:33:53.187+0000] {spark_submit.py:644} INFO - org.apache.hadoop#hadoop-aws;3.3.4 from central in [default]
[2025-06-07T10:33:53.187+0000] {spark_submit.py:644} INFO - org.wildfly.openssl#wildfly-openssl;1.0.7.Final from central in [default]
[2025-06-07T10:33:53.188+0000] {spark_submit.py:644} INFO - ---------------------------------------------------------------------
[2025-06-07T10:33:53.188+0000] {spark_submit.py:644} INFO - |                  |            modules            ||   artifacts   |
[2025-06-07T10:33:53.188+0000] {spark_submit.py:644} INFO - |       conf       | number| search|dwnlded|evicted|| number|dwnlded|
[2025-06-07T10:33:53.188+0000] {spark_submit.py:644} INFO - ---------------------------------------------------------------------
[2025-06-07T10:33:53.189+0000] {spark_submit.py:644} INFO - |      default     |   6   |   0   |   0   |   0   ||   6   |   0   |
[2025-06-07T10:33:53.189+0000] {spark_submit.py:644} INFO - ---------------------------------------------------------------------
[2025-06-07T10:33:53.189+0000] {spark_submit.py:644} INFO - :: retrieving :: org.apache.spark#spark-submit-parent-58815f8f-c904-4fbd-88b5-b428b915116e
[2025-06-07T10:33:53.189+0000] {spark_submit.py:644} INFO - confs: [default]
[2025-06-07T10:33:53.192+0000] {spark_submit.py:644} INFO - 0 artifacts copied, 6 already retrieved (0kB/3ms)
[2025-06-07T10:33:53.305+0000] {spark_submit.py:644} INFO - 25/06/07 10:33:53 WARN NativeCodeLoader: Unable to load native-hadoop library for your platform... using builtin-java classes where applicable
[2025-06-07T10:33:53.414+0000] {spark_submit.py:644} INFO - Main class:
[2025-06-07T10:33:53.415+0000] {spark_submit.py:644} INFO - org.apache.spark.deploy.PythonRunner
[2025-06-07T10:33:53.415+0000] {spark_submit.py:644} INFO - Arguments:
[2025-06-07T10:33:53.416+0000] {spark_submit.py:644} INFO - file:/opt/***/dags/bronze_ingestion_sc_stats_etl.py
[2025-06-07T10:33:53.416+0000] {spark_submit.py:644} INFO - file:///home/***/.ivy2/jars/org.apache.hadoop_hadoop-aws-3.3.4.jar,file:///home/***/.ivy2/jars/com.amazonaws_aws-java-sdk-bundle-1.12.262.jar,file:///home/***/.ivy2/jars/io.delta_delta-spark_2.12-3.2.0.jar,file:///home/***/.ivy2/jars/org.wildfly.openssl_wildfly-openssl-1.0.7.Final.jar,file:///home/***/.ivy2/jars/io.delta_delta-storage-3.2.0.jar,file:///home/***/.ivy2/jars/org.antlr_antlr4-runtime-4.9.3.jar
[2025-06-07T10:33:53.417+0000] {spark_submit.py:644} INFO - Spark config:
[2025-06-07T10:33:53.417+0000] {spark_submit.py:644} INFO - (spark.app.name,bronze_sc_stats_etl)
[2025-06-07T10:33:53.417+0000] {spark_submit.py:644} INFO - (spark.app.submitTime,1749292433407)
[2025-06-07T10:33:53.417+0000] {spark_submit.py:644} INFO - (spark.executor.memory,2g)
[2025-06-07T10:33:53.418+0000] {spark_submit.py:644} INFO - (spark.files,file:///home/***/.ivy2/jars/org.apache.hadoop_hadoop-aws-3.3.4.jar,file:///home/***/.ivy2/jars/com.amazonaws_aws-java-sdk-bundle-1.12.262.jar,file:///home/***/.ivy2/jars/io.delta_delta-spark_2.12-3.2.0.jar,file:///home/***/.ivy2/jars/org.wildfly.openssl_wildfly-openssl-1.0.7.Final.jar,file:///home/***/.ivy2/jars/io.delta_delta-storage-3.2.0.jar,file:///home/***/.ivy2/jars/org.antlr_antlr4-runtime-4.9.3.jar)
[2025-06-07T10:33:53.418+0000] {spark_submit.py:644} INFO - (spark.hadoop.fs.s3a.access.key,*********(redacted))
[2025-06-07T10:33:53.418+0000] {spark_submit.py:644} INFO - (spark.hadoop.fs.s3a.aws.credentials.provider,org.apache.hadoop.fs.s3a.SimpleAWSCredentialsProvider)
[2025-06-07T10:33:53.418+0000] {spark_submit.py:644} INFO - (spark.hadoop.fs.s3a.endpoint,http://minio:9000)
[2025-06-07T10:33:53.418+0000] {spark_submit.py:644} INFO - (spark.hadoop.fs.s3a.impl,org.apache.hadoop.fs.s3a.S3AFileSystem)
[2025-06-07T10:33:53.419+0000] {spark_submit.py:644} INFO - (spark.hadoop.fs.s3a.path.style.access,true)
[2025-06-07T10:33:53.419+0000] {spark_submit.py:644} INFO - (spark.hadoop.fs.s3a.secret.key,*********(redacted))
[2025-06-07T10:33:53.419+0000] {spark_submit.py:644} INFO - (spark.jars,file:///home/***/.ivy2/jars/org.apache.hadoop_hadoop-aws-3.3.4.jar,file:///home/***/.ivy2/jars/com.amazonaws_aws-java-sdk-bundle-1.12.262.jar,file:///home/***/.ivy2/jars/io.delta_delta-spark_2.12-3.2.0.jar,file:///home/***/.ivy2/jars/org.wildfly.openssl_wildfly-openssl-1.0.7.Final.jar,file:///home/***/.ivy2/jars/io.delta_delta-storage-3.2.0.jar,file:///home/***/.ivy2/jars/org.antlr_antlr4-runtime-4.9.3.jar)
[2025-06-07T10:33:53.419+0000] {spark_submit.py:644} INFO - (spark.master,spark://spark-master:7077)
[2025-06-07T10:33:53.420+0000] {spark_submit.py:644} INFO - (spark.repl.local.jars,file:///home/***/.ivy2/jars/org.apache.hadoop_hadoop-aws-3.3.4.jar,file:///home/***/.ivy2/jars/com.amazonaws_aws-java-sdk-bundle-1.12.262.jar,file:///home/***/.ivy2/jars/io.delta_delta-spark_2.12-3.2.0.jar,file:///home/***/.ivy2/jars/org.wildfly.openssl_wildfly-openssl-1.0.7.Final.jar,file:///home/***/.ivy2/jars/io.delta_delta-storage-3.2.0.jar,file:///home/***/.ivy2/jars/org.antlr_antlr4-runtime-4.9.3.jar)
[2025-06-07T10:33:53.420+0000] {spark_submit.py:644} INFO - (spark.sql.catalog.spark_catalog,org.apache.spark.sql.delta.catalog.DeltaCatalog)
[2025-06-07T10:33:53.420+0000] {spark_submit.py:644} INFO - (spark.sql.extensions,io.delta.sql.DeltaSparkSessionExtension)
[2025-06-07T10:33:53.420+0000] {spark_submit.py:644} INFO - (spark.submit.deployMode,client)
[2025-06-07T10:33:53.420+0000] {spark_submit.py:644} INFO - (spark.submit.pyFiles,/home/***/.ivy2/jars/org.apache.hadoop_hadoop-aws-3.3.4.jar,/home/***/.ivy2/jars/com.amazonaws_aws-java-sdk-bundle-1.12.262.jar,/home/***/.ivy2/jars/io.delta_delta-spark_2.12-3.2.0.jar,/home/***/.ivy2/jars/org.wildfly.openssl_wildfly-openssl-1.0.7.Final.jar,/home/***/.ivy2/jars/io.delta_delta-storage-3.2.0.jar,/home/***/.ivy2/jars/org.antlr_antlr4-runtime-4.9.3.jar)
[2025-06-07T10:33:53.421+0000] {spark_submit.py:644} INFO - Classpath elements:
[2025-06-07T10:33:53.421+0000] {spark_submit.py:644} INFO - file:///home/***/.ivy2/jars/org.apache.hadoop_hadoop-aws-3.3.4.jar
[2025-06-07T10:33:53.421+0000] {spark_submit.py:644} INFO - file:///home/***/.ivy2/jars/com.amazonaws_aws-java-sdk-bundle-1.12.262.jar
[2025-06-07T10:33:53.421+0000] {spark_submit.py:644} INFO - file:///home/***/.ivy2/jars/io.delta_delta-spark_2.12-3.2.0.jar
[2025-06-07T10:33:53.421+0000] {spark_submit.py:644} INFO - file:///home/***/.ivy2/jars/org.wildfly.openssl_wildfly-openssl-1.0.7.Final.jar
[2025-06-07T10:33:53.422+0000] {spark_submit.py:644} INFO - file:///home/***/.ivy2/jars/io.delta_delta-storage-3.2.0.jar
[2025-06-07T10:33:53.422+0000] {spark_submit.py:644} INFO - file:///home/***/.ivy2/jars/org.antlr_antlr4-runtime-4.9.3.jar
[2025-06-07T10:33:53.422+0000] {spark_submit.py:644} INFO - 
[2025-06-07T10:33:53.422+0000] {spark_submit.py:644} INFO - 
[2025-06-07T10:33:54.096+0000] {spark_submit.py:644} INFO - 25/06/07 10:33:54 INFO SparkContext: Running Spark version 3.5.2
[2025-06-07T10:33:54.096+0000] {spark_submit.py:644} INFO - 25/06/07 10:33:54 INFO SparkContext: OS info Linux, 6.10.14-linuxkit, aarch64
[2025-06-07T10:33:54.096+0000] {spark_submit.py:644} INFO - 25/06/07 10:33:54 INFO SparkContext: Java version 17.0.15
[2025-06-07T10:33:54.106+0000] {spark_submit.py:644} INFO - 25/06/07 10:33:54 INFO ResourceUtils: ==============================================================
[2025-06-07T10:33:54.107+0000] {spark_submit.py:644} INFO - 25/06/07 10:33:54 INFO ResourceUtils: No custom resources configured for spark.driver.
[2025-06-07T10:33:54.107+0000] {spark_submit.py:644} INFO - 25/06/07 10:33:54 INFO ResourceUtils: ==============================================================
[2025-06-07T10:33:54.107+0000] {spark_submit.py:644} INFO - 25/06/07 10:33:54 INFO SparkContext: Submitted application: BronzeIngestionStephenCurryStats
[2025-06-07T10:33:54.125+0000] {spark_submit.py:644} INFO - 25/06/07 10:33:54 INFO ResourceProfile: Default ResourceProfile created, executor resources: Map(memory -> name: memory, amount: 2048, script: , vendor: , offHeap -> name: offHeap, amount: 0, script: , vendor: ), task resources: Map(cpus -> name: cpus, amount: 1.0)
[2025-06-07T10:33:54.129+0000] {spark_submit.py:644} INFO - 25/06/07 10:33:54 INFO ResourceProfile: Limiting resource is cpu
[2025-06-07T10:33:54.129+0000] {spark_submit.py:644} INFO - 25/06/07 10:33:54 INFO ResourceProfileManager: Added ResourceProfile id: 0
[2025-06-07T10:33:54.165+0000] {spark_submit.py:644} INFO - 25/06/07 10:33:54 INFO SecurityManager: Changing view acls to: ***
[2025-06-07T10:33:54.165+0000] {spark_submit.py:644} INFO - 25/06/07 10:33:54 INFO SecurityManager: Changing modify acls to: ***
[2025-06-07T10:33:54.165+0000] {spark_submit.py:644} INFO - 25/06/07 10:33:54 INFO SecurityManager: Changing view acls groups to:
[2025-06-07T10:33:54.165+0000] {spark_submit.py:644} INFO - 25/06/07 10:33:54 INFO SecurityManager: Changing modify acls groups to:
[2025-06-07T10:33:54.166+0000] {spark_submit.py:644} INFO - 25/06/07 10:33:54 INFO SecurityManager: SecurityManager: authentication disabled; ui acls disabled; users with view permissions: ***; groups with view permissions: EMPTY; users with modify permissions: ***; groups with modify permissions: EMPTY
[2025-06-07T10:33:54.289+0000] {spark_submit.py:644} INFO - 25/06/07 10:33:54 INFO Utils: Successfully started service 'sparkDriver' on port 41033.
[2025-06-07T10:33:54.313+0000] {spark_submit.py:644} INFO - 25/06/07 10:33:54 INFO SparkEnv: Registering MapOutputTracker
[2025-06-07T10:33:54.337+0000] {spark_submit.py:644} INFO - 25/06/07 10:33:54 INFO SparkEnv: Registering BlockManagerMaster
[2025-06-07T10:33:54.348+0000] {spark_submit.py:644} INFO - 25/06/07 10:33:54 INFO BlockManagerMasterEndpoint: Using org.apache.spark.storage.DefaultTopologyMapper for getting topology information
[2025-06-07T10:33:54.348+0000] {spark_submit.py:644} INFO - 25/06/07 10:33:54 INFO BlockManagerMasterEndpoint: BlockManagerMasterEndpoint up
[2025-06-07T10:33:54.350+0000] {spark_submit.py:644} INFO - 25/06/07 10:33:54 INFO SparkEnv: Registering BlockManagerMasterHeartbeat
[2025-06-07T10:33:54.363+0000] {spark_submit.py:644} INFO - 25/06/07 10:33:54 INFO DiskBlockManager: Created local directory at /tmp/blockmgr-9c1249b6-e3fb-44d6-ae17-d0ac01c0d41e
[2025-06-07T10:33:54.371+0000] {spark_submit.py:644} INFO - 25/06/07 10:33:54 INFO MemoryStore: MemoryStore started with capacity 434.4 MiB
[2025-06-07T10:33:54.379+0000] {spark_submit.py:644} INFO - 25/06/07 10:33:54 INFO SparkEnv: Registering OutputCommitCoordinator
[2025-06-07T10:33:54.450+0000] {spark_submit.py:644} INFO - 25/06/07 10:33:54 INFO JettyUtils: Start Jetty 0.0.0.0:4040 for SparkUI
[2025-06-07T10:33:54.483+0000] {spark_submit.py:644} INFO - 25/06/07 10:33:54 INFO Utils: Successfully started service 'SparkUI' on port 4040.
[2025-06-07T10:33:54.501+0000] {spark_submit.py:644} INFO - 25/06/07 10:33:54 INFO SparkContext: Added JAR file:///home/***/.ivy2/jars/org.apache.hadoop_hadoop-aws-3.3.4.jar at spark://1ed3a5ab4297:41033/jars/org.apache.hadoop_hadoop-aws-3.3.4.jar with timestamp 1749292434092
[2025-06-07T10:33:54.502+0000] {spark_submit.py:644} INFO - 25/06/07 10:33:54 INFO SparkContext: Added JAR file:///home/***/.ivy2/jars/com.amazonaws_aws-java-sdk-bundle-1.12.262.jar at spark://1ed3a5ab4297:41033/jars/com.amazonaws_aws-java-sdk-bundle-1.12.262.jar with timestamp 1749292434092
[2025-06-07T10:33:54.503+0000] {spark_submit.py:644} INFO - 25/06/07 10:33:54 INFO SparkContext: Added JAR file:///home/***/.ivy2/jars/io.delta_delta-spark_2.12-3.2.0.jar at spark://1ed3a5ab4297:41033/jars/io.delta_delta-spark_2.12-3.2.0.jar with timestamp 1749292434092
[2025-06-07T10:33:54.503+0000] {spark_submit.py:644} INFO - 25/06/07 10:33:54 INFO SparkContext: Added JAR file:///home/***/.ivy2/jars/org.wildfly.openssl_wildfly-openssl-1.0.7.Final.jar at spark://1ed3a5ab4297:41033/jars/org.wildfly.openssl_wildfly-openssl-1.0.7.Final.jar with timestamp 1749292434092
[2025-06-07T10:33:54.503+0000] {spark_submit.py:644} INFO - 25/06/07 10:33:54 INFO SparkContext: Added JAR file:///home/***/.ivy2/jars/io.delta_delta-storage-3.2.0.jar at spark://1ed3a5ab4297:41033/jars/io.delta_delta-storage-3.2.0.jar with timestamp 1749292434092
[2025-06-07T10:33:54.503+0000] {spark_submit.py:644} INFO - 25/06/07 10:33:54 INFO SparkContext: Added JAR file:///home/***/.ivy2/jars/org.antlr_antlr4-runtime-4.9.3.jar at spark://1ed3a5ab4297:41033/jars/org.antlr_antlr4-runtime-4.9.3.jar with timestamp 1749292434092
[2025-06-07T10:33:54.503+0000] {spark_submit.py:644} INFO - 25/06/07 10:33:54 INFO SparkContext: Added file file:///home/***/.ivy2/jars/org.apache.hadoop_hadoop-aws-3.3.4.jar at spark://1ed3a5ab4297:41033/files/org.apache.hadoop_hadoop-aws-3.3.4.jar with timestamp 1749292434092
[2025-06-07T10:33:54.504+0000] {spark_submit.py:644} INFO - 25/06/07 10:33:54 INFO Utils: Copying /home/***/.ivy2/jars/org.apache.hadoop_hadoop-aws-3.3.4.jar to /tmp/spark-92ddd1db-b629-4756-b7fb-84705e82975e/userFiles-fd0b2c88-bb02-466b-9887-6792297eee31/org.apache.hadoop_hadoop-aws-3.3.4.jar
[2025-06-07T10:33:54.511+0000] {spark_submit.py:644} INFO - 25/06/07 10:33:54 INFO SparkContext: Added file file:///home/***/.ivy2/jars/com.amazonaws_aws-java-sdk-bundle-1.12.262.jar at spark://1ed3a5ab4297:41033/files/com.amazonaws_aws-java-sdk-bundle-1.12.262.jar with timestamp 1749292434092
[2025-06-07T10:33:54.511+0000] {spark_submit.py:644} INFO - 25/06/07 10:33:54 INFO Utils: Copying /home/***/.ivy2/jars/com.amazonaws_aws-java-sdk-bundle-1.12.262.jar to /tmp/spark-92ddd1db-b629-4756-b7fb-84705e82975e/userFiles-fd0b2c88-bb02-466b-9887-6792297eee31/com.amazonaws_aws-java-sdk-bundle-1.12.262.jar
[2025-06-07T10:33:54.594+0000] {spark_submit.py:644} INFO - 25/06/07 10:33:54 INFO SparkContext: Added file file:///home/***/.ivy2/jars/io.delta_delta-spark_2.12-3.2.0.jar at spark://1ed3a5ab4297:41033/files/io.delta_delta-spark_2.12-3.2.0.jar with timestamp 1749292434092
[2025-06-07T10:33:54.595+0000] {spark_submit.py:644} INFO - 25/06/07 10:33:54 INFO Utils: Copying /home/***/.ivy2/jars/io.delta_delta-spark_2.12-3.2.0.jar to /tmp/spark-92ddd1db-b629-4756-b7fb-84705e82975e/userFiles-fd0b2c88-bb02-466b-9887-6792297eee31/io.delta_delta-spark_2.12-3.2.0.jar
[2025-06-07T10:33:54.598+0000] {spark_submit.py:644} INFO - 25/06/07 10:33:54 INFO SparkContext: Added file file:///home/***/.ivy2/jars/org.wildfly.openssl_wildfly-openssl-1.0.7.Final.jar at spark://1ed3a5ab4297:41033/files/org.wildfly.openssl_wildfly-openssl-1.0.7.Final.jar with timestamp 1749292434092
[2025-06-07T10:33:54.599+0000] {spark_submit.py:644} INFO - 25/06/07 10:33:54 INFO Utils: Copying /home/***/.ivy2/jars/org.wildfly.openssl_wildfly-openssl-1.0.7.Final.jar to /tmp/spark-92ddd1db-b629-4756-b7fb-84705e82975e/userFiles-fd0b2c88-bb02-466b-9887-6792297eee31/org.wildfly.openssl_wildfly-openssl-1.0.7.Final.jar
[2025-06-07T10:33:54.601+0000] {spark_submit.py:644} INFO - 25/06/07 10:33:54 INFO SparkContext: Added file file:///home/***/.ivy2/jars/io.delta_delta-storage-3.2.0.jar at spark://1ed3a5ab4297:41033/files/io.delta_delta-storage-3.2.0.jar with timestamp 1749292434092
[2025-06-07T10:33:54.601+0000] {spark_submit.py:644} INFO - 25/06/07 10:33:54 INFO Utils: Copying /home/***/.ivy2/jars/io.delta_delta-storage-3.2.0.jar to /tmp/spark-92ddd1db-b629-4756-b7fb-84705e82975e/userFiles-fd0b2c88-bb02-466b-9887-6792297eee31/io.delta_delta-storage-3.2.0.jar
[2025-06-07T10:33:54.603+0000] {spark_submit.py:644} INFO - 25/06/07 10:33:54 INFO SparkContext: Added file file:///home/***/.ivy2/jars/org.antlr_antlr4-runtime-4.9.3.jar at spark://1ed3a5ab4297:41033/files/org.antlr_antlr4-runtime-4.9.3.jar with timestamp 1749292434092
[2025-06-07T10:33:54.603+0000] {spark_submit.py:644} INFO - 25/06/07 10:33:54 INFO Utils: Copying /home/***/.ivy2/jars/org.antlr_antlr4-runtime-4.9.3.jar to /tmp/spark-92ddd1db-b629-4756-b7fb-84705e82975e/userFiles-fd0b2c88-bb02-466b-9887-6792297eee31/org.antlr_antlr4-runtime-4.9.3.jar
[2025-06-07T10:33:54.649+0000] {spark_submit.py:644} INFO - 25/06/07 10:33:54 INFO StandaloneAppClient$ClientEndpoint: Connecting to master spark://spark-master:7077...
[2025-06-07T10:33:54.672+0000] {spark_submit.py:644} INFO - 25/06/07 10:33:54 INFO TransportClientFactory: Successfully created connection to spark-master/172.19.0.6:7077 after 12 ms (0 ms spent in bootstraps)
[2025-06-07T10:33:54.715+0000] {spark_submit.py:644} INFO - 25/06/07 10:33:54 INFO StandaloneSchedulerBackend: Connected to Spark cluster with app ID app-20250607103354-0015
[2025-06-07T10:33:54.717+0000] {spark_submit.py:644} INFO - 25/06/07 10:33:54 INFO StandaloneAppClient$ClientEndpoint: Executor added: app-20250607103354-0015/0 on worker-20250607084629-172.19.0.7-38989 (172.19.0.7:38989) with 4 core(s)
[2025-06-07T10:33:54.717+0000] {spark_submit.py:644} INFO - 25/06/07 10:33:54 INFO StandaloneSchedulerBackend: Granted executor ID app-20250607103354-0015/0 on hostPort 172.19.0.7:38989 with 4 core(s), 2.0 GiB RAM
[2025-06-07T10:33:54.720+0000] {spark_submit.py:644} INFO - 25/06/07 10:33:54 INFO Utils: Successfully started service 'org.apache.spark.network.netty.NettyBlockTransferService' on port 37799.
[2025-06-07T10:33:54.720+0000] {spark_submit.py:644} INFO - 25/06/07 10:33:54 INFO NettyBlockTransferService: Server created on 1ed3a5ab4297:37799
[2025-06-07T10:33:54.722+0000] {spark_submit.py:644} INFO - 25/06/07 10:33:54 INFO BlockManager: Using org.apache.spark.storage.RandomBlockReplicationPolicy for block replication policy
[2025-06-07T10:33:54.725+0000] {spark_submit.py:644} INFO - 25/06/07 10:33:54 INFO BlockManagerMaster: Registering BlockManager BlockManagerId(driver, 1ed3a5ab4297, 37799, None)
[2025-06-07T10:33:54.728+0000] {spark_submit.py:644} INFO - 25/06/07 10:33:54 INFO BlockManagerMasterEndpoint: Registering block manager 1ed3a5ab4297:37799 with 434.4 MiB RAM, BlockManagerId(driver, 1ed3a5ab4297, 37799, None)
[2025-06-07T10:33:54.730+0000] {spark_submit.py:644} INFO - 25/06/07 10:33:54 INFO BlockManagerMaster: Registered BlockManager BlockManagerId(driver, 1ed3a5ab4297, 37799, None)
[2025-06-07T10:33:54.731+0000] {spark_submit.py:644} INFO - 25/06/07 10:33:54 INFO BlockManager: Initialized BlockManager: BlockManagerId(driver, 1ed3a5ab4297, 37799, None)
[2025-06-07T10:33:54.736+0000] {spark_submit.py:644} INFO - 25/06/07 10:33:54 INFO StandaloneAppClient$ClientEndpoint: Executor updated: app-20250607103354-0015/0 is now RUNNING
[2025-06-07T10:33:54.885+0000] {spark_submit.py:644} INFO - 25/06/07 10:33:54 INFO StandaloneSchedulerBackend: SchedulerBackend is ready for scheduling beginning after reached minRegisteredResourcesRatio: 0.0
[2025-06-07T10:33:55.026+0000] {spark_submit.py:644} INFO - Bronze Ingestion: Spark session created.
[2025-06-07T10:33:55.031+0000] {spark_submit.py:644} INFO - 25/06/07 10:33:55 INFO SharedState: Setting hive.metastore.warehouse.dir ('null') to the value of spark.sql.warehouse.dir.
[2025-06-07T10:33:55.102+0000] {spark_submit.py:644} INFO - 25/06/07 10:33:55 WARN MetricsConfig: Cannot locate configuration: tried hadoop-metrics2-s3a-file-system.properties,hadoop-metrics2.properties
[2025-06-07T10:33:55.109+0000] {spark_submit.py:644} INFO - 25/06/07 10:33:55 INFO MetricsSystemImpl: Scheduled Metric snapshot period at 10 second(s).
[2025-06-07T10:33:55.110+0000] {spark_submit.py:644} INFO - 25/06/07 10:33:55 INFO MetricsSystemImpl: s3a-file-system metrics system started
[2025-06-07T10:33:55.482+0000] {spark_submit.py:644} INFO - 25/06/07 10:33:55 INFO SharedState: Warehouse path is 's3a://mybucket'.
[2025-06-07T10:33:56.064+0000] {spark_submit.py:644} INFO - 25/06/07 10:33:56 INFO InMemoryFileIndex: It took 26 ms to list leaf files for 1 paths.
[2025-06-07T10:33:56.313+0000] {spark_submit.py:644} INFO - 25/06/07 10:33:56 INFO StandaloneSchedulerBackend$StandaloneDriverEndpoint: Registered executor NettyRpcEndpointRef(spark-client://Executor) (172.19.0.7:57882) with ID 0,  ResourceProfileId 0
[2025-06-07T10:33:56.354+0000] {spark_submit.py:644} INFO - 25/06/07 10:33:56 INFO BlockManagerMasterEndpoint: Registering block manager 172.19.0.7:37589 with 1048.8 MiB RAM, BlockManagerId(0, 172.19.0.7, 37589, None)
[2025-06-07T10:33:56.524+0000] {spark_submit.py:644} INFO - Successfully loaded Stephen Curry stats from: /opt/***/data/Stephen Curry Stats.parquet
[2025-06-07T10:33:57.098+0000] {spark_submit.py:644} INFO - 25/06/07 10:33:57 INFO HiveConf: Found configuration file null
[2025-06-07T10:33:57.104+0000] {spark_submit.py:644} INFO - 25/06/07 10:33:57 INFO HiveUtils: Initializing HiveMetastoreConnection version 2.3.9 using Spark classes.
[2025-06-07T10:33:57.394+0000] {spark_submit.py:644} INFO - 25/06/07 10:33:57 INFO HiveClientImpl: Warehouse location for Hive client (version 2.3.9) is s3a://mybucket
[2025-06-07T10:33:57.415+0000] {spark_submit.py:644} INFO - 25/06/07 10:33:57 INFO metastore: Trying to connect to metastore with URI thrift://hive-metastore:9083
[2025-06-07T10:33:57.427+0000] {spark_submit.py:644} INFO - 25/06/07 10:33:57 INFO metastore: Opened a connection to metastore, current connections: 1
[2025-06-07T10:33:57.444+0000] {spark_submit.py:644} INFO - 25/06/07 10:33:57 INFO metastore: Connected to metastore.
[2025-06-07T10:33:57.497+0000] {spark_submit.py:644} INFO - Writing data to managed table: sc_stats_db.bronze_sc_stats
[2025-06-07T10:33:57.599+0000] {spark_submit.py:644} INFO - 25/06/07 10:33:57 WARN SparkStringUtils: Truncated the string representation of a plan since it was too large. This behavior can be adjusted by setting 'spark.sql.debug.maxToStringFields'.
[2025-06-07T10:33:57.694+0000] {spark_submit.py:644} INFO - 25/06/07 10:33:57 INFO DelegatingLogStore: LogStore `LogStoreAdapter(io.delta.storage.S3SingleDriverLogStore)` is used for scheme `s3a`
[2025-06-07T10:57:50.471+0000] {spark_submit.py:644} INFO - 25/06/07 10:57:50 ERROR StandaloneSchedulerBackend: Application has been killed. Reason: Master removed our application: KILLED
[2025-06-07T10:57:50.482+0000] {spark_submit.py:644} INFO - 25/06/07 10:57:50 ERROR Inbox: Ignoring error
[2025-06-07T10:57:50.483+0000] {spark_submit.py:644} INFO - org.apache.spark.SparkException: Exiting due to error from cluster scheduler: Master removed our application: KILLED
[2025-06-07T10:57:50.484+0000] {spark_submit.py:644} INFO - at org.apache.spark.errors.SparkCoreErrors$.clusterSchedulerError(SparkCoreErrors.scala:291)
[2025-06-07T10:57:50.484+0000] {spark_submit.py:644} INFO - at org.apache.spark.scheduler.TaskSchedulerImpl.error(TaskSchedulerImpl.scala:981)
[2025-06-07T10:57:50.485+0000] {spark_submit.py:644} INFO - at org.apache.spark.scheduler.cluster.StandaloneSchedulerBackend.dead(StandaloneSchedulerBackend.scala:165)
[2025-06-07T10:57:50.486+0000] {spark_submit.py:644} INFO - at org.apache.spark.deploy.client.StandaloneAppClient$ClientEndpoint.markDead(StandaloneAppClient.scala:263)
[2025-06-07T10:57:50.486+0000] {spark_submit.py:644} INFO - at org.apache.spark.deploy.client.StandaloneAppClient$ClientEndpoint$$anonfun$receive$1.applyOrElse(StandaloneAppClient.scala:170)
[2025-06-07T10:57:50.487+0000] {spark_submit.py:644} INFO - at org.apache.spark.rpc.netty.Inbox.$anonfun$process$1(Inbox.scala:115)
[2025-06-07T10:57:50.487+0000] {spark_submit.py:644} INFO - at org.apache.spark.rpc.netty.Inbox.safelyCall(Inbox.scala:213)
[2025-06-07T10:57:50.489+0000] {spark_submit.py:644} INFO - at org.apache.spark.rpc.netty.Inbox.process(Inbox.scala:100)
[2025-06-07T10:57:50.490+0000] {spark_submit.py:644} INFO - at org.apache.spark.rpc.netty.MessageLoop.org$apache$spark$rpc$netty$MessageLoop$$receiveLoop(MessageLoop.scala:75)
[2025-06-07T10:57:50.490+0000] {spark_submit.py:644} INFO - at org.apache.spark.rpc.netty.MessageLoop$$anon$1.run(MessageLoop.scala:41)
[2025-06-07T10:57:50.491+0000] {spark_submit.py:644} INFO - at java.base/java.util.concurrent.ThreadPoolExecutor.runWorker(ThreadPoolExecutor.java:1136)
[2025-06-07T10:57:50.491+0000] {spark_submit.py:644} INFO - at java.base/java.util.concurrent.ThreadPoolExecutor$Worker.run(ThreadPoolExecutor.java:635)
[2025-06-07T10:57:50.492+0000] {spark_submit.py:644} INFO - at java.base/java.lang.Thread.run(Thread.java:840)
[2025-06-07T10:57:50.492+0000] {spark_submit.py:644} INFO - 25/06/07 10:57:50 INFO SparkContext: SparkContext is stopping with exitCode 0.
[2025-06-07T10:57:50.495+0000] {spark_submit.py:644} INFO - 25/06/07 10:57:50 INFO SparkUI: Stopped Spark web UI at http://1ed3a5ab4297:4040
[2025-06-07T10:57:50.503+0000] {spark_submit.py:644} INFO - 25/06/07 10:57:50 INFO StandaloneSchedulerBackend: Shutting down all executors
[2025-06-07T10:57:50.504+0000] {spark_submit.py:644} INFO - 25/06/07 10:57:50 ERROR Inbox: Ignoring error
[2025-06-07T10:57:50.505+0000] {spark_submit.py:644} INFO - java.util.concurrent.RejectedExecutionException: Task java.util.concurrent.ScheduledThreadPoolExecutor$ScheduledFutureTask@7cfc7d71[Not completed, task = java.util.concurrent.Executors$RunnableAdapter@37fad51[Wrapped task = org.apache.spark.scheduler.cluster.StandaloneSchedulerBackend$StandaloneDriverEndpoint$$anon$2@30e3dd8b]] rejected from java.util.concurrent.ScheduledThreadPoolExecutor@3b653ec9[Terminated, pool size = 0, active threads = 0, queued tasks = 0, completed tasks = 0]
[2025-06-07T10:57:50.505+0000] {spark_submit.py:644} INFO - at java.base/java.util.concurrent.ThreadPoolExecutor$AbortPolicy.rejectedExecution(ThreadPoolExecutor.java:2065)
[2025-06-07T10:57:50.506+0000] {spark_submit.py:644} INFO - at java.base/java.util.concurrent.ThreadPoolExecutor.reject(ThreadPoolExecutor.java:833)
[2025-06-07T10:57:50.506+0000] {spark_submit.py:644} INFO - at java.base/java.util.concurrent.ScheduledThreadPoolExecutor.delayedExecute(ScheduledThreadPoolExecutor.java:340)
[2025-06-07T10:57:50.507+0000] {spark_submit.py:644} INFO - at java.base/java.util.concurrent.ScheduledThreadPoolExecutor.schedule(ScheduledThreadPoolExecutor.java:562)
[2025-06-07T10:57:50.507+0000] {spark_submit.py:644} INFO - at org.apache.spark.scheduler.cluster.StandaloneSchedulerBackend$StandaloneDriverEndpoint.$anonfun$onDisconnected$1(StandaloneSchedulerBackend.scala:346)
[2025-06-07T10:57:50.508+0000] {spark_submit.py:644} INFO - at scala.Option.foreach(Option.scala:407)
[2025-06-07T10:57:50.508+0000] {spark_submit.py:644} INFO - at org.apache.spark.scheduler.cluster.StandaloneSchedulerBackend$StandaloneDriverEndpoint.onDisconnected(StandaloneSchedulerBackend.scala:313)
[2025-06-07T10:57:50.508+0000] {spark_submit.py:644} INFO - at org.apache.spark.rpc.netty.Inbox.$anonfun$process$1(Inbox.scala:141)
[2025-06-07T10:57:50.508+0000] {spark_submit.py:644} INFO - at org.apache.spark.rpc.netty.Inbox.safelyCall(Inbox.scala:213)
[2025-06-07T10:57:50.509+0000] {spark_submit.py:644} INFO - at org.apache.spark.rpc.netty.Inbox.process(Inbox.scala:100)
[2025-06-07T10:57:50.509+0000] {spark_submit.py:644} INFO - at org.apache.spark.rpc.netty.MessageLoop.org$apache$spark$rpc$netty$MessageLoop$$receiveLoop(MessageLoop.scala:75)
[2025-06-07T10:57:50.509+0000] {spark_submit.py:644} INFO - at org.apache.spark.rpc.netty.MessageLoop$$anon$1.run(MessageLoop.scala:41)
[2025-06-07T10:57:50.510+0000] {spark_submit.py:644} INFO - at java.base/java.util.concurrent.ThreadPoolExecutor.runWorker(ThreadPoolExecutor.java:1136)
[2025-06-07T10:57:50.510+0000] {spark_submit.py:644} INFO - at java.base/java.util.concurrent.ThreadPoolExecutor$Worker.run(ThreadPoolExecutor.java:635)
[2025-06-07T10:57:50.510+0000] {spark_submit.py:644} INFO - at java.base/java.lang.Thread.run(Thread.java:840)
[2025-06-07T10:57:50.511+0000] {spark_submit.py:644} INFO - 25/06/07 10:57:50 INFO StandaloneSchedulerBackend$StandaloneDriverEndpoint: Asking each executor to shut down
[2025-06-07T10:57:50.523+0000] {spark_submit.py:644} INFO - 25/06/07 10:57:50 INFO MapOutputTrackerMasterEndpoint: MapOutputTrackerMasterEndpoint stopped!
[2025-06-07T10:57:50.534+0000] {spark_submit.py:644} INFO - 25/06/07 10:57:50 INFO MemoryStore: MemoryStore cleared
[2025-06-07T10:57:50.535+0000] {spark_submit.py:644} INFO - 25/06/07 10:57:50 INFO BlockManager: BlockManager stopped
[2025-06-07T10:57:50.540+0000] {spark_submit.py:644} INFO - 25/06/07 10:57:50 INFO BlockManagerMaster: BlockManagerMaster stopped
[2025-06-07T10:57:50.542+0000] {spark_submit.py:644} INFO - 25/06/07 10:57:50 INFO OutputCommitCoordinator$OutputCommitCoordinatorEndpoint: OutputCommitCoordinator stopped!
[2025-06-07T10:57:50.551+0000] {spark_submit.py:644} INFO - 25/06/07 10:57:50 INFO SparkContext: Successfully stopped SparkContext
[2025-06-07T10:59:34.648+0000] {local_task_job_runner.py:127} ERROR - Received SIGTERM. Terminating subprocesses
[2025-06-07T10:59:34.662+0000] {process_utils.py:132} INFO - Sending 15 to group 5071. PIDs of all processes in the group: [5073, 5134, 5071]
[2025-06-07T10:59:34.664+0000] {process_utils.py:87} INFO - Sending the signal 15 to group 5071
[2025-06-07T10:59:34.666+0000] {taskinstance.py:3093} ERROR - Received SIGTERM. Terminating subprocesses.
[2025-06-07T10:59:34.669+0000] {spark_submit.py:770} INFO - Sending kill signal to spark-submit
[2025-06-07T10:59:34.726+0000] {process_utils.py:80} INFO - Process psutil.Process(pid=5134, status='terminated', started='10:33:53') (5134) terminated with exit code None
[2025-06-07T10:59:34.817+0000] {taskinstance.py:3311} ERROR - Task failed with exception
Traceback (most recent call last):
  File "/home/airflow/.local/lib/python3.11/site-packages/airflow/models/taskinstance.py", line 767, in _execute_task
    result = _execute_callable(context=context, **execute_callable_kwargs)
             ^^^^^^^^^^^^^^^^^^^^^^^^^^^^^^^^^^^^^^^^^^^^^^^^^^^^^^^^^^^^^
  File "/home/airflow/.local/lib/python3.11/site-packages/airflow/models/taskinstance.py", line 733, in _execute_callable
    return ExecutionCallableRunner(
           ^^^^^^^^^^^^^^^^^^^^^^^^
  File "/home/airflow/.local/lib/python3.11/site-packages/airflow/utils/operator_helpers.py", line 252, in run
    return self.func(*args, **kwargs)
           ^^^^^^^^^^^^^^^^^^^^^^^^^^
  File "/home/airflow/.local/lib/python3.11/site-packages/airflow/models/baseoperator.py", line 417, in wrapper
    return func(self, *args, **kwargs)
           ^^^^^^^^^^^^^^^^^^^^^^^^^^^
  File "/home/airflow/.local/lib/python3.11/site-packages/airflow/providers/apache/spark/operators/spark_submit.py", line 197, in execute
    self._hook.submit(self.application)
  File "/home/airflow/.local/lib/python3.11/site-packages/airflow/providers/apache/spark/hooks/spark_submit.py", line 555, in submit
    self._process_spark_submit_log(iter(self._submit_sp.stdout))  # type: ignore
    ^^^^^^^^^^^^^^^^^^^^^^^^^^^^^^^^^^^^^^^^^^^^^^^^^^^^^^^^^^^^
  File "/home/airflow/.local/lib/python3.11/site-packages/airflow/providers/apache/spark/hooks/spark_submit.py", line 603, in _process_spark_submit_log
    for line in itr:
  File "/home/airflow/.local/lib/python3.11/site-packages/airflow/models/taskinstance.py", line 3095, in signal_handler
    raise AirflowTaskTerminated("Task received SIGTERM signal")
airflow.exceptions.AirflowTaskTerminated: Task received SIGTERM signal
[2025-06-07T10:59:34.869+0000] {taskinstance.py:1225} INFO - Marking task as FAILED. dag_id=curry_medallion_etl, task_id=submit_bronze_etl_job, run_id=manual__2025-06-07T10:33:49.707472+00:00, execution_date=20250607T103349, start_date=20250607T103352, end_date=20250607T105934
[2025-06-07T10:59:34.912+0000] {taskinstance.py:340} INFO - ::group::Post task execution logs
[2025-06-07T10:59:34.950+0000] {process_utils.py:80} INFO - Process psutil.Process(pid=5073, status='terminated', started='10:33:52') (5073) terminated with exit code None
[2025-06-07T10:59:34.951+0000] {process_utils.py:80} INFO - Process psutil.Process(pid=5071, status='terminated', exitcode=2, started='10:33:52') (5071) terminated with exit code 2
[2025-06-07T10:59:34.953+0000] {local_task_job_runner.py:266} INFO - Task exited with return code 143
[2025-06-07T10:59:35.000+0000] {taskinstance.py:3895} INFO - 0 downstream tasks scheduled from follow-on schedule check
[2025-06-07T10:59:36.322+0000] {local_task_job_runner.py:245} INFO - ::endgroup::
