[2025-06-03T06:10:12.032+0000] {local_task_job_runner.py:123} INFO - ::group::Pre task execution logs
[2025-06-03T06:10:12.043+0000] {taskinstance.py:2613} INFO - Dependencies all met for dep_context=non-requeueable deps ti=<TaskInstance: curry_medallion_etl.submit_bronze_to_silver_job manual__2025-06-03T06:09:34.055538+00:00 [queued]>
[2025-06-03T06:10:12.046+0000] {taskinstance.py:2613} INFO - Dependencies all met for dep_context=requeueable deps ti=<TaskInstance: curry_medallion_etl.submit_bronze_to_silver_job manual__2025-06-03T06:09:34.055538+00:00 [queued]>
[2025-06-03T06:10:12.047+0000] {taskinstance.py:2866} INFO - Starting attempt 1 of 1
[2025-06-03T06:10:12.052+0000] {taskinstance.py:2889} INFO - Executing <Task(SparkSubmitOperator): submit_bronze_to_silver_job> on 2025-06-03 06:09:34.055538+00:00
[2025-06-03T06:10:12.054+0000] {standard_task_runner.py:72} INFO - Started process 544 to run task
[2025-06-03T06:10:12.056+0000] {standard_task_runner.py:104} INFO - Running: ['***', 'tasks', 'run', 'curry_medallion_etl', 'submit_bronze_to_silver_job', 'manual__2025-06-03T06:09:34.055538+00:00', '--job-id', '6', '--raw', '--subdir', 'DAGS_FOLDER/medallion_sales_etl_dag.py', '--cfg-path', '/tmp/tmpa8d548_v']
[2025-06-03T06:10:12.058+0000] {standard_task_runner.py:105} INFO - Job 6: Subtask submit_bronze_to_silver_job
[2025-06-03T06:10:12.089+0000] {task_command.py:467} INFO - Running <TaskInstance: curry_medallion_etl.submit_bronze_to_silver_job manual__2025-06-03T06:09:34.055538+00:00 [running]> on host eff93630df4f
[2025-06-03T06:10:12.145+0000] {taskinstance.py:3132} INFO - Exporting env vars: AIRFLOW_CTX_DAG_OWNER='qdinh18' AIRFLOW_CTX_DAG_ID='curry_medallion_etl' AIRFLOW_CTX_TASK_ID='submit_bronze_to_silver_job' AIRFLOW_CTX_EXECUTION_DATE='2025-06-03T06:09:34.055538+00:00' AIRFLOW_CTX_TRY_NUMBER='1' AIRFLOW_CTX_DAG_RUN_ID='manual__2025-06-03T06:09:34.055538+00:00'
[2025-06-03T06:10:12.146+0000] {taskinstance.py:731} INFO - ::endgroup::
[2025-06-03T06:10:12.174+0000] {base.py:84} INFO - Retrieving connection 'spark_default'
[2025-06-03T06:10:12.176+0000] {spark_submit.py:474} INFO - Spark-Submit cmd: spark-submit --master spark://spark-master:7077 --conf spark.executor.memory=2g --conf spark.sql.extensions=io.delta.sql.DeltaSparkSessionExtension --conf spark.sql.catalog.spark_catalog=org.apache.spark.sql.delta.catalog.DeltaCatalog --conf spark.hadoop.fs.s3a.endpoint=http://minio:9000 --conf spark.hadoop.fs.s3a.access.key=minioadmin --conf spark.hadoop.fs.s3a.secret.key=****** --conf spark.hadoop.fs.s3a.path.style.access=true --conf spark.hadoop.fs.s3a.impl=org.apache.hadoop.fs.s3a.S3AFileSystem --packages org.apache.hadoop:hadoop-aws:3.3.4,com.amazonaws:aws-java-sdk-bundle:1.12.262,io.delta:delta-spark_2.12:3.1.0 --name bronze_to_silver_sc_stats_etl --verbose --queue root.default --deploy-mode client /opt/***/dags/bronze_to_silver_sc_stats_etl.py --input_path s3a://mybucket/bronze/curry_raw_data/ --output_path s3a://mybucket/silver/curry_transformed/
[2025-06-03T06:10:13.173+0000] {spark_submit.py:644} INFO - Using properties file: null
[2025-06-03T06:10:13.235+0000] {spark_submit.py:644} INFO - Parsed arguments:
[2025-06-03T06:10:13.235+0000] {spark_submit.py:644} INFO - master                  spark://spark-master:7077
[2025-06-03T06:10:13.235+0000] {spark_submit.py:644} INFO - remote                  null
[2025-06-03T06:10:13.236+0000] {spark_submit.py:644} INFO - deployMode              client
[2025-06-03T06:10:13.236+0000] {spark_submit.py:644} INFO - executorMemory          2g
[2025-06-03T06:10:13.236+0000] {spark_submit.py:644} INFO - executorCores           null
[2025-06-03T06:10:13.236+0000] {spark_submit.py:644} INFO - totalExecutorCores      null
[2025-06-03T06:10:13.236+0000] {spark_submit.py:644} INFO - propertiesFile          null
[2025-06-03T06:10:13.236+0000] {spark_submit.py:644} INFO - driverMemory            null
[2025-06-03T06:10:13.236+0000] {spark_submit.py:644} INFO - driverCores             null
[2025-06-03T06:10:13.236+0000] {spark_submit.py:644} INFO - driverExtraClassPath    null
[2025-06-03T06:10:13.236+0000] {spark_submit.py:644} INFO - driverExtraLibraryPath  null
[2025-06-03T06:10:13.236+0000] {spark_submit.py:644} INFO - driverExtraJavaOptions  null
[2025-06-03T06:10:13.237+0000] {spark_submit.py:644} INFO - supervise               false
[2025-06-03T06:10:13.237+0000] {spark_submit.py:644} INFO - queue                   root.default
[2025-06-03T06:10:13.237+0000] {spark_submit.py:644} INFO - numExecutors            null
[2025-06-03T06:10:13.237+0000] {spark_submit.py:644} INFO - files                   null
[2025-06-03T06:10:13.237+0000] {spark_submit.py:644} INFO - pyFiles                 null
[2025-06-03T06:10:13.237+0000] {spark_submit.py:644} INFO - archives                null
[2025-06-03T06:10:13.237+0000] {spark_submit.py:644} INFO - mainClass               null
[2025-06-03T06:10:13.238+0000] {spark_submit.py:644} INFO - primaryResource         file:/opt/***/dags/bronze_to_silver_sc_stats_etl.py
[2025-06-03T06:10:13.238+0000] {spark_submit.py:644} INFO - name                    bronze_to_silver_sc_stats_etl
[2025-06-03T06:10:13.238+0000] {spark_submit.py:644} INFO - childArgs               [--input_path s3a://mybucket/bronze/curry_raw_data/ --output_path s3a://mybucket/silver/curry_transformed/]
[2025-06-03T06:10:13.238+0000] {spark_submit.py:644} INFO - jars                    null
[2025-06-03T06:10:13.238+0000] {spark_submit.py:644} INFO - packages                org.apache.hadoop:hadoop-aws:3.3.4,com.amazonaws:aws-java-sdk-bundle:1.12.262,io.delta:delta-spark_2.12:3.1.0
[2025-06-03T06:10:13.238+0000] {spark_submit.py:644} INFO - packagesExclusions      null
[2025-06-03T06:10:13.239+0000] {spark_submit.py:644} INFO - repositories            null
[2025-06-03T06:10:13.239+0000] {spark_submit.py:644} INFO - verbose                 true
[2025-06-03T06:10:13.239+0000] {spark_submit.py:644} INFO - 
[2025-06-03T06:10:13.239+0000] {spark_submit.py:644} INFO - Spark properties used, including those specified through
[2025-06-03T06:10:13.239+0000] {spark_submit.py:644} INFO - --conf and those from the properties file null:
[2025-06-03T06:10:13.239+0000] {spark_submit.py:644} INFO - (spark.executor.memory,2g)
[2025-06-03T06:10:13.239+0000] {spark_submit.py:644} INFO - (spark.hadoop.fs.s3a.access.key,*********(redacted))
[2025-06-03T06:10:13.239+0000] {spark_submit.py:644} INFO - (spark.hadoop.fs.s3a.endpoint,http://minio:9000)
[2025-06-03T06:10:13.239+0000] {spark_submit.py:644} INFO - (spark.hadoop.fs.s3a.impl,org.apache.hadoop.fs.s3a.S3AFileSystem)
[2025-06-03T06:10:13.240+0000] {spark_submit.py:644} INFO - (spark.hadoop.fs.s3a.path.style.access,true)
[2025-06-03T06:10:13.240+0000] {spark_submit.py:644} INFO - (spark.hadoop.fs.s3a.secret.key,*********(redacted))
[2025-06-03T06:10:13.240+0000] {spark_submit.py:644} INFO - (spark.sql.catalog.spark_catalog,org.apache.spark.sql.delta.catalog.DeltaCatalog)
[2025-06-03T06:10:13.240+0000] {spark_submit.py:644} INFO - (spark.sql.extensions,io.delta.sql.DeltaSparkSessionExtension)
[2025-06-03T06:10:13.240+0000] {spark_submit.py:644} INFO - 
[2025-06-03T06:10:13.240+0000] {spark_submit.py:644} INFO - 
[2025-06-03T06:10:13.320+0000] {spark_submit.py:644} INFO - :: loading settings :: url = jar:file:/home/***/.local/lib/python3.11/site-packages/pyspark/jars/ivy-2.5.1.jar!/org/apache/ivy/core/settings/ivysettings.xml
[2025-06-03T06:10:13.368+0000] {spark_submit.py:644} INFO - Ivy Default Cache set to: /home/***/.ivy2/cache
[2025-06-03T06:10:13.368+0000] {spark_submit.py:644} INFO - The jars for the packages stored in: /home/***/.ivy2/jars
[2025-06-03T06:10:13.370+0000] {spark_submit.py:644} INFO - org.apache.hadoop#hadoop-aws added as a dependency
[2025-06-03T06:10:13.371+0000] {spark_submit.py:644} INFO - com.amazonaws#aws-java-sdk-bundle added as a dependency
[2025-06-03T06:10:13.371+0000] {spark_submit.py:644} INFO - io.delta#delta-spark_2.12 added as a dependency
[2025-06-03T06:10:13.371+0000] {spark_submit.py:644} INFO - :: resolving dependencies :: org.apache.spark#spark-submit-parent-44ad0f3b-b5fa-4171-85ce-3f6f3a0ea1fe;1.0
[2025-06-03T06:10:13.371+0000] {spark_submit.py:644} INFO - confs: [default]
[2025-06-03T06:10:13.468+0000] {spark_submit.py:644} INFO - found org.apache.hadoop#hadoop-aws;3.3.4 in central
[2025-06-03T06:10:13.480+0000] {spark_submit.py:644} INFO - found com.amazonaws#aws-java-sdk-bundle;1.12.262 in central
[2025-06-03T06:10:13.492+0000] {spark_submit.py:644} INFO - found org.wildfly.openssl#wildfly-openssl;1.0.7.Final in central
[2025-06-03T06:10:13.500+0000] {spark_submit.py:644} INFO - found io.delta#delta-spark_2.12;3.1.0 in central
[2025-06-03T06:10:13.510+0000] {spark_submit.py:644} INFO - found io.delta#delta-storage;3.1.0 in central
[2025-06-03T06:10:13.517+0000] {spark_submit.py:644} INFO - found org.antlr#antlr4-runtime;4.9.3 in central
[2025-06-03T06:10:13.533+0000] {spark_submit.py:644} INFO - :: resolution report :: resolve 156ms :: artifacts dl 6ms
[2025-06-03T06:10:13.534+0000] {spark_submit.py:644} INFO - :: modules in use:
[2025-06-03T06:10:13.534+0000] {spark_submit.py:644} INFO - com.amazonaws#aws-java-sdk-bundle;1.12.262 from central in [default]
[2025-06-03T06:10:13.534+0000] {spark_submit.py:644} INFO - io.delta#delta-spark_2.12;3.1.0 from central in [default]
[2025-06-03T06:10:13.534+0000] {spark_submit.py:644} INFO - io.delta#delta-storage;3.1.0 from central in [default]
[2025-06-03T06:10:13.534+0000] {spark_submit.py:644} INFO - org.antlr#antlr4-runtime;4.9.3 from central in [default]
[2025-06-03T06:10:13.534+0000] {spark_submit.py:644} INFO - org.apache.hadoop#hadoop-aws;3.3.4 from central in [default]
[2025-06-03T06:10:13.534+0000] {spark_submit.py:644} INFO - org.wildfly.openssl#wildfly-openssl;1.0.7.Final from central in [default]
[2025-06-03T06:10:13.535+0000] {spark_submit.py:644} INFO - ---------------------------------------------------------------------
[2025-06-03T06:10:13.535+0000] {spark_submit.py:644} INFO - |                  |            modules            ||   artifacts   |
[2025-06-03T06:10:13.535+0000] {spark_submit.py:644} INFO - |       conf       | number| search|dwnlded|evicted|| number|dwnlded|
[2025-06-03T06:10:13.535+0000] {spark_submit.py:644} INFO - ---------------------------------------------------------------------
[2025-06-03T06:10:13.535+0000] {spark_submit.py:644} INFO - |      default     |   6   |   0   |   0   |   0   ||   6   |   0   |
[2025-06-03T06:10:13.535+0000] {spark_submit.py:644} INFO - ---------------------------------------------------------------------
[2025-06-03T06:10:13.536+0000] {spark_submit.py:644} INFO - :: retrieving :: org.apache.spark#spark-submit-parent-44ad0f3b-b5fa-4171-85ce-3f6f3a0ea1fe
[2025-06-03T06:10:13.536+0000] {spark_submit.py:644} INFO - confs: [default]
[2025-06-03T06:10:13.540+0000] {spark_submit.py:644} INFO - 0 artifacts copied, 6 already retrieved (0kB/4ms)
[2025-06-03T06:10:13.686+0000] {spark_submit.py:644} INFO - 25/06/03 06:10:13 WARN NativeCodeLoader: Unable to load native-hadoop library for your platform... using builtin-java classes where applicable
[2025-06-03T06:10:13.803+0000] {spark_submit.py:644} INFO - Main class:
[2025-06-03T06:10:13.803+0000] {spark_submit.py:644} INFO - org.apache.spark.deploy.PythonRunner
[2025-06-03T06:10:13.804+0000] {spark_submit.py:644} INFO - Arguments:
[2025-06-03T06:10:13.804+0000] {spark_submit.py:644} INFO - file:/opt/***/dags/bronze_to_silver_sc_stats_etl.py
[2025-06-03T06:10:13.804+0000] {spark_submit.py:644} INFO - file:///home/***/.ivy2/jars/org.apache.hadoop_hadoop-aws-3.3.4.jar,file:///home/***/.ivy2/jars/com.amazonaws_aws-java-sdk-bundle-1.12.262.jar,file:///home/***/.ivy2/jars/io.delta_delta-spark_2.12-3.1.0.jar,file:///home/***/.ivy2/jars/org.wildfly.openssl_wildfly-openssl-1.0.7.Final.jar,file:///home/***/.ivy2/jars/io.delta_delta-storage-3.1.0.jar,file:///home/***/.ivy2/jars/org.antlr_antlr4-runtime-4.9.3.jar
[2025-06-03T06:10:13.804+0000] {spark_submit.py:644} INFO - --input_path
[2025-06-03T06:10:13.804+0000] {spark_submit.py:644} INFO - s3a://mybucket/bronze/curry_raw_data/
[2025-06-03T06:10:13.804+0000] {spark_submit.py:644} INFO - --output_path
[2025-06-03T06:10:13.805+0000] {spark_submit.py:644} INFO - s3a://mybucket/silver/curry_transformed/
[2025-06-03T06:10:13.805+0000] {spark_submit.py:644} INFO - Spark config:
[2025-06-03T06:10:13.805+0000] {spark_submit.py:644} INFO - (spark.app.name,bronze_to_silver_sc_stats_etl)
[2025-06-03T06:10:13.805+0000] {spark_submit.py:644} INFO - (spark.app.submitTime,1748931013794)
[2025-06-03T06:10:13.805+0000] {spark_submit.py:644} INFO - (spark.executor.memory,2g)
[2025-06-03T06:10:13.805+0000] {spark_submit.py:644} INFO - (spark.files,file:///home/***/.ivy2/jars/org.apache.hadoop_hadoop-aws-3.3.4.jar,file:///home/***/.ivy2/jars/com.amazonaws_aws-java-sdk-bundle-1.12.262.jar,file:///home/***/.ivy2/jars/io.delta_delta-spark_2.12-3.1.0.jar,file:///home/***/.ivy2/jars/org.wildfly.openssl_wildfly-openssl-1.0.7.Final.jar,file:///home/***/.ivy2/jars/io.delta_delta-storage-3.1.0.jar,file:///home/***/.ivy2/jars/org.antlr_antlr4-runtime-4.9.3.jar)
[2025-06-03T06:10:13.805+0000] {spark_submit.py:644} INFO - (spark.hadoop.fs.s3a.access.key,*********(redacted))
[2025-06-03T06:10:13.806+0000] {spark_submit.py:644} INFO - (spark.hadoop.fs.s3a.endpoint,http://minio:9000)
[2025-06-03T06:10:13.806+0000] {spark_submit.py:644} INFO - (spark.hadoop.fs.s3a.impl,org.apache.hadoop.fs.s3a.S3AFileSystem)
[2025-06-03T06:10:13.806+0000] {spark_submit.py:644} INFO - (spark.hadoop.fs.s3a.path.style.access,true)
[2025-06-03T06:10:13.806+0000] {spark_submit.py:644} INFO - (spark.hadoop.fs.s3a.secret.key,*********(redacted))
[2025-06-03T06:10:13.806+0000] {spark_submit.py:644} INFO - (spark.jars,file:///home/***/.ivy2/jars/org.apache.hadoop_hadoop-aws-3.3.4.jar,file:///home/***/.ivy2/jars/com.amazonaws_aws-java-sdk-bundle-1.12.262.jar,file:///home/***/.ivy2/jars/io.delta_delta-spark_2.12-3.1.0.jar,file:///home/***/.ivy2/jars/org.wildfly.openssl_wildfly-openssl-1.0.7.Final.jar,file:///home/***/.ivy2/jars/io.delta_delta-storage-3.1.0.jar,file:///home/***/.ivy2/jars/org.antlr_antlr4-runtime-4.9.3.jar)
[2025-06-03T06:10:13.806+0000] {spark_submit.py:644} INFO - (spark.master,spark://spark-master:7077)
[2025-06-03T06:10:13.806+0000] {spark_submit.py:644} INFO - (spark.repl.local.jars,file:///home/***/.ivy2/jars/org.apache.hadoop_hadoop-aws-3.3.4.jar,file:///home/***/.ivy2/jars/com.amazonaws_aws-java-sdk-bundle-1.12.262.jar,file:///home/***/.ivy2/jars/io.delta_delta-spark_2.12-3.1.0.jar,file:///home/***/.ivy2/jars/org.wildfly.openssl_wildfly-openssl-1.0.7.Final.jar,file:///home/***/.ivy2/jars/io.delta_delta-storage-3.1.0.jar,file:///home/***/.ivy2/jars/org.antlr_antlr4-runtime-4.9.3.jar)
[2025-06-03T06:10:13.806+0000] {spark_submit.py:644} INFO - (spark.sql.catalog.spark_catalog,org.apache.spark.sql.delta.catalog.DeltaCatalog)
[2025-06-03T06:10:13.807+0000] {spark_submit.py:644} INFO - (spark.sql.extensions,io.delta.sql.DeltaSparkSessionExtension)
[2025-06-03T06:10:13.807+0000] {spark_submit.py:644} INFO - (spark.submit.deployMode,client)
[2025-06-03T06:10:13.807+0000] {spark_submit.py:644} INFO - (spark.submit.pyFiles,/home/***/.ivy2/jars/org.apache.hadoop_hadoop-aws-3.3.4.jar,/home/***/.ivy2/jars/com.amazonaws_aws-java-sdk-bundle-1.12.262.jar,/home/***/.ivy2/jars/io.delta_delta-spark_2.12-3.1.0.jar,/home/***/.ivy2/jars/org.wildfly.openssl_wildfly-openssl-1.0.7.Final.jar,/home/***/.ivy2/jars/io.delta_delta-storage-3.1.0.jar,/home/***/.ivy2/jars/org.antlr_antlr4-runtime-4.9.3.jar)
[2025-06-03T06:10:13.807+0000] {spark_submit.py:644} INFO - Classpath elements:
[2025-06-03T06:10:13.807+0000] {spark_submit.py:644} INFO - file:///home/***/.ivy2/jars/org.apache.hadoop_hadoop-aws-3.3.4.jar
[2025-06-03T06:10:13.807+0000] {spark_submit.py:644} INFO - file:///home/***/.ivy2/jars/com.amazonaws_aws-java-sdk-bundle-1.12.262.jar
[2025-06-03T06:10:13.808+0000] {spark_submit.py:644} INFO - file:///home/***/.ivy2/jars/io.delta_delta-spark_2.12-3.1.0.jar
[2025-06-03T06:10:13.808+0000] {spark_submit.py:644} INFO - file:///home/***/.ivy2/jars/org.wildfly.openssl_wildfly-openssl-1.0.7.Final.jar
[2025-06-03T06:10:13.808+0000] {spark_submit.py:644} INFO - file:///home/***/.ivy2/jars/io.delta_delta-storage-3.1.0.jar
[2025-06-03T06:10:13.808+0000] {spark_submit.py:644} INFO - file:///home/***/.ivy2/jars/org.antlr_antlr4-runtime-4.9.3.jar
[2025-06-03T06:10:13.808+0000] {spark_submit.py:644} INFO - 
[2025-06-03T06:10:13.808+0000] {spark_submit.py:644} INFO - 
[2025-06-03T06:10:14.511+0000] {spark_submit.py:644} INFO - 25/06/03 06:10:14 INFO SparkContext: Running Spark version 3.5.2
[2025-06-03T06:10:14.511+0000] {spark_submit.py:644} INFO - 25/06/03 06:10:14 INFO SparkContext: OS info Linux, 6.10.14-linuxkit, aarch64
[2025-06-03T06:10:14.511+0000] {spark_submit.py:644} INFO - 25/06/03 06:10:14 INFO SparkContext: Java version 17.0.15
[2025-06-03T06:10:14.527+0000] {spark_submit.py:644} INFO - 25/06/03 06:10:14 INFO ResourceUtils: ==============================================================
[2025-06-03T06:10:14.528+0000] {spark_submit.py:644} INFO - 25/06/03 06:10:14 INFO ResourceUtils: No custom resources configured for spark.driver.
[2025-06-03T06:10:14.528+0000] {spark_submit.py:644} INFO - 25/06/03 06:10:14 INFO ResourceUtils: ==============================================================
[2025-06-03T06:10:14.528+0000] {spark_submit.py:644} INFO - 25/06/03 06:10:14 INFO SparkContext: Submitted application: BronzeToSilverStephenCurryStatsETL
[2025-06-03T06:10:14.541+0000] {spark_submit.py:644} INFO - 25/06/03 06:10:14 INFO ResourceProfile: Default ResourceProfile created, executor resources: Map(memory -> name: memory, amount: 2048, script: , vendor: , offHeap -> name: offHeap, amount: 0, script: , vendor: ), task resources: Map(cpus -> name: cpus, amount: 1.0)
[2025-06-03T06:10:14.546+0000] {spark_submit.py:644} INFO - 25/06/03 06:10:14 INFO ResourceProfile: Limiting resource is cpu
[2025-06-03T06:10:14.546+0000] {spark_submit.py:644} INFO - 25/06/03 06:10:14 INFO ResourceProfileManager: Added ResourceProfile id: 0
[2025-06-03T06:10:14.583+0000] {spark_submit.py:644} INFO - 25/06/03 06:10:14 INFO SecurityManager: Changing view acls to: ***
[2025-06-03T06:10:14.584+0000] {spark_submit.py:644} INFO - 25/06/03 06:10:14 INFO SecurityManager: Changing modify acls to: ***
[2025-06-03T06:10:14.584+0000] {spark_submit.py:644} INFO - 25/06/03 06:10:14 INFO SecurityManager: Changing view acls groups to:
[2025-06-03T06:10:14.584+0000] {spark_submit.py:644} INFO - 25/06/03 06:10:14 INFO SecurityManager: Changing modify acls groups to:
[2025-06-03T06:10:14.584+0000] {spark_submit.py:644} INFO - 25/06/03 06:10:14 INFO SecurityManager: SecurityManager: authentication disabled; ui acls disabled; users with view permissions: ***; groups with view permissions: EMPTY; users with modify permissions: ***; groups with modify permissions: EMPTY
[2025-06-03T06:10:14.720+0000] {spark_submit.py:644} INFO - 25/06/03 06:10:14 INFO Utils: Successfully started service 'sparkDriver' on port 40617.
[2025-06-03T06:10:14.745+0000] {spark_submit.py:644} INFO - 25/06/03 06:10:14 INFO SparkEnv: Registering MapOutputTracker
[2025-06-03T06:10:14.770+0000] {spark_submit.py:644} INFO - 25/06/03 06:10:14 INFO SparkEnv: Registering BlockManagerMaster
[2025-06-03T06:10:14.780+0000] {spark_submit.py:644} INFO - 25/06/03 06:10:14 INFO BlockManagerMasterEndpoint: Using org.apache.spark.storage.DefaultTopologyMapper for getting topology information
[2025-06-03T06:10:14.780+0000] {spark_submit.py:644} INFO - 25/06/03 06:10:14 INFO BlockManagerMasterEndpoint: BlockManagerMasterEndpoint up
[2025-06-03T06:10:14.783+0000] {spark_submit.py:644} INFO - 25/06/03 06:10:14 INFO SparkEnv: Registering BlockManagerMasterHeartbeat
[2025-06-03T06:10:14.798+0000] {spark_submit.py:644} INFO - 25/06/03 06:10:14 INFO DiskBlockManager: Created local directory at /tmp/blockmgr-db1be2ec-2e6b-4168-945e-a8e44a63c9e4
[2025-06-03T06:10:14.806+0000] {spark_submit.py:644} INFO - 25/06/03 06:10:14 INFO MemoryStore: MemoryStore started with capacity 434.4 MiB
[2025-06-03T06:10:14.813+0000] {spark_submit.py:644} INFO - 25/06/03 06:10:14 INFO SparkEnv: Registering OutputCommitCoordinator
[2025-06-03T06:10:14.890+0000] {spark_submit.py:644} INFO - 25/06/03 06:10:14 INFO JettyUtils: Start Jetty 0.0.0.0:4040 for SparkUI
[2025-06-03T06:10:14.928+0000] {spark_submit.py:644} INFO - 25/06/03 06:10:14 INFO Utils: Successfully started service 'SparkUI' on port 4040.
[2025-06-03T06:10:14.949+0000] {spark_submit.py:644} INFO - 25/06/03 06:10:14 INFO SparkContext: Added JAR file:///home/***/.ivy2/jars/org.apache.hadoop_hadoop-aws-3.3.4.jar at spark://eff93630df4f:40617/jars/org.apache.hadoop_hadoop-aws-3.3.4.jar with timestamp 1748931014507
[2025-06-03T06:10:14.949+0000] {spark_submit.py:644} INFO - 25/06/03 06:10:14 INFO SparkContext: Added JAR file:///home/***/.ivy2/jars/com.amazonaws_aws-java-sdk-bundle-1.12.262.jar at spark://eff93630df4f:40617/jars/com.amazonaws_aws-java-sdk-bundle-1.12.262.jar with timestamp 1748931014507
[2025-06-03T06:10:14.949+0000] {spark_submit.py:644} INFO - 25/06/03 06:10:14 INFO SparkContext: Added JAR file:///home/***/.ivy2/jars/io.delta_delta-spark_2.12-3.1.0.jar at spark://eff93630df4f:40617/jars/io.delta_delta-spark_2.12-3.1.0.jar with timestamp 1748931014507
[2025-06-03T06:10:14.950+0000] {spark_submit.py:644} INFO - 25/06/03 06:10:14 INFO SparkContext: Added JAR file:///home/***/.ivy2/jars/org.wildfly.openssl_wildfly-openssl-1.0.7.Final.jar at spark://eff93630df4f:40617/jars/org.wildfly.openssl_wildfly-openssl-1.0.7.Final.jar with timestamp 1748931014507
[2025-06-03T06:10:14.950+0000] {spark_submit.py:644} INFO - 25/06/03 06:10:14 INFO SparkContext: Added JAR file:///home/***/.ivy2/jars/io.delta_delta-storage-3.1.0.jar at spark://eff93630df4f:40617/jars/io.delta_delta-storage-3.1.0.jar with timestamp 1748931014507
[2025-06-03T06:10:14.950+0000] {spark_submit.py:644} INFO - 25/06/03 06:10:14 INFO SparkContext: Added JAR file:///home/***/.ivy2/jars/org.antlr_antlr4-runtime-4.9.3.jar at spark://eff93630df4f:40617/jars/org.antlr_antlr4-runtime-4.9.3.jar with timestamp 1748931014507
[2025-06-03T06:10:14.952+0000] {spark_submit.py:644} INFO - 25/06/03 06:10:14 INFO SparkContext: Added file file:///home/***/.ivy2/jars/org.apache.hadoop_hadoop-aws-3.3.4.jar at spark://eff93630df4f:40617/files/org.apache.hadoop_hadoop-aws-3.3.4.jar with timestamp 1748931014507
[2025-06-03T06:10:14.952+0000] {spark_submit.py:644} INFO - 25/06/03 06:10:14 INFO Utils: Copying /home/***/.ivy2/jars/org.apache.hadoop_hadoop-aws-3.3.4.jar to /tmp/spark-d03f1020-11f6-4767-b7bb-d775076c29c9/userFiles-668879cd-f3a3-4ca4-afdc-6b8096b824c3/org.apache.hadoop_hadoop-aws-3.3.4.jar
[2025-06-03T06:10:14.959+0000] {spark_submit.py:644} INFO - 25/06/03 06:10:14 INFO SparkContext: Added file file:///home/***/.ivy2/jars/com.amazonaws_aws-java-sdk-bundle-1.12.262.jar at spark://eff93630df4f:40617/files/com.amazonaws_aws-java-sdk-bundle-1.12.262.jar with timestamp 1748931014507
[2025-06-03T06:10:14.960+0000] {spark_submit.py:644} INFO - 25/06/03 06:10:14 INFO Utils: Copying /home/***/.ivy2/jars/com.amazonaws_aws-java-sdk-bundle-1.12.262.jar to /tmp/spark-d03f1020-11f6-4767-b7bb-d775076c29c9/userFiles-668879cd-f3a3-4ca4-afdc-6b8096b824c3/com.amazonaws_aws-java-sdk-bundle-1.12.262.jar
[2025-06-03T06:10:15.046+0000] {spark_submit.py:644} INFO - 25/06/03 06:10:15 INFO SparkContext: Added file file:///home/***/.ivy2/jars/io.delta_delta-spark_2.12-3.1.0.jar at spark://eff93630df4f:40617/files/io.delta_delta-spark_2.12-3.1.0.jar with timestamp 1748931014507
[2025-06-03T06:10:15.047+0000] {spark_submit.py:644} INFO - 25/06/03 06:10:15 INFO Utils: Copying /home/***/.ivy2/jars/io.delta_delta-spark_2.12-3.1.0.jar to /tmp/spark-d03f1020-11f6-4767-b7bb-d775076c29c9/userFiles-668879cd-f3a3-4ca4-afdc-6b8096b824c3/io.delta_delta-spark_2.12-3.1.0.jar
[2025-06-03T06:10:15.054+0000] {spark_submit.py:644} INFO - 25/06/03 06:10:15 INFO SparkContext: Added file file:///home/***/.ivy2/jars/org.wildfly.openssl_wildfly-openssl-1.0.7.Final.jar at spark://eff93630df4f:40617/files/org.wildfly.openssl_wildfly-openssl-1.0.7.Final.jar with timestamp 1748931014507
[2025-06-03T06:10:15.054+0000] {spark_submit.py:644} INFO - 25/06/03 06:10:15 INFO Utils: Copying /home/***/.ivy2/jars/org.wildfly.openssl_wildfly-openssl-1.0.7.Final.jar to /tmp/spark-d03f1020-11f6-4767-b7bb-d775076c29c9/userFiles-668879cd-f3a3-4ca4-afdc-6b8096b824c3/org.wildfly.openssl_wildfly-openssl-1.0.7.Final.jar
[2025-06-03T06:10:15.056+0000] {spark_submit.py:644} INFO - 25/06/03 06:10:15 INFO SparkContext: Added file file:///home/***/.ivy2/jars/io.delta_delta-storage-3.1.0.jar at spark://eff93630df4f:40617/files/io.delta_delta-storage-3.1.0.jar with timestamp 1748931014507
[2025-06-03T06:10:15.056+0000] {spark_submit.py:644} INFO - 25/06/03 06:10:15 INFO Utils: Copying /home/***/.ivy2/jars/io.delta_delta-storage-3.1.0.jar to /tmp/spark-d03f1020-11f6-4767-b7bb-d775076c29c9/userFiles-668879cd-f3a3-4ca4-afdc-6b8096b824c3/io.delta_delta-storage-3.1.0.jar
[2025-06-03T06:10:15.058+0000] {spark_submit.py:644} INFO - 25/06/03 06:10:15 INFO SparkContext: Added file file:///home/***/.ivy2/jars/org.antlr_antlr4-runtime-4.9.3.jar at spark://eff93630df4f:40617/files/org.antlr_antlr4-runtime-4.9.3.jar with timestamp 1748931014507
[2025-06-03T06:10:15.058+0000] {spark_submit.py:644} INFO - 25/06/03 06:10:15 INFO Utils: Copying /home/***/.ivy2/jars/org.antlr_antlr4-runtime-4.9.3.jar to /tmp/spark-d03f1020-11f6-4767-b7bb-d775076c29c9/userFiles-668879cd-f3a3-4ca4-afdc-6b8096b824c3/org.antlr_antlr4-runtime-4.9.3.jar
[2025-06-03T06:10:15.106+0000] {spark_submit.py:644} INFO - 25/06/03 06:10:15 INFO StandaloneAppClient$ClientEndpoint: Connecting to master spark://spark-master:7077...
[2025-06-03T06:10:15.132+0000] {spark_submit.py:644} INFO - 25/06/03 06:10:15 INFO TransportClientFactory: Successfully created connection to spark-master/172.18.0.5:7077 after 14 ms (0 ms spent in bootstraps)
[2025-06-03T06:10:15.186+0000] {spark_submit.py:644} INFO - 25/06/03 06:10:15 INFO StandaloneSchedulerBackend: Connected to Spark cluster with app ID app-20250603061015-0001
[2025-06-03T06:10:15.187+0000] {spark_submit.py:644} INFO - 25/06/03 06:10:15 INFO StandaloneAppClient$ClientEndpoint: Executor added: app-20250603061015-0001/0 on worker-20250603060346-172.18.0.7-40055 (172.18.0.7:40055) with 4 core(s)
[2025-06-03T06:10:15.189+0000] {spark_submit.py:644} INFO - 25/06/03 06:10:15 INFO StandaloneSchedulerBackend: Granted executor ID app-20250603061015-0001/0 on hostPort 172.18.0.7:40055 with 4 core(s), 2.0 GiB RAM
[2025-06-03T06:10:15.192+0000] {spark_submit.py:644} INFO - 25/06/03 06:10:15 INFO Utils: Successfully started service 'org.apache.spark.network.netty.NettyBlockTransferService' on port 37675.
[2025-06-03T06:10:15.192+0000] {spark_submit.py:644} INFO - 25/06/03 06:10:15 INFO NettyBlockTransferService: Server created on eff93630df4f:37675
[2025-06-03T06:10:15.194+0000] {spark_submit.py:644} INFO - 25/06/03 06:10:15 INFO BlockManager: Using org.apache.spark.storage.RandomBlockReplicationPolicy for block replication policy
[2025-06-03T06:10:15.198+0000] {spark_submit.py:644} INFO - 25/06/03 06:10:15 INFO BlockManagerMaster: Registering BlockManager BlockManagerId(driver, eff93630df4f, 37675, None)
[2025-06-03T06:10:15.201+0000] {spark_submit.py:644} INFO - 25/06/03 06:10:15 INFO BlockManagerMasterEndpoint: Registering block manager eff93630df4f:37675 with 434.4 MiB RAM, BlockManagerId(driver, eff93630df4f, 37675, None)
[2025-06-03T06:10:15.205+0000] {spark_submit.py:644} INFO - 25/06/03 06:10:15 INFO BlockManagerMaster: Registered BlockManager BlockManagerId(driver, eff93630df4f, 37675, None)
[2025-06-03T06:10:15.206+0000] {spark_submit.py:644} INFO - 25/06/03 06:10:15 INFO BlockManager: Initialized BlockManager: BlockManagerId(driver, eff93630df4f, 37675, None)
[2025-06-03T06:10:15.206+0000] {spark_submit.py:644} INFO - 25/06/03 06:10:15 INFO StandaloneAppClient$ClientEndpoint: Executor updated: app-20250603061015-0001/0 is now RUNNING
[2025-06-03T06:10:15.330+0000] {spark_submit.py:644} INFO - 25/06/03 06:10:15 INFO StandaloneSchedulerBackend: SchedulerBackend is ready for scheduling beginning after reached minRegisteredResourcesRatio: 0.0
[2025-06-03T06:10:15.484+0000] {spark_submit.py:644} INFO - Reading Bronze data from: s3a://mybucket/bronze/curry_raw_data/
[2025-06-03T06:10:15.487+0000] {spark_submit.py:644} INFO - 25/06/03 06:10:15 INFO SharedState: Setting hive.metastore.warehouse.dir ('null') to the value of spark.sql.warehouse.dir.
[2025-06-03T06:10:15.566+0000] {spark_submit.py:644} INFO - 25/06/03 06:10:15 WARN MetricsConfig: Cannot locate configuration: tried hadoop-metrics2-s3a-file-system.properties,hadoop-metrics2.properties
[2025-06-03T06:10:15.571+0000] {spark_submit.py:644} INFO - 25/06/03 06:10:15 INFO MetricsSystemImpl: Scheduled Metric snapshot period at 10 second(s).
[2025-06-03T06:10:15.571+0000] {spark_submit.py:644} INFO - 25/06/03 06:10:15 INFO MetricsSystemImpl: s3a-file-system metrics system started
[2025-06-03T06:10:16.019+0000] {spark_submit.py:644} INFO - 25/06/03 06:10:16 INFO SharedState: Warehouse path is 's3a://mybucket'.
[2025-06-03T06:10:16.693+0000] {spark_submit.py:644} INFO - 25/06/03 06:10:16 INFO InMemoryFileIndex: It took 38 ms to list leaf files for 1 paths.
[2025-06-03T06:10:16.924+0000] {spark_submit.py:644} INFO - 25/06/03 06:10:16 INFO StandaloneSchedulerBackend$StandaloneDriverEndpoint: Registered executor NettyRpcEndpointRef(spark-client://Executor) (172.18.0.7:42206) with ID 0,  ResourceProfileId 0
[2025-06-03T06:10:16.931+0000] {spark_submit.py:644} INFO - 25/06/03 06:10:16 INFO SparkContext: Starting job: load at NativeMethodAccessorImpl.java:0
[2025-06-03T06:10:16.940+0000] {spark_submit.py:644} INFO - 25/06/03 06:10:16 INFO DAGScheduler: Got job 0 (load at NativeMethodAccessorImpl.java:0) with 1 output partitions
[2025-06-03T06:10:16.941+0000] {spark_submit.py:644} INFO - 25/06/03 06:10:16 INFO DAGScheduler: Final stage: ResultStage 0 (load at NativeMethodAccessorImpl.java:0)
[2025-06-03T06:10:16.941+0000] {spark_submit.py:644} INFO - 25/06/03 06:10:16 INFO DAGScheduler: Parents of final stage: List()
[2025-06-03T06:10:16.941+0000] {spark_submit.py:644} INFO - 25/06/03 06:10:16 INFO DAGScheduler: Missing parents: List()
[2025-06-03T06:10:16.945+0000] {spark_submit.py:644} INFO - 25/06/03 06:10:16 INFO DAGScheduler: Submitting ResultStage 0 (MapPartitionsRDD[1] at load at NativeMethodAccessorImpl.java:0), which has no missing parents
[2025-06-03T06:10:16.966+0000] {spark_submit.py:644} INFO - 25/06/03 06:10:16 INFO BlockManagerMasterEndpoint: Registering block manager 172.18.0.7:46445 with 1048.8 MiB RAM, BlockManagerId(0, 172.18.0.7, 46445, None)
[2025-06-03T06:10:16.969+0000] {spark_submit.py:644} INFO - 25/06/03 06:10:16 INFO MemoryStore: Block broadcast_0 stored as values in memory (estimated size 107.3 KiB, free 434.3 MiB)
[2025-06-03T06:10:16.991+0000] {spark_submit.py:644} INFO - 25/06/03 06:10:16 INFO MemoryStore: Block broadcast_0_piece0 stored as bytes in memory (estimated size 38.9 KiB, free 434.3 MiB)
[2025-06-03T06:10:16.993+0000] {spark_submit.py:644} INFO - 25/06/03 06:10:16 INFO BlockManagerInfo: Added broadcast_0_piece0 in memory on eff93630df4f:37675 (size: 38.9 KiB, free: 434.4 MiB)
[2025-06-03T06:10:17.003+0000] {spark_submit.py:644} INFO - 25/06/03 06:10:17 INFO SparkContext: Created broadcast 0 from broadcast at DAGScheduler.scala:1585
[2025-06-03T06:10:17.014+0000] {spark_submit.py:644} INFO - 25/06/03 06:10:17 INFO DAGScheduler: Submitting 1 missing tasks from ResultStage 0 (MapPartitionsRDD[1] at load at NativeMethodAccessorImpl.java:0) (first 15 tasks are for partitions Vector(0))
[2025-06-03T06:10:17.015+0000] {spark_submit.py:644} INFO - 25/06/03 06:10:17 INFO TaskSchedulerImpl: Adding task set 0.0 with 1 tasks resource profile 0
[2025-06-03T06:10:17.867+0000] {spark_submit.py:644} INFO - 25/06/03 06:10:17 INFO TaskSetManager: Starting task 0.0 in stage 0.0 (TID 0) (172.18.0.7, executor 0, partition 0, PROCESS_LOCAL, 10348 bytes)
[2025-06-03T06:10:18.186+0000] {spark_submit.py:644} INFO - 25/06/03 06:10:18 INFO BlockManagerInfo: Added broadcast_0_piece0 in memory on 172.18.0.7:46445 (size: 38.9 KiB, free: 1048.8 MiB)
[2025-06-03T06:10:19.168+0000] {spark_submit.py:644} INFO - 25/06/03 06:10:19 INFO TaskSetManager: Finished task 0.0 in stage 0.0 (TID 0) in 1311 ms on 172.18.0.7 (executor 0) (1/1)
[2025-06-03T06:10:19.169+0000] {spark_submit.py:644} INFO - 25/06/03 06:10:19 INFO TaskSchedulerImpl: Removed TaskSet 0.0, whose tasks have all completed, from pool
[2025-06-03T06:10:19.172+0000] {spark_submit.py:644} INFO - 25/06/03 06:10:19 INFO DAGScheduler: ResultStage 0 (load at NativeMethodAccessorImpl.java:0) finished in 2.222 s
[2025-06-03T06:10:19.174+0000] {spark_submit.py:644} INFO - 25/06/03 06:10:19 INFO DAGScheduler: Job 0 is finished. Cancelling potential speculative or zombie tasks for this job
[2025-06-03T06:10:19.174+0000] {spark_submit.py:644} INFO - 25/06/03 06:10:19 INFO TaskSchedulerImpl: Killing all running tasks in stage 0: Stage finished
[2025-06-03T06:10:19.176+0000] {spark_submit.py:644} INFO - 25/06/03 06:10:19 INFO DAGScheduler: Job 0 finished: load at NativeMethodAccessorImpl.java:0, took 2.244499 s
[2025-06-03T06:10:19.463+0000] {spark_submit.py:644} INFO - 25/06/03 06:10:19 INFO BlockManagerInfo: Removed broadcast_0_piece0 on eff93630df4f:37675 in memory (size: 38.9 KiB, free: 434.4 MiB)
[2025-06-03T06:10:19.470+0000] {spark_submit.py:644} INFO - 25/06/03 06:10:19 INFO BlockManagerInfo: Removed broadcast_0_piece0 on 172.18.0.7:46445 in memory (size: 38.9 KiB, free: 1048.8 MiB)
[2025-06-03T06:10:19.566+0000] {spark_submit.py:644} INFO - Successfully loaded Bronze data.
[2025-06-03T06:10:19.610+0000] {spark_submit.py:644} INFO - Writing to Silver path: s3a://mybucket/silver/curry_transformed/
[2025-06-03T06:10:19.955+0000] {spark_submit.py:644} INFO - 25/06/03 06:10:19 INFO HiveConf: Found configuration file null
[2025-06-03T06:10:19.961+0000] {spark_submit.py:644} INFO - 25/06/03 06:10:19 INFO HiveUtils: Initializing HiveMetastoreConnection version 2.3.9 using Spark classes.
[2025-06-03T06:10:20.070+0000] {spark_submit.py:644} INFO - 25/06/03 06:10:20 INFO HiveClientImpl: Warehouse location for Hive client (version 2.3.9) is s3a://mybucket
[2025-06-03T06:10:20.094+0000] {spark_submit.py:644} INFO - 25/06/03 06:10:20 INFO metastore: Trying to connect to metastore with URI thrift://hive-metastore:9083
[2025-06-03T06:10:20.107+0000] {spark_submit.py:644} INFO - 25/06/03 06:10:20 INFO metastore: Opened a connection to metastore, current connections: 1
[2025-06-03T06:10:20.121+0000] {spark_submit.py:644} INFO - 25/06/03 06:10:20 INFO metastore: Connected to metastore.
[2025-06-03T06:10:20.184+0000] {spark_submit.py:644} INFO - Writing data to S3 path for Silver layer at: s3a://mybucket/silver/curry_transformed/
[2025-06-03T06:10:20.248+0000] {spark_submit.py:644} INFO - 25/06/03 06:10:20 INFO FileSourceStrategy: Pushed Filters:
[2025-06-03T06:10:20.249+0000] {spark_submit.py:644} INFO - 25/06/03 06:10:20 INFO FileSourceStrategy: Post-Scan Filters:
[2025-06-03T06:10:20.264+0000] {spark_submit.py:644} INFO - 25/06/03 06:10:20 WARN SparkStringUtils: Truncated the string representation of a plan since it was too large. This behavior can be adjusted by setting 'spark.sql.debug.maxToStringFields'.
[2025-06-03T06:10:20.361+0000] {spark_submit.py:644} INFO - 25/06/03 06:10:20 INFO ParquetUtils: Using default output committer for Parquet: org.apache.parquet.hadoop.ParquetOutputCommitter
[2025-06-03T06:10:20.377+0000] {spark_submit.py:644} INFO - 25/06/03 06:10:20 INFO FileOutputCommitter: File Output Committer Algorithm version is 1
[2025-06-03T06:10:20.377+0000] {spark_submit.py:644} INFO - 25/06/03 06:10:20 INFO FileOutputCommitter: FileOutputCommitter skip cleanup _temporary folders under output directory:false, ignore cleanup failures: false
[2025-06-03T06:10:20.377+0000] {spark_submit.py:644} INFO - 25/06/03 06:10:20 INFO SQLHadoopMapReduceCommitProtocol: Using user defined output committer class org.apache.parquet.hadoop.ParquetOutputCommitter
[2025-06-03T06:10:20.377+0000] {spark_submit.py:644} INFO - 25/06/03 06:10:20 INFO FileOutputCommitter: File Output Committer Algorithm version is 1
[2025-06-03T06:10:20.377+0000] {spark_submit.py:644} INFO - 25/06/03 06:10:20 INFO FileOutputCommitter: FileOutputCommitter skip cleanup _temporary folders under output directory:false, ignore cleanup failures: false
[2025-06-03T06:10:20.378+0000] {spark_submit.py:644} INFO - 25/06/03 06:10:20 INFO SQLHadoopMapReduceCommitProtocol: Using output committer class org.apache.parquet.hadoop.ParquetOutputCommitter
[2025-06-03T06:10:20.564+0000] {spark_submit.py:644} INFO - 25/06/03 06:10:20 INFO CodeGenerator: Code generated in 117.596791 ms
[2025-06-03T06:10:20.577+0000] {spark_submit.py:644} INFO - 25/06/03 06:10:20 INFO MemoryStore: Block broadcast_1 stored as values in memory (estimated size 209.8 KiB, free 434.2 MiB)
[2025-06-03T06:10:20.586+0000] {spark_submit.py:644} INFO - 25/06/03 06:10:20 INFO MemoryStore: Block broadcast_1_piece0 stored as bytes in memory (estimated size 37.2 KiB, free 434.2 MiB)
[2025-06-03T06:10:20.587+0000] {spark_submit.py:644} INFO - 25/06/03 06:10:20 INFO BlockManagerInfo: Added broadcast_1_piece0 in memory on eff93630df4f:37675 (size: 37.2 KiB, free: 434.4 MiB)
[2025-06-03T06:10:20.587+0000] {spark_submit.py:644} INFO - 25/06/03 06:10:20 INFO SparkContext: Created broadcast 1 from save at NativeMethodAccessorImpl.java:0
[2025-06-03T06:10:20.596+0000] {spark_submit.py:644} INFO - 25/06/03 06:10:20 INFO FileSourceScanExec: Planning scan with bin packing, max size: 4194304 bytes, open cost is considered as scanning 4194304 bytes.
[2025-06-03T06:10:20.623+0000] {spark_submit.py:644} INFO - 25/06/03 06:10:20 INFO SparkContext: Starting job: save at NativeMethodAccessorImpl.java:0
[2025-06-03T06:10:20.624+0000] {spark_submit.py:644} INFO - 25/06/03 06:10:20 INFO DAGScheduler: Got job 1 (save at NativeMethodAccessorImpl.java:0) with 1 output partitions
[2025-06-03T06:10:20.624+0000] {spark_submit.py:644} INFO - 25/06/03 06:10:20 INFO DAGScheduler: Final stage: ResultStage 1 (save at NativeMethodAccessorImpl.java:0)
[2025-06-03T06:10:20.624+0000] {spark_submit.py:644} INFO - 25/06/03 06:10:20 INFO DAGScheduler: Parents of final stage: List()
[2025-06-03T06:10:20.624+0000] {spark_submit.py:644} INFO - 25/06/03 06:10:20 INFO DAGScheduler: Missing parents: List()
[2025-06-03T06:10:20.625+0000] {spark_submit.py:644} INFO - 25/06/03 06:10:20 INFO DAGScheduler: Submitting ResultStage 1 (MapPartitionsRDD[5] at save at NativeMethodAccessorImpl.java:0), which has no missing parents
[2025-06-03T06:10:20.650+0000] {spark_submit.py:644} INFO - 25/06/03 06:10:20 INFO MemoryStore: Block broadcast_2 stored as values in memory (estimated size 242.2 KiB, free 433.9 MiB)
[2025-06-03T06:10:20.654+0000] {spark_submit.py:644} INFO - 25/06/03 06:10:20 INFO MemoryStore: Block broadcast_2_piece0 stored as bytes in memory (estimated size 83.2 KiB, free 433.8 MiB)
[2025-06-03T06:10:20.655+0000] {spark_submit.py:644} INFO - 25/06/03 06:10:20 INFO BlockManagerInfo: Added broadcast_2_piece0 in memory on eff93630df4f:37675 (size: 83.2 KiB, free: 434.3 MiB)
[2025-06-03T06:10:20.656+0000] {spark_submit.py:644} INFO - 25/06/03 06:10:20 INFO SparkContext: Created broadcast 2 from broadcast at DAGScheduler.scala:1585
[2025-06-03T06:10:20.657+0000] {spark_submit.py:644} INFO - 25/06/03 06:10:20 INFO DAGScheduler: Submitting 1 missing tasks from ResultStage 1 (MapPartitionsRDD[5] at save at NativeMethodAccessorImpl.java:0) (first 15 tasks are for partitions Vector(0))
[2025-06-03T06:10:20.657+0000] {spark_submit.py:644} INFO - 25/06/03 06:10:20 INFO TaskSchedulerImpl: Adding task set 1.0 with 1 tasks resource profile 0
[2025-06-03T06:10:20.658+0000] {spark_submit.py:644} INFO - 25/06/03 06:10:20 INFO TaskSetManager: Starting task 0.0 in stage 1.0 (TID 1) (172.18.0.7, executor 0, partition 0, PROCESS_LOCAL, 10853 bytes)
[2025-06-03T06:10:20.687+0000] {spark_submit.py:644} INFO - 25/06/03 06:10:20 INFO BlockManagerInfo: Added broadcast_2_piece0 in memory on 172.18.0.7:46445 (size: 83.2 KiB, free: 1048.7 MiB)
[2025-06-03T06:10:21.224+0000] {spark_submit.py:644} INFO - 25/06/03 06:10:21 INFO BlockManagerInfo: Added broadcast_1_piece0 in memory on 172.18.0.7:46445 (size: 37.2 KiB, free: 1048.7 MiB)
[2025-06-03T06:10:21.728+0000] {spark_submit.py:644} INFO - 25/06/03 06:10:21 INFO TaskSetManager: Finished task 0.0 in stage 1.0 (TID 1) in 1072 ms on 172.18.0.7 (executor 0) (1/1)
[2025-06-03T06:10:21.728+0000] {spark_submit.py:644} INFO - 25/06/03 06:10:21 INFO TaskSchedulerImpl: Removed TaskSet 1.0, whose tasks have all completed, from pool
[2025-06-03T06:10:21.729+0000] {spark_submit.py:644} INFO - 25/06/03 06:10:21 INFO DAGScheduler: ResultStage 1 (save at NativeMethodAccessorImpl.java:0) finished in 1.103 s
[2025-06-03T06:10:21.729+0000] {spark_submit.py:644} INFO - 25/06/03 06:10:21 INFO DAGScheduler: Job 1 is finished. Cancelling potential speculative or zombie tasks for this job
[2025-06-03T06:10:21.729+0000] {spark_submit.py:644} INFO - 25/06/03 06:10:21 INFO TaskSchedulerImpl: Killing all running tasks in stage 1: Stage finished
[2025-06-03T06:10:21.730+0000] {spark_submit.py:644} INFO - 25/06/03 06:10:21 INFO DAGScheduler: Job 1 finished: save at NativeMethodAccessorImpl.java:0, took 1.106719 s
[2025-06-03T06:10:21.731+0000] {spark_submit.py:644} INFO - 25/06/03 06:10:21 INFO FileFormatWriter: Start to commit write Job 6837cd6b-eaeb-4bf2-a01c-fec97e53b60c.
[2025-06-03T06:10:21.852+0000] {spark_submit.py:644} INFO - 25/06/03 06:10:21 INFO FileFormatWriter: Write Job 6837cd6b-eaeb-4bf2-a01c-fec97e53b60c committed. Elapsed time: 120 ms.
[2025-06-03T06:10:21.854+0000] {spark_submit.py:644} INFO - 25/06/03 06:10:21 INFO FileFormatWriter: Finished processing stats for write job 6837cd6b-eaeb-4bf2-a01c-fec97e53b60c.
[2025-06-03T06:10:21.856+0000] {spark_submit.py:644} INFO - Successfully wrote data to S3 path: s3a://mybucket/silver/curry_transformed/
[2025-06-03T06:10:21.933+0000] {spark_submit.py:644} INFO - 25/06/03 06:10:21 INFO InMemoryFileIndex: It took 4 ms to list leaf files for 1 paths.
[2025-06-03T06:10:21.952+0000] {spark_submit.py:644} INFO - 25/06/03 06:10:21 INFO SparkContext: Starting job: sql at NativeMethodAccessorImpl.java:0
[2025-06-03T06:10:21.953+0000] {spark_submit.py:644} INFO - 25/06/03 06:10:21 INFO DAGScheduler: Got job 2 (sql at NativeMethodAccessorImpl.java:0) with 1 output partitions
[2025-06-03T06:10:21.953+0000] {spark_submit.py:644} INFO - 25/06/03 06:10:21 INFO DAGScheduler: Final stage: ResultStage 2 (sql at NativeMethodAccessorImpl.java:0)
[2025-06-03T06:10:21.954+0000] {spark_submit.py:644} INFO - 25/06/03 06:10:21 INFO DAGScheduler: Parents of final stage: List()
[2025-06-03T06:10:21.954+0000] {spark_submit.py:644} INFO - 25/06/03 06:10:21 INFO DAGScheduler: Missing parents: List()
[2025-06-03T06:10:21.954+0000] {spark_submit.py:644} INFO - 25/06/03 06:10:21 INFO DAGScheduler: Submitting ResultStage 2 (MapPartitionsRDD[7] at sql at NativeMethodAccessorImpl.java:0), which has no missing parents
[2025-06-03T06:10:21.958+0000] {spark_submit.py:644} INFO - 25/06/03 06:10:21 INFO MemoryStore: Block broadcast_3 stored as values in memory (estimated size 107.4 KiB, free 433.7 MiB)
[2025-06-03T06:10:21.963+0000] {spark_submit.py:644} INFO - 25/06/03 06:10:21 INFO MemoryStore: Block broadcast_3_piece0 stored as bytes in memory (estimated size 38.9 KiB, free 433.7 MiB)
[2025-06-03T06:10:21.964+0000] {spark_submit.py:644} INFO - 25/06/03 06:10:21 INFO BlockManagerInfo: Added broadcast_3_piece0 in memory on eff93630df4f:37675 (size: 38.9 KiB, free: 434.2 MiB)
[2025-06-03T06:10:21.964+0000] {spark_submit.py:644} INFO - 25/06/03 06:10:21 INFO SparkContext: Created broadcast 3 from broadcast at DAGScheduler.scala:1585
[2025-06-03T06:10:21.964+0000] {spark_submit.py:644} INFO - 25/06/03 06:10:21 INFO BlockManagerInfo: Removed broadcast_1_piece0 on eff93630df4f:37675 in memory (size: 37.2 KiB, free: 434.3 MiB)
[2025-06-03T06:10:21.965+0000] {spark_submit.py:644} INFO - 25/06/03 06:10:21 INFO DAGScheduler: Submitting 1 missing tasks from ResultStage 2 (MapPartitionsRDD[7] at sql at NativeMethodAccessorImpl.java:0) (first 15 tasks are for partitions Vector(0))
[2025-06-03T06:10:21.966+0000] {spark_submit.py:644} INFO - 25/06/03 06:10:21 INFO TaskSchedulerImpl: Adding task set 2.0 with 1 tasks resource profile 0
[2025-06-03T06:10:21.967+0000] {spark_submit.py:644} INFO - 25/06/03 06:10:21 INFO TaskSetManager: Starting task 0.0 in stage 2.0 (TID 2) (172.18.0.7, executor 0, partition 0, PROCESS_LOCAL, 10351 bytes)
[2025-06-03T06:10:21.967+0000] {spark_submit.py:644} INFO - 25/06/03 06:10:21 INFO BlockManagerInfo: Removed broadcast_1_piece0 on 172.18.0.7:46445 in memory (size: 37.2 KiB, free: 1048.7 MiB)
[2025-06-03T06:10:21.972+0000] {spark_submit.py:644} INFO - 25/06/03 06:10:21 INFO BlockManagerInfo: Removed broadcast_2_piece0 on eff93630df4f:37675 in memory (size: 83.2 KiB, free: 434.4 MiB)
[2025-06-03T06:10:21.973+0000] {spark_submit.py:644} INFO - 25/06/03 06:10:21 INFO BlockManagerInfo: Removed broadcast_2_piece0 on 172.18.0.7:46445 in memory (size: 83.2 KiB, free: 1048.8 MiB)
[2025-06-03T06:10:21.978+0000] {spark_submit.py:644} INFO - 25/06/03 06:10:21 INFO BlockManagerInfo: Added broadcast_3_piece0 in memory on 172.18.0.7:46445 (size: 38.9 KiB, free: 1048.8 MiB)
[2025-06-03T06:10:22.000+0000] {spark_submit.py:644} INFO - 25/06/03 06:10:22 INFO TaskSetManager: Finished task 0.0 in stage 2.0 (TID 2) in 35 ms on 172.18.0.7 (executor 0) (1/1)
[2025-06-03T06:10:22.001+0000] {spark_submit.py:644} INFO - 25/06/03 06:10:22 INFO TaskSchedulerImpl: Removed TaskSet 2.0, whose tasks have all completed, from pool
[2025-06-03T06:10:22.001+0000] {spark_submit.py:644} INFO - 25/06/03 06:10:22 INFO DAGScheduler: ResultStage 2 (sql at NativeMethodAccessorImpl.java:0) finished in 0.047 s
[2025-06-03T06:10:22.001+0000] {spark_submit.py:644} INFO - 25/06/03 06:10:22 INFO DAGScheduler: Job 2 is finished. Cancelling potential speculative or zombie tasks for this job
[2025-06-03T06:10:22.002+0000] {spark_submit.py:644} INFO - 25/06/03 06:10:22 INFO TaskSchedulerImpl: Killing all running tasks in stage 2: Stage finished
[2025-06-03T06:10:22.002+0000] {spark_submit.py:644} INFO - 25/06/03 06:10:22 INFO DAGScheduler: Job 2 finished: sql at NativeMethodAccessorImpl.java:0, took 0.048837 s
[2025-06-03T06:10:22.026+0000] {spark_submit.py:644} INFO - 25/06/03 06:10:22 INFO HiveExternalCatalog: Persisting file based data source table `spark_catalog`.`sc_stats_db`.`silver_sc_stats` into Hive metastore in Hive compatible format.
[2025-06-03T06:10:22.056+0000] {spark_submit.py:644} INFO - 25/06/03 06:10:22 INFO SQLStdHiveAccessController: Created SQLStdHiveAccessController for session context : HiveAuthzSessionContext [sessionString=cb9e6d99-c1d0-4b37-ab0c-f90e7fedce37, clientType=HIVECLI]
[2025-06-03T06:10:22.058+0000] {spark_submit.py:644} INFO - 25/06/03 06:10:22 WARN SessionState: METASTORE_FILTER_HOOK will be ignored, since hive.security.authorization.manager is set to instance of HiveAuthorizerFactory.
[2025-06-03T06:10:22.058+0000] {spark_submit.py:644} INFO - 25/06/03 06:10:22 INFO metastore: Mestastore configuration hive.metastore.filter.hook changed from org.apache.hadoop.hive.metastore.DefaultMetaStoreFilterHookImpl to org.apache.hadoop.hive.ql.security.authorization.plugin.AuthorizationMetaStoreFilterHook
[2025-06-03T06:10:22.060+0000] {spark_submit.py:644} INFO - 25/06/03 06:10:22 INFO metastore: Closed a connection to metastore, current connections: 0
[2025-06-03T06:10:22.061+0000] {spark_submit.py:644} INFO - 25/06/03 06:10:22 INFO metastore: Trying to connect to metastore with URI thrift://hive-metastore:9083
[2025-06-03T06:10:22.061+0000] {spark_submit.py:644} INFO - 25/06/03 06:10:22 INFO metastore: Opened a connection to metastore, current connections: 1
[2025-06-03T06:10:22.062+0000] {spark_submit.py:644} INFO - 25/06/03 06:10:22 INFO metastore: Connected to metastore.
[2025-06-03T06:10:22.103+0000] {spark_submit.py:644} INFO - 25/06/03 06:10:22 INFO metastore: Trying to connect to metastore with URI thrift://hive-metastore:9083
[2025-06-03T06:10:22.104+0000] {spark_submit.py:644} INFO - 25/06/03 06:10:22 INFO metastore: Opened a connection to metastore, current connections: 2
[2025-06-03T06:10:22.104+0000] {spark_submit.py:644} INFO - 25/06/03 06:10:22 INFO metastore: Connected to metastore.
[2025-06-03T06:10:22.175+0000] {spark_submit.py:644} INFO - Successfully registered table sc_stats_db.silver_sc_stats pointing to s3a://mybucket/silver/curry_transformed/.
[2025-06-03T06:10:22.176+0000] {spark_submit.py:644} INFO - 25/06/03 06:10:22 INFO SparkContext: SparkContext is stopping with exitCode 0.
[2025-06-03T06:10:22.182+0000] {spark_submit.py:644} INFO - 25/06/03 06:10:22 INFO SparkUI: Stopped Spark web UI at http://eff93630df4f:4040
[2025-06-03T06:10:22.184+0000] {spark_submit.py:644} INFO - 25/06/03 06:10:22 INFO StandaloneSchedulerBackend: Shutting down all executors
[2025-06-03T06:10:22.184+0000] {spark_submit.py:644} INFO - 25/06/03 06:10:22 INFO StandaloneSchedulerBackend$StandaloneDriverEndpoint: Asking each executor to shut down
[2025-06-03T06:10:22.195+0000] {spark_submit.py:644} INFO - 25/06/03 06:10:22 INFO MapOutputTrackerMasterEndpoint: MapOutputTrackerMasterEndpoint stopped!
[2025-06-03T06:10:22.203+0000] {spark_submit.py:644} INFO - 25/06/03 06:10:22 INFO MemoryStore: MemoryStore cleared
[2025-06-03T06:10:22.203+0000] {spark_submit.py:644} INFO - 25/06/03 06:10:22 INFO BlockManager: BlockManager stopped
[2025-06-03T06:10:22.205+0000] {spark_submit.py:644} INFO - 25/06/03 06:10:22 INFO BlockManagerMaster: BlockManagerMaster stopped
[2025-06-03T06:10:22.206+0000] {spark_submit.py:644} INFO - 25/06/03 06:10:22 INFO OutputCommitCoordinator$OutputCommitCoordinatorEndpoint: OutputCommitCoordinator stopped!
[2025-06-03T06:10:22.229+0000] {spark_submit.py:644} INFO - 25/06/03 06:10:22 INFO SparkContext: Successfully stopped SparkContext
[2025-06-03T06:10:22.375+0000] {spark_submit.py:644} INFO - Bronze to Silver job completed.
[2025-06-03T06:10:22.407+0000] {spark_submit.py:644} INFO - 25/06/03 06:10:22 INFO ShutdownHookManager: Shutdown hook called
[2025-06-03T06:10:22.407+0000] {spark_submit.py:644} INFO - 25/06/03 06:10:22 INFO ShutdownHookManager: Deleting directory /tmp/spark-d03f1020-11f6-4767-b7bb-d775076c29c9/pyspark-94ae6915-2e31-4043-8228-272dbfbf3f53
[2025-06-03T06:10:22.409+0000] {spark_submit.py:644} INFO - 25/06/03 06:10:22 INFO ShutdownHookManager: Deleting directory /tmp/spark-d03f1020-11f6-4767-b7bb-d775076c29c9
[2025-06-03T06:10:22.411+0000] {spark_submit.py:644} INFO - 25/06/03 06:10:22 INFO ShutdownHookManager: Deleting directory /tmp/spark-f0e6a7fa-0e78-4f31-958d-42c6c8131fd3
[2025-06-03T06:10:22.414+0000] {spark_submit.py:644} INFO - 25/06/03 06:10:22 INFO MetricsSystemImpl: Stopping s3a-file-system metrics system...
[2025-06-03T06:10:22.414+0000] {spark_submit.py:644} INFO - 25/06/03 06:10:22 INFO MetricsSystemImpl: s3a-file-system metrics system stopped.
[2025-06-03T06:10:22.415+0000] {spark_submit.py:644} INFO - 25/06/03 06:10:22 INFO MetricsSystemImpl: s3a-file-system metrics system shutdown complete.
[2025-06-03T06:10:22.459+0000] {taskinstance.py:340} INFO - ::group::Post task execution logs
[2025-06-03T06:10:22.460+0000] {taskinstance.py:352} INFO - Marking task as SUCCESS. dag_id=curry_medallion_etl, task_id=submit_bronze_to_silver_job, run_id=manual__2025-06-03T06:09:34.055538+00:00, execution_date=20250603T060934, start_date=20250603T061012, end_date=20250603T061022
[2025-06-03T06:10:22.512+0000] {local_task_job_runner.py:266} INFO - Task exited with return code 0
[2025-06-03T06:10:22.526+0000] {taskinstance.py:3895} INFO - 1 downstream tasks scheduled from follow-on schedule check
[2025-06-03T06:10:22.528+0000] {local_task_job_runner.py:245} INFO - ::endgroup::
