[2025-06-03T03:47:56.629+0000] {local_task_job_runner.py:123} INFO - ::group::Pre task execution logs
[2025-06-03T03:47:56.641+0000] {taskinstance.py:2613} INFO - Dependencies all met for dep_context=non-requeueable deps ti=<TaskInstance: curry_medallion_etl.submit_silver_to_gold_job manual__2025-06-03T03:47:29.326869+00:00 [queued]>
[2025-06-03T03:47:56.645+0000] {taskinstance.py:2613} INFO - Dependencies all met for dep_context=requeueable deps ti=<TaskInstance: curry_medallion_etl.submit_silver_to_gold_job manual__2025-06-03T03:47:29.326869+00:00 [queued]>
[2025-06-03T03:47:56.645+0000] {taskinstance.py:2866} INFO - Starting attempt 1 of 1
[2025-06-03T03:47:56.651+0000] {taskinstance.py:2889} INFO - Executing <Task(SparkSubmitOperator): submit_silver_to_gold_job> on 2025-06-03 03:47:29.326869+00:00
[2025-06-03T03:47:56.653+0000] {standard_task_runner.py:72} INFO - Started process 3043 to run task
[2025-06-03T03:47:56.656+0000] {standard_task_runner.py:104} INFO - Running: ['***', 'tasks', 'run', 'curry_medallion_etl', 'submit_silver_to_gold_job', 'manual__2025-06-03T03:47:29.326869+00:00', '--job-id', '28', '--raw', '--subdir', 'DAGS_FOLDER/medallion_sales_etl_dag.py', '--cfg-path', '/tmp/tmp35upobce']
[2025-06-03T03:47:56.657+0000] {standard_task_runner.py:105} INFO - Job 28: Subtask submit_silver_to_gold_job
[2025-06-03T03:47:56.688+0000] {task_command.py:467} INFO - Running <TaskInstance: curry_medallion_etl.submit_silver_to_gold_job manual__2025-06-03T03:47:29.326869+00:00 [running]> on host 083f94398a74
[2025-06-03T03:47:56.739+0000] {taskinstance.py:3132} INFO - Exporting env vars: AIRFLOW_CTX_DAG_OWNER='qdinh18' AIRFLOW_CTX_DAG_ID='curry_medallion_etl' AIRFLOW_CTX_TASK_ID='submit_silver_to_gold_job' AIRFLOW_CTX_EXECUTION_DATE='2025-06-03T03:47:29.326869+00:00' AIRFLOW_CTX_TRY_NUMBER='1' AIRFLOW_CTX_DAG_RUN_ID='manual__2025-06-03T03:47:29.326869+00:00'
[2025-06-03T03:47:56.740+0000] {taskinstance.py:731} INFO - ::endgroup::
[2025-06-03T03:47:56.759+0000] {base.py:84} INFO - Retrieving connection 'spark_default'
[2025-06-03T03:47:56.761+0000] {spark_submit.py:474} INFO - Spark-Submit cmd: spark-submit --master spark://spark-master:7077 --conf spark.executor.memory=2g --conf spark.sql.extensions=io.delta.sql.DeltaSparkSessionExtension --conf spark.sql.catalog.spark_catalog=org.apache.spark.sql.delta.catalog.DeltaCatalog --conf spark.hadoop.fs.s3a.endpoint=http://minio:9000 --conf spark.hadoop.fs.s3a.access.key=minioadmin --conf spark.hadoop.fs.s3a.secret.key=****** --conf spark.hadoop.fs.s3a.path.style.access=true --conf spark.hadoop.fs.s3a.impl=org.apache.hadoop.fs.s3a.S3AFileSystem --packages org.apache.hadoop:hadoop-aws:3.3.4,com.amazonaws:aws-java-sdk-bundle:1.12.262,io.delta:delta-spark_2.12:3.1.0 --name silver_to_gold_sc_summary_etl --verbose --queue root.default --deploy-mode client /opt/***/dags/silver_to_gold_sc_summary_etl.py --input_path s3a://mybucket/silver/curry_transformed/ --output_path s3a://mybucket/gold/season_summary/
[2025-06-03T03:47:57.596+0000] {spark_submit.py:644} INFO - Using properties file: null
[2025-06-03T03:47:57.655+0000] {spark_submit.py:644} INFO - Parsed arguments:
[2025-06-03T03:47:57.656+0000] {spark_submit.py:644} INFO - master                  spark://spark-master:7077
[2025-06-03T03:47:57.656+0000] {spark_submit.py:644} INFO - remote                  null
[2025-06-03T03:47:57.656+0000] {spark_submit.py:644} INFO - deployMode              client
[2025-06-03T03:47:57.656+0000] {spark_submit.py:644} INFO - executorMemory          2g
[2025-06-03T03:47:57.656+0000] {spark_submit.py:644} INFO - executorCores           null
[2025-06-03T03:47:57.656+0000] {spark_submit.py:644} INFO - totalExecutorCores      null
[2025-06-03T03:47:57.656+0000] {spark_submit.py:644} INFO - propertiesFile          null
[2025-06-03T03:47:57.657+0000] {spark_submit.py:644} INFO - driverMemory            null
[2025-06-03T03:47:57.657+0000] {spark_submit.py:644} INFO - driverCores             null
[2025-06-03T03:47:57.657+0000] {spark_submit.py:644} INFO - driverExtraClassPath    null
[2025-06-03T03:47:57.657+0000] {spark_submit.py:644} INFO - driverExtraLibraryPath  null
[2025-06-03T03:47:57.657+0000] {spark_submit.py:644} INFO - driverExtraJavaOptions  null
[2025-06-03T03:47:57.658+0000] {spark_submit.py:644} INFO - supervise               false
[2025-06-03T03:47:57.658+0000] {spark_submit.py:644} INFO - queue                   root.default
[2025-06-03T03:47:57.658+0000] {spark_submit.py:644} INFO - numExecutors            null
[2025-06-03T03:47:57.658+0000] {spark_submit.py:644} INFO - files                   null
[2025-06-03T03:47:57.659+0000] {spark_submit.py:644} INFO - pyFiles                 null
[2025-06-03T03:47:57.659+0000] {spark_submit.py:644} INFO - archives                null
[2025-06-03T03:47:57.660+0000] {spark_submit.py:644} INFO - mainClass               null
[2025-06-03T03:47:57.661+0000] {spark_submit.py:644} INFO - primaryResource         file:/opt/***/dags/silver_to_gold_sc_summary_etl.py
[2025-06-03T03:47:57.662+0000] {spark_submit.py:644} INFO - name                    silver_to_gold_sc_summary_etl
[2025-06-03T03:47:57.662+0000] {spark_submit.py:644} INFO - childArgs               [--input_path s3a://mybucket/silver/curry_transformed/ --output_path s3a://mybucket/gold/season_summary/]
[2025-06-03T03:47:57.662+0000] {spark_submit.py:644} INFO - jars                    null
[2025-06-03T03:47:57.662+0000] {spark_submit.py:644} INFO - packages                org.apache.hadoop:hadoop-aws:3.3.4,com.amazonaws:aws-java-sdk-bundle:1.12.262,io.delta:delta-spark_2.12:3.1.0
[2025-06-03T03:47:57.662+0000] {spark_submit.py:644} INFO - packagesExclusions      null
[2025-06-03T03:47:57.663+0000] {spark_submit.py:644} INFO - repositories            null
[2025-06-03T03:47:57.663+0000] {spark_submit.py:644} INFO - verbose                 true
[2025-06-03T03:47:57.663+0000] {spark_submit.py:644} INFO - 
[2025-06-03T03:47:57.663+0000] {spark_submit.py:644} INFO - Spark properties used, including those specified through
[2025-06-03T03:47:57.663+0000] {spark_submit.py:644} INFO - --conf and those from the properties file null:
[2025-06-03T03:47:57.663+0000] {spark_submit.py:644} INFO - (spark.executor.memory,2g)
[2025-06-03T03:47:57.663+0000] {spark_submit.py:644} INFO - (spark.hadoop.fs.s3a.access.key,*********(redacted))
[2025-06-03T03:47:57.665+0000] {spark_submit.py:644} INFO - (spark.hadoop.fs.s3a.endpoint,http://minio:9000)
[2025-06-03T03:47:57.666+0000] {spark_submit.py:644} INFO - (spark.hadoop.fs.s3a.impl,org.apache.hadoop.fs.s3a.S3AFileSystem)
[2025-06-03T03:47:57.667+0000] {spark_submit.py:644} INFO - (spark.hadoop.fs.s3a.path.style.access,true)
[2025-06-03T03:47:57.668+0000] {spark_submit.py:644} INFO - (spark.hadoop.fs.s3a.secret.key,*********(redacted))
[2025-06-03T03:47:57.674+0000] {spark_submit.py:644} INFO - (spark.sql.catalog.spark_catalog,org.apache.spark.sql.delta.catalog.DeltaCatalog)
[2025-06-03T03:47:57.676+0000] {spark_submit.py:644} INFO - (spark.sql.extensions,io.delta.sql.DeltaSparkSessionExtension)
[2025-06-03T03:47:57.678+0000] {spark_submit.py:644} INFO - 
[2025-06-03T03:47:57.679+0000] {spark_submit.py:644} INFO - 
[2025-06-03T03:47:57.755+0000] {spark_submit.py:644} INFO - :: loading settings :: url = jar:file:/home/***/.local/lib/python3.11/site-packages/pyspark/jars/ivy-2.5.1.jar!/org/apache/ivy/core/settings/ivysettings.xml
[2025-06-03T03:47:57.801+0000] {spark_submit.py:644} INFO - Ivy Default Cache set to: /home/***/.ivy2/cache
[2025-06-03T03:47:57.802+0000] {spark_submit.py:644} INFO - The jars for the packages stored in: /home/***/.ivy2/jars
[2025-06-03T03:47:57.804+0000] {spark_submit.py:644} INFO - org.apache.hadoop#hadoop-aws added as a dependency
[2025-06-03T03:47:57.804+0000] {spark_submit.py:644} INFO - com.amazonaws#aws-java-sdk-bundle added as a dependency
[2025-06-03T03:47:57.804+0000] {spark_submit.py:644} INFO - io.delta#delta-spark_2.12 added as a dependency
[2025-06-03T03:47:57.804+0000] {spark_submit.py:644} INFO - :: resolving dependencies :: org.apache.spark#spark-submit-parent-feee8218-065a-455c-a907-a9a47d9b2078;1.0
[2025-06-03T03:47:57.804+0000] {spark_submit.py:644} INFO - confs: [default]
[2025-06-03T03:47:57.915+0000] {spark_submit.py:644} INFO - found org.apache.hadoop#hadoop-aws;3.3.4 in central
[2025-06-03T03:47:57.930+0000] {spark_submit.py:644} INFO - found com.amazonaws#aws-java-sdk-bundle;1.12.262 in central
[2025-06-03T03:47:57.944+0000] {spark_submit.py:644} INFO - found org.wildfly.openssl#wildfly-openssl;1.0.7.Final in central
[2025-06-03T03:47:57.953+0000] {spark_submit.py:644} INFO - found io.delta#delta-spark_2.12;3.1.0 in central
[2025-06-03T03:47:57.963+0000] {spark_submit.py:644} INFO - found io.delta#delta-storage;3.1.0 in central
[2025-06-03T03:47:57.972+0000] {spark_submit.py:644} INFO - found org.antlr#antlr4-runtime;4.9.3 in central
[2025-06-03T03:47:57.989+0000] {spark_submit.py:644} INFO - :: resolution report :: resolve 178ms :: artifacts dl 7ms
[2025-06-03T03:47:57.989+0000] {spark_submit.py:644} INFO - :: modules in use:
[2025-06-03T03:47:57.990+0000] {spark_submit.py:644} INFO - com.amazonaws#aws-java-sdk-bundle;1.12.262 from central in [default]
[2025-06-03T03:47:57.990+0000] {spark_submit.py:644} INFO - io.delta#delta-spark_2.12;3.1.0 from central in [default]
[2025-06-03T03:47:57.990+0000] {spark_submit.py:644} INFO - io.delta#delta-storage;3.1.0 from central in [default]
[2025-06-03T03:47:57.990+0000] {spark_submit.py:644} INFO - org.antlr#antlr4-runtime;4.9.3 from central in [default]
[2025-06-03T03:47:57.990+0000] {spark_submit.py:644} INFO - org.apache.hadoop#hadoop-aws;3.3.4 from central in [default]
[2025-06-03T03:47:57.991+0000] {spark_submit.py:644} INFO - org.wildfly.openssl#wildfly-openssl;1.0.7.Final from central in [default]
[2025-06-03T03:47:57.991+0000] {spark_submit.py:644} INFO - ---------------------------------------------------------------------
[2025-06-03T03:47:57.991+0000] {spark_submit.py:644} INFO - |                  |            modules            ||   artifacts   |
[2025-06-03T03:47:57.991+0000] {spark_submit.py:644} INFO - |       conf       | number| search|dwnlded|evicted|| number|dwnlded|
[2025-06-03T03:47:57.991+0000] {spark_submit.py:644} INFO - ---------------------------------------------------------------------
[2025-06-03T03:47:57.991+0000] {spark_submit.py:644} INFO - |      default     |   6   |   0   |   0   |   0   ||   6   |   0   |
[2025-06-03T03:47:57.991+0000] {spark_submit.py:644} INFO - ---------------------------------------------------------------------
[2025-06-03T03:47:57.992+0000] {spark_submit.py:644} INFO - :: retrieving :: org.apache.spark#spark-submit-parent-feee8218-065a-455c-a907-a9a47d9b2078
[2025-06-03T03:47:57.993+0000] {spark_submit.py:644} INFO - confs: [default]
[2025-06-03T03:47:57.996+0000] {spark_submit.py:644} INFO - 0 artifacts copied, 6 already retrieved (0kB/4ms)
[2025-06-03T03:47:58.109+0000] {spark_submit.py:644} INFO - 25/06/03 03:47:58 WARN NativeCodeLoader: Unable to load native-hadoop library for your platform... using builtin-java classes where applicable
[2025-06-03T03:47:58.247+0000] {spark_submit.py:644} INFO - Main class:
[2025-06-03T03:47:58.247+0000] {spark_submit.py:644} INFO - org.apache.spark.deploy.PythonRunner
[2025-06-03T03:47:58.248+0000] {spark_submit.py:644} INFO - Arguments:
[2025-06-03T03:47:58.248+0000] {spark_submit.py:644} INFO - file:/opt/***/dags/silver_to_gold_sc_summary_etl.py
[2025-06-03T03:47:58.248+0000] {spark_submit.py:644} INFO - file:///home/***/.ivy2/jars/org.apache.hadoop_hadoop-aws-3.3.4.jar,file:///home/***/.ivy2/jars/com.amazonaws_aws-java-sdk-bundle-1.12.262.jar,file:///home/***/.ivy2/jars/io.delta_delta-spark_2.12-3.1.0.jar,file:///home/***/.ivy2/jars/org.wildfly.openssl_wildfly-openssl-1.0.7.Final.jar,file:///home/***/.ivy2/jars/io.delta_delta-storage-3.1.0.jar,file:///home/***/.ivy2/jars/org.antlr_antlr4-runtime-4.9.3.jar
[2025-06-03T03:47:58.249+0000] {spark_submit.py:644} INFO - --input_path
[2025-06-03T03:47:58.249+0000] {spark_submit.py:644} INFO - s3a://mybucket/silver/curry_transformed/
[2025-06-03T03:47:58.249+0000] {spark_submit.py:644} INFO - --output_path
[2025-06-03T03:47:58.249+0000] {spark_submit.py:644} INFO - s3a://mybucket/gold/season_summary/
[2025-06-03T03:47:58.250+0000] {spark_submit.py:644} INFO - Spark config:
[2025-06-03T03:47:58.250+0000] {spark_submit.py:644} INFO - (spark.app.name,silver_to_gold_sc_summary_etl)
[2025-06-03T03:47:58.250+0000] {spark_submit.py:644} INFO - (spark.app.submitTime,1748922478235)
[2025-06-03T03:47:58.250+0000] {spark_submit.py:644} INFO - (spark.executor.memory,2g)
[2025-06-03T03:47:58.250+0000] {spark_submit.py:644} INFO - (spark.files,file:///home/***/.ivy2/jars/org.apache.hadoop_hadoop-aws-3.3.4.jar,file:///home/***/.ivy2/jars/com.amazonaws_aws-java-sdk-bundle-1.12.262.jar,file:///home/***/.ivy2/jars/io.delta_delta-spark_2.12-3.1.0.jar,file:///home/***/.ivy2/jars/org.wildfly.openssl_wildfly-openssl-1.0.7.Final.jar,file:///home/***/.ivy2/jars/io.delta_delta-storage-3.1.0.jar,file:///home/***/.ivy2/jars/org.antlr_antlr4-runtime-4.9.3.jar)
[2025-06-03T03:47:58.251+0000] {spark_submit.py:644} INFO - (spark.hadoop.fs.s3a.access.key,*********(redacted))
[2025-06-03T03:47:58.251+0000] {spark_submit.py:644} INFO - (spark.hadoop.fs.s3a.endpoint,http://minio:9000)
[2025-06-03T03:47:58.251+0000] {spark_submit.py:644} INFO - (spark.hadoop.fs.s3a.impl,org.apache.hadoop.fs.s3a.S3AFileSystem)
[2025-06-03T03:47:58.251+0000] {spark_submit.py:644} INFO - (spark.hadoop.fs.s3a.path.style.access,true)
[2025-06-03T03:47:58.252+0000] {spark_submit.py:644} INFO - (spark.hadoop.fs.s3a.secret.key,*********(redacted))
[2025-06-03T03:47:58.252+0000] {spark_submit.py:644} INFO - (spark.jars,file:///home/***/.ivy2/jars/org.apache.hadoop_hadoop-aws-3.3.4.jar,file:///home/***/.ivy2/jars/com.amazonaws_aws-java-sdk-bundle-1.12.262.jar,file:///home/***/.ivy2/jars/io.delta_delta-spark_2.12-3.1.0.jar,file:///home/***/.ivy2/jars/org.wildfly.openssl_wildfly-openssl-1.0.7.Final.jar,file:///home/***/.ivy2/jars/io.delta_delta-storage-3.1.0.jar,file:///home/***/.ivy2/jars/org.antlr_antlr4-runtime-4.9.3.jar)
[2025-06-03T03:47:58.252+0000] {spark_submit.py:644} INFO - (spark.master,spark://spark-master:7077)
[2025-06-03T03:47:58.252+0000] {spark_submit.py:644} INFO - (spark.repl.local.jars,file:///home/***/.ivy2/jars/org.apache.hadoop_hadoop-aws-3.3.4.jar,file:///home/***/.ivy2/jars/com.amazonaws_aws-java-sdk-bundle-1.12.262.jar,file:///home/***/.ivy2/jars/io.delta_delta-spark_2.12-3.1.0.jar,file:///home/***/.ivy2/jars/org.wildfly.openssl_wildfly-openssl-1.0.7.Final.jar,file:///home/***/.ivy2/jars/io.delta_delta-storage-3.1.0.jar,file:///home/***/.ivy2/jars/org.antlr_antlr4-runtime-4.9.3.jar)
[2025-06-03T03:47:58.252+0000] {spark_submit.py:644} INFO - (spark.sql.catalog.spark_catalog,org.apache.spark.sql.delta.catalog.DeltaCatalog)
[2025-06-03T03:47:58.252+0000] {spark_submit.py:644} INFO - (spark.sql.extensions,io.delta.sql.DeltaSparkSessionExtension)
[2025-06-03T03:47:58.253+0000] {spark_submit.py:644} INFO - (spark.submit.deployMode,client)
[2025-06-03T03:47:58.253+0000] {spark_submit.py:644} INFO - (spark.submit.pyFiles,/home/***/.ivy2/jars/org.apache.hadoop_hadoop-aws-3.3.4.jar,/home/***/.ivy2/jars/com.amazonaws_aws-java-sdk-bundle-1.12.262.jar,/home/***/.ivy2/jars/io.delta_delta-spark_2.12-3.1.0.jar,/home/***/.ivy2/jars/org.wildfly.openssl_wildfly-openssl-1.0.7.Final.jar,/home/***/.ivy2/jars/io.delta_delta-storage-3.1.0.jar,/home/***/.ivy2/jars/org.antlr_antlr4-runtime-4.9.3.jar)
[2025-06-03T03:47:58.253+0000] {spark_submit.py:644} INFO - Classpath elements:
[2025-06-03T03:47:58.253+0000] {spark_submit.py:644} INFO - file:///home/***/.ivy2/jars/org.apache.hadoop_hadoop-aws-3.3.4.jar
[2025-06-03T03:47:58.253+0000] {spark_submit.py:644} INFO - file:///home/***/.ivy2/jars/com.amazonaws_aws-java-sdk-bundle-1.12.262.jar
[2025-06-03T03:47:58.254+0000] {spark_submit.py:644} INFO - file:///home/***/.ivy2/jars/io.delta_delta-spark_2.12-3.1.0.jar
[2025-06-03T03:47:58.254+0000] {spark_submit.py:644} INFO - file:///home/***/.ivy2/jars/org.wildfly.openssl_wildfly-openssl-1.0.7.Final.jar
[2025-06-03T03:47:58.254+0000] {spark_submit.py:644} INFO - file:///home/***/.ivy2/jars/io.delta_delta-storage-3.1.0.jar
[2025-06-03T03:47:58.254+0000] {spark_submit.py:644} INFO - file:///home/***/.ivy2/jars/org.antlr_antlr4-runtime-4.9.3.jar
[2025-06-03T03:47:58.254+0000] {spark_submit.py:644} INFO - 
[2025-06-03T03:47:58.254+0000] {spark_submit.py:644} INFO - 
[2025-06-03T03:47:58.960+0000] {spark_submit.py:644} INFO - 25/06/03 03:47:58 INFO SparkContext: Running Spark version 3.5.2
[2025-06-03T03:47:58.961+0000] {spark_submit.py:644} INFO - 25/06/03 03:47:58 INFO SparkContext: OS info Linux, 6.10.14-linuxkit, aarch64
[2025-06-03T03:47:58.961+0000] {spark_submit.py:644} INFO - 25/06/03 03:47:58 INFO SparkContext: Java version 17.0.15
[2025-06-03T03:47:58.972+0000] {spark_submit.py:644} INFO - 25/06/03 03:47:58 INFO ResourceUtils: ==============================================================
[2025-06-03T03:47:58.972+0000] {spark_submit.py:644} INFO - 25/06/03 03:47:58 INFO ResourceUtils: No custom resources configured for spark.driver.
[2025-06-03T03:47:58.973+0000] {spark_submit.py:644} INFO - 25/06/03 03:47:58 INFO ResourceUtils: ==============================================================
[2025-06-03T03:47:58.973+0000] {spark_submit.py:644} INFO - 25/06/03 03:47:58 INFO SparkContext: Submitted application: SilverToGoldStephenCurrySummaryETL
[2025-06-03T03:47:58.990+0000] {spark_submit.py:644} INFO - 25/06/03 03:47:58 INFO ResourceProfile: Default ResourceProfile created, executor resources: Map(memory -> name: memory, amount: 2048, script: , vendor: , offHeap -> name: offHeap, amount: 0, script: , vendor: ), task resources: Map(cpus -> name: cpus, amount: 1.0)
[2025-06-03T03:47:58.995+0000] {spark_submit.py:644} INFO - 25/06/03 03:47:58 INFO ResourceProfile: Limiting resource is cpu
[2025-06-03T03:47:58.995+0000] {spark_submit.py:644} INFO - 25/06/03 03:47:58 INFO ResourceProfileManager: Added ResourceProfile id: 0
[2025-06-03T03:47:59.031+0000] {spark_submit.py:644} INFO - 25/06/03 03:47:59 INFO SecurityManager: Changing view acls to: ***
[2025-06-03T03:47:59.031+0000] {spark_submit.py:644} INFO - 25/06/03 03:47:59 INFO SecurityManager: Changing modify acls to: ***
[2025-06-03T03:47:59.032+0000] {spark_submit.py:644} INFO - 25/06/03 03:47:59 INFO SecurityManager: Changing view acls groups to:
[2025-06-03T03:47:59.032+0000] {spark_submit.py:644} INFO - 25/06/03 03:47:59 INFO SecurityManager: Changing modify acls groups to:
[2025-06-03T03:47:59.032+0000] {spark_submit.py:644} INFO - 25/06/03 03:47:59 INFO SecurityManager: SecurityManager: authentication disabled; ui acls disabled; users with view permissions: ***; groups with view permissions: EMPTY; users with modify permissions: ***; groups with modify permissions: EMPTY
[2025-06-03T03:47:59.155+0000] {spark_submit.py:644} INFO - 25/06/03 03:47:59 INFO Utils: Successfully started service 'sparkDriver' on port 36255.
[2025-06-03T03:47:59.178+0000] {spark_submit.py:644} INFO - 25/06/03 03:47:59 INFO SparkEnv: Registering MapOutputTracker
[2025-06-03T03:47:59.202+0000] {spark_submit.py:644} INFO - 25/06/03 03:47:59 INFO SparkEnv: Registering BlockManagerMaster
[2025-06-03T03:47:59.211+0000] {spark_submit.py:644} INFO - 25/06/03 03:47:59 INFO BlockManagerMasterEndpoint: Using org.apache.spark.storage.DefaultTopologyMapper for getting topology information
[2025-06-03T03:47:59.211+0000] {spark_submit.py:644} INFO - 25/06/03 03:47:59 INFO BlockManagerMasterEndpoint: BlockManagerMasterEndpoint up
[2025-06-03T03:47:59.213+0000] {spark_submit.py:644} INFO - 25/06/03 03:47:59 INFO SparkEnv: Registering BlockManagerMasterHeartbeat
[2025-06-03T03:47:59.227+0000] {spark_submit.py:644} INFO - 25/06/03 03:47:59 INFO DiskBlockManager: Created local directory at /tmp/blockmgr-18323beb-98e1-4b7e-963b-92b02abf4880
[2025-06-03T03:47:59.234+0000] {spark_submit.py:644} INFO - 25/06/03 03:47:59 INFO MemoryStore: MemoryStore started with capacity 434.4 MiB
[2025-06-03T03:47:59.242+0000] {spark_submit.py:644} INFO - 25/06/03 03:47:59 INFO SparkEnv: Registering OutputCommitCoordinator
[2025-06-03T03:47:59.309+0000] {spark_submit.py:644} INFO - 25/06/03 03:47:59 INFO JettyUtils: Start Jetty 0.0.0.0:4040 for SparkUI
[2025-06-03T03:47:59.342+0000] {spark_submit.py:644} INFO - 25/06/03 03:47:59 INFO Utils: Successfully started service 'SparkUI' on port 4040.
[2025-06-03T03:47:59.361+0000] {spark_submit.py:644} INFO - 25/06/03 03:47:59 INFO SparkContext: Added JAR file:///home/***/.ivy2/jars/org.apache.hadoop_hadoop-aws-3.3.4.jar at spark://083f94398a74:36255/jars/org.apache.hadoop_hadoop-aws-3.3.4.jar with timestamp 1748922478956
[2025-06-03T03:47:59.361+0000] {spark_submit.py:644} INFO - 25/06/03 03:47:59 INFO SparkContext: Added JAR file:///home/***/.ivy2/jars/com.amazonaws_aws-java-sdk-bundle-1.12.262.jar at spark://083f94398a74:36255/jars/com.amazonaws_aws-java-sdk-bundle-1.12.262.jar with timestamp 1748922478956
[2025-06-03T03:47:59.361+0000] {spark_submit.py:644} INFO - 25/06/03 03:47:59 INFO SparkContext: Added JAR file:///home/***/.ivy2/jars/io.delta_delta-spark_2.12-3.1.0.jar at spark://083f94398a74:36255/jars/io.delta_delta-spark_2.12-3.1.0.jar with timestamp 1748922478956
[2025-06-03T03:47:59.361+0000] {spark_submit.py:644} INFO - 25/06/03 03:47:59 INFO SparkContext: Added JAR file:///home/***/.ivy2/jars/org.wildfly.openssl_wildfly-openssl-1.0.7.Final.jar at spark://083f94398a74:36255/jars/org.wildfly.openssl_wildfly-openssl-1.0.7.Final.jar with timestamp 1748922478956
[2025-06-03T03:47:59.361+0000] {spark_submit.py:644} INFO - 25/06/03 03:47:59 INFO SparkContext: Added JAR file:///home/***/.ivy2/jars/io.delta_delta-storage-3.1.0.jar at spark://083f94398a74:36255/jars/io.delta_delta-storage-3.1.0.jar with timestamp 1748922478956
[2025-06-03T03:47:59.362+0000] {spark_submit.py:644} INFO - 25/06/03 03:47:59 INFO SparkContext: Added JAR file:///home/***/.ivy2/jars/org.antlr_antlr4-runtime-4.9.3.jar at spark://083f94398a74:36255/jars/org.antlr_antlr4-runtime-4.9.3.jar with timestamp 1748922478956
[2025-06-03T03:47:59.363+0000] {spark_submit.py:644} INFO - 25/06/03 03:47:59 INFO SparkContext: Added file file:///home/***/.ivy2/jars/org.apache.hadoop_hadoop-aws-3.3.4.jar at spark://083f94398a74:36255/files/org.apache.hadoop_hadoop-aws-3.3.4.jar with timestamp 1748922478956
[2025-06-03T03:47:59.363+0000] {spark_submit.py:644} INFO - 25/06/03 03:47:59 INFO Utils: Copying /home/***/.ivy2/jars/org.apache.hadoop_hadoop-aws-3.3.4.jar to /tmp/spark-cf37d09e-c1c2-4781-8566-10d15c4e5499/userFiles-555ef0ca-e412-47a0-a54a-ac65307962c4/org.apache.hadoop_hadoop-aws-3.3.4.jar
[2025-06-03T03:47:59.370+0000] {spark_submit.py:644} INFO - 25/06/03 03:47:59 INFO SparkContext: Added file file:///home/***/.ivy2/jars/com.amazonaws_aws-java-sdk-bundle-1.12.262.jar at spark://083f94398a74:36255/files/com.amazonaws_aws-java-sdk-bundle-1.12.262.jar with timestamp 1748922478956
[2025-06-03T03:47:59.370+0000] {spark_submit.py:644} INFO - 25/06/03 03:47:59 INFO Utils: Copying /home/***/.ivy2/jars/com.amazonaws_aws-java-sdk-bundle-1.12.262.jar to /tmp/spark-cf37d09e-c1c2-4781-8566-10d15c4e5499/userFiles-555ef0ca-e412-47a0-a54a-ac65307962c4/com.amazonaws_aws-java-sdk-bundle-1.12.262.jar
[2025-06-03T03:47:59.460+0000] {spark_submit.py:644} INFO - 25/06/03 03:47:59 INFO SparkContext: Added file file:///home/***/.ivy2/jars/io.delta_delta-spark_2.12-3.1.0.jar at spark://083f94398a74:36255/files/io.delta_delta-spark_2.12-3.1.0.jar with timestamp 1748922478956
[2025-06-03T03:47:59.461+0000] {spark_submit.py:644} INFO - 25/06/03 03:47:59 INFO Utils: Copying /home/***/.ivy2/jars/io.delta_delta-spark_2.12-3.1.0.jar to /tmp/spark-cf37d09e-c1c2-4781-8566-10d15c4e5499/userFiles-555ef0ca-e412-47a0-a54a-ac65307962c4/io.delta_delta-spark_2.12-3.1.0.jar
[2025-06-03T03:47:59.464+0000] {spark_submit.py:644} INFO - 25/06/03 03:47:59 INFO SparkContext: Added file file:///home/***/.ivy2/jars/org.wildfly.openssl_wildfly-openssl-1.0.7.Final.jar at spark://083f94398a74:36255/files/org.wildfly.openssl_wildfly-openssl-1.0.7.Final.jar with timestamp 1748922478956
[2025-06-03T03:47:59.465+0000] {spark_submit.py:644} INFO - 25/06/03 03:47:59 INFO Utils: Copying /home/***/.ivy2/jars/org.wildfly.openssl_wildfly-openssl-1.0.7.Final.jar to /tmp/spark-cf37d09e-c1c2-4781-8566-10d15c4e5499/userFiles-555ef0ca-e412-47a0-a54a-ac65307962c4/org.wildfly.openssl_wildfly-openssl-1.0.7.Final.jar
[2025-06-03T03:47:59.467+0000] {spark_submit.py:644} INFO - 25/06/03 03:47:59 INFO SparkContext: Added file file:///home/***/.ivy2/jars/io.delta_delta-storage-3.1.0.jar at spark://083f94398a74:36255/files/io.delta_delta-storage-3.1.0.jar with timestamp 1748922478956
[2025-06-03T03:47:59.467+0000] {spark_submit.py:644} INFO - 25/06/03 03:47:59 INFO Utils: Copying /home/***/.ivy2/jars/io.delta_delta-storage-3.1.0.jar to /tmp/spark-cf37d09e-c1c2-4781-8566-10d15c4e5499/userFiles-555ef0ca-e412-47a0-a54a-ac65307962c4/io.delta_delta-storage-3.1.0.jar
[2025-06-03T03:47:59.469+0000] {spark_submit.py:644} INFO - 25/06/03 03:47:59 INFO SparkContext: Added file file:///home/***/.ivy2/jars/org.antlr_antlr4-runtime-4.9.3.jar at spark://083f94398a74:36255/files/org.antlr_antlr4-runtime-4.9.3.jar with timestamp 1748922478956
[2025-06-03T03:47:59.470+0000] {spark_submit.py:644} INFO - 25/06/03 03:47:59 INFO Utils: Copying /home/***/.ivy2/jars/org.antlr_antlr4-runtime-4.9.3.jar to /tmp/spark-cf37d09e-c1c2-4781-8566-10d15c4e5499/userFiles-555ef0ca-e412-47a0-a54a-ac65307962c4/org.antlr_antlr4-runtime-4.9.3.jar
[2025-06-03T03:47:59.521+0000] {spark_submit.py:644} INFO - 25/06/03 03:47:59 INFO StandaloneAppClient$ClientEndpoint: Connecting to master spark://spark-master:7077...
[2025-06-03T03:47:59.542+0000] {spark_submit.py:644} INFO - 25/06/03 03:47:59 INFO TransportClientFactory: Successfully created connection to spark-master/172.18.0.6:7077 after 12 ms (0 ms spent in bootstraps)
[2025-06-03T03:47:59.587+0000] {spark_submit.py:644} INFO - 25/06/03 03:47:59 INFO StandaloneSchedulerBackend: Connected to Spark cluster with app ID app-20250603034759-0009
[2025-06-03T03:47:59.588+0000] {spark_submit.py:644} INFO - 25/06/03 03:47:59 INFO StandaloneAppClient$ClientEndpoint: Executor added: app-20250603034759-0009/0 on worker-20250603030932-172.18.0.7-43297 (172.18.0.7:43297) with 4 core(s)
[2025-06-03T03:47:59.589+0000] {spark_submit.py:644} INFO - 25/06/03 03:47:59 INFO StandaloneSchedulerBackend: Granted executor ID app-20250603034759-0009/0 on hostPort 172.18.0.7:43297 with 4 core(s), 2.0 GiB RAM
[2025-06-03T03:47:59.593+0000] {spark_submit.py:644} INFO - 25/06/03 03:47:59 INFO Utils: Successfully started service 'org.apache.spark.network.netty.NettyBlockTransferService' on port 37077.
[2025-06-03T03:47:59.593+0000] {spark_submit.py:644} INFO - 25/06/03 03:47:59 INFO NettyBlockTransferService: Server created on 083f94398a74:37077
[2025-06-03T03:47:59.594+0000] {spark_submit.py:644} INFO - 25/06/03 03:47:59 INFO BlockManager: Using org.apache.spark.storage.RandomBlockReplicationPolicy for block replication policy
[2025-06-03T03:47:59.597+0000] {spark_submit.py:644} INFO - 25/06/03 03:47:59 INFO BlockManagerMaster: Registering BlockManager BlockManagerId(driver, 083f94398a74, 37077, None)
[2025-06-03T03:47:59.599+0000] {spark_submit.py:644} INFO - 25/06/03 03:47:59 INFO BlockManagerMasterEndpoint: Registering block manager 083f94398a74:37077 with 434.4 MiB RAM, BlockManagerId(driver, 083f94398a74, 37077, None)
[2025-06-03T03:47:59.600+0000] {spark_submit.py:644} INFO - 25/06/03 03:47:59 INFO BlockManagerMaster: Registered BlockManager BlockManagerId(driver, 083f94398a74, 37077, None)
[2025-06-03T03:47:59.601+0000] {spark_submit.py:644} INFO - 25/06/03 03:47:59 INFO BlockManager: Initialized BlockManager: BlockManagerId(driver, 083f94398a74, 37077, None)
[2025-06-03T03:47:59.617+0000] {spark_submit.py:644} INFO - 25/06/03 03:47:59 INFO StandaloneAppClient$ClientEndpoint: Executor updated: app-20250603034759-0009/0 is now RUNNING
[2025-06-03T03:47:59.738+0000] {spark_submit.py:644} INFO - 25/06/03 03:47:59 INFO StandaloneSchedulerBackend: SchedulerBackend is ready for scheduling beginning after reached minRegisteredResourcesRatio: 0.0
[2025-06-03T03:47:59.870+0000] {spark_submit.py:644} INFO - Reading Silver data from: s3a://mybucket/silver/curry_transformed/
[2025-06-03T03:47:59.874+0000] {spark_submit.py:644} INFO - 25/06/03 03:47:59 INFO SharedState: Setting hive.metastore.warehouse.dir ('null') to the value of spark.sql.warehouse.dir.
[2025-06-03T03:47:59.941+0000] {spark_submit.py:644} INFO - 25/06/03 03:47:59 WARN MetricsConfig: Cannot locate configuration: tried hadoop-metrics2-s3a-file-system.properties,hadoop-metrics2.properties
[2025-06-03T03:47:59.948+0000] {spark_submit.py:644} INFO - 25/06/03 03:47:59 INFO MetricsSystemImpl: Scheduled Metric snapshot period at 10 second(s).
[2025-06-03T03:47:59.949+0000] {spark_submit.py:644} INFO - 25/06/03 03:47:59 INFO MetricsSystemImpl: s3a-file-system metrics system started
[2025-06-03T03:48:00.338+0000] {spark_submit.py:644} INFO - 25/06/03 03:48:00 INFO SharedState: Warehouse path is 's3a://mybucket'.
[2025-06-03T03:48:00.911+0000] {spark_submit.py:644} INFO - 25/06/03 03:48:00 INFO InMemoryFileIndex: It took 34 ms to list leaf files for 1 paths.
[2025-06-03T03:48:01.175+0000] {spark_submit.py:644} INFO - 25/06/03 03:48:01 INFO SparkContext: Starting job: load at NativeMethodAccessorImpl.java:0
[2025-06-03T03:48:01.185+0000] {spark_submit.py:644} INFO - 25/06/03 03:48:01 INFO DAGScheduler: Got job 0 (load at NativeMethodAccessorImpl.java:0) with 1 output partitions
[2025-06-03T03:48:01.185+0000] {spark_submit.py:644} INFO - 25/06/03 03:48:01 INFO DAGScheduler: Final stage: ResultStage 0 (load at NativeMethodAccessorImpl.java:0)
[2025-06-03T03:48:01.185+0000] {spark_submit.py:644} INFO - 25/06/03 03:48:01 INFO DAGScheduler: Parents of final stage: List()
[2025-06-03T03:48:01.186+0000] {spark_submit.py:644} INFO - 25/06/03 03:48:01 INFO DAGScheduler: Missing parents: List()
[2025-06-03T03:48:01.188+0000] {spark_submit.py:644} INFO - 25/06/03 03:48:01 INFO DAGScheduler: Submitting ResultStage 0 (MapPartitionsRDD[1] at load at NativeMethodAccessorImpl.java:0), which has no missing parents
[2025-06-03T03:48:01.216+0000] {spark_submit.py:644} INFO - 25/06/03 03:48:01 INFO MemoryStore: Block broadcast_0 stored as values in memory (estimated size 107.3 KiB, free 434.3 MiB)
[2025-06-03T03:48:01.240+0000] {spark_submit.py:644} INFO - 25/06/03 03:48:01 INFO MemoryStore: Block broadcast_0_piece0 stored as bytes in memory (estimated size 38.9 KiB, free 434.3 MiB)
[2025-06-03T03:48:01.242+0000] {spark_submit.py:644} INFO - 25/06/03 03:48:01 INFO BlockManagerInfo: Added broadcast_0_piece0 in memory on 083f94398a74:37077 (size: 38.9 KiB, free: 434.4 MiB)
[2025-06-03T03:48:01.247+0000] {spark_submit.py:644} INFO - 25/06/03 03:48:01 INFO StandaloneSchedulerBackend$StandaloneDriverEndpoint: Registered executor NettyRpcEndpointRef(spark-client://Executor) (172.18.0.7:49352) with ID 0,  ResourceProfileId 0
[2025-06-03T03:48:01.248+0000] {spark_submit.py:644} INFO - 25/06/03 03:48:01 INFO SparkContext: Created broadcast 0 from broadcast at DAGScheduler.scala:1585
[2025-06-03T03:48:01.259+0000] {spark_submit.py:644} INFO - 25/06/03 03:48:01 INFO DAGScheduler: Submitting 1 missing tasks from ResultStage 0 (MapPartitionsRDD[1] at load at NativeMethodAccessorImpl.java:0) (first 15 tasks are for partitions Vector(0))
[2025-06-03T03:48:01.260+0000] {spark_submit.py:644} INFO - 25/06/03 03:48:01 INFO TaskSchedulerImpl: Adding task set 0.0 with 1 tasks resource profile 0
[2025-06-03T03:48:01.284+0000] {spark_submit.py:644} INFO - 25/06/03 03:48:01 INFO BlockManagerMasterEndpoint: Registering block manager 172.18.0.7:39545 with 1048.8 MiB RAM, BlockManagerId(0, 172.18.0.7, 39545, None)
[2025-06-03T03:48:02.497+0000] {spark_submit.py:644} INFO - 25/06/03 03:48:02 INFO TaskSetManager: Starting task 0.0 in stage 0.0 (TID 0) (172.18.0.7, executor 0, partition 0, PROCESS_LOCAL, 10351 bytes)
[2025-06-03T03:48:02.656+0000] {spark_submit.py:644} INFO - 25/06/03 03:48:02 INFO BlockManagerInfo: Added broadcast_0_piece0 in memory on 172.18.0.7:39545 (size: 38.9 KiB, free: 1048.8 MiB)
[2025-06-03T03:48:03.699+0000] {spark_submit.py:644} INFO - 25/06/03 03:48:03 INFO TaskSetManager: Finished task 0.0 in stage 0.0 (TID 0) in 1212 ms on 172.18.0.7 (executor 0) (1/1)
[2025-06-03T03:48:03.700+0000] {spark_submit.py:644} INFO - 25/06/03 03:48:03 INFO TaskSchedulerImpl: Removed TaskSet 0.0, whose tasks have all completed, from pool
[2025-06-03T03:48:03.702+0000] {spark_submit.py:644} INFO - 25/06/03 03:48:03 INFO DAGScheduler: ResultStage 0 (load at NativeMethodAccessorImpl.java:0) finished in 2.507 s
[2025-06-03T03:48:03.704+0000] {spark_submit.py:644} INFO - 25/06/03 03:48:03 INFO DAGScheduler: Job 0 is finished. Cancelling potential speculative or zombie tasks for this job
[2025-06-03T03:48:03.704+0000] {spark_submit.py:644} INFO - 25/06/03 03:48:03 INFO TaskSchedulerImpl: Killing all running tasks in stage 0: Stage finished
[2025-06-03T03:48:03.705+0000] {spark_submit.py:644} INFO - 25/06/03 03:48:03 INFO DAGScheduler: Job 0 finished: load at NativeMethodAccessorImpl.java:0, took 2.529231 s
[2025-06-03T03:48:03.927+0000] {spark_submit.py:644} INFO - 25/06/03 03:48:03 INFO BlockManagerInfo: Removed broadcast_0_piece0 on 083f94398a74:37077 in memory (size: 38.9 KiB, free: 434.4 MiB)
[2025-06-03T03:48:03.936+0000] {spark_submit.py:644} INFO - 25/06/03 03:48:03 INFO BlockManagerInfo: Removed broadcast_0_piece0 on 172.18.0.7:39545 in memory (size: 38.9 KiB, free: 1048.8 MiB)
[2025-06-03T03:48:04.087+0000] {spark_submit.py:644} INFO - Successfully loaded Silver data.
[2025-06-03T03:48:04.088+0000] {spark_submit.py:644} INFO - Generating Gold summary (avg/min/max PTS per season)...
[2025-06-03T03:48:04.167+0000] {spark_submit.py:644} INFO - Writing Gold summary to: s3a://mybucket/gold/season_summary/
[2025-06-03T03:48:04.472+0000] {spark_submit.py:644} INFO - 25/06/03 03:48:04 INFO HiveConf: Found configuration file null
[2025-06-03T03:48:04.478+0000] {spark_submit.py:644} INFO - 25/06/03 03:48:04 INFO HiveUtils: Initializing HiveMetastoreConnection version 2.3.9 using Spark classes.
[2025-06-03T03:48:04.576+0000] {spark_submit.py:644} INFO - 25/06/03 03:48:04 INFO HiveClientImpl: Warehouse location for Hive client (version 2.3.9) is s3a://mybucket
[2025-06-03T03:48:04.593+0000] {spark_submit.py:644} INFO - 25/06/03 03:48:04 INFO metastore: Trying to connect to metastore with URI thrift://hive-metastore:9083
[2025-06-03T03:48:04.603+0000] {spark_submit.py:644} INFO - 25/06/03 03:48:04 INFO metastore: Opened a connection to metastore, current connections: 1
[2025-06-03T03:48:04.614+0000] {spark_submit.py:644} INFO - 25/06/03 03:48:04 INFO metastore: Connected to metastore.
[2025-06-03T03:48:04.812+0000] {spark_submit.py:644} INFO - 25/06/03 03:48:04 INFO DelegatingLogStore: LogStore `LogStoreAdapter(io.delta.storage.S3SingleDriverLogStore)` is used for scheme `s3a`
[2025-06-03T03:48:04.846+0000] {spark_submit.py:644} INFO - 25/06/03 03:48:04 INFO DeltaLog: Loading version 0.
[2025-06-03T03:48:05.587+0000] {spark_submit.py:644} INFO - 25/06/03 03:48:05 INFO DeltaLogFileIndex: Created DeltaLogFileIndex(JSON, numFilesInSegment: 1, totalFileSize: 1711)
[2025-06-03T03:48:05.697+0000] {spark_submit.py:644} INFO - 25/06/03 03:48:05 INFO DataSourceStrategy: Pruning directories with:
[2025-06-03T03:48:05.702+0000] {spark_submit.py:644} INFO - 25/06/03 03:48:05 INFO FileSourceStrategy: Pushed Filters:
[2025-06-03T03:48:05.703+0000] {spark_submit.py:644} INFO - 25/06/03 03:48:05 INFO FileSourceStrategy: Post-Scan Filters: (isnotnull(protocol#117.minReaderVersion) OR isnotnull(metaData#116.id))
[2025-06-03T03:48:05.946+0000] {spark_submit.py:644} INFO - 25/06/03 03:48:05 INFO CodeGenerator: Code generated in 157.769208 ms
[2025-06-03T03:48:05.952+0000] {spark_submit.py:644} INFO - 25/06/03 03:48:05 INFO MemoryStore: Block broadcast_1 stored as values in memory (estimated size 205.2 KiB, free 434.2 MiB)
[2025-06-03T03:48:05.960+0000] {spark_submit.py:644} INFO - 25/06/03 03:48:05 INFO MemoryStore: Block broadcast_1_piece0 stored as bytes in memory (estimated size 36.2 KiB, free 434.2 MiB)
[2025-06-03T03:48:05.960+0000] {spark_submit.py:644} INFO - 25/06/03 03:48:05 INFO BlockManagerInfo: Added broadcast_1_piece0 in memory on 083f94398a74:37077 (size: 36.2 KiB, free: 434.4 MiB)
[2025-06-03T03:48:05.961+0000] {spark_submit.py:644} INFO - 25/06/03 03:48:05 INFO SparkContext: Created broadcast 1 from toString at String.java:4220
[2025-06-03T03:48:05.972+0000] {spark_submit.py:644} INFO - 25/06/03 03:48:05 INFO FileSourceScanExec: Planning scan with bin packing, max size: 4194304 bytes, open cost is considered as scanning 4194304 bytes.
[2025-06-03T03:48:06.025+0000] {spark_submit.py:644} INFO - 25/06/03 03:48:06 INFO SparkContext: Starting job: toString at String.java:4220
[2025-06-03T03:48:06.026+0000] {spark_submit.py:644} INFO - 25/06/03 03:48:06 INFO DAGScheduler: Got job 1 (toString at String.java:4220) with 1 output partitions
[2025-06-03T03:48:06.026+0000] {spark_submit.py:644} INFO - 25/06/03 03:48:06 INFO DAGScheduler: Final stage: ResultStage 1 (toString at String.java:4220)
[2025-06-03T03:48:06.026+0000] {spark_submit.py:644} INFO - 25/06/03 03:48:06 INFO DAGScheduler: Parents of final stage: List()
[2025-06-03T03:48:06.027+0000] {spark_submit.py:644} INFO - 25/06/03 03:48:06 INFO DAGScheduler: Missing parents: List()
[2025-06-03T03:48:06.027+0000] {spark_submit.py:644} INFO - 25/06/03 03:48:06 INFO DAGScheduler: Submitting ResultStage 1 (MapPartitionsRDD[5] at toString at String.java:4220), which has no missing parents
[2025-06-03T03:48:06.030+0000] {spark_submit.py:644} INFO - 25/06/03 03:48:06 INFO MemoryStore: Block broadcast_2 stored as values in memory (estimated size 40.1 KiB, free 434.1 MiB)
[2025-06-03T03:48:06.031+0000] {spark_submit.py:644} INFO - 25/06/03 03:48:06 INFO MemoryStore: Block broadcast_2_piece0 stored as bytes in memory (estimated size 13.7 KiB, free 434.1 MiB)
[2025-06-03T03:48:06.031+0000] {spark_submit.py:644} INFO - 25/06/03 03:48:06 INFO BlockManagerInfo: Added broadcast_2_piece0 in memory on 083f94398a74:37077 (size: 13.7 KiB, free: 434.4 MiB)
[2025-06-03T03:48:06.032+0000] {spark_submit.py:644} INFO - 25/06/03 03:48:06 INFO SparkContext: Created broadcast 2 from broadcast at DAGScheduler.scala:1585
[2025-06-03T03:48:06.032+0000] {spark_submit.py:644} INFO - 25/06/03 03:48:06 INFO DAGScheduler: Submitting 1 missing tasks from ResultStage 1 (MapPartitionsRDD[5] at toString at String.java:4220) (first 15 tasks are for partitions Vector(0))
[2025-06-03T03:48:06.033+0000] {spark_submit.py:644} INFO - 25/06/03 03:48:06 INFO TaskSchedulerImpl: Adding task set 1.0 with 1 tasks resource profile 0
[2025-06-03T03:48:06.035+0000] {spark_submit.py:644} INFO - 25/06/03 03:48:06 INFO TaskSetManager: Starting task 0.0 in stage 1.0 (TID 1) (172.18.0.7, executor 0, partition 0, PROCESS_LOCAL, 10834 bytes)
[2025-06-03T03:48:06.061+0000] {spark_submit.py:644} INFO - 25/06/03 03:48:06 INFO BlockManagerInfo: Added broadcast_2_piece0 in memory on 172.18.0.7:39545 (size: 13.7 KiB, free: 1048.8 MiB)
[2025-06-03T03:48:06.476+0000] {spark_submit.py:644} INFO - 25/06/03 03:48:06 INFO BlockManagerInfo: Added broadcast_1_piece0 in memory on 172.18.0.7:39545 (size: 36.2 KiB, free: 1048.8 MiB)
[2025-06-03T03:48:06.574+0000] {spark_submit.py:644} INFO - 25/06/03 03:48:06 INFO TaskSetManager: Finished task 0.0 in stage 1.0 (TID 1) in 540 ms on 172.18.0.7 (executor 0) (1/1)
[2025-06-03T03:48:06.574+0000] {spark_submit.py:644} INFO - 25/06/03 03:48:06 INFO TaskSchedulerImpl: Removed TaskSet 1.0, whose tasks have all completed, from pool
[2025-06-03T03:48:06.575+0000] {spark_submit.py:644} INFO - 25/06/03 03:48:06 INFO DAGScheduler: ResultStage 1 (toString at String.java:4220) finished in 0.545 s
[2025-06-03T03:48:06.575+0000] {spark_submit.py:644} INFO - 25/06/03 03:48:06 INFO DAGScheduler: Job 1 is finished. Cancelling potential speculative or zombie tasks for this job
[2025-06-03T03:48:06.575+0000] {spark_submit.py:644} INFO - 25/06/03 03:48:06 INFO TaskSchedulerImpl: Killing all running tasks in stage 1: Stage finished
[2025-06-03T03:48:06.575+0000] {spark_submit.py:644} INFO - 25/06/03 03:48:06 INFO DAGScheduler: Job 1 finished: toString at String.java:4220, took 0.549946 s
[2025-06-03T03:48:06.641+0000] {spark_submit.py:644} INFO - 25/06/03 03:48:06 INFO CodeGenerator: Code generated in 49.282708 ms
[2025-06-03T03:48:06.647+0000] {spark_submit.py:644} INFO - 25/06/03 03:48:06 INFO Snapshot: [tableId=4a5a974b-acad-4930-b353-f0c42d011c38] Created snapshot Snapshot(path=s3a://mybucket/gold/season_summary/_delta_log, version=0, metadata=Metadata(f3c5f488-11e0-4251-b0bf-fb172a66a558,null,null,Format(parquet,Map()),{"type":"struct","fields":[{"name":"Season_year","type":"string","nullable":true,"metadata":{}},{"name":"avg_pts","type":"double","nullable":true,"metadata":{}},{"name":"max_pts","type":"long","nullable":true,"metadata":{}},{"name":"min_pts","type":"long","nullable":true,"metadata":{}},{"name":"gold_processing_ts","type":"timestamp","nullable":true,"metadata":{}}]},List(),Map(),Some(1748922056456)), logSegment=LogSegment(s3a://mybucket/gold/season_summary/_delta_log,0,WrappedArray(S3AFileStatus{path=s3a://mybucket/gold/season_summary/_delta_log/00000000000000000000.json; isDirectory=false; length=1711; replication=1; blocksize=33554432; modification_time=1748922062922; access_time=0; owner=***; group=***; permission=rw-rw-rw-; isSymlink=false; hasAcl=false; isEncrypted=true; isErasureCoded=false} isEmptyDirectory=FALSE eTag=a303fac66737c2766c9690d42e9e7d24 versionId=null),org.apache.spark.sql.delta.EmptyCheckpointProvider$@7483bb72,1748922062922), checksumOpt=None)
[2025-06-03T03:48:06.814+0000] {spark_submit.py:644} INFO - 25/06/03 03:48:06 WARN SparkStringUtils: Truncated the string representation of a plan since it was too large. This behavior can be adjusted by setting 'spark.sql.debug.maxToStringFields'.
[2025-06-03T03:48:06.827+0000] {spark_submit.py:644} INFO - 25/06/03 03:48:06 INFO BlockManagerInfo: Removed broadcast_2_piece0 on 083f94398a74:37077 in memory (size: 13.7 KiB, free: 434.4 MiB)
[2025-06-03T03:48:06.829+0000] {spark_submit.py:644} INFO - 25/06/03 03:48:06 INFO BlockManagerInfo: Removed broadcast_2_piece0 on 172.18.0.7:39545 in memory (size: 13.7 KiB, free: 1048.8 MiB)
[2025-06-03T03:48:06.834+0000] {spark_submit.py:644} INFO - 25/06/03 03:48:06 INFO BlockManagerInfo: Removed broadcast_1_piece0 on 083f94398a74:37077 in memory (size: 36.2 KiB, free: 434.4 MiB)
[2025-06-03T03:48:06.835+0000] {spark_submit.py:644} INFO - 25/06/03 03:48:06 INFO BlockManagerInfo: Removed broadcast_1_piece0 on 172.18.0.7:39545 in memory (size: 36.2 KiB, free: 1048.8 MiB)
[2025-06-03T03:48:06.900+0000] {spark_submit.py:644} INFO - 25/06/03 03:48:06 INFO FileSourceStrategy: Pushed Filters:
[2025-06-03T03:48:06.901+0000] {spark_submit.py:644} INFO - 25/06/03 03:48:06 INFO FileSourceStrategy: Post-Scan Filters:
[2025-06-03T03:48:07.049+0000] {spark_submit.py:644} INFO - 25/06/03 03:48:07 INFO CodeGenerator: Code generated in 62.723792 ms
[2025-06-03T03:48:07.060+0000] {spark_submit.py:644} INFO - 25/06/03 03:48:07 INFO MemoryStore: Block broadcast_3 stored as values in memory (estimated size 206.8 KiB, free 434.2 MiB)
[2025-06-03T03:48:07.067+0000] {spark_submit.py:644} INFO - 25/06/03 03:48:07 INFO MemoryStore: Block broadcast_3_piece0 stored as bytes in memory (estimated size 36.6 KiB, free 434.2 MiB)
[2025-06-03T03:48:07.068+0000] {spark_submit.py:644} INFO - 25/06/03 03:48:07 INFO BlockManagerInfo: Added broadcast_3_piece0 in memory on 083f94398a74:37077 (size: 36.6 KiB, free: 434.4 MiB)
[2025-06-03T03:48:07.069+0000] {spark_submit.py:644} INFO - 25/06/03 03:48:07 INFO SparkContext: Created broadcast 3 from saveAsTable at NativeMethodAccessorImpl.java:0
[2025-06-03T03:48:07.074+0000] {spark_submit.py:644} INFO - 25/06/03 03:48:07 INFO FileSourceScanExec: Planning scan with bin packing, max size: 4194304 bytes, open cost is considered as scanning 4194304 bytes.
[2025-06-03T03:48:07.127+0000] {spark_submit.py:644} INFO - 25/06/03 03:48:07 INFO DAGScheduler: Registering RDD 9 (saveAsTable at NativeMethodAccessorImpl.java:0) as input to shuffle 0
[2025-06-03T03:48:07.131+0000] {spark_submit.py:644} INFO - 25/06/03 03:48:07 INFO DAGScheduler: Got map stage job 2 (saveAsTable at NativeMethodAccessorImpl.java:0) with 1 output partitions
[2025-06-03T03:48:07.132+0000] {spark_submit.py:644} INFO - 25/06/03 03:48:07 INFO DAGScheduler: Final stage: ShuffleMapStage 2 (saveAsTable at NativeMethodAccessorImpl.java:0)
[2025-06-03T03:48:07.132+0000] {spark_submit.py:644} INFO - 25/06/03 03:48:07 INFO DAGScheduler: Parents of final stage: List()
[2025-06-03T03:48:07.132+0000] {spark_submit.py:644} INFO - 25/06/03 03:48:07 INFO DAGScheduler: Missing parents: List()
[2025-06-03T03:48:07.133+0000] {spark_submit.py:644} INFO - 25/06/03 03:48:07 INFO DAGScheduler: Submitting ShuffleMapStage 2 (MapPartitionsRDD[9] at saveAsTable at NativeMethodAccessorImpl.java:0), which has no missing parents
[2025-06-03T03:48:07.140+0000] {spark_submit.py:644} INFO - 25/06/03 03:48:07 INFO MemoryStore: Block broadcast_4 stored as values in memory (estimated size 48.3 KiB, free 434.1 MiB)
[2025-06-03T03:48:07.144+0000] {spark_submit.py:644} INFO - 25/06/03 03:48:07 INFO MemoryStore: Block broadcast_4_piece0 stored as bytes in memory (estimated size 20.4 KiB, free 434.1 MiB)
[2025-06-03T03:48:07.145+0000] {spark_submit.py:644} INFO - 25/06/03 03:48:07 INFO BlockManagerInfo: Added broadcast_4_piece0 in memory on 083f94398a74:37077 (size: 20.4 KiB, free: 434.3 MiB)
[2025-06-03T03:48:07.145+0000] {spark_submit.py:644} INFO - 25/06/03 03:48:07 INFO SparkContext: Created broadcast 4 from broadcast at DAGScheduler.scala:1585
[2025-06-03T03:48:07.146+0000] {spark_submit.py:644} INFO - 25/06/03 03:48:07 INFO DAGScheduler: Submitting 1 missing tasks from ShuffleMapStage 2 (MapPartitionsRDD[9] at saveAsTable at NativeMethodAccessorImpl.java:0) (first 15 tasks are for partitions Vector(0))
[2025-06-03T03:48:07.147+0000] {spark_submit.py:644} INFO - 25/06/03 03:48:07 INFO TaskSchedulerImpl: Adding task set 2.0 with 1 tasks resource profile 0
[2025-06-03T03:48:07.148+0000] {spark_submit.py:644} INFO - 25/06/03 03:48:07 INFO TaskSetManager: Starting task 0.0 in stage 2.0 (TID 2) (172.18.0.7, executor 0, partition 0, PROCESS_LOCAL, 10845 bytes)
[2025-06-03T03:48:07.164+0000] {spark_submit.py:644} INFO - 25/06/03 03:48:07 INFO BlockManagerInfo: Added broadcast_4_piece0 in memory on 172.18.0.7:39545 (size: 20.4 KiB, free: 1048.8 MiB)
[2025-06-03T03:48:07.388+0000] {spark_submit.py:644} INFO - 25/06/03 03:48:07 INFO BlockManagerInfo: Added broadcast_3_piece0 in memory on 172.18.0.7:39545 (size: 36.6 KiB, free: 1048.7 MiB)
[2025-06-03T03:48:07.595+0000] {spark_submit.py:644} INFO - 25/06/03 03:48:07 INFO TaskSetManager: Finished task 0.0 in stage 2.0 (TID 2) in 448 ms on 172.18.0.7 (executor 0) (1/1)
[2025-06-03T03:48:07.595+0000] {spark_submit.py:644} INFO - 25/06/03 03:48:07 INFO TaskSchedulerImpl: Removed TaskSet 2.0, whose tasks have all completed, from pool
[2025-06-03T03:48:07.597+0000] {spark_submit.py:644} INFO - 25/06/03 03:48:07 INFO DAGScheduler: ShuffleMapStage 2 (saveAsTable at NativeMethodAccessorImpl.java:0) finished in 0.462 s
[2025-06-03T03:48:07.597+0000] {spark_submit.py:644} INFO - 25/06/03 03:48:07 INFO DAGScheduler: looking for newly runnable stages
[2025-06-03T03:48:07.597+0000] {spark_submit.py:644} INFO - 25/06/03 03:48:07 INFO DAGScheduler: running: Set()
[2025-06-03T03:48:07.597+0000] {spark_submit.py:644} INFO - 25/06/03 03:48:07 INFO DAGScheduler: waiting: Set()
[2025-06-03T03:48:07.597+0000] {spark_submit.py:644} INFO - 25/06/03 03:48:07 INFO DAGScheduler: failed: Set()
[2025-06-03T03:48:07.611+0000] {spark_submit.py:644} INFO - 25/06/03 03:48:07 INFO ShufflePartitionsUtil: For shuffle(0), advisory target size: 67108864, actual target size 1048576, minimum partition size: 1048576
[2025-06-03T03:48:07.724+0000] {spark_submit.py:644} INFO - 25/06/03 03:48:07 INFO ParquetUtils: Using default output committer for Parquet: org.apache.parquet.hadoop.ParquetOutputCommitter
[2025-06-03T03:48:07.734+0000] {spark_submit.py:644} INFO - 25/06/03 03:48:07 INFO FileOutputCommitter: File Output Committer Algorithm version is 1
[2025-06-03T03:48:07.734+0000] {spark_submit.py:644} INFO - 25/06/03 03:48:07 INFO FileOutputCommitter: FileOutputCommitter skip cleanup _temporary folders under output directory:false, ignore cleanup failures: false
[2025-06-03T03:48:07.734+0000] {spark_submit.py:644} INFO - 25/06/03 03:48:07 INFO SQLHadoopMapReduceCommitProtocol: Using user defined output committer class org.apache.parquet.hadoop.ParquetOutputCommitter
[2025-06-03T03:48:07.735+0000] {spark_submit.py:644} INFO - 25/06/03 03:48:07 INFO FileOutputCommitter: File Output Committer Algorithm version is 1
[2025-06-03T03:48:07.735+0000] {spark_submit.py:644} INFO - 25/06/03 03:48:07 INFO FileOutputCommitter: FileOutputCommitter skip cleanup _temporary folders under output directory:false, ignore cleanup failures: false
[2025-06-03T03:48:07.735+0000] {spark_submit.py:644} INFO - 25/06/03 03:48:07 INFO SQLHadoopMapReduceCommitProtocol: Using output committer class org.apache.parquet.hadoop.ParquetOutputCommitter
[2025-06-03T03:48:07.758+0000] {spark_submit.py:644} INFO - 25/06/03 03:48:07 INFO HashAggregateExec: spark.sql.codegen.aggregate.map.twolevel.enabled is set to true, but current version of codegened fast hashmap does not support this aggregate.
[2025-06-03T03:48:07.773+0000] {spark_submit.py:644} INFO - 25/06/03 03:48:07 INFO CodeGenerator: Code generated in 11.012042 ms
[2025-06-03T03:48:07.798+0000] {spark_submit.py:644} INFO - 25/06/03 03:48:07 INFO SparkContext: Starting job: saveAsTable at NativeMethodAccessorImpl.java:0
[2025-06-03T03:48:07.800+0000] {spark_submit.py:644} INFO - 25/06/03 03:48:07 INFO DAGScheduler: Got job 3 (saveAsTable at NativeMethodAccessorImpl.java:0) with 1 output partitions
[2025-06-03T03:48:07.800+0000] {spark_submit.py:644} INFO - 25/06/03 03:48:07 INFO DAGScheduler: Final stage: ResultStage 4 (saveAsTable at NativeMethodAccessorImpl.java:0)
[2025-06-03T03:48:07.800+0000] {spark_submit.py:644} INFO - 25/06/03 03:48:07 INFO DAGScheduler: Parents of final stage: List(ShuffleMapStage 3)
[2025-06-03T03:48:07.800+0000] {spark_submit.py:644} INFO - 25/06/03 03:48:07 INFO DAGScheduler: Missing parents: List()
[2025-06-03T03:48:07.801+0000] {spark_submit.py:644} INFO - 25/06/03 03:48:07 INFO DAGScheduler: Submitting ResultStage 4 (MapPartitionsRDD[12] at saveAsTable at NativeMethodAccessorImpl.java:0), which has no missing parents
[2025-06-03T03:48:07.821+0000] {spark_submit.py:644} INFO - 25/06/03 03:48:07 INFO MemoryStore: Block broadcast_5 stored as values in memory (estimated size 259.0 KiB, free 433.8 MiB)
[2025-06-03T03:48:07.825+0000] {spark_submit.py:644} INFO - 25/06/03 03:48:07 INFO MemoryStore: Block broadcast_5_piece0 stored as bytes in memory (estimated size 95.4 KiB, free 433.7 MiB)
[2025-06-03T03:48:07.826+0000] {spark_submit.py:644} INFO - 25/06/03 03:48:07 INFO BlockManagerInfo: Added broadcast_5_piece0 in memory on 083f94398a74:37077 (size: 95.4 KiB, free: 434.3 MiB)
[2025-06-03T03:48:07.827+0000] {spark_submit.py:644} INFO - 25/06/03 03:48:07 INFO BlockManagerInfo: Removed broadcast_4_piece0 on 083f94398a74:37077 in memory (size: 20.4 KiB, free: 434.3 MiB)
[2025-06-03T03:48:07.827+0000] {spark_submit.py:644} INFO - 25/06/03 03:48:07 INFO SparkContext: Created broadcast 5 from broadcast at DAGScheduler.scala:1585
[2025-06-03T03:48:07.828+0000] {spark_submit.py:644} INFO - 25/06/03 03:48:07 INFO DAGScheduler: Submitting 1 missing tasks from ResultStage 4 (MapPartitionsRDD[12] at saveAsTable at NativeMethodAccessorImpl.java:0) (first 15 tasks are for partitions Vector(0))
[2025-06-03T03:48:07.829+0000] {spark_submit.py:644} INFO - 25/06/03 03:48:07 INFO TaskSchedulerImpl: Adding task set 4.0 with 1 tasks resource profile 0
[2025-06-03T03:48:07.829+0000] {spark_submit.py:644} INFO - 25/06/03 03:48:07 INFO BlockManagerInfo: Removed broadcast_4_piece0 on 172.18.0.7:39545 in memory (size: 20.4 KiB, free: 1048.8 MiB)
[2025-06-03T03:48:07.831+0000] {spark_submit.py:644} INFO - 25/06/03 03:48:07 INFO TaskSetManager: Starting task 0.0 in stage 4.0 (TID 3) (172.18.0.7, executor 0, partition 0, NODE_LOCAL, 10186 bytes)
[2025-06-03T03:48:07.843+0000] {spark_submit.py:644} INFO - 25/06/03 03:48:07 INFO BlockManagerInfo: Added broadcast_5_piece0 in memory on 172.18.0.7:39545 (size: 95.4 KiB, free: 1048.7 MiB)
[2025-06-03T03:48:07.896+0000] {spark_submit.py:644} INFO - 25/06/03 03:48:07 INFO MapOutputTrackerMasterEndpoint: Asked to send map output locations for shuffle 0 to 172.18.0.7:49352
[2025-06-03T03:48:08.394+0000] {spark_submit.py:644} INFO - 25/06/03 03:48:08 INFO TaskSetManager: Finished task 0.0 in stage 4.0 (TID 3) in 564 ms on 172.18.0.7 (executor 0) (1/1)
[2025-06-03T03:48:08.395+0000] {spark_submit.py:644} INFO - 25/06/03 03:48:08 INFO TaskSchedulerImpl: Removed TaskSet 4.0, whose tasks have all completed, from pool
[2025-06-03T03:48:08.395+0000] {spark_submit.py:644} INFO - 25/06/03 03:48:08 INFO DAGScheduler: ResultStage 4 (saveAsTable at NativeMethodAccessorImpl.java:0) finished in 0.591 s
[2025-06-03T03:48:08.396+0000] {spark_submit.py:644} INFO - 25/06/03 03:48:08 INFO DAGScheduler: Job 3 is finished. Cancelling potential speculative or zombie tasks for this job
[2025-06-03T03:48:08.396+0000] {spark_submit.py:644} INFO - 25/06/03 03:48:08 INFO TaskSchedulerImpl: Killing all running tasks in stage 4: Stage finished
[2025-06-03T03:48:08.396+0000] {spark_submit.py:644} INFO - 25/06/03 03:48:08 INFO DAGScheduler: Job 3 finished: saveAsTable at NativeMethodAccessorImpl.java:0, took 0.597610 s
[2025-06-03T03:48:08.397+0000] {spark_submit.py:644} INFO - 25/06/03 03:48:08 INFO FileFormatWriter: Start to commit write Job eea1769e-6d70-466b-aedd-7272b4c88571.
[2025-06-03T03:48:08.514+0000] {spark_submit.py:644} INFO - 25/06/03 03:48:08 INFO FileFormatWriter: Write Job eea1769e-6d70-466b-aedd-7272b4c88571 committed. Elapsed time: 115 ms.
[2025-06-03T03:48:08.515+0000] {spark_submit.py:644} INFO - 25/06/03 03:48:08 INFO FileFormatWriter: Finished processing stats for write job eea1769e-6d70-466b-aedd-7272b4c88571.
[2025-06-03T03:48:08.537+0000] {spark_submit.py:644} INFO - 25/06/03 03:48:08 INFO InMemoryFileIndex: It took 4 ms to list leaf files for 1 paths.
[2025-06-03T03:48:08.555+0000] {spark_submit.py:644} INFO - 25/06/03 03:48:08 INFO HiveExternalCatalog: Persisting file based data source table `spark_catalog`.`sc_stats_db`.`gold_sc_summary` into Hive metastore in Hive compatible format.
[2025-06-03T03:48:08.568+0000] {spark_submit.py:644} INFO - 25/06/03 03:48:08 INFO SQLStdHiveAccessController: Created SQLStdHiveAccessController for session context : HiveAuthzSessionContext [sessionString=9f89fa19-d845-4ad3-9515-10c977100cb1, clientType=HIVECLI]
[2025-06-03T03:48:08.569+0000] {spark_submit.py:644} INFO - 25/06/03 03:48:08 WARN SessionState: METASTORE_FILTER_HOOK will be ignored, since hive.security.authorization.manager is set to instance of HiveAuthorizerFactory.
[2025-06-03T03:48:08.569+0000] {spark_submit.py:644} INFO - 25/06/03 03:48:08 INFO metastore: Mestastore configuration hive.metastore.filter.hook changed from org.apache.hadoop.hive.metastore.DefaultMetaStoreFilterHookImpl to org.apache.hadoop.hive.ql.security.authorization.plugin.AuthorizationMetaStoreFilterHook
[2025-06-03T03:48:08.571+0000] {spark_submit.py:644} INFO - 25/06/03 03:48:08 INFO metastore: Closed a connection to metastore, current connections: 0
[2025-06-03T03:48:08.572+0000] {spark_submit.py:644} INFO - 25/06/03 03:48:08 INFO metastore: Trying to connect to metastore with URI thrift://hive-metastore:9083
[2025-06-03T03:48:08.572+0000] {spark_submit.py:644} INFO - 25/06/03 03:48:08 INFO metastore: Opened a connection to metastore, current connections: 1
[2025-06-03T03:48:08.573+0000] {spark_submit.py:644} INFO - 25/06/03 03:48:08 INFO metastore: Connected to metastore.
[2025-06-03T03:48:08.604+0000] {spark_submit.py:644} INFO - 25/06/03 03:48:08 INFO metastore: Trying to connect to metastore with URI thrift://hive-metastore:9083
[2025-06-03T03:48:08.604+0000] {spark_submit.py:644} INFO - 25/06/03 03:48:08 INFO metastore: Opened a connection to metastore, current connections: 2
[2025-06-03T03:48:08.605+0000] {spark_submit.py:644} INFO - 25/06/03 03:48:08 INFO metastore: Connected to metastore.
[2025-06-03T03:48:08.662+0000] {spark_submit.py:644} INFO - Successfully wrote Gold summary and registered table sc_stats_db.gold_sc_summary.
[2025-06-03T03:48:08.662+0000] {spark_submit.py:644} INFO - 25/06/03 03:48:08 INFO SparkContext: SparkContext is stopping with exitCode 0.
[2025-06-03T03:48:08.669+0000] {spark_submit.py:644} INFO - 25/06/03 03:48:08 INFO SparkUI: Stopped Spark web UI at http://083f94398a74:4040
[2025-06-03T03:48:08.671+0000] {spark_submit.py:644} INFO - 25/06/03 03:48:08 INFO StandaloneSchedulerBackend: Shutting down all executors
[2025-06-03T03:48:08.672+0000] {spark_submit.py:644} INFO - 25/06/03 03:48:08 INFO StandaloneSchedulerBackend$StandaloneDriverEndpoint: Asking each executor to shut down
[2025-06-03T03:48:08.683+0000] {spark_submit.py:644} INFO - 25/06/03 03:48:08 INFO MapOutputTrackerMasterEndpoint: MapOutputTrackerMasterEndpoint stopped!
[2025-06-03T03:48:08.693+0000] {spark_submit.py:644} INFO - 25/06/03 03:48:08 INFO MemoryStore: MemoryStore cleared
[2025-06-03T03:48:08.693+0000] {spark_submit.py:644} INFO - 25/06/03 03:48:08 INFO BlockManager: BlockManager stopped
[2025-06-03T03:48:08.695+0000] {spark_submit.py:644} INFO - 25/06/03 03:48:08 INFO BlockManagerMaster: BlockManagerMaster stopped
[2025-06-03T03:48:08.697+0000] {spark_submit.py:644} INFO - 25/06/03 03:48:08 INFO OutputCommitCoordinator$OutputCommitCoordinatorEndpoint: OutputCommitCoordinator stopped!
[2025-06-03T03:48:08.719+0000] {spark_submit.py:644} INFO - 25/06/03 03:48:08 INFO SparkContext: Successfully stopped SparkContext
[2025-06-03T03:48:08.786+0000] {spark_submit.py:644} INFO - Silver to Gold summary job completed.
[2025-06-03T03:48:08.820+0000] {spark_submit.py:644} INFO - 25/06/03 03:48:08 INFO ShutdownHookManager: Shutdown hook called
[2025-06-03T03:48:08.820+0000] {spark_submit.py:644} INFO - 25/06/03 03:48:08 INFO ShutdownHookManager: Deleting directory /tmp/spark-399dbb68-1e2a-422e-9781-e11857b3e60b
[2025-06-03T03:48:08.822+0000] {spark_submit.py:644} INFO - 25/06/03 03:48:08 INFO ShutdownHookManager: Deleting directory /tmp/spark-cf37d09e-c1c2-4781-8566-10d15c4e5499/pyspark-5981e473-16cc-42a2-8457-9adb5b341c98
[2025-06-03T03:48:08.824+0000] {spark_submit.py:644} INFO - 25/06/03 03:48:08 INFO ShutdownHookManager: Deleting directory /tmp/spark-cf37d09e-c1c2-4781-8566-10d15c4e5499
[2025-06-03T03:48:08.827+0000] {spark_submit.py:644} INFO - 25/06/03 03:48:08 INFO MetricsSystemImpl: Stopping s3a-file-system metrics system...
[2025-06-03T03:48:08.828+0000] {spark_submit.py:644} INFO - 25/06/03 03:48:08 INFO MetricsSystemImpl: s3a-file-system metrics system stopped.
[2025-06-03T03:48:08.828+0000] {spark_submit.py:644} INFO - 25/06/03 03:48:08 INFO MetricsSystemImpl: s3a-file-system metrics system shutdown complete.
[2025-06-03T03:48:08.875+0000] {taskinstance.py:340} INFO - ::group::Post task execution logs
[2025-06-03T03:48:08.876+0000] {taskinstance.py:352} INFO - Marking task as SUCCESS. dag_id=curry_medallion_etl, task_id=submit_silver_to_gold_job, run_id=manual__2025-06-03T03:47:29.326869+00:00, execution_date=20250603T034729, start_date=20250603T034756, end_date=20250603T034808
[2025-06-03T03:48:08.925+0000] {local_task_job_runner.py:266} INFO - Task exited with return code 0
[2025-06-03T03:48:08.936+0000] {taskinstance.py:3895} INFO - 0 downstream tasks scheduled from follow-on schedule check
[2025-06-03T03:48:08.937+0000] {local_task_job_runner.py:245} INFO - ::endgroup::
