[2025-06-01T08:25:48.315+0000] {local_task_job_runner.py:123} INFO - ::group::Pre task execution logs
[2025-06-01T08:25:48.325+0000] {taskinstance.py:2613} INFO - Dependencies all met for dep_context=non-requeueable deps ti=<TaskInstance: curry_medallion_etl.submit_bronze_etl_job manual__2025-06-01T08:25:47.040517+00:00 [queued]>
[2025-06-01T08:25:48.328+0000] {taskinstance.py:2613} INFO - Dependencies all met for dep_context=requeueable deps ti=<TaskInstance: curry_medallion_etl.submit_bronze_etl_job manual__2025-06-01T08:25:47.040517+00:00 [queued]>
[2025-06-01T08:25:48.328+0000] {taskinstance.py:2866} INFO - Starting attempt 1 of 1
[2025-06-01T08:25:48.333+0000] {taskinstance.py:2889} INFO - Executing <Task(SparkSubmitOperator): submit_bronze_etl_job> on 2025-06-01 08:25:47.040517+00:00
[2025-06-01T08:25:48.335+0000] {standard_task_runner.py:72} INFO - Started process 3032 to run task
[2025-06-01T08:25:48.338+0000] {standard_task_runner.py:104} INFO - Running: ['***', 'tasks', 'run', 'curry_medallion_etl', 'submit_bronze_etl_job', 'manual__2025-06-01T08:25:47.040517+00:00', '--job-id', '15', '--raw', '--subdir', 'DAGS_FOLDER/medallion_sales_etl_dag.py', '--cfg-path', '/tmp/tmp78xfgzy1']
[2025-06-01T08:25:48.339+0000] {standard_task_runner.py:105} INFO - Job 15: Subtask submit_bronze_etl_job
[2025-06-01T08:25:48.365+0000] {task_command.py:467} INFO - Running <TaskInstance: curry_medallion_etl.submit_bronze_etl_job manual__2025-06-01T08:25:47.040517+00:00 [running]> on host 5272c5e55b21
[2025-06-01T08:25:48.408+0000] {taskinstance.py:3132} INFO - Exporting env vars: AIRFLOW_CTX_DAG_OWNER='qdinh18' AIRFLOW_CTX_DAG_ID='curry_medallion_etl' AIRFLOW_CTX_TASK_ID='submit_bronze_etl_job' AIRFLOW_CTX_EXECUTION_DATE='2025-06-01T08:25:47.040517+00:00' AIRFLOW_CTX_TRY_NUMBER='1' AIRFLOW_CTX_DAG_RUN_ID='manual__2025-06-01T08:25:47.040517+00:00'
[2025-06-01T08:25:48.408+0000] {taskinstance.py:731} INFO - ::endgroup::
[2025-06-01T08:25:48.423+0000] {base.py:84} INFO - Retrieving connection 'spark_default'
[2025-06-01T08:25:48.424+0000] {spark_submit.py:474} INFO - Spark-Submit cmd: spark-submit --master spark://spark-master:7077 --conf spark.executor.memory=2g --conf spark.sql.extensions=io.delta.sql.DeltaSparkSessionExtension --conf spark.sql.catalog.spark_catalog=org.apache.spark.sql.delta.catalog.DeltaCatalog --conf spark.hadoop.fs.s3a.endpoint=http://minio:9000 --conf spark.hadoop.fs.s3a.access.key=minioadmin --conf spark.hadoop.fs.s3a.secret.key=****** --conf spark.hadoop.fs.s3a.path.style.access=true --conf spark.hadoop.fs.s3a.impl=org.apache.hadoop.fs.s3a.S3AFileSystem --packages org.apache.hadoop:hadoop-aws:3.3.4,com.amazonaws:aws-java-sdk-bundle:1.12.262,io.delta:delta-spark_2.12:3.1.0 --name bronze_sc_stats_etl --verbose --queue root.default --deploy-mode client /opt/***/dags/bronze_ingestion_sc_stats_etl.py --output_path s3a://mybucket/bronze/curry_raw_data/
[2025-06-01T08:25:49.022+0000] {spark_submit.py:644} INFO - Using properties file: null
[2025-06-01T08:25:49.091+0000] {spark_submit.py:644} INFO - Parsed arguments:
[2025-06-01T08:25:49.092+0000] {spark_submit.py:644} INFO - master                  spark://spark-master:7077
[2025-06-01T08:25:49.092+0000] {spark_submit.py:644} INFO - remote                  null
[2025-06-01T08:25:49.092+0000] {spark_submit.py:644} INFO - deployMode              client
[2025-06-01T08:25:49.092+0000] {spark_submit.py:644} INFO - executorMemory          2g
[2025-06-01T08:25:49.093+0000] {spark_submit.py:644} INFO - executorCores           null
[2025-06-01T08:25:49.093+0000] {spark_submit.py:644} INFO - totalExecutorCores      null
[2025-06-01T08:25:49.093+0000] {spark_submit.py:644} INFO - propertiesFile          null
[2025-06-01T08:25:49.094+0000] {spark_submit.py:644} INFO - driverMemory            null
[2025-06-01T08:25:49.094+0000] {spark_submit.py:644} INFO - driverCores             null
[2025-06-01T08:25:49.094+0000] {spark_submit.py:644} INFO - driverExtraClassPath    null
[2025-06-01T08:25:49.094+0000] {spark_submit.py:644} INFO - driverExtraLibraryPath  null
[2025-06-01T08:25:49.094+0000] {spark_submit.py:644} INFO - driverExtraJavaOptions  null
[2025-06-01T08:25:49.094+0000] {spark_submit.py:644} INFO - supervise               false
[2025-06-01T08:25:49.094+0000] {spark_submit.py:644} INFO - queue                   root.default
[2025-06-01T08:25:49.095+0000] {spark_submit.py:644} INFO - numExecutors            null
[2025-06-01T08:25:49.095+0000] {spark_submit.py:644} INFO - files                   null
[2025-06-01T08:25:49.095+0000] {spark_submit.py:644} INFO - pyFiles                 null
[2025-06-01T08:25:49.095+0000] {spark_submit.py:644} INFO - archives                null
[2025-06-01T08:25:49.095+0000] {spark_submit.py:644} INFO - mainClass               null
[2025-06-01T08:25:49.095+0000] {spark_submit.py:644} INFO - primaryResource         file:/opt/***/dags/bronze_ingestion_sc_stats_etl.py
[2025-06-01T08:25:49.095+0000] {spark_submit.py:644} INFO - name                    bronze_sc_stats_etl
[2025-06-01T08:25:49.095+0000] {spark_submit.py:644} INFO - childArgs               [--output_path s3a://mybucket/bronze/curry_raw_data/]
[2025-06-01T08:25:49.095+0000] {spark_submit.py:644} INFO - jars                    null
[2025-06-01T08:25:49.095+0000] {spark_submit.py:644} INFO - packages                org.apache.hadoop:hadoop-aws:3.3.4,com.amazonaws:aws-java-sdk-bundle:1.12.262,io.delta:delta-spark_2.12:3.1.0
[2025-06-01T08:25:49.096+0000] {spark_submit.py:644} INFO - packagesExclusions      null
[2025-06-01T08:25:49.096+0000] {spark_submit.py:644} INFO - repositories            null
[2025-06-01T08:25:49.096+0000] {spark_submit.py:644} INFO - verbose                 true
[2025-06-01T08:25:49.096+0000] {spark_submit.py:644} INFO - 
[2025-06-01T08:25:49.096+0000] {spark_submit.py:644} INFO - Spark properties used, including those specified through
[2025-06-01T08:25:49.096+0000] {spark_submit.py:644} INFO - --conf and those from the properties file null:
[2025-06-01T08:25:49.096+0000] {spark_submit.py:644} INFO - (spark.executor.memory,2g)
[2025-06-01T08:25:49.096+0000] {spark_submit.py:644} INFO - (spark.hadoop.fs.s3a.access.key,*********(redacted))
[2025-06-01T08:25:49.097+0000] {spark_submit.py:644} INFO - (spark.hadoop.fs.s3a.endpoint,http://minio:9000)
[2025-06-01T08:25:49.097+0000] {spark_submit.py:644} INFO - (spark.hadoop.fs.s3a.impl,org.apache.hadoop.fs.s3a.S3AFileSystem)
[2025-06-01T08:25:49.097+0000] {spark_submit.py:644} INFO - (spark.hadoop.fs.s3a.path.style.access,true)
[2025-06-01T08:25:49.097+0000] {spark_submit.py:644} INFO - (spark.hadoop.fs.s3a.secret.key,*********(redacted))
[2025-06-01T08:25:49.097+0000] {spark_submit.py:644} INFO - (spark.sql.catalog.spark_catalog,org.apache.spark.sql.delta.catalog.DeltaCatalog)
[2025-06-01T08:25:49.098+0000] {spark_submit.py:644} INFO - (spark.sql.extensions,io.delta.sql.DeltaSparkSessionExtension)
[2025-06-01T08:25:49.098+0000] {spark_submit.py:644} INFO - 
[2025-06-01T08:25:49.098+0000] {spark_submit.py:644} INFO - 
[2025-06-01T08:25:49.162+0000] {spark_submit.py:644} INFO - :: loading settings :: url = jar:file:/home/***/.local/lib/python3.11/site-packages/pyspark/jars/ivy-2.5.1.jar!/org/apache/ivy/core/settings/ivysettings.xml
[2025-06-01T08:25:49.198+0000] {spark_submit.py:644} INFO - Ivy Default Cache set to: /home/***/.ivy2/cache
[2025-06-01T08:25:49.198+0000] {spark_submit.py:644} INFO - The jars for the packages stored in: /home/***/.ivy2/jars
[2025-06-01T08:25:49.200+0000] {spark_submit.py:644} INFO - org.apache.hadoop#hadoop-aws added as a dependency
[2025-06-01T08:25:49.200+0000] {spark_submit.py:644} INFO - com.amazonaws#aws-java-sdk-bundle added as a dependency
[2025-06-01T08:25:49.200+0000] {spark_submit.py:644} INFO - io.delta#delta-spark_2.12 added as a dependency
[2025-06-01T08:25:49.201+0000] {spark_submit.py:644} INFO - :: resolving dependencies :: org.apache.spark#spark-submit-parent-8a698eb9-b183-45c7-83fc-4a62a444488a;1.0
[2025-06-01T08:25:49.201+0000] {spark_submit.py:644} INFO - confs: [default]
[2025-06-01T08:25:49.284+0000] {spark_submit.py:644} INFO - found org.apache.hadoop#hadoop-aws;3.3.4 in central
[2025-06-01T08:25:49.297+0000] {spark_submit.py:644} INFO - found com.amazonaws#aws-java-sdk-bundle;1.12.262 in central
[2025-06-01T08:25:49.310+0000] {spark_submit.py:644} INFO - found org.wildfly.openssl#wildfly-openssl;1.0.7.Final in central
[2025-06-01T08:25:49.320+0000] {spark_submit.py:644} INFO - found io.delta#delta-spark_2.12;3.1.0 in central
[2025-06-01T08:25:49.329+0000] {spark_submit.py:644} INFO - found io.delta#delta-storage;3.1.0 in central
[2025-06-01T08:25:49.336+0000] {spark_submit.py:644} INFO - found org.antlr#antlr4-runtime;4.9.3 in central
[2025-06-01T08:25:49.354+0000] {spark_submit.py:644} INFO - :: resolution report :: resolve 145ms :: artifacts dl 8ms
[2025-06-01T08:25:49.354+0000] {spark_submit.py:644} INFO - :: modules in use:
[2025-06-01T08:25:49.355+0000] {spark_submit.py:644} INFO - com.amazonaws#aws-java-sdk-bundle;1.12.262 from central in [default]
[2025-06-01T08:25:49.355+0000] {spark_submit.py:644} INFO - io.delta#delta-spark_2.12;3.1.0 from central in [default]
[2025-06-01T08:25:49.355+0000] {spark_submit.py:644} INFO - io.delta#delta-storage;3.1.0 from central in [default]
[2025-06-01T08:25:49.355+0000] {spark_submit.py:644} INFO - org.antlr#antlr4-runtime;4.9.3 from central in [default]
[2025-06-01T08:25:49.355+0000] {spark_submit.py:644} INFO - org.apache.hadoop#hadoop-aws;3.3.4 from central in [default]
[2025-06-01T08:25:49.355+0000] {spark_submit.py:644} INFO - org.wildfly.openssl#wildfly-openssl;1.0.7.Final from central in [default]
[2025-06-01T08:25:49.356+0000] {spark_submit.py:644} INFO - ---------------------------------------------------------------------
[2025-06-01T08:25:49.356+0000] {spark_submit.py:644} INFO - |                  |            modules            ||   artifacts   |
[2025-06-01T08:25:49.356+0000] {spark_submit.py:644} INFO - |       conf       | number| search|dwnlded|evicted|| number|dwnlded|
[2025-06-01T08:25:49.356+0000] {spark_submit.py:644} INFO - ---------------------------------------------------------------------
[2025-06-01T08:25:49.357+0000] {spark_submit.py:644} INFO - |      default     |   6   |   0   |   0   |   0   ||   6   |   0   |
[2025-06-01T08:25:49.357+0000] {spark_submit.py:644} INFO - ---------------------------------------------------------------------
[2025-06-01T08:25:49.357+0000] {spark_submit.py:644} INFO - :: retrieving :: org.apache.spark#spark-submit-parent-8a698eb9-b183-45c7-83fc-4a62a444488a
[2025-06-01T08:25:49.357+0000] {spark_submit.py:644} INFO - confs: [default]
[2025-06-01T08:25:49.361+0000] {spark_submit.py:644} INFO - 0 artifacts copied, 6 already retrieved (0kB/3ms)
[2025-06-01T08:25:49.455+0000] {spark_submit.py:644} INFO - 25/06/01 08:25:49 WARN NativeCodeLoader: Unable to load native-hadoop library for your platform... using builtin-java classes where applicable
[2025-06-01T08:25:49.545+0000] {spark_submit.py:644} INFO - Main class:
[2025-06-01T08:25:49.546+0000] {spark_submit.py:644} INFO - org.apache.spark.deploy.PythonRunner
[2025-06-01T08:25:49.546+0000] {spark_submit.py:644} INFO - Arguments:
[2025-06-01T08:25:49.546+0000] {spark_submit.py:644} INFO - file:/opt/***/dags/bronze_ingestion_sc_stats_etl.py
[2025-06-01T08:25:49.546+0000] {spark_submit.py:644} INFO - file:///home/***/.ivy2/jars/org.apache.hadoop_hadoop-aws-3.3.4.jar,file:///home/***/.ivy2/jars/com.amazonaws_aws-java-sdk-bundle-1.12.262.jar,file:///home/***/.ivy2/jars/io.delta_delta-spark_2.12-3.1.0.jar,file:///home/***/.ivy2/jars/org.wildfly.openssl_wildfly-openssl-1.0.7.Final.jar,file:///home/***/.ivy2/jars/io.delta_delta-storage-3.1.0.jar,file:///home/***/.ivy2/jars/org.antlr_antlr4-runtime-4.9.3.jar
[2025-06-01T08:25:49.547+0000] {spark_submit.py:644} INFO - --output_path
[2025-06-01T08:25:49.547+0000] {spark_submit.py:644} INFO - s3a://mybucket/bronze/curry_raw_data/
[2025-06-01T08:25:49.547+0000] {spark_submit.py:644} INFO - Spark config:
[2025-06-01T08:25:49.547+0000] {spark_submit.py:644} INFO - (spark.app.name,bronze_sc_stats_etl)
[2025-06-01T08:25:49.548+0000] {spark_submit.py:644} INFO - (spark.app.submitTime,1748766349536)
[2025-06-01T08:25:49.548+0000] {spark_submit.py:644} INFO - (spark.executor.memory,2g)
[2025-06-01T08:25:49.548+0000] {spark_submit.py:644} INFO - (spark.files,file:///home/***/.ivy2/jars/org.apache.hadoop_hadoop-aws-3.3.4.jar,file:///home/***/.ivy2/jars/com.amazonaws_aws-java-sdk-bundle-1.12.262.jar,file:///home/***/.ivy2/jars/io.delta_delta-spark_2.12-3.1.0.jar,file:///home/***/.ivy2/jars/org.wildfly.openssl_wildfly-openssl-1.0.7.Final.jar,file:///home/***/.ivy2/jars/io.delta_delta-storage-3.1.0.jar,file:///home/***/.ivy2/jars/org.antlr_antlr4-runtime-4.9.3.jar)
[2025-06-01T08:25:49.548+0000] {spark_submit.py:644} INFO - (spark.hadoop.fs.s3a.access.key,*********(redacted))
[2025-06-01T08:25:49.548+0000] {spark_submit.py:644} INFO - (spark.hadoop.fs.s3a.endpoint,http://minio:9000)
[2025-06-01T08:25:49.548+0000] {spark_submit.py:644} INFO - (spark.hadoop.fs.s3a.impl,org.apache.hadoop.fs.s3a.S3AFileSystem)
[2025-06-01T08:25:49.549+0000] {spark_submit.py:644} INFO - (spark.hadoop.fs.s3a.path.style.access,true)
[2025-06-01T08:25:49.549+0000] {spark_submit.py:644} INFO - (spark.hadoop.fs.s3a.secret.key,*********(redacted))
[2025-06-01T08:25:49.549+0000] {spark_submit.py:644} INFO - (spark.jars,file:///home/***/.ivy2/jars/org.apache.hadoop_hadoop-aws-3.3.4.jar,file:///home/***/.ivy2/jars/com.amazonaws_aws-java-sdk-bundle-1.12.262.jar,file:///home/***/.ivy2/jars/io.delta_delta-spark_2.12-3.1.0.jar,file:///home/***/.ivy2/jars/org.wildfly.openssl_wildfly-openssl-1.0.7.Final.jar,file:///home/***/.ivy2/jars/io.delta_delta-storage-3.1.0.jar,file:///home/***/.ivy2/jars/org.antlr_antlr4-runtime-4.9.3.jar)
[2025-06-01T08:25:49.549+0000] {spark_submit.py:644} INFO - (spark.master,spark://spark-master:7077)
[2025-06-01T08:25:49.550+0000] {spark_submit.py:644} INFO - (spark.repl.local.jars,file:///home/***/.ivy2/jars/org.apache.hadoop_hadoop-aws-3.3.4.jar,file:///home/***/.ivy2/jars/com.amazonaws_aws-java-sdk-bundle-1.12.262.jar,file:///home/***/.ivy2/jars/io.delta_delta-spark_2.12-3.1.0.jar,file:///home/***/.ivy2/jars/org.wildfly.openssl_wildfly-openssl-1.0.7.Final.jar,file:///home/***/.ivy2/jars/io.delta_delta-storage-3.1.0.jar,file:///home/***/.ivy2/jars/org.antlr_antlr4-runtime-4.9.3.jar)
[2025-06-01T08:25:49.550+0000] {spark_submit.py:644} INFO - (spark.sql.catalog.spark_catalog,org.apache.spark.sql.delta.catalog.DeltaCatalog)
[2025-06-01T08:25:49.550+0000] {spark_submit.py:644} INFO - (spark.sql.extensions,io.delta.sql.DeltaSparkSessionExtension)
[2025-06-01T08:25:49.550+0000] {spark_submit.py:644} INFO - (spark.submit.deployMode,client)
[2025-06-01T08:25:49.550+0000] {spark_submit.py:644} INFO - (spark.submit.pyFiles,/home/***/.ivy2/jars/org.apache.hadoop_hadoop-aws-3.3.4.jar,/home/***/.ivy2/jars/com.amazonaws_aws-java-sdk-bundle-1.12.262.jar,/home/***/.ivy2/jars/io.delta_delta-spark_2.12-3.1.0.jar,/home/***/.ivy2/jars/org.wildfly.openssl_wildfly-openssl-1.0.7.Final.jar,/home/***/.ivy2/jars/io.delta_delta-storage-3.1.0.jar,/home/***/.ivy2/jars/org.antlr_antlr4-runtime-4.9.3.jar)
[2025-06-01T08:25:49.550+0000] {spark_submit.py:644} INFO - Classpath elements:
[2025-06-01T08:25:49.551+0000] {spark_submit.py:644} INFO - file:///home/***/.ivy2/jars/org.apache.hadoop_hadoop-aws-3.3.4.jar
[2025-06-01T08:25:49.551+0000] {spark_submit.py:644} INFO - file:///home/***/.ivy2/jars/com.amazonaws_aws-java-sdk-bundle-1.12.262.jar
[2025-06-01T08:25:49.551+0000] {spark_submit.py:644} INFO - file:///home/***/.ivy2/jars/io.delta_delta-spark_2.12-3.1.0.jar
[2025-06-01T08:25:49.551+0000] {spark_submit.py:644} INFO - file:///home/***/.ivy2/jars/org.wildfly.openssl_wildfly-openssl-1.0.7.Final.jar
[2025-06-01T08:25:49.551+0000] {spark_submit.py:644} INFO - file:///home/***/.ivy2/jars/io.delta_delta-storage-3.1.0.jar
[2025-06-01T08:25:49.551+0000] {spark_submit.py:644} INFO - file:///home/***/.ivy2/jars/org.antlr_antlr4-runtime-4.9.3.jar
[2025-06-01T08:25:49.551+0000] {spark_submit.py:644} INFO - 
[2025-06-01T08:25:49.551+0000] {spark_submit.py:644} INFO - 
[2025-06-01T08:25:50.141+0000] {spark_submit.py:644} INFO - 25/06/01 08:25:50 INFO SparkContext: Running Spark version 3.5.2
[2025-06-01T08:25:50.141+0000] {spark_submit.py:644} INFO - 25/06/01 08:25:50 INFO SparkContext: OS info Linux, 6.10.14-linuxkit, aarch64
[2025-06-01T08:25:50.141+0000] {spark_submit.py:644} INFO - 25/06/01 08:25:50 INFO SparkContext: Java version 17.0.15
[2025-06-01T08:25:50.156+0000] {spark_submit.py:644} INFO - 25/06/01 08:25:50 INFO ResourceUtils: ==============================================================
[2025-06-01T08:25:50.156+0000] {spark_submit.py:644} INFO - 25/06/01 08:25:50 INFO ResourceUtils: No custom resources configured for spark.driver.
[2025-06-01T08:25:50.157+0000] {spark_submit.py:644} INFO - 25/06/01 08:25:50 INFO ResourceUtils: ==============================================================
[2025-06-01T08:25:50.157+0000] {spark_submit.py:644} INFO - 25/06/01 08:25:50 INFO SparkContext: Submitted application: BronzeIngestionStephenCurryStats
[2025-06-01T08:25:50.169+0000] {spark_submit.py:644} INFO - 25/06/01 08:25:50 INFO ResourceProfile: Default ResourceProfile created, executor resources: Map(memory -> name: memory, amount: 2048, script: , vendor: , offHeap -> name: offHeap, amount: 0, script: , vendor: ), task resources: Map(cpus -> name: cpus, amount: 1.0)
[2025-06-01T08:25:50.174+0000] {spark_submit.py:644} INFO - 25/06/01 08:25:50 INFO ResourceProfile: Limiting resource is cpu
[2025-06-01T08:25:50.174+0000] {spark_submit.py:644} INFO - 25/06/01 08:25:50 INFO ResourceProfileManager: Added ResourceProfile id: 0
[2025-06-01T08:25:50.204+0000] {spark_submit.py:644} INFO - 25/06/01 08:25:50 INFO SecurityManager: Changing view acls to: ***
[2025-06-01T08:25:50.205+0000] {spark_submit.py:644} INFO - 25/06/01 08:25:50 INFO SecurityManager: Changing modify acls to: ***
[2025-06-01T08:25:50.205+0000] {spark_submit.py:644} INFO - 25/06/01 08:25:50 INFO SecurityManager: Changing view acls groups to:
[2025-06-01T08:25:50.205+0000] {spark_submit.py:644} INFO - 25/06/01 08:25:50 INFO SecurityManager: Changing modify acls groups to:
[2025-06-01T08:25:50.206+0000] {spark_submit.py:644} INFO - 25/06/01 08:25:50 INFO SecurityManager: SecurityManager: authentication disabled; ui acls disabled; users with view permissions: ***; groups with view permissions: EMPTY; users with modify permissions: ***; groups with modify permissions: EMPTY
[2025-06-01T08:25:50.319+0000] {spark_submit.py:644} INFO - 25/06/01 08:25:50 INFO Utils: Successfully started service 'sparkDriver' on port 35935.
[2025-06-01T08:25:50.340+0000] {spark_submit.py:644} INFO - 25/06/01 08:25:50 INFO SparkEnv: Registering MapOutputTracker
[2025-06-01T08:25:50.366+0000] {spark_submit.py:644} INFO - 25/06/01 08:25:50 INFO SparkEnv: Registering BlockManagerMaster
[2025-06-01T08:25:50.375+0000] {spark_submit.py:644} INFO - 25/06/01 08:25:50 INFO BlockManagerMasterEndpoint: Using org.apache.spark.storage.DefaultTopologyMapper for getting topology information
[2025-06-01T08:25:50.375+0000] {spark_submit.py:644} INFO - 25/06/01 08:25:50 INFO BlockManagerMasterEndpoint: BlockManagerMasterEndpoint up
[2025-06-01T08:25:50.377+0000] {spark_submit.py:644} INFO - 25/06/01 08:25:50 INFO SparkEnv: Registering BlockManagerMasterHeartbeat
[2025-06-01T08:25:50.389+0000] {spark_submit.py:644} INFO - 25/06/01 08:25:50 INFO DiskBlockManager: Created local directory at /tmp/blockmgr-f29f1bf6-7d72-4c72-b094-772a2ff71d83
[2025-06-01T08:25:50.396+0000] {spark_submit.py:644} INFO - 25/06/01 08:25:50 INFO MemoryStore: MemoryStore started with capacity 434.4 MiB
[2025-06-01T08:25:50.405+0000] {spark_submit.py:644} INFO - 25/06/01 08:25:50 INFO SparkEnv: Registering OutputCommitCoordinator
[2025-06-01T08:25:50.467+0000] {spark_submit.py:644} INFO - 25/06/01 08:25:50 INFO JettyUtils: Start Jetty 0.0.0.0:4040 for SparkUI
[2025-06-01T08:25:50.500+0000] {spark_submit.py:644} INFO - 25/06/01 08:25:50 INFO Utils: Successfully started service 'SparkUI' on port 4040.
[2025-06-01T08:25:50.522+0000] {spark_submit.py:644} INFO - 25/06/01 08:25:50 INFO SparkContext: Added JAR file:///home/***/.ivy2/jars/org.apache.hadoop_hadoop-aws-3.3.4.jar at spark://5272c5e55b21:35935/jars/org.apache.hadoop_hadoop-aws-3.3.4.jar with timestamp 1748766350137
[2025-06-01T08:25:50.522+0000] {spark_submit.py:644} INFO - 25/06/01 08:25:50 INFO SparkContext: Added JAR file:///home/***/.ivy2/jars/com.amazonaws_aws-java-sdk-bundle-1.12.262.jar at spark://5272c5e55b21:35935/jars/com.amazonaws_aws-java-sdk-bundle-1.12.262.jar with timestamp 1748766350137
[2025-06-01T08:25:50.523+0000] {spark_submit.py:644} INFO - 25/06/01 08:25:50 INFO SparkContext: Added JAR file:///home/***/.ivy2/jars/io.delta_delta-spark_2.12-3.1.0.jar at spark://5272c5e55b21:35935/jars/io.delta_delta-spark_2.12-3.1.0.jar with timestamp 1748766350137
[2025-06-01T08:25:50.523+0000] {spark_submit.py:644} INFO - 25/06/01 08:25:50 INFO SparkContext: Added JAR file:///home/***/.ivy2/jars/org.wildfly.openssl_wildfly-openssl-1.0.7.Final.jar at spark://5272c5e55b21:35935/jars/org.wildfly.openssl_wildfly-openssl-1.0.7.Final.jar with timestamp 1748766350137
[2025-06-01T08:25:50.523+0000] {spark_submit.py:644} INFO - 25/06/01 08:25:50 INFO SparkContext: Added JAR file:///home/***/.ivy2/jars/io.delta_delta-storage-3.1.0.jar at spark://5272c5e55b21:35935/jars/io.delta_delta-storage-3.1.0.jar with timestamp 1748766350137
[2025-06-01T08:25:50.523+0000] {spark_submit.py:644} INFO - 25/06/01 08:25:50 INFO SparkContext: Added JAR file:///home/***/.ivy2/jars/org.antlr_antlr4-runtime-4.9.3.jar at spark://5272c5e55b21:35935/jars/org.antlr_antlr4-runtime-4.9.3.jar with timestamp 1748766350137
[2025-06-01T08:25:50.524+0000] {spark_submit.py:644} INFO - 25/06/01 08:25:50 INFO SparkContext: Added file file:///home/***/.ivy2/jars/org.apache.hadoop_hadoop-aws-3.3.4.jar at spark://5272c5e55b21:35935/files/org.apache.hadoop_hadoop-aws-3.3.4.jar with timestamp 1748766350137
[2025-06-01T08:25:50.525+0000] {spark_submit.py:644} INFO - 25/06/01 08:25:50 INFO Utils: Copying /home/***/.ivy2/jars/org.apache.hadoop_hadoop-aws-3.3.4.jar to /tmp/spark-6ecfa6fb-7f97-479d-b984-17b818c0d4d2/userFiles-bcfbc606-f20d-4e82-9f3e-b76d32b32a67/org.apache.hadoop_hadoop-aws-3.3.4.jar
[2025-06-01T08:25:50.530+0000] {spark_submit.py:644} INFO - 25/06/01 08:25:50 INFO SparkContext: Added file file:///home/***/.ivy2/jars/com.amazonaws_aws-java-sdk-bundle-1.12.262.jar at spark://5272c5e55b21:35935/files/com.amazonaws_aws-java-sdk-bundle-1.12.262.jar with timestamp 1748766350137
[2025-06-01T08:25:50.531+0000] {spark_submit.py:644} INFO - 25/06/01 08:25:50 INFO Utils: Copying /home/***/.ivy2/jars/com.amazonaws_aws-java-sdk-bundle-1.12.262.jar to /tmp/spark-6ecfa6fb-7f97-479d-b984-17b818c0d4d2/userFiles-bcfbc606-f20d-4e82-9f3e-b76d32b32a67/com.amazonaws_aws-java-sdk-bundle-1.12.262.jar
[2025-06-01T08:25:50.698+0000] {spark_submit.py:644} INFO - 25/06/01 08:25:50 INFO SparkContext: Added file file:///home/***/.ivy2/jars/io.delta_delta-spark_2.12-3.1.0.jar at spark://5272c5e55b21:35935/files/io.delta_delta-spark_2.12-3.1.0.jar with timestamp 1748766350137
[2025-06-01T08:25:50.699+0000] {spark_submit.py:644} INFO - 25/06/01 08:25:50 INFO Utils: Copying /home/***/.ivy2/jars/io.delta_delta-spark_2.12-3.1.0.jar to /tmp/spark-6ecfa6fb-7f97-479d-b984-17b818c0d4d2/userFiles-bcfbc606-f20d-4e82-9f3e-b76d32b32a67/io.delta_delta-spark_2.12-3.1.0.jar
[2025-06-01T08:25:50.711+0000] {spark_submit.py:644} INFO - 25/06/01 08:25:50 INFO SparkContext: Added file file:///home/***/.ivy2/jars/org.wildfly.openssl_wildfly-openssl-1.0.7.Final.jar at spark://5272c5e55b21:35935/files/org.wildfly.openssl_wildfly-openssl-1.0.7.Final.jar with timestamp 1748766350137
[2025-06-01T08:25:50.712+0000] {spark_submit.py:644} INFO - 25/06/01 08:25:50 INFO Utils: Copying /home/***/.ivy2/jars/org.wildfly.openssl_wildfly-openssl-1.0.7.Final.jar to /tmp/spark-6ecfa6fb-7f97-479d-b984-17b818c0d4d2/userFiles-bcfbc606-f20d-4e82-9f3e-b76d32b32a67/org.wildfly.openssl_wildfly-openssl-1.0.7.Final.jar
[2025-06-01T08:25:50.714+0000] {spark_submit.py:644} INFO - 25/06/01 08:25:50 INFO SparkContext: Added file file:///home/***/.ivy2/jars/io.delta_delta-storage-3.1.0.jar at spark://5272c5e55b21:35935/files/io.delta_delta-storage-3.1.0.jar with timestamp 1748766350137
[2025-06-01T08:25:50.715+0000] {spark_submit.py:644} INFO - 25/06/01 08:25:50 INFO Utils: Copying /home/***/.ivy2/jars/io.delta_delta-storage-3.1.0.jar to /tmp/spark-6ecfa6fb-7f97-479d-b984-17b818c0d4d2/userFiles-bcfbc606-f20d-4e82-9f3e-b76d32b32a67/io.delta_delta-storage-3.1.0.jar
[2025-06-01T08:25:50.716+0000] {spark_submit.py:644} INFO - 25/06/01 08:25:50 INFO SparkContext: Added file file:///home/***/.ivy2/jars/org.antlr_antlr4-runtime-4.9.3.jar at spark://5272c5e55b21:35935/files/org.antlr_antlr4-runtime-4.9.3.jar with timestamp 1748766350137
[2025-06-01T08:25:50.717+0000] {spark_submit.py:644} INFO - 25/06/01 08:25:50 INFO Utils: Copying /home/***/.ivy2/jars/org.antlr_antlr4-runtime-4.9.3.jar to /tmp/spark-6ecfa6fb-7f97-479d-b984-17b818c0d4d2/userFiles-bcfbc606-f20d-4e82-9f3e-b76d32b32a67/org.antlr_antlr4-runtime-4.9.3.jar
[2025-06-01T08:25:50.759+0000] {spark_submit.py:644} INFO - 25/06/01 08:25:50 INFO StandaloneAppClient$ClientEndpoint: Connecting to master spark://spark-master:7077...
[2025-06-01T08:25:50.783+0000] {spark_submit.py:644} INFO - 25/06/01 08:25:50 INFO TransportClientFactory: Successfully created connection to spark-master/172.18.0.4:7077 after 11 ms (0 ms spent in bootstraps)
[2025-06-01T08:25:50.829+0000] {spark_submit.py:644} INFO - 25/06/01 08:25:50 INFO StandaloneSchedulerBackend: Connected to Spark cluster with app ID app-20250601082550-0006
[2025-06-01T08:25:50.830+0000] {spark_submit.py:644} INFO - 25/06/01 08:25:50 INFO StandaloneAppClient$ClientEndpoint: Executor added: app-20250601082550-0006/0 on worker-20250601063458-172.18.0.5-39037 (172.18.0.5:39037) with 4 core(s)
[2025-06-01T08:25:50.831+0000] {spark_submit.py:644} INFO - 25/06/01 08:25:50 INFO StandaloneSchedulerBackend: Granted executor ID app-20250601082550-0006/0 on hostPort 172.18.0.5:39037 with 4 core(s), 2.0 GiB RAM
[2025-06-01T08:25:50.834+0000] {spark_submit.py:644} INFO - 25/06/01 08:25:50 INFO Utils: Successfully started service 'org.apache.spark.network.netty.NettyBlockTransferService' on port 34855.
[2025-06-01T08:25:50.835+0000] {spark_submit.py:644} INFO - 25/06/01 08:25:50 INFO NettyBlockTransferService: Server created on 5272c5e55b21:34855
[2025-06-01T08:25:50.836+0000] {spark_submit.py:644} INFO - 25/06/01 08:25:50 INFO BlockManager: Using org.apache.spark.storage.RandomBlockReplicationPolicy for block replication policy
[2025-06-01T08:25:50.839+0000] {spark_submit.py:644} INFO - 25/06/01 08:25:50 INFO BlockManagerMaster: Registering BlockManager BlockManagerId(driver, 5272c5e55b21, 34855, None)
[2025-06-01T08:25:50.841+0000] {spark_submit.py:644} INFO - 25/06/01 08:25:50 INFO BlockManagerMasterEndpoint: Registering block manager 5272c5e55b21:34855 with 434.4 MiB RAM, BlockManagerId(driver, 5272c5e55b21, 34855, None)
[2025-06-01T08:25:50.842+0000] {spark_submit.py:644} INFO - 25/06/01 08:25:50 INFO BlockManagerMaster: Registered BlockManager BlockManagerId(driver, 5272c5e55b21, 34855, None)
[2025-06-01T08:25:50.843+0000] {spark_submit.py:644} INFO - 25/06/01 08:25:50 INFO BlockManager: Initialized BlockManager: BlockManagerId(driver, 5272c5e55b21, 34855, None)
[2025-06-01T08:25:50.868+0000] {spark_submit.py:644} INFO - 25/06/01 08:25:50 INFO StandaloneAppClient$ClientEndpoint: Executor updated: app-20250601082550-0006/0 is now RUNNING
[2025-06-01T08:25:50.963+0000] {spark_submit.py:644} INFO - 25/06/01 08:25:50 INFO StandaloneSchedulerBackend: SchedulerBackend is ready for scheduling beginning after reached minRegisteredResourcesRatio: 0.0
[2025-06-01T08:25:51.101+0000] {spark_submit.py:644} INFO - Bronze Ingestion: Spark session created.
[2025-06-01T08:25:51.106+0000] {spark_submit.py:644} INFO - 25/06/01 08:25:51 INFO SharedState: Setting hive.metastore.warehouse.dir ('null') to the value of spark.sql.warehouse.dir.
[2025-06-01T08:25:51.107+0000] {spark_submit.py:644} INFO - 25/06/01 08:25:51 INFO SharedState: Warehouse path is 'file:/opt/***/spark-warehouse'.
[2025-06-01T08:25:51.747+0000] {spark_submit.py:644} INFO - Error loading parquet file: [PATH_NOT_FOUND] Path does not exist: file:/Users/dinhvietquyen1803/Data_Engineering/dqops_lakehouse/data/Stephen Curry Stats.parquet.
[2025-06-01T08:25:51.748+0000] {spark_submit.py:644} INFO - 25/06/01 08:25:51 INFO SparkContext: SparkContext is stopping with exitCode 0.
[2025-06-01T08:25:51.753+0000] {spark_submit.py:644} INFO - 25/06/01 08:25:51 INFO SparkUI: Stopped Spark web UI at http://5272c5e55b21:4040
[2025-06-01T08:25:51.755+0000] {spark_submit.py:644} INFO - 25/06/01 08:25:51 INFO StandaloneSchedulerBackend: Shutting down all executors
[2025-06-01T08:25:51.758+0000] {spark_submit.py:644} INFO - 25/06/01 08:25:51 INFO StandaloneSchedulerBackend$StandaloneDriverEndpoint: Asking each executor to shut down
[2025-06-01T08:25:51.773+0000] {spark_submit.py:644} INFO - 25/06/01 08:25:51 INFO MapOutputTrackerMasterEndpoint: MapOutputTrackerMasterEndpoint stopped!
[2025-06-01T08:25:51.780+0000] {spark_submit.py:644} INFO - 25/06/01 08:25:51 INFO MemoryStore: MemoryStore cleared
[2025-06-01T08:25:51.781+0000] {spark_submit.py:644} INFO - 25/06/01 08:25:51 INFO BlockManager: BlockManager stopped
[2025-06-01T08:25:51.784+0000] {spark_submit.py:644} INFO - 25/06/01 08:25:51 INFO BlockManagerMaster: BlockManagerMaster stopped
[2025-06-01T08:25:51.785+0000] {spark_submit.py:644} INFO - 25/06/01 08:25:51 INFO OutputCommitCoordinator$OutputCommitCoordinatorEndpoint: OutputCommitCoordinator stopped!
[2025-06-01T08:25:51.811+0000] {spark_submit.py:644} INFO - 25/06/01 08:25:51 INFO SparkContext: Successfully stopped SparkContext
[2025-06-01T08:25:51.982+0000] {spark_submit.py:644} INFO - Traceback (most recent call last):
[2025-06-01T08:25:51.983+0000] {spark_submit.py:644} INFO - File "/opt/***/dags/bronze_ingestion_sc_stats_etl.py", line 77, in <module>
[2025-06-01T08:25:51.983+0000] {spark_submit.py:644} INFO - main(args.output_path)
[2025-06-01T08:25:51.983+0000] {spark_submit.py:644} INFO - File "/opt/***/dags/bronze_ingestion_sc_stats_etl.py", line 51, in main
[2025-06-01T08:25:51.984+0000] {spark_submit.py:644} INFO - df = spark.read.schema(schema).parquet(local_parquet_path)
[2025-06-01T08:25:51.984+0000] {spark_submit.py:644} INFO - ^^^^^^^^^^^^^^^^^^^^^^^^^^^^^^^^^^^^^^^^^^^^^^^^^^^^^
[2025-06-01T08:25:51.984+0000] {spark_submit.py:644} INFO - File "/home/***/.local/lib/python3.11/site-packages/pyspark/python/lib/pyspark.zip/pyspark/sql/readwriter.py", line 544, in parquet
[2025-06-01T08:25:51.984+0000] {spark_submit.py:644} INFO - File "/home/***/.local/lib/python3.11/site-packages/pyspark/python/lib/py4j-0.10.9.7-src.zip/py4j/java_gateway.py", line 1322, in __call__
[2025-06-01T08:25:51.984+0000] {spark_submit.py:644} INFO - File "/home/***/.local/lib/python3.11/site-packages/pyspark/python/lib/pyspark.zip/pyspark/errors/exceptions/captured.py", line 185, in deco
[2025-06-01T08:25:51.986+0000] {spark_submit.py:644} INFO - pyspark.errors.exceptions.captured.AnalysisException: [PATH_NOT_FOUND] Path does not exist: file:/Users/dinhvietquyen1803/Data_Engineering/dqops_lakehouse/data/Stephen Curry Stats.parquet.
[2025-06-01T08:25:52.015+0000] {spark_submit.py:644} INFO - 25/06/01 08:25:52 INFO ShutdownHookManager: Shutdown hook called
[2025-06-01T08:25:52.015+0000] {spark_submit.py:644} INFO - 25/06/01 08:25:52 INFO ShutdownHookManager: Deleting directory /tmp/spark-9baf61a9-7f83-4c45-8492-a629ef76faa9
[2025-06-01T08:25:52.017+0000] {spark_submit.py:644} INFO - 25/06/01 08:25:52 INFO ShutdownHookManager: Deleting directory /tmp/spark-6ecfa6fb-7f97-479d-b984-17b818c0d4d2
[2025-06-01T08:25:52.019+0000] {spark_submit.py:644} INFO - 25/06/01 08:25:52 INFO ShutdownHookManager: Deleting directory /tmp/spark-6ecfa6fb-7f97-479d-b984-17b818c0d4d2/pyspark-5548e59c-a435-4732-bef9-311b6cc4624f
[2025-06-01T08:25:52.051+0000] {taskinstance.py:3311} ERROR - Task failed with exception
Traceback (most recent call last):
  File "/home/airflow/.local/lib/python3.11/site-packages/airflow/models/taskinstance.py", line 767, in _execute_task
    result = _execute_callable(context=context, **execute_callable_kwargs)
             ^^^^^^^^^^^^^^^^^^^^^^^^^^^^^^^^^^^^^^^^^^^^^^^^^^^^^^^^^^^^^
  File "/home/airflow/.local/lib/python3.11/site-packages/airflow/models/taskinstance.py", line 733, in _execute_callable
    return ExecutionCallableRunner(
           ^^^^^^^^^^^^^^^^^^^^^^^^
  File "/home/airflow/.local/lib/python3.11/site-packages/airflow/utils/operator_helpers.py", line 252, in run
    return self.func(*args, **kwargs)
           ^^^^^^^^^^^^^^^^^^^^^^^^^^
  File "/home/airflow/.local/lib/python3.11/site-packages/airflow/models/baseoperator.py", line 417, in wrapper
    return func(self, *args, **kwargs)
           ^^^^^^^^^^^^^^^^^^^^^^^^^^^
  File "/home/airflow/.local/lib/python3.11/site-packages/airflow/providers/apache/spark/operators/spark_submit.py", line 197, in execute
    self._hook.submit(self.application)
  File "/home/airflow/.local/lib/python3.11/site-packages/airflow/providers/apache/spark/hooks/spark_submit.py", line 566, in submit
    raise AirflowException(
airflow.exceptions.AirflowException: Cannot execute: spark-submit --master spark://spark-master:7077 --conf spark.executor.memory=2g --conf spark.sql.extensions=io.delta.sql.DeltaSparkSessionExtension --conf spark.sql.catalog.spark_catalog=org.apache.spark.sql.delta.catalog.DeltaCatalog --conf spark.hadoop.fs.s3a.endpoint=http://minio:9000 --conf spark.hadoop.fs.s3a.access.key=minioadmin --conf spark.hadoop.fs.s3a.secret.key=****** --conf spark.hadoop.fs.s3a.path.style.access=true --conf spark.hadoop.fs.s3a.impl=org.apache.hadoop.fs.s3a.S3AFileSystem --packages org.apache.hadoop:hadoop-aws:3.3.4,com.amazonaws:aws-java-sdk-bundle:1.12.262,io.delta:delta-spark_2.12:3.1.0 --name bronze_sc_stats_etl --verbose --queue root.default --deploy-mode client /opt/***/dags/bronze_ingestion_sc_stats_etl.py --output_path s3a://mybucket/bronze/curry_raw_data/. Error code is: 1.
[2025-06-01T08:25:52.053+0000] {taskinstance.py:1225} INFO - Marking task as FAILED. dag_id=curry_medallion_etl, task_id=submit_bronze_etl_job, run_id=manual__2025-06-01T08:25:47.040517+00:00, execution_date=20250601T082547, start_date=20250601T082548, end_date=20250601T082552
[2025-06-01T08:25:52.058+0000] {taskinstance.py:340} INFO - ::group::Post task execution logs
[2025-06-01T08:25:52.059+0000] {standard_task_runner.py:124} ERROR - Failed to execute job 15 for task submit_bronze_etl_job (Cannot execute: spark-submit --master spark://spark-master:7077 --conf spark.executor.memory=2g --conf spark.sql.extensions=io.delta.sql.DeltaSparkSessionExtension --conf spark.sql.catalog.spark_catalog=org.apache.spark.sql.delta.catalog.DeltaCatalog --conf spark.hadoop.fs.s3a.endpoint=http://minio:9000 --conf spark.hadoop.fs.s3a.access.key=minioadmin --conf spark.hadoop.fs.s3a.secret.key=****** --conf spark.hadoop.fs.s3a.path.style.access=true --conf spark.hadoop.fs.s3a.impl=org.apache.hadoop.fs.s3a.S3AFileSystem --packages org.apache.hadoop:hadoop-aws:3.3.4,com.amazonaws:aws-java-sdk-bundle:1.12.262,io.delta:delta-spark_2.12:3.1.0 --name bronze_sc_stats_etl --verbose --queue root.default --deploy-mode client /opt/***/dags/bronze_ingestion_sc_stats_etl.py --output_path s3a://mybucket/bronze/curry_raw_data/. Error code is: 1.; 3032)
Traceback (most recent call last):
  File "/home/airflow/.local/lib/python3.11/site-packages/airflow/task/task_runner/standard_task_runner.py", line 117, in _start_by_fork
    ret = args.func(args, dag=self.dag)
          ^^^^^^^^^^^^^^^^^^^^^^^^^^^^^
  File "/home/airflow/.local/lib/python3.11/site-packages/airflow/cli/cli_config.py", line 49, in command
    return func(*args, **kwargs)
           ^^^^^^^^^^^^^^^^^^^^^
  File "/home/airflow/.local/lib/python3.11/site-packages/airflow/utils/cli.py", line 116, in wrapper
    return f(*args, **kwargs)
           ^^^^^^^^^^^^^^^^^^
  File "/home/airflow/.local/lib/python3.11/site-packages/airflow/cli/commands/task_command.py", line 483, in task_run
    task_return_code = _run_task_by_selected_method(args, _dag, ti)
                       ^^^^^^^^^^^^^^^^^^^^^^^^^^^^^^^^^^^^^^^^^^^^
  File "/home/airflow/.local/lib/python3.11/site-packages/airflow/cli/commands/task_command.py", line 256, in _run_task_by_selected_method
    return _run_raw_task(args, ti)
           ^^^^^^^^^^^^^^^^^^^^^^^
  File "/home/airflow/.local/lib/python3.11/site-packages/airflow/cli/commands/task_command.py", line 341, in _run_raw_task
    return ti._run_raw_task(
           ^^^^^^^^^^^^^^^^^
  File "/home/airflow/.local/lib/python3.11/site-packages/airflow/utils/session.py", line 97, in wrapper
    return func(*args, session=session, **kwargs)
           ^^^^^^^^^^^^^^^^^^^^^^^^^^^^^^^^^^^^^^
  File "/home/airflow/.local/lib/python3.11/site-packages/airflow/models/taskinstance.py", line 3005, in _run_raw_task
    return _run_raw_task(
           ^^^^^^^^^^^^^^
  File "/home/airflow/.local/lib/python3.11/site-packages/airflow/models/taskinstance.py", line 273, in _run_raw_task
    TaskInstance._execute_task_with_callbacks(
  File "/home/airflow/.local/lib/python3.11/site-packages/airflow/models/taskinstance.py", line 3159, in _execute_task_with_callbacks
    result = self._execute_task(context, task_orig)
             ^^^^^^^^^^^^^^^^^^^^^^^^^^^^^^^^^^^^^^
  File "/home/airflow/.local/lib/python3.11/site-packages/airflow/models/taskinstance.py", line 3183, in _execute_task
    return _execute_task(self, context, task_orig)
           ^^^^^^^^^^^^^^^^^^^^^^^^^^^^^^^^^^^^^^^
  File "/home/airflow/.local/lib/python3.11/site-packages/airflow/models/taskinstance.py", line 767, in _execute_task
    result = _execute_callable(context=context, **execute_callable_kwargs)
             ^^^^^^^^^^^^^^^^^^^^^^^^^^^^^^^^^^^^^^^^^^^^^^^^^^^^^^^^^^^^^
  File "/home/airflow/.local/lib/python3.11/site-packages/airflow/models/taskinstance.py", line 733, in _execute_callable
    return ExecutionCallableRunner(
           ^^^^^^^^^^^^^^^^^^^^^^^^
  File "/home/airflow/.local/lib/python3.11/site-packages/airflow/utils/operator_helpers.py", line 252, in run
    return self.func(*args, **kwargs)
           ^^^^^^^^^^^^^^^^^^^^^^^^^^
  File "/home/airflow/.local/lib/python3.11/site-packages/airflow/models/baseoperator.py", line 417, in wrapper
    return func(self, *args, **kwargs)
           ^^^^^^^^^^^^^^^^^^^^^^^^^^^
  File "/home/airflow/.local/lib/python3.11/site-packages/airflow/providers/apache/spark/operators/spark_submit.py", line 197, in execute
    self._hook.submit(self.application)
  File "/home/airflow/.local/lib/python3.11/site-packages/airflow/providers/apache/spark/hooks/spark_submit.py", line 566, in submit
    raise AirflowException(
airflow.exceptions.AirflowException: Cannot execute: spark-submit --master spark://spark-master:7077 --conf spark.executor.memory=2g --conf spark.sql.extensions=io.delta.sql.DeltaSparkSessionExtension --conf spark.sql.catalog.spark_catalog=org.apache.spark.sql.delta.catalog.DeltaCatalog --conf spark.hadoop.fs.s3a.endpoint=http://minio:9000 --conf spark.hadoop.fs.s3a.access.key=minioadmin --conf spark.hadoop.fs.s3a.secret.key=****** --conf spark.hadoop.fs.s3a.path.style.access=true --conf spark.hadoop.fs.s3a.impl=org.apache.hadoop.fs.s3a.S3AFileSystem --packages org.apache.hadoop:hadoop-aws:3.3.4,com.amazonaws:aws-java-sdk-bundle:1.12.262,io.delta:delta-spark_2.12:3.1.0 --name bronze_sc_stats_etl --verbose --queue root.default --deploy-mode client /opt/***/dags/bronze_ingestion_sc_stats_etl.py --output_path s3a://mybucket/bronze/curry_raw_data/. Error code is: 1.
[2025-06-01T08:25:52.104+0000] {local_task_job_runner.py:266} INFO - Task exited with return code 1
[2025-06-01T08:25:52.112+0000] {local_task_job_runner.py:245} INFO - ::endgroup::
