[2025-05-31T06:13:15.946+0000] {local_task_job_runner.py:123} INFO - ::group::Pre task execution logs
[2025-05-31T06:13:15.957+0000] {taskinstance.py:2613} INFO - Dependencies all met for dep_context=non-requeueable deps ti=<TaskInstance: medallion_sales_etl.submit_medallion_sales_etl_job manual__2025-05-31T06:13:15.781049+00:00 [queued]>
[2025-05-31T06:13:15.961+0000] {taskinstance.py:2613} INFO - Dependencies all met for dep_context=requeueable deps ti=<TaskInstance: medallion_sales_etl.submit_medallion_sales_etl_job manual__2025-05-31T06:13:15.781049+00:00 [queued]>
[2025-05-31T06:13:15.961+0000] {taskinstance.py:2866} INFO - Starting attempt 1 of 1
[2025-05-31T06:13:15.969+0000] {taskinstance.py:2889} INFO - Executing <Task(SparkSubmitOperator): submit_medallion_sales_etl_job> on 2025-05-31 06:13:15.781049+00:00
[2025-05-31T06:13:15.971+0000] {standard_task_runner.py:72} INFO - Started process 431 to run task
[2025-05-31T06:13:15.973+0000] {standard_task_runner.py:104} INFO - Running: ['***', 'tasks', 'run', 'medallion_sales_etl', 'submit_medallion_sales_etl_job', 'manual__2025-05-31T06:13:15.781049+00:00', '--job-id', '3', '--raw', '--subdir', 'DAGS_FOLDER/medallion_sales_etl_dag.py', '--cfg-path', '/tmp/tmpewkabol5']
[2025-05-31T06:13:15.975+0000] {standard_task_runner.py:105} INFO - Job 3: Subtask submit_medallion_sales_etl_job
[2025-05-31T06:13:16.005+0000] {task_command.py:467} INFO - Running <TaskInstance: medallion_sales_etl.submit_medallion_sales_etl_job manual__2025-05-31T06:13:15.781049+00:00 [running]> on host ad15582392fb
[2025-05-31T06:13:16.067+0000] {taskinstance.py:3132} INFO - Exporting env vars: AIRFLOW_CTX_DAG_OWNER='***' AIRFLOW_CTX_DAG_ID='medallion_sales_etl' AIRFLOW_CTX_TASK_ID='submit_medallion_sales_etl_job' AIRFLOW_CTX_EXECUTION_DATE='2025-05-31T06:13:15.781049+00:00' AIRFLOW_CTX_TRY_NUMBER='1' AIRFLOW_CTX_DAG_RUN_ID='manual__2025-05-31T06:13:15.781049+00:00'
[2025-05-31T06:13:16.068+0000] {taskinstance.py:731} INFO - ::endgroup::
[2025-05-31T06:13:16.086+0000] {base.py:84} INFO - Retrieving connection 'spark_default'
[2025-05-31T06:13:16.087+0000] {spark_submit.py:474} INFO - Spark-Submit cmd: spark-submit --master spark://spark-master:7077 --conf spark.executor.memory=2g --conf spark.sql.extensions=io.delta.sql.DeltaSparkSessionExtension --conf spark.sql.catalog.spark_catalog=org.apache.spark.sql.delta.catalog.DeltaCatalog --conf spark.hadoop.fs.s3a.endpoint=http://minio:9000 --conf spark.hadoop.fs.s3a.access.key=minioadmin --conf spark.hadoop.fs.s3a.secret.key=****** --conf spark.hadoop.fs.s3a.path.style.access=true --conf spark.hadoop.fs.s3a.impl=org.apache.hadoop.fs.s3a.S3AFileSystem --conf spark.local.dir=/opt/***/dags/spark_temp --packages org.apache.hadoop:hadoop-aws:3.3.4,com.amazonaws:aws-java-sdk-bundle:1.12.262,io.delta:delta-spark_2.12:3.1.0 --name medallion_sales_etl_spark_job --verbose --queue root.default --deploy-mode client /opt/***/dags/medallion_etl.py
[2025-05-31T06:13:16.695+0000] {spark_submit.py:644} INFO - Using properties file: null
[2025-05-31T06:13:16.749+0000] {spark_submit.py:644} INFO - Parsed arguments:
[2025-05-31T06:13:16.749+0000] {spark_submit.py:644} INFO - master                  spark://spark-master:7077
[2025-05-31T06:13:16.749+0000] {spark_submit.py:644} INFO - remote                  null
[2025-05-31T06:13:16.750+0000] {spark_submit.py:644} INFO - deployMode              client
[2025-05-31T06:13:16.750+0000] {spark_submit.py:644} INFO - executorMemory          2g
[2025-05-31T06:13:16.750+0000] {spark_submit.py:644} INFO - executorCores           null
[2025-05-31T06:13:16.750+0000] {spark_submit.py:644} INFO - totalExecutorCores      null
[2025-05-31T06:13:16.750+0000] {spark_submit.py:644} INFO - propertiesFile          null
[2025-05-31T06:13:16.750+0000] {spark_submit.py:644} INFO - driverMemory            null
[2025-05-31T06:13:16.750+0000] {spark_submit.py:644} INFO - driverCores             null
[2025-05-31T06:13:16.750+0000] {spark_submit.py:644} INFO - driverExtraClassPath    null
[2025-05-31T06:13:16.750+0000] {spark_submit.py:644} INFO - driverExtraLibraryPath  null
[2025-05-31T06:13:16.750+0000] {spark_submit.py:644} INFO - driverExtraJavaOptions  null
[2025-05-31T06:13:16.751+0000] {spark_submit.py:644} INFO - supervise               false
[2025-05-31T06:13:16.751+0000] {spark_submit.py:644} INFO - queue                   root.default
[2025-05-31T06:13:16.751+0000] {spark_submit.py:644} INFO - numExecutors            null
[2025-05-31T06:13:16.751+0000] {spark_submit.py:644} INFO - files                   null
[2025-05-31T06:13:16.751+0000] {spark_submit.py:644} INFO - pyFiles                 null
[2025-05-31T06:13:16.751+0000] {spark_submit.py:644} INFO - archives                null
[2025-05-31T06:13:16.751+0000] {spark_submit.py:644} INFO - mainClass               null
[2025-05-31T06:13:16.751+0000] {spark_submit.py:644} INFO - primaryResource         file:/opt/***/dags/medallion_etl.py
[2025-05-31T06:13:16.751+0000] {spark_submit.py:644} INFO - name                    medallion_sales_etl_spark_job
[2025-05-31T06:13:16.752+0000] {spark_submit.py:644} INFO - childArgs               []
[2025-05-31T06:13:16.752+0000] {spark_submit.py:644} INFO - jars                    null
[2025-05-31T06:13:16.752+0000] {spark_submit.py:644} INFO - packages                org.apache.hadoop:hadoop-aws:3.3.4,com.amazonaws:aws-java-sdk-bundle:1.12.262,io.delta:delta-spark_2.12:3.1.0
[2025-05-31T06:13:16.752+0000] {spark_submit.py:644} INFO - packagesExclusions      null
[2025-05-31T06:13:16.752+0000] {spark_submit.py:644} INFO - repositories            null
[2025-05-31T06:13:16.752+0000] {spark_submit.py:644} INFO - verbose                 true
[2025-05-31T06:13:16.752+0000] {spark_submit.py:644} INFO - 
[2025-05-31T06:13:16.752+0000] {spark_submit.py:644} INFO - Spark properties used, including those specified through
[2025-05-31T06:13:16.752+0000] {spark_submit.py:644} INFO - --conf and those from the properties file null:
[2025-05-31T06:13:16.753+0000] {spark_submit.py:644} INFO - (spark.executor.memory,2g)
[2025-05-31T06:13:16.753+0000] {spark_submit.py:644} INFO - (spark.hadoop.fs.s3a.access.key,*********(redacted))
[2025-05-31T06:13:16.753+0000] {spark_submit.py:644} INFO - (spark.hadoop.fs.s3a.endpoint,http://minio:9000)
[2025-05-31T06:13:16.753+0000] {spark_submit.py:644} INFO - (spark.hadoop.fs.s3a.impl,org.apache.hadoop.fs.s3a.S3AFileSystem)
[2025-05-31T06:13:16.753+0000] {spark_submit.py:644} INFO - (spark.hadoop.fs.s3a.path.style.access,true)
[2025-05-31T06:13:16.753+0000] {spark_submit.py:644} INFO - (spark.hadoop.fs.s3a.secret.key,*********(redacted))
[2025-05-31T06:13:16.753+0000] {spark_submit.py:644} INFO - (spark.local.dir,/opt/***/dags/spark_temp)
[2025-05-31T06:13:16.754+0000] {spark_submit.py:644} INFO - (spark.sql.catalog.spark_catalog,org.apache.spark.sql.delta.catalog.DeltaCatalog)
[2025-05-31T06:13:16.754+0000] {spark_submit.py:644} INFO - (spark.sql.extensions,io.delta.sql.DeltaSparkSessionExtension)
[2025-05-31T06:13:16.754+0000] {spark_submit.py:644} INFO - 
[2025-05-31T06:13:16.754+0000] {spark_submit.py:644} INFO - 
[2025-05-31T06:13:16.818+0000] {spark_submit.py:644} INFO - :: loading settings :: url = jar:file:/home/***/.local/lib/python3.11/site-packages/pyspark/jars/ivy-2.5.1.jar!/org/apache/ivy/core/settings/ivysettings.xml
[2025-05-31T06:13:16.864+0000] {spark_submit.py:644} INFO - Ivy Default Cache set to: /home/***/.ivy2/cache
[2025-05-31T06:13:16.864+0000] {spark_submit.py:644} INFO - The jars for the packages stored in: /home/***/.ivy2/jars
[2025-05-31T06:13:16.866+0000] {spark_submit.py:644} INFO - org.apache.hadoop#hadoop-aws added as a dependency
[2025-05-31T06:13:16.866+0000] {spark_submit.py:644} INFO - com.amazonaws#aws-java-sdk-bundle added as a dependency
[2025-05-31T06:13:16.866+0000] {spark_submit.py:644} INFO - io.delta#delta-spark_2.12 added as a dependency
[2025-05-31T06:13:16.867+0000] {spark_submit.py:644} INFO - :: resolving dependencies :: org.apache.spark#spark-submit-parent-eafaed32-375d-49fd-9fa3-2cf49cc6080c;1.0
[2025-05-31T06:13:16.867+0000] {spark_submit.py:644} INFO - confs: [default]
[2025-05-31T06:13:21.229+0000] {spark_submit.py:644} INFO - found org.apache.hadoop#hadoop-aws;3.3.4 in central
[2025-05-31T06:13:22.825+0000] {spark_submit.py:644} INFO - found com.amazonaws#aws-java-sdk-bundle;1.12.262 in central
[2025-05-31T06:13:25.615+0000] {spark_submit.py:644} INFO - found org.wildfly.openssl#wildfly-openssl;1.0.7.Final in central
[2025-05-31T06:13:26.000+0000] {spark_submit.py:644} INFO - found io.delta#delta-spark_2.12;3.1.0 in central
[2025-05-31T06:13:26.385+0000] {spark_submit.py:644} INFO - found io.delta#delta-storage;3.1.0 in central
[2025-05-31T06:13:28.515+0000] {spark_submit.py:644} INFO - found org.antlr#antlr4-runtime;4.9.3 in central
[2025-05-31T06:13:28.702+0000] {spark_submit.py:644} INFO - downloading https://repo1.maven.org/maven2/org/apache/hadoop/hadoop-aws/3.3.4/hadoop-aws-3.3.4.jar ...
[2025-05-31T06:13:29.424+0000] {spark_submit.py:644} INFO - [SUCCESSFUL ] org.apache.hadoop#hadoop-aws;3.3.4!hadoop-aws.jar (902ms)
[2025-05-31T06:13:29.607+0000] {spark_submit.py:644} INFO - downloading https://repo1.maven.org/maven2/com/amazonaws/aws-java-sdk-bundle/1.12.262/aws-java-sdk-bundle-1.12.262.jar ...
[2025-05-31T06:13:42.221+0000] {spark_submit.py:644} INFO - [SUCCESSFUL ] com.amazonaws#aws-java-sdk-bundle;1.12.262!aws-java-sdk-bundle.jar (12796ms)
[2025-05-31T06:13:42.411+0000] {spark_submit.py:644} INFO - downloading https://repo1.maven.org/maven2/io/delta/delta-spark_2.12/3.1.0/delta-spark_2.12-3.1.0.jar ...
[2025-05-31T06:13:42.805+0000] {spark_submit.py:644} INFO - [SUCCESSFUL ] io.delta#delta-spark_2.12;3.1.0!delta-spark_2.12.jar (583ms)
[2025-05-31T06:13:42.989+0000] {spark_submit.py:644} INFO - downloading https://repo1.maven.org/maven2/org/wildfly/openssl/wildfly-openssl/1.0.7.Final/wildfly-openssl-1.0.7.Final.jar ...
[2025-05-31T06:13:43.179+0000] {spark_submit.py:644} INFO - [SUCCESSFUL ] org.wildfly.openssl#wildfly-openssl;1.0.7.Final!wildfly-openssl.jar (373ms)
[2025-05-31T06:13:43.358+0000] {spark_submit.py:644} INFO - downloading https://repo1.maven.org/maven2/io/delta/delta-storage/3.1.0/delta-storage-3.1.0.jar ...
[2025-05-31T06:13:43.538+0000] {spark_submit.py:644} INFO - [SUCCESSFUL ] io.delta#delta-storage;3.1.0!delta-storage.jar (357ms)
[2025-05-31T06:13:43.717+0000] {spark_submit.py:644} INFO - downloading https://repo1.maven.org/maven2/org/antlr/antlr4-runtime/4.9.3/antlr4-runtime-4.9.3.jar ...
[2025-05-31T06:13:43.907+0000] {spark_submit.py:644} INFO - [SUCCESSFUL ] org.antlr#antlr4-runtime;4.9.3!antlr4-runtime.jar (369ms)
[2025-05-31T06:13:43.909+0000] {spark_submit.py:644} INFO - :: resolution report :: resolve 11655ms :: artifacts dl 15387ms
[2025-05-31T06:13:43.909+0000] {spark_submit.py:644} INFO - :: modules in use:
[2025-05-31T06:13:43.910+0000] {spark_submit.py:644} INFO - com.amazonaws#aws-java-sdk-bundle;1.12.262 from central in [default]
[2025-05-31T06:13:43.910+0000] {spark_submit.py:644} INFO - io.delta#delta-spark_2.12;3.1.0 from central in [default]
[2025-05-31T06:13:43.910+0000] {spark_submit.py:644} INFO - io.delta#delta-storage;3.1.0 from central in [default]
[2025-05-31T06:13:43.911+0000] {spark_submit.py:644} INFO - org.antlr#antlr4-runtime;4.9.3 from central in [default]
[2025-05-31T06:13:43.911+0000] {spark_submit.py:644} INFO - org.apache.hadoop#hadoop-aws;3.3.4 from central in [default]
[2025-05-31T06:13:43.911+0000] {spark_submit.py:644} INFO - org.wildfly.openssl#wildfly-openssl;1.0.7.Final from central in [default]
[2025-05-31T06:13:43.912+0000] {spark_submit.py:644} INFO - ---------------------------------------------------------------------
[2025-05-31T06:13:43.912+0000] {spark_submit.py:644} INFO - |                  |            modules            ||   artifacts   |
[2025-05-31T06:13:43.913+0000] {spark_submit.py:644} INFO - |       conf       | number| search|dwnlded|evicted|| number|dwnlded|
[2025-05-31T06:13:43.913+0000] {spark_submit.py:644} INFO - ---------------------------------------------------------------------
[2025-05-31T06:13:43.913+0000] {spark_submit.py:644} INFO - |      default     |   6   |   6   |   6   |   0   ||   6   |   6   |
[2025-05-31T06:13:43.914+0000] {spark_submit.py:644} INFO - ---------------------------------------------------------------------
[2025-05-31T06:13:43.914+0000] {spark_submit.py:644} INFO - :: retrieving :: org.apache.spark#spark-submit-parent-eafaed32-375d-49fd-9fa3-2cf49cc6080c
[2025-05-31T06:13:43.915+0000] {spark_submit.py:644} INFO - confs: [default]
[2025-05-31T06:13:44.146+0000] {spark_submit.py:644} INFO - 6 artifacts copied, 0 already retrieved (281149kB/232ms)
[2025-05-31T06:13:44.235+0000] {spark_submit.py:644} INFO - 25/05/31 06:13:44 WARN NativeCodeLoader: Unable to load native-hadoop library for your platform... using builtin-java classes where applicable
[2025-05-31T06:13:44.321+0000] {spark_submit.py:644} INFO - Main class:
[2025-05-31T06:13:44.321+0000] {spark_submit.py:644} INFO - org.apache.spark.deploy.PythonRunner
[2025-05-31T06:13:44.321+0000] {spark_submit.py:644} INFO - Arguments:
[2025-05-31T06:13:44.322+0000] {spark_submit.py:644} INFO - file:/opt/***/dags/medallion_etl.py
[2025-05-31T06:13:44.322+0000] {spark_submit.py:644} INFO - file:///home/***/.ivy2/jars/org.apache.hadoop_hadoop-aws-3.3.4.jar,file:///home/***/.ivy2/jars/com.amazonaws_aws-java-sdk-bundle-1.12.262.jar,file:///home/***/.ivy2/jars/io.delta_delta-spark_2.12-3.1.0.jar,file:///home/***/.ivy2/jars/org.wildfly.openssl_wildfly-openssl-1.0.7.Final.jar,file:///home/***/.ivy2/jars/io.delta_delta-storage-3.1.0.jar,file:///home/***/.ivy2/jars/org.antlr_antlr4-runtime-4.9.3.jar
[2025-05-31T06:13:44.322+0000] {spark_submit.py:644} INFO - Spark config:
[2025-05-31T06:13:44.322+0000] {spark_submit.py:644} INFO - (spark.app.name,medallion_sales_etl_spark_job)
[2025-05-31T06:13:44.323+0000] {spark_submit.py:644} INFO - (spark.app.submitTime,1748672024313)
[2025-05-31T06:13:44.323+0000] {spark_submit.py:644} INFO - (spark.executor.memory,2g)
[2025-05-31T06:13:44.323+0000] {spark_submit.py:644} INFO - (spark.files,file:///home/***/.ivy2/jars/org.apache.hadoop_hadoop-aws-3.3.4.jar,file:///home/***/.ivy2/jars/com.amazonaws_aws-java-sdk-bundle-1.12.262.jar,file:///home/***/.ivy2/jars/io.delta_delta-spark_2.12-3.1.0.jar,file:///home/***/.ivy2/jars/org.wildfly.openssl_wildfly-openssl-1.0.7.Final.jar,file:///home/***/.ivy2/jars/io.delta_delta-storage-3.1.0.jar,file:///home/***/.ivy2/jars/org.antlr_antlr4-runtime-4.9.3.jar)
[2025-05-31T06:13:44.323+0000] {spark_submit.py:644} INFO - (spark.hadoop.fs.s3a.access.key,*********(redacted))
[2025-05-31T06:13:44.323+0000] {spark_submit.py:644} INFO - (spark.hadoop.fs.s3a.endpoint,http://minio:9000)
[2025-05-31T06:13:44.323+0000] {spark_submit.py:644} INFO - (spark.hadoop.fs.s3a.impl,org.apache.hadoop.fs.s3a.S3AFileSystem)
[2025-05-31T06:13:44.323+0000] {spark_submit.py:644} INFO - (spark.hadoop.fs.s3a.path.style.access,true)
[2025-05-31T06:13:44.324+0000] {spark_submit.py:644} INFO - (spark.hadoop.fs.s3a.secret.key,*********(redacted))
[2025-05-31T06:13:44.324+0000] {spark_submit.py:644} INFO - (spark.jars,file:///home/***/.ivy2/jars/org.apache.hadoop_hadoop-aws-3.3.4.jar,file:///home/***/.ivy2/jars/com.amazonaws_aws-java-sdk-bundle-1.12.262.jar,file:///home/***/.ivy2/jars/io.delta_delta-spark_2.12-3.1.0.jar,file:///home/***/.ivy2/jars/org.wildfly.openssl_wildfly-openssl-1.0.7.Final.jar,file:///home/***/.ivy2/jars/io.delta_delta-storage-3.1.0.jar,file:///home/***/.ivy2/jars/org.antlr_antlr4-runtime-4.9.3.jar)
[2025-05-31T06:13:44.324+0000] {spark_submit.py:644} INFO - (spark.local.dir,/opt/***/dags/spark_temp)
[2025-05-31T06:13:44.324+0000] {spark_submit.py:644} INFO - (spark.master,spark://spark-master:7077)
[2025-05-31T06:13:44.324+0000] {spark_submit.py:644} INFO - (spark.repl.local.jars,file:///home/***/.ivy2/jars/org.apache.hadoop_hadoop-aws-3.3.4.jar,file:///home/***/.ivy2/jars/com.amazonaws_aws-java-sdk-bundle-1.12.262.jar,file:///home/***/.ivy2/jars/io.delta_delta-spark_2.12-3.1.0.jar,file:///home/***/.ivy2/jars/org.wildfly.openssl_wildfly-openssl-1.0.7.Final.jar,file:///home/***/.ivy2/jars/io.delta_delta-storage-3.1.0.jar,file:///home/***/.ivy2/jars/org.antlr_antlr4-runtime-4.9.3.jar)
[2025-05-31T06:13:44.324+0000] {spark_submit.py:644} INFO - (spark.sql.catalog.spark_catalog,org.apache.spark.sql.delta.catalog.DeltaCatalog)
[2025-05-31T06:13:44.325+0000] {spark_submit.py:644} INFO - (spark.sql.extensions,io.delta.sql.DeltaSparkSessionExtension)
[2025-05-31T06:13:44.325+0000] {spark_submit.py:644} INFO - (spark.submit.deployMode,client)
[2025-05-31T06:13:44.325+0000] {spark_submit.py:644} INFO - (spark.submit.pyFiles,/home/***/.ivy2/jars/org.apache.hadoop_hadoop-aws-3.3.4.jar,/home/***/.ivy2/jars/com.amazonaws_aws-java-sdk-bundle-1.12.262.jar,/home/***/.ivy2/jars/io.delta_delta-spark_2.12-3.1.0.jar,/home/***/.ivy2/jars/org.wildfly.openssl_wildfly-openssl-1.0.7.Final.jar,/home/***/.ivy2/jars/io.delta_delta-storage-3.1.0.jar,/home/***/.ivy2/jars/org.antlr_antlr4-runtime-4.9.3.jar)
[2025-05-31T06:13:44.325+0000] {spark_submit.py:644} INFO - Classpath elements:
[2025-05-31T06:13:44.325+0000] {spark_submit.py:644} INFO - file:///home/***/.ivy2/jars/org.apache.hadoop_hadoop-aws-3.3.4.jar
[2025-05-31T06:13:44.325+0000] {spark_submit.py:644} INFO - file:///home/***/.ivy2/jars/com.amazonaws_aws-java-sdk-bundle-1.12.262.jar
[2025-05-31T06:13:44.325+0000] {spark_submit.py:644} INFO - file:///home/***/.ivy2/jars/io.delta_delta-spark_2.12-3.1.0.jar
[2025-05-31T06:13:44.326+0000] {spark_submit.py:644} INFO - file:///home/***/.ivy2/jars/org.wildfly.openssl_wildfly-openssl-1.0.7.Final.jar
[2025-05-31T06:13:44.326+0000] {spark_submit.py:644} INFO - file:///home/***/.ivy2/jars/io.delta_delta-storage-3.1.0.jar
[2025-05-31T06:13:44.326+0000] {spark_submit.py:644} INFO - file:///home/***/.ivy2/jars/org.antlr_antlr4-runtime-4.9.3.jar
[2025-05-31T06:13:44.326+0000] {spark_submit.py:644} INFO - 
[2025-05-31T06:13:44.326+0000] {spark_submit.py:644} INFO - 
[2025-05-31T06:13:44.905+0000] {spark_submit.py:644} INFO - 25/05/31 06:13:44 INFO SparkContext: Running Spark version 3.5.2
[2025-05-31T06:13:44.905+0000] {spark_submit.py:644} INFO - 25/05/31 06:13:44 INFO SparkContext: OS info Linux, 6.10.14-linuxkit, aarch64
[2025-05-31T06:13:44.905+0000] {spark_submit.py:644} INFO - 25/05/31 06:13:44 INFO SparkContext: Java version 17.0.15
[2025-05-31T06:13:44.907+0000] {spark_submit.py:644} INFO - 25/05/31 06:13:44 WARN SparkConf: Note that spark.local.dir will be overridden by the value set by the cluster manager (via SPARK_LOCAL_DIRS in mesos/standalone/kubernetes and LOCAL_DIRS in YARN).
[2025-05-31T06:13:44.915+0000] {spark_submit.py:644} INFO - 25/05/31 06:13:44 INFO ResourceUtils: ==============================================================
[2025-05-31T06:13:44.915+0000] {spark_submit.py:644} INFO - 25/05/31 06:13:44 INFO ResourceUtils: No custom resources configured for spark.driver.
[2025-05-31T06:13:44.915+0000] {spark_submit.py:644} INFO - 25/05/31 06:13:44 INFO ResourceUtils: ==============================================================
[2025-05-31T06:13:44.915+0000] {spark_submit.py:644} INFO - 25/05/31 06:13:44 INFO SparkContext: Submitted application: SampleDataToMinIO
[2025-05-31T06:13:44.925+0000] {spark_submit.py:644} INFO - 25/05/31 06:13:44 INFO ResourceProfile: Default ResourceProfile created, executor resources: Map(memory -> name: memory, amount: 2048, script: , vendor: , offHeap -> name: offHeap, amount: 0, script: , vendor: ), task resources: Map(cpus -> name: cpus, amount: 1.0)
[2025-05-31T06:13:44.930+0000] {spark_submit.py:644} INFO - 25/05/31 06:13:44 INFO ResourceProfile: Limiting resource is cpu
[2025-05-31T06:13:44.930+0000] {spark_submit.py:644} INFO - 25/05/31 06:13:44 INFO ResourceProfileManager: Added ResourceProfile id: 0
[2025-05-31T06:13:44.954+0000] {spark_submit.py:644} INFO - 25/05/31 06:13:44 INFO SecurityManager: Changing view acls to: ***
[2025-05-31T06:13:44.954+0000] {spark_submit.py:644} INFO - 25/05/31 06:13:44 INFO SecurityManager: Changing modify acls to: ***
[2025-05-31T06:13:44.955+0000] {spark_submit.py:644} INFO - 25/05/31 06:13:44 INFO SecurityManager: Changing view acls groups to:
[2025-05-31T06:13:44.955+0000] {spark_submit.py:644} INFO - 25/05/31 06:13:44 INFO SecurityManager: Changing modify acls groups to:
[2025-05-31T06:13:44.955+0000] {spark_submit.py:644} INFO - 25/05/31 06:13:44 INFO SecurityManager: SecurityManager: authentication disabled; ui acls disabled; users with view permissions: ***; groups with view permissions: EMPTY; users with modify permissions: ***; groups with modify permissions: EMPTY
[2025-05-31T06:13:45.059+0000] {spark_submit.py:644} INFO - 25/05/31 06:13:45 INFO Utils: Successfully started service 'sparkDriver' on port 44707.
[2025-05-31T06:13:45.075+0000] {spark_submit.py:644} INFO - 25/05/31 06:13:45 INFO SparkEnv: Registering MapOutputTracker
[2025-05-31T06:13:45.092+0000] {spark_submit.py:644} INFO - 25/05/31 06:13:45 INFO SparkEnv: Registering BlockManagerMaster
[2025-05-31T06:13:45.101+0000] {spark_submit.py:644} INFO - 25/05/31 06:13:45 INFO BlockManagerMasterEndpoint: Using org.apache.spark.storage.DefaultTopologyMapper for getting topology information
[2025-05-31T06:13:45.101+0000] {spark_submit.py:644} INFO - 25/05/31 06:13:45 INFO BlockManagerMasterEndpoint: BlockManagerMasterEndpoint up
[2025-05-31T06:13:45.103+0000] {spark_submit.py:644} INFO - 25/05/31 06:13:45 INFO SparkEnv: Registering BlockManagerMasterHeartbeat
[2025-05-31T06:13:45.113+0000] {spark_submit.py:644} INFO - 25/05/31 06:13:45 INFO DiskBlockManager: Created local directory at /opt/***/dags/spark_temp/blockmgr-bd59c3ce-ab29-479b-a6a8-2ce6adc950c6
[2025-05-31T06:13:45.119+0000] {spark_submit.py:644} INFO - 25/05/31 06:13:45 INFO MemoryStore: MemoryStore started with capacity 434.4 MiB
[2025-05-31T06:13:45.127+0000] {spark_submit.py:644} INFO - 25/05/31 06:13:45 INFO SparkEnv: Registering OutputCommitCoordinator
[2025-05-31T06:13:45.193+0000] {spark_submit.py:644} INFO - 25/05/31 06:13:45 INFO JettyUtils: Start Jetty 0.0.0.0:4040 for SparkUI
[2025-05-31T06:13:45.226+0000] {spark_submit.py:644} INFO - 25/05/31 06:13:45 INFO Utils: Successfully started service 'SparkUI' on port 4040.
[2025-05-31T06:13:45.247+0000] {spark_submit.py:644} INFO - 25/05/31 06:13:45 INFO SparkContext: Added JAR file:///home/***/.ivy2/jars/org.apache.hadoop_hadoop-aws-3.3.4.jar at spark://ad15582392fb:44707/jars/org.apache.hadoop_hadoop-aws-3.3.4.jar with timestamp 1748672024899
[2025-05-31T06:13:45.247+0000] {spark_submit.py:644} INFO - 25/05/31 06:13:45 INFO SparkContext: Added JAR file:///home/***/.ivy2/jars/com.amazonaws_aws-java-sdk-bundle-1.12.262.jar at spark://ad15582392fb:44707/jars/com.amazonaws_aws-java-sdk-bundle-1.12.262.jar with timestamp 1748672024899
[2025-05-31T06:13:45.247+0000] {spark_submit.py:644} INFO - 25/05/31 06:13:45 INFO SparkContext: Added JAR file:///home/***/.ivy2/jars/io.delta_delta-spark_2.12-3.1.0.jar at spark://ad15582392fb:44707/jars/io.delta_delta-spark_2.12-3.1.0.jar with timestamp 1748672024899
[2025-05-31T06:13:45.247+0000] {spark_submit.py:644} INFO - 25/05/31 06:13:45 INFO SparkContext: Added JAR file:///home/***/.ivy2/jars/org.wildfly.openssl_wildfly-openssl-1.0.7.Final.jar at spark://ad15582392fb:44707/jars/org.wildfly.openssl_wildfly-openssl-1.0.7.Final.jar with timestamp 1748672024899
[2025-05-31T06:13:45.248+0000] {spark_submit.py:644} INFO - 25/05/31 06:13:45 INFO SparkContext: Added JAR file:///home/***/.ivy2/jars/io.delta_delta-storage-3.1.0.jar at spark://ad15582392fb:44707/jars/io.delta_delta-storage-3.1.0.jar with timestamp 1748672024899
[2025-05-31T06:13:45.248+0000] {spark_submit.py:644} INFO - 25/05/31 06:13:45 INFO SparkContext: Added JAR file:///home/***/.ivy2/jars/org.antlr_antlr4-runtime-4.9.3.jar at spark://ad15582392fb:44707/jars/org.antlr_antlr4-runtime-4.9.3.jar with timestamp 1748672024899
[2025-05-31T06:13:45.249+0000] {spark_submit.py:644} INFO - 25/05/31 06:13:45 INFO SparkContext: Added file file:///home/***/.ivy2/jars/org.apache.hadoop_hadoop-aws-3.3.4.jar at spark://ad15582392fb:44707/files/org.apache.hadoop_hadoop-aws-3.3.4.jar with timestamp 1748672024899
[2025-05-31T06:13:45.249+0000] {spark_submit.py:644} INFO - 25/05/31 06:13:45 INFO Utils: Copying /home/***/.ivy2/jars/org.apache.hadoop_hadoop-aws-3.3.4.jar to /opt/***/dags/spark_temp/spark-809b91fc-053c-4788-852d-55c124bfcfcc/userFiles-1cfef8b7-060c-4f21-a729-2aaab59995b7/org.apache.hadoop_hadoop-aws-3.3.4.jar
[2025-05-31T06:13:45.261+0000] {spark_submit.py:644} INFO - 25/05/31 06:13:45 INFO SparkContext: Added file file:///home/***/.ivy2/jars/com.amazonaws_aws-java-sdk-bundle-1.12.262.jar at spark://ad15582392fb:44707/files/com.amazonaws_aws-java-sdk-bundle-1.12.262.jar with timestamp 1748672024899
[2025-05-31T06:13:45.261+0000] {spark_submit.py:644} INFO - 25/05/31 06:13:45 INFO Utils: Copying /home/***/.ivy2/jars/com.amazonaws_aws-java-sdk-bundle-1.12.262.jar to /opt/***/dags/spark_temp/spark-809b91fc-053c-4788-852d-55c124bfcfcc/userFiles-1cfef8b7-060c-4f21-a729-2aaab59995b7/com.amazonaws_aws-java-sdk-bundle-1.12.262.jar
[2025-05-31T06:13:45.593+0000] {spark_submit.py:644} INFO - 25/05/31 06:13:45 INFO SparkContext: Added file file:///home/***/.ivy2/jars/io.delta_delta-spark_2.12-3.1.0.jar at spark://ad15582392fb:44707/files/io.delta_delta-spark_2.12-3.1.0.jar with timestamp 1748672024899
[2025-05-31T06:13:45.593+0000] {spark_submit.py:644} INFO - 25/05/31 06:13:45 INFO Utils: Copying /home/***/.ivy2/jars/io.delta_delta-spark_2.12-3.1.0.jar to /opt/***/dags/spark_temp/spark-809b91fc-053c-4788-852d-55c124bfcfcc/userFiles-1cfef8b7-060c-4f21-a729-2aaab59995b7/io.delta_delta-spark_2.12-3.1.0.jar
[2025-05-31T06:13:45.601+0000] {spark_submit.py:644} INFO - 25/05/31 06:13:45 INFO SparkContext: Added file file:///home/***/.ivy2/jars/org.wildfly.openssl_wildfly-openssl-1.0.7.Final.jar at spark://ad15582392fb:44707/files/org.wildfly.openssl_wildfly-openssl-1.0.7.Final.jar with timestamp 1748672024899
[2025-05-31T06:13:45.602+0000] {spark_submit.py:644} INFO - 25/05/31 06:13:45 INFO Utils: Copying /home/***/.ivy2/jars/org.wildfly.openssl_wildfly-openssl-1.0.7.Final.jar to /opt/***/dags/spark_temp/spark-809b91fc-053c-4788-852d-55c124bfcfcc/userFiles-1cfef8b7-060c-4f21-a729-2aaab59995b7/org.wildfly.openssl_wildfly-openssl-1.0.7.Final.jar
[2025-05-31T06:13:45.605+0000] {spark_submit.py:644} INFO - 25/05/31 06:13:45 INFO SparkContext: Added file file:///home/***/.ivy2/jars/io.delta_delta-storage-3.1.0.jar at spark://ad15582392fb:44707/files/io.delta_delta-storage-3.1.0.jar with timestamp 1748672024899
[2025-05-31T06:13:45.605+0000] {spark_submit.py:644} INFO - 25/05/31 06:13:45 INFO Utils: Copying /home/***/.ivy2/jars/io.delta_delta-storage-3.1.0.jar to /opt/***/dags/spark_temp/spark-809b91fc-053c-4788-852d-55c124bfcfcc/userFiles-1cfef8b7-060c-4f21-a729-2aaab59995b7/io.delta_delta-storage-3.1.0.jar
[2025-05-31T06:13:45.608+0000] {spark_submit.py:644} INFO - 25/05/31 06:13:45 INFO SparkContext: Added file file:///home/***/.ivy2/jars/org.antlr_antlr4-runtime-4.9.3.jar at spark://ad15582392fb:44707/files/org.antlr_antlr4-runtime-4.9.3.jar with timestamp 1748672024899
[2025-05-31T06:13:45.608+0000] {spark_submit.py:644} INFO - 25/05/31 06:13:45 INFO Utils: Copying /home/***/.ivy2/jars/org.antlr_antlr4-runtime-4.9.3.jar to /opt/***/dags/spark_temp/spark-809b91fc-053c-4788-852d-55c124bfcfcc/userFiles-1cfef8b7-060c-4f21-a729-2aaab59995b7/org.antlr_antlr4-runtime-4.9.3.jar
[2025-05-31T06:13:45.656+0000] {spark_submit.py:644} INFO - 25/05/31 06:13:45 INFO StandaloneAppClient$ClientEndpoint: Connecting to master spark://spark-master:7077...
[2025-05-31T06:13:45.679+0000] {spark_submit.py:644} INFO - 25/05/31 06:13:45 INFO TransportClientFactory: Successfully created connection to spark-master/172.18.0.7:7077 after 14 ms (0 ms spent in bootstraps)
[2025-05-31T06:13:45.730+0000] {spark_submit.py:644} INFO - 25/05/31 06:13:45 INFO StandaloneSchedulerBackend: Connected to Spark cluster with app ID app-20250531061345-0001
[2025-05-31T06:13:45.731+0000] {spark_submit.py:644} INFO - 25/05/31 06:13:45 INFO StandaloneAppClient$ClientEndpoint: Executor added: app-20250531061345-0001/0 on worker-20250531060813-172.18.0.8-35035 (172.18.0.8:35035) with 4 core(s)
[2025-05-31T06:13:45.732+0000] {spark_submit.py:644} INFO - 25/05/31 06:13:45 INFO StandaloneSchedulerBackend: Granted executor ID app-20250531061345-0001/0 on hostPort 172.18.0.8:35035 with 4 core(s), 2.0 GiB RAM
[2025-05-31T06:13:45.735+0000] {spark_submit.py:644} INFO - 25/05/31 06:13:45 INFO Utils: Successfully started service 'org.apache.spark.network.netty.NettyBlockTransferService' on port 38841.
[2025-05-31T06:13:45.736+0000] {spark_submit.py:644} INFO - 25/05/31 06:13:45 INFO NettyBlockTransferService: Server created on ad15582392fb:38841
[2025-05-31T06:13:45.737+0000] {spark_submit.py:644} INFO - 25/05/31 06:13:45 INFO BlockManager: Using org.apache.spark.storage.RandomBlockReplicationPolicy for block replication policy
[2025-05-31T06:13:45.740+0000] {spark_submit.py:644} INFO - 25/05/31 06:13:45 INFO BlockManagerMaster: Registering BlockManager BlockManagerId(driver, ad15582392fb, 38841, None)
[2025-05-31T06:13:45.742+0000] {spark_submit.py:644} INFO - 25/05/31 06:13:45 INFO BlockManagerMasterEndpoint: Registering block manager ad15582392fb:38841 with 434.4 MiB RAM, BlockManagerId(driver, ad15582392fb, 38841, None)
[2025-05-31T06:13:45.743+0000] {spark_submit.py:644} INFO - 25/05/31 06:13:45 INFO BlockManagerMaster: Registered BlockManager BlockManagerId(driver, ad15582392fb, 38841, None)
[2025-05-31T06:13:45.744+0000] {spark_submit.py:644} INFO - 25/05/31 06:13:45 INFO BlockManager: Initialized BlockManager: BlockManagerId(driver, ad15582392fb, 38841, None)
[2025-05-31T06:13:45.757+0000] {spark_submit.py:644} INFO - 25/05/31 06:13:45 INFO StandaloneAppClient$ClientEndpoint: Executor updated: app-20250531061345-0001/0 is now RUNNING
[2025-05-31T06:13:45.870+0000] {spark_submit.py:644} INFO - 25/05/31 06:13:45 INFO StandaloneSchedulerBackend: SchedulerBackend is ready for scheduling beginning after reached minRegisteredResourcesRatio: 0.0
[2025-05-31T06:13:46.004+0000] {spark_submit.py:644} INFO - Spark session created and configured for MinIO.
[2025-05-31T06:13:46.005+0000] {spark_submit.py:644} INFO - Spark version: 3.5.2
[2025-05-31T06:13:46.005+0000] {spark_submit.py:644} INFO - Attempting to write to MinIO bucket: bronze at http://minio:9000
[2025-05-31T06:13:46.406+0000] {spark_submit.py:644} INFO - 25/05/31 06:13:46 INFO SharedState: Setting hive.metastore.warehouse.dir ('null') to the value of spark.sql.warehouse.dir.
[2025-05-31T06:13:46.408+0000] {spark_submit.py:644} INFO - 25/05/31 06:13:46 INFO SharedState: Warehouse path is 'file:/opt/***/spark-warehouse'.
[2025-05-31T06:13:47.183+0000] {spark_submit.py:644} INFO - Sample DataFrame created with processing timestamp:
[2025-05-31T06:13:47.395+0000] {spark_submit.py:644} INFO - 25/05/31 06:13:47 INFO StandaloneSchedulerBackend$StandaloneDriverEndpoint: Registered executor NettyRpcEndpointRef(spark-client://Executor) (172.18.0.8:52486) with ID 0,  ResourceProfileId 0
[2025-05-31T06:13:47.440+0000] {spark_submit.py:644} INFO - 25/05/31 06:13:47 INFO BlockManagerMasterEndpoint: Registering block manager 172.18.0.8:41753 with 1048.8 MiB RAM, BlockManagerId(0, 172.18.0.8, 41753, None)
[2025-05-31T06:13:47.637+0000] {spark_submit.py:644} INFO - 25/05/31 06:13:47 INFO CodeGenerator: Code generated in 111.541459 ms
[2025-05-31T06:13:47.661+0000] {spark_submit.py:644} INFO - 25/05/31 06:13:47 INFO SparkContext: Starting job: showString at NativeMethodAccessorImpl.java:0
[2025-05-31T06:13:47.666+0000] {spark_submit.py:644} INFO - 25/05/31 06:13:47 INFO DAGScheduler: Got job 0 (showString at NativeMethodAccessorImpl.java:0) with 1 output partitions
[2025-05-31T06:13:47.666+0000] {spark_submit.py:644} INFO - 25/05/31 06:13:47 INFO DAGScheduler: Final stage: ResultStage 0 (showString at NativeMethodAccessorImpl.java:0)
[2025-05-31T06:13:47.667+0000] {spark_submit.py:644} INFO - 25/05/31 06:13:47 INFO DAGScheduler: Parents of final stage: List()
[2025-05-31T06:13:47.667+0000] {spark_submit.py:644} INFO - 25/05/31 06:13:47 INFO DAGScheduler: Missing parents: List()
[2025-05-31T06:13:47.668+0000] {spark_submit.py:644} INFO - 25/05/31 06:13:47 INFO DAGScheduler: Submitting ResultStage 0 (MapPartitionsRDD[6] at showString at NativeMethodAccessorImpl.java:0), which has no missing parents
[2025-05-31T06:13:47.711+0000] {spark_submit.py:644} INFO - 25/05/31 06:13:47 INFO MemoryStore: Block broadcast_0 stored as values in memory (estimated size 15.8 KiB, free 434.4 MiB)
[2025-05-31T06:13:47.734+0000] {spark_submit.py:644} INFO - 25/05/31 06:13:47 INFO MemoryStore: Block broadcast_0_piece0 stored as bytes in memory (estimated size 7.9 KiB, free 434.4 MiB)
[2025-05-31T06:13:47.737+0000] {spark_submit.py:644} INFO - 25/05/31 06:13:47 INFO BlockManagerInfo: Added broadcast_0_piece0 in memory on ad15582392fb:38841 (size: 7.9 KiB, free: 434.4 MiB)
[2025-05-31T06:13:47.740+0000] {spark_submit.py:644} INFO - 25/05/31 06:13:47 INFO SparkContext: Created broadcast 0 from broadcast at DAGScheduler.scala:1585
[2025-05-31T06:13:47.758+0000] {spark_submit.py:644} INFO - 25/05/31 06:13:47 INFO DAGScheduler: Submitting 1 missing tasks from ResultStage 0 (MapPartitionsRDD[6] at showString at NativeMethodAccessorImpl.java:0) (first 15 tasks are for partitions Vector(0))
[2025-05-31T06:13:47.759+0000] {spark_submit.py:644} INFO - 25/05/31 06:13:47 INFO TaskSchedulerImpl: Adding task set 0.0 with 1 tasks resource profile 0
[2025-05-31T06:13:48.940+0000] {spark_submit.py:644} INFO - 25/05/31 06:13:48 INFO TaskSetManager: Starting task 0.0 in stage 0.0 (TID 0) (172.18.0.8, executor 0, partition 0, PROCESS_LOCAL, 10306 bytes)
[2025-05-31T06:13:49.083+0000] {spark_submit.py:644} INFO - 25/05/31 06:13:49 INFO BlockManagerInfo: Added broadcast_0_piece0 in memory on 172.18.0.8:41753 (size: 7.9 KiB, free: 1048.8 MiB)
[2025-05-31T06:13:49.970+0000] {spark_submit.py:644} INFO - 25/05/31 06:13:49 INFO TaskSetManager: Finished task 0.0 in stage 0.0 (TID 0) in 1043 ms on 172.18.0.8 (executor 0) (1/1)
[2025-05-31T06:13:49.971+0000] {spark_submit.py:644} INFO - 25/05/31 06:13:49 INFO TaskSchedulerImpl: Removed TaskSet 0.0, whose tasks have all completed, from pool
[2025-05-31T06:13:49.973+0000] {spark_submit.py:644} INFO - 25/05/31 06:13:49 INFO PythonAccumulatorV2: Connected to AccumulatorServer at host: 127.0.0.1 port: 45137
[2025-05-31T06:13:49.974+0000] {spark_submit.py:644} INFO - 25/05/31 06:13:49 INFO DAGScheduler: ResultStage 0 (showString at NativeMethodAccessorImpl.java:0) finished in 2.301 s
[2025-05-31T06:13:49.976+0000] {spark_submit.py:644} INFO - 25/05/31 06:13:49 INFO DAGScheduler: Job 0 is finished. Cancelling potential speculative or zombie tasks for this job
[2025-05-31T06:13:49.976+0000] {spark_submit.py:644} INFO - 25/05/31 06:13:49 INFO TaskSchedulerImpl: Killing all running tasks in stage 0: Stage finished
[2025-05-31T06:13:49.977+0000] {spark_submit.py:644} INFO - 25/05/31 06:13:49 INFO DAGScheduler: Job 0 finished: showString at NativeMethodAccessorImpl.java:0, took 2.318077 s
[2025-05-31T06:13:49.985+0000] {spark_submit.py:644} INFO - 25/05/31 06:13:49 INFO SparkContext: Starting job: showString at NativeMethodAccessorImpl.java:0
[2025-05-31T06:13:49.985+0000] {spark_submit.py:644} INFO - 25/05/31 06:13:49 INFO DAGScheduler: Got job 1 (showString at NativeMethodAccessorImpl.java:0) with 1 output partitions
[2025-05-31T06:13:49.986+0000] {spark_submit.py:644} INFO - 25/05/31 06:13:49 INFO DAGScheduler: Final stage: ResultStage 1 (showString at NativeMethodAccessorImpl.java:0)
[2025-05-31T06:13:49.986+0000] {spark_submit.py:644} INFO - 25/05/31 06:13:49 INFO DAGScheduler: Parents of final stage: List()
[2025-05-31T06:13:49.986+0000] {spark_submit.py:644} INFO - 25/05/31 06:13:49 INFO DAGScheduler: Missing parents: List()
[2025-05-31T06:13:49.986+0000] {spark_submit.py:644} INFO - 25/05/31 06:13:49 INFO DAGScheduler: Submitting ResultStage 1 (MapPartitionsRDD[6] at showString at NativeMethodAccessorImpl.java:0), which has no missing parents
[2025-05-31T06:13:49.988+0000] {spark_submit.py:644} INFO - 25/05/31 06:13:49 INFO MemoryStore: Block broadcast_1 stored as values in memory (estimated size 15.8 KiB, free 434.4 MiB)
[2025-05-31T06:13:49.992+0000] {spark_submit.py:644} INFO - 25/05/31 06:13:49 INFO MemoryStore: Block broadcast_1_piece0 stored as bytes in memory (estimated size 7.9 KiB, free 434.4 MiB)
[2025-05-31T06:13:49.996+0000] {spark_submit.py:644} INFO - 25/05/31 06:13:49 INFO BlockManagerInfo: Added broadcast_1_piece0 in memory on ad15582392fb:38841 (size: 7.9 KiB, free: 434.4 MiB)
[2025-05-31T06:13:49.996+0000] {spark_submit.py:644} INFO - 25/05/31 06:13:49 INFO SparkContext: Created broadcast 1 from broadcast at DAGScheduler.scala:1585
[2025-05-31T06:13:49.997+0000] {spark_submit.py:644} INFO - 25/05/31 06:13:49 INFO DAGScheduler: Submitting 1 missing tasks from ResultStage 1 (MapPartitionsRDD[6] at showString at NativeMethodAccessorImpl.java:0) (first 15 tasks are for partitions Vector(1))
[2025-05-31T06:13:49.997+0000] {spark_submit.py:644} INFO - 25/05/31 06:13:49 INFO TaskSchedulerImpl: Adding task set 1.0 with 1 tasks resource profile 0
[2025-05-31T06:13:49.997+0000] {spark_submit.py:644} INFO - 25/05/31 06:13:49 INFO TaskSetManager: Starting task 0.0 in stage 1.0 (TID 1) (172.18.0.8, executor 0, partition 1, PROCESS_LOCAL, 10389 bytes)
[2025-05-31T06:13:50.006+0000] {spark_submit.py:644} INFO - 25/05/31 06:13:50 INFO BlockManagerInfo: Removed broadcast_0_piece0 on ad15582392fb:38841 in memory (size: 7.9 KiB, free: 434.4 MiB)
[2025-05-31T06:13:50.016+0000] {spark_submit.py:644} INFO - 25/05/31 06:13:50 INFO BlockManagerInfo: Added broadcast_1_piece0 in memory on 172.18.0.8:41753 (size: 7.9 KiB, free: 1048.8 MiB)
[2025-05-31T06:13:50.016+0000] {spark_submit.py:644} INFO - 25/05/31 06:13:50 INFO BlockManagerInfo: Removed broadcast_0_piece0 on 172.18.0.8:41753 in memory (size: 7.9 KiB, free: 1048.8 MiB)
[2025-05-31T06:13:50.076+0000] {spark_submit.py:644} INFO - 25/05/31 06:13:50 INFO TaskSetManager: Finished task 0.0 in stage 1.0 (TID 1) in 81 ms on 172.18.0.8 (executor 0) (1/1)
[2025-05-31T06:13:50.077+0000] {spark_submit.py:644} INFO - 25/05/31 06:13:50 INFO TaskSchedulerImpl: Removed TaskSet 1.0, whose tasks have all completed, from pool
[2025-05-31T06:13:50.077+0000] {spark_submit.py:644} INFO - 25/05/31 06:13:50 INFO DAGScheduler: ResultStage 1 (showString at NativeMethodAccessorImpl.java:0) finished in 0.091 s
[2025-05-31T06:13:50.079+0000] {spark_submit.py:644} INFO - 25/05/31 06:13:50 INFO DAGScheduler: Job 1 is finished. Cancelling potential speculative or zombie tasks for this job
[2025-05-31T06:13:50.080+0000] {spark_submit.py:644} INFO - 25/05/31 06:13:50 INFO TaskSchedulerImpl: Killing all running tasks in stage 1: Stage finished
[2025-05-31T06:13:50.081+0000] {spark_submit.py:644} INFO - 25/05/31 06:13:50 INFO DAGScheduler: Job 1 finished: showString at NativeMethodAccessorImpl.java:0, took 0.092608 s
[2025-05-31T06:13:50.466+0000] {spark_submit.py:644} INFO - 25/05/31 06:13:50 INFO BlockManagerInfo: Removed broadcast_1_piece0 on ad15582392fb:38841 in memory (size: 7.9 KiB, free: 434.4 MiB)
[2025-05-31T06:13:50.468+0000] {spark_submit.py:644} INFO - 25/05/31 06:13:50 INFO BlockManagerInfo: Removed broadcast_1_piece0 on 172.18.0.8:41753 in memory (size: 7.9 KiB, free: 1048.8 MiB)
[2025-05-31T06:13:50.557+0000] {spark_submit.py:644} INFO - 25/05/31 06:13:50 INFO CodeGenerator: Code generated in 22.106084 ms
[2025-05-31T06:13:50.563+0000] {spark_submit.py:644} INFO - +--------+-----------+----------+--------+-----+----------+---------+--------------------------+
[2025-05-31T06:13:50.563+0000] {spark_submit.py:644} INFO - |order_id|customer_id|product_id|quantity|price|order_date|status   |processing_ts             |
[2025-05-31T06:13:50.563+0000] {spark_submit.py:644} INFO - +--------+-----------+----------+--------+-----+----------+---------+--------------------------+
[2025-05-31T06:13:50.563+0000] {spark_submit.py:644} INFO - |ORD001  |CUST001    |PROD001   |2       |25.5 |2024-03-10|completed|2025-05-31 06:13:47.092331|
[2025-05-31T06:13:50.563+0000] {spark_submit.py:644} INFO - |ORD002  |CUST002    |PROD002   |1       |100.0|2024-03-11|shipped  |2025-05-31 06:13:47.092331|
[2025-05-31T06:13:50.563+0000] {spark_submit.py:644} INFO - |ORD003  |CUST001    |PROD003   |5       |10.75|2024-03-11|pending  |2025-05-31 06:13:47.092331|
[2025-05-31T06:13:50.564+0000] {spark_submit.py:644} INFO - |ORD004  |CUST003    |PROD001   |3       |25.5 |2024-03-12|completed|2025-05-31 06:13:47.092331|
[2025-05-31T06:13:50.564+0000] {spark_submit.py:644} INFO - |ORD005  |CUST002    |PROD004   |1       |50.25|2024-03-13|cancelled|2025-05-31 06:13:47.092331|
[2025-05-31T06:13:50.564+0000] {spark_submit.py:644} INFO - +--------+-----------+----------+--------+-----+----------+---------+--------------------------+
[2025-05-31T06:13:50.564+0000] {spark_submit.py:644} INFO - 
[2025-05-31T06:13:50.564+0000] {spark_submit.py:644} INFO - Writing DataFrame to MinIO path: s3a://bronze/sales_orders/20250531061347/ in Delta format
[2025-05-31T06:13:50.706+0000] {spark_submit.py:644} INFO - 25/05/31 06:13:50 WARN MetricsConfig: Cannot locate configuration: tried hadoop-metrics2-s3a-file-system.properties,hadoop-metrics2.properties
[2025-05-31T06:13:50.713+0000] {spark_submit.py:644} INFO - 25/05/31 06:13:50 INFO MetricsSystemImpl: Scheduled Metric snapshot period at 10 second(s).
[2025-05-31T06:13:50.713+0000] {spark_submit.py:644} INFO - 25/05/31 06:13:50 INFO MetricsSystemImpl: s3a-file-system metrics system started
[2025-05-31T06:13:51.055+0000] {spark_submit.py:644} INFO - 25/05/31 06:13:51 INFO DelegatingLogStore: LogStore `LogStoreAdapter(io.delta.storage.S3SingleDriverLogStore)` is used for scheme `s3a`
[2025-05-31T06:13:51.284+0000] {spark_submit.py:644} INFO - Error writing to MinIO: An error occurred while calling o60.save.
[2025-05-31T06:13:51.285+0000] {spark_submit.py:644} INFO - : org.apache.hadoop.fs.s3a.UnknownStoreException: `s3a://bronze/sales_orders/20250531061347/_delta_log': getFileStatus on s3a://bronze/sales_orders/20250531061347/_delta_log: com.amazonaws.services.s3.model.AmazonS3Exception: The specified bucket does not exist (Service: Amazon S3; Status Code: 404; Error Code: NoSuchBucket; Request ID: 184487F28C39A29E; S3 Extended Request ID: dd9025bab4ad464b049177c95eb6ebf374d3b3fd1af9251148b658df7ac2e3e8; Proxy: null), S3 Extended Request ID: dd9025bab4ad464b049177c95eb6ebf374d3b3fd1af9251148b658df7ac2e3e8:NoSuchBucket: The specified bucket does not exist (Service: Amazon S3; Status Code: 404; Error Code: NoSuchBucket; Request ID: 184487F28C39A29E; S3 Extended Request ID: dd9025bab4ad464b049177c95eb6ebf374d3b3fd1af9251148b658df7ac2e3e8; Proxy: null)
[2025-05-31T06:13:51.285+0000] {spark_submit.py:644} INFO - at org.apache.hadoop.fs.s3a.S3AUtils.translateException(S3AUtils.java:263)
[2025-05-31T06:13:51.286+0000] {spark_submit.py:644} INFO - at org.apache.hadoop.fs.s3a.S3AUtils.translateException(S3AUtils.java:175)
[2025-05-31T06:13:51.286+0000] {spark_submit.py:644} INFO - at org.apache.hadoop.fs.s3a.S3AFileSystem.s3GetFileStatus(S3AFileSystem.java:3858)
[2025-05-31T06:13:51.286+0000] {spark_submit.py:644} INFO - at org.apache.hadoop.fs.s3a.S3AFileSystem.innerGetFileStatus(S3AFileSystem.java:3688)
[2025-05-31T06:13:51.286+0000] {spark_submit.py:644} INFO - at org.apache.hadoop.fs.s3a.S3AFileSystem.lambda$exists$34(S3AFileSystem.java:4703)
[2025-05-31T06:13:51.286+0000] {spark_submit.py:644} INFO - at org.apache.hadoop.fs.statistics.impl.IOStatisticsBinding.lambda$trackDurationOfOperation$5(IOStatisticsBinding.java:499)
[2025-05-31T06:13:51.287+0000] {spark_submit.py:644} INFO - at org.apache.hadoop.fs.statistics.impl.IOStatisticsBinding.trackDuration(IOStatisticsBinding.java:444)
[2025-05-31T06:13:51.287+0000] {spark_submit.py:644} INFO - at org.apache.hadoop.fs.s3a.S3AFileSystem.trackDurationAndSpan(S3AFileSystem.java:2337)
[2025-05-31T06:13:51.288+0000] {spark_submit.py:644} INFO - at org.apache.hadoop.fs.s3a.S3AFileSystem.trackDurationAndSpan(S3AFileSystem.java:2356)
[2025-05-31T06:13:51.289+0000] {spark_submit.py:644} INFO - at org.apache.hadoop.fs.s3a.S3AFileSystem.exists(S3AFileSystem.java:4701)
[2025-05-31T06:13:51.289+0000] {spark_submit.py:644} INFO - at io.delta.storage.S3SingleDriverLogStore.listFromInternal(S3SingleDriverLogStore.java:201)
[2025-05-31T06:13:51.293+0000] {spark_submit.py:644} INFO - at io.delta.storage.S3SingleDriverLogStore.listFrom(S3SingleDriverLogStore.java:306)
[2025-05-31T06:13:51.293+0000] {spark_submit.py:644} INFO - at org.apache.spark.sql.delta.storage.LogStoreAdaptor.listFrom(LogStore.scala:452)
[2025-05-31T06:13:51.293+0000] {spark_submit.py:644} INFO - at org.apache.spark.sql.delta.storage.DelegatingLogStore.listFrom(DelegatingLogStore.scala:127)
[2025-05-31T06:13:51.294+0000] {spark_submit.py:644} INFO - at org.apache.spark.sql.delta.SnapshotManagement.listFrom(SnapshotManagement.scala:94)
[2025-05-31T06:13:51.294+0000] {spark_submit.py:644} INFO - at org.apache.spark.sql.delta.SnapshotManagement.listFrom$(SnapshotManagement.scala:93)
[2025-05-31T06:13:51.294+0000] {spark_submit.py:644} INFO - at org.apache.spark.sql.delta.DeltaLog.listFrom(DeltaLog.scala:72)
[2025-05-31T06:13:51.294+0000] {spark_submit.py:644} INFO - at org.apache.spark.sql.delta.SnapshotManagement.listFromOrNone(SnapshotManagement.scala:111)
[2025-05-31T06:13:51.295+0000] {spark_submit.py:644} INFO - at org.apache.spark.sql.delta.SnapshotManagement.listFromOrNone$(SnapshotManagement.scala:107)
[2025-05-31T06:13:51.295+0000] {spark_submit.py:644} INFO - at org.apache.spark.sql.delta.DeltaLog.listFromOrNone(DeltaLog.scala:72)
[2025-05-31T06:13:51.295+0000] {spark_submit.py:644} INFO - at org.apache.spark.sql.delta.SnapshotManagement.$anonfun$listDeltaCompactedDeltaAndCheckpointFiles$1(SnapshotManagement.scala:132)
[2025-05-31T06:13:51.295+0000] {spark_submit.py:644} INFO - at org.apache.spark.sql.delta.metering.DeltaLogging.recordFrameProfile(DeltaLogging.scala:140)
[2025-05-31T06:13:51.296+0000] {spark_submit.py:644} INFO - at org.apache.spark.sql.delta.metering.DeltaLogging.recordFrameProfile$(DeltaLogging.scala:138)
[2025-05-31T06:13:51.296+0000] {spark_submit.py:644} INFO - at org.apache.spark.sql.delta.DeltaLog.recordFrameProfile(DeltaLog.scala:72)
[2025-05-31T06:13:51.296+0000] {spark_submit.py:644} INFO - at org.apache.spark.sql.delta.metering.DeltaLogging.$anonfun$recordDeltaOperationInternal$1(DeltaLogging.scala:133)
[2025-05-31T06:13:51.296+0000] {spark_submit.py:644} INFO - at com.databricks.spark.util.DatabricksLogging.recordOperation(DatabricksLogging.scala:128)
[2025-05-31T06:13:51.296+0000] {spark_submit.py:644} INFO - at com.databricks.spark.util.DatabricksLogging.recordOperation$(DatabricksLogging.scala:117)
[2025-05-31T06:13:51.297+0000] {spark_submit.py:644} INFO - at org.apache.spark.sql.delta.DeltaLog.recordOperation(DeltaLog.scala:72)
[2025-05-31T06:13:51.297+0000] {spark_submit.py:644} INFO - at org.apache.spark.sql.delta.metering.DeltaLogging.recordDeltaOperationInternal(DeltaLogging.scala:132)
[2025-05-31T06:13:51.297+0000] {spark_submit.py:644} INFO - at org.apache.spark.sql.delta.metering.DeltaLogging.recordDeltaOperation(DeltaLogging.scala:122)
[2025-05-31T06:13:51.297+0000] {spark_submit.py:644} INFO - at org.apache.spark.sql.delta.metering.DeltaLogging.recordDeltaOperation$(DeltaLogging.scala:112)
[2025-05-31T06:13:51.297+0000] {spark_submit.py:644} INFO - at org.apache.spark.sql.delta.DeltaLog.recordDeltaOperation(DeltaLog.scala:72)
[2025-05-31T06:13:51.298+0000] {spark_submit.py:644} INFO - at org.apache.spark.sql.delta.SnapshotManagement.listDeltaCompactedDeltaAndCheckpointFiles(SnapshotManagement.scala:132)
[2025-05-31T06:13:51.298+0000] {spark_submit.py:644} INFO - at org.apache.spark.sql.delta.SnapshotManagement.listDeltaCompactedDeltaAndCheckpointFiles$(SnapshotManagement.scala:127)
[2025-05-31T06:13:51.298+0000] {spark_submit.py:644} INFO - at org.apache.spark.sql.delta.DeltaLog.listDeltaCompactedDeltaAndCheckpointFiles(DeltaLog.scala:72)
[2025-05-31T06:13:51.298+0000] {spark_submit.py:644} INFO - at org.apache.spark.sql.delta.SnapshotManagement.getLogSegmentForVersion(SnapshotManagement.scala:178)
[2025-05-31T06:13:51.299+0000] {spark_submit.py:644} INFO - at org.apache.spark.sql.delta.SnapshotManagement.getLogSegmentForVersion$(SnapshotManagement.scala:165)
[2025-05-31T06:13:51.299+0000] {spark_submit.py:644} INFO - at org.apache.spark.sql.delta.DeltaLog.getLogSegmentForVersion(DeltaLog.scala:72)
[2025-05-31T06:13:51.299+0000] {spark_submit.py:644} INFO - at org.apache.spark.sql.delta.SnapshotManagement.getLogSegmentFrom(SnapshotManagement.scala:88)
[2025-05-31T06:13:51.299+0000] {spark_submit.py:644} INFO - at org.apache.spark.sql.delta.SnapshotManagement.getLogSegmentFrom$(SnapshotManagement.scala:84)
[2025-05-31T06:13:51.300+0000] {spark_submit.py:644} INFO - at org.apache.spark.sql.delta.DeltaLog.getLogSegmentFrom(DeltaLog.scala:72)
[2025-05-31T06:13:51.300+0000] {spark_submit.py:644} INFO - at org.apache.spark.sql.delta.SnapshotManagement.$anonfun$getSnapshotAtInit$1(SnapshotManagement.scala:438)
[2025-05-31T06:13:51.300+0000] {spark_submit.py:644} INFO - at org.apache.spark.sql.delta.metering.DeltaLogging.recordFrameProfile(DeltaLogging.scala:140)
[2025-05-31T06:13:51.300+0000] {spark_submit.py:644} INFO - at org.apache.spark.sql.delta.metering.DeltaLogging.recordFrameProfile$(DeltaLogging.scala:138)
[2025-05-31T06:13:51.300+0000] {spark_submit.py:644} INFO - at org.apache.spark.sql.delta.DeltaLog.recordFrameProfile(DeltaLog.scala:72)
[2025-05-31T06:13:51.300+0000] {spark_submit.py:644} INFO - at org.apache.spark.sql.delta.SnapshotManagement.getSnapshotAtInit(SnapshotManagement.scala:434)
[2025-05-31T06:13:51.300+0000] {spark_submit.py:644} INFO - at org.apache.spark.sql.delta.SnapshotManagement.getSnapshotAtInit$(SnapshotManagement.scala:433)
[2025-05-31T06:13:51.301+0000] {spark_submit.py:644} INFO - at org.apache.spark.sql.delta.DeltaLog.getSnapshotAtInit(DeltaLog.scala:72)
[2025-05-31T06:13:51.301+0000] {spark_submit.py:644} INFO - at org.apache.spark.sql.delta.SnapshotManagement.$init$(SnapshotManagement.scala:60)
[2025-05-31T06:13:51.301+0000] {spark_submit.py:644} INFO - at org.apache.spark.sql.delta.DeltaLog.<init>(DeltaLog.scala:78)
[2025-05-31T06:13:51.301+0000] {spark_submit.py:644} INFO - at org.apache.spark.sql.delta.DeltaLog$.$anonfun$apply$4(DeltaLog.scala:779)
[2025-05-31T06:13:51.301+0000] {spark_submit.py:644} INFO - at org.apache.spark.sql.catalyst.plans.logical.AnalysisHelper$.allowInvokingTransformsInAnalyzer(AnalysisHelper.scala:323)
[2025-05-31T06:13:51.301+0000] {spark_submit.py:644} INFO - at org.apache.spark.sql.delta.DeltaLog$.$anonfun$apply$3(DeltaLog.scala:774)
[2025-05-31T06:13:51.301+0000] {spark_submit.py:644} INFO - at org.apache.spark.sql.delta.metering.DeltaLogging.recordFrameProfile(DeltaLogging.scala:140)
[2025-05-31T06:13:51.301+0000] {spark_submit.py:644} INFO - at org.apache.spark.sql.delta.metering.DeltaLogging.recordFrameProfile$(DeltaLogging.scala:138)
[2025-05-31T06:13:51.301+0000] {spark_submit.py:644} INFO - at org.apache.spark.sql.delta.DeltaLog$.recordFrameProfile(DeltaLog.scala:598)
[2025-05-31T06:13:51.302+0000] {spark_submit.py:644} INFO - at org.apache.spark.sql.delta.metering.DeltaLogging.$anonfun$recordDeltaOperationInternal$1(DeltaLogging.scala:133)
[2025-05-31T06:13:51.302+0000] {spark_submit.py:644} INFO - at com.databricks.spark.util.DatabricksLogging.recordOperation(DatabricksLogging.scala:128)
[2025-05-31T06:13:51.302+0000] {spark_submit.py:644} INFO - at com.databricks.spark.util.DatabricksLogging.recordOperation$(DatabricksLogging.scala:117)
[2025-05-31T06:13:51.302+0000] {spark_submit.py:644} INFO - at org.apache.spark.sql.delta.DeltaLog$.recordOperation(DeltaLog.scala:598)
[2025-05-31T06:13:51.302+0000] {spark_submit.py:644} INFO - at org.apache.spark.sql.delta.metering.DeltaLogging.recordDeltaOperationInternal(DeltaLogging.scala:132)
[2025-05-31T06:13:51.302+0000] {spark_submit.py:644} INFO - at org.apache.spark.sql.delta.metering.DeltaLogging.recordDeltaOperation(DeltaLogging.scala:122)
[2025-05-31T06:13:51.302+0000] {spark_submit.py:644} INFO - at org.apache.spark.sql.delta.metering.DeltaLogging.recordDeltaOperation$(DeltaLogging.scala:112)
[2025-05-31T06:13:51.302+0000] {spark_submit.py:644} INFO - at org.apache.spark.sql.delta.DeltaLog$.recordDeltaOperation(DeltaLog.scala:598)
[2025-05-31T06:13:51.302+0000] {spark_submit.py:644} INFO - at org.apache.spark.sql.delta.DeltaLog$.createDeltaLog$1(DeltaLog.scala:773)
[2025-05-31T06:13:51.302+0000] {spark_submit.py:644} INFO - at org.apache.spark.sql.delta.DeltaLog$.$anonfun$apply$5(DeltaLog.scala:791)
[2025-05-31T06:13:51.303+0000] {spark_submit.py:644} INFO - at com.google.common.cache.LocalCache$LocalManualCache$1.load(LocalCache.java:4792)
[2025-05-31T06:13:51.303+0000] {spark_submit.py:644} INFO - at com.google.common.cache.LocalCache$LoadingValueReference.loadFuture(LocalCache.java:3599)
[2025-05-31T06:13:51.303+0000] {spark_submit.py:644} INFO - at com.google.common.cache.LocalCache$Segment.loadSync(LocalCache.java:2379)
[2025-05-31T06:13:51.303+0000] {spark_submit.py:644} INFO - at com.google.common.cache.LocalCache$Segment.lockedGetOrLoad(LocalCache.java:2342)
[2025-05-31T06:13:51.303+0000] {spark_submit.py:644} INFO - at com.google.common.cache.LocalCache$Segment.get(LocalCache.java:2257)
[2025-05-31T06:13:51.303+0000] {spark_submit.py:644} INFO - at com.google.common.cache.LocalCache.get(LocalCache.java:4000)
[2025-05-31T06:13:51.303+0000] {spark_submit.py:644} INFO - at com.google.common.cache.LocalCache$LocalManualCache.get(LocalCache.java:4789)
[2025-05-31T06:13:51.303+0000] {spark_submit.py:644} INFO - at org.apache.spark.sql.delta.DeltaLog$.getDeltaLogFromCache$1(DeltaLog.scala:790)
[2025-05-31T06:13:51.304+0000] {spark_submit.py:644} INFO - at org.apache.spark.sql.delta.DeltaLog$.apply(DeltaLog.scala:800)
[2025-05-31T06:13:51.304+0000] {spark_submit.py:644} INFO - at org.apache.spark.sql.delta.DeltaLog$.forTable(DeltaLog.scala:677)
[2025-05-31T06:13:51.304+0000] {spark_submit.py:644} INFO - at org.apache.spark.sql.delta.sources.DeltaDataSource.createRelation(DeltaDataSource.scala:189)
[2025-05-31T06:13:51.304+0000] {spark_submit.py:644} INFO - at org.apache.spark.sql.execution.datasources.SaveIntoDataSourceCommand.run(SaveIntoDataSourceCommand.scala:48)
[2025-05-31T06:13:51.304+0000] {spark_submit.py:644} INFO - at org.apache.spark.sql.execution.command.ExecutedCommandExec.sideEffectResult$lzycompute(commands.scala:75)
[2025-05-31T06:13:51.304+0000] {spark_submit.py:644} INFO - at org.apache.spark.sql.execution.command.ExecutedCommandExec.sideEffectResult(commands.scala:73)
[2025-05-31T06:13:51.304+0000] {spark_submit.py:644} INFO - at org.apache.spark.sql.execution.command.ExecutedCommandExec.executeCollect(commands.scala:84)
[2025-05-31T06:13:51.305+0000] {spark_submit.py:644} INFO - at org.apache.spark.sql.execution.QueryExecution$$anonfun$eagerlyExecuteCommands$1.$anonfun$applyOrElse$1(QueryExecution.scala:107)
[2025-05-31T06:13:51.305+0000] {spark_submit.py:644} INFO - at org.apache.spark.sql.execution.SQLExecution$.$anonfun$withNewExecutionId$6(SQLExecution.scala:125)
[2025-05-31T06:13:51.305+0000] {spark_submit.py:644} INFO - at org.apache.spark.sql.execution.SQLExecution$.withSQLConfPropagated(SQLExecution.scala:201)
[2025-05-31T06:13:51.305+0000] {spark_submit.py:644} INFO - at org.apache.spark.sql.execution.SQLExecution$.$anonfun$withNewExecutionId$1(SQLExecution.scala:108)
[2025-05-31T06:13:51.305+0000] {spark_submit.py:644} INFO - at org.apache.spark.sql.SparkSession.withActive(SparkSession.scala:900)
[2025-05-31T06:13:51.305+0000] {spark_submit.py:644} INFO - at org.apache.spark.sql.execution.SQLExecution$.withNewExecutionId(SQLExecution.scala:66)
[2025-05-31T06:13:51.305+0000] {spark_submit.py:644} INFO - at org.apache.spark.sql.execution.QueryExecution$$anonfun$eagerlyExecuteCommands$1.applyOrElse(QueryExecution.scala:107)
[2025-05-31T06:13:51.306+0000] {spark_submit.py:644} INFO - at org.apache.spark.sql.execution.QueryExecution$$anonfun$eagerlyExecuteCommands$1.applyOrElse(QueryExecution.scala:98)
[2025-05-31T06:13:51.306+0000] {spark_submit.py:644} INFO - at org.apache.spark.sql.catalyst.trees.TreeNode.$anonfun$transformDownWithPruning$1(TreeNode.scala:461)
[2025-05-31T06:13:51.306+0000] {spark_submit.py:644} INFO - at org.apache.spark.sql.catalyst.trees.CurrentOrigin$.withOrigin(origin.scala:76)
[2025-05-31T06:13:51.306+0000] {spark_submit.py:644} INFO - at org.apache.spark.sql.catalyst.trees.TreeNode.transformDownWithPruning(TreeNode.scala:461)
[2025-05-31T06:13:51.306+0000] {spark_submit.py:644} INFO - at org.apache.spark.sql.catalyst.plans.logical.LogicalPlan.org$apache$spark$sql$catalyst$plans$logical$AnalysisHelper$$super$transformDownWithPruning(LogicalPlan.scala:32)
[2025-05-31T06:13:51.306+0000] {spark_submit.py:644} INFO - at org.apache.spark.sql.catalyst.plans.logical.AnalysisHelper.transformDownWithPruning(AnalysisHelper.scala:267)
[2025-05-31T06:13:51.306+0000] {spark_submit.py:644} INFO - at org.apache.spark.sql.catalyst.plans.logical.AnalysisHelper.transformDownWithPruning$(AnalysisHelper.scala:263)
[2025-05-31T06:13:51.307+0000] {spark_submit.py:644} INFO - at org.apache.spark.sql.catalyst.plans.logical.LogicalPlan.transformDownWithPruning(LogicalPlan.scala:32)
[2025-05-31T06:13:51.307+0000] {spark_submit.py:644} INFO - at org.apache.spark.sql.catalyst.plans.logical.LogicalPlan.transformDownWithPruning(LogicalPlan.scala:32)
[2025-05-31T06:13:51.307+0000] {spark_submit.py:644} INFO - at org.apache.spark.sql.catalyst.trees.TreeNode.transformDown(TreeNode.scala:437)
[2025-05-31T06:13:51.307+0000] {spark_submit.py:644} INFO - at org.apache.spark.sql.execution.QueryExecution.eagerlyExecuteCommands(QueryExecution.scala:98)
[2025-05-31T06:13:51.307+0000] {spark_submit.py:644} INFO - at org.apache.spark.sql.execution.QueryExecution.commandExecuted$lzycompute(QueryExecution.scala:85)
[2025-05-31T06:13:51.307+0000] {spark_submit.py:644} INFO - at org.apache.spark.sql.execution.QueryExecution.commandExecuted(QueryExecution.scala:83)
[2025-05-31T06:13:51.308+0000] {spark_submit.py:644} INFO - at org.apache.spark.sql.execution.QueryExecution.assertCommandExecuted(QueryExecution.scala:142)
[2025-05-31T06:13:51.308+0000] {spark_submit.py:644} INFO - at org.apache.spark.sql.DataFrameWriter.runCommand(DataFrameWriter.scala:859)
[2025-05-31T06:13:51.308+0000] {spark_submit.py:644} INFO - at org.apache.spark.sql.DataFrameWriter.saveToV1Source(DataFrameWriter.scala:388)
[2025-05-31T06:13:51.308+0000] {spark_submit.py:644} INFO - at org.apache.spark.sql.DataFrameWriter.saveInternal(DataFrameWriter.scala:304)
[2025-05-31T06:13:51.308+0000] {spark_submit.py:644} INFO - at org.apache.spark.sql.DataFrameWriter.save(DataFrameWriter.scala:240)
[2025-05-31T06:13:51.308+0000] {spark_submit.py:644} INFO - at java.base/jdk.internal.reflect.NativeMethodAccessorImpl.invoke0(Native Method)
[2025-05-31T06:13:51.308+0000] {spark_submit.py:644} INFO - at java.base/jdk.internal.reflect.NativeMethodAccessorImpl.invoke(NativeMethodAccessorImpl.java:77)
[2025-05-31T06:13:51.308+0000] {spark_submit.py:644} INFO - at java.base/jdk.internal.reflect.DelegatingMethodAccessorImpl.invoke(DelegatingMethodAccessorImpl.java:43)
[2025-05-31T06:13:51.309+0000] {spark_submit.py:644} INFO - at java.base/java.lang.reflect.Method.invoke(Method.java:569)
[2025-05-31T06:13:51.309+0000] {spark_submit.py:644} INFO - at py4j.reflection.MethodInvoker.invoke(MethodInvoker.java:244)
[2025-05-31T06:13:51.309+0000] {spark_submit.py:644} INFO - at py4j.reflection.ReflectionEngine.invoke(ReflectionEngine.java:374)
[2025-05-31T06:13:51.309+0000] {spark_submit.py:644} INFO - at py4j.Gateway.invoke(Gateway.java:282)
[2025-05-31T06:13:51.309+0000] {spark_submit.py:644} INFO - at py4j.commands.AbstractCommand.invokeMethod(AbstractCommand.java:132)
[2025-05-31T06:13:51.309+0000] {spark_submit.py:644} INFO - at py4j.commands.CallCommand.execute(CallCommand.java:79)
[2025-05-31T06:13:51.309+0000] {spark_submit.py:644} INFO - at py4j.ClientServerConnection.waitForCommands(ClientServerConnection.java:182)
[2025-05-31T06:13:51.310+0000] {spark_submit.py:644} INFO - at py4j.ClientServerConnection.run(ClientServerConnection.java:106)
[2025-05-31T06:13:51.310+0000] {spark_submit.py:644} INFO - at java.base/java.lang.Thread.run(Thread.java:840)
[2025-05-31T06:13:51.310+0000] {spark_submit.py:644} INFO - Caused by: com.amazonaws.services.s3.model.AmazonS3Exception: The specified bucket does not exist (Service: Amazon S3; Status Code: 404; Error Code: NoSuchBucket; Request ID: 184487F28C39A29E; S3 Extended Request ID: dd9025bab4ad464b049177c95eb6ebf374d3b3fd1af9251148b658df7ac2e3e8; Proxy: null), S3 Extended Request ID: dd9025bab4ad464b049177c95eb6ebf374d3b3fd1af9251148b658df7ac2e3e8
[2025-05-31T06:13:51.310+0000] {spark_submit.py:644} INFO - at com.amazonaws.http.AmazonHttpClient$RequestExecutor.handleErrorResponse(AmazonHttpClient.java:1879)
[2025-05-31T06:13:51.310+0000] {spark_submit.py:644} INFO - at com.amazonaws.http.AmazonHttpClient$RequestExecutor.handleServiceErrorResponse(AmazonHttpClient.java:1418)
[2025-05-31T06:13:51.310+0000] {spark_submit.py:644} INFO - at com.amazonaws.http.AmazonHttpClient$RequestExecutor.executeOneRequest(AmazonHttpClient.java:1387)
[2025-05-31T06:13:51.310+0000] {spark_submit.py:644} INFO - at com.amazonaws.http.AmazonHttpClient$RequestExecutor.executeHelper(AmazonHttpClient.java:1157)
[2025-05-31T06:13:51.311+0000] {spark_submit.py:644} INFO - at com.amazonaws.http.AmazonHttpClient$RequestExecutor.doExecute(AmazonHttpClient.java:814)
[2025-05-31T06:13:51.311+0000] {spark_submit.py:644} INFO - at com.amazonaws.http.AmazonHttpClient$RequestExecutor.executeWithTimer(AmazonHttpClient.java:781)
[2025-05-31T06:13:51.311+0000] {spark_submit.py:644} INFO - at com.amazonaws.http.AmazonHttpClient$RequestExecutor.execute(AmazonHttpClient.java:755)
[2025-05-31T06:13:51.311+0000] {spark_submit.py:644} INFO - at com.amazonaws.http.AmazonHttpClient$RequestExecutor.access$500(AmazonHttpClient.java:715)
[2025-05-31T06:13:51.311+0000] {spark_submit.py:644} INFO - at com.amazonaws.http.AmazonHttpClient$RequestExecutionBuilderImpl.execute(AmazonHttpClient.java:697)
[2025-05-31T06:13:51.311+0000] {spark_submit.py:644} INFO - at com.amazonaws.http.AmazonHttpClient.execute(AmazonHttpClient.java:561)
[2025-05-31T06:13:51.311+0000] {spark_submit.py:644} INFO - at com.amazonaws.http.AmazonHttpClient.execute(AmazonHttpClient.java:541)
[2025-05-31T06:13:51.312+0000] {spark_submit.py:644} INFO - at com.amazonaws.services.s3.AmazonS3Client.invoke(AmazonS3Client.java:5456)
[2025-05-31T06:13:51.312+0000] {spark_submit.py:644} INFO - at com.amazonaws.services.s3.AmazonS3Client.invoke(AmazonS3Client.java:5403)
[2025-05-31T06:13:51.312+0000] {spark_submit.py:644} INFO - at com.amazonaws.services.s3.AmazonS3Client.invoke(AmazonS3Client.java:5397)
[2025-05-31T06:13:51.312+0000] {spark_submit.py:644} INFO - at com.amazonaws.services.s3.AmazonS3Client.listObjectsV2(AmazonS3Client.java:971)
[2025-05-31T06:13:51.312+0000] {spark_submit.py:644} INFO - at org.apache.hadoop.fs.s3a.S3AFileSystem.lambda$listObjects$11(S3AFileSystem.java:2595)
[2025-05-31T06:13:51.312+0000] {spark_submit.py:644} INFO - at org.apache.hadoop.fs.statistics.impl.IOStatisticsBinding.lambda$trackDurationOfOperation$5(IOStatisticsBinding.java:499)
[2025-05-31T06:13:51.312+0000] {spark_submit.py:644} INFO - at org.apache.hadoop.fs.s3a.Invoker.retryUntranslated(Invoker.java:414)
[2025-05-31T06:13:51.312+0000] {spark_submit.py:644} INFO - at org.apache.hadoop.fs.s3a.Invoker.retryUntranslated(Invoker.java:377)
[2025-05-31T06:13:51.313+0000] {spark_submit.py:644} INFO - at org.apache.hadoop.fs.s3a.S3AFileSystem.listObjects(S3AFileSystem.java:2586)
[2025-05-31T06:13:51.313+0000] {spark_submit.py:644} INFO - at org.apache.hadoop.fs.s3a.S3AFileSystem.s3GetFileStatus(S3AFileSystem.java:3832)
[2025-05-31T06:13:51.313+0000] {spark_submit.py:644} INFO - ... 115 more
[2025-05-31T06:13:51.313+0000] {spark_submit.py:644} INFO - 
[2025-05-31T06:13:51.313+0000] {spark_submit.py:644} INFO - Traceback (most recent call last):
[2025-05-31T06:13:51.313+0000] {spark_submit.py:644} INFO - File "/opt/***/dags/medallion_etl.py", line 74, in <module>
[2025-05-31T06:13:51.313+0000] {spark_submit.py:644} INFO - main()
[2025-05-31T06:13:51.314+0000] {spark_submit.py:644} INFO - ^^^^^^
[2025-05-31T06:13:51.314+0000] {spark_submit.py:644} INFO - File "/opt/***/dags/medallion_etl.py", line 64, in main
[2025-05-31T06:13:51.314+0000] {spark_submit.py:644} INFO - sales_df_with_ts.write.format("delta").mode("overwrite").save(output_path)
[2025-05-31T06:13:51.314+0000] {spark_submit.py:644} INFO - File "/home/***/.local/lib/python3.11/site-packages/pyspark/python/lib/pyspark.zip/pyspark/sql/readwriter.py", line 1463, in save
[2025-05-31T06:13:51.314+0000] {spark_submit.py:644} INFO - File "/home/***/.local/lib/python3.11/site-packages/pyspark/python/lib/py4j-0.10.9.7-src.zip/py4j/java_gateway.py", line 1322, in __call__
[2025-05-31T06:13:51.314+0000] {spark_submit.py:644} INFO - File "/home/***/.local/lib/python3.11/site-packages/pyspark/python/lib/pyspark.zip/pyspark/errors/exceptions/captured.py", line 179, in deco
[2025-05-31T06:13:51.315+0000] {spark_submit.py:644} INFO - File "/home/***/.local/lib/python3.11/site-packages/pyspark/python/lib/py4j-0.10.9.7-src.zip/py4j/protocol.py", line 326, in get_return_value
[2025-05-31T06:13:51.330+0000] {spark_submit.py:644} INFO - py4j.protocol.Py4JJavaError: An error occurred while calling o60.save.
[2025-05-31T06:13:51.331+0000] {spark_submit.py:644} INFO - : org.apache.hadoop.fs.s3a.UnknownStoreException: `s3a://bronze/sales_orders/20250531061347/_delta_log': getFileStatus on s3a://bronze/sales_orders/20250531061347/_delta_log: com.amazonaws.services.s3.model.AmazonS3Exception: The specified bucket does not exist (Service: Amazon S3; Status Code: 404; Error Code: NoSuchBucket; Request ID: 184487F28C39A29E; S3 Extended Request ID: dd9025bab4ad464b049177c95eb6ebf374d3b3fd1af9251148b658df7ac2e3e8; Proxy: null), S3 Extended Request ID: dd9025bab4ad464b049177c95eb6ebf374d3b3fd1af9251148b658df7ac2e3e8:NoSuchBucket: The specified bucket does not exist (Service: Amazon S3; Status Code: 404; Error Code: NoSuchBucket; Request ID: 184487F28C39A29E; S3 Extended Request ID: dd9025bab4ad464b049177c95eb6ebf374d3b3fd1af9251148b658df7ac2e3e8; Proxy: null)
[2025-05-31T06:13:51.331+0000] {spark_submit.py:644} INFO - at org.apache.hadoop.fs.s3a.S3AUtils.translateException(S3AUtils.java:263)
[2025-05-31T06:13:51.331+0000] {spark_submit.py:644} INFO - at org.apache.hadoop.fs.s3a.S3AUtils.translateException(S3AUtils.java:175)
[2025-05-31T06:13:51.331+0000] {spark_submit.py:644} INFO - at org.apache.hadoop.fs.s3a.S3AFileSystem.s3GetFileStatus(S3AFileSystem.java:3858)
[2025-05-31T06:13:51.332+0000] {spark_submit.py:644} INFO - at org.apache.hadoop.fs.s3a.S3AFileSystem.innerGetFileStatus(S3AFileSystem.java:3688)
[2025-05-31T06:13:51.332+0000] {spark_submit.py:644} INFO - at org.apache.hadoop.fs.s3a.S3AFileSystem.lambda$exists$34(S3AFileSystem.java:4703)
[2025-05-31T06:13:51.332+0000] {spark_submit.py:644} INFO - at org.apache.hadoop.fs.statistics.impl.IOStatisticsBinding.lambda$trackDurationOfOperation$5(IOStatisticsBinding.java:499)
[2025-05-31T06:13:51.332+0000] {spark_submit.py:644} INFO - at org.apache.hadoop.fs.statistics.impl.IOStatisticsBinding.trackDuration(IOStatisticsBinding.java:444)
[2025-05-31T06:13:51.332+0000] {spark_submit.py:644} INFO - at org.apache.hadoop.fs.s3a.S3AFileSystem.trackDurationAndSpan(S3AFileSystem.java:2337)
[2025-05-31T06:13:51.333+0000] {spark_submit.py:644} INFO - at org.apache.hadoop.fs.s3a.S3AFileSystem.trackDurationAndSpan(S3AFileSystem.java:2356)
[2025-05-31T06:13:51.333+0000] {spark_submit.py:644} INFO - at org.apache.hadoop.fs.s3a.S3AFileSystem.exists(S3AFileSystem.java:4701)
[2025-05-31T06:13:51.333+0000] {spark_submit.py:644} INFO - at io.delta.storage.S3SingleDriverLogStore.listFromInternal(S3SingleDriverLogStore.java:201)
[2025-05-31T06:13:51.333+0000] {spark_submit.py:644} INFO - at io.delta.storage.S3SingleDriverLogStore.listFrom(S3SingleDriverLogStore.java:306)
[2025-05-31T06:13:51.334+0000] {spark_submit.py:644} INFO - at org.apache.spark.sql.delta.storage.LogStoreAdaptor.listFrom(LogStore.scala:452)
[2025-05-31T06:13:51.334+0000] {spark_submit.py:644} INFO - at org.apache.spark.sql.delta.storage.DelegatingLogStore.listFrom(DelegatingLogStore.scala:127)
[2025-05-31T06:13:51.334+0000] {spark_submit.py:644} INFO - at org.apache.spark.sql.delta.SnapshotManagement.listFrom(SnapshotManagement.scala:94)
[2025-05-31T06:13:51.334+0000] {spark_submit.py:644} INFO - at org.apache.spark.sql.delta.SnapshotManagement.listFrom$(SnapshotManagement.scala:93)
[2025-05-31T06:13:51.334+0000] {spark_submit.py:644} INFO - at org.apache.spark.sql.delta.DeltaLog.listFrom(DeltaLog.scala:72)
[2025-05-31T06:13:51.334+0000] {spark_submit.py:644} INFO - at org.apache.spark.sql.delta.SnapshotManagement.listFromOrNone(SnapshotManagement.scala:111)
[2025-05-31T06:13:51.335+0000] {spark_submit.py:644} INFO - at org.apache.spark.sql.delta.SnapshotManagement.listFromOrNone$(SnapshotManagement.scala:107)
[2025-05-31T06:13:51.335+0000] {spark_submit.py:644} INFO - at org.apache.spark.sql.delta.DeltaLog.listFromOrNone(DeltaLog.scala:72)
[2025-05-31T06:13:51.335+0000] {spark_submit.py:644} INFO - at org.apache.spark.sql.delta.SnapshotManagement.$anonfun$listDeltaCompactedDeltaAndCheckpointFiles$1(SnapshotManagement.scala:132)
[2025-05-31T06:13:51.335+0000] {spark_submit.py:644} INFO - at org.apache.spark.sql.delta.metering.DeltaLogging.recordFrameProfile(DeltaLogging.scala:140)
[2025-05-31T06:13:51.335+0000] {spark_submit.py:644} INFO - at org.apache.spark.sql.delta.metering.DeltaLogging.recordFrameProfile$(DeltaLogging.scala:138)
[2025-05-31T06:13:51.336+0000] {spark_submit.py:644} INFO - at org.apache.spark.sql.delta.DeltaLog.recordFrameProfile(DeltaLog.scala:72)
[2025-05-31T06:13:51.336+0000] {spark_submit.py:644} INFO - at org.apache.spark.sql.delta.metering.DeltaLogging.$anonfun$recordDeltaOperationInternal$1(DeltaLogging.scala:133)
[2025-05-31T06:13:51.336+0000] {spark_submit.py:644} INFO - at com.databricks.spark.util.DatabricksLogging.recordOperation(DatabricksLogging.scala:128)
[2025-05-31T06:13:51.336+0000] {spark_submit.py:644} INFO - at com.databricks.spark.util.DatabricksLogging.recordOperation$(DatabricksLogging.scala:117)
[2025-05-31T06:13:51.336+0000] {spark_submit.py:644} INFO - at org.apache.spark.sql.delta.DeltaLog.recordOperation(DeltaLog.scala:72)
[2025-05-31T06:13:51.337+0000] {spark_submit.py:644} INFO - at org.apache.spark.sql.delta.metering.DeltaLogging.recordDeltaOperationInternal(DeltaLogging.scala:132)
[2025-05-31T06:13:51.337+0000] {spark_submit.py:644} INFO - at org.apache.spark.sql.delta.metering.DeltaLogging.recordDeltaOperation(DeltaLogging.scala:122)
[2025-05-31T06:13:51.337+0000] {spark_submit.py:644} INFO - at org.apache.spark.sql.delta.metering.DeltaLogging.recordDeltaOperation$(DeltaLogging.scala:112)
[2025-05-31T06:13:51.337+0000] {spark_submit.py:644} INFO - at org.apache.spark.sql.delta.DeltaLog.recordDeltaOperation(DeltaLog.scala:72)
[2025-05-31T06:13:51.337+0000] {spark_submit.py:644} INFO - at org.apache.spark.sql.delta.SnapshotManagement.listDeltaCompactedDeltaAndCheckpointFiles(SnapshotManagement.scala:132)
[2025-05-31T06:13:51.337+0000] {spark_submit.py:644} INFO - at org.apache.spark.sql.delta.SnapshotManagement.listDeltaCompactedDeltaAndCheckpointFiles$(SnapshotManagement.scala:127)
[2025-05-31T06:13:51.338+0000] {spark_submit.py:644} INFO - at org.apache.spark.sql.delta.DeltaLog.listDeltaCompactedDeltaAndCheckpointFiles(DeltaLog.scala:72)
[2025-05-31T06:13:51.338+0000] {spark_submit.py:644} INFO - at org.apache.spark.sql.delta.SnapshotManagement.getLogSegmentForVersion(SnapshotManagement.scala:178)
[2025-05-31T06:13:51.338+0000] {spark_submit.py:644} INFO - at org.apache.spark.sql.delta.SnapshotManagement.getLogSegmentForVersion$(SnapshotManagement.scala:165)
[2025-05-31T06:13:51.338+0000] {spark_submit.py:644} INFO - at org.apache.spark.sql.delta.DeltaLog.getLogSegmentForVersion(DeltaLog.scala:72)
[2025-05-31T06:13:51.338+0000] {spark_submit.py:644} INFO - at org.apache.spark.sql.delta.SnapshotManagement.getLogSegmentFrom(SnapshotManagement.scala:88)
[2025-05-31T06:13:51.339+0000] {spark_submit.py:644} INFO - at org.apache.spark.sql.delta.SnapshotManagement.getLogSegmentFrom$(SnapshotManagement.scala:84)
[2025-05-31T06:13:51.339+0000] {spark_submit.py:644} INFO - at org.apache.spark.sql.delta.DeltaLog.getLogSegmentFrom(DeltaLog.scala:72)
[2025-05-31T06:13:51.339+0000] {spark_submit.py:644} INFO - at org.apache.spark.sql.delta.SnapshotManagement.$anonfun$getSnapshotAtInit$1(SnapshotManagement.scala:438)
[2025-05-31T06:13:51.339+0000] {spark_submit.py:644} INFO - at org.apache.spark.sql.delta.metering.DeltaLogging.recordFrameProfile(DeltaLogging.scala:140)
[2025-05-31T06:13:51.339+0000] {spark_submit.py:644} INFO - at org.apache.spark.sql.delta.metering.DeltaLogging.recordFrameProfile$(DeltaLogging.scala:138)
[2025-05-31T06:13:51.339+0000] {spark_submit.py:644} INFO - at org.apache.spark.sql.delta.DeltaLog.recordFrameProfile(DeltaLog.scala:72)
[2025-05-31T06:13:51.340+0000] {spark_submit.py:644} INFO - at org.apache.spark.sql.delta.SnapshotManagement.getSnapshotAtInit(SnapshotManagement.scala:434)
[2025-05-31T06:13:51.340+0000] {spark_submit.py:644} INFO - at org.apache.spark.sql.delta.SnapshotManagement.getSnapshotAtInit$(SnapshotManagement.scala:433)
[2025-05-31T06:13:51.340+0000] {spark_submit.py:644} INFO - at org.apache.spark.sql.delta.DeltaLog.getSnapshotAtInit(DeltaLog.scala:72)
[2025-05-31T06:13:51.340+0000] {spark_submit.py:644} INFO - at org.apache.spark.sql.delta.SnapshotManagement.$init$(SnapshotManagement.scala:60)
[2025-05-31T06:13:51.340+0000] {spark_submit.py:644} INFO - at org.apache.spark.sql.delta.DeltaLog.<init>(DeltaLog.scala:78)
[2025-05-31T06:13:51.340+0000] {spark_submit.py:644} INFO - at org.apache.spark.sql.delta.DeltaLog$.$anonfun$apply$4(DeltaLog.scala:779)
[2025-05-31T06:13:51.340+0000] {spark_submit.py:644} INFO - at org.apache.spark.sql.catalyst.plans.logical.AnalysisHelper$.allowInvokingTransformsInAnalyzer(AnalysisHelper.scala:323)
[2025-05-31T06:13:51.341+0000] {spark_submit.py:644} INFO - at org.apache.spark.sql.delta.DeltaLog$.$anonfun$apply$3(DeltaLog.scala:774)
[2025-05-31T06:13:51.341+0000] {spark_submit.py:644} INFO - at org.apache.spark.sql.delta.metering.DeltaLogging.recordFrameProfile(DeltaLogging.scala:140)
[2025-05-31T06:13:51.341+0000] {spark_submit.py:644} INFO - at org.apache.spark.sql.delta.metering.DeltaLogging.recordFrameProfile$(DeltaLogging.scala:138)
[2025-05-31T06:13:51.341+0000] {spark_submit.py:644} INFO - at org.apache.spark.sql.delta.DeltaLog$.recordFrameProfile(DeltaLog.scala:598)
[2025-05-31T06:13:51.341+0000] {spark_submit.py:644} INFO - at org.apache.spark.sql.delta.metering.DeltaLogging.$anonfun$recordDeltaOperationInternal$1(DeltaLogging.scala:133)
[2025-05-31T06:13:51.341+0000] {spark_submit.py:644} INFO - at com.databricks.spark.util.DatabricksLogging.recordOperation(DatabricksLogging.scala:128)
[2025-05-31T06:13:51.342+0000] {spark_submit.py:644} INFO - at com.databricks.spark.util.DatabricksLogging.recordOperation$(DatabricksLogging.scala:117)
[2025-05-31T06:13:51.342+0000] {spark_submit.py:644} INFO - at org.apache.spark.sql.delta.DeltaLog$.recordOperation(DeltaLog.scala:598)
[2025-05-31T06:13:51.342+0000] {spark_submit.py:644} INFO - at org.apache.spark.sql.delta.metering.DeltaLogging.recordDeltaOperationInternal(DeltaLogging.scala:132)
[2025-05-31T06:13:51.342+0000] {spark_submit.py:644} INFO - at org.apache.spark.sql.delta.metering.DeltaLogging.recordDeltaOperation(DeltaLogging.scala:122)
[2025-05-31T06:13:51.342+0000] {spark_submit.py:644} INFO - at org.apache.spark.sql.delta.metering.DeltaLogging.recordDeltaOperation$(DeltaLogging.scala:112)
[2025-05-31T06:13:51.342+0000] {spark_submit.py:644} INFO - at org.apache.spark.sql.delta.DeltaLog$.recordDeltaOperation(DeltaLog.scala:598)
[2025-05-31T06:13:51.342+0000] {spark_submit.py:644} INFO - at org.apache.spark.sql.delta.DeltaLog$.createDeltaLog$1(DeltaLog.scala:773)
[2025-05-31T06:13:51.343+0000] {spark_submit.py:644} INFO - at org.apache.spark.sql.delta.DeltaLog$.$anonfun$apply$5(DeltaLog.scala:791)
[2025-05-31T06:13:51.343+0000] {spark_submit.py:644} INFO - at com.google.common.cache.LocalCache$LocalManualCache$1.load(LocalCache.java:4792)
[2025-05-31T06:13:51.343+0000] {spark_submit.py:644} INFO - at com.google.common.cache.LocalCache$LoadingValueReference.loadFuture(LocalCache.java:3599)
[2025-05-31T06:13:51.343+0000] {spark_submit.py:644} INFO - at com.google.common.cache.LocalCache$Segment.loadSync(LocalCache.java:2379)
[2025-05-31T06:13:51.343+0000] {spark_submit.py:644} INFO - at com.google.common.cache.LocalCache$Segment.lockedGetOrLoad(LocalCache.java:2342)
[2025-05-31T06:13:51.343+0000] {spark_submit.py:644} INFO - at com.google.common.cache.LocalCache$Segment.get(LocalCache.java:2257)
[2025-05-31T06:13:51.344+0000] {spark_submit.py:644} INFO - at com.google.common.cache.LocalCache.get(LocalCache.java:4000)
[2025-05-31T06:13:51.344+0000] {spark_submit.py:644} INFO - at com.google.common.cache.LocalCache$LocalManualCache.get(LocalCache.java:4789)
[2025-05-31T06:13:51.344+0000] {spark_submit.py:644} INFO - at org.apache.spark.sql.delta.DeltaLog$.getDeltaLogFromCache$1(DeltaLog.scala:790)
[2025-05-31T06:13:51.344+0000] {spark_submit.py:644} INFO - at org.apache.spark.sql.delta.DeltaLog$.apply(DeltaLog.scala:800)
[2025-05-31T06:13:51.344+0000] {spark_submit.py:644} INFO - at org.apache.spark.sql.delta.DeltaLog$.forTable(DeltaLog.scala:677)
[2025-05-31T06:13:51.344+0000] {spark_submit.py:644} INFO - at org.apache.spark.sql.delta.sources.DeltaDataSource.createRelation(DeltaDataSource.scala:189)
[2025-05-31T06:13:51.345+0000] {spark_submit.py:644} INFO - at org.apache.spark.sql.execution.datasources.SaveIntoDataSourceCommand.run(SaveIntoDataSourceCommand.scala:48)
[2025-05-31T06:13:51.345+0000] {spark_submit.py:644} INFO - at org.apache.spark.sql.execution.command.ExecutedCommandExec.sideEffectResult$lzycompute(commands.scala:75)
[2025-05-31T06:13:51.345+0000] {spark_submit.py:644} INFO - at org.apache.spark.sql.execution.command.ExecutedCommandExec.sideEffectResult(commands.scala:73)
[2025-05-31T06:13:51.345+0000] {spark_submit.py:644} INFO - at org.apache.spark.sql.execution.command.ExecutedCommandExec.executeCollect(commands.scala:84)
[2025-05-31T06:13:51.345+0000] {spark_submit.py:644} INFO - at org.apache.spark.sql.execution.QueryExecution$$anonfun$eagerlyExecuteCommands$1.$anonfun$applyOrElse$1(QueryExecution.scala:107)
[2025-05-31T06:13:51.345+0000] {spark_submit.py:644} INFO - at org.apache.spark.sql.execution.SQLExecution$.$anonfun$withNewExecutionId$6(SQLExecution.scala:125)
[2025-05-31T06:13:51.345+0000] {spark_submit.py:644} INFO - at org.apache.spark.sql.execution.SQLExecution$.withSQLConfPropagated(SQLExecution.scala:201)
[2025-05-31T06:13:51.346+0000] {spark_submit.py:644} INFO - at org.apache.spark.sql.execution.SQLExecution$.$anonfun$withNewExecutionId$1(SQLExecution.scala:108)
[2025-05-31T06:13:51.346+0000] {spark_submit.py:644} INFO - at org.apache.spark.sql.SparkSession.withActive(SparkSession.scala:900)
[2025-05-31T06:13:51.346+0000] {spark_submit.py:644} INFO - at org.apache.spark.sql.execution.SQLExecution$.withNewExecutionId(SQLExecution.scala:66)
[2025-05-31T06:13:51.346+0000] {spark_submit.py:644} INFO - at org.apache.spark.sql.execution.QueryExecution$$anonfun$eagerlyExecuteCommands$1.applyOrElse(QueryExecution.scala:107)
[2025-05-31T06:13:51.346+0000] {spark_submit.py:644} INFO - at org.apache.spark.sql.execution.QueryExecution$$anonfun$eagerlyExecuteCommands$1.applyOrElse(QueryExecution.scala:98)
[2025-05-31T06:13:51.346+0000] {spark_submit.py:644} INFO - at org.apache.spark.sql.catalyst.trees.TreeNode.$anonfun$transformDownWithPruning$1(TreeNode.scala:461)
[2025-05-31T06:13:51.347+0000] {spark_submit.py:644} INFO - at org.apache.spark.sql.catalyst.trees.CurrentOrigin$.withOrigin(origin.scala:76)
[2025-05-31T06:13:51.347+0000] {spark_submit.py:644} INFO - at org.apache.spark.sql.catalyst.trees.TreeNode.transformDownWithPruning(TreeNode.scala:461)
[2025-05-31T06:13:51.347+0000] {spark_submit.py:644} INFO - at org.apache.spark.sql.catalyst.plans.logical.LogicalPlan.org$apache$spark$sql$catalyst$plans$logical$AnalysisHelper$$super$transformDownWithPruning(LogicalPlan.scala:32)
[2025-05-31T06:13:51.347+0000] {spark_submit.py:644} INFO - at org.apache.spark.sql.catalyst.plans.logical.AnalysisHelper.transformDownWithPruning(AnalysisHelper.scala:267)
[2025-05-31T06:13:51.347+0000] {spark_submit.py:644} INFO - at org.apache.spark.sql.catalyst.plans.logical.AnalysisHelper.transformDownWithPruning$(AnalysisHelper.scala:263)
[2025-05-31T06:13:51.347+0000] {spark_submit.py:644} INFO - at org.apache.spark.sql.catalyst.plans.logical.LogicalPlan.transformDownWithPruning(LogicalPlan.scala:32)
[2025-05-31T06:13:51.347+0000] {spark_submit.py:644} INFO - at org.apache.spark.sql.catalyst.plans.logical.LogicalPlan.transformDownWithPruning(LogicalPlan.scala:32)
[2025-05-31T06:13:51.348+0000] {spark_submit.py:644} INFO - at org.apache.spark.sql.catalyst.trees.TreeNode.transformDown(TreeNode.scala:437)
[2025-05-31T06:13:51.348+0000] {spark_submit.py:644} INFO - at org.apache.spark.sql.execution.QueryExecution.eagerlyExecuteCommands(QueryExecution.scala:98)
[2025-05-31T06:13:51.348+0000] {spark_submit.py:644} INFO - at org.apache.spark.sql.execution.QueryExecution.commandExecuted$lzycompute(QueryExecution.scala:85)
[2025-05-31T06:13:51.348+0000] {spark_submit.py:644} INFO - at org.apache.spark.sql.execution.QueryExecution.commandExecuted(QueryExecution.scala:83)
[2025-05-31T06:13:51.348+0000] {spark_submit.py:644} INFO - at org.apache.spark.sql.execution.QueryExecution.assertCommandExecuted(QueryExecution.scala:142)
[2025-05-31T06:13:51.348+0000] {spark_submit.py:644} INFO - at org.apache.spark.sql.DataFrameWriter.runCommand(DataFrameWriter.scala:859)
[2025-05-31T06:13:51.349+0000] {spark_submit.py:644} INFO - at org.apache.spark.sql.DataFrameWriter.saveToV1Source(DataFrameWriter.scala:388)
[2025-05-31T06:13:51.349+0000] {spark_submit.py:644} INFO - at org.apache.spark.sql.DataFrameWriter.saveInternal(DataFrameWriter.scala:304)
[2025-05-31T06:13:51.349+0000] {spark_submit.py:644} INFO - at org.apache.spark.sql.DataFrameWriter.save(DataFrameWriter.scala:240)
[2025-05-31T06:13:51.349+0000] {spark_submit.py:644} INFO - at java.base/jdk.internal.reflect.NativeMethodAccessorImpl.invoke0(Native Method)
[2025-05-31T06:13:51.349+0000] {spark_submit.py:644} INFO - at java.base/jdk.internal.reflect.NativeMethodAccessorImpl.invoke(NativeMethodAccessorImpl.java:77)
[2025-05-31T06:13:51.349+0000] {spark_submit.py:644} INFO - at java.base/jdk.internal.reflect.DelegatingMethodAccessorImpl.invoke(DelegatingMethodAccessorImpl.java:43)
[2025-05-31T06:13:51.349+0000] {spark_submit.py:644} INFO - at java.base/java.lang.reflect.Method.invoke(Method.java:569)
[2025-05-31T06:13:51.350+0000] {spark_submit.py:644} INFO - at py4j.reflection.MethodInvoker.invoke(MethodInvoker.java:244)
[2025-05-31T06:13:51.350+0000] {spark_submit.py:644} INFO - at py4j.reflection.ReflectionEngine.invoke(ReflectionEngine.java:374)
[2025-05-31T06:13:51.350+0000] {spark_submit.py:644} INFO - at py4j.Gateway.invoke(Gateway.java:282)
[2025-05-31T06:13:51.350+0000] {spark_submit.py:644} INFO - at py4j.commands.AbstractCommand.invokeMethod(AbstractCommand.java:132)
[2025-05-31T06:13:51.350+0000] {spark_submit.py:644} INFO - at py4j.commands.CallCommand.execute(CallCommand.java:79)
[2025-05-31T06:13:51.350+0000] {spark_submit.py:644} INFO - at py4j.ClientServerConnection.waitForCommands(ClientServerConnection.java:182)
[2025-05-31T06:13:51.351+0000] {spark_submit.py:644} INFO - at py4j.ClientServerConnection.run(ClientServerConnection.java:106)
[2025-05-31T06:13:51.351+0000] {spark_submit.py:644} INFO - at java.base/java.lang.Thread.run(Thread.java:840)
[2025-05-31T06:13:51.351+0000] {spark_submit.py:644} INFO - Caused by: com.amazonaws.services.s3.model.AmazonS3Exception: The specified bucket does not exist (Service: Amazon S3; Status Code: 404; Error Code: NoSuchBucket; Request ID: 184487F28C39A29E; S3 Extended Request ID: dd9025bab4ad464b049177c95eb6ebf374d3b3fd1af9251148b658df7ac2e3e8; Proxy: null), S3 Extended Request ID: dd9025bab4ad464b049177c95eb6ebf374d3b3fd1af9251148b658df7ac2e3e8
[2025-05-31T06:13:51.351+0000] {spark_submit.py:644} INFO - at com.amazonaws.http.AmazonHttpClient$RequestExecutor.handleErrorResponse(AmazonHttpClient.java:1879)
[2025-05-31T06:13:51.351+0000] {spark_submit.py:644} INFO - at com.amazonaws.http.AmazonHttpClient$RequestExecutor.handleServiceErrorResponse(AmazonHttpClient.java:1418)
[2025-05-31T06:13:51.351+0000] {spark_submit.py:644} INFO - at com.amazonaws.http.AmazonHttpClient$RequestExecutor.executeOneRequest(AmazonHttpClient.java:1387)
[2025-05-31T06:13:51.351+0000] {spark_submit.py:644} INFO - at com.amazonaws.http.AmazonHttpClient$RequestExecutor.executeHelper(AmazonHttpClient.java:1157)
[2025-05-31T06:13:51.352+0000] {spark_submit.py:644} INFO - at com.amazonaws.http.AmazonHttpClient$RequestExecutor.doExecute(AmazonHttpClient.java:814)
[2025-05-31T06:13:51.352+0000] {spark_submit.py:644} INFO - at com.amazonaws.http.AmazonHttpClient$RequestExecutor.executeWithTimer(AmazonHttpClient.java:781)
[2025-05-31T06:13:51.352+0000] {spark_submit.py:644} INFO - at com.amazonaws.http.AmazonHttpClient$RequestExecutor.execute(AmazonHttpClient.java:755)
[2025-05-31T06:13:51.352+0000] {spark_submit.py:644} INFO - at com.amazonaws.http.AmazonHttpClient$RequestExecutor.access$500(AmazonHttpClient.java:715)
[2025-05-31T06:13:51.352+0000] {spark_submit.py:644} INFO - at com.amazonaws.http.AmazonHttpClient$RequestExecutionBuilderImpl.execute(AmazonHttpClient.java:697)
[2025-05-31T06:13:51.352+0000] {spark_submit.py:644} INFO - at com.amazonaws.http.AmazonHttpClient.execute(AmazonHttpClient.java:561)
[2025-05-31T06:13:51.352+0000] {spark_submit.py:644} INFO - at com.amazonaws.http.AmazonHttpClient.execute(AmazonHttpClient.java:541)
[2025-05-31T06:13:51.353+0000] {spark_submit.py:644} INFO - at com.amazonaws.services.s3.AmazonS3Client.invoke(AmazonS3Client.java:5456)
[2025-05-31T06:13:51.353+0000] {spark_submit.py:644} INFO - at com.amazonaws.services.s3.AmazonS3Client.invoke(AmazonS3Client.java:5403)
[2025-05-31T06:13:51.353+0000] {spark_submit.py:644} INFO - at com.amazonaws.services.s3.AmazonS3Client.invoke(AmazonS3Client.java:5397)
[2025-05-31T06:13:51.353+0000] {spark_submit.py:644} INFO - at com.amazonaws.services.s3.AmazonS3Client.listObjectsV2(AmazonS3Client.java:971)
[2025-05-31T06:13:51.353+0000] {spark_submit.py:644} INFO - at org.apache.hadoop.fs.s3a.S3AFileSystem.lambda$listObjects$11(S3AFileSystem.java:2595)
[2025-05-31T06:13:51.353+0000] {spark_submit.py:644} INFO - at org.apache.hadoop.fs.statistics.impl.IOStatisticsBinding.lambda$trackDurationOfOperation$5(IOStatisticsBinding.java:499)
[2025-05-31T06:13:51.354+0000] {spark_submit.py:644} INFO - at org.apache.hadoop.fs.s3a.Invoker.retryUntranslated(Invoker.java:414)
[2025-05-31T06:13:51.354+0000] {spark_submit.py:644} INFO - at org.apache.hadoop.fs.s3a.Invoker.retryUntranslated(Invoker.java:377)
[2025-05-31T06:13:51.354+0000] {spark_submit.py:644} INFO - at org.apache.hadoop.fs.s3a.S3AFileSystem.listObjects(S3AFileSystem.java:2586)
[2025-05-31T06:13:51.354+0000] {spark_submit.py:644} INFO - at org.apache.hadoop.fs.s3a.S3AFileSystem.s3GetFileStatus(S3AFileSystem.java:3832)
[2025-05-31T06:13:51.354+0000] {spark_submit.py:644} INFO - ... 115 more
[2025-05-31T06:13:51.354+0000] {spark_submit.py:644} INFO - 
[2025-05-31T06:13:51.385+0000] {spark_submit.py:644} INFO - 25/05/31 06:13:51 INFO SparkContext: Invoking stop() from shutdown hook
[2025-05-31T06:13:51.386+0000] {spark_submit.py:644} INFO - 25/05/31 06:13:51 INFO SparkContext: SparkContext is stopping with exitCode 0.
[2025-05-31T06:13:51.391+0000] {spark_submit.py:644} INFO - 25/05/31 06:13:51 INFO SparkUI: Stopped Spark web UI at http://ad15582392fb:4040
[2025-05-31T06:13:51.393+0000] {spark_submit.py:644} INFO - 25/05/31 06:13:51 INFO StandaloneSchedulerBackend: Shutting down all executors
[2025-05-31T06:13:51.393+0000] {spark_submit.py:644} INFO - 25/05/31 06:13:51 INFO StandaloneSchedulerBackend$StandaloneDriverEndpoint: Asking each executor to shut down
[2025-05-31T06:13:51.406+0000] {spark_submit.py:644} INFO - 25/05/31 06:13:51 INFO MapOutputTrackerMasterEndpoint: MapOutputTrackerMasterEndpoint stopped!
[2025-05-31T06:13:51.417+0000] {spark_submit.py:644} INFO - 25/05/31 06:13:51 INFO MemoryStore: MemoryStore cleared
[2025-05-31T06:13:51.418+0000] {spark_submit.py:644} INFO - 25/05/31 06:13:51 INFO BlockManager: BlockManager stopped
[2025-05-31T06:13:51.422+0000] {spark_submit.py:644} INFO - 25/05/31 06:13:51 INFO BlockManagerMaster: BlockManagerMaster stopped
[2025-05-31T06:13:51.423+0000] {spark_submit.py:644} INFO - 25/05/31 06:13:51 INFO OutputCommitCoordinator$OutputCommitCoordinatorEndpoint: OutputCommitCoordinator stopped!
[2025-05-31T06:13:51.430+0000] {spark_submit.py:644} INFO - 25/05/31 06:13:51 INFO SparkContext: Successfully stopped SparkContext
[2025-05-31T06:13:51.430+0000] {spark_submit.py:644} INFO - 25/05/31 06:13:51 INFO ShutdownHookManager: Shutdown hook called
[2025-05-31T06:13:51.431+0000] {spark_submit.py:644} INFO - 25/05/31 06:13:51 INFO ShutdownHookManager: Deleting directory /opt/***/dags/spark_temp/spark-809b91fc-053c-4788-852d-55c124bfcfcc/pyspark-de0c6cc1-7585-4fce-9261-a8fb626db3db
[2025-05-31T06:13:51.433+0000] {spark_submit.py:644} INFO - 25/05/31 06:13:51 INFO ShutdownHookManager: Deleting directory /opt/***/dags/spark_temp/spark-809b91fc-053c-4788-852d-55c124bfcfcc
[2025-05-31T06:13:51.435+0000] {spark_submit.py:644} INFO - 25/05/31 06:13:51 INFO ShutdownHookManager: Deleting directory /tmp/spark-2e145ce9-1763-47d7-aecc-029f3e780718
[2025-05-31T06:13:51.440+0000] {spark_submit.py:644} INFO - 25/05/31 06:13:51 INFO MetricsSystemImpl: Stopping s3a-file-system metrics system...
[2025-05-31T06:13:51.440+0000] {spark_submit.py:644} INFO - 25/05/31 06:13:51 INFO MetricsSystemImpl: s3a-file-system metrics system stopped.
[2025-05-31T06:13:51.440+0000] {spark_submit.py:644} INFO - 25/05/31 06:13:51 INFO MetricsSystemImpl: s3a-file-system metrics system shutdown complete.
[2025-05-31T06:13:51.489+0000] {taskinstance.py:3311} ERROR - Task failed with exception
Traceback (most recent call last):
  File "/home/airflow/.local/lib/python3.11/site-packages/airflow/models/taskinstance.py", line 767, in _execute_task
    result = _execute_callable(context=context, **execute_callable_kwargs)
             ^^^^^^^^^^^^^^^^^^^^^^^^^^^^^^^^^^^^^^^^^^^^^^^^^^^^^^^^^^^^^
  File "/home/airflow/.local/lib/python3.11/site-packages/airflow/models/taskinstance.py", line 733, in _execute_callable
    return ExecutionCallableRunner(
           ^^^^^^^^^^^^^^^^^^^^^^^^
  File "/home/airflow/.local/lib/python3.11/site-packages/airflow/utils/operator_helpers.py", line 252, in run
    return self.func(*args, **kwargs)
           ^^^^^^^^^^^^^^^^^^^^^^^^^^
  File "/home/airflow/.local/lib/python3.11/site-packages/airflow/models/baseoperator.py", line 417, in wrapper
    return func(self, *args, **kwargs)
           ^^^^^^^^^^^^^^^^^^^^^^^^^^^
  File "/home/airflow/.local/lib/python3.11/site-packages/airflow/providers/apache/spark/operators/spark_submit.py", line 197, in execute
    self._hook.submit(self.application)
  File "/home/airflow/.local/lib/python3.11/site-packages/airflow/providers/apache/spark/hooks/spark_submit.py", line 566, in submit
    raise AirflowException(
airflow.exceptions.AirflowException: Cannot execute: spark-submit --master spark://spark-master:7077 --conf spark.executor.memory=2g --conf spark.sql.extensions=io.delta.sql.DeltaSparkSessionExtension --conf spark.sql.catalog.spark_catalog=org.apache.spark.sql.delta.catalog.DeltaCatalog --conf spark.hadoop.fs.s3a.endpoint=http://minio:9000 --conf spark.hadoop.fs.s3a.access.key=minioadmin --conf spark.hadoop.fs.s3a.secret.key=****** --conf spark.hadoop.fs.s3a.path.style.access=true --conf spark.hadoop.fs.s3a.impl=org.apache.hadoop.fs.s3a.S3AFileSystem --conf spark.local.dir=/opt/***/dags/spark_temp --packages org.apache.hadoop:hadoop-aws:3.3.4,com.amazonaws:aws-java-sdk-bundle:1.12.262,io.delta:delta-spark_2.12:3.1.0 --name medallion_sales_etl_spark_job --verbose --queue root.default --deploy-mode client /opt/***/dags/medallion_etl.py. Error code is: 1.
[2025-05-31T06:13:51.494+0000] {taskinstance.py:1225} INFO - Marking task as FAILED. dag_id=medallion_sales_etl, task_id=submit_medallion_sales_etl_job, run_id=manual__2025-05-31T06:13:15.781049+00:00, execution_date=20250531T061315, start_date=20250531T061315, end_date=20250531T061351
[2025-05-31T06:13:51.500+0000] {taskinstance.py:340} INFO - ::group::Post task execution logs
[2025-05-31T06:13:51.500+0000] {standard_task_runner.py:124} ERROR - Failed to execute job 3 for task submit_medallion_sales_etl_job (Cannot execute: spark-submit --master spark://spark-master:7077 --conf spark.executor.memory=2g --conf spark.sql.extensions=io.delta.sql.DeltaSparkSessionExtension --conf spark.sql.catalog.spark_catalog=org.apache.spark.sql.delta.catalog.DeltaCatalog --conf spark.hadoop.fs.s3a.endpoint=http://minio:9000 --conf spark.hadoop.fs.s3a.access.key=minioadmin --conf spark.hadoop.fs.s3a.secret.key=****** --conf spark.hadoop.fs.s3a.path.style.access=true --conf spark.hadoop.fs.s3a.impl=org.apache.hadoop.fs.s3a.S3AFileSystem --conf spark.local.dir=/opt/***/dags/spark_temp --packages org.apache.hadoop:hadoop-aws:3.3.4,com.amazonaws:aws-java-sdk-bundle:1.12.262,io.delta:delta-spark_2.12:3.1.0 --name medallion_sales_etl_spark_job --verbose --queue root.default --deploy-mode client /opt/***/dags/medallion_etl.py. Error code is: 1.; 431)
Traceback (most recent call last):
  File "/home/airflow/.local/lib/python3.11/site-packages/airflow/task/task_runner/standard_task_runner.py", line 117, in _start_by_fork
    ret = args.func(args, dag=self.dag)
          ^^^^^^^^^^^^^^^^^^^^^^^^^^^^^
  File "/home/airflow/.local/lib/python3.11/site-packages/airflow/cli/cli_config.py", line 49, in command
    return func(*args, **kwargs)
           ^^^^^^^^^^^^^^^^^^^^^
  File "/home/airflow/.local/lib/python3.11/site-packages/airflow/utils/cli.py", line 116, in wrapper
    return f(*args, **kwargs)
           ^^^^^^^^^^^^^^^^^^
  File "/home/airflow/.local/lib/python3.11/site-packages/airflow/cli/commands/task_command.py", line 483, in task_run
    task_return_code = _run_task_by_selected_method(args, _dag, ti)
                       ^^^^^^^^^^^^^^^^^^^^^^^^^^^^^^^^^^^^^^^^^^^^
  File "/home/airflow/.local/lib/python3.11/site-packages/airflow/cli/commands/task_command.py", line 256, in _run_task_by_selected_method
    return _run_raw_task(args, ti)
           ^^^^^^^^^^^^^^^^^^^^^^^
  File "/home/airflow/.local/lib/python3.11/site-packages/airflow/cli/commands/task_command.py", line 341, in _run_raw_task
    return ti._run_raw_task(
           ^^^^^^^^^^^^^^^^^
  File "/home/airflow/.local/lib/python3.11/site-packages/airflow/utils/session.py", line 97, in wrapper
    return func(*args, session=session, **kwargs)
           ^^^^^^^^^^^^^^^^^^^^^^^^^^^^^^^^^^^^^^
  File "/home/airflow/.local/lib/python3.11/site-packages/airflow/models/taskinstance.py", line 3005, in _run_raw_task
    return _run_raw_task(
           ^^^^^^^^^^^^^^
  File "/home/airflow/.local/lib/python3.11/site-packages/airflow/models/taskinstance.py", line 273, in _run_raw_task
    TaskInstance._execute_task_with_callbacks(
  File "/home/airflow/.local/lib/python3.11/site-packages/airflow/models/taskinstance.py", line 3159, in _execute_task_with_callbacks
    result = self._execute_task(context, task_orig)
             ^^^^^^^^^^^^^^^^^^^^^^^^^^^^^^^^^^^^^^
  File "/home/airflow/.local/lib/python3.11/site-packages/airflow/models/taskinstance.py", line 3183, in _execute_task
    return _execute_task(self, context, task_orig)
           ^^^^^^^^^^^^^^^^^^^^^^^^^^^^^^^^^^^^^^^
  File "/home/airflow/.local/lib/python3.11/site-packages/airflow/models/taskinstance.py", line 767, in _execute_task
    result = _execute_callable(context=context, **execute_callable_kwargs)
             ^^^^^^^^^^^^^^^^^^^^^^^^^^^^^^^^^^^^^^^^^^^^^^^^^^^^^^^^^^^^^
  File "/home/airflow/.local/lib/python3.11/site-packages/airflow/models/taskinstance.py", line 733, in _execute_callable
    return ExecutionCallableRunner(
           ^^^^^^^^^^^^^^^^^^^^^^^^
  File "/home/airflow/.local/lib/python3.11/site-packages/airflow/utils/operator_helpers.py", line 252, in run
    return self.func(*args, **kwargs)
           ^^^^^^^^^^^^^^^^^^^^^^^^^^
  File "/home/airflow/.local/lib/python3.11/site-packages/airflow/models/baseoperator.py", line 417, in wrapper
    return func(self, *args, **kwargs)
           ^^^^^^^^^^^^^^^^^^^^^^^^^^^
  File "/home/airflow/.local/lib/python3.11/site-packages/airflow/providers/apache/spark/operators/spark_submit.py", line 197, in execute
    self._hook.submit(self.application)
  File "/home/airflow/.local/lib/python3.11/site-packages/airflow/providers/apache/spark/hooks/spark_submit.py", line 566, in submit
    raise AirflowException(
airflow.exceptions.AirflowException: Cannot execute: spark-submit --master spark://spark-master:7077 --conf spark.executor.memory=2g --conf spark.sql.extensions=io.delta.sql.DeltaSparkSessionExtension --conf spark.sql.catalog.spark_catalog=org.apache.spark.sql.delta.catalog.DeltaCatalog --conf spark.hadoop.fs.s3a.endpoint=http://minio:9000 --conf spark.hadoop.fs.s3a.access.key=minioadmin --conf spark.hadoop.fs.s3a.secret.key=****** --conf spark.hadoop.fs.s3a.path.style.access=true --conf spark.hadoop.fs.s3a.impl=org.apache.hadoop.fs.s3a.S3AFileSystem --conf spark.local.dir=/opt/***/dags/spark_temp --packages org.apache.hadoop:hadoop-aws:3.3.4,com.amazonaws:aws-java-sdk-bundle:1.12.262,io.delta:delta-spark_2.12:3.1.0 --name medallion_sales_etl_spark_job --verbose --queue root.default --deploy-mode client /opt/***/dags/medallion_etl.py. Error code is: 1.
[2025-05-31T06:13:51.526+0000] {local_task_job_runner.py:266} INFO - Task exited with return code 1
[2025-05-31T06:13:51.537+0000] {taskinstance.py:3895} INFO - 0 downstream tasks scheduled from follow-on schedule check
[2025-05-31T06:13:51.537+0000] {local_task_job_runner.py:245} INFO - ::endgroup::
