[2025-06-07T15:07:25.853+0000] {local_task_job_runner.py:123} INFO - ::group::Pre task execution logs
[2025-06-07T15:07:25.864+0000] {taskinstance.py:2613} INFO - Dependencies all met for dep_context=non-requeueable deps ti=<TaskInstance: stephen_curry_stats_medallion_etl.silver_to_gold manual__2025-06-07T15:06:48.568302+00:00 [queued]>
[2025-06-07T15:07:25.868+0000] {taskinstance.py:2613} INFO - Dependencies all met for dep_context=requeueable deps ti=<TaskInstance: stephen_curry_stats_medallion_etl.silver_to_gold manual__2025-06-07T15:06:48.568302+00:00 [queued]>
[2025-06-07T15:07:25.868+0000] {taskinstance.py:2866} INFO - Starting attempt 1 of 1
[2025-06-07T15:07:25.874+0000] {taskinstance.py:2889} INFO - Executing <Task(SparkSubmitOperator): silver_to_gold> on 2025-06-07 15:06:48.568302+00:00
[2025-06-07T15:07:25.876+0000] {standard_task_runner.py:72} INFO - Started process 9601 to run task
[2025-06-07T15:07:25.878+0000] {standard_task_runner.py:104} INFO - Running: ['***', 'tasks', 'run', 'stephen_curry_stats_medallion_etl', 'silver_to_gold', 'manual__2025-06-07T15:06:48.568302+00:00', '--job-id', '121', '--raw', '--subdir', 'DAGS_FOLDER/medallion_sales_etl_dag.py', '--cfg-path', '/tmp/tmp_yepde3h']
[2025-06-07T15:07:25.880+0000] {standard_task_runner.py:105} INFO - Job 121: Subtask silver_to_gold
[2025-06-07T15:07:25.908+0000] {task_command.py:467} INFO - Running <TaskInstance: stephen_curry_stats_medallion_etl.silver_to_gold manual__2025-06-07T15:06:48.568302+00:00 [running]> on host 5ebb95484de3
[2025-06-07T15:07:25.953+0000] {taskinstance.py:3132} INFO - Exporting env vars: AIRFLOW_CTX_DAG_OWNER='***' AIRFLOW_CTX_DAG_ID='stephen_curry_stats_medallion_etl' AIRFLOW_CTX_TASK_ID='silver_to_gold' AIRFLOW_CTX_EXECUTION_DATE='2025-06-07T15:06:48.568302+00:00' AIRFLOW_CTX_TRY_NUMBER='1' AIRFLOW_CTX_DAG_RUN_ID='manual__2025-06-07T15:06:48.568302+00:00'
[2025-06-07T15:07:25.954+0000] {taskinstance.py:731} INFO - ::endgroup::
[2025-06-07T15:07:25.972+0000] {base.py:84} INFO - Retrieving connection 'spark_default'
[2025-06-07T15:07:25.974+0000] {spark_submit.py:474} INFO - Spark-Submit cmd: spark-submit --master spark://spark-master:7077 --conf spark.executor.memory=2g --conf spark.sql.extensions=io.delta.sql.DeltaSparkSessionExtension --conf spark.sql.catalog.spark_catalog=org.apache.spark.sql.delta.catalog.DeltaCatalog --conf spark.hadoop.fs.s3a.endpoint=http://minio:9000 --conf spark.hadoop.fs.s3a.access.key=minioadmin --conf spark.hadoop.fs.s3a.secret.key=****** --conf spark.hadoop.fs.s3a.path.style.access=true --conf spark.hadoop.fs.s3a.impl=org.apache.hadoop.fs.s3a.S3AFileSystem --conf spark.hadoop.fs.s3a.aws.credentials.provider=org.apache.hadoop.fs.s3a.SimpleAWSCredentialsProvider --packages org.apache.hadoop:hadoop-aws:3.3.4,com.amazonaws:aws-java-sdk-bundle:1.12.262,io.delta:delta-spark_2.12:3.1.0 --name arrow-spark --queue root.default --deploy-mode client dags/silver_to_gold_sc_summary_etl.py --seasonal_output_path s3a://mybucket/sc_stats_db.db/gold_seasonal --monthly_output_path s3a://mybucket/sc_stats_db.db/gold_monthly
[2025-06-07T15:07:26.933+0000] {spark_submit.py:644} INFO - :: loading settings :: url = jar:file:/home/***/.local/lib/python3.11/site-packages/pyspark/jars/ivy-2.5.1.jar!/org/apache/ivy/core/settings/ivysettings.xml
[2025-06-07T15:07:26.974+0000] {spark_submit.py:644} INFO - Ivy Default Cache set to: /home/***/.ivy2/cache
[2025-06-07T15:07:26.974+0000] {spark_submit.py:644} INFO - The jars for the packages stored in: /home/***/.ivy2/jars
[2025-06-07T15:07:26.977+0000] {spark_submit.py:644} INFO - org.apache.hadoop#hadoop-aws added as a dependency
[2025-06-07T15:07:26.977+0000] {spark_submit.py:644} INFO - com.amazonaws#aws-java-sdk-bundle added as a dependency
[2025-06-07T15:07:26.977+0000] {spark_submit.py:644} INFO - io.delta#delta-spark_2.12 added as a dependency
[2025-06-07T15:07:26.977+0000] {spark_submit.py:644} INFO - :: resolving dependencies :: org.apache.spark#spark-submit-parent-2005f6e3-0da0-49f1-ad0e-bfc01123ca50;1.0
[2025-06-07T15:07:26.977+0000] {spark_submit.py:644} INFO - confs: [default]
[2025-06-07T15:07:27.066+0000] {spark_submit.py:644} INFO - found org.apache.hadoop#hadoop-aws;3.3.4 in central
[2025-06-07T15:07:27.082+0000] {spark_submit.py:644} INFO - found com.amazonaws#aws-java-sdk-bundle;1.12.262 in central
[2025-06-07T15:07:27.096+0000] {spark_submit.py:644} INFO - found org.wildfly.openssl#wildfly-openssl;1.0.7.Final in central
[2025-06-07T15:07:27.105+0000] {spark_submit.py:644} INFO - found io.delta#delta-spark_2.12;3.1.0 in central
[2025-06-07T15:07:27.114+0000] {spark_submit.py:644} INFO - found io.delta#delta-storage;3.1.0 in central
[2025-06-07T15:07:27.125+0000] {spark_submit.py:644} INFO - found org.antlr#antlr4-runtime;4.9.3 in central
[2025-06-07T15:07:27.137+0000] {spark_submit.py:644} INFO - :: resolution report :: resolve 153ms :: artifacts dl 7ms
[2025-06-07T15:07:27.137+0000] {spark_submit.py:644} INFO - :: modules in use:
[2025-06-07T15:07:27.137+0000] {spark_submit.py:644} INFO - com.amazonaws#aws-java-sdk-bundle;1.12.262 from central in [default]
[2025-06-07T15:07:27.138+0000] {spark_submit.py:644} INFO - io.delta#delta-spark_2.12;3.1.0 from central in [default]
[2025-06-07T15:07:27.138+0000] {spark_submit.py:644} INFO - io.delta#delta-storage;3.1.0 from central in [default]
[2025-06-07T15:07:27.138+0000] {spark_submit.py:644} INFO - org.antlr#antlr4-runtime;4.9.3 from central in [default]
[2025-06-07T15:07:27.138+0000] {spark_submit.py:644} INFO - org.apache.hadoop#hadoop-aws;3.3.4 from central in [default]
[2025-06-07T15:07:27.138+0000] {spark_submit.py:644} INFO - org.wildfly.openssl#wildfly-openssl;1.0.7.Final from central in [default]
[2025-06-07T15:07:27.139+0000] {spark_submit.py:644} INFO - ---------------------------------------------------------------------
[2025-06-07T15:07:27.139+0000] {spark_submit.py:644} INFO - |                  |            modules            ||   artifacts   |
[2025-06-07T15:07:27.139+0000] {spark_submit.py:644} INFO - |       conf       | number| search|dwnlded|evicted|| number|dwnlded|
[2025-06-07T15:07:27.139+0000] {spark_submit.py:644} INFO - ---------------------------------------------------------------------
[2025-06-07T15:07:27.139+0000] {spark_submit.py:644} INFO - |      default     |   6   |   0   |   0   |   0   ||   6   |   0   |
[2025-06-07T15:07:27.139+0000] {spark_submit.py:644} INFO - ---------------------------------------------------------------------
[2025-06-07T15:07:27.139+0000] {spark_submit.py:644} INFO - :: retrieving :: org.apache.spark#spark-submit-parent-2005f6e3-0da0-49f1-ad0e-bfc01123ca50
[2025-06-07T15:07:27.140+0000] {spark_submit.py:644} INFO - confs: [default]
[2025-06-07T15:07:27.143+0000] {spark_submit.py:644} INFO - 0 artifacts copied, 6 already retrieved (0kB/4ms)
[2025-06-07T15:07:27.252+0000] {spark_submit.py:644} INFO - 25/06/07 15:07:27 WARN NativeCodeLoader: Unable to load native-hadoop library for your platform... using builtin-java classes where applicable
[2025-06-07T15:07:28.102+0000] {spark_submit.py:644} INFO - 25/06/07 15:07:28 INFO SparkContext: Running Spark version 3.5.2
[2025-06-07T15:07:28.102+0000] {spark_submit.py:644} INFO - 25/06/07 15:07:28 INFO SparkContext: OS info Linux, 6.10.14-linuxkit, aarch64
[2025-06-07T15:07:28.103+0000] {spark_submit.py:644} INFO - 25/06/07 15:07:28 INFO SparkContext: Java version 17.0.15
[2025-06-07T15:07:28.115+0000] {spark_submit.py:644} INFO - 25/06/07 15:07:28 INFO ResourceUtils: ==============================================================
[2025-06-07T15:07:28.115+0000] {spark_submit.py:644} INFO - 25/06/07 15:07:28 INFO ResourceUtils: No custom resources configured for spark.driver.
[2025-06-07T15:07:28.116+0000] {spark_submit.py:644} INFO - 25/06/07 15:07:28 INFO ResourceUtils: ==============================================================
[2025-06-07T15:07:28.116+0000] {spark_submit.py:644} INFO - 25/06/07 15:07:28 INFO SparkContext: Submitted application: SilverToGoldStephenCurryStats
[2025-06-07T15:07:28.130+0000] {spark_submit.py:644} INFO - 25/06/07 15:07:28 INFO ResourceProfile: Default ResourceProfile created, executor resources: Map(memory -> name: memory, amount: 2048, script: , vendor: , offHeap -> name: offHeap, amount: 0, script: , vendor: ), task resources: Map(cpus -> name: cpus, amount: 1.0)
[2025-06-07T15:07:28.135+0000] {spark_submit.py:644} INFO - 25/06/07 15:07:28 INFO ResourceProfile: Limiting resource is cpu
[2025-06-07T15:07:28.135+0000] {spark_submit.py:644} INFO - 25/06/07 15:07:28 INFO ResourceProfileManager: Added ResourceProfile id: 0
[2025-06-07T15:07:28.176+0000] {spark_submit.py:644} INFO - 25/06/07 15:07:28 INFO SecurityManager: Changing view acls to: ***
[2025-06-07T15:07:28.177+0000] {spark_submit.py:644} INFO - 25/06/07 15:07:28 INFO SecurityManager: Changing modify acls to: ***
[2025-06-07T15:07:28.177+0000] {spark_submit.py:644} INFO - 25/06/07 15:07:28 INFO SecurityManager: Changing view acls groups to:
[2025-06-07T15:07:28.178+0000] {spark_submit.py:644} INFO - 25/06/07 15:07:28 INFO SecurityManager: Changing modify acls groups to:
[2025-06-07T15:07:28.178+0000] {spark_submit.py:644} INFO - 25/06/07 15:07:28 INFO SecurityManager: SecurityManager: authentication disabled; ui acls disabled; users with view permissions: ***; groups with view permissions: EMPTY; users with modify permissions: ***; groups with modify permissions: EMPTY
[2025-06-07T15:07:28.313+0000] {spark_submit.py:644} INFO - 25/06/07 15:07:28 INFO Utils: Successfully started service 'sparkDriver' on port 44417.
[2025-06-07T15:07:28.336+0000] {spark_submit.py:644} INFO - 25/06/07 15:07:28 INFO SparkEnv: Registering MapOutputTracker
[2025-06-07T15:07:28.363+0000] {spark_submit.py:644} INFO - 25/06/07 15:07:28 INFO SparkEnv: Registering BlockManagerMaster
[2025-06-07T15:07:28.373+0000] {spark_submit.py:644} INFO - 25/06/07 15:07:28 INFO BlockManagerMasterEndpoint: Using org.apache.spark.storage.DefaultTopologyMapper for getting topology information
[2025-06-07T15:07:28.374+0000] {spark_submit.py:644} INFO - 25/06/07 15:07:28 INFO BlockManagerMasterEndpoint: BlockManagerMasterEndpoint up
[2025-06-07T15:07:28.376+0000] {spark_submit.py:644} INFO - 25/06/07 15:07:28 INFO SparkEnv: Registering BlockManagerMasterHeartbeat
[2025-06-07T15:07:28.388+0000] {spark_submit.py:644} INFO - 25/06/07 15:07:28 INFO DiskBlockManager: Created local directory at /tmp/blockmgr-ed9a3207-3579-43be-8f02-c072a6c35b79
[2025-06-07T15:07:28.396+0000] {spark_submit.py:644} INFO - 25/06/07 15:07:28 INFO MemoryStore: MemoryStore started with capacity 434.4 MiB
[2025-06-07T15:07:28.405+0000] {spark_submit.py:644} INFO - 25/06/07 15:07:28 INFO SparkEnv: Registering OutputCommitCoordinator
[2025-06-07T15:07:28.482+0000] {spark_submit.py:644} INFO - 25/06/07 15:07:28 INFO JettyUtils: Start Jetty 0.0.0.0:4040 for SparkUI
[2025-06-07T15:07:28.516+0000] {spark_submit.py:644} INFO - 25/06/07 15:07:28 INFO Utils: Successfully started service 'SparkUI' on port 4040.
[2025-06-07T15:07:28.538+0000] {spark_submit.py:644} INFO - 25/06/07 15:07:28 INFO SparkContext: Added JAR file:///home/***/.ivy2/jars/org.apache.hadoop_hadoop-aws-3.3.4.jar at spark://5ebb95484de3:44417/jars/org.apache.hadoop_hadoop-aws-3.3.4.jar with timestamp 1749308848098
[2025-06-07T15:07:28.538+0000] {spark_submit.py:644} INFO - 25/06/07 15:07:28 INFO SparkContext: Added JAR file:///home/***/.ivy2/jars/com.amazonaws_aws-java-sdk-bundle-1.12.262.jar at spark://5ebb95484de3:44417/jars/com.amazonaws_aws-java-sdk-bundle-1.12.262.jar with timestamp 1749308848098
[2025-06-07T15:07:28.539+0000] {spark_submit.py:644} INFO - 25/06/07 15:07:28 INFO SparkContext: Added JAR file:///home/***/.ivy2/jars/io.delta_delta-spark_2.12-3.1.0.jar at spark://5ebb95484de3:44417/jars/io.delta_delta-spark_2.12-3.1.0.jar with timestamp 1749308848098
[2025-06-07T15:07:28.539+0000] {spark_submit.py:644} INFO - 25/06/07 15:07:28 INFO SparkContext: Added JAR file:///home/***/.ivy2/jars/org.wildfly.openssl_wildfly-openssl-1.0.7.Final.jar at spark://5ebb95484de3:44417/jars/org.wildfly.openssl_wildfly-openssl-1.0.7.Final.jar with timestamp 1749308848098
[2025-06-07T15:07:28.539+0000] {spark_submit.py:644} INFO - 25/06/07 15:07:28 INFO SparkContext: Added JAR file:///home/***/.ivy2/jars/io.delta_delta-storage-3.1.0.jar at spark://5ebb95484de3:44417/jars/io.delta_delta-storage-3.1.0.jar with timestamp 1749308848098
[2025-06-07T15:07:28.540+0000] {spark_submit.py:644} INFO - 25/06/07 15:07:28 INFO SparkContext: Added JAR file:///home/***/.ivy2/jars/org.antlr_antlr4-runtime-4.9.3.jar at spark://5ebb95484de3:44417/jars/org.antlr_antlr4-runtime-4.9.3.jar with timestamp 1749308848098
[2025-06-07T15:07:28.540+0000] {spark_submit.py:644} INFO - 25/06/07 15:07:28 INFO SparkContext: Added file file:///home/***/.ivy2/jars/org.apache.hadoop_hadoop-aws-3.3.4.jar at spark://5ebb95484de3:44417/files/org.apache.hadoop_hadoop-aws-3.3.4.jar with timestamp 1749308848098
[2025-06-07T15:07:28.541+0000] {spark_submit.py:644} INFO - 25/06/07 15:07:28 INFO Utils: Copying /home/***/.ivy2/jars/org.apache.hadoop_hadoop-aws-3.3.4.jar to /tmp/spark-73ca2b42-3588-4d2d-a061-ea93028471c1/userFiles-5b82ac3f-ea66-4fcb-9020-e23d013398f3/org.apache.hadoop_hadoop-aws-3.3.4.jar
[2025-06-07T15:07:28.548+0000] {spark_submit.py:644} INFO - 25/06/07 15:07:28 INFO SparkContext: Added file file:///home/***/.ivy2/jars/com.amazonaws_aws-java-sdk-bundle-1.12.262.jar at spark://5ebb95484de3:44417/files/com.amazonaws_aws-java-sdk-bundle-1.12.262.jar with timestamp 1749308848098
[2025-06-07T15:07:28.549+0000] {spark_submit.py:644} INFO - 25/06/07 15:07:28 INFO Utils: Copying /home/***/.ivy2/jars/com.amazonaws_aws-java-sdk-bundle-1.12.262.jar to /tmp/spark-73ca2b42-3588-4d2d-a061-ea93028471c1/userFiles-5b82ac3f-ea66-4fcb-9020-e23d013398f3/com.amazonaws_aws-java-sdk-bundle-1.12.262.jar
[2025-06-07T15:07:28.653+0000] {spark_submit.py:644} INFO - 25/06/07 15:07:28 INFO SparkContext: Added file file:///home/***/.ivy2/jars/io.delta_delta-spark_2.12-3.1.0.jar at spark://5ebb95484de3:44417/files/io.delta_delta-spark_2.12-3.1.0.jar with timestamp 1749308848098
[2025-06-07T15:07:28.653+0000] {spark_submit.py:644} INFO - 25/06/07 15:07:28 INFO Utils: Copying /home/***/.ivy2/jars/io.delta_delta-spark_2.12-3.1.0.jar to /tmp/spark-73ca2b42-3588-4d2d-a061-ea93028471c1/userFiles-5b82ac3f-ea66-4fcb-9020-e23d013398f3/io.delta_delta-spark_2.12-3.1.0.jar
[2025-06-07T15:07:28.660+0000] {spark_submit.py:644} INFO - 25/06/07 15:07:28 INFO SparkContext: Added file file:///home/***/.ivy2/jars/org.wildfly.openssl_wildfly-openssl-1.0.7.Final.jar at spark://5ebb95484de3:44417/files/org.wildfly.openssl_wildfly-openssl-1.0.7.Final.jar with timestamp 1749308848098
[2025-06-07T15:07:28.661+0000] {spark_submit.py:644} INFO - 25/06/07 15:07:28 INFO Utils: Copying /home/***/.ivy2/jars/org.wildfly.openssl_wildfly-openssl-1.0.7.Final.jar to /tmp/spark-73ca2b42-3588-4d2d-a061-ea93028471c1/userFiles-5b82ac3f-ea66-4fcb-9020-e23d013398f3/org.wildfly.openssl_wildfly-openssl-1.0.7.Final.jar
[2025-06-07T15:07:28.662+0000] {spark_submit.py:644} INFO - 25/06/07 15:07:28 INFO SparkContext: Added file file:///home/***/.ivy2/jars/io.delta_delta-storage-3.1.0.jar at spark://5ebb95484de3:44417/files/io.delta_delta-storage-3.1.0.jar with timestamp 1749308848098
[2025-06-07T15:07:28.663+0000] {spark_submit.py:644} INFO - 25/06/07 15:07:28 INFO Utils: Copying /home/***/.ivy2/jars/io.delta_delta-storage-3.1.0.jar to /tmp/spark-73ca2b42-3588-4d2d-a061-ea93028471c1/userFiles-5b82ac3f-ea66-4fcb-9020-e23d013398f3/io.delta_delta-storage-3.1.0.jar
[2025-06-07T15:07:28.664+0000] {spark_submit.py:644} INFO - 25/06/07 15:07:28 INFO SparkContext: Added file file:///home/***/.ivy2/jars/org.antlr_antlr4-runtime-4.9.3.jar at spark://5ebb95484de3:44417/files/org.antlr_antlr4-runtime-4.9.3.jar with timestamp 1749308848098
[2025-06-07T15:07:28.665+0000] {spark_submit.py:644} INFO - 25/06/07 15:07:28 INFO Utils: Copying /home/***/.ivy2/jars/org.antlr_antlr4-runtime-4.9.3.jar to /tmp/spark-73ca2b42-3588-4d2d-a061-ea93028471c1/userFiles-5b82ac3f-ea66-4fcb-9020-e23d013398f3/org.antlr_antlr4-runtime-4.9.3.jar
[2025-06-07T15:07:28.712+0000] {spark_submit.py:644} INFO - 25/06/07 15:07:28 INFO StandaloneAppClient$ClientEndpoint: Connecting to master spark://spark-master:7077...
[2025-06-07T15:07:28.740+0000] {spark_submit.py:644} INFO - 25/06/07 15:07:28 INFO TransportClientFactory: Successfully created connection to spark-master/172.19.0.6:7077 after 16 ms (0 ms spent in bootstraps)
[2025-06-07T15:07:28.791+0000] {spark_submit.py:644} INFO - 25/06/07 15:07:28 INFO StandaloneSchedulerBackend: Connected to Spark cluster with app ID app-20250607150728-0035
[2025-06-07T15:07:28.792+0000] {spark_submit.py:644} INFO - 25/06/07 15:07:28 INFO StandaloneAppClient$ClientEndpoint: Executor added: app-20250607150728-0035/0 on worker-20250607120528-172.19.0.7-44613 (172.19.0.7:44613) with 4 core(s)
[2025-06-07T15:07:28.793+0000] {spark_submit.py:644} INFO - 25/06/07 15:07:28 INFO StandaloneSchedulerBackend: Granted executor ID app-20250607150728-0035/0 on hostPort 172.19.0.7:44613 with 4 core(s), 2.0 GiB RAM
[2025-06-07T15:07:28.798+0000] {spark_submit.py:644} INFO - 25/06/07 15:07:28 INFO Utils: Successfully started service 'org.apache.spark.network.netty.NettyBlockTransferService' on port 42695.
[2025-06-07T15:07:28.799+0000] {spark_submit.py:644} INFO - 25/06/07 15:07:28 INFO NettyBlockTransferService: Server created on 5ebb95484de3:42695
[2025-06-07T15:07:28.799+0000] {spark_submit.py:644} INFO - 25/06/07 15:07:28 INFO BlockManager: Using org.apache.spark.storage.RandomBlockReplicationPolicy for block replication policy
[2025-06-07T15:07:28.803+0000] {spark_submit.py:644} INFO - 25/06/07 15:07:28 INFO BlockManagerMaster: Registering BlockManager BlockManagerId(driver, 5ebb95484de3, 42695, None)
[2025-06-07T15:07:28.805+0000] {spark_submit.py:644} INFO - 25/06/07 15:07:28 INFO BlockManagerMasterEndpoint: Registering block manager 5ebb95484de3:42695 with 434.4 MiB RAM, BlockManagerId(driver, 5ebb95484de3, 42695, None)
[2025-06-07T15:07:28.807+0000] {spark_submit.py:644} INFO - 25/06/07 15:07:28 INFO BlockManagerMaster: Registered BlockManager BlockManagerId(driver, 5ebb95484de3, 42695, None)
[2025-06-07T15:07:28.808+0000] {spark_submit.py:644} INFO - 25/06/07 15:07:28 INFO BlockManager: Initialized BlockManager: BlockManagerId(driver, 5ebb95484de3, 42695, None)
[2025-06-07T15:07:28.820+0000] {spark_submit.py:644} INFO - 25/06/07 15:07:28 INFO StandaloneAppClient$ClientEndpoint: Executor updated: app-20250607150728-0035/0 is now RUNNING
[2025-06-07T15:07:28.940+0000] {spark_submit.py:644} INFO - 25/06/07 15:07:28 INFO StandaloneSchedulerBackend: SchedulerBackend is ready for scheduling beginning after reached minRegisteredResourcesRatio: 0.0
[2025-06-07T15:07:29.087+0000] {spark_submit.py:644} INFO - Silver to Gold: Spark session created.
[2025-06-07T15:07:29.091+0000] {spark_submit.py:644} INFO - 25/06/07 15:07:29 INFO SharedState: Setting hive.metastore.warehouse.dir ('null') to the value of spark.sql.warehouse.dir.
[2025-06-07T15:07:29.095+0000] {spark_submit.py:644} INFO - 25/06/07 15:07:29 INFO SharedState: Warehouse path is 'file:/tmp/spark-warehouse'.
[2025-06-07T15:07:29.784+0000] {spark_submit.py:644} INFO - 25/06/07 15:07:29 INFO HiveConf: Found configuration file null
[2025-06-07T15:07:29.791+0000] {spark_submit.py:644} INFO - 25/06/07 15:07:29 INFO HiveUtils: Initializing HiveMetastoreConnection version 2.3.9 using Spark classes.
[2025-06-07T15:07:29.954+0000] {spark_submit.py:644} INFO - 25/06/07 15:07:29 INFO HiveClientImpl: Warehouse location for Hive client (version 2.3.9) is file:/tmp/spark-warehouse
[2025-06-07T15:07:29.974+0000] {spark_submit.py:644} INFO - 25/06/07 15:07:29 INFO metastore: Trying to connect to metastore with URI thrift://hive-metastore:9083
[2025-06-07T15:07:29.987+0000] {spark_submit.py:644} INFO - 25/06/07 15:07:29 INFO metastore: Opened a connection to metastore, current connections: 1
[2025-06-07T15:07:30.002+0000] {spark_submit.py:644} INFO - 25/06/07 15:07:30 INFO metastore: Connected to metastore.
[2025-06-07T15:07:30.607+0000] {spark_submit.py:644} INFO - 25/06/07 15:07:30 WARN MetricsConfig: Cannot locate configuration: tried hadoop-metrics2-s3a-file-system.properties,hadoop-metrics2.properties
[2025-06-07T15:07:30.612+0000] {spark_submit.py:644} INFO - 25/06/07 15:07:30 INFO StandaloneSchedulerBackend$StandaloneDriverEndpoint: Registered executor NettyRpcEndpointRef(spark-client://Executor) (172.19.0.7:38442) with ID 0,  ResourceProfileId 0
[2025-06-07T15:07:30.619+0000] {spark_submit.py:644} INFO - 25/06/07 15:07:30 INFO MetricsSystemImpl: Scheduled Metric snapshot period at 10 second(s).
[2025-06-07T15:07:30.620+0000] {spark_submit.py:644} INFO - 25/06/07 15:07:30 INFO MetricsSystemImpl: s3a-file-system metrics system started
[2025-06-07T15:07:30.660+0000] {spark_submit.py:644} INFO - 25/06/07 15:07:30 INFO BlockManagerMasterEndpoint: Registering block manager 172.19.0.7:43555 with 1048.8 MiB RAM, BlockManagerId(0, 172.19.0.7, 43555, None)
[2025-06-07T15:07:31.190+0000] {spark_submit.py:644} INFO - 25/06/07 15:07:31 INFO DelegatingLogStore: LogStore `LogStoreAdapter(io.delta.storage.S3SingleDriverLogStore)` is used for scheme `s3a`
[2025-06-07T15:07:31.332+0000] {spark_submit.py:644} INFO - 25/06/07 15:07:31 INFO DeltaLog: Loading version 1.
[2025-06-07T15:07:32.338+0000] {spark_submit.py:644} INFO - 25/06/07 15:07:32 INFO DeltaLogFileIndex: Created DeltaLogFileIndex(JSON, numFilesInSegment: 2, totalFileSize: 5911)
[2025-06-07T15:07:32.781+0000] {spark_submit.py:644} INFO - 25/06/07 15:07:32 INFO DataSourceStrategy: Pruning directories with:
[2025-06-07T15:07:32.793+0000] {spark_submit.py:644} INFO - 25/06/07 15:07:32 INFO FileSourceStrategy: Pushed Filters:
[2025-06-07T15:07:32.794+0000] {spark_submit.py:644} INFO - 25/06/07 15:07:32 INFO FileSourceStrategy: Post-Scan Filters: (isnotnull(protocol#11.minReaderVersion) OR isnotnull(metaData#10.id))
[2025-06-07T15:07:33.057+0000] {spark_submit.py:644} INFO - 25/06/07 15:07:33 INFO CodeGenerator: Code generated in 158.587791 ms
[2025-06-07T15:07:33.096+0000] {spark_submit.py:644} INFO - 25/06/07 15:07:33 INFO MemoryStore: Block broadcast_0 stored as values in memory (estimated size 205.3 KiB, free 434.2 MiB)
[2025-06-07T15:07:33.127+0000] {spark_submit.py:644} INFO - 25/06/07 15:07:33 INFO MemoryStore: Block broadcast_0_piece0 stored as bytes in memory (estimated size 36.1 KiB, free 434.2 MiB)
[2025-06-07T15:07:33.130+0000] {spark_submit.py:644} INFO - 25/06/07 15:07:33 INFO BlockManagerInfo: Added broadcast_0_piece0 in memory on 5ebb95484de3:42695 (size: 36.1 KiB, free: 434.4 MiB)
[2025-06-07T15:07:33.132+0000] {spark_submit.py:644} INFO - 25/06/07 15:07:33 INFO SparkContext: Created broadcast 0 from toString at String.java:4220
[2025-06-07T15:07:33.150+0000] {spark_submit.py:644} INFO - 25/06/07 15:07:33 INFO FileSourceScanExec: Planning scan with bin packing, max size: 4194304 bytes, open cost is considered as scanning 4194304 bytes.
[2025-06-07T15:07:33.248+0000] {spark_submit.py:644} INFO - 25/06/07 15:07:33 INFO SparkContext: Starting job: toString at String.java:4220
[2025-06-07T15:07:33.256+0000] {spark_submit.py:644} INFO - 25/06/07 15:07:33 INFO DAGScheduler: Got job 0 (toString at String.java:4220) with 2 output partitions
[2025-06-07T15:07:33.257+0000] {spark_submit.py:644} INFO - 25/06/07 15:07:33 INFO DAGScheduler: Final stage: ResultStage 0 (toString at String.java:4220)
[2025-06-07T15:07:33.257+0000] {spark_submit.py:644} INFO - 25/06/07 15:07:33 INFO DAGScheduler: Parents of final stage: List()
[2025-06-07T15:07:33.257+0000] {spark_submit.py:644} INFO - 25/06/07 15:07:33 INFO DAGScheduler: Missing parents: List()
[2025-06-07T15:07:33.259+0000] {spark_submit.py:644} INFO - 25/06/07 15:07:33 INFO DAGScheduler: Submitting ResultStage 0 (MapPartitionsRDD[3] at toString at String.java:4220), which has no missing parents
[2025-06-07T15:07:33.269+0000] {spark_submit.py:644} INFO - 25/06/07 15:07:33 INFO MemoryStore: Block broadcast_1 stored as values in memory (estimated size 40.0 KiB, free 434.1 MiB)
[2025-06-07T15:07:33.274+0000] {spark_submit.py:644} INFO - 25/06/07 15:07:33 INFO MemoryStore: Block broadcast_1_piece0 stored as bytes in memory (estimated size 13.7 KiB, free 434.1 MiB)
[2025-06-07T15:07:33.274+0000] {spark_submit.py:644} INFO - 25/06/07 15:07:33 INFO BlockManagerInfo: Added broadcast_1_piece0 in memory on 5ebb95484de3:42695 (size: 13.7 KiB, free: 434.4 MiB)
[2025-06-07T15:07:33.274+0000] {spark_submit.py:644} INFO - 25/06/07 15:07:33 INFO SparkContext: Created broadcast 1 from broadcast at DAGScheduler.scala:1585
[2025-06-07T15:07:33.284+0000] {spark_submit.py:644} INFO - 25/06/07 15:07:33 INFO DAGScheduler: Submitting 2 missing tasks from ResultStage 0 (MapPartitionsRDD[3] at toString at String.java:4220) (first 15 tasks are for partitions Vector(0, 1))
[2025-06-07T15:07:33.285+0000] {spark_submit.py:644} INFO - 25/06/07 15:07:33 INFO TaskSchedulerImpl: Adding task set 0.0 with 2 tasks resource profile 0
[2025-06-07T15:07:33.303+0000] {spark_submit.py:644} INFO - 25/06/07 15:07:33 INFO TaskSetManager: Starting task 0.0 in stage 0.0 (TID 0) (172.19.0.7, executor 0, partition 0, PROCESS_LOCAL, 10836 bytes)
[2025-06-07T15:07:33.306+0000] {spark_submit.py:644} INFO - 25/06/07 15:07:33 INFO TaskSetManager: Starting task 1.0 in stage 0.0 (TID 1) (172.19.0.7, executor 0, partition 1, PROCESS_LOCAL, 10836 bytes)
[2025-06-07T15:07:33.436+0000] {spark_submit.py:644} INFO - 25/06/07 15:07:33 INFO BlockManagerInfo: Added broadcast_1_piece0 in memory on 172.19.0.7:43555 (size: 13.7 KiB, free: 1048.8 MiB)
[2025-06-07T15:07:33.974+0000] {spark_submit.py:644} INFO - 25/06/07 15:07:33 INFO BlockManagerInfo: Added broadcast_0_piece0 in memory on 172.19.0.7:43555 (size: 36.1 KiB, free: 1048.8 MiB)
[2025-06-07T15:07:34.528+0000] {spark_submit.py:644} INFO - 25/06/07 15:07:34 INFO TaskSetManager: Finished task 1.0 in stage 0.0 (TID 1) in 1222 ms on 172.19.0.7 (executor 0) (1/2)
[2025-06-07T15:07:34.529+0000] {spark_submit.py:644} INFO - 25/06/07 15:07:34 INFO TaskSetManager: Finished task 0.0 in stage 0.0 (TID 0) in 1232 ms on 172.19.0.7 (executor 0) (2/2)
[2025-06-07T15:07:34.530+0000] {spark_submit.py:644} INFO - 25/06/07 15:07:34 INFO TaskSchedulerImpl: Removed TaskSet 0.0, whose tasks have all completed, from pool
[2025-06-07T15:07:34.533+0000] {spark_submit.py:644} INFO - 25/06/07 15:07:34 INFO DAGScheduler: ResultStage 0 (toString at String.java:4220) finished in 1.267 s
[2025-06-07T15:07:34.535+0000] {spark_submit.py:644} INFO - 25/06/07 15:07:34 INFO DAGScheduler: Job 0 is finished. Cancelling potential speculative or zombie tasks for this job
[2025-06-07T15:07:34.535+0000] {spark_submit.py:644} INFO - 25/06/07 15:07:34 INFO TaskSchedulerImpl: Killing all running tasks in stage 0: Stage finished
[2025-06-07T15:07:34.536+0000] {spark_submit.py:644} INFO - 25/06/07 15:07:34 INFO DAGScheduler: Job 0 finished: toString at String.java:4220, took 1.287627 s
[2025-06-07T15:07:34.604+0000] {spark_submit.py:644} INFO - 25/06/07 15:07:34 INFO CodeGenerator: Code generated in 49.400333 ms
[2025-06-07T15:07:34.609+0000] {spark_submit.py:644} INFO - 25/06/07 15:07:34 INFO Snapshot: [tableId=c7ab7128-2410-4219-8d55-81d47d4be26f] Created snapshot Snapshot(path=s3a://mybucket/sc_stats_db.db/silver/_delta_log, version=1, metadata=Metadata(09f74617-f2a8-402e-acd3-d9451bb730bb,null,null,Format(parquet,Map()),{"type":"struct","fields":[{"name":"Season_year","type":"string","nullable":true,"metadata":{}},{"name":"Season_div","type":"string","nullable":true,"metadata":{}},{"name":"Date","type":"date","nullable":true,"metadata":{}},{"name":"OPP","type":"string","nullable":true,"metadata":{}},{"name":"Result","type":"string","nullable":true,"metadata":{}},{"name":"T_Score","type":"long","nullable":true,"metadata":{}},{"name":"O_Score","type":"long","nullable":true,"metadata":{}},{"name":"MIN","type":"double","nullable":true,"metadata":{}},{"name":"FG","type":"string","nullable":true,"metadata":{}},{"name":"FGM","type":"long","nullable":true,"metadata":{}},{"name":"FGA","type":"long","nullable":true,"metadata":{}},{"name":"FG_Percentage","type":"double","nullable":true,"metadata":{}},{"name":"3PT","type":"string","nullable":true,"metadata":{}},{"name":"3PTM","type":"long","nullable":true,"metadata":{}},{"name":"3PTA","type":"long","nullable":true,"metadata":{}},{"name":"3P_Percentage","type":"double","nullable":true,"metadata":{}},{"name":"FT","type":"string","nullable":true,"metadata":{}},{"name":"FTM","type":"long","nullable":true,"metadata":{}},{"name":"FTA","type":"long","nullable":true,"metadata":{}},{"name":"FT_Percentage","type":"double","nullable":true,"metadata":{}},{"name":"REB","type":"long","nullable":true,"metadata":{}},{"name":"AST","type":"long","nullable":true,"metadata":{}},{"name":"BLK","type":"long","nullable":true,"metadata":{}},{"name":"STL","type":"long","nullable":true,"metadata":{}},{"name":"PF","type":"long","nullable":true,"metadata":{}},{"name":"TO","type":"long","nullable":true,"metadata":{}},{"name":"PTS","type":"long","nullable":true,"metadata":{}},{"name":"Is_Win","type":"boolean","nullable":true,"metadata":{}},{"name":"Point_Difference","type":"long","nullable":true,"metadata":{}}]},List(),Map(),Some(1749308442789)), logSegment=LogSegment(s3a://mybucket/sc_stats_db.db/silver/_delta_log,1,WrappedArray(S3AFileStatus{path=s3a://mybucket/sc_stats_db.db/silver/_delta_log/00000000000000000000.json; isDirectory=false; length=4064; replication=1; blocksize=33554432; modification_time=1749308448897; access_time=0; owner=***; group=***; permission=rw-rw-rw-; isSymlink=false; hasAcl=false; isEncrypted=true; isErasureCoded=false} isEmptyDirectory=FALSE eTag=c01f54f6e216c334a0528fc442b13d03 versionId=null, S3AFileStatus{path=s3a://mybucket/sc_stats_db.db/silver/_delta_log/00000000000000000001.json; isDirectory=false; length=1847; replication=1; blocksize=33554432; modification_time=1749308843020; access_time=0; owner=***; group=***; permission=rw-rw-rw-; isSymlink=false; hasAcl=false; isEncrypted=true; isErasureCoded=false} isEmptyDirectory=FALSE eTag=5ce00e080b6c9c713a97d6d23a9b8304 versionId=null),org.apache.spark.sql.delta.EmptyCheckpointProvider$@6fca78d1,1749308843020), checksumOpt=None)
[2025-06-07T15:07:34.690+0000] {spark_submit.py:644} INFO - Successfully read silver table
[2025-06-07T15:07:34.771+0000] {spark_submit.py:644} INFO - Error in silver to gold transformation: 'Column' object is not callable
[2025-06-07T15:07:34.772+0000] {spark_submit.py:644} INFO - 25/06/07 15:07:34 INFO SparkContext: SparkContext is stopping with exitCode 0.
[2025-06-07T15:07:34.777+0000] {spark_submit.py:644} INFO - 25/06/07 15:07:34 INFO SparkUI: Stopped Spark web UI at http://5ebb95484de3:4040
[2025-06-07T15:07:34.779+0000] {spark_submit.py:644} INFO - 25/06/07 15:07:34 INFO StandaloneSchedulerBackend: Shutting down all executors
[2025-06-07T15:07:34.780+0000] {spark_submit.py:644} INFO - 25/06/07 15:07:34 INFO StandaloneSchedulerBackend$StandaloneDriverEndpoint: Asking each executor to shut down
[2025-06-07T15:07:34.793+0000] {spark_submit.py:644} INFO - 25/06/07 15:07:34 INFO MapOutputTrackerMasterEndpoint: MapOutputTrackerMasterEndpoint stopped!
[2025-06-07T15:07:34.801+0000] {spark_submit.py:644} INFO - 25/06/07 15:07:34 INFO MemoryStore: MemoryStore cleared
[2025-06-07T15:07:34.802+0000] {spark_submit.py:644} INFO - 25/06/07 15:07:34 INFO BlockManager: BlockManager stopped
[2025-06-07T15:07:34.805+0000] {spark_submit.py:644} INFO - 25/06/07 15:07:34 INFO BlockManagerMaster: BlockManagerMaster stopped
[2025-06-07T15:07:34.806+0000] {spark_submit.py:644} INFO - 25/06/07 15:07:34 INFO OutputCommitCoordinator$OutputCommitCoordinatorEndpoint: OutputCommitCoordinator stopped!
[2025-06-07T15:07:34.831+0000] {spark_submit.py:644} INFO - 25/06/07 15:07:34 INFO SparkContext: Successfully stopped SparkContext
[2025-06-07T15:07:34.980+0000] {spark_submit.py:644} INFO - Traceback (most recent call last):
[2025-06-07T15:07:34.981+0000] {spark_submit.py:644} INFO - File "/opt/***/dags/silver_to_gold_sc_summary_etl.py", line 82, in <module>
[2025-06-07T15:07:34.981+0000] {spark_submit.py:644} INFO - main(args.seasonal_output_path, args.monthly_output_path)
[2025-06-07T15:07:34.982+0000] {spark_submit.py:644} INFO - ^^^^^^^^^^^^^^^^^^^^^^^^^^^^^^^^^^^^^^^^^^^^^^^^^^^^^^^^^
[2025-06-07T15:07:34.982+0000] {spark_submit.py:644} INFO - File "/opt/***/dags/silver_to_gold_sc_summary_etl.py", line 41, in main
[2025-06-07T15:07:34.982+0000] {spark_submit.py:644} INFO - .withColumn("Year_Month", year(col("Date")).cast("string").concat("-").concat(month(col("Date")).cast("string")))
[2025-06-07T15:07:34.983+0000] {spark_submit.py:644} INFO - ^^^^^^^^^^^^^^^^^^^^^^^^^^^^^^^^^^^^^^^^^^^^
[2025-06-07T15:07:34.983+0000] {spark_submit.py:644} INFO - TypeError: 'Column' object is not callable
[2025-06-07T15:07:35.018+0000] {spark_submit.py:644} INFO - 25/06/07 15:07:35 INFO ShutdownHookManager: Shutdown hook called
[2025-06-07T15:07:35.018+0000] {spark_submit.py:644} INFO - 25/06/07 15:07:35 INFO ShutdownHookManager: Deleting directory /tmp/spark-73ca2b42-3588-4d2d-a061-ea93028471c1
[2025-06-07T15:07:35.021+0000] {spark_submit.py:644} INFO - 25/06/07 15:07:35 INFO ShutdownHookManager: Deleting directory /tmp/spark-73ca2b42-3588-4d2d-a061-ea93028471c1/pyspark-746dd947-6110-4dc2-ae9d-88f90f6ea4fe
[2025-06-07T15:07:35.022+0000] {spark_submit.py:644} INFO - 25/06/07 15:07:35 INFO ShutdownHookManager: Deleting directory /tmp/spark-5037b102-ca53-44ae-b02e-38b1cf75cee6
[2025-06-07T15:07:35.025+0000] {spark_submit.py:644} INFO - 25/06/07 15:07:35 INFO MetricsSystemImpl: Stopping s3a-file-system metrics system...
[2025-06-07T15:07:35.025+0000] {spark_submit.py:644} INFO - 25/06/07 15:07:35 INFO MetricsSystemImpl: s3a-file-system metrics system stopped.
[2025-06-07T15:07:35.026+0000] {spark_submit.py:644} INFO - 25/06/07 15:07:35 INFO MetricsSystemImpl: s3a-file-system metrics system shutdown complete.
[2025-06-07T15:07:35.058+0000] {taskinstance.py:3311} ERROR - Task failed with exception
Traceback (most recent call last):
  File "/home/airflow/.local/lib/python3.11/site-packages/airflow/models/taskinstance.py", line 767, in _execute_task
    result = _execute_callable(context=context, **execute_callable_kwargs)
             ^^^^^^^^^^^^^^^^^^^^^^^^^^^^^^^^^^^^^^^^^^^^^^^^^^^^^^^^^^^^^
  File "/home/airflow/.local/lib/python3.11/site-packages/airflow/models/taskinstance.py", line 733, in _execute_callable
    return ExecutionCallableRunner(
           ^^^^^^^^^^^^^^^^^^^^^^^^
  File "/home/airflow/.local/lib/python3.11/site-packages/airflow/utils/operator_helpers.py", line 252, in run
    return self.func(*args, **kwargs)
           ^^^^^^^^^^^^^^^^^^^^^^^^^^
  File "/home/airflow/.local/lib/python3.11/site-packages/airflow/models/baseoperator.py", line 417, in wrapper
    return func(self, *args, **kwargs)
           ^^^^^^^^^^^^^^^^^^^^^^^^^^^
  File "/home/airflow/.local/lib/python3.11/site-packages/airflow/providers/apache/spark/operators/spark_submit.py", line 197, in execute
    self._hook.submit(self.application)
  File "/home/airflow/.local/lib/python3.11/site-packages/airflow/providers/apache/spark/hooks/spark_submit.py", line 566, in submit
    raise AirflowException(
airflow.exceptions.AirflowException: Cannot execute: spark-submit --master spark://spark-master:7077 --conf spark.executor.memory=2g --conf spark.sql.extensions=io.delta.sql.DeltaSparkSessionExtension --conf spark.sql.catalog.spark_catalog=org.apache.spark.sql.delta.catalog.DeltaCatalog --conf spark.hadoop.fs.s3a.endpoint=http://minio:9000 --conf spark.hadoop.fs.s3a.access.key=minioadmin --conf spark.hadoop.fs.s3a.secret.key=****** --conf spark.hadoop.fs.s3a.path.style.access=true --conf spark.hadoop.fs.s3a.impl=org.apache.hadoop.fs.s3a.S3AFileSystem --conf spark.hadoop.fs.s3a.aws.credentials.provider=org.apache.hadoop.fs.s3a.SimpleAWSCredentialsProvider --packages org.apache.hadoop:hadoop-aws:3.3.4,com.amazonaws:aws-java-sdk-bundle:1.12.262,io.delta:delta-spark_2.12:3.1.0 --name arrow-spark --queue root.default --deploy-mode client dags/silver_to_gold_sc_summary_etl.py --seasonal_output_path s3a://mybucket/sc_stats_db.db/gold_seasonal --monthly_output_path s3a://mybucket/sc_stats_db.db/gold_monthly. Error code is: 1.
[2025-06-07T15:07:35.063+0000] {taskinstance.py:1225} INFO - Marking task as FAILED. dag_id=stephen_curry_stats_medallion_etl, task_id=silver_to_gold, run_id=manual__2025-06-07T15:06:48.568302+00:00, execution_date=20250607T150648, start_date=20250607T150725, end_date=20250607T150735
[2025-06-07T15:07:35.068+0000] {taskinstance.py:340} INFO - ::group::Post task execution logs
[2025-06-07T15:07:35.068+0000] {standard_task_runner.py:124} ERROR - Failed to execute job 121 for task silver_to_gold (Cannot execute: spark-submit --master spark://spark-master:7077 --conf spark.executor.memory=2g --conf spark.sql.extensions=io.delta.sql.DeltaSparkSessionExtension --conf spark.sql.catalog.spark_catalog=org.apache.spark.sql.delta.catalog.DeltaCatalog --conf spark.hadoop.fs.s3a.endpoint=http://minio:9000 --conf spark.hadoop.fs.s3a.access.key=minioadmin --conf spark.hadoop.fs.s3a.secret.key=****** --conf spark.hadoop.fs.s3a.path.style.access=true --conf spark.hadoop.fs.s3a.impl=org.apache.hadoop.fs.s3a.S3AFileSystem --conf spark.hadoop.fs.s3a.aws.credentials.provider=org.apache.hadoop.fs.s3a.SimpleAWSCredentialsProvider --packages org.apache.hadoop:hadoop-aws:3.3.4,com.amazonaws:aws-java-sdk-bundle:1.12.262,io.delta:delta-spark_2.12:3.1.0 --name arrow-spark --queue root.default --deploy-mode client dags/silver_to_gold_sc_summary_etl.py --seasonal_output_path s3a://mybucket/sc_stats_db.db/gold_seasonal --monthly_output_path s3a://mybucket/sc_stats_db.db/gold_monthly. Error code is: 1.; 9601)
Traceback (most recent call last):
  File "/home/airflow/.local/lib/python3.11/site-packages/airflow/task/task_runner/standard_task_runner.py", line 117, in _start_by_fork
    ret = args.func(args, dag=self.dag)
          ^^^^^^^^^^^^^^^^^^^^^^^^^^^^^
  File "/home/airflow/.local/lib/python3.11/site-packages/airflow/cli/cli_config.py", line 49, in command
    return func(*args, **kwargs)
           ^^^^^^^^^^^^^^^^^^^^^
  File "/home/airflow/.local/lib/python3.11/site-packages/airflow/utils/cli.py", line 116, in wrapper
    return f(*args, **kwargs)
           ^^^^^^^^^^^^^^^^^^
  File "/home/airflow/.local/lib/python3.11/site-packages/airflow/cli/commands/task_command.py", line 483, in task_run
    task_return_code = _run_task_by_selected_method(args, _dag, ti)
                       ^^^^^^^^^^^^^^^^^^^^^^^^^^^^^^^^^^^^^^^^^^^^
  File "/home/airflow/.local/lib/python3.11/site-packages/airflow/cli/commands/task_command.py", line 256, in _run_task_by_selected_method
    return _run_raw_task(args, ti)
           ^^^^^^^^^^^^^^^^^^^^^^^
  File "/home/airflow/.local/lib/python3.11/site-packages/airflow/cli/commands/task_command.py", line 341, in _run_raw_task
    return ti._run_raw_task(
           ^^^^^^^^^^^^^^^^^
  File "/home/airflow/.local/lib/python3.11/site-packages/airflow/utils/session.py", line 97, in wrapper
    return func(*args, session=session, **kwargs)
           ^^^^^^^^^^^^^^^^^^^^^^^^^^^^^^^^^^^^^^
  File "/home/airflow/.local/lib/python3.11/site-packages/airflow/models/taskinstance.py", line 3005, in _run_raw_task
    return _run_raw_task(
           ^^^^^^^^^^^^^^
  File "/home/airflow/.local/lib/python3.11/site-packages/airflow/models/taskinstance.py", line 273, in _run_raw_task
    TaskInstance._execute_task_with_callbacks(
  File "/home/airflow/.local/lib/python3.11/site-packages/airflow/models/taskinstance.py", line 3159, in _execute_task_with_callbacks
    result = self._execute_task(context, task_orig)
             ^^^^^^^^^^^^^^^^^^^^^^^^^^^^^^^^^^^^^^
  File "/home/airflow/.local/lib/python3.11/site-packages/airflow/models/taskinstance.py", line 3183, in _execute_task
    return _execute_task(self, context, task_orig)
           ^^^^^^^^^^^^^^^^^^^^^^^^^^^^^^^^^^^^^^^
  File "/home/airflow/.local/lib/python3.11/site-packages/airflow/models/taskinstance.py", line 767, in _execute_task
    result = _execute_callable(context=context, **execute_callable_kwargs)
             ^^^^^^^^^^^^^^^^^^^^^^^^^^^^^^^^^^^^^^^^^^^^^^^^^^^^^^^^^^^^^
  File "/home/airflow/.local/lib/python3.11/site-packages/airflow/models/taskinstance.py", line 733, in _execute_callable
    return ExecutionCallableRunner(
           ^^^^^^^^^^^^^^^^^^^^^^^^
  File "/home/airflow/.local/lib/python3.11/site-packages/airflow/utils/operator_helpers.py", line 252, in run
    return self.func(*args, **kwargs)
           ^^^^^^^^^^^^^^^^^^^^^^^^^^
  File "/home/airflow/.local/lib/python3.11/site-packages/airflow/models/baseoperator.py", line 417, in wrapper
    return func(self, *args, **kwargs)
           ^^^^^^^^^^^^^^^^^^^^^^^^^^^
  File "/home/airflow/.local/lib/python3.11/site-packages/airflow/providers/apache/spark/operators/spark_submit.py", line 197, in execute
    self._hook.submit(self.application)
  File "/home/airflow/.local/lib/python3.11/site-packages/airflow/providers/apache/spark/hooks/spark_submit.py", line 566, in submit
    raise AirflowException(
airflow.exceptions.AirflowException: Cannot execute: spark-submit --master spark://spark-master:7077 --conf spark.executor.memory=2g --conf spark.sql.extensions=io.delta.sql.DeltaSparkSessionExtension --conf spark.sql.catalog.spark_catalog=org.apache.spark.sql.delta.catalog.DeltaCatalog --conf spark.hadoop.fs.s3a.endpoint=http://minio:9000 --conf spark.hadoop.fs.s3a.access.key=minioadmin --conf spark.hadoop.fs.s3a.secret.key=****** --conf spark.hadoop.fs.s3a.path.style.access=true --conf spark.hadoop.fs.s3a.impl=org.apache.hadoop.fs.s3a.S3AFileSystem --conf spark.hadoop.fs.s3a.aws.credentials.provider=org.apache.hadoop.fs.s3a.SimpleAWSCredentialsProvider --packages org.apache.hadoop:hadoop-aws:3.3.4,com.amazonaws:aws-java-sdk-bundle:1.12.262,io.delta:delta-spark_2.12:3.1.0 --name arrow-spark --queue root.default --deploy-mode client dags/silver_to_gold_sc_summary_etl.py --seasonal_output_path s3a://mybucket/sc_stats_db.db/gold_seasonal --monthly_output_path s3a://mybucket/sc_stats_db.db/gold_monthly. Error code is: 1.
[2025-06-07T15:07:35.102+0000] {local_task_job_runner.py:266} INFO - Task exited with return code 1
[2025-06-07T15:07:35.112+0000] {taskinstance.py:3895} INFO - 0 downstream tasks scheduled from follow-on schedule check
[2025-06-07T15:07:35.113+0000] {local_task_job_runner.py:245} INFO - ::endgroup::
