[2025-05-31T05:39:52.844+0000] {local_task_job_runner.py:123} INFO - ::group::Pre task execution logs
[2025-05-31T05:39:52.855+0000] {taskinstance.py:2613} INFO - Dependencies all met for dep_context=non-requeueable deps ti=<TaskInstance: medallion_sales_etl.submit_medallion_sales_etl_job manual__2025-05-31T05:39:52.450826+00:00 [queued]>
[2025-05-31T05:39:52.859+0000] {taskinstance.py:2613} INFO - Dependencies all met for dep_context=requeueable deps ti=<TaskInstance: medallion_sales_etl.submit_medallion_sales_etl_job manual__2025-05-31T05:39:52.450826+00:00 [queued]>
[2025-05-31T05:39:52.859+0000] {taskinstance.py:2866} INFO - Starting attempt 1 of 2
[2025-05-31T05:39:52.864+0000] {taskinstance.py:2889} INFO - Executing <Task(SparkSubmitOperator): submit_medallion_sales_etl_job> on 2025-05-31 05:39:52.450826+00:00
[2025-05-31T05:39:52.867+0000] {standard_task_runner.py:72} INFO - Started process 688 to run task
[2025-05-31T05:39:52.869+0000] {standard_task_runner.py:104} INFO - Running: ['***', 'tasks', 'run', 'medallion_sales_etl', 'submit_medallion_sales_etl_job', 'manual__2025-05-31T05:39:52.450826+00:00', '--job-id', '13', '--raw', '--subdir', 'DAGS_FOLDER/medallion_sales_etl_dag.py', '--cfg-path', '/tmp/tmpns5k4frk']
[2025-05-31T05:39:52.870+0000] {standard_task_runner.py:105} INFO - Job 13: Subtask submit_medallion_sales_etl_job
[2025-05-31T05:39:52.899+0000] {task_command.py:467} INFO - Running <TaskInstance: medallion_sales_etl.submit_medallion_sales_etl_job manual__2025-05-31T05:39:52.450826+00:00 [running]> on host 5d1f499577a6
[2025-05-31T05:39:52.944+0000] {taskinstance.py:3132} INFO - Exporting env vars: AIRFLOW_CTX_DAG_OWNER='***' AIRFLOW_CTX_DAG_ID='medallion_sales_etl' AIRFLOW_CTX_TASK_ID='submit_medallion_sales_etl_job' AIRFLOW_CTX_EXECUTION_DATE='2025-05-31T05:39:52.450826+00:00' AIRFLOW_CTX_TRY_NUMBER='1' AIRFLOW_CTX_DAG_RUN_ID='manual__2025-05-31T05:39:52.450826+00:00'
[2025-05-31T05:39:52.945+0000] {taskinstance.py:731} INFO - ::endgroup::
[2025-05-31T05:39:52.962+0000] {base.py:84} INFO - Retrieving connection 'spark_default'
[2025-05-31T05:39:52.963+0000] {spark_submit.py:474} INFO - Spark-Submit cmd: spark-submit --master spark://spark-master:7077 --conf spark.executor.memory=2g --conf spark.local.dir=/opt/***/dags/spark_temp --name medallion_sales_etl_spark_job --verbose --queue root.default --deploy-mode client /opt/***/dags/medallion_etl.py
[2025-05-31T05:39:53.565+0000] {spark_submit.py:644} INFO - Using properties file: null
[2025-05-31T05:39:53.618+0000] {spark_submit.py:644} INFO - Parsed arguments:
[2025-05-31T05:39:53.618+0000] {spark_submit.py:644} INFO - master                  spark://spark-master:7077
[2025-05-31T05:39:53.618+0000] {spark_submit.py:644} INFO - remote                  null
[2025-05-31T05:39:53.618+0000] {spark_submit.py:644} INFO - deployMode              client
[2025-05-31T05:39:53.619+0000] {spark_submit.py:644} INFO - executorMemory          2g
[2025-05-31T05:39:53.619+0000] {spark_submit.py:644} INFO - executorCores           null
[2025-05-31T05:39:53.619+0000] {spark_submit.py:644} INFO - totalExecutorCores      null
[2025-05-31T05:39:53.619+0000] {spark_submit.py:644} INFO - propertiesFile          null
[2025-05-31T05:39:53.619+0000] {spark_submit.py:644} INFO - driverMemory            null
[2025-05-31T05:39:53.619+0000] {spark_submit.py:644} INFO - driverCores             null
[2025-05-31T05:39:53.619+0000] {spark_submit.py:644} INFO - driverExtraClassPath    null
[2025-05-31T05:39:53.620+0000] {spark_submit.py:644} INFO - driverExtraLibraryPath  null
[2025-05-31T05:39:53.620+0000] {spark_submit.py:644} INFO - driverExtraJavaOptions  null
[2025-05-31T05:39:53.620+0000] {spark_submit.py:644} INFO - supervise               false
[2025-05-31T05:39:53.620+0000] {spark_submit.py:644} INFO - queue                   root.default
[2025-05-31T05:39:53.620+0000] {spark_submit.py:644} INFO - numExecutors            null
[2025-05-31T05:39:53.620+0000] {spark_submit.py:644} INFO - files                   null
[2025-05-31T05:39:53.620+0000] {spark_submit.py:644} INFO - pyFiles                 null
[2025-05-31T05:39:53.620+0000] {spark_submit.py:644} INFO - archives                null
[2025-05-31T05:39:53.621+0000] {spark_submit.py:644} INFO - mainClass               null
[2025-05-31T05:39:53.621+0000] {spark_submit.py:644} INFO - primaryResource         file:/opt/***/dags/medallion_etl.py
[2025-05-31T05:39:53.621+0000] {spark_submit.py:644} INFO - name                    medallion_sales_etl_spark_job
[2025-05-31T05:39:53.621+0000] {spark_submit.py:644} INFO - childArgs               []
[2025-05-31T05:39:53.621+0000] {spark_submit.py:644} INFO - jars                    null
[2025-05-31T05:39:53.621+0000] {spark_submit.py:644} INFO - packages                null
[2025-05-31T05:39:53.621+0000] {spark_submit.py:644} INFO - packagesExclusions      null
[2025-05-31T05:39:53.622+0000] {spark_submit.py:644} INFO - repositories            null
[2025-05-31T05:39:53.622+0000] {spark_submit.py:644} INFO - verbose                 true
[2025-05-31T05:39:53.622+0000] {spark_submit.py:644} INFO - 
[2025-05-31T05:39:53.622+0000] {spark_submit.py:644} INFO - Spark properties used, including those specified through
[2025-05-31T05:39:53.622+0000] {spark_submit.py:644} INFO - --conf and those from the properties file null:
[2025-05-31T05:39:53.622+0000] {spark_submit.py:644} INFO - (spark.executor.memory,2g)
[2025-05-31T05:39:53.622+0000] {spark_submit.py:644} INFO - (spark.local.dir,/opt/***/dags/spark_temp)
[2025-05-31T05:39:53.622+0000] {spark_submit.py:644} INFO - 
[2025-05-31T05:39:53.623+0000] {spark_submit.py:644} INFO - 
[2025-05-31T05:39:53.743+0000] {spark_submit.py:644} INFO - Main class:
[2025-05-31T05:39:53.743+0000] {spark_submit.py:644} INFO - org.apache.spark.deploy.PythonRunner
[2025-05-31T05:39:53.744+0000] {spark_submit.py:644} INFO - Arguments:
[2025-05-31T05:39:53.744+0000] {spark_submit.py:644} INFO - file:/opt/***/dags/medallion_etl.py
[2025-05-31T05:39:53.744+0000] {spark_submit.py:644} INFO - null
[2025-05-31T05:39:53.744+0000] {spark_submit.py:644} INFO - Spark config:
[2025-05-31T05:39:53.744+0000] {spark_submit.py:644} INFO - (spark.app.name,medallion_sales_etl_spark_job)
[2025-05-31T05:39:53.745+0000] {spark_submit.py:644} INFO - (spark.app.submitTime,1748669993734)
[2025-05-31T05:39:53.745+0000] {spark_submit.py:644} INFO - (spark.executor.memory,2g)
[2025-05-31T05:39:53.745+0000] {spark_submit.py:644} INFO - (spark.local.dir,/opt/***/dags/spark_temp)
[2025-05-31T05:39:53.745+0000] {spark_submit.py:644} INFO - (spark.master,spark://spark-master:7077)
[2025-05-31T05:39:53.746+0000] {spark_submit.py:644} INFO - (spark.submit.deployMode,client)
[2025-05-31T05:39:53.746+0000] {spark_submit.py:644} INFO - (spark.submit.pyFiles,)
[2025-05-31T05:39:53.746+0000] {spark_submit.py:644} INFO - Classpath elements:
[2025-05-31T05:39:53.747+0000] {spark_submit.py:644} INFO - 
[2025-05-31T05:39:53.747+0000] {spark_submit.py:644} INFO - 
[2025-05-31T05:39:53.747+0000] {spark_submit.py:644} INFO - 
[2025-05-31T05:39:54.300+0000] {spark_submit.py:644} INFO - 25/05/31 05:39:54 INFO SparkContext: Running Spark version 3.5.2
[2025-05-31T05:39:54.301+0000] {spark_submit.py:644} INFO - 25/05/31 05:39:54 INFO SparkContext: OS info Linux, 6.10.14-linuxkit, aarch64
[2025-05-31T05:39:54.302+0000] {spark_submit.py:644} INFO - 25/05/31 05:39:54 INFO SparkContext: Java version 17.0.15
[2025-05-31T05:39:54.330+0000] {spark_submit.py:644} INFO - 25/05/31 05:39:54 WARN NativeCodeLoader: Unable to load native-hadoop library for your platform... using builtin-java classes where applicable
[2025-05-31T05:39:54.360+0000] {spark_submit.py:644} INFO - 25/05/31 05:39:54 WARN SparkConf: Note that spark.local.dir will be overridden by the value set by the cluster manager (via SPARK_LOCAL_DIRS in mesos/standalone/kubernetes and LOCAL_DIRS in YARN).
[2025-05-31T05:39:54.372+0000] {spark_submit.py:644} INFO - 25/05/31 05:39:54 INFO ResourceUtils: ==============================================================
[2025-05-31T05:39:54.373+0000] {spark_submit.py:644} INFO - 25/05/31 05:39:54 INFO ResourceUtils: No custom resources configured for spark.driver.
[2025-05-31T05:39:54.373+0000] {spark_submit.py:644} INFO - 25/05/31 05:39:54 INFO ResourceUtils: ==============================================================
[2025-05-31T05:39:54.373+0000] {spark_submit.py:644} INFO - 25/05/31 05:39:54 INFO SparkContext: Submitted application: SimpleSparkTest
[2025-05-31T05:39:54.383+0000] {spark_submit.py:644} INFO - 25/05/31 05:39:54 INFO ResourceProfile: Default ResourceProfile created, executor resources: Map(memory -> name: memory, amount: 2048, script: , vendor: , offHeap -> name: offHeap, amount: 0, script: , vendor: ), task resources: Map(cpus -> name: cpus, amount: 1.0)
[2025-05-31T05:39:54.387+0000] {spark_submit.py:644} INFO - 25/05/31 05:39:54 INFO ResourceProfile: Limiting resource is cpu
[2025-05-31T05:39:54.387+0000] {spark_submit.py:644} INFO - 25/05/31 05:39:54 INFO ResourceProfileManager: Added ResourceProfile id: 0
[2025-05-31T05:39:54.413+0000] {spark_submit.py:644} INFO - 25/05/31 05:39:54 INFO SecurityManager: Changing view acls to: ***
[2025-05-31T05:39:54.413+0000] {spark_submit.py:644} INFO - 25/05/31 05:39:54 INFO SecurityManager: Changing modify acls to: ***
[2025-05-31T05:39:54.413+0000] {spark_submit.py:644} INFO - 25/05/31 05:39:54 INFO SecurityManager: Changing view acls groups to:
[2025-05-31T05:39:54.414+0000] {spark_submit.py:644} INFO - 25/05/31 05:39:54 INFO SecurityManager: Changing modify acls groups to:
[2025-05-31T05:39:54.414+0000] {spark_submit.py:644} INFO - 25/05/31 05:39:54 INFO SecurityManager: SecurityManager: authentication disabled; ui acls disabled; users with view permissions: ***; groups with view permissions: EMPTY; users with modify permissions: ***; groups with modify permissions: EMPTY
[2025-05-31T05:39:54.524+0000] {spark_submit.py:644} INFO - 25/05/31 05:39:54 INFO Utils: Successfully started service 'sparkDriver' on port 36603.
[2025-05-31T05:39:54.540+0000] {spark_submit.py:644} INFO - 25/05/31 05:39:54 INFO SparkEnv: Registering MapOutputTracker
[2025-05-31T05:39:54.569+0000] {spark_submit.py:644} INFO - 25/05/31 05:39:54 INFO SparkEnv: Registering BlockManagerMaster
[2025-05-31T05:39:54.580+0000] {spark_submit.py:644} INFO - 25/05/31 05:39:54 INFO BlockManagerMasterEndpoint: Using org.apache.spark.storage.DefaultTopologyMapper for getting topology information
[2025-05-31T05:39:54.580+0000] {spark_submit.py:644} INFO - 25/05/31 05:39:54 INFO BlockManagerMasterEndpoint: BlockManagerMasterEndpoint up
[2025-05-31T05:39:54.583+0000] {spark_submit.py:644} INFO - 25/05/31 05:39:54 INFO SparkEnv: Registering BlockManagerMasterHeartbeat
[2025-05-31T05:39:54.595+0000] {spark_submit.py:644} INFO - 25/05/31 05:39:54 INFO DiskBlockManager: Created local directory at /opt/***/dags/spark_temp/blockmgr-de82395a-dc6c-4557-944d-3defc04e177a
[2025-05-31T05:39:54.603+0000] {spark_submit.py:644} INFO - 25/05/31 05:39:54 INFO MemoryStore: MemoryStore started with capacity 434.4 MiB
[2025-05-31T05:39:54.611+0000] {spark_submit.py:644} INFO - 25/05/31 05:39:54 INFO SparkEnv: Registering OutputCommitCoordinator
[2025-05-31T05:39:54.677+0000] {spark_submit.py:644} INFO - 25/05/31 05:39:54 INFO JettyUtils: Start Jetty 0.0.0.0:4040 for SparkUI
[2025-05-31T05:39:54.711+0000] {spark_submit.py:644} INFO - 25/05/31 05:39:54 INFO Utils: Successfully started service 'SparkUI' on port 4040.
[2025-05-31T05:39:54.774+0000] {spark_submit.py:644} INFO - 25/05/31 05:39:54 INFO StandaloneAppClient$ClientEndpoint: Connecting to master spark://spark-master:7077...
[2025-05-31T05:39:54.797+0000] {spark_submit.py:644} INFO - 25/05/31 05:39:54 INFO TransportClientFactory: Successfully created connection to spark-master/172.19.0.7:7077 after 12 ms (0 ms spent in bootstraps)
[2025-05-31T05:39:54.841+0000] {spark_submit.py:644} INFO - 25/05/31 05:39:54 INFO StandaloneSchedulerBackend: Connected to Spark cluster with app ID app-20250531053954-0002
[2025-05-31T05:39:54.842+0000] {spark_submit.py:644} INFO - 25/05/31 05:39:54 INFO StandaloneAppClient$ClientEndpoint: Executor added: app-20250531053954-0002/0 on worker-20250531053450-172.19.0.8-42179 (172.19.0.8:42179) with 4 core(s)
[2025-05-31T05:39:54.843+0000] {spark_submit.py:644} INFO - 25/05/31 05:39:54 INFO StandaloneSchedulerBackend: Granted executor ID app-20250531053954-0002/0 on hostPort 172.19.0.8:42179 with 4 core(s), 2.0 GiB RAM
[2025-05-31T05:39:54.846+0000] {spark_submit.py:644} INFO - 25/05/31 05:39:54 INFO Utils: Successfully started service 'org.apache.spark.network.netty.NettyBlockTransferService' on port 43429.
[2025-05-31T05:39:54.846+0000] {spark_submit.py:644} INFO - 25/05/31 05:39:54 INFO NettyBlockTransferService: Server created on 5d1f499577a6:43429
[2025-05-31T05:39:54.847+0000] {spark_submit.py:644} INFO - 25/05/31 05:39:54 INFO BlockManager: Using org.apache.spark.storage.RandomBlockReplicationPolicy for block replication policy
[2025-05-31T05:39:54.851+0000] {spark_submit.py:644} INFO - 25/05/31 05:39:54 INFO BlockManagerMaster: Registering BlockManager BlockManagerId(driver, 5d1f499577a6, 43429, None)
[2025-05-31T05:39:54.852+0000] {spark_submit.py:644} INFO - 25/05/31 05:39:54 INFO BlockManagerMasterEndpoint: Registering block manager 5d1f499577a6:43429 with 434.4 MiB RAM, BlockManagerId(driver, 5d1f499577a6, 43429, None)
[2025-05-31T05:39:54.854+0000] {spark_submit.py:644} INFO - 25/05/31 05:39:54 INFO BlockManagerMaster: Registered BlockManager BlockManagerId(driver, 5d1f499577a6, 43429, None)
[2025-05-31T05:39:54.855+0000] {spark_submit.py:644} INFO - 25/05/31 05:39:54 INFO BlockManager: Initialized BlockManager: BlockManagerId(driver, 5d1f499577a6, 43429, None)
[2025-05-31T05:39:54.866+0000] {spark_submit.py:644} INFO - 25/05/31 05:39:54 INFO StandaloneAppClient$ClientEndpoint: Executor updated: app-20250531053954-0002/0 is now RUNNING
[2025-05-31T05:39:54.962+0000] {spark_submit.py:644} INFO - 25/05/31 05:39:54 INFO StandaloneSchedulerBackend: SchedulerBackend is ready for scheduling beginning after reached minRegisteredResourcesRatio: 0.0
[2025-05-31T05:39:55.055+0000] {spark_submit.py:644} INFO - Spark session created for simple test.
[2025-05-31T05:39:55.056+0000] {spark_submit.py:644} INFO - Spark version: 3.5.2
[2025-05-31T05:39:55.466+0000] {spark_submit.py:644} INFO - 25/05/31 05:39:55 INFO SharedState: Setting hive.metastore.warehouse.dir ('null') to the value of spark.sql.warehouse.dir.
[2025-05-31T05:39:55.475+0000] {spark_submit.py:644} INFO - 25/05/31 05:39:55 INFO SharedState: Warehouse path is 'file:/opt/***/spark-warehouse'.
[2025-05-31T05:39:56.165+0000] {spark_submit.py:644} INFO - Simple DataFrame created:
[2025-05-31T05:39:56.514+0000] {spark_submit.py:644} INFO - 25/05/31 05:39:56 INFO StandaloneSchedulerBackend$StandaloneDriverEndpoint: Registered executor NettyRpcEndpointRef(spark-client://Executor) (172.19.0.8:34412) with ID 0,  ResourceProfileId 0
[2025-05-31T05:39:56.558+0000] {spark_submit.py:644} INFO - 25/05/31 05:39:56 INFO BlockManagerMasterEndpoint: Registering block manager 172.19.0.8:37265 with 1048.8 MiB RAM, BlockManagerId(0, 172.19.0.8, 37265, None)
[2025-05-31T05:39:56.571+0000] {spark_submit.py:644} INFO - 25/05/31 05:39:56 INFO CodeGenerator: Code generated in 96.588458 ms
[2025-05-31T05:39:56.592+0000] {spark_submit.py:644} INFO - 25/05/31 05:39:56 INFO SparkContext: Starting job: showString at NativeMethodAccessorImpl.java:0
[2025-05-31T05:39:56.599+0000] {spark_submit.py:644} INFO - 25/05/31 05:39:56 INFO DAGScheduler: Got job 0 (showString at NativeMethodAccessorImpl.java:0) with 1 output partitions
[2025-05-31T05:39:56.600+0000] {spark_submit.py:644} INFO - 25/05/31 05:39:56 INFO DAGScheduler: Final stage: ResultStage 0 (showString at NativeMethodAccessorImpl.java:0)
[2025-05-31T05:39:56.600+0000] {spark_submit.py:644} INFO - 25/05/31 05:39:56 INFO DAGScheduler: Parents of final stage: List()
[2025-05-31T05:39:56.600+0000] {spark_submit.py:644} INFO - 25/05/31 05:39:56 INFO DAGScheduler: Missing parents: List()
[2025-05-31T05:39:56.601+0000] {spark_submit.py:644} INFO - 25/05/31 05:39:56 INFO DAGScheduler: Submitting ResultStage 0 (MapPartitionsRDD[6] at showString at NativeMethodAccessorImpl.java:0), which has no missing parents
[2025-05-31T05:39:56.642+0000] {spark_submit.py:644} INFO - 25/05/31 05:39:56 INFO MemoryStore: Block broadcast_0 stored as values in memory (estimated size 12.7 KiB, free 434.4 MiB)
[2025-05-31T05:39:56.662+0000] {spark_submit.py:644} INFO - 25/05/31 05:39:56 INFO MemoryStore: Block broadcast_0_piece0 stored as bytes in memory (estimated size 6.7 KiB, free 434.4 MiB)
[2025-05-31T05:39:56.664+0000] {spark_submit.py:644} INFO - 25/05/31 05:39:56 INFO BlockManagerInfo: Added broadcast_0_piece0 in memory on 5d1f499577a6:43429 (size: 6.7 KiB, free: 434.4 MiB)
[2025-05-31T05:39:56.669+0000] {spark_submit.py:644} INFO - 25/05/31 05:39:56 INFO SparkContext: Created broadcast 0 from broadcast at DAGScheduler.scala:1585
[2025-05-31T05:39:56.680+0000] {spark_submit.py:644} INFO - 25/05/31 05:39:56 INFO DAGScheduler: Submitting 1 missing tasks from ResultStage 0 (MapPartitionsRDD[6] at showString at NativeMethodAccessorImpl.java:0) (first 15 tasks are for partitions Vector(0))
[2025-05-31T05:39:56.680+0000] {spark_submit.py:644} INFO - 25/05/31 05:39:56 INFO TaskSchedulerImpl: Adding task set 0.0 with 1 tasks resource profile 0
[2025-05-31T05:39:56.696+0000] {spark_submit.py:644} INFO - 25/05/31 05:39:56 INFO TaskSetManager: Starting task 0.0 in stage 0.0 (TID 0) (172.19.0.8, executor 0, partition 0, PROCESS_LOCAL, 9020 bytes)
[2025-05-31T05:39:56.777+0000] {spark_submit.py:644} INFO - 25/05/31 05:39:56 INFO StandaloneAppClient$ClientEndpoint: Executor updated: app-20250531053954-0002/0 is now EXITED (Command exited with code 50)
[2025-05-31T05:39:56.778+0000] {spark_submit.py:644} INFO - 25/05/31 05:39:56 INFO StandaloneSchedulerBackend: Executor app-20250531053954-0002/0 removed: Command exited with code 50
[2025-05-31T05:39:56.778+0000] {spark_submit.py:644} INFO - 25/05/31 05:39:56 INFO StandaloneAppClient$ClientEndpoint: Executor added: app-20250531053954-0002/1 on worker-20250531053450-172.19.0.8-42179 (172.19.0.8:42179) with 4 core(s)
[2025-05-31T05:39:56.778+0000] {spark_submit.py:644} INFO - 25/05/31 05:39:56 INFO StandaloneSchedulerBackend: Granted executor ID app-20250531053954-0002/1 on hostPort 172.19.0.8:42179 with 4 core(s), 2.0 GiB RAM
[2025-05-31T05:39:56.780+0000] {spark_submit.py:644} INFO - 25/05/31 05:39:56 ERROR TaskSchedulerImpl: Lost executor 0 on 172.19.0.8: Command exited with code 50
[2025-05-31T05:39:56.783+0000] {spark_submit.py:644} INFO - 25/05/31 05:39:56 WARN TaskSetManager: Lost task 0.0 in stage 0.0 (TID 0) (172.19.0.8 executor 0): ExecutorLostFailure (executor 0 exited caused by one of the running tasks) Reason: Command exited with code 50
[2025-05-31T05:39:56.786+0000] {spark_submit.py:644} INFO - 25/05/31 05:39:56 INFO DAGScheduler: Executor lost: 0 (epoch 0)
[2025-05-31T05:39:56.789+0000] {spark_submit.py:644} INFO - 25/05/31 05:39:56 INFO BlockManagerMasterEndpoint: Trying to remove executor 0 from BlockManagerMaster.
[2025-05-31T05:39:56.789+0000] {spark_submit.py:644} INFO - 25/05/31 05:39:56 INFO BlockManagerMasterEndpoint: Removing block manager BlockManagerId(0, 172.19.0.8, 37265, None)
[2025-05-31T05:39:56.790+0000] {spark_submit.py:644} INFO - 25/05/31 05:39:56 INFO BlockManagerMaster: Removed 0 successfully in removeExecutor
[2025-05-31T05:39:56.790+0000] {spark_submit.py:644} INFO - 25/05/31 05:39:56 INFO DAGScheduler: Shuffle files lost for executor: 0 (epoch 0)
[2025-05-31T05:39:56.793+0000] {spark_submit.py:644} INFO - 25/05/31 05:39:56 INFO StandaloneAppClient$ClientEndpoint: Executor updated: app-20250531053954-0002/1 is now RUNNING
[2025-05-31T05:39:58.137+0000] {spark_submit.py:644} INFO - 25/05/31 05:39:58 INFO StandaloneSchedulerBackend$StandaloneDriverEndpoint: Registered executor NettyRpcEndpointRef(spark-client://Executor) (172.19.0.8:38524) with ID 1,  ResourceProfileId 0
[2025-05-31T05:39:58.176+0000] {spark_submit.py:644} INFO - 25/05/31 05:39:58 INFO BlockManagerMasterEndpoint: Registering block manager 172.19.0.8:36393 with 1048.8 MiB RAM, BlockManagerId(1, 172.19.0.8, 36393, None)
[2025-05-31T05:39:58.198+0000] {spark_submit.py:644} INFO - 25/05/31 05:39:58 INFO TaskSetManager: Starting task 0.1 in stage 0.0 (TID 1) (172.19.0.8, executor 1, partition 0, PROCESS_LOCAL, 9020 bytes)
[2025-05-31T05:39:58.285+0000] {spark_submit.py:644} INFO - 25/05/31 05:39:58 INFO StandaloneAppClient$ClientEndpoint: Executor updated: app-20250531053954-0002/1 is now EXITED (Command exited with code 50)
[2025-05-31T05:39:58.285+0000] {spark_submit.py:644} INFO - 25/05/31 05:39:58 INFO StandaloneSchedulerBackend: Executor app-20250531053954-0002/1 removed: Command exited with code 50
[2025-05-31T05:39:58.286+0000] {spark_submit.py:644} INFO - 25/05/31 05:39:58 INFO StandaloneAppClient$ClientEndpoint: Executor added: app-20250531053954-0002/2 on worker-20250531053450-172.19.0.8-42179 (172.19.0.8:42179) with 4 core(s)
[2025-05-31T05:39:58.286+0000] {spark_submit.py:644} INFO - 25/05/31 05:39:58 ERROR TaskSchedulerImpl: Lost executor 1 on 172.19.0.8: Command exited with code 50
[2025-05-31T05:39:58.287+0000] {spark_submit.py:644} INFO - 25/05/31 05:39:58 INFO StandaloneSchedulerBackend: Granted executor ID app-20250531053954-0002/2 on hostPort 172.19.0.8:42179 with 4 core(s), 2.0 GiB RAM
[2025-05-31T05:39:58.287+0000] {spark_submit.py:644} INFO - 25/05/31 05:39:58 WARN TaskSetManager: Lost task 0.1 in stage 0.0 (TID 1) (172.19.0.8 executor 1): ExecutorLostFailure (executor 1 exited caused by one of the running tasks) Reason: Command exited with code 50
[2025-05-31T05:39:58.287+0000] {spark_submit.py:644} INFO - 25/05/31 05:39:58 INFO DAGScheduler: Executor lost: 1 (epoch 1)
[2025-05-31T05:39:58.287+0000] {spark_submit.py:644} INFO - 25/05/31 05:39:58 INFO BlockManagerMasterEndpoint: Trying to remove executor 1 from BlockManagerMaster.
[2025-05-31T05:39:58.287+0000] {spark_submit.py:644} INFO - 25/05/31 05:39:58 INFO BlockManagerMasterEndpoint: Removing block manager BlockManagerId(1, 172.19.0.8, 36393, None)
[2025-05-31T05:39:58.287+0000] {spark_submit.py:644} INFO - 25/05/31 05:39:58 INFO BlockManagerMaster: Removed 1 successfully in removeExecutor
[2025-05-31T05:39:58.288+0000] {spark_submit.py:644} INFO - 25/05/31 05:39:58 INFO DAGScheduler: Shuffle files lost for executor: 1 (epoch 1)
[2025-05-31T05:39:58.301+0000] {spark_submit.py:644} INFO - 25/05/31 05:39:58 INFO StandaloneAppClient$ClientEndpoint: Executor updated: app-20250531053954-0002/2 is now RUNNING
[2025-05-31T05:39:59.647+0000] {spark_submit.py:644} INFO - 25/05/31 05:39:59 INFO StandaloneSchedulerBackend$StandaloneDriverEndpoint: Registered executor NettyRpcEndpointRef(spark-client://Executor) (172.19.0.8:38544) with ID 2,  ResourceProfileId 0
[2025-05-31T05:39:59.697+0000] {spark_submit.py:644} INFO - 25/05/31 05:39:59 INFO BlockManagerMasterEndpoint: Registering block manager 172.19.0.8:46457 with 1048.8 MiB RAM, BlockManagerId(2, 172.19.0.8, 46457, None)
[2025-05-31T05:39:59.721+0000] {spark_submit.py:644} INFO - 25/05/31 05:39:59 INFO TaskSetManager: Starting task 0.2 in stage 0.0 (TID 2) (172.19.0.8, executor 2, partition 0, PROCESS_LOCAL, 9020 bytes)
[2025-05-31T05:39:59.808+0000] {spark_submit.py:644} INFO - 25/05/31 05:39:59 INFO StandaloneAppClient$ClientEndpoint: Executor updated: app-20250531053954-0002/2 is now EXITED (Command exited with code 50)
[2025-05-31T05:39:59.809+0000] {spark_submit.py:644} INFO - 25/05/31 05:39:59 INFO StandaloneSchedulerBackend: Executor app-20250531053954-0002/2 removed: Command exited with code 50
[2025-05-31T05:39:59.810+0000] {spark_submit.py:644} INFO - 25/05/31 05:39:59 INFO StandaloneAppClient$ClientEndpoint: Executor added: app-20250531053954-0002/3 on worker-20250531053450-172.19.0.8-42179 (172.19.0.8:42179) with 4 core(s)
[2025-05-31T05:39:59.810+0000] {spark_submit.py:644} INFO - 25/05/31 05:39:59 INFO StandaloneSchedulerBackend: Granted executor ID app-20250531053954-0002/3 on hostPort 172.19.0.8:42179 with 4 core(s), 2.0 GiB RAM
[2025-05-31T05:39:59.810+0000] {spark_submit.py:644} INFO - 25/05/31 05:39:59 ERROR TaskSchedulerImpl: Lost executor 2 on 172.19.0.8: Command exited with code 50
[2025-05-31T05:39:59.810+0000] {spark_submit.py:644} INFO - 25/05/31 05:39:59 WARN TaskSetManager: Lost task 0.2 in stage 0.0 (TID 2) (172.19.0.8 executor 2): ExecutorLostFailure (executor 2 exited caused by one of the running tasks) Reason: Command exited with code 50
[2025-05-31T05:39:59.810+0000] {spark_submit.py:644} INFO - 25/05/31 05:39:59 INFO DAGScheduler: Executor lost: 2 (epoch 2)
[2025-05-31T05:39:59.810+0000] {spark_submit.py:644} INFO - 25/05/31 05:39:59 INFO BlockManagerMasterEndpoint: Trying to remove executor 2 from BlockManagerMaster.
[2025-05-31T05:39:59.811+0000] {spark_submit.py:644} INFO - 25/05/31 05:39:59 INFO BlockManagerMasterEndpoint: Removing block manager BlockManagerId(2, 172.19.0.8, 46457, None)
[2025-05-31T05:39:59.811+0000] {spark_submit.py:644} INFO - 25/05/31 05:39:59 INFO BlockManagerMaster: Removed 2 successfully in removeExecutor
[2025-05-31T05:39:59.811+0000] {spark_submit.py:644} INFO - 25/05/31 05:39:59 INFO DAGScheduler: Shuffle files lost for executor: 2 (epoch 2)
[2025-05-31T05:39:59.823+0000] {spark_submit.py:644} INFO - 25/05/31 05:39:59 INFO StandaloneAppClient$ClientEndpoint: Executor updated: app-20250531053954-0002/3 is now RUNNING
[2025-05-31T05:40:01.195+0000] {spark_submit.py:644} INFO - 25/05/31 05:40:01 INFO StandaloneSchedulerBackend$StandaloneDriverEndpoint: Registered executor NettyRpcEndpointRef(spark-client://Executor) (172.19.0.8:38572) with ID 3,  ResourceProfileId 0
[2025-05-31T05:40:01.234+0000] {spark_submit.py:644} INFO - 25/05/31 05:40:01 INFO BlockManagerMasterEndpoint: Registering block manager 172.19.0.8:46835 with 1048.8 MiB RAM, BlockManagerId(3, 172.19.0.8, 46835, None)
[2025-05-31T05:40:01.261+0000] {spark_submit.py:644} INFO - 25/05/31 05:40:01 INFO TaskSetManager: Starting task 0.3 in stage 0.0 (TID 3) (172.19.0.8, executor 3, partition 0, PROCESS_LOCAL, 9020 bytes)
[2025-05-31T05:40:01.359+0000] {spark_submit.py:644} INFO - 25/05/31 05:40:01 INFO StandaloneAppClient$ClientEndpoint: Executor updated: app-20250531053954-0002/3 is now EXITED (Command exited with code 50)
[2025-05-31T05:40:01.359+0000] {spark_submit.py:644} INFO - 25/05/31 05:40:01 INFO StandaloneSchedulerBackend: Executor app-20250531053954-0002/3 removed: Command exited with code 50
[2025-05-31T05:40:01.360+0000] {spark_submit.py:644} INFO - 25/05/31 05:40:01 INFO StandaloneAppClient$ClientEndpoint: Executor added: app-20250531053954-0002/4 on worker-20250531053450-172.19.0.8-42179 (172.19.0.8:42179) with 4 core(s)
[2025-05-31T05:40:01.360+0000] {spark_submit.py:644} INFO - 25/05/31 05:40:01 INFO StandaloneSchedulerBackend: Granted executor ID app-20250531053954-0002/4 on hostPort 172.19.0.8:42179 with 4 core(s), 2.0 GiB RAM
[2025-05-31T05:40:01.360+0000] {spark_submit.py:644} INFO - 25/05/31 05:40:01 ERROR TaskSchedulerImpl: Lost executor 3 on 172.19.0.8: Command exited with code 50
[2025-05-31T05:40:01.361+0000] {spark_submit.py:644} INFO - 25/05/31 05:40:01 WARN TaskSetManager: Lost task 0.3 in stage 0.0 (TID 3) (172.19.0.8 executor 3): ExecutorLostFailure (executor 3 exited caused by one of the running tasks) Reason: Command exited with code 50
[2025-05-31T05:40:01.361+0000] {spark_submit.py:644} INFO - 25/05/31 05:40:01 ERROR TaskSetManager: Task 0 in stage 0.0 failed 4 times; aborting job
[2025-05-31T05:40:01.362+0000] {spark_submit.py:644} INFO - 25/05/31 05:40:01 INFO TaskSchedulerImpl: Removed TaskSet 0.0, whose tasks have all completed, from pool
[2025-05-31T05:40:01.362+0000] {spark_submit.py:644} INFO - 25/05/31 05:40:01 INFO TaskSchedulerImpl: Cancelling stage 0
[2025-05-31T05:40:01.362+0000] {spark_submit.py:644} INFO - 25/05/31 05:40:01 INFO TaskSchedulerImpl: Killing all running tasks in stage 0: Stage cancelled: Job aborted due to stage failure: Task 0 in stage 0.0 failed 4 times, most recent failure: Lost task 0.3 in stage 0.0 (TID 3) (172.19.0.8 executor 3): ExecutorLostFailure (executor 3 exited caused by one of the running tasks) Reason: Command exited with code 50
[2025-05-31T05:40:01.362+0000] {spark_submit.py:644} INFO - Driver stacktrace:
[2025-05-31T05:40:01.363+0000] {spark_submit.py:644} INFO - 25/05/31 05:40:01 INFO DAGScheduler: ResultStage 0 (showString at NativeMethodAccessorImpl.java:0) failed in 4.756 s due to Job aborted due to stage failure: Task 0 in stage 0.0 failed 4 times, most recent failure: Lost task 0.3 in stage 0.0 (TID 3) (172.19.0.8 executor 3): ExecutorLostFailure (executor 3 exited caused by one of the running tasks) Reason: Command exited with code 50
[2025-05-31T05:40:01.363+0000] {spark_submit.py:644} INFO - Driver stacktrace:
[2025-05-31T05:40:01.365+0000] {spark_submit.py:644} INFO - 25/05/31 05:40:01 INFO DAGScheduler: Job 0 failed: showString at NativeMethodAccessorImpl.java:0, took 4.772670 s
[2025-05-31T05:40:01.365+0000] {spark_submit.py:644} INFO - 25/05/31 05:40:01 INFO DAGScheduler: Executor lost: 3 (epoch 3)
[2025-05-31T05:40:01.366+0000] {spark_submit.py:644} INFO - 25/05/31 05:40:01 INFO BlockManagerMasterEndpoint: Trying to remove executor 3 from BlockManagerMaster.
[2025-05-31T05:40:01.366+0000] {spark_submit.py:644} INFO - 25/05/31 05:40:01 INFO BlockManagerMasterEndpoint: Removing block manager BlockManagerId(3, 172.19.0.8, 46835, None)
[2025-05-31T05:40:01.366+0000] {spark_submit.py:644} INFO - 25/05/31 05:40:01 INFO BlockManagerMaster: Removed 3 successfully in removeExecutor
[2025-05-31T05:40:01.367+0000] {spark_submit.py:644} INFO - 25/05/31 05:40:01 INFO DAGScheduler: Shuffle files lost for executor: 3 (epoch 3)
[2025-05-31T05:40:01.374+0000] {spark_submit.py:644} INFO - 25/05/31 05:40:01 INFO StandaloneAppClient$ClientEndpoint: Executor updated: app-20250531053954-0002/4 is now RUNNING
[2025-05-31T05:40:01.432+0000] {spark_submit.py:644} INFO - Traceback (most recent call last):
[2025-05-31T05:40:01.433+0000] {spark_submit.py:644} INFO - File "/opt/***/dags/medallion_etl.py", line 27, in <module>
[2025-05-31T05:40:01.433+0000] {spark_submit.py:644} INFO - main()
[2025-05-31T05:40:01.433+0000] {spark_submit.py:644} INFO - ^^^^^^
[2025-05-31T05:40:01.434+0000] {spark_submit.py:644} INFO - File "/opt/***/dags/medallion_etl.py", line 20, in main
[2025-05-31T05:40:01.434+0000] {spark_submit.py:644} INFO - test_df.show()
[2025-05-31T05:40:01.435+0000] {spark_submit.py:644} INFO - File "/home/***/.local/lib/python3.11/site-packages/pyspark/python/lib/pyspark.zip/pyspark/sql/dataframe.py", line 947, in show
[2025-05-31T05:40:01.435+0000] {spark_submit.py:644} INFO - File "/home/***/.local/lib/python3.11/site-packages/pyspark/python/lib/pyspark.zip/pyspark/sql/dataframe.py", line 965, in _show_string
[2025-05-31T05:40:01.435+0000] {spark_submit.py:644} INFO - File "/home/***/.local/lib/python3.11/site-packages/pyspark/python/lib/py4j-0.10.9.7-src.zip/py4j/java_gateway.py", line 1322, in __call__
[2025-05-31T05:40:01.435+0000] {spark_submit.py:644} INFO - File "/home/***/.local/lib/python3.11/site-packages/pyspark/python/lib/pyspark.zip/pyspark/errors/exceptions/captured.py", line 179, in deco
[2025-05-31T05:40:01.436+0000] {spark_submit.py:644} INFO - File "/home/***/.local/lib/python3.11/site-packages/pyspark/python/lib/py4j-0.10.9.7-src.zip/py4j/protocol.py", line 326, in get_return_value
[2025-05-31T05:40:01.436+0000] {spark_submit.py:644} INFO - py4j.protocol.Py4JJavaError: An error occurred while calling o39.showString.
[2025-05-31T05:40:01.436+0000] {spark_submit.py:644} INFO - : org.apache.spark.SparkException: Job aborted due to stage failure: Task 0 in stage 0.0 failed 4 times, most recent failure: Lost task 0.3 in stage 0.0 (TID 3) (172.19.0.8 executor 3): ExecutorLostFailure (executor 3 exited caused by one of the running tasks) Reason: Command exited with code 50
[2025-05-31T05:40:01.436+0000] {spark_submit.py:644} INFO - Driver stacktrace:
[2025-05-31T05:40:01.436+0000] {spark_submit.py:644} INFO - at org.apache.spark.scheduler.DAGScheduler.failJobAndIndependentStages(DAGScheduler.scala:2856)
[2025-05-31T05:40:01.436+0000] {spark_submit.py:644} INFO - at org.apache.spark.scheduler.DAGScheduler.$anonfun$abortStage$2(DAGScheduler.scala:2792)
[2025-05-31T05:40:01.436+0000] {spark_submit.py:644} INFO - at org.apache.spark.scheduler.DAGScheduler.$anonfun$abortStage$2$adapted(DAGScheduler.scala:2791)
[2025-05-31T05:40:01.436+0000] {spark_submit.py:644} INFO - at scala.collection.mutable.ResizableArray.foreach(ResizableArray.scala:62)
[2025-05-31T05:40:01.436+0000] {spark_submit.py:644} INFO - at scala.collection.mutable.ResizableArray.foreach$(ResizableArray.scala:55)
[2025-05-31T05:40:01.437+0000] {spark_submit.py:644} INFO - at scala.collection.mutable.ArrayBuffer.foreach(ArrayBuffer.scala:49)
[2025-05-31T05:40:01.437+0000] {spark_submit.py:644} INFO - at org.apache.spark.scheduler.DAGScheduler.abortStage(DAGScheduler.scala:2791)
[2025-05-31T05:40:01.437+0000] {spark_submit.py:644} INFO - at org.apache.spark.scheduler.DAGScheduler.$anonfun$handleTaskSetFailed$1(DAGScheduler.scala:1247)
[2025-05-31T05:40:01.437+0000] {spark_submit.py:644} INFO - at org.apache.spark.scheduler.DAGScheduler.$anonfun$handleTaskSetFailed$1$adapted(DAGScheduler.scala:1247)
[2025-05-31T05:40:01.437+0000] {spark_submit.py:644} INFO - at scala.Option.foreach(Option.scala:407)
[2025-05-31T05:40:01.438+0000] {spark_submit.py:644} INFO - at org.apache.spark.scheduler.DAGScheduler.handleTaskSetFailed(DAGScheduler.scala:1247)
[2025-05-31T05:40:01.438+0000] {spark_submit.py:644} INFO - at org.apache.spark.scheduler.DAGSchedulerEventProcessLoop.doOnReceive(DAGScheduler.scala:3060)
[2025-05-31T05:40:01.438+0000] {spark_submit.py:644} INFO - at org.apache.spark.scheduler.DAGSchedulerEventProcessLoop.onReceive(DAGScheduler.scala:2994)
[2025-05-31T05:40:01.438+0000] {spark_submit.py:644} INFO - at org.apache.spark.scheduler.DAGSchedulerEventProcessLoop.onReceive(DAGScheduler.scala:2983)
[2025-05-31T05:40:01.438+0000] {spark_submit.py:644} INFO - at org.apache.spark.util.EventLoop$$anon$1.run(EventLoop.scala:49)
[2025-05-31T05:40:01.438+0000] {spark_submit.py:644} INFO - at org.apache.spark.scheduler.DAGScheduler.runJob(DAGScheduler.scala:989)
[2025-05-31T05:40:01.438+0000] {spark_submit.py:644} INFO - at org.apache.spark.SparkContext.runJob(SparkContext.scala:2393)
[2025-05-31T05:40:01.438+0000] {spark_submit.py:644} INFO - at org.apache.spark.SparkContext.runJob(SparkContext.scala:2414)
[2025-05-31T05:40:01.438+0000] {spark_submit.py:644} INFO - at org.apache.spark.SparkContext.runJob(SparkContext.scala:2433)
[2025-05-31T05:40:01.439+0000] {spark_submit.py:644} INFO - at org.apache.spark.sql.execution.SparkPlan.executeTake(SparkPlan.scala:530)
[2025-05-31T05:40:01.439+0000] {spark_submit.py:644} INFO - at org.apache.spark.sql.execution.SparkPlan.executeTake(SparkPlan.scala:483)
[2025-05-31T05:40:01.439+0000] {spark_submit.py:644} INFO - at org.apache.spark.sql.execution.CollectLimitExec.executeCollect(limit.scala:61)
[2025-05-31T05:40:01.439+0000] {spark_submit.py:644} INFO - at org.apache.spark.sql.Dataset.collectFromPlan(Dataset.scala:4334)
[2025-05-31T05:40:01.439+0000] {spark_submit.py:644} INFO - at org.apache.spark.sql.Dataset.$anonfun$head$1(Dataset.scala:3316)
[2025-05-31T05:40:01.439+0000] {spark_submit.py:644} INFO - at org.apache.spark.sql.Dataset.$anonfun$withAction$2(Dataset.scala:4324)
[2025-05-31T05:40:01.439+0000] {spark_submit.py:644} INFO - at org.apache.spark.sql.execution.QueryExecution$.withInternalError(QueryExecution.scala:546)
[2025-05-31T05:40:01.439+0000] {spark_submit.py:644} INFO - at org.apache.spark.sql.Dataset.$anonfun$withAction$1(Dataset.scala:4322)
[2025-05-31T05:40:01.439+0000] {spark_submit.py:644} INFO - at org.apache.spark.sql.execution.SQLExecution$.$anonfun$withNewExecutionId$6(SQLExecution.scala:125)
[2025-05-31T05:40:01.440+0000] {spark_submit.py:644} INFO - at org.apache.spark.sql.execution.SQLExecution$.withSQLConfPropagated(SQLExecution.scala:201)
[2025-05-31T05:40:01.440+0000] {spark_submit.py:644} INFO - at org.apache.spark.sql.execution.SQLExecution$.$anonfun$withNewExecutionId$1(SQLExecution.scala:108)
[2025-05-31T05:40:01.440+0000] {spark_submit.py:644} INFO - at org.apache.spark.sql.SparkSession.withActive(SparkSession.scala:900)
[2025-05-31T05:40:01.440+0000] {spark_submit.py:644} INFO - at org.apache.spark.sql.execution.SQLExecution$.withNewExecutionId(SQLExecution.scala:66)
[2025-05-31T05:40:01.440+0000] {spark_submit.py:644} INFO - at org.apache.spark.sql.Dataset.withAction(Dataset.scala:4322)
[2025-05-31T05:40:01.440+0000] {spark_submit.py:644} INFO - at org.apache.spark.sql.Dataset.head(Dataset.scala:3316)
[2025-05-31T05:40:01.440+0000] {spark_submit.py:644} INFO - at org.apache.spark.sql.Dataset.take(Dataset.scala:3539)
[2025-05-31T05:40:01.440+0000] {spark_submit.py:644} INFO - at org.apache.spark.sql.Dataset.getRows(Dataset.scala:280)
[2025-05-31T05:40:01.440+0000] {spark_submit.py:644} INFO - at org.apache.spark.sql.Dataset.showString(Dataset.scala:315)
[2025-05-31T05:40:01.440+0000] {spark_submit.py:644} INFO - at java.base/jdk.internal.reflect.NativeMethodAccessorImpl.invoke0(Native Method)
[2025-05-31T05:40:01.441+0000] {spark_submit.py:644} INFO - at java.base/jdk.internal.reflect.NativeMethodAccessorImpl.invoke(NativeMethodAccessorImpl.java:77)
[2025-05-31T05:40:01.441+0000] {spark_submit.py:644} INFO - at java.base/jdk.internal.reflect.DelegatingMethodAccessorImpl.invoke(DelegatingMethodAccessorImpl.java:43)
[2025-05-31T05:40:01.441+0000] {spark_submit.py:644} INFO - at java.base/java.lang.reflect.Method.invoke(Method.java:569)
[2025-05-31T05:40:01.441+0000] {spark_submit.py:644} INFO - at py4j.reflection.MethodInvoker.invoke(MethodInvoker.java:244)
[2025-05-31T05:40:01.441+0000] {spark_submit.py:644} INFO - at py4j.reflection.ReflectionEngine.invoke(ReflectionEngine.java:374)
[2025-05-31T05:40:01.441+0000] {spark_submit.py:644} INFO - at py4j.Gateway.invoke(Gateway.java:282)
[2025-05-31T05:40:01.441+0000] {spark_submit.py:644} INFO - at py4j.commands.AbstractCommand.invokeMethod(AbstractCommand.java:132)
[2025-05-31T05:40:01.441+0000] {spark_submit.py:644} INFO - at py4j.commands.CallCommand.execute(CallCommand.java:79)
[2025-05-31T05:40:01.442+0000] {spark_submit.py:644} INFO - at py4j.ClientServerConnection.waitForCommands(ClientServerConnection.java:182)
[2025-05-31T05:40:01.442+0000] {spark_submit.py:644} INFO - at py4j.ClientServerConnection.run(ClientServerConnection.java:106)
[2025-05-31T05:40:01.442+0000] {spark_submit.py:644} INFO - at java.base/java.lang.Thread.run(Thread.java:840)
[2025-05-31T05:40:01.442+0000] {spark_submit.py:644} INFO - 
[2025-05-31T05:40:01.496+0000] {spark_submit.py:644} INFO - 25/05/31 05:40:01 INFO SparkContext: Invoking stop() from shutdown hook
[2025-05-31T05:40:01.497+0000] {spark_submit.py:644} INFO - 25/05/31 05:40:01 INFO SparkContext: SparkContext is stopping with exitCode 0.
[2025-05-31T05:40:01.502+0000] {spark_submit.py:644} INFO - 25/05/31 05:40:01 INFO SparkUI: Stopped Spark web UI at http://5d1f499577a6:4040
[2025-05-31T05:40:01.504+0000] {spark_submit.py:644} INFO - 25/05/31 05:40:01 INFO StandaloneSchedulerBackend: Shutting down all executors
[2025-05-31T05:40:01.504+0000] {spark_submit.py:644} INFO - 25/05/31 05:40:01 INFO StandaloneSchedulerBackend$StandaloneDriverEndpoint: Asking each executor to shut down
[2025-05-31T05:40:01.514+0000] {spark_submit.py:644} INFO - 25/05/31 05:40:01 INFO MapOutputTrackerMasterEndpoint: MapOutputTrackerMasterEndpoint stopped!
[2025-05-31T05:40:01.524+0000] {spark_submit.py:644} INFO - 25/05/31 05:40:01 INFO MemoryStore: MemoryStore cleared
[2025-05-31T05:40:01.524+0000] {spark_submit.py:644} INFO - 25/05/31 05:40:01 INFO BlockManager: BlockManager stopped
[2025-05-31T05:40:01.525+0000] {spark_submit.py:644} INFO - 25/05/31 05:40:01 INFO BlockManagerMaster: BlockManagerMaster stopped
[2025-05-31T05:40:01.526+0000] {spark_submit.py:644} INFO - 25/05/31 05:40:01 INFO OutputCommitCoordinator$OutputCommitCoordinatorEndpoint: OutputCommitCoordinator stopped!
[2025-05-31T05:40:01.532+0000] {spark_submit.py:644} INFO - 25/05/31 05:40:01 INFO SparkContext: Successfully stopped SparkContext
[2025-05-31T05:40:01.532+0000] {spark_submit.py:644} INFO - 25/05/31 05:40:01 INFO ShutdownHookManager: Shutdown hook called
[2025-05-31T05:40:01.532+0000] {spark_submit.py:644} INFO - 25/05/31 05:40:01 INFO ShutdownHookManager: Deleting directory /opt/***/dags/spark_temp/spark-b31b58d8-16f4-4c00-9523-bfa4a0676e95
[2025-05-31T05:40:01.536+0000] {spark_submit.py:644} INFO - 25/05/31 05:40:01 INFO ShutdownHookManager: Deleting directory /tmp/spark-a63954f9-bf14-4cd5-859c-cbc870f51f57
[2025-05-31T05:40:01.538+0000] {spark_submit.py:644} INFO - 25/05/31 05:40:01 INFO ShutdownHookManager: Deleting directory /opt/***/dags/spark_temp/spark-b31b58d8-16f4-4c00-9523-bfa4a0676e95/pyspark-4dbab5f3-dd1b-452d-8d78-cf7bf6f80d4a
[2025-05-31T05:40:01.561+0000] {taskinstance.py:3311} ERROR - Task failed with exception
Traceback (most recent call last):
  File "/home/airflow/.local/lib/python3.11/site-packages/airflow/models/taskinstance.py", line 767, in _execute_task
    result = _execute_callable(context=context, **execute_callable_kwargs)
             ^^^^^^^^^^^^^^^^^^^^^^^^^^^^^^^^^^^^^^^^^^^^^^^^^^^^^^^^^^^^^
  File "/home/airflow/.local/lib/python3.11/site-packages/airflow/models/taskinstance.py", line 733, in _execute_callable
    return ExecutionCallableRunner(
           ^^^^^^^^^^^^^^^^^^^^^^^^
  File "/home/airflow/.local/lib/python3.11/site-packages/airflow/utils/operator_helpers.py", line 252, in run
    return self.func(*args, **kwargs)
           ^^^^^^^^^^^^^^^^^^^^^^^^^^
  File "/home/airflow/.local/lib/python3.11/site-packages/airflow/models/baseoperator.py", line 417, in wrapper
    return func(self, *args, **kwargs)
           ^^^^^^^^^^^^^^^^^^^^^^^^^^^
  File "/home/airflow/.local/lib/python3.11/site-packages/airflow/providers/apache/spark/operators/spark_submit.py", line 197, in execute
    self._hook.submit(self.application)
  File "/home/airflow/.local/lib/python3.11/site-packages/airflow/providers/apache/spark/hooks/spark_submit.py", line 566, in submit
    raise AirflowException(
airflow.exceptions.AirflowException: Cannot execute: spark-submit --master spark://spark-master:7077 --conf spark.executor.memory=2g --conf spark.local.dir=/opt/***/dags/spark_temp --name medallion_sales_etl_spark_job --verbose --queue root.default --deploy-mode client /opt/***/dags/medallion_etl.py. Error code is: 1.
[2025-05-31T05:40:01.564+0000] {taskinstance.py:1225} INFO - Marking task as UP_FOR_RETRY. dag_id=medallion_sales_etl, task_id=submit_medallion_sales_etl_job, run_id=manual__2025-05-31T05:39:52.450826+00:00, execution_date=20250531T053952, start_date=20250531T053952, end_date=20250531T054001
[2025-05-31T05:40:01.571+0000] {taskinstance.py:340} INFO - ::group::Post task execution logs
[2025-05-31T05:40:01.571+0000] {standard_task_runner.py:124} ERROR - Failed to execute job 13 for task submit_medallion_sales_etl_job (Cannot execute: spark-submit --master spark://spark-master:7077 --conf spark.executor.memory=2g --conf spark.local.dir=/opt/***/dags/spark_temp --name medallion_sales_etl_spark_job --verbose --queue root.default --deploy-mode client /opt/***/dags/medallion_etl.py. Error code is: 1.; 688)
Traceback (most recent call last):
  File "/home/airflow/.local/lib/python3.11/site-packages/airflow/task/task_runner/standard_task_runner.py", line 117, in _start_by_fork
    ret = args.func(args, dag=self.dag)
          ^^^^^^^^^^^^^^^^^^^^^^^^^^^^^
  File "/home/airflow/.local/lib/python3.11/site-packages/airflow/cli/cli_config.py", line 49, in command
    return func(*args, **kwargs)
           ^^^^^^^^^^^^^^^^^^^^^
  File "/home/airflow/.local/lib/python3.11/site-packages/airflow/utils/cli.py", line 116, in wrapper
    return f(*args, **kwargs)
           ^^^^^^^^^^^^^^^^^^
  File "/home/airflow/.local/lib/python3.11/site-packages/airflow/cli/commands/task_command.py", line 483, in task_run
    task_return_code = _run_task_by_selected_method(args, _dag, ti)
                       ^^^^^^^^^^^^^^^^^^^^^^^^^^^^^^^^^^^^^^^^^^^^
  File "/home/airflow/.local/lib/python3.11/site-packages/airflow/cli/commands/task_command.py", line 256, in _run_task_by_selected_method
    return _run_raw_task(args, ti)
           ^^^^^^^^^^^^^^^^^^^^^^^
  File "/home/airflow/.local/lib/python3.11/site-packages/airflow/cli/commands/task_command.py", line 341, in _run_raw_task
    return ti._run_raw_task(
           ^^^^^^^^^^^^^^^^^
  File "/home/airflow/.local/lib/python3.11/site-packages/airflow/utils/session.py", line 97, in wrapper
    return func(*args, session=session, **kwargs)
           ^^^^^^^^^^^^^^^^^^^^^^^^^^^^^^^^^^^^^^
  File "/home/airflow/.local/lib/python3.11/site-packages/airflow/models/taskinstance.py", line 3005, in _run_raw_task
    return _run_raw_task(
           ^^^^^^^^^^^^^^
  File "/home/airflow/.local/lib/python3.11/site-packages/airflow/models/taskinstance.py", line 273, in _run_raw_task
    TaskInstance._execute_task_with_callbacks(
  File "/home/airflow/.local/lib/python3.11/site-packages/airflow/models/taskinstance.py", line 3159, in _execute_task_with_callbacks
    result = self._execute_task(context, task_orig)
             ^^^^^^^^^^^^^^^^^^^^^^^^^^^^^^^^^^^^^^
  File "/home/airflow/.local/lib/python3.11/site-packages/airflow/models/taskinstance.py", line 3183, in _execute_task
    return _execute_task(self, context, task_orig)
           ^^^^^^^^^^^^^^^^^^^^^^^^^^^^^^^^^^^^^^^
  File "/home/airflow/.local/lib/python3.11/site-packages/airflow/models/taskinstance.py", line 767, in _execute_task
    result = _execute_callable(context=context, **execute_callable_kwargs)
             ^^^^^^^^^^^^^^^^^^^^^^^^^^^^^^^^^^^^^^^^^^^^^^^^^^^^^^^^^^^^^
  File "/home/airflow/.local/lib/python3.11/site-packages/airflow/models/taskinstance.py", line 733, in _execute_callable
    return ExecutionCallableRunner(
           ^^^^^^^^^^^^^^^^^^^^^^^^
  File "/home/airflow/.local/lib/python3.11/site-packages/airflow/utils/operator_helpers.py", line 252, in run
    return self.func(*args, **kwargs)
           ^^^^^^^^^^^^^^^^^^^^^^^^^^
  File "/home/airflow/.local/lib/python3.11/site-packages/airflow/models/baseoperator.py", line 417, in wrapper
    return func(self, *args, **kwargs)
           ^^^^^^^^^^^^^^^^^^^^^^^^^^^
  File "/home/airflow/.local/lib/python3.11/site-packages/airflow/providers/apache/spark/operators/spark_submit.py", line 197, in execute
    self._hook.submit(self.application)
  File "/home/airflow/.local/lib/python3.11/site-packages/airflow/providers/apache/spark/hooks/spark_submit.py", line 566, in submit
    raise AirflowException(
airflow.exceptions.AirflowException: Cannot execute: spark-submit --master spark://spark-master:7077 --conf spark.executor.memory=2g --conf spark.local.dir=/opt/***/dags/spark_temp --name medallion_sales_etl_spark_job --verbose --queue root.default --deploy-mode client /opt/***/dags/medallion_etl.py. Error code is: 1.
[2025-05-31T05:40:01.594+0000] {local_task_job_runner.py:266} INFO - Task exited with return code 1
[2025-05-31T05:40:01.606+0000] {taskinstance.py:3895} INFO - 0 downstream tasks scheduled from follow-on schedule check
[2025-05-31T05:40:01.606+0000] {local_task_job_runner.py:245} INFO - ::endgroup::
