[2025-06-07T10:28:42.287+0000] {local_task_job_runner.py:123} INFO - ::group::Pre task execution logs
[2025-06-07T10:28:42.297+0000] {taskinstance.py:2613} INFO - Dependencies all met for dep_context=non-requeueable deps ti=<TaskInstance: curry_medallion_etl.submit_bronze_etl_job manual__2025-06-07T10:28:40.350030+00:00 [queued]>
[2025-06-07T10:28:42.300+0000] {taskinstance.py:2613} INFO - Dependencies all met for dep_context=requeueable deps ti=<TaskInstance: curry_medallion_etl.submit_bronze_etl_job manual__2025-06-07T10:28:40.350030+00:00 [queued]>
[2025-06-07T10:28:42.300+0000] {taskinstance.py:2866} INFO - Starting attempt 1 of 1
[2025-06-07T10:28:42.306+0000] {taskinstance.py:2889} INFO - Executing <Task(SparkSubmitOperator): submit_bronze_etl_job> on 2025-06-07 10:28:40.350030+00:00
[2025-06-07T10:28:42.308+0000] {standard_task_runner.py:72} INFO - Started process 4812 to run task
[2025-06-07T10:28:42.310+0000] {standard_task_runner.py:104} INFO - Running: ['***', 'tasks', 'run', 'curry_medallion_etl', 'submit_bronze_etl_job', 'manual__2025-06-07T10:28:40.350030+00:00', '--job-id', '34', '--raw', '--subdir', 'DAGS_FOLDER/medallion_sales_etl_dag.py', '--cfg-path', '/tmp/tmp2j3o5l1y']
[2025-06-07T10:28:42.312+0000] {standard_task_runner.py:105} INFO - Job 34: Subtask submit_bronze_etl_job
[2025-06-07T10:28:42.338+0000] {task_command.py:467} INFO - Running <TaskInstance: curry_medallion_etl.submit_bronze_etl_job manual__2025-06-07T10:28:40.350030+00:00 [running]> on host 1ed3a5ab4297
[2025-06-07T10:28:42.381+0000] {taskinstance.py:3132} INFO - Exporting env vars: AIRFLOW_CTX_DAG_OWNER='qdinh18' AIRFLOW_CTX_DAG_ID='curry_medallion_etl' AIRFLOW_CTX_TASK_ID='submit_bronze_etl_job' AIRFLOW_CTX_EXECUTION_DATE='2025-06-07T10:28:40.350030+00:00' AIRFLOW_CTX_TRY_NUMBER='1' AIRFLOW_CTX_DAG_RUN_ID='manual__2025-06-07T10:28:40.350030+00:00'
[2025-06-07T10:28:42.382+0000] {taskinstance.py:731} INFO - ::endgroup::
[2025-06-07T10:28:42.399+0000] {base.py:84} INFO - Retrieving connection 'spark_default'
[2025-06-07T10:28:42.400+0000] {spark_submit.py:474} INFO - Spark-Submit cmd: spark-submit --master spark://spark-master:7077 --conf spark.executor.memory=2g --conf spark.sql.extensions=io.delta.sql.DeltaSparkSessionExtension --conf spark.sql.catalog.spark_catalog=org.apache.spark.sql.delta.catalog.DeltaCatalog --conf spark.hadoop.fs.s3a.endpoint=http://minio:9000 --conf spark.hadoop.fs.s3a.access.key=minioadmin --conf spark.hadoop.fs.s3a.secret.key=****** --conf spark.hadoop.fs.s3a.path.style.access=true --conf spark.hadoop.fs.s3a.impl=org.apache.hadoop.fs.s3a.S3AFileSystem --packages org.apache.hadoop:hadoop-aws:3.3.4,com.amazonaws:aws-java-sdk-bundle:1.12.262,io.delta:delta-spark_2.12:3.2.0 --name bronze_sc_stats_etl --verbose --queue root.default --deploy-mode client /opt/***/dags/bronze_ingestion_sc_stats_etl.py
[2025-06-07T10:28:43.017+0000] {spark_submit.py:644} INFO - Using properties file: null
[2025-06-07T10:28:43.073+0000] {spark_submit.py:644} INFO - Parsed arguments:
[2025-06-07T10:28:43.073+0000] {spark_submit.py:644} INFO - master                  spark://spark-master:7077
[2025-06-07T10:28:43.074+0000] {spark_submit.py:644} INFO - remote                  null
[2025-06-07T10:28:43.074+0000] {spark_submit.py:644} INFO - deployMode              client
[2025-06-07T10:28:43.074+0000] {spark_submit.py:644} INFO - executorMemory          2g
[2025-06-07T10:28:43.074+0000] {spark_submit.py:644} INFO - executorCores           null
[2025-06-07T10:28:43.074+0000] {spark_submit.py:644} INFO - totalExecutorCores      null
[2025-06-07T10:28:43.075+0000] {spark_submit.py:644} INFO - propertiesFile          null
[2025-06-07T10:28:43.075+0000] {spark_submit.py:644} INFO - driverMemory            null
[2025-06-07T10:28:43.075+0000] {spark_submit.py:644} INFO - driverCores             null
[2025-06-07T10:28:43.075+0000] {spark_submit.py:644} INFO - driverExtraClassPath    null
[2025-06-07T10:28:43.075+0000] {spark_submit.py:644} INFO - driverExtraLibraryPath  null
[2025-06-07T10:28:43.076+0000] {spark_submit.py:644} INFO - driverExtraJavaOptions  null
[2025-06-07T10:28:43.076+0000] {spark_submit.py:644} INFO - supervise               false
[2025-06-07T10:28:43.076+0000] {spark_submit.py:644} INFO - queue                   root.default
[2025-06-07T10:28:43.076+0000] {spark_submit.py:644} INFO - numExecutors            null
[2025-06-07T10:28:43.076+0000] {spark_submit.py:644} INFO - files                   null
[2025-06-07T10:28:43.077+0000] {spark_submit.py:644} INFO - pyFiles                 null
[2025-06-07T10:28:43.077+0000] {spark_submit.py:644} INFO - archives                null
[2025-06-07T10:28:43.077+0000] {spark_submit.py:644} INFO - mainClass               null
[2025-06-07T10:28:43.077+0000] {spark_submit.py:644} INFO - primaryResource         file:/opt/***/dags/bronze_ingestion_sc_stats_etl.py
[2025-06-07T10:28:43.077+0000] {spark_submit.py:644} INFO - name                    bronze_sc_stats_etl
[2025-06-07T10:28:43.077+0000] {spark_submit.py:644} INFO - childArgs               []
[2025-06-07T10:28:43.078+0000] {spark_submit.py:644} INFO - jars                    null
[2025-06-07T10:28:43.078+0000] {spark_submit.py:644} INFO - packages                org.apache.hadoop:hadoop-aws:3.3.4,com.amazonaws:aws-java-sdk-bundle:1.12.262,io.delta:delta-spark_2.12:3.2.0
[2025-06-07T10:28:43.078+0000] {spark_submit.py:644} INFO - packagesExclusions      null
[2025-06-07T10:28:43.078+0000] {spark_submit.py:644} INFO - repositories            null
[2025-06-07T10:28:43.078+0000] {spark_submit.py:644} INFO - verbose                 true
[2025-06-07T10:28:43.079+0000] {spark_submit.py:644} INFO - 
[2025-06-07T10:28:43.079+0000] {spark_submit.py:644} INFO - Spark properties used, including those specified through
[2025-06-07T10:28:43.079+0000] {spark_submit.py:644} INFO - --conf and those from the properties file null:
[2025-06-07T10:28:43.079+0000] {spark_submit.py:644} INFO - (spark.executor.memory,2g)
[2025-06-07T10:28:43.079+0000] {spark_submit.py:644} INFO - (spark.hadoop.fs.s3a.access.key,*********(redacted))
[2025-06-07T10:28:43.079+0000] {spark_submit.py:644} INFO - (spark.hadoop.fs.s3a.endpoint,http://minio:9000)
[2025-06-07T10:28:43.080+0000] {spark_submit.py:644} INFO - (spark.hadoop.fs.s3a.impl,org.apache.hadoop.fs.s3a.S3AFileSystem)
[2025-06-07T10:28:43.080+0000] {spark_submit.py:644} INFO - (spark.hadoop.fs.s3a.path.style.access,true)
[2025-06-07T10:28:43.080+0000] {spark_submit.py:644} INFO - (spark.hadoop.fs.s3a.secret.key,*********(redacted))
[2025-06-07T10:28:43.080+0000] {spark_submit.py:644} INFO - (spark.sql.catalog.spark_catalog,org.apache.spark.sql.delta.catalog.DeltaCatalog)
[2025-06-07T10:28:43.080+0000] {spark_submit.py:644} INFO - (spark.sql.extensions,io.delta.sql.DeltaSparkSessionExtension)
[2025-06-07T10:28:43.081+0000] {spark_submit.py:644} INFO - 
[2025-06-07T10:28:43.081+0000] {spark_submit.py:644} INFO - 
[2025-06-07T10:28:43.136+0000] {spark_submit.py:644} INFO - :: loading settings :: url = jar:file:/home/***/.local/lib/python3.11/site-packages/pyspark/jars/ivy-2.5.1.jar!/org/apache/ivy/core/settings/ivysettings.xml
[2025-06-07T10:28:43.168+0000] {spark_submit.py:644} INFO - Ivy Default Cache set to: /home/***/.ivy2/cache
[2025-06-07T10:28:43.168+0000] {spark_submit.py:644} INFO - The jars for the packages stored in: /home/***/.ivy2/jars
[2025-06-07T10:28:43.170+0000] {spark_submit.py:644} INFO - org.apache.hadoop#hadoop-aws added as a dependency
[2025-06-07T10:28:43.171+0000] {spark_submit.py:644} INFO - com.amazonaws#aws-java-sdk-bundle added as a dependency
[2025-06-07T10:28:43.171+0000] {spark_submit.py:644} INFO - io.delta#delta-spark_2.12 added as a dependency
[2025-06-07T10:28:43.171+0000] {spark_submit.py:644} INFO - :: resolving dependencies :: org.apache.spark#spark-submit-parent-49266c08-54ea-49b3-834c-5c7dfdbf7cc8;1.0
[2025-06-07T10:28:43.172+0000] {spark_submit.py:644} INFO - confs: [default]
[2025-06-07T10:28:43.250+0000] {spark_submit.py:644} INFO - found org.apache.hadoop#hadoop-aws;3.3.4 in central
[2025-06-07T10:28:43.262+0000] {spark_submit.py:644} INFO - found com.amazonaws#aws-java-sdk-bundle;1.12.262 in central
[2025-06-07T10:28:43.273+0000] {spark_submit.py:644} INFO - found org.wildfly.openssl#wildfly-openssl;1.0.7.Final in central
[2025-06-07T10:28:44.422+0000] {spark_submit.py:644} INFO - found io.delta#delta-spark_2.12;3.2.0 in central
[2025-06-07T10:28:44.784+0000] {spark_submit.py:644} INFO - found io.delta#delta-storage;3.2.0 in central
[2025-06-07T10:28:44.791+0000] {spark_submit.py:644} INFO - found org.antlr#antlr4-runtime;4.9.3 in central
[2025-06-07T10:28:44.970+0000] {spark_submit.py:644} INFO - downloading https://repo1.maven.org/maven2/io/delta/delta-spark_2.12/3.2.0/delta-spark_2.12-3.2.0.jar ...
[2025-06-07T10:28:46.350+0000] {spark_submit.py:644} INFO - [SUCCESSFUL ] io.delta#delta-spark_2.12;3.2.0!delta-spark_2.12.jar (1551ms)
[2025-06-07T10:28:46.521+0000] {spark_submit.py:644} INFO - downloading https://repo1.maven.org/maven2/io/delta/delta-storage/3.2.0/delta-storage-3.2.0.jar ...
[2025-06-07T10:28:46.694+0000] {spark_submit.py:644} INFO - [SUCCESSFUL ] io.delta#delta-storage;3.2.0!delta-storage.jar (342ms)
[2025-06-07T10:28:46.695+0000] {spark_submit.py:644} INFO - :: resolution report :: resolve 1626ms :: artifacts dl 1898ms
[2025-06-07T10:28:46.696+0000] {spark_submit.py:644} INFO - :: modules in use:
[2025-06-07T10:28:46.696+0000] {spark_submit.py:644} INFO - com.amazonaws#aws-java-sdk-bundle;1.12.262 from central in [default]
[2025-06-07T10:28:46.697+0000] {spark_submit.py:644} INFO - io.delta#delta-spark_2.12;3.2.0 from central in [default]
[2025-06-07T10:28:46.697+0000] {spark_submit.py:644} INFO - io.delta#delta-storage;3.2.0 from central in [default]
[2025-06-07T10:28:46.697+0000] {spark_submit.py:644} INFO - org.antlr#antlr4-runtime;4.9.3 from central in [default]
[2025-06-07T10:28:46.697+0000] {spark_submit.py:644} INFO - org.apache.hadoop#hadoop-aws;3.3.4 from central in [default]
[2025-06-07T10:28:46.698+0000] {spark_submit.py:644} INFO - org.wildfly.openssl#wildfly-openssl;1.0.7.Final from central in [default]
[2025-06-07T10:28:46.698+0000] {spark_submit.py:644} INFO - ---------------------------------------------------------------------
[2025-06-07T10:28:46.698+0000] {spark_submit.py:644} INFO - |                  |            modules            ||   artifacts   |
[2025-06-07T10:28:46.699+0000] {spark_submit.py:644} INFO - |       conf       | number| search|dwnlded|evicted|| number|dwnlded|
[2025-06-07T10:28:46.699+0000] {spark_submit.py:644} INFO - ---------------------------------------------------------------------
[2025-06-07T10:28:46.699+0000] {spark_submit.py:644} INFO - |      default     |   6   |   2   |   2   |   0   ||   6   |   2   |
[2025-06-07T10:28:46.699+0000] {spark_submit.py:644} INFO - ---------------------------------------------------------------------
[2025-06-07T10:28:46.700+0000] {spark_submit.py:644} INFO - :: retrieving :: org.apache.spark#spark-submit-parent-49266c08-54ea-49b3-834c-5c7dfdbf7cc8
[2025-06-07T10:28:46.700+0000] {spark_submit.py:644} INFO - confs: [default]
[2025-06-07T10:28:46.710+0000] {spark_submit.py:644} INFO - 2 artifacts copied, 4 already retrieved (5992kB/12ms)
[2025-06-07T10:28:46.808+0000] {spark_submit.py:644} INFO - 25/06/07 10:28:46 WARN NativeCodeLoader: Unable to load native-hadoop library for your platform... using builtin-java classes where applicable
[2025-06-07T10:28:46.895+0000] {spark_submit.py:644} INFO - Main class:
[2025-06-07T10:28:46.896+0000] {spark_submit.py:644} INFO - org.apache.spark.deploy.PythonRunner
[2025-06-07T10:28:46.896+0000] {spark_submit.py:644} INFO - Arguments:
[2025-06-07T10:28:46.896+0000] {spark_submit.py:644} INFO - file:/opt/***/dags/bronze_ingestion_sc_stats_etl.py
[2025-06-07T10:28:46.897+0000] {spark_submit.py:644} INFO - file:///home/***/.ivy2/jars/org.apache.hadoop_hadoop-aws-3.3.4.jar,file:///home/***/.ivy2/jars/com.amazonaws_aws-java-sdk-bundle-1.12.262.jar,file:///home/***/.ivy2/jars/io.delta_delta-spark_2.12-3.2.0.jar,file:///home/***/.ivy2/jars/org.wildfly.openssl_wildfly-openssl-1.0.7.Final.jar,file:///home/***/.ivy2/jars/io.delta_delta-storage-3.2.0.jar,file:///home/***/.ivy2/jars/org.antlr_antlr4-runtime-4.9.3.jar
[2025-06-07T10:28:46.897+0000] {spark_submit.py:644} INFO - Spark config:
[2025-06-07T10:28:46.897+0000] {spark_submit.py:644} INFO - (spark.app.name,bronze_sc_stats_etl)
[2025-06-07T10:28:46.898+0000] {spark_submit.py:644} INFO - (spark.app.submitTime,1749292126887)
[2025-06-07T10:28:46.898+0000] {spark_submit.py:644} INFO - (spark.executor.memory,2g)
[2025-06-07T10:28:46.898+0000] {spark_submit.py:644} INFO - (spark.files,file:///home/***/.ivy2/jars/org.apache.hadoop_hadoop-aws-3.3.4.jar,file:///home/***/.ivy2/jars/com.amazonaws_aws-java-sdk-bundle-1.12.262.jar,file:///home/***/.ivy2/jars/io.delta_delta-spark_2.12-3.2.0.jar,file:///home/***/.ivy2/jars/org.wildfly.openssl_wildfly-openssl-1.0.7.Final.jar,file:///home/***/.ivy2/jars/io.delta_delta-storage-3.2.0.jar,file:///home/***/.ivy2/jars/org.antlr_antlr4-runtime-4.9.3.jar)
[2025-06-07T10:28:46.898+0000] {spark_submit.py:644} INFO - (spark.hadoop.fs.s3a.access.key,*********(redacted))
[2025-06-07T10:28:46.899+0000] {spark_submit.py:644} INFO - (spark.hadoop.fs.s3a.endpoint,http://minio:9000)
[2025-06-07T10:28:46.899+0000] {spark_submit.py:644} INFO - (spark.hadoop.fs.s3a.impl,org.apache.hadoop.fs.s3a.S3AFileSystem)
[2025-06-07T10:28:46.899+0000] {spark_submit.py:644} INFO - (spark.hadoop.fs.s3a.path.style.access,true)
[2025-06-07T10:28:46.899+0000] {spark_submit.py:644} INFO - (spark.hadoop.fs.s3a.secret.key,*********(redacted))
[2025-06-07T10:28:46.900+0000] {spark_submit.py:644} INFO - (spark.jars,file:///home/***/.ivy2/jars/org.apache.hadoop_hadoop-aws-3.3.4.jar,file:///home/***/.ivy2/jars/com.amazonaws_aws-java-sdk-bundle-1.12.262.jar,file:///home/***/.ivy2/jars/io.delta_delta-spark_2.12-3.2.0.jar,file:///home/***/.ivy2/jars/org.wildfly.openssl_wildfly-openssl-1.0.7.Final.jar,file:///home/***/.ivy2/jars/io.delta_delta-storage-3.2.0.jar,file:///home/***/.ivy2/jars/org.antlr_antlr4-runtime-4.9.3.jar)
[2025-06-07T10:28:46.900+0000] {spark_submit.py:644} INFO - (spark.master,spark://spark-master:7077)
[2025-06-07T10:28:46.900+0000] {spark_submit.py:644} INFO - (spark.repl.local.jars,file:///home/***/.ivy2/jars/org.apache.hadoop_hadoop-aws-3.3.4.jar,file:///home/***/.ivy2/jars/com.amazonaws_aws-java-sdk-bundle-1.12.262.jar,file:///home/***/.ivy2/jars/io.delta_delta-spark_2.12-3.2.0.jar,file:///home/***/.ivy2/jars/org.wildfly.openssl_wildfly-openssl-1.0.7.Final.jar,file:///home/***/.ivy2/jars/io.delta_delta-storage-3.2.0.jar,file:///home/***/.ivy2/jars/org.antlr_antlr4-runtime-4.9.3.jar)
[2025-06-07T10:28:46.900+0000] {spark_submit.py:644} INFO - (spark.sql.catalog.spark_catalog,org.apache.spark.sql.delta.catalog.DeltaCatalog)
[2025-06-07T10:28:46.901+0000] {spark_submit.py:644} INFO - (spark.sql.extensions,io.delta.sql.DeltaSparkSessionExtension)
[2025-06-07T10:28:46.901+0000] {spark_submit.py:644} INFO - (spark.submit.deployMode,client)
[2025-06-07T10:28:46.901+0000] {spark_submit.py:644} INFO - (spark.submit.pyFiles,/home/***/.ivy2/jars/org.apache.hadoop_hadoop-aws-3.3.4.jar,/home/***/.ivy2/jars/com.amazonaws_aws-java-sdk-bundle-1.12.262.jar,/home/***/.ivy2/jars/io.delta_delta-spark_2.12-3.2.0.jar,/home/***/.ivy2/jars/org.wildfly.openssl_wildfly-openssl-1.0.7.Final.jar,/home/***/.ivy2/jars/io.delta_delta-storage-3.2.0.jar,/home/***/.ivy2/jars/org.antlr_antlr4-runtime-4.9.3.jar)
[2025-06-07T10:28:46.901+0000] {spark_submit.py:644} INFO - Classpath elements:
[2025-06-07T10:28:46.902+0000] {spark_submit.py:644} INFO - file:///home/***/.ivy2/jars/org.apache.hadoop_hadoop-aws-3.3.4.jar
[2025-06-07T10:28:46.902+0000] {spark_submit.py:644} INFO - file:///home/***/.ivy2/jars/com.amazonaws_aws-java-sdk-bundle-1.12.262.jar
[2025-06-07T10:28:46.902+0000] {spark_submit.py:644} INFO - file:///home/***/.ivy2/jars/io.delta_delta-spark_2.12-3.2.0.jar
[2025-06-07T10:28:46.902+0000] {spark_submit.py:644} INFO - file:///home/***/.ivy2/jars/org.wildfly.openssl_wildfly-openssl-1.0.7.Final.jar
[2025-06-07T10:28:46.903+0000] {spark_submit.py:644} INFO - file:///home/***/.ivy2/jars/io.delta_delta-storage-3.2.0.jar
[2025-06-07T10:28:46.903+0000] {spark_submit.py:644} INFO - file:///home/***/.ivy2/jars/org.antlr_antlr4-runtime-4.9.3.jar
[2025-06-07T10:28:46.903+0000] {spark_submit.py:644} INFO - 
[2025-06-07T10:28:46.903+0000] {spark_submit.py:644} INFO - 
[2025-06-07T10:28:47.485+0000] {spark_submit.py:644} INFO - 25/06/07 10:28:47 INFO SparkContext: Running Spark version 3.5.2
[2025-06-07T10:28:47.486+0000] {spark_submit.py:644} INFO - 25/06/07 10:28:47 INFO SparkContext: OS info Linux, 6.10.14-linuxkit, aarch64
[2025-06-07T10:28:47.486+0000] {spark_submit.py:644} INFO - 25/06/07 10:28:47 INFO SparkContext: Java version 17.0.15
[2025-06-07T10:28:47.499+0000] {spark_submit.py:644} INFO - 25/06/07 10:28:47 INFO ResourceUtils: ==============================================================
[2025-06-07T10:28:47.499+0000] {spark_submit.py:644} INFO - 25/06/07 10:28:47 INFO ResourceUtils: No custom resources configured for spark.driver.
[2025-06-07T10:28:47.500+0000] {spark_submit.py:644} INFO - 25/06/07 10:28:47 INFO ResourceUtils: ==============================================================
[2025-06-07T10:28:47.500+0000] {spark_submit.py:644} INFO - 25/06/07 10:28:47 INFO SparkContext: Submitted application: BronzeIngestionStephenCurryStats
[2025-06-07T10:28:47.510+0000] {spark_submit.py:644} INFO - 25/06/07 10:28:47 INFO ResourceProfile: Default ResourceProfile created, executor resources: Map(memory -> name: memory, amount: 2048, script: , vendor: , offHeap -> name: offHeap, amount: 0, script: , vendor: ), task resources: Map(cpus -> name: cpus, amount: 1.0)
[2025-06-07T10:28:47.514+0000] {spark_submit.py:644} INFO - 25/06/07 10:28:47 INFO ResourceProfile: Limiting resource is cpu
[2025-06-07T10:28:47.515+0000] {spark_submit.py:644} INFO - 25/06/07 10:28:47 INFO ResourceProfileManager: Added ResourceProfile id: 0
[2025-06-07T10:28:47.544+0000] {spark_submit.py:644} INFO - 25/06/07 10:28:47 INFO SecurityManager: Changing view acls to: ***
[2025-06-07T10:28:47.547+0000] {spark_submit.py:644} INFO - 25/06/07 10:28:47 INFO SecurityManager: Changing modify acls to: ***
[2025-06-07T10:28:47.548+0000] {spark_submit.py:644} INFO - 25/06/07 10:28:47 INFO SecurityManager: Changing view acls groups to:
[2025-06-07T10:28:47.548+0000] {spark_submit.py:644} INFO - 25/06/07 10:28:47 INFO SecurityManager: Changing modify acls groups to:
[2025-06-07T10:28:47.548+0000] {spark_submit.py:644} INFO - 25/06/07 10:28:47 INFO SecurityManager: SecurityManager: authentication disabled; ui acls disabled; users with view permissions: ***; groups with view permissions: EMPTY; users with modify permissions: ***; groups with modify permissions: EMPTY
[2025-06-07T10:28:47.648+0000] {spark_submit.py:644} INFO - 25/06/07 10:28:47 INFO Utils: Successfully started service 'sparkDriver' on port 36777.
[2025-06-07T10:28:47.661+0000] {spark_submit.py:644} INFO - 25/06/07 10:28:47 INFO SparkEnv: Registering MapOutputTracker
[2025-06-07T10:28:47.678+0000] {spark_submit.py:644} INFO - 25/06/07 10:28:47 INFO SparkEnv: Registering BlockManagerMaster
[2025-06-07T10:28:47.686+0000] {spark_submit.py:644} INFO - 25/06/07 10:28:47 INFO BlockManagerMasterEndpoint: Using org.apache.spark.storage.DefaultTopologyMapper for getting topology information
[2025-06-07T10:28:47.686+0000] {spark_submit.py:644} INFO - 25/06/07 10:28:47 INFO BlockManagerMasterEndpoint: BlockManagerMasterEndpoint up
[2025-06-07T10:28:47.689+0000] {spark_submit.py:644} INFO - 25/06/07 10:28:47 INFO SparkEnv: Registering BlockManagerMasterHeartbeat
[2025-06-07T10:28:47.699+0000] {spark_submit.py:644} INFO - 25/06/07 10:28:47 INFO DiskBlockManager: Created local directory at /tmp/blockmgr-95ff2e9f-a6ea-4f71-a8d6-a02f3e74061f
[2025-06-07T10:28:47.706+0000] {spark_submit.py:644} INFO - 25/06/07 10:28:47 INFO MemoryStore: MemoryStore started with capacity 434.4 MiB
[2025-06-07T10:28:47.714+0000] {spark_submit.py:644} INFO - 25/06/07 10:28:47 INFO SparkEnv: Registering OutputCommitCoordinator
[2025-06-07T10:28:47.777+0000] {spark_submit.py:644} INFO - 25/06/07 10:28:47 INFO JettyUtils: Start Jetty 0.0.0.0:4040 for SparkUI
[2025-06-07T10:28:47.810+0000] {spark_submit.py:644} INFO - 25/06/07 10:28:47 INFO Utils: Successfully started service 'SparkUI' on port 4040.
[2025-06-07T10:28:47.828+0000] {spark_submit.py:644} INFO - 25/06/07 10:28:47 INFO SparkContext: Added JAR file:///home/***/.ivy2/jars/org.apache.hadoop_hadoop-aws-3.3.4.jar at spark://1ed3a5ab4297:36777/jars/org.apache.hadoop_hadoop-aws-3.3.4.jar with timestamp 1749292127479
[2025-06-07T10:28:47.828+0000] {spark_submit.py:644} INFO - 25/06/07 10:28:47 INFO SparkContext: Added JAR file:///home/***/.ivy2/jars/com.amazonaws_aws-java-sdk-bundle-1.12.262.jar at spark://1ed3a5ab4297:36777/jars/com.amazonaws_aws-java-sdk-bundle-1.12.262.jar with timestamp 1749292127479
[2025-06-07T10:28:47.829+0000] {spark_submit.py:644} INFO - 25/06/07 10:28:47 INFO SparkContext: Added JAR file:///home/***/.ivy2/jars/io.delta_delta-spark_2.12-3.2.0.jar at spark://1ed3a5ab4297:36777/jars/io.delta_delta-spark_2.12-3.2.0.jar with timestamp 1749292127479
[2025-06-07T10:28:47.829+0000] {spark_submit.py:644} INFO - 25/06/07 10:28:47 INFO SparkContext: Added JAR file:///home/***/.ivy2/jars/org.wildfly.openssl_wildfly-openssl-1.0.7.Final.jar at spark://1ed3a5ab4297:36777/jars/org.wildfly.openssl_wildfly-openssl-1.0.7.Final.jar with timestamp 1749292127479
[2025-06-07T10:28:47.829+0000] {spark_submit.py:644} INFO - 25/06/07 10:28:47 INFO SparkContext: Added JAR file:///home/***/.ivy2/jars/io.delta_delta-storage-3.2.0.jar at spark://1ed3a5ab4297:36777/jars/io.delta_delta-storage-3.2.0.jar with timestamp 1749292127479
[2025-06-07T10:28:47.829+0000] {spark_submit.py:644} INFO - 25/06/07 10:28:47 INFO SparkContext: Added JAR file:///home/***/.ivy2/jars/org.antlr_antlr4-runtime-4.9.3.jar at spark://1ed3a5ab4297:36777/jars/org.antlr_antlr4-runtime-4.9.3.jar with timestamp 1749292127479
[2025-06-07T10:28:47.830+0000] {spark_submit.py:644} INFO - 25/06/07 10:28:47 INFO SparkContext: Added file file:///home/***/.ivy2/jars/org.apache.hadoop_hadoop-aws-3.3.4.jar at spark://1ed3a5ab4297:36777/files/org.apache.hadoop_hadoop-aws-3.3.4.jar with timestamp 1749292127479
[2025-06-07T10:28:47.831+0000] {spark_submit.py:644} INFO - 25/06/07 10:28:47 INFO Utils: Copying /home/***/.ivy2/jars/org.apache.hadoop_hadoop-aws-3.3.4.jar to /tmp/spark-8cf54e01-f2b3-44e8-8a0b-1c955a9250f0/userFiles-eff8212e-59aa-48ea-8625-05e6a8a76e45/org.apache.hadoop_hadoop-aws-3.3.4.jar
[2025-06-07T10:28:47.836+0000] {spark_submit.py:644} INFO - 25/06/07 10:28:47 INFO SparkContext: Added file file:///home/***/.ivy2/jars/com.amazonaws_aws-java-sdk-bundle-1.12.262.jar at spark://1ed3a5ab4297:36777/files/com.amazonaws_aws-java-sdk-bundle-1.12.262.jar with timestamp 1749292127479
[2025-06-07T10:28:47.836+0000] {spark_submit.py:644} INFO - 25/06/07 10:28:47 INFO Utils: Copying /home/***/.ivy2/jars/com.amazonaws_aws-java-sdk-bundle-1.12.262.jar to /tmp/spark-8cf54e01-f2b3-44e8-8a0b-1c955a9250f0/userFiles-eff8212e-59aa-48ea-8625-05e6a8a76e45/com.amazonaws_aws-java-sdk-bundle-1.12.262.jar
[2025-06-07T10:28:47.924+0000] {spark_submit.py:644} INFO - 25/06/07 10:28:47 INFO SparkContext: Added file file:///home/***/.ivy2/jars/io.delta_delta-spark_2.12-3.2.0.jar at spark://1ed3a5ab4297:36777/files/io.delta_delta-spark_2.12-3.2.0.jar with timestamp 1749292127479
[2025-06-07T10:28:47.925+0000] {spark_submit.py:644} INFO - 25/06/07 10:28:47 INFO Utils: Copying /home/***/.ivy2/jars/io.delta_delta-spark_2.12-3.2.0.jar to /tmp/spark-8cf54e01-f2b3-44e8-8a0b-1c955a9250f0/userFiles-eff8212e-59aa-48ea-8625-05e6a8a76e45/io.delta_delta-spark_2.12-3.2.0.jar
[2025-06-07T10:28:47.928+0000] {spark_submit.py:644} INFO - 25/06/07 10:28:47 INFO SparkContext: Added file file:///home/***/.ivy2/jars/org.wildfly.openssl_wildfly-openssl-1.0.7.Final.jar at spark://1ed3a5ab4297:36777/files/org.wildfly.openssl_wildfly-openssl-1.0.7.Final.jar with timestamp 1749292127479
[2025-06-07T10:28:47.929+0000] {spark_submit.py:644} INFO - 25/06/07 10:28:47 INFO Utils: Copying /home/***/.ivy2/jars/org.wildfly.openssl_wildfly-openssl-1.0.7.Final.jar to /tmp/spark-8cf54e01-f2b3-44e8-8a0b-1c955a9250f0/userFiles-eff8212e-59aa-48ea-8625-05e6a8a76e45/org.wildfly.openssl_wildfly-openssl-1.0.7.Final.jar
[2025-06-07T10:28:47.930+0000] {spark_submit.py:644} INFO - 25/06/07 10:28:47 INFO SparkContext: Added file file:///home/***/.ivy2/jars/io.delta_delta-storage-3.2.0.jar at spark://1ed3a5ab4297:36777/files/io.delta_delta-storage-3.2.0.jar with timestamp 1749292127479
[2025-06-07T10:28:47.931+0000] {spark_submit.py:644} INFO - 25/06/07 10:28:47 INFO Utils: Copying /home/***/.ivy2/jars/io.delta_delta-storage-3.2.0.jar to /tmp/spark-8cf54e01-f2b3-44e8-8a0b-1c955a9250f0/userFiles-eff8212e-59aa-48ea-8625-05e6a8a76e45/io.delta_delta-storage-3.2.0.jar
[2025-06-07T10:28:47.933+0000] {spark_submit.py:644} INFO - 25/06/07 10:28:47 INFO SparkContext: Added file file:///home/***/.ivy2/jars/org.antlr_antlr4-runtime-4.9.3.jar at spark://1ed3a5ab4297:36777/files/org.antlr_antlr4-runtime-4.9.3.jar with timestamp 1749292127479
[2025-06-07T10:28:47.933+0000] {spark_submit.py:644} INFO - 25/06/07 10:28:47 INFO Utils: Copying /home/***/.ivy2/jars/org.antlr_antlr4-runtime-4.9.3.jar to /tmp/spark-8cf54e01-f2b3-44e8-8a0b-1c955a9250f0/userFiles-eff8212e-59aa-48ea-8625-05e6a8a76e45/org.antlr_antlr4-runtime-4.9.3.jar
[2025-06-07T10:28:47.976+0000] {spark_submit.py:644} INFO - 25/06/07 10:28:47 INFO StandaloneAppClient$ClientEndpoint: Connecting to master spark://spark-master:7077...
[2025-06-07T10:28:47.997+0000] {spark_submit.py:644} INFO - 25/06/07 10:28:47 INFO TransportClientFactory: Successfully created connection to spark-master/172.19.0.6:7077 after 13 ms (0 ms spent in bootstraps)
[2025-06-07T10:28:48.043+0000] {spark_submit.py:644} INFO - 25/06/07 10:28:48 INFO StandaloneSchedulerBackend: Connected to Spark cluster with app ID app-20250607102848-0014
[2025-06-07T10:28:48.046+0000] {spark_submit.py:644} INFO - 25/06/07 10:28:48 INFO StandaloneAppClient$ClientEndpoint: Executor added: app-20250607102848-0014/0 on worker-20250607084629-172.19.0.7-38989 (172.19.0.7:38989) with 4 core(s)
[2025-06-07T10:28:48.046+0000] {spark_submit.py:644} INFO - 25/06/07 10:28:48 INFO StandaloneSchedulerBackend: Granted executor ID app-20250607102848-0014/0 on hostPort 172.19.0.7:38989 with 4 core(s), 2.0 GiB RAM
[2025-06-07T10:28:48.049+0000] {spark_submit.py:644} INFO - 25/06/07 10:28:48 INFO Utils: Successfully started service 'org.apache.spark.network.netty.NettyBlockTransferService' on port 40207.
[2025-06-07T10:28:48.050+0000] {spark_submit.py:644} INFO - 25/06/07 10:28:48 INFO NettyBlockTransferService: Server created on 1ed3a5ab4297:40207
[2025-06-07T10:28:48.051+0000] {spark_submit.py:644} INFO - 25/06/07 10:28:48 INFO BlockManager: Using org.apache.spark.storage.RandomBlockReplicationPolicy for block replication policy
[2025-06-07T10:28:48.055+0000] {spark_submit.py:644} INFO - 25/06/07 10:28:48 INFO BlockManagerMaster: Registering BlockManager BlockManagerId(driver, 1ed3a5ab4297, 40207, None)
[2025-06-07T10:28:48.058+0000] {spark_submit.py:644} INFO - 25/06/07 10:28:48 INFO BlockManagerMasterEndpoint: Registering block manager 1ed3a5ab4297:40207 with 434.4 MiB RAM, BlockManagerId(driver, 1ed3a5ab4297, 40207, None)
[2025-06-07T10:28:48.060+0000] {spark_submit.py:644} INFO - 25/06/07 10:28:48 INFO BlockManagerMaster: Registered BlockManager BlockManagerId(driver, 1ed3a5ab4297, 40207, None)
[2025-06-07T10:28:48.061+0000] {spark_submit.py:644} INFO - 25/06/07 10:28:48 INFO BlockManager: Initialized BlockManager: BlockManagerId(driver, 1ed3a5ab4297, 40207, None)
[2025-06-07T10:28:48.062+0000] {spark_submit.py:644} INFO - 25/06/07 10:28:48 INFO StandaloneAppClient$ClientEndpoint: Executor updated: app-20250607102848-0014/0 is now RUNNING
[2025-06-07T10:28:48.172+0000] {spark_submit.py:644} INFO - 25/06/07 10:28:48 INFO StandaloneSchedulerBackend: SchedulerBackend is ready for scheduling beginning after reached minRegisteredResourcesRatio: 0.0
[2025-06-07T10:28:48.319+0000] {spark_submit.py:644} INFO - Bronze Ingestion: Spark session created.
[2025-06-07T10:28:48.324+0000] {spark_submit.py:644} INFO - 25/06/07 10:28:48 INFO SharedState: Setting hive.metastore.warehouse.dir ('null') to the value of spark.sql.warehouse.dir.
[2025-06-07T10:28:48.416+0000] {spark_submit.py:644} INFO - 25/06/07 10:28:48 WARN MetricsConfig: Cannot locate configuration: tried hadoop-metrics2-s3a-file-system.properties,hadoop-metrics2.properties
[2025-06-07T10:28:48.425+0000] {spark_submit.py:644} INFO - 25/06/07 10:28:48 INFO MetricsSystemImpl: Scheduled Metric snapshot period at 10 second(s).
[2025-06-07T10:28:48.428+0000] {spark_submit.py:644} INFO - 25/06/07 10:28:48 INFO MetricsSystemImpl: s3a-file-system metrics system started
[2025-06-07T10:28:48.741+0000] {spark_submit.py:644} INFO - 25/06/07 10:28:48 INFO SharedState: Warehouse path is 's3a://mybucket'.
[2025-06-07T10:28:49.265+0000] {spark_submit.py:644} INFO - 25/06/07 10:28:49 INFO InMemoryFileIndex: It took 20 ms to list leaf files for 1 paths.
[2025-06-07T10:28:49.423+0000] {spark_submit.py:644} INFO - 25/06/07 10:28:49 INFO StandaloneSchedulerBackend$StandaloneDriverEndpoint: Registered executor NettyRpcEndpointRef(spark-client://Executor) (172.19.0.7:37442) with ID 0,  ResourceProfileId 0
[2025-06-07T10:28:49.461+0000] {spark_submit.py:644} INFO - 25/06/07 10:28:49 INFO BlockManagerMasterEndpoint: Registering block manager 172.19.0.7:33557 with 1048.8 MiB RAM, BlockManagerId(0, 172.19.0.7, 33557, None)
[2025-06-07T10:28:49.894+0000] {spark_submit.py:644} INFO - Successfully loaded Stephen Curry stats from: /opt/***/data/Stephen Curry Stats.parquet
[2025-06-07T10:28:50.755+0000] {spark_submit.py:644} INFO - 25/06/07 10:28:50 INFO HiveConf: Found configuration file null
[2025-06-07T10:28:50.764+0000] {spark_submit.py:644} INFO - 25/06/07 10:28:50 INFO HiveUtils: Initializing HiveMetastoreConnection version 2.3.9 using Spark classes.
[2025-06-07T10:28:50.900+0000] {spark_submit.py:644} INFO - 25/06/07 10:28:50 INFO HiveClientImpl: Warehouse location for Hive client (version 2.3.9) is s3a://mybucket
[2025-06-07T10:28:50.926+0000] {spark_submit.py:644} INFO - 25/06/07 10:28:50 INFO metastore: Trying to connect to metastore with URI thrift://hive-metastore:9083
[2025-06-07T10:28:50.940+0000] {spark_submit.py:644} INFO - 25/06/07 10:28:50 INFO metastore: Opened a connection to metastore, current connections: 1
[2025-06-07T10:28:50.957+0000] {spark_submit.py:644} INFO - 25/06/07 10:28:50 INFO metastore: Connected to metastore.
[2025-06-07T10:28:51.028+0000] {spark_submit.py:644} INFO - Writing data to managed table: sc_stats_db.bronze_sc_stats
[2025-06-07T10:28:51.144+0000] {spark_submit.py:644} INFO - 25/06/07 10:28:51 WARN SparkStringUtils: Truncated the string representation of a plan since it was too large. This behavior can be adjusted by setting 'spark.sql.debug.maxToStringFields'.
[2025-06-07T10:28:51.267+0000] {spark_submit.py:644} INFO - 25/06/07 10:28:51 INFO DelegatingLogStore: LogStore `LogStoreAdapter(io.delta.storage.S3SingleDriverLogStore)` is used for scheme `s3a`
[2025-06-07T10:33:36.998+0000] {spark_submit.py:644} INFO - 25/06/07 10:33:36 ERROR StandaloneSchedulerBackend: Application has been killed. Reason: Master removed our application: KILLED
[2025-06-07T10:33:37.005+0000] {spark_submit.py:644} INFO - 25/06/07 10:33:37 INFO SparkContext: SparkContext is stopping with exitCode 0.
[2025-06-07T10:33:37.006+0000] {spark_submit.py:644} INFO - 25/06/07 10:33:37 ERROR Inbox: Ignoring error
[2025-06-07T10:33:37.007+0000] {spark_submit.py:644} INFO - org.apache.spark.SparkException: Exiting due to error from cluster scheduler: Master removed our application: KILLED
[2025-06-07T10:33:37.007+0000] {spark_submit.py:644} INFO - at org.apache.spark.errors.SparkCoreErrors$.clusterSchedulerError(SparkCoreErrors.scala:291)
[2025-06-07T10:33:37.008+0000] {spark_submit.py:644} INFO - at org.apache.spark.scheduler.TaskSchedulerImpl.error(TaskSchedulerImpl.scala:981)
[2025-06-07T10:33:37.008+0000] {spark_submit.py:644} INFO - at org.apache.spark.scheduler.cluster.StandaloneSchedulerBackend.dead(StandaloneSchedulerBackend.scala:165)
[2025-06-07T10:33:37.009+0000] {spark_submit.py:644} INFO - at org.apache.spark.deploy.client.StandaloneAppClient$ClientEndpoint.markDead(StandaloneAppClient.scala:263)
[2025-06-07T10:33:37.010+0000] {spark_submit.py:644} INFO - at org.apache.spark.deploy.client.StandaloneAppClient$ClientEndpoint$$anonfun$receive$1.applyOrElse(StandaloneAppClient.scala:170)
[2025-06-07T10:33:37.011+0000] {spark_submit.py:644} INFO - at org.apache.spark.rpc.netty.Inbox.$anonfun$process$1(Inbox.scala:115)
[2025-06-07T10:33:37.012+0000] {spark_submit.py:644} INFO - at org.apache.spark.rpc.netty.Inbox.safelyCall(Inbox.scala:213)
[2025-06-07T10:33:37.013+0000] {spark_submit.py:644} INFO - at org.apache.spark.rpc.netty.Inbox.process(Inbox.scala:100)
[2025-06-07T10:33:37.013+0000] {spark_submit.py:644} INFO - at org.apache.spark.rpc.netty.MessageLoop.org$apache$spark$rpc$netty$MessageLoop$$receiveLoop(MessageLoop.scala:75)
[2025-06-07T10:33:37.013+0000] {spark_submit.py:644} INFO - at org.apache.spark.rpc.netty.MessageLoop$$anon$1.run(MessageLoop.scala:41)
[2025-06-07T10:33:37.014+0000] {spark_submit.py:644} INFO - at java.base/java.util.concurrent.ThreadPoolExecutor.runWorker(ThreadPoolExecutor.java:1136)
[2025-06-07T10:33:37.014+0000] {spark_submit.py:644} INFO - at java.base/java.util.concurrent.ThreadPoolExecutor$Worker.run(ThreadPoolExecutor.java:635)
[2025-06-07T10:33:37.014+0000] {spark_submit.py:644} INFO - at java.base/java.lang.Thread.run(Thread.java:840)
[2025-06-07T10:33:37.020+0000] {spark_submit.py:644} INFO - 25/06/07 10:33:37 INFO SparkUI: Stopped Spark web UI at http://1ed3a5ab4297:4040
[2025-06-07T10:33:37.024+0000] {spark_submit.py:644} INFO - 25/06/07 10:33:37 INFO StandaloneSchedulerBackend: Shutting down all executors
[2025-06-07T10:33:37.025+0000] {spark_submit.py:644} INFO - 25/06/07 10:33:37 INFO StandaloneSchedulerBackend$StandaloneDriverEndpoint: Asking each executor to shut down
[2025-06-07T10:33:37.029+0000] {spark_submit.py:644} INFO - 25/06/07 10:33:37 ERROR Inbox: Ignoring error
[2025-06-07T10:33:37.030+0000] {spark_submit.py:644} INFO - java.util.concurrent.RejectedExecutionException: Task java.util.concurrent.ScheduledThreadPoolExecutor$ScheduledFutureTask@1c397a13[Not completed, task = java.util.concurrent.Executors$RunnableAdapter@7450406f[Wrapped task = org.apache.spark.scheduler.cluster.StandaloneSchedulerBackend$StandaloneDriverEndpoint$$anon$2@54a2d8e3]] rejected from java.util.concurrent.ScheduledThreadPoolExecutor@48c94f78[Terminated, pool size = 0, active threads = 0, queued tasks = 0, completed tasks = 0]
[2025-06-07T10:33:37.030+0000] {spark_submit.py:644} INFO - at java.base/java.util.concurrent.ThreadPoolExecutor$AbortPolicy.rejectedExecution(ThreadPoolExecutor.java:2065)
[2025-06-07T10:33:37.030+0000] {spark_submit.py:644} INFO - at java.base/java.util.concurrent.ThreadPoolExecutor.reject(ThreadPoolExecutor.java:833)
[2025-06-07T10:33:37.031+0000] {spark_submit.py:644} INFO - at java.base/java.util.concurrent.ScheduledThreadPoolExecutor.delayedExecute(ScheduledThreadPoolExecutor.java:340)
[2025-06-07T10:33:37.031+0000] {spark_submit.py:644} INFO - at java.base/java.util.concurrent.ScheduledThreadPoolExecutor.schedule(ScheduledThreadPoolExecutor.java:562)
[2025-06-07T10:33:37.031+0000] {spark_submit.py:644} INFO - at org.apache.spark.scheduler.cluster.StandaloneSchedulerBackend$StandaloneDriverEndpoint.$anonfun$onDisconnected$1(StandaloneSchedulerBackend.scala:346)
[2025-06-07T10:33:37.032+0000] {spark_submit.py:644} INFO - at scala.Option.foreach(Option.scala:407)
[2025-06-07T10:33:37.033+0000] {spark_submit.py:644} INFO - at org.apache.spark.scheduler.cluster.StandaloneSchedulerBackend$StandaloneDriverEndpoint.onDisconnected(StandaloneSchedulerBackend.scala:313)
[2025-06-07T10:33:37.035+0000] {spark_submit.py:644} INFO - at org.apache.spark.rpc.netty.Inbox.$anonfun$process$1(Inbox.scala:141)
[2025-06-07T10:33:37.035+0000] {spark_submit.py:644} INFO - at org.apache.spark.rpc.netty.Inbox.safelyCall(Inbox.scala:213)
[2025-06-07T10:33:37.035+0000] {spark_submit.py:644} INFO - at org.apache.spark.rpc.netty.Inbox.process(Inbox.scala:100)
[2025-06-07T10:33:37.035+0000] {spark_submit.py:644} INFO - at org.apache.spark.rpc.netty.MessageLoop.org$apache$spark$rpc$netty$MessageLoop$$receiveLoop(MessageLoop.scala:75)
[2025-06-07T10:33:37.036+0000] {spark_submit.py:644} INFO - at org.apache.spark.rpc.netty.MessageLoop$$anon$1.run(MessageLoop.scala:41)
[2025-06-07T10:33:37.036+0000] {spark_submit.py:644} INFO - at java.base/java.util.concurrent.ThreadPoolExecutor.runWorker(ThreadPoolExecutor.java:1136)
[2025-06-07T10:33:37.036+0000] {spark_submit.py:644} INFO - at java.base/java.util.concurrent.ThreadPoolExecutor$Worker.run(ThreadPoolExecutor.java:635)
[2025-06-07T10:33:37.037+0000] {spark_submit.py:644} INFO - at java.base/java.lang.Thread.run(Thread.java:840)
[2025-06-07T10:33:37.040+0000] {spark_submit.py:644} INFO - 25/06/07 10:33:37 INFO MapOutputTrackerMasterEndpoint: MapOutputTrackerMasterEndpoint stopped!
[2025-06-07T10:33:37.050+0000] {spark_submit.py:644} INFO - 25/06/07 10:33:37 INFO MemoryStore: MemoryStore cleared
[2025-06-07T10:33:37.051+0000] {spark_submit.py:644} INFO - 25/06/07 10:33:37 INFO BlockManager: BlockManager stopped
[2025-06-07T10:33:37.056+0000] {spark_submit.py:644} INFO - 25/06/07 10:33:37 INFO BlockManagerMaster: BlockManagerMaster stopped
[2025-06-07T10:33:37.057+0000] {spark_submit.py:644} INFO - 25/06/07 10:33:37 INFO OutputCommitCoordinator$OutputCommitCoordinatorEndpoint: OutputCommitCoordinator stopped!
[2025-06-07T10:33:37.079+0000] {spark_submit.py:644} INFO - 25/06/07 10:33:37 INFO SparkContext: Successfully stopped SparkContext
[2025-06-07T10:59:34.648+0000] {local_task_job_runner.py:127} ERROR - Received SIGTERM. Terminating subprocesses
[2025-06-07T10:59:34.662+0000] {process_utils.py:132} INFO - Sending 15 to group 4812. PIDs of all processes in the group: [4814, 4891, 4812]
[2025-06-07T10:59:34.664+0000] {process_utils.py:87} INFO - Sending the signal 15 to group 4812
[2025-06-07T10:59:34.666+0000] {taskinstance.py:3093} ERROR - Received SIGTERM. Terminating subprocesses.
[2025-06-07T10:59:34.670+0000] {spark_submit.py:770} INFO - Sending kill signal to spark-submit
[2025-06-07T10:59:34.672+0000] {process_utils.py:80} INFO - Process psutil.Process(pid=4891, status='terminated', started='10:28:46') (4891) terminated with exit code None
[2025-06-07T10:59:34.817+0000] {taskinstance.py:3311} ERROR - Task failed with exception
Traceback (most recent call last):
  File "/home/airflow/.local/lib/python3.11/site-packages/airflow/models/taskinstance.py", line 767, in _execute_task
    result = _execute_callable(context=context, **execute_callable_kwargs)
             ^^^^^^^^^^^^^^^^^^^^^^^^^^^^^^^^^^^^^^^^^^^^^^^^^^^^^^^^^^^^^
  File "/home/airflow/.local/lib/python3.11/site-packages/airflow/models/taskinstance.py", line 733, in _execute_callable
    return ExecutionCallableRunner(
           ^^^^^^^^^^^^^^^^^^^^^^^^
  File "/home/airflow/.local/lib/python3.11/site-packages/airflow/utils/operator_helpers.py", line 252, in run
    return self.func(*args, **kwargs)
           ^^^^^^^^^^^^^^^^^^^^^^^^^^
  File "/home/airflow/.local/lib/python3.11/site-packages/airflow/models/baseoperator.py", line 417, in wrapper
    return func(self, *args, **kwargs)
           ^^^^^^^^^^^^^^^^^^^^^^^^^^^
  File "/home/airflow/.local/lib/python3.11/site-packages/airflow/providers/apache/spark/operators/spark_submit.py", line 197, in execute
    self._hook.submit(self.application)
  File "/home/airflow/.local/lib/python3.11/site-packages/airflow/providers/apache/spark/hooks/spark_submit.py", line 555, in submit
    self._process_spark_submit_log(iter(self._submit_sp.stdout))  # type: ignore
    ^^^^^^^^^^^^^^^^^^^^^^^^^^^^^^^^^^^^^^^^^^^^^^^^^^^^^^^^^^^^
  File "/home/airflow/.local/lib/python3.11/site-packages/airflow/providers/apache/spark/hooks/spark_submit.py", line 603, in _process_spark_submit_log
    for line in itr:
  File "/home/airflow/.local/lib/python3.11/site-packages/airflow/models/taskinstance.py", line 3095, in signal_handler
    raise AirflowTaskTerminated("Task received SIGTERM signal")
airflow.exceptions.AirflowTaskTerminated: Task received SIGTERM signal
[2025-06-07T10:59:34.879+0000] {taskinstance.py:1225} INFO - Marking task as FAILED. dag_id=curry_medallion_etl, task_id=submit_bronze_etl_job, run_id=manual__2025-06-07T10:28:40.350030+00:00, execution_date=20250607T102840, start_date=20250607T102842, end_date=20250607T105934
[2025-06-07T10:59:34.912+0000] {taskinstance.py:340} INFO - ::group::Post task execution logs
[2025-06-07T10:59:34.984+0000] {process_utils.py:80} INFO - Process psutil.Process(pid=4814, status='terminated', started='10:28:42') (4814) terminated with exit code None
[2025-06-07T10:59:34.985+0000] {process_utils.py:80} INFO - Process psutil.Process(pid=4812, status='terminated', exitcode=2, started='10:28:42') (4812) terminated with exit code 2
[2025-06-07T10:59:34.988+0000] {local_task_job_runner.py:266} INFO - Task exited with return code 143
[2025-06-07T10:59:35.048+0000] {taskinstance.py:3895} INFO - 0 downstream tasks scheduled from follow-on schedule check
[2025-06-07T10:59:36.856+0000] {local_task_job_runner.py:127} ERROR - Received SIGTERM. Terminating subprocesses
[2025-06-07T10:59:36.857+0000] {local_task_job_runner.py:266} INFO - Task exited with return code 143
