[2025-05-31T05:16:21.811+0000] {local_task_job_runner.py:123} INFO - ::group::Pre task execution logs
[2025-05-31T05:16:21.822+0000] {taskinstance.py:2613} INFO - Dependencies all met for dep_context=non-requeueable deps ti=<TaskInstance: medallion_sales_etl.submit_medallion_sales_etl_job manual__2025-05-31T05:16:21.452159+00:00 [queued]>
[2025-05-31T05:16:21.826+0000] {taskinstance.py:2613} INFO - Dependencies all met for dep_context=requeueable deps ti=<TaskInstance: medallion_sales_etl.submit_medallion_sales_etl_job manual__2025-05-31T05:16:21.452159+00:00 [queued]>
[2025-05-31T05:16:21.826+0000] {taskinstance.py:2866} INFO - Starting attempt 1 of 2
[2025-05-31T05:16:21.832+0000] {taskinstance.py:2889} INFO - Executing <Task(SparkSubmitOperator): submit_medallion_sales_etl_job> on 2025-05-31 05:16:21.452159+00:00
[2025-05-31T05:16:21.835+0000] {standard_task_runner.py:72} INFO - Started process 1813 to run task
[2025-05-31T05:16:21.837+0000] {standard_task_runner.py:104} INFO - Running: ['***', 'tasks', 'run', 'medallion_sales_etl', 'submit_medallion_sales_etl_job', 'manual__2025-05-31T05:16:21.452159+00:00', '--job-id', '13', '--raw', '--subdir', 'DAGS_FOLDER/medallion_sales_etl_dag.py', '--cfg-path', '/tmp/tmp3to_0vmx']
[2025-05-31T05:16:21.839+0000] {standard_task_runner.py:105} INFO - Job 13: Subtask submit_medallion_sales_etl_job
[2025-05-31T05:16:21.871+0000] {task_command.py:467} INFO - Running <TaskInstance: medallion_sales_etl.submit_medallion_sales_etl_job manual__2025-05-31T05:16:21.452159+00:00 [running]> on host 640bdd282f6c
[2025-05-31T05:16:21.920+0000] {taskinstance.py:3132} INFO - Exporting env vars: AIRFLOW_CTX_DAG_OWNER='***' AIRFLOW_CTX_DAG_ID='medallion_sales_etl' AIRFLOW_CTX_TASK_ID='submit_medallion_sales_etl_job' AIRFLOW_CTX_EXECUTION_DATE='2025-05-31T05:16:21.452159+00:00' AIRFLOW_CTX_TRY_NUMBER='1' AIRFLOW_CTX_DAG_RUN_ID='manual__2025-05-31T05:16:21.452159+00:00'
[2025-05-31T05:16:21.921+0000] {taskinstance.py:731} INFO - ::endgroup::
[2025-05-31T05:16:21.939+0000] {base.py:84} INFO - Retrieving connection 'spark_default'
[2025-05-31T05:16:21.940+0000] {spark_submit.py:474} INFO - Spark-Submit cmd: spark-submit --master spark://spark-master:7077 --name medallion_sales_etl_spark_job --verbose --queue root.default --deploy-mode client /opt/***/dags/medallion_etl.py
[2025-05-31T05:16:22.559+0000] {spark_submit.py:644} INFO - Using properties file: null
[2025-05-31T05:16:22.618+0000] {spark_submit.py:644} INFO - Parsed arguments:
[2025-05-31T05:16:22.619+0000] {spark_submit.py:644} INFO - master                  spark://spark-master:7077
[2025-05-31T05:16:22.619+0000] {spark_submit.py:644} INFO - remote                  null
[2025-05-31T05:16:22.619+0000] {spark_submit.py:644} INFO - deployMode              client
[2025-05-31T05:16:22.619+0000] {spark_submit.py:644} INFO - executorMemory          null
[2025-05-31T05:16:22.619+0000] {spark_submit.py:644} INFO - executorCores           null
[2025-05-31T05:16:22.620+0000] {spark_submit.py:644} INFO - totalExecutorCores      null
[2025-05-31T05:16:22.620+0000] {spark_submit.py:644} INFO - propertiesFile          null
[2025-05-31T05:16:22.620+0000] {spark_submit.py:644} INFO - driverMemory            null
[2025-05-31T05:16:22.620+0000] {spark_submit.py:644} INFO - driverCores             null
[2025-05-31T05:16:22.620+0000] {spark_submit.py:644} INFO - driverExtraClassPath    null
[2025-05-31T05:16:22.620+0000] {spark_submit.py:644} INFO - driverExtraLibraryPath  null
[2025-05-31T05:16:22.621+0000] {spark_submit.py:644} INFO - driverExtraJavaOptions  null
[2025-05-31T05:16:22.621+0000] {spark_submit.py:644} INFO - supervise               false
[2025-05-31T05:16:22.621+0000] {spark_submit.py:644} INFO - queue                   root.default
[2025-05-31T05:16:22.621+0000] {spark_submit.py:644} INFO - numExecutors            null
[2025-05-31T05:16:22.621+0000] {spark_submit.py:644} INFO - files                   null
[2025-05-31T05:16:22.621+0000] {spark_submit.py:644} INFO - pyFiles                 null
[2025-05-31T05:16:22.621+0000] {spark_submit.py:644} INFO - archives                null
[2025-05-31T05:16:22.621+0000] {spark_submit.py:644} INFO - mainClass               null
[2025-05-31T05:16:22.621+0000] {spark_submit.py:644} INFO - primaryResource         file:/opt/***/dags/medallion_etl.py
[2025-05-31T05:16:22.622+0000] {spark_submit.py:644} INFO - name                    medallion_sales_etl_spark_job
[2025-05-31T05:16:22.622+0000] {spark_submit.py:644} INFO - childArgs               []
[2025-05-31T05:16:22.622+0000] {spark_submit.py:644} INFO - jars                    null
[2025-05-31T05:16:22.622+0000] {spark_submit.py:644} INFO - packages                null
[2025-05-31T05:16:22.622+0000] {spark_submit.py:644} INFO - packagesExclusions      null
[2025-05-31T05:16:22.622+0000] {spark_submit.py:644} INFO - repositories            null
[2025-05-31T05:16:22.622+0000] {spark_submit.py:644} INFO - verbose                 true
[2025-05-31T05:16:22.622+0000] {spark_submit.py:644} INFO - 
[2025-05-31T05:16:22.622+0000] {spark_submit.py:644} INFO - Spark properties used, including those specified through
[2025-05-31T05:16:22.622+0000] {spark_submit.py:644} INFO - --conf and those from the properties file null:
[2025-05-31T05:16:22.623+0000] {spark_submit.py:644} INFO - 
[2025-05-31T05:16:22.623+0000] {spark_submit.py:644} INFO - 
[2025-05-31T05:16:22.623+0000] {spark_submit.py:644} INFO - 
[2025-05-31T05:16:22.743+0000] {spark_submit.py:644} INFO - Main class:
[2025-05-31T05:16:22.743+0000] {spark_submit.py:644} INFO - org.apache.spark.deploy.PythonRunner
[2025-05-31T05:16:22.743+0000] {spark_submit.py:644} INFO - Arguments:
[2025-05-31T05:16:22.743+0000] {spark_submit.py:644} INFO - file:/opt/***/dags/medallion_etl.py
[2025-05-31T05:16:22.743+0000] {spark_submit.py:644} INFO - null
[2025-05-31T05:16:22.745+0000] {spark_submit.py:644} INFO - Spark config:
[2025-05-31T05:16:22.745+0000] {spark_submit.py:644} INFO - (spark.app.name,medallion_sales_etl_spark_job)
[2025-05-31T05:16:22.745+0000] {spark_submit.py:644} INFO - (spark.app.submitTime,1748668582734)
[2025-05-31T05:16:22.745+0000] {spark_submit.py:644} INFO - (spark.master,spark://spark-master:7077)
[2025-05-31T05:16:22.745+0000] {spark_submit.py:644} INFO - (spark.submit.deployMode,client)
[2025-05-31T05:16:22.745+0000] {spark_submit.py:644} INFO - (spark.submit.pyFiles,)
[2025-05-31T05:16:22.746+0000] {spark_submit.py:644} INFO - Classpath elements:
[2025-05-31T05:16:22.746+0000] {spark_submit.py:644} INFO - 
[2025-05-31T05:16:22.746+0000] {spark_submit.py:644} INFO - 
[2025-05-31T05:16:22.746+0000] {spark_submit.py:644} INFO - 
[2025-05-31T05:16:23.349+0000] {spark_submit.py:644} INFO - 25/05/31 05:16:23 INFO SparkContext: Running Spark version 3.5.2
[2025-05-31T05:16:23.350+0000] {spark_submit.py:644} INFO - 25/05/31 05:16:23 INFO SparkContext: OS info Linux, 6.10.14-linuxkit, aarch64
[2025-05-31T05:16:23.350+0000] {spark_submit.py:644} INFO - 25/05/31 05:16:23 INFO SparkContext: Java version 17.0.15
[2025-05-31T05:16:23.380+0000] {spark_submit.py:644} INFO - 25/05/31 05:16:23 WARN NativeCodeLoader: Unable to load native-hadoop library for your platform... using builtin-java classes where applicable
[2025-05-31T05:16:23.431+0000] {spark_submit.py:644} INFO - 25/05/31 05:16:23 INFO ResourceUtils: ==============================================================
[2025-05-31T05:16:23.431+0000] {spark_submit.py:644} INFO - 25/05/31 05:16:23 INFO ResourceUtils: No custom resources configured for spark.driver.
[2025-05-31T05:16:23.431+0000] {spark_submit.py:644} INFO - 25/05/31 05:16:23 INFO ResourceUtils: ==============================================================
[2025-05-31T05:16:23.432+0000] {spark_submit.py:644} INFO - 25/05/31 05:16:23 INFO SparkContext: Submitted application: SampleDataToMinIO
[2025-05-31T05:16:23.443+0000] {spark_submit.py:644} INFO - 25/05/31 05:16:23 INFO ResourceProfile: Default ResourceProfile created, executor resources: Map(memory -> name: memory, amount: 1024, script: , vendor: , offHeap -> name: offHeap, amount: 0, script: , vendor: ), task resources: Map(cpus -> name: cpus, amount: 1.0)
[2025-05-31T05:16:23.448+0000] {spark_submit.py:644} INFO - 25/05/31 05:16:23 INFO ResourceProfile: Limiting resource is cpu
[2025-05-31T05:16:23.448+0000] {spark_submit.py:644} INFO - 25/05/31 05:16:23 INFO ResourceProfileManager: Added ResourceProfile id: 0
[2025-05-31T05:16:23.478+0000] {spark_submit.py:644} INFO - 25/05/31 05:16:23 INFO SecurityManager: Changing view acls to: ***
[2025-05-31T05:16:23.479+0000] {spark_submit.py:644} INFO - 25/05/31 05:16:23 INFO SecurityManager: Changing modify acls to: ***
[2025-05-31T05:16:23.479+0000] {spark_submit.py:644} INFO - 25/05/31 05:16:23 INFO SecurityManager: Changing view acls groups to:
[2025-05-31T05:16:23.479+0000] {spark_submit.py:644} INFO - 25/05/31 05:16:23 INFO SecurityManager: Changing modify acls groups to:
[2025-05-31T05:16:23.479+0000] {spark_submit.py:644} INFO - 25/05/31 05:16:23 INFO SecurityManager: SecurityManager: authentication disabled; ui acls disabled; users with view permissions: ***; groups with view permissions: EMPTY; users with modify permissions: ***; groups with modify permissions: EMPTY
[2025-05-31T05:16:23.606+0000] {spark_submit.py:644} INFO - 25/05/31 05:16:23 INFO Utils: Successfully started service 'sparkDriver' on port 36329.
[2025-05-31T05:16:23.620+0000] {spark_submit.py:644} INFO - 25/05/31 05:16:23 INFO SparkEnv: Registering MapOutputTracker
[2025-05-31T05:16:23.638+0000] {spark_submit.py:644} INFO - 25/05/31 05:16:23 INFO SparkEnv: Registering BlockManagerMaster
[2025-05-31T05:16:23.646+0000] {spark_submit.py:644} INFO - 25/05/31 05:16:23 INFO BlockManagerMasterEndpoint: Using org.apache.spark.storage.DefaultTopologyMapper for getting topology information
[2025-05-31T05:16:23.647+0000] {spark_submit.py:644} INFO - 25/05/31 05:16:23 INFO BlockManagerMasterEndpoint: BlockManagerMasterEndpoint up
[2025-05-31T05:16:23.649+0000] {spark_submit.py:644} INFO - 25/05/31 05:16:23 INFO SparkEnv: Registering BlockManagerMasterHeartbeat
[2025-05-31T05:16:23.660+0000] {spark_submit.py:644} INFO - 25/05/31 05:16:23 INFO DiskBlockManager: Created local directory at /tmp/blockmgr-93f63cd3-d82e-4fb7-8d64-48f4a348fa6e
[2025-05-31T05:16:23.668+0000] {spark_submit.py:644} INFO - 25/05/31 05:16:23 INFO MemoryStore: MemoryStore started with capacity 434.4 MiB
[2025-05-31T05:16:23.679+0000] {spark_submit.py:644} INFO - 25/05/31 05:16:23 INFO SparkEnv: Registering OutputCommitCoordinator
[2025-05-31T05:16:23.747+0000] {spark_submit.py:644} INFO - 25/05/31 05:16:23 INFO JettyUtils: Start Jetty 0.0.0.0:4040 for SparkUI
[2025-05-31T05:16:23.781+0000] {spark_submit.py:644} INFO - 25/05/31 05:16:23 INFO Utils: Successfully started service 'SparkUI' on port 4040.
[2025-05-31T05:16:23.853+0000] {spark_submit.py:644} INFO - 25/05/31 05:16:23 INFO StandaloneAppClient$ClientEndpoint: Connecting to master spark://spark-master:7077...
[2025-05-31T05:16:24.111+0000] {spark_submit.py:644} INFO - 25/05/31 05:16:24 WARN StandaloneAppClient$ClientEndpoint: Failed to connect to master spark-master:7077
[2025-05-31T05:16:24.111+0000] {spark_submit.py:644} INFO - org.apache.spark.SparkException: Exception thrown in awaitResult:
[2025-05-31T05:16:24.112+0000] {spark_submit.py:644} INFO - at org.apache.spark.util.SparkThreadUtils$.awaitResult(SparkThreadUtils.scala:56)
[2025-05-31T05:16:24.112+0000] {spark_submit.py:644} INFO - at org.apache.spark.util.ThreadUtils$.awaitResult(ThreadUtils.scala:310)
[2025-05-31T05:16:24.112+0000] {spark_submit.py:644} INFO - at org.apache.spark.rpc.RpcTimeout.awaitResult(RpcTimeout.scala:75)
[2025-05-31T05:16:24.112+0000] {spark_submit.py:644} INFO - at org.apache.spark.rpc.RpcEnv.setupEndpointRefByURI(RpcEnv.scala:102)
[2025-05-31T05:16:24.112+0000] {spark_submit.py:644} INFO - at org.apache.spark.rpc.RpcEnv.setupEndpointRef(RpcEnv.scala:110)
[2025-05-31T05:16:24.112+0000] {spark_submit.py:644} INFO - at org.apache.spark.deploy.client.StandaloneAppClient$ClientEndpoint$$anon$1.run(StandaloneAppClient.scala:108)
[2025-05-31T05:16:24.112+0000] {spark_submit.py:644} INFO - at java.base/java.util.concurrent.Executors$RunnableAdapter.call(Executors.java:539)
[2025-05-31T05:16:24.112+0000] {spark_submit.py:644} INFO - at java.base/java.util.concurrent.FutureTask.run(FutureTask.java:264)
[2025-05-31T05:16:24.113+0000] {spark_submit.py:644} INFO - at java.base/java.util.concurrent.ThreadPoolExecutor.runWorker(ThreadPoolExecutor.java:1136)
[2025-05-31T05:16:24.113+0000] {spark_submit.py:644} INFO - at java.base/java.util.concurrent.ThreadPoolExecutor$Worker.run(ThreadPoolExecutor.java:635)
[2025-05-31T05:16:24.113+0000] {spark_submit.py:644} INFO - at java.base/java.lang.Thread.run(Thread.java:840)
[2025-05-31T05:16:24.113+0000] {spark_submit.py:644} INFO - Caused by: java.io.IOException: Failed to connect to spark-master/<unresolved>:7077
[2025-05-31T05:16:24.113+0000] {spark_submit.py:644} INFO - at org.apache.spark.network.client.TransportClientFactory.createClient(TransportClientFactory.java:294)
[2025-05-31T05:16:24.113+0000] {spark_submit.py:644} INFO - at org.apache.spark.network.client.TransportClientFactory.createClient(TransportClientFactory.java:214)
[2025-05-31T05:16:24.113+0000] {spark_submit.py:644} INFO - at org.apache.spark.network.client.TransportClientFactory.createClient(TransportClientFactory.java:226)
[2025-05-31T05:16:24.113+0000] {spark_submit.py:644} INFO - at org.apache.spark.rpc.netty.NettyRpcEnv.createClient(NettyRpcEnv.scala:204)
[2025-05-31T05:16:24.113+0000] {spark_submit.py:644} INFO - at org.apache.spark.rpc.netty.Outbox$$anon$1.call(Outbox.scala:202)
[2025-05-31T05:16:24.113+0000] {spark_submit.py:644} INFO - at org.apache.spark.rpc.netty.Outbox$$anon$1.call(Outbox.scala:198)
[2025-05-31T05:16:24.113+0000] {spark_submit.py:644} INFO - ... 4 more
[2025-05-31T05:16:24.114+0000] {spark_submit.py:644} INFO - Caused by: java.net.UnknownHostException: spark-master
[2025-05-31T05:16:24.114+0000] {spark_submit.py:644} INFO - at java.base/java.net.InetAddress$CachedAddresses.get(InetAddress.java:801)
[2025-05-31T05:16:24.114+0000] {spark_submit.py:644} INFO - at java.base/java.net.InetAddress.getAllByName0(InetAddress.java:1533)
[2025-05-31T05:16:24.114+0000] {spark_submit.py:644} INFO - at java.base/java.net.InetAddress.getAllByName(InetAddress.java:1385)
[2025-05-31T05:16:24.114+0000] {spark_submit.py:644} INFO - at java.base/java.net.InetAddress.getAllByName(InetAddress.java:1306)
[2025-05-31T05:16:24.114+0000] {spark_submit.py:644} INFO - at java.base/java.net.InetAddress.getByName(InetAddress.java:1256)
[2025-05-31T05:16:24.114+0000] {spark_submit.py:644} INFO - at io.netty.util.internal.SocketUtils$8.run(SocketUtils.java:156)
[2025-05-31T05:16:24.114+0000] {spark_submit.py:644} INFO - at io.netty.util.internal.SocketUtils$8.run(SocketUtils.java:153)
[2025-05-31T05:16:24.114+0000] {spark_submit.py:644} INFO - at java.base/java.security.AccessController.doPrivileged(AccessController.java:569)
[2025-05-31T05:16:24.114+0000] {spark_submit.py:644} INFO - at io.netty.util.internal.SocketUtils.addressByName(SocketUtils.java:153)
[2025-05-31T05:16:24.115+0000] {spark_submit.py:644} INFO - at io.netty.resolver.DefaultNameResolver.doResolve(DefaultNameResolver.java:41)
[2025-05-31T05:16:24.115+0000] {spark_submit.py:644} INFO - at io.netty.resolver.SimpleNameResolver.resolve(SimpleNameResolver.java:61)
[2025-05-31T05:16:24.115+0000] {spark_submit.py:644} INFO - at io.netty.resolver.SimpleNameResolver.resolve(SimpleNameResolver.java:53)
[2025-05-31T05:16:24.115+0000] {spark_submit.py:644} INFO - at io.netty.resolver.InetSocketAddressResolver.doResolve(InetSocketAddressResolver.java:55)
[2025-05-31T05:16:24.115+0000] {spark_submit.py:644} INFO - at io.netty.resolver.InetSocketAddressResolver.doResolve(InetSocketAddressResolver.java:31)
[2025-05-31T05:16:24.115+0000] {spark_submit.py:644} INFO - at io.netty.resolver.AbstractAddressResolver.resolve(AbstractAddressResolver.java:106)
[2025-05-31T05:16:24.115+0000] {spark_submit.py:644} INFO - at io.netty.bootstrap.Bootstrap.doResolveAndConnect0(Bootstrap.java:220)
[2025-05-31T05:16:24.115+0000] {spark_submit.py:644} INFO - at io.netty.bootstrap.Bootstrap.access$000(Bootstrap.java:46)
[2025-05-31T05:16:24.115+0000] {spark_submit.py:644} INFO - at io.netty.bootstrap.Bootstrap$1.operationComplete(Bootstrap.java:189)
[2025-05-31T05:16:24.115+0000] {spark_submit.py:644} INFO - at io.netty.bootstrap.Bootstrap$1.operationComplete(Bootstrap.java:175)
[2025-05-31T05:16:24.115+0000] {spark_submit.py:644} INFO - at io.netty.util.concurrent.DefaultPromise.notifyListener0(DefaultPromise.java:590)
[2025-05-31T05:16:24.116+0000] {spark_submit.py:644} INFO - at io.netty.util.concurrent.DefaultPromise.notifyListenersNow(DefaultPromise.java:557)
[2025-05-31T05:16:24.116+0000] {spark_submit.py:644} INFO - at io.netty.util.concurrent.DefaultPromise.notifyListeners(DefaultPromise.java:492)
[2025-05-31T05:16:24.116+0000] {spark_submit.py:644} INFO - at io.netty.util.concurrent.DefaultPromise.setValue0(DefaultPromise.java:636)
[2025-05-31T05:16:24.116+0000] {spark_submit.py:644} INFO - at io.netty.util.concurrent.DefaultPromise.setSuccess0(DefaultPromise.java:625)
[2025-05-31T05:16:24.116+0000] {spark_submit.py:644} INFO - at io.netty.util.concurrent.DefaultPromise.trySuccess(DefaultPromise.java:105)
[2025-05-31T05:16:24.116+0000] {spark_submit.py:644} INFO - at io.netty.channel.DefaultChannelPromise.trySuccess(DefaultChannelPromise.java:84)
[2025-05-31T05:16:24.116+0000] {spark_submit.py:644} INFO - at io.netty.channel.AbstractChannel$AbstractUnsafe.safeSetSuccess(AbstractChannel.java:990)
[2025-05-31T05:16:24.116+0000] {spark_submit.py:644} INFO - at io.netty.channel.AbstractChannel$AbstractUnsafe.register0(AbstractChannel.java:516)
[2025-05-31T05:16:24.116+0000] {spark_submit.py:644} INFO - at io.netty.channel.AbstractChannel$AbstractUnsafe.access$200(AbstractChannel.java:429)
[2025-05-31T05:16:24.116+0000] {spark_submit.py:644} INFO - at io.netty.channel.AbstractChannel$AbstractUnsafe$1.run(AbstractChannel.java:486)
[2025-05-31T05:16:24.117+0000] {spark_submit.py:644} INFO - at io.netty.util.concurrent.AbstractEventExecutor.runTask(AbstractEventExecutor.java:174)
[2025-05-31T05:16:24.117+0000] {spark_submit.py:644} INFO - at io.netty.util.concurrent.AbstractEventExecutor.safeExecute(AbstractEventExecutor.java:167)
[2025-05-31T05:16:24.117+0000] {spark_submit.py:644} INFO - at io.netty.util.concurrent.SingleThreadEventExecutor.runAllTasks(SingleThreadEventExecutor.java:470)
[2025-05-31T05:16:24.117+0000] {spark_submit.py:644} INFO - at io.netty.channel.nio.NioEventLoop.run(NioEventLoop.java:569)
[2025-05-31T05:16:24.117+0000] {spark_submit.py:644} INFO - at io.netty.util.concurrent.SingleThreadEventExecutor$4.run(SingleThreadEventExecutor.java:997)
[2025-05-31T05:16:24.117+0000] {spark_submit.py:644} INFO - at io.netty.util.internal.ThreadExecutorMap$2.run(ThreadExecutorMap.java:74)
[2025-05-31T05:16:24.117+0000] {spark_submit.py:644} INFO - at io.netty.util.concurrent.FastThreadLocalRunnable.run(FastThreadLocalRunnable.java:30)
[2025-05-31T05:16:24.117+0000] {spark_submit.py:644} INFO - ... 1 more
[2025-05-31T05:16:43.861+0000] {spark_submit.py:644} INFO - 25/05/31 05:16:43 INFO StandaloneAppClient$ClientEndpoint: Connecting to master spark://spark-master:7077...
[2025-05-31T05:16:43.874+0000] {spark_submit.py:644} INFO - 25/05/31 05:16:43 WARN StandaloneAppClient$ClientEndpoint: Failed to connect to master spark-master:7077
[2025-05-31T05:16:43.875+0000] {spark_submit.py:644} INFO - org.apache.spark.SparkException: Exception thrown in awaitResult:
[2025-05-31T05:16:43.875+0000] {spark_submit.py:644} INFO - at org.apache.spark.util.SparkThreadUtils$.awaitResult(SparkThreadUtils.scala:56)
[2025-05-31T05:16:43.876+0000] {spark_submit.py:644} INFO - at org.apache.spark.util.ThreadUtils$.awaitResult(ThreadUtils.scala:310)
[2025-05-31T05:16:43.876+0000] {spark_submit.py:644} INFO - at org.apache.spark.rpc.RpcTimeout.awaitResult(RpcTimeout.scala:75)
[2025-05-31T05:16:43.876+0000] {spark_submit.py:644} INFO - at org.apache.spark.rpc.RpcEnv.setupEndpointRefByURI(RpcEnv.scala:102)
[2025-05-31T05:16:43.876+0000] {spark_submit.py:644} INFO - at org.apache.spark.rpc.RpcEnv.setupEndpointRef(RpcEnv.scala:110)
[2025-05-31T05:16:43.877+0000] {spark_submit.py:644} INFO - at org.apache.spark.deploy.client.StandaloneAppClient$ClientEndpoint$$anon$1.run(StandaloneAppClient.scala:108)
[2025-05-31T05:16:43.877+0000] {spark_submit.py:644} INFO - at java.base/java.util.concurrent.Executors$RunnableAdapter.call(Executors.java:539)
[2025-05-31T05:16:43.877+0000] {spark_submit.py:644} INFO - at java.base/java.util.concurrent.FutureTask.run(FutureTask.java:264)
[2025-05-31T05:16:43.878+0000] {spark_submit.py:644} INFO - at java.base/java.util.concurrent.ThreadPoolExecutor.runWorker(ThreadPoolExecutor.java:1136)
[2025-05-31T05:16:43.878+0000] {spark_submit.py:644} INFO - at java.base/java.util.concurrent.ThreadPoolExecutor$Worker.run(ThreadPoolExecutor.java:635)
[2025-05-31T05:16:43.878+0000] {spark_submit.py:644} INFO - at java.base/java.lang.Thread.run(Thread.java:840)
[2025-05-31T05:16:43.879+0000] {spark_submit.py:644} INFO - Caused by: java.io.IOException: Failed to connect to spark-master/<unresolved>:7077
[2025-05-31T05:16:43.879+0000] {spark_submit.py:644} INFO - at org.apache.spark.network.client.TransportClientFactory.createClient(TransportClientFactory.java:294)
[2025-05-31T05:16:43.879+0000] {spark_submit.py:644} INFO - at org.apache.spark.network.client.TransportClientFactory.createClient(TransportClientFactory.java:214)
[2025-05-31T05:16:43.879+0000] {spark_submit.py:644} INFO - at org.apache.spark.network.client.TransportClientFactory.createClient(TransportClientFactory.java:226)
[2025-05-31T05:16:43.880+0000] {spark_submit.py:644} INFO - at org.apache.spark.rpc.netty.NettyRpcEnv.createClient(NettyRpcEnv.scala:204)
[2025-05-31T05:16:43.880+0000] {spark_submit.py:644} INFO - at org.apache.spark.rpc.netty.Outbox$$anon$1.call(Outbox.scala:202)
[2025-05-31T05:16:43.880+0000] {spark_submit.py:644} INFO - at org.apache.spark.rpc.netty.Outbox$$anon$1.call(Outbox.scala:198)
[2025-05-31T05:16:43.880+0000] {spark_submit.py:644} INFO - ... 4 more
[2025-05-31T05:16:43.881+0000] {spark_submit.py:644} INFO - Caused by: java.net.UnknownHostException: spark-master
[2025-05-31T05:16:43.881+0000] {spark_submit.py:644} INFO - at java.base/java.net.InetAddress$CachedAddresses.get(InetAddress.java:801)
[2025-05-31T05:16:43.881+0000] {spark_submit.py:644} INFO - at java.base/java.net.InetAddress.getAllByName0(InetAddress.java:1533)
[2025-05-31T05:16:43.881+0000] {spark_submit.py:644} INFO - at java.base/java.net.InetAddress.getAllByName(InetAddress.java:1385)
[2025-05-31T05:16:43.882+0000] {spark_submit.py:644} INFO - at java.base/java.net.InetAddress.getAllByName(InetAddress.java:1306)
[2025-05-31T05:16:43.882+0000] {spark_submit.py:644} INFO - at java.base/java.net.InetAddress.getByName(InetAddress.java:1256)
[2025-05-31T05:16:43.882+0000] {spark_submit.py:644} INFO - at io.netty.util.internal.SocketUtils$8.run(SocketUtils.java:156)
[2025-05-31T05:16:43.882+0000] {spark_submit.py:644} INFO - at io.netty.util.internal.SocketUtils$8.run(SocketUtils.java:153)
[2025-05-31T05:16:43.882+0000] {spark_submit.py:644} INFO - at java.base/java.security.AccessController.doPrivileged(AccessController.java:569)
[2025-05-31T05:16:43.883+0000] {spark_submit.py:644} INFO - at io.netty.util.internal.SocketUtils.addressByName(SocketUtils.java:153)
[2025-05-31T05:16:43.883+0000] {spark_submit.py:644} INFO - at io.netty.resolver.DefaultNameResolver.doResolve(DefaultNameResolver.java:41)
[2025-05-31T05:16:43.883+0000] {spark_submit.py:644} INFO - at io.netty.resolver.SimpleNameResolver.resolve(SimpleNameResolver.java:61)
[2025-05-31T05:16:43.883+0000] {spark_submit.py:644} INFO - at io.netty.resolver.SimpleNameResolver.resolve(SimpleNameResolver.java:53)
[2025-05-31T05:16:43.884+0000] {spark_submit.py:644} INFO - at io.netty.resolver.InetSocketAddressResolver.doResolve(InetSocketAddressResolver.java:55)
[2025-05-31T05:16:43.884+0000] {spark_submit.py:644} INFO - at io.netty.resolver.InetSocketAddressResolver.doResolve(InetSocketAddressResolver.java:31)
[2025-05-31T05:16:43.884+0000] {spark_submit.py:644} INFO - at io.netty.resolver.AbstractAddressResolver.resolve(AbstractAddressResolver.java:106)
[2025-05-31T05:16:43.884+0000] {spark_submit.py:644} INFO - at io.netty.bootstrap.Bootstrap.doResolveAndConnect0(Bootstrap.java:220)
[2025-05-31T05:16:43.885+0000] {spark_submit.py:644} INFO - at io.netty.bootstrap.Bootstrap.access$000(Bootstrap.java:46)
[2025-05-31T05:16:43.885+0000] {spark_submit.py:644} INFO - at io.netty.bootstrap.Bootstrap$1.operationComplete(Bootstrap.java:189)
[2025-05-31T05:16:43.885+0000] {spark_submit.py:644} INFO - at io.netty.bootstrap.Bootstrap$1.operationComplete(Bootstrap.java:175)
[2025-05-31T05:16:43.885+0000] {spark_submit.py:644} INFO - at io.netty.util.concurrent.DefaultPromise.notifyListener0(DefaultPromise.java:590)
[2025-05-31T05:16:43.885+0000] {spark_submit.py:644} INFO - at io.netty.util.concurrent.DefaultPromise.notifyListenersNow(DefaultPromise.java:557)
[2025-05-31T05:16:43.886+0000] {spark_submit.py:644} INFO - at io.netty.util.concurrent.DefaultPromise.notifyListeners(DefaultPromise.java:492)
[2025-05-31T05:16:43.886+0000] {spark_submit.py:644} INFO - at io.netty.util.concurrent.DefaultPromise.setValue0(DefaultPromise.java:636)
[2025-05-31T05:16:43.886+0000] {spark_submit.py:644} INFO - at io.netty.util.concurrent.DefaultPromise.setSuccess0(DefaultPromise.java:625)
[2025-05-31T05:16:43.886+0000] {spark_submit.py:644} INFO - at io.netty.util.concurrent.DefaultPromise.trySuccess(DefaultPromise.java:105)
[2025-05-31T05:16:43.886+0000] {spark_submit.py:644} INFO - at io.netty.channel.DefaultChannelPromise.trySuccess(DefaultChannelPromise.java:84)
[2025-05-31T05:16:43.886+0000] {spark_submit.py:644} INFO - at io.netty.channel.AbstractChannel$AbstractUnsafe.safeSetSuccess(AbstractChannel.java:990)
[2025-05-31T05:16:43.887+0000] {spark_submit.py:644} INFO - at io.netty.channel.AbstractChannel$AbstractUnsafe.register0(AbstractChannel.java:516)
[2025-05-31T05:16:43.887+0000] {spark_submit.py:644} INFO - at io.netty.channel.AbstractChannel$AbstractUnsafe.access$200(AbstractChannel.java:429)
[2025-05-31T05:16:43.887+0000] {spark_submit.py:644} INFO - at io.netty.channel.AbstractChannel$AbstractUnsafe$1.run(AbstractChannel.java:486)
[2025-05-31T05:16:43.887+0000] {spark_submit.py:644} INFO - at io.netty.util.concurrent.AbstractEventExecutor.runTask(AbstractEventExecutor.java:174)
[2025-05-31T05:16:43.887+0000] {spark_submit.py:644} INFO - at io.netty.util.concurrent.AbstractEventExecutor.safeExecute(AbstractEventExecutor.java:167)
[2025-05-31T05:16:43.888+0000] {spark_submit.py:644} INFO - at io.netty.util.concurrent.SingleThreadEventExecutor.runAllTasks(SingleThreadEventExecutor.java:470)
[2025-05-31T05:16:43.888+0000] {spark_submit.py:644} INFO - at io.netty.channel.nio.NioEventLoop.run(NioEventLoop.java:569)
[2025-05-31T05:16:43.888+0000] {spark_submit.py:644} INFO - at io.netty.util.concurrent.SingleThreadEventExecutor$4.run(SingleThreadEventExecutor.java:997)
[2025-05-31T05:16:43.888+0000] {spark_submit.py:644} INFO - at io.netty.util.internal.ThreadExecutorMap$2.run(ThreadExecutorMap.java:74)
[2025-05-31T05:16:43.888+0000] {spark_submit.py:644} INFO - at io.netty.util.concurrent.FastThreadLocalRunnable.run(FastThreadLocalRunnable.java:30)
[2025-05-31T05:16:43.889+0000] {spark_submit.py:644} INFO - ... 1 more
[2025-05-31T05:17:03.863+0000] {spark_submit.py:644} INFO - 25/05/31 05:17:03 INFO StandaloneAppClient$ClientEndpoint: Connecting to master spark://spark-master:7077...
[2025-05-31T05:17:03.877+0000] {spark_submit.py:644} INFO - 25/05/31 05:17:03 WARN StandaloneAppClient$ClientEndpoint: Failed to connect to master spark-master:7077
[2025-05-31T05:17:03.878+0000] {spark_submit.py:644} INFO - org.apache.spark.SparkException: Exception thrown in awaitResult:
[2025-05-31T05:17:03.878+0000] {spark_submit.py:644} INFO - at org.apache.spark.util.SparkThreadUtils$.awaitResult(SparkThreadUtils.scala:56)
[2025-05-31T05:17:03.879+0000] {spark_submit.py:644} INFO - at org.apache.spark.util.ThreadUtils$.awaitResult(ThreadUtils.scala:310)
[2025-05-31T05:17:03.879+0000] {spark_submit.py:644} INFO - at org.apache.spark.rpc.RpcTimeout.awaitResult(RpcTimeout.scala:75)
[2025-05-31T05:17:03.879+0000] {spark_submit.py:644} INFO - at org.apache.spark.rpc.RpcEnv.setupEndpointRefByURI(RpcEnv.scala:102)
[2025-05-31T05:17:03.879+0000] {spark_submit.py:644} INFO - at org.apache.spark.rpc.RpcEnv.setupEndpointRef(RpcEnv.scala:110)
[2025-05-31T05:17:03.880+0000] {spark_submit.py:644} INFO - at org.apache.spark.deploy.client.StandaloneAppClient$ClientEndpoint$$anon$1.run(StandaloneAppClient.scala:108)
[2025-05-31T05:17:03.880+0000] {spark_submit.py:644} INFO - at java.base/java.util.concurrent.Executors$RunnableAdapter.call(Executors.java:539)
[2025-05-31T05:17:03.880+0000] {spark_submit.py:644} INFO - at java.base/java.util.concurrent.FutureTask.run(FutureTask.java:264)
[2025-05-31T05:17:03.881+0000] {spark_submit.py:644} INFO - at java.base/java.util.concurrent.ThreadPoolExecutor.runWorker(ThreadPoolExecutor.java:1136)
[2025-05-31T05:17:03.881+0000] {spark_submit.py:644} INFO - at java.base/java.util.concurrent.ThreadPoolExecutor$Worker.run(ThreadPoolExecutor.java:635)
[2025-05-31T05:17:03.882+0000] {spark_submit.py:644} INFO - at java.base/java.lang.Thread.run(Thread.java:840)
[2025-05-31T05:17:03.882+0000] {spark_submit.py:644} INFO - Caused by: java.io.IOException: Failed to connect to spark-master/<unresolved>:7077
[2025-05-31T05:17:03.883+0000] {spark_submit.py:644} INFO - at org.apache.spark.network.client.TransportClientFactory.createClient(TransportClientFactory.java:294)
[2025-05-31T05:17:03.883+0000] {spark_submit.py:644} INFO - at org.apache.spark.network.client.TransportClientFactory.createClient(TransportClientFactory.java:214)
[2025-05-31T05:17:03.883+0000] {spark_submit.py:644} INFO - at org.apache.spark.network.client.TransportClientFactory.createClient(TransportClientFactory.java:226)
[2025-05-31T05:17:03.883+0000] {spark_submit.py:644} INFO - at org.apache.spark.rpc.netty.NettyRpcEnv.createClient(NettyRpcEnv.scala:204)
[2025-05-31T05:17:03.884+0000] {spark_submit.py:644} INFO - at org.apache.spark.rpc.netty.Outbox$$anon$1.call(Outbox.scala:202)
[2025-05-31T05:17:03.884+0000] {spark_submit.py:644} INFO - at org.apache.spark.rpc.netty.Outbox$$anon$1.call(Outbox.scala:198)
[2025-05-31T05:17:03.885+0000] {spark_submit.py:644} INFO - ... 4 more
[2025-05-31T05:17:03.885+0000] {spark_submit.py:644} INFO - Caused by: java.net.UnknownHostException: spark-master
[2025-05-31T05:17:03.886+0000] {spark_submit.py:644} INFO - at java.base/java.net.InetAddress$CachedAddresses.get(InetAddress.java:801)
[2025-05-31T05:17:03.886+0000] {spark_submit.py:644} INFO - at java.base/java.net.InetAddress.getAllByName0(InetAddress.java:1533)
[2025-05-31T05:17:03.886+0000] {spark_submit.py:644} INFO - at java.base/java.net.InetAddress.getAllByName(InetAddress.java:1385)
[2025-05-31T05:17:03.886+0000] {spark_submit.py:644} INFO - at java.base/java.net.InetAddress.getAllByName(InetAddress.java:1306)
[2025-05-31T05:17:03.887+0000] {spark_submit.py:644} INFO - at java.base/java.net.InetAddress.getByName(InetAddress.java:1256)
[2025-05-31T05:17:03.887+0000] {spark_submit.py:644} INFO - at io.netty.util.internal.SocketUtils$8.run(SocketUtils.java:156)
[2025-05-31T05:17:03.887+0000] {spark_submit.py:644} INFO - at io.netty.util.internal.SocketUtils$8.run(SocketUtils.java:153)
[2025-05-31T05:17:03.887+0000] {spark_submit.py:644} INFO - at java.base/java.security.AccessController.doPrivileged(AccessController.java:569)
[2025-05-31T05:17:03.888+0000] {spark_submit.py:644} INFO - at io.netty.util.internal.SocketUtils.addressByName(SocketUtils.java:153)
[2025-05-31T05:17:03.888+0000] {spark_submit.py:644} INFO - at io.netty.resolver.DefaultNameResolver.doResolve(DefaultNameResolver.java:41)
[2025-05-31T05:17:03.888+0000] {spark_submit.py:644} INFO - at io.netty.resolver.SimpleNameResolver.resolve(SimpleNameResolver.java:61)
[2025-05-31T05:17:03.889+0000] {spark_submit.py:644} INFO - at io.netty.resolver.SimpleNameResolver.resolve(SimpleNameResolver.java:53)
[2025-05-31T05:17:03.889+0000] {spark_submit.py:644} INFO - at io.netty.resolver.InetSocketAddressResolver.doResolve(InetSocketAddressResolver.java:55)
[2025-05-31T05:17:03.889+0000] {spark_submit.py:644} INFO - at io.netty.resolver.InetSocketAddressResolver.doResolve(InetSocketAddressResolver.java:31)
[2025-05-31T05:17:03.889+0000] {spark_submit.py:644} INFO - at io.netty.resolver.AbstractAddressResolver.resolve(AbstractAddressResolver.java:106)
[2025-05-31T05:17:03.889+0000] {spark_submit.py:644} INFO - at io.netty.bootstrap.Bootstrap.doResolveAndConnect0(Bootstrap.java:220)
[2025-05-31T05:17:03.890+0000] {spark_submit.py:644} INFO - at io.netty.bootstrap.Bootstrap.access$000(Bootstrap.java:46)
[2025-05-31T05:17:03.890+0000] {spark_submit.py:644} INFO - at io.netty.bootstrap.Bootstrap$1.operationComplete(Bootstrap.java:189)
[2025-05-31T05:17:03.890+0000] {spark_submit.py:644} INFO - at io.netty.bootstrap.Bootstrap$1.operationComplete(Bootstrap.java:175)
[2025-05-31T05:17:03.890+0000] {spark_submit.py:644} INFO - at io.netty.util.concurrent.DefaultPromise.notifyListener0(DefaultPromise.java:590)
[2025-05-31T05:17:03.890+0000] {spark_submit.py:644} INFO - at io.netty.util.concurrent.DefaultPromise.notifyListenersNow(DefaultPromise.java:557)
[2025-05-31T05:17:03.890+0000] {spark_submit.py:644} INFO - at io.netty.util.concurrent.DefaultPromise.notifyListeners(DefaultPromise.java:492)
[2025-05-31T05:17:03.891+0000] {spark_submit.py:644} INFO - at io.netty.util.concurrent.DefaultPromise.setValue0(DefaultPromise.java:636)
[2025-05-31T05:17:03.891+0000] {spark_submit.py:644} INFO - at io.netty.util.concurrent.DefaultPromise.setSuccess0(DefaultPromise.java:625)
[2025-05-31T05:17:03.891+0000] {spark_submit.py:644} INFO - at io.netty.util.concurrent.DefaultPromise.trySuccess(DefaultPromise.java:105)
[2025-05-31T05:17:03.891+0000] {spark_submit.py:644} INFO - at io.netty.channel.DefaultChannelPromise.trySuccess(DefaultChannelPromise.java:84)
[2025-05-31T05:17:03.891+0000] {spark_submit.py:644} INFO - at io.netty.channel.AbstractChannel$AbstractUnsafe.safeSetSuccess(AbstractChannel.java:990)
[2025-05-31T05:17:03.891+0000] {spark_submit.py:644} INFO - at io.netty.channel.AbstractChannel$AbstractUnsafe.register0(AbstractChannel.java:516)
[2025-05-31T05:17:03.892+0000] {spark_submit.py:644} INFO - at io.netty.channel.AbstractChannel$AbstractUnsafe.access$200(AbstractChannel.java:429)
[2025-05-31T05:17:03.892+0000] {spark_submit.py:644} INFO - at io.netty.channel.AbstractChannel$AbstractUnsafe$1.run(AbstractChannel.java:486)
[2025-05-31T05:17:03.892+0000] {spark_submit.py:644} INFO - at io.netty.util.concurrent.AbstractEventExecutor.runTask(AbstractEventExecutor.java:174)
[2025-05-31T05:17:03.892+0000] {spark_submit.py:644} INFO - at io.netty.util.concurrent.AbstractEventExecutor.safeExecute(AbstractEventExecutor.java:167)
[2025-05-31T05:17:03.892+0000] {spark_submit.py:644} INFO - at io.netty.util.concurrent.SingleThreadEventExecutor.runAllTasks(SingleThreadEventExecutor.java:470)
[2025-05-31T05:17:03.892+0000] {spark_submit.py:644} INFO - at io.netty.channel.nio.NioEventLoop.run(NioEventLoop.java:569)
[2025-05-31T05:17:03.893+0000] {spark_submit.py:644} INFO - at io.netty.util.concurrent.SingleThreadEventExecutor$4.run(SingleThreadEventExecutor.java:997)
[2025-05-31T05:17:03.893+0000] {spark_submit.py:644} INFO - at io.netty.util.internal.ThreadExecutorMap$2.run(ThreadExecutorMap.java:74)
[2025-05-31T05:17:03.893+0000] {spark_submit.py:644} INFO - at io.netty.util.concurrent.FastThreadLocalRunnable.run(FastThreadLocalRunnable.java:30)
[2025-05-31T05:17:03.893+0000] {spark_submit.py:644} INFO - ... 1 more
[2025-05-31T05:17:23.874+0000] {spark_submit.py:644} INFO - 25/05/31 05:17:23 WARN StandaloneSchedulerBackend: Application ID is not initialized yet.
[2025-05-31T05:17:23.875+0000] {spark_submit.py:644} INFO - 25/05/31 05:17:23 ERROR StandaloneSchedulerBackend: Application has been killed. Reason: All masters are unresponsive! Giving up.
[2025-05-31T05:17:23.889+0000] {spark_submit.py:644} INFO - 25/05/31 05:17:23 INFO Utils: Successfully started service 'org.apache.spark.network.netty.NettyBlockTransferService' on port 38425.
[2025-05-31T05:17:23.889+0000] {spark_submit.py:644} INFO - 25/05/31 05:17:23 INFO NettyBlockTransferService: Server created on 640bdd282f6c:38425
[2025-05-31T05:17:23.891+0000] {spark_submit.py:644} INFO - 25/05/31 05:17:23 INFO BlockManager: Using org.apache.spark.storage.RandomBlockReplicationPolicy for block replication policy
[2025-05-31T05:17:23.896+0000] {spark_submit.py:644} INFO - 25/05/31 05:17:23 INFO BlockManagerMaster: Registering BlockManager BlockManagerId(driver, 640bdd282f6c, 38425, None)
[2025-05-31T05:17:23.899+0000] {spark_submit.py:644} INFO - 25/05/31 05:17:23 INFO BlockManagerMasterEndpoint: Registering block manager 640bdd282f6c:38425 with 434.4 MiB RAM, BlockManagerId(driver, 640bdd282f6c, 38425, None)
[2025-05-31T05:17:23.901+0000] {spark_submit.py:644} INFO - 25/05/31 05:17:23 INFO BlockManagerMaster: Registered BlockManager BlockManagerId(driver, 640bdd282f6c, 38425, None)
[2025-05-31T05:17:23.901+0000] {spark_submit.py:644} INFO - 25/05/31 05:17:23 INFO BlockManager: Initialized BlockManager: BlockManagerId(driver, 640bdd282f6c, 38425, None)
[2025-05-31T05:17:24.022+0000] {spark_submit.py:644} INFO - 25/05/31 05:17:24 INFO StandaloneSchedulerBackend: SchedulerBackend is ready for scheduling beginning after reached minRegisteredResourcesRatio: 0.0
[2025-05-31T05:17:24.155+0000] {spark_submit.py:644} INFO - Spark session created and configured for MinIO.
[2025-05-31T05:17:24.156+0000] {spark_submit.py:644} INFO - Spark version: 3.5.2
[2025-05-31T05:17:24.168+0000] {spark_submit.py:644} INFO - 25/05/31 05:17:24 INFO SparkContext: SparkContext is stopping with exitCode 0.
[2025-05-31T05:17:24.174+0000] {spark_submit.py:644} INFO - 25/05/31 05:17:24 INFO SparkUI: Stopped Spark web UI at http://640bdd282f6c:4040
[2025-05-31T05:17:24.177+0000] {spark_submit.py:644} INFO - 25/05/31 05:17:24 INFO StandaloneSchedulerBackend: Shutting down all executors
[2025-05-31T05:17:24.179+0000] {spark_submit.py:644} INFO - 25/05/31 05:17:24 INFO StandaloneSchedulerBackend$StandaloneDriverEndpoint: Asking each executor to shut down
[2025-05-31T05:17:24.184+0000] {spark_submit.py:644} INFO - 25/05/31 05:17:24 WARN StandaloneAppClient$ClientEndpoint: Drop UnregisterApplication(null) because has not yet connected to master
[2025-05-31T05:17:24.188+0000] {spark_submit.py:644} INFO - 25/05/31 05:17:24 INFO MapOutputTrackerMasterEndpoint: MapOutputTrackerMasterEndpoint stopped!
[2025-05-31T05:17:24.196+0000] {spark_submit.py:644} INFO - 25/05/31 05:17:24 INFO MemoryStore: MemoryStore cleared
[2025-05-31T05:17:24.196+0000] {spark_submit.py:644} INFO - 25/05/31 05:17:24 INFO BlockManager: BlockManager stopped
[2025-05-31T05:17:24.200+0000] {spark_submit.py:644} INFO - 25/05/31 05:17:24 INFO BlockManagerMaster: BlockManagerMaster stopped
[2025-05-31T05:17:24.201+0000] {spark_submit.py:644} INFO - 25/05/31 05:17:24 INFO OutputCommitCoordinator$OutputCommitCoordinatorEndpoint: OutputCommitCoordinator stopped!
[2025-05-31T05:17:24.206+0000] {spark_submit.py:644} INFO - 25/05/31 05:17:24 INFO SparkContext: Successfully stopped SparkContext
[2025-05-31T05:17:24.862+0000] {spark_submit.py:644} INFO - Traceback (most recent call last):
[2025-05-31T05:17:24.862+0000] {spark_submit.py:644} INFO - File "/opt/***/dags/medallion_etl.py", line 65, in <module>
[2025-05-31T05:17:24.862+0000] {spark_submit.py:644} INFO - main()
[2025-05-31T05:17:24.862+0000] {spark_submit.py:644} INFO - ^^^^^^
[2025-05-31T05:17:24.863+0000] {spark_submit.py:644} INFO - File "/opt/***/dags/medallion_etl.py", line 41, in main
[2025-05-31T05:17:24.863+0000] {spark_submit.py:644} INFO - bronze_df = spark.createDataFrame(data, schema)
[2025-05-31T05:17:24.863+0000] {spark_submit.py:644} INFO - ^^^^^^^^^^^^^^^^^^^^^^^^^^^^^^^^^^^
[2025-05-31T05:17:24.863+0000] {spark_submit.py:644} INFO - File "/home/***/.local/lib/python3.11/site-packages/pyspark/python/lib/pyspark.zip/pyspark/sql/session.py", line 1443, in createDataFrame
[2025-05-31T05:17:24.863+0000] {spark_submit.py:644} INFO - File "/home/***/.local/lib/python3.11/site-packages/pyspark/python/lib/pyspark.zip/pyspark/sql/session.py", line 1485, in _create_dataframe
[2025-05-31T05:17:24.863+0000] {spark_submit.py:644} INFO - File "/home/***/.local/lib/python3.11/site-packages/pyspark/python/lib/pyspark.zip/pyspark/sql/session.py", line 1116, in _createFromLocal
[2025-05-31T05:17:24.863+0000] {spark_submit.py:644} INFO - File "/home/***/.local/lib/python3.11/site-packages/pyspark/python/lib/pyspark.zip/pyspark/context.py", line 783, in parallelize
[2025-05-31T05:17:24.864+0000] {spark_submit.py:644} INFO - File "/home/***/.local/lib/python3.11/site-packages/pyspark/python/lib/pyspark.zip/pyspark/context.py", line 630, in defaultParallelism
[2025-05-31T05:17:24.864+0000] {spark_submit.py:644} INFO - File "/home/***/.local/lib/python3.11/site-packages/pyspark/python/lib/py4j-0.10.9.7-src.zip/py4j/java_gateway.py", line 1322, in __call__
[2025-05-31T05:17:24.864+0000] {spark_submit.py:644} INFO - File "/home/***/.local/lib/python3.11/site-packages/pyspark/python/lib/pyspark.zip/pyspark/errors/exceptions/captured.py", line 179, in deco
[2025-05-31T05:17:24.864+0000] {spark_submit.py:644} INFO - File "/home/***/.local/lib/python3.11/site-packages/pyspark/python/lib/py4j-0.10.9.7-src.zip/py4j/protocol.py", line 326, in get_return_value
[2025-05-31T05:17:24.864+0000] {spark_submit.py:644} INFO - py4j.protocol.Py4JJavaError: An error occurred while calling o36.defaultParallelism.
[2025-05-31T05:17:24.864+0000] {spark_submit.py:644} INFO - : java.lang.IllegalStateException: Cannot call methods on a stopped SparkContext.
[2025-05-31T05:17:24.864+0000] {spark_submit.py:644} INFO - This stopped SparkContext was created at:
[2025-05-31T05:17:24.865+0000] {spark_submit.py:644} INFO - 
[2025-05-31T05:17:24.865+0000] {spark_submit.py:644} INFO - org.apache.spark.api.java.JavaSparkContext.<init>(JavaSparkContext.scala:58)
[2025-05-31T05:17:24.865+0000] {spark_submit.py:644} INFO - java.base/jdk.internal.reflect.NativeConstructorAccessorImpl.newInstance0(Native Method)
[2025-05-31T05:17:24.865+0000] {spark_submit.py:644} INFO - java.base/jdk.internal.reflect.NativeConstructorAccessorImpl.newInstance(NativeConstructorAccessorImpl.java:77)
[2025-05-31T05:17:24.865+0000] {spark_submit.py:644} INFO - java.base/jdk.internal.reflect.DelegatingConstructorAccessorImpl.newInstance(DelegatingConstructorAccessorImpl.java:45)
[2025-05-31T05:17:24.865+0000] {spark_submit.py:644} INFO - java.base/java.lang.reflect.Constructor.newInstanceWithCaller(Constructor.java:500)
[2025-05-31T05:17:24.865+0000] {spark_submit.py:644} INFO - java.base/java.lang.reflect.Constructor.newInstance(Constructor.java:481)
[2025-05-31T05:17:24.865+0000] {spark_submit.py:644} INFO - py4j.reflection.MethodInvoker.invoke(MethodInvoker.java:247)
[2025-05-31T05:17:24.865+0000] {spark_submit.py:644} INFO - py4j.reflection.ReflectionEngine.invoke(ReflectionEngine.java:374)
[2025-05-31T05:17:24.865+0000] {spark_submit.py:644} INFO - py4j.Gateway.invoke(Gateway.java:238)
[2025-05-31T05:17:24.865+0000] {spark_submit.py:644} INFO - py4j.commands.ConstructorCommand.invokeConstructor(ConstructorCommand.java:80)
[2025-05-31T05:17:24.866+0000] {spark_submit.py:644} INFO - py4j.commands.ConstructorCommand.execute(ConstructorCommand.java:69)
[2025-05-31T05:17:24.866+0000] {spark_submit.py:644} INFO - py4j.ClientServerConnection.waitForCommands(ClientServerConnection.java:182)
[2025-05-31T05:17:24.866+0000] {spark_submit.py:644} INFO - py4j.ClientServerConnection.run(ClientServerConnection.java:106)
[2025-05-31T05:17:24.866+0000] {spark_submit.py:644} INFO - java.base/java.lang.Thread.run(Thread.java:840)
[2025-05-31T05:17:24.866+0000] {spark_submit.py:644} INFO - 
[2025-05-31T05:17:24.866+0000] {spark_submit.py:644} INFO - The currently active SparkContext was created at:
[2025-05-31T05:17:24.866+0000] {spark_submit.py:644} INFO - 
[2025-05-31T05:17:24.866+0000] {spark_submit.py:644} INFO - (No active SparkContext.)
[2025-05-31T05:17:24.866+0000] {spark_submit.py:644} INFO - 
[2025-05-31T05:17:24.866+0000] {spark_submit.py:644} INFO - at org.apache.spark.SparkContext.assertNotStopped(SparkContext.scala:122)
[2025-05-31T05:17:24.866+0000] {spark_submit.py:644} INFO - at org.apache.spark.SparkContext.defaultParallelism(SparkContext.scala:2702)
[2025-05-31T05:17:24.866+0000] {spark_submit.py:644} INFO - at java.base/jdk.internal.reflect.NativeMethodAccessorImpl.invoke0(Native Method)
[2025-05-31T05:17:24.867+0000] {spark_submit.py:644} INFO - at java.base/jdk.internal.reflect.NativeMethodAccessorImpl.invoke(NativeMethodAccessorImpl.java:77)
[2025-05-31T05:17:24.867+0000] {spark_submit.py:644} INFO - at java.base/jdk.internal.reflect.DelegatingMethodAccessorImpl.invoke(DelegatingMethodAccessorImpl.java:43)
[2025-05-31T05:17:24.867+0000] {spark_submit.py:644} INFO - at java.base/java.lang.reflect.Method.invoke(Method.java:569)
[2025-05-31T05:17:24.867+0000] {spark_submit.py:644} INFO - at py4j.reflection.MethodInvoker.invoke(MethodInvoker.java:244)
[2025-05-31T05:17:24.867+0000] {spark_submit.py:644} INFO - at py4j.reflection.ReflectionEngine.invoke(ReflectionEngine.java:374)
[2025-05-31T05:17:24.867+0000] {spark_submit.py:644} INFO - at py4j.Gateway.invoke(Gateway.java:282)
[2025-05-31T05:17:24.867+0000] {spark_submit.py:644} INFO - at py4j.commands.AbstractCommand.invokeMethod(AbstractCommand.java:132)
[2025-05-31T05:17:24.867+0000] {spark_submit.py:644} INFO - at py4j.commands.CallCommand.execute(CallCommand.java:79)
[2025-05-31T05:17:24.868+0000] {spark_submit.py:644} INFO - at py4j.ClientServerConnection.waitForCommands(ClientServerConnection.java:182)
[2025-05-31T05:17:24.868+0000] {spark_submit.py:644} INFO - at py4j.ClientServerConnection.run(ClientServerConnection.java:106)
[2025-05-31T05:17:24.868+0000] {spark_submit.py:644} INFO - at java.base/java.lang.Thread.run(Thread.java:840)
[2025-05-31T05:17:24.868+0000] {spark_submit.py:644} INFO - 
[2025-05-31T05:17:24.916+0000] {spark_submit.py:644} INFO - 25/05/31 05:17:24 INFO ShutdownHookManager: Shutdown hook called
[2025-05-31T05:17:24.916+0000] {spark_submit.py:644} INFO - 25/05/31 05:17:24 INFO ShutdownHookManager: Deleting directory /tmp/spark-8945db06-b185-43e4-a2d9-ef1451f3e0f7
[2025-05-31T05:17:24.919+0000] {spark_submit.py:644} INFO - 25/05/31 05:17:24 INFO ShutdownHookManager: Deleting directory /tmp/spark-aa563b81-1b53-4b33-8ef1-c35ba88eb108
[2025-05-31T05:17:24.921+0000] {spark_submit.py:644} INFO - 25/05/31 05:17:24 INFO ShutdownHookManager: Deleting directory /tmp/spark-aa563b81-1b53-4b33-8ef1-c35ba88eb108/pyspark-9ebbf07c-5f36-4bb8-981b-8a4d1dd869d6
[2025-05-31T05:17:24.949+0000] {taskinstance.py:3311} ERROR - Task failed with exception
Traceback (most recent call last):
  File "/home/airflow/.local/lib/python3.11/site-packages/airflow/models/taskinstance.py", line 767, in _execute_task
    result = _execute_callable(context=context, **execute_callable_kwargs)
             ^^^^^^^^^^^^^^^^^^^^^^^^^^^^^^^^^^^^^^^^^^^^^^^^^^^^^^^^^^^^^
  File "/home/airflow/.local/lib/python3.11/site-packages/airflow/models/taskinstance.py", line 733, in _execute_callable
    return ExecutionCallableRunner(
           ^^^^^^^^^^^^^^^^^^^^^^^^
  File "/home/airflow/.local/lib/python3.11/site-packages/airflow/utils/operator_helpers.py", line 252, in run
    return self.func(*args, **kwargs)
           ^^^^^^^^^^^^^^^^^^^^^^^^^^
  File "/home/airflow/.local/lib/python3.11/site-packages/airflow/models/baseoperator.py", line 417, in wrapper
    return func(self, *args, **kwargs)
           ^^^^^^^^^^^^^^^^^^^^^^^^^^^
  File "/home/airflow/.local/lib/python3.11/site-packages/airflow/providers/apache/spark/operators/spark_submit.py", line 197, in execute
    self._hook.submit(self.application)
  File "/home/airflow/.local/lib/python3.11/site-packages/airflow/providers/apache/spark/hooks/spark_submit.py", line 566, in submit
    raise AirflowException(
airflow.exceptions.AirflowException: Cannot execute: spark-submit --master spark://spark-master:7077 --name medallion_sales_etl_spark_job --verbose --queue root.default --deploy-mode client /opt/***/dags/medallion_etl.py. Error code is: 1.
[2025-05-31T05:17:24.952+0000] {taskinstance.py:1225} INFO - Marking task as UP_FOR_RETRY. dag_id=medallion_sales_etl, task_id=submit_medallion_sales_etl_job, run_id=manual__2025-05-31T05:16:21.452159+00:00, execution_date=20250531T051621, start_date=20250531T051621, end_date=20250531T051724
[2025-05-31T05:17:24.960+0000] {taskinstance.py:340} INFO - ::group::Post task execution logs
[2025-05-31T05:17:24.961+0000] {standard_task_runner.py:124} ERROR - Failed to execute job 13 for task submit_medallion_sales_etl_job (Cannot execute: spark-submit --master spark://spark-master:7077 --name medallion_sales_etl_spark_job --verbose --queue root.default --deploy-mode client /opt/***/dags/medallion_etl.py. Error code is: 1.; 1813)
Traceback (most recent call last):
  File "/home/airflow/.local/lib/python3.11/site-packages/airflow/task/task_runner/standard_task_runner.py", line 117, in _start_by_fork
    ret = args.func(args, dag=self.dag)
          ^^^^^^^^^^^^^^^^^^^^^^^^^^^^^
  File "/home/airflow/.local/lib/python3.11/site-packages/airflow/cli/cli_config.py", line 49, in command
    return func(*args, **kwargs)
           ^^^^^^^^^^^^^^^^^^^^^
  File "/home/airflow/.local/lib/python3.11/site-packages/airflow/utils/cli.py", line 116, in wrapper
    return f(*args, **kwargs)
           ^^^^^^^^^^^^^^^^^^
  File "/home/airflow/.local/lib/python3.11/site-packages/airflow/cli/commands/task_command.py", line 483, in task_run
    task_return_code = _run_task_by_selected_method(args, _dag, ti)
                       ^^^^^^^^^^^^^^^^^^^^^^^^^^^^^^^^^^^^^^^^^^^^
  File "/home/airflow/.local/lib/python3.11/site-packages/airflow/cli/commands/task_command.py", line 256, in _run_task_by_selected_method
    return _run_raw_task(args, ti)
           ^^^^^^^^^^^^^^^^^^^^^^^
  File "/home/airflow/.local/lib/python3.11/site-packages/airflow/cli/commands/task_command.py", line 341, in _run_raw_task
    return ti._run_raw_task(
           ^^^^^^^^^^^^^^^^^
  File "/home/airflow/.local/lib/python3.11/site-packages/airflow/utils/session.py", line 97, in wrapper
    return func(*args, session=session, **kwargs)
           ^^^^^^^^^^^^^^^^^^^^^^^^^^^^^^^^^^^^^^
  File "/home/airflow/.local/lib/python3.11/site-packages/airflow/models/taskinstance.py", line 3005, in _run_raw_task
    return _run_raw_task(
           ^^^^^^^^^^^^^^
  File "/home/airflow/.local/lib/python3.11/site-packages/airflow/models/taskinstance.py", line 273, in _run_raw_task
    TaskInstance._execute_task_with_callbacks(
  File "/home/airflow/.local/lib/python3.11/site-packages/airflow/models/taskinstance.py", line 3159, in _execute_task_with_callbacks
    result = self._execute_task(context, task_orig)
             ^^^^^^^^^^^^^^^^^^^^^^^^^^^^^^^^^^^^^^
  File "/home/airflow/.local/lib/python3.11/site-packages/airflow/models/taskinstance.py", line 3183, in _execute_task
    return _execute_task(self, context, task_orig)
           ^^^^^^^^^^^^^^^^^^^^^^^^^^^^^^^^^^^^^^^
  File "/home/airflow/.local/lib/python3.11/site-packages/airflow/models/taskinstance.py", line 767, in _execute_task
    result = _execute_callable(context=context, **execute_callable_kwargs)
             ^^^^^^^^^^^^^^^^^^^^^^^^^^^^^^^^^^^^^^^^^^^^^^^^^^^^^^^^^^^^^
  File "/home/airflow/.local/lib/python3.11/site-packages/airflow/models/taskinstance.py", line 733, in _execute_callable
    return ExecutionCallableRunner(
           ^^^^^^^^^^^^^^^^^^^^^^^^
  File "/home/airflow/.local/lib/python3.11/site-packages/airflow/utils/operator_helpers.py", line 252, in run
    return self.func(*args, **kwargs)
           ^^^^^^^^^^^^^^^^^^^^^^^^^^
  File "/home/airflow/.local/lib/python3.11/site-packages/airflow/models/baseoperator.py", line 417, in wrapper
    return func(self, *args, **kwargs)
           ^^^^^^^^^^^^^^^^^^^^^^^^^^^
  File "/home/airflow/.local/lib/python3.11/site-packages/airflow/providers/apache/spark/operators/spark_submit.py", line 197, in execute
    self._hook.submit(self.application)
  File "/home/airflow/.local/lib/python3.11/site-packages/airflow/providers/apache/spark/hooks/spark_submit.py", line 566, in submit
    raise AirflowException(
airflow.exceptions.AirflowException: Cannot execute: spark-submit --master spark://spark-master:7077 --name medallion_sales_etl_spark_job --verbose --queue root.default --deploy-mode client /opt/***/dags/medallion_etl.py. Error code is: 1.
[2025-05-31T05:17:24.999+0000] {local_task_job_runner.py:266} INFO - Task exited with return code 1
[2025-05-31T05:17:25.012+0000] {taskinstance.py:3895} INFO - 0 downstream tasks scheduled from follow-on schedule check
[2025-05-31T05:17:25.013+0000] {local_task_job_runner.py:245} INFO - ::endgroup::
